2024-03-24 17:39:24,432 [INFO]  
========== start: fit model
2024-03-24 17:39:24,432 [WARNING]  Already bound, ignoring bind()
2024-03-24 17:39:25,074 [INFO]  Epoch[0] Batch [0-733]	Speed: 18326.39 samples/sec	cross-entropy=0.283667	capital-loss-accuracy=0.000000
2024-03-24 17:39:25,653 [INFO]  Epoch[0] Train-cross-entropy=0.203930
2024-03-24 17:39:25,653 [INFO]  Epoch[0] Train-capital-loss-accuracy=0.000000
2024-03-24 17:39:25,653 [INFO]  Epoch[0] Time cost=1.220
2024-03-24 17:39:25,655 [INFO]  Saved checkpoint to "./imputer_model/3_adult/imputer_model_capital-loss/model-0000.params"
2024-03-24 17:39:25,690 [INFO]  Epoch[0] Validation-cross-entropy=0.000770
2024-03-24 17:39:25,690 [INFO]  Epoch[0] Validation-capital-loss-accuracy=0.000000
2024-03-24 17:39:26,300 [INFO]  Epoch[1] Batch [0-733]	Speed: 19241.21 samples/sec	cross-entropy=0.001250	capital-loss-accuracy=0.000000
2024-03-24 17:39:27,009 [INFO]  Epoch[1] Train-cross-entropy=0.097098
2024-03-24 17:39:27,009 [INFO]  Epoch[1] Train-capital-loss-accuracy=0.000000
2024-03-24 17:39:27,009 [INFO]  Epoch[1] Time cost=1.319
2024-03-24 17:39:27,011 [INFO]  Saved checkpoint to "./imputer_model/3_adult/imputer_model_capital-loss/model-0001.params"
2024-03-24 17:39:27,057 [INFO]  Epoch[1] Validation-cross-entropy=0.028906
2024-03-24 17:39:27,057 [INFO]  Epoch[1] Validation-capital-loss-accuracy=0.000000
2024-03-24 17:39:27,719 [INFO]  Epoch[2] Batch [0-733]	Speed: 17722.53 samples/sec	cross-entropy=0.009887	capital-loss-accuracy=0.000000
2024-03-24 17:39:28,336 [INFO]  Epoch[2] Train-cross-entropy=0.094007
2024-03-24 17:39:28,336 [INFO]  Epoch[2] Train-capital-loss-accuracy=0.000000
2024-03-24 17:39:28,336 [INFO]  Epoch[2] Time cost=1.279
2024-03-24 17:39:28,337 [INFO]  Saved checkpoint to "./imputer_model/3_adult/imputer_model_capital-loss/model-0002.params"
2024-03-24 17:39:28,384 [INFO]  Epoch[2] Validation-cross-entropy=0.004404
2024-03-24 17:39:28,384 [INFO]  Epoch[2] Validation-capital-loss-accuracy=0.000000
2024-03-24 17:39:28,917 [INFO]  Epoch[3] Batch [0-733]	Speed: 22019.91 samples/sec	cross-entropy=0.014250	capital-loss-accuracy=0.000000
2024-03-24 17:39:29,610 [INFO]  Epoch[3] Train-cross-entropy=0.028888
2024-03-24 17:39:29,610 [INFO]  Epoch[3] Train-capital-loss-accuracy=0.000000
2024-03-24 17:39:29,610 [INFO]  Epoch[3] Time cost=1.226
2024-03-24 17:39:29,612 [INFO]  Saved checkpoint to "./imputer_model/3_adult/imputer_model_capital-loss/model-0003.params"
2024-03-24 17:39:29,655 [INFO]  Epoch[3] Validation-cross-entropy=0.025682
2024-03-24 17:39:29,655 [INFO]  Epoch[3] Validation-capital-loss-accuracy=0.000000
2024-03-24 17:39:30,213 [INFO]  Epoch[4] Batch [0-733]	Speed: 21082.17 samples/sec	cross-entropy=0.005004	capital-loss-accuracy=0.000000
2024-03-24 17:39:30,812 [INFO]  Epoch[4] Train-cross-entropy=0.043966
2024-03-24 17:39:30,812 [INFO]  Epoch[4] Train-capital-loss-accuracy=0.000000
2024-03-24 17:39:30,812 [INFO]  Epoch[4] Time cost=1.156
2024-03-24 17:39:30,813 [INFO]  Saved checkpoint to "./imputer_model/3_adult/imputer_model_capital-loss/model-0004.params"
2024-03-24 17:39:30,849 [INFO]  Epoch[4] Validation-cross-entropy=0.003529
2024-03-24 17:39:30,849 [INFO]  Epoch[4] Validation-capital-loss-accuracy=0.000000
2024-03-24 17:39:30,849 [INFO]  
========== done (6.416738271713257 s) fit model
2024-03-24 17:41:10,753 [INFO]  
========== start: fit model
2024-03-24 17:41:10,753 [WARNING]  Already bound, ignoring bind()
2024-03-24 17:41:11,324 [INFO]  Epoch[0] Batch [0-733]	Speed: 20702.62 samples/sec	cross-entropy=0.543491	capital-loss-accuracy=0.000000
2024-03-24 17:41:11,892 [INFO]  Epoch[0] Train-cross-entropy=0.230209
2024-03-24 17:41:11,892 [INFO]  Epoch[0] Train-capital-loss-accuracy=0.000000
2024-03-24 17:41:11,892 [INFO]  Epoch[0] Time cost=1.139
2024-03-24 17:41:11,895 [INFO]  Saved checkpoint to "./imputer_model/3_adult/imputer_model_capital-loss/model-0000.params"
2024-03-24 17:41:11,944 [INFO]  Epoch[0] Validation-cross-entropy=3.719565
2024-03-24 17:41:11,944 [INFO]  Epoch[0] Validation-capital-loss-accuracy=0.000000
2024-03-24 17:41:12,488 [INFO]  Epoch[1] Batch [0-733]	Speed: 21562.06 samples/sec	cross-entropy=0.125567	capital-loss-accuracy=0.000000
2024-03-24 17:41:13,068 [INFO]  Epoch[1] Train-cross-entropy=0.005651
2024-03-24 17:41:13,068 [INFO]  Epoch[1] Train-capital-loss-accuracy=0.000000
2024-03-24 17:41:13,068 [INFO]  Epoch[1] Time cost=1.124
2024-03-24 17:41:13,069 [INFO]  Saved checkpoint to "./imputer_model/3_adult/imputer_model_capital-loss/model-0001.params"
2024-03-24 17:41:13,134 [INFO]  Epoch[1] Validation-cross-entropy=0.013035
2024-03-24 17:41:13,134 [INFO]  Epoch[1] Validation-capital-loss-accuracy=0.000000
2024-03-24 17:41:13,803 [INFO]  Epoch[2] Batch [0-733]	Speed: 17563.63 samples/sec	cross-entropy=0.090443	capital-loss-accuracy=0.000000
2024-03-24 17:41:14,463 [INFO]  Epoch[2] Train-cross-entropy=0.012106
2024-03-24 17:41:14,463 [INFO]  Epoch[2] Train-capital-loss-accuracy=0.000000
2024-03-24 17:41:14,463 [INFO]  Epoch[2] Time cost=1.329
2024-03-24 17:41:14,465 [INFO]  Saved checkpoint to "./imputer_model/3_adult/imputer_model_capital-loss/model-0002.params"
2024-03-24 17:41:14,517 [INFO]  Epoch[2] Validation-cross-entropy=0.020724
2024-03-24 17:41:14,517 [INFO]  Epoch[2] Validation-capital-loss-accuracy=0.000000
2024-03-24 17:41:15,104 [INFO]  Epoch[3] Batch [0-733]	Speed: 20010.86 samples/sec	cross-entropy=0.055737	capital-loss-accuracy=0.000000
2024-03-24 17:41:15,664 [INFO]  Epoch[3] Train-cross-entropy=0.038806
2024-03-24 17:41:15,664 [INFO]  Epoch[3] Train-capital-loss-accuracy=0.000000
2024-03-24 17:41:15,664 [INFO]  Epoch[3] Time cost=1.147
2024-03-24 17:41:15,666 [INFO]  Saved checkpoint to "./imputer_model/3_adult/imputer_model_capital-loss/model-0003.params"
2024-03-24 17:41:15,719 [INFO]  Epoch[3] Validation-cross-entropy=0.014364
2024-03-24 17:41:15,719 [INFO]  Epoch[3] Validation-capital-loss-accuracy=0.000000
2024-03-24 17:41:16,205 [INFO]  Epoch[4] Batch [0-733]	Speed: 24209.21 samples/sec	cross-entropy=0.006718	capital-loss-accuracy=0.000000
2024-03-24 17:41:16,708 [INFO]  Epoch[4] Train-cross-entropy=0.024048
2024-03-24 17:41:16,709 [INFO]  Epoch[4] Train-capital-loss-accuracy=0.000000
2024-03-24 17:41:16,709 [INFO]  Epoch[4] Time cost=0.989
2024-03-24 17:41:16,710 [INFO]  Saved checkpoint to "./imputer_model/3_adult/imputer_model_capital-loss/model-0004.params"
2024-03-24 17:41:16,757 [INFO]  Epoch[4] Validation-cross-entropy=0.042909
2024-03-24 17:41:16,757 [INFO]  Epoch[4] Validation-capital-loss-accuracy=0.000000
2024-03-24 17:41:16,757 [INFO]  
========== done (6.004436254501343 s) fit model
2024-03-24 17:42:58,635 [INFO]  
========== start: fit model
2024-03-24 17:42:58,635 [WARNING]  Already bound, ignoring bind()
2024-03-24 17:42:59,467 [INFO]  Epoch[0] Batch [0-733]	Speed: 14540.47 samples/sec	cross-entropy=0.345220	capital-loss-accuracy=3.130790
2024-03-24 17:43:00,316 [INFO]  Epoch[0] Train-cross-entropy=0.053154
2024-03-24 17:43:00,316 [INFO]  Epoch[0] Train-capital-loss-accuracy=3.286885
2024-03-24 17:43:00,316 [INFO]  Epoch[0] Time cost=1.680
2024-03-24 17:43:00,319 [INFO]  Saved checkpoint to "./imputer_model/3_adult/imputer_model_capital-loss/model-0000.params"
2024-03-24 17:43:00,386 [INFO]  Epoch[0] Validation-cross-entropy=0.008223
2024-03-24 17:43:00,387 [INFO]  Epoch[0] Validation-capital-loss-accuracy=0.000000
2024-03-24 17:43:01,312 [INFO]  Epoch[1] Batch [0-733]	Speed: 12698.27 samples/sec	cross-entropy=0.299751	capital-loss-accuracy=3.130790
2024-03-24 17:43:02,130 [INFO]  Epoch[1] Train-cross-entropy=0.004693
2024-03-24 17:43:02,130 [INFO]  Epoch[1] Train-capital-loss-accuracy=3.286885
2024-03-24 17:43:02,130 [INFO]  Epoch[1] Time cost=1.744
2024-03-24 17:43:02,132 [INFO]  Saved checkpoint to "./imputer_model/3_adult/imputer_model_capital-loss/model-0001.params"
2024-03-24 17:43:02,171 [INFO]  Epoch[1] Validation-cross-entropy=0.000325
2024-03-24 17:43:02,171 [INFO]  Epoch[1] Validation-capital-loss-accuracy=0.000000
2024-03-24 17:43:03,228 [INFO]  Epoch[2] Batch [0-733]	Speed: 11098.63 samples/sec	cross-entropy=0.089293	capital-loss-accuracy=3.130790
2024-03-24 17:43:04,349 [INFO]  Epoch[2] Train-cross-entropy=0.012363
2024-03-24 17:43:04,349 [INFO]  Epoch[2] Train-capital-loss-accuracy=3.286885
2024-03-24 17:43:04,349 [INFO]  Epoch[2] Time cost=2.178
2024-03-24 17:43:04,352 [INFO]  Saved checkpoint to "./imputer_model/3_adult/imputer_model_capital-loss/model-0002.params"
2024-03-24 17:43:04,416 [INFO]  Epoch[2] Validation-cross-entropy=0.004264
2024-03-24 17:43:04,417 [INFO]  Epoch[2] Validation-capital-loss-accuracy=0.000000
2024-03-24 17:43:05,323 [INFO]  Epoch[3] Batch [0-733]	Speed: 12955.84 samples/sec	cross-entropy=0.063927	capital-loss-accuracy=3.130790
2024-03-24 17:43:06,114 [INFO]  Epoch[3] Train-cross-entropy=0.011110
2024-03-24 17:43:06,114 [INFO]  Epoch[3] Train-capital-loss-accuracy=3.286885
2024-03-24 17:43:06,114 [INFO]  Epoch[3] Time cost=1.697
2024-03-24 17:43:06,116 [INFO]  Saved checkpoint to "./imputer_model/3_adult/imputer_model_capital-loss/model-0003.params"
2024-03-24 17:43:06,179 [INFO]  Epoch[3] Validation-cross-entropy=0.002858
2024-03-24 17:43:06,179 [INFO]  Epoch[3] Validation-capital-loss-accuracy=0.000000
2024-03-24 17:43:07,066 [INFO]  Epoch[4] Batch [0-733]	Speed: 13236.59 samples/sec	cross-entropy=0.049331	capital-loss-accuracy=3.130790
2024-03-24 17:43:07,881 [INFO]  Epoch[4] Train-cross-entropy=0.006369
2024-03-24 17:43:07,881 [INFO]  Epoch[4] Train-capital-loss-accuracy=3.286885
2024-03-24 17:43:07,881 [INFO]  Epoch[4] Time cost=1.703
2024-03-24 17:43:07,884 [INFO]  Saved checkpoint to "./imputer_model/3_adult/imputer_model_capital-loss/model-0004.params"
2024-03-24 17:43:07,947 [INFO]  Epoch[4] Validation-cross-entropy=0.006256
2024-03-24 17:43:07,947 [INFO]  Epoch[4] Validation-capital-loss-accuracy=0.000000
2024-03-24 17:43:07,948 [INFO]  
========== done (9.312406301498413 s) fit model
2024-03-24 17:45:28,456 [INFO]  
========== start: fit model
2024-03-24 17:45:28,456 [WARNING]  Already bound, ignoring bind()
2024-03-24 17:45:29,180 [INFO]  Epoch[0] Batch [0-733]	Speed: 16290.41 samples/sec	cross-entropy=0.334805	capital-loss-accuracy=0.000000
2024-03-24 17:45:30,130 [INFO]  Epoch[0] Train-cross-entropy=0.092167
2024-03-24 17:45:30,130 [INFO]  Epoch[0] Train-capital-loss-accuracy=0.000000
2024-03-24 17:45:30,130 [INFO]  Epoch[0] Time cost=1.673
2024-03-24 17:45:30,132 [INFO]  Saved checkpoint to "./imputer_model/3_adult/imputer_model_capital-loss/model-0000.params"
2024-03-24 17:45:30,195 [INFO]  Epoch[0] Validation-cross-entropy=0.004947
2024-03-24 17:45:30,195 [INFO]  Epoch[0] Validation-capital-loss-accuracy=0.000000
2024-03-24 17:45:31,178 [INFO]  Epoch[1] Batch [0-733]	Speed: 11956.64 samples/sec	cross-entropy=0.067312	capital-loss-accuracy=0.000000
2024-03-24 17:45:31,903 [INFO]  Epoch[1] Train-cross-entropy=0.115513
2024-03-24 17:45:31,903 [INFO]  Epoch[1] Train-capital-loss-accuracy=0.000000
2024-03-24 17:45:31,903 [INFO]  Epoch[1] Time cost=1.708
2024-03-24 17:45:31,906 [INFO]  Saved checkpoint to "./imputer_model/3_adult/imputer_model_capital-loss/model-0001.params"
2024-03-24 17:45:31,974 [INFO]  Epoch[1] Validation-cross-entropy=0.002014
2024-03-24 17:45:31,974 [INFO]  Epoch[1] Validation-capital-loss-accuracy=0.000000
2024-03-24 17:45:32,946 [INFO]  Epoch[2] Batch [0-733]	Speed: 12091.09 samples/sec	cross-entropy=0.015969	capital-loss-accuracy=0.000000
2024-03-24 17:45:33,754 [INFO]  Epoch[2] Train-cross-entropy=0.098904
2024-03-24 17:45:33,755 [INFO]  Epoch[2] Train-capital-loss-accuracy=0.000000
2024-03-24 17:45:33,755 [INFO]  Epoch[2] Time cost=1.780
2024-03-24 17:45:33,757 [INFO]  Saved checkpoint to "./imputer_model/3_adult/imputer_model_capital-loss/model-0002.params"
2024-03-24 17:45:33,825 [INFO]  Epoch[2] Validation-cross-entropy=0.000993
2024-03-24 17:45:33,825 [INFO]  Epoch[2] Validation-capital-loss-accuracy=0.000000
2024-03-24 17:45:34,602 [INFO]  Epoch[3] Batch [0-733]	Speed: 15119.03 samples/sec	cross-entropy=0.010333	capital-loss-accuracy=0.000000
2024-03-24 17:45:35,502 [INFO]  Epoch[3] Train-cross-entropy=0.039382
2024-03-24 17:45:35,503 [INFO]  Epoch[3] Train-capital-loss-accuracy=0.000000
2024-03-24 17:45:35,503 [INFO]  Epoch[3] Time cost=1.677
2024-03-24 17:45:35,506 [INFO]  Saved checkpoint to "./imputer_model/3_adult/imputer_model_capital-loss/model-0003.params"
2024-03-24 17:45:35,644 [INFO]  Epoch[3] Validation-cross-entropy=0.004525
2024-03-24 17:45:35,644 [INFO]  Epoch[3] Validation-capital-loss-accuracy=0.000000
2024-03-24 17:45:36,483 [INFO]  Epoch[4] Batch [0-733]	Speed: 13997.92 samples/sec	cross-entropy=0.012407	capital-loss-accuracy=0.000000
2024-03-24 17:45:37,506 [INFO]  Epoch[4] Train-cross-entropy=0.029706
2024-03-24 17:45:37,506 [INFO]  Epoch[4] Train-capital-loss-accuracy=0.000000
2024-03-24 17:45:37,506 [INFO]  Epoch[4] Time cost=1.863
2024-03-24 17:45:37,509 [INFO]  Saved checkpoint to "./imputer_model/3_adult/imputer_model_capital-loss/model-0004.params"
2024-03-24 17:45:37,584 [INFO]  Epoch[4] Validation-cross-entropy=0.002702
2024-03-24 17:45:37,584 [INFO]  Epoch[4] Validation-capital-loss-accuracy=0.000000
2024-03-24 17:45:37,584 [INFO]  
========== done (9.128817796707153 s) fit model
2024-03-24 17:47:54,875 [INFO]  
========== start: fit model
2024-03-24 17:47:54,875 [WARNING]  Already bound, ignoring bind()
2024-03-24 17:47:55,751 [INFO]  Epoch[0] Batch [0-733]	Speed: 13421.58 samples/sec	cross-entropy=0.857173	capital-loss-accuracy=3.310627
2024-03-24 17:47:56,706 [INFO]  Epoch[0] Train-cross-entropy=0.006056
2024-03-24 17:47:56,706 [INFO]  Epoch[0] Train-capital-loss-accuracy=3.243169
2024-03-24 17:47:56,707 [INFO]  Epoch[0] Time cost=1.830
2024-03-24 17:47:56,709 [INFO]  Saved checkpoint to "./imputer_model/3_adult/imputer_model_capital-loss/model-0000.params"
2024-03-24 17:47:56,764 [INFO]  Epoch[0] Validation-cross-entropy=0.000984
2024-03-24 17:47:56,764 [INFO]  Epoch[0] Validation-capital-loss-accuracy=0.000000
2024-03-24 17:47:57,596 [INFO]  Epoch[1] Batch [0-733]	Speed: 14123.93 samples/sec	cross-entropy=0.328821	capital-loss-accuracy=3.310627
2024-03-24 17:47:58,372 [INFO]  Epoch[1] Train-cross-entropy=0.006322
2024-03-24 17:47:58,372 [INFO]  Epoch[1] Train-capital-loss-accuracy=3.243169
2024-03-24 17:47:58,372 [INFO]  Epoch[1] Time cost=1.608
2024-03-24 17:47:58,373 [INFO]  Saved checkpoint to "./imputer_model/3_adult/imputer_model_capital-loss/model-0001.params"
2024-03-24 17:47:58,449 [INFO]  Epoch[1] Validation-cross-entropy=0.007688
2024-03-24 17:47:58,449 [INFO]  Epoch[1] Validation-capital-loss-accuracy=0.000000
2024-03-24 17:47:59,231 [INFO]  Epoch[2] Batch [0-733]	Speed: 15032.24 samples/sec	cross-entropy=0.394003	capital-loss-accuracy=3.310627
2024-03-24 17:48:00,203 [INFO]  Epoch[2] Train-cross-entropy=0.003178
2024-03-24 17:48:00,203 [INFO]  Epoch[2] Train-capital-loss-accuracy=3.243169
2024-03-24 17:48:00,203 [INFO]  Epoch[2] Time cost=1.754
2024-03-24 17:48:00,205 [INFO]  Saved checkpoint to "./imputer_model/3_adult/imputer_model_capital-loss/model-0002.params"
2024-03-24 17:48:00,262 [INFO]  Epoch[2] Validation-cross-entropy=0.000876
2024-03-24 17:48:00,262 [INFO]  Epoch[2] Validation-capital-loss-accuracy=0.000000
2024-03-24 17:48:01,027 [INFO]  Epoch[3] Batch [0-733]	Speed: 15352.30 samples/sec	cross-entropy=0.005191	capital-loss-accuracy=3.310627
2024-03-24 17:48:01,790 [INFO]  Epoch[3] Train-cross-entropy=0.153442
2024-03-24 17:48:01,790 [INFO]  Epoch[3] Train-capital-loss-accuracy=3.243169
2024-03-24 17:48:01,790 [INFO]  Epoch[3] Time cost=1.529
2024-03-24 17:48:01,792 [INFO]  Saved checkpoint to "./imputer_model/3_adult/imputer_model_capital-loss/model-0003.params"
2024-03-24 17:48:01,851 [INFO]  Epoch[3] Validation-cross-entropy=0.002333
2024-03-24 17:48:01,851 [INFO]  Epoch[3] Validation-capital-loss-accuracy=0.000000
2024-03-24 17:48:02,634 [INFO]  Epoch[4] Batch [0-733]	Speed: 15005.43 samples/sec	cross-entropy=0.025307	capital-loss-accuracy=3.310627
2024-03-24 17:48:03,350 [INFO]  Epoch[4] Train-cross-entropy=0.059245
2024-03-24 17:48:03,350 [INFO]  Epoch[4] Train-capital-loss-accuracy=3.243169
2024-03-24 17:48:03,350 [INFO]  Epoch[4] Time cost=1.499
2024-03-24 17:48:03,352 [INFO]  Saved checkpoint to "./imputer_model/3_adult/imputer_model_capital-loss/model-0004.params"
2024-03-24 17:48:03,399 [INFO]  Epoch[4] Validation-cross-entropy=0.000992
2024-03-24 17:48:03,399 [INFO]  Epoch[4] Validation-capital-loss-accuracy=0.000000
2024-03-24 17:48:03,399 [INFO]  
========== done (8.524031639099121 s) fit model
2024-03-24 17:50:25,443 [INFO]  
========== start: fit model
2024-03-24 17:50:25,443 [WARNING]  Already bound, ignoring bind()
2024-03-24 17:50:26,381 [INFO]  Epoch[0] Batch [0-733]	Speed: 12541.77 samples/sec	cross-entropy=0.519239	capital-loss-accuracy=3.271117
2024-03-24 17:50:27,204 [INFO]  Epoch[0] Train-cross-entropy=0.044459
2024-03-24 17:50:27,204 [INFO]  Epoch[0] Train-capital-loss-accuracy=3.240437
2024-03-24 17:50:27,204 [INFO]  Epoch[0] Time cost=1.760
2024-03-24 17:50:27,206 [INFO]  Saved checkpoint to "./imputer_model/3_adult/imputer_model_capital-loss/model-0000.params"
2024-03-24 17:50:27,254 [INFO]  Epoch[0] Validation-cross-entropy=0.051348
2024-03-24 17:50:27,254 [INFO]  Epoch[0] Validation-capital-loss-accuracy=0.000000
2024-03-24 17:50:27,971 [INFO]  Epoch[1] Batch [0-733]	Speed: 16382.00 samples/sec	cross-entropy=0.350194	capital-loss-accuracy=3.271117
2024-03-24 17:50:28,806 [INFO]  Epoch[1] Train-cross-entropy=0.004852
2024-03-24 17:50:28,806 [INFO]  Epoch[1] Train-capital-loss-accuracy=3.240437
2024-03-24 17:50:28,806 [INFO]  Epoch[1] Time cost=1.552
2024-03-24 17:50:28,808 [INFO]  Saved checkpoint to "./imputer_model/3_adult/imputer_model_capital-loss/model-0001.params"
2024-03-24 17:50:28,862 [INFO]  Epoch[1] Validation-cross-entropy=0.001499
2024-03-24 17:50:28,862 [INFO]  Epoch[1] Validation-capital-loss-accuracy=0.000000
2024-03-24 17:50:29,780 [INFO]  Epoch[2] Batch [0-733]	Speed: 12776.75 samples/sec	cross-entropy=0.172097	capital-loss-accuracy=3.271117
2024-03-24 17:50:30,652 [INFO]  Epoch[2] Train-cross-entropy=0.001692
2024-03-24 17:50:30,653 [INFO]  Epoch[2] Train-capital-loss-accuracy=3.240437
2024-03-24 17:50:30,653 [INFO]  Epoch[2] Time cost=1.791
2024-03-24 17:50:30,656 [INFO]  Saved checkpoint to "./imputer_model/3_adult/imputer_model_capital-loss/model-0002.params"
2024-03-24 17:50:30,746 [INFO]  Epoch[2] Validation-cross-entropy=0.000976
2024-03-24 17:50:30,746 [INFO]  Epoch[2] Validation-capital-loss-accuracy=0.000000
2024-03-24 17:50:31,751 [INFO]  Epoch[3] Batch [0-733]	Speed: 11690.54 samples/sec	cross-entropy=0.104066	capital-loss-accuracy=3.271117
2024-03-24 17:50:32,885 [INFO]  Epoch[3] Train-cross-entropy=0.003620
2024-03-24 17:50:32,885 [INFO]  Epoch[3] Train-capital-loss-accuracy=3.240437
2024-03-24 17:50:32,885 [INFO]  Epoch[3] Time cost=2.139
2024-03-24 17:50:32,888 [INFO]  Saved checkpoint to "./imputer_model/3_adult/imputer_model_capital-loss/model-0003.params"
2024-03-24 17:50:32,952 [INFO]  Epoch[3] Validation-cross-entropy=0.000530
2024-03-24 17:50:32,952 [INFO]  Epoch[3] Validation-capital-loss-accuracy=0.000000
2024-03-24 17:50:33,695 [INFO]  Epoch[4] Batch [0-733]	Speed: 15813.86 samples/sec	cross-entropy=0.064659	capital-loss-accuracy=3.271117
2024-03-24 17:50:34,517 [INFO]  Epoch[4] Train-cross-entropy=0.026083
2024-03-24 17:50:34,517 [INFO]  Epoch[4] Train-capital-loss-accuracy=3.240437
2024-03-24 17:50:34,518 [INFO]  Epoch[4] Time cost=1.565
2024-03-24 17:50:34,520 [INFO]  Saved checkpoint to "./imputer_model/3_adult/imputer_model_capital-loss/model-0004.params"
2024-03-24 17:50:34,585 [INFO]  Epoch[4] Validation-cross-entropy=0.000614
2024-03-24 17:50:34,585 [INFO]  Epoch[4] Validation-capital-loss-accuracy=0.000000
2024-03-24 17:50:34,585 [INFO]  
========== done (9.142070531845093 s) fit model
2024-03-24 17:52:53,188 [INFO]  
========== start: fit model
2024-03-24 17:52:53,188 [WARNING]  Already bound, ignoring bind()
2024-03-24 17:52:53,989 [INFO]  Epoch[0] Batch [0-733]	Speed: 14703.15 samples/sec	cross-entropy=0.484276	capital-loss-accuracy=0.000000
2024-03-24 17:52:54,787 [INFO]  Epoch[0] Train-cross-entropy=0.031959
2024-03-24 17:52:54,787 [INFO]  Epoch[0] Train-capital-loss-accuracy=0.000000
2024-03-24 17:52:54,787 [INFO]  Epoch[0] Time cost=1.598
2024-03-24 17:52:54,789 [INFO]  Saved checkpoint to "./imputer_model/3_adult/imputer_model_capital-loss/model-0000.params"
2024-03-24 17:52:54,831 [INFO]  Epoch[0] Validation-cross-entropy=0.068840
2024-03-24 17:52:54,831 [INFO]  Epoch[0] Validation-capital-loss-accuracy=0.000000
2024-03-24 17:52:55,680 [INFO]  Epoch[1] Batch [0-733]	Speed: 13836.72 samples/sec	cross-entropy=0.261083	capital-loss-accuracy=0.000000
2024-03-24 17:52:56,517 [INFO]  Epoch[1] Train-cross-entropy=0.005827
2024-03-24 17:52:56,517 [INFO]  Epoch[1] Train-capital-loss-accuracy=0.000000
2024-03-24 17:52:56,517 [INFO]  Epoch[1] Time cost=1.686
2024-03-24 17:52:56,519 [INFO]  Saved checkpoint to "./imputer_model/3_adult/imputer_model_capital-loss/model-0001.params"
2024-03-24 17:52:56,563 [INFO]  Epoch[1] Validation-cross-entropy=0.007840
2024-03-24 17:52:56,563 [INFO]  Epoch[1] Validation-capital-loss-accuracy=0.000000
2024-03-24 17:52:57,420 [INFO]  Epoch[2] Batch [0-733]	Speed: 13710.48 samples/sec	cross-entropy=0.013035	capital-loss-accuracy=0.000000
2024-03-24 17:52:58,215 [INFO]  Epoch[2] Train-cross-entropy=0.025375
2024-03-24 17:52:58,215 [INFO]  Epoch[2] Train-capital-loss-accuracy=0.000000
2024-03-24 17:52:58,215 [INFO]  Epoch[2] Time cost=1.652
2024-03-24 17:52:58,217 [INFO]  Saved checkpoint to "./imputer_model/3_adult/imputer_model_capital-loss/model-0002.params"
2024-03-24 17:52:58,281 [INFO]  Epoch[2] Validation-cross-entropy=0.012709
2024-03-24 17:52:58,281 [INFO]  Epoch[2] Validation-capital-loss-accuracy=0.000000
2024-03-24 17:52:59,153 [INFO]  Epoch[3] Batch [0-733]	Speed: 13459.26 samples/sec	cross-entropy=0.102079	capital-loss-accuracy=0.000000
2024-03-24 17:52:59,950 [INFO]  Epoch[3] Train-cross-entropy=0.004335
2024-03-24 17:52:59,951 [INFO]  Epoch[3] Train-capital-loss-accuracy=0.000000
2024-03-24 17:52:59,951 [INFO]  Epoch[3] Time cost=1.670
2024-03-24 17:52:59,954 [INFO]  Saved checkpoint to "./imputer_model/3_adult/imputer_model_capital-loss/model-0003.params"
2024-03-24 17:53:00,021 [INFO]  Epoch[3] Validation-cross-entropy=0.006966
2024-03-24 17:53:00,022 [INFO]  Epoch[3] Validation-capital-loss-accuracy=0.000000
2024-03-24 17:53:00,858 [INFO]  Epoch[4] Batch [0-733]	Speed: 14052.77 samples/sec	cross-entropy=0.026369	capital-loss-accuracy=0.000000
2024-03-24 17:53:01,779 [INFO]  Epoch[4] Train-cross-entropy=0.025296
2024-03-24 17:53:01,779 [INFO]  Epoch[4] Train-capital-loss-accuracy=0.000000
2024-03-24 17:53:01,779 [INFO]  Epoch[4] Time cost=1.758
2024-03-24 17:53:01,781 [INFO]  Saved checkpoint to "./imputer_model/3_adult/imputer_model_capital-loss/model-0004.params"
2024-03-24 17:53:01,849 [INFO]  Epoch[4] Validation-cross-entropy=0.093698
2024-03-24 17:53:01,849 [INFO]  Epoch[4] Validation-capital-loss-accuracy=0.000000
2024-03-24 17:53:01,849 [INFO]  
========== done (8.661073446273804 s) fit model
2024-03-24 17:55:23,294 [INFO]  
========== start: fit model
2024-03-24 17:55:23,294 [WARNING]  Already bound, ignoring bind()
2024-03-24 17:55:24,040 [INFO]  Epoch[0] Batch [0-733]	Speed: 16227.66 samples/sec	cross-entropy=0.523675	capital-loss-accuracy=0.000000
2024-03-24 17:55:24,728 [INFO]  Epoch[0] Train-cross-entropy=0.312212
2024-03-24 17:55:24,728 [INFO]  Epoch[0] Train-capital-loss-accuracy=0.000000
2024-03-24 17:55:24,728 [INFO]  Epoch[0] Time cost=1.433
2024-03-24 17:55:24,730 [INFO]  Saved checkpoint to "./imputer_model/3_adult/imputer_model_capital-loss/model-0000.params"
2024-03-24 17:55:24,793 [INFO]  Epoch[0] Validation-cross-entropy=0.358370
2024-03-24 17:55:24,793 [INFO]  Epoch[0] Validation-capital-loss-accuracy=0.000000
2024-03-24 17:55:25,566 [INFO]  Epoch[1] Batch [0-733]	Speed: 15192.82 samples/sec	cross-entropy=0.010458	capital-loss-accuracy=0.000000
2024-03-24 17:55:26,289 [INFO]  Epoch[1] Train-cross-entropy=0.214882
2024-03-24 17:55:26,289 [INFO]  Epoch[1] Train-capital-loss-accuracy=0.000000
2024-03-24 17:55:26,289 [INFO]  Epoch[1] Time cost=1.496
2024-03-24 17:55:26,290 [INFO]  Saved checkpoint to "./imputer_model/3_adult/imputer_model_capital-loss/model-0001.params"
2024-03-24 17:55:26,345 [INFO]  Epoch[1] Validation-cross-entropy=0.125787
2024-03-24 17:55:26,345 [INFO]  Epoch[1] Validation-capital-loss-accuracy=0.000000
2024-03-24 17:55:26,995 [INFO]  Epoch[2] Batch [0-733]	Speed: 18097.28 samples/sec	cross-entropy=0.004281	capital-loss-accuracy=0.000000
2024-03-24 17:55:27,613 [INFO]  Epoch[2] Train-cross-entropy=0.063078
2024-03-24 17:55:27,613 [INFO]  Epoch[2] Train-capital-loss-accuracy=0.000000
2024-03-24 17:55:27,613 [INFO]  Epoch[2] Time cost=1.268
2024-03-24 17:55:27,615 [INFO]  Saved checkpoint to "./imputer_model/3_adult/imputer_model_capital-loss/model-0002.params"
2024-03-24 17:55:27,652 [INFO]  Epoch[2] Validation-cross-entropy=0.678589
2024-03-24 17:55:27,653 [INFO]  Epoch[2] Validation-capital-loss-accuracy=0.000000
2024-03-24 17:55:28,251 [INFO]  Epoch[3] Batch [0-733]	Speed: 19633.06 samples/sec	cross-entropy=0.038736	capital-loss-accuracy=0.000000
2024-03-24 17:55:28,996 [INFO]  Epoch[3] Train-cross-entropy=0.148419
2024-03-24 17:55:28,996 [INFO]  Epoch[3] Train-capital-loss-accuracy=0.000000
2024-03-24 17:55:28,996 [INFO]  Epoch[3] Time cost=1.344
2024-03-24 17:55:28,998 [INFO]  Saved checkpoint to "./imputer_model/3_adult/imputer_model_capital-loss/model-0003.params"
2024-03-24 17:55:29,049 [INFO]  Epoch[3] Validation-cross-entropy=0.006615
2024-03-24 17:55:29,049 [INFO]  Epoch[3] Validation-capital-loss-accuracy=0.000000
2024-03-24 17:55:29,689 [INFO]  Epoch[4] Batch [0-733]	Speed: 18368.92 samples/sec	cross-entropy=0.001044	capital-loss-accuracy=0.000000
2024-03-24 17:55:30,304 [INFO]  Epoch[4] Train-cross-entropy=0.002405
2024-03-24 17:55:30,304 [INFO]  Epoch[4] Train-capital-loss-accuracy=0.000000
2024-03-24 17:55:30,304 [INFO]  Epoch[4] Time cost=1.255
2024-03-24 17:55:30,305 [INFO]  Saved checkpoint to "./imputer_model/3_adult/imputer_model_capital-loss/model-0004.params"
2024-03-24 17:55:30,361 [INFO]  Epoch[4] Validation-cross-entropy=0.006724
2024-03-24 17:55:30,361 [INFO]  Epoch[4] Validation-capital-loss-accuracy=0.000000
2024-03-24 17:55:30,362 [INFO]  
========== done (7.067623853683472 s) fit model
2024-03-24 17:57:52,775 [INFO]  
========== start: fit model
2024-03-24 17:57:52,776 [WARNING]  Already bound, ignoring bind()
2024-03-24 17:57:53,493 [INFO]  Epoch[0] Batch [0-733]	Speed: 16675.04 samples/sec	cross-entropy=0.600761	capital-loss-accuracy=3.272480
2024-03-24 17:57:54,298 [INFO]  Epoch[0] Train-cross-entropy=0.313245
2024-03-24 17:57:54,298 [INFO]  Epoch[0] Train-capital-loss-accuracy=3.329235
2024-03-24 17:57:54,298 [INFO]  Epoch[0] Time cost=1.522
2024-03-24 17:57:54,300 [INFO]  Saved checkpoint to "./imputer_model/3_adult/imputer_model_capital-loss/model-0000.params"
2024-03-24 17:57:54,368 [INFO]  Epoch[0] Validation-cross-entropy=0.000933
2024-03-24 17:57:54,368 [INFO]  Epoch[0] Validation-capital-loss-accuracy=0.000000
2024-03-24 17:57:55,250 [INFO]  Epoch[1] Batch [0-733]	Speed: 13323.68 samples/sec	cross-entropy=0.001012	capital-loss-accuracy=3.272480
2024-03-24 17:57:56,126 [INFO]  Epoch[1] Train-cross-entropy=0.000725
2024-03-24 17:57:56,126 [INFO]  Epoch[1] Train-capital-loss-accuracy=3.329235
2024-03-24 17:57:56,126 [INFO]  Epoch[1] Time cost=1.758
2024-03-24 17:57:56,129 [INFO]  Saved checkpoint to "./imputer_model/3_adult/imputer_model_capital-loss/model-0001.params"
2024-03-24 17:57:56,195 [INFO]  Epoch[1] Validation-cross-entropy=0.001654
2024-03-24 17:57:56,195 [INFO]  Epoch[1] Validation-capital-loss-accuracy=0.000000
2024-03-24 17:57:57,020 [INFO]  Epoch[2] Batch [0-733]	Speed: 14248.77 samples/sec	cross-entropy=0.098727	capital-loss-accuracy=3.272480
2024-03-24 17:57:57,787 [INFO]  Epoch[2] Train-cross-entropy=0.028430
2024-03-24 17:57:57,787 [INFO]  Epoch[2] Train-capital-loss-accuracy=3.329235
2024-03-24 17:57:57,787 [INFO]  Epoch[2] Time cost=1.592
2024-03-24 17:57:57,789 [INFO]  Saved checkpoint to "./imputer_model/3_adult/imputer_model_capital-loss/model-0002.params"
2024-03-24 17:57:57,858 [INFO]  Epoch[2] Validation-cross-entropy=0.005145
2024-03-24 17:57:57,858 [INFO]  Epoch[2] Validation-capital-loss-accuracy=0.000000
2024-03-24 17:57:58,663 [INFO]  Epoch[3] Batch [0-733]	Speed: 14586.29 samples/sec	cross-entropy=0.105480	capital-loss-accuracy=3.272480
2024-03-24 17:57:59,359 [INFO]  Epoch[3] Train-cross-entropy=0.002851
2024-03-24 17:57:59,359 [INFO]  Epoch[3] Train-capital-loss-accuracy=3.329235
2024-03-24 17:57:59,359 [INFO]  Epoch[3] Time cost=1.501
2024-03-24 17:57:59,361 [INFO]  Saved checkpoint to "./imputer_model/3_adult/imputer_model_capital-loss/model-0003.params"
2024-03-24 17:57:59,426 [INFO]  Epoch[3] Validation-cross-entropy=0.002771
2024-03-24 17:57:59,426 [INFO]  Epoch[3] Validation-capital-loss-accuracy=0.000000
2024-03-24 17:58:00,283 [INFO]  Epoch[4] Batch [0-733]	Speed: 13710.09 samples/sec	cross-entropy=0.017672	capital-loss-accuracy=3.272480
2024-03-24 17:58:01,145 [INFO]  Epoch[4] Train-cross-entropy=0.039009
2024-03-24 17:58:01,146 [INFO]  Epoch[4] Train-capital-loss-accuracy=3.329235
2024-03-24 17:58:01,146 [INFO]  Epoch[4] Time cost=1.720
2024-03-24 17:58:01,148 [INFO]  Saved checkpoint to "./imputer_model/3_adult/imputer_model_capital-loss/model-0004.params"
2024-03-24 17:58:01,302 [INFO]  Epoch[4] Validation-cross-entropy=0.002994
2024-03-24 17:58:01,302 [INFO]  Epoch[4] Validation-capital-loss-accuracy=0.000000
2024-03-24 17:58:01,302 [INFO]  
========== done (8.526624917984009 s) fit model
2024-03-24 18:00:25,335 [INFO]  
========== start: fit model
2024-03-24 18:00:25,335 [WARNING]  Already bound, ignoring bind()
2024-03-24 18:00:26,134 [INFO]  Epoch[0] Batch [0-733]	Speed: 14773.70 samples/sec	cross-entropy=0.485812	capital-loss-accuracy=0.000000
2024-03-24 18:00:26,997 [INFO]  Epoch[0] Train-cross-entropy=0.175286
2024-03-24 18:00:26,997 [INFO]  Epoch[0] Train-capital-loss-accuracy=0.000000
2024-03-24 18:00:26,998 [INFO]  Epoch[0] Time cost=1.661
2024-03-24 18:00:27,000 [INFO]  Saved checkpoint to "./imputer_model/3_adult/imputer_model_capital-loss/model-0000.params"
2024-03-24 18:00:27,072 [INFO]  Epoch[0] Validation-cross-entropy=0.000420
2024-03-24 18:00:27,072 [INFO]  Epoch[0] Validation-capital-loss-accuracy=0.000000
2024-03-24 18:00:27,884 [INFO]  Epoch[1] Batch [0-733]	Speed: 14469.55 samples/sec	cross-entropy=0.254501	capital-loss-accuracy=0.000000
2024-03-24 18:00:28,781 [INFO]  Epoch[1] Train-cross-entropy=0.003545
2024-03-24 18:00:28,781 [INFO]  Epoch[1] Train-capital-loss-accuracy=0.000000
2024-03-24 18:00:28,781 [INFO]  Epoch[1] Time cost=1.709
2024-03-24 18:00:28,784 [INFO]  Saved checkpoint to "./imputer_model/3_adult/imputer_model_capital-loss/model-0001.params"
2024-03-24 18:00:28,849 [INFO]  Epoch[1] Validation-cross-entropy=0.000594
2024-03-24 18:00:28,849 [INFO]  Epoch[1] Validation-capital-loss-accuracy=0.000000
2024-03-24 18:00:29,658 [INFO]  Epoch[2] Batch [0-733]	Speed: 14529.21 samples/sec	cross-entropy=0.124072	capital-loss-accuracy=0.000000
2024-03-24 18:00:30,579 [INFO]  Epoch[2] Train-cross-entropy=0.016816
2024-03-24 18:00:30,579 [INFO]  Epoch[2] Train-capital-loss-accuracy=0.000000
2024-03-24 18:00:30,579 [INFO]  Epoch[2] Time cost=1.729
2024-03-24 18:00:30,581 [INFO]  Saved checkpoint to "./imputer_model/3_adult/imputer_model_capital-loss/model-0002.params"
2024-03-24 18:00:30,641 [INFO]  Epoch[2] Validation-cross-entropy=0.000955
2024-03-24 18:00:30,641 [INFO]  Epoch[2] Validation-capital-loss-accuracy=0.000000
2024-03-24 18:00:31,648 [INFO]  Epoch[3] Batch [0-733]	Speed: 11656.70 samples/sec	cross-entropy=0.074661	capital-loss-accuracy=0.000000
2024-03-24 18:00:32,617 [INFO]  Epoch[3] Train-cross-entropy=0.004394
2024-03-24 18:00:32,617 [INFO]  Epoch[3] Train-capital-loss-accuracy=0.000000
2024-03-24 18:00:32,617 [INFO]  Epoch[3] Time cost=1.976
2024-03-24 18:00:32,619 [INFO]  Saved checkpoint to "./imputer_model/3_adult/imputer_model_capital-loss/model-0003.params"
2024-03-24 18:00:32,685 [INFO]  Epoch[3] Validation-cross-entropy=0.000453
2024-03-24 18:00:32,685 [INFO]  Epoch[3] Validation-capital-loss-accuracy=0.000000
2024-03-24 18:00:33,568 [INFO]  Epoch[4] Batch [0-733]	Speed: 13302.60 samples/sec	cross-entropy=0.025561	capital-loss-accuracy=0.000000
2024-03-24 18:00:34,283 [INFO]  Epoch[4] Train-cross-entropy=0.021324
2024-03-24 18:00:34,283 [INFO]  Epoch[4] Train-capital-loss-accuracy=0.000000
2024-03-24 18:00:34,283 [INFO]  Epoch[4] Time cost=1.598
2024-03-24 18:00:34,285 [INFO]  Saved checkpoint to "./imputer_model/3_adult/imputer_model_capital-loss/model-0004.params"
2024-03-24 18:00:34,350 [INFO]  Epoch[4] Validation-cross-entropy=0.000119
2024-03-24 18:00:34,351 [INFO]  Epoch[4] Validation-capital-loss-accuracy=0.000000
2024-03-24 18:00:34,351 [INFO]  
========== done (9.015814781188965 s) fit model
2024-03-24 18:02:53,586 [INFO]  
========== start: fit model
2024-03-24 18:02:53,586 [WARNING]  Already bound, ignoring bind()
2024-03-24 18:02:54,312 [INFO]  Epoch[0] Batch [0-733]	Speed: 16201.29 samples/sec	cross-entropy=0.892753	capital-loss-accuracy=3.301090
2024-03-24 18:02:55,044 [INFO]  Epoch[0] Train-cross-entropy=0.001540
2024-03-24 18:02:55,045 [INFO]  Epoch[0] Train-capital-loss-accuracy=3.229508
2024-03-24 18:02:55,045 [INFO]  Epoch[0] Time cost=1.458
2024-03-24 18:02:55,046 [INFO]  Saved checkpoint to "./imputer_model/3_adult/imputer_model_capital-loss/model-0000.params"
2024-03-24 18:02:55,105 [INFO]  Epoch[0] Validation-cross-entropy=0.001669
2024-03-24 18:02:55,105 [INFO]  Epoch[0] Validation-capital-loss-accuracy=0.000000
2024-03-24 18:02:55,715 [INFO]  Epoch[1] Batch [0-733]	Speed: 19266.06 samples/sec	cross-entropy=0.095554	capital-loss-accuracy=3.301090
2024-03-24 18:02:56,463 [INFO]  Epoch[1] Train-cross-entropy=0.004368
2024-03-24 18:02:56,463 [INFO]  Epoch[1] Train-capital-loss-accuracy=3.229508
2024-03-24 18:02:56,463 [INFO]  Epoch[1] Time cost=1.358
2024-03-24 18:02:56,465 [INFO]  Saved checkpoint to "./imputer_model/3_adult/imputer_model_capital-loss/model-0001.params"
2024-03-24 18:02:56,528 [INFO]  Epoch[1] Validation-cross-entropy=0.016852
2024-03-24 18:02:56,528 [INFO]  Epoch[1] Validation-capital-loss-accuracy=0.000000
2024-03-24 18:02:57,368 [INFO]  Epoch[2] Batch [0-733]	Speed: 13984.98 samples/sec	cross-entropy=0.376763	capital-loss-accuracy=3.301090
2024-03-24 18:02:58,314 [INFO]  Epoch[2] Train-cross-entropy=0.003944
2024-03-24 18:02:58,315 [INFO]  Epoch[2] Train-capital-loss-accuracy=3.229508
2024-03-24 18:02:58,315 [INFO]  Epoch[2] Time cost=1.786
2024-03-24 18:02:58,317 [INFO]  Saved checkpoint to "./imputer_model/3_adult/imputer_model_capital-loss/model-0002.params"
2024-03-24 18:02:58,380 [INFO]  Epoch[2] Validation-cross-entropy=0.017675
2024-03-24 18:02:58,380 [INFO]  Epoch[2] Validation-capital-loss-accuracy=0.000000
2024-03-24 18:02:59,207 [INFO]  Epoch[3] Batch [0-733]	Speed: 14208.67 samples/sec	cross-entropy=0.003426	capital-loss-accuracy=3.301090
2024-03-24 18:03:00,090 [INFO]  Epoch[3] Train-cross-entropy=0.019251
2024-03-24 18:03:00,090 [INFO]  Epoch[3] Train-capital-loss-accuracy=3.229508
2024-03-24 18:03:00,090 [INFO]  Epoch[3] Time cost=1.710
2024-03-24 18:03:00,092 [INFO]  Saved checkpoint to "./imputer_model/3_adult/imputer_model_capital-loss/model-0003.params"
2024-03-24 18:03:00,143 [INFO]  Epoch[3] Validation-cross-entropy=0.004898
2024-03-24 18:03:00,143 [INFO]  Epoch[3] Validation-capital-loss-accuracy=0.000000
2024-03-24 18:03:00,960 [INFO]  Epoch[4] Batch [0-733]	Speed: 14389.55 samples/sec	cross-entropy=0.005399	capital-loss-accuracy=3.301090
2024-03-24 18:03:01,835 [INFO]  Epoch[4] Train-cross-entropy=0.027063
2024-03-24 18:03:01,835 [INFO]  Epoch[4] Train-capital-loss-accuracy=3.229508
2024-03-24 18:03:01,835 [INFO]  Epoch[4] Time cost=1.692
2024-03-24 18:03:01,837 [INFO]  Saved checkpoint to "./imputer_model/3_adult/imputer_model_capital-loss/model-0004.params"
2024-03-24 18:03:01,970 [INFO]  Epoch[4] Validation-cross-entropy=0.025034
2024-03-24 18:03:01,970 [INFO]  Epoch[4] Validation-capital-loss-accuracy=0.000000
2024-03-24 18:03:01,971 [INFO]  
========== done (8.384741067886353 s) fit model
2024-03-24 18:05:21,871 [INFO]  
========== start: fit model
2024-03-24 18:05:21,872 [WARNING]  Already bound, ignoring bind()
2024-03-24 18:05:22,565 [INFO]  Epoch[0] Batch [0-733]	Speed: 17106.88 samples/sec	cross-entropy=0.221916	capital-loss-accuracy=0.000000
2024-03-24 18:05:23,487 [INFO]  Epoch[0] Train-cross-entropy=0.167951
2024-03-24 18:05:23,487 [INFO]  Epoch[0] Train-capital-loss-accuracy=0.000000
2024-03-24 18:05:23,487 [INFO]  Epoch[0] Time cost=1.614
2024-03-24 18:05:23,489 [INFO]  Saved checkpoint to "./imputer_model/3_adult/imputer_model_capital-loss/model-0000.params"
2024-03-24 18:05:23,540 [INFO]  Epoch[0] Validation-cross-entropy=0.026820
2024-03-24 18:05:23,540 [INFO]  Epoch[0] Validation-capital-loss-accuracy=0.000000
2024-03-24 18:05:24,344 [INFO]  Epoch[1] Batch [0-733]	Speed: 14605.70 samples/sec	cross-entropy=0.002760	capital-loss-accuracy=0.000000
2024-03-24 18:05:25,143 [INFO]  Epoch[1] Train-cross-entropy=0.159372
2024-03-24 18:05:25,143 [INFO]  Epoch[1] Train-capital-loss-accuracy=0.000000
2024-03-24 18:05:25,144 [INFO]  Epoch[1] Time cost=1.604
2024-03-24 18:05:25,146 [INFO]  Saved checkpoint to "./imputer_model/3_adult/imputer_model_capital-loss/model-0001.params"
2024-03-24 18:05:25,188 [INFO]  Epoch[1] Validation-cross-entropy=0.001352
2024-03-24 18:05:25,188 [INFO]  Epoch[1] Validation-capital-loss-accuracy=0.000000
2024-03-24 18:05:26,002 [INFO]  Epoch[2] Batch [0-733]	Speed: 14420.23 samples/sec	cross-entropy=0.001556	capital-loss-accuracy=0.000000
2024-03-24 18:05:26,796 [INFO]  Epoch[2] Train-cross-entropy=0.019785
2024-03-24 18:05:26,797 [INFO]  Epoch[2] Train-capital-loss-accuracy=0.000000
2024-03-24 18:05:26,797 [INFO]  Epoch[2] Time cost=1.609
2024-03-24 18:05:26,798 [INFO]  Saved checkpoint to "./imputer_model/3_adult/imputer_model_capital-loss/model-0002.params"
2024-03-24 18:05:26,863 [INFO]  Epoch[2] Validation-cross-entropy=0.007580
2024-03-24 18:05:26,864 [INFO]  Epoch[2] Validation-capital-loss-accuracy=0.000000
2024-03-24 18:05:27,708 [INFO]  Epoch[3] Batch [0-733]	Speed: 13914.49 samples/sec	cross-entropy=0.061707	capital-loss-accuracy=0.000000
2024-03-24 18:05:28,469 [INFO]  Epoch[3] Train-cross-entropy=0.015609
2024-03-24 18:05:28,469 [INFO]  Epoch[3] Train-capital-loss-accuracy=0.000000
2024-03-24 18:05:28,469 [INFO]  Epoch[3] Time cost=1.605
2024-03-24 18:05:28,471 [INFO]  Saved checkpoint to "./imputer_model/3_adult/imputer_model_capital-loss/model-0003.params"
2024-03-24 18:05:28,541 [INFO]  Epoch[3] Validation-cross-entropy=0.029793
2024-03-24 18:05:28,541 [INFO]  Epoch[3] Validation-capital-loss-accuracy=0.000000
2024-03-24 18:05:29,568 [INFO]  Epoch[4] Batch [0-733]	Speed: 11437.30 samples/sec	cross-entropy=0.027031	capital-loss-accuracy=0.000000
2024-03-24 18:05:30,308 [INFO]  Epoch[4] Train-cross-entropy=0.021973
2024-03-24 18:05:30,309 [INFO]  Epoch[4] Train-capital-loss-accuracy=0.000000
2024-03-24 18:05:30,309 [INFO]  Epoch[4] Time cost=1.767
2024-03-24 18:05:30,311 [INFO]  Saved checkpoint to "./imputer_model/3_adult/imputer_model_capital-loss/model-0004.params"
2024-03-24 18:05:30,379 [INFO]  Epoch[4] Validation-cross-entropy=0.009651
2024-03-24 18:05:30,379 [INFO]  Epoch[4] Validation-capital-loss-accuracy=0.000000
2024-03-24 18:05:30,379 [INFO]  
========== done (8.507684230804443 s) fit model
2024-03-24 18:07:49,497 [INFO]  
========== start: fit model
2024-03-24 18:07:49,497 [WARNING]  Already bound, ignoring bind()
2024-03-24 18:07:50,252 [INFO]  Epoch[0] Batch [0-733]	Speed: 15998.58 samples/sec	cross-entropy=0.320562	capital-loss-accuracy=0.000000
2024-03-24 18:07:51,084 [INFO]  Epoch[0] Train-cross-entropy=0.445988
2024-03-24 18:07:51,084 [INFO]  Epoch[0] Train-capital-loss-accuracy=0.000000
2024-03-24 18:07:51,085 [INFO]  Epoch[0] Time cost=1.586
2024-03-24 18:07:51,087 [INFO]  Saved checkpoint to "./imputer_model/3_adult/imputer_model_capital-loss/model-0000.params"
2024-03-24 18:07:51,142 [INFO]  Epoch[0] Validation-cross-entropy=0.005934
2024-03-24 18:07:51,142 [INFO]  Epoch[0] Validation-capital-loss-accuracy=0.000000
2024-03-24 18:07:51,946 [INFO]  Epoch[1] Batch [0-733]	Speed: 14613.42 samples/sec	cross-entropy=0.007503	capital-loss-accuracy=0.000000
2024-03-24 18:07:52,793 [INFO]  Epoch[1] Train-cross-entropy=0.097600
2024-03-24 18:07:52,794 [INFO]  Epoch[1] Train-capital-loss-accuracy=0.000000
2024-03-24 18:07:52,794 [INFO]  Epoch[1] Time cost=1.651
2024-03-24 18:07:52,796 [INFO]  Saved checkpoint to "./imputer_model/3_adult/imputer_model_capital-loss/model-0001.params"
2024-03-24 18:07:52,846 [INFO]  Epoch[1] Validation-cross-entropy=0.006210
2024-03-24 18:07:52,846 [INFO]  Epoch[1] Validation-capital-loss-accuracy=0.000000
2024-03-24 18:07:53,666 [INFO]  Epoch[2] Batch [0-733]	Speed: 14315.26 samples/sec	cross-entropy=0.263208	capital-loss-accuracy=0.000000
2024-03-24 18:07:54,425 [INFO]  Epoch[2] Train-cross-entropy=0.002955
2024-03-24 18:07:54,425 [INFO]  Epoch[2] Train-capital-loss-accuracy=0.000000
2024-03-24 18:07:54,425 [INFO]  Epoch[2] Time cost=1.579
2024-03-24 18:07:54,427 [INFO]  Saved checkpoint to "./imputer_model/3_adult/imputer_model_capital-loss/model-0002.params"
2024-03-24 18:07:54,475 [INFO]  Epoch[2] Validation-cross-entropy=0.001541
2024-03-24 18:07:54,475 [INFO]  Epoch[2] Validation-capital-loss-accuracy=0.000000
2024-03-24 18:07:55,271 [INFO]  Epoch[3] Batch [0-733]	Speed: 14757.54 samples/sec	cross-entropy=0.062790	capital-loss-accuracy=0.000000
2024-03-24 18:07:56,083 [INFO]  Epoch[3] Train-cross-entropy=0.004777
2024-03-24 18:07:56,083 [INFO]  Epoch[3] Train-capital-loss-accuracy=0.000000
2024-03-24 18:07:56,083 [INFO]  Epoch[3] Time cost=1.608
2024-03-24 18:07:56,085 [INFO]  Saved checkpoint to "./imputer_model/3_adult/imputer_model_capital-loss/model-0003.params"
2024-03-24 18:07:56,121 [INFO]  Epoch[3] Validation-cross-entropy=0.000976
2024-03-24 18:07:56,121 [INFO]  Epoch[3] Validation-capital-loss-accuracy=0.000000
2024-03-24 18:07:56,915 [INFO]  Epoch[4] Batch [0-733]	Speed: 14798.61 samples/sec	cross-entropy=0.230814	capital-loss-accuracy=0.000000
2024-03-24 18:07:57,639 [INFO]  Epoch[4] Train-cross-entropy=0.002280
2024-03-24 18:07:57,639 [INFO]  Epoch[4] Train-capital-loss-accuracy=0.000000
2024-03-24 18:07:57,639 [INFO]  Epoch[4] Time cost=1.518
2024-03-24 18:07:57,641 [INFO]  Saved checkpoint to "./imputer_model/3_adult/imputer_model_capital-loss/model-0004.params"
2024-03-24 18:07:57,701 [INFO]  Epoch[4] Validation-cross-entropy=0.000725
2024-03-24 18:07:57,701 [INFO]  Epoch[4] Validation-capital-loss-accuracy=0.000000
2024-03-24 18:07:57,701 [INFO]  
========== done (8.204484939575195 s) fit model
2024-03-24 18:10:12,824 [INFO]  
========== start: fit model
2024-03-24 18:10:12,824 [WARNING]  Already bound, ignoring bind()
2024-03-24 18:10:13,655 [INFO]  Epoch[0] Batch [0-733]	Speed: 14180.61 samples/sec	cross-entropy=0.723051	capital-loss-accuracy=3.307902
2024-03-24 18:10:14,347 [INFO]  Epoch[0] Train-cross-entropy=0.007118
2024-03-24 18:10:14,347 [INFO]  Epoch[0] Train-capital-loss-accuracy=3.259563
2024-03-24 18:10:14,347 [INFO]  Epoch[0] Time cost=1.522
2024-03-24 18:10:14,349 [INFO]  Saved checkpoint to "./imputer_model/3_adult/imputer_model_capital-loss/model-0000.params"
2024-03-24 18:10:14,415 [INFO]  Epoch[0] Validation-cross-entropy=0.001442
2024-03-24 18:10:14,415 [INFO]  Epoch[0] Validation-capital-loss-accuracy=0.000000
2024-03-24 18:10:15,257 [INFO]  Epoch[1] Batch [0-733]	Speed: 13946.52 samples/sec	cross-entropy=0.253620	capital-loss-accuracy=3.307902
2024-03-24 18:10:16,078 [INFO]  Epoch[1] Train-cross-entropy=0.117676
2024-03-24 18:10:16,078 [INFO]  Epoch[1] Train-capital-loss-accuracy=3.259563
2024-03-24 18:10:16,078 [INFO]  Epoch[1] Time cost=1.663
2024-03-24 18:10:16,081 [INFO]  Saved checkpoint to "./imputer_model/3_adult/imputer_model_capital-loss/model-0001.params"
2024-03-24 18:10:16,147 [INFO]  Epoch[1] Validation-cross-entropy=0.000537
2024-03-24 18:10:16,147 [INFO]  Epoch[1] Validation-capital-loss-accuracy=0.000000
2024-03-24 18:10:16,971 [INFO]  Epoch[2] Batch [0-733]	Speed: 14257.21 samples/sec	cross-entropy=0.000990	capital-loss-accuracy=3.307902
2024-03-24 18:10:17,734 [INFO]  Epoch[2] Train-cross-entropy=0.016253
2024-03-24 18:10:17,735 [INFO]  Epoch[2] Train-capital-loss-accuracy=3.259563
2024-03-24 18:10:17,735 [INFO]  Epoch[2] Time cost=1.588
2024-03-24 18:10:17,739 [INFO]  Saved checkpoint to "./imputer_model/3_adult/imputer_model_capital-loss/model-0002.params"
2024-03-24 18:10:17,843 [INFO]  Epoch[2] Validation-cross-entropy=0.114206
2024-03-24 18:10:17,843 [INFO]  Epoch[2] Validation-capital-loss-accuracy=0.000000
2024-03-24 18:10:18,767 [INFO]  Epoch[3] Batch [0-733]	Speed: 12725.45 samples/sec	cross-entropy=0.254307	capital-loss-accuracy=3.307902
2024-03-24 18:10:19,529 [INFO]  Epoch[3] Train-cross-entropy=0.004546
2024-03-24 18:10:19,529 [INFO]  Epoch[3] Train-capital-loss-accuracy=3.259563
2024-03-24 18:10:19,529 [INFO]  Epoch[3] Time cost=1.686
2024-03-24 18:10:19,532 [INFO]  Saved checkpoint to "./imputer_model/3_adult/imputer_model_capital-loss/model-0003.params"
2024-03-24 18:10:19,597 [INFO]  Epoch[3] Validation-cross-entropy=0.000850
2024-03-24 18:10:19,597 [INFO]  Epoch[3] Validation-capital-loss-accuracy=0.000000
2024-03-24 18:10:20,420 [INFO]  Epoch[4] Batch [0-733]	Speed: 14277.67 samples/sec	cross-entropy=0.004142	capital-loss-accuracy=3.307902
2024-03-24 18:10:21,233 [INFO]  Epoch[4] Train-cross-entropy=0.001672
2024-03-24 18:10:21,233 [INFO]  Epoch[4] Train-capital-loss-accuracy=3.259563
2024-03-24 18:10:21,233 [INFO]  Epoch[4] Time cost=1.636
2024-03-24 18:10:21,236 [INFO]  Saved checkpoint to "./imputer_model/3_adult/imputer_model_capital-loss/model-0004.params"
2024-03-24 18:10:21,302 [INFO]  Epoch[4] Validation-cross-entropy=0.000271
2024-03-24 18:10:21,302 [INFO]  Epoch[4] Validation-capital-loss-accuracy=0.000000
2024-03-24 18:10:21,303 [INFO]  
========== done (8.479174852371216 s) fit model
2024-03-24 18:12:39,710 [INFO]  
========== start: fit model
2024-03-24 18:12:39,710 [WARNING]  Already bound, ignoring bind()
2024-03-24 18:12:40,577 [INFO]  Epoch[0] Batch [0-733]	Speed: 13584.88 samples/sec	cross-entropy=0.663787	capital-loss-accuracy=3.279292
2024-03-24 18:12:41,469 [INFO]  Epoch[0] Train-cross-entropy=0.057206
2024-03-24 18:12:41,469 [INFO]  Epoch[0] Train-capital-loss-accuracy=3.271858
2024-03-24 18:12:41,469 [INFO]  Epoch[0] Time cost=1.758
2024-03-24 18:12:41,471 [INFO]  Saved checkpoint to "./imputer_model/3_adult/imputer_model_capital-loss/model-0000.params"
2024-03-24 18:12:41,523 [INFO]  Epoch[0] Validation-cross-entropy=0.000259
2024-03-24 18:12:41,523 [INFO]  Epoch[0] Validation-capital-loss-accuracy=0.000000
2024-03-24 18:12:42,468 [INFO]  Epoch[1] Batch [0-733]	Speed: 12422.36 samples/sec	cross-entropy=0.367377	capital-loss-accuracy=3.279292
2024-03-24 18:12:43,293 [INFO]  Epoch[1] Train-cross-entropy=0.002868
2024-03-24 18:12:43,293 [INFO]  Epoch[1] Train-capital-loss-accuracy=3.271858
2024-03-24 18:12:43,293 [INFO]  Epoch[1] Time cost=1.770
2024-03-24 18:12:43,295 [INFO]  Saved checkpoint to "./imputer_model/3_adult/imputer_model_capital-loss/model-0001.params"
2024-03-24 18:12:43,348 [INFO]  Epoch[1] Validation-cross-entropy=0.000834
2024-03-24 18:12:43,349 [INFO]  Epoch[1] Validation-capital-loss-accuracy=0.000000
2024-03-24 18:12:44,165 [INFO]  Epoch[2] Batch [0-733]	Speed: 14385.88 samples/sec	cross-entropy=0.022329	capital-loss-accuracy=3.279292
2024-03-24 18:12:44,895 [INFO]  Epoch[2] Train-cross-entropy=0.054381
2024-03-24 18:12:44,895 [INFO]  Epoch[2] Train-capital-loss-accuracy=3.271858
2024-03-24 18:12:44,895 [INFO]  Epoch[2] Time cost=1.547
2024-03-24 18:12:44,898 [INFO]  Saved checkpoint to "./imputer_model/3_adult/imputer_model_capital-loss/model-0002.params"
2024-03-24 18:12:44,963 [INFO]  Epoch[2] Validation-cross-entropy=0.000241
2024-03-24 18:12:44,963 [INFO]  Epoch[2] Validation-capital-loss-accuracy=0.000000
2024-03-24 18:12:45,824 [INFO]  Epoch[3] Batch [0-733]	Speed: 13643.68 samples/sec	cross-entropy=0.153593	capital-loss-accuracy=3.279292
2024-03-24 18:12:46,569 [INFO]  Epoch[3] Train-cross-entropy=0.007580
2024-03-24 18:12:46,569 [INFO]  Epoch[3] Train-capital-loss-accuracy=3.271858
2024-03-24 18:12:46,569 [INFO]  Epoch[3] Time cost=1.606
2024-03-24 18:12:46,571 [INFO]  Saved checkpoint to "./imputer_model/3_adult/imputer_model_capital-loss/model-0003.params"
2024-03-24 18:12:46,639 [INFO]  Epoch[3] Validation-cross-entropy=0.000388
2024-03-24 18:12:46,639 [INFO]  Epoch[3] Validation-capital-loss-accuracy=0.000000
2024-03-24 18:12:47,528 [INFO]  Epoch[4] Batch [0-733]	Speed: 13213.95 samples/sec	cross-entropy=0.003350	capital-loss-accuracy=3.279292
2024-03-24 18:12:48,290 [INFO]  Epoch[4] Train-cross-entropy=0.030644
2024-03-24 18:12:48,291 [INFO]  Epoch[4] Train-capital-loss-accuracy=3.271858
2024-03-24 18:12:48,291 [INFO]  Epoch[4] Time cost=1.652
2024-03-24 18:12:48,293 [INFO]  Saved checkpoint to "./imputer_model/3_adult/imputer_model_capital-loss/model-0004.params"
2024-03-24 18:12:48,351 [INFO]  Epoch[4] Validation-cross-entropy=0.000419
2024-03-24 18:12:48,352 [INFO]  Epoch[4] Validation-capital-loss-accuracy=0.000000
2024-03-24 18:12:48,352 [INFO]  
========== done (8.64222002029419 s) fit model
