2024-04-11 16:16:37,706 [INFO]  
========== start: fit model
2024-04-11 16:16:37,706 [WARNING]  Already bound, ignoring bind()
2024-04-11 16:16:38,005 [INFO]  Epoch[0] Batch [0-17]	Speed: 4888.74 samples/sec	cross-entropy=18.449432	Monetary-accuracy=0.000000
2024-04-11 16:16:38,043 [INFO]  Epoch[0] Train-cross-entropy=0.539764
2024-04-11 16:16:38,043 [INFO]  Epoch[0] Train-Monetary-accuracy=0.000000
2024-04-11 16:16:38,043 [INFO]  Epoch[0] Time cost=0.336
2024-04-11 16:16:38,045 [INFO]  Saved checkpoint to "./imputer_model/31_blood/imputer_model_Monetary/model-0000.params"
2024-04-11 16:16:38,047 [INFO]  Epoch[0] Validation-cross-entropy=1.044602
2024-04-11 16:16:38,047 [INFO]  Epoch[0] Validation-Monetary-accuracy=0.000000
2024-04-11 16:16:38,085 [INFO]  Epoch[1] Batch [0-17]	Speed: 7245.52 samples/sec	cross-entropy=0.373945	Monetary-accuracy=0.000000
2024-04-11 16:16:38,095 [INFO]  Epoch[1] Train-cross-entropy=0.047667
2024-04-11 16:16:38,095 [INFO]  Epoch[1] Train-Monetary-accuracy=0.000000
2024-04-11 16:16:38,095 [INFO]  Epoch[1] Time cost=0.048
2024-04-11 16:16:38,097 [INFO]  Saved checkpoint to "./imputer_model/31_blood/imputer_model_Monetary/model-0001.params"
2024-04-11 16:16:38,098 [INFO]  Epoch[1] Validation-cross-entropy=0.092772
2024-04-11 16:16:38,098 [INFO]  Epoch[1] Validation-Monetary-accuracy=0.000000
2024-04-11 16:16:38,125 [INFO]  Epoch[2] Batch [0-17]	Speed: 20782.42 samples/sec	cross-entropy=0.051815	Monetary-accuracy=0.000000
2024-04-11 16:16:38,137 [INFO]  Epoch[2] Train-cross-entropy=0.017064
2024-04-11 16:16:38,137 [INFO]  Epoch[2] Train-Monetary-accuracy=0.000000
2024-04-11 16:16:38,137 [INFO]  Epoch[2] Time cost=0.038
2024-04-11 16:16:38,139 [INFO]  Saved checkpoint to "./imputer_model/31_blood/imputer_model_Monetary/model-0002.params"
2024-04-11 16:16:38,140 [INFO]  Epoch[2] Validation-cross-entropy=0.016245
2024-04-11 16:16:38,140 [INFO]  Epoch[2] Validation-Monetary-accuracy=0.000000
2024-04-11 16:16:38,176 [INFO]  Epoch[3] Batch [0-17]	Speed: 9886.40 samples/sec	cross-entropy=0.010717	Monetary-accuracy=0.000000
2024-04-11 16:16:38,191 [INFO]  Epoch[3] Train-cross-entropy=0.004216
2024-04-11 16:16:38,191 [INFO]  Epoch[3] Train-Monetary-accuracy=0.000000
2024-04-11 16:16:38,191 [INFO]  Epoch[3] Time cost=0.051
2024-04-11 16:16:38,195 [INFO]  Saved checkpoint to "./imputer_model/31_blood/imputer_model_Monetary/model-0003.params"
2024-04-11 16:16:38,290 [INFO]  Epoch[3] Validation-cross-entropy=0.004300
2024-04-11 16:16:38,290 [INFO]  Epoch[3] Validation-Monetary-accuracy=0.000000
2024-04-11 16:16:38,364 [INFO]  Epoch[4] Batch [0-17]	Speed: 3744.36 samples/sec	cross-entropy=0.002854	Monetary-accuracy=0.000000
2024-04-11 16:16:38,413 [INFO]  Epoch[4] Train-cross-entropy=0.000841
2024-04-11 16:16:38,413 [INFO]  Epoch[4] Train-Monetary-accuracy=0.000000
2024-04-11 16:16:38,413 [INFO]  Epoch[4] Time cost=0.122
2024-04-11 16:16:38,417 [INFO]  Saved checkpoint to "./imputer_model/31_blood/imputer_model_Monetary/model-0004.params"
2024-04-11 16:16:38,517 [INFO]  Epoch[4] Validation-cross-entropy=0.000822
2024-04-11 16:16:38,517 [INFO]  Epoch[4] Validation-Monetary-accuracy=0.000000
2024-04-11 16:16:38,517 [INFO]  
========== done (0.8109602928161621 s) fit model
2024-04-11 16:16:41,235 [INFO]  
========== start: fit model
2024-04-11 16:16:41,236 [WARNING]  Already bound, ignoring bind()
2024-04-11 16:16:41,368 [INFO]  Epoch[0] Batch [0-17]	Speed: 7718.72 samples/sec	cross-entropy=6.011991	Monetary-accuracy=0.000000
2024-04-11 16:16:41,564 [INFO]  Epoch[0] Train-cross-entropy=0.842647
2024-04-11 16:16:41,564 [INFO]  Epoch[0] Train-Monetary-accuracy=0.000000
2024-04-11 16:16:41,564 [INFO]  Epoch[0] Time cost=0.327
2024-04-11 16:16:41,566 [INFO]  Saved checkpoint to "./imputer_model/31_blood/imputer_model_Monetary/model-0000.params"
2024-04-11 16:16:41,586 [INFO]  Epoch[0] Validation-cross-entropy=0.135908
2024-04-11 16:16:41,586 [INFO]  Epoch[0] Validation-Monetary-accuracy=0.000000
2024-04-11 16:16:41,635 [INFO]  Epoch[1] Batch [0-17]	Speed: 5779.27 samples/sec	cross-entropy=0.100177	Monetary-accuracy=0.000000
2024-04-11 16:16:41,647 [INFO]  Epoch[1] Train-cross-entropy=0.021366
2024-04-11 16:16:41,647 [INFO]  Epoch[1] Train-Monetary-accuracy=0.000000
2024-04-11 16:16:41,647 [INFO]  Epoch[1] Time cost=0.060
2024-04-11 16:16:41,653 [INFO]  Saved checkpoint to "./imputer_model/31_blood/imputer_model_Monetary/model-0001.params"
2024-04-11 16:16:41,713 [INFO]  Epoch[1] Validation-cross-entropy=0.012443
2024-04-11 16:16:41,714 [INFO]  Epoch[1] Validation-Monetary-accuracy=0.000000
2024-04-11 16:16:41,752 [INFO]  Epoch[2] Batch [0-17]	Speed: 7343.60 samples/sec	cross-entropy=0.006040	Monetary-accuracy=0.000000
2024-04-11 16:16:41,819 [INFO]  Epoch[2] Train-cross-entropy=0.002340
2024-04-11 16:16:41,819 [INFO]  Epoch[2] Train-Monetary-accuracy=0.000000
2024-04-11 16:16:41,819 [INFO]  Epoch[2] Time cost=0.106
2024-04-11 16:16:41,821 [INFO]  Saved checkpoint to "./imputer_model/31_blood/imputer_model_Monetary/model-0002.params"
2024-04-11 16:16:41,823 [INFO]  Epoch[2] Validation-cross-entropy=0.001847
2024-04-11 16:16:41,823 [INFO]  Epoch[2] Validation-Monetary-accuracy=0.000000
2024-04-11 16:16:41,848 [INFO]  Epoch[3] Batch [0-17]	Speed: 11746.82 samples/sec	cross-entropy=0.001303	Monetary-accuracy=0.000000
2024-04-11 16:16:42,001 [INFO]  Epoch[3] Train-cross-entropy=0.000516
2024-04-11 16:16:42,002 [INFO]  Epoch[3] Train-Monetary-accuracy=0.000000
2024-04-11 16:16:42,002 [INFO]  Epoch[3] Time cost=0.178
2024-04-11 16:16:42,005 [INFO]  Saved checkpoint to "./imputer_model/31_blood/imputer_model_Monetary/model-0003.params"
2024-04-11 16:16:42,013 [INFO]  Epoch[3] Validation-cross-entropy=0.000460
2024-04-11 16:16:42,014 [INFO]  Epoch[3] Validation-Monetary-accuracy=0.000000
2024-04-11 16:16:42,042 [INFO]  Epoch[4] Batch [0-17]	Speed: 10142.88 samples/sec	cross-entropy=0.000307	Monetary-accuracy=0.000000
2024-04-11 16:16:42,054 [INFO]  Epoch[4] Train-cross-entropy=0.000130
2024-04-11 16:16:42,055 [INFO]  Epoch[4] Train-Monetary-accuracy=0.000000
2024-04-11 16:16:42,055 [INFO]  Epoch[4] Time cost=0.041
2024-04-11 16:16:42,056 [INFO]  Saved checkpoint to "./imputer_model/31_blood/imputer_model_Monetary/model-0004.params"
2024-04-11 16:16:42,058 [INFO]  Epoch[4] Validation-cross-entropy=0.000097
2024-04-11 16:16:42,058 [INFO]  Epoch[4] Validation-Monetary-accuracy=0.000000
2024-04-11 16:16:42,058 [INFO]  
========== done (0.8224039077758789 s) fit model
2024-04-11 16:16:44,930 [INFO]  
========== start: fit model
2024-04-11 16:16:44,930 [WARNING]  Already bound, ignoring bind()
2024-04-11 16:16:45,052 [INFO]  Epoch[0] Batch [0-17]	Speed: 18593.95 samples/sec	cross-entropy=0.378179	Monetary-accuracy=3.111111
2024-04-11 16:16:45,077 [INFO]  Epoch[0] Train-cross-entropy=0.060932
2024-04-11 16:16:45,077 [INFO]  Epoch[0] Train-Monetary-accuracy=3.375000
2024-04-11 16:16:45,077 [INFO]  Epoch[0] Time cost=0.146
2024-04-11 16:16:45,079 [INFO]  Saved checkpoint to "./imputer_model/31_blood/imputer_model_Monetary/model-0000.params"
2024-04-11 16:16:45,080 [INFO]  Epoch[0] Validation-cross-entropy=0.094402
2024-04-11 16:16:45,080 [INFO]  Epoch[0] Validation-Monetary-accuracy=0.000000
2024-04-11 16:16:45,249 [INFO]  Epoch[1] Batch [0-17]	Speed: 2151.53 samples/sec	cross-entropy=0.234208	Monetary-accuracy=3.111111
2024-04-11 16:16:45,274 [INFO]  Epoch[1] Train-cross-entropy=0.056512
2024-04-11 16:16:45,275 [INFO]  Epoch[1] Train-Monetary-accuracy=3.375000
2024-04-11 16:16:45,275 [INFO]  Epoch[1] Time cost=0.194
2024-04-11 16:16:45,278 [INFO]  Saved checkpoint to "./imputer_model/31_blood/imputer_model_Monetary/model-0001.params"
2024-04-11 16:16:45,290 [INFO]  Epoch[1] Validation-cross-entropy=0.094454
2024-04-11 16:16:45,290 [INFO]  Epoch[1] Validation-Monetary-accuracy=0.000000
2024-04-11 16:16:45,322 [INFO]  Epoch[2] Batch [0-17]	Speed: 8699.69 samples/sec	cross-entropy=0.221904	Monetary-accuracy=3.111111
2024-04-11 16:16:45,334 [INFO]  Epoch[2] Train-cross-entropy=0.037928
2024-04-11 16:16:45,334 [INFO]  Epoch[2] Train-Monetary-accuracy=3.375000
2024-04-11 16:16:45,334 [INFO]  Epoch[2] Time cost=0.044
2024-04-11 16:16:45,335 [INFO]  Saved checkpoint to "./imputer_model/31_blood/imputer_model_Monetary/model-0002.params"
2024-04-11 16:16:45,337 [INFO]  Epoch[2] Validation-cross-entropy=0.057218
2024-04-11 16:16:45,337 [INFO]  Epoch[2] Validation-Monetary-accuracy=0.000000
2024-04-11 16:16:45,349 [INFO]  Epoch[3] Batch [0-17]	Speed: 23945.32 samples/sec	cross-entropy=0.120930	Monetary-accuracy=3.111111
2024-04-11 16:16:45,396 [INFO]  Epoch[3] Train-cross-entropy=0.012988
2024-04-11 16:16:45,397 [INFO]  Epoch[3] Train-Monetary-accuracy=3.375000
2024-04-11 16:16:45,397 [INFO]  Epoch[3] Time cost=0.060
2024-04-11 16:16:45,398 [INFO]  Saved checkpoint to "./imputer_model/31_blood/imputer_model_Monetary/model-0003.params"
2024-04-11 16:16:45,400 [INFO]  Epoch[3] Validation-cross-entropy=0.009357
2024-04-11 16:16:45,400 [INFO]  Epoch[3] Validation-Monetary-accuracy=0.000000
2024-04-11 16:16:45,424 [INFO]  Epoch[4] Batch [0-17]	Speed: 11954.09 samples/sec	cross-entropy=0.011524	Monetary-accuracy=3.111111
2024-04-11 16:16:45,435 [INFO]  Epoch[4] Train-cross-entropy=0.001178
2024-04-11 16:16:45,435 [INFO]  Epoch[4] Train-Monetary-accuracy=3.375000
2024-04-11 16:16:45,436 [INFO]  Epoch[4] Time cost=0.036
2024-04-11 16:16:45,437 [INFO]  Saved checkpoint to "./imputer_model/31_blood/imputer_model_Monetary/model-0004.params"
2024-04-11 16:16:45,439 [INFO]  Epoch[4] Validation-cross-entropy=0.000774
2024-04-11 16:16:45,439 [INFO]  Epoch[4] Validation-Monetary-accuracy=0.000000
2024-04-11 16:16:45,439 [INFO]  
========== done (0.5090484619140625 s) fit model
2024-04-11 16:16:47,825 [INFO]  
========== start: fit model
2024-04-11 16:16:47,825 [WARNING]  Already bound, ignoring bind()
2024-04-11 16:16:47,902 [INFO]  Epoch[0] Batch [0-17]	Speed: 4142.58 samples/sec	cross-entropy=7.209860	Monetary-accuracy=0.000000
2024-04-11 16:16:48,083 [INFO]  Epoch[0] Train-cross-entropy=0.536991
2024-04-11 16:16:48,083 [INFO]  Epoch[0] Train-Monetary-accuracy=0.000000
2024-04-11 16:16:48,083 [INFO]  Epoch[0] Time cost=0.257
2024-04-11 16:16:48,085 [INFO]  Saved checkpoint to "./imputer_model/31_blood/imputer_model_Monetary/model-0000.params"
2024-04-11 16:16:48,086 [INFO]  Epoch[0] Validation-cross-entropy=0.599610
2024-04-11 16:16:48,086 [INFO]  Epoch[0] Validation-Monetary-accuracy=0.000000
2024-04-11 16:16:48,162 [INFO]  Epoch[1] Batch [0-17]	Speed: 3651.22 samples/sec	cross-entropy=0.132855	Monetary-accuracy=0.000000
2024-04-11 16:16:48,203 [INFO]  Epoch[1] Train-cross-entropy=0.075529
2024-04-11 16:16:48,203 [INFO]  Epoch[1] Train-Monetary-accuracy=0.000000
2024-04-11 16:16:48,203 [INFO]  Epoch[1] Time cost=0.117
2024-04-11 16:16:48,205 [INFO]  Saved checkpoint to "./imputer_model/31_blood/imputer_model_Monetary/model-0001.params"
2024-04-11 16:16:48,206 [INFO]  Epoch[1] Validation-cross-entropy=0.019652
2024-04-11 16:16:48,206 [INFO]  Epoch[1] Validation-Monetary-accuracy=0.000000
2024-04-11 16:16:48,246 [INFO]  Epoch[2] Batch [0-17]	Speed: 6943.24 samples/sec	cross-entropy=0.014992	Monetary-accuracy=0.000000
2024-04-11 16:16:48,274 [INFO]  Epoch[2] Train-cross-entropy=0.006703
2024-04-11 16:16:48,274 [INFO]  Epoch[2] Train-Monetary-accuracy=0.000000
2024-04-11 16:16:48,274 [INFO]  Epoch[2] Time cost=0.068
2024-04-11 16:16:48,276 [INFO]  Saved checkpoint to "./imputer_model/31_blood/imputer_model_Monetary/model-0002.params"
2024-04-11 16:16:48,287 [INFO]  Epoch[2] Validation-cross-entropy=0.007452
2024-04-11 16:16:48,287 [INFO]  Epoch[2] Validation-Monetary-accuracy=0.000000
2024-04-11 16:16:48,301 [INFO]  Epoch[3] Batch [0-17]	Speed: 22142.55 samples/sec	cross-entropy=0.004645	Monetary-accuracy=0.000000
2024-04-11 16:16:48,312 [INFO]  Epoch[3] Train-cross-entropy=0.001471
2024-04-11 16:16:48,312 [INFO]  Epoch[3] Train-Monetary-accuracy=0.000000
2024-04-11 16:16:48,312 [INFO]  Epoch[3] Time cost=0.025
2024-04-11 16:16:48,314 [INFO]  Saved checkpoint to "./imputer_model/31_blood/imputer_model_Monetary/model-0003.params"
2024-04-11 16:16:48,322 [INFO]  Epoch[3] Validation-cross-entropy=0.001342
2024-04-11 16:16:48,322 [INFO]  Epoch[3] Validation-Monetary-accuracy=0.000000
2024-04-11 16:16:48,385 [INFO]  Epoch[4] Batch [0-17]	Speed: 4404.10 samples/sec	cross-entropy=0.000899	Monetary-accuracy=0.000000
2024-04-11 16:16:48,746 [INFO]  Epoch[4] Train-cross-entropy=0.000339
2024-04-11 16:16:48,746 [INFO]  Epoch[4] Train-Monetary-accuracy=0.000000
2024-04-11 16:16:48,746 [INFO]  Epoch[4] Time cost=0.424
2024-04-11 16:16:48,748 [INFO]  Saved checkpoint to "./imputer_model/31_blood/imputer_model_Monetary/model-0004.params"
2024-04-11 16:16:48,751 [INFO]  Epoch[4] Validation-cross-entropy=0.000261
2024-04-11 16:16:48,751 [INFO]  Epoch[4] Validation-Monetary-accuracy=0.000000
2024-04-11 16:16:48,751 [INFO]  
========== done (0.9263820648193359 s) fit model
2024-04-11 16:16:51,482 [INFO]  
========== start: fit model
2024-04-11 16:16:51,483 [WARNING]  Already bound, ignoring bind()
2024-04-11 16:16:51,494 [INFO]  Epoch[0] Batch [0-17]	Speed: 27909.35 samples/sec	cross-entropy=11.659776	Monetary-accuracy=0.000000
2024-04-11 16:16:51,521 [INFO]  Epoch[0] Train-cross-entropy=0.678359
2024-04-11 16:16:51,521 [INFO]  Epoch[0] Train-Monetary-accuracy=0.000000
2024-04-11 16:16:51,521 [INFO]  Epoch[0] Time cost=0.038
2024-04-11 16:16:51,523 [INFO]  Saved checkpoint to "./imputer_model/31_blood/imputer_model_Monetary/model-0000.params"
2024-04-11 16:16:51,524 [INFO]  Epoch[0] Validation-cross-entropy=0.397741
2024-04-11 16:16:51,524 [INFO]  Epoch[0] Validation-Monetary-accuracy=0.000000
2024-04-11 16:16:51,539 [INFO]  Epoch[1] Batch [0-17]	Speed: 19233.44 samples/sec	cross-entropy=0.122675	Monetary-accuracy=0.000000
2024-04-11 16:16:51,572 [INFO]  Epoch[1] Train-cross-entropy=0.107635
2024-04-11 16:16:51,572 [INFO]  Epoch[1] Train-Monetary-accuracy=0.000000
2024-04-11 16:16:51,572 [INFO]  Epoch[1] Time cost=0.048
2024-04-11 16:16:51,574 [INFO]  Saved checkpoint to "./imputer_model/31_blood/imputer_model_Monetary/model-0001.params"
2024-04-11 16:16:51,615 [INFO]  Epoch[1] Validation-cross-entropy=0.012578
2024-04-11 16:16:51,615 [INFO]  Epoch[1] Validation-Monetary-accuracy=0.000000
2024-04-11 16:16:51,637 [INFO]  Epoch[2] Batch [0-17]	Speed: 13351.72 samples/sec	cross-entropy=0.016461	Monetary-accuracy=0.000000
2024-04-11 16:16:51,656 [INFO]  Epoch[2] Train-cross-entropy=0.002394
2024-04-11 16:16:51,656 [INFO]  Epoch[2] Train-Monetary-accuracy=0.000000
2024-04-11 16:16:51,656 [INFO]  Epoch[2] Time cost=0.041
2024-04-11 16:16:51,658 [INFO]  Saved checkpoint to "./imputer_model/31_blood/imputer_model_Monetary/model-0002.params"
2024-04-11 16:16:51,660 [INFO]  Epoch[2] Validation-cross-entropy=0.000252
2024-04-11 16:16:51,660 [INFO]  Epoch[2] Validation-Monetary-accuracy=0.000000
2024-04-11 16:16:51,678 [INFO]  Epoch[3] Batch [0-17]	Speed: 16084.86 samples/sec	cross-entropy=0.000821	Monetary-accuracy=0.000000
2024-04-11 16:16:51,781 [INFO]  Epoch[3] Train-cross-entropy=0.000171
2024-04-11 16:16:51,781 [INFO]  Epoch[3] Train-Monetary-accuracy=0.000000
2024-04-11 16:16:51,781 [INFO]  Epoch[3] Time cost=0.122
2024-04-11 16:16:51,783 [INFO]  Saved checkpoint to "./imputer_model/31_blood/imputer_model_Monetary/model-0003.params"
2024-04-11 16:16:51,826 [INFO]  Epoch[3] Validation-cross-entropy=0.000056
2024-04-11 16:16:51,827 [INFO]  Epoch[3] Validation-Monetary-accuracy=0.000000
2024-04-11 16:16:51,848 [INFO]  Epoch[4] Batch [0-17]	Speed: 13584.47 samples/sec	cross-entropy=0.000101	Monetary-accuracy=0.000000
2024-04-11 16:16:51,867 [INFO]  Epoch[4] Train-cross-entropy=0.000043
2024-04-11 16:16:51,867 [INFO]  Epoch[4] Train-Monetary-accuracy=0.000000
2024-04-11 16:16:51,867 [INFO]  Epoch[4] Time cost=0.040
2024-04-11 16:16:51,869 [INFO]  Saved checkpoint to "./imputer_model/31_blood/imputer_model_Monetary/model-0004.params"
2024-04-11 16:16:51,872 [INFO]  Epoch[4] Validation-cross-entropy=0.000027
2024-04-11 16:16:51,872 [INFO]  Epoch[4] Validation-Monetary-accuracy=0.000000
2024-04-11 16:16:51,872 [INFO]  
========== done (0.38994574546813965 s) fit model
2024-04-11 16:16:53,808 [INFO]  
========== start: fit model
2024-04-11 16:16:53,808 [WARNING]  Already bound, ignoring bind()
2024-04-11 16:16:53,888 [INFO]  Epoch[0] Batch [0-17]	Speed: 3844.48 samples/sec	cross-entropy=2.593532	Monetary-accuracy=0.000000
2024-04-11 16:16:53,962 [INFO]  Epoch[0] Train-cross-entropy=0.596410
2024-04-11 16:16:53,962 [INFO]  Epoch[0] Train-Monetary-accuracy=0.000000
2024-04-11 16:16:53,962 [INFO]  Epoch[0] Time cost=0.154
2024-04-11 16:16:53,966 [INFO]  Saved checkpoint to "./imputer_model/31_blood/imputer_model_Monetary/model-0000.params"
2024-04-11 16:16:53,973 [INFO]  Epoch[0] Validation-cross-entropy=0.036273
2024-04-11 16:16:53,973 [INFO]  Epoch[0] Validation-Monetary-accuracy=0.000000
2024-04-11 16:16:53,986 [INFO]  Epoch[1] Batch [0-17]	Speed: 22125.80 samples/sec	cross-entropy=0.328233	Monetary-accuracy=0.000000
2024-04-11 16:16:54,032 [INFO]  Epoch[1] Train-cross-entropy=0.207947
2024-04-11 16:16:54,032 [INFO]  Epoch[1] Train-Monetary-accuracy=0.000000
2024-04-11 16:16:54,033 [INFO]  Epoch[1] Time cost=0.060
2024-04-11 16:16:54,034 [INFO]  Saved checkpoint to "./imputer_model/31_blood/imputer_model_Monetary/model-0001.params"
2024-04-11 16:16:54,037 [INFO]  Epoch[1] Validation-cross-entropy=0.020479
2024-04-11 16:16:54,037 [INFO]  Epoch[1] Validation-Monetary-accuracy=0.000000
2024-04-11 16:16:54,049 [INFO]  Epoch[2] Batch [0-17]	Speed: 25572.16 samples/sec	cross-entropy=0.072509	Monetary-accuracy=0.000000
2024-04-11 16:16:54,143 [INFO]  Epoch[2] Train-cross-entropy=0.036740
2024-04-11 16:16:54,143 [INFO]  Epoch[2] Train-Monetary-accuracy=0.000000
2024-04-11 16:16:54,143 [INFO]  Epoch[2] Time cost=0.106
2024-04-11 16:16:54,145 [INFO]  Saved checkpoint to "./imputer_model/31_blood/imputer_model_Monetary/model-0002.params"
2024-04-11 16:16:54,146 [INFO]  Epoch[2] Validation-cross-entropy=0.010783
2024-04-11 16:16:54,146 [INFO]  Epoch[2] Validation-Monetary-accuracy=0.000000
2024-04-11 16:16:54,159 [INFO]  Epoch[3] Batch [0-17]	Speed: 23129.26 samples/sec	cross-entropy=0.005393	Monetary-accuracy=0.000000
2024-04-11 16:16:54,208 [INFO]  Epoch[3] Train-cross-entropy=0.000491
2024-04-11 16:16:54,208 [INFO]  Epoch[3] Train-Monetary-accuracy=0.000000
2024-04-11 16:16:54,208 [INFO]  Epoch[3] Time cost=0.062
2024-04-11 16:16:54,210 [INFO]  Saved checkpoint to "./imputer_model/31_blood/imputer_model_Monetary/model-0003.params"
2024-04-11 16:16:54,212 [INFO]  Epoch[3] Validation-cross-entropy=0.000131
2024-04-11 16:16:54,212 [INFO]  Epoch[3] Validation-Monetary-accuracy=0.000000
2024-04-11 16:16:54,298 [INFO]  Epoch[4] Batch [0-17]	Speed: 3174.81 samples/sec	cross-entropy=0.000116	Monetary-accuracy=0.000000
2024-04-11 16:16:54,570 [INFO]  Epoch[4] Train-cross-entropy=0.000036
2024-04-11 16:16:54,570 [INFO]  Epoch[4] Train-Monetary-accuracy=0.000000
2024-04-11 16:16:54,570 [INFO]  Epoch[4] Time cost=0.358
2024-04-11 16:16:54,571 [INFO]  Saved checkpoint to "./imputer_model/31_blood/imputer_model_Monetary/model-0004.params"
2024-04-11 16:16:54,575 [INFO]  Epoch[4] Validation-cross-entropy=0.000047
2024-04-11 16:16:54,575 [INFO]  Epoch[4] Validation-Monetary-accuracy=0.000000
2024-04-11 16:16:54,575 [INFO]  
========== done (0.7677617073059082 s) fit model
2024-04-11 16:16:57,216 [INFO]  
========== start: fit model
2024-04-11 16:16:57,216 [WARNING]  Already bound, ignoring bind()
2024-04-11 16:16:57,303 [INFO]  Epoch[0] Batch [0-17]	Speed: 3310.09 samples/sec	cross-entropy=1.156361	Monetary-accuracy=3.277778
2024-04-11 16:16:57,339 [INFO]  Epoch[0] Train-cross-entropy=0.245626
2024-04-11 16:16:57,339 [INFO]  Epoch[0] Train-Monetary-accuracy=2.937500
2024-04-11 16:16:57,339 [INFO]  Epoch[0] Time cost=0.122
2024-04-11 16:16:57,341 [INFO]  Saved checkpoint to "./imputer_model/31_blood/imputer_model_Monetary/model-0000.params"
2024-04-11 16:16:57,344 [INFO]  Epoch[0] Validation-cross-entropy=0.843155
2024-04-11 16:16:57,344 [INFO]  Epoch[0] Validation-Monetary-accuracy=0.000000
2024-04-11 16:16:57,371 [INFO]  Epoch[1] Batch [0-17]	Speed: 10696.34 samples/sec	cross-entropy=0.647111	Monetary-accuracy=3.277778
2024-04-11 16:16:57,396 [INFO]  Epoch[1] Train-cross-entropy=0.290318
2024-04-11 16:16:57,396 [INFO]  Epoch[1] Train-Monetary-accuracy=2.937500
2024-04-11 16:16:57,396 [INFO]  Epoch[1] Time cost=0.052
2024-04-11 16:16:57,398 [INFO]  Saved checkpoint to "./imputer_model/31_blood/imputer_model_Monetary/model-0001.params"
2024-04-11 16:16:57,399 [INFO]  Epoch[1] Validation-cross-entropy=0.123669
2024-04-11 16:16:57,399 [INFO]  Epoch[1] Validation-Monetary-accuracy=0.000000
2024-04-11 16:16:57,429 [INFO]  Epoch[2] Batch [0-17]	Speed: 9226.60 samples/sec	cross-entropy=0.269126	Monetary-accuracy=3.277778
2024-04-11 16:16:57,443 [INFO]  Epoch[2] Train-cross-entropy=0.140796
2024-04-11 16:16:57,443 [INFO]  Epoch[2] Train-Monetary-accuracy=2.937500
2024-04-11 16:16:57,443 [INFO]  Epoch[2] Time cost=0.044
2024-04-11 16:16:57,444 [INFO]  Saved checkpoint to "./imputer_model/31_blood/imputer_model_Monetary/model-0002.params"
2024-04-11 16:16:57,446 [INFO]  Epoch[2] Validation-cross-entropy=0.128140
2024-04-11 16:16:57,446 [INFO]  Epoch[2] Validation-Monetary-accuracy=0.000000
2024-04-11 16:16:57,486 [INFO]  Epoch[3] Batch [0-17]	Speed: 7024.47 samples/sec	cross-entropy=0.190252	Monetary-accuracy=3.277778
2024-04-11 16:16:57,501 [INFO]  Epoch[3] Train-cross-entropy=0.117284
2024-04-11 16:16:57,501 [INFO]  Epoch[3] Train-Monetary-accuracy=2.937500
2024-04-11 16:16:57,501 [INFO]  Epoch[3] Time cost=0.055
2024-04-11 16:16:57,503 [INFO]  Saved checkpoint to "./imputer_model/31_blood/imputer_model_Monetary/model-0003.params"
2024-04-11 16:16:57,504 [INFO]  Epoch[3] Validation-cross-entropy=0.190020
2024-04-11 16:16:57,504 [INFO]  Epoch[3] Validation-Monetary-accuracy=0.000000
2024-04-11 16:16:57,521 [INFO]  Epoch[4] Batch [0-17]	Speed: 18092.37 samples/sec	cross-entropy=0.232707	Monetary-accuracy=3.277778
2024-04-11 16:16:57,534 [INFO]  Epoch[4] Train-cross-entropy=0.147446
2024-04-11 16:16:57,534 [INFO]  Epoch[4] Train-Monetary-accuracy=2.937500
2024-04-11 16:16:57,534 [INFO]  Epoch[4] Time cost=0.030
2024-04-11 16:16:57,536 [INFO]  Saved checkpoint to "./imputer_model/31_blood/imputer_model_Monetary/model-0004.params"
2024-04-11 16:16:57,539 [INFO]  Epoch[4] Validation-cross-entropy=0.282005
2024-04-11 16:16:57,540 [INFO]  Epoch[4] Validation-Monetary-accuracy=0.000000
2024-04-11 16:16:57,540 [INFO]  
========== done (0.3235049247741699 s) fit model
2024-04-11 16:16:59,699 [INFO]  
========== start: fit model
2024-04-11 16:16:59,699 [WARNING]  Already bound, ignoring bind()
2024-04-11 16:16:59,765 [INFO]  Epoch[0] Batch [0-17]	Speed: 4343.07 samples/sec	cross-entropy=22.006147	Monetary-accuracy=3.388889
2024-04-11 16:16:59,788 [INFO]  Epoch[0] Train-cross-entropy=1.040470
2024-04-11 16:16:59,788 [INFO]  Epoch[0] Train-Monetary-accuracy=3.187500
2024-04-11 16:16:59,788 [INFO]  Epoch[0] Time cost=0.088
2024-04-11 16:16:59,790 [INFO]  Saved checkpoint to "./imputer_model/31_blood/imputer_model_Monetary/model-0000.params"
2024-04-11 16:16:59,792 [INFO]  Epoch[0] Validation-cross-entropy=4.673886
2024-04-11 16:16:59,792 [INFO]  Epoch[0] Validation-Monetary-accuracy=0.000000
2024-04-11 16:16:59,817 [INFO]  Epoch[1] Batch [0-17]	Speed: 11652.39 samples/sec	cross-entropy=1.087891	Monetary-accuracy=3.388889
2024-04-11 16:16:59,835 [INFO]  Epoch[1] Train-cross-entropy=0.105564
2024-04-11 16:16:59,835 [INFO]  Epoch[1] Train-Monetary-accuracy=3.187500
2024-04-11 16:16:59,835 [INFO]  Epoch[1] Time cost=0.043
2024-04-11 16:16:59,837 [INFO]  Saved checkpoint to "./imputer_model/31_blood/imputer_model_Monetary/model-0001.params"
2024-04-11 16:16:59,839 [INFO]  Epoch[1] Validation-cross-entropy=0.449039
2024-04-11 16:16:59,839 [INFO]  Epoch[1] Validation-Monetary-accuracy=0.000000
2024-04-11 16:16:59,860 [INFO]  Epoch[2] Batch [0-17]	Speed: 13587.06 samples/sec	cross-entropy=0.118311	Monetary-accuracy=3.388889
2024-04-11 16:16:59,874 [INFO]  Epoch[2] Train-cross-entropy=0.040224
2024-04-11 16:16:59,874 [INFO]  Epoch[2] Train-Monetary-accuracy=3.187500
2024-04-11 16:16:59,874 [INFO]  Epoch[2] Time cost=0.035
2024-04-11 16:16:59,876 [INFO]  Saved checkpoint to "./imputer_model/31_blood/imputer_model_Monetary/model-0002.params"
2024-04-11 16:16:59,878 [INFO]  Epoch[2] Validation-cross-entropy=0.046852
2024-04-11 16:16:59,878 [INFO]  Epoch[2] Validation-Monetary-accuracy=0.000000
2024-04-11 16:16:59,899 [INFO]  Epoch[3] Batch [0-17]	Speed: 14157.64 samples/sec	cross-entropy=0.013332	Monetary-accuracy=3.388889
2024-04-11 16:16:59,912 [INFO]  Epoch[3] Train-cross-entropy=0.001544
2024-04-11 16:16:59,912 [INFO]  Epoch[3] Train-Monetary-accuracy=3.187500
2024-04-11 16:16:59,912 [INFO]  Epoch[3] Time cost=0.034
2024-04-11 16:16:59,914 [INFO]  Saved checkpoint to "./imputer_model/31_blood/imputer_model_Monetary/model-0003.params"
2024-04-11 16:16:59,916 [INFO]  Epoch[3] Validation-cross-entropy=0.000346
2024-04-11 16:16:59,916 [INFO]  Epoch[3] Validation-Monetary-accuracy=0.000000
2024-04-11 16:16:59,931 [INFO]  Epoch[4] Batch [0-17]	Speed: 19792.69 samples/sec	cross-entropy=0.000558	Monetary-accuracy=3.388889
2024-04-11 16:16:59,948 [INFO]  Epoch[4] Train-cross-entropy=0.000367
2024-04-11 16:16:59,949 [INFO]  Epoch[4] Train-Monetary-accuracy=3.187500
2024-04-11 16:16:59,949 [INFO]  Epoch[4] Time cost=0.033
2024-04-11 16:16:59,950 [INFO]  Saved checkpoint to "./imputer_model/31_blood/imputer_model_Monetary/model-0004.params"
2024-04-11 16:16:59,958 [INFO]  Epoch[4] Validation-cross-entropy=0.000155
2024-04-11 16:16:59,958 [INFO]  Epoch[4] Validation-Monetary-accuracy=0.000000
2024-04-11 16:16:59,958 [INFO]  
========== done (0.25894784927368164 s) fit model
2024-04-11 16:17:02,312 [INFO]  
========== start: fit model
2024-04-11 16:17:02,312 [WARNING]  Already bound, ignoring bind()
2024-04-11 16:17:02,362 [INFO]  Epoch[0] Batch [0-17]	Speed: 21734.22 samples/sec	cross-entropy=1.581416	Monetary-accuracy=3.166667
2024-04-11 16:17:02,434 [INFO]  Epoch[0] Train-cross-entropy=0.169415
2024-04-11 16:17:02,434 [INFO]  Epoch[0] Train-Monetary-accuracy=3.250000
2024-04-11 16:17:02,434 [INFO]  Epoch[0] Time cost=0.121
2024-04-11 16:17:02,436 [INFO]  Saved checkpoint to "./imputer_model/31_blood/imputer_model_Monetary/model-0000.params"
2024-04-11 16:17:02,440 [INFO]  Epoch[0] Validation-cross-entropy=0.029256
2024-04-11 16:17:02,440 [INFO]  Epoch[0] Validation-Monetary-accuracy=0.000000
2024-04-11 16:17:02,460 [INFO]  Epoch[1] Batch [0-17]	Speed: 14349.06 samples/sec	cross-entropy=0.028493	Monetary-accuracy=3.166667
2024-04-11 16:17:02,586 [INFO]  Epoch[1] Train-cross-entropy=0.009200
2024-04-11 16:17:02,586 [INFO]  Epoch[1] Train-Monetary-accuracy=3.250000
2024-04-11 16:17:02,586 [INFO]  Epoch[1] Time cost=0.147
2024-04-11 16:17:02,588 [INFO]  Saved checkpoint to "./imputer_model/31_blood/imputer_model_Monetary/model-0001.params"
2024-04-11 16:17:02,589 [INFO]  Epoch[1] Validation-cross-entropy=0.005139
2024-04-11 16:17:02,589 [INFO]  Epoch[1] Validation-Monetary-accuracy=0.000000
2024-04-11 16:17:02,625 [INFO]  Epoch[2] Batch [0-17]	Speed: 7714.81 samples/sec	cross-entropy=0.001627	Monetary-accuracy=3.166667
2024-04-11 16:17:02,635 [INFO]  Epoch[2] Train-cross-entropy=0.000387
2024-04-11 16:17:02,635 [INFO]  Epoch[2] Train-Monetary-accuracy=3.250000
2024-04-11 16:17:02,635 [INFO]  Epoch[2] Time cost=0.046
2024-04-11 16:17:02,637 [INFO]  Saved checkpoint to "./imputer_model/31_blood/imputer_model_Monetary/model-0002.params"
2024-04-11 16:17:02,638 [INFO]  Epoch[2] Validation-cross-entropy=0.000230
2024-04-11 16:17:02,638 [INFO]  Epoch[2] Validation-Monetary-accuracy=0.000000
2024-04-11 16:17:02,662 [INFO]  Epoch[3] Batch [0-17]	Speed: 12077.22 samples/sec	cross-entropy=0.000134	Monetary-accuracy=3.166667
2024-04-11 16:17:02,673 [INFO]  Epoch[3] Train-cross-entropy=0.000077
2024-04-11 16:17:02,673 [INFO]  Epoch[3] Train-Monetary-accuracy=3.250000
2024-04-11 16:17:02,673 [INFO]  Epoch[3] Time cost=0.035
2024-04-11 16:17:02,675 [INFO]  Saved checkpoint to "./imputer_model/31_blood/imputer_model_Monetary/model-0003.params"
2024-04-11 16:17:02,676 [INFO]  Epoch[3] Validation-cross-entropy=0.000054
2024-04-11 16:17:02,676 [INFO]  Epoch[3] Validation-Monetary-accuracy=0.000000
2024-04-11 16:17:02,687 [INFO]  Epoch[4] Batch [0-17]	Speed: 26848.60 samples/sec	cross-entropy=0.000073	Monetary-accuracy=3.166667
2024-04-11 16:17:02,715 [INFO]  Epoch[4] Train-cross-entropy=0.000070
2024-04-11 16:17:02,715 [INFO]  Epoch[4] Train-Monetary-accuracy=3.250000
2024-04-11 16:17:02,715 [INFO]  Epoch[4] Time cost=0.039
2024-04-11 16:17:02,717 [INFO]  Saved checkpoint to "./imputer_model/31_blood/imputer_model_Monetary/model-0004.params"
2024-04-11 16:17:02,718 [INFO]  Epoch[4] Validation-cross-entropy=0.000042
2024-04-11 16:17:02,718 [INFO]  Epoch[4] Validation-Monetary-accuracy=0.000000
2024-04-11 16:17:02,718 [INFO]  
========== done (0.40614795684814453 s) fit model
2024-04-11 16:17:05,224 [INFO]  
========== start: fit model
2024-04-11 16:17:05,224 [WARNING]  Already bound, ignoring bind()
2024-04-11 16:17:05,245 [INFO]  Epoch[0] Batch [0-17]	Speed: 15913.44 samples/sec	cross-entropy=11.929362	Monetary-accuracy=3.055556
2024-04-11 16:17:05,278 [INFO]  Epoch[0] Train-cross-entropy=0.915036
2024-04-11 16:17:05,278 [INFO]  Epoch[0] Train-Monetary-accuracy=3.250000
2024-04-11 16:17:05,278 [INFO]  Epoch[0] Time cost=0.053
2024-04-11 16:17:05,280 [INFO]  Saved checkpoint to "./imputer_model/31_blood/imputer_model_Monetary/model-0000.params"
2024-04-11 16:17:05,281 [INFO]  Epoch[0] Validation-cross-entropy=0.449637
2024-04-11 16:17:05,281 [INFO]  Epoch[0] Validation-Monetary-accuracy=0.000000
2024-04-11 16:17:05,292 [INFO]  Epoch[1] Batch [0-17]	Speed: 25802.35 samples/sec	cross-entropy=0.148109	Monetary-accuracy=3.055556
2024-04-11 16:17:05,302 [INFO]  Epoch[1] Train-cross-entropy=0.162148
2024-04-11 16:17:05,302 [INFO]  Epoch[1] Train-Monetary-accuracy=3.250000
2024-04-11 16:17:05,302 [INFO]  Epoch[1] Time cost=0.022
2024-04-11 16:17:05,304 [INFO]  Saved checkpoint to "./imputer_model/31_blood/imputer_model_Monetary/model-0001.params"
2024-04-11 16:17:05,305 [INFO]  Epoch[1] Validation-cross-entropy=0.050624
2024-04-11 16:17:05,305 [INFO]  Epoch[1] Validation-Monetary-accuracy=0.000000
2024-04-11 16:17:05,324 [INFO]  Epoch[2] Batch [0-17]	Speed: 15189.27 samples/sec	cross-entropy=0.068631	Monetary-accuracy=3.055556
2024-04-11 16:17:05,340 [INFO]  Epoch[2] Train-cross-entropy=0.017021
2024-04-11 16:17:05,340 [INFO]  Epoch[2] Train-Monetary-accuracy=3.250000
2024-04-11 16:17:05,340 [INFO]  Epoch[2] Time cost=0.035
2024-04-11 16:17:05,357 [INFO]  Saved checkpoint to "./imputer_model/31_blood/imputer_model_Monetary/model-0002.params"
2024-04-11 16:17:05,375 [INFO]  Epoch[2] Validation-cross-entropy=0.006408
2024-04-11 16:17:05,375 [INFO]  Epoch[2] Validation-Monetary-accuracy=0.000000
2024-04-11 16:17:05,462 [INFO]  Epoch[3] Batch [0-17]	Speed: 3158.56 samples/sec	cross-entropy=0.006744	Monetary-accuracy=3.055556
2024-04-11 16:17:05,481 [INFO]  Epoch[3] Train-cross-entropy=0.002260
2024-04-11 16:17:05,481 [INFO]  Epoch[3] Train-Monetary-accuracy=3.250000
2024-04-11 16:17:05,481 [INFO]  Epoch[3] Time cost=0.106
2024-04-11 16:17:05,483 [INFO]  Saved checkpoint to "./imputer_model/31_blood/imputer_model_Monetary/model-0003.params"
2024-04-11 16:17:05,485 [INFO]  Epoch[3] Validation-cross-entropy=0.001218
2024-04-11 16:17:05,485 [INFO]  Epoch[3] Validation-Monetary-accuracy=0.000000
2024-04-11 16:17:05,510 [INFO]  Epoch[4] Batch [0-17]	Speed: 11465.84 samples/sec	cross-entropy=0.001028	Monetary-accuracy=3.055556
2024-04-11 16:17:05,526 [INFO]  Epoch[4] Train-cross-entropy=0.000552
2024-04-11 16:17:05,526 [INFO]  Epoch[4] Train-Monetary-accuracy=3.250000
2024-04-11 16:17:05,526 [INFO]  Epoch[4] Time cost=0.041
2024-04-11 16:17:05,527 [INFO]  Saved checkpoint to "./imputer_model/31_blood/imputer_model_Monetary/model-0004.params"
2024-04-11 16:17:05,529 [INFO]  Epoch[4] Validation-cross-entropy=0.000311
2024-04-11 16:17:05,529 [INFO]  Epoch[4] Validation-Monetary-accuracy=0.000000
2024-04-11 16:17:05,529 [INFO]  
========== done (0.30529117584228516 s) fit model
2024-04-11 16:17:07,730 [INFO]  
========== start: fit model
2024-04-11 16:17:07,730 [WARNING]  Already bound, ignoring bind()
2024-04-11 16:17:07,858 [INFO]  Epoch[0] Batch [0-17]	Speed: 2729.01 samples/sec	cross-entropy=22.910799	Monetary-accuracy=2.777778
2024-04-11 16:17:07,936 [INFO]  Epoch[0] Train-cross-entropy=1.035454
2024-04-11 16:17:07,937 [INFO]  Epoch[0] Train-Monetary-accuracy=3.875000
2024-04-11 16:17:07,937 [INFO]  Epoch[0] Time cost=0.205
2024-04-11 16:17:07,940 [INFO]  Saved checkpoint to "./imputer_model/31_blood/imputer_model_Monetary/model-0000.params"
2024-04-11 16:17:07,950 [INFO]  Epoch[0] Validation-cross-entropy=0.810574
2024-04-11 16:17:07,951 [INFO]  Epoch[0] Validation-Monetary-accuracy=0.000000
2024-04-11 16:17:08,035 [INFO]  Epoch[1] Batch [0-17]	Speed: 3240.08 samples/sec	cross-entropy=0.666105	Monetary-accuracy=2.777778
2024-04-11 16:17:08,056 [INFO]  Epoch[1] Train-cross-entropy=0.136993
2024-04-11 16:17:08,056 [INFO]  Epoch[1] Train-Monetary-accuracy=3.875000
2024-04-11 16:17:08,057 [INFO]  Epoch[1] Time cost=0.106
2024-04-11 16:17:08,058 [INFO]  Saved checkpoint to "./imputer_model/31_blood/imputer_model_Monetary/model-0001.params"
2024-04-11 16:17:08,061 [INFO]  Epoch[1] Validation-cross-entropy=0.058205
2024-04-11 16:17:08,061 [INFO]  Epoch[1] Validation-Monetary-accuracy=0.000000
2024-04-11 16:17:08,222 [INFO]  Epoch[2] Batch [0-17]	Speed: 1703.13 samples/sec	cross-entropy=0.062959	Monetary-accuracy=2.777778
2024-04-11 16:17:08,282 [INFO]  Epoch[2] Train-cross-entropy=0.029905
2024-04-11 16:17:08,283 [INFO]  Epoch[2] Train-Monetary-accuracy=3.875000
2024-04-11 16:17:08,283 [INFO]  Epoch[2] Time cost=0.222
2024-04-11 16:17:08,284 [INFO]  Saved checkpoint to "./imputer_model/31_blood/imputer_model_Monetary/model-0002.params"
2024-04-11 16:17:08,287 [INFO]  Epoch[2] Validation-cross-entropy=0.020782
2024-04-11 16:17:08,287 [INFO]  Epoch[2] Validation-Monetary-accuracy=0.000000
2024-04-11 16:17:08,315 [INFO]  Epoch[3] Batch [0-17]	Speed: 10017.92 samples/sec	cross-entropy=0.014991	Monetary-accuracy=2.777778
2024-04-11 16:17:08,356 [INFO]  Epoch[3] Train-cross-entropy=0.008188
2024-04-11 16:17:08,357 [INFO]  Epoch[3] Train-Monetary-accuracy=3.875000
2024-04-11 16:17:08,357 [INFO]  Epoch[3] Time cost=0.070
2024-04-11 16:17:08,358 [INFO]  Saved checkpoint to "./imputer_model/31_blood/imputer_model_Monetary/model-0003.params"
2024-04-11 16:17:08,360 [INFO]  Epoch[3] Validation-cross-entropy=0.005093
2024-04-11 16:17:08,360 [INFO]  Epoch[3] Validation-Monetary-accuracy=0.000000
2024-04-11 16:17:08,382 [INFO]  Epoch[4] Batch [0-17]	Speed: 12748.07 samples/sec	cross-entropy=0.003804	Monetary-accuracy=2.777778
2024-04-11 16:17:08,404 [INFO]  Epoch[4] Train-cross-entropy=0.001982
2024-04-11 16:17:08,404 [INFO]  Epoch[4] Train-Monetary-accuracy=3.875000
2024-04-11 16:17:08,404 [INFO]  Epoch[4] Time cost=0.044
2024-04-11 16:17:08,408 [INFO]  Saved checkpoint to "./imputer_model/31_blood/imputer_model_Monetary/model-0004.params"
2024-04-11 16:17:08,426 [INFO]  Epoch[4] Validation-cross-entropy=0.000962
2024-04-11 16:17:08,426 [INFO]  Epoch[4] Validation-Monetary-accuracy=0.000000
2024-04-11 16:17:08,426 [INFO]  
========== done (0.695683479309082 s) fit model
2024-04-11 16:17:10,630 [INFO]  
========== start: fit model
2024-04-11 16:17:10,630 [WARNING]  Already bound, ignoring bind()
2024-04-11 16:17:10,807 [INFO]  Epoch[0] Batch [0-17]	Speed: 9151.11 samples/sec	cross-entropy=10.636324	Monetary-accuracy=3.277778
2024-04-11 16:17:10,823 [INFO]  Epoch[0] Train-cross-entropy=0.942390
2024-04-11 16:17:10,823 [INFO]  Epoch[0] Train-Monetary-accuracy=3.000000
2024-04-11 16:17:10,823 [INFO]  Epoch[0] Time cost=0.192
2024-04-11 16:17:10,826 [INFO]  Saved checkpoint to "./imputer_model/31_blood/imputer_model_Monetary/model-0000.params"
2024-04-11 16:17:10,830 [INFO]  Epoch[0] Validation-cross-entropy=1.012263
2024-04-11 16:17:10,830 [INFO]  Epoch[0] Validation-Monetary-accuracy=0.000000
2024-04-11 16:17:10,882 [INFO]  Epoch[1] Batch [0-17]	Speed: 5317.26 samples/sec	cross-entropy=0.630847	Monetary-accuracy=3.277778
2024-04-11 16:17:10,923 [INFO]  Epoch[1] Train-cross-entropy=0.119748
2024-04-11 16:17:10,923 [INFO]  Epoch[1] Train-Monetary-accuracy=3.000000
2024-04-11 16:17:10,923 [INFO]  Epoch[1] Time cost=0.093
2024-04-11 16:17:10,924 [INFO]  Saved checkpoint to "./imputer_model/31_blood/imputer_model_Monetary/model-0001.params"
2024-04-11 16:17:10,926 [INFO]  Epoch[1] Validation-cross-entropy=0.133170
2024-04-11 16:17:10,926 [INFO]  Epoch[1] Validation-Monetary-accuracy=0.000000
2024-04-11 16:17:10,967 [INFO]  Epoch[2] Batch [0-17]	Speed: 6816.34 samples/sec	cross-entropy=0.118746	Monetary-accuracy=3.277778
2024-04-11 16:17:10,992 [INFO]  Epoch[2] Train-cross-entropy=0.033711
2024-04-11 16:17:10,992 [INFO]  Epoch[2] Train-Monetary-accuracy=3.000000
2024-04-11 16:17:10,992 [INFO]  Epoch[2] Time cost=0.066
2024-04-11 16:17:10,994 [INFO]  Saved checkpoint to "./imputer_model/31_blood/imputer_model_Monetary/model-0002.params"
2024-04-11 16:17:10,996 [INFO]  Epoch[2] Validation-cross-entropy=0.009887
2024-04-11 16:17:10,996 [INFO]  Epoch[2] Validation-Monetary-accuracy=0.000000
2024-04-11 16:17:11,020 [INFO]  Epoch[3] Batch [0-17]	Speed: 11988.89 samples/sec	cross-entropy=0.004871	Monetary-accuracy=3.277778
2024-04-11 16:17:11,039 [INFO]  Epoch[3] Train-cross-entropy=0.000925
2024-04-11 16:17:11,039 [INFO]  Epoch[3] Train-Monetary-accuracy=3.000000
2024-04-11 16:17:11,040 [INFO]  Epoch[3] Time cost=0.044
2024-04-11 16:17:11,041 [INFO]  Saved checkpoint to "./imputer_model/31_blood/imputer_model_Monetary/model-0003.params"
2024-04-11 16:17:11,044 [INFO]  Epoch[3] Validation-cross-entropy=0.000545
2024-04-11 16:17:11,044 [INFO]  Epoch[3] Validation-Monetary-accuracy=0.000000
2024-04-11 16:17:11,087 [INFO]  Epoch[4] Batch [0-17]	Speed: 6391.82 samples/sec	cross-entropy=0.000399	Monetary-accuracy=3.277778
2024-04-11 16:17:11,117 [INFO]  Epoch[4] Train-cross-entropy=0.000131
2024-04-11 16:17:11,117 [INFO]  Epoch[4] Train-Monetary-accuracy=3.000000
2024-04-11 16:17:11,117 [INFO]  Epoch[4] Time cost=0.073
2024-04-11 16:17:11,121 [INFO]  Saved checkpoint to "./imputer_model/31_blood/imputer_model_Monetary/model-0004.params"
2024-04-11 16:17:11,210 [INFO]  Epoch[4] Validation-cross-entropy=0.000106
2024-04-11 16:17:11,210 [INFO]  Epoch[4] Validation-Monetary-accuracy=0.000000
2024-04-11 16:17:11,210 [INFO]  
========== done (0.580219030380249 s) fit model
2024-04-11 16:17:13,741 [INFO]  
========== start: fit model
2024-04-11 16:17:13,741 [WARNING]  Already bound, ignoring bind()
2024-04-11 16:17:13,822 [INFO]  Epoch[0] Batch [0-17]	Speed: 7065.01 samples/sec	cross-entropy=2.222541	Monetary-accuracy=0.000000
2024-04-11 16:17:13,834 [INFO]  Epoch[0] Train-cross-entropy=0.217731
2024-04-11 16:17:13,834 [INFO]  Epoch[0] Train-Monetary-accuracy=0.000000
2024-04-11 16:17:13,834 [INFO]  Epoch[0] Time cost=0.092
2024-04-11 16:17:13,835 [INFO]  Saved checkpoint to "./imputer_model/31_blood/imputer_model_Monetary/model-0000.params"
2024-04-11 16:17:13,838 [INFO]  Epoch[0] Validation-cross-entropy=0.157389
2024-04-11 16:17:13,838 [INFO]  Epoch[0] Validation-Monetary-accuracy=0.000000
2024-04-11 16:17:13,855 [INFO]  Epoch[1] Batch [0-17]	Speed: 16586.95 samples/sec	cross-entropy=0.063785	Monetary-accuracy=0.000000
2024-04-11 16:17:13,898 [INFO]  Epoch[1] Train-cross-entropy=0.018380
2024-04-11 16:17:13,898 [INFO]  Epoch[1] Train-Monetary-accuracy=0.000000
2024-04-11 16:17:13,898 [INFO]  Epoch[1] Time cost=0.061
2024-04-11 16:17:13,900 [INFO]  Saved checkpoint to "./imputer_model/31_blood/imputer_model_Monetary/model-0001.params"
2024-04-11 16:17:13,902 [INFO]  Epoch[1] Validation-cross-entropy=0.008378
2024-04-11 16:17:13,902 [INFO]  Epoch[1] Validation-Monetary-accuracy=0.000000
2024-04-11 16:17:13,920 [INFO]  Epoch[2] Batch [0-17]	Speed: 15806.29 samples/sec	cross-entropy=0.007577	Monetary-accuracy=0.000000
2024-04-11 16:17:13,978 [INFO]  Epoch[2] Train-cross-entropy=0.004119
2024-04-11 16:17:13,978 [INFO]  Epoch[2] Train-Monetary-accuracy=0.000000
2024-04-11 16:17:13,978 [INFO]  Epoch[2] Time cost=0.076
2024-04-11 16:17:13,979 [INFO]  Saved checkpoint to "./imputer_model/31_blood/imputer_model_Monetary/model-0002.params"
2024-04-11 16:17:14,009 [INFO]  Epoch[2] Validation-cross-entropy=0.001912
2024-04-11 16:17:14,009 [INFO]  Epoch[2] Validation-Monetary-accuracy=0.000000
2024-04-11 16:17:14,059 [INFO]  Epoch[3] Batch [0-17]	Speed: 5610.34 samples/sec	cross-entropy=0.001245	Monetary-accuracy=0.000000
2024-04-11 16:17:14,076 [INFO]  Epoch[3] Train-cross-entropy=0.000971
2024-04-11 16:17:14,076 [INFO]  Epoch[3] Train-Monetary-accuracy=0.000000
2024-04-11 16:17:14,076 [INFO]  Epoch[3] Time cost=0.067
2024-04-11 16:17:14,078 [INFO]  Saved checkpoint to "./imputer_model/31_blood/imputer_model_Monetary/model-0003.params"
2024-04-11 16:17:14,080 [INFO]  Epoch[3] Validation-cross-entropy=0.000361
2024-04-11 16:17:14,080 [INFO]  Epoch[3] Validation-Monetary-accuracy=0.000000
2024-04-11 16:17:14,113 [INFO]  Epoch[4] Batch [0-17]	Speed: 8661.25 samples/sec	cross-entropy=0.000963	Monetary-accuracy=0.000000
2024-04-11 16:17:14,134 [INFO]  Epoch[4] Train-cross-entropy=0.000851
2024-04-11 16:17:14,134 [INFO]  Epoch[4] Train-Monetary-accuracy=0.000000
2024-04-11 16:17:14,134 [INFO]  Epoch[4] Time cost=0.054
2024-04-11 16:17:14,136 [INFO]  Saved checkpoint to "./imputer_model/31_blood/imputer_model_Monetary/model-0004.params"
2024-04-11 16:17:14,138 [INFO]  Epoch[4] Validation-cross-entropy=0.000526
2024-04-11 16:17:14,138 [INFO]  Epoch[4] Validation-Monetary-accuracy=0.000000
2024-04-11 16:17:14,138 [INFO]  
========== done (0.3970308303833008 s) fit model
2024-04-11 16:17:17,957 [INFO]  
========== start: fit model
2024-04-11 16:17:17,958 [WARNING]  Already bound, ignoring bind()
2024-04-11 16:17:18,176 [INFO]  Epoch[0] Batch [0-17]	Speed: 2461.30 samples/sec	cross-entropy=7.885481	Monetary-accuracy=0.000000
2024-04-11 16:17:18,194 [INFO]  Epoch[0] Train-cross-entropy=0.976924
2024-04-11 16:17:18,194 [INFO]  Epoch[0] Train-Monetary-accuracy=0.000000
2024-04-11 16:17:18,194 [INFO]  Epoch[0] Time cost=0.235
2024-04-11 16:17:18,195 [INFO]  Saved checkpoint to "./imputer_model/31_blood/imputer_model_Monetary/model-0000.params"
2024-04-11 16:17:18,197 [INFO]  Epoch[0] Validation-cross-entropy=0.469540
2024-04-11 16:17:18,197 [INFO]  Epoch[0] Validation-Monetary-accuracy=0.000000
2024-04-11 16:17:18,220 [INFO]  Epoch[1] Batch [0-17]	Speed: 12493.57 samples/sec	cross-entropy=0.238116	Monetary-accuracy=0.000000
2024-04-11 16:17:18,242 [INFO]  Epoch[1] Train-cross-entropy=0.037571
2024-04-11 16:17:18,242 [INFO]  Epoch[1] Train-Monetary-accuracy=0.000000
2024-04-11 16:17:18,242 [INFO]  Epoch[1] Time cost=0.045
2024-04-11 16:17:18,244 [INFO]  Saved checkpoint to "./imputer_model/31_blood/imputer_model_Monetary/model-0001.params"
2024-04-11 16:17:18,246 [INFO]  Epoch[1] Validation-cross-entropy=0.000682
2024-04-11 16:17:18,246 [INFO]  Epoch[1] Validation-Monetary-accuracy=0.000000
2024-04-11 16:17:18,266 [INFO]  Epoch[2] Batch [0-17]	Speed: 14710.40 samples/sec	cross-entropy=0.005506	Monetary-accuracy=0.000000
2024-04-11 16:17:18,283 [INFO]  Epoch[2] Train-cross-entropy=0.000929
2024-04-11 16:17:18,283 [INFO]  Epoch[2] Train-Monetary-accuracy=0.000000
2024-04-11 16:17:18,283 [INFO]  Epoch[2] Time cost=0.037
2024-04-11 16:17:18,285 [INFO]  Saved checkpoint to "./imputer_model/31_blood/imputer_model_Monetary/model-0002.params"
2024-04-11 16:17:18,287 [INFO]  Epoch[2] Validation-cross-entropy=0.000582
2024-04-11 16:17:18,288 [INFO]  Epoch[2] Validation-Monetary-accuracy=0.000000
2024-04-11 16:17:18,311 [INFO]  Epoch[3] Batch [0-17]	Speed: 13309.19 samples/sec	cross-entropy=0.001475	Monetary-accuracy=0.000000
2024-04-11 16:17:18,332 [INFO]  Epoch[3] Train-cross-entropy=0.000237
2024-04-11 16:17:18,332 [INFO]  Epoch[3] Train-Monetary-accuracy=0.000000
2024-04-11 16:17:18,332 [INFO]  Epoch[3] Time cost=0.044
2024-04-11 16:17:18,334 [INFO]  Saved checkpoint to "./imputer_model/31_blood/imputer_model_Monetary/model-0003.params"
2024-04-11 16:17:18,335 [INFO]  Epoch[3] Validation-cross-entropy=0.000072
2024-04-11 16:17:18,335 [INFO]  Epoch[3] Validation-Monetary-accuracy=0.000000
2024-04-11 16:17:18,358 [INFO]  Epoch[4] Batch [0-17]	Speed: 12729.87 samples/sec	cross-entropy=0.000202	Monetary-accuracy=0.000000
2024-04-11 16:17:18,378 [INFO]  Epoch[4] Train-cross-entropy=0.000022
2024-04-11 16:17:18,378 [INFO]  Epoch[4] Train-Monetary-accuracy=0.000000
2024-04-11 16:17:18,378 [INFO]  Epoch[4] Time cost=0.043
2024-04-11 16:17:18,380 [INFO]  Saved checkpoint to "./imputer_model/31_blood/imputer_model_Monetary/model-0004.params"
2024-04-11 16:17:18,382 [INFO]  Epoch[4] Validation-cross-entropy=0.000015
2024-04-11 16:17:18,382 [INFO]  Epoch[4] Validation-Monetary-accuracy=0.000000
2024-04-11 16:17:18,382 [INFO]  
========== done (0.4244723320007324 s) fit model
2024-04-11 16:17:21,172 [INFO]  
========== start: fit model
2024-04-11 16:17:21,173 [WARNING]  Already bound, ignoring bind()
2024-04-11 16:17:21,202 [INFO]  Epoch[0] Batch [0-17]	Speed: 10699.55 samples/sec	cross-entropy=1.782009	Monetary-accuracy=3.833333
2024-04-11 16:17:21,217 [INFO]  Epoch[0] Train-cross-entropy=0.354443
2024-04-11 16:17:21,217 [INFO]  Epoch[0] Train-Monetary-accuracy=2.562500
2024-04-11 16:17:21,217 [INFO]  Epoch[0] Time cost=0.043
2024-04-11 16:17:21,218 [INFO]  Saved checkpoint to "./imputer_model/31_blood/imputer_model_Monetary/model-0000.params"
2024-04-11 16:17:21,221 [INFO]  Epoch[0] Validation-cross-entropy=0.081518
2024-04-11 16:17:21,221 [INFO]  Epoch[0] Validation-Monetary-accuracy=0.000000
2024-04-11 16:17:21,309 [INFO]  Epoch[1] Batch [0-17]	Speed: 3108.92 samples/sec	cross-entropy=0.134999	Monetary-accuracy=3.833333
2024-04-11 16:17:21,476 [INFO]  Epoch[1] Train-cross-entropy=0.049241
2024-04-11 16:17:21,476 [INFO]  Epoch[1] Train-Monetary-accuracy=2.562500
2024-04-11 16:17:21,476 [INFO]  Epoch[1] Time cost=0.255
2024-04-11 16:17:21,478 [INFO]  Saved checkpoint to "./imputer_model/31_blood/imputer_model_Monetary/model-0001.params"
2024-04-11 16:17:21,479 [INFO]  Epoch[1] Validation-cross-entropy=0.022237
2024-04-11 16:17:21,479 [INFO]  Epoch[1] Validation-Monetary-accuracy=0.000000
2024-04-11 16:17:21,492 [INFO]  Epoch[2] Batch [0-17]	Speed: 23378.09 samples/sec	cross-entropy=0.013583	Monetary-accuracy=3.833333
2024-04-11 16:17:21,503 [INFO]  Epoch[2] Train-cross-entropy=0.007501
2024-04-11 16:17:21,503 [INFO]  Epoch[2] Train-Monetary-accuracy=2.562500
2024-04-11 16:17:21,503 [INFO]  Epoch[2] Time cost=0.024
2024-04-11 16:17:21,623 [INFO]  Saved checkpoint to "./imputer_model/31_blood/imputer_model_Monetary/model-0002.params"
2024-04-11 16:17:21,697 [INFO]  Epoch[2] Validation-cross-entropy=0.003906
2024-04-11 16:17:21,697 [INFO]  Epoch[2] Validation-Monetary-accuracy=0.000000
2024-04-11 16:17:21,873 [INFO]  Epoch[3] Batch [0-17]	Speed: 1553.78 samples/sec	cross-entropy=0.001344	Monetary-accuracy=3.833333
2024-04-11 16:17:21,908 [INFO]  Epoch[3] Train-cross-entropy=0.000583
2024-04-11 16:17:21,908 [INFO]  Epoch[3] Train-Monetary-accuracy=2.562500
2024-04-11 16:17:21,908 [INFO]  Epoch[3] Time cost=0.211
2024-04-11 16:17:21,910 [INFO]  Saved checkpoint to "./imputer_model/31_blood/imputer_model_Monetary/model-0003.params"
2024-04-11 16:17:21,912 [INFO]  Epoch[3] Validation-cross-entropy=0.000184
2024-04-11 16:17:21,912 [INFO]  Epoch[3] Validation-Monetary-accuracy=0.000000
2024-04-11 16:17:21,950 [INFO]  Epoch[4] Batch [0-17]	Speed: 7830.89 samples/sec	cross-entropy=0.000049	Monetary-accuracy=3.833333
2024-04-11 16:17:22,004 [INFO]  Epoch[4] Train-cross-entropy=0.000010
2024-04-11 16:17:22,004 [INFO]  Epoch[4] Train-Monetary-accuracy=2.562500
2024-04-11 16:17:22,004 [INFO]  Epoch[4] Time cost=0.092
2024-04-11 16:17:22,006 [INFO]  Saved checkpoint to "./imputer_model/31_blood/imputer_model_Monetary/model-0004.params"
2024-04-11 16:17:22,008 [INFO]  Epoch[4] Validation-cross-entropy=0.000004
2024-04-11 16:17:22,008 [INFO]  Epoch[4] Validation-Monetary-accuracy=0.000000
2024-04-11 16:17:22,009 [INFO]  
========== done (0.8360419273376465 s) fit model
2024-04-11 16:17:24,541 [INFO]  
========== start: fit model
2024-04-11 16:17:24,541 [WARNING]  Already bound, ignoring bind()
2024-04-11 16:17:24,700 [INFO]  Epoch[0] Batch [0-17]	Speed: 3470.41 samples/sec	cross-entropy=0.884547	Monetary-accuracy=3.166667
2024-04-11 16:17:24,752 [INFO]  Epoch[0] Train-cross-entropy=0.198525
2024-04-11 16:17:24,752 [INFO]  Epoch[0] Train-Monetary-accuracy=3.062500
2024-04-11 16:17:24,752 [INFO]  Epoch[0] Time cost=0.210
2024-04-11 16:17:24,754 [INFO]  Saved checkpoint to "./imputer_model/31_blood/imputer_model_Monetary/model-0000.params"
2024-04-11 16:17:24,756 [INFO]  Epoch[0] Validation-cross-entropy=0.134772
2024-04-11 16:17:24,756 [INFO]  Epoch[0] Validation-Monetary-accuracy=0.000000
2024-04-11 16:17:24,815 [INFO]  Epoch[1] Batch [0-17]	Speed: 4700.29 samples/sec	cross-entropy=0.155501	Monetary-accuracy=3.166667
2024-04-11 16:17:24,868 [INFO]  Epoch[1] Train-cross-entropy=0.016039
2024-04-11 16:17:24,868 [INFO]  Epoch[1] Train-Monetary-accuracy=3.062500
2024-04-11 16:17:24,868 [INFO]  Epoch[1] Time cost=0.113
2024-04-11 16:17:24,870 [INFO]  Saved checkpoint to "./imputer_model/31_blood/imputer_model_Monetary/model-0001.params"
2024-04-11 16:17:24,872 [INFO]  Epoch[1] Validation-cross-entropy=0.014331
2024-04-11 16:17:24,872 [INFO]  Epoch[1] Validation-Monetary-accuracy=0.000000
2024-04-11 16:17:24,894 [INFO]  Epoch[2] Batch [0-17]	Speed: 13250.91 samples/sec	cross-entropy=0.010270	Monetary-accuracy=3.166667
2024-04-11 16:17:24,912 [INFO]  Epoch[2] Train-cross-entropy=0.001011
2024-04-11 16:17:24,912 [INFO]  Epoch[2] Train-Monetary-accuracy=3.062500
2024-04-11 16:17:24,912 [INFO]  Epoch[2] Time cost=0.040
2024-04-11 16:17:24,914 [INFO]  Saved checkpoint to "./imputer_model/31_blood/imputer_model_Monetary/model-0002.params"
2024-04-11 16:17:24,916 [INFO]  Epoch[2] Validation-cross-entropy=0.000605
2024-04-11 16:17:24,916 [INFO]  Epoch[2] Validation-Monetary-accuracy=0.000000
2024-04-11 16:17:24,946 [INFO]  Epoch[3] Batch [0-17]	Speed: 10073.47 samples/sec	cross-entropy=0.000686	Monetary-accuracy=3.166667
2024-04-11 16:17:24,997 [INFO]  Epoch[3] Train-cross-entropy=0.000125
2024-04-11 16:17:24,998 [INFO]  Epoch[3] Train-Monetary-accuracy=3.062500
2024-04-11 16:17:24,998 [INFO]  Epoch[3] Time cost=0.082
2024-04-11 16:17:25,000 [INFO]  Saved checkpoint to "./imputer_model/31_blood/imputer_model_Monetary/model-0003.params"
2024-04-11 16:17:25,003 [INFO]  Epoch[3] Validation-cross-entropy=0.000097
2024-04-11 16:17:25,003 [INFO]  Epoch[3] Validation-Monetary-accuracy=0.000000
2024-04-11 16:17:25,024 [INFO]  Epoch[4] Batch [0-17]	Speed: 13702.27 samples/sec	cross-entropy=0.000306	Monetary-accuracy=3.166667
2024-04-11 16:17:25,090 [INFO]  Epoch[4] Train-cross-entropy=0.000225
2024-04-11 16:17:25,090 [INFO]  Epoch[4] Train-Monetary-accuracy=3.062500
2024-04-11 16:17:25,090 [INFO]  Epoch[4] Time cost=0.087
2024-04-11 16:17:25,092 [INFO]  Saved checkpoint to "./imputer_model/31_blood/imputer_model_Monetary/model-0004.params"
2024-04-11 16:17:25,093 [INFO]  Epoch[4] Validation-cross-entropy=0.000345
2024-04-11 16:17:25,093 [INFO]  Epoch[4] Validation-Monetary-accuracy=0.000000
2024-04-11 16:17:25,093 [INFO]  
========== done (0.5520889759063721 s) fit model
2024-04-11 16:17:28,633 [INFO]  
========== start: fit model
2024-04-11 16:17:28,633 [WARNING]  Already bound, ignoring bind()
2024-04-11 16:17:28,705 [INFO]  Epoch[0] Batch [0-17]	Speed: 5452.64 samples/sec	cross-entropy=6.243248	Monetary-accuracy=0.000000
2024-04-11 16:17:28,782 [INFO]  Epoch[0] Train-cross-entropy=0.609352
2024-04-11 16:17:28,783 [INFO]  Epoch[0] Train-Monetary-accuracy=0.000000
2024-04-11 16:17:28,783 [INFO]  Epoch[0] Time cost=0.149
2024-04-11 16:17:28,785 [INFO]  Saved checkpoint to "./imputer_model/31_blood/imputer_model_Monetary/model-0000.params"
2024-04-11 16:17:28,789 [INFO]  Epoch[0] Validation-cross-entropy=0.122912
2024-04-11 16:17:28,789 [INFO]  Epoch[0] Validation-Monetary-accuracy=0.000000
2024-04-11 16:17:28,910 [INFO]  Epoch[1] Batch [0-17]	Speed: 2270.59 samples/sec	cross-entropy=0.129341	Monetary-accuracy=0.000000
2024-04-11 16:17:29,086 [INFO]  Epoch[1] Train-cross-entropy=0.043905
2024-04-11 16:17:29,086 [INFO]  Epoch[1] Train-Monetary-accuracy=0.000000
2024-04-11 16:17:29,087 [INFO]  Epoch[1] Time cost=0.298
2024-04-11 16:17:29,088 [INFO]  Saved checkpoint to "./imputer_model/31_blood/imputer_model_Monetary/model-0001.params"
2024-04-11 16:17:29,089 [INFO]  Epoch[1] Validation-cross-entropy=0.020212
2024-04-11 16:17:29,090 [INFO]  Epoch[1] Validation-Monetary-accuracy=0.000000
2024-04-11 16:17:29,128 [INFO]  Epoch[2] Batch [0-17]	Speed: 7165.74 samples/sec	cross-entropy=0.017193	Monetary-accuracy=0.000000
2024-04-11 16:17:29,155 [INFO]  Epoch[2] Train-cross-entropy=0.007558
2024-04-11 16:17:29,155 [INFO]  Epoch[2] Train-Monetary-accuracy=0.000000
2024-04-11 16:17:29,155 [INFO]  Epoch[2] Time cost=0.065
2024-04-11 16:17:29,157 [INFO]  Saved checkpoint to "./imputer_model/31_blood/imputer_model_Monetary/model-0002.params"
2024-04-11 16:17:29,158 [INFO]  Epoch[2] Validation-cross-entropy=0.005291
2024-04-11 16:17:29,158 [INFO]  Epoch[2] Validation-Monetary-accuracy=0.000000
2024-04-11 16:17:29,181 [INFO]  Epoch[3] Batch [0-17]	Speed: 12609.01 samples/sec	cross-entropy=0.004978	Monetary-accuracy=0.000000
2024-04-11 16:17:29,242 [INFO]  Epoch[3] Train-cross-entropy=0.002020
2024-04-11 16:17:29,243 [INFO]  Epoch[3] Train-Monetary-accuracy=0.000000
2024-04-11 16:17:29,243 [INFO]  Epoch[3] Time cost=0.084
2024-04-11 16:17:29,244 [INFO]  Saved checkpoint to "./imputer_model/31_blood/imputer_model_Monetary/model-0003.params"
2024-04-11 16:17:29,245 [INFO]  Epoch[3] Validation-cross-entropy=0.001772
2024-04-11 16:17:29,245 [INFO]  Epoch[3] Validation-Monetary-accuracy=0.000000
2024-04-11 16:17:29,259 [INFO]  Epoch[4] Batch [0-17]	Speed: 21431.27 samples/sec	cross-entropy=0.001632	Monetary-accuracy=0.000000
2024-04-11 16:17:29,280 [INFO]  Epoch[4] Train-cross-entropy=0.000815
2024-04-11 16:17:29,280 [INFO]  Epoch[4] Train-Monetary-accuracy=0.000000
2024-04-11 16:17:29,280 [INFO]  Epoch[4] Time cost=0.035
2024-04-11 16:17:29,281 [INFO]  Saved checkpoint to "./imputer_model/31_blood/imputer_model_Monetary/model-0004.params"
2024-04-11 16:17:29,283 [INFO]  Epoch[4] Validation-cross-entropy=0.000628
2024-04-11 16:17:29,283 [INFO]  Epoch[4] Validation-Monetary-accuracy=0.000000
2024-04-11 16:17:29,283 [INFO]  
========== done (0.6502127647399902 s) fit model
2024-04-11 16:17:31,845 [INFO]  
========== start: fit model
2024-04-11 16:17:31,845 [WARNING]  Already bound, ignoring bind()
2024-04-11 16:17:31,896 [INFO]  Epoch[0] Batch [0-17]	Speed: 7646.35 samples/sec	cross-entropy=2.670210	Monetary-accuracy=0.000000
2024-04-11 16:17:32,120 [INFO]  Epoch[0] Train-cross-entropy=0.148842
2024-04-11 16:17:32,120 [INFO]  Epoch[0] Train-Monetary-accuracy=0.000000
2024-04-11 16:17:32,120 [INFO]  Epoch[0] Time cost=0.270
2024-04-11 16:17:32,122 [INFO]  Saved checkpoint to "./imputer_model/31_blood/imputer_model_Monetary/model-0000.params"
2024-04-11 16:17:32,140 [INFO]  Epoch[0] Validation-cross-entropy=0.042031
2024-04-11 16:17:32,140 [INFO]  Epoch[0] Validation-Monetary-accuracy=0.000000
2024-04-11 16:17:32,216 [INFO]  Epoch[1] Batch [0-17]	Speed: 3666.31 samples/sec	cross-entropy=0.111196	Monetary-accuracy=0.000000
2024-04-11 16:17:32,253 [INFO]  Epoch[1] Train-cross-entropy=0.041022
2024-04-11 16:17:32,253 [INFO]  Epoch[1] Train-Monetary-accuracy=0.000000
2024-04-11 16:17:32,253 [INFO]  Epoch[1] Time cost=0.114
2024-04-11 16:17:32,255 [INFO]  Saved checkpoint to "./imputer_model/31_blood/imputer_model_Monetary/model-0001.params"
2024-04-11 16:17:32,257 [INFO]  Epoch[1] Validation-cross-entropy=0.015794
2024-04-11 16:17:32,257 [INFO]  Epoch[1] Validation-Monetary-accuracy=0.000000
2024-04-11 16:17:32,312 [INFO]  Epoch[2] Batch [0-17]	Speed: 4952.81 samples/sec	cross-entropy=0.030602	Monetary-accuracy=0.000000
2024-04-11 16:17:32,331 [INFO]  Epoch[2] Train-cross-entropy=0.004286
2024-04-11 16:17:32,331 [INFO]  Epoch[2] Train-Monetary-accuracy=0.000000
2024-04-11 16:17:32,331 [INFO]  Epoch[2] Time cost=0.074
2024-04-11 16:17:32,332 [INFO]  Saved checkpoint to "./imputer_model/31_blood/imputer_model_Monetary/model-0002.params"
2024-04-11 16:17:32,334 [INFO]  Epoch[2] Validation-cross-entropy=0.001281
2024-04-11 16:17:32,334 [INFO]  Epoch[2] Validation-Monetary-accuracy=0.000000
2024-04-11 16:17:32,377 [INFO]  Epoch[3] Batch [0-17]	Speed: 6579.07 samples/sec	cross-entropy=0.001119	Monetary-accuracy=0.000000
2024-04-11 16:17:32,389 [INFO]  Epoch[3] Train-cross-entropy=0.000480
2024-04-11 16:17:32,389 [INFO]  Epoch[3] Train-Monetary-accuracy=0.000000
2024-04-11 16:17:32,389 [INFO]  Epoch[3] Time cost=0.055
2024-04-11 16:17:32,391 [INFO]  Saved checkpoint to "./imputer_model/31_blood/imputer_model_Monetary/model-0003.params"
2024-04-11 16:17:32,392 [INFO]  Epoch[3] Validation-cross-entropy=0.000273
2024-04-11 16:17:32,392 [INFO]  Epoch[3] Validation-Monetary-accuracy=0.000000
2024-04-11 16:17:32,406 [INFO]  Epoch[4] Batch [0-17]	Speed: 21650.90 samples/sec	cross-entropy=0.000152	Monetary-accuracy=0.000000
2024-04-11 16:17:32,519 [INFO]  Epoch[4] Train-cross-entropy=0.000063
2024-04-11 16:17:32,519 [INFO]  Epoch[4] Train-Monetary-accuracy=0.000000
2024-04-11 16:17:32,519 [INFO]  Epoch[4] Time cost=0.127
2024-04-11 16:17:32,521 [INFO]  Saved checkpoint to "./imputer_model/31_blood/imputer_model_Monetary/model-0004.params"
2024-04-11 16:17:32,523 [INFO]  Epoch[4] Validation-cross-entropy=0.000021
2024-04-11 16:17:32,523 [INFO]  Epoch[4] Validation-Monetary-accuracy=0.000000
2024-04-11 16:17:32,524 [INFO]  
========== done (0.6787295341491699 s) fit model
2024-04-11 16:17:35,199 [INFO]  
========== start: fit model
2024-04-11 16:17:35,199 [WARNING]  Already bound, ignoring bind()
2024-04-11 16:17:35,228 [INFO]  Epoch[0] Batch [0-17]	Speed: 26236.10 samples/sec	cross-entropy=11.451706	Monetary-accuracy=3.444444
2024-04-11 16:17:35,264 [INFO]  Epoch[0] Train-cross-entropy=2.074391
2024-04-11 16:17:35,264 [INFO]  Epoch[0] Train-Monetary-accuracy=3.125000
2024-04-11 16:17:35,264 [INFO]  Epoch[0] Time cost=0.064
2024-04-11 16:17:35,266 [INFO]  Saved checkpoint to "./imputer_model/31_blood/imputer_model_Monetary/model-0000.params"
2024-04-11 16:17:35,268 [INFO]  Epoch[0] Validation-cross-entropy=0.913466
2024-04-11 16:17:35,268 [INFO]  Epoch[0] Validation-Monetary-accuracy=0.000000
2024-04-11 16:17:35,329 [INFO]  Epoch[1] Batch [0-17]	Speed: 6260.70 samples/sec	cross-entropy=0.393417	Monetary-accuracy=3.444444
2024-04-11 16:17:35,359 [INFO]  Epoch[1] Train-cross-entropy=0.028373
2024-04-11 16:17:35,359 [INFO]  Epoch[1] Train-Monetary-accuracy=3.125000
2024-04-11 16:17:35,359 [INFO]  Epoch[1] Time cost=0.091
2024-04-11 16:17:35,361 [INFO]  Saved checkpoint to "./imputer_model/31_blood/imputer_model_Monetary/model-0001.params"
2024-04-11 16:17:35,362 [INFO]  Epoch[1] Validation-cross-entropy=0.031235
2024-04-11 16:17:35,362 [INFO]  Epoch[1] Validation-Monetary-accuracy=0.000000
2024-04-11 16:17:35,374 [INFO]  Epoch[2] Batch [0-17]	Speed: 24353.73 samples/sec	cross-entropy=0.015321	Monetary-accuracy=3.444444
2024-04-11 16:17:35,386 [INFO]  Epoch[2] Train-cross-entropy=0.005820
2024-04-11 16:17:35,386 [INFO]  Epoch[2] Train-Monetary-accuracy=3.125000
2024-04-11 16:17:35,386 [INFO]  Epoch[2] Time cost=0.024
2024-04-11 16:17:35,388 [INFO]  Saved checkpoint to "./imputer_model/31_blood/imputer_model_Monetary/model-0002.params"
2024-04-11 16:17:35,390 [INFO]  Epoch[2] Validation-cross-entropy=0.004855
2024-04-11 16:17:35,390 [INFO]  Epoch[2] Validation-Monetary-accuracy=0.000000
2024-04-11 16:17:35,609 [INFO]  Epoch[3] Batch [0-17]	Speed: 1245.36 samples/sec	cross-entropy=0.004083	Monetary-accuracy=3.444444
2024-04-11 16:17:35,637 [INFO]  Epoch[3] Train-cross-entropy=0.002445
2024-04-11 16:17:35,638 [INFO]  Epoch[3] Train-Monetary-accuracy=3.125000
2024-04-11 16:17:35,638 [INFO]  Epoch[3] Time cost=0.248
2024-04-11 16:17:35,639 [INFO]  Saved checkpoint to "./imputer_model/31_blood/imputer_model_Monetary/model-0003.params"
2024-04-11 16:17:35,641 [INFO]  Epoch[3] Validation-cross-entropy=0.001759
2024-04-11 16:17:35,641 [INFO]  Epoch[3] Validation-Monetary-accuracy=0.000000
2024-04-11 16:17:35,708 [INFO]  Epoch[4] Batch [0-17]	Speed: 4203.84 samples/sec	cross-entropy=0.001414	Monetary-accuracy=3.444444
2024-04-11 16:17:35,779 [INFO]  Epoch[4] Train-cross-entropy=0.000979
2024-04-11 16:17:35,780 [INFO]  Epoch[4] Train-Monetary-accuracy=3.125000
2024-04-11 16:17:35,780 [INFO]  Epoch[4] Time cost=0.138
2024-04-11 16:17:35,781 [INFO]  Saved checkpoint to "./imputer_model/31_blood/imputer_model_Monetary/model-0004.params"
2024-04-11 16:17:35,783 [INFO]  Epoch[4] Validation-cross-entropy=0.000694
2024-04-11 16:17:35,783 [INFO]  Epoch[4] Validation-Monetary-accuracy=0.000000
2024-04-11 16:17:35,783 [INFO]  
========== done (0.5838756561279297 s) fit model
2024-04-11 16:17:38,007 [INFO]  
========== start: fit model
2024-04-11 16:17:38,007 [WARNING]  Already bound, ignoring bind()
2024-04-11 16:17:38,021 [INFO]  Epoch[0] Batch [0-17]	Speed: 24285.82 samples/sec	cross-entropy=2.129230	Monetary-accuracy=0.000000
2024-04-11 16:17:38,112 [INFO]  Epoch[0] Train-cross-entropy=0.159030
2024-04-11 16:17:38,112 [INFO]  Epoch[0] Train-Monetary-accuracy=0.000000
2024-04-11 16:17:38,112 [INFO]  Epoch[0] Time cost=0.104
2024-04-11 16:17:38,116 [INFO]  Saved checkpoint to "./imputer_model/31_blood/imputer_model_Monetary/model-0000.params"
2024-04-11 16:17:38,147 [INFO]  Epoch[0] Validation-cross-entropy=0.044149
2024-04-11 16:17:38,147 [INFO]  Epoch[0] Validation-Monetary-accuracy=0.000000
2024-04-11 16:17:38,161 [INFO]  Epoch[1] Batch [0-17]	Speed: 21340.27 samples/sec	cross-entropy=0.036734	Monetary-accuracy=0.000000
2024-04-11 16:17:38,201 [INFO]  Epoch[1] Train-cross-entropy=0.012379
2024-04-11 16:17:38,202 [INFO]  Epoch[1] Train-Monetary-accuracy=0.000000
2024-04-11 16:17:38,202 [INFO]  Epoch[1] Time cost=0.055
2024-04-11 16:17:38,203 [INFO]  Saved checkpoint to "./imputer_model/31_blood/imputer_model_Monetary/model-0001.params"
2024-04-11 16:17:38,205 [INFO]  Epoch[1] Validation-cross-entropy=0.014675
2024-04-11 16:17:38,205 [INFO]  Epoch[1] Validation-Monetary-accuracy=0.000000
2024-04-11 16:17:38,438 [INFO]  Epoch[2] Batch [0-17]	Speed: 1173.39 samples/sec	cross-entropy=0.004778	Monetary-accuracy=0.000000
2024-04-11 16:17:38,473 [INFO]  Epoch[2] Train-cross-entropy=0.001345
2024-04-11 16:17:38,473 [INFO]  Epoch[2] Train-Monetary-accuracy=0.000000
2024-04-11 16:17:38,473 [INFO]  Epoch[2] Time cost=0.268
2024-04-11 16:17:38,475 [INFO]  Saved checkpoint to "./imputer_model/31_blood/imputer_model_Monetary/model-0002.params"
2024-04-11 16:17:38,476 [INFO]  Epoch[2] Validation-cross-entropy=0.001359
2024-04-11 16:17:38,476 [INFO]  Epoch[2] Validation-Monetary-accuracy=0.000000
2024-04-11 16:17:38,489 [INFO]  Epoch[3] Batch [0-17]	Speed: 23520.27 samples/sec	cross-entropy=0.000494	Monetary-accuracy=0.000000
2024-04-11 16:17:38,499 [INFO]  Epoch[3] Train-cross-entropy=0.000229
2024-04-11 16:17:38,500 [INFO]  Epoch[3] Train-Monetary-accuracy=0.000000
2024-04-11 16:17:38,500 [INFO]  Epoch[3] Time cost=0.023
2024-04-11 16:17:38,817 [INFO]  Saved checkpoint to "./imputer_model/31_blood/imputer_model_Monetary/model-0003.params"
2024-04-11 16:17:38,826 [INFO]  Epoch[3] Validation-cross-entropy=0.000246
2024-04-11 16:17:38,826 [INFO]  Epoch[3] Validation-Monetary-accuracy=0.000000
2024-04-11 16:17:38,855 [INFO]  Epoch[4] Batch [0-17]	Speed: 10447.64 samples/sec	cross-entropy=0.000121	Monetary-accuracy=0.000000
2024-04-11 16:17:38,921 [INFO]  Epoch[4] Train-cross-entropy=0.000069
2024-04-11 16:17:38,921 [INFO]  Epoch[4] Train-Monetary-accuracy=0.000000
2024-04-11 16:17:38,921 [INFO]  Epoch[4] Time cost=0.095
2024-04-11 16:17:38,923 [INFO]  Saved checkpoint to "./imputer_model/31_blood/imputer_model_Monetary/model-0004.params"
2024-04-11 16:17:38,924 [INFO]  Epoch[4] Validation-cross-entropy=0.000056
2024-04-11 16:17:38,924 [INFO]  Epoch[4] Validation-Monetary-accuracy=0.000000
2024-04-11 16:17:38,924 [INFO]  
========== done (0.917189359664917 s) fit model
2024-04-11 16:17:41,661 [INFO]  
========== start: fit model
2024-04-11 16:17:41,662 [WARNING]  Already bound, ignoring bind()
2024-04-11 16:17:41,870 [INFO]  Epoch[0] Batch [0-17]	Speed: 2097.83 samples/sec	cross-entropy=4.561878	Monetary-accuracy=3.555556
2024-04-11 16:17:41,988 [INFO]  Epoch[0] Train-cross-entropy=0.958988
2024-04-11 16:17:41,988 [INFO]  Epoch[0] Train-Monetary-accuracy=2.687500
2024-04-11 16:17:41,989 [INFO]  Epoch[0] Time cost=0.326
2024-04-11 16:17:41,990 [INFO]  Saved checkpoint to "./imputer_model/31_blood/imputer_model_Monetary/model-0000.params"
2024-04-11 16:17:41,992 [INFO]  Epoch[0] Validation-cross-entropy=0.032789
2024-04-11 16:17:41,992 [INFO]  Epoch[0] Validation-Monetary-accuracy=0.000000
2024-04-11 16:17:42,040 [INFO]  Epoch[1] Batch [0-17]	Speed: 7836.86 samples/sec	cross-entropy=0.232965	Monetary-accuracy=3.555556
2024-04-11 16:17:42,260 [INFO]  Epoch[1] Train-cross-entropy=0.067154
2024-04-11 16:17:42,261 [INFO]  Epoch[1] Train-Monetary-accuracy=2.687500
2024-04-11 16:17:42,261 [INFO]  Epoch[1] Time cost=0.269
2024-04-11 16:17:42,262 [INFO]  Saved checkpoint to "./imputer_model/31_blood/imputer_model_Monetary/model-0001.params"
2024-04-11 16:17:42,264 [INFO]  Epoch[1] Validation-cross-entropy=0.002471
2024-04-11 16:17:42,264 [INFO]  Epoch[1] Validation-Monetary-accuracy=0.000000
2024-04-11 16:17:42,312 [INFO]  Epoch[2] Batch [0-17]	Speed: 5735.60 samples/sec	cross-entropy=0.022366	Monetary-accuracy=3.555556
2024-04-11 16:17:42,358 [INFO]  Epoch[2] Train-cross-entropy=0.008514
2024-04-11 16:17:42,358 [INFO]  Epoch[2] Train-Monetary-accuracy=2.687500
2024-04-11 16:17:42,358 [INFO]  Epoch[2] Time cost=0.094
2024-04-11 16:17:42,360 [INFO]  Saved checkpoint to "./imputer_model/31_blood/imputer_model_Monetary/model-0002.params"
2024-04-11 16:17:42,361 [INFO]  Epoch[2] Validation-cross-entropy=0.001582
2024-04-11 16:17:42,361 [INFO]  Epoch[2] Validation-Monetary-accuracy=0.000000
2024-04-11 16:17:42,400 [INFO]  Epoch[3] Batch [0-17]	Speed: 7080.05 samples/sec	cross-entropy=0.004738	Monetary-accuracy=3.555556
2024-04-11 16:17:42,413 [INFO]  Epoch[3] Train-cross-entropy=0.001907
2024-04-11 16:17:42,413 [INFO]  Epoch[3] Train-Monetary-accuracy=2.687500
2024-04-11 16:17:42,413 [INFO]  Epoch[3] Time cost=0.052
2024-04-11 16:17:42,415 [INFO]  Saved checkpoint to "./imputer_model/31_blood/imputer_model_Monetary/model-0003.params"
2024-04-11 16:17:42,417 [INFO]  Epoch[3] Validation-cross-entropy=0.001050
2024-04-11 16:17:42,417 [INFO]  Epoch[3] Validation-Monetary-accuracy=0.000000
2024-04-11 16:17:42,480 [INFO]  Epoch[4] Batch [0-17]	Speed: 4349.38 samples/sec	cross-entropy=0.001079	Monetary-accuracy=3.555556
2024-04-11 16:17:42,531 [INFO]  Epoch[4] Train-cross-entropy=0.000374
2024-04-11 16:17:42,531 [INFO]  Epoch[4] Train-Monetary-accuracy=2.687500
2024-04-11 16:17:42,531 [INFO]  Epoch[4] Time cost=0.114
2024-04-11 16:17:42,532 [INFO]  Saved checkpoint to "./imputer_model/31_blood/imputer_model_Monetary/model-0004.params"
2024-04-11 16:17:42,536 [INFO]  Epoch[4] Validation-cross-entropy=0.000242
2024-04-11 16:17:42,536 [INFO]  Epoch[4] Validation-Monetary-accuracy=0.000000
2024-04-11 16:17:42,536 [INFO]  
========== done (0.8744297027587891 s) fit model
2024-04-11 16:17:44,930 [INFO]  
========== start: fit model
2024-04-11 16:17:44,930 [WARNING]  Already bound, ignoring bind()
2024-04-11 16:17:45,018 [INFO]  Epoch[0] Batch [0-17]	Speed: 14154.12 samples/sec	cross-entropy=13.669274	Monetary-accuracy=3.277778
2024-04-11 16:17:45,141 [INFO]  Epoch[0] Train-cross-entropy=0.980217
2024-04-11 16:17:45,141 [INFO]  Epoch[0] Train-Monetary-accuracy=2.875000
2024-04-11 16:17:45,141 [INFO]  Epoch[0] Time cost=0.210
2024-04-11 16:17:45,143 [INFO]  Saved checkpoint to "./imputer_model/31_blood/imputer_model_Monetary/model-0000.params"
2024-04-11 16:17:45,146 [INFO]  Epoch[0] Validation-cross-entropy=0.774658
2024-04-11 16:17:45,146 [INFO]  Epoch[0] Validation-Monetary-accuracy=0.000000
2024-04-11 16:17:45,213 [INFO]  Epoch[1] Batch [0-17]	Speed: 4128.45 samples/sec	cross-entropy=0.161609	Monetary-accuracy=3.277778
2024-04-11 16:17:45,247 [INFO]  Epoch[1] Train-cross-entropy=0.051128
2024-04-11 16:17:45,247 [INFO]  Epoch[1] Train-Monetary-accuracy=2.875000
2024-04-11 16:17:45,247 [INFO]  Epoch[1] Time cost=0.101
2024-04-11 16:17:45,249 [INFO]  Saved checkpoint to "./imputer_model/31_blood/imputer_model_Monetary/model-0001.params"
2024-04-11 16:17:45,250 [INFO]  Epoch[1] Validation-cross-entropy=0.041241
2024-04-11 16:17:45,250 [INFO]  Epoch[1] Validation-Monetary-accuracy=0.000000
2024-04-11 16:17:45,289 [INFO]  Epoch[2] Batch [0-17]	Speed: 7170.38 samples/sec	cross-entropy=0.025778	Monetary-accuracy=3.277778
2024-04-11 16:17:45,307 [INFO]  Epoch[2] Train-cross-entropy=0.013711
2024-04-11 16:17:45,307 [INFO]  Epoch[2] Train-Monetary-accuracy=2.875000
2024-04-11 16:17:45,307 [INFO]  Epoch[2] Time cost=0.057
2024-04-11 16:17:45,309 [INFO]  Saved checkpoint to "./imputer_model/31_blood/imputer_model_Monetary/model-0002.params"
2024-04-11 16:17:45,311 [INFO]  Epoch[2] Validation-cross-entropy=0.041081
2024-04-11 16:17:45,311 [INFO]  Epoch[2] Validation-Monetary-accuracy=0.000000
2024-04-11 16:17:45,342 [INFO]  Epoch[3] Batch [0-17]	Speed: 8941.19 samples/sec	cross-entropy=0.007166	Monetary-accuracy=3.277778
2024-04-11 16:17:45,370 [INFO]  Epoch[3] Train-cross-entropy=0.004669
2024-04-11 16:17:45,370 [INFO]  Epoch[3] Train-Monetary-accuracy=2.875000
2024-04-11 16:17:45,370 [INFO]  Epoch[3] Time cost=0.059
2024-04-11 16:17:45,372 [INFO]  Saved checkpoint to "./imputer_model/31_blood/imputer_model_Monetary/model-0003.params"
2024-04-11 16:17:45,373 [INFO]  Epoch[3] Validation-cross-entropy=0.012821
2024-04-11 16:17:45,373 [INFO]  Epoch[3] Validation-Monetary-accuracy=0.000000
2024-04-11 16:17:45,387 [INFO]  Epoch[4] Batch [0-17]	Speed: 21398.71 samples/sec	cross-entropy=0.002229	Monetary-accuracy=3.277778
2024-04-11 16:17:45,444 [INFO]  Epoch[4] Train-cross-entropy=0.001359
2024-04-11 16:17:45,444 [INFO]  Epoch[4] Train-Monetary-accuracy=2.875000
2024-04-11 16:17:45,444 [INFO]  Epoch[4] Time cost=0.071
2024-04-11 16:17:45,446 [INFO]  Saved checkpoint to "./imputer_model/31_blood/imputer_model_Monetary/model-0004.params"
2024-04-11 16:17:45,447 [INFO]  Epoch[4] Validation-cross-entropy=0.002944
2024-04-11 16:17:45,448 [INFO]  Epoch[4] Validation-Monetary-accuracy=0.000000
2024-04-11 16:17:45,448 [INFO]  
========== done (0.5179522037506104 s) fit model
2024-04-11 16:17:47,759 [INFO]  
========== start: fit model
2024-04-11 16:17:47,759 [WARNING]  Already bound, ignoring bind()
2024-04-11 16:17:47,802 [INFO]  Epoch[0] Batch [0-17]	Speed: 10055.62 samples/sec	cross-entropy=10.899161	Monetary-accuracy=0.000000
2024-04-11 16:17:47,847 [INFO]  Epoch[0] Train-cross-entropy=0.839207
2024-04-11 16:17:47,847 [INFO]  Epoch[0] Train-Monetary-accuracy=0.000000
2024-04-11 16:17:47,847 [INFO]  Epoch[0] Time cost=0.087
2024-04-11 16:17:47,849 [INFO]  Saved checkpoint to "./imputer_model/31_blood/imputer_model_Monetary/model-0000.params"
2024-04-11 16:17:47,894 [INFO]  Epoch[0] Validation-cross-entropy=0.706330
2024-04-11 16:17:47,894 [INFO]  Epoch[0] Validation-Monetary-accuracy=0.000000
2024-04-11 16:17:47,964 [INFO]  Epoch[1] Batch [0-17]	Speed: 3915.93 samples/sec	cross-entropy=0.283799	Monetary-accuracy=0.000000
2024-04-11 16:17:48,034 [INFO]  Epoch[1] Train-cross-entropy=0.056725
2024-04-11 16:17:48,034 [INFO]  Epoch[1] Train-Monetary-accuracy=0.000000
2024-04-11 16:17:48,035 [INFO]  Epoch[1] Time cost=0.141
2024-04-11 16:17:48,036 [INFO]  Saved checkpoint to "./imputer_model/31_blood/imputer_model_Monetary/model-0001.params"
2024-04-11 16:17:48,038 [INFO]  Epoch[1] Validation-cross-entropy=0.037495
2024-04-11 16:17:48,038 [INFO]  Epoch[1] Validation-Monetary-accuracy=0.000000
2024-04-11 16:17:48,104 [INFO]  Epoch[2] Batch [0-17]	Speed: 4182.77 samples/sec	cross-entropy=0.024196	Monetary-accuracy=0.000000
2024-04-11 16:17:48,174 [INFO]  Epoch[2] Train-cross-entropy=0.006977
2024-04-11 16:17:48,174 [INFO]  Epoch[2] Train-Monetary-accuracy=0.000000
2024-04-11 16:17:48,174 [INFO]  Epoch[2] Time cost=0.137
2024-04-11 16:17:48,176 [INFO]  Saved checkpoint to "./imputer_model/31_blood/imputer_model_Monetary/model-0002.params"
2024-04-11 16:17:48,177 [INFO]  Epoch[2] Validation-cross-entropy=0.005837
2024-04-11 16:17:48,178 [INFO]  Epoch[2] Validation-Monetary-accuracy=0.000000
2024-04-11 16:17:48,333 [INFO]  Epoch[3] Batch [0-17]	Speed: 1764.68 samples/sec	cross-entropy=0.004208	Monetary-accuracy=0.000000
2024-04-11 16:17:48,388 [INFO]  Epoch[3] Train-cross-entropy=0.001241
2024-04-11 16:17:48,388 [INFO]  Epoch[3] Train-Monetary-accuracy=0.000000
2024-04-11 16:17:48,389 [INFO]  Epoch[3] Time cost=0.211
2024-04-11 16:17:48,390 [INFO]  Saved checkpoint to "./imputer_model/31_blood/imputer_model_Monetary/model-0003.params"
2024-04-11 16:17:48,391 [INFO]  Epoch[3] Validation-cross-entropy=0.001071
2024-04-11 16:17:48,391 [INFO]  Epoch[3] Validation-Monetary-accuracy=0.000000
2024-04-11 16:17:48,428 [INFO]  Epoch[4] Batch [0-17]	Speed: 7530.07 samples/sec	cross-entropy=0.000882	Monetary-accuracy=0.000000
2024-04-11 16:17:48,464 [INFO]  Epoch[4] Train-cross-entropy=0.000333
2024-04-11 16:17:48,464 [INFO]  Epoch[4] Train-Monetary-accuracy=0.000000
2024-04-11 16:17:48,464 [INFO]  Epoch[4] Time cost=0.073
2024-04-11 16:17:48,466 [INFO]  Saved checkpoint to "./imputer_model/31_blood/imputer_model_Monetary/model-0004.params"
2024-04-11 16:17:48,473 [INFO]  Epoch[4] Validation-cross-entropy=0.000142
2024-04-11 16:17:48,473 [INFO]  Epoch[4] Validation-Monetary-accuracy=0.000000
2024-04-11 16:17:48,473 [INFO]  
========== done (0.7147586345672607 s) fit model
2024-04-11 16:17:50,878 [INFO]  
========== start: fit model
2024-04-11 16:17:50,878 [WARNING]  Already bound, ignoring bind()
2024-04-11 16:17:50,893 [INFO]  Epoch[0] Batch [0-17]	Speed: 21707.75 samples/sec	cross-entropy=6.233545	Monetary-accuracy=0.000000
2024-04-11 16:17:50,906 [INFO]  Epoch[0] Train-cross-entropy=0.810692
2024-04-11 16:17:50,906 [INFO]  Epoch[0] Train-Monetary-accuracy=0.000000
2024-04-11 16:17:50,906 [INFO]  Epoch[0] Time cost=0.026
2024-04-11 16:17:50,907 [INFO]  Saved checkpoint to "./imputer_model/31_blood/imputer_model_Monetary/model-0000.params"
2024-04-11 16:17:50,909 [INFO]  Epoch[0] Validation-cross-entropy=0.210665
2024-04-11 16:17:50,909 [INFO]  Epoch[0] Validation-Monetary-accuracy=0.000000
2024-04-11 16:17:50,922 [INFO]  Epoch[1] Batch [0-17]	Speed: 21495.07 samples/sec	cross-entropy=0.134437	Monetary-accuracy=0.000000
2024-04-11 16:17:50,941 [INFO]  Epoch[1] Train-cross-entropy=0.047652
2024-04-11 16:17:50,942 [INFO]  Epoch[1] Train-Monetary-accuracy=0.000000
2024-04-11 16:17:50,942 [INFO]  Epoch[1] Time cost=0.033
2024-04-11 16:17:50,943 [INFO]  Saved checkpoint to "./imputer_model/31_blood/imputer_model_Monetary/model-0001.params"
2024-04-11 16:17:50,945 [INFO]  Epoch[1] Validation-cross-entropy=0.034825
2024-04-11 16:17:50,945 [INFO]  Epoch[1] Validation-Monetary-accuracy=0.000000
2024-04-11 16:17:50,958 [INFO]  Epoch[2] Batch [0-17]	Speed: 22024.99 samples/sec	cross-entropy=0.019711	Monetary-accuracy=0.000000
2024-04-11 16:17:50,970 [INFO]  Epoch[2] Train-cross-entropy=0.009168
2024-04-11 16:17:50,970 [INFO]  Epoch[2] Train-Monetary-accuracy=0.000000
2024-04-11 16:17:50,970 [INFO]  Epoch[2] Time cost=0.026
2024-04-11 16:17:50,972 [INFO]  Saved checkpoint to "./imputer_model/31_blood/imputer_model_Monetary/model-0002.params"
2024-04-11 16:17:50,973 [INFO]  Epoch[2] Validation-cross-entropy=0.005694
2024-04-11 16:17:50,973 [INFO]  Epoch[2] Validation-Monetary-accuracy=0.000000
2024-04-11 16:17:50,986 [INFO]  Epoch[3] Batch [0-17]	Speed: 22099.23 samples/sec	cross-entropy=0.005226	Monetary-accuracy=0.000000
2024-04-11 16:17:50,999 [INFO]  Epoch[3] Train-cross-entropy=0.002144
2024-04-11 16:17:50,999 [INFO]  Epoch[3] Train-Monetary-accuracy=0.000000
2024-04-11 16:17:50,999 [INFO]  Epoch[3] Time cost=0.025
2024-04-11 16:17:51,000 [INFO]  Saved checkpoint to "./imputer_model/31_blood/imputer_model_Monetary/model-0003.params"
2024-04-11 16:17:51,002 [INFO]  Epoch[3] Validation-cross-entropy=0.001251
2024-04-11 16:17:51,002 [INFO]  Epoch[3] Validation-Monetary-accuracy=0.000000
2024-04-11 16:17:51,015 [INFO]  Epoch[4] Batch [0-17]	Speed: 22052.67 samples/sec	cross-entropy=0.001093	Monetary-accuracy=0.000000
2024-04-11 16:17:51,027 [INFO]  Epoch[4] Train-cross-entropy=0.000436
2024-04-11 16:17:51,027 [INFO]  Epoch[4] Train-Monetary-accuracy=0.000000
2024-04-11 16:17:51,027 [INFO]  Epoch[4] Time cost=0.025
2024-04-11 16:17:51,028 [INFO]  Saved checkpoint to "./imputer_model/31_blood/imputer_model_Monetary/model-0004.params"
2024-04-11 16:17:51,030 [INFO]  Epoch[4] Validation-cross-entropy=0.000311
2024-04-11 16:17:51,030 [INFO]  Epoch[4] Validation-Monetary-accuracy=0.000000
2024-04-11 16:17:51,030 [INFO]  
========== done (0.15164828300476074 s) fit model
2024-04-11 16:17:51,924 [INFO]  
========== start: fit model
2024-04-11 16:17:51,924 [WARNING]  Already bound, ignoring bind()
2024-04-11 16:17:51,940 [INFO]  Epoch[0] Batch [0-17]	Speed: 19667.80 samples/sec	cross-entropy=6.481419	Monetary-accuracy=3.444444
2024-04-11 16:17:51,952 [INFO]  Epoch[0] Train-cross-entropy=1.656026
2024-04-11 16:17:51,953 [INFO]  Epoch[0] Train-Monetary-accuracy=3.125000
2024-04-11 16:17:51,953 [INFO]  Epoch[0] Time cost=0.028
2024-04-11 16:17:51,955 [INFO]  Saved checkpoint to "./imputer_model/31_blood/imputer_model_Monetary/model-0000.params"
2024-04-11 16:17:51,957 [INFO]  Epoch[0] Validation-cross-entropy=5.576601
2024-04-11 16:17:51,957 [INFO]  Epoch[0] Validation-Monetary-accuracy=0.000000
2024-04-11 16:17:51,971 [INFO]  Epoch[1] Batch [0-17]	Speed: 20905.04 samples/sec	cross-entropy=0.452134	Monetary-accuracy=3.444444
2024-04-11 16:17:51,983 [INFO]  Epoch[1] Train-cross-entropy=0.147022
2024-04-11 16:17:51,983 [INFO]  Epoch[1] Train-Monetary-accuracy=3.125000
2024-04-11 16:17:51,983 [INFO]  Epoch[1] Time cost=0.026
2024-04-11 16:17:51,984 [INFO]  Saved checkpoint to "./imputer_model/31_blood/imputer_model_Monetary/model-0001.params"
2024-04-11 16:17:51,986 [INFO]  Epoch[1] Validation-cross-entropy=0.540998
2024-04-11 16:17:51,986 [INFO]  Epoch[1] Validation-Monetary-accuracy=0.000000
2024-04-11 16:17:52,000 [INFO]  Epoch[2] Batch [0-17]	Speed: 21235.80 samples/sec	cross-entropy=0.048646	Monetary-accuracy=3.444444
2024-04-11 16:17:52,012 [INFO]  Epoch[2] Train-cross-entropy=0.030027
2024-04-11 16:17:52,012 [INFO]  Epoch[2] Train-Monetary-accuracy=3.125000
2024-04-11 16:17:52,012 [INFO]  Epoch[2] Time cost=0.026
2024-04-11 16:17:52,013 [INFO]  Saved checkpoint to "./imputer_model/31_blood/imputer_model_Monetary/model-0002.params"
2024-04-11 16:17:52,015 [INFO]  Epoch[2] Validation-cross-entropy=0.307119
2024-04-11 16:17:52,015 [INFO]  Epoch[2] Validation-Monetary-accuracy=0.000000
2024-04-11 16:17:52,029 [INFO]  Epoch[3] Batch [0-17]	Speed: 21641.45 samples/sec	cross-entropy=0.009280	Monetary-accuracy=3.444444
2024-04-11 16:17:52,040 [INFO]  Epoch[3] Train-cross-entropy=0.009693
2024-04-11 16:17:52,041 [INFO]  Epoch[3] Train-Monetary-accuracy=3.125000
2024-04-11 16:17:52,041 [INFO]  Epoch[3] Time cost=0.025
2024-04-11 16:17:52,042 [INFO]  Saved checkpoint to "./imputer_model/31_blood/imputer_model_Monetary/model-0003.params"
2024-04-11 16:17:52,044 [INFO]  Epoch[3] Validation-cross-entropy=0.108617
2024-04-11 16:17:52,044 [INFO]  Epoch[3] Validation-Monetary-accuracy=0.000000
2024-04-11 16:17:52,058 [INFO]  Epoch[4] Batch [0-17]	Speed: 20286.48 samples/sec	cross-entropy=0.001646	Monetary-accuracy=3.444444
2024-04-11 16:17:52,072 [INFO]  Epoch[4] Train-cross-entropy=0.001606
2024-04-11 16:17:52,072 [INFO]  Epoch[4] Train-Monetary-accuracy=3.125000
2024-04-11 16:17:52,072 [INFO]  Epoch[4] Time cost=0.028
2024-04-11 16:17:52,075 [INFO]  Saved checkpoint to "./imputer_model/31_blood/imputer_model_Monetary/model-0004.params"
2024-04-11 16:17:52,077 [INFO]  Epoch[4] Validation-cross-entropy=0.016790
2024-04-11 16:17:52,077 [INFO]  Epoch[4] Validation-Monetary-accuracy=0.000000
2024-04-11 16:17:52,077 [INFO]  
========== done (0.15296006202697754 s) fit model
2024-04-11 16:17:52,994 [INFO]  
========== start: fit model
2024-04-11 16:17:52,994 [WARNING]  Already bound, ignoring bind()
2024-04-11 16:17:53,011 [INFO]  Epoch[0] Batch [0-17]	Speed: 18867.64 samples/sec	cross-entropy=1.995837	Monetary-accuracy=3.555556
2024-04-11 16:17:53,025 [INFO]  Epoch[0] Train-cross-entropy=0.632366
2024-04-11 16:17:53,025 [INFO]  Epoch[0] Train-Monetary-accuracy=2.687500
2024-04-11 16:17:53,025 [INFO]  Epoch[0] Time cost=0.030
2024-04-11 16:17:53,027 [INFO]  Saved checkpoint to "./imputer_model/31_blood/imputer_model_Monetary/model-0000.params"
2024-04-11 16:17:53,029 [INFO]  Epoch[0] Validation-cross-entropy=0.974315
2024-04-11 16:17:53,029 [INFO]  Epoch[0] Validation-Monetary-accuracy=0.000000
2024-04-11 16:17:53,046 [INFO]  Epoch[1] Batch [0-17]	Speed: 17773.03 samples/sec	cross-entropy=0.141336	Monetary-accuracy=3.555556
2024-04-11 16:17:53,059 [INFO]  Epoch[1] Train-cross-entropy=0.102079
2024-04-11 16:17:53,060 [INFO]  Epoch[1] Train-Monetary-accuracy=2.687500
2024-04-11 16:17:53,060 [INFO]  Epoch[1] Time cost=0.030
2024-04-11 16:17:53,062 [INFO]  Saved checkpoint to "./imputer_model/31_blood/imputer_model_Monetary/model-0001.params"
2024-04-11 16:17:53,064 [INFO]  Epoch[1] Validation-cross-entropy=0.104826
2024-04-11 16:17:53,064 [INFO]  Epoch[1] Validation-Monetary-accuracy=0.000000
2024-04-11 16:17:53,081 [INFO]  Epoch[2] Batch [0-17]	Speed: 17199.88 samples/sec	cross-entropy=0.022247	Monetary-accuracy=3.555556
2024-04-11 16:17:53,094 [INFO]  Epoch[2] Train-cross-entropy=0.017566
2024-04-11 16:17:53,094 [INFO]  Epoch[2] Train-Monetary-accuracy=2.687500
2024-04-11 16:17:53,094 [INFO]  Epoch[2] Time cost=0.030
2024-04-11 16:17:53,096 [INFO]  Saved checkpoint to "./imputer_model/31_blood/imputer_model_Monetary/model-0002.params"
2024-04-11 16:17:53,098 [INFO]  Epoch[2] Validation-cross-entropy=0.005313
2024-04-11 16:17:53,098 [INFO]  Epoch[2] Validation-Monetary-accuracy=0.000000
2024-04-11 16:17:53,113 [INFO]  Epoch[3] Batch [0-17]	Speed: 20003.34 samples/sec	cross-entropy=0.005138	Monetary-accuracy=3.555556
2024-04-11 16:17:53,125 [INFO]  Epoch[3] Train-cross-entropy=0.003795
2024-04-11 16:17:53,125 [INFO]  Epoch[3] Train-Monetary-accuracy=2.687500
2024-04-11 16:17:53,125 [INFO]  Epoch[3] Time cost=0.027
2024-04-11 16:17:53,126 [INFO]  Saved checkpoint to "./imputer_model/31_blood/imputer_model_Monetary/model-0003.params"
2024-04-11 16:17:53,128 [INFO]  Epoch[3] Validation-cross-entropy=0.001173
2024-04-11 16:17:53,129 [INFO]  Epoch[3] Validation-Monetary-accuracy=0.000000
2024-04-11 16:17:53,143 [INFO]  Epoch[4] Batch [0-17]	Speed: 20702.09 samples/sec	cross-entropy=0.000847	Monetary-accuracy=3.555556
2024-04-11 16:17:53,155 [INFO]  Epoch[4] Train-cross-entropy=0.001407
2024-04-11 16:17:53,155 [INFO]  Epoch[4] Train-Monetary-accuracy=2.687500
2024-04-11 16:17:53,155 [INFO]  Epoch[4] Time cost=0.027
2024-04-11 16:17:53,157 [INFO]  Saved checkpoint to "./imputer_model/31_blood/imputer_model_Monetary/model-0004.params"
2024-04-11 16:17:53,159 [INFO]  Epoch[4] Validation-cross-entropy=0.000444
2024-04-11 16:17:53,159 [INFO]  Epoch[4] Validation-Monetary-accuracy=0.000000
2024-04-11 16:17:53,159 [INFO]  
========== done (0.16527462005615234 s) fit model
2024-04-11 16:17:54,233 [INFO]  
========== start: fit model
2024-04-11 16:17:54,233 [WARNING]  Already bound, ignoring bind()
2024-04-11 16:17:54,255 [INFO]  Epoch[0] Batch [0-17]	Speed: 20074.80 samples/sec	cross-entropy=10.638931	Monetary-accuracy=2.500000
2024-04-11 16:17:54,267 [INFO]  Epoch[0] Train-cross-entropy=1.024657
2024-04-11 16:17:54,268 [INFO]  Epoch[0] Train-Monetary-accuracy=3.500000
2024-04-11 16:17:54,268 [INFO]  Epoch[0] Time cost=0.033
2024-04-11 16:17:54,269 [INFO]  Saved checkpoint to "./imputer_model/31_blood/imputer_model_Monetary/model-0000.params"
2024-04-11 16:17:54,271 [INFO]  Epoch[0] Validation-cross-entropy=0.419250
2024-04-11 16:17:54,271 [INFO]  Epoch[0] Validation-Monetary-accuracy=0.000000
2024-04-11 16:17:54,287 [INFO]  Epoch[1] Batch [0-17]	Speed: 18713.82 samples/sec	cross-entropy=0.233755	Monetary-accuracy=2.500000
2024-04-11 16:17:54,297 [INFO]  Epoch[1] Train-cross-entropy=0.055618
2024-04-11 16:17:54,297 [INFO]  Epoch[1] Train-Monetary-accuracy=3.500000
2024-04-11 16:17:54,297 [INFO]  Epoch[1] Time cost=0.026
2024-04-11 16:17:54,298 [INFO]  Saved checkpoint to "./imputer_model/31_blood/imputer_model_Monetary/model-0001.params"
2024-04-11 16:17:54,300 [INFO]  Epoch[1] Validation-cross-entropy=0.052946
2024-04-11 16:17:54,300 [INFO]  Epoch[1] Validation-Monetary-accuracy=0.000000
2024-04-11 16:17:54,310 [INFO]  Epoch[2] Batch [0-17]	Speed: 28482.10 samples/sec	cross-entropy=0.035218	Monetary-accuracy=2.500000
2024-04-11 16:17:54,321 [INFO]  Epoch[2] Train-cross-entropy=0.010342
2024-04-11 16:17:54,321 [INFO]  Epoch[2] Train-Monetary-accuracy=3.500000
2024-04-11 16:17:54,321 [INFO]  Epoch[2] Time cost=0.021
2024-04-11 16:17:54,322 [INFO]  Saved checkpoint to "./imputer_model/31_blood/imputer_model_Monetary/model-0002.params"
2024-04-11 16:17:54,323 [INFO]  Epoch[2] Validation-cross-entropy=0.007414
2024-04-11 16:17:54,323 [INFO]  Epoch[2] Validation-Monetary-accuracy=0.000000
2024-04-11 16:17:54,334 [INFO]  Epoch[3] Batch [0-17]	Speed: 27499.66 samples/sec	cross-entropy=0.005526	Monetary-accuracy=2.500000
2024-04-11 16:17:54,344 [INFO]  Epoch[3] Train-cross-entropy=0.002418
2024-04-11 16:17:54,344 [INFO]  Epoch[3] Train-Monetary-accuracy=3.500000
2024-04-11 16:17:54,344 [INFO]  Epoch[3] Time cost=0.020
2024-04-11 16:17:54,345 [INFO]  Saved checkpoint to "./imputer_model/31_blood/imputer_model_Monetary/model-0003.params"
2024-04-11 16:17:54,346 [INFO]  Epoch[3] Validation-cross-entropy=0.001042
2024-04-11 16:17:54,346 [INFO]  Epoch[3] Validation-Monetary-accuracy=0.000000
2024-04-11 16:17:54,356 [INFO]  Epoch[4] Batch [0-17]	Speed: 28810.09 samples/sec	cross-entropy=0.000867	Monetary-accuracy=2.500000
2024-04-11 16:17:54,365 [INFO]  Epoch[4] Train-cross-entropy=0.000589
2024-04-11 16:17:54,366 [INFO]  Epoch[4] Train-Monetary-accuracy=3.500000
2024-04-11 16:17:54,366 [INFO]  Epoch[4] Time cost=0.019
2024-04-11 16:17:54,367 [INFO]  Saved checkpoint to "./imputer_model/31_blood/imputer_model_Monetary/model-0004.params"
2024-04-11 16:17:54,368 [INFO]  Epoch[4] Validation-cross-entropy=0.000131
2024-04-11 16:17:54,368 [INFO]  Epoch[4] Validation-Monetary-accuracy=0.000000
2024-04-11 16:17:54,368 [INFO]  
========== done (0.1351640224456787 s) fit model
2024-04-11 16:17:55,591 [INFO]  
========== start: fit model
2024-04-11 16:17:55,591 [WARNING]  Already bound, ignoring bind()
2024-04-11 16:17:55,614 [INFO]  Epoch[0] Batch [0-17]	Speed: 13350.00 samples/sec	cross-entropy=2.752362	Monetary-accuracy=3.277778
2024-04-11 16:17:55,626 [INFO]  Epoch[0] Train-cross-entropy=0.258484
2024-04-11 16:17:55,626 [INFO]  Epoch[0] Train-Monetary-accuracy=3.187500
2024-04-11 16:17:55,626 [INFO]  Epoch[0] Time cost=0.034
2024-04-11 16:17:55,628 [INFO]  Saved checkpoint to "./imputer_model/31_blood/imputer_model_Monetary/model-0000.params"
2024-04-11 16:17:55,629 [INFO]  Epoch[0] Validation-cross-entropy=0.037644
2024-04-11 16:17:55,629 [INFO]  Epoch[0] Validation-Monetary-accuracy=0.000000
2024-04-11 16:17:55,643 [INFO]  Epoch[1] Batch [0-17]	Speed: 21963.93 samples/sec	cross-entropy=0.027481	Monetary-accuracy=3.277778
2024-04-11 16:17:55,654 [INFO]  Epoch[1] Train-cross-entropy=0.011081
2024-04-11 16:17:55,655 [INFO]  Epoch[1] Train-Monetary-accuracy=3.187500
2024-04-11 16:17:55,655 [INFO]  Epoch[1] Time cost=0.025
2024-04-11 16:17:55,658 [INFO]  Saved checkpoint to "./imputer_model/31_blood/imputer_model_Monetary/model-0001.params"
2024-04-11 16:17:55,681 [INFO]  Epoch[1] Validation-cross-entropy=0.006910
2024-04-11 16:17:55,681 [INFO]  Epoch[1] Validation-Monetary-accuracy=0.000000
2024-04-11 16:17:55,739 [INFO]  Epoch[2] Batch [0-17]	Speed: 4778.41 samples/sec	cross-entropy=0.006748	Monetary-accuracy=3.277778
2024-04-11 16:17:55,791 [INFO]  Epoch[2] Train-cross-entropy=0.000592
2024-04-11 16:17:55,791 [INFO]  Epoch[2] Train-Monetary-accuracy=3.187500
2024-04-11 16:17:55,792 [INFO]  Epoch[2] Time cost=0.110
2024-04-11 16:17:55,795 [INFO]  Saved checkpoint to "./imputer_model/31_blood/imputer_model_Monetary/model-0002.params"
2024-04-11 16:17:55,818 [INFO]  Epoch[2] Validation-cross-entropy=0.000257
2024-04-11 16:17:55,818 [INFO]  Epoch[2] Validation-Monetary-accuracy=0.000000
2024-04-11 16:17:55,852 [INFO]  Epoch[3] Batch [0-17]	Speed: 8319.24 samples/sec	cross-entropy=0.000137	Monetary-accuracy=3.277778
2024-04-11 16:17:55,884 [INFO]  Epoch[3] Train-cross-entropy=0.000057
2024-04-11 16:17:55,885 [INFO]  Epoch[3] Train-Monetary-accuracy=3.187500
2024-04-11 16:17:55,885 [INFO]  Epoch[3] Time cost=0.066
2024-04-11 16:17:55,886 [INFO]  Saved checkpoint to "./imputer_model/31_blood/imputer_model_Monetary/model-0003.params"
2024-04-11 16:17:55,888 [INFO]  Epoch[3] Validation-cross-entropy=0.000021
2024-04-11 16:17:55,888 [INFO]  Epoch[3] Validation-Monetary-accuracy=0.000000
2024-04-11 16:17:55,951 [INFO]  Epoch[4] Batch [0-17]	Speed: 9111.13 samples/sec	cross-entropy=0.000020	Monetary-accuracy=3.277778
2024-04-11 16:17:55,960 [INFO]  Epoch[4] Train-cross-entropy=0.000015
2024-04-11 16:17:55,960 [INFO]  Epoch[4] Train-Monetary-accuracy=3.187500
2024-04-11 16:17:55,960 [INFO]  Epoch[4] Time cost=0.072
2024-04-11 16:17:55,964 [INFO]  Saved checkpoint to "./imputer_model/31_blood/imputer_model_Monetary/model-0004.params"
2024-04-11 16:17:55,972 [INFO]  Epoch[4] Validation-cross-entropy=0.000010
2024-04-11 16:17:55,972 [INFO]  Epoch[4] Validation-Monetary-accuracy=0.000000
2024-04-11 16:17:55,972 [INFO]  
========== done (0.3811945915222168 s) fit model
2024-04-11 16:17:57,268 [INFO]  
========== start: fit model
2024-04-11 16:17:57,268 [WARNING]  Already bound, ignoring bind()
2024-04-11 16:17:57,316 [INFO]  Epoch[0] Batch [0-17]	Speed: 6011.79 samples/sec	cross-entropy=5.475465	Monetary-accuracy=3.277778
2024-04-11 16:17:57,363 [INFO]  Epoch[0] Train-cross-entropy=1.082957
2024-04-11 16:17:57,363 [INFO]  Epoch[0] Train-Monetary-accuracy=3.250000
2024-04-11 16:17:57,363 [INFO]  Epoch[0] Time cost=0.094
2024-04-11 16:17:57,365 [INFO]  Saved checkpoint to "./imputer_model/31_blood/imputer_model_Monetary/model-0000.params"
2024-04-11 16:17:57,382 [INFO]  Epoch[0] Validation-cross-entropy=0.470635
2024-04-11 16:17:57,382 [INFO]  Epoch[0] Validation-Monetary-accuracy=0.000000
2024-04-11 16:17:57,422 [INFO]  Epoch[1] Batch [0-17]	Speed: 6991.11 samples/sec	cross-entropy=0.174865	Monetary-accuracy=3.277778
2024-04-11 16:17:57,435 [INFO]  Epoch[1] Train-cross-entropy=0.036287
2024-04-11 16:17:57,435 [INFO]  Epoch[1] Train-Monetary-accuracy=3.250000
2024-04-11 16:17:57,435 [INFO]  Epoch[1] Time cost=0.053
2024-04-11 16:17:57,437 [INFO]  Saved checkpoint to "./imputer_model/31_blood/imputer_model_Monetary/model-0001.params"
2024-04-11 16:17:57,438 [INFO]  Epoch[1] Validation-cross-entropy=0.009384
2024-04-11 16:17:57,438 [INFO]  Epoch[1] Validation-Monetary-accuracy=0.000000
2024-04-11 16:17:57,501 [INFO]  Epoch[2] Batch [0-17]	Speed: 6101.13 samples/sec	cross-entropy=0.007272	Monetary-accuracy=3.277778
2024-04-11 16:17:57,547 [INFO]  Epoch[2] Train-cross-entropy=0.003659
2024-04-11 16:17:57,547 [INFO]  Epoch[2] Train-Monetary-accuracy=3.250000
2024-04-11 16:17:57,547 [INFO]  Epoch[2] Time cost=0.109
2024-04-11 16:17:57,549 [INFO]  Saved checkpoint to "./imputer_model/31_blood/imputer_model_Monetary/model-0002.params"
2024-04-11 16:17:57,550 [INFO]  Epoch[2] Validation-cross-entropy=0.002946
2024-04-11 16:17:57,551 [INFO]  Epoch[2] Validation-Monetary-accuracy=0.000000
2024-04-11 16:17:57,570 [INFO]  Epoch[3] Batch [0-17]	Speed: 14846.32 samples/sec	cross-entropy=0.002751	Monetary-accuracy=3.277778
2024-04-11 16:17:57,587 [INFO]  Epoch[3] Train-cross-entropy=0.000944
2024-04-11 16:17:57,588 [INFO]  Epoch[3] Train-Monetary-accuracy=3.250000
2024-04-11 16:17:57,588 [INFO]  Epoch[3] Time cost=0.037
2024-04-11 16:17:57,589 [INFO]  Saved checkpoint to "./imputer_model/31_blood/imputer_model_Monetary/model-0003.params"
2024-04-11 16:17:57,591 [INFO]  Epoch[3] Validation-cross-entropy=0.000881
2024-04-11 16:17:57,591 [INFO]  Epoch[3] Validation-Monetary-accuracy=0.000000
2024-04-11 16:17:57,621 [INFO]  Epoch[4] Batch [0-17]	Speed: 9577.81 samples/sec	cross-entropy=0.000691	Monetary-accuracy=3.277778
2024-04-11 16:17:57,632 [INFO]  Epoch[4] Train-cross-entropy=0.000254
2024-04-11 16:17:57,632 [INFO]  Epoch[4] Train-Monetary-accuracy=3.250000
2024-04-11 16:17:57,632 [INFO]  Epoch[4] Time cost=0.042
2024-04-11 16:17:57,634 [INFO]  Saved checkpoint to "./imputer_model/31_blood/imputer_model_Monetary/model-0004.params"
2024-04-11 16:17:57,635 [INFO]  Epoch[4] Validation-cross-entropy=0.000201
2024-04-11 16:17:57,635 [INFO]  Epoch[4] Validation-Monetary-accuracy=0.000000
2024-04-11 16:17:57,635 [INFO]  
========== done (0.36754488945007324 s) fit model
2024-04-11 16:17:58,831 [INFO]  
========== start: fit model
2024-04-11 16:17:58,831 [WARNING]  Already bound, ignoring bind()
2024-04-11 16:17:58,844 [INFO]  Epoch[0] Batch [0-17]	Speed: 25909.58 samples/sec	cross-entropy=4.701773	Monetary-accuracy=2.611111
2024-04-11 16:17:58,853 [INFO]  Epoch[0] Train-cross-entropy=1.198345
2024-04-11 16:17:58,853 [INFO]  Epoch[0] Train-Monetary-accuracy=3.250000
2024-04-11 16:17:58,853 [INFO]  Epoch[0] Time cost=0.021
2024-04-11 16:17:58,855 [INFO]  Saved checkpoint to "./imputer_model/31_blood/imputer_model_Monetary/model-0000.params"
2024-04-11 16:17:58,856 [INFO]  Epoch[0] Validation-cross-entropy=1.293397
2024-04-11 16:17:58,856 [INFO]  Epoch[0] Validation-Monetary-accuracy=0.000000
2024-04-11 16:17:58,866 [INFO]  Epoch[1] Batch [0-17]	Speed: 28418.96 samples/sec	cross-entropy=0.101299	Monetary-accuracy=2.611111
2024-04-11 16:17:58,875 [INFO]  Epoch[1] Train-cross-entropy=0.021557
2024-04-11 16:17:58,875 [INFO]  Epoch[1] Train-Monetary-accuracy=3.250000
2024-04-11 16:17:58,875 [INFO]  Epoch[1] Time cost=0.019
2024-04-11 16:17:58,877 [INFO]  Saved checkpoint to "./imputer_model/31_blood/imputer_model_Monetary/model-0001.params"
2024-04-11 16:17:58,878 [INFO]  Epoch[1] Validation-cross-entropy=0.052012
2024-04-11 16:17:58,878 [INFO]  Epoch[1] Validation-Monetary-accuracy=0.000000
2024-04-11 16:17:58,888 [INFO]  Epoch[2] Batch [0-17]	Speed: 28757.80 samples/sec	cross-entropy=0.010164	Monetary-accuracy=2.611111
2024-04-11 16:17:58,897 [INFO]  Epoch[2] Train-cross-entropy=0.008008
2024-04-11 16:17:58,897 [INFO]  Epoch[2] Train-Monetary-accuracy=3.250000
2024-04-11 16:17:58,897 [INFO]  Epoch[2] Time cost=0.019
2024-04-11 16:17:58,898 [INFO]  Saved checkpoint to "./imputer_model/31_blood/imputer_model_Monetary/model-0002.params"
2024-04-11 16:17:58,899 [INFO]  Epoch[2] Validation-cross-entropy=0.010651
2024-04-11 16:17:58,899 [INFO]  Epoch[2] Validation-Monetary-accuracy=0.000000
2024-04-11 16:17:58,909 [INFO]  Epoch[3] Batch [0-17]	Speed: 28734.62 samples/sec	cross-entropy=0.003194	Monetary-accuracy=2.611111
2024-04-11 16:17:58,918 [INFO]  Epoch[3] Train-cross-entropy=0.002736
2024-04-11 16:17:58,918 [INFO]  Epoch[3] Train-Monetary-accuracy=3.250000
2024-04-11 16:17:58,919 [INFO]  Epoch[3] Time cost=0.019
2024-04-11 16:17:58,920 [INFO]  Saved checkpoint to "./imputer_model/31_blood/imputer_model_Monetary/model-0003.params"
2024-04-11 16:17:58,921 [INFO]  Epoch[3] Validation-cross-entropy=0.004241
2024-04-11 16:17:58,921 [INFO]  Epoch[3] Validation-Monetary-accuracy=0.000000
2024-04-11 16:17:58,931 [INFO]  Epoch[4] Batch [0-17]	Speed: 28686.93 samples/sec	cross-entropy=0.000728	Monetary-accuracy=2.611111
2024-04-11 16:17:58,940 [INFO]  Epoch[4] Train-cross-entropy=0.000298
2024-04-11 16:17:58,940 [INFO]  Epoch[4] Train-Monetary-accuracy=3.250000
2024-04-11 16:17:58,940 [INFO]  Epoch[4] Time cost=0.019
2024-04-11 16:17:58,941 [INFO]  Saved checkpoint to "./imputer_model/31_blood/imputer_model_Monetary/model-0004.params"
2024-04-11 16:17:58,942 [INFO]  Epoch[4] Validation-cross-entropy=0.001024
2024-04-11 16:17:58,943 [INFO]  Epoch[4] Validation-Monetary-accuracy=0.000000
2024-04-11 16:17:58,943 [INFO]  
========== done (0.11139750480651855 s) fit model
