2024-04-11 15:25:47,341 [INFO]  
========== start: fit model
2024-04-11 15:25:47,342 [WARNING]  Already bound, ignoring bind()
2024-04-11 15:25:47,352 [INFO]  Epoch[0] Batch [0-10]	Speed: 20703.03 samples/sec	cross-entropy=7.713377	a5-accuracy=2.909091
2024-04-11 15:25:47,358 [INFO]  Epoch[0] Train-cross-entropy=1.216359
2024-04-11 15:25:47,358 [INFO]  Epoch[0] Train-a5-accuracy=3.875000
2024-04-11 15:25:47,358 [INFO]  Epoch[0] Time cost=0.016
2024-04-11 15:25:47,360 [INFO]  Saved checkpoint to "./imputer_model/30_monk/imputer_model_a5/model-0000.params"
2024-04-11 15:25:47,361 [INFO]  Epoch[0] Validation-cross-entropy=1.841077
2024-04-11 15:25:47,361 [INFO]  Epoch[0] Validation-a5-accuracy=0.000000
2024-04-11 15:25:47,372 [INFO]  Epoch[1] Batch [0-10]	Speed: 17008.53 samples/sec	cross-entropy=1.000625	a5-accuracy=2.909091
2024-04-11 15:25:47,378 [INFO]  Epoch[1] Train-cross-entropy=0.628550
2024-04-11 15:25:47,378 [INFO]  Epoch[1] Train-a5-accuracy=3.875000
2024-04-11 15:25:47,378 [INFO]  Epoch[1] Time cost=0.017
2024-04-11 15:25:47,380 [INFO]  Saved checkpoint to "./imputer_model/30_monk/imputer_model_a5/model-0001.params"
2024-04-11 15:25:47,381 [INFO]  Epoch[1] Validation-cross-entropy=0.325862
2024-04-11 15:25:47,381 [INFO]  Epoch[1] Validation-a5-accuracy=0.000000
2024-04-11 15:25:47,389 [INFO]  Epoch[2] Batch [0-10]	Speed: 21682.29 samples/sec	cross-entropy=0.235253	a5-accuracy=2.909091
2024-04-11 15:25:47,396 [INFO]  Epoch[2] Train-cross-entropy=0.156355
2024-04-11 15:25:47,396 [INFO]  Epoch[2] Train-a5-accuracy=3.875000
2024-04-11 15:25:47,396 [INFO]  Epoch[2] Time cost=0.015
2024-04-11 15:25:47,398 [INFO]  Saved checkpoint to "./imputer_model/30_monk/imputer_model_a5/model-0002.params"
2024-04-11 15:25:47,399 [INFO]  Epoch[2] Validation-cross-entropy=0.101945
2024-04-11 15:25:47,399 [INFO]  Epoch[2] Validation-a5-accuracy=0.000000
2024-04-11 15:25:47,407 [INFO]  Epoch[3] Batch [0-10]	Speed: 21601.33 samples/sec	cross-entropy=0.102319	a5-accuracy=2.909091
2024-04-11 15:25:47,413 [INFO]  Epoch[3] Train-cross-entropy=0.093287
2024-04-11 15:25:47,413 [INFO]  Epoch[3] Train-a5-accuracy=3.875000
2024-04-11 15:25:47,413 [INFO]  Epoch[3] Time cost=0.015
2024-04-11 15:25:47,415 [INFO]  Saved checkpoint to "./imputer_model/30_monk/imputer_model_a5/model-0003.params"
2024-04-11 15:25:47,416 [INFO]  Epoch[3] Validation-cross-entropy=0.119929
2024-04-11 15:25:47,416 [INFO]  Epoch[3] Validation-a5-accuracy=0.000000
2024-04-11 15:25:47,425 [INFO]  Epoch[4] Batch [0-10]	Speed: 20112.95 samples/sec	cross-entropy=0.073987	a5-accuracy=2.909091
2024-04-11 15:25:47,431 [INFO]  Epoch[4] Train-cross-entropy=0.050904
2024-04-11 15:25:47,431 [INFO]  Epoch[4] Train-a5-accuracy=3.875000
2024-04-11 15:25:47,431 [INFO]  Epoch[4] Time cost=0.015
2024-04-11 15:25:47,433 [INFO]  Saved checkpoint to "./imputer_model/30_monk/imputer_model_a5/model-0004.params"
2024-04-11 15:25:47,434 [INFO]  Epoch[4] Validation-cross-entropy=0.086127
2024-04-11 15:25:47,434 [INFO]  Epoch[4] Validation-a5-accuracy=0.000000
2024-04-11 15:25:47,434 [INFO]  
========== done (0.0928809642791748 s) fit model
2024-04-11 15:25:48,500 [INFO]  
========== start: fit model
2024-04-11 15:25:48,500 [WARNING]  Already bound, ignoring bind()
2024-04-11 15:25:48,511 [INFO]  Epoch[0] Batch [0-10]	Speed: 19381.06 samples/sec	cross-entropy=12.990661	a5-accuracy=2.727273
2024-04-11 15:25:48,518 [INFO]  Epoch[0] Train-cross-entropy=2.067601
2024-04-11 15:25:48,518 [INFO]  Epoch[0] Train-a5-accuracy=4.125000
2024-04-11 15:25:48,518 [INFO]  Epoch[0] Time cost=0.017
2024-04-11 15:25:48,520 [INFO]  Saved checkpoint to "./imputer_model/30_monk/imputer_model_a5/model-0000.params"
2024-04-11 15:25:48,522 [INFO]  Epoch[0] Validation-cross-entropy=0.537501
2024-04-11 15:25:48,522 [INFO]  Epoch[0] Validation-a5-accuracy=0.000000
2024-04-11 15:25:48,532 [INFO]  Epoch[1] Batch [0-10]	Speed: 18057.01 samples/sec	cross-entropy=0.784907	a5-accuracy=2.727273
2024-04-11 15:25:48,538 [INFO]  Epoch[1] Train-cross-entropy=0.630612
2024-04-11 15:25:48,538 [INFO]  Epoch[1] Train-a5-accuracy=4.125000
2024-04-11 15:25:48,538 [INFO]  Epoch[1] Time cost=0.016
2024-04-11 15:25:48,540 [INFO]  Saved checkpoint to "./imputer_model/30_monk/imputer_model_a5/model-0001.params"
2024-04-11 15:25:48,541 [INFO]  Epoch[1] Validation-cross-entropy=0.431835
2024-04-11 15:25:48,541 [INFO]  Epoch[1] Validation-a5-accuracy=0.000000
2024-04-11 15:25:48,549 [INFO]  Epoch[2] Batch [0-10]	Speed: 23528.81 samples/sec	cross-entropy=0.319098	a5-accuracy=2.727273
2024-04-11 15:25:48,554 [INFO]  Epoch[2] Train-cross-entropy=0.208848
2024-04-11 15:25:48,554 [INFO]  Epoch[2] Train-a5-accuracy=4.125000
2024-04-11 15:25:48,554 [INFO]  Epoch[2] Time cost=0.013
2024-04-11 15:25:48,556 [INFO]  Saved checkpoint to "./imputer_model/30_monk/imputer_model_a5/model-0002.params"
2024-04-11 15:25:48,557 [INFO]  Epoch[2] Validation-cross-entropy=0.210036
2024-04-11 15:25:48,557 [INFO]  Epoch[2] Validation-a5-accuracy=0.000000
2024-04-11 15:25:48,564 [INFO]  Epoch[3] Batch [0-10]	Speed: 23770.50 samples/sec	cross-entropy=0.146885	a5-accuracy=2.727273
2024-04-11 15:25:48,570 [INFO]  Epoch[3] Train-cross-entropy=0.102246
2024-04-11 15:25:48,570 [INFO]  Epoch[3] Train-a5-accuracy=4.125000
2024-04-11 15:25:48,570 [INFO]  Epoch[3] Time cost=0.014
2024-04-11 15:25:48,572 [INFO]  Saved checkpoint to "./imputer_model/30_monk/imputer_model_a5/model-0003.params"
2024-04-11 15:25:48,573 [INFO]  Epoch[3] Validation-cross-entropy=0.129007
2024-04-11 15:25:48,573 [INFO]  Epoch[3] Validation-a5-accuracy=0.000000
2024-04-11 15:25:48,583 [INFO]  Epoch[4] Batch [0-10]	Speed: 19533.38 samples/sec	cross-entropy=0.073497	a5-accuracy=2.727273
2024-04-11 15:25:48,588 [INFO]  Epoch[4] Train-cross-entropy=0.073150
2024-04-11 15:25:48,588 [INFO]  Epoch[4] Train-a5-accuracy=4.125000
2024-04-11 15:25:48,588 [INFO]  Epoch[4] Time cost=0.015
2024-04-11 15:25:48,590 [INFO]  Saved checkpoint to "./imputer_model/30_monk/imputer_model_a5/model-0004.params"
2024-04-11 15:25:48,591 [INFO]  Epoch[4] Validation-cross-entropy=0.116327
2024-04-11 15:25:48,591 [INFO]  Epoch[4] Validation-a5-accuracy=0.000000
2024-04-11 15:25:48,591 [INFO]  
========== done (0.09072256088256836 s) fit model
2024-04-11 15:25:49,722 [INFO]  
========== start: fit model
2024-04-11 15:25:49,722 [WARNING]  Already bound, ignoring bind()
2024-04-11 15:25:49,734 [INFO]  Epoch[0] Batch [0-10]	Speed: 17739.12 samples/sec	cross-entropy=5.279935	a5-accuracy=3.272727
2024-04-11 15:25:49,740 [INFO]  Epoch[0] Train-cross-entropy=1.495454
2024-04-11 15:25:49,740 [INFO]  Epoch[0] Train-a5-accuracy=2.500000
2024-04-11 15:25:49,740 [INFO]  Epoch[0] Time cost=0.018
2024-04-11 15:25:49,742 [INFO]  Saved checkpoint to "./imputer_model/30_monk/imputer_model_a5/model-0000.params"
2024-04-11 15:25:49,743 [INFO]  Epoch[0] Validation-cross-entropy=1.526144
2024-04-11 15:25:49,743 [INFO]  Epoch[0] Validation-a5-accuracy=0.000000
2024-04-11 15:25:49,752 [INFO]  Epoch[1] Batch [0-10]	Speed: 21648.02 samples/sec	cross-entropy=0.726291	a5-accuracy=3.272727
2024-04-11 15:25:49,758 [INFO]  Epoch[1] Train-cross-entropy=0.359362
2024-04-11 15:25:49,758 [INFO]  Epoch[1] Train-a5-accuracy=2.500000
2024-04-11 15:25:49,758 [INFO]  Epoch[1] Time cost=0.015
2024-04-11 15:25:49,759 [INFO]  Saved checkpoint to "./imputer_model/30_monk/imputer_model_a5/model-0001.params"
2024-04-11 15:25:49,760 [INFO]  Epoch[1] Validation-cross-entropy=0.388995
2024-04-11 15:25:49,760 [INFO]  Epoch[1] Validation-a5-accuracy=0.000000
2024-04-11 15:25:49,769 [INFO]  Epoch[2] Batch [0-10]	Speed: 21232.95 samples/sec	cross-entropy=0.225985	a5-accuracy=3.272727
2024-04-11 15:25:49,775 [INFO]  Epoch[2] Train-cross-entropy=0.102914
2024-04-11 15:25:49,775 [INFO]  Epoch[2] Train-a5-accuracy=2.500000
2024-04-11 15:25:49,775 [INFO]  Epoch[2] Time cost=0.015
2024-04-11 15:25:49,777 [INFO]  Saved checkpoint to "./imputer_model/30_monk/imputer_model_a5/model-0002.params"
2024-04-11 15:25:49,778 [INFO]  Epoch[2] Validation-cross-entropy=0.085773
2024-04-11 15:25:49,778 [INFO]  Epoch[2] Validation-a5-accuracy=0.000000
2024-04-11 15:25:49,786 [INFO]  Epoch[3] Batch [0-10]	Speed: 21520.98 samples/sec	cross-entropy=0.085664	a5-accuracy=3.272727
2024-04-11 15:25:49,793 [INFO]  Epoch[3] Train-cross-entropy=0.065728
2024-04-11 15:25:49,793 [INFO]  Epoch[3] Train-a5-accuracy=2.500000
2024-04-11 15:25:49,793 [INFO]  Epoch[3] Time cost=0.015
2024-04-11 15:25:49,794 [INFO]  Saved checkpoint to "./imputer_model/30_monk/imputer_model_a5/model-0003.params"
2024-04-11 15:25:49,795 [INFO]  Epoch[3] Validation-cross-entropy=0.097160
2024-04-11 15:25:49,795 [INFO]  Epoch[3] Validation-a5-accuracy=0.000000
2024-04-11 15:25:49,805 [INFO]  Epoch[4] Batch [0-10]	Speed: 18452.72 samples/sec	cross-entropy=0.062942	a5-accuracy=3.272727
2024-04-11 15:25:49,811 [INFO]  Epoch[4] Train-cross-entropy=0.056122
2024-04-11 15:25:49,811 [INFO]  Epoch[4] Train-a5-accuracy=2.500000
2024-04-11 15:25:49,811 [INFO]  Epoch[4] Time cost=0.015
2024-04-11 15:25:49,813 [INFO]  Saved checkpoint to "./imputer_model/30_monk/imputer_model_a5/model-0004.params"
2024-04-11 15:25:49,814 [INFO]  Epoch[4] Validation-cross-entropy=0.076686
2024-04-11 15:25:49,814 [INFO]  Epoch[4] Validation-a5-accuracy=0.000000
2024-04-11 15:25:49,814 [INFO]  
========== done (0.09220266342163086 s) fit model
2024-04-11 15:25:50,898 [INFO]  
========== start: fit model
2024-04-11 15:25:50,898 [WARNING]  Already bound, ignoring bind()
2024-04-11 15:25:50,914 [INFO]  Epoch[0] Batch [0-10]	Speed: 12400.47 samples/sec	cross-entropy=18.879244	a5-accuracy=2.636364
2024-04-11 15:25:50,924 [INFO]  Epoch[0] Train-cross-entropy=4.043236
2024-04-11 15:25:50,924 [INFO]  Epoch[0] Train-a5-accuracy=3.500000
2024-04-11 15:25:50,924 [INFO]  Epoch[0] Time cost=0.025
2024-04-11 15:25:50,926 [INFO]  Saved checkpoint to "./imputer_model/30_monk/imputer_model_a5/model-0000.params"
2024-04-11 15:25:50,928 [INFO]  Epoch[0] Validation-cross-entropy=1.722164
2024-04-11 15:25:50,928 [INFO]  Epoch[0] Validation-a5-accuracy=0.000000
2024-04-11 15:25:50,937 [INFO]  Epoch[1] Batch [0-10]	Speed: 20440.08 samples/sec	cross-entropy=0.736672	a5-accuracy=2.636364
2024-04-11 15:25:50,944 [INFO]  Epoch[1] Train-cross-entropy=0.702321
2024-04-11 15:25:50,944 [INFO]  Epoch[1] Train-a5-accuracy=3.500000
2024-04-11 15:25:50,944 [INFO]  Epoch[1] Time cost=0.016
2024-04-11 15:25:50,946 [INFO]  Saved checkpoint to "./imputer_model/30_monk/imputer_model_a5/model-0001.params"
2024-04-11 15:25:50,947 [INFO]  Epoch[1] Validation-cross-entropy=0.751577
2024-04-11 15:25:50,947 [INFO]  Epoch[1] Validation-a5-accuracy=0.000000
2024-04-11 15:25:50,955 [INFO]  Epoch[2] Batch [0-10]	Speed: 23515.62 samples/sec	cross-entropy=0.494150	a5-accuracy=2.636364
2024-04-11 15:25:50,959 [INFO]  Epoch[2] Train-cross-entropy=0.142026
2024-04-11 15:25:50,959 [INFO]  Epoch[2] Train-a5-accuracy=3.500000
2024-04-11 15:25:50,959 [INFO]  Epoch[2] Time cost=0.013
2024-04-11 15:25:50,961 [INFO]  Saved checkpoint to "./imputer_model/30_monk/imputer_model_a5/model-0002.params"
2024-04-11 15:25:50,962 [INFO]  Epoch[2] Validation-cross-entropy=0.174010
2024-04-11 15:25:50,962 [INFO]  Epoch[2] Validation-a5-accuracy=0.000000
2024-04-11 15:25:50,969 [INFO]  Epoch[3] Batch [0-10]	Speed: 26522.10 samples/sec	cross-entropy=0.150837	a5-accuracy=2.636364
2024-04-11 15:25:50,978 [INFO]  Epoch[3] Train-cross-entropy=0.100741
2024-04-11 15:25:50,978 [INFO]  Epoch[3] Train-a5-accuracy=3.500000
2024-04-11 15:25:50,978 [INFO]  Epoch[3] Time cost=0.016
2024-04-11 15:25:50,980 [INFO]  Saved checkpoint to "./imputer_model/30_monk/imputer_model_a5/model-0003.params"
2024-04-11 15:25:50,981 [INFO]  Epoch[3] Validation-cross-entropy=0.088162
2024-04-11 15:25:50,981 [INFO]  Epoch[3] Validation-a5-accuracy=0.000000
2024-04-11 15:25:50,989 [INFO]  Epoch[4] Batch [0-10]	Speed: 24432.54 samples/sec	cross-entropy=0.080948	a5-accuracy=2.636364
2024-04-11 15:25:50,994 [INFO]  Epoch[4] Train-cross-entropy=0.068636
2024-04-11 15:25:50,994 [INFO]  Epoch[4] Train-a5-accuracy=3.500000
2024-04-11 15:25:50,994 [INFO]  Epoch[4] Time cost=0.012
2024-04-11 15:25:50,996 [INFO]  Saved checkpoint to "./imputer_model/30_monk/imputer_model_a5/model-0004.params"
2024-04-11 15:25:50,997 [INFO]  Epoch[4] Validation-cross-entropy=0.071209
2024-04-11 15:25:50,997 [INFO]  Epoch[4] Validation-a5-accuracy=0.000000
2024-04-11 15:25:50,997 [INFO]  
========== done (0.09917855262756348 s) fit model
2024-04-11 15:25:52,118 [INFO]  
========== start: fit model
2024-04-11 15:25:52,118 [WARNING]  Already bound, ignoring bind()
2024-04-11 15:25:52,128 [INFO]  Epoch[0] Batch [0-10]	Speed: 20647.61 samples/sec	cross-entropy=7.903445	a5-accuracy=2.909091
2024-04-11 15:25:52,134 [INFO]  Epoch[0] Train-cross-entropy=1.420710
2024-04-11 15:25:52,135 [INFO]  Epoch[0] Train-a5-accuracy=2.875000
2024-04-11 15:25:52,135 [INFO]  Epoch[0] Time cost=0.015
2024-04-11 15:25:52,136 [INFO]  Saved checkpoint to "./imputer_model/30_monk/imputer_model_a5/model-0000.params"
2024-04-11 15:25:52,138 [INFO]  Epoch[0] Validation-cross-entropy=1.144307
2024-04-11 15:25:52,138 [INFO]  Epoch[0] Validation-a5-accuracy=0.000000
2024-04-11 15:25:52,147 [INFO]  Epoch[1] Batch [0-10]	Speed: 20245.83 samples/sec	cross-entropy=1.106838	a5-accuracy=2.909091
2024-04-11 15:25:52,153 [INFO]  Epoch[1] Train-cross-entropy=0.480732
2024-04-11 15:25:52,153 [INFO]  Epoch[1] Train-a5-accuracy=2.875000
2024-04-11 15:25:52,153 [INFO]  Epoch[1] Time cost=0.016
2024-04-11 15:25:52,155 [INFO]  Saved checkpoint to "./imputer_model/30_monk/imputer_model_a5/model-0001.params"
2024-04-11 15:25:52,156 [INFO]  Epoch[1] Validation-cross-entropy=0.113259
2024-04-11 15:25:52,156 [INFO]  Epoch[1] Validation-a5-accuracy=0.000000
2024-04-11 15:25:52,165 [INFO]  Epoch[2] Batch [0-10]	Speed: 22225.89 samples/sec	cross-entropy=0.161691	a5-accuracy=2.909091
2024-04-11 15:25:52,170 [INFO]  Epoch[2] Train-cross-entropy=0.212080
2024-04-11 15:25:52,170 [INFO]  Epoch[2] Train-a5-accuracy=2.875000
2024-04-11 15:25:52,170 [INFO]  Epoch[2] Time cost=0.014
2024-04-11 15:25:52,172 [INFO]  Saved checkpoint to "./imputer_model/30_monk/imputer_model_a5/model-0002.params"
2024-04-11 15:25:52,173 [INFO]  Epoch[2] Validation-cross-entropy=0.129277
2024-04-11 15:25:52,173 [INFO]  Epoch[2] Validation-a5-accuracy=0.000000
2024-04-11 15:25:52,180 [INFO]  Epoch[3] Batch [0-10]	Speed: 25022.88 samples/sec	cross-entropy=0.091965	a5-accuracy=2.909091
2024-04-11 15:25:52,186 [INFO]  Epoch[3] Train-cross-entropy=0.084613
2024-04-11 15:25:52,186 [INFO]  Epoch[3] Train-a5-accuracy=2.875000
2024-04-11 15:25:52,186 [INFO]  Epoch[3] Time cost=0.013
2024-04-11 15:25:52,188 [INFO]  Saved checkpoint to "./imputer_model/30_monk/imputer_model_a5/model-0003.params"
2024-04-11 15:25:52,189 [INFO]  Epoch[3] Validation-cross-entropy=0.045067
2024-04-11 15:25:52,189 [INFO]  Epoch[3] Validation-a5-accuracy=0.000000
2024-04-11 15:25:52,195 [INFO]  Epoch[4] Batch [0-10]	Speed: 27588.43 samples/sec	cross-entropy=0.063301	a5-accuracy=2.909091
2024-04-11 15:25:52,201 [INFO]  Epoch[4] Train-cross-entropy=0.081976
2024-04-11 15:25:52,201 [INFO]  Epoch[4] Train-a5-accuracy=2.875000
2024-04-11 15:25:52,201 [INFO]  Epoch[4] Time cost=0.012
2024-04-11 15:25:52,202 [INFO]  Saved checkpoint to "./imputer_model/30_monk/imputer_model_a5/model-0004.params"
2024-04-11 15:25:52,203 [INFO]  Epoch[4] Validation-cross-entropy=0.066572
2024-04-11 15:25:52,203 [INFO]  Epoch[4] Validation-a5-accuracy=0.000000
2024-04-11 15:25:52,203 [INFO]  
========== done (0.0854799747467041 s) fit model
2024-04-11 15:25:53,255 [INFO]  
========== start: fit model
2024-04-11 15:25:53,255 [WARNING]  Already bound, ignoring bind()
2024-04-11 15:25:53,269 [INFO]  Epoch[0] Batch [0-10]	Speed: 16954.39 samples/sec	cross-entropy=13.917489	a5-accuracy=3.090909
2024-04-11 15:25:53,277 [INFO]  Epoch[0] Train-cross-entropy=3.466737
2024-04-11 15:25:53,277 [INFO]  Epoch[0] Train-a5-accuracy=2.625000
2024-04-11 15:25:53,277 [INFO]  Epoch[0] Time cost=0.021
2024-04-11 15:25:53,279 [INFO]  Saved checkpoint to "./imputer_model/30_monk/imputer_model_a5/model-0000.params"
2024-04-11 15:25:53,281 [INFO]  Epoch[0] Validation-cross-entropy=0.537103
2024-04-11 15:25:53,281 [INFO]  Epoch[0] Validation-a5-accuracy=0.000000
2024-04-11 15:25:53,290 [INFO]  Epoch[1] Batch [0-10]	Speed: 19014.24 samples/sec	cross-entropy=0.649997	a5-accuracy=3.090909
2024-04-11 15:25:53,297 [INFO]  Epoch[1] Train-cross-entropy=0.764087
2024-04-11 15:25:53,297 [INFO]  Epoch[1] Train-a5-accuracy=2.625000
2024-04-11 15:25:53,297 [INFO]  Epoch[1] Time cost=0.016
2024-04-11 15:25:53,299 [INFO]  Saved checkpoint to "./imputer_model/30_monk/imputer_model_a5/model-0001.params"
2024-04-11 15:25:53,300 [INFO]  Epoch[1] Validation-cross-entropy=0.482265
2024-04-11 15:25:53,300 [INFO]  Epoch[1] Validation-a5-accuracy=0.000000
2024-04-11 15:25:53,310 [INFO]  Epoch[2] Batch [0-10]	Speed: 17879.96 samples/sec	cross-entropy=0.249317	a5-accuracy=3.090909
2024-04-11 15:25:53,316 [INFO]  Epoch[2] Train-cross-entropy=0.164108
2024-04-11 15:25:53,316 [INFO]  Epoch[2] Train-a5-accuracy=2.625000
2024-04-11 15:25:53,316 [INFO]  Epoch[2] Time cost=0.016
2024-04-11 15:25:53,318 [INFO]  Saved checkpoint to "./imputer_model/30_monk/imputer_model_a5/model-0002.params"
2024-04-11 15:25:53,319 [INFO]  Epoch[2] Validation-cross-entropy=0.116489
2024-04-11 15:25:53,319 [INFO]  Epoch[2] Validation-a5-accuracy=0.000000
2024-04-11 15:25:53,327 [INFO]  Epoch[3] Batch [0-10]	Speed: 22996.66 samples/sec	cross-entropy=0.103124	a5-accuracy=3.090909
2024-04-11 15:25:53,332 [INFO]  Epoch[3] Train-cross-entropy=0.101136
2024-04-11 15:25:53,332 [INFO]  Epoch[3] Train-a5-accuracy=2.625000
2024-04-11 15:25:53,332 [INFO]  Epoch[3] Time cost=0.013
2024-04-11 15:25:53,334 [INFO]  Saved checkpoint to "./imputer_model/30_monk/imputer_model_a5/model-0003.params"
2024-04-11 15:25:53,335 [INFO]  Epoch[3] Validation-cross-entropy=0.028236
2024-04-11 15:25:53,335 [INFO]  Epoch[3] Validation-a5-accuracy=0.000000
2024-04-11 15:25:53,344 [INFO]  Epoch[4] Batch [0-10]	Speed: 20135.88 samples/sec	cross-entropy=0.061321	a5-accuracy=3.090909
2024-04-11 15:25:53,350 [INFO]  Epoch[4] Train-cross-entropy=0.073908
2024-04-11 15:25:53,350 [INFO]  Epoch[4] Train-a5-accuracy=2.625000
2024-04-11 15:25:53,350 [INFO]  Epoch[4] Time cost=0.015
2024-04-11 15:25:53,352 [INFO]  Saved checkpoint to "./imputer_model/30_monk/imputer_model_a5/model-0004.params"
2024-04-11 15:25:53,353 [INFO]  Epoch[4] Validation-cross-entropy=0.030841
2024-04-11 15:25:53,353 [INFO]  Epoch[4] Validation-a5-accuracy=0.000000
2024-04-11 15:25:53,353 [INFO]  
========== done (0.09799075126647949 s) fit model
2024-04-11 15:25:54,399 [INFO]  
========== start: fit model
2024-04-11 15:25:54,399 [WARNING]  Already bound, ignoring bind()
2024-04-11 15:25:54,410 [INFO]  Epoch[0] Batch [0-10]	Speed: 19197.00 samples/sec	cross-entropy=9.745213	a5-accuracy=3.363636
2024-04-11 15:25:54,417 [INFO]  Epoch[0] Train-cross-entropy=1.582677
2024-04-11 15:25:54,417 [INFO]  Epoch[0] Train-a5-accuracy=3.500000
2024-04-11 15:25:54,417 [INFO]  Epoch[0] Time cost=0.017
2024-04-11 15:25:54,419 [INFO]  Saved checkpoint to "./imputer_model/30_monk/imputer_model_a5/model-0000.params"
2024-04-11 15:25:54,420 [INFO]  Epoch[0] Validation-cross-entropy=1.012914
2024-04-11 15:25:54,420 [INFO]  Epoch[0] Validation-a5-accuracy=0.000000
2024-04-11 15:25:54,428 [INFO]  Epoch[1] Batch [0-10]	Speed: 21414.53 samples/sec	cross-entropy=1.035726	a5-accuracy=3.363636
2024-04-11 15:25:54,434 [INFO]  Epoch[1] Train-cross-entropy=0.597713
2024-04-11 15:25:54,434 [INFO]  Epoch[1] Train-a5-accuracy=3.500000
2024-04-11 15:25:54,434 [INFO]  Epoch[1] Time cost=0.015
2024-04-11 15:25:54,436 [INFO]  Saved checkpoint to "./imputer_model/30_monk/imputer_model_a5/model-0001.params"
2024-04-11 15:25:54,437 [INFO]  Epoch[1] Validation-cross-entropy=0.314954
2024-04-11 15:25:54,437 [INFO]  Epoch[1] Validation-a5-accuracy=0.000000
2024-04-11 15:25:54,445 [INFO]  Epoch[2] Batch [0-10]	Speed: 21271.31 samples/sec	cross-entropy=0.212120	a5-accuracy=3.363636
2024-04-11 15:25:54,451 [INFO]  Epoch[2] Train-cross-entropy=0.128244
2024-04-11 15:25:54,452 [INFO]  Epoch[2] Train-a5-accuracy=3.500000
2024-04-11 15:25:54,452 [INFO]  Epoch[2] Time cost=0.015
2024-04-11 15:25:54,453 [INFO]  Saved checkpoint to "./imputer_model/30_monk/imputer_model_a5/model-0002.params"
2024-04-11 15:25:54,454 [INFO]  Epoch[2] Validation-cross-entropy=0.165302
2024-04-11 15:25:54,454 [INFO]  Epoch[2] Validation-a5-accuracy=0.000000
2024-04-11 15:25:54,463 [INFO]  Epoch[3] Batch [0-10]	Speed: 19652.93 samples/sec	cross-entropy=0.091323	a5-accuracy=3.363636
2024-04-11 15:25:54,470 [INFO]  Epoch[3] Train-cross-entropy=0.081530
2024-04-11 15:25:54,470 [INFO]  Epoch[3] Train-a5-accuracy=3.500000
2024-04-11 15:25:54,470 [INFO]  Epoch[3] Time cost=0.016
2024-04-11 15:25:54,472 [INFO]  Saved checkpoint to "./imputer_model/30_monk/imputer_model_a5/model-0003.params"
2024-04-11 15:25:54,474 [INFO]  Epoch[3] Validation-cross-entropy=0.096599
2024-04-11 15:25:54,474 [INFO]  Epoch[3] Validation-a5-accuracy=0.000000
2024-04-11 15:25:54,482 [INFO]  Epoch[4] Batch [0-10]	Speed: 21252.45 samples/sec	cross-entropy=0.075200	a5-accuracy=3.363636
2024-04-11 15:25:54,488 [INFO]  Epoch[4] Train-cross-entropy=0.060560
2024-04-11 15:25:54,488 [INFO]  Epoch[4] Train-a5-accuracy=3.500000
2024-04-11 15:25:54,488 [INFO]  Epoch[4] Time cost=0.015
2024-04-11 15:25:54,490 [INFO]  Saved checkpoint to "./imputer_model/30_monk/imputer_model_a5/model-0004.params"
2024-04-11 15:25:54,491 [INFO]  Epoch[4] Validation-cross-entropy=0.079785
2024-04-11 15:25:54,491 [INFO]  Epoch[4] Validation-a5-accuracy=0.000000
2024-04-11 15:25:54,491 [INFO]  
========== done (0.09198999404907227 s) fit model
2024-04-11 15:25:55,536 [INFO]  
========== start: fit model
2024-04-11 15:25:55,536 [WARNING]  Already bound, ignoring bind()
2024-04-11 15:25:55,545 [INFO]  Epoch[0] Batch [0-10]	Speed: 23489.28 samples/sec	cross-entropy=8.122665	a5-accuracy=3.000000
2024-04-11 15:25:55,552 [INFO]  Epoch[0] Train-cross-entropy=1.249932
2024-04-11 15:25:55,552 [INFO]  Epoch[0] Train-a5-accuracy=3.375000
2024-04-11 15:25:55,552 [INFO]  Epoch[0] Time cost=0.015
2024-04-11 15:25:55,554 [INFO]  Saved checkpoint to "./imputer_model/30_monk/imputer_model_a5/model-0000.params"
2024-04-11 15:25:55,555 [INFO]  Epoch[0] Validation-cross-entropy=1.316568
2024-04-11 15:25:55,555 [INFO]  Epoch[0] Validation-a5-accuracy=0.000000
2024-04-11 15:25:55,562 [INFO]  Epoch[1] Batch [0-10]	Speed: 25055.58 samples/sec	cross-entropy=1.039608	a5-accuracy=3.000000
2024-04-11 15:25:55,568 [INFO]  Epoch[1] Train-cross-entropy=0.462821
2024-04-11 15:25:55,568 [INFO]  Epoch[1] Train-a5-accuracy=3.375000
2024-04-11 15:25:55,568 [INFO]  Epoch[1] Time cost=0.014
2024-04-11 15:25:55,570 [INFO]  Saved checkpoint to "./imputer_model/30_monk/imputer_model_a5/model-0001.params"
2024-04-11 15:25:55,571 [INFO]  Epoch[1] Validation-cross-entropy=0.288382
2024-04-11 15:25:55,571 [INFO]  Epoch[1] Validation-a5-accuracy=0.000000
2024-04-11 15:25:55,579 [INFO]  Epoch[2] Batch [0-10]	Speed: 21958.27 samples/sec	cross-entropy=0.218724	a5-accuracy=3.000000
2024-04-11 15:25:55,585 [INFO]  Epoch[2] Train-cross-entropy=0.169603
2024-04-11 15:25:55,585 [INFO]  Epoch[2] Train-a5-accuracy=3.375000
2024-04-11 15:25:55,585 [INFO]  Epoch[2] Time cost=0.014
2024-04-11 15:25:55,587 [INFO]  Saved checkpoint to "./imputer_model/30_monk/imputer_model_a5/model-0002.params"
2024-04-11 15:25:55,588 [INFO]  Epoch[2] Validation-cross-entropy=0.113208
2024-04-11 15:25:55,588 [INFO]  Epoch[2] Validation-a5-accuracy=0.000000
2024-04-11 15:25:55,596 [INFO]  Epoch[3] Batch [0-10]	Speed: 20581.12 samples/sec	cross-entropy=0.093450	a5-accuracy=3.000000
2024-04-11 15:25:55,601 [INFO]  Epoch[3] Train-cross-entropy=0.063553
2024-04-11 15:25:55,602 [INFO]  Epoch[3] Train-a5-accuracy=3.375000
2024-04-11 15:25:55,602 [INFO]  Epoch[3] Time cost=0.014
2024-04-11 15:25:55,603 [INFO]  Saved checkpoint to "./imputer_model/30_monk/imputer_model_a5/model-0003.params"
2024-04-11 15:25:55,606 [INFO]  Epoch[3] Validation-cross-entropy=0.073428
2024-04-11 15:25:55,606 [INFO]  Epoch[3] Validation-a5-accuracy=0.000000
2024-04-11 15:25:55,614 [INFO]  Epoch[4] Batch [0-10]	Speed: 23751.99 samples/sec	cross-entropy=0.055550	a5-accuracy=3.000000
2024-04-11 15:25:55,619 [INFO]  Epoch[4] Train-cross-entropy=0.043813
2024-04-11 15:25:55,619 [INFO]  Epoch[4] Train-a5-accuracy=3.375000
2024-04-11 15:25:55,619 [INFO]  Epoch[4] Time cost=0.013
2024-04-11 15:25:55,620 [INFO]  Saved checkpoint to "./imputer_model/30_monk/imputer_model_a5/model-0004.params"
2024-04-11 15:25:55,621 [INFO]  Epoch[4] Validation-cross-entropy=0.074715
2024-04-11 15:25:55,621 [INFO]  Epoch[4] Validation-a5-accuracy=0.000000
2024-04-11 15:25:55,621 [INFO]  
========== done (0.08513545989990234 s) fit model
2024-04-11 15:25:56,759 [INFO]  
========== start: fit model
2024-04-11 15:25:56,759 [WARNING]  Already bound, ignoring bind()
2024-04-11 15:25:56,770 [INFO]  Epoch[0] Batch [0-10]	Speed: 19195.90 samples/sec	cross-entropy=10.242064	a5-accuracy=0.000000
2024-04-11 15:25:56,780 [INFO]  Epoch[0] Train-cross-entropy=1.485522
2024-04-11 15:25:56,780 [INFO]  Epoch[0] Train-a5-accuracy=0.000000
2024-04-11 15:25:56,780 [INFO]  Epoch[0] Time cost=0.020
2024-04-11 15:25:56,784 [INFO]  Saved checkpoint to "./imputer_model/30_monk/imputer_model_a5/model-0000.params"
2024-04-11 15:25:56,785 [INFO]  Epoch[0] Validation-cross-entropy=1.306810
2024-04-11 15:25:56,785 [INFO]  Epoch[0] Validation-a5-accuracy=0.000000
2024-04-11 15:25:56,797 [INFO]  Epoch[1] Batch [0-10]	Speed: 16222.02 samples/sec	cross-entropy=1.321339	a5-accuracy=0.000000
2024-04-11 15:25:56,805 [INFO]  Epoch[1] Train-cross-entropy=0.490513
2024-04-11 15:25:56,806 [INFO]  Epoch[1] Train-a5-accuracy=0.000000
2024-04-11 15:25:56,806 [INFO]  Epoch[1] Time cost=0.020
2024-04-11 15:25:56,807 [INFO]  Saved checkpoint to "./imputer_model/30_monk/imputer_model_a5/model-0001.params"
2024-04-11 15:25:56,808 [INFO]  Epoch[1] Validation-cross-entropy=0.483852
2024-04-11 15:25:56,808 [INFO]  Epoch[1] Validation-a5-accuracy=0.000000
2024-04-11 15:25:56,816 [INFO]  Epoch[2] Batch [0-10]	Speed: 24443.22 samples/sec	cross-entropy=0.298676	a5-accuracy=0.000000
2024-04-11 15:25:56,821 [INFO]  Epoch[2] Train-cross-entropy=0.253249
2024-04-11 15:25:56,821 [INFO]  Epoch[2] Train-a5-accuracy=0.000000
2024-04-11 15:25:56,821 [INFO]  Epoch[2] Time cost=0.013
2024-04-11 15:25:56,822 [INFO]  Saved checkpoint to "./imputer_model/30_monk/imputer_model_a5/model-0002.params"
2024-04-11 15:25:56,823 [INFO]  Epoch[2] Validation-cross-entropy=0.178129
2024-04-11 15:25:56,823 [INFO]  Epoch[2] Validation-a5-accuracy=0.000000
2024-04-11 15:25:56,832 [INFO]  Epoch[3] Batch [0-10]	Speed: 20625.40 samples/sec	cross-entropy=0.115184	a5-accuracy=0.000000
2024-04-11 15:25:56,839 [INFO]  Epoch[3] Train-cross-entropy=0.117156
2024-04-11 15:25:56,839 [INFO]  Epoch[3] Train-a5-accuracy=0.000000
2024-04-11 15:25:56,839 [INFO]  Epoch[3] Time cost=0.016
2024-04-11 15:25:56,841 [INFO]  Saved checkpoint to "./imputer_model/30_monk/imputer_model_a5/model-0003.params"
2024-04-11 15:25:56,842 [INFO]  Epoch[3] Validation-cross-entropy=0.131706
2024-04-11 15:25:56,842 [INFO]  Epoch[3] Validation-a5-accuracy=0.000000
2024-04-11 15:25:56,850 [INFO]  Epoch[4] Batch [0-10]	Speed: 24775.30 samples/sec	cross-entropy=0.074826	a5-accuracy=0.000000
2024-04-11 15:25:56,861 [INFO]  Epoch[4] Train-cross-entropy=0.079515
2024-04-11 15:25:56,861 [INFO]  Epoch[4] Train-a5-accuracy=0.000000
2024-04-11 15:25:56,861 [INFO]  Epoch[4] Time cost=0.019
2024-04-11 15:25:56,864 [INFO]  Saved checkpoint to "./imputer_model/30_monk/imputer_model_a5/model-0004.params"
2024-04-11 15:25:56,865 [INFO]  Epoch[4] Validation-cross-entropy=0.091984
2024-04-11 15:25:56,865 [INFO]  Epoch[4] Validation-a5-accuracy=0.000000
2024-04-11 15:25:56,865 [INFO]  
========== done (0.106536865234375 s) fit model
2024-04-11 15:25:57,967 [INFO]  
========== start: fit model
2024-04-11 15:25:57,967 [WARNING]  Already bound, ignoring bind()
2024-04-11 15:25:57,977 [INFO]  Epoch[0] Batch [0-10]	Speed: 22286.42 samples/sec	cross-entropy=10.056422	a5-accuracy=2.909091
2024-04-11 15:25:57,982 [INFO]  Epoch[0] Train-cross-entropy=0.791106
2024-04-11 15:25:57,982 [INFO]  Epoch[0] Train-a5-accuracy=2.750000
2024-04-11 15:25:57,982 [INFO]  Epoch[0] Time cost=0.014
2024-04-11 15:25:57,984 [INFO]  Saved checkpoint to "./imputer_model/30_monk/imputer_model_a5/model-0000.params"
2024-04-11 15:25:57,985 [INFO]  Epoch[0] Validation-cross-entropy=2.279287
2024-04-11 15:25:57,985 [INFO]  Epoch[0] Validation-a5-accuracy=0.000000
2024-04-11 15:25:57,991 [INFO]  Epoch[1] Batch [0-10]	Speed: 27631.60 samples/sec	cross-entropy=0.950231	a5-accuracy=2.909091
2024-04-11 15:25:57,997 [INFO]  Epoch[1] Train-cross-entropy=0.459216
2024-04-11 15:25:57,997 [INFO]  Epoch[1] Train-a5-accuracy=2.750000
2024-04-11 15:25:57,997 [INFO]  Epoch[1] Time cost=0.012
2024-04-11 15:25:57,999 [INFO]  Saved checkpoint to "./imputer_model/30_monk/imputer_model_a5/model-0001.params"
2024-04-11 15:25:58,000 [INFO]  Epoch[1] Validation-cross-entropy=0.199787
2024-04-11 15:25:58,000 [INFO]  Epoch[1] Validation-a5-accuracy=0.000000
2024-04-11 15:25:58,010 [INFO]  Epoch[2] Batch [0-10]	Speed: 17803.59 samples/sec	cross-entropy=0.176987	a5-accuracy=2.909091
2024-04-11 15:25:58,015 [INFO]  Epoch[2] Train-cross-entropy=0.163398
2024-04-11 15:25:58,015 [INFO]  Epoch[2] Train-a5-accuracy=2.750000
2024-04-11 15:25:58,015 [INFO]  Epoch[2] Time cost=0.015
2024-04-11 15:25:58,017 [INFO]  Saved checkpoint to "./imputer_model/30_monk/imputer_model_a5/model-0002.params"
2024-04-11 15:25:58,018 [INFO]  Epoch[2] Validation-cross-entropy=0.150540
2024-04-11 15:25:58,018 [INFO]  Epoch[2] Validation-a5-accuracy=0.000000
2024-04-11 15:25:58,026 [INFO]  Epoch[3] Batch [0-10]	Speed: 23225.88 samples/sec	cross-entropy=0.083771	a5-accuracy=2.909091
2024-04-11 15:25:58,031 [INFO]  Epoch[3] Train-cross-entropy=0.071331
2024-04-11 15:25:58,031 [INFO]  Epoch[3] Train-a5-accuracy=2.750000
2024-04-11 15:25:58,031 [INFO]  Epoch[3] Time cost=0.013
2024-04-11 15:25:58,033 [INFO]  Saved checkpoint to "./imputer_model/30_monk/imputer_model_a5/model-0003.params"
2024-04-11 15:25:58,034 [INFO]  Epoch[3] Validation-cross-entropy=0.058995
2024-04-11 15:25:58,034 [INFO]  Epoch[3] Validation-a5-accuracy=0.000000
2024-04-11 15:25:58,041 [INFO]  Epoch[4] Batch [0-10]	Speed: 24800.94 samples/sec	cross-entropy=0.064099	a5-accuracy=2.909091
2024-04-11 15:25:58,046 [INFO]  Epoch[4] Train-cross-entropy=0.064152
2024-04-11 15:25:58,046 [INFO]  Epoch[4] Train-a5-accuracy=2.750000
2024-04-11 15:25:58,046 [INFO]  Epoch[4] Time cost=0.012
2024-04-11 15:25:58,048 [INFO]  Saved checkpoint to "./imputer_model/30_monk/imputer_model_a5/model-0004.params"
2024-04-11 15:25:58,049 [INFO]  Epoch[4] Validation-cross-entropy=0.057238
2024-04-11 15:25:58,049 [INFO]  Epoch[4] Validation-a5-accuracy=0.000000
2024-04-11 15:25:58,049 [INFO]  
========== done (0.08158612251281738 s) fit model
2024-04-11 15:25:59,342 [INFO]  
========== start: fit model
2024-04-11 15:25:59,342 [WARNING]  Already bound, ignoring bind()
2024-04-11 15:25:59,353 [INFO]  Epoch[0] Batch [0-10]	Speed: 18345.28 samples/sec	cross-entropy=16.188607	a5-accuracy=3.000000
2024-04-11 15:25:59,360 [INFO]  Epoch[0] Train-cross-entropy=3.408628
2024-04-11 15:25:59,360 [INFO]  Epoch[0] Train-a5-accuracy=2.625000
2024-04-11 15:25:59,360 [INFO]  Epoch[0] Time cost=0.017
2024-04-11 15:25:59,362 [INFO]  Saved checkpoint to "./imputer_model/30_monk/imputer_model_a5/model-0000.params"
2024-04-11 15:25:59,363 [INFO]  Epoch[0] Validation-cross-entropy=1.303825
2024-04-11 15:25:59,363 [INFO]  Epoch[0] Validation-a5-accuracy=0.000000
2024-04-11 15:25:59,372 [INFO]  Epoch[1] Batch [0-10]	Speed: 19699.08 samples/sec	cross-entropy=0.903871	a5-accuracy=3.000000
2024-04-11 15:25:59,378 [INFO]  Epoch[1] Train-cross-entropy=0.612659
2024-04-11 15:25:59,379 [INFO]  Epoch[1] Train-a5-accuracy=2.625000
2024-04-11 15:25:59,379 [INFO]  Epoch[1] Time cost=0.016
2024-04-11 15:25:59,380 [INFO]  Saved checkpoint to "./imputer_model/30_monk/imputer_model_a5/model-0001.params"
2024-04-11 15:25:59,381 [INFO]  Epoch[1] Validation-cross-entropy=0.793703
2024-04-11 15:25:59,381 [INFO]  Epoch[1] Validation-a5-accuracy=0.000000
2024-04-11 15:25:59,390 [INFO]  Epoch[2] Batch [0-10]	Speed: 21848.89 samples/sec	cross-entropy=0.442450	a5-accuracy=3.000000
2024-04-11 15:25:59,396 [INFO]  Epoch[2] Train-cross-entropy=0.188492
2024-04-11 15:25:59,396 [INFO]  Epoch[2] Train-a5-accuracy=2.625000
2024-04-11 15:25:59,396 [INFO]  Epoch[2] Time cost=0.015
2024-04-11 15:25:59,398 [INFO]  Saved checkpoint to "./imputer_model/30_monk/imputer_model_a5/model-0002.params"
2024-04-11 15:25:59,399 [INFO]  Epoch[2] Validation-cross-entropy=0.175714
2024-04-11 15:25:59,399 [INFO]  Epoch[2] Validation-a5-accuracy=0.000000
2024-04-11 15:25:59,407 [INFO]  Epoch[3] Batch [0-10]	Speed: 21948.93 samples/sec	cross-entropy=0.154678	a5-accuracy=3.000000
2024-04-11 15:25:59,413 [INFO]  Epoch[3] Train-cross-entropy=0.129688
2024-04-11 15:25:59,413 [INFO]  Epoch[3] Train-a5-accuracy=2.625000
2024-04-11 15:25:59,413 [INFO]  Epoch[3] Time cost=0.014
2024-04-11 15:25:59,415 [INFO]  Saved checkpoint to "./imputer_model/30_monk/imputer_model_a5/model-0003.params"
2024-04-11 15:25:59,416 [INFO]  Epoch[3] Validation-cross-entropy=0.112790
2024-04-11 15:25:59,416 [INFO]  Epoch[3] Validation-a5-accuracy=0.000000
2024-04-11 15:25:59,424 [INFO]  Epoch[4] Batch [0-10]	Speed: 21958.99 samples/sec	cross-entropy=0.098338	a5-accuracy=3.000000
2024-04-11 15:25:59,430 [INFO]  Epoch[4] Train-cross-entropy=0.083091
2024-04-11 15:25:59,430 [INFO]  Epoch[4] Train-a5-accuracy=2.625000
2024-04-11 15:25:59,430 [INFO]  Epoch[4] Time cost=0.015
2024-04-11 15:25:59,432 [INFO]  Saved checkpoint to "./imputer_model/30_monk/imputer_model_a5/model-0004.params"
2024-04-11 15:25:59,433 [INFO]  Epoch[4] Validation-cross-entropy=0.093537
2024-04-11 15:25:59,433 [INFO]  Epoch[4] Validation-a5-accuracy=0.000000
2024-04-11 15:25:59,433 [INFO]  
========== done (0.09141087532043457 s) fit model
2024-04-11 15:26:01,663 [INFO]  
========== start: fit model
2024-04-11 15:26:01,663 [WARNING]  Already bound, ignoring bind()
2024-04-11 15:26:01,730 [INFO]  Epoch[0] Batch [0-10]	Speed: 4862.89 samples/sec	cross-entropy=9.335524	a5-accuracy=2.454545
2024-04-11 15:26:01,738 [INFO]  Epoch[0] Train-cross-entropy=1.116658
2024-04-11 15:26:01,738 [INFO]  Epoch[0] Train-a5-accuracy=3.750000
2024-04-11 15:26:01,738 [INFO]  Epoch[0] Time cost=0.074
2024-04-11 15:26:01,740 [INFO]  Saved checkpoint to "./imputer_model/30_monk/imputer_model_a5/model-0000.params"
2024-04-11 15:26:01,741 [INFO]  Epoch[0] Validation-cross-entropy=1.171701
2024-04-11 15:26:01,741 [INFO]  Epoch[0] Validation-a5-accuracy=0.000000
2024-04-11 15:26:01,760 [INFO]  Epoch[1] Batch [0-10]	Speed: 8996.91 samples/sec	cross-entropy=1.128428	a5-accuracy=2.454545
2024-04-11 15:26:01,774 [INFO]  Epoch[1] Train-cross-entropy=0.359871
2024-04-11 15:26:01,775 [INFO]  Epoch[1] Train-a5-accuracy=3.750000
2024-04-11 15:26:01,775 [INFO]  Epoch[1] Time cost=0.034
2024-04-11 15:26:01,777 [INFO]  Saved checkpoint to "./imputer_model/30_monk/imputer_model_a5/model-0001.params"
2024-04-11 15:26:01,788 [INFO]  Epoch[1] Validation-cross-entropy=0.332388
2024-04-11 15:26:01,788 [INFO]  Epoch[1] Validation-a5-accuracy=0.000000
2024-04-11 15:26:01,829 [INFO]  Epoch[2] Batch [0-10]	Speed: 4088.79 samples/sec	cross-entropy=0.262766	a5-accuracy=2.454545
2024-04-11 15:26:01,871 [INFO]  Epoch[2] Train-cross-entropy=0.109079
2024-04-11 15:26:01,871 [INFO]  Epoch[2] Train-a5-accuracy=3.750000
2024-04-11 15:26:01,871 [INFO]  Epoch[2] Time cost=0.084
2024-04-11 15:26:01,873 [INFO]  Saved checkpoint to "./imputer_model/30_monk/imputer_model_a5/model-0002.params"
2024-04-11 15:26:01,874 [INFO]  Epoch[2] Validation-cross-entropy=0.154767
2024-04-11 15:26:01,874 [INFO]  Epoch[2] Validation-a5-accuracy=0.000000
2024-04-11 15:26:01,896 [INFO]  Epoch[3] Batch [0-10]	Speed: 12021.51 samples/sec	cross-entropy=0.083058	a5-accuracy=2.454545
2024-04-11 15:26:01,905 [INFO]  Epoch[3] Train-cross-entropy=0.065123
2024-04-11 15:26:01,905 [INFO]  Epoch[3] Train-a5-accuracy=3.750000
2024-04-11 15:26:01,905 [INFO]  Epoch[3] Time cost=0.030
2024-04-11 15:26:01,906 [INFO]  Saved checkpoint to "./imputer_model/30_monk/imputer_model_a5/model-0003.params"
2024-04-11 15:26:01,908 [INFO]  Epoch[3] Validation-cross-entropy=0.113016
2024-04-11 15:26:01,908 [INFO]  Epoch[3] Validation-a5-accuracy=0.000000
2024-04-11 15:26:01,922 [INFO]  Epoch[4] Batch [0-10]	Speed: 13210.67 samples/sec	cross-entropy=0.058611	a5-accuracy=2.454545
2024-04-11 15:26:01,928 [INFO]  Epoch[4] Train-cross-entropy=0.044787
2024-04-11 15:26:01,928 [INFO]  Epoch[4] Train-a5-accuracy=3.750000
2024-04-11 15:26:01,928 [INFO]  Epoch[4] Time cost=0.020
2024-04-11 15:26:01,930 [INFO]  Saved checkpoint to "./imputer_model/30_monk/imputer_model_a5/model-0004.params"
2024-04-11 15:26:01,931 [INFO]  Epoch[4] Validation-cross-entropy=0.097232
2024-04-11 15:26:01,931 [INFO]  Epoch[4] Validation-a5-accuracy=0.000000
2024-04-11 15:26:01,931 [INFO]  
========== done (0.2684657573699951 s) fit model
2024-04-11 15:26:05,042 [INFO]  
========== start: fit model
2024-04-11 15:26:05,043 [WARNING]  Already bound, ignoring bind()
2024-04-11 15:26:05,110 [INFO]  Epoch[0] Batch [0-10]	Speed: 2678.53 samples/sec	cross-entropy=10.911522	a5-accuracy=2.818182
2024-04-11 15:26:05,119 [INFO]  Epoch[0] Train-cross-entropy=1.557868
2024-04-11 15:26:05,119 [INFO]  Epoch[0] Train-a5-accuracy=2.875000
2024-04-11 15:26:05,119 [INFO]  Epoch[0] Time cost=0.075
2024-04-11 15:26:05,121 [INFO]  Saved checkpoint to "./imputer_model/30_monk/imputer_model_a5/model-0000.params"
2024-04-11 15:26:05,122 [INFO]  Epoch[0] Validation-cross-entropy=1.190361
2024-04-11 15:26:05,122 [INFO]  Epoch[0] Validation-a5-accuracy=0.000000
2024-04-11 15:26:05,274 [INFO]  Epoch[1] Batch [0-10]	Speed: 1057.85 samples/sec	cross-entropy=1.638543	a5-accuracy=2.818182
2024-04-11 15:26:05,403 [INFO]  Epoch[1] Train-cross-entropy=0.671229
2024-04-11 15:26:05,403 [INFO]  Epoch[1] Train-a5-accuracy=2.875000
2024-04-11 15:26:05,403 [INFO]  Epoch[1] Time cost=0.281
2024-04-11 15:26:05,404 [INFO]  Saved checkpoint to "./imputer_model/30_monk/imputer_model_a5/model-0001.params"
2024-04-11 15:26:05,406 [INFO]  Epoch[1] Validation-cross-entropy=0.323030
2024-04-11 15:26:05,406 [INFO]  Epoch[1] Validation-a5-accuracy=0.000000
2024-04-11 15:26:05,454 [INFO]  Epoch[2] Batch [0-10]	Speed: 3349.53 samples/sec	cross-entropy=0.379832	a5-accuracy=2.818182
2024-04-11 15:26:05,465 [INFO]  Epoch[2] Train-cross-entropy=0.192713
2024-04-11 15:26:05,465 [INFO]  Epoch[2] Train-a5-accuracy=2.875000
2024-04-11 15:26:05,465 [INFO]  Epoch[2] Time cost=0.059
2024-04-11 15:26:05,468 [INFO]  Saved checkpoint to "./imputer_model/30_monk/imputer_model_a5/model-0002.params"
2024-04-11 15:26:05,469 [INFO]  Epoch[2] Validation-cross-entropy=0.148299
2024-04-11 15:26:05,469 [INFO]  Epoch[2] Validation-a5-accuracy=0.000000
2024-04-11 15:26:05,491 [INFO]  Epoch[3] Batch [0-10]	Speed: 7865.64 samples/sec	cross-entropy=0.129372	a5-accuracy=2.818182
2024-04-11 15:26:05,498 [INFO]  Epoch[3] Train-cross-entropy=0.072698
2024-04-11 15:26:05,498 [INFO]  Epoch[3] Train-a5-accuracy=2.875000
2024-04-11 15:26:05,498 [INFO]  Epoch[3] Time cost=0.029
2024-04-11 15:26:05,500 [INFO]  Saved checkpoint to "./imputer_model/30_monk/imputer_model_a5/model-0003.params"
2024-04-11 15:26:05,513 [INFO]  Epoch[3] Validation-cross-entropy=0.078609
2024-04-11 15:26:05,513 [INFO]  Epoch[3] Validation-a5-accuracy=0.000000
2024-04-11 15:26:05,537 [INFO]  Epoch[4] Batch [0-10]	Speed: 6948.02 samples/sec	cross-entropy=0.062662	a5-accuracy=2.818182
2024-04-11 15:26:05,546 [INFO]  Epoch[4] Train-cross-entropy=0.047182
2024-04-11 15:26:05,546 [INFO]  Epoch[4] Train-a5-accuracy=2.875000
2024-04-11 15:26:05,546 [INFO]  Epoch[4] Time cost=0.033
2024-04-11 15:26:05,548 [INFO]  Saved checkpoint to "./imputer_model/30_monk/imputer_model_a5/model-0004.params"
2024-04-11 15:26:05,565 [INFO]  Epoch[4] Validation-cross-entropy=0.073562
2024-04-11 15:26:05,566 [INFO]  Epoch[4] Validation-a5-accuracy=0.000000
2024-04-11 15:26:05,566 [INFO]  
========== done (0.523162841796875 s) fit model
2024-04-11 15:26:08,103 [INFO]  
========== start: fit model
2024-04-11 15:26:08,103 [WARNING]  Already bound, ignoring bind()
2024-04-11 15:26:08,210 [INFO]  Epoch[0] Batch [0-10]	Speed: 2036.58 samples/sec	cross-entropy=9.227754	a5-accuracy=3.090909
2024-04-11 15:26:08,299 [INFO]  Epoch[0] Train-cross-entropy=2.082161
2024-04-11 15:26:08,299 [INFO]  Epoch[0] Train-a5-accuracy=3.000000
2024-04-11 15:26:08,299 [INFO]  Epoch[0] Time cost=0.195
2024-04-11 15:26:08,304 [INFO]  Saved checkpoint to "./imputer_model/30_monk/imputer_model_a5/model-0000.params"
2024-04-11 15:26:08,315 [INFO]  Epoch[0] Validation-cross-entropy=2.472600
2024-04-11 15:26:08,315 [INFO]  Epoch[0] Validation-a5-accuracy=0.000000
2024-04-11 15:26:08,364 [INFO]  Epoch[1] Batch [0-10]	Speed: 3351.96 samples/sec	cross-entropy=1.276656	a5-accuracy=3.090909
2024-04-11 15:26:08,370 [INFO]  Epoch[1] Train-cross-entropy=0.498040
2024-04-11 15:26:08,371 [INFO]  Epoch[1] Train-a5-accuracy=3.000000
2024-04-11 15:26:08,371 [INFO]  Epoch[1] Time cost=0.056
2024-04-11 15:26:08,373 [INFO]  Saved checkpoint to "./imputer_model/30_monk/imputer_model_a5/model-0001.params"
2024-04-11 15:26:08,410 [INFO]  Epoch[1] Validation-cross-entropy=0.474453
2024-04-11 15:26:08,410 [INFO]  Epoch[1] Validation-a5-accuracy=0.000000
2024-04-11 15:26:08,440 [INFO]  Epoch[2] Batch [0-10]	Speed: 5575.12 samples/sec	cross-entropy=0.181663	a5-accuracy=3.090909
2024-04-11 15:26:08,446 [INFO]  Epoch[2] Train-cross-entropy=0.203582
2024-04-11 15:26:08,446 [INFO]  Epoch[2] Train-a5-accuracy=3.000000
2024-04-11 15:26:08,446 [INFO]  Epoch[2] Time cost=0.036
2024-04-11 15:26:08,447 [INFO]  Saved checkpoint to "./imputer_model/30_monk/imputer_model_a5/model-0002.params"
2024-04-11 15:26:08,465 [INFO]  Epoch[2] Validation-cross-entropy=0.099248
2024-04-11 15:26:08,466 [INFO]  Epoch[2] Validation-a5-accuracy=0.000000
2024-04-11 15:26:08,473 [INFO]  Epoch[3] Batch [0-10]	Speed: 24216.54 samples/sec	cross-entropy=0.104507	a5-accuracy=3.090909
2024-04-11 15:26:08,480 [INFO]  Epoch[3] Train-cross-entropy=0.116217
2024-04-11 15:26:08,481 [INFO]  Epoch[3] Train-a5-accuracy=3.000000
2024-04-11 15:26:08,481 [INFO]  Epoch[3] Time cost=0.015
2024-04-11 15:26:08,482 [INFO]  Saved checkpoint to "./imputer_model/30_monk/imputer_model_a5/model-0003.params"
2024-04-11 15:26:08,483 [INFO]  Epoch[3] Validation-cross-entropy=0.126112
2024-04-11 15:26:08,483 [INFO]  Epoch[3] Validation-a5-accuracy=0.000000
2024-04-11 15:26:08,490 [INFO]  Epoch[4] Batch [0-10]	Speed: 24904.94 samples/sec	cross-entropy=0.091675	a5-accuracy=3.090909
2024-04-11 15:26:08,495 [INFO]  Epoch[4] Train-cross-entropy=0.096020
2024-04-11 15:26:08,496 [INFO]  Epoch[4] Train-a5-accuracy=3.000000
2024-04-11 15:26:08,496 [INFO]  Epoch[4] Time cost=0.012
2024-04-11 15:26:08,497 [INFO]  Saved checkpoint to "./imputer_model/30_monk/imputer_model_a5/model-0004.params"
2024-04-11 15:26:08,498 [INFO]  Epoch[4] Validation-cross-entropy=0.099330
2024-04-11 15:26:08,498 [INFO]  Epoch[4] Validation-a5-accuracy=0.000000
2024-04-11 15:26:08,498 [INFO]  
========== done (0.39528822898864746 s) fit model
2024-04-11 15:26:11,678 [INFO]  
========== start: fit model
2024-04-11 15:26:11,678 [WARNING]  Already bound, ignoring bind()
2024-04-11 15:26:11,709 [INFO]  Epoch[0] Batch [0-10]	Speed: 5864.47 samples/sec	cross-entropy=8.392506	a5-accuracy=2.818182
2024-04-11 15:26:11,718 [INFO]  Epoch[0] Train-cross-entropy=1.718580
2024-04-11 15:26:11,718 [INFO]  Epoch[0] Train-a5-accuracy=4.250000
2024-04-11 15:26:11,719 [INFO]  Epoch[0] Time cost=0.039
2024-04-11 15:26:11,720 [INFO]  Saved checkpoint to "./imputer_model/30_monk/imputer_model_a5/model-0000.params"
2024-04-11 15:26:11,721 [INFO]  Epoch[0] Validation-cross-entropy=0.731970
2024-04-11 15:26:11,721 [INFO]  Epoch[0] Validation-a5-accuracy=0.000000
2024-04-11 15:26:11,739 [INFO]  Epoch[1] Batch [0-10]	Speed: 9608.12 samples/sec	cross-entropy=1.194797	a5-accuracy=2.818182
2024-04-11 15:26:11,744 [INFO]  Epoch[1] Train-cross-entropy=0.546975
2024-04-11 15:26:11,744 [INFO]  Epoch[1] Train-a5-accuracy=4.250000
2024-04-11 15:26:11,744 [INFO]  Epoch[1] Time cost=0.023
2024-04-11 15:26:11,746 [INFO]  Saved checkpoint to "./imputer_model/30_monk/imputer_model_a5/model-0001.params"
2024-04-11 15:26:11,747 [INFO]  Epoch[1] Validation-cross-entropy=0.364239
2024-04-11 15:26:11,748 [INFO]  Epoch[1] Validation-a5-accuracy=0.000000
2024-04-11 15:26:11,771 [INFO]  Epoch[2] Batch [0-10]	Speed: 7158.05 samples/sec	cross-entropy=0.222657	a5-accuracy=2.818182
2024-04-11 15:26:11,781 [INFO]  Epoch[2] Train-cross-entropy=0.208475
2024-04-11 15:26:11,781 [INFO]  Epoch[2] Train-a5-accuracy=4.250000
2024-04-11 15:26:11,781 [INFO]  Epoch[2] Time cost=0.033
2024-04-11 15:26:11,783 [INFO]  Saved checkpoint to "./imputer_model/30_monk/imputer_model_a5/model-0002.params"
2024-04-11 15:26:11,784 [INFO]  Epoch[2] Validation-cross-entropy=0.063154
2024-04-11 15:26:11,784 [INFO]  Epoch[2] Validation-a5-accuracy=0.000000
2024-04-11 15:26:11,795 [INFO]  Epoch[3] Batch [0-10]	Speed: 17484.01 samples/sec	cross-entropy=0.072457	a5-accuracy=2.818182
2024-04-11 15:26:11,839 [INFO]  Epoch[3] Train-cross-entropy=0.071429
2024-04-11 15:26:11,839 [INFO]  Epoch[3] Train-a5-accuracy=4.250000
2024-04-11 15:26:11,839 [INFO]  Epoch[3] Time cost=0.055
2024-04-11 15:26:11,841 [INFO]  Saved checkpoint to "./imputer_model/30_monk/imputer_model_a5/model-0003.params"
2024-04-11 15:26:11,842 [INFO]  Epoch[3] Validation-cross-entropy=0.065921
2024-04-11 15:26:11,842 [INFO]  Epoch[3] Validation-a5-accuracy=0.000000
2024-04-11 15:26:11,851 [INFO]  Epoch[4] Batch [0-10]	Speed: 20420.18 samples/sec	cross-entropy=0.043567	a5-accuracy=2.818182
2024-04-11 15:26:11,857 [INFO]  Epoch[4] Train-cross-entropy=0.061140
2024-04-11 15:26:11,858 [INFO]  Epoch[4] Train-a5-accuracy=4.250000
2024-04-11 15:26:11,858 [INFO]  Epoch[4] Time cost=0.015
2024-04-11 15:26:11,859 [INFO]  Saved checkpoint to "./imputer_model/30_monk/imputer_model_a5/model-0004.params"
2024-04-11 15:26:11,861 [INFO]  Epoch[4] Validation-cross-entropy=0.042564
2024-04-11 15:26:11,861 [INFO]  Epoch[4] Validation-a5-accuracy=0.000000
2024-04-11 15:26:11,861 [INFO]  
========== done (0.18381142616271973 s) fit model
2024-04-11 15:26:14,460 [INFO]  
========== start: fit model
2024-04-11 15:26:14,460 [WARNING]  Already bound, ignoring bind()
2024-04-11 15:26:14,510 [INFO]  Epoch[0] Batch [0-10]	Speed: 7701.62 samples/sec	cross-entropy=14.566101	a5-accuracy=2.636364
2024-04-11 15:26:14,523 [INFO]  Epoch[0] Train-cross-entropy=3.520391
2024-04-11 15:26:14,523 [INFO]  Epoch[0] Train-a5-accuracy=3.375000
2024-04-11 15:26:14,523 [INFO]  Epoch[0] Time cost=0.063
2024-04-11 15:26:14,525 [INFO]  Saved checkpoint to "./imputer_model/30_monk/imputer_model_a5/model-0000.params"
2024-04-11 15:26:14,527 [INFO]  Epoch[0] Validation-cross-entropy=1.253772
2024-04-11 15:26:14,527 [INFO]  Epoch[0] Validation-a5-accuracy=0.000000
2024-04-11 15:26:14,580 [INFO]  Epoch[1] Batch [0-10]	Speed: 3072.47 samples/sec	cross-entropy=1.363192	a5-accuracy=2.636364
2024-04-11 15:26:14,586 [INFO]  Epoch[1] Train-cross-entropy=1.122795
2024-04-11 15:26:14,586 [INFO]  Epoch[1] Train-a5-accuracy=3.375000
2024-04-11 15:26:14,586 [INFO]  Epoch[1] Time cost=0.060
2024-04-11 15:26:14,588 [INFO]  Saved checkpoint to "./imputer_model/30_monk/imputer_model_a5/model-0001.params"
2024-04-11 15:26:14,593 [INFO]  Epoch[1] Validation-cross-entropy=0.671999
2024-04-11 15:26:14,593 [INFO]  Epoch[1] Validation-a5-accuracy=0.000000
2024-04-11 15:26:14,604 [INFO]  Epoch[2] Batch [0-10]	Speed: 17593.56 samples/sec	cross-entropy=0.307853	a5-accuracy=2.636364
2024-04-11 15:26:14,659 [INFO]  Epoch[2] Train-cross-entropy=0.314190
2024-04-11 15:26:14,660 [INFO]  Epoch[2] Train-a5-accuracy=3.375000
2024-04-11 15:26:14,660 [INFO]  Epoch[2] Time cost=0.067
2024-04-11 15:26:14,662 [INFO]  Saved checkpoint to "./imputer_model/30_monk/imputer_model_a5/model-0002.params"
2024-04-11 15:26:14,664 [INFO]  Epoch[2] Validation-cross-entropy=0.127989
2024-04-11 15:26:14,664 [INFO]  Epoch[2] Validation-a5-accuracy=0.000000
2024-04-11 15:26:14,675 [INFO]  Epoch[3] Batch [0-10]	Speed: 17500.42 samples/sec	cross-entropy=0.133804	a5-accuracy=2.636364
2024-04-11 15:26:14,683 [INFO]  Epoch[3] Train-cross-entropy=0.109686
2024-04-11 15:26:14,683 [INFO]  Epoch[3] Train-a5-accuracy=3.375000
2024-04-11 15:26:14,683 [INFO]  Epoch[3] Time cost=0.019
2024-04-11 15:26:14,685 [INFO]  Saved checkpoint to "./imputer_model/30_monk/imputer_model_a5/model-0003.params"
2024-04-11 15:26:14,686 [INFO]  Epoch[3] Validation-cross-entropy=0.091951
2024-04-11 15:26:14,686 [INFO]  Epoch[3] Validation-a5-accuracy=0.000000
2024-04-11 15:26:14,700 [INFO]  Epoch[4] Batch [0-10]	Speed: 17283.18 samples/sec	cross-entropy=0.107902	a5-accuracy=2.636364
2024-04-11 15:26:14,708 [INFO]  Epoch[4] Train-cross-entropy=0.087236
2024-04-11 15:26:14,708 [INFO]  Epoch[4] Train-a5-accuracy=3.375000
2024-04-11 15:26:14,708 [INFO]  Epoch[4] Time cost=0.021
2024-04-11 15:26:14,710 [INFO]  Saved checkpoint to "./imputer_model/30_monk/imputer_model_a5/model-0004.params"
2024-04-11 15:26:14,711 [INFO]  Epoch[4] Validation-cross-entropy=0.056349
2024-04-11 15:26:14,711 [INFO]  Epoch[4] Validation-a5-accuracy=0.000000
2024-04-11 15:26:14,711 [INFO]  
========== done (0.25160741806030273 s) fit model
2024-04-11 15:26:18,691 [INFO]  
========== start: fit model
2024-04-11 15:26:18,691 [WARNING]  Already bound, ignoring bind()
2024-04-11 15:26:18,705 [INFO]  Epoch[0] Batch [0-10]	Speed: 16487.04 samples/sec	cross-entropy=9.901143	a5-accuracy=0.000000
2024-04-11 15:26:18,786 [INFO]  Epoch[0] Train-cross-entropy=1.419687
2024-04-11 15:26:18,786 [INFO]  Epoch[0] Train-a5-accuracy=0.000000
2024-04-11 15:26:18,786 [INFO]  Epoch[0] Time cost=0.094
2024-04-11 15:26:18,790 [INFO]  Saved checkpoint to "./imputer_model/30_monk/imputer_model_a5/model-0000.params"
2024-04-11 15:26:18,904 [INFO]  Epoch[0] Validation-cross-entropy=0.678099
2024-04-11 15:26:18,904 [INFO]  Epoch[0] Validation-a5-accuracy=0.000000
2024-04-11 15:26:18,916 [INFO]  Epoch[1] Batch [0-10]	Speed: 15324.81 samples/sec	cross-entropy=0.989454	a5-accuracy=0.000000
2024-04-11 15:26:18,959 [INFO]  Epoch[1] Train-cross-entropy=0.464683
2024-04-11 15:26:18,959 [INFO]  Epoch[1] Train-a5-accuracy=0.000000
2024-04-11 15:26:18,960 [INFO]  Epoch[1] Time cost=0.056
2024-04-11 15:26:18,964 [INFO]  Saved checkpoint to "./imputer_model/30_monk/imputer_model_a5/model-0001.params"
2024-04-11 15:26:19,047 [INFO]  Epoch[1] Validation-cross-entropy=0.192548
2024-04-11 15:26:19,047 [INFO]  Epoch[1] Validation-a5-accuracy=0.000000
2024-04-11 15:26:19,058 [INFO]  Epoch[2] Batch [0-10]	Speed: 17985.38 samples/sec	cross-entropy=0.211872	a5-accuracy=0.000000
2024-04-11 15:26:19,066 [INFO]  Epoch[2] Train-cross-entropy=0.149711
2024-04-11 15:26:19,067 [INFO]  Epoch[2] Train-a5-accuracy=0.000000
2024-04-11 15:26:19,067 [INFO]  Epoch[2] Time cost=0.019
2024-04-11 15:26:19,069 [INFO]  Saved checkpoint to "./imputer_model/30_monk/imputer_model_a5/model-0002.params"
2024-04-11 15:26:19,072 [INFO]  Epoch[2] Validation-cross-entropy=0.141968
2024-04-11 15:26:19,072 [INFO]  Epoch[2] Validation-a5-accuracy=0.000000
2024-04-11 15:26:19,088 [INFO]  Epoch[3] Batch [0-10]	Speed: 10852.02 samples/sec	cross-entropy=0.090961	a5-accuracy=0.000000
2024-04-11 15:26:19,094 [INFO]  Epoch[3] Train-cross-entropy=0.081697
2024-04-11 15:26:19,094 [INFO]  Epoch[3] Train-a5-accuracy=0.000000
2024-04-11 15:26:19,094 [INFO]  Epoch[3] Time cost=0.022
2024-04-11 15:26:19,096 [INFO]  Saved checkpoint to "./imputer_model/30_monk/imputer_model_a5/model-0003.params"
2024-04-11 15:26:19,101 [INFO]  Epoch[3] Validation-cross-entropy=0.100412
2024-04-11 15:26:19,102 [INFO]  Epoch[3] Validation-a5-accuracy=0.000000
2024-04-11 15:26:19,138 [INFO]  Epoch[4] Batch [0-10]	Speed: 9766.83 samples/sec	cross-entropy=0.061451	a5-accuracy=0.000000
2024-04-11 15:26:19,160 [INFO]  Epoch[4] Train-cross-entropy=0.056181
2024-04-11 15:26:19,160 [INFO]  Epoch[4] Train-a5-accuracy=0.000000
2024-04-11 15:26:19,160 [INFO]  Epoch[4] Time cost=0.059
2024-04-11 15:26:19,162 [INFO]  Saved checkpoint to "./imputer_model/30_monk/imputer_model_a5/model-0004.params"
2024-04-11 15:26:19,164 [INFO]  Epoch[4] Validation-cross-entropy=0.081713
2024-04-11 15:26:19,164 [INFO]  Epoch[4] Validation-a5-accuracy=0.000000
2024-04-11 15:26:19,164 [INFO]  
========== done (0.47289323806762695 s) fit model
2024-04-11 15:26:21,817 [INFO]  
========== start: fit model
2024-04-11 15:26:21,817 [WARNING]  Already bound, ignoring bind()
2024-04-11 15:26:21,921 [INFO]  Epoch[0] Batch [0-10]	Speed: 1648.08 samples/sec	cross-entropy=13.813568	a5-accuracy=0.000000
2024-04-11 15:26:21,928 [INFO]  Epoch[0] Train-cross-entropy=3.781813
2024-04-11 15:26:21,929 [INFO]  Epoch[0] Train-a5-accuracy=0.000000
2024-04-11 15:26:21,929 [INFO]  Epoch[0] Time cost=0.110
2024-04-11 15:26:21,930 [INFO]  Saved checkpoint to "./imputer_model/30_monk/imputer_model_a5/model-0000.params"
2024-04-11 15:26:21,942 [INFO]  Epoch[0] Validation-cross-entropy=1.113020
2024-04-11 15:26:21,942 [INFO]  Epoch[0] Validation-a5-accuracy=0.000000
2024-04-11 15:26:21,968 [INFO]  Epoch[1] Batch [0-10]	Speed: 6535.98 samples/sec	cross-entropy=1.010250	a5-accuracy=0.000000
2024-04-11 15:26:22,065 [INFO]  Epoch[1] Train-cross-entropy=0.782151
2024-04-11 15:26:22,065 [INFO]  Epoch[1] Train-a5-accuracy=0.000000
2024-04-11 15:26:22,065 [INFO]  Epoch[1] Time cost=0.123
2024-04-11 15:26:22,067 [INFO]  Saved checkpoint to "./imputer_model/30_monk/imputer_model_a5/model-0001.params"
2024-04-11 15:26:22,069 [INFO]  Epoch[1] Validation-cross-entropy=1.079690
2024-04-11 15:26:22,069 [INFO]  Epoch[1] Validation-a5-accuracy=0.000000
2024-04-11 15:26:22,084 [INFO]  Epoch[2] Batch [0-10]	Speed: 11588.48 samples/sec	cross-entropy=0.405366	a5-accuracy=0.000000
2024-04-11 15:26:22,096 [INFO]  Epoch[2] Train-cross-entropy=0.251921
2024-04-11 15:26:22,097 [INFO]  Epoch[2] Train-a5-accuracy=0.000000
2024-04-11 15:26:22,097 [INFO]  Epoch[2] Time cost=0.028
2024-04-11 15:26:22,098 [INFO]  Saved checkpoint to "./imputer_model/30_monk/imputer_model_a5/model-0002.params"
2024-04-11 15:26:22,100 [INFO]  Epoch[2] Validation-cross-entropy=0.356985
2024-04-11 15:26:22,100 [INFO]  Epoch[2] Validation-a5-accuracy=0.000000
2024-04-11 15:26:22,115 [INFO]  Epoch[3] Batch [0-10]	Speed: 11839.95 samples/sec	cross-entropy=0.186245	a5-accuracy=0.000000
2024-04-11 15:26:22,127 [INFO]  Epoch[3] Train-cross-entropy=0.146923
2024-04-11 15:26:22,127 [INFO]  Epoch[3] Train-a5-accuracy=0.000000
2024-04-11 15:26:22,127 [INFO]  Epoch[3] Time cost=0.027
2024-04-11 15:26:22,129 [INFO]  Saved checkpoint to "./imputer_model/30_monk/imputer_model_a5/model-0003.params"
2024-04-11 15:26:22,130 [INFO]  Epoch[3] Validation-cross-entropy=0.175038
2024-04-11 15:26:22,130 [INFO]  Epoch[3] Validation-a5-accuracy=0.000000
2024-04-11 15:26:22,156 [INFO]  Epoch[4] Batch [0-10]	Speed: 6545.74 samples/sec	cross-entropy=0.120602	a5-accuracy=0.000000
2024-04-11 15:26:22,180 [INFO]  Epoch[4] Train-cross-entropy=0.082084
2024-04-11 15:26:22,180 [INFO]  Epoch[4] Train-a5-accuracy=0.000000
2024-04-11 15:26:22,180 [INFO]  Epoch[4] Time cost=0.049
2024-04-11 15:26:22,182 [INFO]  Saved checkpoint to "./imputer_model/30_monk/imputer_model_a5/model-0004.params"
2024-04-11 15:26:22,187 [INFO]  Epoch[4] Validation-cross-entropy=0.120518
2024-04-11 15:26:22,187 [INFO]  Epoch[4] Validation-a5-accuracy=0.000000
2024-04-11 15:26:22,187 [INFO]  
========== done (0.3699676990509033 s) fit model
2024-04-11 15:26:24,533 [INFO]  
========== start: fit model
2024-04-11 15:26:24,534 [WARNING]  Already bound, ignoring bind()
2024-04-11 15:26:24,563 [INFO]  Epoch[0] Batch [0-10]	Speed: 17938.75 samples/sec	cross-entropy=12.224577	a5-accuracy=0.000000
2024-04-11 15:26:24,582 [INFO]  Epoch[0] Train-cross-entropy=2.244117
2024-04-11 15:26:24,582 [INFO]  Epoch[0] Train-a5-accuracy=0.000000
2024-04-11 15:26:24,582 [INFO]  Epoch[0] Time cost=0.048
2024-04-11 15:26:24,584 [INFO]  Saved checkpoint to "./imputer_model/30_monk/imputer_model_a5/model-0000.params"
2024-04-11 15:26:24,585 [INFO]  Epoch[0] Validation-cross-entropy=0.806537
2024-04-11 15:26:24,585 [INFO]  Epoch[0] Validation-a5-accuracy=0.000000
2024-04-11 15:26:24,605 [INFO]  Epoch[1] Batch [0-10]	Speed: 8304.01 samples/sec	cross-entropy=0.919678	a5-accuracy=0.000000
2024-04-11 15:26:24,630 [INFO]  Epoch[1] Train-cross-entropy=0.993722
2024-04-11 15:26:24,630 [INFO]  Epoch[1] Train-a5-accuracy=0.000000
2024-04-11 15:26:24,630 [INFO]  Epoch[1] Time cost=0.045
2024-04-11 15:26:24,632 [INFO]  Saved checkpoint to "./imputer_model/30_monk/imputer_model_a5/model-0001.params"
2024-04-11 15:26:24,633 [INFO]  Epoch[1] Validation-cross-entropy=0.775272
2024-04-11 15:26:24,633 [INFO]  Epoch[1] Validation-a5-accuracy=0.000000
2024-04-11 15:26:24,647 [INFO]  Epoch[2] Batch [0-10]	Speed: 11794.38 samples/sec	cross-entropy=0.341890	a5-accuracy=0.000000
2024-04-11 15:26:24,679 [INFO]  Epoch[2] Train-cross-entropy=0.233344
2024-04-11 15:26:24,679 [INFO]  Epoch[2] Train-a5-accuracy=0.000000
2024-04-11 15:26:24,679 [INFO]  Epoch[2] Time cost=0.047
2024-04-11 15:26:24,681 [INFO]  Saved checkpoint to "./imputer_model/30_monk/imputer_model_a5/model-0002.params"
2024-04-11 15:26:24,682 [INFO]  Epoch[2] Validation-cross-entropy=0.138048
2024-04-11 15:26:24,682 [INFO]  Epoch[2] Validation-a5-accuracy=0.000000
2024-04-11 15:26:24,691 [INFO]  Epoch[3] Batch [0-10]	Speed: 21761.74 samples/sec	cross-entropy=0.161908	a5-accuracy=0.000000
2024-04-11 15:26:24,697 [INFO]  Epoch[3] Train-cross-entropy=0.115659
2024-04-11 15:26:24,697 [INFO]  Epoch[3] Train-a5-accuracy=0.000000
2024-04-11 15:26:24,697 [INFO]  Epoch[3] Time cost=0.014
2024-04-11 15:26:24,698 [INFO]  Saved checkpoint to "./imputer_model/30_monk/imputer_model_a5/model-0003.params"
2024-04-11 15:26:24,702 [INFO]  Epoch[3] Validation-cross-entropy=0.095984
2024-04-11 15:26:24,702 [INFO]  Epoch[3] Validation-a5-accuracy=0.000000
2024-04-11 15:26:24,711 [INFO]  Epoch[4] Batch [0-10]	Speed: 21020.13 samples/sec	cross-entropy=0.094979	a5-accuracy=0.000000
2024-04-11 15:26:24,735 [INFO]  Epoch[4] Train-cross-entropy=0.064586
2024-04-11 15:26:24,735 [INFO]  Epoch[4] Train-a5-accuracy=0.000000
2024-04-11 15:26:24,735 [INFO]  Epoch[4] Time cost=0.033
2024-04-11 15:26:24,739 [INFO]  Saved checkpoint to "./imputer_model/30_monk/imputer_model_a5/model-0004.params"
2024-04-11 15:26:24,822 [INFO]  Epoch[4] Validation-cross-entropy=0.059268
2024-04-11 15:26:24,822 [INFO]  Epoch[4] Validation-a5-accuracy=0.000000
2024-04-11 15:26:24,822 [INFO]  
========== done (0.2886061668395996 s) fit model
2024-04-11 15:26:27,460 [INFO]  
========== start: fit model
2024-04-11 15:26:27,460 [WARNING]  Already bound, ignoring bind()
2024-04-11 15:26:27,470 [INFO]  Epoch[0] Batch [0-10]	Speed: 21290.21 samples/sec	cross-entropy=8.559721	a5-accuracy=2.636364
2024-04-11 15:26:27,477 [INFO]  Epoch[0] Train-cross-entropy=1.518136
2024-04-11 15:26:27,477 [INFO]  Epoch[0] Train-a5-accuracy=3.125000
2024-04-11 15:26:27,477 [INFO]  Epoch[0] Time cost=0.016
2024-04-11 15:26:27,479 [INFO]  Saved checkpoint to "./imputer_model/30_monk/imputer_model_a5/model-0000.params"
2024-04-11 15:26:27,480 [INFO]  Epoch[0] Validation-cross-entropy=1.375884
2024-04-11 15:26:27,480 [INFO]  Epoch[0] Validation-a5-accuracy=0.000000
2024-04-11 15:26:27,488 [INFO]  Epoch[1] Batch [0-10]	Speed: 21847.47 samples/sec	cross-entropy=1.474726	a5-accuracy=2.636364
2024-04-11 15:26:27,494 [INFO]  Epoch[1] Train-cross-entropy=0.342659
2024-04-11 15:26:27,494 [INFO]  Epoch[1] Train-a5-accuracy=3.125000
2024-04-11 15:26:27,494 [INFO]  Epoch[1] Time cost=0.014
2024-04-11 15:26:27,496 [INFO]  Saved checkpoint to "./imputer_model/30_monk/imputer_model_a5/model-0001.params"
2024-04-11 15:26:27,518 [INFO]  Epoch[1] Validation-cross-entropy=0.477717
2024-04-11 15:26:27,518 [INFO]  Epoch[1] Validation-a5-accuracy=0.000000
2024-04-11 15:26:27,532 [INFO]  Epoch[2] Batch [0-10]	Speed: 12720.85 samples/sec	cross-entropy=0.240702	a5-accuracy=2.636364
2024-04-11 15:26:27,585 [INFO]  Epoch[2] Train-cross-entropy=0.120738
2024-04-11 15:26:27,586 [INFO]  Epoch[2] Train-a5-accuracy=3.125000
2024-04-11 15:26:27,586 [INFO]  Epoch[2] Time cost=0.068
2024-04-11 15:26:27,590 [INFO]  Saved checkpoint to "./imputer_model/30_monk/imputer_model_a5/model-0002.params"
2024-04-11 15:26:27,618 [INFO]  Epoch[2] Validation-cross-entropy=0.233798
2024-04-11 15:26:27,618 [INFO]  Epoch[2] Validation-a5-accuracy=0.000000
2024-04-11 15:26:27,626 [INFO]  Epoch[3] Batch [0-10]	Speed: 22758.80 samples/sec	cross-entropy=0.067494	a5-accuracy=2.636364
2024-04-11 15:26:27,789 [INFO]  Epoch[3] Train-cross-entropy=0.058431
2024-04-11 15:26:27,789 [INFO]  Epoch[3] Train-a5-accuracy=3.125000
2024-04-11 15:26:27,789 [INFO]  Epoch[3] Time cost=0.172
2024-04-11 15:26:27,791 [INFO]  Saved checkpoint to "./imputer_model/30_monk/imputer_model_a5/model-0003.params"
2024-04-11 15:26:27,794 [INFO]  Epoch[3] Validation-cross-entropy=0.126641
2024-04-11 15:26:27,794 [INFO]  Epoch[3] Validation-a5-accuracy=0.000000
2024-04-11 15:26:27,808 [INFO]  Epoch[4] Batch [0-10]	Speed: 12880.78 samples/sec	cross-entropy=0.046430	a5-accuracy=2.636364
2024-04-11 15:26:27,830 [INFO]  Epoch[4] Train-cross-entropy=0.043710
2024-04-11 15:26:27,830 [INFO]  Epoch[4] Train-a5-accuracy=3.125000
2024-04-11 15:26:27,830 [INFO]  Epoch[4] Time cost=0.036
2024-04-11 15:26:27,832 [INFO]  Saved checkpoint to "./imputer_model/30_monk/imputer_model_a5/model-0004.params"
2024-04-11 15:26:27,833 [INFO]  Epoch[4] Validation-cross-entropy=0.118859
2024-04-11 15:26:27,833 [INFO]  Epoch[4] Validation-a5-accuracy=0.000000
2024-04-11 15:26:27,833 [INFO]  
========== done (0.37298035621643066 s) fit model
2024-04-11 15:26:29,518 [INFO]  
========== start: fit model
2024-04-11 15:26:29,519 [WARNING]  Already bound, ignoring bind()
2024-04-11 15:26:29,554 [INFO]  Epoch[0] Batch [0-10]	Speed: 13037.94 samples/sec	cross-entropy=10.080142	a5-accuracy=0.000000
2024-04-11 15:26:29,583 [INFO]  Epoch[0] Train-cross-entropy=1.879147
2024-04-11 15:26:29,583 [INFO]  Epoch[0] Train-a5-accuracy=0.000000
2024-04-11 15:26:29,583 [INFO]  Epoch[0] Time cost=0.063
2024-04-11 15:26:29,584 [INFO]  Saved checkpoint to "./imputer_model/30_monk/imputer_model_a5/model-0000.params"
2024-04-11 15:26:29,585 [INFO]  Epoch[0] Validation-cross-entropy=0.505490
2024-04-11 15:26:29,585 [INFO]  Epoch[0] Validation-a5-accuracy=0.000000
2024-04-11 15:26:29,592 [INFO]  Epoch[1] Batch [0-10]	Speed: 26100.21 samples/sec	cross-entropy=0.827178	a5-accuracy=0.000000
2024-04-11 15:26:29,598 [INFO]  Epoch[1] Train-cross-entropy=0.624393
2024-04-11 15:26:29,598 [INFO]  Epoch[1] Train-a5-accuracy=0.000000
2024-04-11 15:26:29,598 [INFO]  Epoch[1] Time cost=0.013
2024-04-11 15:26:29,599 [INFO]  Saved checkpoint to "./imputer_model/30_monk/imputer_model_a5/model-0001.params"
2024-04-11 15:26:29,600 [INFO]  Epoch[1] Validation-cross-entropy=0.267395
2024-04-11 15:26:29,601 [INFO]  Epoch[1] Validation-a5-accuracy=0.000000
2024-04-11 15:26:29,610 [INFO]  Epoch[2] Batch [0-10]	Speed: 20316.93 samples/sec	cross-entropy=0.192379	a5-accuracy=0.000000
2024-04-11 15:26:29,615 [INFO]  Epoch[2] Train-cross-entropy=0.143958
2024-04-11 15:26:29,615 [INFO]  Epoch[2] Train-a5-accuracy=0.000000
2024-04-11 15:26:29,615 [INFO]  Epoch[2] Time cost=0.014
2024-04-11 15:26:29,617 [INFO]  Saved checkpoint to "./imputer_model/30_monk/imputer_model_a5/model-0002.params"
2024-04-11 15:26:29,618 [INFO]  Epoch[2] Validation-cross-entropy=0.156559
2024-04-11 15:26:29,618 [INFO]  Epoch[2] Validation-a5-accuracy=0.000000
2024-04-11 15:26:29,626 [INFO]  Epoch[3] Batch [0-10]	Speed: 21374.97 samples/sec	cross-entropy=0.090260	a5-accuracy=0.000000
2024-04-11 15:26:29,632 [INFO]  Epoch[3] Train-cross-entropy=0.081780
2024-04-11 15:26:29,632 [INFO]  Epoch[3] Train-a5-accuracy=0.000000
2024-04-11 15:26:29,633 [INFO]  Epoch[3] Time cost=0.014
2024-04-11 15:26:29,634 [INFO]  Saved checkpoint to "./imputer_model/30_monk/imputer_model_a5/model-0003.params"
2024-04-11 15:26:29,635 [INFO]  Epoch[3] Validation-cross-entropy=0.076426
2024-04-11 15:26:29,636 [INFO]  Epoch[3] Validation-a5-accuracy=0.000000
2024-04-11 15:26:29,646 [INFO]  Epoch[4] Batch [0-10]	Speed: 17284.96 samples/sec	cross-entropy=0.054146	a5-accuracy=0.000000
2024-04-11 15:26:29,655 [INFO]  Epoch[4] Train-cross-entropy=0.065570
2024-04-11 15:26:29,655 [INFO]  Epoch[4] Train-a5-accuracy=0.000000
2024-04-11 15:26:29,655 [INFO]  Epoch[4] Time cost=0.019
2024-04-11 15:26:29,656 [INFO]  Saved checkpoint to "./imputer_model/30_monk/imputer_model_a5/model-0004.params"
2024-04-11 15:26:29,659 [INFO]  Epoch[4] Validation-cross-entropy=0.069389
2024-04-11 15:26:29,659 [INFO]  Epoch[4] Validation-a5-accuracy=0.000000
2024-04-11 15:26:29,659 [INFO]  
========== done (0.14041829109191895 s) fit model
2024-04-11 15:26:31,785 [INFO]  
========== start: fit model
2024-04-11 15:26:31,785 [WARNING]  Already bound, ignoring bind()
2024-04-11 15:26:31,806 [INFO]  Epoch[0] Batch [0-10]	Speed: 21684.39 samples/sec	cross-entropy=4.890974	a5-accuracy=3.363636
2024-04-11 15:26:31,828 [INFO]  Epoch[0] Train-cross-entropy=0.846034
2024-04-11 15:26:31,828 [INFO]  Epoch[0] Train-a5-accuracy=2.250000
2024-04-11 15:26:31,828 [INFO]  Epoch[0] Time cost=0.042
2024-04-11 15:26:31,832 [INFO]  Saved checkpoint to "./imputer_model/30_monk/imputer_model_a5/model-0000.params"
2024-04-11 15:26:31,845 [INFO]  Epoch[0] Validation-cross-entropy=0.946222
2024-04-11 15:26:31,845 [INFO]  Epoch[0] Validation-a5-accuracy=0.000000
2024-04-11 15:26:31,854 [INFO]  Epoch[1] Batch [0-10]	Speed: 21334.88 samples/sec	cross-entropy=0.835798	a5-accuracy=3.363636
2024-04-11 15:26:31,860 [INFO]  Epoch[1] Train-cross-entropy=0.284719
2024-04-11 15:26:31,860 [INFO]  Epoch[1] Train-a5-accuracy=2.250000
2024-04-11 15:26:31,860 [INFO]  Epoch[1] Time cost=0.015
2024-04-11 15:26:31,862 [INFO]  Saved checkpoint to "./imputer_model/30_monk/imputer_model_a5/model-0001.params"
2024-04-11 15:26:31,863 [INFO]  Epoch[1] Validation-cross-entropy=0.141853
2024-04-11 15:26:31,863 [INFO]  Epoch[1] Validation-a5-accuracy=0.000000
2024-04-11 15:26:31,871 [INFO]  Epoch[2] Batch [0-10]	Speed: 21020.79 samples/sec	cross-entropy=0.235553	a5-accuracy=3.363636
2024-04-11 15:26:31,878 [INFO]  Epoch[2] Train-cross-entropy=0.165397
2024-04-11 15:26:31,878 [INFO]  Epoch[2] Train-a5-accuracy=2.250000
2024-04-11 15:26:31,878 [INFO]  Epoch[2] Time cost=0.015
2024-04-11 15:26:31,880 [INFO]  Saved checkpoint to "./imputer_model/30_monk/imputer_model_a5/model-0002.params"
2024-04-11 15:26:31,881 [INFO]  Epoch[2] Validation-cross-entropy=0.105489
2024-04-11 15:26:31,881 [INFO]  Epoch[2] Validation-a5-accuracy=0.000000
2024-04-11 15:26:32,068 [INFO]  Epoch[3] Batch [0-10]	Speed: 860.03 samples/sec	cross-entropy=0.108355	a5-accuracy=3.363636
2024-04-11 15:26:32,074 [INFO]  Epoch[3] Train-cross-entropy=0.065494
2024-04-11 15:26:32,074 [INFO]  Epoch[3] Train-a5-accuracy=2.250000
2024-04-11 15:26:32,074 [INFO]  Epoch[3] Time cost=0.193
2024-04-11 15:26:32,076 [INFO]  Saved checkpoint to "./imputer_model/30_monk/imputer_model_a5/model-0003.params"
2024-04-11 15:26:32,085 [INFO]  Epoch[3] Validation-cross-entropy=0.051308
2024-04-11 15:26:32,085 [INFO]  Epoch[3] Validation-a5-accuracy=0.000000
2024-04-11 15:26:32,095 [INFO]  Epoch[4] Batch [0-10]	Speed: 17303.23 samples/sec	cross-entropy=0.055398	a5-accuracy=3.363636
2024-04-11 15:26:32,102 [INFO]  Epoch[4] Train-cross-entropy=0.052243
2024-04-11 15:26:32,102 [INFO]  Epoch[4] Train-a5-accuracy=2.250000
2024-04-11 15:26:32,102 [INFO]  Epoch[4] Time cost=0.017
2024-04-11 15:26:32,104 [INFO]  Saved checkpoint to "./imputer_model/30_monk/imputer_model_a5/model-0004.params"
2024-04-11 15:26:32,117 [INFO]  Epoch[4] Validation-cross-entropy=0.040754
2024-04-11 15:26:32,117 [INFO]  Epoch[4] Validation-a5-accuracy=0.000000
2024-04-11 15:26:32,117 [INFO]  
========== done (0.33226728439331055 s) fit model
2024-04-11 15:26:34,924 [INFO]  
========== start: fit model
2024-04-11 15:26:34,924 [WARNING]  Already bound, ignoring bind()
2024-04-11 15:26:34,954 [INFO]  Epoch[0] Batch [0-10]	Speed: 9900.98 samples/sec	cross-entropy=9.101614	a5-accuracy=2.636364
2024-04-11 15:26:34,959 [INFO]  Epoch[0] Train-cross-entropy=2.240888
2024-04-11 15:26:34,959 [INFO]  Epoch[0] Train-a5-accuracy=3.500000
2024-04-11 15:26:34,959 [INFO]  Epoch[0] Time cost=0.034
2024-04-11 15:26:34,961 [INFO]  Saved checkpoint to "./imputer_model/30_monk/imputer_model_a5/model-0000.params"
2024-04-11 15:26:34,991 [INFO]  Epoch[0] Validation-cross-entropy=1.240192
2024-04-11 15:26:34,991 [INFO]  Epoch[0] Validation-a5-accuracy=0.000000
2024-04-11 15:26:35,000 [INFO]  Epoch[1] Batch [0-10]	Speed: 21882.37 samples/sec	cross-entropy=1.385926	a5-accuracy=2.636364
2024-04-11 15:26:35,005 [INFO]  Epoch[1] Train-cross-entropy=0.706127
2024-04-11 15:26:35,005 [INFO]  Epoch[1] Train-a5-accuracy=3.500000
2024-04-11 15:26:35,005 [INFO]  Epoch[1] Time cost=0.013
2024-04-11 15:26:35,006 [INFO]  Saved checkpoint to "./imputer_model/30_monk/imputer_model_a5/model-0001.params"
2024-04-11 15:26:35,007 [INFO]  Epoch[1] Validation-cross-entropy=0.871113
2024-04-11 15:26:35,007 [INFO]  Epoch[1] Validation-a5-accuracy=0.000000
2024-04-11 15:26:35,016 [INFO]  Epoch[2] Batch [0-10]	Speed: 22083.27 samples/sec	cross-entropy=0.434709	a5-accuracy=2.636364
2024-04-11 15:26:35,021 [INFO]  Epoch[2] Train-cross-entropy=0.195133
2024-04-11 15:26:35,021 [INFO]  Epoch[2] Train-a5-accuracy=3.500000
2024-04-11 15:26:35,021 [INFO]  Epoch[2] Time cost=0.014
2024-04-11 15:26:35,023 [INFO]  Saved checkpoint to "./imputer_model/30_monk/imputer_model_a5/model-0002.params"
2024-04-11 15:26:35,024 [INFO]  Epoch[2] Validation-cross-entropy=0.194840
2024-04-11 15:26:35,024 [INFO]  Epoch[2] Validation-a5-accuracy=0.000000
2024-04-11 15:26:35,058 [INFO]  Epoch[3] Batch [0-10]	Speed: 4930.63 samples/sec	cross-entropy=0.155524	a5-accuracy=2.636364
2024-04-11 15:26:35,110 [INFO]  Epoch[3] Train-cross-entropy=0.083263
2024-04-11 15:26:35,111 [INFO]  Epoch[3] Train-a5-accuracy=3.500000
2024-04-11 15:26:35,111 [INFO]  Epoch[3] Time cost=0.086
2024-04-11 15:26:35,112 [INFO]  Saved checkpoint to "./imputer_model/30_monk/imputer_model_a5/model-0003.params"
2024-04-11 15:26:35,121 [INFO]  Epoch[3] Validation-cross-entropy=0.088874
2024-04-11 15:26:35,121 [INFO]  Epoch[3] Validation-a5-accuracy=0.000000
2024-04-11 15:26:35,138 [INFO]  Epoch[4] Batch [0-10]	Speed: 10515.50 samples/sec	cross-entropy=0.069389	a5-accuracy=2.636364
2024-04-11 15:26:35,152 [INFO]  Epoch[4] Train-cross-entropy=0.047260
2024-04-11 15:26:35,152 [INFO]  Epoch[4] Train-a5-accuracy=3.500000
2024-04-11 15:26:35,152 [INFO]  Epoch[4] Time cost=0.031
2024-04-11 15:26:35,154 [INFO]  Saved checkpoint to "./imputer_model/30_monk/imputer_model_a5/model-0004.params"
2024-04-11 15:26:35,184 [INFO]  Epoch[4] Validation-cross-entropy=0.045040
2024-04-11 15:26:35,184 [INFO]  Epoch[4] Validation-a5-accuracy=0.000000
2024-04-11 15:26:35,184 [INFO]  
========== done (0.25980615615844727 s) fit model
2024-04-11 15:26:37,684 [INFO]  
========== start: fit model
2024-04-11 15:26:37,684 [WARNING]  Already bound, ignoring bind()
2024-04-11 15:26:37,792 [INFO]  Epoch[0] Batch [0-10]	Speed: 1515.20 samples/sec	cross-entropy=18.363594	a5-accuracy=0.000000
2024-04-11 15:26:37,797 [INFO]  Epoch[0] Train-cross-entropy=3.369801
2024-04-11 15:26:37,798 [INFO]  Epoch[0] Train-a5-accuracy=0.000000
2024-04-11 15:26:37,798 [INFO]  Epoch[0] Time cost=0.113
2024-04-11 15:26:37,799 [INFO]  Saved checkpoint to "./imputer_model/30_monk/imputer_model_a5/model-0000.params"
2024-04-11 15:26:37,805 [INFO]  Epoch[0] Validation-cross-entropy=0.689211
2024-04-11 15:26:37,805 [INFO]  Epoch[0] Validation-a5-accuracy=0.000000
2024-04-11 15:26:37,853 [INFO]  Epoch[1] Batch [0-10]	Speed: 3449.65 samples/sec	cross-entropy=1.117616	a5-accuracy=0.000000
2024-04-11 15:26:37,859 [INFO]  Epoch[1] Train-cross-entropy=0.748095
2024-04-11 15:26:37,859 [INFO]  Epoch[1] Train-a5-accuracy=0.000000
2024-04-11 15:26:37,859 [INFO]  Epoch[1] Time cost=0.054
2024-04-11 15:26:37,861 [INFO]  Saved checkpoint to "./imputer_model/30_monk/imputer_model_a5/model-0001.params"
2024-04-11 15:26:37,862 [INFO]  Epoch[1] Validation-cross-entropy=0.642852
2024-04-11 15:26:37,862 [INFO]  Epoch[1] Validation-a5-accuracy=0.000000
2024-04-11 15:26:37,878 [INFO]  Epoch[2] Batch [0-10]	Speed: 10121.85 samples/sec	cross-entropy=0.433010	a5-accuracy=0.000000
2024-04-11 15:26:37,929 [INFO]  Epoch[2] Train-cross-entropy=0.245329
2024-04-11 15:26:37,930 [INFO]  Epoch[2] Train-a5-accuracy=0.000000
2024-04-11 15:26:37,930 [INFO]  Epoch[2] Time cost=0.068
2024-04-11 15:26:37,932 [INFO]  Saved checkpoint to "./imputer_model/30_monk/imputer_model_a5/model-0002.params"
2024-04-11 15:26:37,933 [INFO]  Epoch[2] Validation-cross-entropy=0.119979
2024-04-11 15:26:37,933 [INFO]  Epoch[2] Validation-a5-accuracy=0.000000
2024-04-11 15:26:37,942 [INFO]  Epoch[3] Batch [0-10]	Speed: 20410.86 samples/sec	cross-entropy=0.151486	a5-accuracy=0.000000
2024-04-11 15:26:37,949 [INFO]  Epoch[3] Train-cross-entropy=0.104747
2024-04-11 15:26:37,949 [INFO]  Epoch[3] Train-a5-accuracy=0.000000
2024-04-11 15:26:37,949 [INFO]  Epoch[3] Time cost=0.016
2024-04-11 15:26:37,954 [INFO]  Saved checkpoint to "./imputer_model/30_monk/imputer_model_a5/model-0003.params"
2024-04-11 15:26:38,031 [INFO]  Epoch[3] Validation-cross-entropy=0.060512
2024-04-11 15:26:38,031 [INFO]  Epoch[3] Validation-a5-accuracy=0.000000
2024-04-11 15:26:38,057 [INFO]  Epoch[4] Batch [0-10]	Speed: 6553.28 samples/sec	cross-entropy=0.107826	a5-accuracy=0.000000
2024-04-11 15:26:38,062 [INFO]  Epoch[4] Train-cross-entropy=0.079719
2024-04-11 15:26:38,062 [INFO]  Epoch[4] Train-a5-accuracy=0.000000
2024-04-11 15:26:38,062 [INFO]  Epoch[4] Time cost=0.031
2024-04-11 15:26:38,064 [INFO]  Saved checkpoint to "./imputer_model/30_monk/imputer_model_a5/model-0004.params"
2024-04-11 15:26:38,082 [INFO]  Epoch[4] Validation-cross-entropy=0.063415
2024-04-11 15:26:38,082 [INFO]  Epoch[4] Validation-a5-accuracy=0.000000
2024-04-11 15:26:38,082 [INFO]  
========== done (0.398740291595459 s) fit model
2024-04-11 15:26:40,979 [INFO]  
========== start: fit model
2024-04-11 15:26:40,980 [WARNING]  Already bound, ignoring bind()
2024-04-11 15:26:41,013 [INFO]  Epoch[0] Batch [0-10]	Speed: 7351.58 samples/sec	cross-entropy=14.098995	a5-accuracy=0.000000
2024-04-11 15:26:41,067 [INFO]  Epoch[0] Train-cross-entropy=1.486340
2024-04-11 15:26:41,067 [INFO]  Epoch[0] Train-a5-accuracy=0.000000
2024-04-11 15:26:41,067 [INFO]  Epoch[0] Time cost=0.087
2024-04-11 15:26:41,069 [INFO]  Saved checkpoint to "./imputer_model/30_monk/imputer_model_a5/model-0000.params"
2024-04-11 15:26:41,070 [INFO]  Epoch[0] Validation-cross-entropy=0.493570
2024-04-11 15:26:41,070 [INFO]  Epoch[0] Validation-a5-accuracy=0.000000
2024-04-11 15:26:41,092 [INFO]  Epoch[1] Batch [0-10]	Speed: 7820.18 samples/sec	cross-entropy=1.229974	a5-accuracy=0.000000
2024-04-11 15:26:41,099 [INFO]  Epoch[1] Train-cross-entropy=0.681660
2024-04-11 15:26:41,099 [INFO]  Epoch[1] Train-a5-accuracy=0.000000
2024-04-11 15:26:41,099 [INFO]  Epoch[1] Time cost=0.029
2024-04-11 15:26:41,101 [INFO]  Saved checkpoint to "./imputer_model/30_monk/imputer_model_a5/model-0001.params"
2024-04-11 15:26:41,102 [INFO]  Epoch[1] Validation-cross-entropy=0.345630
2024-04-11 15:26:41,102 [INFO]  Epoch[1] Validation-a5-accuracy=0.000000
2024-04-11 15:26:41,124 [INFO]  Epoch[2] Batch [0-10]	Speed: 23603.29 samples/sec	cross-entropy=0.186734	a5-accuracy=0.000000
2024-04-11 15:26:41,129 [INFO]  Epoch[2] Train-cross-entropy=0.210342
2024-04-11 15:26:41,129 [INFO]  Epoch[2] Train-a5-accuracy=0.000000
2024-04-11 15:26:41,129 [INFO]  Epoch[2] Time cost=0.027
2024-04-11 15:26:41,131 [INFO]  Saved checkpoint to "./imputer_model/30_monk/imputer_model_a5/model-0002.params"
2024-04-11 15:26:41,132 [INFO]  Epoch[2] Validation-cross-entropy=0.167339
2024-04-11 15:26:41,132 [INFO]  Epoch[2] Validation-a5-accuracy=0.000000
2024-04-11 15:26:41,265 [INFO]  Epoch[3] Batch [0-10]	Speed: 1208.74 samples/sec	cross-entropy=0.081272	a5-accuracy=0.000000
2024-04-11 15:26:41,272 [INFO]  Epoch[3] Train-cross-entropy=0.073619
2024-04-11 15:26:41,272 [INFO]  Epoch[3] Train-a5-accuracy=0.000000
2024-04-11 15:26:41,272 [INFO]  Epoch[3] Time cost=0.141
2024-04-11 15:26:41,274 [INFO]  Saved checkpoint to "./imputer_model/30_monk/imputer_model_a5/model-0003.params"
2024-04-11 15:26:41,276 [INFO]  Epoch[3] Validation-cross-entropy=0.155078
2024-04-11 15:26:41,276 [INFO]  Epoch[3] Validation-a5-accuracy=0.000000
2024-04-11 15:26:41,286 [INFO]  Epoch[4] Batch [0-10]	Speed: 17666.27 samples/sec	cross-entropy=0.074145	a5-accuracy=0.000000
2024-04-11 15:26:41,293 [INFO]  Epoch[4] Train-cross-entropy=0.067478
2024-04-11 15:26:41,293 [INFO]  Epoch[4] Train-a5-accuracy=0.000000
2024-04-11 15:26:41,293 [INFO]  Epoch[4] Time cost=0.018
2024-04-11 15:26:41,296 [INFO]  Saved checkpoint to "./imputer_model/30_monk/imputer_model_a5/model-0004.params"
2024-04-11 15:26:41,297 [INFO]  Epoch[4] Validation-cross-entropy=0.108954
2024-04-11 15:26:41,297 [INFO]  Epoch[4] Validation-a5-accuracy=0.000000
2024-04-11 15:26:41,297 [INFO]  
========== done (0.31758856773376465 s) fit model
2024-04-11 15:26:44,293 [INFO]  
========== start: fit model
2024-04-11 15:26:44,293 [WARNING]  Already bound, ignoring bind()
2024-04-11 15:26:44,321 [INFO]  Epoch[0] Batch [0-10]	Speed: 21003.02 samples/sec	cross-entropy=4.933005	a5-accuracy=0.000000
2024-04-11 15:26:44,328 [INFO]  Epoch[0] Train-cross-entropy=1.048847
2024-04-11 15:26:44,328 [INFO]  Epoch[0] Train-a5-accuracy=0.000000
2024-04-11 15:26:44,328 [INFO]  Epoch[0] Time cost=0.034
2024-04-11 15:26:44,330 [INFO]  Saved checkpoint to "./imputer_model/30_monk/imputer_model_a5/model-0000.params"
2024-04-11 15:26:44,373 [INFO]  Epoch[0] Validation-cross-entropy=1.386758
2024-04-11 15:26:44,373 [INFO]  Epoch[0] Validation-a5-accuracy=0.000000
2024-04-11 15:26:44,382 [INFO]  Epoch[1] Batch [0-10]	Speed: 19803.14 samples/sec	cross-entropy=0.928008	a5-accuracy=0.000000
2024-04-11 15:26:44,389 [INFO]  Epoch[1] Train-cross-entropy=0.247099
2024-04-11 15:26:44,389 [INFO]  Epoch[1] Train-a5-accuracy=0.000000
2024-04-11 15:26:44,389 [INFO]  Epoch[1] Time cost=0.016
2024-04-11 15:26:44,391 [INFO]  Saved checkpoint to "./imputer_model/30_monk/imputer_model_a5/model-0001.params"
2024-04-11 15:26:44,392 [INFO]  Epoch[1] Validation-cross-entropy=0.178669
2024-04-11 15:26:44,392 [INFO]  Epoch[1] Validation-a5-accuracy=0.000000
2024-04-11 15:26:44,410 [INFO]  Epoch[2] Batch [0-10]	Speed: 9524.12 samples/sec	cross-entropy=0.209817	a5-accuracy=0.000000
2024-04-11 15:26:44,417 [INFO]  Epoch[2] Train-cross-entropy=0.097918
2024-04-11 15:26:44,417 [INFO]  Epoch[2] Train-a5-accuracy=0.000000
2024-04-11 15:26:44,417 [INFO]  Epoch[2] Time cost=0.025
2024-04-11 15:26:44,418 [INFO]  Saved checkpoint to "./imputer_model/30_monk/imputer_model_a5/model-0002.params"
2024-04-11 15:26:44,419 [INFO]  Epoch[2] Validation-cross-entropy=0.072142
2024-04-11 15:26:44,419 [INFO]  Epoch[2] Validation-a5-accuracy=0.000000
2024-04-11 15:26:44,447 [INFO]  Epoch[3] Batch [0-10]	Speed: 6081.62 samples/sec	cross-entropy=0.099106	a5-accuracy=0.000000
2024-04-11 15:26:44,475 [INFO]  Epoch[3] Train-cross-entropy=0.072433
2024-04-11 15:26:44,475 [INFO]  Epoch[3] Train-a5-accuracy=0.000000
2024-04-11 15:26:44,475 [INFO]  Epoch[3] Time cost=0.056
2024-04-11 15:26:44,479 [INFO]  Saved checkpoint to "./imputer_model/30_monk/imputer_model_a5/model-0003.params"
2024-04-11 15:26:44,500 [INFO]  Epoch[3] Validation-cross-entropy=0.068585
2024-04-11 15:26:44,500 [INFO]  Epoch[3] Validation-a5-accuracy=0.000000
2024-04-11 15:26:44,524 [INFO]  Epoch[4] Batch [0-10]	Speed: 7201.37 samples/sec	cross-entropy=0.065185	a5-accuracy=0.000000
2024-04-11 15:26:44,532 [INFO]  Epoch[4] Train-cross-entropy=0.049175
2024-04-11 15:26:44,532 [INFO]  Epoch[4] Train-a5-accuracy=0.000000
2024-04-11 15:26:44,532 [INFO]  Epoch[4] Time cost=0.032
2024-04-11 15:26:44,534 [INFO]  Saved checkpoint to "./imputer_model/30_monk/imputer_model_a5/model-0004.params"
2024-04-11 15:26:44,535 [INFO]  Epoch[4] Validation-cross-entropy=0.050473
2024-04-11 15:26:44,536 [INFO]  Epoch[4] Validation-a5-accuracy=0.000000
2024-04-11 15:26:44,536 [INFO]  
========== done (0.24253535270690918 s) fit model
2024-04-11 15:26:47,591 [INFO]  
========== start: fit model
2024-04-11 15:26:47,591 [WARNING]  Already bound, ignoring bind()
2024-04-11 15:26:47,625 [INFO]  Epoch[0] Batch [0-10]	Speed: 5063.79 samples/sec	cross-entropy=6.509288	a5-accuracy=3.272727
2024-04-11 15:26:47,632 [INFO]  Epoch[0] Train-cross-entropy=0.922238
2024-04-11 15:26:47,632 [INFO]  Epoch[0] Train-a5-accuracy=2.875000
2024-04-11 15:26:47,632 [INFO]  Epoch[0] Time cost=0.040
2024-04-11 15:26:47,638 [INFO]  Saved checkpoint to "./imputer_model/30_monk/imputer_model_a5/model-0000.params"
2024-04-11 15:26:47,645 [INFO]  Epoch[0] Validation-cross-entropy=0.942202
2024-04-11 15:26:47,645 [INFO]  Epoch[0] Validation-a5-accuracy=0.000000
2024-04-11 15:26:47,654 [INFO]  Epoch[1] Batch [0-10]	Speed: 21970.49 samples/sec	cross-entropy=0.833614	a5-accuracy=3.272727
2024-04-11 15:26:47,660 [INFO]  Epoch[1] Train-cross-entropy=0.375164
2024-04-11 15:26:47,660 [INFO]  Epoch[1] Train-a5-accuracy=2.875000
2024-04-11 15:26:47,660 [INFO]  Epoch[1] Time cost=0.014
2024-04-11 15:26:47,661 [INFO]  Saved checkpoint to "./imputer_model/30_monk/imputer_model_a5/model-0001.params"
2024-04-11 15:26:47,662 [INFO]  Epoch[1] Validation-cross-entropy=0.247393
2024-04-11 15:26:47,662 [INFO]  Epoch[1] Validation-a5-accuracy=0.000000
2024-04-11 15:26:47,671 [INFO]  Epoch[2] Batch [0-10]	Speed: 20912.70 samples/sec	cross-entropy=0.185556	a5-accuracy=3.272727
2024-04-11 15:26:47,677 [INFO]  Epoch[2] Train-cross-entropy=0.115935
2024-04-11 15:26:47,677 [INFO]  Epoch[2] Train-a5-accuracy=2.875000
2024-04-11 15:26:47,677 [INFO]  Epoch[2] Time cost=0.015
2024-04-11 15:26:47,679 [INFO]  Saved checkpoint to "./imputer_model/30_monk/imputer_model_a5/model-0002.params"
2024-04-11 15:26:47,684 [INFO]  Epoch[2] Validation-cross-entropy=0.101022
2024-04-11 15:26:47,684 [INFO]  Epoch[2] Validation-a5-accuracy=0.000000
2024-04-11 15:26:47,742 [INFO]  Epoch[3] Batch [0-10]	Speed: 7777.67 samples/sec	cross-entropy=0.098626	a5-accuracy=3.272727
2024-04-11 15:26:47,748 [INFO]  Epoch[3] Train-cross-entropy=0.067218
2024-04-11 15:26:47,748 [INFO]  Epoch[3] Train-a5-accuracy=2.875000
2024-04-11 15:26:47,748 [INFO]  Epoch[3] Time cost=0.064
2024-04-11 15:26:47,753 [INFO]  Saved checkpoint to "./imputer_model/30_monk/imputer_model_a5/model-0003.params"
2024-04-11 15:26:47,768 [INFO]  Epoch[3] Validation-cross-entropy=0.058884
2024-04-11 15:26:47,769 [INFO]  Epoch[3] Validation-a5-accuracy=0.000000
2024-04-11 15:26:47,780 [INFO]  Epoch[4] Batch [0-10]	Speed: 15445.43 samples/sec	cross-entropy=0.060142	a5-accuracy=3.272727
2024-04-11 15:26:47,789 [INFO]  Epoch[4] Train-cross-entropy=0.040113
2024-04-11 15:26:47,789 [INFO]  Epoch[4] Train-a5-accuracy=2.875000
2024-04-11 15:26:47,789 [INFO]  Epoch[4] Time cost=0.021
2024-04-11 15:26:47,791 [INFO]  Saved checkpoint to "./imputer_model/30_monk/imputer_model_a5/model-0004.params"
2024-04-11 15:26:47,792 [INFO]  Epoch[4] Validation-cross-entropy=0.045371
2024-04-11 15:26:47,792 [INFO]  Epoch[4] Validation-a5-accuracy=0.000000
2024-04-11 15:26:47,792 [INFO]  
========== done (0.20131683349609375 s) fit model
2024-04-11 15:26:50,432 [INFO]  
========== start: fit model
2024-04-11 15:26:50,432 [WARNING]  Already bound, ignoring bind()
2024-04-11 15:26:50,501 [INFO]  Epoch[0] Batch [0-10]	Speed: 3691.11 samples/sec	cross-entropy=7.840766	a5-accuracy=0.000000
2024-04-11 15:26:50,508 [INFO]  Epoch[0] Train-cross-entropy=1.110173
2024-04-11 15:26:50,508 [INFO]  Epoch[0] Train-a5-accuracy=0.000000
2024-04-11 15:26:50,508 [INFO]  Epoch[0] Time cost=0.075
2024-04-11 15:26:50,510 [INFO]  Saved checkpoint to "./imputer_model/30_monk/imputer_model_a5/model-0000.params"
2024-04-11 15:26:50,511 [INFO]  Epoch[0] Validation-cross-entropy=1.186546
2024-04-11 15:26:50,511 [INFO]  Epoch[0] Validation-a5-accuracy=0.000000
2024-04-11 15:26:50,540 [INFO]  Epoch[1] Batch [0-10]	Speed: 16632.10 samples/sec	cross-entropy=0.976584	a5-accuracy=0.000000
2024-04-11 15:26:50,578 [INFO]  Epoch[1] Train-cross-entropy=0.420546
2024-04-11 15:26:50,578 [INFO]  Epoch[1] Train-a5-accuracy=0.000000
2024-04-11 15:26:50,578 [INFO]  Epoch[1] Time cost=0.067
2024-04-11 15:26:50,579 [INFO]  Saved checkpoint to "./imputer_model/30_monk/imputer_model_a5/model-0001.params"
2024-04-11 15:26:50,580 [INFO]  Epoch[1] Validation-cross-entropy=0.300745
2024-04-11 15:26:50,580 [INFO]  Epoch[1] Validation-a5-accuracy=0.000000
2024-04-11 15:26:50,589 [INFO]  Epoch[2] Batch [0-10]	Speed: 20367.50 samples/sec	cross-entropy=0.201154	a5-accuracy=0.000000
2024-04-11 15:26:50,595 [INFO]  Epoch[2] Train-cross-entropy=0.148549
2024-04-11 15:26:50,595 [INFO]  Epoch[2] Train-a5-accuracy=0.000000
2024-04-11 15:26:50,595 [INFO]  Epoch[2] Time cost=0.015
2024-04-11 15:26:50,597 [INFO]  Saved checkpoint to "./imputer_model/30_monk/imputer_model_a5/model-0002.params"
2024-04-11 15:26:50,598 [INFO]  Epoch[2] Validation-cross-entropy=0.158608
2024-04-11 15:26:50,598 [INFO]  Epoch[2] Validation-a5-accuracy=0.000000
2024-04-11 15:26:50,606 [INFO]  Epoch[3] Batch [0-10]	Speed: 22765.75 samples/sec	cross-entropy=0.079697	a5-accuracy=0.000000
2024-04-11 15:26:50,617 [INFO]  Epoch[3] Train-cross-entropy=0.088846
2024-04-11 15:26:50,618 [INFO]  Epoch[3] Train-a5-accuracy=0.000000
2024-04-11 15:26:50,618 [INFO]  Epoch[3] Time cost=0.019
2024-04-11 15:26:50,619 [INFO]  Saved checkpoint to "./imputer_model/30_monk/imputer_model_a5/model-0003.params"
2024-04-11 15:26:50,640 [INFO]  Epoch[3] Validation-cross-entropy=0.110784
2024-04-11 15:26:50,640 [INFO]  Epoch[3] Validation-a5-accuracy=0.000000
2024-04-11 15:26:50,653 [INFO]  Epoch[4] Batch [0-10]	Speed: 14811.70 samples/sec	cross-entropy=0.068753	a5-accuracy=0.000000
2024-04-11 15:26:50,700 [INFO]  Epoch[4] Train-cross-entropy=0.072181
2024-04-11 15:26:50,701 [INFO]  Epoch[4] Train-a5-accuracy=0.000000
2024-04-11 15:26:50,701 [INFO]  Epoch[4] Time cost=0.060
2024-04-11 15:26:50,704 [INFO]  Saved checkpoint to "./imputer_model/30_monk/imputer_model_a5/model-0004.params"
2024-04-11 15:26:50,797 [INFO]  Epoch[4] Validation-cross-entropy=0.128800
2024-04-11 15:26:50,798 [INFO]  Epoch[4] Validation-a5-accuracy=0.000000
2024-04-11 15:26:50,798 [INFO]  
========== done (0.36568498611450195 s) fit model
2024-04-11 15:26:53,598 [INFO]  
========== start: fit model
2024-04-11 15:26:53,598 [WARNING]  Already bound, ignoring bind()
2024-04-11 15:26:53,694 [INFO]  Epoch[0] Batch [0-10]	Speed: 3685.60 samples/sec	cross-entropy=16.441068	a5-accuracy=2.909091
2024-04-11 15:26:53,703 [INFO]  Epoch[0] Train-cross-entropy=4.473899
2024-04-11 15:26:53,703 [INFO]  Epoch[0] Train-a5-accuracy=3.000000
2024-04-11 15:26:53,704 [INFO]  Epoch[0] Time cost=0.104
2024-04-11 15:26:53,705 [INFO]  Saved checkpoint to "./imputer_model/30_monk/imputer_model_a5/model-0000.params"
2024-04-11 15:26:53,722 [INFO]  Epoch[0] Validation-cross-entropy=0.953898
2024-04-11 15:26:53,722 [INFO]  Epoch[0] Validation-a5-accuracy=0.000000
2024-04-11 15:26:53,798 [INFO]  Epoch[1] Batch [0-10]	Speed: 2129.81 samples/sec	cross-entropy=1.459051	a5-accuracy=2.909091
2024-04-11 15:26:53,810 [INFO]  Epoch[1] Train-cross-entropy=0.762876
2024-04-11 15:26:53,810 [INFO]  Epoch[1] Train-a5-accuracy=3.000000
2024-04-11 15:26:53,810 [INFO]  Epoch[1] Time cost=0.089
2024-04-11 15:26:53,812 [INFO]  Saved checkpoint to "./imputer_model/30_monk/imputer_model_a5/model-0001.params"
2024-04-11 15:26:53,858 [INFO]  Epoch[1] Validation-cross-entropy=0.829880
2024-04-11 15:26:53,858 [INFO]  Epoch[1] Validation-a5-accuracy=0.000000
2024-04-11 15:26:53,901 [INFO]  Epoch[2] Batch [0-10]	Speed: 3816.17 samples/sec	cross-entropy=0.518957	a5-accuracy=2.909091
2024-04-11 15:26:53,908 [INFO]  Epoch[2] Train-cross-entropy=0.240629
2024-04-11 15:26:53,908 [INFO]  Epoch[2] Train-a5-accuracy=3.000000
2024-04-11 15:26:53,908 [INFO]  Epoch[2] Time cost=0.050
2024-04-11 15:26:53,912 [INFO]  Saved checkpoint to "./imputer_model/30_monk/imputer_model_a5/model-0002.params"
2024-04-11 15:26:53,943 [INFO]  Epoch[2] Validation-cross-entropy=0.106213
2024-04-11 15:26:53,943 [INFO]  Epoch[2] Validation-a5-accuracy=0.000000
2024-04-11 15:26:53,983 [INFO]  Epoch[3] Batch [0-10]	Speed: 4139.30 samples/sec	cross-entropy=0.152828	a5-accuracy=2.909091
2024-04-11 15:26:53,989 [INFO]  Epoch[3] Train-cross-entropy=0.159268
2024-04-11 15:26:53,989 [INFO]  Epoch[3] Train-a5-accuracy=3.000000
2024-04-11 15:26:53,989 [INFO]  Epoch[3] Time cost=0.045
2024-04-11 15:26:53,990 [INFO]  Saved checkpoint to "./imputer_model/30_monk/imputer_model_a5/model-0003.params"
2024-04-11 15:26:53,991 [INFO]  Epoch[3] Validation-cross-entropy=0.098576
2024-04-11 15:26:53,991 [INFO]  Epoch[3] Validation-a5-accuracy=0.000000
2024-04-11 15:26:54,104 [INFO]  Epoch[4] Batch [0-10]	Speed: 1431.05 samples/sec	cross-entropy=0.104258	a5-accuracy=2.909091
2024-04-11 15:26:54,159 [INFO]  Epoch[4] Train-cross-entropy=0.090686
2024-04-11 15:26:54,159 [INFO]  Epoch[4] Train-a5-accuracy=3.000000
2024-04-11 15:26:54,159 [INFO]  Epoch[4] Time cost=0.168
2024-04-11 15:26:54,161 [INFO]  Saved checkpoint to "./imputer_model/30_monk/imputer_model_a5/model-0004.params"
2024-04-11 15:26:54,162 [INFO]  Epoch[4] Validation-cross-entropy=0.084065
2024-04-11 15:26:54,162 [INFO]  Epoch[4] Validation-a5-accuracy=0.000000
2024-04-11 15:26:54,162 [INFO]  
========== done (0.5634348392486572 s) fit model
2024-04-11 15:26:57,086 [INFO]  
========== start: fit model
2024-04-11 15:26:57,086 [WARNING]  Already bound, ignoring bind()
2024-04-11 15:26:57,102 [INFO]  Epoch[0] Batch [0-10]	Speed: 18520.45 samples/sec	cross-entropy=8.550012	a5-accuracy=3.818182
2024-04-11 15:26:57,110 [INFO]  Epoch[0] Train-cross-entropy=1.213701
2024-04-11 15:26:57,110 [INFO]  Epoch[0] Train-a5-accuracy=2.375000
2024-04-11 15:26:57,110 [INFO]  Epoch[0] Time cost=0.023
2024-04-11 15:26:57,112 [INFO]  Saved checkpoint to "./imputer_model/30_monk/imputer_model_a5/model-0000.params"
2024-04-11 15:26:57,157 [INFO]  Epoch[0] Validation-cross-entropy=1.131157
2024-04-11 15:26:57,157 [INFO]  Epoch[0] Validation-a5-accuracy=0.000000
2024-04-11 15:26:57,166 [INFO]  Epoch[1] Batch [0-10]	Speed: 21388.60 samples/sec	cross-entropy=1.072915	a5-accuracy=3.818182
2024-04-11 15:26:57,172 [INFO]  Epoch[1] Train-cross-entropy=0.771613
2024-04-11 15:26:57,172 [INFO]  Epoch[1] Train-a5-accuracy=2.375000
2024-04-11 15:26:57,172 [INFO]  Epoch[1] Time cost=0.015
2024-04-11 15:26:57,182 [INFO]  Saved checkpoint to "./imputer_model/30_monk/imputer_model_a5/model-0001.params"
2024-04-11 15:26:57,187 [INFO]  Epoch[1] Validation-cross-entropy=0.545718
2024-04-11 15:26:57,187 [INFO]  Epoch[1] Validation-a5-accuracy=0.000000
2024-04-11 15:26:57,200 [INFO]  Epoch[2] Batch [0-10]	Speed: 13616.21 samples/sec	cross-entropy=0.254005	a5-accuracy=3.818182
2024-04-11 15:26:57,207 [INFO]  Epoch[2] Train-cross-entropy=0.199757
2024-04-11 15:26:57,208 [INFO]  Epoch[2] Train-a5-accuracy=2.375000
2024-04-11 15:26:57,208 [INFO]  Epoch[2] Time cost=0.020
2024-04-11 15:26:57,210 [INFO]  Saved checkpoint to "./imputer_model/30_monk/imputer_model_a5/model-0002.params"
2024-04-11 15:26:57,211 [INFO]  Epoch[2] Validation-cross-entropy=0.174622
2024-04-11 15:26:57,211 [INFO]  Epoch[2] Validation-a5-accuracy=0.000000
2024-04-11 15:26:57,219 [INFO]  Epoch[3] Batch [0-10]	Speed: 23089.24 samples/sec	cross-entropy=0.129303	a5-accuracy=3.818182
2024-04-11 15:26:57,225 [INFO]  Epoch[3] Train-cross-entropy=0.091256
2024-04-11 15:26:57,225 [INFO]  Epoch[3] Train-a5-accuracy=2.375000
2024-04-11 15:26:57,225 [INFO]  Epoch[3] Time cost=0.014
2024-04-11 15:26:57,226 [INFO]  Saved checkpoint to "./imputer_model/30_monk/imputer_model_a5/model-0003.params"
2024-04-11 15:26:57,249 [INFO]  Epoch[3] Validation-cross-entropy=0.078846
2024-04-11 15:26:57,249 [INFO]  Epoch[3] Validation-a5-accuracy=0.000000
2024-04-11 15:26:57,295 [INFO]  Epoch[4] Batch [0-10]	Speed: 3552.05 samples/sec	cross-entropy=0.079225	a5-accuracy=3.818182
2024-04-11 15:26:57,304 [INFO]  Epoch[4] Train-cross-entropy=0.076859
2024-04-11 15:26:57,304 [INFO]  Epoch[4] Train-a5-accuracy=2.375000
2024-04-11 15:26:57,304 [INFO]  Epoch[4] Time cost=0.055
2024-04-11 15:26:57,306 [INFO]  Saved checkpoint to "./imputer_model/30_monk/imputer_model_a5/model-0004.params"
2024-04-11 15:26:57,308 [INFO]  Epoch[4] Validation-cross-entropy=0.073608
2024-04-11 15:26:57,308 [INFO]  Epoch[4] Validation-a5-accuracy=0.000000
2024-04-11 15:26:57,308 [INFO]  
========== done (0.22262859344482422 s) fit model
