2024-03-19 16:08:44,648 [INFO]  
========== start: fit model
2024-03-19 16:08:44,648 [WARNING]  Already bound, ignoring bind()
2024-03-19 16:08:45,053 [INFO]  Epoch[0] Batch [0-733]	Speed: 29145.66 samples/sec	cross-entropy=0.388816	hours-per-week-accuracy=3.194823
2024-03-19 16:08:45,483 [INFO]  Epoch[0] Train-cross-entropy=0.044638
2024-03-19 16:08:45,483 [INFO]  Epoch[0] Train-hours-per-week-accuracy=3.184426
2024-03-19 16:08:45,483 [INFO]  Epoch[0] Time cost=0.834
2024-03-19 16:08:45,485 [INFO]  Saved checkpoint to "./imputer_model/imputer_model_hours-per-week/model-0000.params"
2024-03-19 16:08:45,525 [INFO]  Epoch[0] Validation-cross-entropy=0.048227
2024-03-19 16:08:45,525 [INFO]  Epoch[0] Validation-hours-per-week-accuracy=0.000000
2024-03-19 16:08:45,933 [INFO]  Epoch[1] Batch [0-733]	Speed: 28840.17 samples/sec	cross-entropy=0.053663	hours-per-week-accuracy=3.194823
2024-03-19 16:08:46,334 [INFO]  Epoch[1] Train-cross-entropy=0.017218
2024-03-19 16:08:46,334 [INFO]  Epoch[1] Train-hours-per-week-accuracy=3.184426
2024-03-19 16:08:46,334 [INFO]  Epoch[1] Time cost=0.809
2024-03-19 16:08:46,336 [INFO]  Saved checkpoint to "./imputer_model/imputer_model_hours-per-week/model-0001.params"
2024-03-19 16:08:46,373 [INFO]  Epoch[1] Validation-cross-entropy=0.028211
2024-03-19 16:08:46,373 [INFO]  Epoch[1] Validation-hours-per-week-accuracy=0.000000
2024-03-19 16:08:46,816 [INFO]  Epoch[2] Batch [0-733]	Speed: 26518.82 samples/sec	cross-entropy=0.038113	hours-per-week-accuracy=3.194823
2024-03-19 16:08:47,234 [INFO]  Epoch[2] Train-cross-entropy=0.012393
2024-03-19 16:08:47,234 [INFO]  Epoch[2] Train-hours-per-week-accuracy=3.184426
2024-03-19 16:08:47,234 [INFO]  Epoch[2] Time cost=0.861
2024-03-19 16:08:47,236 [INFO]  Saved checkpoint to "./imputer_model/imputer_model_hours-per-week/model-0002.params"
2024-03-19 16:08:47,282 [INFO]  Epoch[2] Validation-cross-entropy=0.034937
2024-03-19 16:08:47,282 [INFO]  Epoch[2] Validation-hours-per-week-accuracy=0.000000
2024-03-19 16:08:47,711 [INFO]  Epoch[3] Batch [0-733]	Speed: 27369.49 samples/sec	cross-entropy=0.027872	hours-per-week-accuracy=3.194823
2024-03-19 16:08:48,111 [INFO]  Epoch[3] Train-cross-entropy=0.008940
2024-03-19 16:08:48,111 [INFO]  Epoch[3] Train-hours-per-week-accuracy=3.184426
2024-03-19 16:08:48,111 [INFO]  Epoch[3] Time cost=0.830
2024-03-19 16:08:48,113 [INFO]  Saved checkpoint to "./imputer_model/imputer_model_hours-per-week/model-0003.params"
2024-03-19 16:08:48,150 [INFO]  Epoch[3] Validation-cross-entropy=0.023722
2024-03-19 16:08:48,150 [INFO]  Epoch[3] Validation-hours-per-week-accuracy=0.000000
2024-03-19 16:08:48,551 [INFO]  Epoch[4] Batch [0-733]	Speed: 29338.32 samples/sec	cross-entropy=0.029964	hours-per-week-accuracy=3.194823
2024-03-19 16:08:48,950 [INFO]  Epoch[4] Train-cross-entropy=0.015290
2024-03-19 16:08:48,950 [INFO]  Epoch[4] Train-hours-per-week-accuracy=3.184426
2024-03-19 16:08:48,950 [INFO]  Epoch[4] Time cost=0.800
2024-03-19 16:08:48,951 [INFO]  Saved checkpoint to "./imputer_model/imputer_model_hours-per-week/model-0004.params"
2024-03-19 16:08:48,989 [INFO]  Epoch[4] Validation-cross-entropy=0.013443
2024-03-19 16:08:48,989 [INFO]  Epoch[4] Validation-hours-per-week-accuracy=0.000000
2024-03-19 16:08:48,989 [INFO]  
========== done (4.340481281280518 s) fit model
2024-03-19 16:10:05,947 [INFO]  
========== start: fit model
2024-03-19 16:10:05,947 [WARNING]  Already bound, ignoring bind()
2024-03-19 16:10:06,372 [INFO]  Epoch[0] Batch [0-733]	Speed: 27754.81 samples/sec	cross-entropy=0.490656	hours-per-week-accuracy=3.205722
2024-03-19 16:10:06,786 [INFO]  Epoch[0] Train-cross-entropy=0.105325
2024-03-19 16:10:06,786 [INFO]  Epoch[0] Train-hours-per-week-accuracy=3.170765
2024-03-19 16:10:06,786 [INFO]  Epoch[0] Time cost=0.838
2024-03-19 16:10:06,788 [INFO]  Saved checkpoint to "./imputer_model/imputer_model_hours-per-week/model-0000.params"
2024-03-19 16:10:06,835 [INFO]  Epoch[0] Validation-cross-entropy=0.038686
2024-03-19 16:10:06,835 [INFO]  Epoch[0] Validation-hours-per-week-accuracy=0.000000
2024-03-19 16:10:07,270 [INFO]  Epoch[1] Batch [0-733]	Speed: 27055.56 samples/sec	cross-entropy=0.024314	hours-per-week-accuracy=3.205722
2024-03-19 16:10:07,674 [INFO]  Epoch[1] Train-cross-entropy=0.034136
2024-03-19 16:10:07,674 [INFO]  Epoch[1] Train-hours-per-week-accuracy=3.170765
2024-03-19 16:10:07,674 [INFO]  Epoch[1] Time cost=0.839
2024-03-19 16:10:07,676 [INFO]  Saved checkpoint to "./imputer_model/imputer_model_hours-per-week/model-0001.params"
2024-03-19 16:10:07,714 [INFO]  Epoch[1] Validation-cross-entropy=0.846204
2024-03-19 16:10:07,714 [INFO]  Epoch[1] Validation-hours-per-week-accuracy=0.000000
2024-03-19 16:10:08,120 [INFO]  Epoch[2] Batch [0-733]	Speed: 28958.06 samples/sec	cross-entropy=0.056982	hours-per-week-accuracy=3.205722
2024-03-19 16:10:08,610 [INFO]  Epoch[2] Train-cross-entropy=0.009851
2024-03-19 16:10:08,610 [INFO]  Epoch[2] Train-hours-per-week-accuracy=3.170765
2024-03-19 16:10:08,610 [INFO]  Epoch[2] Time cost=0.896
2024-03-19 16:10:08,611 [INFO]  Saved checkpoint to "./imputer_model/imputer_model_hours-per-week/model-0002.params"
2024-03-19 16:10:08,659 [INFO]  Epoch[2] Validation-cross-entropy=0.007066
2024-03-19 16:10:08,659 [INFO]  Epoch[2] Validation-hours-per-week-accuracy=0.000000
2024-03-19 16:10:09,148 [INFO]  Epoch[3] Batch [0-733]	Speed: 24054.84 samples/sec	cross-entropy=0.026114	hours-per-week-accuracy=3.205722
2024-03-19 16:10:09,552 [INFO]  Epoch[3] Train-cross-entropy=0.021799
2024-03-19 16:10:09,552 [INFO]  Epoch[3] Train-hours-per-week-accuracy=3.170765
2024-03-19 16:10:09,552 [INFO]  Epoch[3] Time cost=0.892
2024-03-19 16:10:09,553 [INFO]  Saved checkpoint to "./imputer_model/imputer_model_hours-per-week/model-0003.params"
2024-03-19 16:10:09,591 [INFO]  Epoch[3] Validation-cross-entropy=0.015808
2024-03-19 16:10:09,591 [INFO]  Epoch[3] Validation-hours-per-week-accuracy=0.000000
2024-03-19 16:10:10,035 [INFO]  Epoch[4] Batch [0-733]	Speed: 26477.60 samples/sec	cross-entropy=0.021953	hours-per-week-accuracy=3.205722
2024-03-19 16:10:10,597 [INFO]  Epoch[4] Train-cross-entropy=0.007470
2024-03-19 16:10:10,597 [INFO]  Epoch[4] Train-hours-per-week-accuracy=3.170765
2024-03-19 16:10:10,597 [INFO]  Epoch[4] Time cost=1.006
2024-03-19 16:10:10,599 [INFO]  Saved checkpoint to "./imputer_model/imputer_model_hours-per-week/model-0004.params"
2024-03-19 16:10:10,642 [INFO]  Epoch[4] Validation-cross-entropy=0.074780
2024-03-19 16:10:10,642 [INFO]  Epoch[4] Validation-hours-per-week-accuracy=0.000000
2024-03-19 16:10:10,642 [INFO]  
========== done (4.695302248001099 s) fit model
2024-03-19 16:11:28,380 [INFO]  
========== start: fit model
2024-03-19 16:11:28,380 [WARNING]  Already bound, ignoring bind()
2024-03-19 16:11:28,792 [INFO]  Epoch[0] Batch [0-733]	Speed: 28653.44 samples/sec	cross-entropy=0.768312	hours-per-week-accuracy=3.193460
2024-03-19 16:11:29,198 [INFO]  Epoch[0] Train-cross-entropy=0.053818
2024-03-19 16:11:29,198 [INFO]  Epoch[0] Train-hours-per-week-accuracy=3.173497
2024-03-19 16:11:29,198 [INFO]  Epoch[0] Time cost=0.817
2024-03-19 16:11:29,200 [INFO]  Saved checkpoint to "./imputer_model/imputer_model_hours-per-week/model-0000.params"
2024-03-19 16:11:29,238 [INFO]  Epoch[0] Validation-cross-entropy=0.062781
2024-03-19 16:11:29,238 [INFO]  Epoch[0] Validation-hours-per-week-accuracy=0.000000
2024-03-19 16:11:29,655 [INFO]  Epoch[1] Batch [0-733]	Speed: 28174.83 samples/sec	cross-entropy=0.052051	hours-per-week-accuracy=3.193460
2024-03-19 16:11:30,072 [INFO]  Epoch[1] Train-cross-entropy=0.026368
2024-03-19 16:11:30,072 [INFO]  Epoch[1] Train-hours-per-week-accuracy=3.173497
2024-03-19 16:11:30,072 [INFO]  Epoch[1] Time cost=0.834
2024-03-19 16:11:30,073 [INFO]  Saved checkpoint to "./imputer_model/imputer_model_hours-per-week/model-0001.params"
2024-03-19 16:11:30,112 [INFO]  Epoch[1] Validation-cross-entropy=0.011519
2024-03-19 16:11:30,112 [INFO]  Epoch[1] Validation-hours-per-week-accuracy=0.000000
2024-03-19 16:11:30,594 [INFO]  Epoch[2] Batch [0-733]	Speed: 24345.96 samples/sec	cross-entropy=0.028750	hours-per-week-accuracy=3.193460
2024-03-19 16:11:31,000 [INFO]  Epoch[2] Train-cross-entropy=0.012950
2024-03-19 16:11:31,000 [INFO]  Epoch[2] Train-hours-per-week-accuracy=3.173497
2024-03-19 16:11:31,000 [INFO]  Epoch[2] Time cost=0.888
2024-03-19 16:11:31,002 [INFO]  Saved checkpoint to "./imputer_model/imputer_model_hours-per-week/model-0002.params"
2024-03-19 16:11:31,040 [INFO]  Epoch[2] Validation-cross-entropy=0.010843
2024-03-19 16:11:31,040 [INFO]  Epoch[2] Validation-hours-per-week-accuracy=0.000000
2024-03-19 16:11:31,478 [INFO]  Epoch[3] Batch [0-733]	Speed: 26851.22 samples/sec	cross-entropy=0.025095	hours-per-week-accuracy=3.193460
2024-03-19 16:11:31,891 [INFO]  Epoch[3] Train-cross-entropy=0.010574
2024-03-19 16:11:31,891 [INFO]  Epoch[3] Train-hours-per-week-accuracy=3.173497
2024-03-19 16:11:31,891 [INFO]  Epoch[3] Time cost=0.851
2024-03-19 16:11:31,893 [INFO]  Saved checkpoint to "./imputer_model/imputer_model_hours-per-week/model-0003.params"
2024-03-19 16:11:31,931 [INFO]  Epoch[3] Validation-cross-entropy=0.010161
2024-03-19 16:11:31,932 [INFO]  Epoch[3] Validation-hours-per-week-accuracy=0.000000
2024-03-19 16:11:32,352 [INFO]  Epoch[4] Batch [0-733]	Speed: 27913.92 samples/sec	cross-entropy=0.026661	hours-per-week-accuracy=3.193460
2024-03-19 16:11:32,767 [INFO]  Epoch[4] Train-cross-entropy=0.013920
2024-03-19 16:11:32,767 [INFO]  Epoch[4] Train-hours-per-week-accuracy=3.173497
2024-03-19 16:11:32,767 [INFO]  Epoch[4] Time cost=0.835
2024-03-19 16:11:32,768 [INFO]  Saved checkpoint to "./imputer_model/imputer_model_hours-per-week/model-0004.params"
2024-03-19 16:11:32,807 [INFO]  Epoch[4] Validation-cross-entropy=0.014409
2024-03-19 16:11:32,808 [INFO]  Epoch[4] Validation-hours-per-week-accuracy=0.000000
2024-03-19 16:11:32,808 [INFO]  
========== done (4.427404165267944 s) fit model
2024-03-19 16:12:50,616 [INFO]  
========== start: fit model
2024-03-19 16:12:50,616 [WARNING]  Already bound, ignoring bind()
2024-03-19 16:12:51,026 [INFO]  Epoch[0] Batch [0-733]	Speed: 28702.50 samples/sec	cross-entropy=0.393562	hours-per-week-accuracy=3.193460
2024-03-19 16:12:51,432 [INFO]  Epoch[0] Train-cross-entropy=0.081454
2024-03-19 16:12:51,432 [INFO]  Epoch[0] Train-hours-per-week-accuracy=3.151639
2024-03-19 16:12:51,432 [INFO]  Epoch[0] Time cost=0.815
2024-03-19 16:12:51,434 [INFO]  Saved checkpoint to "./imputer_model/imputer_model_hours-per-week/model-0000.params"
2024-03-19 16:12:51,472 [INFO]  Epoch[0] Validation-cross-entropy=0.047722
2024-03-19 16:12:51,472 [INFO]  Epoch[0] Validation-hours-per-week-accuracy=0.000000
2024-03-19 16:12:51,893 [INFO]  Epoch[1] Batch [0-733]	Speed: 27909.83 samples/sec	cross-entropy=0.023491	hours-per-week-accuracy=3.193460
2024-03-19 16:12:52,310 [INFO]  Epoch[1] Train-cross-entropy=0.049624
2024-03-19 16:12:52,310 [INFO]  Epoch[1] Train-hours-per-week-accuracy=3.151639
2024-03-19 16:12:52,310 [INFO]  Epoch[1] Time cost=0.838
2024-03-19 16:12:52,311 [INFO]  Saved checkpoint to "./imputer_model/imputer_model_hours-per-week/model-0001.params"
2024-03-19 16:12:52,349 [INFO]  Epoch[1] Validation-cross-entropy=0.016451
2024-03-19 16:12:52,349 [INFO]  Epoch[1] Validation-hours-per-week-accuracy=0.000000
2024-03-19 16:12:52,760 [INFO]  Epoch[2] Batch [0-733]	Speed: 28622.15 samples/sec	cross-entropy=0.015409	hours-per-week-accuracy=3.193460
2024-03-19 16:12:53,166 [INFO]  Epoch[2] Train-cross-entropy=0.019933
2024-03-19 16:12:53,166 [INFO]  Epoch[2] Train-hours-per-week-accuracy=3.151639
2024-03-19 16:12:53,166 [INFO]  Epoch[2] Time cost=0.817
2024-03-19 16:12:53,168 [INFO]  Saved checkpoint to "./imputer_model/imputer_model_hours-per-week/model-0002.params"
2024-03-19 16:12:53,205 [INFO]  Epoch[2] Validation-cross-entropy=0.012763
2024-03-19 16:12:53,205 [INFO]  Epoch[2] Validation-hours-per-week-accuracy=0.000000
2024-03-19 16:12:53,612 [INFO]  Epoch[3] Batch [0-733]	Speed: 28901.18 samples/sec	cross-entropy=0.011800	hours-per-week-accuracy=3.193460
2024-03-19 16:12:54,017 [INFO]  Epoch[3] Train-cross-entropy=0.025397
2024-03-19 16:12:54,017 [INFO]  Epoch[3] Train-hours-per-week-accuracy=3.151639
2024-03-19 16:12:54,017 [INFO]  Epoch[3] Time cost=0.812
2024-03-19 16:12:54,018 [INFO]  Saved checkpoint to "./imputer_model/imputer_model_hours-per-week/model-0003.params"
2024-03-19 16:12:54,057 [INFO]  Epoch[3] Validation-cross-entropy=0.020290
2024-03-19 16:12:54,057 [INFO]  Epoch[3] Validation-hours-per-week-accuracy=0.000000
2024-03-19 16:12:54,473 [INFO]  Epoch[4] Batch [0-733]	Speed: 28278.29 samples/sec	cross-entropy=0.011412	hours-per-week-accuracy=3.193460
2024-03-19 16:12:54,879 [INFO]  Epoch[4] Train-cross-entropy=0.012145
2024-03-19 16:12:54,879 [INFO]  Epoch[4] Train-hours-per-week-accuracy=3.151639
2024-03-19 16:12:54,879 [INFO]  Epoch[4] Time cost=0.821
2024-03-19 16:12:54,880 [INFO]  Saved checkpoint to "./imputer_model/imputer_model_hours-per-week/model-0004.params"
2024-03-19 16:12:54,918 [INFO]  Epoch[4] Validation-cross-entropy=0.007252
2024-03-19 16:12:54,918 [INFO]  Epoch[4] Validation-hours-per-week-accuracy=0.000000
2024-03-19 16:12:54,918 [INFO]  
========== done (4.302221059799194 s) fit model
2024-03-19 16:14:12,906 [INFO]  
========== start: fit model
2024-03-19 16:14:12,906 [WARNING]  Already bound, ignoring bind()
2024-03-19 16:14:13,355 [INFO]  Epoch[0] Batch [0-733]	Speed: 26305.53 samples/sec	cross-entropy=0.455840	hours-per-week-accuracy=3.178474
2024-03-19 16:14:13,760 [INFO]  Epoch[0] Train-cross-entropy=0.080963
2024-03-19 16:14:13,760 [INFO]  Epoch[0] Train-hours-per-week-accuracy=3.228142
2024-03-19 16:14:13,760 [INFO]  Epoch[0] Time cost=0.853
2024-03-19 16:14:13,762 [INFO]  Saved checkpoint to "./imputer_model/imputer_model_hours-per-week/model-0000.params"
2024-03-19 16:14:13,810 [INFO]  Epoch[0] Validation-cross-entropy=0.036776
2024-03-19 16:14:13,810 [INFO]  Epoch[0] Validation-hours-per-week-accuracy=0.000000
2024-03-19 16:14:14,289 [INFO]  Epoch[1] Batch [0-733]	Speed: 24528.08 samples/sec	cross-entropy=0.049634	hours-per-week-accuracy=3.178474
2024-03-19 16:14:14,697 [INFO]  Epoch[1] Train-cross-entropy=0.016905
2024-03-19 16:14:14,697 [INFO]  Epoch[1] Train-hours-per-week-accuracy=3.228142
2024-03-19 16:14:14,697 [INFO]  Epoch[1] Time cost=0.887
2024-03-19 16:14:14,699 [INFO]  Saved checkpoint to "./imputer_model/imputer_model_hours-per-week/model-0001.params"
2024-03-19 16:14:14,738 [INFO]  Epoch[1] Validation-cross-entropy=0.021081
2024-03-19 16:14:14,738 [INFO]  Epoch[1] Validation-hours-per-week-accuracy=0.000000
2024-03-19 16:14:15,145 [INFO]  Epoch[2] Batch [0-733]	Speed: 28847.83 samples/sec	cross-entropy=0.044982	hours-per-week-accuracy=3.178474
2024-03-19 16:14:15,550 [INFO]  Epoch[2] Train-cross-entropy=0.017372
2024-03-19 16:14:15,551 [INFO]  Epoch[2] Train-hours-per-week-accuracy=3.228142
2024-03-19 16:14:15,551 [INFO]  Epoch[2] Time cost=0.813
2024-03-19 16:14:15,552 [INFO]  Saved checkpoint to "./imputer_model/imputer_model_hours-per-week/model-0002.params"
2024-03-19 16:14:15,591 [INFO]  Epoch[2] Validation-cross-entropy=0.053868
2024-03-19 16:14:15,591 [INFO]  Epoch[2] Validation-hours-per-week-accuracy=0.000000
2024-03-19 16:14:15,999 [INFO]  Epoch[3] Batch [0-733]	Speed: 28858.13 samples/sec	cross-entropy=0.024244	hours-per-week-accuracy=3.178474
2024-03-19 16:14:16,413 [INFO]  Epoch[3] Train-cross-entropy=0.020377
2024-03-19 16:14:16,413 [INFO]  Epoch[3] Train-hours-per-week-accuracy=3.228142
2024-03-19 16:14:16,413 [INFO]  Epoch[3] Time cost=0.821
2024-03-19 16:14:16,414 [INFO]  Saved checkpoint to "./imputer_model/imputer_model_hours-per-week/model-0003.params"
2024-03-19 16:14:16,453 [INFO]  Epoch[3] Validation-cross-entropy=0.032673
2024-03-19 16:14:16,453 [INFO]  Epoch[3] Validation-hours-per-week-accuracy=0.000000
2024-03-19 16:14:16,862 [INFO]  Epoch[4] Batch [0-733]	Speed: 28727.44 samples/sec	cross-entropy=0.013424	hours-per-week-accuracy=3.178474
2024-03-19 16:14:17,290 [INFO]  Epoch[4] Train-cross-entropy=0.017174
2024-03-19 16:14:17,290 [INFO]  Epoch[4] Train-hours-per-week-accuracy=3.228142
2024-03-19 16:14:17,290 [INFO]  Epoch[4] Time cost=0.837
2024-03-19 16:14:17,292 [INFO]  Saved checkpoint to "./imputer_model/imputer_model_hours-per-week/model-0004.params"
2024-03-19 16:14:17,331 [INFO]  Epoch[4] Validation-cross-entropy=0.057035
2024-03-19 16:14:17,331 [INFO]  Epoch[4] Validation-hours-per-week-accuracy=0.000000
2024-03-19 16:14:17,331 [INFO]  
========== done (4.425532102584839 s) fit model
2024-03-19 16:15:34,413 [INFO]  
========== start: fit model
2024-03-19 16:15:34,413 [WARNING]  Already bound, ignoring bind()
2024-03-19 16:15:34,881 [INFO]  Epoch[0] Batch [0-733]	Speed: 25235.35 samples/sec	cross-entropy=0.482645	hours-per-week-accuracy=3.118529
2024-03-19 16:15:35,289 [INFO]  Epoch[0] Train-cross-entropy=0.119854
2024-03-19 16:15:35,289 [INFO]  Epoch[0] Train-hours-per-week-accuracy=3.172131
2024-03-19 16:15:35,289 [INFO]  Epoch[0] Time cost=0.875
2024-03-19 16:15:35,290 [INFO]  Saved checkpoint to "./imputer_model/imputer_model_hours-per-week/model-0000.params"
2024-03-19 16:15:35,328 [INFO]  Epoch[0] Validation-cross-entropy=0.020407
2024-03-19 16:15:35,328 [INFO]  Epoch[0] Validation-hours-per-week-accuracy=0.000000
2024-03-19 16:15:35,737 [INFO]  Epoch[1] Batch [0-733]	Speed: 28699.21 samples/sec	cross-entropy=0.020034	hours-per-week-accuracy=3.118529
2024-03-19 16:15:36,146 [INFO]  Epoch[1] Train-cross-entropy=0.054062
2024-03-19 16:15:36,146 [INFO]  Epoch[1] Train-hours-per-week-accuracy=3.172131
2024-03-19 16:15:36,146 [INFO]  Epoch[1] Time cost=0.818
2024-03-19 16:15:36,147 [INFO]  Saved checkpoint to "./imputer_model/imputer_model_hours-per-week/model-0001.params"
2024-03-19 16:15:36,185 [INFO]  Epoch[1] Validation-cross-entropy=0.015993
2024-03-19 16:15:36,185 [INFO]  Epoch[1] Validation-hours-per-week-accuracy=0.000000
2024-03-19 16:15:36,606 [INFO]  Epoch[2] Batch [0-733]	Speed: 27949.92 samples/sec	cross-entropy=0.016655	hours-per-week-accuracy=3.118529
2024-03-19 16:15:37,015 [INFO]  Epoch[2] Train-cross-entropy=0.022216
2024-03-19 16:15:37,015 [INFO]  Epoch[2] Train-hours-per-week-accuracy=3.172131
2024-03-19 16:15:37,015 [INFO]  Epoch[2] Time cost=0.829
2024-03-19 16:15:37,016 [INFO]  Saved checkpoint to "./imputer_model/imputer_model_hours-per-week/model-0002.params"
2024-03-19 16:15:37,055 [INFO]  Epoch[2] Validation-cross-entropy=0.015848
2024-03-19 16:15:37,055 [INFO]  Epoch[2] Validation-hours-per-week-accuracy=0.000000
2024-03-19 16:15:37,466 [INFO]  Epoch[3] Batch [0-733]	Speed: 28596.64 samples/sec	cross-entropy=0.012286	hours-per-week-accuracy=3.118529
2024-03-19 16:15:37,875 [INFO]  Epoch[3] Train-cross-entropy=0.022287
2024-03-19 16:15:37,875 [INFO]  Epoch[3] Train-hours-per-week-accuracy=3.172131
2024-03-19 16:15:37,875 [INFO]  Epoch[3] Time cost=0.820
2024-03-19 16:15:37,876 [INFO]  Saved checkpoint to "./imputer_model/imputer_model_hours-per-week/model-0003.params"
2024-03-19 16:15:37,914 [INFO]  Epoch[3] Validation-cross-entropy=0.002169
2024-03-19 16:15:37,914 [INFO]  Epoch[3] Validation-hours-per-week-accuracy=0.000000
2024-03-19 16:15:38,323 [INFO]  Epoch[4] Batch [0-733]	Speed: 28726.62 samples/sec	cross-entropy=0.009558	hours-per-week-accuracy=3.118529
2024-03-19 16:15:38,772 [INFO]  Epoch[4] Train-cross-entropy=0.016826
2024-03-19 16:15:38,773 [INFO]  Epoch[4] Train-hours-per-week-accuracy=3.172131
2024-03-19 16:15:38,773 [INFO]  Epoch[4] Time cost=0.858
2024-03-19 16:15:38,774 [INFO]  Saved checkpoint to "./imputer_model/imputer_model_hours-per-week/model-0004.params"
2024-03-19 16:15:38,811 [INFO]  Epoch[4] Validation-cross-entropy=0.006116
2024-03-19 16:15:38,812 [INFO]  Epoch[4] Validation-hours-per-week-accuracy=0.000000
2024-03-19 16:15:38,812 [INFO]  
========== done (4.398845672607422 s) fit model
2024-03-19 16:16:56,418 [INFO]  
========== start: fit model
2024-03-19 16:16:56,418 [WARNING]  Already bound, ignoring bind()
2024-03-19 16:16:56,880 [INFO]  Epoch[0] Batch [0-733]	Speed: 25552.28 samples/sec	cross-entropy=0.548508	hours-per-week-accuracy=3.156676
2024-03-19 16:16:57,290 [INFO]  Epoch[0] Train-cross-entropy=0.058030
2024-03-19 16:16:57,290 [INFO]  Epoch[0] Train-hours-per-week-accuracy=3.086066
2024-03-19 16:16:57,290 [INFO]  Epoch[0] Time cost=0.871
2024-03-19 16:16:57,291 [INFO]  Saved checkpoint to "./imputer_model/imputer_model_hours-per-week/model-0000.params"
2024-03-19 16:16:57,330 [INFO]  Epoch[0] Validation-cross-entropy=0.110877
2024-03-19 16:16:57,330 [INFO]  Epoch[0] Validation-hours-per-week-accuracy=0.000000
2024-03-19 16:16:57,742 [INFO]  Epoch[1] Batch [0-733]	Speed: 28550.15 samples/sec	cross-entropy=0.120752	hours-per-week-accuracy=3.156676
2024-03-19 16:16:58,159 [INFO]  Epoch[1] Train-cross-entropy=0.019042
2024-03-19 16:16:58,159 [INFO]  Epoch[1] Train-hours-per-week-accuracy=3.086066
2024-03-19 16:16:58,159 [INFO]  Epoch[1] Time cost=0.829
2024-03-19 16:16:58,161 [INFO]  Saved checkpoint to "./imputer_model/imputer_model_hours-per-week/model-0001.params"
2024-03-19 16:16:58,199 [INFO]  Epoch[1] Validation-cross-entropy=0.020863
2024-03-19 16:16:58,199 [INFO]  Epoch[1] Validation-hours-per-week-accuracy=0.000000
2024-03-19 16:16:58,608 [INFO]  Epoch[2] Batch [0-733]	Speed: 28733.11 samples/sec	cross-entropy=0.029832	hours-per-week-accuracy=3.156676
2024-03-19 16:16:59,021 [INFO]  Epoch[2] Train-cross-entropy=0.025102
2024-03-19 16:16:59,022 [INFO]  Epoch[2] Train-hours-per-week-accuracy=3.086066
2024-03-19 16:16:59,022 [INFO]  Epoch[2] Time cost=0.822
2024-03-19 16:16:59,023 [INFO]  Saved checkpoint to "./imputer_model/imputer_model_hours-per-week/model-0002.params"
2024-03-19 16:16:59,062 [INFO]  Epoch[2] Validation-cross-entropy=0.010566
2024-03-19 16:16:59,062 [INFO]  Epoch[2] Validation-hours-per-week-accuracy=0.000000
2024-03-19 16:16:59,476 [INFO]  Epoch[3] Batch [0-733]	Speed: 28386.42 samples/sec	cross-entropy=0.031332	hours-per-week-accuracy=3.156676
2024-03-19 16:16:59,889 [INFO]  Epoch[3] Train-cross-entropy=0.015648
2024-03-19 16:16:59,889 [INFO]  Epoch[3] Train-hours-per-week-accuracy=3.086066
2024-03-19 16:16:59,889 [INFO]  Epoch[3] Time cost=0.827
2024-03-19 16:16:59,891 [INFO]  Saved checkpoint to "./imputer_model/imputer_model_hours-per-week/model-0003.params"
2024-03-19 16:16:59,929 [INFO]  Epoch[3] Validation-cross-entropy=0.012166
2024-03-19 16:16:59,929 [INFO]  Epoch[3] Validation-hours-per-week-accuracy=0.000000
2024-03-19 16:17:00,349 [INFO]  Epoch[4] Batch [0-733]	Speed: 28014.91 samples/sec	cross-entropy=0.017061	hours-per-week-accuracy=3.156676
2024-03-19 16:17:00,757 [INFO]  Epoch[4] Train-cross-entropy=0.024352
2024-03-19 16:17:00,757 [INFO]  Epoch[4] Train-hours-per-week-accuracy=3.086066
2024-03-19 16:17:00,757 [INFO]  Epoch[4] Time cost=0.828
2024-03-19 16:17:00,758 [INFO]  Saved checkpoint to "./imputer_model/imputer_model_hours-per-week/model-0004.params"
2024-03-19 16:17:00,797 [INFO]  Epoch[4] Validation-cross-entropy=0.013089
2024-03-19 16:17:00,797 [INFO]  Epoch[4] Validation-hours-per-week-accuracy=0.000000
2024-03-19 16:17:00,797 [INFO]  
========== done (4.378853797912598 s) fit model
2024-03-19 16:18:20,231 [INFO]  
========== start: fit model
2024-03-19 16:18:20,231 [WARNING]  Already bound, ignoring bind()
2024-03-19 16:18:20,747 [INFO]  Epoch[0] Batch [0-733]	Speed: 22815.53 samples/sec	cross-entropy=0.484337	hours-per-week-accuracy=3.183924
2024-03-19 16:18:21,162 [INFO]  Epoch[0] Train-cross-entropy=0.048869
2024-03-19 16:18:21,162 [INFO]  Epoch[0] Train-hours-per-week-accuracy=3.187158
2024-03-19 16:18:21,162 [INFO]  Epoch[0] Time cost=0.931
2024-03-19 16:18:21,164 [INFO]  Saved checkpoint to "./imputer_model/imputer_model_hours-per-week/model-0000.params"
2024-03-19 16:18:21,202 [INFO]  Epoch[0] Validation-cross-entropy=0.025236
2024-03-19 16:18:21,202 [INFO]  Epoch[0] Validation-hours-per-week-accuracy=0.000000
2024-03-19 16:18:21,639 [INFO]  Epoch[1] Batch [0-733]	Speed: 26895.19 samples/sec	cross-entropy=0.066207	hours-per-week-accuracy=3.183924
2024-03-19 16:18:22,075 [INFO]  Epoch[1] Train-cross-entropy=0.026882
2024-03-19 16:18:22,076 [INFO]  Epoch[1] Train-hours-per-week-accuracy=3.187158
2024-03-19 16:18:22,076 [INFO]  Epoch[1] Time cost=0.873
2024-03-19 16:18:22,077 [INFO]  Saved checkpoint to "./imputer_model/imputer_model_hours-per-week/model-0001.params"
2024-03-19 16:18:22,125 [INFO]  Epoch[1] Validation-cross-entropy=0.028976
2024-03-19 16:18:22,125 [INFO]  Epoch[1] Validation-hours-per-week-accuracy=0.000000
2024-03-19 16:18:22,625 [INFO]  Epoch[2] Batch [0-733]	Speed: 23486.26 samples/sec	cross-entropy=0.020406	hours-per-week-accuracy=3.183924
2024-03-19 16:18:23,040 [INFO]  Epoch[2] Train-cross-entropy=0.034408
2024-03-19 16:18:23,040 [INFO]  Epoch[2] Train-hours-per-week-accuracy=3.187158
2024-03-19 16:18:23,040 [INFO]  Epoch[2] Time cost=0.915
2024-03-19 16:18:23,042 [INFO]  Saved checkpoint to "./imputer_model/imputer_model_hours-per-week/model-0002.params"
2024-03-19 16:18:23,080 [INFO]  Epoch[2] Validation-cross-entropy=0.062034
2024-03-19 16:18:23,080 [INFO]  Epoch[2] Validation-hours-per-week-accuracy=0.000000
2024-03-19 16:18:23,512 [INFO]  Epoch[3] Batch [0-733]	Speed: 27226.30 samples/sec	cross-entropy=0.017091	hours-per-week-accuracy=3.183924
2024-03-19 16:18:23,920 [INFO]  Epoch[3] Train-cross-entropy=0.033791
2024-03-19 16:18:23,920 [INFO]  Epoch[3] Train-hours-per-week-accuracy=3.187158
2024-03-19 16:18:23,920 [INFO]  Epoch[3] Time cost=0.840
2024-03-19 16:18:23,922 [INFO]  Saved checkpoint to "./imputer_model/imputer_model_hours-per-week/model-0003.params"
2024-03-19 16:18:23,960 [INFO]  Epoch[3] Validation-cross-entropy=0.062221
2024-03-19 16:18:23,960 [INFO]  Epoch[3] Validation-hours-per-week-accuracy=0.000000
2024-03-19 16:18:24,375 [INFO]  Epoch[4] Batch [0-733]	Speed: 28344.12 samples/sec	cross-entropy=0.009538	hours-per-week-accuracy=3.183924
2024-03-19 16:18:24,849 [INFO]  Epoch[4] Train-cross-entropy=0.009476
2024-03-19 16:18:24,849 [INFO]  Epoch[4] Train-hours-per-week-accuracy=3.187158
2024-03-19 16:18:24,849 [INFO]  Epoch[4] Time cost=0.888
2024-03-19 16:18:24,850 [INFO]  Saved checkpoint to "./imputer_model/imputer_model_hours-per-week/model-0004.params"
2024-03-19 16:18:24,898 [INFO]  Epoch[4] Validation-cross-entropy=0.034435
2024-03-19 16:18:24,898 [INFO]  Epoch[4] Validation-hours-per-week-accuracy=0.000000
2024-03-19 16:18:24,898 [INFO]  
========== done (4.667601585388184 s) fit model
2024-03-19 16:19:44,398 [INFO]  
========== start: fit model
2024-03-19 16:19:44,398 [WARNING]  Already bound, ignoring bind()
2024-03-19 16:19:44,815 [INFO]  Epoch[0] Batch [0-733]	Speed: 28307.32 samples/sec	cross-entropy=0.490945	hours-per-week-accuracy=3.196185
2024-03-19 16:19:45,222 [INFO]  Epoch[0] Train-cross-entropy=0.065371
2024-03-19 16:19:45,222 [INFO]  Epoch[0] Train-hours-per-week-accuracy=3.217213
2024-03-19 16:19:45,222 [INFO]  Epoch[0] Time cost=0.823
2024-03-19 16:19:45,224 [INFO]  Saved checkpoint to "./imputer_model/imputer_model_hours-per-week/model-0000.params"
2024-03-19 16:19:45,263 [INFO]  Epoch[0] Validation-cross-entropy=0.054562
2024-03-19 16:19:45,263 [INFO]  Epoch[0] Validation-hours-per-week-accuracy=0.000000
2024-03-19 16:19:45,704 [INFO]  Epoch[1] Batch [0-733]	Speed: 26604.66 samples/sec	cross-entropy=0.058295	hours-per-week-accuracy=3.196185
2024-03-19 16:19:46,142 [INFO]  Epoch[1] Train-cross-entropy=0.022727
2024-03-19 16:19:46,142 [INFO]  Epoch[1] Train-hours-per-week-accuracy=3.217213
2024-03-19 16:19:46,142 [INFO]  Epoch[1] Time cost=0.880
2024-03-19 16:19:46,144 [INFO]  Saved checkpoint to "./imputer_model/imputer_model_hours-per-week/model-0001.params"
2024-03-19 16:19:46,183 [INFO]  Epoch[1] Validation-cross-entropy=0.035868
2024-03-19 16:19:46,183 [INFO]  Epoch[1] Validation-hours-per-week-accuracy=0.000000
2024-03-19 16:19:46,603 [INFO]  Epoch[2] Batch [0-733]	Speed: 27933.64 samples/sec	cross-entropy=0.044340	hours-per-week-accuracy=3.196185
2024-03-19 16:19:47,054 [INFO]  Epoch[2] Train-cross-entropy=0.027258
2024-03-19 16:19:47,054 [INFO]  Epoch[2] Train-hours-per-week-accuracy=3.217213
2024-03-19 16:19:47,054 [INFO]  Epoch[2] Time cost=0.872
2024-03-19 16:19:47,056 [INFO]  Saved checkpoint to "./imputer_model/imputer_model_hours-per-week/model-0002.params"
2024-03-19 16:19:47,106 [INFO]  Epoch[2] Validation-cross-entropy=0.008445
2024-03-19 16:19:47,106 [INFO]  Epoch[2] Validation-hours-per-week-accuracy=0.000000
2024-03-19 16:19:47,623 [INFO]  Epoch[3] Batch [0-733]	Speed: 22715.98 samples/sec	cross-entropy=0.013381	hours-per-week-accuracy=3.196185
2024-03-19 16:19:48,028 [INFO]  Epoch[3] Train-cross-entropy=0.010613
2024-03-19 16:19:48,029 [INFO]  Epoch[3] Train-hours-per-week-accuracy=3.217213
2024-03-19 16:19:48,029 [INFO]  Epoch[3] Time cost=0.923
2024-03-19 16:19:48,030 [INFO]  Saved checkpoint to "./imputer_model/imputer_model_hours-per-week/model-0003.params"
2024-03-19 16:19:48,070 [INFO]  Epoch[3] Validation-cross-entropy=0.040056
2024-03-19 16:19:48,070 [INFO]  Epoch[3] Validation-hours-per-week-accuracy=0.000000
2024-03-19 16:19:48,479 [INFO]  Epoch[4] Batch [0-733]	Speed: 28755.95 samples/sec	cross-entropy=0.023376	hours-per-week-accuracy=3.196185
2024-03-19 16:19:48,884 [INFO]  Epoch[4] Train-cross-entropy=0.006343
2024-03-19 16:19:48,884 [INFO]  Epoch[4] Train-hours-per-week-accuracy=3.217213
2024-03-19 16:19:48,884 [INFO]  Epoch[4] Time cost=0.814
2024-03-19 16:19:48,886 [INFO]  Saved checkpoint to "./imputer_model/imputer_model_hours-per-week/model-0004.params"
2024-03-19 16:19:48,925 [INFO]  Epoch[4] Validation-cross-entropy=0.009435
2024-03-19 16:19:48,925 [INFO]  Epoch[4] Validation-hours-per-week-accuracy=0.000000
2024-03-19 16:19:48,925 [INFO]  
========== done (4.526595830917358 s) fit model
2024-03-19 16:21:08,136 [INFO]  
========== start: fit model
2024-03-19 16:21:08,136 [WARNING]  Already bound, ignoring bind()
2024-03-19 16:21:08,555 [INFO]  Epoch[0] Batch [0-733]	Speed: 28160.47 samples/sec	cross-entropy=0.490134	hours-per-week-accuracy=3.200272
2024-03-19 16:21:08,990 [INFO]  Epoch[0] Train-cross-entropy=0.038812
2024-03-19 16:21:08,990 [INFO]  Epoch[0] Train-hours-per-week-accuracy=3.129781
2024-03-19 16:21:08,990 [INFO]  Epoch[0] Time cost=0.853
2024-03-19 16:21:08,992 [INFO]  Saved checkpoint to "./imputer_model/imputer_model_hours-per-week/model-0000.params"
2024-03-19 16:21:09,029 [INFO]  Epoch[0] Validation-cross-entropy=0.030040
2024-03-19 16:21:09,029 [INFO]  Epoch[0] Validation-hours-per-week-accuracy=0.000000
2024-03-19 16:21:09,446 [INFO]  Epoch[1] Batch [0-733]	Speed: 28140.17 samples/sec	cross-entropy=0.033786	hours-per-week-accuracy=3.200272
2024-03-19 16:21:09,854 [INFO]  Epoch[1] Train-cross-entropy=0.026688
2024-03-19 16:21:09,855 [INFO]  Epoch[1] Train-hours-per-week-accuracy=3.129781
2024-03-19 16:21:09,855 [INFO]  Epoch[1] Time cost=0.826
2024-03-19 16:21:09,856 [INFO]  Saved checkpoint to "./imputer_model/imputer_model_hours-per-week/model-0001.params"
2024-03-19 16:21:09,893 [INFO]  Epoch[1] Validation-cross-entropy=0.027872
2024-03-19 16:21:09,893 [INFO]  Epoch[1] Validation-hours-per-week-accuracy=0.000000
2024-03-19 16:21:10,387 [INFO]  Epoch[2] Batch [0-733]	Speed: 23769.49 samples/sec	cross-entropy=0.020534	hours-per-week-accuracy=3.200272
2024-03-19 16:21:10,807 [INFO]  Epoch[2] Train-cross-entropy=0.024257
2024-03-19 16:21:10,807 [INFO]  Epoch[2] Train-hours-per-week-accuracy=3.129781
2024-03-19 16:21:10,807 [INFO]  Epoch[2] Time cost=0.914
2024-03-19 16:21:10,809 [INFO]  Saved checkpoint to "./imputer_model/imputer_model_hours-per-week/model-0002.params"
2024-03-19 16:21:10,846 [INFO]  Epoch[2] Validation-cross-entropy=0.012635
2024-03-19 16:21:10,846 [INFO]  Epoch[2] Validation-hours-per-week-accuracy=0.000000
2024-03-19 16:21:11,259 [INFO]  Epoch[3] Batch [0-733]	Speed: 28463.88 samples/sec	cross-entropy=0.012329	hours-per-week-accuracy=3.200272
2024-03-19 16:21:11,669 [INFO]  Epoch[3] Train-cross-entropy=0.028028
2024-03-19 16:21:11,669 [INFO]  Epoch[3] Train-hours-per-week-accuracy=3.129781
2024-03-19 16:21:11,670 [INFO]  Epoch[3] Time cost=0.823
2024-03-19 16:21:11,671 [INFO]  Saved checkpoint to "./imputer_model/imputer_model_hours-per-week/model-0003.params"
2024-03-19 16:21:11,713 [INFO]  Epoch[3] Validation-cross-entropy=0.002995
2024-03-19 16:21:11,713 [INFO]  Epoch[3] Validation-hours-per-week-accuracy=0.000000
2024-03-19 16:21:12,145 [INFO]  Epoch[4] Batch [0-733]	Speed: 27229.27 samples/sec	cross-entropy=0.007249	hours-per-week-accuracy=3.200272
2024-03-19 16:21:12,556 [INFO]  Epoch[4] Train-cross-entropy=0.022098
2024-03-19 16:21:12,556 [INFO]  Epoch[4] Train-hours-per-week-accuracy=3.129781
2024-03-19 16:21:12,556 [INFO]  Epoch[4] Time cost=0.843
2024-03-19 16:21:12,557 [INFO]  Saved checkpoint to "./imputer_model/imputer_model_hours-per-week/model-0004.params"
2024-03-19 16:21:12,595 [INFO]  Epoch[4] Validation-cross-entropy=0.003535
2024-03-19 16:21:12,595 [INFO]  Epoch[4] Validation-hours-per-week-accuracy=0.000000
2024-03-19 16:21:12,595 [INFO]  
========== done (4.459151983261108 s) fit model
2024-03-19 16:22:30,728 [INFO]  
========== start: fit model
2024-03-19 16:22:30,728 [WARNING]  Already bound, ignoring bind()
2024-03-19 16:22:31,223 [INFO]  Epoch[0] Batch [0-733]	Speed: 23790.82 samples/sec	cross-entropy=0.578254	hours-per-week-accuracy=3.117166
2024-03-19 16:22:31,632 [INFO]  Epoch[0] Train-cross-entropy=0.060465
2024-03-19 16:22:31,632 [INFO]  Epoch[0] Train-hours-per-week-accuracy=3.196721
2024-03-19 16:22:31,632 [INFO]  Epoch[0] Time cost=0.904
2024-03-19 16:22:31,634 [INFO]  Saved checkpoint to "./imputer_model/imputer_model_hours-per-week/model-0000.params"
2024-03-19 16:22:31,672 [INFO]  Epoch[0] Validation-cross-entropy=0.043319
2024-03-19 16:22:31,672 [INFO]  Epoch[0] Validation-hours-per-week-accuracy=0.000000
2024-03-19 16:22:32,084 [INFO]  Epoch[1] Batch [0-733]	Speed: 28524.66 samples/sec	cross-entropy=0.093630	hours-per-week-accuracy=3.117166
2024-03-19 16:22:32,510 [INFO]  Epoch[1] Train-cross-entropy=0.015651
2024-03-19 16:22:32,510 [INFO]  Epoch[1] Train-hours-per-week-accuracy=3.196721
2024-03-19 16:22:32,510 [INFO]  Epoch[1] Time cost=0.838
2024-03-19 16:22:32,512 [INFO]  Saved checkpoint to "./imputer_model/imputer_model_hours-per-week/model-0001.params"
2024-03-19 16:22:32,550 [INFO]  Epoch[1] Validation-cross-entropy=0.019545
2024-03-19 16:22:32,550 [INFO]  Epoch[1] Validation-hours-per-week-accuracy=0.000000
2024-03-19 16:22:32,957 [INFO]  Epoch[2] Batch [0-733]	Speed: 28864.71 samples/sec	cross-entropy=0.043319	hours-per-week-accuracy=3.117166
2024-03-19 16:22:33,363 [INFO]  Epoch[2] Train-cross-entropy=0.010552
2024-03-19 16:22:33,363 [INFO]  Epoch[2] Train-hours-per-week-accuracy=3.196721
2024-03-19 16:22:33,363 [INFO]  Epoch[2] Time cost=0.813
2024-03-19 16:22:33,365 [INFO]  Saved checkpoint to "./imputer_model/imputer_model_hours-per-week/model-0002.params"
2024-03-19 16:22:33,403 [INFO]  Epoch[2] Validation-cross-entropy=0.008597
2024-03-19 16:22:33,403 [INFO]  Epoch[2] Validation-hours-per-week-accuracy=0.000000
2024-03-19 16:22:33,813 [INFO]  Epoch[3] Batch [0-733]	Speed: 28645.00 samples/sec	cross-entropy=0.030437	hours-per-week-accuracy=3.117166
2024-03-19 16:22:34,260 [INFO]  Epoch[3] Train-cross-entropy=0.014460
2024-03-19 16:22:34,261 [INFO]  Epoch[3] Train-hours-per-week-accuracy=3.196721
2024-03-19 16:22:34,261 [INFO]  Epoch[3] Time cost=0.858
2024-03-19 16:22:34,262 [INFO]  Saved checkpoint to "./imputer_model/imputer_model_hours-per-week/model-0003.params"
2024-03-19 16:22:34,300 [INFO]  Epoch[3] Validation-cross-entropy=0.009454
2024-03-19 16:22:34,300 [INFO]  Epoch[3] Validation-hours-per-week-accuracy=0.000000
2024-03-19 16:22:34,707 [INFO]  Epoch[4] Batch [0-733]	Speed: 28876.35 samples/sec	cross-entropy=0.019105	hours-per-week-accuracy=3.117166
2024-03-19 16:22:35,170 [INFO]  Epoch[4] Train-cross-entropy=0.008236
2024-03-19 16:22:35,170 [INFO]  Epoch[4] Train-hours-per-week-accuracy=3.196721
2024-03-19 16:22:35,170 [INFO]  Epoch[4] Time cost=0.870
2024-03-19 16:22:35,172 [INFO]  Saved checkpoint to "./imputer_model/imputer_model_hours-per-week/model-0004.params"
2024-03-19 16:22:35,209 [INFO]  Epoch[4] Validation-cross-entropy=0.003694
2024-03-19 16:22:35,210 [INFO]  Epoch[4] Validation-hours-per-week-accuracy=0.000000
2024-03-19 16:22:35,210 [INFO]  
========== done (4.482105731964111 s) fit model
2024-03-19 16:23:53,824 [INFO]  
========== start: fit model
2024-03-19 16:23:53,824 [WARNING]  Already bound, ignoring bind()
2024-03-19 16:23:54,374 [INFO]  Epoch[0] Batch [0-733]	Speed: 21417.05 samples/sec	cross-entropy=0.409663	hours-per-week-accuracy=3.159401
2024-03-19 16:23:54,787 [INFO]  Epoch[0] Train-cross-entropy=0.110271
2024-03-19 16:23:54,787 [INFO]  Epoch[0] Train-hours-per-week-accuracy=3.177596
2024-03-19 16:23:54,787 [INFO]  Epoch[0] Time cost=0.962
2024-03-19 16:23:54,789 [INFO]  Saved checkpoint to "./imputer_model/imputer_model_hours-per-week/model-0000.params"
2024-03-19 16:23:54,837 [INFO]  Epoch[0] Validation-cross-entropy=0.022519
2024-03-19 16:23:54,837 [INFO]  Epoch[0] Validation-hours-per-week-accuracy=0.000000
2024-03-19 16:23:55,291 [INFO]  Epoch[1] Batch [0-733]	Speed: 25890.68 samples/sec	cross-entropy=0.026496	hours-per-week-accuracy=3.159401
2024-03-19 16:23:55,723 [INFO]  Epoch[1] Train-cross-entropy=0.018262
2024-03-19 16:23:55,724 [INFO]  Epoch[1] Train-hours-per-week-accuracy=3.177596
2024-03-19 16:23:55,724 [INFO]  Epoch[1] Time cost=0.886
2024-03-19 16:23:55,725 [INFO]  Saved checkpoint to "./imputer_model/imputer_model_hours-per-week/model-0001.params"
2024-03-19 16:23:55,763 [INFO]  Epoch[1] Validation-cross-entropy=0.018880
2024-03-19 16:23:55,763 [INFO]  Epoch[1] Validation-hours-per-week-accuracy=0.000000
2024-03-19 16:23:56,174 [INFO]  Epoch[2] Batch [0-733]	Speed: 28643.85 samples/sec	cross-entropy=0.043973	hours-per-week-accuracy=3.159401
2024-03-19 16:23:56,582 [INFO]  Epoch[2] Train-cross-entropy=0.012979
2024-03-19 16:23:56,582 [INFO]  Epoch[2] Train-hours-per-week-accuracy=3.177596
2024-03-19 16:23:56,582 [INFO]  Epoch[2] Time cost=0.819
2024-03-19 16:23:56,583 [INFO]  Saved checkpoint to "./imputer_model/imputer_model_hours-per-week/model-0002.params"
2024-03-19 16:23:56,622 [INFO]  Epoch[2] Validation-cross-entropy=0.003769
2024-03-19 16:23:56,622 [INFO]  Epoch[2] Validation-hours-per-week-accuracy=0.000000
2024-03-19 16:23:57,028 [INFO]  Epoch[3] Batch [0-733]	Speed: 28954.75 samples/sec	cross-entropy=0.009726	hours-per-week-accuracy=3.159401
2024-03-19 16:23:57,436 [INFO]  Epoch[3] Train-cross-entropy=0.034897
2024-03-19 16:23:57,436 [INFO]  Epoch[3] Train-hours-per-week-accuracy=3.177596
2024-03-19 16:23:57,436 [INFO]  Epoch[3] Time cost=0.814
2024-03-19 16:23:57,438 [INFO]  Saved checkpoint to "./imputer_model/imputer_model_hours-per-week/model-0003.params"
2024-03-19 16:23:57,476 [INFO]  Epoch[3] Validation-cross-entropy=0.001906
2024-03-19 16:23:57,476 [INFO]  Epoch[3] Validation-hours-per-week-accuracy=0.000000
2024-03-19 16:23:57,903 [INFO]  Epoch[4] Batch [0-733]	Speed: 27541.18 samples/sec	cross-entropy=0.005571	hours-per-week-accuracy=3.159401
2024-03-19 16:23:58,345 [INFO]  Epoch[4] Train-cross-entropy=0.009925
2024-03-19 16:23:58,345 [INFO]  Epoch[4] Train-hours-per-week-accuracy=3.177596
2024-03-19 16:23:58,345 [INFO]  Epoch[4] Time cost=0.869
2024-03-19 16:23:58,346 [INFO]  Saved checkpoint to "./imputer_model/imputer_model_hours-per-week/model-0004.params"
2024-03-19 16:23:58,384 [INFO]  Epoch[4] Validation-cross-entropy=0.009627
2024-03-19 16:23:58,384 [INFO]  Epoch[4] Validation-hours-per-week-accuracy=0.000000
2024-03-19 16:23:58,385 [INFO]  
========== done (4.560962438583374 s) fit model
2024-03-19 16:25:17,392 [INFO]  
========== start: fit model
2024-03-19 16:25:17,393 [WARNING]  Already bound, ignoring bind()
2024-03-19 16:25:17,832 [INFO]  Epoch[0] Batch [0-733]	Speed: 26846.67 samples/sec	cross-entropy=0.471713	hours-per-week-accuracy=3.211172
2024-03-19 16:25:18,270 [INFO]  Epoch[0] Train-cross-entropy=0.056016
2024-03-19 16:25:18,270 [INFO]  Epoch[0] Train-hours-per-week-accuracy=3.158470
2024-03-19 16:25:18,270 [INFO]  Epoch[0] Time cost=0.877
2024-03-19 16:25:18,272 [INFO]  Saved checkpoint to "./imputer_model/imputer_model_hours-per-week/model-0000.params"
2024-03-19 16:25:18,319 [INFO]  Epoch[0] Validation-cross-entropy=0.057515
2024-03-19 16:25:18,320 [INFO]  Epoch[0] Validation-hours-per-week-accuracy=0.000000
2024-03-19 16:25:18,825 [INFO]  Epoch[1] Batch [0-733]	Speed: 23231.95 samples/sec	cross-entropy=0.068495	hours-per-week-accuracy=3.211172
2024-03-19 16:25:19,234 [INFO]  Epoch[1] Train-cross-entropy=0.018531
2024-03-19 16:25:19,234 [INFO]  Epoch[1] Train-hours-per-week-accuracy=3.158470
2024-03-19 16:25:19,234 [INFO]  Epoch[1] Time cost=0.914
2024-03-19 16:25:19,235 [INFO]  Saved checkpoint to "./imputer_model/imputer_model_hours-per-week/model-0001.params"
2024-03-19 16:25:19,274 [INFO]  Epoch[1] Validation-cross-entropy=0.016631
2024-03-19 16:25:19,274 [INFO]  Epoch[1] Validation-hours-per-week-accuracy=0.000000
2024-03-19 16:25:19,701 [INFO]  Epoch[2] Batch [0-733]	Speed: 27520.64 samples/sec	cross-entropy=0.037060	hours-per-week-accuracy=3.211172
2024-03-19 16:25:20,109 [INFO]  Epoch[2] Train-cross-entropy=0.018968
2024-03-19 16:25:20,110 [INFO]  Epoch[2] Train-hours-per-week-accuracy=3.158470
2024-03-19 16:25:20,110 [INFO]  Epoch[2] Time cost=0.835
2024-03-19 16:25:20,111 [INFO]  Saved checkpoint to "./imputer_model/imputer_model_hours-per-week/model-0002.params"
2024-03-19 16:25:20,150 [INFO]  Epoch[2] Validation-cross-entropy=0.008357
2024-03-19 16:25:20,150 [INFO]  Epoch[2] Validation-hours-per-week-accuracy=0.000000
2024-03-19 16:25:20,560 [INFO]  Epoch[3] Batch [0-733]	Speed: 28653.03 samples/sec	cross-entropy=0.021341	hours-per-week-accuracy=3.211172
2024-03-19 16:25:20,969 [INFO]  Epoch[3] Train-cross-entropy=0.011208
2024-03-19 16:25:20,969 [INFO]  Epoch[3] Train-hours-per-week-accuracy=3.158470
2024-03-19 16:25:20,969 [INFO]  Epoch[3] Time cost=0.819
2024-03-19 16:25:20,971 [INFO]  Saved checkpoint to "./imputer_model/imputer_model_hours-per-week/model-0003.params"
2024-03-19 16:25:21,009 [INFO]  Epoch[3] Validation-cross-entropy=0.005514
2024-03-19 16:25:21,009 [INFO]  Epoch[3] Validation-hours-per-week-accuracy=0.000000
2024-03-19 16:25:21,421 [INFO]  Epoch[4] Batch [0-733]	Speed: 28508.41 samples/sec	cross-entropy=0.014166	hours-per-week-accuracy=3.211172
2024-03-19 16:25:21,836 [INFO]  Epoch[4] Train-cross-entropy=0.011746
2024-03-19 16:25:21,836 [INFO]  Epoch[4] Train-hours-per-week-accuracy=3.158470
2024-03-19 16:25:21,836 [INFO]  Epoch[4] Time cost=0.827
2024-03-19 16:25:21,838 [INFO]  Saved checkpoint to "./imputer_model/imputer_model_hours-per-week/model-0004.params"
2024-03-19 16:25:21,879 [INFO]  Epoch[4] Validation-cross-entropy=0.008722
2024-03-19 16:25:21,879 [INFO]  Epoch[4] Validation-hours-per-week-accuracy=0.000000
2024-03-19 16:25:21,879 [INFO]  
========== done (4.486295938491821 s) fit model
2024-03-19 16:26:39,676 [INFO]  
========== start: fit model
2024-03-19 16:26:39,677 [WARNING]  Already bound, ignoring bind()
2024-03-19 16:26:40,091 [INFO]  Epoch[0] Batch [0-733]	Speed: 28475.48 samples/sec	cross-entropy=0.747567	hours-per-week-accuracy=0.000000
2024-03-19 16:26:40,505 [INFO]  Epoch[0] Train-cross-entropy=0.036201
2024-03-19 16:26:40,505 [INFO]  Epoch[0] Train-hours-per-week-accuracy=0.000000
2024-03-19 16:26:40,505 [INFO]  Epoch[0] Time cost=0.828
2024-03-19 16:26:40,507 [INFO]  Saved checkpoint to "./imputer_model/imputer_model_hours-per-week/model-0000.params"
2024-03-19 16:26:40,546 [INFO]  Epoch[0] Validation-cross-entropy=0.030463
2024-03-19 16:26:40,546 [INFO]  Epoch[0] Validation-hours-per-week-accuracy=0.000000
2024-03-19 16:26:40,963 [INFO]  Epoch[1] Batch [0-733]	Speed: 28181.51 samples/sec	cross-entropy=0.018765	hours-per-week-accuracy=0.000000
2024-03-19 16:26:41,370 [INFO]  Epoch[1] Train-cross-entropy=0.014880
2024-03-19 16:26:41,370 [INFO]  Epoch[1] Train-hours-per-week-accuracy=0.000000
2024-03-19 16:26:41,370 [INFO]  Epoch[1] Time cost=0.824
2024-03-19 16:26:41,371 [INFO]  Saved checkpoint to "./imputer_model/imputer_model_hours-per-week/model-0001.params"
2024-03-19 16:26:41,409 [INFO]  Epoch[1] Validation-cross-entropy=0.010864
2024-03-19 16:26:41,409 [INFO]  Epoch[1] Validation-hours-per-week-accuracy=0.000000
2024-03-19 16:26:41,816 [INFO]  Epoch[2] Batch [0-733]	Speed: 28892.51 samples/sec	cross-entropy=0.076919	hours-per-week-accuracy=0.000000
2024-03-19 16:26:42,233 [INFO]  Epoch[2] Train-cross-entropy=0.018543
2024-03-19 16:26:42,233 [INFO]  Epoch[2] Train-hours-per-week-accuracy=0.000000
2024-03-19 16:26:42,233 [INFO]  Epoch[2] Time cost=0.823
2024-03-19 16:26:42,234 [INFO]  Saved checkpoint to "./imputer_model/imputer_model_hours-per-week/model-0002.params"
2024-03-19 16:26:42,272 [INFO]  Epoch[2] Validation-cross-entropy=0.003114
2024-03-19 16:26:42,272 [INFO]  Epoch[2] Validation-hours-per-week-accuracy=0.000000
2024-03-19 16:26:42,678 [INFO]  Epoch[3] Batch [0-733]	Speed: 28962.82 samples/sec	cross-entropy=0.017834	hours-per-week-accuracy=0.000000
2024-03-19 16:26:43,083 [INFO]  Epoch[3] Train-cross-entropy=0.008850
2024-03-19 16:26:43,083 [INFO]  Epoch[3] Train-hours-per-week-accuracy=0.000000
2024-03-19 16:26:43,083 [INFO]  Epoch[3] Time cost=0.810
2024-03-19 16:26:43,084 [INFO]  Saved checkpoint to "./imputer_model/imputer_model_hours-per-week/model-0003.params"
2024-03-19 16:26:43,130 [INFO]  Epoch[3] Validation-cross-entropy=0.012280
2024-03-19 16:26:43,131 [INFO]  Epoch[3] Validation-hours-per-week-accuracy=0.000000
2024-03-19 16:26:43,556 [INFO]  Epoch[4] Batch [0-733]	Speed: 27612.48 samples/sec	cross-entropy=0.024787	hours-per-week-accuracy=0.000000
2024-03-19 16:26:43,963 [INFO]  Epoch[4] Train-cross-entropy=0.012312
2024-03-19 16:26:43,963 [INFO]  Epoch[4] Train-hours-per-week-accuracy=0.000000
2024-03-19 16:26:43,963 [INFO]  Epoch[4] Time cost=0.832
2024-03-19 16:26:43,964 [INFO]  Saved checkpoint to "./imputer_model/imputer_model_hours-per-week/model-0004.params"
2024-03-19 16:26:44,002 [INFO]  Epoch[4] Validation-cross-entropy=0.003559
2024-03-19 16:26:44,002 [INFO]  Epoch[4] Validation-hours-per-week-accuracy=0.000000
2024-03-19 16:26:44,002 [INFO]  
========== done (4.325932025909424 s) fit model
2024-03-19 16:28:02,990 [INFO]  
========== start: fit model
2024-03-19 16:28:02,990 [WARNING]  Already bound, ignoring bind()
2024-03-19 16:28:03,455 [INFO]  Epoch[0] Batch [0-733]	Speed: 25360.73 samples/sec	cross-entropy=0.715688	hours-per-week-accuracy=3.256131
2024-03-19 16:28:03,864 [INFO]  Epoch[0] Train-cross-entropy=0.053607
2024-03-19 16:28:03,864 [INFO]  Epoch[0] Train-hours-per-week-accuracy=3.106557
2024-03-19 16:28:03,864 [INFO]  Epoch[0] Time cost=0.873
2024-03-19 16:28:03,866 [INFO]  Saved checkpoint to "./imputer_model/imputer_model_hours-per-week/model-0000.params"
2024-03-19 16:28:03,905 [INFO]  Epoch[0] Validation-cross-entropy=0.033154
2024-03-19 16:28:03,905 [INFO]  Epoch[0] Validation-hours-per-week-accuracy=0.000000
2024-03-19 16:28:04,325 [INFO]  Epoch[1] Batch [0-733]	Speed: 27985.08 samples/sec	cross-entropy=0.052975	hours-per-week-accuracy=3.256131
2024-03-19 16:28:04,754 [INFO]  Epoch[1] Train-cross-entropy=0.043347
2024-03-19 16:28:04,754 [INFO]  Epoch[1] Train-hours-per-week-accuracy=3.106557
2024-03-19 16:28:04,754 [INFO]  Epoch[1] Time cost=0.849
2024-03-19 16:28:04,755 [INFO]  Saved checkpoint to "./imputer_model/imputer_model_hours-per-week/model-0001.params"
2024-03-19 16:28:04,794 [INFO]  Epoch[1] Validation-cross-entropy=0.021685
2024-03-19 16:28:04,794 [INFO]  Epoch[1] Validation-hours-per-week-accuracy=0.000000
2024-03-19 16:28:05,204 [INFO]  Epoch[2] Batch [0-733]	Speed: 28640.56 samples/sec	cross-entropy=0.043086	hours-per-week-accuracy=3.256131
2024-03-19 16:28:05,642 [INFO]  Epoch[2] Train-cross-entropy=0.016127
2024-03-19 16:28:05,642 [INFO]  Epoch[2] Train-hours-per-week-accuracy=3.106557
2024-03-19 16:28:05,642 [INFO]  Epoch[2] Time cost=0.848
2024-03-19 16:28:05,643 [INFO]  Saved checkpoint to "./imputer_model/imputer_model_hours-per-week/model-0002.params"
2024-03-19 16:28:05,682 [INFO]  Epoch[2] Validation-cross-entropy=0.006258
2024-03-19 16:28:05,682 [INFO]  Epoch[2] Validation-hours-per-week-accuracy=0.000000
2024-03-19 16:28:06,092 [INFO]  Epoch[3] Batch [0-733]	Speed: 28682.81 samples/sec	cross-entropy=0.030432	hours-per-week-accuracy=3.256131
2024-03-19 16:28:06,526 [INFO]  Epoch[3] Train-cross-entropy=0.008488
2024-03-19 16:28:06,526 [INFO]  Epoch[3] Train-hours-per-week-accuracy=3.106557
2024-03-19 16:28:06,526 [INFO]  Epoch[3] Time cost=0.843
2024-03-19 16:28:06,527 [INFO]  Saved checkpoint to "./imputer_model/imputer_model_hours-per-week/model-0003.params"
2024-03-19 16:28:06,566 [INFO]  Epoch[3] Validation-cross-entropy=0.007006
2024-03-19 16:28:06,566 [INFO]  Epoch[3] Validation-hours-per-week-accuracy=0.000000
2024-03-19 16:28:06,976 [INFO]  Epoch[4] Batch [0-733]	Speed: 28636.96 samples/sec	cross-entropy=0.026973	hours-per-week-accuracy=3.256131
2024-03-19 16:28:07,412 [INFO]  Epoch[4] Train-cross-entropy=0.011478
2024-03-19 16:28:07,412 [INFO]  Epoch[4] Train-hours-per-week-accuracy=3.106557
2024-03-19 16:28:07,412 [INFO]  Epoch[4] Time cost=0.846
2024-03-19 16:28:07,413 [INFO]  Saved checkpoint to "./imputer_model/imputer_model_hours-per-week/model-0004.params"
2024-03-19 16:28:07,452 [INFO]  Epoch[4] Validation-cross-entropy=0.007589
2024-03-19 16:28:07,452 [INFO]  Epoch[4] Validation-hours-per-week-accuracy=0.000000
2024-03-19 16:28:07,452 [INFO]  
========== done (4.461956977844238 s) fit model
2024-03-19 16:29:25,453 [INFO]  
========== start: fit model
2024-03-19 16:29:25,454 [WARNING]  Already bound, ignoring bind()
2024-03-19 16:29:25,885 [INFO]  Epoch[0] Batch [0-733]	Speed: 27295.95 samples/sec	cross-entropy=0.550084	hours-per-week-accuracy=0.000000
2024-03-19 16:29:26,294 [INFO]  Epoch[0] Train-cross-entropy=0.124051
2024-03-19 16:29:26,294 [INFO]  Epoch[0] Train-hours-per-week-accuracy=0.000000
2024-03-19 16:29:26,294 [INFO]  Epoch[0] Time cost=0.839
2024-03-19 16:29:26,295 [INFO]  Saved checkpoint to "./imputer_model/imputer_model_hours-per-week/model-0000.params"
2024-03-19 16:29:26,334 [INFO]  Epoch[0] Validation-cross-entropy=0.043728
2024-03-19 16:29:26,334 [INFO]  Epoch[0] Validation-hours-per-week-accuracy=0.000000
2024-03-19 16:29:26,743 [INFO]  Epoch[1] Batch [0-733]	Speed: 28716.74 samples/sec	cross-entropy=0.030885	hours-per-week-accuracy=0.000000
2024-03-19 16:29:27,162 [INFO]  Epoch[1] Train-cross-entropy=0.036922
2024-03-19 16:29:27,162 [INFO]  Epoch[1] Train-hours-per-week-accuracy=0.000000
2024-03-19 16:29:27,162 [INFO]  Epoch[1] Time cost=0.829
2024-03-19 16:29:27,164 [INFO]  Saved checkpoint to "./imputer_model/imputer_model_hours-per-week/model-0001.params"
2024-03-19 16:29:27,202 [INFO]  Epoch[1] Validation-cross-entropy=0.050008
2024-03-19 16:29:27,202 [INFO]  Epoch[1] Validation-hours-per-week-accuracy=0.000000
2024-03-19 16:29:27,611 [INFO]  Epoch[2] Batch [0-733]	Speed: 28763.35 samples/sec	cross-entropy=0.032230	hours-per-week-accuracy=0.000000
2024-03-19 16:29:28,075 [INFO]  Epoch[2] Train-cross-entropy=0.048323
2024-03-19 16:29:28,075 [INFO]  Epoch[2] Train-hours-per-week-accuracy=0.000000
2024-03-19 16:29:28,075 [INFO]  Epoch[2] Time cost=0.873
2024-03-19 16:29:28,077 [INFO]  Saved checkpoint to "./imputer_model/imputer_model_hours-per-week/model-0002.params"
2024-03-19 16:29:28,120 [INFO]  Epoch[2] Validation-cross-entropy=0.034325
2024-03-19 16:29:28,120 [INFO]  Epoch[2] Validation-hours-per-week-accuracy=0.000000
2024-03-19 16:29:28,566 [INFO]  Epoch[3] Batch [0-733]	Speed: 26397.69 samples/sec	cross-entropy=0.011564	hours-per-week-accuracy=0.000000
2024-03-19 16:29:29,131 [INFO]  Epoch[3] Train-cross-entropy=0.023014
2024-03-19 16:29:29,131 [INFO]  Epoch[3] Train-hours-per-week-accuracy=0.000000
2024-03-19 16:29:29,131 [INFO]  Epoch[3] Time cost=1.011
2024-03-19 16:29:29,133 [INFO]  Saved checkpoint to "./imputer_model/imputer_model_hours-per-week/model-0003.params"
2024-03-19 16:29:29,181 [INFO]  Epoch[3] Validation-cross-entropy=0.042637
2024-03-19 16:29:29,181 [INFO]  Epoch[3] Validation-hours-per-week-accuracy=0.000000
2024-03-19 16:29:29,633 [INFO]  Epoch[4] Batch [0-733]	Speed: 26013.77 samples/sec	cross-entropy=0.014683	hours-per-week-accuracy=0.000000
2024-03-19 16:29:30,039 [INFO]  Epoch[4] Train-cross-entropy=0.018430
2024-03-19 16:29:30,039 [INFO]  Epoch[4] Train-hours-per-week-accuracy=0.000000
2024-03-19 16:29:30,039 [INFO]  Epoch[4] Time cost=0.858
2024-03-19 16:29:30,040 [INFO]  Saved checkpoint to "./imputer_model/imputer_model_hours-per-week/model-0004.params"
2024-03-19 16:29:30,078 [INFO]  Epoch[4] Validation-cross-entropy=0.007745
2024-03-19 16:29:30,078 [INFO]  Epoch[4] Validation-hours-per-week-accuracy=0.000000
2024-03-19 16:29:30,078 [INFO]  
========== done (4.625139236450195 s) fit model
2024-03-19 16:30:48,162 [INFO]  
========== start: fit model
2024-03-19 16:30:48,163 [WARNING]  Already bound, ignoring bind()
2024-03-19 16:30:48,628 [INFO]  Epoch[0] Batch [0-733]	Speed: 25332.97 samples/sec	cross-entropy=0.317745	hours-per-week-accuracy=3.145777
2024-03-19 16:30:49,042 [INFO]  Epoch[0] Train-cross-entropy=0.043127
2024-03-19 16:30:49,042 [INFO]  Epoch[0] Train-hours-per-week-accuracy=3.181694
2024-03-19 16:30:49,042 [INFO]  Epoch[0] Time cost=0.879
2024-03-19 16:30:49,045 [INFO]  Saved checkpoint to "./imputer_model/imputer_model_hours-per-week/model-0000.params"
2024-03-19 16:30:49,088 [INFO]  Epoch[0] Validation-cross-entropy=0.034591
2024-03-19 16:30:49,088 [INFO]  Epoch[0] Validation-hours-per-week-accuracy=0.000000
2024-03-19 16:30:49,497 [INFO]  Epoch[1] Batch [0-733]	Speed: 28701.44 samples/sec	cross-entropy=0.042091	hours-per-week-accuracy=3.145777
2024-03-19 16:30:49,904 [INFO]  Epoch[1] Train-cross-entropy=0.019235
2024-03-19 16:30:49,904 [INFO]  Epoch[1] Train-hours-per-week-accuracy=3.181694
2024-03-19 16:30:49,904 [INFO]  Epoch[1] Time cost=0.816
2024-03-19 16:30:49,905 [INFO]  Saved checkpoint to "./imputer_model/imputer_model_hours-per-week/model-0001.params"
2024-03-19 16:30:49,944 [INFO]  Epoch[1] Validation-cross-entropy=0.026403
2024-03-19 16:30:49,944 [INFO]  Epoch[1] Validation-hours-per-week-accuracy=0.000000
2024-03-19 16:30:50,354 [INFO]  Epoch[2] Batch [0-733]	Speed: 28645.48 samples/sec	cross-entropy=0.040940	hours-per-week-accuracy=3.145777
2024-03-19 16:30:50,806 [INFO]  Epoch[2] Train-cross-entropy=0.022342
2024-03-19 16:30:50,806 [INFO]  Epoch[2] Train-hours-per-week-accuracy=3.181694
2024-03-19 16:30:50,806 [INFO]  Epoch[2] Time cost=0.862
2024-03-19 16:30:50,808 [INFO]  Saved checkpoint to "./imputer_model/imputer_model_hours-per-week/model-0002.params"
2024-03-19 16:30:50,846 [INFO]  Epoch[2] Validation-cross-entropy=0.015836
2024-03-19 16:30:50,847 [INFO]  Epoch[2] Validation-hours-per-week-accuracy=0.000000
2024-03-19 16:30:51,254 [INFO]  Epoch[3] Batch [0-733]	Speed: 28863.59 samples/sec	cross-entropy=0.019285	hours-per-week-accuracy=3.145777
2024-03-19 16:30:51,660 [INFO]  Epoch[3] Train-cross-entropy=0.014157
2024-03-19 16:30:51,660 [INFO]  Epoch[3] Train-hours-per-week-accuracy=3.181694
2024-03-19 16:30:51,660 [INFO]  Epoch[3] Time cost=0.813
2024-03-19 16:30:51,661 [INFO]  Saved checkpoint to "./imputer_model/imputer_model_hours-per-week/model-0003.params"
2024-03-19 16:30:51,700 [INFO]  Epoch[3] Validation-cross-entropy=0.033296
2024-03-19 16:30:51,700 [INFO]  Epoch[3] Validation-hours-per-week-accuracy=0.000000
2024-03-19 16:30:52,119 [INFO]  Epoch[4] Batch [0-733]	Speed: 28045.29 samples/sec	cross-entropy=0.012360	hours-per-week-accuracy=3.145777
2024-03-19 16:30:52,526 [INFO]  Epoch[4] Train-cross-entropy=0.015867
2024-03-19 16:30:52,526 [INFO]  Epoch[4] Train-hours-per-week-accuracy=3.181694
2024-03-19 16:30:52,526 [INFO]  Epoch[4] Time cost=0.827
2024-03-19 16:30:52,528 [INFO]  Saved checkpoint to "./imputer_model/imputer_model_hours-per-week/model-0004.params"
2024-03-19 16:30:52,566 [INFO]  Epoch[4] Validation-cross-entropy=0.012186
2024-03-19 16:30:52,566 [INFO]  Epoch[4] Validation-hours-per-week-accuracy=0.000000
2024-03-19 16:30:52,566 [INFO]  
========== done (4.404001951217651 s) fit model
2024-03-19 16:32:10,300 [INFO]  
========== start: fit model
2024-03-19 16:32:10,301 [WARNING]  Already bound, ignoring bind()
2024-03-19 16:32:10,712 [INFO]  Epoch[0] Batch [0-733]	Speed: 28627.93 samples/sec	cross-entropy=0.576751	hours-per-week-accuracy=0.000000
2024-03-19 16:32:11,124 [INFO]  Epoch[0] Train-cross-entropy=0.094995
2024-03-19 16:32:11,124 [INFO]  Epoch[0] Train-hours-per-week-accuracy=0.000000
2024-03-19 16:32:11,124 [INFO]  Epoch[0] Time cost=0.822
2024-03-19 16:32:11,125 [INFO]  Saved checkpoint to "./imputer_model/imputer_model_hours-per-week/model-0000.params"
2024-03-19 16:32:11,163 [INFO]  Epoch[0] Validation-cross-entropy=0.035546
2024-03-19 16:32:11,164 [INFO]  Epoch[0] Validation-hours-per-week-accuracy=0.000000
2024-03-19 16:32:11,578 [INFO]  Epoch[1] Batch [0-733]	Speed: 28364.31 samples/sec	cross-entropy=0.032720	hours-per-week-accuracy=0.000000
2024-03-19 16:32:11,985 [INFO]  Epoch[1] Train-cross-entropy=0.042917
2024-03-19 16:32:11,985 [INFO]  Epoch[1] Train-hours-per-week-accuracy=0.000000
2024-03-19 16:32:11,985 [INFO]  Epoch[1] Time cost=0.822
2024-03-19 16:32:11,986 [INFO]  Saved checkpoint to "./imputer_model/imputer_model_hours-per-week/model-0001.params"
2024-03-19 16:32:12,025 [INFO]  Epoch[1] Validation-cross-entropy=0.014821
2024-03-19 16:32:12,025 [INFO]  Epoch[1] Validation-hours-per-week-accuracy=0.000000
2024-03-19 16:32:12,434 [INFO]  Epoch[2] Batch [0-733]	Speed: 28669.91 samples/sec	cross-entropy=0.023356	hours-per-week-accuracy=0.000000
2024-03-19 16:32:12,842 [INFO]  Epoch[2] Train-cross-entropy=0.043173
2024-03-19 16:32:12,842 [INFO]  Epoch[2] Train-hours-per-week-accuracy=0.000000
2024-03-19 16:32:12,842 [INFO]  Epoch[2] Time cost=0.817
2024-03-19 16:32:12,843 [INFO]  Saved checkpoint to "./imputer_model/imputer_model_hours-per-week/model-0002.params"
2024-03-19 16:32:12,881 [INFO]  Epoch[2] Validation-cross-entropy=0.014240
2024-03-19 16:32:12,881 [INFO]  Epoch[2] Validation-hours-per-week-accuracy=0.000000
2024-03-19 16:32:13,288 [INFO]  Epoch[3] Batch [0-733]	Speed: 28911.22 samples/sec	cross-entropy=0.011529	hours-per-week-accuracy=0.000000
2024-03-19 16:32:13,694 [INFO]  Epoch[3] Train-cross-entropy=0.019031
2024-03-19 16:32:13,694 [INFO]  Epoch[3] Train-hours-per-week-accuracy=0.000000
2024-03-19 16:32:13,694 [INFO]  Epoch[3] Time cost=0.812
2024-03-19 16:32:13,695 [INFO]  Saved checkpoint to "./imputer_model/imputer_model_hours-per-week/model-0003.params"
2024-03-19 16:32:13,733 [INFO]  Epoch[3] Validation-cross-entropy=0.024215
2024-03-19 16:32:13,733 [INFO]  Epoch[3] Validation-hours-per-week-accuracy=0.000000
2024-03-19 16:32:14,140 [INFO]  Epoch[4] Batch [0-733]	Speed: 28914.08 samples/sec	cross-entropy=0.016780	hours-per-week-accuracy=0.000000
2024-03-19 16:32:14,545 [INFO]  Epoch[4] Train-cross-entropy=0.006646
2024-03-19 16:32:14,545 [INFO]  Epoch[4] Train-hours-per-week-accuracy=0.000000
2024-03-19 16:32:14,545 [INFO]  Epoch[4] Time cost=0.812
2024-03-19 16:32:14,547 [INFO]  Saved checkpoint to "./imputer_model/imputer_model_hours-per-week/model-0004.params"
2024-03-19 16:32:14,585 [INFO]  Epoch[4] Validation-cross-entropy=0.010604
2024-03-19 16:32:14,585 [INFO]  Epoch[4] Validation-hours-per-week-accuracy=0.000000
2024-03-19 16:32:14,585 [INFO]  
========== done (4.284753799438477 s) fit model
2024-03-19 16:33:31,541 [INFO]  
========== start: fit model
2024-03-19 16:33:31,541 [WARNING]  Already bound, ignoring bind()
2024-03-19 16:33:31,955 [INFO]  Epoch[0] Batch [0-733]	Speed: 28428.15 samples/sec	cross-entropy=0.376764	hours-per-week-accuracy=3.143052
2024-03-19 16:33:32,409 [INFO]  Epoch[0] Train-cross-entropy=0.105215
2024-03-19 16:33:32,409 [INFO]  Epoch[0] Train-hours-per-week-accuracy=3.278689
2024-03-19 16:33:32,409 [INFO]  Epoch[0] Time cost=0.867
2024-03-19 16:33:32,411 [INFO]  Saved checkpoint to "./imputer_model/imputer_model_hours-per-week/model-0000.params"
2024-03-19 16:33:32,466 [INFO]  Epoch[0] Validation-cross-entropy=0.038237
2024-03-19 16:33:32,466 [INFO]  Epoch[0] Validation-hours-per-week-accuracy=0.000000
2024-03-19 16:33:32,902 [INFO]  Epoch[1] Batch [0-733]	Speed: 26902.40 samples/sec	cross-entropy=0.036515	hours-per-week-accuracy=3.143052
2024-03-19 16:33:33,314 [INFO]  Epoch[1] Train-cross-entropy=0.034050
2024-03-19 16:33:33,314 [INFO]  Epoch[1] Train-hours-per-week-accuracy=3.278689
2024-03-19 16:33:33,314 [INFO]  Epoch[1] Time cost=0.848
2024-03-19 16:33:33,315 [INFO]  Saved checkpoint to "./imputer_model/imputer_model_hours-per-week/model-0001.params"
2024-03-19 16:33:33,354 [INFO]  Epoch[1] Validation-cross-entropy=0.033373
2024-03-19 16:33:33,354 [INFO]  Epoch[1] Validation-hours-per-week-accuracy=0.000000
2024-03-19 16:33:33,765 [INFO]  Epoch[2] Batch [0-733]	Speed: 28593.35 samples/sec	cross-entropy=0.016257	hours-per-week-accuracy=3.143052
2024-03-19 16:33:34,175 [INFO]  Epoch[2] Train-cross-entropy=0.036463
2024-03-19 16:33:34,175 [INFO]  Epoch[2] Train-hours-per-week-accuracy=3.278689
2024-03-19 16:33:34,175 [INFO]  Epoch[2] Time cost=0.821
2024-03-19 16:33:34,176 [INFO]  Saved checkpoint to "./imputer_model/imputer_model_hours-per-week/model-0002.params"
2024-03-19 16:33:34,215 [INFO]  Epoch[2] Validation-cross-entropy=0.036280
2024-03-19 16:33:34,215 [INFO]  Epoch[2] Validation-hours-per-week-accuracy=0.000000
2024-03-19 16:33:34,626 [INFO]  Epoch[3] Batch [0-733]	Speed: 28554.86 samples/sec	cross-entropy=0.020326	hours-per-week-accuracy=3.143052
2024-03-19 16:33:35,036 [INFO]  Epoch[3] Train-cross-entropy=0.012754
2024-03-19 16:33:35,036 [INFO]  Epoch[3] Train-hours-per-week-accuracy=3.278689
2024-03-19 16:33:35,036 [INFO]  Epoch[3] Time cost=0.821
2024-03-19 16:33:35,037 [INFO]  Saved checkpoint to "./imputer_model/imputer_model_hours-per-week/model-0003.params"
2024-03-19 16:33:35,076 [INFO]  Epoch[3] Validation-cross-entropy=0.029233
2024-03-19 16:33:35,076 [INFO]  Epoch[3] Validation-hours-per-week-accuracy=0.000000
2024-03-19 16:33:35,486 [INFO]  Epoch[4] Batch [0-733]	Speed: 28648.94 samples/sec	cross-entropy=0.018201	hours-per-week-accuracy=3.143052
2024-03-19 16:33:35,896 [INFO]  Epoch[4] Train-cross-entropy=0.029924
2024-03-19 16:33:35,896 [INFO]  Epoch[4] Train-hours-per-week-accuracy=3.278689
2024-03-19 16:33:35,896 [INFO]  Epoch[4] Time cost=0.821
2024-03-19 16:33:35,898 [INFO]  Saved checkpoint to "./imputer_model/imputer_model_hours-per-week/model-0004.params"
2024-03-19 16:33:35,938 [INFO]  Epoch[4] Validation-cross-entropy=0.003967
2024-03-19 16:33:35,938 [INFO]  Epoch[4] Validation-hours-per-week-accuracy=0.000000
2024-03-19 16:33:35,938 [INFO]  
========== done (4.3975090980529785 s) fit model
2024-03-19 16:34:53,791 [INFO]  
========== start: fit model
2024-03-19 16:34:53,792 [WARNING]  Already bound, ignoring bind()
2024-03-19 16:34:54,296 [INFO]  Epoch[0] Batch [0-733]	Speed: 23389.22 samples/sec	cross-entropy=0.530668	hours-per-week-accuracy=3.168937
2024-03-19 16:34:54,747 [INFO]  Epoch[0] Train-cross-entropy=0.112555
2024-03-19 16:34:54,747 [INFO]  Epoch[0] Train-hours-per-week-accuracy=3.139344
2024-03-19 16:34:54,747 [INFO]  Epoch[0] Time cost=0.954
2024-03-19 16:34:54,748 [INFO]  Saved checkpoint to "./imputer_model/imputer_model_hours-per-week/model-0000.params"
2024-03-19 16:34:54,787 [INFO]  Epoch[0] Validation-cross-entropy=0.024323
2024-03-19 16:34:54,787 [INFO]  Epoch[0] Validation-hours-per-week-accuracy=0.000000
2024-03-19 16:34:55,196 [INFO]  Epoch[1] Batch [0-733]	Speed: 28741.62 samples/sec	cross-entropy=0.031999	hours-per-week-accuracy=3.168937
2024-03-19 16:34:55,609 [INFO]  Epoch[1] Train-cross-entropy=0.041921
2024-03-19 16:34:55,609 [INFO]  Epoch[1] Train-hours-per-week-accuracy=3.139344
2024-03-19 16:34:55,609 [INFO]  Epoch[1] Time cost=0.822
2024-03-19 16:34:55,611 [INFO]  Saved checkpoint to "./imputer_model/imputer_model_hours-per-week/model-0001.params"
2024-03-19 16:34:55,649 [INFO]  Epoch[1] Validation-cross-entropy=0.021774
2024-03-19 16:34:55,649 [INFO]  Epoch[1] Validation-hours-per-week-accuracy=0.000000
2024-03-19 16:34:56,080 [INFO]  Epoch[2] Batch [0-733]	Speed: 27231.46 samples/sec	cross-entropy=0.022250	hours-per-week-accuracy=3.168937
2024-03-19 16:34:56,484 [INFO]  Epoch[2] Train-cross-entropy=0.032852
2024-03-19 16:34:56,484 [INFO]  Epoch[2] Train-hours-per-week-accuracy=3.139344
2024-03-19 16:34:56,484 [INFO]  Epoch[2] Time cost=0.835
2024-03-19 16:34:56,486 [INFO]  Saved checkpoint to "./imputer_model/imputer_model_hours-per-week/model-0002.params"
2024-03-19 16:34:56,524 [INFO]  Epoch[2] Validation-cross-entropy=0.010858
2024-03-19 16:34:56,524 [INFO]  Epoch[2] Validation-hours-per-week-accuracy=0.000000
2024-03-19 16:34:56,955 [INFO]  Epoch[3] Batch [0-733]	Speed: 27288.91 samples/sec	cross-entropy=0.015835	hours-per-week-accuracy=3.168937
2024-03-19 16:34:57,371 [INFO]  Epoch[3] Train-cross-entropy=0.043582
2024-03-19 16:34:57,371 [INFO]  Epoch[3] Train-hours-per-week-accuracy=3.139344
2024-03-19 16:34:57,371 [INFO]  Epoch[3] Time cost=0.847
2024-03-19 16:34:57,373 [INFO]  Saved checkpoint to "./imputer_model/imputer_model_hours-per-week/model-0003.params"
2024-03-19 16:34:57,411 [INFO]  Epoch[3] Validation-cross-entropy=0.009275
2024-03-19 16:34:57,411 [INFO]  Epoch[3] Validation-hours-per-week-accuracy=0.000000
2024-03-19 16:34:57,817 [INFO]  Epoch[4] Batch [0-733]	Speed: 28943.00 samples/sec	cross-entropy=0.004858	hours-per-week-accuracy=3.168937
2024-03-19 16:34:58,222 [INFO]  Epoch[4] Train-cross-entropy=0.009717
2024-03-19 16:34:58,222 [INFO]  Epoch[4] Train-hours-per-week-accuracy=3.139344
2024-03-19 16:34:58,222 [INFO]  Epoch[4] Time cost=0.811
2024-03-19 16:34:58,224 [INFO]  Saved checkpoint to "./imputer_model/imputer_model_hours-per-week/model-0004.params"
2024-03-19 16:34:58,262 [INFO]  Epoch[4] Validation-cross-entropy=0.003616
2024-03-19 16:34:58,262 [INFO]  Epoch[4] Validation-hours-per-week-accuracy=0.000000
2024-03-19 16:34:58,262 [INFO]  
========== done (4.470654726028442 s) fit model
2024-03-19 16:36:18,185 [INFO]  
========== start: fit model
2024-03-19 16:36:18,185 [WARNING]  Already bound, ignoring bind()
2024-03-19 16:36:18,644 [INFO]  Epoch[0] Batch [0-733]	Speed: 25692.64 samples/sec	cross-entropy=0.714709	hours-per-week-accuracy=3.183924
2024-03-19 16:36:19,053 [INFO]  Epoch[0] Train-cross-entropy=0.060550
2024-03-19 16:36:19,053 [INFO]  Epoch[0] Train-hours-per-week-accuracy=3.215847
2024-03-19 16:36:19,053 [INFO]  Epoch[0] Time cost=0.867
2024-03-19 16:36:19,054 [INFO]  Saved checkpoint to "./imputer_model/imputer_model_hours-per-week/model-0000.params"
2024-03-19 16:36:19,093 [INFO]  Epoch[0] Validation-cross-entropy=0.045149
2024-03-19 16:36:19,093 [INFO]  Epoch[0] Validation-hours-per-week-accuracy=0.000000
2024-03-19 16:36:19,505 [INFO]  Epoch[1] Batch [0-733]	Speed: 28550.55 samples/sec	cross-entropy=0.036578	hours-per-week-accuracy=3.183924
2024-03-19 16:36:19,916 [INFO]  Epoch[1] Train-cross-entropy=0.032162
2024-03-19 16:36:19,916 [INFO]  Epoch[1] Train-hours-per-week-accuracy=3.215847
2024-03-19 16:36:19,916 [INFO]  Epoch[1] Time cost=0.823
2024-03-19 16:36:19,917 [INFO]  Saved checkpoint to "./imputer_model/imputer_model_hours-per-week/model-0001.params"
2024-03-19 16:36:19,966 [INFO]  Epoch[1] Validation-cross-entropy=0.014558
2024-03-19 16:36:19,966 [INFO]  Epoch[1] Validation-hours-per-week-accuracy=0.000000
2024-03-19 16:36:20,404 [INFO]  Epoch[2] Batch [0-733]	Speed: 26851.44 samples/sec	cross-entropy=0.041642	hours-per-week-accuracy=3.183924
2024-03-19 16:36:20,865 [INFO]  Epoch[2] Train-cross-entropy=0.009241
2024-03-19 16:36:20,865 [INFO]  Epoch[2] Train-hours-per-week-accuracy=3.215847
2024-03-19 16:36:20,865 [INFO]  Epoch[2] Time cost=0.899
2024-03-19 16:36:20,867 [INFO]  Saved checkpoint to "./imputer_model/imputer_model_hours-per-week/model-0002.params"
2024-03-19 16:36:20,909 [INFO]  Epoch[2] Validation-cross-entropy=0.017293
2024-03-19 16:36:20,909 [INFO]  Epoch[2] Validation-hours-per-week-accuracy=0.000000
2024-03-19 16:36:21,318 [INFO]  Epoch[3] Batch [0-733]	Speed: 28661.84 samples/sec	cross-entropy=0.030778	hours-per-week-accuracy=3.183924
2024-03-19 16:36:21,782 [INFO]  Epoch[3] Train-cross-entropy=0.008297
2024-03-19 16:36:21,782 [INFO]  Epoch[3] Train-hours-per-week-accuracy=3.215847
2024-03-19 16:36:21,782 [INFO]  Epoch[3] Time cost=0.873
2024-03-19 16:36:21,783 [INFO]  Saved checkpoint to "./imputer_model/imputer_model_hours-per-week/model-0003.params"
2024-03-19 16:36:21,822 [INFO]  Epoch[3] Validation-cross-entropy=0.026628
2024-03-19 16:36:21,822 [INFO]  Epoch[3] Validation-hours-per-week-accuracy=0.000000
2024-03-19 16:36:22,235 [INFO]  Epoch[4] Batch [0-733]	Speed: 28446.27 samples/sec	cross-entropy=0.020785	hours-per-week-accuracy=3.183924
2024-03-19 16:36:22,645 [INFO]  Epoch[4] Train-cross-entropy=0.010473
2024-03-19 16:36:22,645 [INFO]  Epoch[4] Train-hours-per-week-accuracy=3.215847
2024-03-19 16:36:22,645 [INFO]  Epoch[4] Time cost=0.823
2024-03-19 16:36:22,646 [INFO]  Saved checkpoint to "./imputer_model/imputer_model_hours-per-week/model-0004.params"
2024-03-19 16:36:22,684 [INFO]  Epoch[4] Validation-cross-entropy=0.008926
2024-03-19 16:36:22,685 [INFO]  Epoch[4] Validation-hours-per-week-accuracy=0.000000
2024-03-19 16:36:22,685 [INFO]  
========== done (4.500075578689575 s) fit model
2024-03-19 16:37:42,207 [INFO]  
========== start: fit model
2024-03-19 16:37:42,208 [WARNING]  Already bound, ignoring bind()
2024-03-19 16:37:42,665 [INFO]  Epoch[0] Batch [0-733]	Speed: 25768.89 samples/sec	cross-entropy=0.527304	hours-per-week-accuracy=0.000000
2024-03-19 16:37:43,075 [INFO]  Epoch[0] Train-cross-entropy=0.136917
2024-03-19 16:37:43,075 [INFO]  Epoch[0] Train-hours-per-week-accuracy=0.000000
2024-03-19 16:37:43,075 [INFO]  Epoch[0] Time cost=0.866
2024-03-19 16:37:43,076 [INFO]  Saved checkpoint to "./imputer_model/imputer_model_hours-per-week/model-0000.params"
2024-03-19 16:37:43,114 [INFO]  Epoch[0] Validation-cross-entropy=0.025602
2024-03-19 16:37:43,114 [INFO]  Epoch[0] Validation-hours-per-week-accuracy=0.000000
2024-03-19 16:37:43,523 [INFO]  Epoch[1] Batch [0-733]	Speed: 28709.23 samples/sec	cross-entropy=0.024930	hours-per-week-accuracy=0.000000
2024-03-19 16:37:43,932 [INFO]  Epoch[1] Train-cross-entropy=0.020036
2024-03-19 16:37:43,933 [INFO]  Epoch[1] Train-hours-per-week-accuracy=0.000000
2024-03-19 16:37:43,933 [INFO]  Epoch[1] Time cost=0.819
2024-03-19 16:37:43,934 [INFO]  Saved checkpoint to "./imputer_model/imputer_model_hours-per-week/model-0001.params"
2024-03-19 16:37:43,972 [INFO]  Epoch[1] Validation-cross-entropy=0.065377
2024-03-19 16:37:43,972 [INFO]  Epoch[1] Validation-hours-per-week-accuracy=0.000000
2024-03-19 16:37:44,381 [INFO]  Epoch[2] Batch [0-733]	Speed: 28675.32 samples/sec	cross-entropy=0.046595	hours-per-week-accuracy=0.000000
2024-03-19 16:37:44,790 [INFO]  Epoch[2] Train-cross-entropy=0.015782
2024-03-19 16:37:44,790 [INFO]  Epoch[2] Train-hours-per-week-accuracy=0.000000
2024-03-19 16:37:44,790 [INFO]  Epoch[2] Time cost=0.818
2024-03-19 16:37:44,791 [INFO]  Saved checkpoint to "./imputer_model/imputer_model_hours-per-week/model-0002.params"
2024-03-19 16:37:44,830 [INFO]  Epoch[2] Validation-cross-entropy=0.035289
2024-03-19 16:37:44,830 [INFO]  Epoch[2] Validation-hours-per-week-accuracy=0.000000
2024-03-19 16:37:45,275 [INFO]  Epoch[3] Batch [0-733]	Speed: 26404.73 samples/sec	cross-entropy=0.020846	hours-per-week-accuracy=0.000000
2024-03-19 16:37:45,680 [INFO]  Epoch[3] Train-cross-entropy=0.036392
2024-03-19 16:37:45,680 [INFO]  Epoch[3] Train-hours-per-week-accuracy=0.000000
2024-03-19 16:37:45,680 [INFO]  Epoch[3] Time cost=0.850
2024-03-19 16:37:45,681 [INFO]  Saved checkpoint to "./imputer_model/imputer_model_hours-per-week/model-0003.params"
2024-03-19 16:37:45,719 [INFO]  Epoch[3] Validation-cross-entropy=0.007533
2024-03-19 16:37:45,719 [INFO]  Epoch[3] Validation-hours-per-week-accuracy=0.000000
2024-03-19 16:37:46,132 [INFO]  Epoch[4] Batch [0-733]	Speed: 28430.73 samples/sec	cross-entropy=0.011181	hours-per-week-accuracy=0.000000
2024-03-19 16:37:46,547 [INFO]  Epoch[4] Train-cross-entropy=0.022442
2024-03-19 16:37:46,547 [INFO]  Epoch[4] Train-hours-per-week-accuracy=0.000000
2024-03-19 16:37:46,547 [INFO]  Epoch[4] Time cost=0.828
2024-03-19 16:37:46,548 [INFO]  Saved checkpoint to "./imputer_model/imputer_model_hours-per-week/model-0004.params"
2024-03-19 16:37:46,585 [INFO]  Epoch[4] Validation-cross-entropy=0.002356
2024-03-19 16:37:46,585 [INFO]  Epoch[4] Validation-hours-per-week-accuracy=0.000000
2024-03-19 16:37:46,586 [INFO]  
========== done (4.378058671951294 s) fit model
2024-03-19 16:39:04,505 [INFO]  
========== start: fit model
2024-03-19 16:39:04,505 [WARNING]  Already bound, ignoring bind()
2024-03-19 16:39:04,959 [INFO]  Epoch[0] Batch [0-733]	Speed: 25959.23 samples/sec	cross-entropy=0.525427	hours-per-week-accuracy=3.217984
2024-03-19 16:39:05,367 [INFO]  Epoch[0] Train-cross-entropy=0.054674
2024-03-19 16:39:05,367 [INFO]  Epoch[0] Train-hours-per-week-accuracy=3.120219
2024-03-19 16:39:05,367 [INFO]  Epoch[0] Time cost=0.861
2024-03-19 16:39:05,369 [INFO]  Saved checkpoint to "./imputer_model/imputer_model_hours-per-week/model-0000.params"
2024-03-19 16:39:05,407 [INFO]  Epoch[0] Validation-cross-entropy=0.037185
2024-03-19 16:39:05,407 [INFO]  Epoch[0] Validation-hours-per-week-accuracy=0.000000
2024-03-19 16:39:05,823 [INFO]  Epoch[1] Batch [0-733]	Speed: 28257.87 samples/sec	cross-entropy=0.082396	hours-per-week-accuracy=3.217984
2024-03-19 16:39:06,264 [INFO]  Epoch[1] Train-cross-entropy=0.017758
2024-03-19 16:39:06,264 [INFO]  Epoch[1] Train-hours-per-week-accuracy=3.120219
2024-03-19 16:39:06,264 [INFO]  Epoch[1] Time cost=0.857
2024-03-19 16:39:06,266 [INFO]  Saved checkpoint to "./imputer_model/imputer_model_hours-per-week/model-0001.params"
2024-03-19 16:39:06,317 [INFO]  Epoch[1] Validation-cross-entropy=0.017887
2024-03-19 16:39:06,317 [INFO]  Epoch[1] Validation-hours-per-week-accuracy=0.000000
2024-03-19 16:39:06,813 [INFO]  Epoch[2] Batch [0-733]	Speed: 23712.58 samples/sec	cross-entropy=0.016141	hours-per-week-accuracy=3.217984
2024-03-19 16:39:07,218 [INFO]  Epoch[2] Train-cross-entropy=0.056230
2024-03-19 16:39:07,218 [INFO]  Epoch[2] Train-hours-per-week-accuracy=3.120219
2024-03-19 16:39:07,218 [INFO]  Epoch[2] Time cost=0.901
2024-03-19 16:39:07,220 [INFO]  Saved checkpoint to "./imputer_model/imputer_model_hours-per-week/model-0002.params"
2024-03-19 16:39:07,260 [INFO]  Epoch[2] Validation-cross-entropy=0.007014
2024-03-19 16:39:07,260 [INFO]  Epoch[2] Validation-hours-per-week-accuracy=0.000000
2024-03-19 16:39:07,685 [INFO]  Epoch[3] Batch [0-733]	Speed: 27669.03 samples/sec	cross-entropy=0.004765	hours-per-week-accuracy=3.217984
2024-03-19 16:39:08,090 [INFO]  Epoch[3] Train-cross-entropy=0.019805
2024-03-19 16:39:08,090 [INFO]  Epoch[3] Train-hours-per-week-accuracy=3.120219
2024-03-19 16:39:08,090 [INFO]  Epoch[3] Time cost=0.830
2024-03-19 16:39:08,091 [INFO]  Saved checkpoint to "./imputer_model/imputer_model_hours-per-week/model-0003.params"
2024-03-19 16:39:08,131 [INFO]  Epoch[3] Validation-cross-entropy=0.022873
2024-03-19 16:39:08,131 [INFO]  Epoch[3] Validation-hours-per-week-accuracy=0.000000
2024-03-19 16:39:08,534 [INFO]  Epoch[4] Batch [0-733]	Speed: 29135.75 samples/sec	cross-entropy=0.010358	hours-per-week-accuracy=3.217984
2024-03-19 16:39:08,939 [INFO]  Epoch[4] Train-cross-entropy=0.015503
2024-03-19 16:39:08,939 [INFO]  Epoch[4] Train-hours-per-week-accuracy=3.120219
2024-03-19 16:39:08,939 [INFO]  Epoch[4] Time cost=0.808
2024-03-19 16:39:08,941 [INFO]  Saved checkpoint to "./imputer_model/imputer_model_hours-per-week/model-0004.params"
2024-03-19 16:39:08,983 [INFO]  Epoch[4] Validation-cross-entropy=0.002714
2024-03-19 16:39:08,983 [INFO]  Epoch[4] Validation-hours-per-week-accuracy=0.000000
2024-03-19 16:39:08,983 [INFO]  
========== done (4.478261470794678 s) fit model
2024-03-19 16:40:27,857 [INFO]  
========== start: fit model
2024-03-19 16:40:27,857 [WARNING]  Already bound, ignoring bind()
2024-03-19 16:40:28,327 [INFO]  Epoch[0] Batch [0-733]	Speed: 25037.35 samples/sec	cross-entropy=0.527713	hours-per-week-accuracy=0.000000
2024-03-19 16:40:28,788 [INFO]  Epoch[0] Train-cross-entropy=0.064689
2024-03-19 16:40:28,789 [INFO]  Epoch[0] Train-hours-per-week-accuracy=0.000000
2024-03-19 16:40:28,789 [INFO]  Epoch[0] Time cost=0.931
2024-03-19 16:40:28,790 [INFO]  Saved checkpoint to "./imputer_model/imputer_model_hours-per-week/model-0000.params"
2024-03-19 16:40:28,850 [INFO]  Epoch[0] Validation-cross-entropy=0.142113
2024-03-19 16:40:28,850 [INFO]  Epoch[0] Validation-hours-per-week-accuracy=0.000000
2024-03-19 16:40:29,426 [INFO]  Epoch[1] Batch [0-733]	Speed: 20421.13 samples/sec	cross-entropy=0.047682	hours-per-week-accuracy=0.000000
2024-03-19 16:40:30,001 [INFO]  Epoch[1] Train-cross-entropy=0.025931
2024-03-19 16:40:30,001 [INFO]  Epoch[1] Train-hours-per-week-accuracy=0.000000
2024-03-19 16:40:30,001 [INFO]  Epoch[1] Time cost=1.151
2024-03-19 16:40:30,002 [INFO]  Saved checkpoint to "./imputer_model/imputer_model_hours-per-week/model-0001.params"
2024-03-19 16:40:30,050 [INFO]  Epoch[1] Validation-cross-entropy=0.021305
2024-03-19 16:40:30,050 [INFO]  Epoch[1] Validation-hours-per-week-accuracy=0.000000
2024-03-19 16:40:30,511 [INFO]  Epoch[2] Batch [0-733]	Speed: 25530.58 samples/sec	cross-entropy=0.025923	hours-per-week-accuracy=0.000000
2024-03-19 16:40:30,916 [INFO]  Epoch[2] Train-cross-entropy=0.021049
2024-03-19 16:40:30,916 [INFO]  Epoch[2] Train-hours-per-week-accuracy=0.000000
2024-03-19 16:40:30,916 [INFO]  Epoch[2] Time cost=0.866
2024-03-19 16:40:30,917 [INFO]  Saved checkpoint to "./imputer_model/imputer_model_hours-per-week/model-0002.params"
2024-03-19 16:40:30,960 [INFO]  Epoch[2] Validation-cross-entropy=0.007313
2024-03-19 16:40:30,960 [INFO]  Epoch[2] Validation-hours-per-week-accuracy=0.000000
2024-03-19 16:40:31,412 [INFO]  Epoch[3] Batch [0-733]	Speed: 26036.27 samples/sec	cross-entropy=0.023431	hours-per-week-accuracy=0.000000
2024-03-19 16:40:31,817 [INFO]  Epoch[3] Train-cross-entropy=0.028982
2024-03-19 16:40:31,818 [INFO]  Epoch[3] Train-hours-per-week-accuracy=0.000000
2024-03-19 16:40:31,818 [INFO]  Epoch[3] Time cost=0.857
2024-03-19 16:40:31,819 [INFO]  Saved checkpoint to "./imputer_model/imputer_model_hours-per-week/model-0003.params"
2024-03-19 16:40:31,863 [INFO]  Epoch[3] Validation-cross-entropy=0.007627
2024-03-19 16:40:31,863 [INFO]  Epoch[3] Validation-hours-per-week-accuracy=0.000000
2024-03-19 16:40:32,300 [INFO]  Epoch[4] Batch [0-733]	Speed: 26885.32 samples/sec	cross-entropy=0.007132	hours-per-week-accuracy=0.000000
2024-03-19 16:40:32,709 [INFO]  Epoch[4] Train-cross-entropy=0.020395
2024-03-19 16:40:32,709 [INFO]  Epoch[4] Train-hours-per-week-accuracy=0.000000
2024-03-19 16:40:32,709 [INFO]  Epoch[4] Time cost=0.846
2024-03-19 16:40:32,710 [INFO]  Saved checkpoint to "./imputer_model/imputer_model_hours-per-week/model-0004.params"
2024-03-19 16:40:32,748 [INFO]  Epoch[4] Validation-cross-entropy=0.024398
2024-03-19 16:40:32,748 [INFO]  Epoch[4] Validation-hours-per-week-accuracy=0.000000
2024-03-19 16:40:32,748 [INFO]  
========== done (4.891743183135986 s) fit model
2024-03-19 16:41:51,397 [INFO]  
========== start: fit model
2024-03-19 16:41:51,397 [WARNING]  Already bound, ignoring bind()
2024-03-19 16:41:51,841 [INFO]  Epoch[0] Batch [0-733]	Speed: 26527.92 samples/sec	cross-entropy=0.370283	hours-per-week-accuracy=3.143052
2024-03-19 16:41:52,259 [INFO]  Epoch[0] Train-cross-entropy=0.054033
2024-03-19 16:41:52,259 [INFO]  Epoch[0] Train-hours-per-week-accuracy=3.204918
2024-03-19 16:41:52,259 [INFO]  Epoch[0] Time cost=0.861
2024-03-19 16:41:52,261 [INFO]  Saved checkpoint to "./imputer_model/imputer_model_hours-per-week/model-0000.params"
2024-03-19 16:41:52,299 [INFO]  Epoch[0] Validation-cross-entropy=0.022961
2024-03-19 16:41:52,299 [INFO]  Epoch[0] Validation-hours-per-week-accuracy=0.000000
2024-03-19 16:41:52,706 [INFO]  Epoch[1] Batch [0-733]	Speed: 28858.05 samples/sec	cross-entropy=0.095694	hours-per-week-accuracy=3.143052
2024-03-19 16:41:53,112 [INFO]  Epoch[1] Train-cross-entropy=0.015865
2024-03-19 16:41:53,112 [INFO]  Epoch[1] Train-hours-per-week-accuracy=3.204918
2024-03-19 16:41:53,112 [INFO]  Epoch[1] Time cost=0.813
2024-03-19 16:41:53,113 [INFO]  Saved checkpoint to "./imputer_model/imputer_model_hours-per-week/model-0001.params"
2024-03-19 16:41:53,152 [INFO]  Epoch[1] Validation-cross-entropy=0.032078
2024-03-19 16:41:53,152 [INFO]  Epoch[1] Validation-hours-per-week-accuracy=0.000000
2024-03-19 16:41:53,557 [INFO]  Epoch[2] Batch [0-733]	Speed: 28998.54 samples/sec	cross-entropy=0.018576	hours-per-week-accuracy=3.143052
2024-03-19 16:41:53,961 [INFO]  Epoch[2] Train-cross-entropy=0.023765
2024-03-19 16:41:53,961 [INFO]  Epoch[2] Train-hours-per-week-accuracy=3.204918
2024-03-19 16:41:53,961 [INFO]  Epoch[2] Time cost=0.809
2024-03-19 16:41:53,962 [INFO]  Saved checkpoint to "./imputer_model/imputer_model_hours-per-week/model-0002.params"
2024-03-19 16:41:54,001 [INFO]  Epoch[2] Validation-cross-entropy=0.020144
2024-03-19 16:41:54,001 [INFO]  Epoch[2] Validation-hours-per-week-accuracy=0.000000
2024-03-19 16:41:54,414 [INFO]  Epoch[3] Batch [0-733]	Speed: 28396.04 samples/sec	cross-entropy=0.026788	hours-per-week-accuracy=3.143052
2024-03-19 16:41:54,819 [INFO]  Epoch[3] Train-cross-entropy=0.017522
2024-03-19 16:41:54,820 [INFO]  Epoch[3] Train-hours-per-week-accuracy=3.204918
2024-03-19 16:41:54,820 [INFO]  Epoch[3] Time cost=0.819
2024-03-19 16:41:54,821 [INFO]  Saved checkpoint to "./imputer_model/imputer_model_hours-per-week/model-0003.params"
2024-03-19 16:41:54,859 [INFO]  Epoch[3] Validation-cross-entropy=0.005135
2024-03-19 16:41:54,859 [INFO]  Epoch[3] Validation-hours-per-week-accuracy=0.000000
2024-03-19 16:41:55,267 [INFO]  Epoch[4] Batch [0-733]	Speed: 28837.14 samples/sec	cross-entropy=0.010789	hours-per-week-accuracy=3.143052
2024-03-19 16:41:55,677 [INFO]  Epoch[4] Train-cross-entropy=0.030758
2024-03-19 16:41:55,677 [INFO]  Epoch[4] Train-hours-per-week-accuracy=3.204918
2024-03-19 16:41:55,677 [INFO]  Epoch[4] Time cost=0.818
2024-03-19 16:41:55,678 [INFO]  Saved checkpoint to "./imputer_model/imputer_model_hours-per-week/model-0004.params"
2024-03-19 16:41:55,717 [INFO]  Epoch[4] Validation-cross-entropy=0.019452
2024-03-19 16:41:55,717 [INFO]  Epoch[4] Validation-hours-per-week-accuracy=0.000000
2024-03-19 16:41:55,717 [INFO]  
========== done (4.3199098110198975 s) fit model
2024-03-19 16:43:14,157 [INFO]  
========== start: fit model
2024-03-19 16:43:14,157 [WARNING]  Already bound, ignoring bind()
2024-03-19 16:43:14,574 [INFO]  Epoch[0] Batch [0-733]	Speed: 28269.40 samples/sec	cross-entropy=0.481752	hours-per-week-accuracy=3.217984
2024-03-19 16:43:14,979 [INFO]  Epoch[0] Train-cross-entropy=0.098868
2024-03-19 16:43:14,980 [INFO]  Epoch[0] Train-hours-per-week-accuracy=3.122951
2024-03-19 16:43:14,980 [INFO]  Epoch[0] Time cost=0.822
2024-03-19 16:43:14,981 [INFO]  Saved checkpoint to "./imputer_model/imputer_model_hours-per-week/model-0000.params"
2024-03-19 16:43:15,029 [INFO]  Epoch[0] Validation-cross-entropy=0.178111
2024-03-19 16:43:15,029 [INFO]  Epoch[0] Validation-hours-per-week-accuracy=0.000000
2024-03-19 16:43:15,453 [INFO]  Epoch[1] Batch [0-733]	Speed: 27695.06 samples/sec	cross-entropy=0.033418	hours-per-week-accuracy=3.217984
2024-03-19 16:43:15,904 [INFO]  Epoch[1] Train-cross-entropy=0.035307
2024-03-19 16:43:15,904 [INFO]  Epoch[1] Train-hours-per-week-accuracy=3.122951
2024-03-19 16:43:15,904 [INFO]  Epoch[1] Time cost=0.875
2024-03-19 16:43:15,906 [INFO]  Saved checkpoint to "./imputer_model/imputer_model_hours-per-week/model-0001.params"
2024-03-19 16:43:15,953 [INFO]  Epoch[1] Validation-cross-entropy=0.431692
2024-03-19 16:43:15,953 [INFO]  Epoch[1] Validation-hours-per-week-accuracy=0.000000
2024-03-19 16:43:16,496 [INFO]  Epoch[2] Batch [0-733]	Speed: 21642.14 samples/sec	cross-entropy=0.054406	hours-per-week-accuracy=3.217984
2024-03-19 16:43:17,049 [INFO]  Epoch[2] Train-cross-entropy=0.006178
2024-03-19 16:43:17,050 [INFO]  Epoch[2] Train-hours-per-week-accuracy=3.122951
2024-03-19 16:43:17,050 [INFO]  Epoch[2] Time cost=1.096
2024-03-19 16:43:17,051 [INFO]  Saved checkpoint to "./imputer_model/imputer_model_hours-per-week/model-0002.params"
2024-03-19 16:43:17,099 [INFO]  Epoch[2] Validation-cross-entropy=0.020401
2024-03-19 16:43:17,099 [INFO]  Epoch[2] Validation-hours-per-week-accuracy=0.000000
2024-03-19 16:43:17,653 [INFO]  Epoch[3] Batch [0-733]	Speed: 21218.79 samples/sec	cross-entropy=0.022495	hours-per-week-accuracy=3.217984
2024-03-19 16:43:18,078 [INFO]  Epoch[3] Train-cross-entropy=0.018667
2024-03-19 16:43:18,078 [INFO]  Epoch[3] Train-hours-per-week-accuracy=3.122951
2024-03-19 16:43:18,078 [INFO]  Epoch[3] Time cost=0.978
2024-03-19 16:43:18,079 [INFO]  Saved checkpoint to "./imputer_model/imputer_model_hours-per-week/model-0003.params"
2024-03-19 16:43:18,117 [INFO]  Epoch[3] Validation-cross-entropy=0.192515
2024-03-19 16:43:18,117 [INFO]  Epoch[3] Validation-hours-per-week-accuracy=0.000000
2024-03-19 16:43:18,528 [INFO]  Epoch[4] Batch [0-733]	Speed: 28611.71 samples/sec	cross-entropy=0.019864	hours-per-week-accuracy=3.217984
2024-03-19 16:43:18,936 [INFO]  Epoch[4] Train-cross-entropy=0.004271
2024-03-19 16:43:18,936 [INFO]  Epoch[4] Train-hours-per-week-accuracy=3.122951
2024-03-19 16:43:18,936 [INFO]  Epoch[4] Time cost=0.819
2024-03-19 16:43:18,938 [INFO]  Saved checkpoint to "./imputer_model/imputer_model_hours-per-week/model-0004.params"
2024-03-19 16:43:18,976 [INFO]  Epoch[4] Validation-cross-entropy=0.059343
2024-03-19 16:43:18,976 [INFO]  Epoch[4] Validation-hours-per-week-accuracy=0.000000
2024-03-19 16:43:18,976 [INFO]  
========== done (4.819044828414917 s) fit model
2024-03-19 16:44:36,189 [INFO]  
========== start: fit model
2024-03-19 16:44:36,189 [WARNING]  Already bound, ignoring bind()
2024-03-19 16:44:36,615 [INFO]  Epoch[0] Batch [0-733]	Speed: 27716.08 samples/sec	cross-entropy=0.370333	hours-per-week-accuracy=3.088556
2024-03-19 16:44:37,070 [INFO]  Epoch[0] Train-cross-entropy=0.073883
2024-03-19 16:44:37,070 [INFO]  Epoch[0] Train-hours-per-week-accuracy=3.226776
2024-03-19 16:44:37,070 [INFO]  Epoch[0] Time cost=0.880
2024-03-19 16:44:37,072 [INFO]  Saved checkpoint to "./imputer_model/imputer_model_hours-per-week/model-0000.params"
2024-03-19 16:44:37,119 [INFO]  Epoch[0] Validation-cross-entropy=0.258764
2024-03-19 16:44:37,119 [INFO]  Epoch[0] Validation-hours-per-week-accuracy=0.000000
2024-03-19 16:44:37,628 [INFO]  Epoch[1] Batch [0-733]	Speed: 23111.60 samples/sec	cross-entropy=0.043598	hours-per-week-accuracy=3.088556
2024-03-19 16:44:38,039 [INFO]  Epoch[1] Train-cross-entropy=0.021464
2024-03-19 16:44:38,039 [INFO]  Epoch[1] Train-hours-per-week-accuracy=3.226776
2024-03-19 16:44:38,039 [INFO]  Epoch[1] Time cost=0.920
2024-03-19 16:44:38,040 [INFO]  Saved checkpoint to "./imputer_model/imputer_model_hours-per-week/model-0001.params"
2024-03-19 16:44:38,078 [INFO]  Epoch[1] Validation-cross-entropy=0.069856
2024-03-19 16:44:38,078 [INFO]  Epoch[1] Validation-hours-per-week-accuracy=0.000000
2024-03-19 16:44:38,497 [INFO]  Epoch[2] Batch [0-733]	Speed: 28058.23 samples/sec	cross-entropy=0.038751	hours-per-week-accuracy=3.088556
2024-03-19 16:44:38,954 [INFO]  Epoch[2] Train-cross-entropy=0.033514
2024-03-19 16:44:38,954 [INFO]  Epoch[2] Train-hours-per-week-accuracy=3.226776
2024-03-19 16:44:38,954 [INFO]  Epoch[2] Time cost=0.876
2024-03-19 16:44:38,956 [INFO]  Saved checkpoint to "./imputer_model/imputer_model_hours-per-week/model-0002.params"
2024-03-19 16:44:38,997 [INFO]  Epoch[2] Validation-cross-entropy=0.171504
2024-03-19 16:44:38,997 [INFO]  Epoch[2] Validation-hours-per-week-accuracy=0.000000
2024-03-19 16:44:39,416 [INFO]  Epoch[3] Batch [0-733]	Speed: 28049.47 samples/sec	cross-entropy=0.033705	hours-per-week-accuracy=3.088556
2024-03-19 16:44:39,824 [INFO]  Epoch[3] Train-cross-entropy=0.010855
2024-03-19 16:44:39,824 [INFO]  Epoch[3] Train-hours-per-week-accuracy=3.226776
2024-03-19 16:44:39,824 [INFO]  Epoch[3] Time cost=0.827
2024-03-19 16:44:39,826 [INFO]  Saved checkpoint to "./imputer_model/imputer_model_hours-per-week/model-0003.params"
2024-03-19 16:44:39,864 [INFO]  Epoch[3] Validation-cross-entropy=0.025614
2024-03-19 16:44:39,864 [INFO]  Epoch[3] Validation-hours-per-week-accuracy=0.000000
2024-03-19 16:44:40,275 [INFO]  Epoch[4] Batch [0-733]	Speed: 28603.11 samples/sec	cross-entropy=0.011591	hours-per-week-accuracy=3.088556
2024-03-19 16:44:40,709 [INFO]  Epoch[4] Train-cross-entropy=0.023259
2024-03-19 16:44:40,709 [INFO]  Epoch[4] Train-hours-per-week-accuracy=3.226776
2024-03-19 16:44:40,709 [INFO]  Epoch[4] Time cost=0.845
2024-03-19 16:44:40,711 [INFO]  Saved checkpoint to "./imputer_model/imputer_model_hours-per-week/model-0004.params"
2024-03-19 16:44:40,749 [INFO]  Epoch[4] Validation-cross-entropy=0.068360
2024-03-19 16:44:40,749 [INFO]  Epoch[4] Validation-hours-per-week-accuracy=0.000000
2024-03-19 16:44:40,749 [INFO]  
========== done (4.559877872467041 s) fit model
2024-03-19 16:45:59,049 [INFO]  
========== start: fit model
2024-03-19 16:45:59,049 [WARNING]  Already bound, ignoring bind()
2024-03-19 16:45:59,466 [INFO]  Epoch[0] Batch [0-733]	Speed: 28256.57 samples/sec	cross-entropy=0.544235	hours-per-week-accuracy=3.167575
2024-03-19 16:45:59,887 [INFO]  Epoch[0] Train-cross-entropy=0.062918
2024-03-19 16:45:59,887 [INFO]  Epoch[0] Train-hours-per-week-accuracy=3.163934
2024-03-19 16:45:59,887 [INFO]  Epoch[0] Time cost=0.838
2024-03-19 16:45:59,889 [INFO]  Saved checkpoint to "./imputer_model/imputer_model_hours-per-week/model-0000.params"
2024-03-19 16:45:59,928 [INFO]  Epoch[0] Validation-cross-entropy=0.034556
2024-03-19 16:45:59,928 [INFO]  Epoch[0] Validation-hours-per-week-accuracy=0.000000
2024-03-19 16:46:00,464 [INFO]  Epoch[1] Batch [0-733]	Speed: 21904.84 samples/sec	cross-entropy=0.050761	hours-per-week-accuracy=3.167575
2024-03-19 16:46:00,897 [INFO]  Epoch[1] Train-cross-entropy=0.035731
2024-03-19 16:46:00,897 [INFO]  Epoch[1] Train-hours-per-week-accuracy=3.163934
2024-03-19 16:46:00,897 [INFO]  Epoch[1] Time cost=0.969
2024-03-19 16:46:00,898 [INFO]  Saved checkpoint to "./imputer_model/imputer_model_hours-per-week/model-0001.params"
2024-03-19 16:46:00,937 [INFO]  Epoch[1] Validation-cross-entropy=0.013736
2024-03-19 16:46:00,937 [INFO]  Epoch[1] Validation-hours-per-week-accuracy=0.000000
2024-03-19 16:46:01,351 [INFO]  Epoch[2] Batch [0-733]	Speed: 28428.86 samples/sec	cross-entropy=0.038635	hours-per-week-accuracy=3.167575
2024-03-19 16:46:01,759 [INFO]  Epoch[2] Train-cross-entropy=0.015049
2024-03-19 16:46:01,759 [INFO]  Epoch[2] Train-hours-per-week-accuracy=3.163934
2024-03-19 16:46:01,759 [INFO]  Epoch[2] Time cost=0.821
2024-03-19 16:46:01,760 [INFO]  Saved checkpoint to "./imputer_model/imputer_model_hours-per-week/model-0002.params"
2024-03-19 16:46:01,808 [INFO]  Epoch[2] Validation-cross-entropy=0.061536
2024-03-19 16:46:01,808 [INFO]  Epoch[2] Validation-hours-per-week-accuracy=0.000000
2024-03-19 16:46:02,219 [INFO]  Epoch[3] Batch [0-733]	Speed: 28631.81 samples/sec	cross-entropy=0.020723	hours-per-week-accuracy=3.167575
2024-03-19 16:46:02,640 [INFO]  Epoch[3] Train-cross-entropy=0.021806
2024-03-19 16:46:02,640 [INFO]  Epoch[3] Train-hours-per-week-accuracy=3.163934
2024-03-19 16:46:02,640 [INFO]  Epoch[3] Time cost=0.831
2024-03-19 16:46:02,641 [INFO]  Saved checkpoint to "./imputer_model/imputer_model_hours-per-week/model-0003.params"
2024-03-19 16:46:02,680 [INFO]  Epoch[3] Validation-cross-entropy=0.011093
2024-03-19 16:46:02,680 [INFO]  Epoch[3] Validation-hours-per-week-accuracy=0.000000
2024-03-19 16:46:03,087 [INFO]  Epoch[4] Batch [0-733]	Speed: 28909.22 samples/sec	cross-entropy=0.014676	hours-per-week-accuracy=3.167575
2024-03-19 16:46:03,503 [INFO]  Epoch[4] Train-cross-entropy=0.014227
2024-03-19 16:46:03,503 [INFO]  Epoch[4] Train-hours-per-week-accuracy=3.163934
2024-03-19 16:46:03,503 [INFO]  Epoch[4] Time cost=0.823
2024-03-19 16:46:03,504 [INFO]  Saved checkpoint to "./imputer_model/imputer_model_hours-per-week/model-0004.params"
2024-03-19 16:46:03,543 [INFO]  Epoch[4] Validation-cross-entropy=0.009544
2024-03-19 16:46:03,543 [INFO]  Epoch[4] Validation-hours-per-week-accuracy=0.000000
2024-03-19 16:46:03,543 [INFO]  
========== done (4.494168281555176 s) fit model
2024-03-19 16:47:21,486 [INFO]  
========== start: fit model
2024-03-19 16:47:21,486 [WARNING]  Already bound, ignoring bind()
2024-03-19 16:47:21,904 [INFO]  Epoch[0] Batch [0-733]	Speed: 28242.40 samples/sec	cross-entropy=0.523231	hours-per-week-accuracy=3.145777
2024-03-19 16:47:22,329 [INFO]  Epoch[0] Train-cross-entropy=0.050457
2024-03-19 16:47:22,329 [INFO]  Epoch[0] Train-hours-per-week-accuracy=3.178962
2024-03-19 16:47:22,329 [INFO]  Epoch[0] Time cost=0.842
2024-03-19 16:47:22,330 [INFO]  Saved checkpoint to "./imputer_model/imputer_model_hours-per-week/model-0000.params"
2024-03-19 16:47:22,375 [INFO]  Epoch[0] Validation-cross-entropy=0.038054
2024-03-19 16:47:22,375 [INFO]  Epoch[0] Validation-hours-per-week-accuracy=0.000000
2024-03-19 16:47:22,804 [INFO]  Epoch[1] Batch [0-733]	Speed: 27358.59 samples/sec	cross-entropy=0.043818	hours-per-week-accuracy=3.145777
2024-03-19 16:47:23,215 [INFO]  Epoch[1] Train-cross-entropy=0.033230
2024-03-19 16:47:23,215 [INFO]  Epoch[1] Train-hours-per-week-accuracy=3.178962
2024-03-19 16:47:23,215 [INFO]  Epoch[1] Time cost=0.840
2024-03-19 16:47:23,216 [INFO]  Saved checkpoint to "./imputer_model/imputer_model_hours-per-week/model-0001.params"
2024-03-19 16:47:23,255 [INFO]  Epoch[1] Validation-cross-entropy=0.015643
2024-03-19 16:47:23,255 [INFO]  Epoch[1] Validation-hours-per-week-accuracy=0.000000
2024-03-19 16:47:23,665 [INFO]  Epoch[2] Batch [0-733]	Speed: 28622.53 samples/sec	cross-entropy=0.032116	hours-per-week-accuracy=3.145777
2024-03-19 16:47:24,074 [INFO]  Epoch[2] Train-cross-entropy=0.008225
2024-03-19 16:47:24,074 [INFO]  Epoch[2] Train-hours-per-week-accuracy=3.178962
2024-03-19 16:47:24,074 [INFO]  Epoch[2] Time cost=0.819
2024-03-19 16:47:24,076 [INFO]  Saved checkpoint to "./imputer_model/imputer_model_hours-per-week/model-0002.params"
2024-03-19 16:47:24,122 [INFO]  Epoch[2] Validation-cross-entropy=0.007825
2024-03-19 16:47:24,122 [INFO]  Epoch[2] Validation-hours-per-week-accuracy=0.000000
2024-03-19 16:47:24,568 [INFO]  Epoch[3] Batch [0-733]	Speed: 26346.66 samples/sec	cross-entropy=0.041249	hours-per-week-accuracy=3.145777
2024-03-19 16:47:24,975 [INFO]  Epoch[3] Train-cross-entropy=0.004183
2024-03-19 16:47:24,975 [INFO]  Epoch[3] Train-hours-per-week-accuracy=3.178962
2024-03-19 16:47:24,975 [INFO]  Epoch[3] Time cost=0.854
2024-03-19 16:47:24,977 [INFO]  Saved checkpoint to "./imputer_model/imputer_model_hours-per-week/model-0003.params"
2024-03-19 16:47:25,016 [INFO]  Epoch[3] Validation-cross-entropy=0.003916
2024-03-19 16:47:25,016 [INFO]  Epoch[3] Validation-hours-per-week-accuracy=0.000000
2024-03-19 16:47:25,431 [INFO]  Epoch[4] Batch [0-733]	Speed: 28272.57 samples/sec	cross-entropy=0.020291	hours-per-week-accuracy=3.145777
2024-03-19 16:47:25,838 [INFO]  Epoch[4] Train-cross-entropy=0.006256
2024-03-19 16:47:25,838 [INFO]  Epoch[4] Train-hours-per-week-accuracy=3.178962
2024-03-19 16:47:25,838 [INFO]  Epoch[4] Time cost=0.823
2024-03-19 16:47:25,840 [INFO]  Saved checkpoint to "./imputer_model/imputer_model_hours-per-week/model-0004.params"
2024-03-19 16:47:25,881 [INFO]  Epoch[4] Validation-cross-entropy=0.012363
2024-03-19 16:47:25,881 [INFO]  Epoch[4] Validation-hours-per-week-accuracy=0.000000
2024-03-19 16:47:25,881 [INFO]  
========== done (4.394673109054565 s) fit model
2024-03-19 16:48:44,002 [INFO]  
========== start: fit model
2024-03-19 16:48:44,002 [WARNING]  Already bound, ignoring bind()
2024-03-19 16:48:44,509 [INFO]  Epoch[0] Batch [0-733]	Speed: 23223.53 samples/sec	cross-entropy=0.438242	hours-per-week-accuracy=3.177112
2024-03-19 16:48:44,918 [INFO]  Epoch[0] Train-cross-entropy=0.056602
2024-03-19 16:48:44,918 [INFO]  Epoch[0] Train-hours-per-week-accuracy=3.200820
2024-03-19 16:48:44,919 [INFO]  Epoch[0] Time cost=0.916
2024-03-19 16:48:44,920 [INFO]  Saved checkpoint to "./imputer_model/imputer_model_hours-per-week/model-0000.params"
2024-03-19 16:48:44,976 [INFO]  Epoch[0] Validation-cross-entropy=0.057202
2024-03-19 16:48:44,976 [INFO]  Epoch[0] Validation-hours-per-week-accuracy=0.000000
2024-03-19 16:48:45,411 [INFO]  Epoch[1] Batch [0-733]	Speed: 27002.01 samples/sec	cross-entropy=0.048047	hours-per-week-accuracy=3.177112
2024-03-19 16:48:45,822 [INFO]  Epoch[1] Train-cross-entropy=0.029101
2024-03-19 16:48:45,822 [INFO]  Epoch[1] Train-hours-per-week-accuracy=3.200820
2024-03-19 16:48:45,822 [INFO]  Epoch[1] Time cost=0.846
2024-03-19 16:48:45,823 [INFO]  Saved checkpoint to "./imputer_model/imputer_model_hours-per-week/model-0001.params"
2024-03-19 16:48:45,862 [INFO]  Epoch[1] Validation-cross-entropy=0.076523
2024-03-19 16:48:45,862 [INFO]  Epoch[1] Validation-hours-per-week-accuracy=0.000000
2024-03-19 16:48:46,280 [INFO]  Epoch[2] Batch [0-733]	Speed: 28089.96 samples/sec	cross-entropy=0.038710	hours-per-week-accuracy=3.177112
2024-03-19 16:48:46,689 [INFO]  Epoch[2] Train-cross-entropy=0.018709
2024-03-19 16:48:46,689 [INFO]  Epoch[2] Train-hours-per-week-accuracy=3.200820
2024-03-19 16:48:46,689 [INFO]  Epoch[2] Time cost=0.827
2024-03-19 16:48:46,691 [INFO]  Saved checkpoint to "./imputer_model/imputer_model_hours-per-week/model-0002.params"
2024-03-19 16:48:46,747 [INFO]  Epoch[2] Validation-cross-entropy=0.082409
2024-03-19 16:48:46,747 [INFO]  Epoch[2] Validation-hours-per-week-accuracy=0.000000
2024-03-19 16:48:47,175 [INFO]  Epoch[3] Batch [0-733]	Speed: 27483.32 samples/sec	cross-entropy=0.022262	hours-per-week-accuracy=3.177112
2024-03-19 16:48:47,600 [INFO]  Epoch[3] Train-cross-entropy=0.014874
2024-03-19 16:48:47,601 [INFO]  Epoch[3] Train-hours-per-week-accuracy=3.200820
2024-03-19 16:48:47,601 [INFO]  Epoch[3] Time cost=0.854
2024-03-19 16:48:47,602 [INFO]  Saved checkpoint to "./imputer_model/imputer_model_hours-per-week/model-0003.params"
2024-03-19 16:48:47,645 [INFO]  Epoch[3] Validation-cross-entropy=0.012477
2024-03-19 16:48:47,645 [INFO]  Epoch[3] Validation-hours-per-week-accuracy=0.000000
2024-03-19 16:48:48,054 [INFO]  Epoch[4] Batch [0-733]	Speed: 28722.26 samples/sec	cross-entropy=0.011936	hours-per-week-accuracy=3.177112
2024-03-19 16:48:48,468 [INFO]  Epoch[4] Train-cross-entropy=0.018777
2024-03-19 16:48:48,468 [INFO]  Epoch[4] Train-hours-per-week-accuracy=3.200820
2024-03-19 16:48:48,468 [INFO]  Epoch[4] Time cost=0.823
2024-03-19 16:48:48,469 [INFO]  Saved checkpoint to "./imputer_model/imputer_model_hours-per-week/model-0004.params"
2024-03-19 16:48:48,508 [INFO]  Epoch[4] Validation-cross-entropy=0.009935
2024-03-19 16:48:48,508 [INFO]  Epoch[4] Validation-hours-per-week-accuracy=0.000000
2024-03-19 16:48:48,508 [INFO]  
========== done (4.506690263748169 s) fit model
