2024-04-11 15:25:46,939 [INFO]  
========== start: fit model
2024-04-11 15:25:46,939 [WARNING]  Already bound, ignoring bind()
2024-04-11 15:25:46,949 [INFO]  Epoch[0] Batch [0-10]	Speed: 21100.76 samples/sec	cross-entropy=14.534278	a3-accuracy=3.454545
2024-04-11 15:25:46,956 [INFO]  Epoch[0] Train-cross-entropy=0.772228
2024-04-11 15:25:46,956 [INFO]  Epoch[0] Train-a3-accuracy=3.375000
2024-04-11 15:25:46,956 [INFO]  Epoch[0] Time cost=0.016
2024-04-11 15:25:46,958 [INFO]  Saved checkpoint to "./imputer_model/30_monk/imputer_model_a3/model-0000.params"
2024-04-11 15:25:46,959 [INFO]  Epoch[0] Validation-cross-entropy=0.460043
2024-04-11 15:25:46,959 [INFO]  Epoch[0] Validation-a3-accuracy=0.000000
2024-04-11 15:25:46,969 [INFO]  Epoch[1] Batch [0-10]	Speed: 17222.42 samples/sec	cross-entropy=0.922866	a3-accuracy=3.454545
2024-04-11 15:25:46,975 [INFO]  Epoch[1] Train-cross-entropy=0.392980
2024-04-11 15:25:46,975 [INFO]  Epoch[1] Train-a3-accuracy=3.375000
2024-04-11 15:25:46,975 [INFO]  Epoch[1] Time cost=0.016
2024-04-11 15:25:46,977 [INFO]  Saved checkpoint to "./imputer_model/30_monk/imputer_model_a3/model-0001.params"
2024-04-11 15:25:46,978 [INFO]  Epoch[1] Validation-cross-entropy=0.057593
2024-04-11 15:25:46,978 [INFO]  Epoch[1] Validation-a3-accuracy=0.000000
2024-04-11 15:25:46,987 [INFO]  Epoch[2] Batch [0-10]	Speed: 20195.26 samples/sec	cross-entropy=0.088908	a3-accuracy=3.454545
2024-04-11 15:25:46,994 [INFO]  Epoch[2] Train-cross-entropy=0.099278
2024-04-11 15:25:46,994 [INFO]  Epoch[2] Train-a3-accuracy=3.375000
2024-04-11 15:25:46,994 [INFO]  Epoch[2] Time cost=0.016
2024-04-11 15:25:46,996 [INFO]  Saved checkpoint to "./imputer_model/30_monk/imputer_model_a3/model-0002.params"
2024-04-11 15:25:46,998 [INFO]  Epoch[2] Validation-cross-entropy=0.070374
2024-04-11 15:25:46,998 [INFO]  Epoch[2] Validation-a3-accuracy=0.000000
2024-04-11 15:25:47,006 [INFO]  Epoch[3] Batch [0-10]	Speed: 20979.39 samples/sec	cross-entropy=0.033674	a3-accuracy=3.454545
2024-04-11 15:25:47,013 [INFO]  Epoch[3] Train-cross-entropy=0.026829
2024-04-11 15:25:47,013 [INFO]  Epoch[3] Train-a3-accuracy=3.375000
2024-04-11 15:25:47,013 [INFO]  Epoch[3] Time cost=0.015
2024-04-11 15:25:47,015 [INFO]  Saved checkpoint to "./imputer_model/30_monk/imputer_model_a3/model-0003.params"
2024-04-11 15:25:47,016 [INFO]  Epoch[3] Validation-cross-entropy=0.013556
2024-04-11 15:25:47,016 [INFO]  Epoch[3] Validation-a3-accuracy=0.000000
2024-04-11 15:25:47,023 [INFO]  Epoch[4] Batch [0-10]	Speed: 27267.83 samples/sec	cross-entropy=0.020650	a3-accuracy=3.454545
2024-04-11 15:25:47,028 [INFO]  Epoch[4] Train-cross-entropy=0.014881
2024-04-11 15:25:47,028 [INFO]  Epoch[4] Train-a3-accuracy=3.375000
2024-04-11 15:25:47,028 [INFO]  Epoch[4] Time cost=0.012
2024-04-11 15:25:47,030 [INFO]  Saved checkpoint to "./imputer_model/30_monk/imputer_model_a3/model-0004.params"
2024-04-11 15:25:47,030 [INFO]  Epoch[4] Validation-cross-entropy=0.009361
2024-04-11 15:25:47,030 [INFO]  Epoch[4] Validation-a3-accuracy=0.000000
2024-04-11 15:25:47,031 [INFO]  
========== done (0.09180545806884766 s) fit model
2024-04-11 15:25:48,101 [INFO]  
========== start: fit model
2024-04-11 15:25:48,102 [WARNING]  Already bound, ignoring bind()
2024-04-11 15:25:48,111 [INFO]  Epoch[0] Batch [0-10]	Speed: 22070.20 samples/sec	cross-entropy=11.965201	a3-accuracy=2.545455
2024-04-11 15:25:48,117 [INFO]  Epoch[0] Train-cross-entropy=0.763722
2024-04-11 15:25:48,118 [INFO]  Epoch[0] Train-a3-accuracy=4.000000
2024-04-11 15:25:48,118 [INFO]  Epoch[0] Time cost=0.015
2024-04-11 15:25:48,119 [INFO]  Saved checkpoint to "./imputer_model/30_monk/imputer_model_a3/model-0000.params"
2024-04-11 15:25:48,120 [INFO]  Epoch[0] Validation-cross-entropy=1.065696
2024-04-11 15:25:48,120 [INFO]  Epoch[0] Validation-a3-accuracy=0.000000
2024-04-11 15:25:48,127 [INFO]  Epoch[1] Batch [0-10]	Speed: 26051.58 samples/sec	cross-entropy=1.268809	a3-accuracy=2.545455
2024-04-11 15:25:48,132 [INFO]  Epoch[1] Train-cross-entropy=0.254058
2024-04-11 15:25:48,132 [INFO]  Epoch[1] Train-a3-accuracy=4.000000
2024-04-11 15:25:48,132 [INFO]  Epoch[1] Time cost=0.012
2024-04-11 15:25:48,134 [INFO]  Saved checkpoint to "./imputer_model/30_monk/imputer_model_a3/model-0001.params"
2024-04-11 15:25:48,135 [INFO]  Epoch[1] Validation-cross-entropy=0.033796
2024-04-11 15:25:48,135 [INFO]  Epoch[1] Validation-a3-accuracy=0.000000
2024-04-11 15:25:48,142 [INFO]  Epoch[2] Batch [0-10]	Speed: 25530.27 samples/sec	cross-entropy=0.118965	a3-accuracy=2.545455
2024-04-11 15:25:48,148 [INFO]  Epoch[2] Train-cross-entropy=0.058554
2024-04-11 15:25:48,148 [INFO]  Epoch[2] Train-a3-accuracy=4.000000
2024-04-11 15:25:48,148 [INFO]  Epoch[2] Time cost=0.013
2024-04-11 15:25:48,150 [INFO]  Saved checkpoint to "./imputer_model/30_monk/imputer_model_a3/model-0002.params"
2024-04-11 15:25:48,151 [INFO]  Epoch[2] Validation-cross-entropy=0.022598
2024-04-11 15:25:48,151 [INFO]  Epoch[2] Validation-a3-accuracy=0.000000
2024-04-11 15:25:48,158 [INFO]  Epoch[3] Batch [0-10]	Speed: 24803.69 samples/sec	cross-entropy=0.026050	a3-accuracy=2.545455
2024-04-11 15:25:48,165 [INFO]  Epoch[3] Train-cross-entropy=0.018382
2024-04-11 15:25:48,165 [INFO]  Epoch[3] Train-a3-accuracy=4.000000
2024-04-11 15:25:48,165 [INFO]  Epoch[3] Time cost=0.014
2024-04-11 15:25:48,166 [INFO]  Saved checkpoint to "./imputer_model/30_monk/imputer_model_a3/model-0003.params"
2024-04-11 15:25:48,168 [INFO]  Epoch[3] Validation-cross-entropy=0.012435
2024-04-11 15:25:48,168 [INFO]  Epoch[3] Validation-a3-accuracy=0.000000
2024-04-11 15:25:48,181 [INFO]  Epoch[4] Batch [0-10]	Speed: 13623.68 samples/sec	cross-entropy=0.013862	a3-accuracy=2.545455
2024-04-11 15:25:48,187 [INFO]  Epoch[4] Train-cross-entropy=0.008581
2024-04-11 15:25:48,187 [INFO]  Epoch[4] Train-a3-accuracy=4.000000
2024-04-11 15:25:48,187 [INFO]  Epoch[4] Time cost=0.019
2024-04-11 15:25:48,188 [INFO]  Saved checkpoint to "./imputer_model/30_monk/imputer_model_a3/model-0004.params"
2024-04-11 15:25:48,189 [INFO]  Epoch[4] Validation-cross-entropy=0.005644
2024-04-11 15:25:48,189 [INFO]  Epoch[4] Validation-a3-accuracy=0.000000
2024-04-11 15:25:48,189 [INFO]  
========== done (0.08804941177368164 s) fit model
2024-04-11 15:25:49,310 [INFO]  
========== start: fit model
2024-04-11 15:25:49,310 [WARNING]  Already bound, ignoring bind()
2024-04-11 15:25:49,322 [INFO]  Epoch[0] Batch [0-10]	Speed: 17370.42 samples/sec	cross-entropy=4.015355	a3-accuracy=3.181818
2024-04-11 15:25:49,329 [INFO]  Epoch[0] Train-cross-entropy=1.327494
2024-04-11 15:25:49,329 [INFO]  Epoch[0] Train-a3-accuracy=2.875000
2024-04-11 15:25:49,329 [INFO]  Epoch[0] Time cost=0.018
2024-04-11 15:25:49,331 [INFO]  Saved checkpoint to "./imputer_model/30_monk/imputer_model_a3/model-0000.params"
2024-04-11 15:25:49,332 [INFO]  Epoch[0] Validation-cross-entropy=0.615815
2024-04-11 15:25:49,332 [INFO]  Epoch[0] Validation-a3-accuracy=0.000000
2024-04-11 15:25:49,342 [INFO]  Epoch[1] Batch [0-10]	Speed: 19216.24 samples/sec	cross-entropy=0.167803	a3-accuracy=3.181818
2024-04-11 15:25:49,348 [INFO]  Epoch[1] Train-cross-entropy=0.181190
2024-04-11 15:25:49,349 [INFO]  Epoch[1] Train-a3-accuracy=2.875000
2024-04-11 15:25:49,349 [INFO]  Epoch[1] Time cost=0.016
2024-04-11 15:25:49,350 [INFO]  Saved checkpoint to "./imputer_model/30_monk/imputer_model_a3/model-0001.params"
2024-04-11 15:25:49,351 [INFO]  Epoch[1] Validation-cross-entropy=0.048239
2024-04-11 15:25:49,351 [INFO]  Epoch[1] Validation-a3-accuracy=0.000000
2024-04-11 15:25:49,360 [INFO]  Epoch[2] Batch [0-10]	Speed: 21966.18 samples/sec	cross-entropy=0.069136	a3-accuracy=3.181818
2024-04-11 15:25:49,366 [INFO]  Epoch[2] Train-cross-entropy=0.022831
2024-04-11 15:25:49,366 [INFO]  Epoch[2] Train-a3-accuracy=2.875000
2024-04-11 15:25:49,366 [INFO]  Epoch[2] Time cost=0.014
2024-04-11 15:25:49,367 [INFO]  Saved checkpoint to "./imputer_model/30_monk/imputer_model_a3/model-0002.params"
2024-04-11 15:25:49,368 [INFO]  Epoch[2] Validation-cross-entropy=0.014611
2024-04-11 15:25:49,369 [INFO]  Epoch[2] Validation-a3-accuracy=0.000000
2024-04-11 15:25:49,378 [INFO]  Epoch[3] Batch [0-10]	Speed: 19685.21 samples/sec	cross-entropy=0.019564	a3-accuracy=3.181818
2024-04-11 15:25:49,384 [INFO]  Epoch[3] Train-cross-entropy=0.007909
2024-04-11 15:25:49,384 [INFO]  Epoch[3] Train-a3-accuracy=2.875000
2024-04-11 15:25:49,384 [INFO]  Epoch[3] Time cost=0.015
2024-04-11 15:25:49,385 [INFO]  Saved checkpoint to "./imputer_model/30_monk/imputer_model_a3/model-0003.params"
2024-04-11 15:25:49,386 [INFO]  Epoch[3] Validation-cross-entropy=0.008134
2024-04-11 15:25:49,386 [INFO]  Epoch[3] Validation-a3-accuracy=0.000000
2024-04-11 15:25:49,395 [INFO]  Epoch[4] Batch [0-10]	Speed: 21608.29 samples/sec	cross-entropy=0.006595	a3-accuracy=3.181818
2024-04-11 15:25:49,401 [INFO]  Epoch[4] Train-cross-entropy=0.003866
2024-04-11 15:25:49,401 [INFO]  Epoch[4] Train-a3-accuracy=2.875000
2024-04-11 15:25:49,401 [INFO]  Epoch[4] Time cost=0.014
2024-04-11 15:25:49,402 [INFO]  Saved checkpoint to "./imputer_model/30_monk/imputer_model_a3/model-0004.params"
2024-04-11 15:25:49,403 [INFO]  Epoch[4] Validation-cross-entropy=0.002160
2024-04-11 15:25:49,403 [INFO]  Epoch[4] Validation-a3-accuracy=0.000000
2024-04-11 15:25:49,404 [INFO]  
========== done (0.0933983325958252 s) fit model
2024-04-11 15:25:50,507 [INFO]  
========== start: fit model
2024-04-11 15:25:50,507 [WARNING]  Already bound, ignoring bind()
2024-04-11 15:25:50,518 [INFO]  Epoch[0] Batch [0-10]	Speed: 18761.74 samples/sec	cross-entropy=9.311258	a3-accuracy=2.909091
2024-04-11 15:25:50,530 [INFO]  Epoch[0] Train-cross-entropy=0.657430
2024-04-11 15:25:50,530 [INFO]  Epoch[0] Train-a3-accuracy=2.500000
2024-04-11 15:25:50,531 [INFO]  Epoch[0] Time cost=0.022
2024-04-11 15:25:50,533 [INFO]  Saved checkpoint to "./imputer_model/30_monk/imputer_model_a3/model-0000.params"
2024-04-11 15:25:50,534 [INFO]  Epoch[0] Validation-cross-entropy=0.909869
2024-04-11 15:25:50,534 [INFO]  Epoch[0] Validation-a3-accuracy=0.000000
2024-04-11 15:25:50,545 [INFO]  Epoch[1] Batch [0-10]	Speed: 17025.36 samples/sec	cross-entropy=1.363720	a3-accuracy=2.909091
2024-04-11 15:25:50,551 [INFO]  Epoch[1] Train-cross-entropy=0.230485
2024-04-11 15:25:50,551 [INFO]  Epoch[1] Train-a3-accuracy=2.500000
2024-04-11 15:25:50,551 [INFO]  Epoch[1] Time cost=0.017
2024-04-11 15:25:50,553 [INFO]  Saved checkpoint to "./imputer_model/30_monk/imputer_model_a3/model-0001.params"
2024-04-11 15:25:50,554 [INFO]  Epoch[1] Validation-cross-entropy=0.237324
2024-04-11 15:25:50,554 [INFO]  Epoch[1] Validation-a3-accuracy=0.000000
2024-04-11 15:25:50,564 [INFO]  Epoch[2] Batch [0-10]	Speed: 18829.65 samples/sec	cross-entropy=0.202327	a3-accuracy=2.909091
2024-04-11 15:25:50,570 [INFO]  Epoch[2] Train-cross-entropy=0.091624
2024-04-11 15:25:50,570 [INFO]  Epoch[2] Train-a3-accuracy=2.500000
2024-04-11 15:25:50,570 [INFO]  Epoch[2] Time cost=0.016
2024-04-11 15:25:50,572 [INFO]  Saved checkpoint to "./imputer_model/30_monk/imputer_model_a3/model-0002.params"
2024-04-11 15:25:50,573 [INFO]  Epoch[2] Validation-cross-entropy=0.091995
2024-04-11 15:25:50,573 [INFO]  Epoch[2] Validation-a3-accuracy=0.000000
2024-04-11 15:25:50,580 [INFO]  Epoch[3] Batch [0-10]	Speed: 25127.82 samples/sec	cross-entropy=0.082888	a3-accuracy=2.909091
2024-04-11 15:25:50,585 [INFO]  Epoch[3] Train-cross-entropy=0.063852
2024-04-11 15:25:50,585 [INFO]  Epoch[3] Train-a3-accuracy=2.500000
2024-04-11 15:25:50,585 [INFO]  Epoch[3] Time cost=0.012
2024-04-11 15:25:50,587 [INFO]  Saved checkpoint to "./imputer_model/30_monk/imputer_model_a3/model-0003.params"
2024-04-11 15:25:50,588 [INFO]  Epoch[3] Validation-cross-entropy=0.072324
2024-04-11 15:25:50,588 [INFO]  Epoch[3] Validation-a3-accuracy=0.000000
2024-04-11 15:25:50,595 [INFO]  Epoch[4] Batch [0-10]	Speed: 23221.86 samples/sec	cross-entropy=0.046247	a3-accuracy=2.909091
2024-04-11 15:25:50,600 [INFO]  Epoch[4] Train-cross-entropy=0.031915
2024-04-11 15:25:50,600 [INFO]  Epoch[4] Train-a3-accuracy=2.500000
2024-04-11 15:25:50,600 [INFO]  Epoch[4] Time cost=0.012
2024-04-11 15:25:50,602 [INFO]  Saved checkpoint to "./imputer_model/30_monk/imputer_model_a3/model-0004.params"
2024-04-11 15:25:50,603 [INFO]  Epoch[4] Validation-cross-entropy=0.044067
2024-04-11 15:25:50,603 [INFO]  Epoch[4] Validation-a3-accuracy=0.000000
2024-04-11 15:25:50,603 [INFO]  
========== done (0.09568500518798828 s) fit model
2024-04-11 15:25:51,703 [INFO]  
========== start: fit model
2024-04-11 15:25:51,703 [WARNING]  Already bound, ignoring bind()
2024-04-11 15:25:51,714 [INFO]  Epoch[0] Batch [0-10]	Speed: 20699.83 samples/sec	cross-entropy=5.288647	a3-accuracy=0.000000
2024-04-11 15:25:51,721 [INFO]  Epoch[0] Train-cross-entropy=0.909646
2024-04-11 15:25:51,721 [INFO]  Epoch[0] Train-a3-accuracy=0.000000
2024-04-11 15:25:51,722 [INFO]  Epoch[0] Time cost=0.017
2024-04-11 15:25:51,724 [INFO]  Saved checkpoint to "./imputer_model/30_monk/imputer_model_a3/model-0000.params"
2024-04-11 15:25:51,725 [INFO]  Epoch[0] Validation-cross-entropy=2.047306
2024-04-11 15:25:51,725 [INFO]  Epoch[0] Validation-a3-accuracy=0.000000
2024-04-11 15:25:51,736 [INFO]  Epoch[1] Batch [0-10]	Speed: 17465.35 samples/sec	cross-entropy=0.827856	a3-accuracy=0.000000
2024-04-11 15:25:51,743 [INFO]  Epoch[1] Train-cross-entropy=0.184558
2024-04-11 15:25:51,743 [INFO]  Epoch[1] Train-a3-accuracy=0.000000
2024-04-11 15:25:51,743 [INFO]  Epoch[1] Time cost=0.018
2024-04-11 15:25:51,745 [INFO]  Saved checkpoint to "./imputer_model/30_monk/imputer_model_a3/model-0001.params"
2024-04-11 15:25:51,746 [INFO]  Epoch[1] Validation-cross-entropy=0.506895
2024-04-11 15:25:51,746 [INFO]  Epoch[1] Validation-a3-accuracy=0.000000
2024-04-11 15:25:51,756 [INFO]  Epoch[2] Batch [0-10]	Speed: 17954.11 samples/sec	cross-entropy=0.215828	a3-accuracy=0.000000
2024-04-11 15:25:51,762 [INFO]  Epoch[2] Train-cross-entropy=0.065983
2024-04-11 15:25:51,762 [INFO]  Epoch[2] Train-a3-accuracy=0.000000
2024-04-11 15:25:51,762 [INFO]  Epoch[2] Time cost=0.016
2024-04-11 15:25:51,764 [INFO]  Saved checkpoint to "./imputer_model/30_monk/imputer_model_a3/model-0002.params"
2024-04-11 15:25:51,765 [INFO]  Epoch[2] Validation-cross-entropy=0.082263
2024-04-11 15:25:51,765 [INFO]  Epoch[2] Validation-a3-accuracy=0.000000
2024-04-11 15:25:51,773 [INFO]  Epoch[3] Batch [0-10]	Speed: 21525.81 samples/sec	cross-entropy=0.061799	a3-accuracy=0.000000
2024-04-11 15:25:51,779 [INFO]  Epoch[3] Train-cross-entropy=0.028612
2024-04-11 15:25:51,779 [INFO]  Epoch[3] Train-a3-accuracy=0.000000
2024-04-11 15:25:51,779 [INFO]  Epoch[3] Time cost=0.014
2024-04-11 15:25:51,781 [INFO]  Saved checkpoint to "./imputer_model/30_monk/imputer_model_a3/model-0003.params"
2024-04-11 15:25:51,782 [INFO]  Epoch[3] Validation-cross-entropy=0.028529
2024-04-11 15:25:51,782 [INFO]  Epoch[3] Validation-a3-accuracy=0.000000
2024-04-11 15:25:51,791 [INFO]  Epoch[4] Batch [0-10]	Speed: 21969.77 samples/sec	cross-entropy=0.023174	a3-accuracy=0.000000
2024-04-11 15:25:51,797 [INFO]  Epoch[4] Train-cross-entropy=0.017548
2024-04-11 15:25:51,797 [INFO]  Epoch[4] Train-a3-accuracy=0.000000
2024-04-11 15:25:51,797 [INFO]  Epoch[4] Time cost=0.014
2024-04-11 15:25:51,798 [INFO]  Saved checkpoint to "./imputer_model/30_monk/imputer_model_a3/model-0004.params"
2024-04-11 15:25:51,800 [INFO]  Epoch[4] Validation-cross-entropy=0.009655
2024-04-11 15:25:51,800 [INFO]  Epoch[4] Validation-a3-accuracy=0.000000
2024-04-11 15:25:51,800 [INFO]  
========== done (0.09652090072631836 s) fit model
2024-04-11 15:25:52,867 [INFO]  
========== start: fit model
2024-04-11 15:25:52,867 [WARNING]  Already bound, ignoring bind()
2024-04-11 15:25:52,881 [INFO]  Epoch[0] Batch [0-10]	Speed: 14583.18 samples/sec	cross-entropy=8.171113	a3-accuracy=2.909091
2024-04-11 15:25:52,891 [INFO]  Epoch[0] Train-cross-entropy=1.617037
2024-04-11 15:25:52,891 [INFO]  Epoch[0] Train-a3-accuracy=2.250000
2024-04-11 15:25:52,891 [INFO]  Epoch[0] Time cost=0.023
2024-04-11 15:25:52,893 [INFO]  Saved checkpoint to "./imputer_model/30_monk/imputer_model_a3/model-0000.params"
2024-04-11 15:25:52,895 [INFO]  Epoch[0] Validation-cross-entropy=3.100336
2024-04-11 15:25:52,895 [INFO]  Epoch[0] Validation-a3-accuracy=0.000000
2024-04-11 15:25:52,904 [INFO]  Epoch[1] Batch [0-10]	Speed: 20078.65 samples/sec	cross-entropy=1.493623	a3-accuracy=2.909091
2024-04-11 15:25:52,910 [INFO]  Epoch[1] Train-cross-entropy=0.272247
2024-04-11 15:25:52,910 [INFO]  Epoch[1] Train-a3-accuracy=2.250000
2024-04-11 15:25:52,910 [INFO]  Epoch[1] Time cost=0.015
2024-04-11 15:25:52,912 [INFO]  Saved checkpoint to "./imputer_model/30_monk/imputer_model_a3/model-0001.params"
2024-04-11 15:25:52,912 [INFO]  Epoch[1] Validation-cross-entropy=0.219889
2024-04-11 15:25:52,913 [INFO]  Epoch[1] Validation-a3-accuracy=0.000000
2024-04-11 15:25:52,921 [INFO]  Epoch[2] Batch [0-10]	Speed: 21444.64 samples/sec	cross-entropy=0.202563	a3-accuracy=2.909091
2024-04-11 15:25:52,927 [INFO]  Epoch[2] Train-cross-entropy=0.154656
2024-04-11 15:25:52,927 [INFO]  Epoch[2] Train-a3-accuracy=2.250000
2024-04-11 15:25:52,927 [INFO]  Epoch[2] Time cost=0.014
2024-04-11 15:25:52,929 [INFO]  Saved checkpoint to "./imputer_model/30_monk/imputer_model_a3/model-0002.params"
2024-04-11 15:25:52,930 [INFO]  Epoch[2] Validation-cross-entropy=0.106861
2024-04-11 15:25:52,930 [INFO]  Epoch[2] Validation-a3-accuracy=0.000000
2024-04-11 15:25:52,938 [INFO]  Epoch[3] Batch [0-10]	Speed: 21897.37 samples/sec	cross-entropy=0.102110	a3-accuracy=2.909091
2024-04-11 15:25:52,944 [INFO]  Epoch[3] Train-cross-entropy=0.072739
2024-04-11 15:25:52,944 [INFO]  Epoch[3] Train-a3-accuracy=2.250000
2024-04-11 15:25:52,944 [INFO]  Epoch[3] Time cost=0.014
2024-04-11 15:25:52,946 [INFO]  Saved checkpoint to "./imputer_model/30_monk/imputer_model_a3/model-0003.params"
2024-04-11 15:25:52,947 [INFO]  Epoch[3] Validation-cross-entropy=0.062432
2024-04-11 15:25:52,947 [INFO]  Epoch[3] Validation-a3-accuracy=0.000000
2024-04-11 15:25:52,955 [INFO]  Epoch[4] Batch [0-10]	Speed: 23607.44 samples/sec	cross-entropy=0.049152	a3-accuracy=2.909091
2024-04-11 15:25:52,961 [INFO]  Epoch[4] Train-cross-entropy=0.039177
2024-04-11 15:25:52,961 [INFO]  Epoch[4] Train-a3-accuracy=2.250000
2024-04-11 15:25:52,961 [INFO]  Epoch[4] Time cost=0.014
2024-04-11 15:25:52,963 [INFO]  Saved checkpoint to "./imputer_model/30_monk/imputer_model_a3/model-0004.params"
2024-04-11 15:25:52,964 [INFO]  Epoch[4] Validation-cross-entropy=0.042471
2024-04-11 15:25:52,964 [INFO]  Epoch[4] Validation-a3-accuracy=0.000000
2024-04-11 15:25:52,964 [INFO]  
========== done (0.09702682495117188 s) fit model
2024-04-11 15:25:54,018 [INFO]  
========== start: fit model
2024-04-11 15:25:54,018 [WARNING]  Already bound, ignoring bind()
2024-04-11 15:25:54,027 [INFO]  Epoch[0] Batch [0-10]	Speed: 24195.58 samples/sec	cross-entropy=5.262120	a3-accuracy=0.000000
2024-04-11 15:25:54,032 [INFO]  Epoch[0] Train-cross-entropy=1.336905
2024-04-11 15:25:54,032 [INFO]  Epoch[0] Train-a3-accuracy=0.000000
2024-04-11 15:25:54,032 [INFO]  Epoch[0] Time cost=0.013
2024-04-11 15:25:54,034 [INFO]  Saved checkpoint to "./imputer_model/30_monk/imputer_model_a3/model-0000.params"
2024-04-11 15:25:54,035 [INFO]  Epoch[0] Validation-cross-entropy=1.106357
2024-04-11 15:25:54,035 [INFO]  Epoch[0] Validation-a3-accuracy=0.000000
2024-04-11 15:25:54,042 [INFO]  Epoch[1] Batch [0-10]	Speed: 26004.13 samples/sec	cross-entropy=0.397667	a3-accuracy=0.000000
2024-04-11 15:25:54,048 [INFO]  Epoch[1] Train-cross-entropy=0.171882
2024-04-11 15:25:54,048 [INFO]  Epoch[1] Train-a3-accuracy=0.000000
2024-04-11 15:25:54,048 [INFO]  Epoch[1] Time cost=0.013
2024-04-11 15:25:54,050 [INFO]  Saved checkpoint to "./imputer_model/30_monk/imputer_model_a3/model-0001.params"
2024-04-11 15:25:54,051 [INFO]  Epoch[1] Validation-cross-entropy=0.143427
2024-04-11 15:25:54,051 [INFO]  Epoch[1] Validation-a3-accuracy=0.000000
2024-04-11 15:25:54,060 [INFO]  Epoch[2] Batch [0-10]	Speed: 19850.58 samples/sec	cross-entropy=0.097169	a3-accuracy=0.000000
2024-04-11 15:25:54,067 [INFO]  Epoch[2] Train-cross-entropy=0.068160
2024-04-11 15:25:54,067 [INFO]  Epoch[2] Train-a3-accuracy=0.000000
2024-04-11 15:25:54,067 [INFO]  Epoch[2] Time cost=0.016
2024-04-11 15:25:54,069 [INFO]  Saved checkpoint to "./imputer_model/30_monk/imputer_model_a3/model-0002.params"
2024-04-11 15:25:54,070 [INFO]  Epoch[2] Validation-cross-entropy=0.033640
2024-04-11 15:25:54,070 [INFO]  Epoch[2] Validation-a3-accuracy=0.000000
2024-04-11 15:25:54,079 [INFO]  Epoch[3] Batch [0-10]	Speed: 20479.38 samples/sec	cross-entropy=0.025684	a3-accuracy=0.000000
2024-04-11 15:25:54,096 [INFO]  Epoch[3] Train-cross-entropy=0.024863
2024-04-11 15:25:54,096 [INFO]  Epoch[3] Train-a3-accuracy=0.000000
2024-04-11 15:25:54,096 [INFO]  Epoch[3] Time cost=0.026
2024-04-11 15:25:54,098 [INFO]  Saved checkpoint to "./imputer_model/30_monk/imputer_model_a3/model-0003.params"
2024-04-11 15:25:54,099 [INFO]  Epoch[3] Validation-cross-entropy=0.010098
2024-04-11 15:25:54,099 [INFO]  Epoch[3] Validation-a3-accuracy=0.000000
2024-04-11 15:25:54,107 [INFO]  Epoch[4] Batch [0-10]	Speed: 22214.12 samples/sec	cross-entropy=0.014463	a3-accuracy=0.000000
2024-04-11 15:25:54,113 [INFO]  Epoch[4] Train-cross-entropy=0.012241
2024-04-11 15:25:54,113 [INFO]  Epoch[4] Train-a3-accuracy=0.000000
2024-04-11 15:25:54,113 [INFO]  Epoch[4] Time cost=0.014
2024-04-11 15:25:54,115 [INFO]  Saved checkpoint to "./imputer_model/30_monk/imputer_model_a3/model-0004.params"
2024-04-11 15:25:54,116 [INFO]  Epoch[4] Validation-cross-entropy=0.006203
2024-04-11 15:25:54,116 [INFO]  Epoch[4] Validation-a3-accuracy=0.000000
2024-04-11 15:25:54,116 [INFO]  
========== done (0.09826493263244629 s) fit model
2024-04-11 15:25:55,142 [INFO]  
========== start: fit model
2024-04-11 15:25:55,142 [WARNING]  Already bound, ignoring bind()
2024-04-11 15:25:55,161 [INFO]  Epoch[0] Batch [0-10]	Speed: 10756.18 samples/sec	cross-entropy=10.265113	a3-accuracy=3.272727
2024-04-11 15:25:55,167 [INFO]  Epoch[0] Train-cross-entropy=0.822430
2024-04-11 15:25:55,167 [INFO]  Epoch[0] Train-a3-accuracy=3.250000
2024-04-11 15:25:55,168 [INFO]  Epoch[0] Time cost=0.024
2024-04-11 15:25:55,169 [INFO]  Saved checkpoint to "./imputer_model/30_monk/imputer_model_a3/model-0000.params"
2024-04-11 15:25:55,170 [INFO]  Epoch[0] Validation-cross-entropy=1.346395
2024-04-11 15:25:55,170 [INFO]  Epoch[0] Validation-a3-accuracy=0.000000
2024-04-11 15:25:55,178 [INFO]  Epoch[1] Batch [0-10]	Speed: 22007.96 samples/sec	cross-entropy=0.973902	a3-accuracy=3.272727
2024-04-11 15:25:55,185 [INFO]  Epoch[1] Train-cross-entropy=0.165298
2024-04-11 15:25:55,185 [INFO]  Epoch[1] Train-a3-accuracy=3.250000
2024-04-11 15:25:55,185 [INFO]  Epoch[1] Time cost=0.015
2024-04-11 15:25:55,187 [INFO]  Saved checkpoint to "./imputer_model/30_monk/imputer_model_a3/model-0001.params"
2024-04-11 15:25:55,187 [INFO]  Epoch[1] Validation-cross-entropy=0.147474
2024-04-11 15:25:55,188 [INFO]  Epoch[1] Validation-a3-accuracy=0.000000
2024-04-11 15:25:55,196 [INFO]  Epoch[2] Batch [0-10]	Speed: 21597.16 samples/sec	cross-entropy=0.154514	a3-accuracy=3.272727
2024-04-11 15:25:55,202 [INFO]  Epoch[2] Train-cross-entropy=0.116736
2024-04-11 15:25:55,202 [INFO]  Epoch[2] Train-a3-accuracy=3.250000
2024-04-11 15:25:55,202 [INFO]  Epoch[2] Time cost=0.014
2024-04-11 15:25:55,203 [INFO]  Saved checkpoint to "./imputer_model/30_monk/imputer_model_a3/model-0002.params"
2024-04-11 15:25:55,204 [INFO]  Epoch[2] Validation-cross-entropy=0.079050
2024-04-11 15:25:55,204 [INFO]  Epoch[2] Validation-a3-accuracy=0.000000
2024-04-11 15:25:55,213 [INFO]  Epoch[3] Batch [0-10]	Speed: 21793.55 samples/sec	cross-entropy=0.065883	a3-accuracy=3.272727
2024-04-11 15:25:55,219 [INFO]  Epoch[3] Train-cross-entropy=0.048320
2024-04-11 15:25:55,219 [INFO]  Epoch[3] Train-a3-accuracy=3.250000
2024-04-11 15:25:55,219 [INFO]  Epoch[3] Time cost=0.014
2024-04-11 15:25:55,221 [INFO]  Saved checkpoint to "./imputer_model/30_monk/imputer_model_a3/model-0003.params"
2024-04-11 15:25:55,222 [INFO]  Epoch[3] Validation-cross-entropy=0.042062
2024-04-11 15:25:55,222 [INFO]  Epoch[3] Validation-a3-accuracy=0.000000
2024-04-11 15:25:55,230 [INFO]  Epoch[4] Batch [0-10]	Speed: 22069.48 samples/sec	cross-entropy=0.038650	a3-accuracy=3.272727
2024-04-11 15:25:55,236 [INFO]  Epoch[4] Train-cross-entropy=0.032601
2024-04-11 15:25:55,236 [INFO]  Epoch[4] Train-a3-accuracy=3.250000
2024-04-11 15:25:55,236 [INFO]  Epoch[4] Time cost=0.014
2024-04-11 15:25:55,237 [INFO]  Saved checkpoint to "./imputer_model/30_monk/imputer_model_a3/model-0004.params"
2024-04-11 15:25:55,238 [INFO]  Epoch[4] Validation-cross-entropy=0.026964
2024-04-11 15:25:55,238 [INFO]  Epoch[4] Validation-a3-accuracy=0.000000
2024-04-11 15:25:55,238 [INFO]  
========== done (0.09624600410461426 s) fit model
2024-04-11 15:25:56,385 [INFO]  
========== start: fit model
2024-04-11 15:25:56,385 [WARNING]  Already bound, ignoring bind()
2024-04-11 15:25:56,395 [INFO]  Epoch[0] Batch [0-10]	Speed: 21622.21 samples/sec	cross-entropy=8.385379	a3-accuracy=2.090909
2024-04-11 15:25:56,401 [INFO]  Epoch[0] Train-cross-entropy=0.983995
2024-04-11 15:25:56,401 [INFO]  Epoch[0] Train-a3-accuracy=3.375000
2024-04-11 15:25:56,401 [INFO]  Epoch[0] Time cost=0.015
2024-04-11 15:25:56,403 [INFO]  Saved checkpoint to "./imputer_model/30_monk/imputer_model_a3/model-0000.params"
2024-04-11 15:25:56,404 [INFO]  Epoch[0] Validation-cross-entropy=1.931218
2024-04-11 15:25:56,404 [INFO]  Epoch[0] Validation-a3-accuracy=0.000000
2024-04-11 15:25:56,411 [INFO]  Epoch[1] Batch [0-10]	Speed: 23246.80 samples/sec	cross-entropy=0.969717	a3-accuracy=2.090909
2024-04-11 15:25:56,416 [INFO]  Epoch[1] Train-cross-entropy=0.114321
2024-04-11 15:25:56,416 [INFO]  Epoch[1] Train-a3-accuracy=3.375000
2024-04-11 15:25:56,416 [INFO]  Epoch[1] Time cost=0.012
2024-04-11 15:25:56,418 [INFO]  Saved checkpoint to "./imputer_model/30_monk/imputer_model_a3/model-0001.params"
2024-04-11 15:25:56,418 [INFO]  Epoch[1] Validation-cross-entropy=0.170368
2024-04-11 15:25:56,419 [INFO]  Epoch[1] Validation-a3-accuracy=0.000000
2024-04-11 15:25:56,426 [INFO]  Epoch[2] Batch [0-10]	Speed: 23093.21 samples/sec	cross-entropy=0.170796	a3-accuracy=2.090909
2024-04-11 15:25:56,432 [INFO]  Epoch[2] Train-cross-entropy=0.058165
2024-04-11 15:25:56,432 [INFO]  Epoch[2] Train-a3-accuracy=3.375000
2024-04-11 15:25:56,432 [INFO]  Epoch[2] Time cost=0.014
2024-04-11 15:25:56,434 [INFO]  Saved checkpoint to "./imputer_model/30_monk/imputer_model_a3/model-0002.params"
2024-04-11 15:25:56,435 [INFO]  Epoch[2] Validation-cross-entropy=0.084963
2024-04-11 15:25:56,435 [INFO]  Epoch[2] Validation-a3-accuracy=0.000000
2024-04-11 15:25:56,442 [INFO]  Epoch[3] Batch [0-10]	Speed: 24073.20 samples/sec	cross-entropy=0.056266	a3-accuracy=2.090909
2024-04-11 15:25:56,448 [INFO]  Epoch[3] Train-cross-entropy=0.021774
2024-04-11 15:25:56,448 [INFO]  Epoch[3] Train-a3-accuracy=3.375000
2024-04-11 15:25:56,448 [INFO]  Epoch[3] Time cost=0.014
2024-04-11 15:25:56,450 [INFO]  Saved checkpoint to "./imputer_model/30_monk/imputer_model_a3/model-0003.params"
2024-04-11 15:25:56,451 [INFO]  Epoch[3] Validation-cross-entropy=0.018023
2024-04-11 15:25:56,451 [INFO]  Epoch[3] Validation-a3-accuracy=0.000000
2024-04-11 15:25:56,458 [INFO]  Epoch[4] Batch [0-10]	Speed: 26666.48 samples/sec	cross-entropy=0.018968	a3-accuracy=2.090909
2024-04-11 15:25:56,462 [INFO]  Epoch[4] Train-cross-entropy=0.017999
2024-04-11 15:25:56,463 [INFO]  Epoch[4] Train-a3-accuracy=3.375000
2024-04-11 15:25:56,463 [INFO]  Epoch[4] Time cost=0.012
2024-04-11 15:25:56,464 [INFO]  Saved checkpoint to "./imputer_model/30_monk/imputer_model_a3/model-0004.params"
2024-04-11 15:25:56,465 [INFO]  Epoch[4] Validation-cross-entropy=0.019786
2024-04-11 15:25:56,465 [INFO]  Epoch[4] Validation-a3-accuracy=0.000000
2024-04-11 15:25:56,465 [INFO]  
========== done (0.08033394813537598 s) fit model
2024-04-11 15:25:57,566 [INFO]  
========== start: fit model
2024-04-11 15:25:57,566 [WARNING]  Already bound, ignoring bind()
2024-04-11 15:25:57,579 [INFO]  Epoch[0] Batch [0-10]	Speed: 16202.04 samples/sec	cross-entropy=9.148454	a3-accuracy=2.545455
2024-04-11 15:25:57,586 [INFO]  Epoch[0] Train-cross-entropy=0.714289
2024-04-11 15:25:57,586 [INFO]  Epoch[0] Train-a3-accuracy=3.250000
2024-04-11 15:25:57,587 [INFO]  Epoch[0] Time cost=0.019
2024-04-11 15:25:57,588 [INFO]  Saved checkpoint to "./imputer_model/30_monk/imputer_model_a3/model-0000.params"
2024-04-11 15:25:57,589 [INFO]  Epoch[0] Validation-cross-entropy=0.873430
2024-04-11 15:25:57,590 [INFO]  Epoch[0] Validation-a3-accuracy=0.000000
2024-04-11 15:25:57,598 [INFO]  Epoch[1] Batch [0-10]	Speed: 21655.70 samples/sec	cross-entropy=0.801791	a3-accuracy=2.545455
2024-04-11 15:25:57,605 [INFO]  Epoch[1] Train-cross-entropy=0.207513
2024-04-11 15:25:57,605 [INFO]  Epoch[1] Train-a3-accuracy=3.250000
2024-04-11 15:25:57,605 [INFO]  Epoch[1] Time cost=0.015
2024-04-11 15:25:57,607 [INFO]  Saved checkpoint to "./imputer_model/30_monk/imputer_model_a3/model-0001.params"
2024-04-11 15:25:57,608 [INFO]  Epoch[1] Validation-cross-entropy=0.057859
2024-04-11 15:25:57,608 [INFO]  Epoch[1] Validation-a3-accuracy=0.000000
2024-04-11 15:25:57,618 [INFO]  Epoch[2] Batch [0-10]	Speed: 19119.88 samples/sec	cross-entropy=0.091732	a3-accuracy=2.545455
2024-04-11 15:25:57,624 [INFO]  Epoch[2] Train-cross-entropy=0.070730
2024-04-11 15:25:57,624 [INFO]  Epoch[2] Train-a3-accuracy=3.250000
2024-04-11 15:25:57,624 [INFO]  Epoch[2] Time cost=0.016
2024-04-11 15:25:57,626 [INFO]  Saved checkpoint to "./imputer_model/30_monk/imputer_model_a3/model-0002.params"
2024-04-11 15:25:57,627 [INFO]  Epoch[2] Validation-cross-entropy=0.087126
2024-04-11 15:25:57,627 [INFO]  Epoch[2] Validation-a3-accuracy=0.000000
2024-04-11 15:25:57,637 [INFO]  Epoch[3] Batch [0-10]	Speed: 18438.53 samples/sec	cross-entropy=0.035093	a3-accuracy=2.545455
2024-04-11 15:25:57,644 [INFO]  Epoch[3] Train-cross-entropy=0.023842
2024-04-11 15:25:57,644 [INFO]  Epoch[3] Train-a3-accuracy=3.250000
2024-04-11 15:25:57,644 [INFO]  Epoch[3] Time cost=0.017
2024-04-11 15:25:57,646 [INFO]  Saved checkpoint to "./imputer_model/30_monk/imputer_model_a3/model-0003.params"
2024-04-11 15:25:57,647 [INFO]  Epoch[3] Validation-cross-entropy=0.018765
2024-04-11 15:25:57,647 [INFO]  Epoch[3] Validation-a3-accuracy=0.000000
2024-04-11 15:25:57,654 [INFO]  Epoch[4] Batch [0-10]	Speed: 25502.13 samples/sec	cross-entropy=0.024757	a3-accuracy=2.545455
2024-04-11 15:25:57,660 [INFO]  Epoch[4] Train-cross-entropy=0.014785
2024-04-11 15:25:57,660 [INFO]  Epoch[4] Train-a3-accuracy=3.250000
2024-04-11 15:25:57,660 [INFO]  Epoch[4] Time cost=0.013
2024-04-11 15:25:57,662 [INFO]  Saved checkpoint to "./imputer_model/30_monk/imputer_model_a3/model-0004.params"
2024-04-11 15:25:57,663 [INFO]  Epoch[4] Validation-cross-entropy=0.016282
2024-04-11 15:25:57,663 [INFO]  Epoch[4] Validation-a3-accuracy=0.000000
2024-04-11 15:25:57,663 [INFO]  
========== done (0.09672403335571289 s) fit model
2024-04-11 15:25:58,932 [INFO]  
========== start: fit model
2024-04-11 15:25:58,932 [WARNING]  Already bound, ignoring bind()
2024-04-11 15:25:58,941 [INFO]  Epoch[0] Batch [0-10]	Speed: 22047.00 samples/sec	cross-entropy=16.798861	a3-accuracy=0.000000
2024-04-11 15:25:58,948 [INFO]  Epoch[0] Train-cross-entropy=2.085897
2024-04-11 15:25:58,949 [INFO]  Epoch[0] Train-a3-accuracy=0.000000
2024-04-11 15:25:58,949 [INFO]  Epoch[0] Time cost=0.016
2024-04-11 15:25:58,950 [INFO]  Saved checkpoint to "./imputer_model/30_monk/imputer_model_a3/model-0000.params"
2024-04-11 15:25:58,952 [INFO]  Epoch[0] Validation-cross-entropy=0.739485
2024-04-11 15:25:58,952 [INFO]  Epoch[0] Validation-a3-accuracy=0.000000
2024-04-11 15:25:58,961 [INFO]  Epoch[1] Batch [0-10]	Speed: 18601.56 samples/sec	cross-entropy=1.164061	a3-accuracy=0.000000
2024-04-11 15:25:58,968 [INFO]  Epoch[1] Train-cross-entropy=0.755358
2024-04-11 15:25:58,969 [INFO]  Epoch[1] Train-a3-accuracy=0.000000
2024-04-11 15:25:58,969 [INFO]  Epoch[1] Time cost=0.017
2024-04-11 15:25:58,971 [INFO]  Saved checkpoint to "./imputer_model/30_monk/imputer_model_a3/model-0001.params"
2024-04-11 15:25:58,972 [INFO]  Epoch[1] Validation-cross-entropy=0.185226
2024-04-11 15:25:58,972 [INFO]  Epoch[1] Validation-a3-accuracy=0.000000
2024-04-11 15:25:58,982 [INFO]  Epoch[2] Batch [0-10]	Speed: 17277.40 samples/sec	cross-entropy=0.213651	a3-accuracy=0.000000
2024-04-11 15:25:58,997 [INFO]  Epoch[2] Train-cross-entropy=0.141738
2024-04-11 15:25:58,997 [INFO]  Epoch[2] Train-a3-accuracy=0.000000
2024-04-11 15:25:58,998 [INFO]  Epoch[2] Time cost=0.026
2024-04-11 15:25:59,001 [INFO]  Saved checkpoint to "./imputer_model/30_monk/imputer_model_a3/model-0002.params"
2024-04-11 15:25:59,003 [INFO]  Epoch[2] Validation-cross-entropy=0.148682
2024-04-11 15:25:59,003 [INFO]  Epoch[2] Validation-a3-accuracy=0.000000
2024-04-11 15:25:59,014 [INFO]  Epoch[3] Batch [0-10]	Speed: 18188.16 samples/sec	cross-entropy=0.068149	a3-accuracy=0.000000
2024-04-11 15:25:59,019 [INFO]  Epoch[3] Train-cross-entropy=0.034839
2024-04-11 15:25:59,019 [INFO]  Epoch[3] Train-a3-accuracy=0.000000
2024-04-11 15:25:59,019 [INFO]  Epoch[3] Time cost=0.016
2024-04-11 15:25:59,021 [INFO]  Saved checkpoint to "./imputer_model/30_monk/imputer_model_a3/model-0003.params"
2024-04-11 15:25:59,021 [INFO]  Epoch[3] Validation-cross-entropy=0.041098
2024-04-11 15:25:59,021 [INFO]  Epoch[3] Validation-a3-accuracy=0.000000
2024-04-11 15:25:59,029 [INFO]  Epoch[4] Batch [0-10]	Speed: 21523.74 samples/sec	cross-entropy=0.031919	a3-accuracy=0.000000
2024-04-11 15:25:59,035 [INFO]  Epoch[4] Train-cross-entropy=0.022137
2024-04-11 15:25:59,035 [INFO]  Epoch[4] Train-a3-accuracy=0.000000
2024-04-11 15:25:59,035 [INFO]  Epoch[4] Time cost=0.014
2024-04-11 15:25:59,037 [INFO]  Saved checkpoint to "./imputer_model/30_monk/imputer_model_a3/model-0004.params"
2024-04-11 15:25:59,038 [INFO]  Epoch[4] Validation-cross-entropy=0.031599
2024-04-11 15:25:59,038 [INFO]  Epoch[4] Validation-a3-accuracy=0.000000
2024-04-11 15:25:59,038 [INFO]  
========== done (0.10585904121398926 s) fit model
2024-04-11 15:26:00,637 [INFO]  
========== start: fit model
2024-04-11 15:26:00,638 [WARNING]  Already bound, ignoring bind()
2024-04-11 15:26:00,762 [INFO]  Epoch[0] Batch [0-10]	Speed: 3431.63 samples/sec	cross-entropy=4.034816	a3-accuracy=3.000000
2024-04-11 15:26:00,768 [INFO]  Epoch[0] Train-cross-entropy=1.074640
2024-04-11 15:26:00,768 [INFO]  Epoch[0] Train-a3-accuracy=2.875000
2024-04-11 15:26:00,768 [INFO]  Epoch[0] Time cost=0.130
2024-04-11 15:26:00,770 [INFO]  Saved checkpoint to "./imputer_model/30_monk/imputer_model_a3/model-0000.params"
2024-04-11 15:26:00,774 [INFO]  Epoch[0] Validation-cross-entropy=1.155081
2024-04-11 15:26:00,774 [INFO]  Epoch[0] Validation-a3-accuracy=0.000000
2024-04-11 15:26:00,902 [INFO]  Epoch[1] Batch [0-10]	Speed: 1257.72 samples/sec	cross-entropy=0.368305	a3-accuracy=3.000000
2024-04-11 15:26:00,908 [INFO]  Epoch[1] Train-cross-entropy=0.227287
2024-04-11 15:26:00,909 [INFO]  Epoch[1] Train-a3-accuracy=2.875000
2024-04-11 15:26:00,909 [INFO]  Epoch[1] Time cost=0.135
2024-04-11 15:26:00,910 [INFO]  Saved checkpoint to "./imputer_model/30_monk/imputer_model_a3/model-0001.params"
2024-04-11 15:26:00,911 [INFO]  Epoch[1] Validation-cross-entropy=0.202626
2024-04-11 15:26:00,912 [INFO]  Epoch[1] Validation-a3-accuracy=0.000000
2024-04-11 15:26:00,924 [INFO]  Epoch[2] Batch [0-10]	Speed: 15514.71 samples/sec	cross-entropy=0.064771	a3-accuracy=3.000000
2024-04-11 15:26:00,935 [INFO]  Epoch[2] Train-cross-entropy=0.044747
2024-04-11 15:26:00,935 [INFO]  Epoch[2] Train-a3-accuracy=2.875000
2024-04-11 15:26:00,935 [INFO]  Epoch[2] Time cost=0.023
2024-04-11 15:26:00,936 [INFO]  Saved checkpoint to "./imputer_model/30_monk/imputer_model_a3/model-0002.params"
2024-04-11 15:26:00,938 [INFO]  Epoch[2] Validation-cross-entropy=0.017940
2024-04-11 15:26:00,938 [INFO]  Epoch[2] Validation-a3-accuracy=0.000000
2024-04-11 15:26:00,948 [INFO]  Epoch[3] Batch [0-10]	Speed: 17757.90 samples/sec	cross-entropy=0.017665	a3-accuracy=3.000000
2024-04-11 15:26:00,962 [INFO]  Epoch[3] Train-cross-entropy=0.015467
2024-04-11 15:26:00,962 [INFO]  Epoch[3] Train-a3-accuracy=2.875000
2024-04-11 15:26:00,962 [INFO]  Epoch[3] Time cost=0.024
2024-04-11 15:26:00,965 [INFO]  Saved checkpoint to "./imputer_model/30_monk/imputer_model_a3/model-0003.params"
2024-04-11 15:26:00,966 [INFO]  Epoch[3] Validation-cross-entropy=0.010609
2024-04-11 15:26:00,966 [INFO]  Epoch[3] Validation-a3-accuracy=0.000000
2024-04-11 15:26:00,978 [INFO]  Epoch[4] Batch [0-10]	Speed: 14271.50 samples/sec	cross-entropy=0.010130	a3-accuracy=3.000000
2024-04-11 15:26:01,026 [INFO]  Epoch[4] Train-cross-entropy=0.008610
2024-04-11 15:26:01,026 [INFO]  Epoch[4] Train-a3-accuracy=2.875000
2024-04-11 15:26:01,026 [INFO]  Epoch[4] Time cost=0.061
2024-04-11 15:26:01,028 [INFO]  Saved checkpoint to "./imputer_model/30_monk/imputer_model_a3/model-0004.params"
2024-04-11 15:26:01,055 [INFO]  Epoch[4] Validation-cross-entropy=0.006420
2024-04-11 15:26:01,055 [INFO]  Epoch[4] Validation-a3-accuracy=0.000000
2024-04-11 15:26:01,055 [INFO]  
========== done (0.4173574447631836 s) fit model
2024-04-11 15:26:03,683 [INFO]  
========== start: fit model
2024-04-11 15:26:03,683 [WARNING]  Already bound, ignoring bind()
2024-04-11 15:26:03,730 [INFO]  Epoch[0] Batch [0-10]	Speed: 3633.85 samples/sec	cross-entropy=9.316089	a3-accuracy=0.000000
2024-04-11 15:26:03,737 [INFO]  Epoch[0] Train-cross-entropy=1.354221
2024-04-11 15:26:03,737 [INFO]  Epoch[0] Train-a3-accuracy=0.000000
2024-04-11 15:26:03,737 [INFO]  Epoch[0] Time cost=0.053
2024-04-11 15:26:03,740 [INFO]  Saved checkpoint to "./imputer_model/30_monk/imputer_model_a3/model-0000.params"
2024-04-11 15:26:03,741 [INFO]  Epoch[0] Validation-cross-entropy=3.160642
2024-04-11 15:26:03,741 [INFO]  Epoch[0] Validation-a3-accuracy=0.000000
2024-04-11 15:26:03,766 [INFO]  Epoch[1] Batch [0-10]	Speed: 6753.23 samples/sec	cross-entropy=1.247720	a3-accuracy=0.000000
2024-04-11 15:26:03,827 [INFO]  Epoch[1] Train-cross-entropy=0.160607
2024-04-11 15:26:03,827 [INFO]  Epoch[1] Train-a3-accuracy=0.000000
2024-04-11 15:26:03,827 [INFO]  Epoch[1] Time cost=0.086
2024-04-11 15:26:03,829 [INFO]  Saved checkpoint to "./imputer_model/30_monk/imputer_model_a3/model-0001.params"
2024-04-11 15:26:03,830 [INFO]  Epoch[1] Validation-cross-entropy=0.207029
2024-04-11 15:26:03,830 [INFO]  Epoch[1] Validation-a3-accuracy=0.000000
2024-04-11 15:26:03,838 [INFO]  Epoch[2] Batch [0-10]	Speed: 20907.49 samples/sec	cross-entropy=0.185294	a3-accuracy=0.000000
2024-04-11 15:26:03,844 [INFO]  Epoch[2] Train-cross-entropy=0.048930
2024-04-11 15:26:03,844 [INFO]  Epoch[2] Train-a3-accuracy=0.000000
2024-04-11 15:26:03,844 [INFO]  Epoch[2] Time cost=0.014
2024-04-11 15:26:03,846 [INFO]  Saved checkpoint to "./imputer_model/30_monk/imputer_model_a3/model-0002.params"
2024-04-11 15:26:03,847 [INFO]  Epoch[2] Validation-cross-entropy=0.033813
2024-04-11 15:26:03,847 [INFO]  Epoch[2] Validation-a3-accuracy=0.000000
2024-04-11 15:26:03,854 [INFO]  Epoch[3] Batch [0-10]	Speed: 24917.89 samples/sec	cross-entropy=0.032772	a3-accuracy=0.000000
2024-04-11 15:26:03,860 [INFO]  Epoch[3] Train-cross-entropy=0.021159
2024-04-11 15:26:03,861 [INFO]  Epoch[3] Train-a3-accuracy=0.000000
2024-04-11 15:26:03,861 [INFO]  Epoch[3] Time cost=0.014
2024-04-11 15:26:03,869 [INFO]  Saved checkpoint to "./imputer_model/30_monk/imputer_model_a3/model-0003.params"
2024-04-11 15:26:03,939 [INFO]  Epoch[3] Validation-cross-entropy=0.008073
2024-04-11 15:26:03,939 [INFO]  Epoch[3] Validation-a3-accuracy=0.000000
2024-04-11 15:26:04,022 [INFO]  Epoch[4] Batch [0-10]	Speed: 1960.67 samples/sec	cross-entropy=0.014726	a3-accuracy=0.000000
2024-04-11 15:26:04,110 [INFO]  Epoch[4] Train-cross-entropy=0.008024
2024-04-11 15:26:04,110 [INFO]  Epoch[4] Train-a3-accuracy=0.000000
2024-04-11 15:26:04,110 [INFO]  Epoch[4] Time cost=0.171
2024-04-11 15:26:04,112 [INFO]  Saved checkpoint to "./imputer_model/30_monk/imputer_model_a3/model-0004.params"
2024-04-11 15:26:04,113 [INFO]  Epoch[4] Validation-cross-entropy=0.009349
2024-04-11 15:26:04,114 [INFO]  Epoch[4] Validation-a3-accuracy=0.000000
2024-04-11 15:26:04,114 [INFO]  
========== done (0.43030810356140137 s) fit model
2024-04-11 15:26:07,285 [INFO]  
========== start: fit model
2024-04-11 15:26:07,285 [WARNING]  Already bound, ignoring bind()
2024-04-11 15:26:07,302 [INFO]  Epoch[0] Batch [0-10]	Speed: 19741.97 samples/sec	cross-entropy=9.080185	a3-accuracy=2.909091
2024-04-11 15:26:07,311 [INFO]  Epoch[0] Train-cross-entropy=0.839568
2024-04-11 15:26:07,311 [INFO]  Epoch[0] Train-a3-accuracy=3.000000
2024-04-11 15:26:07,311 [INFO]  Epoch[0] Time cost=0.025
2024-04-11 15:26:07,313 [INFO]  Saved checkpoint to "./imputer_model/30_monk/imputer_model_a3/model-0000.params"
2024-04-11 15:26:07,314 [INFO]  Epoch[0] Validation-cross-entropy=1.679571
2024-04-11 15:26:07,314 [INFO]  Epoch[0] Validation-a3-accuracy=0.000000
2024-04-11 15:26:07,353 [INFO]  Epoch[1] Batch [0-10]	Speed: 4309.28 samples/sec	cross-entropy=1.064961	a3-accuracy=2.909091
2024-04-11 15:26:07,367 [INFO]  Epoch[1] Train-cross-entropy=0.252343
2024-04-11 15:26:07,367 [INFO]  Epoch[1] Train-a3-accuracy=3.000000
2024-04-11 15:26:07,367 [INFO]  Epoch[1] Time cost=0.052
2024-04-11 15:26:07,369 [INFO]  Saved checkpoint to "./imputer_model/30_monk/imputer_model_a3/model-0001.params"
2024-04-11 15:26:07,370 [INFO]  Epoch[1] Validation-cross-entropy=0.078317
2024-04-11 15:26:07,370 [INFO]  Epoch[1] Validation-a3-accuracy=0.000000
2024-04-11 15:26:07,439 [INFO]  Epoch[2] Batch [0-10]	Speed: 2350.09 samples/sec	cross-entropy=0.155843	a3-accuracy=2.909091
2024-04-11 15:26:07,447 [INFO]  Epoch[2] Train-cross-entropy=0.071087
2024-04-11 15:26:07,447 [INFO]  Epoch[2] Train-a3-accuracy=3.000000
2024-04-11 15:26:07,447 [INFO]  Epoch[2] Time cost=0.078
2024-04-11 15:26:07,449 [INFO]  Saved checkpoint to "./imputer_model/30_monk/imputer_model_a3/model-0002.params"
2024-04-11 15:26:07,475 [INFO]  Epoch[2] Validation-cross-entropy=0.033783
2024-04-11 15:26:07,476 [INFO]  Epoch[2] Validation-a3-accuracy=0.000000
2024-04-11 15:26:07,485 [INFO]  Epoch[3] Batch [0-10]	Speed: 19820.68 samples/sec	cross-entropy=0.045159	a3-accuracy=2.909091
2024-04-11 15:26:07,490 [INFO]  Epoch[3] Train-cross-entropy=0.030383
2024-04-11 15:26:07,490 [INFO]  Epoch[3] Train-a3-accuracy=3.000000
2024-04-11 15:26:07,490 [INFO]  Epoch[3] Time cost=0.015
2024-04-11 15:26:07,492 [INFO]  Saved checkpoint to "./imputer_model/30_monk/imputer_model_a3/model-0003.params"
2024-04-11 15:26:07,493 [INFO]  Epoch[3] Validation-cross-entropy=0.021660
2024-04-11 15:26:07,493 [INFO]  Epoch[3] Validation-a3-accuracy=0.000000
2024-04-11 15:26:07,500 [INFO]  Epoch[4] Batch [0-10]	Speed: 27233.53 samples/sec	cross-entropy=0.026989	a3-accuracy=2.909091
2024-04-11 15:26:07,506 [INFO]  Epoch[4] Train-cross-entropy=0.020466
2024-04-11 15:26:07,506 [INFO]  Epoch[4] Train-a3-accuracy=3.000000
2024-04-11 15:26:07,506 [INFO]  Epoch[4] Time cost=0.013
2024-04-11 15:26:07,508 [INFO]  Saved checkpoint to "./imputer_model/30_monk/imputer_model_a3/model-0004.params"
2024-04-11 15:26:07,509 [INFO]  Epoch[4] Validation-cross-entropy=0.015116
2024-04-11 15:26:07,509 [INFO]  Epoch[4] Validation-a3-accuracy=0.000000
2024-04-11 15:26:07,509 [INFO]  
========== done (0.22411084175109863 s) fit model
2024-04-11 15:26:10,253 [INFO]  
========== start: fit model
2024-04-11 15:26:10,254 [WARNING]  Already bound, ignoring bind()
2024-04-11 15:26:10,288 [INFO]  Epoch[0] Batch [0-10]	Speed: 9466.35 samples/sec	cross-entropy=14.767497	a3-accuracy=0.000000
2024-04-11 15:26:10,293 [INFO]  Epoch[0] Train-cross-entropy=2.425741
2024-04-11 15:26:10,293 [INFO]  Epoch[0] Train-a3-accuracy=0.000000
2024-04-11 15:26:10,293 [INFO]  Epoch[0] Time cost=0.039
2024-04-11 15:26:10,295 [INFO]  Saved checkpoint to "./imputer_model/30_monk/imputer_model_a3/model-0000.params"
2024-04-11 15:26:10,299 [INFO]  Epoch[0] Validation-cross-entropy=1.110083
2024-04-11 15:26:10,299 [INFO]  Epoch[0] Validation-a3-accuracy=0.000000
2024-04-11 15:26:10,366 [INFO]  Epoch[1] Batch [0-10]	Speed: 2425.47 samples/sec	cross-entropy=1.501435	a3-accuracy=0.000000
2024-04-11 15:26:10,372 [INFO]  Epoch[1] Train-cross-entropy=0.792119
2024-04-11 15:26:10,373 [INFO]  Epoch[1] Train-a3-accuracy=0.000000
2024-04-11 15:26:10,373 [INFO]  Epoch[1] Time cost=0.073
2024-04-11 15:26:10,380 [INFO]  Saved checkpoint to "./imputer_model/30_monk/imputer_model_a3/model-0001.params"
2024-04-11 15:26:10,414 [INFO]  Epoch[1] Validation-cross-entropy=0.261911
2024-04-11 15:26:10,414 [INFO]  Epoch[1] Validation-a3-accuracy=0.000000
2024-04-11 15:26:10,547 [INFO]  Epoch[2] Batch [0-10]	Speed: 1214.90 samples/sec	cross-entropy=0.224324	a3-accuracy=0.000000
2024-04-11 15:26:10,636 [INFO]  Epoch[2] Train-cross-entropy=0.264063
2024-04-11 15:26:10,636 [INFO]  Epoch[2] Train-a3-accuracy=0.000000
2024-04-11 15:26:10,636 [INFO]  Epoch[2] Time cost=0.223
2024-04-11 15:26:10,640 [INFO]  Saved checkpoint to "./imputer_model/30_monk/imputer_model_a3/model-0002.params"
2024-04-11 15:26:10,715 [INFO]  Epoch[2] Validation-cross-entropy=0.234847
2024-04-11 15:26:10,715 [INFO]  Epoch[2] Validation-a3-accuracy=0.000000
2024-04-11 15:26:10,729 [INFO]  Epoch[3] Batch [0-10]	Speed: 12858.32 samples/sec	cross-entropy=0.118378	a3-accuracy=0.000000
2024-04-11 15:26:10,745 [INFO]  Epoch[3] Train-cross-entropy=0.097244
2024-04-11 15:26:10,745 [INFO]  Epoch[3] Train-a3-accuracy=0.000000
2024-04-11 15:26:10,745 [INFO]  Epoch[3] Time cost=0.030
2024-04-11 15:26:10,747 [INFO]  Saved checkpoint to "./imputer_model/30_monk/imputer_model_a3/model-0003.params"
2024-04-11 15:26:10,748 [INFO]  Epoch[3] Validation-cross-entropy=0.053199
2024-04-11 15:26:10,748 [INFO]  Epoch[3] Validation-a3-accuracy=0.000000
2024-04-11 15:26:10,831 [INFO]  Epoch[4] Batch [0-10]	Speed: 1953.57 samples/sec	cross-entropy=0.052065	a3-accuracy=0.000000
2024-04-11 15:26:10,836 [INFO]  Epoch[4] Train-cross-entropy=0.064122
2024-04-11 15:26:10,836 [INFO]  Epoch[4] Train-a3-accuracy=0.000000
2024-04-11 15:26:10,836 [INFO]  Epoch[4] Time cost=0.088
2024-04-11 15:26:10,838 [INFO]  Saved checkpoint to "./imputer_model/30_monk/imputer_model_a3/model-0004.params"
2024-04-11 15:26:10,843 [INFO]  Epoch[4] Validation-cross-entropy=0.048126
2024-04-11 15:26:10,843 [INFO]  Epoch[4] Validation-a3-accuracy=0.000000
2024-04-11 15:26:10,843 [INFO]  
========== done (0.5895285606384277 s) fit model
2024-04-11 15:26:13,509 [INFO]  
========== start: fit model
2024-04-11 15:26:13,509 [WARNING]  Already bound, ignoring bind()
2024-04-11 15:26:13,621 [INFO]  Epoch[0] Batch [0-10]	Speed: 20578.60 samples/sec	cross-entropy=5.959014	a3-accuracy=2.909091
2024-04-11 15:26:13,696 [INFO]  Epoch[0] Train-cross-entropy=0.697007
2024-04-11 15:26:13,696 [INFO]  Epoch[0] Train-a3-accuracy=3.250000
2024-04-11 15:26:13,696 [INFO]  Epoch[0] Time cost=0.186
2024-04-11 15:26:13,698 [INFO]  Saved checkpoint to "./imputer_model/30_monk/imputer_model_a3/model-0000.params"
2024-04-11 15:26:13,699 [INFO]  Epoch[0] Validation-cross-entropy=1.198137
2024-04-11 15:26:13,699 [INFO]  Epoch[0] Validation-a3-accuracy=0.000000
2024-04-11 15:26:13,707 [INFO]  Epoch[1] Batch [0-10]	Speed: 21704.03 samples/sec	cross-entropy=0.593241	a3-accuracy=2.909091
2024-04-11 15:26:13,743 [INFO]  Epoch[1] Train-cross-entropy=0.182158
2024-04-11 15:26:13,743 [INFO]  Epoch[1] Train-a3-accuracy=3.250000
2024-04-11 15:26:13,743 [INFO]  Epoch[1] Time cost=0.044
2024-04-11 15:26:13,745 [INFO]  Saved checkpoint to "./imputer_model/30_monk/imputer_model_a3/model-0001.params"
2024-04-11 15:26:13,746 [INFO]  Epoch[1] Validation-cross-entropy=0.233740
2024-04-11 15:26:13,746 [INFO]  Epoch[1] Validation-a3-accuracy=0.000000
2024-04-11 15:26:13,754 [INFO]  Epoch[2] Batch [0-10]	Speed: 24428.10 samples/sec	cross-entropy=0.114080	a3-accuracy=2.909091
2024-04-11 15:26:13,759 [INFO]  Epoch[2] Train-cross-entropy=0.045081
2024-04-11 15:26:13,759 [INFO]  Epoch[2] Train-a3-accuracy=3.250000
2024-04-11 15:26:13,759 [INFO]  Epoch[2] Time cost=0.013
2024-04-11 15:26:13,761 [INFO]  Saved checkpoint to "./imputer_model/30_monk/imputer_model_a3/model-0002.params"
2024-04-11 15:26:13,762 [INFO]  Epoch[2] Validation-cross-entropy=0.041581
2024-04-11 15:26:13,762 [INFO]  Epoch[2] Validation-a3-accuracy=0.000000
2024-04-11 15:26:13,768 [INFO]  Epoch[3] Batch [0-10]	Speed: 26755.79 samples/sec	cross-entropy=0.051790	a3-accuracy=2.909091
2024-04-11 15:26:13,774 [INFO]  Epoch[3] Train-cross-entropy=0.032027
2024-04-11 15:26:13,774 [INFO]  Epoch[3] Train-a3-accuracy=3.250000
2024-04-11 15:26:13,774 [INFO]  Epoch[3] Time cost=0.013
2024-04-11 15:26:13,776 [INFO]  Saved checkpoint to "./imputer_model/30_monk/imputer_model_a3/model-0003.params"
2024-04-11 15:26:13,777 [INFO]  Epoch[3] Validation-cross-entropy=0.025677
2024-04-11 15:26:13,777 [INFO]  Epoch[3] Validation-a3-accuracy=0.000000
2024-04-11 15:26:13,785 [INFO]  Epoch[4] Batch [0-10]	Speed: 23329.23 samples/sec	cross-entropy=0.027217	a3-accuracy=2.909091
2024-04-11 15:26:13,792 [INFO]  Epoch[4] Train-cross-entropy=0.015450
2024-04-11 15:26:13,792 [INFO]  Epoch[4] Train-a3-accuracy=3.250000
2024-04-11 15:26:13,792 [INFO]  Epoch[4] Time cost=0.015
2024-04-11 15:26:13,796 [INFO]  Saved checkpoint to "./imputer_model/30_monk/imputer_model_a3/model-0004.params"
2024-04-11 15:26:13,813 [INFO]  Epoch[4] Validation-cross-entropy=0.013550
2024-04-11 15:26:13,813 [INFO]  Epoch[4] Validation-a3-accuracy=0.000000
2024-04-11 15:26:13,813 [INFO]  
========== done (0.30394697189331055 s) fit model
2024-04-11 15:26:17,420 [INFO]  
========== start: fit model
2024-04-11 15:26:17,420 [WARNING]  Already bound, ignoring bind()
2024-04-11 15:26:17,471 [INFO]  Epoch[0] Batch [0-10]	Speed: 17958.91 samples/sec	cross-entropy=13.746723	a3-accuracy=2.909091
2024-04-11 15:26:17,477 [INFO]  Epoch[0] Train-cross-entropy=1.534628
2024-04-11 15:26:17,477 [INFO]  Epoch[0] Train-a3-accuracy=3.125000
2024-04-11 15:26:17,477 [INFO]  Epoch[0] Time cost=0.056
2024-04-11 15:26:17,479 [INFO]  Saved checkpoint to "./imputer_model/30_monk/imputer_model_a3/model-0000.params"
2024-04-11 15:26:17,482 [INFO]  Epoch[0] Validation-cross-entropy=2.683063
2024-04-11 15:26:17,482 [INFO]  Epoch[0] Validation-a3-accuracy=0.000000
2024-04-11 15:26:17,505 [INFO]  Epoch[1] Batch [0-10]	Speed: 7261.76 samples/sec	cross-entropy=1.666258	a3-accuracy=2.909091
2024-04-11 15:26:17,523 [INFO]  Epoch[1] Train-cross-entropy=0.714149
2024-04-11 15:26:17,523 [INFO]  Epoch[1] Train-a3-accuracy=3.125000
2024-04-11 15:26:17,523 [INFO]  Epoch[1] Time cost=0.041
2024-04-11 15:26:17,525 [INFO]  Saved checkpoint to "./imputer_model/30_monk/imputer_model_a3/model-0001.params"
2024-04-11 15:26:17,526 [INFO]  Epoch[1] Validation-cross-entropy=0.427851
2024-04-11 15:26:17,526 [INFO]  Epoch[1] Validation-a3-accuracy=0.000000
2024-04-11 15:26:17,534 [INFO]  Epoch[2] Batch [0-10]	Speed: 21400.19 samples/sec	cross-entropy=0.310050	a3-accuracy=2.909091
2024-04-11 15:26:17,540 [INFO]  Epoch[2] Train-cross-entropy=0.254907
2024-04-11 15:26:17,540 [INFO]  Epoch[2] Train-a3-accuracy=3.125000
2024-04-11 15:26:17,540 [INFO]  Epoch[2] Time cost=0.014
2024-04-11 15:26:17,542 [INFO]  Saved checkpoint to "./imputer_model/30_monk/imputer_model_a3/model-0002.params"
2024-04-11 15:26:17,554 [INFO]  Epoch[2] Validation-cross-entropy=0.215974
2024-04-11 15:26:17,554 [INFO]  Epoch[2] Validation-a3-accuracy=0.000000
2024-04-11 15:26:17,574 [INFO]  Epoch[3] Batch [0-10]	Speed: 8539.98 samples/sec	cross-entropy=0.127386	a3-accuracy=2.909091
2024-04-11 15:26:17,582 [INFO]  Epoch[3] Train-cross-entropy=0.107282
2024-04-11 15:26:17,582 [INFO]  Epoch[3] Train-a3-accuracy=3.125000
2024-04-11 15:26:17,582 [INFO]  Epoch[3] Time cost=0.028
2024-04-11 15:26:17,584 [INFO]  Saved checkpoint to "./imputer_model/30_monk/imputer_model_a3/model-0003.params"
2024-04-11 15:26:17,589 [INFO]  Epoch[3] Validation-cross-entropy=0.088390
2024-04-11 15:26:17,589 [INFO]  Epoch[3] Validation-a3-accuracy=0.000000
2024-04-11 15:26:17,701 [INFO]  Epoch[4] Batch [0-10]	Speed: 2405.40 samples/sec	cross-entropy=0.074335	a3-accuracy=2.909091
2024-04-11 15:26:17,733 [INFO]  Epoch[4] Train-cross-entropy=0.061106
2024-04-11 15:26:17,733 [INFO]  Epoch[4] Train-a3-accuracy=3.125000
2024-04-11 15:26:17,733 [INFO]  Epoch[4] Time cost=0.144
2024-04-11 15:26:17,735 [INFO]  Saved checkpoint to "./imputer_model/30_monk/imputer_model_a3/model-0004.params"
2024-04-11 15:26:17,737 [INFO]  Epoch[4] Validation-cross-entropy=0.044325
2024-04-11 15:26:17,737 [INFO]  Epoch[4] Validation-a3-accuracy=0.000000
2024-04-11 15:26:17,737 [INFO]  
========== done (0.3168618679046631 s) fit model
2024-04-11 15:26:20,697 [INFO]  
========== start: fit model
2024-04-11 15:26:20,697 [WARNING]  Already bound, ignoring bind()
2024-04-11 15:26:20,744 [INFO]  Epoch[0] Batch [0-10]	Speed: 9473.03 samples/sec	cross-entropy=5.104249	a3-accuracy=0.000000
2024-04-11 15:26:20,759 [INFO]  Epoch[0] Train-cross-entropy=1.263304
2024-04-11 15:26:20,759 [INFO]  Epoch[0] Train-a3-accuracy=0.000000
2024-04-11 15:26:20,759 [INFO]  Epoch[0] Time cost=0.061
2024-04-11 15:26:20,761 [INFO]  Saved checkpoint to "./imputer_model/30_monk/imputer_model_a3/model-0000.params"
2024-04-11 15:26:20,762 [INFO]  Epoch[0] Validation-cross-entropy=1.041068
2024-04-11 15:26:20,762 [INFO]  Epoch[0] Validation-a3-accuracy=0.000000
2024-04-11 15:26:20,774 [INFO]  Epoch[1] Batch [0-10]	Speed: 13529.19 samples/sec	cross-entropy=0.506055	a3-accuracy=0.000000
2024-04-11 15:26:20,813 [INFO]  Epoch[1] Train-cross-entropy=0.235348
2024-04-11 15:26:20,813 [INFO]  Epoch[1] Train-a3-accuracy=0.000000
2024-04-11 15:26:20,813 [INFO]  Epoch[1] Time cost=0.052
2024-04-11 15:26:20,815 [INFO]  Saved checkpoint to "./imputer_model/30_monk/imputer_model_a3/model-0001.params"
2024-04-11 15:26:20,866 [INFO]  Epoch[1] Validation-cross-entropy=0.092564
2024-04-11 15:26:20,870 [INFO]  Epoch[1] Validation-a3-accuracy=0.000000
2024-04-11 15:26:20,927 [INFO]  Epoch[2] Batch [0-10]	Speed: 23151.37 samples/sec	cross-entropy=0.110682	a3-accuracy=0.000000
2024-04-11 15:26:20,997 [INFO]  Epoch[2] Train-cross-entropy=0.076161
2024-04-11 15:26:20,997 [INFO]  Epoch[2] Train-a3-accuracy=0.000000
2024-04-11 15:26:20,997 [INFO]  Epoch[2] Time cost=0.127
2024-04-11 15:26:20,998 [INFO]  Saved checkpoint to "./imputer_model/30_monk/imputer_model_a3/model-0002.params"
2024-04-11 15:26:21,000 [INFO]  Epoch[2] Validation-cross-entropy=0.046130
2024-04-11 15:26:21,000 [INFO]  Epoch[2] Validation-a3-accuracy=0.000000
2024-04-11 15:26:21,051 [INFO]  Epoch[3] Batch [0-10]	Speed: 3178.74 samples/sec	cross-entropy=0.055207	a3-accuracy=0.000000
2024-04-11 15:26:21,057 [INFO]  Epoch[3] Train-cross-entropy=0.034246
2024-04-11 15:26:21,058 [INFO]  Epoch[3] Train-a3-accuracy=0.000000
2024-04-11 15:26:21,058 [INFO]  Epoch[3] Time cost=0.058
2024-04-11 15:26:21,059 [INFO]  Saved checkpoint to "./imputer_model/30_monk/imputer_model_a3/model-0003.params"
2024-04-11 15:26:21,060 [INFO]  Epoch[3] Validation-cross-entropy=0.018222
2024-04-11 15:26:21,060 [INFO]  Epoch[3] Validation-a3-accuracy=0.000000
2024-04-11 15:26:21,128 [INFO]  Epoch[4] Batch [0-10]	Speed: 2395.36 samples/sec	cross-entropy=0.036063	a3-accuracy=0.000000
2024-04-11 15:26:21,134 [INFO]  Epoch[4] Train-cross-entropy=0.027317
2024-04-11 15:26:21,134 [INFO]  Epoch[4] Train-a3-accuracy=0.000000
2024-04-11 15:26:21,134 [INFO]  Epoch[4] Time cost=0.074
2024-04-11 15:26:21,136 [INFO]  Saved checkpoint to "./imputer_model/30_monk/imputer_model_a3/model-0004.params"
2024-04-11 15:26:21,137 [INFO]  Epoch[4] Validation-cross-entropy=0.011565
2024-04-11 15:26:21,137 [INFO]  Epoch[4] Validation-a3-accuracy=0.000000
2024-04-11 15:26:21,137 [INFO]  
========== done (0.4400968551635742 s) fit model
2024-04-11 15:26:23,563 [INFO]  
========== start: fit model
2024-04-11 15:26:23,563 [WARNING]  Already bound, ignoring bind()
2024-04-11 15:26:23,631 [INFO]  Epoch[0] Batch [0-10]	Speed: 12129.50 samples/sec	cross-entropy=8.429756	a3-accuracy=0.000000
2024-04-11 15:26:23,645 [INFO]  Epoch[0] Train-cross-entropy=0.382293
2024-04-11 15:26:23,645 [INFO]  Epoch[0] Train-a3-accuracy=0.000000
2024-04-11 15:26:23,645 [INFO]  Epoch[0] Time cost=0.081
2024-04-11 15:26:23,648 [INFO]  Saved checkpoint to "./imputer_model/30_monk/imputer_model_a3/model-0000.params"
2024-04-11 15:26:23,678 [INFO]  Epoch[0] Validation-cross-entropy=0.674893
2024-04-11 15:26:23,678 [INFO]  Epoch[0] Validation-a3-accuracy=0.000000
2024-04-11 15:26:23,690 [INFO]  Epoch[1] Batch [0-10]	Speed: 14494.67 samples/sec	cross-entropy=0.751943	a3-accuracy=0.000000
2024-04-11 15:26:23,697 [INFO]  Epoch[1] Train-cross-entropy=0.114246
2024-04-11 15:26:23,697 [INFO]  Epoch[1] Train-a3-accuracy=0.000000
2024-04-11 15:26:23,697 [INFO]  Epoch[1] Time cost=0.019
2024-04-11 15:26:23,699 [INFO]  Saved checkpoint to "./imputer_model/30_monk/imputer_model_a3/model-0001.params"
2024-04-11 15:26:23,701 [INFO]  Epoch[1] Validation-cross-entropy=0.045336
2024-04-11 15:26:23,701 [INFO]  Epoch[1] Validation-a3-accuracy=0.000000
2024-04-11 15:26:23,738 [INFO]  Epoch[2] Batch [0-10]	Speed: 4407.58 samples/sec	cross-entropy=0.077805	a3-accuracy=0.000000
2024-04-11 15:26:23,765 [INFO]  Epoch[2] Train-cross-entropy=0.047361
2024-04-11 15:26:23,765 [INFO]  Epoch[2] Train-a3-accuracy=0.000000
2024-04-11 15:26:23,765 [INFO]  Epoch[2] Time cost=0.064
2024-04-11 15:26:23,767 [INFO]  Saved checkpoint to "./imputer_model/30_monk/imputer_model_a3/model-0002.params"
2024-04-11 15:26:23,768 [INFO]  Epoch[2] Validation-cross-entropy=0.020086
2024-04-11 15:26:23,768 [INFO]  Epoch[2] Validation-a3-accuracy=0.000000
2024-04-11 15:26:23,777 [INFO]  Epoch[3] Batch [0-10]	Speed: 19847.06 samples/sec	cross-entropy=0.025229	a3-accuracy=0.000000
2024-04-11 15:26:23,804 [INFO]  Epoch[3] Train-cross-entropy=0.015630
2024-04-11 15:26:23,804 [INFO]  Epoch[3] Train-a3-accuracy=0.000000
2024-04-11 15:26:23,805 [INFO]  Epoch[3] Time cost=0.037
2024-04-11 15:26:23,806 [INFO]  Saved checkpoint to "./imputer_model/30_monk/imputer_model_a3/model-0003.params"
2024-04-11 15:26:23,807 [INFO]  Epoch[3] Validation-cross-entropy=0.006152
2024-04-11 15:26:23,807 [INFO]  Epoch[3] Validation-a3-accuracy=0.000000
2024-04-11 15:26:23,816 [INFO]  Epoch[4] Batch [0-10]	Speed: 20949.26 samples/sec	cross-entropy=0.010292	a3-accuracy=0.000000
2024-04-11 15:26:23,821 [INFO]  Epoch[4] Train-cross-entropy=0.008328
2024-04-11 15:26:23,821 [INFO]  Epoch[4] Train-a3-accuracy=0.000000
2024-04-11 15:26:23,821 [INFO]  Epoch[4] Time cost=0.014
2024-04-11 15:26:23,823 [INFO]  Saved checkpoint to "./imputer_model/30_monk/imputer_model_a3/model-0004.params"
2024-04-11 15:26:23,824 [INFO]  Epoch[4] Validation-cross-entropy=0.002808
2024-04-11 15:26:23,824 [INFO]  Epoch[4] Validation-a3-accuracy=0.000000
2024-04-11 15:26:23,824 [INFO]  
========== done (0.26161646842956543 s) fit model
2024-04-11 15:26:26,622 [INFO]  
========== start: fit model
2024-04-11 15:26:26,622 [WARNING]  Already bound, ignoring bind()
2024-04-11 15:26:26,635 [INFO]  Epoch[0] Batch [0-10]	Speed: 17356.04 samples/sec	cross-entropy=5.578497	a3-accuracy=3.272727
2024-04-11 15:26:26,666 [INFO]  Epoch[0] Train-cross-entropy=0.856851
2024-04-11 15:26:26,666 [INFO]  Epoch[0] Train-a3-accuracy=3.500000
2024-04-11 15:26:26,666 [INFO]  Epoch[0] Time cost=0.042
2024-04-11 15:26:26,668 [INFO]  Saved checkpoint to "./imputer_model/30_monk/imputer_model_a3/model-0000.params"
2024-04-11 15:26:26,669 [INFO]  Epoch[0] Validation-cross-entropy=1.108976
2024-04-11 15:26:26,669 [INFO]  Epoch[0] Validation-a3-accuracy=0.000000
2024-04-11 15:26:26,773 [INFO]  Epoch[1] Batch [0-10]	Speed: 1552.04 samples/sec	cross-entropy=0.616889	a3-accuracy=3.272727
2024-04-11 15:26:26,785 [INFO]  Epoch[1] Train-cross-entropy=0.108997
2024-04-11 15:26:26,785 [INFO]  Epoch[1] Train-a3-accuracy=3.500000
2024-04-11 15:26:26,785 [INFO]  Epoch[1] Time cost=0.116
2024-04-11 15:26:26,787 [INFO]  Saved checkpoint to "./imputer_model/30_monk/imputer_model_a3/model-0001.params"
2024-04-11 15:26:26,788 [INFO]  Epoch[1] Validation-cross-entropy=0.143168
2024-04-11 15:26:26,788 [INFO]  Epoch[1] Validation-a3-accuracy=0.000000
2024-04-11 15:26:26,801 [INFO]  Epoch[2] Batch [0-10]	Speed: 14507.52 samples/sec	cross-entropy=0.130348	a3-accuracy=3.272727
2024-04-11 15:26:26,808 [INFO]  Epoch[2] Train-cross-entropy=0.044875
2024-04-11 15:26:26,808 [INFO]  Epoch[2] Train-a3-accuracy=3.500000
2024-04-11 15:26:26,808 [INFO]  Epoch[2] Time cost=0.019
2024-04-11 15:26:26,810 [INFO]  Saved checkpoint to "./imputer_model/30_monk/imputer_model_a3/model-0002.params"
2024-04-11 15:26:26,811 [INFO]  Epoch[2] Validation-cross-entropy=0.026952
2024-04-11 15:26:26,811 [INFO]  Epoch[2] Validation-a3-accuracy=0.000000
2024-04-11 15:26:26,826 [INFO]  Epoch[3] Batch [0-10]	Speed: 14688.83 samples/sec	cross-entropy=0.029677	a3-accuracy=3.272727
2024-04-11 15:26:26,882 [INFO]  Epoch[3] Train-cross-entropy=0.017820
2024-04-11 15:26:26,882 [INFO]  Epoch[3] Train-a3-accuracy=3.500000
2024-04-11 15:26:26,882 [INFO]  Epoch[3] Time cost=0.070
2024-04-11 15:26:26,884 [INFO]  Saved checkpoint to "./imputer_model/30_monk/imputer_model_a3/model-0003.params"
2024-04-11 15:26:26,885 [INFO]  Epoch[3] Validation-cross-entropy=0.006660
2024-04-11 15:26:26,885 [INFO]  Epoch[3] Validation-a3-accuracy=0.000000
2024-04-11 15:26:26,909 [INFO]  Epoch[4] Batch [0-10]	Speed: 6737.63 samples/sec	cross-entropy=0.011632	a3-accuracy=3.272727
2024-04-11 15:26:26,915 [INFO]  Epoch[4] Train-cross-entropy=0.010678
2024-04-11 15:26:26,916 [INFO]  Epoch[4] Train-a3-accuracy=3.500000
2024-04-11 15:26:26,916 [INFO]  Epoch[4] Time cost=0.031
2024-04-11 15:26:26,917 [INFO]  Saved checkpoint to "./imputer_model/30_monk/imputer_model_a3/model-0004.params"
2024-04-11 15:26:26,918 [INFO]  Epoch[4] Validation-cross-entropy=0.001392
2024-04-11 15:26:26,918 [INFO]  Epoch[4] Validation-a3-accuracy=0.000000
2024-04-11 15:26:26,918 [INFO]  
========== done (0.2965719699859619 s) fit model
2024-04-11 15:26:28,955 [INFO]  
========== start: fit model
2024-04-11 15:26:28,955 [WARNING]  Already bound, ignoring bind()
2024-04-11 15:26:28,978 [INFO]  Epoch[0] Batch [0-10]	Speed: 23797.47 samples/sec	cross-entropy=8.679014	a3-accuracy=0.000000
2024-04-11 15:26:28,984 [INFO]  Epoch[0] Train-cross-entropy=0.736992
2024-04-11 15:26:28,984 [INFO]  Epoch[0] Train-a3-accuracy=0.000000
2024-04-11 15:26:28,984 [INFO]  Epoch[0] Time cost=0.028
2024-04-11 15:26:28,986 [INFO]  Saved checkpoint to "./imputer_model/30_monk/imputer_model_a3/model-0000.params"
2024-04-11 15:26:28,987 [INFO]  Epoch[0] Validation-cross-entropy=0.851047
2024-04-11 15:26:28,987 [INFO]  Epoch[0] Validation-a3-accuracy=0.000000
2024-04-11 15:26:28,995 [INFO]  Epoch[1] Batch [0-10]	Speed: 21298.32 samples/sec	cross-entropy=0.659045	a3-accuracy=0.000000
2024-04-11 15:26:29,001 [INFO]  Epoch[1] Train-cross-entropy=0.184279
2024-04-11 15:26:29,002 [INFO]  Epoch[1] Train-a3-accuracy=0.000000
2024-04-11 15:26:29,002 [INFO]  Epoch[1] Time cost=0.015
2024-04-11 15:26:29,003 [INFO]  Saved checkpoint to "./imputer_model/30_monk/imputer_model_a3/model-0001.params"
2024-04-11 15:26:29,004 [INFO]  Epoch[1] Validation-cross-entropy=0.051324
2024-04-11 15:26:29,004 [INFO]  Epoch[1] Validation-a3-accuracy=0.000000
2024-04-11 15:26:29,055 [INFO]  Epoch[2] Batch [0-10]	Speed: 3530.67 samples/sec	cross-entropy=0.080731	a3-accuracy=0.000000
2024-04-11 15:26:29,066 [INFO]  Epoch[2] Train-cross-entropy=0.065447
2024-04-11 15:26:29,066 [INFO]  Epoch[2] Train-a3-accuracy=0.000000
2024-04-11 15:26:29,066 [INFO]  Epoch[2] Time cost=0.062
2024-04-11 15:26:29,068 [INFO]  Saved checkpoint to "./imputer_model/30_monk/imputer_model_a3/model-0002.params"
2024-04-11 15:26:29,069 [INFO]  Epoch[2] Validation-cross-entropy=0.006607
2024-04-11 15:26:29,069 [INFO]  Epoch[2] Validation-a3-accuracy=0.000000
2024-04-11 15:26:29,081 [INFO]  Epoch[3] Batch [0-10]	Speed: 15476.42 samples/sec	cross-entropy=0.028402	a3-accuracy=0.000000
2024-04-11 15:26:29,091 [INFO]  Epoch[3] Train-cross-entropy=0.021016
2024-04-11 15:26:29,091 [INFO]  Epoch[3] Train-a3-accuracy=0.000000
2024-04-11 15:26:29,091 [INFO]  Epoch[3] Time cost=0.022
2024-04-11 15:26:29,093 [INFO]  Saved checkpoint to "./imputer_model/30_monk/imputer_model_a3/model-0003.params"
2024-04-11 15:26:29,094 [INFO]  Epoch[3] Validation-cross-entropy=0.013712
2024-04-11 15:26:29,094 [INFO]  Epoch[3] Validation-a3-accuracy=0.000000
2024-04-11 15:26:29,106 [INFO]  Epoch[4] Batch [0-10]	Speed: 15172.02 samples/sec	cross-entropy=0.015816	a3-accuracy=0.000000
2024-04-11 15:26:29,115 [INFO]  Epoch[4] Train-cross-entropy=0.012565
2024-04-11 15:26:29,115 [INFO]  Epoch[4] Train-a3-accuracy=0.000000
2024-04-11 15:26:29,115 [INFO]  Epoch[4] Time cost=0.020
2024-04-11 15:26:29,116 [INFO]  Saved checkpoint to "./imputer_model/30_monk/imputer_model_a3/model-0004.params"
2024-04-11 15:26:29,117 [INFO]  Epoch[4] Validation-cross-entropy=0.004602
2024-04-11 15:26:29,118 [INFO]  Epoch[4] Validation-a3-accuracy=0.000000
2024-04-11 15:26:29,118 [INFO]  
========== done (0.1630234718322754 s) fit model
2024-04-11 15:26:30,711 [INFO]  
========== start: fit model
2024-04-11 15:26:30,711 [WARNING]  Already bound, ignoring bind()
2024-04-11 15:26:30,768 [INFO]  Epoch[0] Batch [0-10]	Speed: 3267.67 samples/sec	cross-entropy=22.808032	a3-accuracy=2.818182
2024-04-11 15:26:30,780 [INFO]  Epoch[0] Train-cross-entropy=2.211049
2024-04-11 15:26:30,780 [INFO]  Epoch[0] Train-a3-accuracy=2.750000
2024-04-11 15:26:30,780 [INFO]  Epoch[0] Time cost=0.068
2024-04-11 15:26:30,781 [INFO]  Saved checkpoint to "./imputer_model/30_monk/imputer_model_a3/model-0000.params"
2024-04-11 15:26:30,783 [INFO]  Epoch[0] Validation-cross-entropy=0.822164
2024-04-11 15:26:30,783 [INFO]  Epoch[0] Validation-a3-accuracy=0.000000
2024-04-11 15:26:30,840 [INFO]  Epoch[1] Batch [0-10]	Speed: 2849.66 samples/sec	cross-entropy=1.510962	a3-accuracy=2.818182
2024-04-11 15:26:30,845 [INFO]  Epoch[1] Train-cross-entropy=0.740525
2024-04-11 15:26:30,845 [INFO]  Epoch[1] Train-a3-accuracy=2.750000
2024-04-11 15:26:30,845 [INFO]  Epoch[1] Time cost=0.062
2024-04-11 15:26:30,846 [INFO]  Saved checkpoint to "./imputer_model/30_monk/imputer_model_a3/model-0001.params"
2024-04-11 15:26:30,848 [INFO]  Epoch[1] Validation-cross-entropy=0.314952
2024-04-11 15:26:30,848 [INFO]  Epoch[1] Validation-a3-accuracy=0.000000
2024-04-11 15:26:30,876 [INFO]  Epoch[2] Batch [0-10]	Speed: 5853.01 samples/sec	cross-entropy=0.155557	a3-accuracy=2.818182
2024-04-11 15:26:30,887 [INFO]  Epoch[2] Train-cross-entropy=0.172113
2024-04-11 15:26:30,888 [INFO]  Epoch[2] Train-a3-accuracy=2.750000
2024-04-11 15:26:30,888 [INFO]  Epoch[2] Time cost=0.039
2024-04-11 15:26:30,890 [INFO]  Saved checkpoint to "./imputer_model/30_monk/imputer_model_a3/model-0002.params"
2024-04-11 15:26:30,892 [INFO]  Epoch[2] Validation-cross-entropy=0.090257
2024-04-11 15:26:30,892 [INFO]  Epoch[2] Validation-a3-accuracy=0.000000
2024-04-11 15:26:30,912 [INFO]  Epoch[3] Batch [0-10]	Speed: 9152.25 samples/sec	cross-entropy=0.061271	a3-accuracy=2.818182
2024-04-11 15:26:30,920 [INFO]  Epoch[3] Train-cross-entropy=0.040622
2024-04-11 15:26:30,920 [INFO]  Epoch[3] Train-a3-accuracy=2.750000
2024-04-11 15:26:30,920 [INFO]  Epoch[3] Time cost=0.029
2024-04-11 15:26:30,923 [INFO]  Saved checkpoint to "./imputer_model/30_monk/imputer_model_a3/model-0003.params"
2024-04-11 15:26:30,928 [INFO]  Epoch[3] Validation-cross-entropy=0.019724
2024-04-11 15:26:30,928 [INFO]  Epoch[3] Validation-a3-accuracy=0.000000
2024-04-11 15:26:30,989 [INFO]  Epoch[4] Batch [0-10]	Speed: 4441.85 samples/sec	cross-entropy=0.036546	a3-accuracy=2.818182
2024-04-11 15:26:30,998 [INFO]  Epoch[4] Train-cross-entropy=0.033532
2024-04-11 15:26:30,998 [INFO]  Epoch[4] Train-a3-accuracy=2.750000
2024-04-11 15:26:30,998 [INFO]  Epoch[4] Time cost=0.070
2024-04-11 15:26:31,000 [INFO]  Saved checkpoint to "./imputer_model/30_monk/imputer_model_a3/model-0004.params"
2024-04-11 15:26:31,001 [INFO]  Epoch[4] Validation-cross-entropy=0.016665
2024-04-11 15:26:31,002 [INFO]  Epoch[4] Validation-a3-accuracy=0.000000
2024-04-11 15:26:31,002 [INFO]  
========== done (0.29112863540649414 s) fit model
2024-04-11 15:26:33,872 [INFO]  
========== start: fit model
2024-04-11 15:26:33,873 [WARNING]  Already bound, ignoring bind()
2024-04-11 15:26:34,007 [INFO]  Epoch[0] Batch [0-10]	Speed: 1274.26 samples/sec	cross-entropy=5.354794	a3-accuracy=3.181818
2024-04-11 15:26:34,036 [INFO]  Epoch[0] Train-cross-entropy=0.974456
2024-04-11 15:26:34,036 [INFO]  Epoch[0] Train-a3-accuracy=2.875000
2024-04-11 15:26:34,036 [INFO]  Epoch[0] Time cost=0.162
2024-04-11 15:26:34,038 [INFO]  Saved checkpoint to "./imputer_model/30_monk/imputer_model_a3/model-0000.params"
2024-04-11 15:26:34,058 [INFO]  Epoch[0] Validation-cross-entropy=1.721155
2024-04-11 15:26:34,058 [INFO]  Epoch[0] Validation-a3-accuracy=0.000000
2024-04-11 15:26:34,122 [INFO]  Epoch[1] Batch [0-10]	Speed: 2537.25 samples/sec	cross-entropy=0.597577	a3-accuracy=3.181818
2024-04-11 15:26:34,128 [INFO]  Epoch[1] Train-cross-entropy=0.104130
2024-04-11 15:26:34,128 [INFO]  Epoch[1] Train-a3-accuracy=2.875000
2024-04-11 15:26:34,128 [INFO]  Epoch[1] Time cost=0.070
2024-04-11 15:26:34,132 [INFO]  Saved checkpoint to "./imputer_model/30_monk/imputer_model_a3/model-0001.params"
2024-04-11 15:26:34,173 [INFO]  Epoch[1] Validation-cross-entropy=0.198237
2024-04-11 15:26:34,173 [INFO]  Epoch[1] Validation-a3-accuracy=0.000000
2024-04-11 15:26:34,202 [INFO]  Epoch[2] Batch [0-10]	Speed: 5834.18 samples/sec	cross-entropy=0.087121	a3-accuracy=3.181818
2024-04-11 15:26:34,208 [INFO]  Epoch[2] Train-cross-entropy=0.028040
2024-04-11 15:26:34,208 [INFO]  Epoch[2] Train-a3-accuracy=2.875000
2024-04-11 15:26:34,208 [INFO]  Epoch[2] Time cost=0.034
2024-04-11 15:26:34,210 [INFO]  Saved checkpoint to "./imputer_model/30_monk/imputer_model_a3/model-0002.params"
2024-04-11 15:26:34,211 [INFO]  Epoch[2] Validation-cross-entropy=0.041350
2024-04-11 15:26:34,211 [INFO]  Epoch[2] Validation-a3-accuracy=0.000000
2024-04-11 15:26:34,244 [INFO]  Epoch[3] Batch [0-10]	Speed: 4905.94 samples/sec	cross-entropy=0.027771	a3-accuracy=3.181818
2024-04-11 15:26:34,249 [INFO]  Epoch[3] Train-cross-entropy=0.017279
2024-04-11 15:26:34,249 [INFO]  Epoch[3] Train-a3-accuracy=2.875000
2024-04-11 15:26:34,249 [INFO]  Epoch[3] Time cost=0.039
2024-04-11 15:26:34,251 [INFO]  Saved checkpoint to "./imputer_model/30_monk/imputer_model_a3/model-0003.params"
2024-04-11 15:26:34,252 [INFO]  Epoch[3] Validation-cross-entropy=0.027150
2024-04-11 15:26:34,252 [INFO]  Epoch[3] Validation-a3-accuracy=0.000000
2024-04-11 15:26:34,259 [INFO]  Epoch[4] Batch [0-10]	Speed: 28109.60 samples/sec	cross-entropy=0.013658	a3-accuracy=3.181818
2024-04-11 15:26:34,265 [INFO]  Epoch[4] Train-cross-entropy=0.009991
2024-04-11 15:26:34,265 [INFO]  Epoch[4] Train-a3-accuracy=2.875000
2024-04-11 15:26:34,265 [INFO]  Epoch[4] Time cost=0.013
2024-04-11 15:26:34,267 [INFO]  Saved checkpoint to "./imputer_model/30_monk/imputer_model_a3/model-0004.params"
2024-04-11 15:26:34,268 [INFO]  Epoch[4] Validation-cross-entropy=0.019804
2024-04-11 15:26:34,268 [INFO]  Epoch[4] Validation-a3-accuracy=0.000000
2024-04-11 15:26:34,268 [INFO]  
========== done (0.3956301212310791 s) fit model
2024-04-11 15:26:36,607 [INFO]  
========== start: fit model
2024-04-11 15:26:36,607 [WARNING]  Already bound, ignoring bind()
2024-04-11 15:26:36,656 [INFO]  Epoch[0] Batch [0-10]	Speed: 13354.73 samples/sec	cross-entropy=10.980358	a3-accuracy=0.000000
2024-04-11 15:26:36,776 [INFO]  Epoch[0] Train-cross-entropy=1.266070
2024-04-11 15:26:36,776 [INFO]  Epoch[0] Train-a3-accuracy=0.000000
2024-04-11 15:26:36,776 [INFO]  Epoch[0] Time cost=0.167
2024-04-11 15:26:36,778 [INFO]  Saved checkpoint to "./imputer_model/30_monk/imputer_model_a3/model-0000.params"
2024-04-11 15:26:36,779 [INFO]  Epoch[0] Validation-cross-entropy=0.980775
2024-04-11 15:26:36,779 [INFO]  Epoch[0] Validation-a3-accuracy=0.000000
2024-04-11 15:26:36,790 [INFO]  Epoch[1] Batch [0-10]	Speed: 15578.82 samples/sec	cross-entropy=1.313330	a3-accuracy=0.000000
2024-04-11 15:26:36,796 [INFO]  Epoch[1] Train-cross-entropy=0.529980
2024-04-11 15:26:36,796 [INFO]  Epoch[1] Train-a3-accuracy=0.000000
2024-04-11 15:26:36,796 [INFO]  Epoch[1] Time cost=0.017
2024-04-11 15:26:36,798 [INFO]  Saved checkpoint to "./imputer_model/30_monk/imputer_model_a3/model-0001.params"
2024-04-11 15:26:36,819 [INFO]  Epoch[1] Validation-cross-entropy=0.151167
2024-04-11 15:26:36,819 [INFO]  Epoch[1] Validation-a3-accuracy=0.000000
2024-04-11 15:26:36,832 [INFO]  Epoch[2] Batch [0-10]	Speed: 14813.34 samples/sec	cross-entropy=0.158548	a3-accuracy=0.000000
2024-04-11 15:26:36,843 [INFO]  Epoch[2] Train-cross-entropy=0.177138
2024-04-11 15:26:36,843 [INFO]  Epoch[2] Train-a3-accuracy=0.000000
2024-04-11 15:26:36,843 [INFO]  Epoch[2] Time cost=0.023
2024-04-11 15:26:36,844 [INFO]  Saved checkpoint to "./imputer_model/30_monk/imputer_model_a3/model-0002.params"
2024-04-11 15:26:36,845 [INFO]  Epoch[2] Validation-cross-entropy=0.078922
2024-04-11 15:26:36,845 [INFO]  Epoch[2] Validation-a3-accuracy=0.000000
2024-04-11 15:26:36,871 [INFO]  Epoch[3] Batch [0-10]	Speed: 21194.06 samples/sec	cross-entropy=0.068515	a3-accuracy=0.000000
2024-04-11 15:26:36,887 [INFO]  Epoch[3] Train-cross-entropy=0.062852
2024-04-11 15:26:36,887 [INFO]  Epoch[3] Train-a3-accuracy=0.000000
2024-04-11 15:26:36,888 [INFO]  Epoch[3] Time cost=0.042
2024-04-11 15:26:36,889 [INFO]  Saved checkpoint to "./imputer_model/30_monk/imputer_model_a3/model-0003.params"
2024-04-11 15:26:36,901 [INFO]  Epoch[3] Validation-cross-entropy=0.044726
2024-04-11 15:26:36,902 [INFO]  Epoch[3] Validation-a3-accuracy=0.000000
2024-04-11 15:26:36,920 [INFO]  Epoch[4] Batch [0-10]	Speed: 9566.34 samples/sec	cross-entropy=0.036303	a3-accuracy=0.000000
2024-04-11 15:26:36,954 [INFO]  Epoch[4] Train-cross-entropy=0.035483
2024-04-11 15:26:36,955 [INFO]  Epoch[4] Train-a3-accuracy=0.000000
2024-04-11 15:26:36,955 [INFO]  Epoch[4] Time cost=0.053
2024-04-11 15:26:36,956 [INFO]  Saved checkpoint to "./imputer_model/30_monk/imputer_model_a3/model-0004.params"
2024-04-11 15:26:36,957 [INFO]  Epoch[4] Validation-cross-entropy=0.024895
2024-04-11 15:26:36,957 [INFO]  Epoch[4] Validation-a3-accuracy=0.000000
2024-04-11 15:26:36,958 [INFO]  
========== done (0.35023951530456543 s) fit model
2024-04-11 15:26:40,208 [INFO]  
========== start: fit model
2024-04-11 15:26:40,208 [WARNING]  Already bound, ignoring bind()
2024-04-11 15:26:40,264 [INFO]  Epoch[0] Batch [0-10]	Speed: 12689.34 samples/sec	cross-entropy=6.664353	a3-accuracy=3.181818
2024-04-11 15:26:40,270 [INFO]  Epoch[0] Train-cross-entropy=0.703437
2024-04-11 15:26:40,270 [INFO]  Epoch[0] Train-a3-accuracy=3.750000
2024-04-11 15:26:40,270 [INFO]  Epoch[0] Time cost=0.060
2024-04-11 15:26:40,271 [INFO]  Saved checkpoint to "./imputer_model/30_monk/imputer_model_a3/model-0000.params"
2024-04-11 15:26:40,272 [INFO]  Epoch[0] Validation-cross-entropy=0.814402
2024-04-11 15:26:40,272 [INFO]  Epoch[0] Validation-a3-accuracy=0.000000
2024-04-11 15:26:40,290 [INFO]  Epoch[1] Batch [0-10]	Speed: 13703.52 samples/sec	cross-entropy=0.635201	a3-accuracy=3.181818
2024-04-11 15:26:40,296 [INFO]  Epoch[1] Train-cross-entropy=0.131963
2024-04-11 15:26:40,297 [INFO]  Epoch[1] Train-a3-accuracy=3.750000
2024-04-11 15:26:40,297 [INFO]  Epoch[1] Time cost=0.024
2024-04-11 15:26:40,298 [INFO]  Saved checkpoint to "./imputer_model/30_monk/imputer_model_a3/model-0001.params"
2024-04-11 15:26:40,299 [INFO]  Epoch[1] Validation-cross-entropy=0.173178
2024-04-11 15:26:40,299 [INFO]  Epoch[1] Validation-a3-accuracy=0.000000
2024-04-11 15:26:40,307 [INFO]  Epoch[2] Batch [0-10]	Speed: 22116.02 samples/sec	cross-entropy=0.135855	a3-accuracy=3.181818
2024-04-11 15:26:40,318 [INFO]  Epoch[2] Train-cross-entropy=0.038372
2024-04-11 15:26:40,318 [INFO]  Epoch[2] Train-a3-accuracy=3.750000
2024-04-11 15:26:40,318 [INFO]  Epoch[2] Time cost=0.019
2024-04-11 15:26:40,319 [INFO]  Saved checkpoint to "./imputer_model/30_monk/imputer_model_a3/model-0002.params"
2024-04-11 15:26:40,321 [INFO]  Epoch[2] Validation-cross-entropy=0.032929
2024-04-11 15:26:40,321 [INFO]  Epoch[2] Validation-a3-accuracy=0.000000
2024-04-11 15:26:40,333 [INFO]  Epoch[3] Batch [0-10]	Speed: 14796.35 samples/sec	cross-entropy=0.042193	a3-accuracy=3.181818
2024-04-11 15:26:40,343 [INFO]  Epoch[3] Train-cross-entropy=0.034581
2024-04-11 15:26:40,343 [INFO]  Epoch[3] Train-a3-accuracy=3.750000
2024-04-11 15:26:40,343 [INFO]  Epoch[3] Time cost=0.022
2024-04-11 15:26:40,345 [INFO]  Saved checkpoint to "./imputer_model/30_monk/imputer_model_a3/model-0003.params"
2024-04-11 15:26:40,346 [INFO]  Epoch[3] Validation-cross-entropy=0.027387
2024-04-11 15:26:40,346 [INFO]  Epoch[3] Validation-a3-accuracy=0.000000
2024-04-11 15:26:40,365 [INFO]  Epoch[4] Batch [0-10]	Speed: 9213.06 samples/sec	cross-entropy=0.022901	a3-accuracy=3.181818
2024-04-11 15:26:40,375 [INFO]  Epoch[4] Train-cross-entropy=0.014735
2024-04-11 15:26:40,375 [INFO]  Epoch[4] Train-a3-accuracy=3.750000
2024-04-11 15:26:40,375 [INFO]  Epoch[4] Time cost=0.028
2024-04-11 15:26:40,377 [INFO]  Saved checkpoint to "./imputer_model/30_monk/imputer_model_a3/model-0004.params"
2024-04-11 15:26:40,378 [INFO]  Epoch[4] Validation-cross-entropy=0.013563
2024-04-11 15:26:40,378 [INFO]  Epoch[4] Validation-a3-accuracy=0.000000
2024-04-11 15:26:40,378 [INFO]  
========== done (0.17003083229064941 s) fit model
2024-04-11 15:26:42,969 [INFO]  
========== start: fit model
2024-04-11 15:26:42,969 [WARNING]  Already bound, ignoring bind()
2024-04-11 15:26:43,027 [INFO]  Epoch[0] Batch [0-10]	Speed: 2978.63 samples/sec	cross-entropy=5.857000	a3-accuracy=2.636364
2024-04-11 15:26:43,185 [INFO]  Epoch[0] Train-cross-entropy=0.921583
2024-04-11 15:26:43,185 [INFO]  Epoch[0] Train-a3-accuracy=3.125000
2024-04-11 15:26:43,185 [INFO]  Epoch[0] Time cost=0.215
2024-04-11 15:26:43,188 [INFO]  Saved checkpoint to "./imputer_model/30_monk/imputer_model_a3/model-0000.params"
2024-04-11 15:26:43,230 [INFO]  Epoch[0] Validation-cross-entropy=1.230244
2024-04-11 15:26:43,231 [INFO]  Epoch[0] Validation-a3-accuracy=0.000000
2024-04-11 15:26:43,260 [INFO]  Epoch[1] Batch [0-10]	Speed: 5638.83 samples/sec	cross-entropy=0.793060	a3-accuracy=2.636364
2024-04-11 15:26:43,329 [INFO]  Epoch[1] Train-cross-entropy=0.167862
2024-04-11 15:26:43,329 [INFO]  Epoch[1] Train-a3-accuracy=3.125000
2024-04-11 15:26:43,329 [INFO]  Epoch[1] Time cost=0.098
2024-04-11 15:26:43,331 [INFO]  Saved checkpoint to "./imputer_model/30_monk/imputer_model_a3/model-0001.params"
2024-04-11 15:26:43,333 [INFO]  Epoch[1] Validation-cross-entropy=0.188037
2024-04-11 15:26:43,333 [INFO]  Epoch[1] Validation-a3-accuracy=0.000000
2024-04-11 15:26:43,348 [INFO]  Epoch[2] Batch [0-10]	Speed: 12020.86 samples/sec	cross-entropy=0.156562	a3-accuracy=2.636364
2024-04-11 15:26:43,360 [INFO]  Epoch[2] Train-cross-entropy=0.088990
2024-04-11 15:26:43,360 [INFO]  Epoch[2] Train-a3-accuracy=3.125000
2024-04-11 15:26:43,360 [INFO]  Epoch[2] Time cost=0.027
2024-04-11 15:26:43,363 [INFO]  Saved checkpoint to "./imputer_model/30_monk/imputer_model_a3/model-0002.params"
2024-04-11 15:26:43,377 [INFO]  Epoch[2] Validation-cross-entropy=0.130758
2024-04-11 15:26:43,377 [INFO]  Epoch[2] Validation-a3-accuracy=0.000000
2024-04-11 15:26:43,390 [INFO]  Epoch[3] Batch [0-10]	Speed: 14385.30 samples/sec	cross-entropy=0.070989	a3-accuracy=2.636364
2024-04-11 15:26:43,431 [INFO]  Epoch[3] Train-cross-entropy=0.057335
2024-04-11 15:26:43,431 [INFO]  Epoch[3] Train-a3-accuracy=3.125000
2024-04-11 15:26:43,432 [INFO]  Epoch[3] Time cost=0.054
2024-04-11 15:26:43,435 [INFO]  Saved checkpoint to "./imputer_model/30_monk/imputer_model_a3/model-0003.params"
2024-04-11 15:26:43,449 [INFO]  Epoch[3] Validation-cross-entropy=0.017975
2024-04-11 15:26:43,449 [INFO]  Epoch[3] Validation-a3-accuracy=0.000000
2024-04-11 15:26:43,460 [INFO]  Epoch[4] Batch [0-10]	Speed: 17993.10 samples/sec	cross-entropy=0.051051	a3-accuracy=2.636364
2024-04-11 15:26:43,482 [INFO]  Epoch[4] Train-cross-entropy=0.031735
2024-04-11 15:26:43,483 [INFO]  Epoch[4] Train-a3-accuracy=3.125000
2024-04-11 15:26:43,483 [INFO]  Epoch[4] Time cost=0.033
2024-04-11 15:26:43,485 [INFO]  Saved checkpoint to "./imputer_model/30_monk/imputer_model_a3/model-0004.params"
2024-04-11 15:26:43,487 [INFO]  Epoch[4] Validation-cross-entropy=0.016377
2024-04-11 15:26:43,487 [INFO]  Epoch[4] Validation-a3-accuracy=0.000000
2024-04-11 15:26:43,488 [INFO]  
========== done (0.5188636779785156 s) fit model
2024-04-11 15:26:46,485 [INFO]  
========== start: fit model
2024-04-11 15:26:46,485 [WARNING]  Already bound, ignoring bind()
2024-04-11 15:26:46,583 [INFO]  Epoch[0] Batch [0-10]	Speed: 3567.32 samples/sec	cross-entropy=6.641185	a3-accuracy=3.272727
2024-04-11 15:26:46,610 [INFO]  Epoch[0] Train-cross-entropy=1.394582
2024-04-11 15:26:46,610 [INFO]  Epoch[0] Train-a3-accuracy=2.375000
2024-04-11 15:26:46,610 [INFO]  Epoch[0] Time cost=0.123
2024-04-11 15:26:46,612 [INFO]  Saved checkpoint to "./imputer_model/30_monk/imputer_model_a3/model-0000.params"
2024-04-11 15:26:46,645 [INFO]  Epoch[0] Validation-cross-entropy=1.516965
2024-04-11 15:26:46,645 [INFO]  Epoch[0] Validation-a3-accuracy=0.000000
2024-04-11 15:26:46,653 [INFO]  Epoch[1] Batch [0-10]	Speed: 21871.68 samples/sec	cross-entropy=0.864100	a3-accuracy=3.272727
2024-04-11 15:26:46,659 [INFO]  Epoch[1] Train-cross-entropy=0.304677
2024-04-11 15:26:46,660 [INFO]  Epoch[1] Train-a3-accuracy=2.375000
2024-04-11 15:26:46,660 [INFO]  Epoch[1] Time cost=0.015
2024-04-11 15:26:46,661 [INFO]  Saved checkpoint to "./imputer_model/30_monk/imputer_model_a3/model-0001.params"
2024-04-11 15:26:46,662 [INFO]  Epoch[1] Validation-cross-entropy=0.241443
2024-04-11 15:26:46,662 [INFO]  Epoch[1] Validation-a3-accuracy=0.000000
2024-04-11 15:26:46,689 [INFO]  Epoch[2] Batch [0-10]	Speed: 6231.38 samples/sec	cross-entropy=0.187416	a3-accuracy=3.272727
2024-04-11 15:26:46,695 [INFO]  Epoch[2] Train-cross-entropy=0.086116
2024-04-11 15:26:46,695 [INFO]  Epoch[2] Train-a3-accuracy=2.375000
2024-04-11 15:26:46,695 [INFO]  Epoch[2] Time cost=0.033
2024-04-11 15:26:46,697 [INFO]  Saved checkpoint to "./imputer_model/30_monk/imputer_model_a3/model-0002.params"
2024-04-11 15:26:46,698 [INFO]  Epoch[2] Validation-cross-entropy=0.079411
2024-04-11 15:26:46,698 [INFO]  Epoch[2] Validation-a3-accuracy=0.000000
2024-04-11 15:26:46,708 [INFO]  Epoch[3] Batch [0-10]	Speed: 16601.65 samples/sec	cross-entropy=0.065087	a3-accuracy=3.272727
2024-04-11 15:26:46,714 [INFO]  Epoch[3] Train-cross-entropy=0.047384
2024-04-11 15:26:46,714 [INFO]  Epoch[3] Train-a3-accuracy=2.375000
2024-04-11 15:26:46,714 [INFO]  Epoch[3] Time cost=0.017
2024-04-11 15:26:46,716 [INFO]  Saved checkpoint to "./imputer_model/30_monk/imputer_model_a3/model-0003.params"
2024-04-11 15:26:46,717 [INFO]  Epoch[3] Validation-cross-entropy=0.046910
2024-04-11 15:26:46,717 [INFO]  Epoch[3] Validation-a3-accuracy=0.000000
2024-04-11 15:26:46,868 [INFO]  Epoch[4] Batch [0-10]	Speed: 1069.45 samples/sec	cross-entropy=0.037983	a3-accuracy=3.272727
2024-04-11 15:26:46,877 [INFO]  Epoch[4] Train-cross-entropy=0.030398
2024-04-11 15:26:46,877 [INFO]  Epoch[4] Train-a3-accuracy=2.375000
2024-04-11 15:26:46,877 [INFO]  Epoch[4] Time cost=0.160
2024-04-11 15:26:46,879 [INFO]  Saved checkpoint to "./imputer_model/30_monk/imputer_model_a3/model-0004.params"
2024-04-11 15:26:46,880 [INFO]  Epoch[4] Validation-cross-entropy=0.026181
2024-04-11 15:26:46,880 [INFO]  Epoch[4] Validation-a3-accuracy=0.000000
2024-04-11 15:26:46,880 [INFO]  
========== done (0.3949556350708008 s) fit model
2024-04-11 15:26:49,273 [INFO]  
========== start: fit model
2024-04-11 15:26:49,273 [WARNING]  Already bound, ignoring bind()
2024-04-11 15:26:49,386 [INFO]  Epoch[0] Batch [0-10]	Speed: 5770.72 samples/sec	cross-entropy=3.791547	a3-accuracy=3.090909
2024-04-11 15:26:49,392 [INFO]  Epoch[0] Train-cross-entropy=1.549076
2024-04-11 15:26:49,392 [INFO]  Epoch[0] Train-a3-accuracy=3.875000
2024-04-11 15:26:49,392 [INFO]  Epoch[0] Time cost=0.118
2024-04-11 15:26:49,394 [INFO]  Saved checkpoint to "./imputer_model/30_monk/imputer_model_a3/model-0000.params"
2024-04-11 15:26:49,396 [INFO]  Epoch[0] Validation-cross-entropy=0.850244
2024-04-11 15:26:49,396 [INFO]  Epoch[0] Validation-a3-accuracy=0.000000
2024-04-11 15:26:49,405 [INFO]  Epoch[1] Batch [0-10]	Speed: 19846.47 samples/sec	cross-entropy=0.254850	a3-accuracy=3.090909
2024-04-11 15:26:49,412 [INFO]  Epoch[1] Train-cross-entropy=0.154257
2024-04-11 15:26:49,412 [INFO]  Epoch[1] Train-a3-accuracy=3.875000
2024-04-11 15:26:49,412 [INFO]  Epoch[1] Time cost=0.016
2024-04-11 15:26:49,413 [INFO]  Saved checkpoint to "./imputer_model/30_monk/imputer_model_a3/model-0001.params"
2024-04-11 15:26:49,414 [INFO]  Epoch[1] Validation-cross-entropy=0.089340
2024-04-11 15:26:49,415 [INFO]  Epoch[1] Validation-a3-accuracy=0.000000
2024-04-11 15:26:49,435 [INFO]  Epoch[2] Batch [0-10]	Speed: 8277.28 samples/sec	cross-entropy=0.070690	a3-accuracy=3.090909
2024-04-11 15:26:49,441 [INFO]  Epoch[2] Train-cross-entropy=0.026041
2024-04-11 15:26:49,441 [INFO]  Epoch[2] Train-a3-accuracy=3.875000
2024-04-11 15:26:49,441 [INFO]  Epoch[2] Time cost=0.026
2024-04-11 15:26:49,442 [INFO]  Saved checkpoint to "./imputer_model/30_monk/imputer_model_a3/model-0002.params"
2024-04-11 15:26:49,443 [INFO]  Epoch[2] Validation-cross-entropy=0.021298
2024-04-11 15:26:49,444 [INFO]  Epoch[2] Validation-a3-accuracy=0.000000
2024-04-11 15:26:49,456 [INFO]  Epoch[3] Batch [0-10]	Speed: 14406.61 samples/sec	cross-entropy=0.016232	a3-accuracy=3.090909
2024-04-11 15:26:49,484 [INFO]  Epoch[3] Train-cross-entropy=0.011149
2024-04-11 15:26:49,484 [INFO]  Epoch[3] Train-a3-accuracy=3.875000
2024-04-11 15:26:49,484 [INFO]  Epoch[3] Time cost=0.041
2024-04-11 15:26:49,486 [INFO]  Saved checkpoint to "./imputer_model/30_monk/imputer_model_a3/model-0003.params"
2024-04-11 15:26:49,489 [INFO]  Epoch[3] Validation-cross-entropy=0.020718
2024-04-11 15:26:49,489 [INFO]  Epoch[3] Validation-a3-accuracy=0.000000
2024-04-11 15:26:49,515 [INFO]  Epoch[4] Batch [0-10]	Speed: 6403.88 samples/sec	cross-entropy=0.010810	a3-accuracy=3.090909
2024-04-11 15:26:49,522 [INFO]  Epoch[4] Train-cross-entropy=0.005923
2024-04-11 15:26:49,522 [INFO]  Epoch[4] Train-a3-accuracy=3.875000
2024-04-11 15:26:49,523 [INFO]  Epoch[4] Time cost=0.033
2024-04-11 15:26:49,524 [INFO]  Saved checkpoint to "./imputer_model/30_monk/imputer_model_a3/model-0004.params"
2024-04-11 15:26:49,526 [INFO]  Epoch[4] Validation-cross-entropy=0.011137
2024-04-11 15:26:49,526 [INFO]  Epoch[4] Validation-a3-accuracy=0.000000
2024-04-11 15:26:49,527 [INFO]  
========== done (0.25393247604370117 s) fit model
2024-04-11 15:26:52,390 [INFO]  
========== start: fit model
2024-04-11 15:26:52,390 [WARNING]  Already bound, ignoring bind()
2024-04-11 15:26:52,472 [INFO]  Epoch[0] Batch [0-10]	Speed: 2170.76 samples/sec	cross-entropy=6.167996	a3-accuracy=2.727273
2024-04-11 15:26:52,582 [INFO]  Epoch[0] Train-cross-entropy=0.918185
2024-04-11 15:26:52,583 [INFO]  Epoch[0] Train-a3-accuracy=3.000000
2024-04-11 15:26:52,583 [INFO]  Epoch[0] Time cost=0.192
2024-04-11 15:26:52,584 [INFO]  Saved checkpoint to "./imputer_model/30_monk/imputer_model_a3/model-0000.params"
2024-04-11 15:26:52,585 [INFO]  Epoch[0] Validation-cross-entropy=1.405046
2024-04-11 15:26:52,585 [INFO]  Epoch[0] Validation-a3-accuracy=0.000000
2024-04-11 15:26:52,595 [INFO]  Epoch[1] Batch [0-10]	Speed: 19382.18 samples/sec	cross-entropy=0.840176	a3-accuracy=2.727273
2024-04-11 15:26:52,602 [INFO]  Epoch[1] Train-cross-entropy=0.197991
2024-04-11 15:26:52,602 [INFO]  Epoch[1] Train-a3-accuracy=3.000000
2024-04-11 15:26:52,602 [INFO]  Epoch[1] Time cost=0.016
2024-04-11 15:26:52,604 [INFO]  Saved checkpoint to "./imputer_model/30_monk/imputer_model_a3/model-0001.params"
2024-04-11 15:26:52,605 [INFO]  Epoch[1] Validation-cross-entropy=0.278977
2024-04-11 15:26:52,605 [INFO]  Epoch[1] Validation-a3-accuracy=0.000000
2024-04-11 15:26:52,644 [INFO]  Epoch[2] Batch [0-10]	Speed: 4188.68 samples/sec	cross-entropy=0.129879	a3-accuracy=2.727273
2024-04-11 15:26:52,654 [INFO]  Epoch[2] Train-cross-entropy=0.049163
2024-04-11 15:26:52,654 [INFO]  Epoch[2] Train-a3-accuracy=3.000000
2024-04-11 15:26:52,654 [INFO]  Epoch[2] Time cost=0.049
2024-04-11 15:26:52,656 [INFO]  Saved checkpoint to "./imputer_model/30_monk/imputer_model_a3/model-0002.params"
2024-04-11 15:26:52,668 [INFO]  Epoch[2] Validation-cross-entropy=0.034033
2024-04-11 15:26:52,668 [INFO]  Epoch[2] Validation-a3-accuracy=0.000000
2024-04-11 15:26:52,676 [INFO]  Epoch[3] Batch [0-10]	Speed: 21610.38 samples/sec	cross-entropy=0.037637	a3-accuracy=2.727273
2024-04-11 15:26:52,682 [INFO]  Epoch[3] Train-cross-entropy=0.019449
2024-04-11 15:26:52,683 [INFO]  Epoch[3] Train-a3-accuracy=3.000000
2024-04-11 15:26:52,683 [INFO]  Epoch[3] Time cost=0.015
2024-04-11 15:26:52,684 [INFO]  Saved checkpoint to "./imputer_model/30_monk/imputer_model_a3/model-0003.params"
2024-04-11 15:26:52,721 [INFO]  Epoch[3] Validation-cross-entropy=0.019274
2024-04-11 15:26:52,721 [INFO]  Epoch[3] Validation-a3-accuracy=0.000000
2024-04-11 15:26:52,763 [INFO]  Epoch[4] Batch [0-10]	Speed: 3878.50 samples/sec	cross-entropy=0.012998	a3-accuracy=2.727273
2024-04-11 15:26:52,770 [INFO]  Epoch[4] Train-cross-entropy=0.010722
2024-04-11 15:26:52,770 [INFO]  Epoch[4] Train-a3-accuracy=3.000000
2024-04-11 15:26:52,770 [INFO]  Epoch[4] Time cost=0.049
2024-04-11 15:26:52,771 [INFO]  Saved checkpoint to "./imputer_model/30_monk/imputer_model_a3/model-0004.params"
2024-04-11 15:26:52,772 [INFO]  Epoch[4] Validation-cross-entropy=0.005269
2024-04-11 15:26:52,773 [INFO]  Epoch[4] Validation-a3-accuracy=0.000000
2024-04-11 15:26:52,773 [INFO]  
========== done (0.38301563262939453 s) fit model
2024-04-11 15:26:55,905 [INFO]  
========== start: fit model
2024-04-11 15:26:55,905 [WARNING]  Already bound, ignoring bind()
2024-04-11 15:26:56,019 [INFO]  Epoch[0] Batch [0-10]	Speed: 1583.53 samples/sec	cross-entropy=11.295276	a3-accuracy=0.000000
2024-04-11 15:26:56,048 [INFO]  Epoch[0] Train-cross-entropy=0.695806
2024-04-11 15:26:56,048 [INFO]  Epoch[0] Train-a3-accuracy=0.000000
2024-04-11 15:26:56,048 [INFO]  Epoch[0] Time cost=0.143
2024-04-11 15:26:56,050 [INFO]  Saved checkpoint to "./imputer_model/30_monk/imputer_model_a3/model-0000.params"
2024-04-11 15:26:56,051 [INFO]  Epoch[0] Validation-cross-entropy=0.586843
2024-04-11 15:26:56,051 [INFO]  Epoch[0] Validation-a3-accuracy=0.000000
2024-04-11 15:26:56,060 [INFO]  Epoch[1] Batch [0-10]	Speed: 21392.69 samples/sec	cross-entropy=0.929860	a3-accuracy=0.000000
2024-04-11 15:26:56,066 [INFO]  Epoch[1] Train-cross-entropy=0.216485
2024-04-11 15:26:56,066 [INFO]  Epoch[1] Train-a3-accuracy=0.000000
2024-04-11 15:26:56,066 [INFO]  Epoch[1] Time cost=0.015
2024-04-11 15:26:56,067 [INFO]  Saved checkpoint to "./imputer_model/30_monk/imputer_model_a3/model-0001.params"
2024-04-11 15:26:56,073 [INFO]  Epoch[1] Validation-cross-entropy=0.095146
2024-04-11 15:26:56,073 [INFO]  Epoch[1] Validation-a3-accuracy=0.000000
2024-04-11 15:26:56,119 [INFO]  Epoch[2] Batch [0-10]	Speed: 5353.80 samples/sec	cross-entropy=0.114258	a3-accuracy=0.000000
2024-04-11 15:26:56,143 [INFO]  Epoch[2] Train-cross-entropy=0.081341
2024-04-11 15:26:56,144 [INFO]  Epoch[2] Train-a3-accuracy=0.000000
2024-04-11 15:26:56,144 [INFO]  Epoch[2] Time cost=0.071
2024-04-11 15:26:56,145 [INFO]  Saved checkpoint to "./imputer_model/30_monk/imputer_model_a3/model-0002.params"
2024-04-11 15:26:56,146 [INFO]  Epoch[2] Validation-cross-entropy=0.042602
2024-04-11 15:26:56,146 [INFO]  Epoch[2] Validation-a3-accuracy=0.000000
2024-04-11 15:26:56,156 [INFO]  Epoch[3] Batch [0-10]	Speed: 19501.59 samples/sec	cross-entropy=0.039712	a3-accuracy=0.000000
2024-04-11 15:26:56,181 [INFO]  Epoch[3] Train-cross-entropy=0.034343
2024-04-11 15:26:56,181 [INFO]  Epoch[3] Train-a3-accuracy=0.000000
2024-04-11 15:26:56,181 [INFO]  Epoch[3] Time cost=0.035
2024-04-11 15:26:56,185 [INFO]  Saved checkpoint to "./imputer_model/30_monk/imputer_model_a3/model-0003.params"
2024-04-11 15:26:56,211 [INFO]  Epoch[3] Validation-cross-entropy=0.035264
2024-04-11 15:26:56,211 [INFO]  Epoch[3] Validation-a3-accuracy=0.000000
2024-04-11 15:26:56,344 [INFO]  Epoch[4] Batch [0-10]	Speed: 1213.00 samples/sec	cross-entropy=0.025467	a3-accuracy=0.000000
2024-04-11 15:26:56,364 [INFO]  Epoch[4] Train-cross-entropy=0.018210
2024-04-11 15:26:56,364 [INFO]  Epoch[4] Train-a3-accuracy=0.000000
2024-04-11 15:26:56,364 [INFO]  Epoch[4] Time cost=0.153
2024-04-11 15:26:56,366 [INFO]  Saved checkpoint to "./imputer_model/30_monk/imputer_model_a3/model-0004.params"
2024-04-11 15:26:56,367 [INFO]  Epoch[4] Validation-cross-entropy=0.025977
2024-04-11 15:26:56,367 [INFO]  Epoch[4] Validation-a3-accuracy=0.000000
2024-04-11 15:26:56,367 [INFO]  
========== done (0.4626626968383789 s) fit model
