2024-04-08 21:09:40,169 [INFO]  
========== start: fit model
2024-04-08 21:09:40,169 [WARNING]  Already bound, ignoring bind()
2024-04-08 21:09:40,187 [INFO]  Epoch[0] Batch [0-4]	Speed: 10223.39 samples/sec	cross-entropy=23.142820	varices-accuracy=0.000000
2024-04-08 21:09:40,190 [INFO]  Epoch[0] Train-cross-entropy=9.499665
2024-04-08 21:09:40,190 [INFO]  Epoch[0] Train-varices-accuracy=0.000000
2024-04-08 21:09:40,190 [INFO]  Epoch[0] Time cost=0.020
2024-04-08 21:09:40,193 [INFO]  Saved checkpoint to "./imputer_model/25_hepatitis/imputer_model_varices/model-0000.params"
2024-04-08 21:09:40,193 [INFO]  Epoch[0] Validation-cross-entropy=135.448212
2024-04-08 21:09:40,194 [INFO]  Epoch[0] Validation-varices-accuracy=0.000000
2024-04-08 21:09:40,199 [INFO]  Epoch[1] Batch [0-4]	Speed: 16757.32 samples/sec	cross-entropy=10.693025	varices-accuracy=0.000000
2024-04-08 21:09:40,204 [INFO]  Epoch[1] Train-cross-entropy=5.348291
2024-04-08 21:09:40,204 [INFO]  Epoch[1] Train-varices-accuracy=0.000000
2024-04-08 21:09:40,204 [INFO]  Epoch[1] Time cost=0.011
2024-04-08 21:09:40,206 [INFO]  Saved checkpoint to "./imputer_model/25_hepatitis/imputer_model_varices/model-0001.params"
2024-04-08 21:09:40,235 [INFO]  Epoch[1] Validation-cross-entropy=46.700264
2024-04-08 21:09:40,235 [INFO]  Epoch[1] Validation-varices-accuracy=0.000000
2024-04-08 21:09:40,240 [INFO]  Epoch[2] Batch [0-4]	Speed: 21258.85 samples/sec	cross-entropy=5.833706	varices-accuracy=0.000000
2024-04-08 21:09:40,241 [INFO]  Epoch[2] Train-cross-entropy=3.184160
2024-04-08 21:09:40,241 [INFO]  Epoch[2] Train-varices-accuracy=0.000000
2024-04-08 21:09:40,241 [INFO]  Epoch[2] Time cost=0.005
2024-04-08 21:09:40,242 [INFO]  Saved checkpoint to "./imputer_model/25_hepatitis/imputer_model_varices/model-0002.params"
2024-04-08 21:09:40,243 [INFO]  Epoch[2] Validation-cross-entropy=14.158858
2024-04-08 21:09:40,243 [INFO]  Epoch[2] Validation-varices-accuracy=0.000000
2024-04-08 21:09:40,246 [INFO]  Epoch[3] Batch [0-4]	Speed: 28891.99 samples/sec	cross-entropy=2.984788	varices-accuracy=0.000000
2024-04-08 21:09:40,247 [INFO]  Epoch[3] Train-cross-entropy=1.864090
2024-04-08 21:09:40,247 [INFO]  Epoch[3] Train-varices-accuracy=0.000000
2024-04-08 21:09:40,247 [INFO]  Epoch[3] Time cost=0.004
2024-04-08 21:09:40,248 [INFO]  Saved checkpoint to "./imputer_model/25_hepatitis/imputer_model_varices/model-0003.params"
2024-04-08 21:09:40,249 [INFO]  Epoch[3] Validation-cross-entropy=3.368005
2024-04-08 21:09:40,249 [INFO]  Epoch[3] Validation-varices-accuracy=0.000000
2024-04-08 21:09:40,252 [INFO]  Epoch[4] Batch [0-4]	Speed: 28146.74 samples/sec	cross-entropy=1.587611	varices-accuracy=0.000000
2024-04-08 21:09:40,253 [INFO]  Epoch[4] Train-cross-entropy=0.967390
2024-04-08 21:09:40,253 [INFO]  Epoch[4] Train-varices-accuracy=0.000000
2024-04-08 21:09:40,253 [INFO]  Epoch[4] Time cost=0.004
2024-04-08 21:09:40,254 [INFO]  Saved checkpoint to "./imputer_model/25_hepatitis/imputer_model_varices/model-0004.params"
2024-04-08 21:09:40,254 [INFO]  Epoch[4] Validation-cross-entropy=1.894385
2024-04-08 21:09:40,254 [INFO]  Epoch[4] Validation-varices-accuracy=0.000000
2024-04-08 21:09:40,255 [INFO]  
========== done (0.08568358421325684 s) fit model
2024-04-08 21:09:43,419 [INFO]  
========== start: fit model
2024-04-08 21:09:43,419 [WARNING]  Already bound, ignoring bind()
2024-04-08 21:09:43,427 [INFO]  Epoch[0] Batch [0-4]	Speed: 24818.37 samples/sec	cross-entropy=15.606301	varices-accuracy=0.000000
2024-04-08 21:09:43,428 [INFO]  Epoch[0] Train-cross-entropy=19.184200
2024-04-08 21:09:43,428 [INFO]  Epoch[0] Train-varices-accuracy=0.000000
2024-04-08 21:09:43,428 [INFO]  Epoch[0] Time cost=0.008
2024-04-08 21:09:43,430 [INFO]  Saved checkpoint to "./imputer_model/25_hepatitis/imputer_model_varices/model-0000.params"
2024-04-08 21:09:43,430 [INFO]  Epoch[0] Validation-cross-entropy=13.943529
2024-04-08 21:09:43,430 [INFO]  Epoch[0] Validation-varices-accuracy=0.000000
2024-04-08 21:09:43,433 [INFO]  Epoch[1] Batch [0-4]	Speed: 26752.59 samples/sec	cross-entropy=6.702900	varices-accuracy=0.000000
2024-04-08 21:09:43,434 [INFO]  Epoch[1] Train-cross-entropy=9.871675
2024-04-08 21:09:43,434 [INFO]  Epoch[1] Train-varices-accuracy=0.000000
2024-04-08 21:09:43,435 [INFO]  Epoch[1] Time cost=0.004
2024-04-08 21:09:43,436 [INFO]  Saved checkpoint to "./imputer_model/25_hepatitis/imputer_model_varices/model-0001.params"
2024-04-08 21:09:43,436 [INFO]  Epoch[1] Validation-cross-entropy=8.874431
2024-04-08 21:09:43,436 [INFO]  Epoch[1] Validation-varices-accuracy=0.000000
2024-04-08 21:09:43,439 [INFO]  Epoch[2] Batch [0-4]	Speed: 25645.88 samples/sec	cross-entropy=3.750673	varices-accuracy=0.000000
2024-04-08 21:09:43,441 [INFO]  Epoch[2] Train-cross-entropy=4.294339
2024-04-08 21:09:43,441 [INFO]  Epoch[2] Train-varices-accuracy=0.000000
2024-04-08 21:09:43,441 [INFO]  Epoch[2] Time cost=0.005
2024-04-08 21:09:43,442 [INFO]  Saved checkpoint to "./imputer_model/25_hepatitis/imputer_model_varices/model-0002.params"
2024-04-08 21:09:43,443 [INFO]  Epoch[2] Validation-cross-entropy=4.040907
2024-04-08 21:09:43,443 [INFO]  Epoch[2] Validation-varices-accuracy=0.000000
2024-04-08 21:09:43,446 [INFO]  Epoch[3] Batch [0-4]	Speed: 25626.30 samples/sec	cross-entropy=1.807970	varices-accuracy=0.000000
2024-04-08 21:09:43,448 [INFO]  Epoch[3] Train-cross-entropy=1.880586
2024-04-08 21:09:43,448 [INFO]  Epoch[3] Train-varices-accuracy=0.000000
2024-04-08 21:09:43,448 [INFO]  Epoch[3] Time cost=0.005
2024-04-08 21:09:43,449 [INFO]  Saved checkpoint to "./imputer_model/25_hepatitis/imputer_model_varices/model-0003.params"
2024-04-08 21:09:43,452 [INFO]  Epoch[3] Validation-cross-entropy=2.504998
2024-04-08 21:09:43,452 [INFO]  Epoch[3] Validation-varices-accuracy=0.000000
2024-04-08 21:09:43,463 [INFO]  Epoch[4] Batch [0-4]	Speed: 28093.72 samples/sec	cross-entropy=0.989520	varices-accuracy=0.000000
2024-04-08 21:09:43,464 [INFO]  Epoch[4] Train-cross-entropy=0.724600
2024-04-08 21:09:43,464 [INFO]  Epoch[4] Train-varices-accuracy=0.000000
2024-04-08 21:09:43,464 [INFO]  Epoch[4] Time cost=0.012
2024-04-08 21:09:43,465 [INFO]  Saved checkpoint to "./imputer_model/25_hepatitis/imputer_model_varices/model-0004.params"
2024-04-08 21:09:43,465 [INFO]  Epoch[4] Validation-cross-entropy=2.097812
2024-04-08 21:09:43,466 [INFO]  Epoch[4] Validation-varices-accuracy=0.000000
2024-04-08 21:09:43,466 [INFO]  
========== done (0.046354055404663086 s) fit model
2024-04-08 21:09:46,787 [INFO]  
========== start: fit model
2024-04-08 21:09:46,787 [WARNING]  Already bound, ignoring bind()
2024-04-08 21:09:46,793 [INFO]  Epoch[0] Batch [0-4]	Speed: 20536.72 samples/sec	cross-entropy=15.859157	varices-accuracy=0.000000
2024-04-08 21:09:46,794 [INFO]  Epoch[0] Train-cross-entropy=12.221403
2024-04-08 21:09:46,794 [INFO]  Epoch[0] Train-varices-accuracy=0.000000
2024-04-08 21:09:46,795 [INFO]  Epoch[0] Time cost=0.006
2024-04-08 21:09:46,796 [INFO]  Saved checkpoint to "./imputer_model/25_hepatitis/imputer_model_varices/model-0000.params"
2024-04-08 21:09:46,797 [INFO]  Epoch[0] Validation-cross-entropy=3.857187
2024-04-08 21:09:46,797 [INFO]  Epoch[0] Validation-varices-accuracy=0.000000
2024-04-08 21:09:46,801 [INFO]  Epoch[1] Batch [0-4]	Speed: 20050.45 samples/sec	cross-entropy=5.511425	varices-accuracy=0.000000
2024-04-08 21:09:46,802 [INFO]  Epoch[1] Train-cross-entropy=5.019746
2024-04-08 21:09:46,802 [INFO]  Epoch[1] Train-varices-accuracy=0.000000
2024-04-08 21:09:46,802 [INFO]  Epoch[1] Time cost=0.006
2024-04-08 21:09:46,808 [INFO]  Saved checkpoint to "./imputer_model/25_hepatitis/imputer_model_varices/model-0001.params"
2024-04-08 21:09:46,866 [INFO]  Epoch[1] Validation-cross-entropy=2.324284
2024-04-08 21:09:46,866 [INFO]  Epoch[1] Validation-varices-accuracy=0.000000
2024-04-08 21:09:46,869 [INFO]  Epoch[2] Batch [0-4]	Speed: 25731.93 samples/sec	cross-entropy=2.615914	varices-accuracy=0.000000
2024-04-08 21:09:46,870 [INFO]  Epoch[2] Train-cross-entropy=2.561745
2024-04-08 21:09:46,870 [INFO]  Epoch[2] Train-varices-accuracy=0.000000
2024-04-08 21:09:46,871 [INFO]  Epoch[2] Time cost=0.004
2024-04-08 21:09:46,872 [INFO]  Saved checkpoint to "./imputer_model/25_hepatitis/imputer_model_varices/model-0002.params"
2024-04-08 21:09:46,872 [INFO]  Epoch[2] Validation-cross-entropy=1.401780
2024-04-08 21:09:46,872 [INFO]  Epoch[2] Validation-varices-accuracy=0.000000
2024-04-08 21:09:46,875 [INFO]  Epoch[3] Batch [0-4]	Speed: 28636.17 samples/sec	cross-entropy=1.393890	varices-accuracy=0.000000
2024-04-08 21:09:46,876 [INFO]  Epoch[3] Train-cross-entropy=1.545878
2024-04-08 21:09:46,876 [INFO]  Epoch[3] Train-varices-accuracy=0.000000
2024-04-08 21:09:46,877 [INFO]  Epoch[3] Time cost=0.004
2024-04-08 21:09:46,878 [INFO]  Saved checkpoint to "./imputer_model/25_hepatitis/imputer_model_varices/model-0003.params"
2024-04-08 21:09:46,878 [INFO]  Epoch[3] Validation-cross-entropy=1.072114
2024-04-08 21:09:46,878 [INFO]  Epoch[3] Validation-varices-accuracy=0.000000
2024-04-08 21:09:46,881 [INFO]  Epoch[4] Batch [0-4]	Speed: 27886.50 samples/sec	cross-entropy=0.917124	varices-accuracy=0.000000
2024-04-08 21:09:46,882 [INFO]  Epoch[4] Train-cross-entropy=0.837924
2024-04-08 21:09:46,882 [INFO]  Epoch[4] Train-varices-accuracy=0.000000
2024-04-08 21:09:46,882 [INFO]  Epoch[4] Time cost=0.004
2024-04-08 21:09:46,884 [INFO]  Saved checkpoint to "./imputer_model/25_hepatitis/imputer_model_varices/model-0004.params"
2024-04-08 21:09:46,884 [INFO]  Epoch[4] Validation-cross-entropy=1.127819
2024-04-08 21:09:46,884 [INFO]  Epoch[4] Validation-varices-accuracy=0.000000
2024-04-08 21:09:46,884 [INFO]  
========== done (0.09729528427124023 s) fit model
2024-04-08 21:09:50,025 [INFO]  
========== start: fit model
2024-04-08 21:09:50,025 [WARNING]  Already bound, ignoring bind()
2024-04-08 21:09:50,039 [INFO]  Epoch[0] Batch [0-4]	Speed: 5475.26 samples/sec	cross-entropy=11.691510	varices-accuracy=0.000000
2024-04-08 21:09:50,061 [INFO]  Epoch[0] Train-cross-entropy=10.830151
2024-04-08 21:09:50,061 [INFO]  Epoch[0] Train-varices-accuracy=0.000000
2024-04-08 21:09:50,061 [INFO]  Epoch[0] Time cost=0.035
2024-04-08 21:09:50,065 [INFO]  Saved checkpoint to "./imputer_model/25_hepatitis/imputer_model_varices/model-0000.params"
2024-04-08 21:09:50,074 [INFO]  Epoch[0] Validation-cross-entropy=2.751720
2024-04-08 21:09:50,074 [INFO]  Epoch[0] Validation-varices-accuracy=0.000000
2024-04-08 21:09:50,089 [INFO]  Epoch[1] Batch [0-4]	Speed: 13531.38 samples/sec	cross-entropy=4.022979	varices-accuracy=0.000000
2024-04-08 21:09:50,091 [INFO]  Epoch[1] Train-cross-entropy=2.993536
2024-04-08 21:09:50,091 [INFO]  Epoch[1] Train-varices-accuracy=0.000000
2024-04-08 21:09:50,091 [INFO]  Epoch[1] Time cost=0.017
2024-04-08 21:09:50,093 [INFO]  Saved checkpoint to "./imputer_model/25_hepatitis/imputer_model_varices/model-0001.params"
2024-04-08 21:09:50,093 [INFO]  Epoch[1] Validation-cross-entropy=4.082068
2024-04-08 21:09:50,094 [INFO]  Epoch[1] Validation-varices-accuracy=0.000000
2024-04-08 21:09:50,105 [INFO]  Epoch[2] Batch [0-4]	Speed: 6158.05 samples/sec	cross-entropy=2.247904	varices-accuracy=0.000000
2024-04-08 21:09:50,107 [INFO]  Epoch[2] Train-cross-entropy=1.378785
2024-04-08 21:09:50,107 [INFO]  Epoch[2] Train-varices-accuracy=0.000000
2024-04-08 21:09:50,107 [INFO]  Epoch[2] Time cost=0.014
2024-04-08 21:09:50,110 [INFO]  Saved checkpoint to "./imputer_model/25_hepatitis/imputer_model_varices/model-0002.params"
2024-04-08 21:09:50,111 [INFO]  Epoch[2] Validation-cross-entropy=4.935697
2024-04-08 21:09:50,111 [INFO]  Epoch[2] Validation-varices-accuracy=0.000000
2024-04-08 21:09:50,115 [INFO]  Epoch[3] Batch [0-4]	Speed: 21751.52 samples/sec	cross-entropy=1.660282	varices-accuracy=0.000000
2024-04-08 21:09:50,117 [INFO]  Epoch[3] Train-cross-entropy=0.933283
2024-04-08 21:09:50,117 [INFO]  Epoch[3] Train-varices-accuracy=0.000000
2024-04-08 21:09:50,117 [INFO]  Epoch[3] Time cost=0.006
2024-04-08 21:09:50,121 [INFO]  Saved checkpoint to "./imputer_model/25_hepatitis/imputer_model_varices/model-0003.params"
2024-04-08 21:09:50,161 [INFO]  Epoch[3] Validation-cross-entropy=3.275887
2024-04-08 21:09:50,161 [INFO]  Epoch[3] Validation-varices-accuracy=0.000000
2024-04-08 21:09:50,171 [INFO]  Epoch[4] Batch [0-4]	Speed: 9943.90 samples/sec	cross-entropy=1.055755	varices-accuracy=0.000000
2024-04-08 21:09:50,173 [INFO]  Epoch[4] Train-cross-entropy=0.386327
2024-04-08 21:09:50,173 [INFO]  Epoch[4] Train-varices-accuracy=0.000000
2024-04-08 21:09:50,173 [INFO]  Epoch[4] Time cost=0.012
2024-04-08 21:09:50,176 [INFO]  Saved checkpoint to "./imputer_model/25_hepatitis/imputer_model_varices/model-0004.params"
2024-04-08 21:09:50,176 [INFO]  Epoch[4] Validation-cross-entropy=1.598089
2024-04-08 21:09:50,177 [INFO]  Epoch[4] Validation-varices-accuracy=0.000000
2024-04-08 21:09:50,177 [INFO]  
========== done (0.15196990966796875 s) fit model
2024-04-08 21:09:53,753 [INFO]  
========== start: fit model
2024-04-08 21:09:53,754 [WARNING]  Already bound, ignoring bind()
2024-04-08 21:09:53,772 [INFO]  Epoch[0] Batch [0-4]	Speed: 9406.58 samples/sec	cross-entropy=12.409607	varices-accuracy=0.000000
2024-04-08 21:09:53,775 [INFO]  Epoch[0] Train-cross-entropy=10.254463
2024-04-08 21:09:53,775 [INFO]  Epoch[0] Train-varices-accuracy=0.000000
2024-04-08 21:09:53,775 [INFO]  Epoch[0] Time cost=0.021
2024-04-08 21:09:53,777 [INFO]  Saved checkpoint to "./imputer_model/25_hepatitis/imputer_model_varices/model-0000.params"
2024-04-08 21:09:53,778 [INFO]  Epoch[0] Validation-cross-entropy=5.574389
2024-04-08 21:09:53,778 [INFO]  Epoch[0] Validation-varices-accuracy=0.000000
2024-04-08 21:09:53,784 [INFO]  Epoch[1] Batch [0-4]	Speed: 12727.49 samples/sec	cross-entropy=4.707711	varices-accuracy=0.000000
2024-04-08 21:09:53,787 [INFO]  Epoch[1] Train-cross-entropy=4.596852
2024-04-08 21:09:53,787 [INFO]  Epoch[1] Train-varices-accuracy=0.000000
2024-04-08 21:09:53,787 [INFO]  Epoch[1] Time cost=0.009
2024-04-08 21:09:53,788 [INFO]  Saved checkpoint to "./imputer_model/25_hepatitis/imputer_model_varices/model-0001.params"
2024-04-08 21:09:53,789 [INFO]  Epoch[1] Validation-cross-entropy=4.377366
2024-04-08 21:09:53,789 [INFO]  Epoch[1] Validation-varices-accuracy=0.000000
2024-04-08 21:09:53,793 [INFO]  Epoch[2] Batch [0-4]	Speed: 20051.95 samples/sec	cross-entropy=2.281178	varices-accuracy=0.000000
2024-04-08 21:09:53,795 [INFO]  Epoch[2] Train-cross-entropy=1.687197
2024-04-08 21:09:53,795 [INFO]  Epoch[2] Train-varices-accuracy=0.000000
2024-04-08 21:09:53,795 [INFO]  Epoch[2] Time cost=0.006
2024-04-08 21:09:53,796 [INFO]  Saved checkpoint to "./imputer_model/25_hepatitis/imputer_model_varices/model-0002.params"
2024-04-08 21:09:53,797 [INFO]  Epoch[2] Validation-cross-entropy=4.821447
2024-04-08 21:09:53,797 [INFO]  Epoch[2] Validation-varices-accuracy=0.000000
2024-04-08 21:09:53,803 [INFO]  Epoch[3] Batch [0-4]	Speed: 20669.55 samples/sec	cross-entropy=1.774408	varices-accuracy=0.000000
2024-04-08 21:09:53,805 [INFO]  Epoch[3] Train-cross-entropy=0.736397
2024-04-08 21:09:53,805 [INFO]  Epoch[3] Train-varices-accuracy=0.000000
2024-04-08 21:09:53,805 [INFO]  Epoch[3] Time cost=0.008
2024-04-08 21:09:53,806 [INFO]  Saved checkpoint to "./imputer_model/25_hepatitis/imputer_model_varices/model-0003.params"
2024-04-08 21:09:53,807 [INFO]  Epoch[3] Validation-cross-entropy=4.359168
2024-04-08 21:09:53,807 [INFO]  Epoch[3] Validation-varices-accuracy=0.000000
2024-04-08 21:09:53,811 [INFO]  Epoch[4] Batch [0-4]	Speed: 26054.11 samples/sec	cross-entropy=1.249474	varices-accuracy=0.000000
2024-04-08 21:09:53,812 [INFO]  Epoch[4] Train-cross-entropy=0.450339
2024-04-08 21:09:53,812 [INFO]  Epoch[4] Train-varices-accuracy=0.000000
2024-04-08 21:09:53,812 [INFO]  Epoch[4] Time cost=0.005
2024-04-08 21:09:53,814 [INFO]  Saved checkpoint to "./imputer_model/25_hepatitis/imputer_model_varices/model-0004.params"
2024-04-08 21:09:53,814 [INFO]  Epoch[4] Validation-cross-entropy=3.100525
2024-04-08 21:09:53,814 [INFO]  Epoch[4] Validation-varices-accuracy=0.000000
2024-04-08 21:09:53,814 [INFO]  
========== done (0.06104779243469238 s) fit model
2024-04-08 21:09:57,073 [INFO]  
========== start: fit model
2024-04-08 21:09:57,073 [WARNING]  Already bound, ignoring bind()
2024-04-08 21:09:57,079 [INFO]  Epoch[0] Batch [0-4]	Speed: 21302.71 samples/sec	cross-entropy=17.881653	varices-accuracy=0.000000
2024-04-08 21:09:57,080 [INFO]  Epoch[0] Train-cross-entropy=6.368026
2024-04-08 21:09:57,080 [INFO]  Epoch[0] Train-varices-accuracy=0.000000
2024-04-08 21:09:57,080 [INFO]  Epoch[0] Time cost=0.007
2024-04-08 21:09:57,082 [INFO]  Saved checkpoint to "./imputer_model/25_hepatitis/imputer_model_varices/model-0000.params"
2024-04-08 21:09:57,082 [INFO]  Epoch[0] Validation-cross-entropy=4.949461
2024-04-08 21:09:57,082 [INFO]  Epoch[0] Validation-varices-accuracy=0.000000
2024-04-08 21:09:57,086 [INFO]  Epoch[1] Batch [0-4]	Speed: 22641.32 samples/sec	cross-entropy=4.962694	varices-accuracy=0.000000
2024-04-08 21:09:57,087 [INFO]  Epoch[1] Train-cross-entropy=2.982364
2024-04-08 21:09:57,087 [INFO]  Epoch[1] Train-varices-accuracy=0.000000
2024-04-08 21:09:57,087 [INFO]  Epoch[1] Time cost=0.005
2024-04-08 21:09:57,124 [INFO]  Saved checkpoint to "./imputer_model/25_hepatitis/imputer_model_varices/model-0001.params"
2024-04-08 21:09:57,142 [INFO]  Epoch[1] Validation-cross-entropy=5.218709
2024-04-08 21:09:57,142 [INFO]  Epoch[1] Validation-varices-accuracy=0.000000
2024-04-08 21:09:57,151 [INFO]  Epoch[2] Batch [0-4]	Speed: 9136.05 samples/sec	cross-entropy=2.647238	varices-accuracy=0.000000
2024-04-08 21:09:57,153 [INFO]  Epoch[2] Train-cross-entropy=1.421379
2024-04-08 21:09:57,153 [INFO]  Epoch[2] Train-varices-accuracy=0.000000
2024-04-08 21:09:57,153 [INFO]  Epoch[2] Time cost=0.011
2024-04-08 21:09:57,161 [INFO]  Saved checkpoint to "./imputer_model/25_hepatitis/imputer_model_varices/model-0002.params"
2024-04-08 21:09:57,162 [INFO]  Epoch[2] Validation-cross-entropy=3.942149
2024-04-08 21:09:57,162 [INFO]  Epoch[2] Validation-varices-accuracy=0.000000
2024-04-08 21:09:57,166 [INFO]  Epoch[3] Batch [0-4]	Speed: 21302.71 samples/sec	cross-entropy=1.407749	varices-accuracy=0.000000
2024-04-08 21:09:57,168 [INFO]  Epoch[3] Train-cross-entropy=1.386769
2024-04-08 21:09:57,168 [INFO]  Epoch[3] Train-varices-accuracy=0.000000
2024-04-08 21:09:57,168 [INFO]  Epoch[3] Time cost=0.006
2024-04-08 21:09:57,169 [INFO]  Saved checkpoint to "./imputer_model/25_hepatitis/imputer_model_varices/model-0003.params"
2024-04-08 21:09:57,170 [INFO]  Epoch[3] Validation-cross-entropy=1.691216
2024-04-08 21:09:57,170 [INFO]  Epoch[3] Validation-varices-accuracy=0.000000
2024-04-08 21:09:57,174 [INFO]  Epoch[4] Batch [0-4]	Speed: 21015.85 samples/sec	cross-entropy=0.879553	varices-accuracy=0.000000
2024-04-08 21:09:57,175 [INFO]  Epoch[4] Train-cross-entropy=1.128183
2024-04-08 21:09:57,176 [INFO]  Epoch[4] Train-varices-accuracy=0.000000
2024-04-08 21:09:57,176 [INFO]  Epoch[4] Time cost=0.006
2024-04-08 21:09:57,177 [INFO]  Saved checkpoint to "./imputer_model/25_hepatitis/imputer_model_varices/model-0004.params"
2024-04-08 21:09:57,178 [INFO]  Epoch[4] Validation-cross-entropy=0.927421
2024-04-08 21:09:57,178 [INFO]  Epoch[4] Validation-varices-accuracy=0.000000
2024-04-08 21:09:57,178 [INFO]  
========== done (0.10507702827453613 s) fit model
2024-04-08 21:10:00,668 [INFO]  
========== start: fit model
2024-04-08 21:10:00,668 [WARNING]  Already bound, ignoring bind()
2024-04-08 21:10:00,674 [INFO]  Epoch[0] Batch [0-4]	Speed: 22593.68 samples/sec	cross-entropy=22.536581	varices-accuracy=0.000000
2024-04-08 21:10:00,675 [INFO]  Epoch[0] Train-cross-entropy=4.639552
2024-04-08 21:10:00,675 [INFO]  Epoch[0] Train-varices-accuracy=0.000000
2024-04-08 21:10:00,675 [INFO]  Epoch[0] Time cost=0.006
2024-04-08 21:10:00,677 [INFO]  Saved checkpoint to "./imputer_model/25_hepatitis/imputer_model_varices/model-0000.params"
2024-04-08 21:10:00,677 [INFO]  Epoch[0] Validation-cross-entropy=5.526656
2024-04-08 21:10:00,677 [INFO]  Epoch[0] Validation-varices-accuracy=0.000000
2024-04-08 21:10:00,686 [INFO]  Epoch[1] Batch [0-4]	Speed: 8708.93 samples/sec	cross-entropy=8.791571	varices-accuracy=0.000000
2024-04-08 21:10:00,689 [INFO]  Epoch[1] Train-cross-entropy=2.239132
2024-04-08 21:10:00,690 [INFO]  Epoch[1] Train-varices-accuracy=0.000000
2024-04-08 21:10:00,690 [INFO]  Epoch[1] Time cost=0.012
2024-04-08 21:10:00,692 [INFO]  Saved checkpoint to "./imputer_model/25_hepatitis/imputer_model_varices/model-0001.params"
2024-04-08 21:10:00,693 [INFO]  Epoch[1] Validation-cross-entropy=3.128453
2024-04-08 21:10:00,693 [INFO]  Epoch[1] Validation-varices-accuracy=0.000000
2024-04-08 21:10:00,702 [INFO]  Epoch[2] Batch [0-4]	Speed: 7677.48 samples/sec	cross-entropy=4.089359	varices-accuracy=0.000000
2024-04-08 21:10:00,704 [INFO]  Epoch[2] Train-cross-entropy=1.945805
2024-04-08 21:10:00,704 [INFO]  Epoch[2] Train-varices-accuracy=0.000000
2024-04-08 21:10:00,704 [INFO]  Epoch[2] Time cost=0.011
2024-04-08 21:10:00,705 [INFO]  Saved checkpoint to "./imputer_model/25_hepatitis/imputer_model_varices/model-0002.params"
2024-04-08 21:10:00,706 [INFO]  Epoch[2] Validation-cross-entropy=2.009610
2024-04-08 21:10:00,706 [INFO]  Epoch[2] Validation-varices-accuracy=0.000000
2024-04-08 21:10:00,710 [INFO]  Epoch[3] Batch [0-4]	Speed: 21684.74 samples/sec	cross-entropy=2.544605	varices-accuracy=0.000000
2024-04-08 21:10:00,711 [INFO]  Epoch[3] Train-cross-entropy=1.556046
2024-04-08 21:10:00,711 [INFO]  Epoch[3] Train-varices-accuracy=0.000000
2024-04-08 21:10:00,712 [INFO]  Epoch[3] Time cost=0.005
2024-04-08 21:10:00,713 [INFO]  Saved checkpoint to "./imputer_model/25_hepatitis/imputer_model_varices/model-0003.params"
2024-04-08 21:10:00,713 [INFO]  Epoch[3] Validation-cross-entropy=1.524504
2024-04-08 21:10:00,713 [INFO]  Epoch[3] Validation-varices-accuracy=0.000000
2024-04-08 21:10:00,717 [INFO]  Epoch[4] Batch [0-4]	Speed: 22157.28 samples/sec	cross-entropy=1.781852	varices-accuracy=0.000000
2024-04-08 21:10:00,719 [INFO]  Epoch[4] Train-cross-entropy=0.898833
2024-04-08 21:10:00,719 [INFO]  Epoch[4] Train-varices-accuracy=0.000000
2024-04-08 21:10:00,719 [INFO]  Epoch[4] Time cost=0.005
2024-04-08 21:10:00,720 [INFO]  Saved checkpoint to "./imputer_model/25_hepatitis/imputer_model_varices/model-0004.params"
2024-04-08 21:10:00,721 [INFO]  Epoch[4] Validation-cross-entropy=1.428701
2024-04-08 21:10:00,721 [INFO]  Epoch[4] Validation-varices-accuracy=0.000000
2024-04-08 21:10:00,721 [INFO]  
========== done (0.05269503593444824 s) fit model
2024-04-08 21:10:04,342 [INFO]  
========== start: fit model
2024-04-08 21:10:04,342 [WARNING]  Already bound, ignoring bind()
2024-04-08 21:10:04,352 [INFO]  Epoch[0] Batch [0-4]	Speed: 14803.70 samples/sec	cross-entropy=14.410834	varices-accuracy=3.600000
2024-04-08 21:10:04,355 [INFO]  Epoch[0] Train-cross-entropy=12.248461
2024-04-08 21:10:04,355 [INFO]  Epoch[0] Train-varices-accuracy=3.500000
2024-04-08 21:10:04,355 [INFO]  Epoch[0] Time cost=0.012
2024-04-08 21:10:04,356 [INFO]  Saved checkpoint to "./imputer_model/25_hepatitis/imputer_model_varices/model-0000.params"
2024-04-08 21:10:04,357 [INFO]  Epoch[0] Validation-cross-entropy=4.112736
2024-04-08 21:10:04,357 [INFO]  Epoch[0] Validation-varices-accuracy=0.000000
2024-04-08 21:10:04,362 [INFO]  Epoch[1] Batch [0-4]	Speed: 14570.67 samples/sec	cross-entropy=4.625906	varices-accuracy=3.600000
2024-04-08 21:10:04,373 [INFO]  Epoch[1] Train-cross-entropy=5.008830
2024-04-08 21:10:04,373 [INFO]  Epoch[1] Train-varices-accuracy=3.500000
2024-04-08 21:10:04,373 [INFO]  Epoch[1] Time cost=0.016
2024-04-08 21:10:04,374 [INFO]  Saved checkpoint to "./imputer_model/25_hepatitis/imputer_model_varices/model-0001.params"
2024-04-08 21:10:04,392 [INFO]  Epoch[1] Validation-cross-entropy=1.241475
2024-04-08 21:10:04,392 [INFO]  Epoch[1] Validation-varices-accuracy=0.000000
2024-04-08 21:10:04,396 [INFO]  Epoch[2] Batch [0-4]	Speed: 16820.32 samples/sec	cross-entropy=1.709353	varices-accuracy=3.600000
2024-04-08 21:10:04,403 [INFO]  Epoch[2] Train-cross-entropy=2.359306
2024-04-08 21:10:04,403 [INFO]  Epoch[2] Train-varices-accuracy=3.500000
2024-04-08 21:10:04,403 [INFO]  Epoch[2] Time cost=0.011
2024-04-08 21:10:04,407 [INFO]  Saved checkpoint to "./imputer_model/25_hepatitis/imputer_model_varices/model-0002.params"
2024-04-08 21:10:04,455 [INFO]  Epoch[2] Validation-cross-entropy=0.296080
2024-04-08 21:10:04,455 [INFO]  Epoch[2] Validation-varices-accuracy=0.000000
2024-04-08 21:10:04,462 [INFO]  Epoch[3] Batch [0-4]	Speed: 22550.02 samples/sec	cross-entropy=1.115895	varices-accuracy=3.600000
2024-04-08 21:10:04,464 [INFO]  Epoch[3] Train-cross-entropy=1.576322
2024-04-08 21:10:04,464 [INFO]  Epoch[3] Train-varices-accuracy=3.500000
2024-04-08 21:10:04,464 [INFO]  Epoch[3] Time cost=0.008
2024-04-08 21:10:04,468 [INFO]  Saved checkpoint to "./imputer_model/25_hepatitis/imputer_model_varices/model-0003.params"
2024-04-08 21:10:04,479 [INFO]  Epoch[3] Validation-cross-entropy=0.149462
2024-04-08 21:10:04,479 [INFO]  Epoch[3] Validation-varices-accuracy=0.000000
2024-04-08 21:10:04,483 [INFO]  Epoch[4] Batch [0-4]	Speed: 21656.75 samples/sec	cross-entropy=0.765910	varices-accuracy=3.600000
2024-04-08 21:10:04,484 [INFO]  Epoch[4] Train-cross-entropy=0.964653
2024-04-08 21:10:04,484 [INFO]  Epoch[4] Train-varices-accuracy=3.500000
2024-04-08 21:10:04,484 [INFO]  Epoch[4] Time cost=0.006
2024-04-08 21:10:04,486 [INFO]  Saved checkpoint to "./imputer_model/25_hepatitis/imputer_model_varices/model-0004.params"
2024-04-08 21:10:04,486 [INFO]  Epoch[4] Validation-cross-entropy=0.081667
2024-04-08 21:10:04,486 [INFO]  Epoch[4] Validation-varices-accuracy=0.000000
2024-04-08 21:10:04,486 [INFO]  
========== done (0.14475011825561523 s) fit model
2024-04-08 21:10:07,654 [INFO]  
========== start: fit model
2024-04-08 21:10:07,654 [WARNING]  Already bound, ignoring bind()
2024-04-08 21:10:07,658 [INFO]  Epoch[0] Batch [0-4]	Speed: 28490.28 samples/sec	cross-entropy=11.908525	varices-accuracy=4.200000
2024-04-08 21:10:07,660 [INFO]  Epoch[0] Train-cross-entropy=4.168459
2024-04-08 21:10:07,660 [INFO]  Epoch[0] Train-varices-accuracy=4.500000
2024-04-08 21:10:07,660 [INFO]  Epoch[0] Time cost=0.005
2024-04-08 21:10:07,661 [INFO]  Saved checkpoint to "./imputer_model/25_hepatitis/imputer_model_varices/model-0000.params"
2024-04-08 21:10:07,662 [INFO]  Epoch[0] Validation-cross-entropy=0.522273
2024-04-08 21:10:07,662 [INFO]  Epoch[0] Validation-varices-accuracy=0.000000
2024-04-08 21:10:07,665 [INFO]  Epoch[1] Batch [0-4]	Speed: 28792.82 samples/sec	cross-entropy=2.748778	varices-accuracy=4.200000
2024-04-08 21:10:07,666 [INFO]  Epoch[1] Train-cross-entropy=2.143223
2024-04-08 21:10:07,666 [INFO]  Epoch[1] Train-varices-accuracy=4.500000
2024-04-08 21:10:07,666 [INFO]  Epoch[1] Time cost=0.004
2024-04-08 21:10:07,667 [INFO]  Saved checkpoint to "./imputer_model/25_hepatitis/imputer_model_varices/model-0001.params"
2024-04-08 21:10:07,668 [INFO]  Epoch[1] Validation-cross-entropy=1.000805
2024-04-08 21:10:07,668 [INFO]  Epoch[1] Validation-varices-accuracy=0.000000
2024-04-08 21:10:07,671 [INFO]  Epoch[2] Batch [0-4]	Speed: 27540.32 samples/sec	cross-entropy=1.645220	varices-accuracy=4.200000
2024-04-08 21:10:07,672 [INFO]  Epoch[2] Train-cross-entropy=0.754902
2024-04-08 21:10:07,673 [INFO]  Epoch[2] Train-varices-accuracy=4.500000
2024-04-08 21:10:07,673 [INFO]  Epoch[2] Time cost=0.005
2024-04-08 21:10:07,674 [INFO]  Saved checkpoint to "./imputer_model/25_hepatitis/imputer_model_varices/model-0002.params"
2024-04-08 21:10:07,675 [INFO]  Epoch[2] Validation-cross-entropy=0.618648
2024-04-08 21:10:07,675 [INFO]  Epoch[2] Validation-varices-accuracy=0.000000
2024-04-08 21:10:07,680 [INFO]  Epoch[3] Batch [0-4]	Speed: 14364.05 samples/sec	cross-entropy=0.936223	varices-accuracy=4.200000
2024-04-08 21:10:07,682 [INFO]  Epoch[3] Train-cross-entropy=0.630899
2024-04-08 21:10:07,682 [INFO]  Epoch[3] Train-varices-accuracy=4.500000
2024-04-08 21:10:07,682 [INFO]  Epoch[3] Time cost=0.008
2024-04-08 21:10:07,684 [INFO]  Saved checkpoint to "./imputer_model/25_hepatitis/imputer_model_varices/model-0003.params"
2024-04-08 21:10:07,685 [INFO]  Epoch[3] Validation-cross-entropy=1.491933
2024-04-08 21:10:07,685 [INFO]  Epoch[3] Validation-varices-accuracy=0.000000
2024-04-08 21:10:07,690 [INFO]  Epoch[4] Batch [0-4]	Speed: 14780.06 samples/sec	cross-entropy=0.573337	varices-accuracy=4.200000
2024-04-08 21:10:07,694 [INFO]  Epoch[4] Train-cross-entropy=0.396088
2024-04-08 21:10:07,694 [INFO]  Epoch[4] Train-varices-accuracy=4.500000
2024-04-08 21:10:07,694 [INFO]  Epoch[4] Time cost=0.010
2024-04-08 21:10:07,696 [INFO]  Saved checkpoint to "./imputer_model/25_hepatitis/imputer_model_varices/model-0004.params"
2024-04-08 21:10:07,697 [INFO]  Epoch[4] Validation-cross-entropy=0.907039
2024-04-08 21:10:07,697 [INFO]  Epoch[4] Validation-varices-accuracy=0.000000
2024-04-08 21:10:07,697 [INFO]  
========== done (0.04287409782409668 s) fit model
2024-04-08 21:10:11,315 [INFO]  
========== start: fit model
2024-04-08 21:10:11,315 [WARNING]  Already bound, ignoring bind()
2024-04-08 21:10:11,324 [INFO]  Epoch[0] Batch [0-4]	Speed: 13899.93 samples/sec	cross-entropy=12.875286	varices-accuracy=0.000000
2024-04-08 21:10:11,326 [INFO]  Epoch[0] Train-cross-entropy=9.070180
2024-04-08 21:10:11,327 [INFO]  Epoch[0] Train-varices-accuracy=0.000000
2024-04-08 21:10:11,327 [INFO]  Epoch[0] Time cost=0.010
2024-04-08 21:10:11,329 [INFO]  Saved checkpoint to "./imputer_model/25_hepatitis/imputer_model_varices/model-0000.params"
2024-04-08 21:10:11,331 [INFO]  Epoch[0] Validation-cross-entropy=0.514684
2024-04-08 21:10:11,331 [INFO]  Epoch[0] Validation-varices-accuracy=0.000000
2024-04-08 21:10:11,338 [INFO]  Epoch[1] Batch [0-4]	Speed: 12279.76 samples/sec	cross-entropy=4.059753	varices-accuracy=0.000000
2024-04-08 21:10:11,343 [INFO]  Epoch[1] Train-cross-entropy=4.558243
2024-04-08 21:10:11,343 [INFO]  Epoch[1] Train-varices-accuracy=0.000000
2024-04-08 21:10:11,344 [INFO]  Epoch[1] Time cost=0.012
2024-04-08 21:10:11,346 [INFO]  Saved checkpoint to "./imputer_model/25_hepatitis/imputer_model_varices/model-0001.params"
2024-04-08 21:10:11,347 [INFO]  Epoch[1] Validation-cross-entropy=0.987188
2024-04-08 21:10:11,347 [INFO]  Epoch[1] Validation-varices-accuracy=0.000000
2024-04-08 21:10:11,353 [INFO]  Epoch[2] Batch [0-4]	Speed: 14236.08 samples/sec	cross-entropy=1.827015	varices-accuracy=0.000000
2024-04-08 21:10:11,355 [INFO]  Epoch[2] Train-cross-entropy=2.006767
2024-04-08 21:10:11,355 [INFO]  Epoch[2] Train-varices-accuracy=0.000000
2024-04-08 21:10:11,356 [INFO]  Epoch[2] Time cost=0.008
2024-04-08 21:10:11,358 [INFO]  Saved checkpoint to "./imputer_model/25_hepatitis/imputer_model_varices/model-0002.params"
2024-04-08 21:10:11,359 [INFO]  Epoch[2] Validation-cross-entropy=1.435509
2024-04-08 21:10:11,359 [INFO]  Epoch[2] Validation-varices-accuracy=0.000000
2024-04-08 21:10:11,364 [INFO]  Epoch[3] Batch [0-4]	Speed: 16314.30 samples/sec	cross-entropy=1.421213	varices-accuracy=0.000000
2024-04-08 21:10:11,367 [INFO]  Epoch[3] Train-cross-entropy=1.577675
2024-04-08 21:10:11,367 [INFO]  Epoch[3] Train-varices-accuracy=0.000000
2024-04-08 21:10:11,367 [INFO]  Epoch[3] Time cost=0.008
2024-04-08 21:10:11,370 [INFO]  Saved checkpoint to "./imputer_model/25_hepatitis/imputer_model_varices/model-0003.params"
2024-04-08 21:10:11,371 [INFO]  Epoch[3] Validation-cross-entropy=1.629567
2024-04-08 21:10:11,371 [INFO]  Epoch[3] Validation-varices-accuracy=0.000000
2024-04-08 21:10:11,402 [INFO]  Epoch[4] Batch [0-4]	Speed: 2248.24 samples/sec	cross-entropy=0.833274	varices-accuracy=0.000000
2024-04-08 21:10:11,403 [INFO]  Epoch[4] Train-cross-entropy=0.799984
2024-04-08 21:10:11,403 [INFO]  Epoch[4] Train-varices-accuracy=0.000000
2024-04-08 21:10:11,403 [INFO]  Epoch[4] Time cost=0.032
2024-04-08 21:10:11,404 [INFO]  Saved checkpoint to "./imputer_model/25_hepatitis/imputer_model_varices/model-0004.params"
2024-04-08 21:10:11,405 [INFO]  Epoch[4] Validation-cross-entropy=1.803631
2024-04-08 21:10:11,405 [INFO]  Epoch[4] Validation-varices-accuracy=0.000000
2024-04-08 21:10:11,405 [INFO]  
========== done (0.08984708786010742 s) fit model
2024-04-08 21:10:15,004 [INFO]  
========== start: fit model
2024-04-08 21:10:15,005 [WARNING]  Already bound, ignoring bind()
2024-04-08 21:10:15,053 [INFO]  Epoch[0] Batch [0-4]	Speed: 11173.17 samples/sec	cross-entropy=13.841113	varices-accuracy=0.000000
2024-04-08 21:10:15,055 [INFO]  Epoch[0] Train-cross-entropy=3.752842
2024-04-08 21:10:15,055 [INFO]  Epoch[0] Train-varices-accuracy=0.000000
2024-04-08 21:10:15,055 [INFO]  Epoch[0] Time cost=0.049
2024-04-08 21:10:15,056 [INFO]  Saved checkpoint to "./imputer_model/25_hepatitis/imputer_model_varices/model-0000.params"
2024-04-08 21:10:15,056 [INFO]  Epoch[0] Validation-cross-entropy=18.792154
2024-04-08 21:10:15,056 [INFO]  Epoch[0] Validation-varices-accuracy=0.000000
2024-04-08 21:10:15,059 [INFO]  Epoch[1] Batch [0-4]	Speed: 28560.00 samples/sec	cross-entropy=5.839511	varices-accuracy=0.000000
2024-04-08 21:10:15,061 [INFO]  Epoch[1] Train-cross-entropy=1.425982
2024-04-08 21:10:15,061 [INFO]  Epoch[1] Train-varices-accuracy=0.000000
2024-04-08 21:10:15,061 [INFO]  Epoch[1] Time cost=0.004
2024-04-08 21:10:15,062 [INFO]  Saved checkpoint to "./imputer_model/25_hepatitis/imputer_model_varices/model-0001.params"
2024-04-08 21:10:15,062 [INFO]  Epoch[1] Validation-cross-entropy=9.901908
2024-04-08 21:10:15,062 [INFO]  Epoch[1] Validation-varices-accuracy=0.000000
2024-04-08 21:10:15,065 [INFO]  Epoch[2] Batch [0-4]	Speed: 27011.01 samples/sec	cross-entropy=2.596953	varices-accuracy=0.000000
2024-04-08 21:10:15,067 [INFO]  Epoch[2] Train-cross-entropy=0.986086
2024-04-08 21:10:15,067 [INFO]  Epoch[2] Train-varices-accuracy=0.000000
2024-04-08 21:10:15,067 [INFO]  Epoch[2] Time cost=0.004
2024-04-08 21:10:15,068 [INFO]  Saved checkpoint to "./imputer_model/25_hepatitis/imputer_model_varices/model-0002.params"
2024-04-08 21:10:15,069 [INFO]  Epoch[2] Validation-cross-entropy=4.750313
2024-04-08 21:10:15,069 [INFO]  Epoch[2] Validation-varices-accuracy=0.000000
2024-04-08 21:10:15,074 [INFO]  Epoch[3] Batch [0-4]	Speed: 15981.15 samples/sec	cross-entropy=1.274090	varices-accuracy=0.000000
2024-04-08 21:10:15,076 [INFO]  Epoch[3] Train-cross-entropy=0.630918
2024-04-08 21:10:15,076 [INFO]  Epoch[3] Train-varices-accuracy=0.000000
2024-04-08 21:10:15,076 [INFO]  Epoch[3] Time cost=0.007
2024-04-08 21:10:15,078 [INFO]  Saved checkpoint to "./imputer_model/25_hepatitis/imputer_model_varices/model-0003.params"
2024-04-08 21:10:15,078 [INFO]  Epoch[3] Validation-cross-entropy=2.485689
2024-04-08 21:10:15,078 [INFO]  Epoch[3] Validation-varices-accuracy=0.000000
2024-04-08 21:10:15,084 [INFO]  Epoch[4] Batch [0-4]	Speed: 14494.36 samples/sec	cross-entropy=0.721408	varices-accuracy=0.000000
2024-04-08 21:10:15,086 [INFO]  Epoch[4] Train-cross-entropy=0.329453
2024-04-08 21:10:15,086 [INFO]  Epoch[4] Train-varices-accuracy=0.000000
2024-04-08 21:10:15,086 [INFO]  Epoch[4] Time cost=0.008
2024-04-08 21:10:15,088 [INFO]  Saved checkpoint to "./imputer_model/25_hepatitis/imputer_model_varices/model-0004.params"
2024-04-08 21:10:15,088 [INFO]  Epoch[4] Validation-cross-entropy=1.922153
2024-04-08 21:10:15,088 [INFO]  Epoch[4] Validation-varices-accuracy=0.000000
2024-04-08 21:10:15,088 [INFO]  
========== done (0.08405685424804688 s) fit model
2024-04-08 21:10:18,303 [INFO]  
========== start: fit model
2024-04-08 21:10:18,303 [WARNING]  Already bound, ignoring bind()
2024-04-08 21:10:18,311 [INFO]  Epoch[0] Batch [0-4]	Speed: 10619.75 samples/sec	cross-entropy=24.331731	varices-accuracy=5.000000
2024-04-08 21:10:18,314 [INFO]  Epoch[0] Train-cross-entropy=3.664405
2024-04-08 21:10:18,314 [INFO]  Epoch[0] Train-varices-accuracy=4.500000
2024-04-08 21:10:18,314 [INFO]  Epoch[0] Time cost=0.010
2024-04-08 21:10:18,317 [INFO]  Saved checkpoint to "./imputer_model/25_hepatitis/imputer_model_varices/model-0000.params"
2024-04-08 21:10:18,318 [INFO]  Epoch[0] Validation-cross-entropy=5.858758
2024-04-08 21:10:18,318 [INFO]  Epoch[0] Validation-varices-accuracy=0.000000
2024-04-08 21:10:18,324 [INFO]  Epoch[1] Batch [0-4]	Speed: 14439.00 samples/sec	cross-entropy=9.437704	varices-accuracy=5.000000
2024-04-08 21:10:18,325 [INFO]  Epoch[1] Train-cross-entropy=2.254400
2024-04-08 21:10:18,325 [INFO]  Epoch[1] Train-varices-accuracy=4.500000
2024-04-08 21:10:18,325 [INFO]  Epoch[1] Time cost=0.008
2024-04-08 21:10:18,327 [INFO]  Saved checkpoint to "./imputer_model/25_hepatitis/imputer_model_varices/model-0001.params"
2024-04-08 21:10:18,328 [INFO]  Epoch[1] Validation-cross-entropy=6.999707
2024-04-08 21:10:18,328 [INFO]  Epoch[1] Validation-varices-accuracy=0.000000
2024-04-08 21:10:18,332 [INFO]  Epoch[2] Batch [0-4]	Speed: 19194.53 samples/sec	cross-entropy=4.230610	varices-accuracy=5.000000
2024-04-08 21:10:18,354 [INFO]  Epoch[2] Train-cross-entropy=1.423667
2024-04-08 21:10:18,354 [INFO]  Epoch[2] Train-varices-accuracy=4.500000
2024-04-08 21:10:18,354 [INFO]  Epoch[2] Time cost=0.026
2024-04-08 21:10:18,358 [INFO]  Saved checkpoint to "./imputer_model/25_hepatitis/imputer_model_varices/model-0002.params"
2024-04-08 21:10:18,422 [INFO]  Epoch[2] Validation-cross-entropy=5.635055
2024-04-08 21:10:18,422 [INFO]  Epoch[2] Validation-varices-accuracy=0.000000
2024-04-08 21:10:18,426 [INFO]  Epoch[3] Batch [0-4]	Speed: 20664.78 samples/sec	cross-entropy=2.099621	varices-accuracy=5.000000
2024-04-08 21:10:18,428 [INFO]  Epoch[3] Train-cross-entropy=0.840988
2024-04-08 21:10:18,428 [INFO]  Epoch[3] Train-varices-accuracy=4.500000
2024-04-08 21:10:18,429 [INFO]  Epoch[3] Time cost=0.007
2024-04-08 21:10:18,431 [INFO]  Saved checkpoint to "./imputer_model/25_hepatitis/imputer_model_varices/model-0003.params"
2024-04-08 21:10:18,432 [INFO]  Epoch[3] Validation-cross-entropy=4.394128
2024-04-08 21:10:18,432 [INFO]  Epoch[3] Validation-varices-accuracy=0.000000
2024-04-08 21:10:18,437 [INFO]  Epoch[4] Batch [0-4]	Speed: 15073.87 samples/sec	cross-entropy=1.411187	varices-accuracy=5.000000
2024-04-08 21:10:18,440 [INFO]  Epoch[4] Train-cross-entropy=0.579623
2024-04-08 21:10:18,440 [INFO]  Epoch[4] Train-varices-accuracy=4.500000
2024-04-08 21:10:18,440 [INFO]  Epoch[4] Time cost=0.008
2024-04-08 21:10:18,442 [INFO]  Saved checkpoint to "./imputer_model/25_hepatitis/imputer_model_varices/model-0004.params"
2024-04-08 21:10:18,443 [INFO]  Epoch[4] Validation-cross-entropy=3.188235
2024-04-08 21:10:18,443 [INFO]  Epoch[4] Validation-varices-accuracy=0.000000
2024-04-08 21:10:18,443 [INFO]  
========== done (0.14029598236083984 s) fit model
2024-04-08 21:10:21,977 [INFO]  
========== start: fit model
2024-04-08 21:10:21,977 [WARNING]  Already bound, ignoring bind()
2024-04-08 21:10:21,982 [INFO]  Epoch[0] Batch [0-4]	Speed: 25352.80 samples/sec	cross-entropy=10.370020	varices-accuracy=5.200000
2024-04-08 21:10:21,983 [INFO]  Epoch[0] Train-cross-entropy=14.925476
2024-04-08 21:10:21,983 [INFO]  Epoch[0] Train-varices-accuracy=4.000000
2024-04-08 21:10:21,983 [INFO]  Epoch[0] Time cost=0.005
2024-04-08 21:10:21,985 [INFO]  Saved checkpoint to "./imputer_model/25_hepatitis/imputer_model_varices/model-0000.params"
2024-04-08 21:10:21,985 [INFO]  Epoch[0] Validation-cross-entropy=5.825482
2024-04-08 21:10:21,985 [INFO]  Epoch[0] Validation-varices-accuracy=0.000000
2024-04-08 21:10:21,988 [INFO]  Epoch[1] Batch [0-4]	Speed: 28475.17 samples/sec	cross-entropy=3.726718	varices-accuracy=5.200000
2024-04-08 21:10:21,989 [INFO]  Epoch[1] Train-cross-entropy=4.879630
2024-04-08 21:10:21,989 [INFO]  Epoch[1] Train-varices-accuracy=4.000000
2024-04-08 21:10:21,989 [INFO]  Epoch[1] Time cost=0.004
2024-04-08 21:10:21,990 [INFO]  Saved checkpoint to "./imputer_model/25_hepatitis/imputer_model_varices/model-0001.params"
2024-04-08 21:10:21,991 [INFO]  Epoch[1] Validation-cross-entropy=3.793368
2024-04-08 21:10:21,991 [INFO]  Epoch[1] Validation-varices-accuracy=0.000000
2024-04-08 21:10:21,994 [INFO]  Epoch[2] Batch [0-4]	Speed: 27288.35 samples/sec	cross-entropy=2.396684	varices-accuracy=5.200000
2024-04-08 21:10:21,995 [INFO]  Epoch[2] Train-cross-entropy=1.844954
2024-04-08 21:10:21,995 [INFO]  Epoch[2] Train-varices-accuracy=4.000000
2024-04-08 21:10:21,995 [INFO]  Epoch[2] Time cost=0.004
2024-04-08 21:10:21,997 [INFO]  Saved checkpoint to "./imputer_model/25_hepatitis/imputer_model_varices/model-0002.params"
2024-04-08 21:10:21,997 [INFO]  Epoch[2] Validation-cross-entropy=3.458015
2024-04-08 21:10:21,997 [INFO]  Epoch[2] Validation-varices-accuracy=0.000000
2024-04-08 21:10:22,000 [INFO]  Epoch[3] Batch [0-4]	Speed: 28728.11 samples/sec	cross-entropy=1.934967	varices-accuracy=5.200000
2024-04-08 21:10:22,001 [INFO]  Epoch[3] Train-cross-entropy=0.992652
2024-04-08 21:10:22,001 [INFO]  Epoch[3] Train-varices-accuracy=4.000000
2024-04-08 21:10:22,001 [INFO]  Epoch[3] Time cost=0.004
2024-04-08 21:10:22,003 [INFO]  Saved checkpoint to "./imputer_model/25_hepatitis/imputer_model_varices/model-0003.params"
2024-04-08 21:10:22,003 [INFO]  Epoch[3] Validation-cross-entropy=3.008333
2024-04-08 21:10:22,003 [INFO]  Epoch[3] Validation-varices-accuracy=0.000000
2024-04-08 21:10:22,006 [INFO]  Epoch[4] Batch [0-4]	Speed: 27038.22 samples/sec	cross-entropy=1.226277	varices-accuracy=5.200000
2024-04-08 21:10:22,007 [INFO]  Epoch[4] Train-cross-entropy=0.764818
2024-04-08 21:10:22,008 [INFO]  Epoch[4] Train-varices-accuracy=4.000000
2024-04-08 21:10:22,008 [INFO]  Epoch[4] Time cost=0.004
2024-04-08 21:10:22,009 [INFO]  Saved checkpoint to "./imputer_model/25_hepatitis/imputer_model_varices/model-0004.params"
2024-04-08 21:10:22,009 [INFO]  Epoch[4] Validation-cross-entropy=2.503523
2024-04-08 21:10:22,009 [INFO]  Epoch[4] Validation-varices-accuracy=0.000000
2024-04-08 21:10:22,009 [INFO]  
========== done (0.03209376335144043 s) fit model
2024-04-08 21:10:25,200 [INFO]  
========== start: fit model
2024-04-08 21:10:25,200 [WARNING]  Already bound, ignoring bind()
2024-04-08 21:10:25,205 [INFO]  Epoch[0] Batch [0-4]	Speed: 19732.10 samples/sec	cross-entropy=11.605459	varices-accuracy=0.000000
2024-04-08 21:10:25,207 [INFO]  Epoch[0] Train-cross-entropy=9.525537
2024-04-08 21:10:25,207 [INFO]  Epoch[0] Train-varices-accuracy=0.000000
2024-04-08 21:10:25,207 [INFO]  Epoch[0] Time cost=0.006
2024-04-08 21:10:25,208 [INFO]  Saved checkpoint to "./imputer_model/25_hepatitis/imputer_model_varices/model-0000.params"
2024-04-08 21:10:25,228 [INFO]  Epoch[0] Validation-cross-entropy=3.990907
2024-04-08 21:10:25,228 [INFO]  Epoch[0] Validation-varices-accuracy=0.000000
2024-04-08 21:10:25,232 [INFO]  Epoch[1] Batch [0-4]	Speed: 20119.58 samples/sec	cross-entropy=3.548996	varices-accuracy=0.000000
2024-04-08 21:10:25,246 [INFO]  Epoch[1] Train-cross-entropy=2.479374
2024-04-08 21:10:25,246 [INFO]  Epoch[1] Train-varices-accuracy=0.000000
2024-04-08 21:10:25,246 [INFO]  Epoch[1] Time cost=0.018
2024-04-08 21:10:25,248 [INFO]  Saved checkpoint to "./imputer_model/25_hepatitis/imputer_model_varices/model-0001.params"
2024-04-08 21:10:25,251 [INFO]  Epoch[1] Validation-cross-entropy=3.729739
2024-04-08 21:10:25,251 [INFO]  Epoch[1] Validation-varices-accuracy=0.000000
2024-04-08 21:10:25,262 [INFO]  Epoch[2] Batch [0-4]	Speed: 10224.17 samples/sec	cross-entropy=1.480022	varices-accuracy=0.000000
2024-04-08 21:10:25,264 [INFO]  Epoch[2] Train-cross-entropy=2.220469
2024-04-08 21:10:25,264 [INFO]  Epoch[2] Train-varices-accuracy=0.000000
2024-04-08 21:10:25,264 [INFO]  Epoch[2] Time cost=0.013
2024-04-08 21:10:25,265 [INFO]  Saved checkpoint to "./imputer_model/25_hepatitis/imputer_model_varices/model-0002.params"
2024-04-08 21:10:25,266 [INFO]  Epoch[2] Validation-cross-entropy=3.608824
2024-04-08 21:10:25,266 [INFO]  Epoch[2] Validation-varices-accuracy=0.000000
2024-04-08 21:10:25,270 [INFO]  Epoch[3] Batch [0-4]	Speed: 21540.32 samples/sec	cross-entropy=1.081382	varices-accuracy=0.000000
2024-04-08 21:10:25,272 [INFO]  Epoch[3] Train-cross-entropy=2.055896
2024-04-08 21:10:25,272 [INFO]  Epoch[3] Train-varices-accuracy=0.000000
2024-04-08 21:10:25,272 [INFO]  Epoch[3] Time cost=0.006
2024-04-08 21:10:25,281 [INFO]  Saved checkpoint to "./imputer_model/25_hepatitis/imputer_model_varices/model-0003.params"
2024-04-08 21:10:25,292 [INFO]  Epoch[3] Validation-cross-entropy=3.239153
2024-04-08 21:10:25,292 [INFO]  Epoch[3] Validation-varices-accuracy=0.000000
2024-04-08 21:10:25,296 [INFO]  Epoch[4] Batch [0-4]	Speed: 21963.30 samples/sec	cross-entropy=0.623206	varices-accuracy=0.000000
2024-04-08 21:10:25,308 [INFO]  Epoch[4] Train-cross-entropy=0.962551
2024-04-08 21:10:25,308 [INFO]  Epoch[4] Train-varices-accuracy=0.000000
2024-04-08 21:10:25,308 [INFO]  Epoch[4] Time cost=0.016
2024-04-08 21:10:25,312 [INFO]  Saved checkpoint to "./imputer_model/25_hepatitis/imputer_model_varices/model-0004.params"
2024-04-08 21:10:25,326 [INFO]  Epoch[4] Validation-cross-entropy=2.509483
2024-04-08 21:10:25,326 [INFO]  Epoch[4] Validation-varices-accuracy=0.000000
2024-04-08 21:10:25,326 [INFO]  
========== done (0.12653708457946777 s) fit model
2024-04-08 21:10:28,584 [INFO]  
========== start: fit model
2024-04-08 21:10:28,584 [WARNING]  Already bound, ignoring bind()
2024-04-08 21:10:28,594 [INFO]  Epoch[0] Batch [0-4]	Speed: 20251.64 samples/sec	cross-entropy=12.591176	varices-accuracy=5.000000
2024-04-08 21:10:28,595 [INFO]  Epoch[0] Train-cross-entropy=34.278936
2024-04-08 21:10:28,595 [INFO]  Epoch[0] Train-varices-accuracy=2.500000
2024-04-08 21:10:28,595 [INFO]  Epoch[0] Time cost=0.010
2024-04-08 21:10:28,599 [INFO]  Saved checkpoint to "./imputer_model/25_hepatitis/imputer_model_varices/model-0000.params"
2024-04-08 21:10:28,600 [INFO]  Epoch[0] Validation-cross-entropy=37.659050
2024-04-08 21:10:28,601 [INFO]  Epoch[0] Validation-varices-accuracy=0.000000
2024-04-08 21:10:28,609 [INFO]  Epoch[1] Batch [0-4]	Speed: 15460.20 samples/sec	cross-entropy=5.773685	varices-accuracy=5.000000
2024-04-08 21:10:28,610 [INFO]  Epoch[1] Train-cross-entropy=15.898768
2024-04-08 21:10:28,610 [INFO]  Epoch[1] Train-varices-accuracy=2.500000
2024-04-08 21:10:28,611 [INFO]  Epoch[1] Time cost=0.010
2024-04-08 21:10:28,614 [INFO]  Saved checkpoint to "./imputer_model/25_hepatitis/imputer_model_varices/model-0001.params"
2024-04-08 21:10:28,619 [INFO]  Epoch[1] Validation-cross-entropy=19.232470
2024-04-08 21:10:28,619 [INFO]  Epoch[1] Validation-varices-accuracy=0.000000
2024-04-08 21:10:28,636 [INFO]  Epoch[2] Batch [0-4]	Speed: 4168.64 samples/sec	cross-entropy=3.232463	varices-accuracy=5.000000
2024-04-08 21:10:28,650 [INFO]  Epoch[2] Train-cross-entropy=6.944914
2024-04-08 21:10:28,650 [INFO]  Epoch[2] Train-varices-accuracy=2.500000
2024-04-08 21:10:28,650 [INFO]  Epoch[2] Time cost=0.031
2024-04-08 21:10:28,652 [INFO]  Saved checkpoint to "./imputer_model/25_hepatitis/imputer_model_varices/model-0002.params"
2024-04-08 21:10:28,656 [INFO]  Epoch[2] Validation-cross-entropy=11.305468
2024-04-08 21:10:28,656 [INFO]  Epoch[2] Validation-varices-accuracy=0.000000
2024-04-08 21:10:28,659 [INFO]  Epoch[3] Batch [0-4]	Speed: 29187.28 samples/sec	cross-entropy=1.742999	varices-accuracy=5.000000
2024-04-08 21:10:28,660 [INFO]  Epoch[3] Train-cross-entropy=3.372681
2024-04-08 21:10:28,660 [INFO]  Epoch[3] Train-varices-accuracy=2.500000
2024-04-08 21:10:28,660 [INFO]  Epoch[3] Time cost=0.004
2024-04-08 21:10:28,661 [INFO]  Saved checkpoint to "./imputer_model/25_hepatitis/imputer_model_varices/model-0003.params"
2024-04-08 21:10:28,662 [INFO]  Epoch[3] Validation-cross-entropy=7.685033
2024-04-08 21:10:28,662 [INFO]  Epoch[3] Validation-varices-accuracy=0.000000
2024-04-08 21:10:28,665 [INFO]  Epoch[4] Batch [0-4]	Speed: 28490.28 samples/sec	cross-entropy=1.196264	varices-accuracy=5.000000
2024-04-08 21:10:28,666 [INFO]  Epoch[4] Train-cross-entropy=1.698473
2024-04-08 21:10:28,666 [INFO]  Epoch[4] Train-varices-accuracy=2.500000
2024-04-08 21:10:28,666 [INFO]  Epoch[4] Time cost=0.004
2024-04-08 21:10:28,670 [INFO]  Saved checkpoint to "./imputer_model/25_hepatitis/imputer_model_varices/model-0004.params"
2024-04-08 21:10:28,677 [INFO]  Epoch[4] Validation-cross-entropy=5.538232
2024-04-08 21:10:28,677 [INFO]  Epoch[4] Validation-varices-accuracy=0.000000
2024-04-08 21:10:28,677 [INFO]  
========== done (0.09298467636108398 s) fit model
2024-04-08 21:10:32,136 [INFO]  
========== start: fit model
2024-04-08 21:10:32,136 [WARNING]  Already bound, ignoring bind()
2024-04-08 21:10:32,140 [INFO]  Epoch[0] Batch [0-4]	Speed: 26583.03 samples/sec	cross-entropy=19.347102	varices-accuracy=4.600000
2024-04-08 21:10:32,142 [INFO]  Epoch[0] Train-cross-entropy=13.679420
2024-04-08 21:10:32,142 [INFO]  Epoch[0] Train-varices-accuracy=3.000000
2024-04-08 21:10:32,142 [INFO]  Epoch[0] Time cost=0.005
2024-04-08 21:10:32,143 [INFO]  Saved checkpoint to "./imputer_model/25_hepatitis/imputer_model_varices/model-0000.params"
2024-04-08 21:10:32,144 [INFO]  Epoch[0] Validation-cross-entropy=7.548085
2024-04-08 21:10:32,144 [INFO]  Epoch[0] Validation-varices-accuracy=0.000000
2024-04-08 21:10:32,147 [INFO]  Epoch[1] Batch [0-4]	Speed: 27756.74 samples/sec	cross-entropy=6.418458	varices-accuracy=4.600000
2024-04-08 21:10:32,148 [INFO]  Epoch[1] Train-cross-entropy=6.590338
2024-04-08 21:10:32,148 [INFO]  Epoch[1] Train-varices-accuracy=3.000000
2024-04-08 21:10:32,148 [INFO]  Epoch[1] Time cost=0.004
2024-04-08 21:10:32,153 [INFO]  Saved checkpoint to "./imputer_model/25_hepatitis/imputer_model_varices/model-0001.params"
2024-04-08 21:10:32,157 [INFO]  Epoch[1] Validation-cross-entropy=5.484778
2024-04-08 21:10:32,157 [INFO]  Epoch[1] Validation-varices-accuracy=0.000000
2024-04-08 21:10:32,161 [INFO]  Epoch[2] Batch [0-4]	Speed: 20645.70 samples/sec	cross-entropy=3.505788	varices-accuracy=4.600000
2024-04-08 21:10:32,163 [INFO]  Epoch[2] Train-cross-entropy=3.379817
2024-04-08 21:10:32,163 [INFO]  Epoch[2] Train-varices-accuracy=3.000000
2024-04-08 21:10:32,163 [INFO]  Epoch[2] Time cost=0.006
2024-04-08 21:10:32,165 [INFO]  Saved checkpoint to "./imputer_model/25_hepatitis/imputer_model_varices/model-0002.params"
2024-04-08 21:10:32,165 [INFO]  Epoch[2] Validation-cross-entropy=3.705585
2024-04-08 21:10:32,165 [INFO]  Epoch[2] Validation-varices-accuracy=0.000000
2024-04-08 21:10:32,169 [INFO]  Epoch[3] Batch [0-4]	Speed: 22647.05 samples/sec	cross-entropy=2.701674	varices-accuracy=4.600000
2024-04-08 21:10:32,170 [INFO]  Epoch[3] Train-cross-entropy=2.025371
2024-04-08 21:10:32,171 [INFO]  Epoch[3] Train-varices-accuracy=3.000000
2024-04-08 21:10:32,171 [INFO]  Epoch[3] Time cost=0.005
2024-04-08 21:10:32,172 [INFO]  Saved checkpoint to "./imputer_model/25_hepatitis/imputer_model_varices/model-0003.params"
2024-04-08 21:10:32,173 [INFO]  Epoch[3] Validation-cross-entropy=2.210184
2024-04-08 21:10:32,173 [INFO]  Epoch[3] Validation-varices-accuracy=0.000000
2024-04-08 21:10:32,178 [INFO]  Epoch[4] Batch [0-4]	Speed: 15332.16 samples/sec	cross-entropy=1.856227	varices-accuracy=4.600000
2024-04-08 21:10:32,181 [INFO]  Epoch[4] Train-cross-entropy=1.436183
2024-04-08 21:10:32,181 [INFO]  Epoch[4] Train-varices-accuracy=3.000000
2024-04-08 21:10:32,181 [INFO]  Epoch[4] Time cost=0.008
2024-04-08 21:10:32,184 [INFO]  Saved checkpoint to "./imputer_model/25_hepatitis/imputer_model_varices/model-0004.params"
2024-04-08 21:10:32,185 [INFO]  Epoch[4] Validation-cross-entropy=2.220090
2024-04-08 21:10:32,186 [INFO]  Epoch[4] Validation-varices-accuracy=0.000000
2024-04-08 21:10:32,186 [INFO]  
========== done (0.04976320266723633 s) fit model
2024-04-08 21:10:35,535 [INFO]  
========== start: fit model
2024-04-08 21:10:35,535 [WARNING]  Already bound, ignoring bind()
2024-04-08 21:10:35,577 [INFO]  Epoch[0] Batch [0-4]	Speed: 3093.61 samples/sec	cross-entropy=14.213134	varices-accuracy=0.000000
2024-04-08 21:10:35,579 [INFO]  Epoch[0] Train-cross-entropy=11.623328
2024-04-08 21:10:35,579 [INFO]  Epoch[0] Train-varices-accuracy=0.000000
2024-04-08 21:10:35,579 [INFO]  Epoch[0] Time cost=0.044
2024-04-08 21:10:35,582 [INFO]  Saved checkpoint to "./imputer_model/25_hepatitis/imputer_model_varices/model-0000.params"
2024-04-08 21:10:35,582 [INFO]  Epoch[0] Validation-cross-entropy=3.717824
2024-04-08 21:10:35,583 [INFO]  Epoch[0] Validation-varices-accuracy=0.000000
2024-04-08 21:10:35,588 [INFO]  Epoch[1] Batch [0-4]	Speed: 15344.43 samples/sec	cross-entropy=5.615735	varices-accuracy=0.000000
2024-04-08 21:10:35,590 [INFO]  Epoch[1] Train-cross-entropy=6.142107
2024-04-08 21:10:35,591 [INFO]  Epoch[1] Train-varices-accuracy=0.000000
2024-04-08 21:10:35,591 [INFO]  Epoch[1] Time cost=0.008
2024-04-08 21:10:35,594 [INFO]  Saved checkpoint to "./imputer_model/25_hepatitis/imputer_model_varices/model-0001.params"
2024-04-08 21:10:35,616 [INFO]  Epoch[1] Validation-cross-entropy=2.329234
2024-04-08 21:10:35,616 [INFO]  Epoch[1] Validation-varices-accuracy=0.000000
2024-04-08 21:10:35,665 [INFO]  Epoch[2] Batch [0-4]	Speed: 1993.02 samples/sec	cross-entropy=2.700086	varices-accuracy=0.000000
2024-04-08 21:10:35,667 [INFO]  Epoch[2] Train-cross-entropy=3.360415
2024-04-08 21:10:35,667 [INFO]  Epoch[2] Train-varices-accuracy=0.000000
2024-04-08 21:10:35,667 [INFO]  Epoch[2] Time cost=0.051
2024-04-08 21:10:35,669 [INFO]  Saved checkpoint to "./imputer_model/25_hepatitis/imputer_model_varices/model-0002.params"
2024-04-08 21:10:35,669 [INFO]  Epoch[2] Validation-cross-entropy=2.482904
2024-04-08 21:10:35,669 [INFO]  Epoch[2] Validation-varices-accuracy=0.000000
2024-04-08 21:10:35,675 [INFO]  Epoch[3] Batch [0-4]	Speed: 15513.81 samples/sec	cross-entropy=1.553890	varices-accuracy=0.000000
2024-04-08 21:10:35,677 [INFO]  Epoch[3] Train-cross-entropy=1.718704
2024-04-08 21:10:35,677 [INFO]  Epoch[3] Train-varices-accuracy=0.000000
2024-04-08 21:10:35,677 [INFO]  Epoch[3] Time cost=0.008
2024-04-08 21:10:35,681 [INFO]  Saved checkpoint to "./imputer_model/25_hepatitis/imputer_model_varices/model-0003.params"
2024-04-08 21:10:35,698 [INFO]  Epoch[3] Validation-cross-entropy=2.251732
2024-04-08 21:10:35,698 [INFO]  Epoch[3] Validation-varices-accuracy=0.000000
2024-04-08 21:10:35,702 [INFO]  Epoch[4] Batch [0-4]	Speed: 21889.87 samples/sec	cross-entropy=0.913813	varices-accuracy=0.000000
2024-04-08 21:10:35,704 [INFO]  Epoch[4] Train-cross-entropy=0.899902
2024-04-08 21:10:35,704 [INFO]  Epoch[4] Train-varices-accuracy=0.000000
2024-04-08 21:10:35,704 [INFO]  Epoch[4] Time cost=0.006
2024-04-08 21:10:35,705 [INFO]  Saved checkpoint to "./imputer_model/25_hepatitis/imputer_model_varices/model-0004.params"
2024-04-08 21:10:35,706 [INFO]  Epoch[4] Validation-cross-entropy=1.137017
2024-04-08 21:10:35,706 [INFO]  Epoch[4] Validation-varices-accuracy=0.000000
2024-04-08 21:10:35,706 [INFO]  
========== done (0.1709895133972168 s) fit model
2024-04-08 21:10:39,160 [INFO]  
========== start: fit model
2024-04-08 21:10:39,161 [WARNING]  Already bound, ignoring bind()
2024-04-08 21:10:39,179 [INFO]  Epoch[0] Batch [0-4]	Speed: 9563.07 samples/sec	cross-entropy=23.450391	varices-accuracy=0.000000
2024-04-08 21:10:39,182 [INFO]  Epoch[0] Train-cross-entropy=6.244479
2024-04-08 21:10:39,182 [INFO]  Epoch[0] Train-varices-accuracy=0.000000
2024-04-08 21:10:39,182 [INFO]  Epoch[0] Time cost=0.021
2024-04-08 21:10:39,185 [INFO]  Saved checkpoint to "./imputer_model/25_hepatitis/imputer_model_varices/model-0000.params"
2024-04-08 21:10:39,185 [INFO]  Epoch[0] Validation-cross-entropy=32.521767
2024-04-08 21:10:39,185 [INFO]  Epoch[0] Validation-varices-accuracy=0.000000
2024-04-08 21:10:39,191 [INFO]  Epoch[1] Batch [0-4]	Speed: 14469.35 samples/sec	cross-entropy=10.970524	varices-accuracy=0.000000
2024-04-08 21:10:39,193 [INFO]  Epoch[1] Train-cross-entropy=4.401724
2024-04-08 21:10:39,193 [INFO]  Epoch[1] Train-varices-accuracy=0.000000
2024-04-08 21:10:39,193 [INFO]  Epoch[1] Time cost=0.008
2024-04-08 21:10:39,195 [INFO]  Saved checkpoint to "./imputer_model/25_hepatitis/imputer_model_varices/model-0001.params"
2024-04-08 21:10:39,195 [INFO]  Epoch[1] Validation-cross-entropy=12.235058
2024-04-08 21:10:39,195 [INFO]  Epoch[1] Validation-varices-accuracy=0.000000
2024-04-08 21:10:39,199 [INFO]  Epoch[2] Batch [0-4]	Speed: 20876.92 samples/sec	cross-entropy=6.008112	varices-accuracy=0.000000
2024-04-08 21:10:39,201 [INFO]  Epoch[2] Train-cross-entropy=2.377835
2024-04-08 21:10:39,201 [INFO]  Epoch[2] Train-varices-accuracy=0.000000
2024-04-08 21:10:39,201 [INFO]  Epoch[2] Time cost=0.006
2024-04-08 21:10:39,203 [INFO]  Saved checkpoint to "./imputer_model/25_hepatitis/imputer_model_varices/model-0002.params"
2024-04-08 21:10:39,203 [INFO]  Epoch[2] Validation-cross-entropy=4.972285
2024-04-08 21:10:39,203 [INFO]  Epoch[2] Validation-varices-accuracy=0.000000
2024-04-08 21:10:39,224 [INFO]  Epoch[3] Batch [0-4]	Speed: 3190.42 samples/sec	cross-entropy=3.514591	varices-accuracy=0.000000
2024-04-08 21:10:39,225 [INFO]  Epoch[3] Train-cross-entropy=1.154098
2024-04-08 21:10:39,225 [INFO]  Epoch[3] Train-varices-accuracy=0.000000
2024-04-08 21:10:39,225 [INFO]  Epoch[3] Time cost=0.022
2024-04-08 21:10:39,227 [INFO]  Saved checkpoint to "./imputer_model/25_hepatitis/imputer_model_varices/model-0003.params"
2024-04-08 21:10:39,227 [INFO]  Epoch[3] Validation-cross-entropy=1.634238
2024-04-08 21:10:39,227 [INFO]  Epoch[3] Validation-varices-accuracy=0.000000
2024-04-08 21:10:39,234 [INFO]  Epoch[4] Batch [0-4]	Speed: 11051.27 samples/sec	cross-entropy=1.971073	varices-accuracy=0.000000
2024-04-08 21:10:39,236 [INFO]  Epoch[4] Train-cross-entropy=0.646165
2024-04-08 21:10:39,237 [INFO]  Epoch[4] Train-varices-accuracy=0.000000
2024-04-08 21:10:39,237 [INFO]  Epoch[4] Time cost=0.009
2024-04-08 21:10:39,238 [INFO]  Saved checkpoint to "./imputer_model/25_hepatitis/imputer_model_varices/model-0004.params"
2024-04-08 21:10:39,239 [INFO]  Epoch[4] Validation-cross-entropy=0.878303
2024-04-08 21:10:39,239 [INFO]  Epoch[4] Validation-varices-accuracy=0.000000
2024-04-08 21:10:39,239 [INFO]  
========== done (0.07873964309692383 s) fit model
2024-04-08 21:10:42,858 [INFO]  
========== start: fit model
2024-04-08 21:10:42,858 [WARNING]  Already bound, ignoring bind()
2024-04-08 21:10:42,864 [INFO]  Epoch[0] Batch [0-4]	Speed: 19415.27 samples/sec	cross-entropy=10.021140	varices-accuracy=5.600000
2024-04-08 21:10:42,865 [INFO]  Epoch[0] Train-cross-entropy=10.747520
2024-04-08 21:10:42,865 [INFO]  Epoch[0] Train-varices-accuracy=2.500000
2024-04-08 21:10:42,865 [INFO]  Epoch[0] Time cost=0.006
2024-04-08 21:10:42,867 [INFO]  Saved checkpoint to "./imputer_model/25_hepatitis/imputer_model_varices/model-0000.params"
2024-04-08 21:10:42,869 [INFO]  Epoch[0] Validation-cross-entropy=13.758593
2024-04-08 21:10:42,869 [INFO]  Epoch[0] Validation-varices-accuracy=0.000000
2024-04-08 21:10:42,877 [INFO]  Epoch[1] Batch [0-4]	Speed: 9085.34 samples/sec	cross-entropy=4.445955	varices-accuracy=5.600000
2024-04-08 21:10:42,880 [INFO]  Epoch[1] Train-cross-entropy=3.577792
2024-04-08 21:10:42,880 [INFO]  Epoch[1] Train-varices-accuracy=2.500000
2024-04-08 21:10:42,880 [INFO]  Epoch[1] Time cost=0.010
2024-04-08 21:10:42,881 [INFO]  Saved checkpoint to "./imputer_model/25_hepatitis/imputer_model_varices/model-0001.params"
2024-04-08 21:10:42,882 [INFO]  Epoch[1] Validation-cross-entropy=7.377954
2024-04-08 21:10:42,882 [INFO]  Epoch[1] Validation-varices-accuracy=0.000000
2024-04-08 21:10:42,888 [INFO]  Epoch[2] Batch [0-4]	Speed: 14314.27 samples/sec	cross-entropy=2.179882	varices-accuracy=5.600000
2024-04-08 21:10:42,890 [INFO]  Epoch[2] Train-cross-entropy=1.741577
2024-04-08 21:10:42,890 [INFO]  Epoch[2] Train-varices-accuracy=2.500000
2024-04-08 21:10:42,890 [INFO]  Epoch[2] Time cost=0.008
2024-04-08 21:10:42,892 [INFO]  Saved checkpoint to "./imputer_model/25_hepatitis/imputer_model_varices/model-0002.params"
2024-04-08 21:10:42,892 [INFO]  Epoch[2] Validation-cross-entropy=3.239900
2024-04-08 21:10:42,892 [INFO]  Epoch[2] Validation-varices-accuracy=0.000000
2024-04-08 21:10:42,898 [INFO]  Epoch[3] Batch [0-4]	Speed: 14588.88 samples/sec	cross-entropy=1.095301	varices-accuracy=5.600000
2024-04-08 21:10:42,900 [INFO]  Epoch[3] Train-cross-entropy=1.247025
2024-04-08 21:10:42,900 [INFO]  Epoch[3] Train-varices-accuracy=2.500000
2024-04-08 21:10:42,900 [INFO]  Epoch[3] Time cost=0.008
2024-04-08 21:10:42,902 [INFO]  Saved checkpoint to "./imputer_model/25_hepatitis/imputer_model_varices/model-0003.params"
2024-04-08 21:10:42,902 [INFO]  Epoch[3] Validation-cross-entropy=1.414641
2024-04-08 21:10:42,902 [INFO]  Epoch[3] Validation-varices-accuracy=0.000000
2024-04-08 21:10:42,908 [INFO]  Epoch[4] Batch [0-4]	Speed: 14880.01 samples/sec	cross-entropy=0.613029	varices-accuracy=5.600000
2024-04-08 21:10:42,910 [INFO]  Epoch[4] Train-cross-entropy=0.794858
2024-04-08 21:10:42,910 [INFO]  Epoch[4] Train-varices-accuracy=2.500000
2024-04-08 21:10:42,910 [INFO]  Epoch[4] Time cost=0.008
2024-04-08 21:10:42,912 [INFO]  Saved checkpoint to "./imputer_model/25_hepatitis/imputer_model_varices/model-0004.params"
2024-04-08 21:10:42,912 [INFO]  Epoch[4] Validation-cross-entropy=0.861888
2024-04-08 21:10:42,913 [INFO]  Epoch[4] Validation-varices-accuracy=0.000000
2024-04-08 21:10:42,913 [INFO]  
========== done (0.054552316665649414 s) fit model
2024-04-08 21:10:46,173 [INFO]  
========== start: fit model
2024-04-08 21:10:46,173 [WARNING]  Already bound, ignoring bind()
2024-04-08 21:10:46,179 [INFO]  Epoch[0] Batch [0-4]	Speed: 17220.65 samples/sec	cross-entropy=12.629453	varices-accuracy=3.800000
2024-04-08 21:10:46,181 [INFO]  Epoch[0] Train-cross-entropy=8.699949
2024-04-08 21:10:46,181 [INFO]  Epoch[0] Train-varices-accuracy=7.000000
2024-04-08 21:10:46,181 [INFO]  Epoch[0] Time cost=0.007
2024-04-08 21:10:46,183 [INFO]  Saved checkpoint to "./imputer_model/25_hepatitis/imputer_model_varices/model-0000.params"
2024-04-08 21:10:46,183 [INFO]  Epoch[0] Validation-cross-entropy=10.674143
2024-04-08 21:10:46,183 [INFO]  Epoch[0] Validation-varices-accuracy=0.000000
2024-04-08 21:10:46,187 [INFO]  Epoch[1] Batch [0-4]	Speed: 23053.54 samples/sec	cross-entropy=4.188714	varices-accuracy=3.800000
2024-04-08 21:10:46,188 [INFO]  Epoch[1] Train-cross-entropy=4.339718
2024-04-08 21:10:46,188 [INFO]  Epoch[1] Train-varices-accuracy=7.000000
2024-04-08 21:10:46,189 [INFO]  Epoch[1] Time cost=0.005
2024-04-08 21:10:46,190 [INFO]  Saved checkpoint to "./imputer_model/25_hepatitis/imputer_model_varices/model-0001.params"
2024-04-08 21:10:46,191 [INFO]  Epoch[1] Validation-cross-entropy=5.508237
2024-04-08 21:10:46,191 [INFO]  Epoch[1] Validation-varices-accuracy=0.000000
2024-04-08 21:10:46,196 [INFO]  Epoch[2] Batch [0-4]	Speed: 15298.08 samples/sec	cross-entropy=1.892241	varices-accuracy=3.800000
2024-04-08 21:10:46,197 [INFO]  Epoch[2] Train-cross-entropy=2.512109
2024-04-08 21:10:46,197 [INFO]  Epoch[2] Train-varices-accuracy=7.000000
2024-04-08 21:10:46,197 [INFO]  Epoch[2] Time cost=0.007
2024-04-08 21:10:46,203 [INFO]  Saved checkpoint to "./imputer_model/25_hepatitis/imputer_model_varices/model-0002.params"
2024-04-08 21:10:46,216 [INFO]  Epoch[2] Validation-cross-entropy=2.500818
2024-04-08 21:10:46,216 [INFO]  Epoch[2] Validation-varices-accuracy=0.000000
2024-04-08 21:10:46,220 [INFO]  Epoch[3] Batch [0-4]	Speed: 21134.99 samples/sec	cross-entropy=0.982096	varices-accuracy=3.800000
2024-04-08 21:10:46,222 [INFO]  Epoch[3] Train-cross-entropy=1.381640
2024-04-08 21:10:46,222 [INFO]  Epoch[3] Train-varices-accuracy=7.000000
2024-04-08 21:10:46,222 [INFO]  Epoch[3] Time cost=0.006
2024-04-08 21:10:46,223 [INFO]  Saved checkpoint to "./imputer_model/25_hepatitis/imputer_model_varices/model-0003.params"
2024-04-08 21:10:46,224 [INFO]  Epoch[3] Validation-cross-entropy=1.462987
2024-04-08 21:10:46,224 [INFO]  Epoch[3] Validation-varices-accuracy=0.000000
2024-04-08 21:10:46,227 [INFO]  Epoch[4] Batch [0-4]	Speed: 25677.77 samples/sec	cross-entropy=0.636619	varices-accuracy=3.800000
2024-04-08 21:10:46,235 [INFO]  Epoch[4] Train-cross-entropy=0.839037
2024-04-08 21:10:46,235 [INFO]  Epoch[4] Train-varices-accuracy=7.000000
2024-04-08 21:10:46,235 [INFO]  Epoch[4] Time cost=0.011
2024-04-08 21:10:46,236 [INFO]  Saved checkpoint to "./imputer_model/25_hepatitis/imputer_model_varices/model-0004.params"
2024-04-08 21:10:46,238 [INFO]  Epoch[4] Validation-cross-entropy=1.326593
2024-04-08 21:10:46,238 [INFO]  Epoch[4] Validation-varices-accuracy=0.000000
2024-04-08 21:10:46,238 [INFO]  
========== done (0.06525564193725586 s) fit model
2024-04-08 21:10:49,664 [INFO]  
========== start: fit model
2024-04-08 21:10:49,664 [WARNING]  Already bound, ignoring bind()
2024-04-08 21:10:49,673 [INFO]  Epoch[0] Batch [0-4]	Speed: 17794.86 samples/sec	cross-entropy=22.107227	varices-accuracy=0.000000
2024-04-08 21:10:49,675 [INFO]  Epoch[0] Train-cross-entropy=4.193813
2024-04-08 21:10:49,675 [INFO]  Epoch[0] Train-varices-accuracy=0.000000
2024-04-08 21:10:49,675 [INFO]  Epoch[0] Time cost=0.010
2024-04-08 21:10:49,677 [INFO]  Saved checkpoint to "./imputer_model/25_hepatitis/imputer_model_varices/model-0000.params"
2024-04-08 21:10:49,678 [INFO]  Epoch[0] Validation-cross-entropy=0.226658
2024-04-08 21:10:49,678 [INFO]  Epoch[0] Validation-varices-accuracy=0.000000
2024-04-08 21:10:49,681 [INFO]  Epoch[1] Batch [0-4]	Speed: 24720.09 samples/sec	cross-entropy=8.412151	varices-accuracy=0.000000
2024-04-08 21:10:49,683 [INFO]  Epoch[1] Train-cross-entropy=2.990059
2024-04-08 21:10:49,683 [INFO]  Epoch[1] Train-varices-accuracy=0.000000
2024-04-08 21:10:49,683 [INFO]  Epoch[1] Time cost=0.005
2024-04-08 21:10:49,684 [INFO]  Saved checkpoint to "./imputer_model/25_hepatitis/imputer_model_varices/model-0001.params"
2024-04-08 21:10:49,686 [INFO]  Epoch[1] Validation-cross-entropy=0.304929
2024-04-08 21:10:49,686 [INFO]  Epoch[1] Validation-varices-accuracy=0.000000
2024-04-08 21:10:49,690 [INFO]  Epoch[2] Batch [0-4]	Speed: 23051.56 samples/sec	cross-entropy=3.851542	varices-accuracy=0.000000
2024-04-08 21:10:49,691 [INFO]  Epoch[2] Train-cross-entropy=2.059735
2024-04-08 21:10:49,691 [INFO]  Epoch[2] Train-varices-accuracy=0.000000
2024-04-08 21:10:49,691 [INFO]  Epoch[2] Time cost=0.005
2024-04-08 21:10:49,693 [INFO]  Saved checkpoint to "./imputer_model/25_hepatitis/imputer_model_varices/model-0002.params"
2024-04-08 21:10:49,698 [INFO]  Epoch[2] Validation-cross-entropy=0.223986
2024-04-08 21:10:49,698 [INFO]  Epoch[2] Validation-varices-accuracy=0.000000
2024-04-08 21:10:49,712 [INFO]  Epoch[3] Batch [0-4]	Speed: 15232.11 samples/sec	cross-entropy=2.189034	varices-accuracy=0.000000
2024-04-08 21:10:49,717 [INFO]  Epoch[3] Train-cross-entropy=1.191623
2024-04-08 21:10:49,717 [INFO]  Epoch[3] Train-varices-accuracy=0.000000
2024-04-08 21:10:49,717 [INFO]  Epoch[3] Time cost=0.019
2024-04-08 21:10:49,718 [INFO]  Saved checkpoint to "./imputer_model/25_hepatitis/imputer_model_varices/model-0003.params"
2024-04-08 21:10:49,719 [INFO]  Epoch[3] Validation-cross-entropy=0.494056
2024-04-08 21:10:49,719 [INFO]  Epoch[3] Validation-varices-accuracy=0.000000
2024-04-08 21:10:49,728 [INFO]  Epoch[4] Batch [0-4]	Speed: 7776.23 samples/sec	cross-entropy=1.416117	varices-accuracy=0.000000
2024-04-08 21:10:49,763 [INFO]  Epoch[4] Train-cross-entropy=0.815352
2024-04-08 21:10:49,763 [INFO]  Epoch[4] Train-varices-accuracy=0.000000
2024-04-08 21:10:49,763 [INFO]  Epoch[4] Time cost=0.044
2024-04-08 21:10:49,764 [INFO]  Saved checkpoint to "./imputer_model/25_hepatitis/imputer_model_varices/model-0004.params"
2024-04-08 21:10:49,765 [INFO]  Epoch[4] Validation-cross-entropy=0.509772
2024-04-08 21:10:49,765 [INFO]  Epoch[4] Validation-varices-accuracy=0.000000
2024-04-08 21:10:49,765 [INFO]  
========== done (0.10055804252624512 s) fit model
2024-04-08 21:10:52,939 [INFO]  
========== start: fit model
2024-04-08 21:10:52,939 [WARNING]  Already bound, ignoring bind()
2024-04-08 21:10:53,010 [INFO]  Epoch[0] Batch [0-4]	Speed: 1001.62 samples/sec	cross-entropy=15.314521	varices-accuracy=4.000000
2024-04-08 21:10:53,012 [INFO]  Epoch[0] Train-cross-entropy=5.047405
2024-04-08 21:10:53,012 [INFO]  Epoch[0] Train-varices-accuracy=3.000000
2024-04-08 21:10:53,012 [INFO]  Epoch[0] Time cost=0.072
2024-04-08 21:10:53,013 [INFO]  Saved checkpoint to "./imputer_model/25_hepatitis/imputer_model_varices/model-0000.params"
2024-04-08 21:10:53,014 [INFO]  Epoch[0] Validation-cross-entropy=1.811332
2024-04-08 21:10:53,014 [INFO]  Epoch[0] Validation-varices-accuracy=0.000000
2024-04-08 21:10:53,025 [INFO]  Epoch[1] Batch [0-4]	Speed: 5960.86 samples/sec	cross-entropy=4.903035	varices-accuracy=4.000000
2024-04-08 21:10:53,051 [INFO]  Epoch[1] Train-cross-entropy=3.926345
2024-04-08 21:10:53,051 [INFO]  Epoch[1] Train-varices-accuracy=3.000000
2024-04-08 21:10:53,051 [INFO]  Epoch[1] Time cost=0.037
2024-04-08 21:10:53,053 [INFO]  Saved checkpoint to "./imputer_model/25_hepatitis/imputer_model_varices/model-0001.params"
2024-04-08 21:10:53,053 [INFO]  Epoch[1] Validation-cross-entropy=1.158552
2024-04-08 21:10:53,053 [INFO]  Epoch[1] Validation-varices-accuracy=0.000000
2024-04-08 21:10:53,056 [INFO]  Epoch[2] Batch [0-4]	Speed: 27117.43 samples/sec	cross-entropy=2.158038	varices-accuracy=4.000000
2024-04-08 21:10:53,057 [INFO]  Epoch[2] Train-cross-entropy=1.815297
2024-04-08 21:10:53,057 [INFO]  Epoch[2] Train-varices-accuracy=3.000000
2024-04-08 21:10:53,057 [INFO]  Epoch[2] Time cost=0.004
2024-04-08 21:10:53,059 [INFO]  Saved checkpoint to "./imputer_model/25_hepatitis/imputer_model_varices/model-0002.params"
2024-04-08 21:10:53,059 [INFO]  Epoch[2] Validation-cross-entropy=2.079985
2024-04-08 21:10:53,059 [INFO]  Epoch[2] Validation-varices-accuracy=0.000000
2024-04-08 21:10:53,062 [INFO]  Epoch[3] Batch [0-4]	Speed: 27268.94 samples/sec	cross-entropy=1.434095	varices-accuracy=4.000000
2024-04-08 21:10:53,063 [INFO]  Epoch[3] Train-cross-entropy=0.931510
2024-04-08 21:10:53,064 [INFO]  Epoch[3] Train-varices-accuracy=3.000000
2024-04-08 21:10:53,064 [INFO]  Epoch[3] Time cost=0.004
2024-04-08 21:10:53,065 [INFO]  Saved checkpoint to "./imputer_model/25_hepatitis/imputer_model_varices/model-0003.params"
2024-04-08 21:10:53,065 [INFO]  Epoch[3] Validation-cross-entropy=1.209214
2024-04-08 21:10:53,065 [INFO]  Epoch[3] Validation-varices-accuracy=0.000000
2024-04-08 21:10:53,068 [INFO]  Epoch[4] Batch [0-4]	Speed: 28904.43 samples/sec	cross-entropy=0.978819	varices-accuracy=4.000000
2024-04-08 21:10:53,069 [INFO]  Epoch[4] Train-cross-entropy=0.581676
2024-04-08 21:10:53,069 [INFO]  Epoch[4] Train-varices-accuracy=3.000000
2024-04-08 21:10:53,070 [INFO]  Epoch[4] Time cost=0.004
2024-04-08 21:10:53,071 [INFO]  Saved checkpoint to "./imputer_model/25_hepatitis/imputer_model_varices/model-0004.params"
2024-04-08 21:10:53,072 [INFO]  Epoch[4] Validation-cross-entropy=0.845892
2024-04-08 21:10:53,072 [INFO]  Epoch[4] Validation-varices-accuracy=0.000000
2024-04-08 21:10:53,072 [INFO]  
========== done (0.1329054832458496 s) fit model
2024-04-08 21:10:56,431 [INFO]  
========== start: fit model
2024-04-08 21:10:56,431 [WARNING]  Already bound, ignoring bind()
2024-04-08 21:10:56,436 [INFO]  Epoch[0] Batch [0-4]	Speed: 20596.60 samples/sec	cross-entropy=11.235264	varices-accuracy=0.000000
2024-04-08 21:10:56,438 [INFO]  Epoch[0] Train-cross-entropy=19.506871
2024-04-08 21:10:56,438 [INFO]  Epoch[0] Train-varices-accuracy=0.000000
2024-04-08 21:10:56,438 [INFO]  Epoch[0] Time cost=0.006
2024-04-08 21:10:56,439 [INFO]  Saved checkpoint to "./imputer_model/25_hepatitis/imputer_model_varices/model-0000.params"
2024-04-08 21:10:56,440 [INFO]  Epoch[0] Validation-cross-entropy=4.126144
2024-04-08 21:10:56,440 [INFO]  Epoch[0] Validation-varices-accuracy=0.000000
2024-04-08 21:10:56,448 [INFO]  Epoch[1] Batch [0-4]	Speed: 8345.84 samples/sec	cross-entropy=4.513227	varices-accuracy=0.000000
2024-04-08 21:10:56,461 [INFO]  Epoch[1] Train-cross-entropy=6.305387
2024-04-08 21:10:56,461 [INFO]  Epoch[1] Train-varices-accuracy=0.000000
2024-04-08 21:10:56,461 [INFO]  Epoch[1] Time cost=0.021
2024-04-08 21:10:56,462 [INFO]  Saved checkpoint to "./imputer_model/25_hepatitis/imputer_model_varices/model-0001.params"
2024-04-08 21:10:56,463 [INFO]  Epoch[1] Validation-cross-entropy=3.850711
2024-04-08 21:10:56,463 [INFO]  Epoch[1] Validation-varices-accuracy=0.000000
2024-04-08 21:10:56,467 [INFO]  Epoch[2] Batch [0-4]	Speed: 16054.75 samples/sec	cross-entropy=2.534536	varices-accuracy=0.000000
2024-04-08 21:10:56,469 [INFO]  Epoch[2] Train-cross-entropy=2.813298
2024-04-08 21:10:56,469 [INFO]  Epoch[2] Train-varices-accuracy=0.000000
2024-04-08 21:10:56,469 [INFO]  Epoch[2] Time cost=0.006
2024-04-08 21:10:56,470 [INFO]  Saved checkpoint to "./imputer_model/25_hepatitis/imputer_model_varices/model-0002.params"
2024-04-08 21:10:56,471 [INFO]  Epoch[2] Validation-cross-entropy=2.328350
2024-04-08 21:10:56,471 [INFO]  Epoch[2] Validation-varices-accuracy=0.000000
2024-04-08 21:10:56,474 [INFO]  Epoch[3] Batch [0-4]	Speed: 28593.47 samples/sec	cross-entropy=1.401475	varices-accuracy=0.000000
2024-04-08 21:10:56,475 [INFO]  Epoch[3] Train-cross-entropy=1.429777
2024-04-08 21:10:56,475 [INFO]  Epoch[3] Train-varices-accuracy=0.000000
2024-04-08 21:10:56,475 [INFO]  Epoch[3] Time cost=0.004
2024-04-08 21:10:56,476 [INFO]  Saved checkpoint to "./imputer_model/25_hepatitis/imputer_model_varices/model-0003.params"
2024-04-08 21:10:56,477 [INFO]  Epoch[3] Validation-cross-entropy=1.982490
2024-04-08 21:10:56,477 [INFO]  Epoch[3] Validation-varices-accuracy=0.000000
2024-04-08 21:10:56,480 [INFO]  Epoch[4] Batch [0-4]	Speed: 28307.02 samples/sec	cross-entropy=0.898216	varices-accuracy=0.000000
2024-04-08 21:10:56,481 [INFO]  Epoch[4] Train-cross-entropy=0.915555
2024-04-08 21:10:56,481 [INFO]  Epoch[4] Train-varices-accuracy=0.000000
2024-04-08 21:10:56,481 [INFO]  Epoch[4] Time cost=0.004
2024-04-08 21:10:56,482 [INFO]  Saved checkpoint to "./imputer_model/25_hepatitis/imputer_model_varices/model-0004.params"
2024-04-08 21:10:56,483 [INFO]  Epoch[4] Validation-cross-entropy=1.370161
2024-04-08 21:10:56,483 [INFO]  Epoch[4] Validation-varices-accuracy=0.000000
2024-04-08 21:10:56,483 [INFO]  
========== done (0.05220937728881836 s) fit model
2024-04-08 21:11:00,241 [INFO]  
========== start: fit model
2024-04-08 21:11:00,241 [WARNING]  Already bound, ignoring bind()
2024-04-08 21:11:00,247 [INFO]  Epoch[0] Batch [0-4]	Speed: 22311.98 samples/sec	cross-entropy=23.483854	varices-accuracy=3.200000
2024-04-08 21:11:00,249 [INFO]  Epoch[0] Train-cross-entropy=13.608682
2024-04-08 21:11:00,249 [INFO]  Epoch[0] Train-varices-accuracy=4.500000
2024-04-08 21:11:00,249 [INFO]  Epoch[0] Time cost=0.007
2024-04-08 21:11:00,251 [INFO]  Saved checkpoint to "./imputer_model/25_hepatitis/imputer_model_varices/model-0000.params"
2024-04-08 21:11:00,251 [INFO]  Epoch[0] Validation-cross-entropy=11.104326
2024-04-08 21:11:00,251 [INFO]  Epoch[0] Validation-varices-accuracy=0.000000
2024-04-08 21:11:00,255 [INFO]  Epoch[1] Batch [0-4]	Speed: 27771.10 samples/sec	cross-entropy=11.460943	varices-accuracy=3.200000
2024-04-08 21:11:00,256 [INFO]  Epoch[1] Train-cross-entropy=6.405300
2024-04-08 21:11:00,256 [INFO]  Epoch[1] Train-varices-accuracy=4.500000
2024-04-08 21:11:00,256 [INFO]  Epoch[1] Time cost=0.004
2024-04-08 21:11:00,257 [INFO]  Saved checkpoint to "./imputer_model/25_hepatitis/imputer_model_varices/model-0001.params"
2024-04-08 21:11:00,258 [INFO]  Epoch[1] Validation-cross-entropy=6.613521
2024-04-08 21:11:00,258 [INFO]  Epoch[1] Validation-varices-accuracy=0.000000
2024-04-08 21:11:00,261 [INFO]  Epoch[2] Batch [0-4]	Speed: 26173.50 samples/sec	cross-entropy=6.092197	varices-accuracy=3.200000
2024-04-08 21:11:00,262 [INFO]  Epoch[2] Train-cross-entropy=2.404018
2024-04-08 21:11:00,262 [INFO]  Epoch[2] Train-varices-accuracy=4.500000
2024-04-08 21:11:00,262 [INFO]  Epoch[2] Time cost=0.004
2024-04-08 21:11:00,264 [INFO]  Saved checkpoint to "./imputer_model/25_hepatitis/imputer_model_varices/model-0002.params"
2024-04-08 21:11:00,264 [INFO]  Epoch[2] Validation-cross-entropy=4.331196
2024-04-08 21:11:00,264 [INFO]  Epoch[2] Validation-varices-accuracy=0.000000
2024-04-08 21:11:00,267 [INFO]  Epoch[3] Batch [0-4]	Speed: 28808.27 samples/sec	cross-entropy=3.125608	varices-accuracy=3.200000
2024-04-08 21:11:00,268 [INFO]  Epoch[3] Train-cross-entropy=1.059331
2024-04-08 21:11:00,268 [INFO]  Epoch[3] Train-varices-accuracy=4.500000
2024-04-08 21:11:00,268 [INFO]  Epoch[3] Time cost=0.004
2024-04-08 21:11:00,269 [INFO]  Saved checkpoint to "./imputer_model/25_hepatitis/imputer_model_varices/model-0003.params"
2024-04-08 21:11:00,270 [INFO]  Epoch[3] Validation-cross-entropy=3.116231
2024-04-08 21:11:00,270 [INFO]  Epoch[3] Validation-varices-accuracy=0.000000
2024-04-08 21:11:00,273 [INFO]  Epoch[4] Batch [0-4]	Speed: 28520.55 samples/sec	cross-entropy=1.527272	varices-accuracy=3.200000
2024-04-08 21:11:00,274 [INFO]  Epoch[4] Train-cross-entropy=0.905261
2024-04-08 21:11:00,274 [INFO]  Epoch[4] Train-varices-accuracy=4.500000
2024-04-08 21:11:00,274 [INFO]  Epoch[4] Time cost=0.004
2024-04-08 21:11:00,275 [INFO]  Saved checkpoint to "./imputer_model/25_hepatitis/imputer_model_varices/model-0004.params"
2024-04-08 21:11:00,276 [INFO]  Epoch[4] Validation-cross-entropy=2.212590
2024-04-08 21:11:00,276 [INFO]  Epoch[4] Validation-varices-accuracy=0.000000
2024-04-08 21:11:00,276 [INFO]  
========== done (0.03471112251281738 s) fit model
2024-04-08 21:11:04,019 [INFO]  
========== start: fit model
2024-04-08 21:11:04,019 [WARNING]  Already bound, ignoring bind()
2024-04-08 21:11:04,024 [INFO]  Epoch[0] Batch [0-4]	Speed: 23065.43 samples/sec	cross-entropy=19.435538	varices-accuracy=0.000000
2024-04-08 21:11:04,025 [INFO]  Epoch[0] Train-cross-entropy=6.327881
2024-04-08 21:11:04,026 [INFO]  Epoch[0] Train-varices-accuracy=0.000000
2024-04-08 21:11:04,026 [INFO]  Epoch[0] Time cost=0.005
2024-04-08 21:11:04,027 [INFO]  Saved checkpoint to "./imputer_model/25_hepatitis/imputer_model_varices/model-0000.params"
2024-04-08 21:11:04,027 [INFO]  Epoch[0] Validation-cross-entropy=8.810099
2024-04-08 21:11:04,027 [INFO]  Epoch[0] Validation-varices-accuracy=0.000000
2024-04-08 21:11:04,031 [INFO]  Epoch[1] Batch [0-4]	Speed: 26183.72 samples/sec	cross-entropy=5.359924	varices-accuracy=0.000000
2024-04-08 21:11:04,032 [INFO]  Epoch[1] Train-cross-entropy=5.156973
2024-04-08 21:11:04,032 [INFO]  Epoch[1] Train-varices-accuracy=0.000000
2024-04-08 21:11:04,032 [INFO]  Epoch[1] Time cost=0.004
2024-04-08 21:11:04,033 [INFO]  Saved checkpoint to "./imputer_model/25_hepatitis/imputer_model_varices/model-0001.params"
2024-04-08 21:11:04,034 [INFO]  Epoch[1] Validation-cross-entropy=7.336804
2024-04-08 21:11:04,034 [INFO]  Epoch[1] Validation-varices-accuracy=0.000000
2024-04-08 21:11:04,037 [INFO]  Epoch[2] Batch [0-4]	Speed: 26771.26 samples/sec	cross-entropy=2.397216	varices-accuracy=0.000000
2024-04-08 21:11:04,038 [INFO]  Epoch[2] Train-cross-entropy=2.938848
2024-04-08 21:11:04,038 [INFO]  Epoch[2] Train-varices-accuracy=0.000000
2024-04-08 21:11:04,038 [INFO]  Epoch[2] Time cost=0.004
2024-04-08 21:11:04,039 [INFO]  Saved checkpoint to "./imputer_model/25_hepatitis/imputer_model_varices/model-0002.params"
2024-04-08 21:11:04,040 [INFO]  Epoch[2] Validation-cross-entropy=6.163126
2024-04-08 21:11:04,040 [INFO]  Epoch[2] Validation-varices-accuracy=0.000000
2024-04-08 21:11:04,042 [INFO]  Epoch[3] Batch [0-4]	Speed: 29045.17 samples/sec	cross-entropy=1.781446	varices-accuracy=0.000000
2024-04-08 21:11:04,044 [INFO]  Epoch[3] Train-cross-entropy=1.275874
2024-04-08 21:11:04,044 [INFO]  Epoch[3] Train-varices-accuracy=0.000000
2024-04-08 21:11:04,044 [INFO]  Epoch[3] Time cost=0.004
2024-04-08 21:11:04,045 [INFO]  Saved checkpoint to "./imputer_model/25_hepatitis/imputer_model_varices/model-0003.params"
2024-04-08 21:11:04,045 [INFO]  Epoch[3] Validation-cross-entropy=4.857353
2024-04-08 21:11:04,045 [INFO]  Epoch[3] Validation-varices-accuracy=0.000000
2024-04-08 21:11:04,108 [INFO]  Epoch[4] Batch [0-4]	Speed: 16487.65 samples/sec	cross-entropy=1.166814	varices-accuracy=0.000000
2024-04-08 21:11:04,110 [INFO]  Epoch[4] Train-cross-entropy=0.855886
2024-04-08 21:11:04,110 [INFO]  Epoch[4] Train-varices-accuracy=0.000000
2024-04-08 21:11:04,110 [INFO]  Epoch[4] Time cost=0.065
2024-04-08 21:11:04,111 [INFO]  Saved checkpoint to "./imputer_model/25_hepatitis/imputer_model_varices/model-0004.params"
2024-04-08 21:11:04,112 [INFO]  Epoch[4] Validation-cross-entropy=3.553458
2024-04-08 21:11:04,112 [INFO]  Epoch[4] Validation-varices-accuracy=0.000000
2024-04-08 21:11:04,112 [INFO]  
========== done (0.09310603141784668 s) fit model
2024-04-08 21:11:07,527 [INFO]  
========== start: fit model
2024-04-08 21:11:07,527 [WARNING]  Already bound, ignoring bind()
2024-04-08 21:11:07,532 [INFO]  Epoch[0] Batch [0-4]	Speed: 22843.63 samples/sec	cross-entropy=17.029442	varices-accuracy=0.000000
2024-04-08 21:11:07,534 [INFO]  Epoch[0] Train-cross-entropy=5.669160
2024-04-08 21:11:07,534 [INFO]  Epoch[0] Train-varices-accuracy=0.000000
2024-04-08 21:11:07,534 [INFO]  Epoch[0] Time cost=0.006
2024-04-08 21:11:07,535 [INFO]  Saved checkpoint to "./imputer_model/25_hepatitis/imputer_model_varices/model-0000.params"
2024-04-08 21:11:07,536 [INFO]  Epoch[0] Validation-cross-entropy=13.341688
2024-04-08 21:11:07,536 [INFO]  Epoch[0] Validation-varices-accuracy=0.000000
2024-04-08 21:11:07,543 [INFO]  Epoch[1] Batch [0-4]	Speed: 12636.42 samples/sec	cross-entropy=7.736444	varices-accuracy=0.000000
2024-04-08 21:11:07,545 [INFO]  Epoch[1] Train-cross-entropy=3.926598
2024-04-08 21:11:07,545 [INFO]  Epoch[1] Train-varices-accuracy=0.000000
2024-04-08 21:11:07,545 [INFO]  Epoch[1] Time cost=0.009
2024-04-08 21:11:07,548 [INFO]  Saved checkpoint to "./imputer_model/25_hepatitis/imputer_model_varices/model-0001.params"
2024-04-08 21:11:07,549 [INFO]  Epoch[1] Validation-cross-entropy=6.795364
2024-04-08 21:11:07,549 [INFO]  Epoch[1] Validation-varices-accuracy=0.000000
2024-04-08 21:11:07,555 [INFO]  Epoch[2] Batch [0-4]	Speed: 13897.05 samples/sec	cross-entropy=3.700519	varices-accuracy=0.000000
2024-04-08 21:11:07,557 [INFO]  Epoch[2] Train-cross-entropy=1.759134
2024-04-08 21:11:07,557 [INFO]  Epoch[2] Train-varices-accuracy=0.000000
2024-04-08 21:11:07,557 [INFO]  Epoch[2] Time cost=0.008
2024-04-08 21:11:07,558 [INFO]  Saved checkpoint to "./imputer_model/25_hepatitis/imputer_model_varices/model-0002.params"
2024-04-08 21:11:07,559 [INFO]  Epoch[2] Validation-cross-entropy=3.329774
2024-04-08 21:11:07,559 [INFO]  Epoch[2] Validation-varices-accuracy=0.000000
2024-04-08 21:11:07,574 [INFO]  Epoch[3] Batch [0-4]	Speed: 6967.82 samples/sec	cross-entropy=2.062810	varices-accuracy=0.000000
2024-04-08 21:11:07,620 [INFO]  Epoch[3] Train-cross-entropy=0.724319
2024-04-08 21:11:07,620 [INFO]  Epoch[3] Train-varices-accuracy=0.000000
2024-04-08 21:11:07,620 [INFO]  Epoch[3] Time cost=0.061
2024-04-08 21:11:07,621 [INFO]  Saved checkpoint to "./imputer_model/25_hepatitis/imputer_model_varices/model-0003.params"
2024-04-08 21:11:07,621 [INFO]  Epoch[3] Validation-cross-entropy=1.764201
2024-04-08 21:11:07,621 [INFO]  Epoch[3] Validation-varices-accuracy=0.000000
2024-04-08 21:11:07,624 [INFO]  Epoch[4] Batch [0-4]	Speed: 28508.44 samples/sec	cross-entropy=1.284685	varices-accuracy=0.000000
2024-04-08 21:11:07,626 [INFO]  Epoch[4] Train-cross-entropy=0.436818
2024-04-08 21:11:07,626 [INFO]  Epoch[4] Train-varices-accuracy=0.000000
2024-04-08 21:11:07,626 [INFO]  Epoch[4] Time cost=0.004
2024-04-08 21:11:07,627 [INFO]  Saved checkpoint to "./imputer_model/25_hepatitis/imputer_model_varices/model-0004.params"
2024-04-08 21:11:07,627 [INFO]  Epoch[4] Validation-cross-entropy=1.072181
2024-04-08 21:11:07,627 [INFO]  Epoch[4] Validation-varices-accuracy=0.000000
2024-04-08 21:11:07,627 [INFO]  
========== done (0.10038518905639648 s) fit model
2024-04-08 21:11:10,983 [INFO]  
========== start: fit model
2024-04-08 21:11:10,983 [WARNING]  Already bound, ignoring bind()
2024-04-08 21:11:11,037 [INFO]  Epoch[0] Batch [0-4]	Speed: 21181.68 samples/sec	cross-entropy=18.370681	varices-accuracy=3.200000
2024-04-08 21:11:11,039 [INFO]  Epoch[0] Train-cross-entropy=9.333529
2024-04-08 21:11:11,039 [INFO]  Epoch[0] Train-varices-accuracy=5.500000
2024-04-08 21:11:11,039 [INFO]  Epoch[0] Time cost=0.056
2024-04-08 21:11:11,040 [INFO]  Saved checkpoint to "./imputer_model/25_hepatitis/imputer_model_varices/model-0000.params"
2024-04-08 21:11:11,041 [INFO]  Epoch[0] Validation-cross-entropy=12.746166
2024-04-08 21:11:11,041 [INFO]  Epoch[0] Validation-varices-accuracy=0.000000
2024-04-08 21:11:11,045 [INFO]  Epoch[1] Batch [0-4]	Speed: 21889.87 samples/sec	cross-entropy=7.187964	varices-accuracy=3.200000
2024-04-08 21:11:11,046 [INFO]  Epoch[1] Train-cross-entropy=4.405487
2024-04-08 21:11:11,046 [INFO]  Epoch[1] Train-varices-accuracy=5.500000
2024-04-08 21:11:11,046 [INFO]  Epoch[1] Time cost=0.005
2024-04-08 21:11:11,048 [INFO]  Saved checkpoint to "./imputer_model/25_hepatitis/imputer_model_varices/model-0001.params"
2024-04-08 21:11:11,048 [INFO]  Epoch[1] Validation-cross-entropy=6.407847
2024-04-08 21:11:11,048 [INFO]  Epoch[1] Validation-varices-accuracy=0.000000
2024-04-08 21:11:11,052 [INFO]  Epoch[2] Batch [0-4]	Speed: 20799.28 samples/sec	cross-entropy=2.793693	varices-accuracy=3.200000
2024-04-08 21:11:11,054 [INFO]  Epoch[2] Train-cross-entropy=2.075311
2024-04-08 21:11:11,054 [INFO]  Epoch[2] Train-varices-accuracy=5.500000
2024-04-08 21:11:11,054 [INFO]  Epoch[2] Time cost=0.006
2024-04-08 21:11:11,059 [INFO]  Saved checkpoint to "./imputer_model/25_hepatitis/imputer_model_varices/model-0002.params"
2024-04-08 21:11:11,064 [INFO]  Epoch[2] Validation-cross-entropy=3.631454
2024-04-08 21:11:11,064 [INFO]  Epoch[2] Validation-varices-accuracy=0.000000
2024-04-08 21:11:11,068 [INFO]  Epoch[3] Batch [0-4]	Speed: 21323.02 samples/sec	cross-entropy=1.615052	varices-accuracy=3.200000
2024-04-08 21:11:11,069 [INFO]  Epoch[3] Train-cross-entropy=1.140254
2024-04-08 21:11:11,069 [INFO]  Epoch[3] Train-varices-accuracy=5.500000
2024-04-08 21:11:11,069 [INFO]  Epoch[3] Time cost=0.006
2024-04-08 21:11:11,071 [INFO]  Saved checkpoint to "./imputer_model/25_hepatitis/imputer_model_varices/model-0003.params"
2024-04-08 21:11:11,071 [INFO]  Epoch[3] Validation-cross-entropy=1.445032
2024-04-08 21:11:11,071 [INFO]  Epoch[3] Validation-varices-accuracy=0.000000
2024-04-08 21:11:11,075 [INFO]  Epoch[4] Batch [0-4]	Speed: 21406.34 samples/sec	cross-entropy=1.169042	varices-accuracy=3.200000
2024-04-08 21:11:11,077 [INFO]  Epoch[4] Train-cross-entropy=0.694921
2024-04-08 21:11:11,077 [INFO]  Epoch[4] Train-varices-accuracy=5.500000
2024-04-08 21:11:11,077 [INFO]  Epoch[4] Time cost=0.006
2024-04-08 21:11:11,081 [INFO]  Saved checkpoint to "./imputer_model/25_hepatitis/imputer_model_varices/model-0004.params"
2024-04-08 21:11:11,084 [INFO]  Epoch[4] Validation-cross-entropy=0.732444
2024-04-08 21:11:11,084 [INFO]  Epoch[4] Validation-varices-accuracy=0.000000
2024-04-08 21:11:11,085 [INFO]  
========== done (0.10196423530578613 s) fit model
2024-04-08 21:11:14,573 [INFO]  
========== start: fit model
2024-04-08 21:11:14,573 [WARNING]  Already bound, ignoring bind()
2024-04-08 21:11:14,578 [INFO]  Epoch[0] Batch [0-4]	Speed: 25599.41 samples/sec	cross-entropy=22.017451	varices-accuracy=0.000000
2024-04-08 21:11:14,579 [INFO]  Epoch[0] Train-cross-entropy=5.137265
2024-04-08 21:11:14,579 [INFO]  Epoch[0] Train-varices-accuracy=0.000000
2024-04-08 21:11:14,579 [INFO]  Epoch[0] Time cost=0.005
2024-04-08 21:11:14,580 [INFO]  Saved checkpoint to "./imputer_model/25_hepatitis/imputer_model_varices/model-0000.params"
2024-04-08 21:11:14,581 [INFO]  Epoch[0] Validation-cross-entropy=4.454494
2024-04-08 21:11:14,581 [INFO]  Epoch[0] Validation-varices-accuracy=0.000000
2024-04-08 21:11:14,584 [INFO]  Epoch[1] Batch [0-4]	Speed: 27302.22 samples/sec	cross-entropy=10.214653	varices-accuracy=0.000000
2024-04-08 21:11:14,585 [INFO]  Epoch[1] Train-cross-entropy=2.787963
2024-04-08 21:11:14,585 [INFO]  Epoch[1] Train-varices-accuracy=0.000000
2024-04-08 21:11:14,585 [INFO]  Epoch[1] Time cost=0.004
2024-04-08 21:11:14,586 [INFO]  Saved checkpoint to "./imputer_model/25_hepatitis/imputer_model_varices/model-0001.params"
2024-04-08 21:11:14,587 [INFO]  Epoch[1] Validation-cross-entropy=4.145055
2024-04-08 21:11:14,587 [INFO]  Epoch[1] Validation-varices-accuracy=0.000000
2024-04-08 21:11:14,591 [INFO]  Epoch[2] Batch [0-4]	Speed: 21900.58 samples/sec	cross-entropy=4.920005	varices-accuracy=0.000000
2024-04-08 21:11:14,593 [INFO]  Epoch[2] Train-cross-entropy=1.708476
2024-04-08 21:11:14,593 [INFO]  Epoch[2] Train-varices-accuracy=0.000000
2024-04-08 21:11:14,593 [INFO]  Epoch[2] Time cost=0.006
2024-04-08 21:11:14,594 [INFO]  Saved checkpoint to "./imputer_model/25_hepatitis/imputer_model_varices/model-0002.params"
2024-04-08 21:11:14,595 [INFO]  Epoch[2] Validation-cross-entropy=3.339243
2024-04-08 21:11:14,595 [INFO]  Epoch[2] Validation-varices-accuracy=0.000000
2024-04-08 21:11:14,599 [INFO]  Epoch[3] Batch [0-4]	Speed: 21218.52 samples/sec	cross-entropy=2.202926	varices-accuracy=0.000000
2024-04-08 21:11:14,600 [INFO]  Epoch[3] Train-cross-entropy=1.089007
2024-04-08 21:11:14,600 [INFO]  Epoch[3] Train-varices-accuracy=0.000000
2024-04-08 21:11:14,600 [INFO]  Epoch[3] Time cost=0.006
2024-04-08 21:11:14,602 [INFO]  Saved checkpoint to "./imputer_model/25_hepatitis/imputer_model_varices/model-0003.params"
2024-04-08 21:11:14,602 [INFO]  Epoch[3] Validation-cross-entropy=1.960368
2024-04-08 21:11:14,602 [INFO]  Epoch[3] Validation-varices-accuracy=0.000000
2024-04-08 21:11:14,613 [INFO]  Epoch[4] Batch [0-4]	Speed: 15112.06 samples/sec	cross-entropy=0.939541	varices-accuracy=0.000000
2024-04-08 21:11:14,615 [INFO]  Epoch[4] Train-cross-entropy=0.626459
2024-04-08 21:11:14,615 [INFO]  Epoch[4] Train-varices-accuracy=0.000000
2024-04-08 21:11:14,615 [INFO]  Epoch[4] Time cost=0.013
2024-04-08 21:11:14,617 [INFO]  Saved checkpoint to "./imputer_model/25_hepatitis/imputer_model_varices/model-0004.params"
2024-04-08 21:11:14,618 [INFO]  Epoch[4] Validation-cross-entropy=1.489360
2024-04-08 21:11:14,618 [INFO]  Epoch[4] Validation-varices-accuracy=0.000000
2024-04-08 21:11:14,618 [INFO]  
========== done (0.0450434684753418 s) fit model
2024-04-08 21:11:17,652 [INFO]  
========== start: fit model
2024-04-08 21:11:17,652 [WARNING]  Already bound, ignoring bind()
2024-04-08 21:11:17,657 [INFO]  Epoch[0] Batch [0-4]	Speed: 20305.25 samples/sec	cross-entropy=16.866685	varices-accuracy=0.000000
2024-04-08 21:11:17,659 [INFO]  Epoch[0] Train-cross-entropy=25.408975
2024-04-08 21:11:17,659 [INFO]  Epoch[0] Train-varices-accuracy=0.000000
2024-04-08 21:11:17,659 [INFO]  Epoch[0] Time cost=0.006
2024-04-08 21:11:17,660 [INFO]  Saved checkpoint to "./imputer_model/25_hepatitis/imputer_model_varices/model-0000.params"
2024-04-08 21:11:17,661 [INFO]  Epoch[0] Validation-cross-entropy=59.423679
2024-04-08 21:11:17,661 [INFO]  Epoch[0] Validation-varices-accuracy=0.000000
2024-04-08 21:11:17,665 [INFO]  Epoch[1] Batch [0-4]	Speed: 21934.59 samples/sec	cross-entropy=7.223403	varices-accuracy=0.000000
2024-04-08 21:11:17,666 [INFO]  Epoch[1] Train-cross-entropy=9.422993
2024-04-08 21:11:17,666 [INFO]  Epoch[1] Train-varices-accuracy=0.000000
2024-04-08 21:11:17,666 [INFO]  Epoch[1] Time cost=0.005
2024-04-08 21:11:17,667 [INFO]  Saved checkpoint to "./imputer_model/25_hepatitis/imputer_model_varices/model-0001.params"
2024-04-08 21:11:17,668 [INFO]  Epoch[1] Validation-cross-entropy=29.371813
2024-04-08 21:11:17,668 [INFO]  Epoch[1] Validation-varices-accuracy=0.000000
2024-04-08 21:11:17,671 [INFO]  Epoch[2] Batch [0-4]	Speed: 24485.58 samples/sec	cross-entropy=3.787517	varices-accuracy=0.000000
2024-04-08 21:11:17,673 [INFO]  Epoch[2] Train-cross-entropy=3.484393
2024-04-08 21:11:17,673 [INFO]  Epoch[2] Train-varices-accuracy=0.000000
2024-04-08 21:11:17,673 [INFO]  Epoch[2] Time cost=0.005
2024-04-08 21:11:17,674 [INFO]  Saved checkpoint to "./imputer_model/25_hepatitis/imputer_model_varices/model-0002.params"
2024-04-08 21:11:17,675 [INFO]  Epoch[2] Validation-cross-entropy=13.249022
2024-04-08 21:11:17,675 [INFO]  Epoch[2] Validation-varices-accuracy=0.000000
2024-04-08 21:11:17,678 [INFO]  Epoch[3] Batch [0-4]	Speed: 28348.87 samples/sec	cross-entropy=2.173380	varices-accuracy=0.000000
2024-04-08 21:11:17,679 [INFO]  Epoch[3] Train-cross-entropy=1.965474
2024-04-08 21:11:17,679 [INFO]  Epoch[3] Train-varices-accuracy=0.000000
2024-04-08 21:11:17,679 [INFO]  Epoch[3] Time cost=0.004
2024-04-08 21:11:17,680 [INFO]  Saved checkpoint to "./imputer_model/25_hepatitis/imputer_model_varices/model-0003.params"
2024-04-08 21:11:17,680 [INFO]  Epoch[3] Validation-cross-entropy=7.399844
2024-04-08 21:11:17,680 [INFO]  Epoch[3] Validation-varices-accuracy=0.000000
2024-04-08 21:11:17,683 [INFO]  Epoch[4] Batch [0-4]	Speed: 28833.02 samples/sec	cross-entropy=1.411090	varices-accuracy=0.000000
2024-04-08 21:11:17,685 [INFO]  Epoch[4] Train-cross-entropy=1.310147
2024-04-08 21:11:17,685 [INFO]  Epoch[4] Train-varices-accuracy=0.000000
2024-04-08 21:11:17,685 [INFO]  Epoch[4] Time cost=0.004
2024-04-08 21:11:17,686 [INFO]  Saved checkpoint to "./imputer_model/25_hepatitis/imputer_model_varices/model-0004.params"
2024-04-08 21:11:17,686 [INFO]  Epoch[4] Validation-cross-entropy=5.726686
2024-04-08 21:11:17,686 [INFO]  Epoch[4] Validation-varices-accuracy=0.000000
2024-04-08 21:11:17,686 [INFO]  
========== done (0.03435778617858887 s) fit model
2024-04-08 21:11:20,017 [INFO]  
========== start: fit model
2024-04-08 21:11:20,018 [WARNING]  Already bound, ignoring bind()
2024-04-08 21:11:20,023 [INFO]  Epoch[0] Batch [0-4]	Speed: 22559.50 samples/sec	cross-entropy=19.840694	varices-accuracy=0.000000
2024-04-08 21:11:20,024 [INFO]  Epoch[0] Train-cross-entropy=10.346342
2024-04-08 21:11:20,024 [INFO]  Epoch[0] Train-varices-accuracy=0.000000
2024-04-08 21:11:20,024 [INFO]  Epoch[0] Time cost=0.006
2024-04-08 21:11:20,025 [INFO]  Saved checkpoint to "./imputer_model/25_hepatitis/imputer_model_varices/model-0000.params"
2024-04-08 21:11:20,026 [INFO]  Epoch[0] Validation-cross-entropy=7.524798
2024-04-08 21:11:20,026 [INFO]  Epoch[0] Validation-varices-accuracy=0.000000
2024-04-08 21:11:20,029 [INFO]  Epoch[1] Batch [0-4]	Speed: 26291.43 samples/sec	cross-entropy=8.003822	varices-accuracy=0.000000
2024-04-08 21:11:20,030 [INFO]  Epoch[1] Train-cross-entropy=3.172454
2024-04-08 21:11:20,030 [INFO]  Epoch[1] Train-varices-accuracy=0.000000
2024-04-08 21:11:20,030 [INFO]  Epoch[1] Time cost=0.004
2024-04-08 21:11:20,032 [INFO]  Saved checkpoint to "./imputer_model/25_hepatitis/imputer_model_varices/model-0001.params"
2024-04-08 21:11:20,032 [INFO]  Epoch[1] Validation-cross-entropy=6.156720
2024-04-08 21:11:20,032 [INFO]  Epoch[1] Validation-varices-accuracy=0.000000
2024-04-08 21:11:20,035 [INFO]  Epoch[2] Batch [0-4]	Speed: 25863.33 samples/sec	cross-entropy=4.531965	varices-accuracy=0.000000
2024-04-08 21:11:20,037 [INFO]  Epoch[2] Train-cross-entropy=2.192110
2024-04-08 21:11:20,037 [INFO]  Epoch[2] Train-varices-accuracy=0.000000
2024-04-08 21:11:20,037 [INFO]  Epoch[2] Time cost=0.005
2024-04-08 21:11:20,038 [INFO]  Saved checkpoint to "./imputer_model/25_hepatitis/imputer_model_varices/model-0002.params"
2024-04-08 21:11:20,039 [INFO]  Epoch[2] Validation-cross-entropy=2.405960
2024-04-08 21:11:20,039 [INFO]  Epoch[2] Validation-varices-accuracy=0.000000
2024-04-08 21:11:20,042 [INFO]  Epoch[3] Batch [0-4]	Speed: 28253.39 samples/sec	cross-entropy=2.435267	varices-accuracy=0.000000
2024-04-08 21:11:20,043 [INFO]  Epoch[3] Train-cross-entropy=1.804416
2024-04-08 21:11:20,043 [INFO]  Epoch[3] Train-varices-accuracy=0.000000
2024-04-08 21:11:20,043 [INFO]  Epoch[3] Time cost=0.004
2024-04-08 21:11:20,044 [INFO]  Saved checkpoint to "./imputer_model/25_hepatitis/imputer_model_varices/model-0003.params"
2024-04-08 21:11:20,045 [INFO]  Epoch[3] Validation-cross-entropy=1.219268
2024-04-08 21:11:20,045 [INFO]  Epoch[3] Validation-varices-accuracy=0.000000
2024-04-08 21:11:20,048 [INFO]  Epoch[4] Batch [0-4]	Speed: 28475.17 samples/sec	cross-entropy=1.295438	varices-accuracy=0.000000
2024-04-08 21:11:20,049 [INFO]  Epoch[4] Train-cross-entropy=1.219314
2024-04-08 21:11:20,049 [INFO]  Epoch[4] Train-varices-accuracy=0.000000
2024-04-08 21:11:20,049 [INFO]  Epoch[4] Time cost=0.004
2024-04-08 21:11:20,050 [INFO]  Saved checkpoint to "./imputer_model/25_hepatitis/imputer_model_varices/model-0004.params"
2024-04-08 21:11:20,051 [INFO]  Epoch[4] Validation-cross-entropy=1.566434
2024-04-08 21:11:20,051 [INFO]  Epoch[4] Validation-varices-accuracy=0.000000
2024-04-08 21:11:20,051 [INFO]  
========== done (0.03333640098571777 s) fit model
