2024-04-07 12:02:12,154 [INFO]  
========== start: fit model
2024-04-07 12:02:12,154 [WARNING]  Already bound, ignoring bind()
2024-04-07 12:02:12,263 [INFO]  Epoch[0] Batch [0-102]	Speed: 15438.81 samples/sec	cross-entropy=2.291842	month-accuracy=3.466019
2024-04-07 12:02:12,574 [INFO]  Epoch[0] Train-cross-entropy=0.155047
2024-04-07 12:02:12,574 [INFO]  Epoch[0] Train-month-accuracy=3.366337
2024-04-07 12:02:12,574 [INFO]  Epoch[0] Time cost=0.419
2024-04-07 12:02:12,576 [INFO]  Saved checkpoint to "./imputer_model/17_bank/imputer_model_month/model-0000.params"
2024-04-07 12:02:12,588 [INFO]  Epoch[0] Validation-cross-entropy=0.108413
2024-04-07 12:02:12,589 [INFO]  Epoch[0] Validation-month-accuracy=0.000000
2024-04-07 12:02:12,723 [INFO]  Epoch[1] Batch [0-102]	Speed: 12267.63 samples/sec	cross-entropy=0.114987	month-accuracy=3.466019
2024-04-07 12:02:12,805 [INFO]  Epoch[1] Train-cross-entropy=0.086030
2024-04-07 12:02:12,805 [INFO]  Epoch[1] Train-month-accuracy=3.366337
2024-04-07 12:02:12,805 [INFO]  Epoch[1] Time cost=0.216
2024-04-07 12:02:12,807 [INFO]  Saved checkpoint to "./imputer_model/17_bank/imputer_model_month/model-0001.params"
2024-04-07 12:02:12,813 [INFO]  Epoch[1] Validation-cross-entropy=0.080510
2024-04-07 12:02:12,813 [INFO]  Epoch[1] Validation-month-accuracy=0.000000
2024-04-07 12:02:12,915 [INFO]  Epoch[2] Batch [0-102]	Speed: 16037.00 samples/sec	cross-entropy=0.062089	month-accuracy=3.466019
2024-04-07 12:02:13,282 [INFO]  Epoch[2] Train-cross-entropy=0.055963
2024-04-07 12:02:13,282 [INFO]  Epoch[2] Train-month-accuracy=3.366337
2024-04-07 12:02:13,282 [INFO]  Epoch[2] Time cost=0.469
2024-04-07 12:02:13,284 [INFO]  Saved checkpoint to "./imputer_model/17_bank/imputer_model_month/model-0002.params"
2024-04-07 12:02:13,293 [INFO]  Epoch[2] Validation-cross-entropy=0.065067
2024-04-07 12:02:13,294 [INFO]  Epoch[2] Validation-month-accuracy=0.000000
2024-04-07 12:02:13,365 [INFO]  Epoch[3] Batch [0-102]	Speed: 23388.31 samples/sec	cross-entropy=0.055897	month-accuracy=3.466019
2024-04-07 12:02:13,451 [INFO]  Epoch[3] Train-cross-entropy=0.046054
2024-04-07 12:02:13,451 [INFO]  Epoch[3] Train-month-accuracy=3.366337
2024-04-07 12:02:13,452 [INFO]  Epoch[3] Time cost=0.158
2024-04-07 12:02:13,453 [INFO]  Saved checkpoint to "./imputer_model/17_bank/imputer_model_month/model-0003.params"
2024-04-07 12:02:13,463 [INFO]  Epoch[3] Validation-cross-entropy=0.057333
2024-04-07 12:02:13,463 [INFO]  Epoch[3] Validation-month-accuracy=0.000000
2024-04-07 12:02:13,630 [INFO]  Epoch[4] Batch [0-102]	Speed: 9885.03 samples/sec	cross-entropy=0.040033	month-accuracy=3.466019
2024-04-07 12:02:13,755 [INFO]  Epoch[4] Train-cross-entropy=0.041429
2024-04-07 12:02:13,755 [INFO]  Epoch[4] Train-month-accuracy=3.366337
2024-04-07 12:02:13,755 [INFO]  Epoch[4] Time cost=0.292
2024-04-07 12:02:13,757 [INFO]  Saved checkpoint to "./imputer_model/17_bank/imputer_model_month/model-0004.params"
2024-04-07 12:02:13,763 [INFO]  Epoch[4] Validation-cross-entropy=0.064930
2024-04-07 12:02:13,763 [INFO]  Epoch[4] Validation-month-accuracy=0.000000
2024-04-07 12:02:13,763 [INFO]  
========== done (1.609015941619873 s) fit model
2024-04-07 12:02:46,151 [INFO]  
========== start: fit model
2024-04-07 12:02:46,151 [WARNING]  Already bound, ignoring bind()
2024-04-07 12:02:46,261 [INFO]  Epoch[0] Batch [0-102]	Speed: 15275.43 samples/sec	cross-entropy=2.417379	month-accuracy=0.000000
2024-04-07 12:02:46,427 [INFO]  Epoch[0] Train-cross-entropy=0.126369
2024-04-07 12:02:46,427 [INFO]  Epoch[0] Train-month-accuracy=0.000000
2024-04-07 12:02:46,427 [INFO]  Epoch[0] Time cost=0.275
2024-04-07 12:02:46,429 [INFO]  Saved checkpoint to "./imputer_model/17_bank/imputer_model_month/model-0000.params"
2024-04-07 12:02:46,469 [INFO]  Epoch[0] Validation-cross-entropy=0.140888
2024-04-07 12:02:46,470 [INFO]  Epoch[0] Validation-month-accuracy=0.000000
2024-04-07 12:02:46,591 [INFO]  Epoch[1] Batch [0-102]	Speed: 13651.08 samples/sec	cross-entropy=0.078292	month-accuracy=0.000000
2024-04-07 12:02:46,757 [INFO]  Epoch[1] Train-cross-entropy=0.059849
2024-04-07 12:02:46,757 [INFO]  Epoch[1] Train-month-accuracy=0.000000
2024-04-07 12:02:46,757 [INFO]  Epoch[1] Time cost=0.288
2024-04-07 12:02:46,760 [INFO]  Saved checkpoint to "./imputer_model/17_bank/imputer_model_month/model-0001.params"
2024-04-07 12:02:46,767 [INFO]  Epoch[1] Validation-cross-entropy=0.065339
2024-04-07 12:02:46,767 [INFO]  Epoch[1] Validation-month-accuracy=0.000000
2024-04-07 12:02:47,058 [INFO]  Epoch[2] Batch [0-102]	Speed: 5643.88 samples/sec	cross-entropy=0.052366	month-accuracy=0.000000
2024-04-07 12:02:47,168 [INFO]  Epoch[2] Train-cross-entropy=0.042777
2024-04-07 12:02:47,168 [INFO]  Epoch[2] Train-month-accuracy=0.000000
2024-04-07 12:02:47,168 [INFO]  Epoch[2] Time cost=0.401
2024-04-07 12:02:47,170 [INFO]  Saved checkpoint to "./imputer_model/17_bank/imputer_model_month/model-0002.params"
2024-04-07 12:02:47,180 [INFO]  Epoch[2] Validation-cross-entropy=0.054715
2024-04-07 12:02:47,180 [INFO]  Epoch[2] Validation-month-accuracy=0.000000
2024-04-07 12:02:47,416 [INFO]  Epoch[3] Batch [0-102]	Speed: 6950.35 samples/sec	cross-entropy=0.040345	month-accuracy=0.000000
2024-04-07 12:02:47,624 [INFO]  Epoch[3] Train-cross-entropy=0.032712
2024-04-07 12:02:47,624 [INFO]  Epoch[3] Train-month-accuracy=0.000000
2024-04-07 12:02:47,624 [INFO]  Epoch[3] Time cost=0.444
2024-04-07 12:02:47,626 [INFO]  Saved checkpoint to "./imputer_model/17_bank/imputer_model_month/model-0003.params"
2024-04-07 12:02:47,634 [INFO]  Epoch[3] Validation-cross-entropy=0.048320
2024-04-07 12:02:47,634 [INFO]  Epoch[3] Validation-month-accuracy=0.000000
2024-04-07 12:02:47,783 [INFO]  Epoch[4] Batch [0-102]	Speed: 11055.97 samples/sec	cross-entropy=0.032257	month-accuracy=0.000000
2024-04-07 12:02:47,925 [INFO]  Epoch[4] Train-cross-entropy=0.026360
2024-04-07 12:02:47,926 [INFO]  Epoch[4] Train-month-accuracy=0.000000
2024-04-07 12:02:47,926 [INFO]  Epoch[4] Time cost=0.292
2024-04-07 12:02:47,928 [INFO]  Saved checkpoint to "./imputer_model/17_bank/imputer_model_month/model-0004.params"
2024-04-07 12:02:47,938 [INFO]  Epoch[4] Validation-cross-entropy=0.039251
2024-04-07 12:02:47,938 [INFO]  Epoch[4] Validation-month-accuracy=0.000000
2024-04-07 12:02:47,938 [INFO]  
========== done (1.7870745658874512 s) fit model
2024-04-07 12:03:14,918 [INFO]  
========== start: fit model
2024-04-07 12:03:14,919 [WARNING]  Already bound, ignoring bind()
2024-04-07 12:03:15,031 [INFO]  Epoch[0] Batch [0-102]	Speed: 14792.68 samples/sec	cross-entropy=1.914513	month-accuracy=3.456311
2024-04-07 12:03:15,108 [INFO]  Epoch[0] Train-cross-entropy=0.218687
2024-04-07 12:03:15,108 [INFO]  Epoch[0] Train-month-accuracy=3.168317
2024-04-07 12:03:15,108 [INFO]  Epoch[0] Time cost=0.189
2024-04-07 12:03:15,110 [INFO]  Saved checkpoint to "./imputer_model/17_bank/imputer_model_month/model-0000.params"
2024-04-07 12:03:15,117 [INFO]  Epoch[0] Validation-cross-entropy=0.140350
2024-04-07 12:03:15,117 [INFO]  Epoch[0] Validation-month-accuracy=0.000000
2024-04-07 12:03:15,196 [INFO]  Epoch[1] Batch [0-102]	Speed: 20919.61 samples/sec	cross-entropy=0.094895	month-accuracy=3.456311
2024-04-07 12:03:15,301 [INFO]  Epoch[1] Train-cross-entropy=0.081469
2024-04-07 12:03:15,301 [INFO]  Epoch[1] Train-month-accuracy=3.168317
2024-04-07 12:03:15,301 [INFO]  Epoch[1] Time cost=0.184
2024-04-07 12:03:15,303 [INFO]  Saved checkpoint to "./imputer_model/17_bank/imputer_model_month/model-0001.params"
2024-04-07 12:03:15,311 [INFO]  Epoch[1] Validation-cross-entropy=0.080586
2024-04-07 12:03:15,311 [INFO]  Epoch[1] Validation-month-accuracy=0.000000
2024-04-07 12:03:15,413 [INFO]  Epoch[2] Batch [0-102]	Speed: 16088.52 samples/sec	cross-entropy=0.052411	month-accuracy=3.456311
2024-04-07 12:03:15,478 [INFO]  Epoch[2] Train-cross-entropy=0.064419
2024-04-07 12:03:15,478 [INFO]  Epoch[2] Train-month-accuracy=3.168317
2024-04-07 12:03:15,478 [INFO]  Epoch[2] Time cost=0.167
2024-04-07 12:03:15,480 [INFO]  Saved checkpoint to "./imputer_model/17_bank/imputer_model_month/model-0002.params"
2024-04-07 12:03:15,485 [INFO]  Epoch[2] Validation-cross-entropy=0.063522
2024-04-07 12:03:15,485 [INFO]  Epoch[2] Validation-month-accuracy=0.000000
2024-04-07 12:03:15,543 [INFO]  Epoch[3] Batch [0-102]	Speed: 28622.76 samples/sec	cross-entropy=0.038841	month-accuracy=3.456311
2024-04-07 12:03:15,600 [INFO]  Epoch[3] Train-cross-entropy=0.068996
2024-04-07 12:03:15,600 [INFO]  Epoch[3] Train-month-accuracy=3.168317
2024-04-07 12:03:15,600 [INFO]  Epoch[3] Time cost=0.115
2024-04-07 12:03:15,602 [INFO]  Saved checkpoint to "./imputer_model/17_bank/imputer_model_month/model-0003.params"
2024-04-07 12:03:15,607 [INFO]  Epoch[3] Validation-cross-entropy=0.070663
2024-04-07 12:03:15,607 [INFO]  Epoch[3] Validation-month-accuracy=0.000000
2024-04-07 12:03:15,665 [INFO]  Epoch[4] Batch [0-102]	Speed: 28565.54 samples/sec	cross-entropy=0.038416	month-accuracy=3.456311
2024-04-07 12:03:15,722 [INFO]  Epoch[4] Train-cross-entropy=0.052213
2024-04-07 12:03:15,722 [INFO]  Epoch[4] Train-month-accuracy=3.168317
2024-04-07 12:03:15,722 [INFO]  Epoch[4] Time cost=0.115
2024-04-07 12:03:15,723 [INFO]  Saved checkpoint to "./imputer_model/17_bank/imputer_model_month/model-0004.params"
2024-04-07 12:03:15,729 [INFO]  Epoch[4] Validation-cross-entropy=0.071490
2024-04-07 12:03:15,729 [INFO]  Epoch[4] Validation-month-accuracy=0.000000
2024-04-07 12:03:15,729 [INFO]  
========== done (0.8105840682983398 s) fit model
2024-04-07 12:03:33,086 [INFO]  
========== start: fit model
2024-04-07 12:03:33,086 [WARNING]  Already bound, ignoring bind()
2024-04-07 12:03:33,238 [INFO]  Epoch[0] Batch [0-102]	Speed: 10953.94 samples/sec	cross-entropy=2.760461	month-accuracy=0.000000
2024-04-07 12:03:33,295 [INFO]  Epoch[0] Train-cross-entropy=0.206028
2024-04-07 12:03:33,295 [INFO]  Epoch[0] Train-month-accuracy=0.000000
2024-04-07 12:03:33,295 [INFO]  Epoch[0] Time cost=0.207
2024-04-07 12:03:33,296 [INFO]  Saved checkpoint to "./imputer_model/17_bank/imputer_model_month/model-0000.params"
2024-04-07 12:03:33,302 [INFO]  Epoch[0] Validation-cross-entropy=0.159911
2024-04-07 12:03:33,302 [INFO]  Epoch[0] Validation-month-accuracy=0.000000
2024-04-07 12:03:33,360 [INFO]  Epoch[1] Batch [0-102]	Speed: 28362.20 samples/sec	cross-entropy=0.087665	month-accuracy=0.000000
2024-04-07 12:03:33,433 [INFO]  Epoch[1] Train-cross-entropy=0.075766
2024-04-07 12:03:33,434 [INFO]  Epoch[1] Train-month-accuracy=0.000000
2024-04-07 12:03:33,434 [INFO]  Epoch[1] Time cost=0.131
2024-04-07 12:03:33,435 [INFO]  Saved checkpoint to "./imputer_model/17_bank/imputer_model_month/model-0001.params"
2024-04-07 12:03:33,440 [INFO]  Epoch[1] Validation-cross-entropy=0.097677
2024-04-07 12:03:33,441 [INFO]  Epoch[1] Validation-month-accuracy=0.000000
2024-04-07 12:03:33,532 [INFO]  Epoch[2] Batch [0-102]	Speed: 18029.23 samples/sec	cross-entropy=0.058574	month-accuracy=0.000000
2024-04-07 12:03:33,628 [INFO]  Epoch[2] Train-cross-entropy=0.053002
2024-04-07 12:03:33,628 [INFO]  Epoch[2] Train-month-accuracy=0.000000
2024-04-07 12:03:33,628 [INFO]  Epoch[2] Time cost=0.188
2024-04-07 12:03:33,630 [INFO]  Saved checkpoint to "./imputer_model/17_bank/imputer_model_month/model-0002.params"
2024-04-07 12:03:33,635 [INFO]  Epoch[2] Validation-cross-entropy=0.062178
2024-04-07 12:03:33,636 [INFO]  Epoch[2] Validation-month-accuracy=0.000000
2024-04-07 12:03:33,692 [INFO]  Epoch[3] Batch [0-102]	Speed: 29126.74 samples/sec	cross-entropy=0.049421	month-accuracy=0.000000
2024-04-07 12:03:33,748 [INFO]  Epoch[3] Train-cross-entropy=0.039543
2024-04-07 12:03:33,749 [INFO]  Epoch[3] Train-month-accuracy=0.000000
2024-04-07 12:03:33,749 [INFO]  Epoch[3] Time cost=0.113
2024-04-07 12:03:33,750 [INFO]  Saved checkpoint to "./imputer_model/17_bank/imputer_model_month/model-0003.params"
2024-04-07 12:03:33,756 [INFO]  Epoch[3] Validation-cross-entropy=0.039962
2024-04-07 12:03:33,756 [INFO]  Epoch[3] Validation-month-accuracy=0.000000
2024-04-07 12:03:33,874 [INFO]  Epoch[4] Batch [0-102]	Speed: 14419.82 samples/sec	cross-entropy=0.041157	month-accuracy=0.000000
2024-04-07 12:03:33,956 [INFO]  Epoch[4] Train-cross-entropy=0.034346
2024-04-07 12:03:33,956 [INFO]  Epoch[4] Train-month-accuracy=0.000000
2024-04-07 12:03:33,956 [INFO]  Epoch[4] Time cost=0.201
2024-04-07 12:03:33,958 [INFO]  Saved checkpoint to "./imputer_model/17_bank/imputer_model_month/model-0004.params"
2024-04-07 12:03:33,965 [INFO]  Epoch[4] Validation-cross-entropy=0.032305
2024-04-07 12:03:33,965 [INFO]  Epoch[4] Validation-month-accuracy=0.000000
2024-04-07 12:03:33,965 [INFO]  
========== done (0.8788621425628662 s) fit model
2024-04-07 12:03:51,501 [INFO]  
========== start: fit model
2024-04-07 12:03:51,501 [WARNING]  Already bound, ignoring bind()
2024-04-07 12:03:51,564 [INFO]  Epoch[0] Batch [0-102]	Speed: 26990.25 samples/sec	cross-entropy=2.607974	month-accuracy=0.000000
2024-04-07 12:03:51,621 [INFO]  Epoch[0] Train-cross-entropy=0.160184
2024-04-07 12:03:51,622 [INFO]  Epoch[0] Train-month-accuracy=0.000000
2024-04-07 12:03:51,622 [INFO]  Epoch[0] Time cost=0.120
2024-04-07 12:03:51,623 [INFO]  Saved checkpoint to "./imputer_model/17_bank/imputer_model_month/model-0000.params"
2024-04-07 12:03:51,629 [INFO]  Epoch[0] Validation-cross-entropy=0.139837
2024-04-07 12:03:51,629 [INFO]  Epoch[0] Validation-month-accuracy=0.000000
2024-04-07 12:03:51,702 [INFO]  Epoch[1] Batch [0-102]	Speed: 22564.07 samples/sec	cross-entropy=0.123986	month-accuracy=0.000000
2024-04-07 12:03:51,791 [INFO]  Epoch[1] Train-cross-entropy=0.086402
2024-04-07 12:03:51,791 [INFO]  Epoch[1] Train-month-accuracy=0.000000
2024-04-07 12:03:51,791 [INFO]  Epoch[1] Time cost=0.162
2024-04-07 12:03:51,793 [INFO]  Saved checkpoint to "./imputer_model/17_bank/imputer_model_month/model-0001.params"
2024-04-07 12:03:51,801 [INFO]  Epoch[1] Validation-cross-entropy=0.101309
2024-04-07 12:03:51,801 [INFO]  Epoch[1] Validation-month-accuracy=0.000000
2024-04-07 12:03:51,895 [INFO]  Epoch[2] Batch [0-102]	Speed: 17561.10 samples/sec	cross-entropy=0.067271	month-accuracy=0.000000
2024-04-07 12:03:51,963 [INFO]  Epoch[2] Train-cross-entropy=0.064220
2024-04-07 12:03:51,963 [INFO]  Epoch[2] Train-month-accuracy=0.000000
2024-04-07 12:03:51,963 [INFO]  Epoch[2] Time cost=0.162
2024-04-07 12:03:51,965 [INFO]  Saved checkpoint to "./imputer_model/17_bank/imputer_model_month/model-0002.params"
2024-04-07 12:03:51,972 [INFO]  Epoch[2] Validation-cross-entropy=0.103113
2024-04-07 12:03:51,972 [INFO]  Epoch[2] Validation-month-accuracy=0.000000
2024-04-07 12:03:52,051 [INFO]  Epoch[3] Batch [0-102]	Speed: 20990.23 samples/sec	cross-entropy=0.065238	month-accuracy=0.000000
2024-04-07 12:03:52,112 [INFO]  Epoch[3] Train-cross-entropy=0.053490
2024-04-07 12:03:52,112 [INFO]  Epoch[3] Train-month-accuracy=0.000000
2024-04-07 12:03:52,113 [INFO]  Epoch[3] Time cost=0.140
2024-04-07 12:03:52,114 [INFO]  Saved checkpoint to "./imputer_model/17_bank/imputer_model_month/model-0003.params"
2024-04-07 12:03:52,120 [INFO]  Epoch[3] Validation-cross-entropy=0.098504
2024-04-07 12:03:52,120 [INFO]  Epoch[3] Validation-month-accuracy=0.000000
2024-04-07 12:03:52,179 [INFO]  Epoch[4] Batch [0-102]	Speed: 28136.96 samples/sec	cross-entropy=0.055639	month-accuracy=0.000000
2024-04-07 12:03:52,253 [INFO]  Epoch[4] Train-cross-entropy=0.044483
2024-04-07 12:03:52,253 [INFO]  Epoch[4] Train-month-accuracy=0.000000
2024-04-07 12:03:52,253 [INFO]  Epoch[4] Time cost=0.133
2024-04-07 12:03:52,255 [INFO]  Saved checkpoint to "./imputer_model/17_bank/imputer_model_month/model-0004.params"
2024-04-07 12:03:52,266 [INFO]  Epoch[4] Validation-cross-entropy=0.067707
2024-04-07 12:03:52,267 [INFO]  Epoch[4] Validation-month-accuracy=0.000000
2024-04-07 12:03:52,267 [INFO]  
========== done (0.7660384178161621 s) fit model
2024-04-07 12:04:20,233 [INFO]  
========== start: fit model
2024-04-07 12:04:20,233 [WARNING]  Already bound, ignoring bind()
2024-04-07 12:04:20,443 [INFO]  Epoch[0] Batch [0-102]	Speed: 7928.11 samples/sec	cross-entropy=2.432094	month-accuracy=0.000000
2024-04-07 12:04:20,541 [INFO]  Epoch[0] Train-cross-entropy=0.198167
2024-04-07 12:04:20,541 [INFO]  Epoch[0] Train-month-accuracy=0.000000
2024-04-07 12:04:20,541 [INFO]  Epoch[0] Time cost=0.307
2024-04-07 12:04:20,544 [INFO]  Saved checkpoint to "./imputer_model/17_bank/imputer_model_month/model-0000.params"
2024-04-07 12:04:20,560 [INFO]  Epoch[0] Validation-cross-entropy=0.113790
2024-04-07 12:04:20,561 [INFO]  Epoch[0] Validation-month-accuracy=0.000000
2024-04-07 12:04:20,761 [INFO]  Epoch[1] Batch [0-102]	Speed: 8210.13 samples/sec	cross-entropy=0.098849	month-accuracy=0.000000
2024-04-07 12:04:20,917 [INFO]  Epoch[1] Train-cross-entropy=0.071782
2024-04-07 12:04:20,917 [INFO]  Epoch[1] Train-month-accuracy=0.000000
2024-04-07 12:04:20,917 [INFO]  Epoch[1] Time cost=0.357
2024-04-07 12:04:20,919 [INFO]  Saved checkpoint to "./imputer_model/17_bank/imputer_model_month/model-0001.params"
2024-04-07 12:04:20,929 [INFO]  Epoch[1] Validation-cross-entropy=0.080124
2024-04-07 12:04:20,929 [INFO]  Epoch[1] Validation-month-accuracy=0.000000
2024-04-07 12:04:21,051 [INFO]  Epoch[2] Batch [0-102]	Speed: 13535.42 samples/sec	cross-entropy=0.058030	month-accuracy=0.000000
2024-04-07 12:04:21,361 [INFO]  Epoch[2] Train-cross-entropy=0.046373
2024-04-07 12:04:21,361 [INFO]  Epoch[2] Train-month-accuracy=0.000000
2024-04-07 12:04:21,361 [INFO]  Epoch[2] Time cost=0.432
2024-04-07 12:04:21,363 [INFO]  Saved checkpoint to "./imputer_model/17_bank/imputer_model_month/model-0002.params"
2024-04-07 12:04:21,392 [INFO]  Epoch[2] Validation-cross-entropy=0.086349
2024-04-07 12:04:21,393 [INFO]  Epoch[2] Validation-month-accuracy=0.000000
2024-04-07 12:04:21,554 [INFO]  Epoch[3] Batch [0-102]	Speed: 10233.27 samples/sec	cross-entropy=0.049348	month-accuracy=0.000000
2024-04-07 12:04:21,612 [INFO]  Epoch[3] Train-cross-entropy=0.033913
2024-04-07 12:04:21,612 [INFO]  Epoch[3] Train-month-accuracy=0.000000
2024-04-07 12:04:21,612 [INFO]  Epoch[3] Time cost=0.220
2024-04-07 12:04:21,614 [INFO]  Saved checkpoint to "./imputer_model/17_bank/imputer_model_month/model-0003.params"
2024-04-07 12:04:21,620 [INFO]  Epoch[3] Validation-cross-entropy=0.063040
2024-04-07 12:04:21,620 [INFO]  Epoch[3] Validation-month-accuracy=0.000000
2024-04-07 12:04:21,967 [INFO]  Epoch[4] Batch [0-102]	Speed: 4717.42 samples/sec	cross-entropy=0.032437	month-accuracy=0.000000
2024-04-07 12:04:22,253 [INFO]  Epoch[4] Train-cross-entropy=0.025177
2024-04-07 12:04:22,253 [INFO]  Epoch[4] Train-month-accuracy=0.000000
2024-04-07 12:04:22,253 [INFO]  Epoch[4] Time cost=0.633
2024-04-07 12:04:22,255 [INFO]  Saved checkpoint to "./imputer_model/17_bank/imputer_model_month/model-0004.params"
2024-04-07 12:04:22,261 [INFO]  Epoch[4] Validation-cross-entropy=0.054196
2024-04-07 12:04:22,261 [INFO]  Epoch[4] Validation-month-accuracy=0.000000
2024-04-07 12:04:22,261 [INFO]  
========== done (2.027895927429199 s) fit model
2024-04-07 12:05:00,087 [INFO]  
========== start: fit model
2024-04-07 12:05:00,087 [WARNING]  Already bound, ignoring bind()
2024-04-07 12:05:00,217 [INFO]  Epoch[0] Batch [0-102]	Speed: 14604.66 samples/sec	cross-entropy=2.391293	month-accuracy=0.000000
2024-04-07 12:05:00,332 [INFO]  Epoch[0] Train-cross-entropy=0.124052
2024-04-07 12:05:00,332 [INFO]  Epoch[0] Train-month-accuracy=0.000000
2024-04-07 12:05:00,332 [INFO]  Epoch[0] Time cost=0.244
2024-04-07 12:05:00,334 [INFO]  Saved checkpoint to "./imputer_model/17_bank/imputer_model_month/model-0000.params"
2024-04-07 12:05:00,340 [INFO]  Epoch[0] Validation-cross-entropy=0.088829
2024-04-07 12:05:00,340 [INFO]  Epoch[0] Validation-month-accuracy=0.000000
2024-04-07 12:05:00,449 [INFO]  Epoch[1] Batch [0-102]	Speed: 15061.10 samples/sec	cross-entropy=0.112713	month-accuracy=0.000000
2024-04-07 12:05:00,713 [INFO]  Epoch[1] Train-cross-entropy=0.064938
2024-04-07 12:05:00,713 [INFO]  Epoch[1] Train-month-accuracy=0.000000
2024-04-07 12:05:00,714 [INFO]  Epoch[1] Time cost=0.373
2024-04-07 12:05:00,715 [INFO]  Saved checkpoint to "./imputer_model/17_bank/imputer_model_month/model-0001.params"
2024-04-07 12:05:00,720 [INFO]  Epoch[1] Validation-cross-entropy=0.060612
2024-04-07 12:05:00,720 [INFO]  Epoch[1] Validation-month-accuracy=0.000000
2024-04-07 12:05:00,831 [INFO]  Epoch[2] Batch [0-102]	Speed: 14842.55 samples/sec	cross-entropy=0.063134	month-accuracy=0.000000
2024-04-07 12:05:01,030 [INFO]  Epoch[2] Train-cross-entropy=0.054651
2024-04-07 12:05:01,034 [INFO]  Epoch[2] Train-month-accuracy=0.000000
2024-04-07 12:05:01,034 [INFO]  Epoch[2] Time cost=0.313
2024-04-07 12:05:01,035 [INFO]  Saved checkpoint to "./imputer_model/17_bank/imputer_model_month/model-0002.params"
2024-04-07 12:05:01,071 [INFO]  Epoch[2] Validation-cross-entropy=0.043679
2024-04-07 12:05:01,072 [INFO]  Epoch[2] Validation-month-accuracy=0.000000
2024-04-07 12:05:01,252 [INFO]  Epoch[3] Batch [0-102]	Speed: 9100.47 samples/sec	cross-entropy=0.047484	month-accuracy=0.000000
2024-04-07 12:05:01,332 [INFO]  Epoch[3] Train-cross-entropy=0.054192
2024-04-07 12:05:01,332 [INFO]  Epoch[3] Train-month-accuracy=0.000000
2024-04-07 12:05:01,332 [INFO]  Epoch[3] Time cost=0.260
2024-04-07 12:05:01,334 [INFO]  Saved checkpoint to "./imputer_model/17_bank/imputer_model_month/model-0003.params"
2024-04-07 12:05:01,340 [INFO]  Epoch[3] Validation-cross-entropy=0.041423
2024-04-07 12:05:01,340 [INFO]  Epoch[3] Validation-month-accuracy=0.000000
2024-04-07 12:05:01,443 [INFO]  Epoch[4] Batch [0-102]	Speed: 16103.63 samples/sec	cross-entropy=0.042371	month-accuracy=0.000000
2024-04-07 12:05:01,690 [INFO]  Epoch[4] Train-cross-entropy=0.049758
2024-04-07 12:05:01,691 [INFO]  Epoch[4] Train-month-accuracy=0.000000
2024-04-07 12:05:01,691 [INFO]  Epoch[4] Time cost=0.350
2024-04-07 12:05:01,692 [INFO]  Saved checkpoint to "./imputer_model/17_bank/imputer_model_month/model-0004.params"
2024-04-07 12:05:01,698 [INFO]  Epoch[4] Validation-cross-entropy=0.035087
2024-04-07 12:05:01,698 [INFO]  Epoch[4] Validation-month-accuracy=0.000000
2024-04-07 12:05:01,698 [INFO]  
========== done (1.611053466796875 s) fit model
2024-04-07 12:05:39,152 [INFO]  
========== start: fit model
2024-04-07 12:05:39,152 [WARNING]  Already bound, ignoring bind()
2024-04-07 12:05:39,374 [INFO]  Epoch[0] Batch [0-102]	Speed: 8371.09 samples/sec	cross-entropy=2.823594	month-accuracy=0.000000
2024-04-07 12:05:39,455 [INFO]  Epoch[0] Train-cross-entropy=0.189257
2024-04-07 12:05:39,455 [INFO]  Epoch[0] Train-month-accuracy=0.000000
2024-04-07 12:05:39,455 [INFO]  Epoch[0] Time cost=0.302
2024-04-07 12:05:39,456 [INFO]  Saved checkpoint to "./imputer_model/17_bank/imputer_model_month/model-0000.params"
2024-04-07 12:05:39,464 [INFO]  Epoch[0] Validation-cross-entropy=0.113752
2024-04-07 12:05:39,464 [INFO]  Epoch[0] Validation-month-accuracy=0.000000
2024-04-07 12:05:39,560 [INFO]  Epoch[1] Batch [0-102]	Speed: 17200.35 samples/sec	cross-entropy=0.073208	month-accuracy=0.000000
2024-04-07 12:05:40,113 [INFO]  Epoch[1] Train-cross-entropy=0.066921
2024-04-07 12:05:40,113 [INFO]  Epoch[1] Train-month-accuracy=0.000000
2024-04-07 12:05:40,113 [INFO]  Epoch[1] Time cost=0.649
2024-04-07 12:05:40,115 [INFO]  Saved checkpoint to "./imputer_model/17_bank/imputer_model_month/model-0001.params"
2024-04-07 12:05:40,122 [INFO]  Epoch[1] Validation-cross-entropy=0.056971
2024-04-07 12:05:40,122 [INFO]  Epoch[1] Validation-month-accuracy=0.000000
2024-04-07 12:05:40,224 [INFO]  Epoch[2] Batch [0-102]	Speed: 16101.09 samples/sec	cross-entropy=0.048537	month-accuracy=0.000000
2024-04-07 12:05:40,471 [INFO]  Epoch[2] Train-cross-entropy=0.047668
2024-04-07 12:05:40,471 [INFO]  Epoch[2] Train-month-accuracy=0.000000
2024-04-07 12:05:40,471 [INFO]  Epoch[2] Time cost=0.349
2024-04-07 12:05:40,474 [INFO]  Saved checkpoint to "./imputer_model/17_bank/imputer_model_month/model-0002.params"
2024-04-07 12:05:40,484 [INFO]  Epoch[2] Validation-cross-entropy=0.047095
2024-04-07 12:05:40,484 [INFO]  Epoch[2] Validation-month-accuracy=0.000000
2024-04-07 12:05:40,626 [INFO]  Epoch[3] Batch [0-102]	Speed: 11712.24 samples/sec	cross-entropy=0.042241	month-accuracy=0.000000
2024-04-07 12:05:40,773 [INFO]  Epoch[3] Train-cross-entropy=0.034714
2024-04-07 12:05:40,773 [INFO]  Epoch[3] Train-month-accuracy=0.000000
2024-04-07 12:05:40,773 [INFO]  Epoch[3] Time cost=0.288
2024-04-07 12:05:40,775 [INFO]  Saved checkpoint to "./imputer_model/17_bank/imputer_model_month/model-0003.params"
2024-04-07 12:05:40,788 [INFO]  Epoch[3] Validation-cross-entropy=0.044162
2024-04-07 12:05:40,788 [INFO]  Epoch[3] Validation-month-accuracy=0.000000
2024-04-07 12:05:41,000 [INFO]  Epoch[4] Batch [0-102]	Speed: 7768.97 samples/sec	cross-entropy=0.040302	month-accuracy=0.000000
2024-04-07 12:05:41,263 [INFO]  Epoch[4] Train-cross-entropy=0.029319
2024-04-07 12:05:41,263 [INFO]  Epoch[4] Train-month-accuracy=0.000000
2024-04-07 12:05:41,264 [INFO]  Epoch[4] Time cost=0.475
2024-04-07 12:05:41,265 [INFO]  Saved checkpoint to "./imputer_model/17_bank/imputer_model_month/model-0004.params"
2024-04-07 12:05:41,270 [INFO]  Epoch[4] Validation-cross-entropy=0.042945
2024-04-07 12:05:41,271 [INFO]  Epoch[4] Validation-month-accuracy=0.000000
2024-04-07 12:05:41,271 [INFO]  
========== done (2.118818759918213 s) fit model
2024-04-07 12:06:17,387 [INFO]  
========== start: fit model
2024-04-07 12:06:17,387 [WARNING]  Already bound, ignoring bind()
2024-04-07 12:06:17,742 [INFO]  Epoch[0] Batch [0-102]	Speed: 4628.27 samples/sec	cross-entropy=1.409157	month-accuracy=0.000000
2024-04-07 12:06:17,979 [INFO]  Epoch[0] Train-cross-entropy=0.126900
2024-04-07 12:06:17,979 [INFO]  Epoch[0] Train-month-accuracy=0.000000
2024-04-07 12:06:17,979 [INFO]  Epoch[0] Time cost=0.591
2024-04-07 12:06:17,981 [INFO]  Saved checkpoint to "./imputer_model/17_bank/imputer_model_month/model-0000.params"
2024-04-07 12:06:17,991 [INFO]  Epoch[0] Validation-cross-entropy=0.098838
2024-04-07 12:06:17,991 [INFO]  Epoch[0] Validation-month-accuracy=0.000000
2024-04-07 12:06:18,106 [INFO]  Epoch[1] Batch [0-102]	Speed: 14444.93 samples/sec	cross-entropy=0.109041	month-accuracy=0.000000
2024-04-07 12:06:18,490 [INFO]  Epoch[1] Train-cross-entropy=0.072837
2024-04-07 12:06:18,490 [INFO]  Epoch[1] Train-month-accuracy=0.000000
2024-04-07 12:06:18,490 [INFO]  Epoch[1] Time cost=0.499
2024-04-07 12:06:18,492 [INFO]  Saved checkpoint to "./imputer_model/17_bank/imputer_model_month/model-0001.params"
2024-04-07 12:06:18,512 [INFO]  Epoch[1] Validation-cross-entropy=0.061091
2024-04-07 12:06:18,512 [INFO]  Epoch[1] Validation-month-accuracy=0.000000
2024-04-07 12:06:18,695 [INFO]  Epoch[2] Batch [0-102]	Speed: 9713.24 samples/sec	cross-entropy=0.067939	month-accuracy=0.000000
2024-04-07 12:06:18,853 [INFO]  Epoch[2] Train-cross-entropy=0.067291
2024-04-07 12:06:18,853 [INFO]  Epoch[2] Train-month-accuracy=0.000000
2024-04-07 12:06:18,853 [INFO]  Epoch[2] Time cost=0.341
2024-04-07 12:06:18,855 [INFO]  Saved checkpoint to "./imputer_model/17_bank/imputer_model_month/model-0002.params"
2024-04-07 12:06:18,865 [INFO]  Epoch[2] Validation-cross-entropy=0.046998
2024-04-07 12:06:18,865 [INFO]  Epoch[2] Validation-month-accuracy=0.000000
2024-04-07 12:06:19,066 [INFO]  Epoch[3] Batch [0-102]	Speed: 8168.52 samples/sec	cross-entropy=0.064291	month-accuracy=0.000000
2024-04-07 12:06:19,377 [INFO]  Epoch[3] Train-cross-entropy=0.047663
2024-04-07 12:06:19,377 [INFO]  Epoch[3] Train-month-accuracy=0.000000
2024-04-07 12:06:19,377 [INFO]  Epoch[3] Time cost=0.512
2024-04-07 12:06:19,379 [INFO]  Saved checkpoint to "./imputer_model/17_bank/imputer_model_month/model-0003.params"
2024-04-07 12:06:19,393 [INFO]  Epoch[3] Validation-cross-entropy=0.033608
2024-04-07 12:06:19,393 [INFO]  Epoch[3] Validation-month-accuracy=0.000000
2024-04-07 12:06:19,599 [INFO]  Epoch[4] Batch [0-102]	Speed: 7986.81 samples/sec	cross-entropy=0.044463	month-accuracy=0.000000
2024-04-07 12:06:19,739 [INFO]  Epoch[4] Train-cross-entropy=0.038964
2024-04-07 12:06:19,739 [INFO]  Epoch[4] Train-month-accuracy=0.000000
2024-04-07 12:06:19,739 [INFO]  Epoch[4] Time cost=0.346
2024-04-07 12:06:19,744 [INFO]  Saved checkpoint to "./imputer_model/17_bank/imputer_model_month/model-0004.params"
2024-04-07 12:06:19,812 [INFO]  Epoch[4] Validation-cross-entropy=0.030733
2024-04-07 12:06:19,812 [INFO]  Epoch[4] Validation-month-accuracy=0.000000
2024-04-07 12:06:19,812 [INFO]  
========== done (2.42543888092041 s) fit model
2024-04-07 12:06:38,517 [INFO]  
========== start: fit model
2024-04-07 12:06:38,517 [WARNING]  Already bound, ignoring bind()
2024-04-07 12:06:38,577 [INFO]  Epoch[0] Batch [0-102]	Speed: 28146.10 samples/sec	cross-entropy=2.103690	month-accuracy=0.000000
2024-04-07 12:06:38,668 [INFO]  Epoch[0] Train-cross-entropy=0.135234
2024-04-07 12:06:38,668 [INFO]  Epoch[0] Train-month-accuracy=0.000000
2024-04-07 12:06:38,668 [INFO]  Epoch[0] Time cost=0.150
2024-04-07 12:06:38,670 [INFO]  Saved checkpoint to "./imputer_model/17_bank/imputer_model_month/model-0000.params"
2024-04-07 12:06:38,680 [INFO]  Epoch[0] Validation-cross-entropy=0.078663
2024-04-07 12:06:38,680 [INFO]  Epoch[0] Validation-month-accuracy=0.000000
2024-04-07 12:06:38,740 [INFO]  Epoch[1] Batch [0-102]	Speed: 27635.32 samples/sec	cross-entropy=0.169640	month-accuracy=0.000000
2024-04-07 12:06:38,797 [INFO]  Epoch[1] Train-cross-entropy=0.064302
2024-04-07 12:06:38,797 [INFO]  Epoch[1] Train-month-accuracy=0.000000
2024-04-07 12:06:38,797 [INFO]  Epoch[1] Time cost=0.117
2024-04-07 12:06:38,799 [INFO]  Saved checkpoint to "./imputer_model/17_bank/imputer_model_month/model-0001.params"
2024-04-07 12:06:38,804 [INFO]  Epoch[1] Validation-cross-entropy=0.053051
2024-04-07 12:06:38,804 [INFO]  Epoch[1] Validation-month-accuracy=0.000000
2024-04-07 12:06:38,862 [INFO]  Epoch[2] Batch [0-102]	Speed: 28361.97 samples/sec	cross-entropy=0.084272	month-accuracy=0.000000
2024-04-07 12:06:38,925 [INFO]  Epoch[2] Train-cross-entropy=0.047063
2024-04-07 12:06:38,925 [INFO]  Epoch[2] Train-month-accuracy=0.000000
2024-04-07 12:06:38,925 [INFO]  Epoch[2] Time cost=0.121
2024-04-07 12:06:38,926 [INFO]  Saved checkpoint to "./imputer_model/17_bank/imputer_model_month/model-0002.params"
2024-04-07 12:06:38,932 [INFO]  Epoch[2] Validation-cross-entropy=0.041323
2024-04-07 12:06:38,932 [INFO]  Epoch[2] Validation-month-accuracy=0.000000
2024-04-07 12:06:39,002 [INFO]  Epoch[3] Batch [0-102]	Speed: 23716.17 samples/sec	cross-entropy=0.040520	month-accuracy=0.000000
2024-04-07 12:06:39,060 [INFO]  Epoch[3] Train-cross-entropy=0.036887
2024-04-07 12:06:39,060 [INFO]  Epoch[3] Train-month-accuracy=0.000000
2024-04-07 12:06:39,060 [INFO]  Epoch[3] Time cost=0.127
2024-04-07 12:06:39,061 [INFO]  Saved checkpoint to "./imputer_model/17_bank/imputer_model_month/model-0003.params"
2024-04-07 12:06:39,067 [INFO]  Epoch[3] Validation-cross-entropy=0.035214
2024-04-07 12:06:39,067 [INFO]  Epoch[3] Validation-month-accuracy=0.000000
2024-04-07 12:06:39,125 [INFO]  Epoch[4] Batch [0-102]	Speed: 28568.52 samples/sec	cross-entropy=0.032416	month-accuracy=0.000000
2024-04-07 12:06:39,195 [INFO]  Epoch[4] Train-cross-entropy=0.029608
2024-04-07 12:06:39,195 [INFO]  Epoch[4] Train-month-accuracy=0.000000
2024-04-07 12:06:39,195 [INFO]  Epoch[4] Time cost=0.129
2024-04-07 12:06:39,197 [INFO]  Saved checkpoint to "./imputer_model/17_bank/imputer_model_month/model-0004.params"
2024-04-07 12:06:39,211 [INFO]  Epoch[4] Validation-cross-entropy=0.032354
2024-04-07 12:06:39,211 [INFO]  Epoch[4] Validation-month-accuracy=0.000000
2024-04-07 12:06:39,211 [INFO]  
========== done (0.6944320201873779 s) fit model
2024-04-07 12:06:56,724 [INFO]  
========== start: fit model
2024-04-07 12:06:56,724 [WARNING]  Already bound, ignoring bind()
2024-04-07 12:06:56,813 [INFO]  Epoch[0] Batch [0-102]	Speed: 18943.77 samples/sec	cross-entropy=1.546664	month-accuracy=0.000000
2024-04-07 12:06:56,907 [INFO]  Epoch[0] Train-cross-entropy=0.108642
2024-04-07 12:06:56,907 [INFO]  Epoch[0] Train-month-accuracy=0.000000
2024-04-07 12:06:56,907 [INFO]  Epoch[0] Time cost=0.182
2024-04-07 12:06:56,909 [INFO]  Saved checkpoint to "./imputer_model/17_bank/imputer_model_month/model-0000.params"
2024-04-07 12:06:56,917 [INFO]  Epoch[0] Validation-cross-entropy=0.081116
2024-04-07 12:06:56,917 [INFO]  Epoch[0] Validation-month-accuracy=0.000000
2024-04-07 12:06:56,998 [INFO]  Epoch[1] Batch [0-102]	Speed: 20432.90 samples/sec	cross-entropy=0.141219	month-accuracy=0.000000
2024-04-07 12:06:57,077 [INFO]  Epoch[1] Train-cross-entropy=0.045751
2024-04-07 12:06:57,077 [INFO]  Epoch[1] Train-month-accuracy=0.000000
2024-04-07 12:06:57,077 [INFO]  Epoch[1] Time cost=0.159
2024-04-07 12:06:57,079 [INFO]  Saved checkpoint to "./imputer_model/17_bank/imputer_model_month/model-0001.params"
2024-04-07 12:06:57,086 [INFO]  Epoch[1] Validation-cross-entropy=0.056068
2024-04-07 12:06:57,087 [INFO]  Epoch[1] Validation-month-accuracy=0.000000
2024-04-07 12:06:57,171 [INFO]  Epoch[2] Batch [0-102]	Speed: 19631.25 samples/sec	cross-entropy=0.059559	month-accuracy=0.000000
2024-04-07 12:06:57,249 [INFO]  Epoch[2] Train-cross-entropy=0.040657
2024-04-07 12:06:57,250 [INFO]  Epoch[2] Train-month-accuracy=0.000000
2024-04-07 12:06:57,250 [INFO]  Epoch[2] Time cost=0.163
2024-04-07 12:06:57,252 [INFO]  Saved checkpoint to "./imputer_model/17_bank/imputer_model_month/model-0002.params"
2024-04-07 12:06:57,270 [INFO]  Epoch[2] Validation-cross-entropy=0.048292
2024-04-07 12:06:57,270 [INFO]  Epoch[2] Validation-month-accuracy=0.000000
2024-04-07 12:06:57,409 [INFO]  Epoch[3] Batch [0-102]	Speed: 11811.72 samples/sec	cross-entropy=0.050316	month-accuracy=0.000000
2024-04-07 12:06:57,490 [INFO]  Epoch[3] Train-cross-entropy=0.051016
2024-04-07 12:06:57,490 [INFO]  Epoch[3] Train-month-accuracy=0.000000
2024-04-07 12:06:57,490 [INFO]  Epoch[3] Time cost=0.220
2024-04-07 12:06:57,492 [INFO]  Saved checkpoint to "./imputer_model/17_bank/imputer_model_month/model-0003.params"
2024-04-07 12:06:57,500 [INFO]  Epoch[3] Validation-cross-entropy=0.058350
2024-04-07 12:06:57,500 [INFO]  Epoch[3] Validation-month-accuracy=0.000000
2024-04-07 12:06:57,588 [INFO]  Epoch[4] Batch [0-102]	Speed: 18786.65 samples/sec	cross-entropy=0.039643	month-accuracy=0.000000
2024-04-07 12:06:57,669 [INFO]  Epoch[4] Train-cross-entropy=0.040086
2024-04-07 12:06:57,669 [INFO]  Epoch[4] Train-month-accuracy=0.000000
2024-04-07 12:06:57,669 [INFO]  Epoch[4] Time cost=0.169
2024-04-07 12:06:57,672 [INFO]  Saved checkpoint to "./imputer_model/17_bank/imputer_model_month/model-0004.params"
2024-04-07 12:06:57,679 [INFO]  Epoch[4] Validation-cross-entropy=0.043327
2024-04-07 12:06:57,679 [INFO]  Epoch[4] Validation-month-accuracy=0.000000
2024-04-07 12:06:57,679 [INFO]  
========== done (0.955502986907959 s) fit model
2024-04-07 12:07:26,789 [INFO]  
========== start: fit model
2024-04-07 12:07:26,789 [WARNING]  Already bound, ignoring bind()
2024-04-07 12:07:27,156 [INFO]  Epoch[0] Batch [0-102]	Speed: 4733.72 samples/sec	cross-entropy=3.432262	month-accuracy=3.407767
2024-04-07 12:07:27,548 [INFO]  Epoch[0] Train-cross-entropy=0.169980
2024-04-07 12:07:27,548 [INFO]  Epoch[0] Train-month-accuracy=3.643564
2024-04-07 12:07:27,548 [INFO]  Epoch[0] Time cost=0.758
2024-04-07 12:07:27,550 [INFO]  Saved checkpoint to "./imputer_model/17_bank/imputer_model_month/model-0000.params"
2024-04-07 12:07:27,557 [INFO]  Epoch[0] Validation-cross-entropy=0.084789
2024-04-07 12:07:27,557 [INFO]  Epoch[0] Validation-month-accuracy=0.000000
2024-04-07 12:07:27,711 [INFO]  Epoch[1] Batch [0-102]	Speed: 10679.86 samples/sec	cross-entropy=0.087821	month-accuracy=3.407767
2024-04-07 12:07:27,851 [INFO]  Epoch[1] Train-cross-entropy=0.086904
2024-04-07 12:07:27,851 [INFO]  Epoch[1] Train-month-accuracy=3.643564
2024-04-07 12:07:27,851 [INFO]  Epoch[1] Time cost=0.294
2024-04-07 12:07:27,853 [INFO]  Saved checkpoint to "./imputer_model/17_bank/imputer_model_month/model-0001.params"
2024-04-07 12:07:27,904 [INFO]  Epoch[1] Validation-cross-entropy=0.056848
2024-04-07 12:07:27,904 [INFO]  Epoch[1] Validation-month-accuracy=0.000000
2024-04-07 12:07:28,204 [INFO]  Epoch[2] Batch [0-102]	Speed: 5461.51 samples/sec	cross-entropy=0.067700	month-accuracy=3.407767
2024-04-07 12:07:28,347 [INFO]  Epoch[2] Train-cross-entropy=0.059244
2024-04-07 12:07:28,347 [INFO]  Epoch[2] Train-month-accuracy=3.643564
2024-04-07 12:07:28,347 [INFO]  Epoch[2] Time cost=0.443
2024-04-07 12:07:28,349 [INFO]  Saved checkpoint to "./imputer_model/17_bank/imputer_model_month/model-0002.params"
2024-04-07 12:07:28,370 [INFO]  Epoch[2] Validation-cross-entropy=0.046081
2024-04-07 12:07:28,371 [INFO]  Epoch[2] Validation-month-accuracy=0.000000
2024-04-07 12:07:28,438 [INFO]  Epoch[3] Batch [0-102]	Speed: 24574.50 samples/sec	cross-entropy=0.050604	month-accuracy=3.407767
2024-04-07 12:07:28,696 [INFO]  Epoch[3] Train-cross-entropy=0.048604
2024-04-07 12:07:28,697 [INFO]  Epoch[3] Train-month-accuracy=3.643564
2024-04-07 12:07:28,697 [INFO]  Epoch[3] Time cost=0.326
2024-04-07 12:07:28,698 [INFO]  Saved checkpoint to "./imputer_model/17_bank/imputer_model_month/model-0003.params"
2024-04-07 12:07:28,755 [INFO]  Epoch[3] Validation-cross-entropy=0.036803
2024-04-07 12:07:28,755 [INFO]  Epoch[3] Validation-month-accuracy=0.000000
2024-04-07 12:07:28,882 [INFO]  Epoch[4] Batch [0-102]	Speed: 13046.02 samples/sec	cross-entropy=0.043790	month-accuracy=3.407767
2024-04-07 12:07:29,046 [INFO]  Epoch[4] Train-cross-entropy=0.038978
2024-04-07 12:07:29,046 [INFO]  Epoch[4] Train-month-accuracy=3.643564
2024-04-07 12:07:29,046 [INFO]  Epoch[4] Time cost=0.291
2024-04-07 12:07:29,050 [INFO]  Saved checkpoint to "./imputer_model/17_bank/imputer_model_month/model-0004.params"
2024-04-07 12:07:29,126 [INFO]  Epoch[4] Validation-cross-entropy=0.031231
2024-04-07 12:07:29,127 [INFO]  Epoch[4] Validation-month-accuracy=0.000000
2024-04-07 12:07:29,127 [INFO]  
========== done (2.3376731872558594 s) fit model
2024-04-07 12:08:06,216 [INFO]  
========== start: fit model
2024-04-07 12:08:06,216 [WARNING]  Already bound, ignoring bind()
2024-04-07 12:08:06,499 [INFO]  Epoch[0] Batch [0-102]	Speed: 5828.80 samples/sec	cross-entropy=1.583097	month-accuracy=0.000000
2024-04-07 12:08:06,790 [INFO]  Epoch[0] Train-cross-entropy=0.162451
2024-04-07 12:08:06,790 [INFO]  Epoch[0] Train-month-accuracy=0.000000
2024-04-07 12:08:06,790 [INFO]  Epoch[0] Time cost=0.573
2024-04-07 12:08:06,792 [INFO]  Saved checkpoint to "./imputer_model/17_bank/imputer_model_month/model-0000.params"
2024-04-07 12:08:06,854 [INFO]  Epoch[0] Validation-cross-entropy=0.262086
2024-04-07 12:08:06,854 [INFO]  Epoch[0] Validation-month-accuracy=0.000000
2024-04-07 12:08:06,938 [INFO]  Epoch[1] Batch [0-102]	Speed: 19795.55 samples/sec	cross-entropy=0.111117	month-accuracy=0.000000
2024-04-07 12:08:07,045 [INFO]  Epoch[1] Train-cross-entropy=0.084700
2024-04-07 12:08:07,045 [INFO]  Epoch[1] Train-month-accuracy=0.000000
2024-04-07 12:08:07,045 [INFO]  Epoch[1] Time cost=0.190
2024-04-07 12:08:07,047 [INFO]  Saved checkpoint to "./imputer_model/17_bank/imputer_model_month/model-0001.params"
2024-04-07 12:08:07,150 [INFO]  Epoch[1] Validation-cross-entropy=0.117248
2024-04-07 12:08:07,150 [INFO]  Epoch[1] Validation-month-accuracy=0.000000
2024-04-07 12:08:07,481 [INFO]  Epoch[2] Batch [0-102]	Speed: 4945.39 samples/sec	cross-entropy=0.062458	month-accuracy=0.000000
2024-04-07 12:08:07,600 [INFO]  Epoch[2] Train-cross-entropy=0.086487
2024-04-07 12:08:07,600 [INFO]  Epoch[2] Train-month-accuracy=0.000000
2024-04-07 12:08:07,600 [INFO]  Epoch[2] Time cost=0.450
2024-04-07 12:08:07,602 [INFO]  Saved checkpoint to "./imputer_model/17_bank/imputer_model_month/model-0002.params"
2024-04-07 12:08:07,614 [INFO]  Epoch[2] Validation-cross-entropy=0.270777
2024-04-07 12:08:07,614 [INFO]  Epoch[2] Validation-month-accuracy=0.000000
2024-04-07 12:08:07,755 [INFO]  Epoch[3] Batch [0-102]	Speed: 12262.27 samples/sec	cross-entropy=0.066336	month-accuracy=0.000000
2024-04-07 12:08:07,868 [INFO]  Epoch[3] Train-cross-entropy=0.032267
2024-04-07 12:08:07,868 [INFO]  Epoch[3] Train-month-accuracy=0.000000
2024-04-07 12:08:07,868 [INFO]  Epoch[3] Time cost=0.254
2024-04-07 12:08:07,870 [INFO]  Saved checkpoint to "./imputer_model/17_bank/imputer_model_month/model-0003.params"
2024-04-07 12:08:07,908 [INFO]  Epoch[3] Validation-cross-entropy=0.037512
2024-04-07 12:08:07,909 [INFO]  Epoch[3] Validation-month-accuracy=0.000000
2024-04-07 12:08:08,012 [INFO]  Epoch[4] Batch [0-102]	Speed: 16050.01 samples/sec	cross-entropy=0.041418	month-accuracy=0.000000
2024-04-07 12:08:08,101 [INFO]  Epoch[4] Train-cross-entropy=0.031039
2024-04-07 12:08:08,101 [INFO]  Epoch[4] Train-month-accuracy=0.000000
2024-04-07 12:08:08,101 [INFO]  Epoch[4] Time cost=0.193
2024-04-07 12:08:08,103 [INFO]  Saved checkpoint to "./imputer_model/17_bank/imputer_model_month/model-0004.params"
2024-04-07 12:08:08,108 [INFO]  Epoch[4] Validation-cross-entropy=0.068155
2024-04-07 12:08:08,108 [INFO]  Epoch[4] Validation-month-accuracy=0.000000
2024-04-07 12:08:08,108 [INFO]  
========== done (1.8921539783477783 s) fit model
2024-04-07 12:08:44,980 [INFO]  
========== start: fit model
2024-04-07 12:08:44,980 [WARNING]  Already bound, ignoring bind()
2024-04-07 12:08:45,269 [INFO]  Epoch[0] Batch [0-102]	Speed: 7971.54 samples/sec	cross-entropy=2.982883	month-accuracy=3.553398
2024-04-07 12:08:45,389 [INFO]  Epoch[0] Train-cross-entropy=0.151636
2024-04-07 12:08:45,389 [INFO]  Epoch[0] Train-month-accuracy=3.178218
2024-04-07 12:08:45,389 [INFO]  Epoch[0] Time cost=0.408
2024-04-07 12:08:45,391 [INFO]  Saved checkpoint to "./imputer_model/17_bank/imputer_model_month/model-0000.params"
2024-04-07 12:08:45,401 [INFO]  Epoch[0] Validation-cross-entropy=0.099949
2024-04-07 12:08:45,401 [INFO]  Epoch[0] Validation-month-accuracy=0.000000
2024-04-07 12:08:45,521 [INFO]  Epoch[1] Batch [0-102]	Speed: 13726.91 samples/sec	cross-entropy=0.107324	month-accuracy=3.553398
2024-04-07 12:08:45,617 [INFO]  Epoch[1] Train-cross-entropy=0.066583
2024-04-07 12:08:45,617 [INFO]  Epoch[1] Train-month-accuracy=3.178218
2024-04-07 12:08:45,617 [INFO]  Epoch[1] Time cost=0.216
2024-04-07 12:08:45,619 [INFO]  Saved checkpoint to "./imputer_model/17_bank/imputer_model_month/model-0001.params"
2024-04-07 12:08:45,626 [INFO]  Epoch[1] Validation-cross-entropy=0.078363
2024-04-07 12:08:45,626 [INFO]  Epoch[1] Validation-month-accuracy=0.000000
2024-04-07 12:08:46,059 [INFO]  Epoch[2] Batch [0-102]	Speed: 3778.80 samples/sec	cross-entropy=0.060803	month-accuracy=3.553398
2024-04-07 12:08:46,149 [INFO]  Epoch[2] Train-cross-entropy=0.050641
2024-04-07 12:08:46,149 [INFO]  Epoch[2] Train-month-accuracy=3.178218
2024-04-07 12:08:46,150 [INFO]  Epoch[2] Time cost=0.524
2024-04-07 12:08:46,151 [INFO]  Saved checkpoint to "./imputer_model/17_bank/imputer_model_month/model-0002.params"
2024-04-07 12:08:46,169 [INFO]  Epoch[2] Validation-cross-entropy=0.071790
2024-04-07 12:08:46,169 [INFO]  Epoch[2] Validation-month-accuracy=0.000000
2024-04-07 12:08:46,231 [INFO]  Epoch[3] Batch [0-102]	Speed: 26879.49 samples/sec	cross-entropy=0.056090	month-accuracy=3.553398
2024-04-07 12:08:46,536 [INFO]  Epoch[3] Train-cross-entropy=0.040461
2024-04-07 12:08:46,537 [INFO]  Epoch[3] Train-month-accuracy=3.178218
2024-04-07 12:08:46,537 [INFO]  Epoch[3] Time cost=0.367
2024-04-07 12:08:46,539 [INFO]  Saved checkpoint to "./imputer_model/17_bank/imputer_model_month/model-0003.params"
2024-04-07 12:08:46,545 [INFO]  Epoch[3] Validation-cross-entropy=0.080358
2024-04-07 12:08:46,545 [INFO]  Epoch[3] Validation-month-accuracy=0.000000
2024-04-07 12:08:46,635 [INFO]  Epoch[4] Batch [0-102]	Speed: 18320.49 samples/sec	cross-entropy=0.054814	month-accuracy=3.553398
2024-04-07 12:08:46,743 [INFO]  Epoch[4] Train-cross-entropy=0.031490
2024-04-07 12:08:46,743 [INFO]  Epoch[4] Train-month-accuracy=3.178218
2024-04-07 12:08:46,743 [INFO]  Epoch[4] Time cost=0.198
2024-04-07 12:08:46,747 [INFO]  Saved checkpoint to "./imputer_model/17_bank/imputer_model_month/model-0004.params"
2024-04-07 12:08:46,782 [INFO]  Epoch[4] Validation-cross-entropy=0.071386
2024-04-07 12:08:46,783 [INFO]  Epoch[4] Validation-month-accuracy=0.000000
2024-04-07 12:08:46,783 [INFO]  
========== done (1.8030195236206055 s) fit model
2024-04-07 12:09:22,349 [INFO]  
========== start: fit model
2024-04-07 12:09:22,349 [WARNING]  Already bound, ignoring bind()
2024-04-07 12:09:22,467 [INFO]  Epoch[0] Batch [0-102]	Speed: 18355.18 samples/sec	cross-entropy=2.357303	month-accuracy=3.427184
2024-04-07 12:09:22,586 [INFO]  Epoch[0] Train-cross-entropy=0.206931
2024-04-07 12:09:22,586 [INFO]  Epoch[0] Train-month-accuracy=3.178218
2024-04-07 12:09:22,586 [INFO]  Epoch[0] Time cost=0.236
2024-04-07 12:09:22,588 [INFO]  Saved checkpoint to "./imputer_model/17_bank/imputer_model_month/model-0000.params"
2024-04-07 12:09:22,595 [INFO]  Epoch[0] Validation-cross-entropy=0.091945
2024-04-07 12:09:22,595 [INFO]  Epoch[0] Validation-month-accuracy=0.000000
2024-04-07 12:09:22,928 [INFO]  Epoch[1] Batch [0-102]	Speed: 4924.99 samples/sec	cross-entropy=0.085565	month-accuracy=3.427184
2024-04-07 12:09:23,067 [INFO]  Epoch[1] Train-cross-entropy=0.076537
2024-04-07 12:09:23,068 [INFO]  Epoch[1] Train-month-accuracy=3.178218
2024-04-07 12:09:23,068 [INFO]  Epoch[1] Time cost=0.472
2024-04-07 12:09:23,070 [INFO]  Saved checkpoint to "./imputer_model/17_bank/imputer_model_month/model-0001.params"
2024-04-07 12:09:23,081 [INFO]  Epoch[1] Validation-cross-entropy=0.066964
2024-04-07 12:09:23,081 [INFO]  Epoch[1] Validation-month-accuracy=0.000000
2024-04-07 12:09:23,361 [INFO]  Epoch[2] Batch [0-102]	Speed: 5858.23 samples/sec	cross-entropy=0.055157	month-accuracy=3.427184
2024-04-07 12:09:23,621 [INFO]  Epoch[2] Train-cross-entropy=0.070306
2024-04-07 12:09:23,621 [INFO]  Epoch[2] Train-month-accuracy=3.178218
2024-04-07 12:09:23,621 [INFO]  Epoch[2] Time cost=0.540
2024-04-07 12:09:23,623 [INFO]  Saved checkpoint to "./imputer_model/17_bank/imputer_model_month/model-0002.params"
2024-04-07 12:09:23,631 [INFO]  Epoch[2] Validation-cross-entropy=0.060486
2024-04-07 12:09:23,632 [INFO]  Epoch[2] Validation-month-accuracy=0.000000
2024-04-07 12:09:23,995 [INFO]  Epoch[3] Batch [0-102]	Speed: 4509.78 samples/sec	cross-entropy=0.044749	month-accuracy=3.427184
2024-04-07 12:09:24,120 [INFO]  Epoch[3] Train-cross-entropy=0.051346
2024-04-07 12:09:24,120 [INFO]  Epoch[3] Train-month-accuracy=3.178218
2024-04-07 12:09:24,120 [INFO]  Epoch[3] Time cost=0.488
2024-04-07 12:09:24,122 [INFO]  Saved checkpoint to "./imputer_model/17_bank/imputer_model_month/model-0003.params"
2024-04-07 12:09:24,147 [INFO]  Epoch[3] Validation-cross-entropy=0.052193
2024-04-07 12:09:24,147 [INFO]  Epoch[3] Validation-month-accuracy=0.000000
2024-04-07 12:09:24,222 [INFO]  Epoch[4] Batch [0-102]	Speed: 22114.01 samples/sec	cross-entropy=0.034450	month-accuracy=3.427184
2024-04-07 12:09:24,479 [INFO]  Epoch[4] Train-cross-entropy=0.036424
2024-04-07 12:09:24,479 [INFO]  Epoch[4] Train-month-accuracy=3.178218
2024-04-07 12:09:24,479 [INFO]  Epoch[4] Time cost=0.332
2024-04-07 12:09:24,481 [INFO]  Saved checkpoint to "./imputer_model/17_bank/imputer_model_month/model-0004.params"
2024-04-07 12:09:24,487 [INFO]  Epoch[4] Validation-cross-entropy=0.046672
2024-04-07 12:09:24,487 [INFO]  Epoch[4] Validation-month-accuracy=0.000000
2024-04-07 12:09:24,487 [INFO]  
========== done (2.1384270191192627 s) fit model
2024-04-07 12:09:43,336 [INFO]  
========== start: fit model
2024-04-07 12:09:43,336 [WARNING]  Already bound, ignoring bind()
2024-04-07 12:09:43,397 [INFO]  Epoch[0] Batch [0-102]	Speed: 27636.55 samples/sec	cross-entropy=2.613282	month-accuracy=0.000000
2024-04-07 12:09:43,455 [INFO]  Epoch[0] Train-cross-entropy=0.221247
2024-04-07 12:09:43,455 [INFO]  Epoch[0] Train-month-accuracy=0.000000
2024-04-07 12:09:43,455 [INFO]  Epoch[0] Time cost=0.118
2024-04-07 12:09:43,456 [INFO]  Saved checkpoint to "./imputer_model/17_bank/imputer_model_month/model-0000.params"
2024-04-07 12:09:43,462 [INFO]  Epoch[0] Validation-cross-entropy=0.277963
2024-04-07 12:09:43,463 [INFO]  Epoch[0] Validation-month-accuracy=0.000000
2024-04-07 12:09:43,540 [INFO]  Epoch[1] Batch [0-102]	Speed: 21311.10 samples/sec	cross-entropy=0.111484	month-accuracy=0.000000
2024-04-07 12:09:43,628 [INFO]  Epoch[1] Train-cross-entropy=0.078972
2024-04-07 12:09:43,628 [INFO]  Epoch[1] Train-month-accuracy=0.000000
2024-04-07 12:09:43,629 [INFO]  Epoch[1] Time cost=0.166
2024-04-07 12:09:43,631 [INFO]  Saved checkpoint to "./imputer_model/17_bank/imputer_model_month/model-0001.params"
2024-04-07 12:09:43,639 [INFO]  Epoch[1] Validation-cross-entropy=0.079598
2024-04-07 12:09:43,639 [INFO]  Epoch[1] Validation-month-accuracy=0.000000
2024-04-07 12:09:43,751 [INFO]  Epoch[2] Batch [0-102]	Speed: 14727.46 samples/sec	cross-entropy=0.065724	month-accuracy=0.000000
2024-04-07 12:09:43,813 [INFO]  Epoch[2] Train-cross-entropy=0.051296
2024-04-07 12:09:43,813 [INFO]  Epoch[2] Train-month-accuracy=0.000000
2024-04-07 12:09:43,813 [INFO]  Epoch[2] Time cost=0.175
2024-04-07 12:09:43,815 [INFO]  Saved checkpoint to "./imputer_model/17_bank/imputer_model_month/model-0002.params"
2024-04-07 12:09:43,829 [INFO]  Epoch[2] Validation-cross-entropy=0.052322
2024-04-07 12:09:43,829 [INFO]  Epoch[2] Validation-month-accuracy=0.000000
2024-04-07 12:09:43,903 [INFO]  Epoch[3] Batch [0-102]	Speed: 22411.81 samples/sec	cross-entropy=0.048510	month-accuracy=0.000000
2024-04-07 12:09:43,979 [INFO]  Epoch[3] Train-cross-entropy=0.040234
2024-04-07 12:09:43,979 [INFO]  Epoch[3] Train-month-accuracy=0.000000
2024-04-07 12:09:43,979 [INFO]  Epoch[3] Time cost=0.150
2024-04-07 12:09:43,981 [INFO]  Saved checkpoint to "./imputer_model/17_bank/imputer_model_month/model-0003.params"
2024-04-07 12:09:43,989 [INFO]  Epoch[3] Validation-cross-entropy=0.042664
2024-04-07 12:09:43,989 [INFO]  Epoch[3] Validation-month-accuracy=0.000000
2024-04-07 12:09:44,066 [INFO]  Epoch[4] Batch [0-102]	Speed: 21634.75 samples/sec	cross-entropy=0.039943	month-accuracy=0.000000
2024-04-07 12:09:44,168 [INFO]  Epoch[4] Train-cross-entropy=0.033869
2024-04-07 12:09:44,169 [INFO]  Epoch[4] Train-month-accuracy=0.000000
2024-04-07 12:09:44,169 [INFO]  Epoch[4] Time cost=0.179
2024-04-07 12:09:44,170 [INFO]  Saved checkpoint to "./imputer_model/17_bank/imputer_model_month/model-0004.params"
2024-04-07 12:09:44,178 [INFO]  Epoch[4] Validation-cross-entropy=0.036193
2024-04-07 12:09:44,178 [INFO]  Epoch[4] Validation-month-accuracy=0.000000
2024-04-07 12:09:44,178 [INFO]  
========== done (0.8422207832336426 s) fit model
2024-04-07 12:10:06,425 [INFO]  
========== start: fit model
2024-04-07 12:10:06,425 [WARNING]  Already bound, ignoring bind()
2024-04-07 12:10:06,515 [INFO]  Epoch[0] Batch [0-102]	Speed: 18920.73 samples/sec	cross-entropy=1.747557	month-accuracy=0.000000
2024-04-07 12:10:06,707 [INFO]  Epoch[0] Train-cross-entropy=0.157399
2024-04-07 12:10:06,708 [INFO]  Epoch[0] Train-month-accuracy=0.000000
2024-04-07 12:10:06,708 [INFO]  Epoch[0] Time cost=0.282
2024-04-07 12:10:06,709 [INFO]  Saved checkpoint to "./imputer_model/17_bank/imputer_model_month/model-0000.params"
2024-04-07 12:10:06,721 [INFO]  Epoch[0] Validation-cross-entropy=0.159222
2024-04-07 12:10:06,722 [INFO]  Epoch[0] Validation-month-accuracy=0.000000
2024-04-07 12:10:07,028 [INFO]  Epoch[1] Batch [0-102]	Speed: 6627.46 samples/sec	cross-entropy=0.097093	month-accuracy=0.000000
2024-04-07 12:10:07,151 [INFO]  Epoch[1] Train-cross-entropy=0.083908
2024-04-07 12:10:07,151 [INFO]  Epoch[1] Train-month-accuracy=0.000000
2024-04-07 12:10:07,152 [INFO]  Epoch[1] Time cost=0.430
2024-04-07 12:10:07,153 [INFO]  Saved checkpoint to "./imputer_model/17_bank/imputer_model_month/model-0001.params"
2024-04-07 12:10:07,164 [INFO]  Epoch[1] Validation-cross-entropy=0.086064
2024-04-07 12:10:07,164 [INFO]  Epoch[1] Validation-month-accuracy=0.000000
2024-04-07 12:10:07,479 [INFO]  Epoch[2] Batch [0-102]	Speed: 5214.57 samples/sec	cross-entropy=0.056355	month-accuracy=0.000000
2024-04-07 12:10:07,748 [INFO]  Epoch[2] Train-cross-entropy=0.053693
2024-04-07 12:10:07,748 [INFO]  Epoch[2] Train-month-accuracy=0.000000
2024-04-07 12:10:07,748 [INFO]  Epoch[2] Time cost=0.584
2024-04-07 12:10:07,750 [INFO]  Saved checkpoint to "./imputer_model/17_bank/imputer_model_month/model-0002.params"
2024-04-07 12:10:08,064 [INFO]  Epoch[2] Validation-cross-entropy=0.055664
2024-04-07 12:10:08,064 [INFO]  Epoch[2] Validation-month-accuracy=0.000000
2024-04-07 12:10:08,171 [INFO]  Epoch[3] Batch [0-102]	Speed: 15428.02 samples/sec	cross-entropy=0.041381	month-accuracy=0.000000
2024-04-07 12:10:08,438 [INFO]  Epoch[3] Train-cross-entropy=0.044105
2024-04-07 12:10:08,438 [INFO]  Epoch[3] Train-month-accuracy=0.000000
2024-04-07 12:10:08,438 [INFO]  Epoch[3] Time cost=0.374
2024-04-07 12:10:08,439 [INFO]  Saved checkpoint to "./imputer_model/17_bank/imputer_model_month/model-0003.params"
2024-04-07 12:10:08,445 [INFO]  Epoch[3] Validation-cross-entropy=0.040791
2024-04-07 12:10:08,445 [INFO]  Epoch[3] Validation-month-accuracy=0.000000
2024-04-07 12:10:08,587 [INFO]  Epoch[4] Batch [0-102]	Speed: 11514.61 samples/sec	cross-entropy=0.033332	month-accuracy=0.000000
2024-04-07 12:10:08,698 [INFO]  Epoch[4] Train-cross-entropy=0.044563
2024-04-07 12:10:08,698 [INFO]  Epoch[4] Train-month-accuracy=0.000000
2024-04-07 12:10:08,699 [INFO]  Epoch[4] Time cost=0.254
2024-04-07 12:10:08,700 [INFO]  Saved checkpoint to "./imputer_model/17_bank/imputer_model_month/model-0004.params"
2024-04-07 12:10:08,711 [INFO]  Epoch[4] Validation-cross-entropy=0.036524
2024-04-07 12:10:08,711 [INFO]  Epoch[4] Validation-month-accuracy=0.000000
2024-04-07 12:10:08,711 [INFO]  
========== done (2.286686420440674 s) fit model
2024-04-07 12:11:02,542 [INFO]  
========== start: fit model
2024-04-07 12:11:02,542 [WARNING]  Already bound, ignoring bind()
2024-04-07 12:11:03,070 [INFO]  Epoch[0] Batch [0-102]	Speed: 4241.14 samples/sec	cross-entropy=2.705295	month-accuracy=0.000000
2024-04-07 12:11:03,181 [INFO]  Epoch[0] Train-cross-entropy=0.145863
2024-04-07 12:11:03,181 [INFO]  Epoch[0] Train-month-accuracy=0.000000
2024-04-07 12:11:03,181 [INFO]  Epoch[0] Time cost=0.638
2024-04-07 12:11:03,183 [INFO]  Saved checkpoint to "./imputer_model/17_bank/imputer_model_month/model-0000.params"
2024-04-07 12:11:03,193 [INFO]  Epoch[0] Validation-cross-entropy=0.084038
2024-04-07 12:11:03,193 [INFO]  Epoch[0] Validation-month-accuracy=0.000000
2024-04-07 12:11:03,372 [INFO]  Epoch[1] Batch [0-102]	Speed: 9204.65 samples/sec	cross-entropy=0.080762	month-accuracy=0.000000
2024-04-07 12:11:03,822 [INFO]  Epoch[1] Train-cross-entropy=0.066289
2024-04-07 12:11:03,823 [INFO]  Epoch[1] Train-month-accuracy=0.000000
2024-04-07 12:11:03,823 [INFO]  Epoch[1] Time cost=0.630
2024-04-07 12:11:03,825 [INFO]  Saved checkpoint to "./imputer_model/17_bank/imputer_model_month/model-0001.params"
2024-04-07 12:11:03,835 [INFO]  Epoch[1] Validation-cross-entropy=0.072446
2024-04-07 12:11:03,835 [INFO]  Epoch[1] Validation-month-accuracy=0.000000
2024-04-07 12:11:04,378 [INFO]  Epoch[2] Batch [0-102]	Speed: 3015.87 samples/sec	cross-entropy=0.062010	month-accuracy=0.000000
2024-04-07 12:11:04,493 [INFO]  Epoch[2] Train-cross-entropy=0.056014
2024-04-07 12:11:04,493 [INFO]  Epoch[2] Train-month-accuracy=0.000000
2024-04-07 12:11:04,493 [INFO]  Epoch[2] Time cost=0.658
2024-04-07 12:11:04,495 [INFO]  Saved checkpoint to "./imputer_model/17_bank/imputer_model_month/model-0002.params"
2024-04-07 12:11:04,569 [INFO]  Epoch[2] Validation-cross-entropy=0.064397
2024-04-07 12:11:04,569 [INFO]  Epoch[2] Validation-month-accuracy=0.000000
2024-04-07 12:11:05,562 [INFO]  Epoch[3] Batch [0-102]	Speed: 1645.41 samples/sec	cross-entropy=0.054260	month-accuracy=0.000000
2024-04-07 12:11:05,674 [INFO]  Epoch[3] Train-cross-entropy=0.057674
2024-04-07 12:11:05,674 [INFO]  Epoch[3] Train-month-accuracy=0.000000
2024-04-07 12:11:05,674 [INFO]  Epoch[3] Time cost=1.106
2024-04-07 12:11:05,676 [INFO]  Saved checkpoint to "./imputer_model/17_bank/imputer_model_month/model-0003.params"
2024-04-07 12:11:05,687 [INFO]  Epoch[3] Validation-cross-entropy=0.052008
2024-04-07 12:11:05,687 [INFO]  Epoch[3] Validation-month-accuracy=0.000000
2024-04-07 12:11:05,965 [INFO]  Epoch[4] Batch [0-102]	Speed: 5912.60 samples/sec	cross-entropy=0.050123	month-accuracy=0.000000
2024-04-07 12:11:06,464 [INFO]  Epoch[4] Train-cross-entropy=0.043105
2024-04-07 12:11:06,464 [INFO]  Epoch[4] Train-month-accuracy=0.000000
2024-04-07 12:11:06,464 [INFO]  Epoch[4] Time cost=0.777
2024-04-07 12:11:06,466 [INFO]  Saved checkpoint to "./imputer_model/17_bank/imputer_model_month/model-0004.params"
2024-04-07 12:11:06,480 [INFO]  Epoch[4] Validation-cross-entropy=0.041335
2024-04-07 12:11:06,480 [INFO]  Epoch[4] Validation-month-accuracy=0.000000
2024-04-07 12:11:06,480 [INFO]  
========== done (3.938241481781006 s) fit model
2024-04-07 12:12:03,102 [INFO]  
========== start: fit model
2024-04-07 12:12:03,102 [WARNING]  Already bound, ignoring bind()
2024-04-07 12:12:03,379 [INFO]  Epoch[0] Batch [0-102]	Speed: 5997.83 samples/sec	cross-entropy=1.688157	month-accuracy=0.000000
2024-04-07 12:12:03,545 [INFO]  Epoch[0] Train-cross-entropy=0.153845
2024-04-07 12:12:03,546 [INFO]  Epoch[0] Train-month-accuracy=0.000000
2024-04-07 12:12:03,546 [INFO]  Epoch[0] Time cost=0.443
2024-04-07 12:12:03,548 [INFO]  Saved checkpoint to "./imputer_model/17_bank/imputer_model_month/model-0000.params"
2024-04-07 12:12:03,558 [INFO]  Epoch[0] Validation-cross-entropy=0.186771
2024-04-07 12:12:03,558 [INFO]  Epoch[0] Validation-month-accuracy=0.000000
2024-04-07 12:12:03,835 [INFO]  Epoch[1] Batch [0-102]	Speed: 5919.22 samples/sec	cross-entropy=0.071271	month-accuracy=0.000000
2024-04-07 12:12:04,078 [INFO]  Epoch[1] Train-cross-entropy=0.098069
2024-04-07 12:12:04,078 [INFO]  Epoch[1] Train-month-accuracy=0.000000
2024-04-07 12:12:04,078 [INFO]  Epoch[1] Time cost=0.520
2024-04-07 12:12:04,081 [INFO]  Saved checkpoint to "./imputer_model/17_bank/imputer_model_month/model-0001.params"
2024-04-07 12:12:04,088 [INFO]  Epoch[1] Validation-cross-entropy=0.227003
2024-04-07 12:12:04,088 [INFO]  Epoch[1] Validation-month-accuracy=0.000000
2024-04-07 12:12:04,227 [INFO]  Epoch[2] Batch [0-102]	Speed: 11831.77 samples/sec	cross-entropy=0.065859	month-accuracy=0.000000
2024-04-07 12:12:04,309 [INFO]  Epoch[2] Train-cross-entropy=0.070408
2024-04-07 12:12:04,309 [INFO]  Epoch[2] Train-month-accuracy=0.000000
2024-04-07 12:12:04,309 [INFO]  Epoch[2] Time cost=0.221
2024-04-07 12:12:04,311 [INFO]  Saved checkpoint to "./imputer_model/17_bank/imputer_model_month/model-0002.params"
2024-04-07 12:12:04,334 [INFO]  Epoch[2] Validation-cross-entropy=0.163501
2024-04-07 12:12:04,334 [INFO]  Epoch[2] Validation-month-accuracy=0.000000
2024-04-07 12:12:04,733 [INFO]  Epoch[3] Batch [0-102]	Speed: 5202.11 samples/sec	cross-entropy=0.045737	month-accuracy=0.000000
2024-04-07 12:12:05,107 [INFO]  Epoch[3] Train-cross-entropy=0.045477
2024-04-07 12:12:05,107 [INFO]  Epoch[3] Train-month-accuracy=0.000000
2024-04-07 12:12:05,108 [INFO]  Epoch[3] Time cost=0.773
2024-04-07 12:12:05,109 [INFO]  Saved checkpoint to "./imputer_model/17_bank/imputer_model_month/model-0003.params"
2024-04-07 12:12:05,118 [INFO]  Epoch[3] Validation-cross-entropy=0.114804
2024-04-07 12:12:05,119 [INFO]  Epoch[3] Validation-month-accuracy=0.000000
2024-04-07 12:12:05,236 [INFO]  Epoch[4] Batch [0-102]	Speed: 14087.82 samples/sec	cross-entropy=0.028041	month-accuracy=0.000000
2024-04-07 12:12:05,345 [INFO]  Epoch[4] Train-cross-entropy=0.033350
2024-04-07 12:12:05,345 [INFO]  Epoch[4] Train-month-accuracy=0.000000
2024-04-07 12:12:05,345 [INFO]  Epoch[4] Time cost=0.226
2024-04-07 12:12:05,347 [INFO]  Saved checkpoint to "./imputer_model/17_bank/imputer_model_month/model-0004.params"
2024-04-07 12:12:05,356 [INFO]  Epoch[4] Validation-cross-entropy=0.108698
2024-04-07 12:12:05,356 [INFO]  Epoch[4] Validation-month-accuracy=0.000000
2024-04-07 12:12:05,356 [INFO]  
========== done (2.254765272140503 s) fit model
2024-04-07 12:12:57,651 [INFO]  
========== start: fit model
2024-04-07 12:12:57,651 [WARNING]  Already bound, ignoring bind()
2024-04-07 12:12:58,593 [INFO]  Epoch[0] Batch [0-102]	Speed: 2356.48 samples/sec	cross-entropy=1.781143	month-accuracy=0.000000
2024-04-07 12:12:58,705 [INFO]  Epoch[0] Train-cross-entropy=0.152409
2024-04-07 12:12:58,705 [INFO]  Epoch[0] Train-month-accuracy=0.000000
2024-04-07 12:12:58,705 [INFO]  Epoch[0] Time cost=1.053
2024-04-07 12:12:58,709 [INFO]  Saved checkpoint to "./imputer_model/17_bank/imputer_model_month/model-0000.params"
2024-04-07 12:12:58,757 [INFO]  Epoch[0] Validation-cross-entropy=0.089511
2024-04-07 12:12:58,758 [INFO]  Epoch[0] Validation-month-accuracy=0.000000
2024-04-07 12:12:59,313 [INFO]  Epoch[1] Batch [0-102]	Speed: 2946.51 samples/sec	cross-entropy=0.121013	month-accuracy=0.000000
2024-04-07 12:12:59,553 [INFO]  Epoch[1] Train-cross-entropy=0.058141
2024-04-07 12:12:59,553 [INFO]  Epoch[1] Train-month-accuracy=0.000000
2024-04-07 12:12:59,553 [INFO]  Epoch[1] Time cost=0.795
2024-04-07 12:12:59,555 [INFO]  Saved checkpoint to "./imputer_model/17_bank/imputer_model_month/model-0001.params"
2024-04-07 12:12:59,560 [INFO]  Epoch[1] Validation-cross-entropy=0.067126
2024-04-07 12:12:59,560 [INFO]  Epoch[1] Validation-month-accuracy=0.000000
2024-04-07 12:12:59,902 [INFO]  Epoch[2] Batch [0-102]	Speed: 4784.49 samples/sec	cross-entropy=0.080377	month-accuracy=0.000000
2024-04-07 12:13:00,076 [INFO]  Epoch[2] Train-cross-entropy=0.039648
2024-04-07 12:13:00,077 [INFO]  Epoch[2] Train-month-accuracy=0.000000
2024-04-07 12:13:00,077 [INFO]  Epoch[2] Time cost=0.516
2024-04-07 12:13:00,080 [INFO]  Saved checkpoint to "./imputer_model/17_bank/imputer_model_month/model-0002.params"
2024-04-07 12:13:00,188 [INFO]  Epoch[2] Validation-cross-entropy=0.048271
2024-04-07 12:13:00,188 [INFO]  Epoch[2] Validation-month-accuracy=0.000000
2024-04-07 12:13:00,321 [INFO]  Epoch[3] Batch [0-102]	Speed: 12449.36 samples/sec	cross-entropy=0.052388	month-accuracy=0.000000
2024-04-07 12:13:01,876 [INFO]  Epoch[3] Train-cross-entropy=0.029700
2024-04-07 12:13:01,876 [INFO]  Epoch[3] Train-month-accuracy=0.000000
2024-04-07 12:13:01,876 [INFO]  Epoch[3] Time cost=1.688
2024-04-07 12:13:01,878 [INFO]  Saved checkpoint to "./imputer_model/17_bank/imputer_model_month/model-0003.params"
2024-04-07 12:13:01,958 [INFO]  Epoch[3] Validation-cross-entropy=0.036446
2024-04-07 12:13:01,958 [INFO]  Epoch[3] Validation-month-accuracy=0.000000
2024-04-07 12:13:02,348 [INFO]  Epoch[4] Batch [0-102]	Speed: 4440.27 samples/sec	cross-entropy=0.033780	month-accuracy=0.000000
2024-04-07 12:13:02,475 [INFO]  Epoch[4] Train-cross-entropy=0.023975
2024-04-07 12:13:02,475 [INFO]  Epoch[4] Train-month-accuracy=0.000000
2024-04-07 12:13:02,475 [INFO]  Epoch[4] Time cost=0.516
2024-04-07 12:13:02,477 [INFO]  Saved checkpoint to "./imputer_model/17_bank/imputer_model_month/model-0004.params"
2024-04-07 12:13:02,518 [INFO]  Epoch[4] Validation-cross-entropy=0.030758
2024-04-07 12:13:02,518 [INFO]  Epoch[4] Validation-month-accuracy=0.000000
2024-04-07 12:13:02,518 [INFO]  
========== done (4.8674843311309814 s) fit model
2024-04-07 12:14:04,758 [INFO]  
========== start: fit model
2024-04-07 12:14:04,758 [WARNING]  Already bound, ignoring bind()
2024-04-07 12:14:05,223 [INFO]  Epoch[0] Batch [0-102]	Speed: 5073.02 samples/sec	cross-entropy=1.874891	month-accuracy=3.524272
2024-04-07 12:14:05,341 [INFO]  Epoch[0] Train-cross-entropy=0.138957
2024-04-07 12:14:05,341 [INFO]  Epoch[0] Train-month-accuracy=3.257426
2024-04-07 12:14:05,341 [INFO]  Epoch[0] Time cost=0.582
2024-04-07 12:14:05,343 [INFO]  Saved checkpoint to "./imputer_model/17_bank/imputer_model_month/model-0000.params"
2024-04-07 12:14:05,348 [INFO]  Epoch[0] Validation-cross-entropy=0.115915
2024-04-07 12:14:05,349 [INFO]  Epoch[0] Validation-month-accuracy=0.000000
2024-04-07 12:14:05,424 [INFO]  Epoch[1] Batch [0-102]	Speed: 21808.79 samples/sec	cross-entropy=0.129705	month-accuracy=3.524272
2024-04-07 12:14:06,402 [INFO]  Epoch[1] Train-cross-entropy=0.069374
2024-04-07 12:14:06,402 [INFO]  Epoch[1] Train-month-accuracy=3.257426
2024-04-07 12:14:06,402 [INFO]  Epoch[1] Time cost=1.054
2024-04-07 12:14:06,404 [INFO]  Saved checkpoint to "./imputer_model/17_bank/imputer_model_month/model-0001.params"
2024-04-07 12:14:06,429 [INFO]  Epoch[1] Validation-cross-entropy=0.068437
2024-04-07 12:14:06,430 [INFO]  Epoch[1] Validation-month-accuracy=0.000000
2024-04-07 12:14:06,528 [INFO]  Epoch[2] Batch [0-102]	Speed: 16792.77 samples/sec	cross-entropy=0.072435	month-accuracy=3.524272
2024-04-07 12:14:06,605 [INFO]  Epoch[2] Train-cross-entropy=0.048410
2024-04-07 12:14:06,605 [INFO]  Epoch[2] Train-month-accuracy=3.257426
2024-04-07 12:14:06,605 [INFO]  Epoch[2] Time cost=0.175
2024-04-07 12:14:06,607 [INFO]  Saved checkpoint to "./imputer_model/17_bank/imputer_model_month/model-0002.params"
2024-04-07 12:14:06,819 [INFO]  Epoch[2] Validation-cross-entropy=0.048905
2024-04-07 12:14:06,819 [INFO]  Epoch[2] Validation-month-accuracy=0.000000
2024-04-07 12:14:07,770 [INFO]  Epoch[3] Batch [0-102]	Speed: 1817.08 samples/sec	cross-entropy=0.047554	month-accuracy=3.524272
2024-04-07 12:14:08,011 [INFO]  Epoch[3] Train-cross-entropy=0.038818
2024-04-07 12:14:08,011 [INFO]  Epoch[3] Train-month-accuracy=3.257426
2024-04-07 12:14:08,011 [INFO]  Epoch[3] Time cost=1.192
2024-04-07 12:14:08,013 [INFO]  Saved checkpoint to "./imputer_model/17_bank/imputer_model_month/model-0003.params"
2024-04-07 12:14:08,081 [INFO]  Epoch[3] Validation-cross-entropy=0.046951
2024-04-07 12:14:08,081 [INFO]  Epoch[3] Validation-month-accuracy=0.000000
2024-04-07 12:14:08,162 [INFO]  Epoch[4] Batch [0-102]	Speed: 20506.54 samples/sec	cross-entropy=0.034106	month-accuracy=3.524272
2024-04-07 12:14:08,621 [INFO]  Epoch[4] Train-cross-entropy=0.031671
2024-04-07 12:14:08,621 [INFO]  Epoch[4] Train-month-accuracy=3.257426
2024-04-07 12:14:08,621 [INFO]  Epoch[4] Time cost=0.540
2024-04-07 12:14:08,623 [INFO]  Saved checkpoint to "./imputer_model/17_bank/imputer_model_month/model-0004.params"
2024-04-07 12:14:08,632 [INFO]  Epoch[4] Validation-cross-entropy=0.039176
2024-04-07 12:14:08,632 [INFO]  Epoch[4] Validation-month-accuracy=0.000000
2024-04-07 12:14:08,632 [INFO]  
========== done (3.8738696575164795 s) fit model
2024-04-07 12:15:03,377 [INFO]  
========== start: fit model
2024-04-07 12:15:03,377 [WARNING]  Already bound, ignoring bind()
2024-04-07 12:15:03,504 [INFO]  Epoch[0] Batch [0-102]	Speed: 13102.88 samples/sec	cross-entropy=1.925851	month-accuracy=3.330097
2024-04-07 12:15:03,951 [INFO]  Epoch[0] Train-cross-entropy=0.140494
2024-04-07 12:15:03,951 [INFO]  Epoch[0] Train-month-accuracy=3.534653
2024-04-07 12:15:03,951 [INFO]  Epoch[0] Time cost=0.573
2024-04-07 12:15:03,953 [INFO]  Saved checkpoint to "./imputer_model/17_bank/imputer_model_month/model-0000.params"
2024-04-07 12:15:03,960 [INFO]  Epoch[0] Validation-cross-entropy=0.114695
2024-04-07 12:15:03,960 [INFO]  Epoch[0] Validation-month-accuracy=0.000000
2024-04-07 12:15:04,559 [INFO]  Epoch[1] Batch [0-102]	Speed: 2728.42 samples/sec	cross-entropy=0.091192	month-accuracy=3.330097
2024-04-07 12:15:04,868 [INFO]  Epoch[1] Train-cross-entropy=0.071653
2024-04-07 12:15:04,868 [INFO]  Epoch[1] Train-month-accuracy=3.534653
2024-04-07 12:15:04,868 [INFO]  Epoch[1] Time cost=0.909
2024-04-07 12:15:04,870 [INFO]  Saved checkpoint to "./imputer_model/17_bank/imputer_model_month/model-0001.params"
2024-04-07 12:15:04,895 [INFO]  Epoch[1] Validation-cross-entropy=0.063878
2024-04-07 12:15:04,895 [INFO]  Epoch[1] Validation-month-accuracy=0.000000
2024-04-07 12:15:05,531 [INFO]  Epoch[2] Batch [0-102]	Speed: 2572.62 samples/sec	cross-entropy=0.060363	month-accuracy=3.330097
2024-04-07 12:15:05,641 [INFO]  Epoch[2] Train-cross-entropy=0.049037
2024-04-07 12:15:05,641 [INFO]  Epoch[2] Train-month-accuracy=3.534653
2024-04-07 12:15:05,641 [INFO]  Epoch[2] Time cost=0.746
2024-04-07 12:15:05,643 [INFO]  Saved checkpoint to "./imputer_model/17_bank/imputer_model_month/model-0002.params"
2024-04-07 12:15:05,653 [INFO]  Epoch[2] Validation-cross-entropy=0.061097
2024-04-07 12:15:05,653 [INFO]  Epoch[2] Validation-month-accuracy=0.000000
2024-04-07 12:15:05,771 [INFO]  Epoch[3] Batch [0-102]	Speed: 14024.18 samples/sec	cross-entropy=0.047185	month-accuracy=3.330097
2024-04-07 12:15:05,935 [INFO]  Epoch[3] Train-cross-entropy=0.035413
2024-04-07 12:15:05,935 [INFO]  Epoch[3] Train-month-accuracy=3.534653
2024-04-07 12:15:05,935 [INFO]  Epoch[3] Time cost=0.282
2024-04-07 12:15:05,937 [INFO]  Saved checkpoint to "./imputer_model/17_bank/imputer_model_month/model-0003.params"
2024-04-07 12:15:05,948 [INFO]  Epoch[3] Validation-cross-entropy=0.068178
2024-04-07 12:15:05,948 [INFO]  Epoch[3] Validation-month-accuracy=0.000000
2024-04-07 12:15:06,067 [INFO]  Epoch[4] Batch [0-102]	Speed: 13920.85 samples/sec	cross-entropy=0.040573	month-accuracy=3.330097
2024-04-07 12:15:06,609 [INFO]  Epoch[4] Train-cross-entropy=0.047328
2024-04-07 12:15:06,609 [INFO]  Epoch[4] Train-month-accuracy=3.534653
2024-04-07 12:15:06,609 [INFO]  Epoch[4] Time cost=0.661
2024-04-07 12:15:06,611 [INFO]  Saved checkpoint to "./imputer_model/17_bank/imputer_model_month/model-0004.params"
2024-04-07 12:15:06,622 [INFO]  Epoch[4] Validation-cross-entropy=0.138628
2024-04-07 12:15:06,622 [INFO]  Epoch[4] Validation-month-accuracy=0.000000
2024-04-07 12:15:06,622 [INFO]  
========== done (3.2449231147766113 s) fit model
2024-04-07 12:16:03,203 [INFO]  
========== start: fit model
2024-04-07 12:16:03,204 [WARNING]  Already bound, ignoring bind()
2024-04-07 12:16:03,831 [INFO]  Epoch[0] Batch [0-102]	Speed: 2986.25 samples/sec	cross-entropy=2.014597	month-accuracy=3.368932
2024-04-07 12:16:03,958 [INFO]  Epoch[0] Train-cross-entropy=0.137133
2024-04-07 12:16:03,958 [INFO]  Epoch[0] Train-month-accuracy=3.306931
2024-04-07 12:16:03,958 [INFO]  Epoch[0] Time cost=0.754
2024-04-07 12:16:03,961 [INFO]  Saved checkpoint to "./imputer_model/17_bank/imputer_model_month/model-0000.params"
2024-04-07 12:16:03,972 [INFO]  Epoch[0] Validation-cross-entropy=0.090894
2024-04-07 12:16:03,972 [INFO]  Epoch[0] Validation-month-accuracy=0.000000
2024-04-07 12:16:04,215 [INFO]  Epoch[1] Batch [0-102]	Speed: 6765.98 samples/sec	cross-entropy=0.091912	month-accuracy=3.368932
2024-04-07 12:16:04,569 [INFO]  Epoch[1] Train-cross-entropy=0.071681
2024-04-07 12:16:04,569 [INFO]  Epoch[1] Train-month-accuracy=3.306931
2024-04-07 12:16:04,569 [INFO]  Epoch[1] Time cost=0.597
2024-04-07 12:16:04,572 [INFO]  Saved checkpoint to "./imputer_model/17_bank/imputer_model_month/model-0001.params"
2024-04-07 12:16:04,585 [INFO]  Epoch[1] Validation-cross-entropy=0.092666
2024-04-07 12:16:04,585 [INFO]  Epoch[1] Validation-month-accuracy=0.000000
2024-04-07 12:16:04,731 [INFO]  Epoch[2] Batch [0-102]	Speed: 11375.29 samples/sec	cross-entropy=0.073261	month-accuracy=3.368932
2024-04-07 12:16:04,905 [INFO]  Epoch[2] Train-cross-entropy=0.055321
2024-04-07 12:16:04,906 [INFO]  Epoch[2] Train-month-accuracy=3.306931
2024-04-07 12:16:04,906 [INFO]  Epoch[2] Time cost=0.320
2024-04-07 12:16:04,907 [INFO]  Saved checkpoint to "./imputer_model/17_bank/imputer_model_month/model-0002.params"
2024-04-07 12:16:05,030 [INFO]  Epoch[2] Validation-cross-entropy=0.100786
2024-04-07 12:16:05,030 [INFO]  Epoch[2] Validation-month-accuracy=0.000000
2024-04-07 12:16:05,160 [INFO]  Epoch[3] Batch [0-102]	Speed: 12675.65 samples/sec	cross-entropy=0.058647	month-accuracy=3.368932
2024-04-07 12:16:05,289 [INFO]  Epoch[3] Train-cross-entropy=0.042218
2024-04-07 12:16:05,289 [INFO]  Epoch[3] Train-month-accuracy=3.306931
2024-04-07 12:16:05,289 [INFO]  Epoch[3] Time cost=0.259
2024-04-07 12:16:05,291 [INFO]  Saved checkpoint to "./imputer_model/17_bank/imputer_model_month/model-0003.params"
2024-04-07 12:16:05,304 [INFO]  Epoch[3] Validation-cross-entropy=0.074302
2024-04-07 12:16:05,305 [INFO]  Epoch[3] Validation-month-accuracy=0.000000
2024-04-07 12:16:05,737 [INFO]  Epoch[4] Batch [0-102]	Speed: 3783.75 samples/sec	cross-entropy=0.046943	month-accuracy=3.368932
2024-04-07 12:16:05,888 [INFO]  Epoch[4] Train-cross-entropy=0.032025
2024-04-07 12:16:05,888 [INFO]  Epoch[4] Train-month-accuracy=3.306931
2024-04-07 12:16:05,888 [INFO]  Epoch[4] Time cost=0.584
2024-04-07 12:16:05,891 [INFO]  Saved checkpoint to "./imputer_model/17_bank/imputer_model_month/model-0004.params"
2024-04-07 12:16:05,903 [INFO]  Epoch[4] Validation-cross-entropy=0.061632
2024-04-07 12:16:05,903 [INFO]  Epoch[4] Validation-month-accuracy=0.000000
2024-04-07 12:16:05,903 [INFO]  
========== done (2.6996266841888428 s) fit model
2024-04-07 12:17:00,911 [INFO]  
========== start: fit model
2024-04-07 12:17:00,914 [WARNING]  Already bound, ignoring bind()
2024-04-07 12:17:01,112 [INFO]  Epoch[0] Batch [0-102]	Speed: 9704.55 samples/sec	cross-entropy=3.002523	month-accuracy=0.000000
2024-04-07 12:17:01,555 [INFO]  Epoch[0] Train-cross-entropy=0.111526
2024-04-07 12:17:01,555 [INFO]  Epoch[0] Train-month-accuracy=0.000000
2024-04-07 12:17:01,555 [INFO]  Epoch[0] Time cost=0.640
2024-04-07 12:17:01,557 [INFO]  Saved checkpoint to "./imputer_model/17_bank/imputer_model_month/model-0000.params"
2024-04-07 12:17:01,594 [INFO]  Epoch[0] Validation-cross-entropy=0.119680
2024-04-07 12:17:01,594 [INFO]  Epoch[0] Validation-month-accuracy=0.000000
2024-04-07 12:17:01,717 [INFO]  Epoch[1] Batch [0-102]	Speed: 13433.92 samples/sec	cross-entropy=0.087806	month-accuracy=0.000000
2024-04-07 12:17:01,901 [INFO]  Epoch[1] Train-cross-entropy=0.059641
2024-04-07 12:17:01,901 [INFO]  Epoch[1] Train-month-accuracy=0.000000
2024-04-07 12:17:01,901 [INFO]  Epoch[1] Time cost=0.308
2024-04-07 12:17:01,903 [INFO]  Saved checkpoint to "./imputer_model/17_bank/imputer_model_month/model-0001.params"
2024-04-07 12:17:01,928 [INFO]  Epoch[1] Validation-cross-entropy=0.106971
2024-04-07 12:17:01,929 [INFO]  Epoch[1] Validation-month-accuracy=0.000000
2024-04-07 12:17:02,278 [INFO]  Epoch[2] Batch [0-102]	Speed: 4675.11 samples/sec	cross-entropy=0.065742	month-accuracy=0.000000
2024-04-07 12:17:02,419 [INFO]  Epoch[2] Train-cross-entropy=0.046094
2024-04-07 12:17:02,419 [INFO]  Epoch[2] Train-month-accuracy=0.000000
2024-04-07 12:17:02,419 [INFO]  Epoch[2] Time cost=0.491
2024-04-07 12:17:02,421 [INFO]  Saved checkpoint to "./imputer_model/17_bank/imputer_model_month/model-0002.params"
2024-04-07 12:17:02,430 [INFO]  Epoch[2] Validation-cross-entropy=0.099133
2024-04-07 12:17:02,430 [INFO]  Epoch[2] Validation-month-accuracy=0.000000
2024-04-07 12:17:02,531 [INFO]  Epoch[3] Batch [0-102]	Speed: 16458.81 samples/sec	cross-entropy=0.051806	month-accuracy=0.000000
2024-04-07 12:17:02,921 [INFO]  Epoch[3] Train-cross-entropy=0.034386
2024-04-07 12:17:02,922 [INFO]  Epoch[3] Train-month-accuracy=0.000000
2024-04-07 12:17:02,922 [INFO]  Epoch[3] Time cost=0.491
2024-04-07 12:17:02,923 [INFO]  Saved checkpoint to "./imputer_model/17_bank/imputer_model_month/model-0003.params"
2024-04-07 12:17:03,195 [INFO]  Epoch[3] Validation-cross-entropy=0.080212
2024-04-07 12:17:03,196 [INFO]  Epoch[3] Validation-month-accuracy=0.000000
2024-04-07 12:17:04,019 [INFO]  Epoch[4] Batch [0-102]	Speed: 1984.11 samples/sec	cross-entropy=0.041810	month-accuracy=0.000000
2024-04-07 12:17:04,134 [INFO]  Epoch[4] Train-cross-entropy=0.027307
2024-04-07 12:17:04,134 [INFO]  Epoch[4] Train-month-accuracy=0.000000
2024-04-07 12:17:04,134 [INFO]  Epoch[4] Time cost=0.938
2024-04-07 12:17:04,136 [INFO]  Saved checkpoint to "./imputer_model/17_bank/imputer_model_month/model-0004.params"
2024-04-07 12:17:04,146 [INFO]  Epoch[4] Validation-cross-entropy=0.062484
2024-04-07 12:17:04,147 [INFO]  Epoch[4] Validation-month-accuracy=0.000000
2024-04-07 12:17:04,147 [INFO]  
========== done (3.2360620498657227 s) fit model
2024-04-07 12:17:59,552 [INFO]  
========== start: fit model
2024-04-07 12:17:59,552 [WARNING]  Already bound, ignoring bind()
2024-04-07 12:18:00,363 [INFO]  Epoch[0] Batch [0-102]	Speed: 2019.99 samples/sec	cross-entropy=1.671874	month-accuracy=0.000000
2024-04-07 12:18:00,473 [INFO]  Epoch[0] Train-cross-entropy=0.152883
2024-04-07 12:18:00,473 [INFO]  Epoch[0] Train-month-accuracy=0.000000
2024-04-07 12:18:00,473 [INFO]  Epoch[0] Time cost=0.920
2024-04-07 12:18:00,475 [INFO]  Saved checkpoint to "./imputer_model/17_bank/imputer_model_month/model-0000.params"
2024-04-07 12:18:00,485 [INFO]  Epoch[0] Validation-cross-entropy=0.240835
2024-04-07 12:18:00,485 [INFO]  Epoch[0] Validation-month-accuracy=0.000000
2024-04-07 12:18:00,605 [INFO]  Epoch[1] Batch [0-102]	Speed: 13746.46 samples/sec	cross-entropy=0.107606	month-accuracy=0.000000
2024-04-07 12:18:01,245 [INFO]  Epoch[1] Train-cross-entropy=0.070856
2024-04-07 12:18:01,245 [INFO]  Epoch[1] Train-month-accuracy=0.000000
2024-04-07 12:18:01,246 [INFO]  Epoch[1] Time cost=0.761
2024-04-07 12:18:01,247 [INFO]  Saved checkpoint to "./imputer_model/17_bank/imputer_model_month/model-0001.params"
2024-04-07 12:18:01,257 [INFO]  Epoch[1] Validation-cross-entropy=0.063055
2024-04-07 12:18:01,257 [INFO]  Epoch[1] Validation-month-accuracy=0.000000
2024-04-07 12:18:01,568 [INFO]  Epoch[2] Batch [0-102]	Speed: 5279.61 samples/sec	cross-entropy=0.058408	month-accuracy=0.000000
2024-04-07 12:18:01,682 [INFO]  Epoch[2] Train-cross-entropy=0.051801
2024-04-07 12:18:01,682 [INFO]  Epoch[2] Train-month-accuracy=0.000000
2024-04-07 12:18:01,682 [INFO]  Epoch[2] Time cost=0.424
2024-04-07 12:18:01,684 [INFO]  Saved checkpoint to "./imputer_model/17_bank/imputer_model_month/model-0002.params"
2024-04-07 12:18:01,695 [INFO]  Epoch[2] Validation-cross-entropy=0.053141
2024-04-07 12:18:01,695 [INFO]  Epoch[2] Validation-month-accuracy=0.000000
2024-04-07 12:18:02,051 [INFO]  Epoch[3] Batch [0-102]	Speed: 4629.57 samples/sec	cross-entropy=0.042313	month-accuracy=0.000000
2024-04-07 12:18:02,263 [INFO]  Epoch[3] Train-cross-entropy=0.040139
2024-04-07 12:18:02,264 [INFO]  Epoch[3] Train-month-accuracy=0.000000
2024-04-07 12:18:02,264 [INFO]  Epoch[3] Time cost=0.569
2024-04-07 12:18:02,265 [INFO]  Saved checkpoint to "./imputer_model/17_bank/imputer_model_month/model-0003.params"
2024-04-07 12:18:02,314 [INFO]  Epoch[3] Validation-cross-entropy=0.047427
2024-04-07 12:18:02,314 [INFO]  Epoch[3] Validation-month-accuracy=0.000000
2024-04-07 12:18:02,416 [INFO]  Epoch[4] Batch [0-102]	Speed: 16169.02 samples/sec	cross-entropy=0.032908	month-accuracy=0.000000
2024-04-07 12:18:02,570 [INFO]  Epoch[4] Train-cross-entropy=0.033913
2024-04-07 12:18:02,570 [INFO]  Epoch[4] Train-month-accuracy=0.000000
2024-04-07 12:18:02,570 [INFO]  Epoch[4] Time cost=0.256
2024-04-07 12:18:02,572 [INFO]  Saved checkpoint to "./imputer_model/17_bank/imputer_model_month/model-0004.params"
2024-04-07 12:18:02,700 [INFO]  Epoch[4] Validation-cross-entropy=0.061807
2024-04-07 12:18:02,700 [INFO]  Epoch[4] Validation-month-accuracy=0.000000
2024-04-07 12:18:02,701 [INFO]  
========== done (3.148569345474243 s) fit model
2024-04-07 12:18:59,273 [INFO]  
========== start: fit model
2024-04-07 12:18:59,274 [WARNING]  Already bound, ignoring bind()
2024-04-07 12:18:59,478 [INFO]  Epoch[0] Batch [0-102]	Speed: 8870.83 samples/sec	cross-entropy=2.102758	month-accuracy=0.000000
2024-04-07 12:18:59,584 [INFO]  Epoch[0] Train-cross-entropy=0.187139
2024-04-07 12:18:59,584 [INFO]  Epoch[0] Train-month-accuracy=0.000000
2024-04-07 12:18:59,584 [INFO]  Epoch[0] Time cost=0.309
2024-04-07 12:18:59,586 [INFO]  Saved checkpoint to "./imputer_model/17_bank/imputer_model_month/model-0000.params"
2024-04-07 12:18:59,591 [INFO]  Epoch[0] Validation-cross-entropy=0.113603
2024-04-07 12:18:59,591 [INFO]  Epoch[0] Validation-month-accuracy=0.000000
2024-04-07 12:19:00,014 [INFO]  Epoch[1] Batch [0-102]	Speed: 3871.55 samples/sec	cross-entropy=0.093666	month-accuracy=0.000000
2024-04-07 12:19:01,144 [INFO]  Epoch[1] Train-cross-entropy=0.101392
2024-04-07 12:19:01,144 [INFO]  Epoch[1] Train-month-accuracy=0.000000
2024-04-07 12:19:01,144 [INFO]  Epoch[1] Time cost=1.553
2024-04-07 12:19:01,146 [INFO]  Saved checkpoint to "./imputer_model/17_bank/imputer_model_month/model-0001.params"
2024-04-07 12:19:01,158 [INFO]  Epoch[1] Validation-cross-entropy=0.072307
2024-04-07 12:19:01,158 [INFO]  Epoch[1] Validation-month-accuracy=0.000000
2024-04-07 12:19:01,919 [INFO]  Epoch[2] Batch [0-102]	Speed: 2159.26 samples/sec	cross-entropy=0.062889	month-accuracy=0.000000
2024-04-07 12:19:02,056 [INFO]  Epoch[2] Train-cross-entropy=0.064644
2024-04-07 12:19:02,056 [INFO]  Epoch[2] Train-month-accuracy=0.000000
2024-04-07 12:19:02,056 [INFO]  Epoch[2] Time cost=0.898
2024-04-07 12:19:02,057 [INFO]  Saved checkpoint to "./imputer_model/17_bank/imputer_model_month/model-0002.params"
2024-04-07 12:19:02,063 [INFO]  Epoch[2] Validation-cross-entropy=0.072785
2024-04-07 12:19:02,063 [INFO]  Epoch[2] Validation-month-accuracy=0.000000
2024-04-07 12:19:02,241 [INFO]  Epoch[3] Batch [0-102]	Speed: 9256.27 samples/sec	cross-entropy=0.044800	month-accuracy=0.000000
2024-04-07 12:19:02,500 [INFO]  Epoch[3] Train-cross-entropy=0.054044
2024-04-07 12:19:02,500 [INFO]  Epoch[3] Train-month-accuracy=0.000000
2024-04-07 12:19:02,500 [INFO]  Epoch[3] Time cost=0.437
2024-04-07 12:19:02,502 [INFO]  Saved checkpoint to "./imputer_model/17_bank/imputer_model_month/model-0003.params"
2024-04-07 12:19:02,509 [INFO]  Epoch[3] Validation-cross-entropy=0.084367
2024-04-07 12:19:02,509 [INFO]  Epoch[3] Validation-month-accuracy=0.000000
2024-04-07 12:19:02,714 [INFO]  Epoch[4] Batch [0-102]	Speed: 8032.74 samples/sec	cross-entropy=0.035676	month-accuracy=0.000000
2024-04-07 12:19:02,851 [INFO]  Epoch[4] Train-cross-entropy=0.040702
2024-04-07 12:19:02,851 [INFO]  Epoch[4] Train-month-accuracy=0.000000
2024-04-07 12:19:02,851 [INFO]  Epoch[4] Time cost=0.342
2024-04-07 12:19:02,853 [INFO]  Saved checkpoint to "./imputer_model/17_bank/imputer_model_month/model-0004.params"
2024-04-07 12:19:02,864 [INFO]  Epoch[4] Validation-cross-entropy=0.061803
2024-04-07 12:19:02,864 [INFO]  Epoch[4] Validation-month-accuracy=0.000000
2024-04-07 12:19:02,864 [INFO]  
========== done (3.5905020236968994 s) fit model
2024-04-07 12:20:03,339 [INFO]  
========== start: fit model
2024-04-07 12:20:03,339 [WARNING]  Already bound, ignoring bind()
2024-04-07 12:20:03,580 [INFO]  Epoch[0] Batch [0-102]	Speed: 17040.21 samples/sec	cross-entropy=1.556709	month-accuracy=3.135922
2024-04-07 12:20:03,691 [INFO]  Epoch[0] Train-cross-entropy=0.203592
2024-04-07 12:20:03,691 [INFO]  Epoch[0] Train-month-accuracy=3.782178
2024-04-07 12:20:03,691 [INFO]  Epoch[0] Time cost=0.351
2024-04-07 12:20:03,693 [INFO]  Saved checkpoint to "./imputer_model/17_bank/imputer_model_month/model-0000.params"
2024-04-07 12:20:03,702 [INFO]  Epoch[0] Validation-cross-entropy=0.146944
2024-04-07 12:20:03,702 [INFO]  Epoch[0] Validation-month-accuracy=0.000000
2024-04-07 12:20:03,888 [INFO]  Epoch[1] Batch [0-102]	Speed: 8841.66 samples/sec	cross-entropy=0.129101	month-accuracy=3.135922
2024-04-07 12:20:04,074 [INFO]  Epoch[1] Train-cross-entropy=0.088842
2024-04-07 12:20:04,074 [INFO]  Epoch[1] Train-month-accuracy=3.782178
2024-04-07 12:20:04,074 [INFO]  Epoch[1] Time cost=0.372
2024-04-07 12:20:04,077 [INFO]  Saved checkpoint to "./imputer_model/17_bank/imputer_model_month/model-0001.params"
2024-04-07 12:20:04,093 [INFO]  Epoch[1] Validation-cross-entropy=0.104557
2024-04-07 12:20:04,093 [INFO]  Epoch[1] Validation-month-accuracy=0.000000
2024-04-07 12:20:04,521 [INFO]  Epoch[2] Batch [0-102]	Speed: 3824.41 samples/sec	cross-entropy=0.068595	month-accuracy=3.135922
2024-04-07 12:20:04,657 [INFO]  Epoch[2] Train-cross-entropy=0.055584
2024-04-07 12:20:04,657 [INFO]  Epoch[2] Train-month-accuracy=3.782178
2024-04-07 12:20:04,657 [INFO]  Epoch[2] Time cost=0.564
2024-04-07 12:20:04,659 [INFO]  Saved checkpoint to "./imputer_model/17_bank/imputer_model_month/model-0002.params"
2024-04-07 12:20:05,170 [INFO]  Epoch[2] Validation-cross-entropy=0.057214
2024-04-07 12:20:05,170 [INFO]  Epoch[2] Validation-month-accuracy=0.000000
2024-04-07 12:20:05,495 [INFO]  Epoch[3] Batch [0-102]	Speed: 5040.70 samples/sec	cross-entropy=0.051618	month-accuracy=3.135922
2024-04-07 12:20:05,867 [INFO]  Epoch[3] Train-cross-entropy=0.047408
2024-04-07 12:20:05,867 [INFO]  Epoch[3] Train-month-accuracy=3.782178
2024-04-07 12:20:05,867 [INFO]  Epoch[3] Time cost=0.697
2024-04-07 12:20:05,871 [INFO]  Saved checkpoint to "./imputer_model/17_bank/imputer_model_month/model-0003.params"
2024-04-07 12:20:05,972 [INFO]  Epoch[3] Validation-cross-entropy=0.041209
2024-04-07 12:20:05,972 [INFO]  Epoch[3] Validation-month-accuracy=0.000000
2024-04-07 12:20:06,113 [INFO]  Epoch[4] Batch [0-102]	Speed: 11718.70 samples/sec	cross-entropy=0.044828	month-accuracy=3.135922
2024-04-07 12:20:06,787 [INFO]  Epoch[4] Train-cross-entropy=0.042694
2024-04-07 12:20:06,787 [INFO]  Epoch[4] Train-month-accuracy=3.782178
2024-04-07 12:20:06,787 [INFO]  Epoch[4] Time cost=0.814
2024-04-07 12:20:06,788 [INFO]  Saved checkpoint to "./imputer_model/17_bank/imputer_model_month/model-0004.params"
2024-04-07 12:20:06,795 [INFO]  Epoch[4] Validation-cross-entropy=0.036724
2024-04-07 12:20:06,795 [INFO]  Epoch[4] Validation-month-accuracy=0.000000
2024-04-07 12:20:06,795 [INFO]  
========== done (3.4564454555511475 s) fit model
2024-04-07 12:21:04,331 [INFO]  
========== start: fit model
2024-04-07 12:21:04,336 [WARNING]  Already bound, ignoring bind()
2024-04-07 12:21:04,816 [INFO]  Epoch[0] Batch [0-102]	Speed: 3423.06 samples/sec	cross-entropy=2.318530	month-accuracy=3.106796
2024-04-07 12:21:05,148 [INFO]  Epoch[0] Train-cross-entropy=0.165755
2024-04-07 12:21:05,148 [INFO]  Epoch[0] Train-month-accuracy=3.762376
2024-04-07 12:21:05,148 [INFO]  Epoch[0] Time cost=0.811
2024-04-07 12:21:05,150 [INFO]  Saved checkpoint to "./imputer_model/17_bank/imputer_model_month/model-0000.params"
2024-04-07 12:21:05,175 [INFO]  Epoch[0] Validation-cross-entropy=0.094293
2024-04-07 12:21:05,175 [INFO]  Epoch[0] Validation-month-accuracy=0.000000
2024-04-07 12:21:06,413 [INFO]  Epoch[1] Batch [0-102]	Speed: 1320.14 samples/sec	cross-entropy=0.088889	month-accuracy=3.106796
2024-04-07 12:21:06,526 [INFO]  Epoch[1] Train-cross-entropy=0.065604
2024-04-07 12:21:06,527 [INFO]  Epoch[1] Train-month-accuracy=3.762376
2024-04-07 12:21:06,527 [INFO]  Epoch[1] Time cost=1.352
2024-04-07 12:21:06,529 [INFO]  Saved checkpoint to "./imputer_model/17_bank/imputer_model_month/model-0001.params"
2024-04-07 12:21:06,539 [INFO]  Epoch[1] Validation-cross-entropy=0.058533
2024-04-07 12:21:06,540 [INFO]  Epoch[1] Validation-month-accuracy=0.000000
2024-04-07 12:21:06,950 [INFO]  Epoch[2] Batch [0-102]	Speed: 3989.57 samples/sec	cross-entropy=0.063275	month-accuracy=3.106796
2024-04-07 12:21:07,215 [INFO]  Epoch[2] Train-cross-entropy=0.044552
2024-04-07 12:21:07,215 [INFO]  Epoch[2] Train-month-accuracy=3.762376
2024-04-07 12:21:07,215 [INFO]  Epoch[2] Time cost=0.676
2024-04-07 12:21:07,217 [INFO]  Saved checkpoint to "./imputer_model/17_bank/imputer_model_month/model-0002.params"
2024-04-07 12:21:07,225 [INFO]  Epoch[2] Validation-cross-entropy=0.043158
2024-04-07 12:21:07,225 [INFO]  Epoch[2] Validation-month-accuracy=0.000000
2024-04-07 12:21:07,700 [INFO]  Epoch[3] Batch [0-102]	Speed: 3440.27 samples/sec	cross-entropy=0.055012	month-accuracy=3.106796
2024-04-07 12:21:08,201 [INFO]  Epoch[3] Train-cross-entropy=0.041177
2024-04-07 12:21:08,201 [INFO]  Epoch[3] Train-month-accuracy=3.762376
2024-04-07 12:21:08,201 [INFO]  Epoch[3] Time cost=0.976
2024-04-07 12:21:08,203 [INFO]  Saved checkpoint to "./imputer_model/17_bank/imputer_model_month/model-0003.params"
2024-04-07 12:21:08,212 [INFO]  Epoch[3] Validation-cross-entropy=0.034904
2024-04-07 12:21:08,212 [INFO]  Epoch[3] Validation-month-accuracy=0.000000
2024-04-07 12:21:08,329 [INFO]  Epoch[4] Batch [0-102]	Speed: 14186.83 samples/sec	cross-entropy=0.054683	month-accuracy=3.106796
2024-04-07 12:21:08,837 [INFO]  Epoch[4] Train-cross-entropy=0.035583
2024-04-07 12:21:08,837 [INFO]  Epoch[4] Train-month-accuracy=3.762376
2024-04-07 12:21:08,837 [INFO]  Epoch[4] Time cost=0.625
2024-04-07 12:21:08,840 [INFO]  Saved checkpoint to "./imputer_model/17_bank/imputer_model_month/model-0004.params"
2024-04-07 12:21:08,857 [INFO]  Epoch[4] Validation-cross-entropy=0.031589
2024-04-07 12:21:08,857 [INFO]  Epoch[4] Validation-month-accuracy=0.000000
2024-04-07 12:21:08,857 [INFO]  
========== done (4.525509357452393 s) fit model
2024-04-07 12:22:02,586 [INFO]  
========== start: fit model
2024-04-07 12:22:02,587 [WARNING]  Already bound, ignoring bind()
2024-04-07 12:22:03,017 [INFO]  Epoch[0] Batch [0-102]	Speed: 3848.48 samples/sec	cross-entropy=2.038811	month-accuracy=0.000000
2024-04-07 12:22:03,130 [INFO]  Epoch[0] Train-cross-entropy=0.124699
2024-04-07 12:22:03,131 [INFO]  Epoch[0] Train-month-accuracy=0.000000
2024-04-07 12:22:03,131 [INFO]  Epoch[0] Time cost=0.543
2024-04-07 12:22:03,133 [INFO]  Saved checkpoint to "./imputer_model/17_bank/imputer_model_month/model-0000.params"
2024-04-07 12:22:03,142 [INFO]  Epoch[0] Validation-cross-entropy=0.125957
2024-04-07 12:22:03,143 [INFO]  Epoch[0] Validation-month-accuracy=0.000000
2024-04-07 12:22:03,951 [INFO]  Epoch[1] Batch [0-102]	Speed: 2022.12 samples/sec	cross-entropy=0.078217	month-accuracy=0.000000
2024-04-07 12:22:04,246 [INFO]  Epoch[1] Train-cross-entropy=0.083282
2024-04-07 12:22:04,246 [INFO]  Epoch[1] Train-month-accuracy=0.000000
2024-04-07 12:22:04,246 [INFO]  Epoch[1] Time cost=1.103
2024-04-07 12:22:04,248 [INFO]  Saved checkpoint to "./imputer_model/17_bank/imputer_model_month/model-0001.params"
2024-04-07 12:22:04,309 [INFO]  Epoch[1] Validation-cross-entropy=0.082087
2024-04-07 12:22:04,309 [INFO]  Epoch[1] Validation-month-accuracy=0.000000
2024-04-07 12:22:04,498 [INFO]  Epoch[2] Batch [0-102]	Speed: 8706.41 samples/sec	cross-entropy=0.058877	month-accuracy=0.000000
2024-04-07 12:22:04,754 [INFO]  Epoch[2] Train-cross-entropy=0.063675
2024-04-07 12:22:04,754 [INFO]  Epoch[2] Train-month-accuracy=0.000000
2024-04-07 12:22:04,754 [INFO]  Epoch[2] Time cost=0.444
2024-04-07 12:22:04,756 [INFO]  Saved checkpoint to "./imputer_model/17_bank/imputer_model_month/model-0002.params"
2024-04-07 12:22:04,766 [INFO]  Epoch[2] Validation-cross-entropy=0.061650
2024-04-07 12:22:04,766 [INFO]  Epoch[2] Validation-month-accuracy=0.000000
2024-04-07 12:22:05,674 [INFO]  Epoch[3] Batch [0-102]	Speed: 1802.88 samples/sec	cross-entropy=0.042187	month-accuracy=0.000000
2024-04-07 12:22:06,003 [INFO]  Epoch[3] Train-cross-entropy=0.053603
2024-04-07 12:22:06,003 [INFO]  Epoch[3] Train-month-accuracy=0.000000
2024-04-07 12:22:06,003 [INFO]  Epoch[3] Time cost=1.237
2024-04-07 12:22:06,005 [INFO]  Saved checkpoint to "./imputer_model/17_bank/imputer_model_month/model-0003.params"
2024-04-07 12:22:06,024 [INFO]  Epoch[3] Validation-cross-entropy=0.059020
2024-04-07 12:22:06,024 [INFO]  Epoch[3] Validation-month-accuracy=0.000000
2024-04-07 12:22:06,147 [INFO]  Epoch[4] Batch [0-102]	Speed: 13405.71 samples/sec	cross-entropy=0.035901	month-accuracy=0.000000
2024-04-07 12:22:06,275 [INFO]  Epoch[4] Train-cross-entropy=0.036874
2024-04-07 12:22:06,276 [INFO]  Epoch[4] Train-month-accuracy=0.000000
2024-04-07 12:22:06,276 [INFO]  Epoch[4] Time cost=0.252
2024-04-07 12:22:06,278 [INFO]  Saved checkpoint to "./imputer_model/17_bank/imputer_model_month/model-0004.params"
2024-04-07 12:22:06,295 [INFO]  Epoch[4] Validation-cross-entropy=0.046926
2024-04-07 12:22:06,295 [INFO]  Epoch[4] Validation-month-accuracy=0.000000
2024-04-07 12:22:06,295 [INFO]  
========== done (3.7087321281433105 s) fit model
2024-04-07 12:23:06,058 [INFO]  
========== start: fit model
2024-04-07 12:23:06,058 [WARNING]  Already bound, ignoring bind()
2024-04-07 12:23:07,197 [INFO]  Epoch[0] Batch [0-102]	Speed: 1979.06 samples/sec	cross-entropy=2.426000	month-accuracy=3.388350
2024-04-07 12:23:07,308 [INFO]  Epoch[0] Train-cross-entropy=0.149348
2024-04-07 12:23:07,308 [INFO]  Epoch[0] Train-month-accuracy=3.613861
2024-04-07 12:23:07,308 [INFO]  Epoch[0] Time cost=1.248
2024-04-07 12:23:07,310 [INFO]  Saved checkpoint to "./imputer_model/17_bank/imputer_model_month/model-0000.params"
2024-04-07 12:23:07,352 [INFO]  Epoch[0] Validation-cross-entropy=0.175489
2024-04-07 12:23:07,353 [INFO]  Epoch[0] Validation-month-accuracy=0.000000
2024-04-07 12:23:07,972 [INFO]  Epoch[1] Batch [0-102]	Speed: 2640.60 samples/sec	cross-entropy=0.105960	month-accuracy=3.388350
2024-04-07 12:23:08,088 [INFO]  Epoch[1] Train-cross-entropy=0.082235
2024-04-07 12:23:08,088 [INFO]  Epoch[1] Train-month-accuracy=3.613861
2024-04-07 12:23:08,089 [INFO]  Epoch[1] Time cost=0.736
2024-04-07 12:23:08,090 [INFO]  Saved checkpoint to "./imputer_model/17_bank/imputer_model_month/model-0001.params"
2024-04-07 12:23:08,100 [INFO]  Epoch[1] Validation-cross-entropy=0.084732
2024-04-07 12:23:08,101 [INFO]  Epoch[1] Validation-month-accuracy=0.000000
2024-04-07 12:23:08,310 [INFO]  Epoch[2] Batch [0-102]	Speed: 7857.38 samples/sec	cross-entropy=0.061599	month-accuracy=3.388350
2024-04-07 12:23:08,476 [INFO]  Epoch[2] Train-cross-entropy=0.063211
2024-04-07 12:23:08,477 [INFO]  Epoch[2] Train-month-accuracy=3.613861
2024-04-07 12:23:08,477 [INFO]  Epoch[2] Time cost=0.376
2024-04-07 12:23:08,478 [INFO]  Saved checkpoint to "./imputer_model/17_bank/imputer_model_month/model-0002.params"
2024-04-07 12:23:08,494 [INFO]  Epoch[2] Validation-cross-entropy=0.095076
2024-04-07 12:23:08,494 [INFO]  Epoch[2] Validation-month-accuracy=0.000000
2024-04-07 12:23:08,606 [INFO]  Epoch[3] Batch [0-102]	Speed: 14800.77 samples/sec	cross-entropy=0.050477	month-accuracy=3.388350
2024-04-07 12:23:08,772 [INFO]  Epoch[3] Train-cross-entropy=0.043576
2024-04-07 12:23:08,772 [INFO]  Epoch[3] Train-month-accuracy=3.613861
2024-04-07 12:23:08,772 [INFO]  Epoch[3] Time cost=0.279
2024-04-07 12:23:08,776 [INFO]  Saved checkpoint to "./imputer_model/17_bank/imputer_model_month/model-0003.params"
2024-04-07 12:23:08,783 [INFO]  Epoch[3] Validation-cross-entropy=0.081454
2024-04-07 12:23:08,783 [INFO]  Epoch[3] Validation-month-accuracy=0.000000
2024-04-07 12:23:09,010 [INFO]  Epoch[4] Batch [0-102]	Speed: 7224.77 samples/sec	cross-entropy=0.040228	month-accuracy=3.388350
2024-04-07 12:23:09,525 [INFO]  Epoch[4] Train-cross-entropy=0.037755
2024-04-07 12:23:09,525 [INFO]  Epoch[4] Train-month-accuracy=3.613861
2024-04-07 12:23:09,525 [INFO]  Epoch[4] Time cost=0.742
2024-04-07 12:23:09,527 [INFO]  Saved checkpoint to "./imputer_model/17_bank/imputer_model_month/model-0004.params"
2024-04-07 12:23:09,728 [INFO]  Epoch[4] Validation-cross-entropy=0.097708
2024-04-07 12:23:09,728 [INFO]  Epoch[4] Validation-month-accuracy=0.000000
2024-04-07 12:23:09,728 [INFO]  
========== done (3.669652223587036 s) fit model
