2024-04-08 21:09:37,758 [INFO]  
========== start: fit model
2024-04-08 21:09:37,758 [WARNING]  Already bound, ignoring bind()
2024-04-08 21:09:37,764 [INFO]  Epoch[0] Batch [0-4]	Speed: 22089.82 samples/sec	cross-entropy=10.973581	albumin-accuracy=2.800000
2024-04-08 21:09:37,765 [INFO]  Epoch[0] Train-cross-entropy=6.530120
2024-04-08 21:09:37,765 [INFO]  Epoch[0] Train-albumin-accuracy=4.000000
2024-04-08 21:09:37,765 [INFO]  Epoch[0] Time cost=0.006
2024-04-08 21:09:37,767 [INFO]  Saved checkpoint to "./imputer_model/25_hepatitis/imputer_model_albumin/model-0000.params"
2024-04-08 21:09:37,767 [INFO]  Epoch[0] Validation-cross-entropy=10.652454
2024-04-08 21:09:37,768 [INFO]  Epoch[0] Validation-albumin-accuracy=0.000000
2024-04-08 21:09:37,771 [INFO]  Epoch[1] Batch [0-4]	Speed: 21516.15 samples/sec	cross-entropy=4.244361	albumin-accuracy=2.800000
2024-04-08 21:09:37,773 [INFO]  Epoch[1] Train-cross-entropy=2.020446
2024-04-08 21:09:37,773 [INFO]  Epoch[1] Train-albumin-accuracy=4.000000
2024-04-08 21:09:37,773 [INFO]  Epoch[1] Time cost=0.005
2024-04-08 21:09:37,774 [INFO]  Saved checkpoint to "./imputer_model/25_hepatitis/imputer_model_albumin/model-0001.params"
2024-04-08 21:09:37,775 [INFO]  Epoch[1] Validation-cross-entropy=1.338568
2024-04-08 21:09:37,775 [INFO]  Epoch[1] Validation-albumin-accuracy=0.000000
2024-04-08 21:09:37,779 [INFO]  Epoch[2] Batch [0-4]	Speed: 20269.99 samples/sec	cross-entropy=1.018321	albumin-accuracy=2.800000
2024-04-08 21:09:37,781 [INFO]  Epoch[2] Train-cross-entropy=0.923813
2024-04-08 21:09:37,781 [INFO]  Epoch[2] Train-albumin-accuracy=4.000000
2024-04-08 21:09:37,781 [INFO]  Epoch[2] Time cost=0.006
2024-04-08 21:09:37,782 [INFO]  Saved checkpoint to "./imputer_model/25_hepatitis/imputer_model_albumin/model-0002.params"
2024-04-08 21:09:37,783 [INFO]  Epoch[2] Validation-cross-entropy=1.421605
2024-04-08 21:09:37,783 [INFO]  Epoch[2] Validation-albumin-accuracy=0.000000
2024-04-08 21:09:37,787 [INFO]  Epoch[3] Batch [0-4]	Speed: 21431.97 samples/sec	cross-entropy=0.960513	albumin-accuracy=2.800000
2024-04-08 21:09:37,788 [INFO]  Epoch[3] Train-cross-entropy=0.621623
2024-04-08 21:09:37,788 [INFO]  Epoch[3] Train-albumin-accuracy=4.000000
2024-04-08 21:09:37,788 [INFO]  Epoch[3] Time cost=0.006
2024-04-08 21:09:37,790 [INFO]  Saved checkpoint to "./imputer_model/25_hepatitis/imputer_model_albumin/model-0003.params"
2024-04-08 21:09:37,790 [INFO]  Epoch[3] Validation-cross-entropy=0.675266
2024-04-08 21:09:37,790 [INFO]  Epoch[3] Validation-albumin-accuracy=0.000000
2024-04-08 21:09:37,794 [INFO]  Epoch[4] Batch [0-4]	Speed: 21498.92 samples/sec	cross-entropy=0.714042	albumin-accuracy=2.800000
2024-04-08 21:09:37,796 [INFO]  Epoch[4] Train-cross-entropy=0.506625
2024-04-08 21:09:37,796 [INFO]  Epoch[4] Train-albumin-accuracy=4.000000
2024-04-08 21:09:37,796 [INFO]  Epoch[4] Time cost=0.006
2024-04-08 21:09:37,797 [INFO]  Saved checkpoint to "./imputer_model/25_hepatitis/imputer_model_albumin/model-0004.params"
2024-04-08 21:09:37,798 [INFO]  Epoch[4] Validation-cross-entropy=1.464224
2024-04-08 21:09:37,798 [INFO]  Epoch[4] Validation-albumin-accuracy=0.000000
2024-04-08 21:09:37,798 [INFO]  
========== done (0.039986371994018555 s) fit model
2024-04-08 21:09:41,186 [INFO]  
========== start: fit model
2024-04-08 21:09:41,186 [WARNING]  Already bound, ignoring bind()
2024-04-08 21:09:41,191 [INFO]  Epoch[0] Batch [0-4]	Speed: 21086.84 samples/sec	cross-entropy=15.030434	albumin-accuracy=2.800000
2024-04-08 21:09:41,193 [INFO]  Epoch[0] Train-cross-entropy=6.511187
2024-04-08 21:09:41,193 [INFO]  Epoch[0] Train-albumin-accuracy=3.000000
2024-04-08 21:09:41,193 [INFO]  Epoch[0] Time cost=0.006
2024-04-08 21:09:41,194 [INFO]  Saved checkpoint to "./imputer_model/25_hepatitis/imputer_model_albumin/model-0000.params"
2024-04-08 21:09:41,195 [INFO]  Epoch[0] Validation-cross-entropy=8.103058
2024-04-08 21:09:41,195 [INFO]  Epoch[0] Validation-albumin-accuracy=0.000000
2024-04-08 21:09:41,199 [INFO]  Epoch[1] Batch [0-4]	Speed: 20092.47 samples/sec	cross-entropy=3.287023	albumin-accuracy=2.800000
2024-04-08 21:09:41,201 [INFO]  Epoch[1] Train-cross-entropy=2.138081
2024-04-08 21:09:41,201 [INFO]  Epoch[1] Train-albumin-accuracy=3.000000
2024-04-08 21:09:41,201 [INFO]  Epoch[1] Time cost=0.006
2024-04-08 21:09:41,202 [INFO]  Saved checkpoint to "./imputer_model/25_hepatitis/imputer_model_albumin/model-0001.params"
2024-04-08 21:09:41,204 [INFO]  Epoch[1] Validation-cross-entropy=1.712088
2024-04-08 21:09:41,204 [INFO]  Epoch[1] Validation-albumin-accuracy=0.000000
2024-04-08 21:09:41,209 [INFO]  Epoch[2] Batch [0-4]	Speed: 15424.67 samples/sec	cross-entropy=1.217837	albumin-accuracy=2.800000
2024-04-08 21:09:41,210 [INFO]  Epoch[2] Train-cross-entropy=1.051988
2024-04-08 21:09:41,210 [INFO]  Epoch[2] Train-albumin-accuracy=3.000000
2024-04-08 21:09:41,211 [INFO]  Epoch[2] Time cost=0.007
2024-04-08 21:09:41,212 [INFO]  Saved checkpoint to "./imputer_model/25_hepatitis/imputer_model_albumin/model-0002.params"
2024-04-08 21:09:41,213 [INFO]  Epoch[2] Validation-cross-entropy=0.727270
2024-04-08 21:09:41,213 [INFO]  Epoch[2] Validation-albumin-accuracy=0.000000
2024-04-08 21:09:41,216 [INFO]  Epoch[3] Batch [0-4]	Speed: 24568.50 samples/sec	cross-entropy=1.130141	albumin-accuracy=2.800000
2024-04-08 21:09:41,218 [INFO]  Epoch[3] Train-cross-entropy=0.882926
2024-04-08 21:09:41,218 [INFO]  Epoch[3] Train-albumin-accuracy=3.000000
2024-04-08 21:09:41,218 [INFO]  Epoch[3] Time cost=0.005
2024-04-08 21:09:41,219 [INFO]  Saved checkpoint to "./imputer_model/25_hepatitis/imputer_model_albumin/model-0003.params"
2024-04-08 21:09:41,220 [INFO]  Epoch[3] Validation-cross-entropy=0.477988
2024-04-08 21:09:41,220 [INFO]  Epoch[3] Validation-albumin-accuracy=0.000000
2024-04-08 21:09:41,223 [INFO]  Epoch[4] Batch [0-4]	Speed: 24949.85 samples/sec	cross-entropy=0.638916	albumin-accuracy=2.800000
2024-04-08 21:09:41,224 [INFO]  Epoch[4] Train-cross-entropy=0.650266
2024-04-08 21:09:41,224 [INFO]  Epoch[4] Train-albumin-accuracy=3.000000
2024-04-08 21:09:41,225 [INFO]  Epoch[4] Time cost=0.005
2024-04-08 21:09:41,226 [INFO]  Saved checkpoint to "./imputer_model/25_hepatitis/imputer_model_albumin/model-0004.params"
2024-04-08 21:09:41,227 [INFO]  Epoch[4] Validation-cross-entropy=0.512320
2024-04-08 21:09:41,227 [INFO]  Epoch[4] Validation-albumin-accuracy=0.000000
2024-04-08 21:09:41,227 [INFO]  
========== done (0.040923118591308594 s) fit model
2024-04-08 21:09:44,259 [INFO]  
========== start: fit model
2024-04-08 21:09:44,259 [WARNING]  Already bound, ignoring bind()
2024-04-08 21:09:44,267 [INFO]  Epoch[0] Batch [0-4]	Speed: 27591.27 samples/sec	cross-entropy=11.260700	albumin-accuracy=0.000000
2024-04-08 21:09:44,268 [INFO]  Epoch[0] Train-cross-entropy=21.087940
2024-04-08 21:09:44,268 [INFO]  Epoch[0] Train-albumin-accuracy=0.000000
2024-04-08 21:09:44,268 [INFO]  Epoch[0] Time cost=0.008
2024-04-08 21:09:44,269 [INFO]  Saved checkpoint to "./imputer_model/25_hepatitis/imputer_model_albumin/model-0000.params"
2024-04-08 21:09:44,270 [INFO]  Epoch[0] Validation-cross-entropy=40.326218
2024-04-08 21:09:44,270 [INFO]  Epoch[0] Validation-albumin-accuracy=0.000000
2024-04-08 21:09:44,273 [INFO]  Epoch[1] Batch [0-4]	Speed: 28584.33 samples/sec	cross-entropy=4.623610	albumin-accuracy=0.000000
2024-04-08 21:09:44,274 [INFO]  Epoch[1] Train-cross-entropy=8.082456
2024-04-08 21:09:44,274 [INFO]  Epoch[1] Train-albumin-accuracy=0.000000
2024-04-08 21:09:44,274 [INFO]  Epoch[1] Time cost=0.004
2024-04-08 21:09:44,275 [INFO]  Saved checkpoint to "./imputer_model/25_hepatitis/imputer_model_albumin/model-0001.params"
2024-04-08 21:09:44,276 [INFO]  Epoch[1] Validation-cross-entropy=12.398063
2024-04-08 21:09:44,276 [INFO]  Epoch[1] Validation-albumin-accuracy=0.000000
2024-04-08 21:09:44,279 [INFO]  Epoch[2] Batch [0-4]	Speed: 27363.45 samples/sec	cross-entropy=1.804708	albumin-accuracy=0.000000
2024-04-08 21:09:44,291 [INFO]  Epoch[2] Train-cross-entropy=2.104133
2024-04-08 21:09:44,291 [INFO]  Epoch[2] Train-albumin-accuracy=0.000000
2024-04-08 21:09:44,291 [INFO]  Epoch[2] Time cost=0.015
2024-04-08 21:09:44,292 [INFO]  Saved checkpoint to "./imputer_model/25_hepatitis/imputer_model_albumin/model-0002.params"
2024-04-08 21:09:44,293 [INFO]  Epoch[2] Validation-cross-entropy=2.388726
2024-04-08 21:09:44,293 [INFO]  Epoch[2] Validation-albumin-accuracy=0.000000
2024-04-08 21:09:44,296 [INFO]  Epoch[3] Batch [0-4]	Speed: 28179.24 samples/sec	cross-entropy=0.541486	albumin-accuracy=0.000000
2024-04-08 21:09:44,297 [INFO]  Epoch[3] Train-cross-entropy=0.391352
2024-04-08 21:09:44,297 [INFO]  Epoch[3] Train-albumin-accuracy=0.000000
2024-04-08 21:09:44,297 [INFO]  Epoch[3] Time cost=0.004
2024-04-08 21:09:44,298 [INFO]  Saved checkpoint to "./imputer_model/25_hepatitis/imputer_model_albumin/model-0003.params"
2024-04-08 21:09:44,299 [INFO]  Epoch[3] Validation-cross-entropy=0.424309
2024-04-08 21:09:44,299 [INFO]  Epoch[3] Validation-albumin-accuracy=0.000000
2024-04-08 21:09:44,302 [INFO]  Epoch[4] Batch [0-4]	Speed: 28780.47 samples/sec	cross-entropy=0.453244	albumin-accuracy=0.000000
2024-04-08 21:09:44,303 [INFO]  Epoch[4] Train-cross-entropy=0.439575
2024-04-08 21:09:44,303 [INFO]  Epoch[4] Train-albumin-accuracy=0.000000
2024-04-08 21:09:44,303 [INFO]  Epoch[4] Time cost=0.004
2024-04-08 21:09:44,304 [INFO]  Saved checkpoint to "./imputer_model/25_hepatitis/imputer_model_albumin/model-0004.params"
2024-04-08 21:09:44,305 [INFO]  Epoch[4] Validation-cross-entropy=0.788662
2024-04-08 21:09:44,305 [INFO]  Epoch[4] Validation-albumin-accuracy=0.000000
2024-04-08 21:09:44,305 [INFO]  
========== done (0.04556632041931152 s) fit model
2024-04-08 21:09:47,809 [INFO]  
========== start: fit model
2024-04-08 21:09:47,809 [WARNING]  Already bound, ignoring bind()
2024-04-08 21:09:47,838 [INFO]  Epoch[0] Batch [0-4]	Speed: 3134.68 samples/sec	cross-entropy=12.566949	albumin-accuracy=3.200000
2024-04-08 21:09:47,840 [INFO]  Epoch[0] Train-cross-entropy=8.183625
2024-04-08 21:09:47,840 [INFO]  Epoch[0] Train-albumin-accuracy=3.000000
2024-04-08 21:09:47,840 [INFO]  Epoch[0] Time cost=0.031
2024-04-08 21:09:47,842 [INFO]  Saved checkpoint to "./imputer_model/25_hepatitis/imputer_model_albumin/model-0000.params"
2024-04-08 21:09:47,843 [INFO]  Epoch[0] Validation-cross-entropy=1.359905
2024-04-08 21:09:47,843 [INFO]  Epoch[0] Validation-albumin-accuracy=0.000000
2024-04-08 21:09:47,846 [INFO]  Epoch[1] Batch [0-4]	Speed: 25191.02 samples/sec	cross-entropy=3.702933	albumin-accuracy=3.200000
2024-04-08 21:09:47,856 [INFO]  Epoch[1] Train-cross-entropy=1.410932
2024-04-08 21:09:47,856 [INFO]  Epoch[1] Train-albumin-accuracy=3.000000
2024-04-08 21:09:47,856 [INFO]  Epoch[1] Time cost=0.013
2024-04-08 21:09:47,857 [INFO]  Saved checkpoint to "./imputer_model/25_hepatitis/imputer_model_albumin/model-0001.params"
2024-04-08 21:09:47,858 [INFO]  Epoch[1] Validation-cross-entropy=0.916688
2024-04-08 21:09:47,858 [INFO]  Epoch[1] Validation-albumin-accuracy=0.000000
2024-04-08 21:09:47,864 [INFO]  Epoch[2] Batch [0-4]	Speed: 12300.01 samples/sec	cross-entropy=0.933115	albumin-accuracy=3.200000
2024-04-08 21:09:47,866 [INFO]  Epoch[2] Train-cross-entropy=0.465447
2024-04-08 21:09:47,866 [INFO]  Epoch[2] Train-albumin-accuracy=3.000000
2024-04-08 21:09:47,866 [INFO]  Epoch[2] Time cost=0.009
2024-04-08 21:09:47,868 [INFO]  Saved checkpoint to "./imputer_model/25_hepatitis/imputer_model_albumin/model-0002.params"
2024-04-08 21:09:47,869 [INFO]  Epoch[2] Validation-cross-entropy=0.269870
2024-04-08 21:09:47,869 [INFO]  Epoch[2] Validation-albumin-accuracy=0.000000
2024-04-08 21:09:47,874 [INFO]  Epoch[3] Batch [0-4]	Speed: 15510.22 samples/sec	cross-entropy=0.689166	albumin-accuracy=3.200000
2024-04-08 21:09:47,876 [INFO]  Epoch[3] Train-cross-entropy=0.781327
2024-04-08 21:09:47,876 [INFO]  Epoch[3] Train-albumin-accuracy=3.000000
2024-04-08 21:09:47,876 [INFO]  Epoch[3] Time cost=0.008
2024-04-08 21:09:47,878 [INFO]  Saved checkpoint to "./imputer_model/25_hepatitis/imputer_model_albumin/model-0003.params"
2024-04-08 21:09:47,879 [INFO]  Epoch[3] Validation-cross-entropy=0.236071
2024-04-08 21:09:47,879 [INFO]  Epoch[3] Validation-albumin-accuracy=0.000000
2024-04-08 21:09:47,884 [INFO]  Epoch[4] Batch [0-4]	Speed: 15590.40 samples/sec	cross-entropy=0.556132	albumin-accuracy=3.200000
2024-04-08 21:09:47,886 [INFO]  Epoch[4] Train-cross-entropy=0.421303
2024-04-08 21:09:47,886 [INFO]  Epoch[4] Train-albumin-accuracy=3.000000
2024-04-08 21:09:47,886 [INFO]  Epoch[4] Time cost=0.008
2024-04-08 21:09:47,892 [INFO]  Saved checkpoint to "./imputer_model/25_hepatitis/imputer_model_albumin/model-0004.params"
2024-04-08 21:09:47,892 [INFO]  Epoch[4] Validation-cross-entropy=0.141159
2024-04-08 21:09:47,893 [INFO]  Epoch[4] Validation-albumin-accuracy=0.000000
2024-04-08 21:09:47,893 [INFO]  
========== done (0.08390140533447266 s) fit model
2024-04-08 21:09:51,219 [INFO]  
========== start: fit model
2024-04-08 21:09:51,219 [WARNING]  Already bound, ignoring bind()
2024-04-08 21:09:51,225 [INFO]  Epoch[0] Batch [0-4]	Speed: 21073.60 samples/sec	cross-entropy=9.687916	albumin-accuracy=2.400000
2024-04-08 21:09:51,226 [INFO]  Epoch[0] Train-cross-entropy=9.981733
2024-04-08 21:09:51,226 [INFO]  Epoch[0] Train-albumin-accuracy=4.500000
2024-04-08 21:09:51,226 [INFO]  Epoch[0] Time cost=0.006
2024-04-08 21:09:51,228 [INFO]  Saved checkpoint to "./imputer_model/25_hepatitis/imputer_model_albumin/model-0000.params"
2024-04-08 21:09:51,229 [INFO]  Epoch[0] Validation-cross-entropy=27.855927
2024-04-08 21:09:51,229 [INFO]  Epoch[0] Validation-albumin-accuracy=0.000000
2024-04-08 21:09:51,233 [INFO]  Epoch[1] Batch [0-4]	Speed: 20645.70 samples/sec	cross-entropy=3.567705	albumin-accuracy=2.400000
2024-04-08 21:09:51,235 [INFO]  Epoch[1] Train-cross-entropy=2.829472
2024-04-08 21:09:51,235 [INFO]  Epoch[1] Train-albumin-accuracy=4.500000
2024-04-08 21:09:51,235 [INFO]  Epoch[1] Time cost=0.006
2024-04-08 21:09:51,236 [INFO]  Saved checkpoint to "./imputer_model/25_hepatitis/imputer_model_albumin/model-0001.params"
2024-04-08 21:09:51,237 [INFO]  Epoch[1] Validation-cross-entropy=5.817657
2024-04-08 21:09:51,237 [INFO]  Epoch[1] Validation-albumin-accuracy=0.000000
2024-04-08 21:09:51,241 [INFO]  Epoch[2] Batch [0-4]	Speed: 20601.34 samples/sec	cross-entropy=1.382442	albumin-accuracy=2.400000
2024-04-08 21:09:51,242 [INFO]  Epoch[2] Train-cross-entropy=0.565026
2024-04-08 21:09:51,242 [INFO]  Epoch[2] Train-albumin-accuracy=4.500000
2024-04-08 21:09:51,242 [INFO]  Epoch[2] Time cost=0.006
2024-04-08 21:09:51,244 [INFO]  Saved checkpoint to "./imputer_model/25_hepatitis/imputer_model_albumin/model-0002.params"
2024-04-08 21:09:51,244 [INFO]  Epoch[2] Validation-cross-entropy=0.544501
2024-04-08 21:09:51,245 [INFO]  Epoch[2] Validation-albumin-accuracy=0.000000
2024-04-08 21:09:51,250 [INFO]  Epoch[3] Batch [0-4]	Speed: 14511.59 samples/sec	cross-entropy=0.656113	albumin-accuracy=2.400000
2024-04-08 21:09:51,260 [INFO]  Epoch[3] Train-cross-entropy=0.419993
2024-04-08 21:09:51,260 [INFO]  Epoch[3] Train-albumin-accuracy=4.500000
2024-04-08 21:09:51,260 [INFO]  Epoch[3] Time cost=0.016
2024-04-08 21:09:51,262 [INFO]  Saved checkpoint to "./imputer_model/25_hepatitis/imputer_model_albumin/model-0003.params"
2024-04-08 21:09:51,262 [INFO]  Epoch[3] Validation-cross-entropy=1.175486
2024-04-08 21:09:51,262 [INFO]  Epoch[3] Validation-albumin-accuracy=0.000000
2024-04-08 21:09:51,268 [INFO]  Epoch[4] Batch [0-4]	Speed: 15251.15 samples/sec	cross-entropy=0.534214	albumin-accuracy=2.400000
2024-04-08 21:09:51,271 [INFO]  Epoch[4] Train-cross-entropy=0.465560
2024-04-08 21:09:51,271 [INFO]  Epoch[4] Train-albumin-accuracy=4.500000
2024-04-08 21:09:51,271 [INFO]  Epoch[4] Time cost=0.008
2024-04-08 21:09:51,272 [INFO]  Saved checkpoint to "./imputer_model/25_hepatitis/imputer_model_albumin/model-0004.params"
2024-04-08 21:09:51,273 [INFO]  Epoch[4] Validation-cross-entropy=1.368676
2024-04-08 21:09:51,273 [INFO]  Epoch[4] Validation-albumin-accuracy=0.000000
2024-04-08 21:09:51,273 [INFO]  
========== done (0.053585052490234375 s) fit model
2024-04-08 21:09:54,747 [INFO]  
========== start: fit model
2024-04-08 21:09:54,747 [WARNING]  Already bound, ignoring bind()
2024-04-08 21:09:54,752 [INFO]  Epoch[0] Batch [0-4]	Speed: 21090.15 samples/sec	cross-entropy=15.661674	albumin-accuracy=0.000000
2024-04-08 21:09:54,754 [INFO]  Epoch[0] Train-cross-entropy=17.830074
2024-04-08 21:09:54,754 [INFO]  Epoch[0] Train-albumin-accuracy=0.000000
2024-04-08 21:09:54,754 [INFO]  Epoch[0] Time cost=0.006
2024-04-08 21:09:54,755 [INFO]  Saved checkpoint to "./imputer_model/25_hepatitis/imputer_model_albumin/model-0000.params"
2024-04-08 21:09:54,756 [INFO]  Epoch[0] Validation-cross-entropy=35.796543
2024-04-08 21:09:54,756 [INFO]  Epoch[0] Validation-albumin-accuracy=0.000000
2024-04-08 21:09:54,760 [INFO]  Epoch[1] Batch [0-4]	Speed: 20285.31 samples/sec	cross-entropy=4.899098	albumin-accuracy=0.000000
2024-04-08 21:09:54,762 [INFO]  Epoch[1] Train-cross-entropy=5.489515
2024-04-08 21:09:54,762 [INFO]  Epoch[1] Train-albumin-accuracy=0.000000
2024-04-08 21:09:54,762 [INFO]  Epoch[1] Time cost=0.006
2024-04-08 21:09:54,763 [INFO]  Saved checkpoint to "./imputer_model/25_hepatitis/imputer_model_albumin/model-0001.params"
2024-04-08 21:09:54,764 [INFO]  Epoch[1] Validation-cross-entropy=11.214232
2024-04-08 21:09:54,764 [INFO]  Epoch[1] Validation-albumin-accuracy=0.000000
2024-04-08 21:09:54,773 [INFO]  Epoch[2] Batch [0-4]	Speed: 8268.97 samples/sec	cross-entropy=1.997791	albumin-accuracy=0.000000
2024-04-08 21:09:54,776 [INFO]  Epoch[2] Train-cross-entropy=1.341511
2024-04-08 21:09:54,776 [INFO]  Epoch[2] Train-albumin-accuracy=0.000000
2024-04-08 21:09:54,776 [INFO]  Epoch[2] Time cost=0.012
2024-04-08 21:09:54,778 [INFO]  Saved checkpoint to "./imputer_model/25_hepatitis/imputer_model_albumin/model-0002.params"
2024-04-08 21:09:54,779 [INFO]  Epoch[2] Validation-cross-entropy=2.365095
2024-04-08 21:09:54,779 [INFO]  Epoch[2] Validation-albumin-accuracy=0.000000
2024-04-08 21:09:54,785 [INFO]  Epoch[3] Batch [0-4]	Speed: 16183.48 samples/sec	cross-entropy=0.836301	albumin-accuracy=0.000000
2024-04-08 21:09:54,787 [INFO]  Epoch[3] Train-cross-entropy=0.678406
2024-04-08 21:09:54,787 [INFO]  Epoch[3] Train-albumin-accuracy=0.000000
2024-04-08 21:09:54,787 [INFO]  Epoch[3] Time cost=0.008
2024-04-08 21:09:54,789 [INFO]  Saved checkpoint to "./imputer_model/25_hepatitis/imputer_model_albumin/model-0003.params"
2024-04-08 21:09:54,790 [INFO]  Epoch[3] Validation-cross-entropy=0.588833
2024-04-08 21:09:54,790 [INFO]  Epoch[3] Validation-albumin-accuracy=0.000000
2024-04-08 21:09:54,794 [INFO]  Epoch[4] Batch [0-4]	Speed: 19494.22 samples/sec	cross-entropy=0.754497	albumin-accuracy=0.000000
2024-04-08 21:09:54,796 [INFO]  Epoch[4] Train-cross-entropy=0.907556
2024-04-08 21:09:54,796 [INFO]  Epoch[4] Train-albumin-accuracy=0.000000
2024-04-08 21:09:54,796 [INFO]  Epoch[4] Time cost=0.006
2024-04-08 21:09:54,798 [INFO]  Saved checkpoint to "./imputer_model/25_hepatitis/imputer_model_albumin/model-0004.params"
2024-04-08 21:09:54,798 [INFO]  Epoch[4] Validation-cross-entropy=0.470843
2024-04-08 21:09:54,798 [INFO]  Epoch[4] Validation-albumin-accuracy=0.000000
2024-04-08 21:09:54,798 [INFO]  
========== done (0.05146384239196777 s) fit model
2024-04-08 21:09:58,224 [INFO]  
========== start: fit model
2024-04-08 21:09:58,225 [WARNING]  Already bound, ignoring bind()
2024-04-08 21:09:58,276 [INFO]  Epoch[0] Batch [0-4]	Speed: 27183.34 samples/sec	cross-entropy=23.299512	albumin-accuracy=0.000000
2024-04-08 21:09:58,277 [INFO]  Epoch[0] Train-cross-entropy=19.412291
2024-04-08 21:09:58,277 [INFO]  Epoch[0] Train-albumin-accuracy=0.000000
2024-04-08 21:09:58,277 [INFO]  Epoch[0] Time cost=0.052
2024-04-08 21:09:58,278 [INFO]  Saved checkpoint to "./imputer_model/25_hepatitis/imputer_model_albumin/model-0000.params"
2024-04-08 21:09:58,279 [INFO]  Epoch[0] Validation-cross-entropy=4.035566
2024-04-08 21:09:58,279 [INFO]  Epoch[0] Validation-albumin-accuracy=0.000000
2024-04-08 21:09:58,282 [INFO]  Epoch[1] Batch [0-4]	Speed: 28718.89 samples/sec	cross-entropy=9.163815	albumin-accuracy=0.000000
2024-04-08 21:09:58,283 [INFO]  Epoch[1] Train-cross-entropy=6.934641
2024-04-08 21:09:58,283 [INFO]  Epoch[1] Train-albumin-accuracy=0.000000
2024-04-08 21:09:58,283 [INFO]  Epoch[1] Time cost=0.004
2024-04-08 21:09:58,284 [INFO]  Saved checkpoint to "./imputer_model/25_hepatitis/imputer_model_albumin/model-0001.params"
2024-04-08 21:09:58,284 [INFO]  Epoch[1] Validation-cross-entropy=0.827617
2024-04-08 21:09:58,285 [INFO]  Epoch[1] Validation-albumin-accuracy=0.000000
2024-04-08 21:09:58,288 [INFO]  Epoch[2] Batch [0-4]	Speed: 26843.55 samples/sec	cross-entropy=2.981372	albumin-accuracy=0.000000
2024-04-08 21:09:58,289 [INFO]  Epoch[2] Train-cross-entropy=1.851570
2024-04-08 21:09:58,289 [INFO]  Epoch[2] Train-albumin-accuracy=0.000000
2024-04-08 21:09:58,289 [INFO]  Epoch[2] Time cost=0.004
2024-04-08 21:09:58,290 [INFO]  Saved checkpoint to "./imputer_model/25_hepatitis/imputer_model_albumin/model-0002.params"
2024-04-08 21:09:58,290 [INFO]  Epoch[2] Validation-cross-entropy=0.546331
2024-04-08 21:09:58,291 [INFO]  Epoch[2] Validation-albumin-accuracy=0.000000
2024-04-08 21:09:58,294 [INFO]  Epoch[3] Batch [0-4]	Speed: 26094.63 samples/sec	cross-entropy=0.784037	albumin-accuracy=0.000000
2024-04-08 21:09:58,297 [INFO]  Epoch[3] Train-cross-entropy=0.487530
2024-04-08 21:09:58,297 [INFO]  Epoch[3] Train-albumin-accuracy=0.000000
2024-04-08 21:09:58,297 [INFO]  Epoch[3] Time cost=0.007
2024-04-08 21:09:58,299 [INFO]  Saved checkpoint to "./imputer_model/25_hepatitis/imputer_model_albumin/model-0003.params"
2024-04-08 21:09:58,299 [INFO]  Epoch[3] Validation-cross-entropy=0.244101
2024-04-08 21:09:58,299 [INFO]  Epoch[3] Validation-albumin-accuracy=0.000000
2024-04-08 21:09:58,303 [INFO]  Epoch[4] Batch [0-4]	Speed: 21786.82 samples/sec	cross-entropy=0.523577	albumin-accuracy=0.000000
2024-04-08 21:09:58,305 [INFO]  Epoch[4] Train-cross-entropy=0.530444
2024-04-08 21:09:58,305 [INFO]  Epoch[4] Train-albumin-accuracy=0.000000
2024-04-08 21:09:58,305 [INFO]  Epoch[4] Time cost=0.005
2024-04-08 21:09:58,306 [INFO]  Saved checkpoint to "./imputer_model/25_hepatitis/imputer_model_albumin/model-0004.params"
2024-04-08 21:09:58,307 [INFO]  Epoch[4] Validation-cross-entropy=0.109100
2024-04-08 21:09:58,307 [INFO]  Epoch[4] Validation-albumin-accuracy=0.000000
2024-04-08 21:09:58,307 [INFO]  
========== done (0.08293700218200684 s) fit model
2024-04-08 21:10:01,805 [INFO]  
========== start: fit model
2024-04-08 21:10:01,805 [WARNING]  Already bound, ignoring bind()
2024-04-08 21:10:01,818 [INFO]  Epoch[0] Batch [0-4]	Speed: 11433.98 samples/sec	cross-entropy=14.340075	albumin-accuracy=2.000000
2024-04-08 21:10:01,821 [INFO]  Epoch[0] Train-cross-entropy=10.251944
2024-04-08 21:10:01,821 [INFO]  Epoch[0] Train-albumin-accuracy=5.000000
2024-04-08 21:10:01,822 [INFO]  Epoch[0] Time cost=0.016
2024-04-08 21:10:01,825 [INFO]  Saved checkpoint to "./imputer_model/25_hepatitis/imputer_model_albumin/model-0000.params"
2024-04-08 21:10:01,832 [INFO]  Epoch[0] Validation-cross-entropy=3.517624
2024-04-08 21:10:01,832 [INFO]  Epoch[0] Validation-albumin-accuracy=0.000000
2024-04-08 21:10:01,838 [INFO]  Epoch[1] Batch [0-4]	Speed: 15534.46 samples/sec	cross-entropy=3.300019	albumin-accuracy=2.000000
2024-04-08 21:10:01,839 [INFO]  Epoch[1] Train-cross-entropy=3.253579
2024-04-08 21:10:01,840 [INFO]  Epoch[1] Train-albumin-accuracy=5.000000
2024-04-08 21:10:01,840 [INFO]  Epoch[1] Time cost=0.008
2024-04-08 21:10:01,842 [INFO]  Saved checkpoint to "./imputer_model/25_hepatitis/imputer_model_albumin/model-0001.params"
2024-04-08 21:10:01,843 [INFO]  Epoch[1] Validation-cross-entropy=1.126399
2024-04-08 21:10:01,843 [INFO]  Epoch[1] Validation-albumin-accuracy=0.000000
2024-04-08 21:10:01,849 [INFO]  Epoch[2] Batch [0-4]	Speed: 13574.49 samples/sec	cross-entropy=0.677653	albumin-accuracy=2.000000
2024-04-08 21:10:01,850 [INFO]  Epoch[2] Train-cross-entropy=1.683933
2024-04-08 21:10:01,851 [INFO]  Epoch[2] Train-albumin-accuracy=5.000000
2024-04-08 21:10:01,851 [INFO]  Epoch[2] Time cost=0.008
2024-04-08 21:10:01,853 [INFO]  Saved checkpoint to "./imputer_model/25_hepatitis/imputer_model_albumin/model-0002.params"
2024-04-08 21:10:01,854 [INFO]  Epoch[2] Validation-cross-entropy=0.443462
2024-04-08 21:10:01,854 [INFO]  Epoch[2] Validation-albumin-accuracy=0.000000
2024-04-08 21:10:01,858 [INFO]  Epoch[3] Batch [0-4]	Speed: 21144.97 samples/sec	cross-entropy=0.638544	albumin-accuracy=2.000000
2024-04-08 21:10:01,860 [INFO]  Epoch[3] Train-cross-entropy=1.198681
2024-04-08 21:10:01,860 [INFO]  Epoch[3] Train-albumin-accuracy=5.000000
2024-04-08 21:10:01,860 [INFO]  Epoch[3] Time cost=0.006
2024-04-08 21:10:01,862 [INFO]  Saved checkpoint to "./imputer_model/25_hepatitis/imputer_model_albumin/model-0003.params"
2024-04-08 21:10:01,863 [INFO]  Epoch[3] Validation-cross-entropy=0.316699
2024-04-08 21:10:01,863 [INFO]  Epoch[3] Validation-albumin-accuracy=0.000000
2024-04-08 21:10:01,867 [INFO]  Epoch[4] Batch [0-4]	Speed: 20956.78 samples/sec	cross-entropy=0.529068	albumin-accuracy=2.000000
2024-04-08 21:10:01,869 [INFO]  Epoch[4] Train-cross-entropy=0.660946
2024-04-08 21:10:01,869 [INFO]  Epoch[4] Train-albumin-accuracy=5.000000
2024-04-08 21:10:01,869 [INFO]  Epoch[4] Time cost=0.006
2024-04-08 21:10:01,871 [INFO]  Saved checkpoint to "./imputer_model/25_hepatitis/imputer_model_albumin/model-0004.params"
2024-04-08 21:10:01,872 [INFO]  Epoch[4] Validation-cross-entropy=0.216229
2024-04-08 21:10:01,872 [INFO]  Epoch[4] Validation-albumin-accuracy=0.000000
2024-04-08 21:10:01,872 [INFO]  
========== done (0.06767559051513672 s) fit model
2024-04-08 21:10:05,337 [INFO]  
========== start: fit model
2024-04-08 21:10:05,337 [WARNING]  Already bound, ignoring bind()
2024-04-08 21:10:05,341 [INFO]  Epoch[0] Batch [0-4]	Speed: 24758.85 samples/sec	cross-entropy=10.022108	albumin-accuracy=0.000000
2024-04-08 21:10:05,343 [INFO]  Epoch[0] Train-cross-entropy=13.213050
2024-04-08 21:10:05,343 [INFO]  Epoch[0] Train-albumin-accuracy=0.000000
2024-04-08 21:10:05,343 [INFO]  Epoch[0] Time cost=0.005
2024-04-08 21:10:05,344 [INFO]  Saved checkpoint to "./imputer_model/25_hepatitis/imputer_model_albumin/model-0000.params"
2024-04-08 21:10:05,345 [INFO]  Epoch[0] Validation-cross-entropy=1.082648
2024-04-08 21:10:05,345 [INFO]  Epoch[0] Validation-albumin-accuracy=0.000000
2024-04-08 21:10:05,348 [INFO]  Epoch[1] Batch [0-4]	Speed: 23405.31 samples/sec	cross-entropy=1.850589	albumin-accuracy=0.000000
2024-04-08 21:10:05,350 [INFO]  Epoch[1] Train-cross-entropy=2.519502
2024-04-08 21:10:05,350 [INFO]  Epoch[1] Train-albumin-accuracy=0.000000
2024-04-08 21:10:05,350 [INFO]  Epoch[1] Time cost=0.005
2024-04-08 21:10:05,351 [INFO]  Saved checkpoint to "./imputer_model/25_hepatitis/imputer_model_albumin/model-0001.params"
2024-04-08 21:10:05,352 [INFO]  Epoch[1] Validation-cross-entropy=1.067450
2024-04-08 21:10:05,352 [INFO]  Epoch[1] Validation-albumin-accuracy=0.000000
2024-04-08 21:10:05,355 [INFO]  Epoch[2] Batch [0-4]	Speed: 26145.46 samples/sec	cross-entropy=0.740255	albumin-accuracy=0.000000
2024-04-08 21:10:05,356 [INFO]  Epoch[2] Train-cross-entropy=0.647592
2024-04-08 21:10:05,356 [INFO]  Epoch[2] Train-albumin-accuracy=0.000000
2024-04-08 21:10:05,356 [INFO]  Epoch[2] Time cost=0.005
2024-04-08 21:10:05,357 [INFO]  Saved checkpoint to "./imputer_model/25_hepatitis/imputer_model_albumin/model-0002.params"
2024-04-08 21:10:05,358 [INFO]  Epoch[2] Validation-cross-entropy=0.710027
2024-04-08 21:10:05,358 [INFO]  Epoch[2] Validation-albumin-accuracy=0.000000
2024-04-08 21:10:05,361 [INFO]  Epoch[3] Batch [0-4]	Speed: 28478.19 samples/sec	cross-entropy=0.890676	albumin-accuracy=0.000000
2024-04-08 21:10:05,362 [INFO]  Epoch[3] Train-cross-entropy=0.411262
2024-04-08 21:10:05,362 [INFO]  Epoch[3] Train-albumin-accuracy=0.000000
2024-04-08 21:10:05,362 [INFO]  Epoch[3] Time cost=0.004
2024-04-08 21:10:05,363 [INFO]  Saved checkpoint to "./imputer_model/25_hepatitis/imputer_model_albumin/model-0003.params"
2024-04-08 21:10:05,364 [INFO]  Epoch[3] Validation-cross-entropy=0.509720
2024-04-08 21:10:05,364 [INFO]  Epoch[3] Validation-albumin-accuracy=0.000000
2024-04-08 21:10:05,367 [INFO]  Epoch[4] Batch [0-4]	Speed: 25798.70 samples/sec	cross-entropy=0.592447	albumin-accuracy=0.000000
2024-04-08 21:10:05,369 [INFO]  Epoch[4] Train-cross-entropy=0.217967
2024-04-08 21:10:05,369 [INFO]  Epoch[4] Train-albumin-accuracy=0.000000
2024-04-08 21:10:05,369 [INFO]  Epoch[4] Time cost=0.005
2024-04-08 21:10:05,370 [INFO]  Saved checkpoint to "./imputer_model/25_hepatitis/imputer_model_albumin/model-0004.params"
2024-04-08 21:10:05,371 [INFO]  Epoch[4] Validation-cross-entropy=0.391663
2024-04-08 21:10:05,371 [INFO]  Epoch[4] Validation-albumin-accuracy=0.000000
2024-04-08 21:10:05,371 [INFO]  
========== done (0.03436851501464844 s) fit model
2024-04-08 21:10:08,666 [INFO]  
========== start: fit model
2024-04-08 21:10:08,666 [WARNING]  Already bound, ignoring bind()
2024-04-08 21:10:08,734 [INFO]  Epoch[0] Batch [0-4]	Speed: 1510.30 samples/sec	cross-entropy=10.143682	albumin-accuracy=0.000000
2024-04-08 21:10:08,735 [INFO]  Epoch[0] Train-cross-entropy=2.847820
2024-04-08 21:10:08,735 [INFO]  Epoch[0] Train-albumin-accuracy=0.000000
2024-04-08 21:10:08,735 [INFO]  Epoch[0] Time cost=0.068
2024-04-08 21:10:08,736 [INFO]  Saved checkpoint to "./imputer_model/25_hepatitis/imputer_model_albumin/model-0000.params"
2024-04-08 21:10:08,737 [INFO]  Epoch[0] Validation-cross-entropy=51.154881
2024-04-08 21:10:08,737 [INFO]  Epoch[0] Validation-albumin-accuracy=0.000000
2024-04-08 21:10:08,740 [INFO]  Epoch[1] Batch [0-4]	Speed: 28114.31 samples/sec	cross-entropy=3.561240	albumin-accuracy=0.000000
2024-04-08 21:10:08,741 [INFO]  Epoch[1] Train-cross-entropy=1.557669
2024-04-08 21:10:08,741 [INFO]  Epoch[1] Train-albumin-accuracy=0.000000
2024-04-08 21:10:08,741 [INFO]  Epoch[1] Time cost=0.004
2024-04-08 21:10:08,743 [INFO]  Saved checkpoint to "./imputer_model/25_hepatitis/imputer_model_albumin/model-0001.params"
2024-04-08 21:10:08,743 [INFO]  Epoch[1] Validation-cross-entropy=19.580599
2024-04-08 21:10:08,744 [INFO]  Epoch[1] Validation-albumin-accuracy=0.000000
2024-04-08 21:10:08,748 [INFO]  Epoch[2] Batch [0-4]	Speed: 20118.07 samples/sec	cross-entropy=1.847290	albumin-accuracy=0.000000
2024-04-08 21:10:08,752 [INFO]  Epoch[2] Train-cross-entropy=1.061262
2024-04-08 21:10:08,753 [INFO]  Epoch[2] Train-albumin-accuracy=0.000000
2024-04-08 21:10:08,753 [INFO]  Epoch[2] Time cost=0.009
2024-04-08 21:10:08,754 [INFO]  Saved checkpoint to "./imputer_model/25_hepatitis/imputer_model_albumin/model-0002.params"
2024-04-08 21:10:08,761 [INFO]  Epoch[2] Validation-cross-entropy=7.541185
2024-04-08 21:10:08,761 [INFO]  Epoch[2] Validation-albumin-accuracy=0.000000
2024-04-08 21:10:08,764 [INFO]  Epoch[3] Batch [0-4]	Speed: 27863.34 samples/sec	cross-entropy=0.807445	albumin-accuracy=0.000000
2024-04-08 21:10:08,765 [INFO]  Epoch[3] Train-cross-entropy=0.868401
2024-04-08 21:10:08,765 [INFO]  Epoch[3] Train-albumin-accuracy=0.000000
2024-04-08 21:10:08,765 [INFO]  Epoch[3] Time cost=0.004
2024-04-08 21:10:08,767 [INFO]  Saved checkpoint to "./imputer_model/25_hepatitis/imputer_model_albumin/model-0003.params"
2024-04-08 21:10:08,767 [INFO]  Epoch[3] Validation-cross-entropy=5.125264
2024-04-08 21:10:08,767 [INFO]  Epoch[3] Validation-albumin-accuracy=0.000000
2024-04-08 21:10:08,770 [INFO]  Epoch[4] Batch [0-4]	Speed: 28746.57 samples/sec	cross-entropy=0.564056	albumin-accuracy=0.000000
2024-04-08 21:10:08,771 [INFO]  Epoch[4] Train-cross-entropy=0.479726
2024-04-08 21:10:08,771 [INFO]  Epoch[4] Train-albumin-accuracy=0.000000
2024-04-08 21:10:08,771 [INFO]  Epoch[4] Time cost=0.004
2024-04-08 21:10:08,772 [INFO]  Saved checkpoint to "./imputer_model/25_hepatitis/imputer_model_albumin/model-0004.params"
2024-04-08 21:10:08,773 [INFO]  Epoch[4] Validation-cross-entropy=2.998526
2024-04-08 21:10:08,773 [INFO]  Epoch[4] Validation-albumin-accuracy=0.000000
2024-04-08 21:10:08,773 [INFO]  
========== done (0.10700869560241699 s) fit model
2024-04-08 21:10:12,438 [INFO]  
========== start: fit model
2024-04-08 21:10:12,438 [WARNING]  Already bound, ignoring bind()
2024-04-08 21:10:12,443 [INFO]  Epoch[0] Batch [0-4]	Speed: 28188.12 samples/sec	cross-entropy=12.554777	albumin-accuracy=0.000000
2024-04-08 21:10:12,444 [INFO]  Epoch[0] Train-cross-entropy=8.384412
2024-04-08 21:10:12,444 [INFO]  Epoch[0] Train-albumin-accuracy=0.000000
2024-04-08 21:10:12,444 [INFO]  Epoch[0] Time cost=0.005
2024-04-08 21:10:12,446 [INFO]  Saved checkpoint to "./imputer_model/25_hepatitis/imputer_model_albumin/model-0000.params"
2024-04-08 21:10:12,446 [INFO]  Epoch[0] Validation-cross-entropy=3.429892
2024-04-08 21:10:12,446 [INFO]  Epoch[0] Validation-albumin-accuracy=0.000000
2024-04-08 21:10:12,449 [INFO]  Epoch[1] Batch [0-4]	Speed: 28904.43 samples/sec	cross-entropy=3.943810	albumin-accuracy=0.000000
2024-04-08 21:10:12,450 [INFO]  Epoch[1] Train-cross-entropy=1.987068
2024-04-08 21:10:12,450 [INFO]  Epoch[1] Train-albumin-accuracy=0.000000
2024-04-08 21:10:12,450 [INFO]  Epoch[1] Time cost=0.004
2024-04-08 21:10:12,452 [INFO]  Saved checkpoint to "./imputer_model/25_hepatitis/imputer_model_albumin/model-0001.params"
2024-04-08 21:10:12,452 [INFO]  Epoch[1] Validation-cross-entropy=0.653183
2024-04-08 21:10:12,453 [INFO]  Epoch[1] Validation-albumin-accuracy=0.000000
2024-04-08 21:10:12,458 [INFO]  Epoch[2] Batch [0-4]	Speed: 14470.91 samples/sec	cross-entropy=1.542140	albumin-accuracy=0.000000
2024-04-08 21:10:12,460 [INFO]  Epoch[2] Train-cross-entropy=0.800839
2024-04-08 21:10:12,460 [INFO]  Epoch[2] Train-albumin-accuracy=0.000000
2024-04-08 21:10:12,460 [INFO]  Epoch[2] Time cost=0.007
2024-04-08 21:10:12,461 [INFO]  Saved checkpoint to "./imputer_model/25_hepatitis/imputer_model_albumin/model-0002.params"
2024-04-08 21:10:12,466 [INFO]  Epoch[2] Validation-cross-entropy=0.823779
2024-04-08 21:10:12,466 [INFO]  Epoch[2] Validation-albumin-accuracy=0.000000
2024-04-08 21:10:12,474 [INFO]  Epoch[3] Batch [0-4]	Speed: 21891.65 samples/sec	cross-entropy=0.716215	albumin-accuracy=0.000000
2024-04-08 21:10:12,475 [INFO]  Epoch[3] Train-cross-entropy=0.905844
2024-04-08 21:10:12,475 [INFO]  Epoch[3] Train-albumin-accuracy=0.000000
2024-04-08 21:10:12,475 [INFO]  Epoch[3] Time cost=0.010
2024-04-08 21:10:12,477 [INFO]  Saved checkpoint to "./imputer_model/25_hepatitis/imputer_model_albumin/model-0003.params"
2024-04-08 21:10:12,477 [INFO]  Epoch[3] Validation-cross-entropy=1.283743
2024-04-08 21:10:12,477 [INFO]  Epoch[3] Validation-albumin-accuracy=0.000000
2024-04-08 21:10:12,481 [INFO]  Epoch[4] Batch [0-4]	Speed: 21509.25 samples/sec	cross-entropy=0.554304	albumin-accuracy=0.000000
2024-04-08 21:10:12,483 [INFO]  Epoch[4] Train-cross-entropy=0.764554
2024-04-08 21:10:12,483 [INFO]  Epoch[4] Train-albumin-accuracy=0.000000
2024-04-08 21:10:12,483 [INFO]  Epoch[4] Time cost=0.005
2024-04-08 21:10:12,484 [INFO]  Saved checkpoint to "./imputer_model/25_hepatitis/imputer_model_albumin/model-0004.params"
2024-04-08 21:10:12,485 [INFO]  Epoch[4] Validation-cross-entropy=0.917031
2024-04-08 21:10:12,485 [INFO]  Epoch[4] Validation-albumin-accuracy=0.000000
2024-04-08 21:10:12,485 [INFO]  
========== done (0.046720266342163086 s) fit model
2024-04-08 21:10:16,098 [INFO]  
========== start: fit model
2024-04-08 21:10:16,098 [WARNING]  Already bound, ignoring bind()
2024-04-08 21:10:16,107 [INFO]  Epoch[0] Batch [0-4]	Speed: 13070.82 samples/sec	cross-entropy=17.260511	albumin-accuracy=0.000000
2024-04-08 21:10:16,109 [INFO]  Epoch[0] Train-cross-entropy=12.642336
2024-04-08 21:10:16,109 [INFO]  Epoch[0] Train-albumin-accuracy=0.000000
2024-04-08 21:10:16,110 [INFO]  Epoch[0] Time cost=0.011
2024-04-08 21:10:16,112 [INFO]  Saved checkpoint to "./imputer_model/25_hepatitis/imputer_model_albumin/model-0000.params"
2024-04-08 21:10:16,113 [INFO]  Epoch[0] Validation-cross-entropy=17.448988
2024-04-08 21:10:16,113 [INFO]  Epoch[0] Validation-albumin-accuracy=0.000000
2024-04-08 21:10:16,119 [INFO]  Epoch[1] Batch [0-4]	Speed: 14622.26 samples/sec	cross-entropy=6.319358	albumin-accuracy=0.000000
2024-04-08 21:10:16,121 [INFO]  Epoch[1] Train-cross-entropy=5.243661
2024-04-08 21:10:16,121 [INFO]  Epoch[1] Train-albumin-accuracy=0.000000
2024-04-08 21:10:16,121 [INFO]  Epoch[1] Time cost=0.008
2024-04-08 21:10:16,124 [INFO]  Saved checkpoint to "./imputer_model/25_hepatitis/imputer_model_albumin/model-0001.params"
2024-04-08 21:10:16,124 [INFO]  Epoch[1] Validation-cross-entropy=3.367420
2024-04-08 21:10:16,125 [INFO]  Epoch[1] Validation-albumin-accuracy=0.000000
2024-04-08 21:10:16,130 [INFO]  Epoch[2] Batch [0-4]	Speed: 14561.19 samples/sec	cross-entropy=1.898294	albumin-accuracy=0.000000
2024-04-08 21:10:16,133 [INFO]  Epoch[2] Train-cross-entropy=1.449652
2024-04-08 21:10:16,133 [INFO]  Epoch[2] Train-albumin-accuracy=0.000000
2024-04-08 21:10:16,133 [INFO]  Epoch[2] Time cost=0.008
2024-04-08 21:10:16,135 [INFO]  Saved checkpoint to "./imputer_model/25_hepatitis/imputer_model_albumin/model-0002.params"
2024-04-08 21:10:16,136 [INFO]  Epoch[2] Validation-cross-entropy=0.885583
2024-04-08 21:10:16,136 [INFO]  Epoch[2] Validation-albumin-accuracy=0.000000
2024-04-08 21:10:16,142 [INFO]  Epoch[3] Batch [0-4]	Speed: 14973.81 samples/sec	cross-entropy=0.501450	albumin-accuracy=0.000000
2024-04-08 21:10:16,145 [INFO]  Epoch[3] Train-cross-entropy=0.314066
2024-04-08 21:10:16,145 [INFO]  Epoch[3] Train-albumin-accuracy=0.000000
2024-04-08 21:10:16,145 [INFO]  Epoch[3] Time cost=0.009
2024-04-08 21:10:16,147 [INFO]  Saved checkpoint to "./imputer_model/25_hepatitis/imputer_model_albumin/model-0003.params"
2024-04-08 21:10:16,148 [INFO]  Epoch[3] Validation-cross-entropy=1.213812
2024-04-08 21:10:16,148 [INFO]  Epoch[3] Validation-albumin-accuracy=0.000000
2024-04-08 21:10:16,154 [INFO]  Epoch[4] Batch [0-4]	Speed: 14872.59 samples/sec	cross-entropy=0.384391	albumin-accuracy=0.000000
2024-04-08 21:10:16,157 [INFO]  Epoch[4] Train-cross-entropy=0.437648
2024-04-08 21:10:16,157 [INFO]  Epoch[4] Train-albumin-accuracy=0.000000
2024-04-08 21:10:16,157 [INFO]  Epoch[4] Time cost=0.008
2024-04-08 21:10:16,159 [INFO]  Saved checkpoint to "./imputer_model/25_hepatitis/imputer_model_albumin/model-0004.params"
2024-04-08 21:10:16,160 [INFO]  Epoch[4] Validation-cross-entropy=1.222904
2024-04-08 21:10:16,160 [INFO]  Epoch[4] Validation-albumin-accuracy=0.000000
2024-04-08 21:10:16,160 [INFO]  
========== done (0.06245279312133789 s) fit model
2024-04-08 21:10:19,609 [INFO]  
========== start: fit model
2024-04-08 21:10:19,609 [WARNING]  Already bound, ignoring bind()
2024-04-08 21:10:19,633 [INFO]  Epoch[0] Batch [0-4]	Speed: 5238.38 samples/sec	cross-entropy=12.323989	albumin-accuracy=3.600000
2024-04-08 21:10:19,636 [INFO]  Epoch[0] Train-cross-entropy=13.012771
2024-04-08 21:10:19,636 [INFO]  Epoch[0] Train-albumin-accuracy=3.000000
2024-04-08 21:10:19,636 [INFO]  Epoch[0] Time cost=0.026
2024-04-08 21:10:19,637 [INFO]  Saved checkpoint to "./imputer_model/25_hepatitis/imputer_model_albumin/model-0000.params"
2024-04-08 21:10:19,638 [INFO]  Epoch[0] Validation-cross-entropy=3.215968
2024-04-08 21:10:19,638 [INFO]  Epoch[0] Validation-albumin-accuracy=0.000000
2024-04-08 21:10:19,643 [INFO]  Epoch[1] Batch [0-4]	Speed: 16544.56 samples/sec	cross-entropy=4.613467	albumin-accuracy=3.600000
2024-04-08 21:10:19,644 [INFO]  Epoch[1] Train-cross-entropy=3.598641
2024-04-08 21:10:19,644 [INFO]  Epoch[1] Train-albumin-accuracy=3.000000
2024-04-08 21:10:19,644 [INFO]  Epoch[1] Time cost=0.007
2024-04-08 21:10:19,646 [INFO]  Saved checkpoint to "./imputer_model/25_hepatitis/imputer_model_albumin/model-0001.params"
2024-04-08 21:10:19,663 [INFO]  Epoch[1] Validation-cross-entropy=0.854767
2024-04-08 21:10:19,663 [INFO]  Epoch[1] Validation-albumin-accuracy=0.000000
2024-04-08 21:10:19,676 [INFO]  Epoch[2] Batch [0-4]	Speed: 20652.06 samples/sec	cross-entropy=1.731476	albumin-accuracy=3.600000
2024-04-08 21:10:19,677 [INFO]  Epoch[2] Train-cross-entropy=0.955366
2024-04-08 21:10:19,677 [INFO]  Epoch[2] Train-albumin-accuracy=3.000000
2024-04-08 21:10:19,677 [INFO]  Epoch[2] Time cost=0.015
2024-04-08 21:10:19,679 [INFO]  Saved checkpoint to "./imputer_model/25_hepatitis/imputer_model_albumin/model-0002.params"
2024-04-08 21:10:19,679 [INFO]  Epoch[2] Validation-cross-entropy=0.869071
2024-04-08 21:10:19,679 [INFO]  Epoch[2] Validation-albumin-accuracy=0.000000
2024-04-08 21:10:19,683 [INFO]  Epoch[3] Batch [0-4]	Speed: 22610.80 samples/sec	cross-entropy=0.712700	albumin-accuracy=3.600000
2024-04-08 21:10:19,685 [INFO]  Epoch[3] Train-cross-entropy=0.588625
2024-04-08 21:10:19,685 [INFO]  Epoch[3] Train-albumin-accuracy=3.000000
2024-04-08 21:10:19,685 [INFO]  Epoch[3] Time cost=0.005
2024-04-08 21:10:19,686 [INFO]  Saved checkpoint to "./imputer_model/25_hepatitis/imputer_model_albumin/model-0003.params"
2024-04-08 21:10:19,687 [INFO]  Epoch[3] Validation-cross-entropy=0.756043
2024-04-08 21:10:19,687 [INFO]  Epoch[3] Validation-albumin-accuracy=0.000000
2024-04-08 21:10:19,690 [INFO]  Epoch[4] Batch [0-4]	Speed: 22151.80 samples/sec	cross-entropy=0.384331	albumin-accuracy=3.600000
2024-04-08 21:10:19,692 [INFO]  Epoch[4] Train-cross-entropy=0.499926
2024-04-08 21:10:19,692 [INFO]  Epoch[4] Train-albumin-accuracy=3.000000
2024-04-08 21:10:19,692 [INFO]  Epoch[4] Time cost=0.005
2024-04-08 21:10:19,693 [INFO]  Saved checkpoint to "./imputer_model/25_hepatitis/imputer_model_albumin/model-0004.params"
2024-04-08 21:10:19,698 [INFO]  Epoch[4] Validation-cross-entropy=0.273335
2024-04-08 21:10:19,698 [INFO]  Epoch[4] Validation-albumin-accuracy=0.000000
2024-04-08 21:10:19,698 [INFO]  
========== done (0.0889272689819336 s) fit model
2024-04-08 21:10:22,986 [INFO]  
========== start: fit model
2024-04-08 21:10:22,986 [WARNING]  Already bound, ignoring bind()
2024-04-08 21:10:22,991 [INFO]  Epoch[0] Batch [0-4]	Speed: 20994.48 samples/sec	cross-entropy=8.758439	albumin-accuracy=0.000000
2024-04-08 21:10:22,993 [INFO]  Epoch[0] Train-cross-entropy=5.802197
2024-04-08 21:10:22,993 [INFO]  Epoch[0] Train-albumin-accuracy=0.000000
2024-04-08 21:10:22,993 [INFO]  Epoch[0] Time cost=0.006
2024-04-08 21:10:22,994 [INFO]  Saved checkpoint to "./imputer_model/25_hepatitis/imputer_model_albumin/model-0000.params"
2024-04-08 21:10:22,995 [INFO]  Epoch[0] Validation-cross-entropy=1.168509
2024-04-08 21:10:22,995 [INFO]  Epoch[0] Validation-albumin-accuracy=0.000000
2024-04-08 21:10:22,999 [INFO]  Epoch[1] Batch [0-4]	Speed: 21957.91 samples/sec	cross-entropy=2.054713	albumin-accuracy=0.000000
2024-04-08 21:10:23,000 [INFO]  Epoch[1] Train-cross-entropy=1.325672
2024-04-08 21:10:23,000 [INFO]  Epoch[1] Train-albumin-accuracy=0.000000
2024-04-08 21:10:23,000 [INFO]  Epoch[1] Time cost=0.005
2024-04-08 21:10:23,002 [INFO]  Saved checkpoint to "./imputer_model/25_hepatitis/imputer_model_albumin/model-0001.params"
2024-04-08 21:10:23,002 [INFO]  Epoch[1] Validation-cross-entropy=0.434592
2024-04-08 21:10:23,002 [INFO]  Epoch[1] Validation-albumin-accuracy=0.000000
2024-04-08 21:10:23,006 [INFO]  Epoch[2] Batch [0-4]	Speed: 20911.07 samples/sec	cross-entropy=0.696645	albumin-accuracy=0.000000
2024-04-08 21:10:23,008 [INFO]  Epoch[2] Train-cross-entropy=0.676555
2024-04-08 21:10:23,008 [INFO]  Epoch[2] Train-albumin-accuracy=0.000000
2024-04-08 21:10:23,008 [INFO]  Epoch[2] Time cost=0.006
2024-04-08 21:10:23,009 [INFO]  Saved checkpoint to "./imputer_model/25_hepatitis/imputer_model_albumin/model-0002.params"
2024-04-08 21:10:23,010 [INFO]  Epoch[2] Validation-cross-entropy=0.385492
2024-04-08 21:10:23,010 [INFO]  Epoch[2] Validation-albumin-accuracy=0.000000
2024-04-08 21:10:23,014 [INFO]  Epoch[3] Batch [0-4]	Speed: 22170.09 samples/sec	cross-entropy=0.741774	albumin-accuracy=0.000000
2024-04-08 21:10:23,015 [INFO]  Epoch[3] Train-cross-entropy=0.384847
2024-04-08 21:10:23,015 [INFO]  Epoch[3] Train-albumin-accuracy=0.000000
2024-04-08 21:10:23,015 [INFO]  Epoch[3] Time cost=0.005
2024-04-08 21:10:23,017 [INFO]  Saved checkpoint to "./imputer_model/25_hepatitis/imputer_model_albumin/model-0003.params"
2024-04-08 21:10:23,017 [INFO]  Epoch[3] Validation-cross-entropy=0.386680
2024-04-08 21:10:23,017 [INFO]  Epoch[3] Validation-albumin-accuracy=0.000000
2024-04-08 21:10:23,021 [INFO]  Epoch[4] Batch [0-4]	Speed: 22203.10 samples/sec	cross-entropy=0.524511	albumin-accuracy=0.000000
2024-04-08 21:10:23,022 [INFO]  Epoch[4] Train-cross-entropy=0.182998
2024-04-08 21:10:23,022 [INFO]  Epoch[4] Train-albumin-accuracy=0.000000
2024-04-08 21:10:23,022 [INFO]  Epoch[4] Time cost=0.005
2024-04-08 21:10:23,024 [INFO]  Saved checkpoint to "./imputer_model/25_hepatitis/imputer_model_albumin/model-0004.params"
2024-04-08 21:10:23,030 [INFO]  Epoch[4] Validation-cross-entropy=0.299363
2024-04-08 21:10:23,031 [INFO]  Epoch[4] Validation-albumin-accuracy=0.000000
2024-04-08 21:10:23,031 [INFO]  
========== done (0.04445481300354004 s) fit model
2024-04-08 21:10:26,150 [INFO]  
========== start: fit model
2024-04-08 21:10:26,150 [WARNING]  Already bound, ignoring bind()
2024-04-08 21:10:26,184 [INFO]  Epoch[0] Batch [0-4]	Speed: 21421.71 samples/sec	cross-entropy=13.984877	albumin-accuracy=3.000000
2024-04-08 21:10:26,186 [INFO]  Epoch[0] Train-cross-entropy=12.314571
2024-04-08 21:10:26,186 [INFO]  Epoch[0] Train-albumin-accuracy=5.500000
2024-04-08 21:10:26,186 [INFO]  Epoch[0] Time cost=0.035
2024-04-08 21:10:26,187 [INFO]  Saved checkpoint to "./imputer_model/25_hepatitis/imputer_model_albumin/model-0000.params"
2024-04-08 21:10:26,188 [INFO]  Epoch[0] Validation-cross-entropy=1.660679
2024-04-08 21:10:26,188 [INFO]  Epoch[0] Validation-albumin-accuracy=0.000000
2024-04-08 21:10:26,191 [INFO]  Epoch[1] Batch [0-4]	Speed: 29070.33 samples/sec	cross-entropy=5.193348	albumin-accuracy=3.000000
2024-04-08 21:10:26,192 [INFO]  Epoch[1] Train-cross-entropy=3.935112
2024-04-08 21:10:26,192 [INFO]  Epoch[1] Train-albumin-accuracy=5.500000
2024-04-08 21:10:26,192 [INFO]  Epoch[1] Time cost=0.004
2024-04-08 21:10:26,193 [INFO]  Saved checkpoint to "./imputer_model/25_hepatitis/imputer_model_albumin/model-0001.params"
2024-04-08 21:10:26,194 [INFO]  Epoch[1] Validation-cross-entropy=0.994093
2024-04-08 21:10:26,194 [INFO]  Epoch[1] Validation-albumin-accuracy=0.000000
2024-04-08 21:10:26,197 [INFO]  Epoch[2] Batch [0-4]	Speed: 27296.67 samples/sec	cross-entropy=1.675497	albumin-accuracy=3.000000
2024-04-08 21:10:26,198 [INFO]  Epoch[2] Train-cross-entropy=1.069422
2024-04-08 21:10:26,198 [INFO]  Epoch[2] Train-albumin-accuracy=5.500000
2024-04-08 21:10:26,198 [INFO]  Epoch[2] Time cost=0.004
2024-04-08 21:10:26,199 [INFO]  Saved checkpoint to "./imputer_model/25_hepatitis/imputer_model_albumin/model-0002.params"
2024-04-08 21:10:26,200 [INFO]  Epoch[2] Validation-cross-entropy=0.765418
2024-04-08 21:10:26,200 [INFO]  Epoch[2] Validation-albumin-accuracy=0.000000
2024-04-08 21:10:26,203 [INFO]  Epoch[3] Batch [0-4]	Speed: 25247.88 samples/sec	cross-entropy=0.737638	albumin-accuracy=3.000000
2024-04-08 21:10:26,206 [INFO]  Epoch[3] Train-cross-entropy=0.517237
2024-04-08 21:10:26,206 [INFO]  Epoch[3] Train-albumin-accuracy=5.500000
2024-04-08 21:10:26,206 [INFO]  Epoch[3] Time cost=0.006
2024-04-08 21:10:26,209 [INFO]  Saved checkpoint to "./imputer_model/25_hepatitis/imputer_model_albumin/model-0003.params"
2024-04-08 21:10:26,217 [INFO]  Epoch[3] Validation-cross-entropy=0.519995
2024-04-08 21:10:26,217 [INFO]  Epoch[3] Validation-albumin-accuracy=0.000000
2024-04-08 21:10:26,220 [INFO]  Epoch[4] Batch [0-4]	Speed: 21358.65 samples/sec	cross-entropy=0.712296	albumin-accuracy=3.000000
2024-04-08 21:10:26,222 [INFO]  Epoch[4] Train-cross-entropy=0.445449
2024-04-08 21:10:26,222 [INFO]  Epoch[4] Train-albumin-accuracy=5.500000
2024-04-08 21:10:26,222 [INFO]  Epoch[4] Time cost=0.005
2024-04-08 21:10:26,224 [INFO]  Saved checkpoint to "./imputer_model/25_hepatitis/imputer_model_albumin/model-0004.params"
2024-04-08 21:10:26,224 [INFO]  Epoch[4] Validation-cross-entropy=0.270046
2024-04-08 21:10:26,224 [INFO]  Epoch[4] Validation-albumin-accuracy=0.000000
2024-04-08 21:10:26,224 [INFO]  
========== done (0.07428479194641113 s) fit model
2024-04-08 21:10:29,643 [INFO]  
========== start: fit model
2024-04-08 21:10:29,643 [WARNING]  Already bound, ignoring bind()
2024-04-08 21:10:29,649 [INFO]  Epoch[0] Batch [0-4]	Speed: 20143.74 samples/sec	cross-entropy=8.854360	albumin-accuracy=2.600000
2024-04-08 21:10:29,650 [INFO]  Epoch[0] Train-cross-entropy=6.603012
2024-04-08 21:10:29,650 [INFO]  Epoch[0] Train-albumin-accuracy=4.000000
2024-04-08 21:10:29,651 [INFO]  Epoch[0] Time cost=0.006
2024-04-08 21:10:29,652 [INFO]  Saved checkpoint to "./imputer_model/25_hepatitis/imputer_model_albumin/model-0000.params"
2024-04-08 21:10:29,652 [INFO]  Epoch[0] Validation-cross-entropy=4.544093
2024-04-08 21:10:29,652 [INFO]  Epoch[0] Validation-albumin-accuracy=0.000000
2024-04-08 21:10:29,656 [INFO]  Epoch[1] Batch [0-4]	Speed: 23814.36 samples/sec	cross-entropy=2.493318	albumin-accuracy=2.600000
2024-04-08 21:10:29,715 [INFO]  Epoch[1] Train-cross-entropy=1.110230
2024-04-08 21:10:29,715 [INFO]  Epoch[1] Train-albumin-accuracy=4.000000
2024-04-08 21:10:29,715 [INFO]  Epoch[1] Time cost=0.063
2024-04-08 21:10:29,719 [INFO]  Saved checkpoint to "./imputer_model/25_hepatitis/imputer_model_albumin/model-0001.params"
2024-04-08 21:10:29,756 [INFO]  Epoch[1] Validation-cross-entropy=1.612360
2024-04-08 21:10:29,756 [INFO]  Epoch[1] Validation-albumin-accuracy=0.000000
2024-04-08 21:10:29,759 [INFO]  Epoch[2] Batch [0-4]	Speed: 28357.86 samples/sec	cross-entropy=0.737961	albumin-accuracy=2.600000
2024-04-08 21:10:29,760 [INFO]  Epoch[2] Train-cross-entropy=0.669500
2024-04-08 21:10:29,760 [INFO]  Epoch[2] Train-albumin-accuracy=4.000000
2024-04-08 21:10:29,760 [INFO]  Epoch[2] Time cost=0.004
2024-04-08 21:10:29,762 [INFO]  Saved checkpoint to "./imputer_model/25_hepatitis/imputer_model_albumin/model-0002.params"
2024-04-08 21:10:29,762 [INFO]  Epoch[2] Validation-cross-entropy=0.972124
2024-04-08 21:10:29,762 [INFO]  Epoch[2] Validation-albumin-accuracy=0.000000
2024-04-08 21:10:29,765 [INFO]  Epoch[3] Batch [0-4]	Speed: 28026.25 samples/sec	cross-entropy=0.397817	albumin-accuracy=2.600000
2024-04-08 21:10:29,766 [INFO]  Epoch[3] Train-cross-entropy=0.975701
2024-04-08 21:10:29,766 [INFO]  Epoch[3] Train-albumin-accuracy=4.000000
2024-04-08 21:10:29,766 [INFO]  Epoch[3] Time cost=0.004
2024-04-08 21:10:29,768 [INFO]  Saved checkpoint to "./imputer_model/25_hepatitis/imputer_model_albumin/model-0003.params"
2024-04-08 21:10:29,775 [INFO]  Epoch[3] Validation-cross-entropy=0.778979
2024-04-08 21:10:29,775 [INFO]  Epoch[3] Validation-albumin-accuracy=0.000000
2024-04-08 21:10:29,779 [INFO]  Epoch[4] Batch [0-4]	Speed: 20757.46 samples/sec	cross-entropy=0.387638	albumin-accuracy=2.600000
2024-04-08 21:10:29,781 [INFO]  Epoch[4] Train-cross-entropy=0.565266
2024-04-08 21:10:29,781 [INFO]  Epoch[4] Train-albumin-accuracy=4.000000
2024-04-08 21:10:29,781 [INFO]  Epoch[4] Time cost=0.006
2024-04-08 21:10:29,782 [INFO]  Saved checkpoint to "./imputer_model/25_hepatitis/imputer_model_albumin/model-0004.params"
2024-04-08 21:10:29,782 [INFO]  Epoch[4] Validation-cross-entropy=0.491583
2024-04-08 21:10:29,782 [INFO]  Epoch[4] Validation-albumin-accuracy=0.000000
2024-04-08 21:10:29,783 [INFO]  
========== done (0.13933062553405762 s) fit model
2024-04-08 21:10:33,101 [INFO]  
========== start: fit model
2024-04-08 21:10:33,101 [WARNING]  Already bound, ignoring bind()
2024-04-08 21:10:33,105 [INFO]  Epoch[0] Batch [0-4]	Speed: 27450.19 samples/sec	cross-entropy=12.056496	albumin-accuracy=3.400000
2024-04-08 21:10:33,107 [INFO]  Epoch[0] Train-cross-entropy=5.058355
2024-04-08 21:10:33,107 [INFO]  Epoch[0] Train-albumin-accuracy=2.000000
2024-04-08 21:10:33,107 [INFO]  Epoch[0] Time cost=0.005
2024-04-08 21:10:33,108 [INFO]  Saved checkpoint to "./imputer_model/25_hepatitis/imputer_model_albumin/model-0000.params"
2024-04-08 21:10:33,109 [INFO]  Epoch[0] Validation-cross-entropy=8.902535
2024-04-08 21:10:33,109 [INFO]  Epoch[0] Validation-albumin-accuracy=0.000000
2024-04-08 21:10:33,112 [INFO]  Epoch[1] Batch [0-4]	Speed: 26894.65 samples/sec	cross-entropy=4.081420	albumin-accuracy=3.400000
2024-04-08 21:10:33,113 [INFO]  Epoch[1] Train-cross-entropy=2.245336
2024-04-08 21:10:33,113 [INFO]  Epoch[1] Train-albumin-accuracy=2.000000
2024-04-08 21:10:33,113 [INFO]  Epoch[1] Time cost=0.004
2024-04-08 21:10:33,114 [INFO]  Saved checkpoint to "./imputer_model/25_hepatitis/imputer_model_albumin/model-0001.params"
2024-04-08 21:10:33,115 [INFO]  Epoch[1] Validation-cross-entropy=3.233107
2024-04-08 21:10:33,115 [INFO]  Epoch[1] Validation-albumin-accuracy=0.000000
2024-04-08 21:10:33,118 [INFO]  Epoch[2] Batch [0-4]	Speed: 27338.37 samples/sec	cross-entropy=1.903028	albumin-accuracy=3.400000
2024-04-08 21:10:33,119 [INFO]  Epoch[2] Train-cross-entropy=0.697444
2024-04-08 21:10:33,119 [INFO]  Epoch[2] Train-albumin-accuracy=2.000000
2024-04-08 21:10:33,120 [INFO]  Epoch[2] Time cost=0.004
2024-04-08 21:10:33,121 [INFO]  Saved checkpoint to "./imputer_model/25_hepatitis/imputer_model_albumin/model-0002.params"
2024-04-08 21:10:33,121 [INFO]  Epoch[2] Validation-cross-entropy=0.631105
2024-04-08 21:10:33,121 [INFO]  Epoch[2] Validation-albumin-accuracy=0.000000
2024-04-08 21:10:33,124 [INFO]  Epoch[3] Batch [0-4]	Speed: 28402.86 samples/sec	cross-entropy=0.977036	albumin-accuracy=3.400000
2024-04-08 21:10:33,126 [INFO]  Epoch[3] Train-cross-entropy=0.914355
2024-04-08 21:10:33,126 [INFO]  Epoch[3] Train-albumin-accuracy=2.000000
2024-04-08 21:10:33,126 [INFO]  Epoch[3] Time cost=0.004
2024-04-08 21:10:33,127 [INFO]  Saved checkpoint to "./imputer_model/25_hepatitis/imputer_model_albumin/model-0003.params"
2024-04-08 21:10:33,128 [INFO]  Epoch[3] Validation-cross-entropy=0.971458
2024-04-08 21:10:33,128 [INFO]  Epoch[3] Validation-albumin-accuracy=0.000000
2024-04-08 21:10:33,131 [INFO]  Epoch[4] Batch [0-4]	Speed: 27857.56 samples/sec	cross-entropy=0.649809	albumin-accuracy=3.400000
2024-04-08 21:10:33,132 [INFO]  Epoch[4] Train-cross-entropy=0.520106
2024-04-08 21:10:33,132 [INFO]  Epoch[4] Train-albumin-accuracy=2.000000
2024-04-08 21:10:33,132 [INFO]  Epoch[4] Time cost=0.004
2024-04-08 21:10:33,133 [INFO]  Saved checkpoint to "./imputer_model/25_hepatitis/imputer_model_albumin/model-0004.params"
2024-04-08 21:10:33,134 [INFO]  Epoch[4] Validation-cross-entropy=0.436453
2024-04-08 21:10:33,134 [INFO]  Epoch[4] Validation-albumin-accuracy=0.000000
2024-04-08 21:10:33,134 [INFO]  
========== done (0.03307914733886719 s) fit model
2024-04-08 21:10:36,727 [INFO]  
========== start: fit model
2024-04-08 21:10:36,727 [WARNING]  Already bound, ignoring bind()
2024-04-08 21:10:36,732 [INFO]  Epoch[0] Batch [0-4]	Speed: 21639.30 samples/sec	cross-entropy=13.193972	albumin-accuracy=0.000000
2024-04-08 21:10:36,734 [INFO]  Epoch[0] Train-cross-entropy=13.784146
2024-04-08 21:10:36,734 [INFO]  Epoch[0] Train-albumin-accuracy=0.000000
2024-04-08 21:10:36,734 [INFO]  Epoch[0] Time cost=0.006
2024-04-08 21:10:36,735 [INFO]  Saved checkpoint to "./imputer_model/25_hepatitis/imputer_model_albumin/model-0000.params"
2024-04-08 21:10:36,736 [INFO]  Epoch[0] Validation-cross-entropy=4.062495
2024-04-08 21:10:36,736 [INFO]  Epoch[0] Validation-albumin-accuracy=0.000000
2024-04-08 21:10:36,740 [INFO]  Epoch[1] Batch [0-4]	Speed: 21975.89 samples/sec	cross-entropy=3.809848	albumin-accuracy=0.000000
2024-04-08 21:10:36,741 [INFO]  Epoch[1] Train-cross-entropy=3.200870
2024-04-08 21:10:36,741 [INFO]  Epoch[1] Train-albumin-accuracy=0.000000
2024-04-08 21:10:36,742 [INFO]  Epoch[1] Time cost=0.005
2024-04-08 21:10:36,743 [INFO]  Saved checkpoint to "./imputer_model/25_hepatitis/imputer_model_albumin/model-0001.params"
2024-04-08 21:10:36,743 [INFO]  Epoch[1] Validation-cross-entropy=2.096047
2024-04-08 21:10:36,744 [INFO]  Epoch[1] Validation-albumin-accuracy=0.000000
2024-04-08 21:10:36,748 [INFO]  Epoch[2] Batch [0-4]	Speed: 20326.78 samples/sec	cross-entropy=0.676800	albumin-accuracy=0.000000
2024-04-08 21:10:36,749 [INFO]  Epoch[2] Train-cross-entropy=0.954125
2024-04-08 21:10:36,749 [INFO]  Epoch[2] Train-albumin-accuracy=0.000000
2024-04-08 21:10:36,749 [INFO]  Epoch[2] Time cost=0.006
2024-04-08 21:10:36,751 [INFO]  Saved checkpoint to "./imputer_model/25_hepatitis/imputer_model_albumin/model-0002.params"
2024-04-08 21:10:36,751 [INFO]  Epoch[2] Validation-cross-entropy=0.271936
2024-04-08 21:10:36,751 [INFO]  Epoch[2] Validation-albumin-accuracy=0.000000
2024-04-08 21:10:36,755 [INFO]  Epoch[3] Batch [0-4]	Speed: 21790.36 samples/sec	cross-entropy=0.463176	albumin-accuracy=0.000000
2024-04-08 21:10:36,757 [INFO]  Epoch[3] Train-cross-entropy=1.327094
2024-04-08 21:10:36,757 [INFO]  Epoch[3] Train-albumin-accuracy=0.000000
2024-04-08 21:10:36,757 [INFO]  Epoch[3] Time cost=0.005
2024-04-08 21:10:36,758 [INFO]  Saved checkpoint to "./imputer_model/25_hepatitis/imputer_model_albumin/model-0003.params"
2024-04-08 21:10:36,759 [INFO]  Epoch[3] Validation-cross-entropy=0.165763
2024-04-08 21:10:36,759 [INFO]  Epoch[3] Validation-albumin-accuracy=0.000000
2024-04-08 21:10:36,763 [INFO]  Epoch[4] Batch [0-4]	Speed: 21485.15 samples/sec	cross-entropy=0.568452	albumin-accuracy=0.000000
2024-04-08 21:10:36,764 [INFO]  Epoch[4] Train-cross-entropy=0.867489
2024-04-08 21:10:36,764 [INFO]  Epoch[4] Train-albumin-accuracy=0.000000
2024-04-08 21:10:36,765 [INFO]  Epoch[4] Time cost=0.006
2024-04-08 21:10:36,766 [INFO]  Saved checkpoint to "./imputer_model/25_hepatitis/imputer_model_albumin/model-0004.params"
2024-04-08 21:10:36,767 [INFO]  Epoch[4] Validation-cross-entropy=0.034551
2024-04-08 21:10:36,767 [INFO]  Epoch[4] Validation-albumin-accuracy=0.000000
2024-04-08 21:10:36,767 [INFO]  
========== done (0.03979086875915527 s) fit model
2024-04-08 21:10:40,365 [INFO]  
========== start: fit model
2024-04-08 21:10:40,365 [WARNING]  Already bound, ignoring bind()
2024-04-08 21:10:40,377 [INFO]  Epoch[0] Batch [0-4]	Speed: 6134.13 samples/sec	cross-entropy=5.984699	albumin-accuracy=0.000000
2024-04-08 21:10:40,382 [INFO]  Epoch[0] Train-cross-entropy=7.444690
2024-04-08 21:10:40,382 [INFO]  Epoch[0] Train-albumin-accuracy=0.000000
2024-04-08 21:10:40,382 [INFO]  Epoch[0] Time cost=0.016
2024-04-08 21:10:40,384 [INFO]  Saved checkpoint to "./imputer_model/25_hepatitis/imputer_model_albumin/model-0000.params"
2024-04-08 21:10:40,385 [INFO]  Epoch[0] Validation-cross-entropy=7.444716
2024-04-08 21:10:40,385 [INFO]  Epoch[0] Validation-albumin-accuracy=0.000000
2024-04-08 21:10:40,396 [INFO]  Epoch[1] Batch [0-4]	Speed: 10288.04 samples/sec	cross-entropy=1.364947	albumin-accuracy=0.000000
2024-04-08 21:10:40,397 [INFO]  Epoch[1] Train-cross-entropy=1.526976
2024-04-08 21:10:40,397 [INFO]  Epoch[1] Train-albumin-accuracy=0.000000
2024-04-08 21:10:40,398 [INFO]  Epoch[1] Time cost=0.012
2024-04-08 21:10:40,399 [INFO]  Saved checkpoint to "./imputer_model/25_hepatitis/imputer_model_albumin/model-0001.params"
2024-04-08 21:10:40,400 [INFO]  Epoch[1] Validation-cross-entropy=2.447818
2024-04-08 21:10:40,400 [INFO]  Epoch[1] Validation-albumin-accuracy=0.000000
2024-04-08 21:10:40,431 [INFO]  Epoch[2] Batch [0-4]	Speed: 4823.20 samples/sec	cross-entropy=0.521452	albumin-accuracy=0.000000
2024-04-08 21:10:40,433 [INFO]  Epoch[2] Train-cross-entropy=0.536798
2024-04-08 21:10:40,434 [INFO]  Epoch[2] Train-albumin-accuracy=0.000000
2024-04-08 21:10:40,434 [INFO]  Epoch[2] Time cost=0.034
2024-04-08 21:10:40,435 [INFO]  Saved checkpoint to "./imputer_model/25_hepatitis/imputer_model_albumin/model-0002.params"
2024-04-08 21:10:40,436 [INFO]  Epoch[2] Validation-cross-entropy=1.346648
2024-04-08 21:10:40,436 [INFO]  Epoch[2] Validation-albumin-accuracy=0.000000
2024-04-08 21:10:40,441 [INFO]  Epoch[3] Batch [0-4]	Speed: 15060.34 samples/sec	cross-entropy=0.692035	albumin-accuracy=0.000000
2024-04-08 21:10:40,447 [INFO]  Epoch[3] Train-cross-entropy=0.411089
2024-04-08 21:10:40,448 [INFO]  Epoch[3] Train-albumin-accuracy=0.000000
2024-04-08 21:10:40,448 [INFO]  Epoch[3] Time cost=0.012
2024-04-08 21:10:40,452 [INFO]  Saved checkpoint to "./imputer_model/25_hepatitis/imputer_model_albumin/model-0003.params"
2024-04-08 21:10:40,458 [INFO]  Epoch[3] Validation-cross-entropy=1.130674
2024-04-08 21:10:40,458 [INFO]  Epoch[3] Validation-albumin-accuracy=0.000000
2024-04-08 21:10:40,461 [INFO]  Epoch[4] Batch [0-4]	Speed: 27371.82 samples/sec	cross-entropy=0.472859	albumin-accuracy=0.000000
2024-04-08 21:10:40,462 [INFO]  Epoch[4] Train-cross-entropy=0.161624
2024-04-08 21:10:40,462 [INFO]  Epoch[4] Train-albumin-accuracy=0.000000
2024-04-08 21:10:40,462 [INFO]  Epoch[4] Time cost=0.004
2024-04-08 21:10:40,464 [INFO]  Saved checkpoint to "./imputer_model/25_hepatitis/imputer_model_albumin/model-0004.params"
2024-04-08 21:10:40,464 [INFO]  Epoch[4] Validation-cross-entropy=0.593149
2024-04-08 21:10:40,464 [INFO]  Epoch[4] Validation-albumin-accuracy=0.000000
2024-04-08 21:10:40,464 [INFO]  
========== done (0.09939455986022949 s) fit model
2024-04-08 21:10:43,822 [INFO]  
========== start: fit model
2024-04-08 21:10:43,822 [WARNING]  Already bound, ignoring bind()
2024-04-08 21:10:43,831 [INFO]  Epoch[0] Batch [0-4]	Speed: 13904.25 samples/sec	cross-entropy=15.944400	albumin-accuracy=0.000000
2024-04-08 21:10:43,833 [INFO]  Epoch[0] Train-cross-entropy=11.854900
2024-04-08 21:10:43,833 [INFO]  Epoch[0] Train-albumin-accuracy=0.000000
2024-04-08 21:10:43,833 [INFO]  Epoch[0] Time cost=0.010
2024-04-08 21:10:43,834 [INFO]  Saved checkpoint to "./imputer_model/25_hepatitis/imputer_model_albumin/model-0000.params"
2024-04-08 21:10:43,834 [INFO]  Epoch[0] Validation-cross-entropy=3.046015
2024-04-08 21:10:43,835 [INFO]  Epoch[0] Validation-albumin-accuracy=0.000000
2024-04-08 21:10:43,838 [INFO]  Epoch[1] Batch [0-4]	Speed: 24336.85 samples/sec	cross-entropy=4.902193	albumin-accuracy=0.000000
2024-04-08 21:10:43,839 [INFO]  Epoch[1] Train-cross-entropy=3.290268
2024-04-08 21:10:43,839 [INFO]  Epoch[1] Train-albumin-accuracy=0.000000
2024-04-08 21:10:43,839 [INFO]  Epoch[1] Time cost=0.005
2024-04-08 21:10:43,840 [INFO]  Saved checkpoint to "./imputer_model/25_hepatitis/imputer_model_albumin/model-0001.params"
2024-04-08 21:10:43,841 [INFO]  Epoch[1] Validation-cross-entropy=1.194130
2024-04-08 21:10:43,841 [INFO]  Epoch[1] Validation-albumin-accuracy=0.000000
2024-04-08 21:10:43,844 [INFO]  Epoch[2] Batch [0-4]	Speed: 26069.29 samples/sec	cross-entropy=1.197371	albumin-accuracy=0.000000
2024-04-08 21:10:43,845 [INFO]  Epoch[2] Train-cross-entropy=0.383621
2024-04-08 21:10:43,845 [INFO]  Epoch[2] Train-albumin-accuracy=0.000000
2024-04-08 21:10:43,845 [INFO]  Epoch[2] Time cost=0.004
2024-04-08 21:10:43,847 [INFO]  Saved checkpoint to "./imputer_model/25_hepatitis/imputer_model_albumin/model-0002.params"
2024-04-08 21:10:43,851 [INFO]  Epoch[2] Validation-cross-entropy=0.642519
2024-04-08 21:10:43,851 [INFO]  Epoch[2] Validation-albumin-accuracy=0.000000
2024-04-08 21:10:43,858 [INFO]  Epoch[3] Batch [0-4]	Speed: 28627.01 samples/sec	cross-entropy=0.780192	albumin-accuracy=0.000000
2024-04-08 21:10:43,859 [INFO]  Epoch[3] Train-cross-entropy=0.469734
2024-04-08 21:10:43,859 [INFO]  Epoch[3] Train-albumin-accuracy=0.000000
2024-04-08 21:10:43,859 [INFO]  Epoch[3] Time cost=0.008
2024-04-08 21:10:43,861 [INFO]  Saved checkpoint to "./imputer_model/25_hepatitis/imputer_model_albumin/model-0003.params"
2024-04-08 21:10:43,861 [INFO]  Epoch[3] Validation-cross-entropy=0.394769
2024-04-08 21:10:43,861 [INFO]  Epoch[3] Validation-albumin-accuracy=0.000000
2024-04-08 21:10:43,864 [INFO]  Epoch[4] Batch [0-4]	Speed: 28457.06 samples/sec	cross-entropy=0.881316	albumin-accuracy=0.000000
2024-04-08 21:10:43,865 [INFO]  Epoch[4] Train-cross-entropy=0.481855
2024-04-08 21:10:43,865 [INFO]  Epoch[4] Train-albumin-accuracy=0.000000
2024-04-08 21:10:43,865 [INFO]  Epoch[4] Time cost=0.004
2024-04-08 21:10:43,866 [INFO]  Saved checkpoint to "./imputer_model/25_hepatitis/imputer_model_albumin/model-0004.params"
2024-04-08 21:10:43,867 [INFO]  Epoch[4] Validation-cross-entropy=0.262204
2024-04-08 21:10:43,867 [INFO]  Epoch[4] Validation-albumin-accuracy=0.000000
2024-04-08 21:10:43,867 [INFO]  
========== done (0.045060157775878906 s) fit model
2024-04-08 21:10:47,223 [INFO]  
========== start: fit model
2024-04-08 21:10:47,224 [WARNING]  Already bound, ignoring bind()
2024-04-08 21:10:47,228 [INFO]  Epoch[0] Batch [0-4]	Speed: 25950.84 samples/sec	cross-entropy=14.709413	albumin-accuracy=3.000000
2024-04-08 21:10:47,230 [INFO]  Epoch[0] Train-cross-entropy=3.951597
2024-04-08 21:10:47,230 [INFO]  Epoch[0] Train-albumin-accuracy=4.000000
2024-04-08 21:10:47,230 [INFO]  Epoch[0] Time cost=0.005
2024-04-08 21:10:47,233 [INFO]  Saved checkpoint to "./imputer_model/25_hepatitis/imputer_model_albumin/model-0000.params"
2024-04-08 21:10:47,234 [INFO]  Epoch[0] Validation-cross-entropy=1.163484
2024-04-08 21:10:47,234 [INFO]  Epoch[0] Validation-albumin-accuracy=0.000000
2024-04-08 21:10:47,241 [INFO]  Epoch[1] Batch [0-4]	Speed: 12600.24 samples/sec	cross-entropy=4.796844	albumin-accuracy=3.000000
2024-04-08 21:10:47,243 [INFO]  Epoch[1] Train-cross-entropy=1.230541
2024-04-08 21:10:47,243 [INFO]  Epoch[1] Train-albumin-accuracy=4.000000
2024-04-08 21:10:47,243 [INFO]  Epoch[1] Time cost=0.009
2024-04-08 21:10:47,246 [INFO]  Saved checkpoint to "./imputer_model/25_hepatitis/imputer_model_albumin/model-0001.params"
2024-04-08 21:10:47,246 [INFO]  Epoch[1] Validation-cross-entropy=0.562401
2024-04-08 21:10:47,246 [INFO]  Epoch[1] Validation-albumin-accuracy=0.000000
2024-04-08 21:10:47,260 [INFO]  Epoch[2] Batch [0-4]	Speed: 22892.33 samples/sec	cross-entropy=0.860963	albumin-accuracy=3.000000
2024-04-08 21:10:47,262 [INFO]  Epoch[2] Train-cross-entropy=0.276443
2024-04-08 21:10:47,262 [INFO]  Epoch[2] Train-albumin-accuracy=4.000000
2024-04-08 21:10:47,262 [INFO]  Epoch[2] Time cost=0.015
2024-04-08 21:10:47,263 [INFO]  Saved checkpoint to "./imputer_model/25_hepatitis/imputer_model_albumin/model-0002.params"
2024-04-08 21:10:47,264 [INFO]  Epoch[2] Validation-cross-entropy=0.257493
2024-04-08 21:10:47,264 [INFO]  Epoch[2] Validation-albumin-accuracy=0.000000
2024-04-08 21:10:47,268 [INFO]  Epoch[3] Batch [0-4]	Speed: 23497.50 samples/sec	cross-entropy=0.492543	albumin-accuracy=3.000000
2024-04-08 21:10:47,273 [INFO]  Epoch[3] Train-cross-entropy=0.173991
2024-04-08 21:10:47,273 [INFO]  Epoch[3] Train-albumin-accuracy=4.000000
2024-04-08 21:10:47,273 [INFO]  Epoch[3] Time cost=0.009
2024-04-08 21:10:47,275 [INFO]  Saved checkpoint to "./imputer_model/25_hepatitis/imputer_model_albumin/model-0003.params"
2024-04-08 21:10:47,276 [INFO]  Epoch[3] Validation-cross-entropy=0.115139
2024-04-08 21:10:47,276 [INFO]  Epoch[3] Validation-albumin-accuracy=0.000000
2024-04-08 21:10:47,279 [INFO]  Epoch[4] Batch [0-4]	Speed: 22762.27 samples/sec	cross-entropy=0.739713	albumin-accuracy=3.000000
2024-04-08 21:10:47,281 [INFO]  Epoch[4] Train-cross-entropy=0.200998
2024-04-08 21:10:47,281 [INFO]  Epoch[4] Train-albumin-accuracy=4.000000
2024-04-08 21:10:47,281 [INFO]  Epoch[4] Time cost=0.005
2024-04-08 21:10:47,282 [INFO]  Saved checkpoint to "./imputer_model/25_hepatitis/imputer_model_albumin/model-0004.params"
2024-04-08 21:10:47,283 [INFO]  Epoch[4] Validation-cross-entropy=0.116638
2024-04-08 21:10:47,283 [INFO]  Epoch[4] Validation-albumin-accuracy=0.000000
2024-04-08 21:10:47,283 [INFO]  
========== done (0.05952739715576172 s) fit model
2024-04-08 21:10:50,680 [INFO]  
========== start: fit model
2024-04-08 21:10:50,680 [WARNING]  Already bound, ignoring bind()
2024-04-08 21:10:50,685 [INFO]  Epoch[0] Batch [0-4]	Speed: 21317.94 samples/sec	cross-entropy=15.859843	albumin-accuracy=3.000000
2024-04-08 21:10:50,687 [INFO]  Epoch[0] Train-cross-entropy=10.185825
2024-04-08 21:10:50,687 [INFO]  Epoch[0] Train-albumin-accuracy=3.000000
2024-04-08 21:10:50,687 [INFO]  Epoch[0] Time cost=0.006
2024-04-08 21:10:50,688 [INFO]  Saved checkpoint to "./imputer_model/25_hepatitis/imputer_model_albumin/model-0000.params"
2024-04-08 21:10:50,689 [INFO]  Epoch[0] Validation-cross-entropy=18.584124
2024-04-08 21:10:50,689 [INFO]  Epoch[0] Validation-albumin-accuracy=0.000000
2024-04-08 21:10:50,693 [INFO]  Epoch[1] Batch [0-4]	Speed: 20930.64 samples/sec	cross-entropy=6.401147	albumin-accuracy=3.000000
2024-04-08 21:10:50,695 [INFO]  Epoch[1] Train-cross-entropy=3.916414
2024-04-08 21:10:50,695 [INFO]  Epoch[1] Train-albumin-accuracy=3.000000
2024-04-08 21:10:50,695 [INFO]  Epoch[1] Time cost=0.006
2024-04-08 21:10:50,697 [INFO]  Saved checkpoint to "./imputer_model/25_hepatitis/imputer_model_albumin/model-0001.params"
2024-04-08 21:10:50,700 [INFO]  Epoch[1] Validation-cross-entropy=8.708365
2024-04-08 21:10:50,700 [INFO]  Epoch[1] Validation-albumin-accuracy=0.000000
2024-04-08 21:10:50,705 [INFO]  Epoch[2] Batch [0-4]	Speed: 14278.48 samples/sec	cross-entropy=2.193591	albumin-accuracy=3.000000
2024-04-08 21:10:50,707 [INFO]  Epoch[2] Train-cross-entropy=1.133836
2024-04-08 21:10:50,708 [INFO]  Epoch[2] Train-albumin-accuracy=3.000000
2024-04-08 21:10:50,708 [INFO]  Epoch[2] Time cost=0.008
2024-04-08 21:10:50,709 [INFO]  Saved checkpoint to "./imputer_model/25_hepatitis/imputer_model_albumin/model-0002.params"
2024-04-08 21:10:50,710 [INFO]  Epoch[2] Validation-cross-entropy=4.038785
2024-04-08 21:10:50,710 [INFO]  Epoch[2] Validation-albumin-accuracy=0.000000
2024-04-08 21:10:50,715 [INFO]  Epoch[3] Batch [0-4]	Speed: 15756.03 samples/sec	cross-entropy=0.867536	albumin-accuracy=3.000000
2024-04-08 21:10:50,716 [INFO]  Epoch[3] Train-cross-entropy=0.675564
2024-04-08 21:10:50,717 [INFO]  Epoch[3] Train-albumin-accuracy=3.000000
2024-04-08 21:10:50,717 [INFO]  Epoch[3] Time cost=0.007
2024-04-08 21:10:50,719 [INFO]  Saved checkpoint to "./imputer_model/25_hepatitis/imputer_model_albumin/model-0003.params"
2024-04-08 21:10:50,719 [INFO]  Epoch[3] Validation-cross-entropy=1.954929
2024-04-08 21:10:50,719 [INFO]  Epoch[3] Validation-albumin-accuracy=0.000000
2024-04-08 21:10:50,723 [INFO]  Epoch[4] Batch [0-4]	Speed: 24945.21 samples/sec	cross-entropy=0.707839	albumin-accuracy=3.000000
2024-04-08 21:10:50,724 [INFO]  Epoch[4] Train-cross-entropy=0.646296
2024-04-08 21:10:50,724 [INFO]  Epoch[4] Train-albumin-accuracy=3.000000
2024-04-08 21:10:50,724 [INFO]  Epoch[4] Time cost=0.005
2024-04-08 21:10:50,726 [INFO]  Saved checkpoint to "./imputer_model/25_hepatitis/imputer_model_albumin/model-0004.params"
2024-04-08 21:10:50,726 [INFO]  Epoch[4] Validation-cross-entropy=1.081175
2024-04-08 21:10:50,727 [INFO]  Epoch[4] Validation-albumin-accuracy=0.000000
2024-04-08 21:10:50,727 [INFO]  
========== done (0.04686689376831055 s) fit model
2024-04-08 21:10:54,015 [INFO]  
========== start: fit model
2024-04-08 21:10:54,015 [WARNING]  Already bound, ignoring bind()
2024-04-08 21:10:54,025 [INFO]  Epoch[0] Batch [0-4]	Speed: 8988.30 samples/sec	cross-entropy=23.700839	albumin-accuracy=0.000000
2024-04-08 21:10:54,026 [INFO]  Epoch[0] Train-cross-entropy=6.389138
2024-04-08 21:10:54,026 [INFO]  Epoch[0] Train-albumin-accuracy=0.000000
2024-04-08 21:10:54,026 [INFO]  Epoch[0] Time cost=0.010
2024-04-08 21:10:54,028 [INFO]  Saved checkpoint to "./imputer_model/25_hepatitis/imputer_model_albumin/model-0000.params"
2024-04-08 21:10:54,028 [INFO]  Epoch[0] Validation-cross-entropy=5.644189
2024-04-08 21:10:54,028 [INFO]  Epoch[0] Validation-albumin-accuracy=0.000000
2024-04-08 21:10:54,032 [INFO]  Epoch[1] Batch [0-4]	Speed: 20431.99 samples/sec	cross-entropy=10.473634	albumin-accuracy=0.000000
2024-04-08 21:10:54,034 [INFO]  Epoch[1] Train-cross-entropy=2.970777
2024-04-08 21:10:54,034 [INFO]  Epoch[1] Train-albumin-accuracy=0.000000
2024-04-08 21:10:54,034 [INFO]  Epoch[1] Time cost=0.006
2024-04-08 21:10:54,035 [INFO]  Saved checkpoint to "./imputer_model/25_hepatitis/imputer_model_albumin/model-0001.params"
2024-04-08 21:10:54,036 [INFO]  Epoch[1] Validation-cross-entropy=2.357179
2024-04-08 21:10:54,036 [INFO]  Epoch[1] Validation-albumin-accuracy=0.000000
2024-04-08 21:10:54,040 [INFO]  Epoch[2] Batch [0-4]	Speed: 19854.69 samples/sec	cross-entropy=4.731470	albumin-accuracy=0.000000
2024-04-08 21:10:54,042 [INFO]  Epoch[2] Train-cross-entropy=1.541115
2024-04-08 21:10:54,042 [INFO]  Epoch[2] Train-albumin-accuracy=0.000000
2024-04-08 21:10:54,042 [INFO]  Epoch[2] Time cost=0.006
2024-04-08 21:10:54,044 [INFO]  Saved checkpoint to "./imputer_model/25_hepatitis/imputer_model_albumin/model-0002.params"
2024-04-08 21:10:54,045 [INFO]  Epoch[2] Validation-cross-entropy=1.693891
2024-04-08 21:10:54,045 [INFO]  Epoch[2] Validation-albumin-accuracy=0.000000
2024-04-08 21:10:54,122 [INFO]  Epoch[3] Batch [0-4]	Speed: 27557.28 samples/sec	cross-entropy=1.631763	albumin-accuracy=0.000000
2024-04-08 21:10:54,123 [INFO]  Epoch[3] Train-cross-entropy=0.707141
2024-04-08 21:10:54,123 [INFO]  Epoch[3] Train-albumin-accuracy=0.000000
2024-04-08 21:10:54,123 [INFO]  Epoch[3] Time cost=0.079
2024-04-08 21:10:54,125 [INFO]  Saved checkpoint to "./imputer_model/25_hepatitis/imputer_model_albumin/model-0003.params"
2024-04-08 21:10:54,125 [INFO]  Epoch[3] Validation-cross-entropy=0.934900
2024-04-08 21:10:54,125 [INFO]  Epoch[3] Validation-albumin-accuracy=0.000000
2024-04-08 21:10:54,128 [INFO]  Epoch[4] Batch [0-4]	Speed: 25250.25 samples/sec	cross-entropy=0.659877	albumin-accuracy=0.000000
2024-04-08 21:10:54,130 [INFO]  Epoch[4] Train-cross-entropy=0.330845
2024-04-08 21:10:54,130 [INFO]  Epoch[4] Train-albumin-accuracy=0.000000
2024-04-08 21:10:54,130 [INFO]  Epoch[4] Time cost=0.005
2024-04-08 21:10:54,131 [INFO]  Saved checkpoint to "./imputer_model/25_hepatitis/imputer_model_albumin/model-0004.params"
2024-04-08 21:10:54,132 [INFO]  Epoch[4] Validation-cross-entropy=0.259298
2024-04-08 21:10:54,132 [INFO]  Epoch[4] Validation-albumin-accuracy=0.000000
2024-04-08 21:10:54,132 [INFO]  
========== done (0.1169281005859375 s) fit model
2024-04-08 21:10:57,547 [INFO]  
========== start: fit model
2024-04-08 21:10:57,547 [WARNING]  Already bound, ignoring bind()
2024-04-08 21:10:57,552 [INFO]  Epoch[0] Batch [0-4]	Speed: 20610.83 samples/sec	cross-entropy=14.926308	albumin-accuracy=2.400000
2024-04-08 21:10:57,554 [INFO]  Epoch[0] Train-cross-entropy=12.452957
2024-04-08 21:10:57,554 [INFO]  Epoch[0] Train-albumin-accuracy=3.000000
2024-04-08 21:10:57,554 [INFO]  Epoch[0] Time cost=0.006
2024-04-08 21:10:57,556 [INFO]  Saved checkpoint to "./imputer_model/25_hepatitis/imputer_model_albumin/model-0000.params"
2024-04-08 21:10:57,556 [INFO]  Epoch[0] Validation-cross-entropy=3.053696
2024-04-08 21:10:57,556 [INFO]  Epoch[0] Validation-albumin-accuracy=0.000000
2024-04-08 21:10:57,560 [INFO]  Epoch[1] Batch [0-4]	Speed: 20807.34 samples/sec	cross-entropy=5.019560	albumin-accuracy=2.400000
2024-04-08 21:10:57,562 [INFO]  Epoch[1] Train-cross-entropy=4.410508
2024-04-08 21:10:57,562 [INFO]  Epoch[1] Train-albumin-accuracy=3.000000
2024-04-08 21:10:57,562 [INFO]  Epoch[1] Time cost=0.006
2024-04-08 21:10:57,566 [INFO]  Saved checkpoint to "./imputer_model/25_hepatitis/imputer_model_albumin/model-0001.params"
2024-04-08 21:10:57,576 [INFO]  Epoch[1] Validation-cross-entropy=1.336119
2024-04-08 21:10:57,576 [INFO]  Epoch[1] Validation-albumin-accuracy=0.000000
2024-04-08 21:10:57,603 [INFO]  Epoch[2] Batch [0-4]	Speed: 2584.51 samples/sec	cross-entropy=1.990551	albumin-accuracy=2.400000
2024-04-08 21:10:57,608 [INFO]  Epoch[2] Train-cross-entropy=1.020642
2024-04-08 21:10:57,608 [INFO]  Epoch[2] Train-albumin-accuracy=3.000000
2024-04-08 21:10:57,608 [INFO]  Epoch[2] Time cost=0.031
2024-04-08 21:10:57,609 [INFO]  Saved checkpoint to "./imputer_model/25_hepatitis/imputer_model_albumin/model-0002.params"
2024-04-08 21:10:57,610 [INFO]  Epoch[2] Validation-cross-entropy=0.438938
2024-04-08 21:10:57,610 [INFO]  Epoch[2] Validation-albumin-accuracy=0.000000
2024-04-08 21:10:57,626 [INFO]  Epoch[3] Batch [0-4]	Speed: 4190.05 samples/sec	cross-entropy=0.811176	albumin-accuracy=2.400000
2024-04-08 21:10:57,629 [INFO]  Epoch[3] Train-cross-entropy=0.611743
2024-04-08 21:10:57,629 [INFO]  Epoch[3] Train-albumin-accuracy=3.000000
2024-04-08 21:10:57,629 [INFO]  Epoch[3] Time cost=0.018
2024-04-08 21:10:57,630 [INFO]  Saved checkpoint to "./imputer_model/25_hepatitis/imputer_model_albumin/model-0003.params"
2024-04-08 21:10:57,631 [INFO]  Epoch[3] Validation-cross-entropy=0.105329
2024-04-08 21:10:57,631 [INFO]  Epoch[3] Validation-albumin-accuracy=0.000000
2024-04-08 21:10:57,636 [INFO]  Epoch[4] Batch [0-4]	Speed: 16044.20 samples/sec	cross-entropy=0.716554	albumin-accuracy=2.400000
2024-04-08 21:10:57,665 [INFO]  Epoch[4] Train-cross-entropy=0.860142
2024-04-08 21:10:57,665 [INFO]  Epoch[4] Train-albumin-accuracy=3.000000
2024-04-08 21:10:57,665 [INFO]  Epoch[4] Time cost=0.034
2024-04-08 21:10:57,667 [INFO]  Saved checkpoint to "./imputer_model/25_hepatitis/imputer_model_albumin/model-0004.params"
2024-04-08 21:10:57,672 [INFO]  Epoch[4] Validation-cross-entropy=0.087295
2024-04-08 21:10:57,672 [INFO]  Epoch[4] Validation-albumin-accuracy=0.000000
2024-04-08 21:10:57,672 [INFO]  
========== done (0.12553119659423828 s) fit model
2024-04-08 21:11:01,454 [INFO]  
========== start: fit model
2024-04-08 21:11:01,454 [WARNING]  Already bound, ignoring bind()
2024-04-08 21:11:01,459 [INFO]  Epoch[0] Batch [0-4]	Speed: 21672.49 samples/sec	cross-entropy=13.037634	albumin-accuracy=2.600000
2024-04-08 21:11:01,461 [INFO]  Epoch[0] Train-cross-entropy=9.552901
2024-04-08 21:11:01,461 [INFO]  Epoch[0] Train-albumin-accuracy=3.500000
2024-04-08 21:11:01,461 [INFO]  Epoch[0] Time cost=0.006
2024-04-08 21:11:01,462 [INFO]  Saved checkpoint to "./imputer_model/25_hepatitis/imputer_model_albumin/model-0000.params"
2024-04-08 21:11:01,463 [INFO]  Epoch[0] Validation-cross-entropy=3.394593
2024-04-08 21:11:01,463 [INFO]  Epoch[0] Validation-albumin-accuracy=0.000000
2024-04-08 21:11:01,467 [INFO]  Epoch[1] Batch [0-4]	Speed: 21800.98 samples/sec	cross-entropy=3.995629	albumin-accuracy=2.600000
2024-04-08 21:11:01,468 [INFO]  Epoch[1] Train-cross-entropy=2.055005
2024-04-08 21:11:01,469 [INFO]  Epoch[1] Train-albumin-accuracy=3.500000
2024-04-08 21:11:01,469 [INFO]  Epoch[1] Time cost=0.006
2024-04-08 21:11:01,470 [INFO]  Saved checkpoint to "./imputer_model/25_hepatitis/imputer_model_albumin/model-0001.params"
2024-04-08 21:11:01,471 [INFO]  Epoch[1] Validation-cross-entropy=0.811139
2024-04-08 21:11:01,471 [INFO]  Epoch[1] Validation-albumin-accuracy=0.000000
2024-04-08 21:11:01,485 [INFO]  Epoch[2] Batch [0-4]	Speed: 4872.41 samples/sec	cross-entropy=0.860312	albumin-accuracy=2.600000
2024-04-08 21:11:01,501 [INFO]  Epoch[2] Train-cross-entropy=0.714067
2024-04-08 21:11:01,501 [INFO]  Epoch[2] Train-albumin-accuracy=3.500000
2024-04-08 21:11:01,501 [INFO]  Epoch[2] Time cost=0.030
2024-04-08 21:11:01,503 [INFO]  Saved checkpoint to "./imputer_model/25_hepatitis/imputer_model_albumin/model-0002.params"
2024-04-08 21:11:01,522 [INFO]  Epoch[2] Validation-cross-entropy=0.377284
2024-04-08 21:11:01,522 [INFO]  Epoch[2] Validation-albumin-accuracy=0.000000
2024-04-08 21:11:01,527 [INFO]  Epoch[3] Batch [0-4]	Speed: 15373.43 samples/sec	cross-entropy=0.596464	albumin-accuracy=2.600000
2024-04-08 21:11:01,529 [INFO]  Epoch[3] Train-cross-entropy=0.779276
2024-04-08 21:11:01,530 [INFO]  Epoch[3] Train-albumin-accuracy=3.500000
2024-04-08 21:11:01,530 [INFO]  Epoch[3] Time cost=0.008
2024-04-08 21:11:01,531 [INFO]  Saved checkpoint to "./imputer_model/25_hepatitis/imputer_model_albumin/model-0003.params"
2024-04-08 21:11:01,532 [INFO]  Epoch[3] Validation-cross-entropy=0.285796
2024-04-08 21:11:01,532 [INFO]  Epoch[3] Validation-albumin-accuracy=0.000000
2024-04-08 21:11:01,537 [INFO]  Epoch[4] Batch [0-4]	Speed: 15462.87 samples/sec	cross-entropy=0.609776	albumin-accuracy=2.600000
2024-04-08 21:11:01,547 [INFO]  Epoch[4] Train-cross-entropy=0.505007
2024-04-08 21:11:01,548 [INFO]  Epoch[4] Train-albumin-accuracy=3.500000
2024-04-08 21:11:01,548 [INFO]  Epoch[4] Time cost=0.016
2024-04-08 21:11:01,549 [INFO]  Saved checkpoint to "./imputer_model/25_hepatitis/imputer_model_albumin/model-0004.params"
2024-04-08 21:11:01,550 [INFO]  Epoch[4] Validation-cross-entropy=0.156060
2024-04-08 21:11:01,550 [INFO]  Epoch[4] Validation-albumin-accuracy=0.000000
2024-04-08 21:11:01,550 [INFO]  
========== done (0.09647297859191895 s) fit model
2024-04-08 21:11:05,169 [INFO]  
========== start: fit model
2024-04-08 21:11:05,169 [WARNING]  Already bound, ignoring bind()
2024-04-08 21:11:05,185 [INFO]  Epoch[0] Batch [0-4]	Speed: 20938.80 samples/sec	cross-entropy=20.091165	albumin-accuracy=3.000000
2024-04-08 21:11:05,187 [INFO]  Epoch[0] Train-cross-entropy=17.657134
2024-04-08 21:11:05,187 [INFO]  Epoch[0] Train-albumin-accuracy=2.000000
2024-04-08 21:11:05,187 [INFO]  Epoch[0] Time cost=0.017
2024-04-08 21:11:05,188 [INFO]  Saved checkpoint to "./imputer_model/25_hepatitis/imputer_model_albumin/model-0000.params"
2024-04-08 21:11:05,189 [INFO]  Epoch[0] Validation-cross-entropy=2.210755
2024-04-08 21:11:05,189 [INFO]  Epoch[0] Validation-albumin-accuracy=0.000000
2024-04-08 21:11:05,193 [INFO]  Epoch[1] Batch [0-4]	Speed: 21121.68 samples/sec	cross-entropy=6.302938	albumin-accuracy=3.000000
2024-04-08 21:11:05,194 [INFO]  Epoch[1] Train-cross-entropy=5.176779
2024-04-08 21:11:05,194 [INFO]  Epoch[1] Train-albumin-accuracy=2.000000
2024-04-08 21:11:05,194 [INFO]  Epoch[1] Time cost=0.006
2024-04-08 21:11:05,196 [INFO]  Saved checkpoint to "./imputer_model/25_hepatitis/imputer_model_albumin/model-0001.params"
2024-04-08 21:11:05,196 [INFO]  Epoch[1] Validation-cross-entropy=0.911484
2024-04-08 21:11:05,196 [INFO]  Epoch[1] Validation-albumin-accuracy=0.000000
2024-04-08 21:11:05,209 [INFO]  Epoch[2] Batch [0-4]	Speed: 5439.75 samples/sec	cross-entropy=1.691902	albumin-accuracy=3.000000
2024-04-08 21:11:05,211 [INFO]  Epoch[2] Train-cross-entropy=0.983001
2024-04-08 21:11:05,211 [INFO]  Epoch[2] Train-albumin-accuracy=2.000000
2024-04-08 21:11:05,211 [INFO]  Epoch[2] Time cost=0.014
2024-04-08 21:11:05,212 [INFO]  Saved checkpoint to "./imputer_model/25_hepatitis/imputer_model_albumin/model-0002.params"
2024-04-08 21:11:05,213 [INFO]  Epoch[2] Validation-cross-entropy=0.400770
2024-04-08 21:11:05,213 [INFO]  Epoch[2] Validation-albumin-accuracy=0.000000
2024-04-08 21:11:05,216 [INFO]  Epoch[3] Batch [0-4]	Speed: 24929.00 samples/sec	cross-entropy=0.793427	albumin-accuracy=3.000000
2024-04-08 21:11:05,218 [INFO]  Epoch[3] Train-cross-entropy=0.565033
2024-04-08 21:11:05,218 [INFO]  Epoch[3] Train-albumin-accuracy=2.000000
2024-04-08 21:11:05,218 [INFO]  Epoch[3] Time cost=0.005
2024-04-08 21:11:05,219 [INFO]  Saved checkpoint to "./imputer_model/25_hepatitis/imputer_model_albumin/model-0003.params"
2024-04-08 21:11:05,219 [INFO]  Epoch[3] Validation-cross-entropy=0.174150
2024-04-08 21:11:05,219 [INFO]  Epoch[3] Validation-albumin-accuracy=0.000000
2024-04-08 21:11:05,222 [INFO]  Epoch[4] Batch [0-4]	Speed: 28645.34 samples/sec	cross-entropy=0.652102	albumin-accuracy=3.000000
2024-04-08 21:11:05,223 [INFO]  Epoch[4] Train-cross-entropy=0.311621
2024-04-08 21:11:05,224 [INFO]  Epoch[4] Train-albumin-accuracy=2.000000
2024-04-08 21:11:05,224 [INFO]  Epoch[4] Time cost=0.004
2024-04-08 21:11:05,225 [INFO]  Saved checkpoint to "./imputer_model/25_hepatitis/imputer_model_albumin/model-0004.params"
2024-04-08 21:11:05,225 [INFO]  Epoch[4] Validation-cross-entropy=0.060504
2024-04-08 21:11:05,225 [INFO]  Epoch[4] Validation-albumin-accuracy=0.000000
2024-04-08 21:11:05,225 [INFO]  
========== done (0.056116580963134766 s) fit model
2024-04-08 21:11:08,594 [INFO]  
========== start: fit model
2024-04-08 21:11:08,594 [WARNING]  Already bound, ignoring bind()
2024-04-08 21:11:08,608 [INFO]  Epoch[0] Batch [0-4]	Speed: 11109.36 samples/sec	cross-entropy=11.094608	albumin-accuracy=0.000000
2024-04-08 21:11:08,611 [INFO]  Epoch[0] Train-cross-entropy=14.971691
2024-04-08 21:11:08,611 [INFO]  Epoch[0] Train-albumin-accuracy=0.000000
2024-04-08 21:11:08,611 [INFO]  Epoch[0] Time cost=0.016
2024-04-08 21:11:08,614 [INFO]  Saved checkpoint to "./imputer_model/25_hepatitis/imputer_model_albumin/model-0000.params"
2024-04-08 21:11:08,615 [INFO]  Epoch[0] Validation-cross-entropy=1.810619
2024-04-08 21:11:08,615 [INFO]  Epoch[0] Validation-albumin-accuracy=0.000000
2024-04-08 21:11:08,621 [INFO]  Epoch[1] Batch [0-4]	Speed: 14778.43 samples/sec	cross-entropy=5.753865	albumin-accuracy=0.000000
2024-04-08 21:11:08,623 [INFO]  Epoch[1] Train-cross-entropy=5.308403
2024-04-08 21:11:08,623 [INFO]  Epoch[1] Train-albumin-accuracy=0.000000
2024-04-08 21:11:08,623 [INFO]  Epoch[1] Time cost=0.008
2024-04-08 21:11:08,625 [INFO]  Saved checkpoint to "./imputer_model/25_hepatitis/imputer_model_albumin/model-0001.params"
2024-04-08 21:11:08,625 [INFO]  Epoch[1] Validation-cross-entropy=0.841914
2024-04-08 21:11:08,625 [INFO]  Epoch[1] Validation-albumin-accuracy=0.000000
2024-04-08 21:11:08,630 [INFO]  Epoch[2] Batch [0-4]	Speed: 18210.13 samples/sec	cross-entropy=2.060065	albumin-accuracy=0.000000
2024-04-08 21:11:08,631 [INFO]  Epoch[2] Train-cross-entropy=1.568667
2024-04-08 21:11:08,631 [INFO]  Epoch[2] Train-albumin-accuracy=0.000000
2024-04-08 21:11:08,631 [INFO]  Epoch[2] Time cost=0.006
2024-04-08 21:11:08,633 [INFO]  Saved checkpoint to "./imputer_model/25_hepatitis/imputer_model_albumin/model-0002.params"
2024-04-08 21:11:08,633 [INFO]  Epoch[2] Validation-cross-entropy=0.279354
2024-04-08 21:11:08,633 [INFO]  Epoch[2] Validation-albumin-accuracy=0.000000
2024-04-08 21:11:08,637 [INFO]  Epoch[3] Batch [0-4]	Speed: 24038.28 samples/sec	cross-entropy=0.400636	albumin-accuracy=0.000000
2024-04-08 21:11:08,639 [INFO]  Epoch[3] Train-cross-entropy=0.314090
2024-04-08 21:11:08,639 [INFO]  Epoch[3] Train-albumin-accuracy=0.000000
2024-04-08 21:11:08,640 [INFO]  Epoch[3] Time cost=0.007
2024-04-08 21:11:08,644 [INFO]  Saved checkpoint to "./imputer_model/25_hepatitis/imputer_model_albumin/model-0003.params"
2024-04-08 21:11:08,652 [INFO]  Epoch[3] Validation-cross-entropy=0.671789
2024-04-08 21:11:08,652 [INFO]  Epoch[3] Validation-albumin-accuracy=0.000000
2024-04-08 21:11:08,657 [INFO]  Epoch[4] Batch [0-4]	Speed: 15495.00 samples/sec	cross-entropy=0.401143	albumin-accuracy=0.000000
2024-04-08 21:11:08,660 [INFO]  Epoch[4] Train-cross-entropy=0.380552
2024-04-08 21:11:08,660 [INFO]  Epoch[4] Train-albumin-accuracy=0.000000
2024-04-08 21:11:08,660 [INFO]  Epoch[4] Time cost=0.008
2024-04-08 21:11:08,661 [INFO]  Saved checkpoint to "./imputer_model/25_hepatitis/imputer_model_albumin/model-0004.params"
2024-04-08 21:11:08,662 [INFO]  Epoch[4] Validation-cross-entropy=0.496426
2024-04-08 21:11:08,662 [INFO]  Epoch[4] Validation-albumin-accuracy=0.000000
2024-04-08 21:11:08,662 [INFO]  
========== done (0.06817269325256348 s) fit model
2024-04-08 21:11:12,084 [INFO]  
========== start: fit model
2024-04-08 21:11:12,084 [WARNING]  Already bound, ignoring bind()
2024-04-08 21:11:12,097 [INFO]  Epoch[0] Batch [0-4]	Speed: 10232.35 samples/sec	cross-entropy=15.365234	albumin-accuracy=0.000000
2024-04-08 21:11:12,100 [INFO]  Epoch[0] Train-cross-entropy=11.750357
2024-04-08 21:11:12,100 [INFO]  Epoch[0] Train-albumin-accuracy=0.000000
2024-04-08 21:11:12,100 [INFO]  Epoch[0] Time cost=0.015
2024-04-08 21:11:12,102 [INFO]  Saved checkpoint to "./imputer_model/25_hepatitis/imputer_model_albumin/model-0000.params"
2024-04-08 21:11:12,102 [INFO]  Epoch[0] Validation-cross-entropy=3.368942
2024-04-08 21:11:12,102 [INFO]  Epoch[0] Validation-albumin-accuracy=0.000000
2024-04-08 21:11:12,106 [INFO]  Epoch[1] Batch [0-4]	Speed: 24697.35 samples/sec	cross-entropy=5.215122	albumin-accuracy=0.000000
2024-04-08 21:11:12,107 [INFO]  Epoch[1] Train-cross-entropy=3.896395
2024-04-08 21:11:12,107 [INFO]  Epoch[1] Train-albumin-accuracy=0.000000
2024-04-08 21:11:12,107 [INFO]  Epoch[1] Time cost=0.005
2024-04-08 21:11:12,241 [INFO]  Saved checkpoint to "./imputer_model/25_hepatitis/imputer_model_albumin/model-0001.params"
2024-04-08 21:11:12,242 [INFO]  Epoch[1] Validation-cross-entropy=2.331171
2024-04-08 21:11:12,242 [INFO]  Epoch[1] Validation-albumin-accuracy=0.000000
2024-04-08 21:11:12,261 [INFO]  Epoch[2] Batch [0-4]	Speed: 5702.78 samples/sec	cross-entropy=1.607030	albumin-accuracy=0.000000
2024-04-08 21:11:12,264 [INFO]  Epoch[2] Train-cross-entropy=1.109078
2024-04-08 21:11:12,264 [INFO]  Epoch[2] Train-albumin-accuracy=0.000000
2024-04-08 21:11:12,264 [INFO]  Epoch[2] Time cost=0.022
2024-04-08 21:11:12,276 [INFO]  Saved checkpoint to "./imputer_model/25_hepatitis/imputer_model_albumin/model-0002.params"
2024-04-08 21:11:12,277 [INFO]  Epoch[2] Validation-cross-entropy=0.651496
2024-04-08 21:11:12,277 [INFO]  Epoch[2] Validation-albumin-accuracy=0.000000
2024-04-08 21:11:12,283 [INFO]  Epoch[3] Batch [0-4]	Speed: 12457.56 samples/sec	cross-entropy=0.693134	albumin-accuracy=0.000000
2024-04-08 21:11:12,286 [INFO]  Epoch[3] Train-cross-entropy=0.613015
2024-04-08 21:11:12,286 [INFO]  Epoch[3] Train-albumin-accuracy=0.000000
2024-04-08 21:11:12,286 [INFO]  Epoch[3] Time cost=0.009
2024-04-08 21:11:12,288 [INFO]  Saved checkpoint to "./imputer_model/25_hepatitis/imputer_model_albumin/model-0003.params"
2024-04-08 21:11:12,289 [INFO]  Epoch[3] Validation-cross-entropy=0.773890
2024-04-08 21:11:12,289 [INFO]  Epoch[3] Validation-albumin-accuracy=0.000000
2024-04-08 21:11:12,294 [INFO]  Epoch[4] Batch [0-4]	Speed: 14734.63 samples/sec	cross-entropy=0.592246	albumin-accuracy=0.000000
2024-04-08 21:11:12,296 [INFO]  Epoch[4] Train-cross-entropy=0.525398
2024-04-08 21:11:12,297 [INFO]  Epoch[4] Train-albumin-accuracy=0.000000
2024-04-08 21:11:12,297 [INFO]  Epoch[4] Time cost=0.008
2024-04-08 21:11:12,298 [INFO]  Saved checkpoint to "./imputer_model/25_hepatitis/imputer_model_albumin/model-0004.params"
2024-04-08 21:11:12,299 [INFO]  Epoch[4] Validation-cross-entropy=1.015515
2024-04-08 21:11:12,299 [INFO]  Epoch[4] Validation-albumin-accuracy=0.000000
2024-04-08 21:11:12,299 [INFO]  
========== done (0.21492218971252441 s) fit model
2024-04-08 21:11:15,763 [INFO]  
========== start: fit model
2024-04-08 21:11:15,763 [WARNING]  Already bound, ignoring bind()
2024-04-08 21:11:15,768 [INFO]  Epoch[0] Batch [0-4]	Speed: 27019.17 samples/sec	cross-entropy=18.183894	albumin-accuracy=0.000000
2024-04-08 21:11:15,769 [INFO]  Epoch[0] Train-cross-entropy=28.857689
2024-04-08 21:11:15,769 [INFO]  Epoch[0] Train-albumin-accuracy=0.000000
2024-04-08 21:11:15,769 [INFO]  Epoch[0] Time cost=0.005
2024-04-08 21:11:15,770 [INFO]  Saved checkpoint to "./imputer_model/25_hepatitis/imputer_model_albumin/model-0000.params"
2024-04-08 21:11:15,771 [INFO]  Epoch[0] Validation-cross-entropy=14.976856
2024-04-08 21:11:15,771 [INFO]  Epoch[0] Validation-albumin-accuracy=0.000000
2024-04-08 21:11:15,783 [INFO]  Epoch[1] Batch [0-4]	Speed: 5620.27 samples/sec	cross-entropy=7.529661	albumin-accuracy=0.000000
2024-04-08 21:11:15,784 [INFO]  Epoch[1] Train-cross-entropy=11.634097
2024-04-08 21:11:15,784 [INFO]  Epoch[1] Train-albumin-accuracy=0.000000
2024-04-08 21:11:15,784 [INFO]  Epoch[1] Time cost=0.013
2024-04-08 21:11:15,786 [INFO]  Saved checkpoint to "./imputer_model/25_hepatitis/imputer_model_albumin/model-0001.params"
2024-04-08 21:11:15,786 [INFO]  Epoch[1] Validation-cross-entropy=6.131784
2024-04-08 21:11:15,786 [INFO]  Epoch[1] Validation-albumin-accuracy=0.000000
2024-04-08 21:11:15,790 [INFO]  Epoch[2] Batch [0-4]	Speed: 20821.86 samples/sec	cross-entropy=3.148177	albumin-accuracy=0.000000
2024-04-08 21:11:15,792 [INFO]  Epoch[2] Train-cross-entropy=3.848579
2024-04-08 21:11:15,792 [INFO]  Epoch[2] Train-albumin-accuracy=0.000000
2024-04-08 21:11:15,792 [INFO]  Epoch[2] Time cost=0.006
2024-04-08 21:11:15,793 [INFO]  Saved checkpoint to "./imputer_model/25_hepatitis/imputer_model_albumin/model-0002.params"
2024-04-08 21:11:15,794 [INFO]  Epoch[2] Validation-cross-entropy=2.167795
2024-04-08 21:11:15,794 [INFO]  Epoch[2] Validation-albumin-accuracy=0.000000
2024-04-08 21:11:15,798 [INFO]  Epoch[3] Batch [0-4]	Speed: 20813.79 samples/sec	cross-entropy=1.402979	albumin-accuracy=0.000000
2024-04-08 21:11:15,800 [INFO]  Epoch[3] Train-cross-entropy=1.344919
2024-04-08 21:11:15,800 [INFO]  Epoch[3] Train-albumin-accuracy=0.000000
2024-04-08 21:11:15,800 [INFO]  Epoch[3] Time cost=0.006
2024-04-08 21:11:15,801 [INFO]  Saved checkpoint to "./imputer_model/25_hepatitis/imputer_model_albumin/model-0003.params"
2024-04-08 21:11:15,801 [INFO]  Epoch[3] Validation-cross-entropy=1.132872
2024-04-08 21:11:15,801 [INFO]  Epoch[3] Validation-albumin-accuracy=0.000000
2024-04-08 21:11:15,805 [INFO]  Epoch[4] Batch [0-4]	Speed: 20865.56 samples/sec	cross-entropy=0.854925	albumin-accuracy=0.000000
2024-04-08 21:11:15,807 [INFO]  Epoch[4] Train-cross-entropy=0.659538
2024-04-08 21:11:15,807 [INFO]  Epoch[4] Train-albumin-accuracy=0.000000
2024-04-08 21:11:15,807 [INFO]  Epoch[4] Time cost=0.006
2024-04-08 21:11:15,808 [INFO]  Saved checkpoint to "./imputer_model/25_hepatitis/imputer_model_albumin/model-0004.params"
2024-04-08 21:11:15,809 [INFO]  Epoch[4] Validation-cross-entropy=0.978996
2024-04-08 21:11:15,809 [INFO]  Epoch[4] Validation-albumin-accuracy=0.000000
2024-04-08 21:11:15,809 [INFO]  
========== done (0.045661211013793945 s) fit model
2024-04-08 21:11:18,342 [INFO]  
========== start: fit model
2024-04-08 21:11:18,342 [WARNING]  Already bound, ignoring bind()
2024-04-08 21:11:18,347 [INFO]  Epoch[0] Batch [0-4]	Speed: 21136.65 samples/sec	cross-entropy=33.658107	albumin-accuracy=0.000000
2024-04-08 21:11:18,349 [INFO]  Epoch[0] Train-cross-entropy=11.175207
2024-04-08 21:11:18,349 [INFO]  Epoch[0] Train-albumin-accuracy=0.000000
2024-04-08 21:11:18,349 [INFO]  Epoch[0] Time cost=0.006
2024-04-08 21:11:18,350 [INFO]  Saved checkpoint to "./imputer_model/25_hepatitis/imputer_model_albumin/model-0000.params"
2024-04-08 21:11:18,351 [INFO]  Epoch[0] Validation-cross-entropy=4.705444
2024-04-08 21:11:18,351 [INFO]  Epoch[0] Validation-albumin-accuracy=0.000000
2024-04-08 21:11:18,354 [INFO]  Epoch[1] Batch [0-4]	Speed: 21272.32 samples/sec	cross-entropy=14.431451	albumin-accuracy=0.000000
2024-04-08 21:11:18,356 [INFO]  Epoch[1] Train-cross-entropy=3.706867
2024-04-08 21:11:18,356 [INFO]  Epoch[1] Train-albumin-accuracy=0.000000
2024-04-08 21:11:18,356 [INFO]  Epoch[1] Time cost=0.006
2024-04-08 21:11:18,357 [INFO]  Saved checkpoint to "./imputer_model/25_hepatitis/imputer_model_albumin/model-0001.params"
2024-04-08 21:11:18,358 [INFO]  Epoch[1] Validation-cross-entropy=1.246481
2024-04-08 21:11:18,358 [INFO]  Epoch[1] Validation-albumin-accuracy=0.000000
2024-04-08 21:11:18,361 [INFO]  Epoch[2] Batch [0-4]	Speed: 24922.06 samples/sec	cross-entropy=5.137246	albumin-accuracy=0.000000
2024-04-08 21:11:18,363 [INFO]  Epoch[2] Train-cross-entropy=0.907802
2024-04-08 21:11:18,363 [INFO]  Epoch[2] Train-albumin-accuracy=0.000000
2024-04-08 21:11:18,363 [INFO]  Epoch[2] Time cost=0.005
2024-04-08 21:11:18,364 [INFO]  Saved checkpoint to "./imputer_model/25_hepatitis/imputer_model_albumin/model-0002.params"
2024-04-08 21:11:18,364 [INFO]  Epoch[2] Validation-cross-entropy=0.561114
2024-04-08 21:11:18,364 [INFO]  Epoch[2] Validation-albumin-accuracy=0.000000
2024-04-08 21:11:18,368 [INFO]  Epoch[3] Batch [0-4]	Speed: 26224.64 samples/sec	cross-entropy=1.475246	albumin-accuracy=0.000000
2024-04-08 21:11:18,369 [INFO]  Epoch[3] Train-cross-entropy=0.484901
2024-04-08 21:11:18,369 [INFO]  Epoch[3] Train-albumin-accuracy=0.000000
2024-04-08 21:11:18,369 [INFO]  Epoch[3] Time cost=0.004
2024-04-08 21:11:18,370 [INFO]  Saved checkpoint to "./imputer_model/25_hepatitis/imputer_model_albumin/model-0003.params"
2024-04-08 21:11:18,371 [INFO]  Epoch[3] Validation-cross-entropy=0.406707
2024-04-08 21:11:18,371 [INFO]  Epoch[3] Validation-albumin-accuracy=0.000000
2024-04-08 21:11:18,374 [INFO]  Epoch[4] Batch [0-4]	Speed: 27944.56 samples/sec	cross-entropy=0.754412	albumin-accuracy=0.000000
2024-04-08 21:11:18,375 [INFO]  Epoch[4] Train-cross-entropy=0.756769
2024-04-08 21:11:18,375 [INFO]  Epoch[4] Train-albumin-accuracy=0.000000
2024-04-08 21:11:18,375 [INFO]  Epoch[4] Time cost=0.004
2024-04-08 21:11:18,376 [INFO]  Saved checkpoint to "./imputer_model/25_hepatitis/imputer_model_albumin/model-0004.params"
2024-04-08 21:11:18,377 [INFO]  Epoch[4] Validation-cross-entropy=0.270642
2024-04-08 21:11:18,377 [INFO]  Epoch[4] Validation-albumin-accuracy=0.000000
2024-04-08 21:11:18,377 [INFO]  
========== done (0.03499650955200195 s) fit model
