2024-04-04 19:09:24,820 [INFO]  
========== start: fit model
2024-04-04 19:09:24,820 [WARNING]  Already bound, ignoring bind()
2024-04-04 19:09:24,896 [INFO]  Epoch[0] Batch [0-2]	Speed: 13254.76 samples/sec	cross-entropy=11.459427	L-SURF-accuracy=2.666667
2024-04-04 19:09:24,905 [INFO]  Epoch[0] Train-cross-entropy=4.875760
2024-04-04 19:09:24,905 [INFO]  Epoch[0] Train-L-SURF-accuracy=3.000000
2024-04-04 19:09:24,905 [INFO]  Epoch[0] Time cost=0.084
2024-04-04 19:09:24,907 [INFO]  Saved checkpoint to "./imputer_model/7_post/imputer_model_L-SURF/model-0000.params"
2024-04-04 19:09:24,921 [INFO]  Epoch[0] Validation-cross-entropy=4.480891
2024-04-04 19:09:24,921 [INFO]  Epoch[0] Validation-L-SURF-accuracy=0.000000
2024-04-04 19:09:25,222 [INFO]  Epoch[1] Batch [0-2]	Speed: 19703.13 samples/sec	cross-entropy=2.222440	L-SURF-accuracy=2.666667
2024-04-04 19:09:25,223 [INFO]  Epoch[1] Train-cross-entropy=0.322738
2024-04-04 19:09:25,223 [INFO]  Epoch[1] Train-L-SURF-accuracy=3.000000
2024-04-04 19:09:25,223 [INFO]  Epoch[1] Time cost=0.302
2024-04-04 19:09:25,231 [INFO]  Saved checkpoint to "./imputer_model/7_post/imputer_model_L-SURF/model-0001.params"
2024-04-04 19:09:25,357 [INFO]  Epoch[1] Validation-cross-entropy=0.275206
2024-04-04 19:09:25,357 [INFO]  Epoch[1] Validation-L-SURF-accuracy=0.000000
2024-04-04 19:09:25,842 [INFO]  Epoch[2] Batch [0-2]	Speed: 72.45 samples/sec	cross-entropy=0.454928	L-SURF-accuracy=2.666667
2024-04-04 19:09:26,124 [INFO]  Epoch[2] Train-cross-entropy=1.391233
2024-04-04 19:09:26,124 [INFO]  Epoch[2] Train-L-SURF-accuracy=3.000000
2024-04-04 19:09:26,124 [INFO]  Epoch[2] Time cost=0.767
2024-04-04 19:09:26,128 [INFO]  Saved checkpoint to "./imputer_model/7_post/imputer_model_L-SURF/model-0002.params"
2024-04-04 19:09:26,172 [INFO]  Epoch[2] Validation-cross-entropy=1.086678
2024-04-04 19:09:26,172 [INFO]  Epoch[2] Validation-L-SURF-accuracy=0.000000
2024-04-04 19:09:26,192 [INFO]  Epoch[3] Batch [0-2]	Speed: 1730.17 samples/sec	cross-entropy=1.282427	L-SURF-accuracy=2.666667
2024-04-04 19:09:26,194 [INFO]  Epoch[3] Train-cross-entropy=1.957075
2024-04-04 19:09:26,194 [INFO]  Epoch[3] Train-L-SURF-accuracy=3.000000
2024-04-04 19:09:26,194 [INFO]  Epoch[3] Time cost=0.022
2024-04-04 19:09:26,200 [INFO]  Saved checkpoint to "./imputer_model/7_post/imputer_model_L-SURF/model-0003.params"
2024-04-04 19:09:26,300 [INFO]  Epoch[3] Validation-cross-entropy=1.565833
2024-04-04 19:09:26,300 [INFO]  Epoch[3] Validation-L-SURF-accuracy=0.000000
2024-04-04 19:09:26,718 [INFO]  Epoch[4] Batch [0-2]	Speed: 76.95 samples/sec	cross-entropy=1.107008	L-SURF-accuracy=2.666667
2024-04-04 19:09:26,746 [INFO]  Epoch[4] Train-cross-entropy=0.877372
2024-04-04 19:09:26,747 [INFO]  Epoch[4] Train-L-SURF-accuracy=3.000000
2024-04-04 19:09:26,747 [INFO]  Epoch[4] Time cost=0.447
2024-04-04 19:09:26,750 [INFO]  Saved checkpoint to "./imputer_model/7_post/imputer_model_L-SURF/model-0004.params"
2024-04-04 19:09:26,928 [INFO]  Epoch[4] Validation-cross-entropy=0.623175
2024-04-04 19:09:26,928 [INFO]  Epoch[4] Validation-L-SURF-accuracy=0.000000
2024-04-04 19:09:26,928 [INFO]  
========== done (2.108470916748047 s) fit model
2024-04-04 19:09:47,593 [INFO]  
========== start: fit model
2024-04-04 19:09:47,593 [WARNING]  Already bound, ignoring bind()
2024-04-04 19:09:47,603 [INFO]  Epoch[0] Batch [0-2]	Speed: 14074.85 samples/sec	cross-entropy=12.395189	L-SURF-accuracy=2.333333
2024-04-04 19:09:47,668 [INFO]  Epoch[0] Train-cross-entropy=6.742203
2024-04-04 19:09:47,668 [INFO]  Epoch[0] Train-L-SURF-accuracy=1.000000
2024-04-04 19:09:47,668 [INFO]  Epoch[0] Time cost=0.074
2024-04-04 19:09:47,670 [INFO]  Saved checkpoint to "./imputer_model/7_post/imputer_model_L-SURF/model-0000.params"
2024-04-04 19:09:47,705 [INFO]  Epoch[0] Validation-cross-entropy=8.153857
2024-04-04 19:09:47,705 [INFO]  Epoch[0] Validation-L-SURF-accuracy=0.000000
2024-04-04 19:09:47,745 [INFO]  Epoch[1] Batch [0-2]	Speed: 1408.89 samples/sec	cross-entropy=2.251507	L-SURF-accuracy=2.333333
2024-04-04 19:09:47,749 [INFO]  Epoch[1] Train-cross-entropy=0.422847
2024-04-04 19:09:47,749 [INFO]  Epoch[1] Train-L-SURF-accuracy=1.000000
2024-04-04 19:09:47,749 [INFO]  Epoch[1] Time cost=0.044
2024-04-04 19:09:47,754 [INFO]  Saved checkpoint to "./imputer_model/7_post/imputer_model_L-SURF/model-0001.params"
2024-04-04 19:09:47,796 [INFO]  Epoch[1] Validation-cross-entropy=0.557780
2024-04-04 19:09:47,797 [INFO]  Epoch[1] Validation-L-SURF-accuracy=0.000000
2024-04-04 19:09:47,800 [INFO]  Epoch[2] Batch [0-2]	Speed: 14639.80 samples/sec	cross-entropy=0.400354	L-SURF-accuracy=2.333333
2024-04-04 19:09:47,801 [INFO]  Epoch[2] Train-cross-entropy=1.326987
2024-04-04 19:09:47,802 [INFO]  Epoch[2] Train-L-SURF-accuracy=1.000000
2024-04-04 19:09:47,802 [INFO]  Epoch[2] Time cost=0.005
2024-04-04 19:09:47,803 [INFO]  Saved checkpoint to "./imputer_model/7_post/imputer_model_L-SURF/model-0002.params"
2024-04-04 19:09:47,804 [INFO]  Epoch[2] Validation-cross-entropy=0.419710
2024-04-04 19:09:47,804 [INFO]  Epoch[2] Validation-L-SURF-accuracy=0.000000
2024-04-04 19:09:47,948 [INFO]  Epoch[3] Batch [0-2]	Speed: 224.24 samples/sec	cross-entropy=1.448382	L-SURF-accuracy=2.333333
2024-04-04 19:09:47,949 [INFO]  Epoch[3] Train-cross-entropy=2.242466
2024-04-04 19:09:47,949 [INFO]  Epoch[3] Train-L-SURF-accuracy=1.000000
2024-04-04 19:09:47,949 [INFO]  Epoch[3] Time cost=0.145
2024-04-04 19:09:47,951 [INFO]  Saved checkpoint to "./imputer_model/7_post/imputer_model_L-SURF/model-0003.params"
2024-04-04 19:09:48,052 [INFO]  Epoch[3] Validation-cross-entropy=1.510281
2024-04-04 19:09:48,052 [INFO]  Epoch[3] Validation-L-SURF-accuracy=0.000000
2024-04-04 19:09:48,137 [INFO]  Epoch[4] Batch [0-2]	Speed: 406.12 samples/sec	cross-entropy=1.291573	L-SURF-accuracy=2.333333
2024-04-04 19:09:48,138 [INFO]  Epoch[4] Train-cross-entropy=1.154785
2024-04-04 19:09:48,138 [INFO]  Epoch[4] Train-L-SURF-accuracy=1.000000
2024-04-04 19:09:48,138 [INFO]  Epoch[4] Time cost=0.086
2024-04-04 19:09:48,143 [INFO]  Saved checkpoint to "./imputer_model/7_post/imputer_model_L-SURF/model-0004.params"
2024-04-04 19:09:48,240 [INFO]  Epoch[4] Validation-cross-entropy=1.189908
2024-04-04 19:09:48,240 [INFO]  Epoch[4] Validation-L-SURF-accuracy=0.000000
2024-04-04 19:09:48,240 [INFO]  
========== done (0.6470556259155273 s) fit model
2024-04-04 19:10:04,973 [INFO]  
========== start: fit model
2024-04-04 19:10:04,973 [WARNING]  Already bound, ignoring bind()
2024-04-04 19:10:05,410 [INFO]  Epoch[0] Batch [0-2]	Speed: 565.51 samples/sec	cross-entropy=2.630623	L-SURF-accuracy=0.000000
2024-04-04 19:10:05,411 [INFO]  Epoch[0] Train-cross-entropy=2.037282
2024-04-04 19:10:05,411 [INFO]  Epoch[0] Train-L-SURF-accuracy=0.000000
2024-04-04 19:10:05,412 [INFO]  Epoch[0] Time cost=0.437
2024-04-04 19:10:05,415 [INFO]  Saved checkpoint to "./imputer_model/7_post/imputer_model_L-SURF/model-0000.params"
2024-04-04 19:10:05,561 [INFO]  Epoch[0] Validation-cross-entropy=1.090010
2024-04-04 19:10:05,561 [INFO]  Epoch[0] Validation-L-SURF-accuracy=0.000000
2024-04-04 19:10:05,675 [INFO]  Epoch[1] Batch [0-2]	Speed: 332.32 samples/sec	cross-entropy=1.096413	L-SURF-accuracy=0.000000
2024-04-04 19:10:05,696 [INFO]  Epoch[1] Train-cross-entropy=0.779839
2024-04-04 19:10:05,696 [INFO]  Epoch[1] Train-L-SURF-accuracy=0.000000
2024-04-04 19:10:05,696 [INFO]  Epoch[1] Time cost=0.135
2024-04-04 19:10:05,698 [INFO]  Saved checkpoint to "./imputer_model/7_post/imputer_model_L-SURF/model-0001.params"
2024-04-04 19:10:05,712 [INFO]  Epoch[1] Validation-cross-entropy=0.519415
2024-04-04 19:10:05,712 [INFO]  Epoch[1] Validation-L-SURF-accuracy=0.000000
2024-04-04 19:10:05,715 [INFO]  Epoch[2] Batch [0-2]	Speed: 14419.61 samples/sec	cross-entropy=0.729673	L-SURF-accuracy=0.000000
2024-04-04 19:10:05,718 [INFO]  Epoch[2] Train-cross-entropy=0.367110
2024-04-04 19:10:05,718 [INFO]  Epoch[2] Train-L-SURF-accuracy=0.000000
2024-04-04 19:10:05,718 [INFO]  Epoch[2] Time cost=0.006
2024-04-04 19:10:05,720 [INFO]  Saved checkpoint to "./imputer_model/7_post/imputer_model_L-SURF/model-0002.params"
2024-04-04 19:10:05,749 [INFO]  Epoch[2] Validation-cross-entropy=0.351496
2024-04-04 19:10:05,749 [INFO]  Epoch[2] Validation-L-SURF-accuracy=0.000000
2024-04-04 19:10:05,764 [INFO]  Epoch[3] Batch [0-2]	Speed: 13678.94 samples/sec	cross-entropy=0.220383	L-SURF-accuracy=0.000000
2024-04-04 19:10:05,765 [INFO]  Epoch[3] Train-cross-entropy=0.108106
2024-04-04 19:10:05,765 [INFO]  Epoch[3] Train-L-SURF-accuracy=0.000000
2024-04-04 19:10:05,765 [INFO]  Epoch[3] Time cost=0.016
2024-04-04 19:10:05,767 [INFO]  Saved checkpoint to "./imputer_model/7_post/imputer_model_L-SURF/model-0003.params"
2024-04-04 19:10:05,768 [INFO]  Epoch[3] Validation-cross-entropy=0.079331
2024-04-04 19:10:05,768 [INFO]  Epoch[3] Validation-L-SURF-accuracy=0.000000
2024-04-04 19:10:05,772 [INFO]  Epoch[4] Batch [0-2]	Speed: 15176.13 samples/sec	cross-entropy=0.111331	L-SURF-accuracy=0.000000
2024-04-04 19:10:05,773 [INFO]  Epoch[4] Train-cross-entropy=0.081853
2024-04-04 19:10:05,773 [INFO]  Epoch[4] Train-L-SURF-accuracy=0.000000
2024-04-04 19:10:05,773 [INFO]  Epoch[4] Time cost=0.005
2024-04-04 19:10:05,775 [INFO]  Saved checkpoint to "./imputer_model/7_post/imputer_model_L-SURF/model-0004.params"
2024-04-04 19:10:05,896 [INFO]  Epoch[4] Validation-cross-entropy=0.040394
2024-04-04 19:10:05,896 [INFO]  Epoch[4] Validation-L-SURF-accuracy=0.000000
2024-04-04 19:10:05,897 [INFO]  
========== done (0.9236912727355957 s) fit model
2024-04-04 19:10:20,494 [INFO]  
========== start: fit model
2024-04-04 19:10:20,494 [WARNING]  Already bound, ignoring bind()
2024-04-04 19:10:20,620 [INFO]  Epoch[0] Batch [0-2]	Speed: 544.38 samples/sec	cross-entropy=14.910050	L-SURF-accuracy=0.000000
2024-04-04 19:10:20,622 [INFO]  Epoch[0] Train-cross-entropy=7.956046
2024-04-04 19:10:20,622 [INFO]  Epoch[0] Train-L-SURF-accuracy=0.000000
2024-04-04 19:10:20,622 [INFO]  Epoch[0] Time cost=0.127
2024-04-04 19:10:20,623 [INFO]  Saved checkpoint to "./imputer_model/7_post/imputer_model_L-SURF/model-0000.params"
2024-04-04 19:10:20,641 [INFO]  Epoch[0] Validation-cross-entropy=4.070582
2024-04-04 19:10:20,641 [INFO]  Epoch[0] Validation-L-SURF-accuracy=0.000000
2024-04-04 19:10:20,644 [INFO]  Epoch[1] Batch [0-2]	Speed: 21206.78 samples/sec	cross-entropy=4.413498	L-SURF-accuracy=0.000000
2024-04-04 19:10:20,661 [INFO]  Epoch[1] Train-cross-entropy=1.332109
2024-04-04 19:10:20,661 [INFO]  Epoch[1] Train-L-SURF-accuracy=0.000000
2024-04-04 19:10:20,661 [INFO]  Epoch[1] Time cost=0.020
2024-04-04 19:10:20,664 [INFO]  Saved checkpoint to "./imputer_model/7_post/imputer_model_L-SURF/model-0001.params"
2024-04-04 19:10:20,688 [INFO]  Epoch[1] Validation-cross-entropy=0.756406
2024-04-04 19:10:20,688 [INFO]  Epoch[1] Validation-L-SURF-accuracy=0.000000
2024-04-04 19:10:20,713 [INFO]  Epoch[2] Batch [0-2]	Speed: 1399.89 samples/sec	cross-entropy=0.633909	L-SURF-accuracy=0.000000
2024-04-04 19:10:20,714 [INFO]  Epoch[2] Train-cross-entropy=0.200466
2024-04-04 19:10:20,714 [INFO]  Epoch[2] Train-L-SURF-accuracy=0.000000
2024-04-04 19:10:20,714 [INFO]  Epoch[2] Time cost=0.026
2024-04-04 19:10:20,716 [INFO]  Saved checkpoint to "./imputer_model/7_post/imputer_model_L-SURF/model-0002.params"
2024-04-04 19:10:20,716 [INFO]  Epoch[2] Validation-cross-entropy=0.233713
2024-04-04 19:10:20,716 [INFO]  Epoch[2] Validation-L-SURF-accuracy=0.000000
2024-04-04 19:10:21,337 [INFO]  Epoch[3] Batch [0-2]	Speed: 96.05 samples/sec	cross-entropy=0.708380	L-SURF-accuracy=0.000000
2024-04-04 19:10:21,339 [INFO]  Epoch[3] Train-cross-entropy=1.213625
2024-04-04 19:10:21,339 [INFO]  Epoch[3] Train-L-SURF-accuracy=0.000000
2024-04-04 19:10:21,339 [INFO]  Epoch[3] Time cost=0.622
2024-04-04 19:10:21,341 [INFO]  Saved checkpoint to "./imputer_model/7_post/imputer_model_L-SURF/model-0003.params"
2024-04-04 19:10:21,342 [INFO]  Epoch[3] Validation-cross-entropy=0.640903
2024-04-04 19:10:21,342 [INFO]  Epoch[3] Validation-L-SURF-accuracy=0.000000
2024-04-04 19:10:21,361 [INFO]  Epoch[4] Batch [0-2]	Speed: 1754.78 samples/sec	cross-entropy=1.389931	L-SURF-accuracy=0.000000
2024-04-04 19:10:21,433 [INFO]  Epoch[4] Train-cross-entropy=1.466583
2024-04-04 19:10:21,434 [INFO]  Epoch[4] Train-L-SURF-accuracy=0.000000
2024-04-04 19:10:21,434 [INFO]  Epoch[4] Time cost=0.092
2024-04-04 19:10:21,436 [INFO]  Saved checkpoint to "./imputer_model/7_post/imputer_model_L-SURF/model-0004.params"
2024-04-04 19:10:21,437 [INFO]  Epoch[4] Validation-cross-entropy=0.698204
2024-04-04 19:10:21,437 [INFO]  Epoch[4] Validation-L-SURF-accuracy=0.000000
2024-04-04 19:10:21,437 [INFO]  
========== done (0.9433166980743408 s) fit model
2024-04-04 19:10:34,967 [INFO]  
========== start: fit model
2024-04-04 19:10:34,967 [WARNING]  Already bound, ignoring bind()
2024-04-04 19:10:35,824 [INFO]  Epoch[0] Batch [0-2]	Speed: 82.61 samples/sec	cross-entropy=25.048468	L-SURF-accuracy=0.000000
2024-04-04 19:10:36,040 [INFO]  Epoch[0] Train-cross-entropy=15.493240
2024-04-04 19:10:36,040 [INFO]  Epoch[0] Train-L-SURF-accuracy=0.000000
2024-04-04 19:10:36,040 [INFO]  Epoch[0] Time cost=1.072
2024-04-04 19:10:36,043 [INFO]  Saved checkpoint to "./imputer_model/7_post/imputer_model_L-SURF/model-0000.params"
2024-04-04 19:10:36,088 [INFO]  Epoch[0] Validation-cross-entropy=18.083494
2024-04-04 19:10:36,088 [INFO]  Epoch[0] Validation-L-SURF-accuracy=0.000000
2024-04-04 19:10:36,472 [INFO]  Epoch[1] Batch [0-2]	Speed: 85.07 samples/sec	cross-entropy=10.142388	L-SURF-accuracy=0.000000
2024-04-04 19:10:36,473 [INFO]  Epoch[1] Train-cross-entropy=4.468049
2024-04-04 19:10:36,474 [INFO]  Epoch[1] Train-L-SURF-accuracy=0.000000
2024-04-04 19:10:36,474 [INFO]  Epoch[1] Time cost=0.385
2024-04-04 19:10:36,475 [INFO]  Saved checkpoint to "./imputer_model/7_post/imputer_model_L-SURF/model-0001.params"
2024-04-04 19:10:36,592 [INFO]  Epoch[1] Validation-cross-entropy=5.617383
2024-04-04 19:10:36,592 [INFO]  Epoch[1] Validation-L-SURF-accuracy=0.000000
2024-04-04 19:10:37,098 [INFO]  Epoch[2] Batch [0-2]	Speed: 105.37 samples/sec	cross-entropy=3.150413	L-SURF-accuracy=0.000000
2024-04-04 19:10:37,100 [INFO]  Epoch[2] Train-cross-entropy=1.078645
2024-04-04 19:10:37,100 [INFO]  Epoch[2] Train-L-SURF-accuracy=0.000000
2024-04-04 19:10:37,100 [INFO]  Epoch[2] Time cost=0.507
2024-04-04 19:10:37,102 [INFO]  Saved checkpoint to "./imputer_model/7_post/imputer_model_L-SURF/model-0002.params"
2024-04-04 19:10:37,221 [INFO]  Epoch[2] Validation-cross-entropy=0.803371
2024-04-04 19:10:37,222 [INFO]  Epoch[2] Validation-L-SURF-accuracy=0.000000
2024-04-04 19:10:37,394 [INFO]  Epoch[3] Batch [0-2]	Speed: 723.18 samples/sec	cross-entropy=0.980504	L-SURF-accuracy=0.000000
2024-04-04 19:10:37,398 [INFO]  Epoch[3] Train-cross-entropy=0.752011
2024-04-04 19:10:37,398 [INFO]  Epoch[3] Train-L-SURF-accuracy=0.000000
2024-04-04 19:10:37,398 [INFO]  Epoch[3] Time cost=0.176
2024-04-04 19:10:37,404 [INFO]  Saved checkpoint to "./imputer_model/7_post/imputer_model_L-SURF/model-0003.params"
2024-04-04 19:10:37,457 [INFO]  Epoch[3] Validation-cross-entropy=1.837945
2024-04-04 19:10:37,457 [INFO]  Epoch[3] Validation-L-SURF-accuracy=0.000000
2024-04-04 19:10:37,735 [INFO]  Epoch[4] Batch [0-2]	Speed: 115.83 samples/sec	cross-entropy=1.111938	L-SURF-accuracy=0.000000
2024-04-04 19:10:37,747 [INFO]  Epoch[4] Train-cross-entropy=1.106050
2024-04-04 19:10:37,747 [INFO]  Epoch[4] Train-L-SURF-accuracy=0.000000
2024-04-04 19:10:37,748 [INFO]  Epoch[4] Time cost=0.290
2024-04-04 19:10:37,751 [INFO]  Saved checkpoint to "./imputer_model/7_post/imputer_model_L-SURF/model-0004.params"
2024-04-04 19:10:37,834 [INFO]  Epoch[4] Validation-cross-entropy=4.337486
2024-04-04 19:10:37,835 [INFO]  Epoch[4] Validation-L-SURF-accuracy=0.000000
2024-04-04 19:10:37,835 [INFO]  
========== done (2.8673319816589355 s) fit model
2024-04-04 19:10:54,513 [INFO]  
========== start: fit model
2024-04-04 19:10:54,513 [WARNING]  Already bound, ignoring bind()
2024-04-04 19:10:55,151 [INFO]  Epoch[0] Batch [0-2]	Speed: 123.07 samples/sec	cross-entropy=4.033028	L-SURF-accuracy=0.000000
2024-04-04 19:10:55,159 [INFO]  Epoch[0] Train-cross-entropy=1.135370
2024-04-04 19:10:55,159 [INFO]  Epoch[0] Train-L-SURF-accuracy=0.000000
2024-04-04 19:10:55,159 [INFO]  Epoch[0] Time cost=0.645
2024-04-04 19:10:55,161 [INFO]  Saved checkpoint to "./imputer_model/7_post/imputer_model_L-SURF/model-0000.params"
2024-04-04 19:10:55,202 [INFO]  Epoch[0] Validation-cross-entropy=0.415377
2024-04-04 19:10:55,202 [INFO]  Epoch[0] Validation-L-SURF-accuracy=0.000000
2024-04-04 19:10:55,211 [INFO]  Epoch[1] Batch [0-2]	Speed: 5171.97 samples/sec	cross-entropy=0.468955	L-SURF-accuracy=0.000000
2024-04-04 19:10:55,212 [INFO]  Epoch[1] Train-cross-entropy=0.578371
2024-04-04 19:10:55,212 [INFO]  Epoch[1] Train-L-SURF-accuracy=0.000000
2024-04-04 19:10:55,213 [INFO]  Epoch[1] Time cost=0.011
2024-04-04 19:10:55,215 [INFO]  Saved checkpoint to "./imputer_model/7_post/imputer_model_L-SURF/model-0001.params"
2024-04-04 19:10:55,230 [INFO]  Epoch[1] Validation-cross-entropy=1.597501
2024-04-04 19:10:55,230 [INFO]  Epoch[1] Validation-L-SURF-accuracy=0.000000
2024-04-04 19:10:55,234 [INFO]  Epoch[2] Batch [0-2]	Speed: 12494.67 samples/sec	cross-entropy=0.772406	L-SURF-accuracy=0.000000
2024-04-04 19:10:55,235 [INFO]  Epoch[2] Train-cross-entropy=1.014058
2024-04-04 19:10:55,235 [INFO]  Epoch[2] Train-L-SURF-accuracy=0.000000
2024-04-04 19:10:55,235 [INFO]  Epoch[2] Time cost=0.005
2024-04-04 19:10:55,237 [INFO]  Saved checkpoint to "./imputer_model/7_post/imputer_model_L-SURF/model-0002.params"
2024-04-04 19:10:55,398 [INFO]  Epoch[2] Validation-cross-entropy=2.593328
2024-04-04 19:10:55,398 [INFO]  Epoch[2] Validation-L-SURF-accuracy=0.000000
2024-04-04 19:10:56,200 [INFO]  Epoch[3] Batch [0-2]	Speed: 40.12 samples/sec	cross-entropy=0.491952	L-SURF-accuracy=0.000000
2024-04-04 19:10:56,516 [INFO]  Epoch[3] Train-cross-entropy=0.471581
2024-04-04 19:10:56,516 [INFO]  Epoch[3] Train-L-SURF-accuracy=0.000000
2024-04-04 19:10:56,516 [INFO]  Epoch[3] Time cost=1.118
2024-04-04 19:10:56,518 [INFO]  Saved checkpoint to "./imputer_model/7_post/imputer_model_L-SURF/model-0003.params"
2024-04-04 19:10:56,519 [INFO]  Epoch[3] Validation-cross-entropy=0.708199
2024-04-04 19:10:56,519 [INFO]  Epoch[3] Validation-L-SURF-accuracy=0.000000
2024-04-04 19:10:56,754 [INFO]  Epoch[4] Batch [0-2]	Speed: 136.91 samples/sec	cross-entropy=0.245879	L-SURF-accuracy=0.000000
2024-04-04 19:10:56,824 [INFO]  Epoch[4] Train-cross-entropy=0.119991
2024-04-04 19:10:56,824 [INFO]  Epoch[4] Train-L-SURF-accuracy=0.000000
2024-04-04 19:10:56,824 [INFO]  Epoch[4] Time cost=0.305
2024-04-04 19:10:56,828 [INFO]  Saved checkpoint to "./imputer_model/7_post/imputer_model_L-SURF/model-0004.params"
2024-04-04 19:10:56,833 [INFO]  Epoch[4] Validation-cross-entropy=0.089020
2024-04-04 19:10:56,833 [INFO]  Epoch[4] Validation-L-SURF-accuracy=0.000000
2024-04-04 19:10:56,833 [INFO]  
========== done (2.3203125 s) fit model
2024-04-04 19:11:10,337 [INFO]  
========== start: fit model
2024-04-04 19:11:10,338 [WARNING]  Already bound, ignoring bind()
2024-04-04 19:11:11,009 [INFO]  Epoch[0] Batch [0-2]	Speed: 67.54 samples/sec	cross-entropy=14.675003	L-SURF-accuracy=3.333333
2024-04-04 19:11:11,014 [INFO]  Epoch[0] Train-cross-entropy=23.280811
2024-04-04 19:11:11,014 [INFO]  Epoch[0] Train-L-SURF-accuracy=0.000000
2024-04-04 19:11:11,014 [INFO]  Epoch[0] Time cost=0.676
2024-04-04 19:11:11,016 [INFO]  Saved checkpoint to "./imputer_model/7_post/imputer_model_L-SURF/model-0000.params"
2024-04-04 19:11:11,018 [INFO]  Epoch[0] Validation-cross-entropy=21.565153
2024-04-04 19:11:11,018 [INFO]  Epoch[0] Validation-L-SURF-accuracy=0.000000
2024-04-04 19:11:11,456 [INFO]  Epoch[1] Batch [0-2]	Speed: 73.21 samples/sec	cross-entropy=5.409079	L-SURF-accuracy=3.333333
2024-04-04 19:11:11,584 [INFO]  Epoch[1] Train-cross-entropy=10.951170
2024-04-04 19:11:11,584 [INFO]  Epoch[1] Train-L-SURF-accuracy=0.000000
2024-04-04 19:11:11,584 [INFO]  Epoch[1] Time cost=0.567
2024-04-04 19:11:11,588 [INFO]  Saved checkpoint to "./imputer_model/7_post/imputer_model_L-SURF/model-0001.params"
2024-04-04 19:11:11,715 [INFO]  Epoch[1] Validation-cross-entropy=9.583055
2024-04-04 19:11:11,715 [INFO]  Epoch[1] Validation-L-SURF-accuracy=0.000000
2024-04-04 19:11:12,077 [INFO]  Epoch[2] Batch [0-2]	Speed: 202.94 samples/sec	cross-entropy=2.276559	L-SURF-accuracy=3.333333
2024-04-04 19:11:12,079 [INFO]  Epoch[2] Train-cross-entropy=4.527536
2024-04-04 19:11:12,079 [INFO]  Epoch[2] Train-L-SURF-accuracy=0.000000
2024-04-04 19:11:12,079 [INFO]  Epoch[2] Time cost=0.364
2024-04-04 19:11:12,081 [INFO]  Saved checkpoint to "./imputer_model/7_post/imputer_model_L-SURF/model-0002.params"
2024-04-04 19:11:12,114 [INFO]  Epoch[2] Validation-cross-entropy=4.648130
2024-04-04 19:11:12,114 [INFO]  Epoch[2] Validation-L-SURF-accuracy=0.000000
2024-04-04 19:11:12,118 [INFO]  Epoch[3] Batch [0-2]	Speed: 14311.98 samples/sec	cross-entropy=1.612231	L-SURF-accuracy=3.333333
2024-04-04 19:11:12,119 [INFO]  Epoch[3] Train-cross-entropy=2.876559
2024-04-04 19:11:12,120 [INFO]  Epoch[3] Train-L-SURF-accuracy=0.000000
2024-04-04 19:11:12,120 [INFO]  Epoch[3] Time cost=0.005
2024-04-04 19:11:12,123 [INFO]  Saved checkpoint to "./imputer_model/7_post/imputer_model_L-SURF/model-0003.params"
2024-04-04 19:11:12,278 [INFO]  Epoch[3] Validation-cross-entropy=2.632416
2024-04-04 19:11:12,278 [INFO]  Epoch[3] Validation-L-SURF-accuracy=0.000000
2024-04-04 19:11:12,294 [INFO]  Epoch[4] Batch [0-2]	Speed: 13032.11 samples/sec	cross-entropy=1.477295	L-SURF-accuracy=3.333333
2024-04-04 19:11:12,295 [INFO]  Epoch[4] Train-cross-entropy=2.703865
2024-04-04 19:11:12,295 [INFO]  Epoch[4] Train-L-SURF-accuracy=0.000000
2024-04-04 19:11:12,295 [INFO]  Epoch[4] Time cost=0.017
2024-04-04 19:11:12,297 [INFO]  Saved checkpoint to "./imputer_model/7_post/imputer_model_L-SURF/model-0004.params"
2024-04-04 19:11:12,299 [INFO]  Epoch[4] Validation-cross-entropy=1.590968
2024-04-04 19:11:12,299 [INFO]  Epoch[4] Validation-L-SURF-accuracy=0.000000
2024-04-04 19:11:12,299 [INFO]  
========== done (1.9616873264312744 s) fit model
2024-04-04 19:11:29,891 [INFO]  
========== start: fit model
2024-04-04 19:11:29,892 [WARNING]  Already bound, ignoring bind()
2024-04-04 19:11:29,981 [INFO]  Epoch[0] Batch [0-2]	Speed: 6861.85 samples/sec	cross-entropy=4.515062	L-SURF-accuracy=2.666667
2024-04-04 19:11:29,982 [INFO]  Epoch[0] Train-cross-entropy=2.771458
2024-04-04 19:11:29,982 [INFO]  Epoch[0] Train-L-SURF-accuracy=2.000000
2024-04-04 19:11:29,982 [INFO]  Epoch[0] Time cost=0.090
2024-04-04 19:11:29,984 [INFO]  Saved checkpoint to "./imputer_model/7_post/imputer_model_L-SURF/model-0000.params"
2024-04-04 19:11:29,984 [INFO]  Epoch[0] Validation-cross-entropy=1.242905
2024-04-04 19:11:29,984 [INFO]  Epoch[0] Validation-L-SURF-accuracy=0.000000
2024-04-04 19:11:29,986 [INFO]  Epoch[1] Batch [0-2]	Speed: 28268.27 samples/sec	cross-entropy=0.497668	L-SURF-accuracy=2.666667
2024-04-04 19:11:29,987 [INFO]  Epoch[1] Train-cross-entropy=0.143439
2024-04-04 19:11:29,987 [INFO]  Epoch[1] Train-L-SURF-accuracy=2.000000
2024-04-04 19:11:29,987 [INFO]  Epoch[1] Time cost=0.003
2024-04-04 19:11:30,001 [INFO]  Saved checkpoint to "./imputer_model/7_post/imputer_model_L-SURF/model-0001.params"
2024-04-04 19:11:30,192 [INFO]  Epoch[1] Validation-cross-entropy=0.044260
2024-04-04 19:11:30,192 [INFO]  Epoch[1] Validation-L-SURF-accuracy=0.000000
2024-04-04 19:11:30,222 [INFO]  Epoch[2] Batch [0-2]	Speed: 9341.43 samples/sec	cross-entropy=0.777665	L-SURF-accuracy=2.666667
2024-04-04 19:11:30,223 [INFO]  Epoch[2] Train-cross-entropy=0.349065
2024-04-04 19:11:30,224 [INFO]  Epoch[2] Train-L-SURF-accuracy=2.000000
2024-04-04 19:11:30,224 [INFO]  Epoch[2] Time cost=0.031
2024-04-04 19:11:30,228 [INFO]  Saved checkpoint to "./imputer_model/7_post/imputer_model_L-SURF/model-0002.params"
2024-04-04 19:11:30,342 [INFO]  Epoch[2] Validation-cross-entropy=0.458170
2024-04-04 19:11:30,342 [INFO]  Epoch[2] Validation-L-SURF-accuracy=0.000000
2024-04-04 19:11:30,346 [INFO]  Epoch[3] Batch [0-2]	Speed: 14116.29 samples/sec	cross-entropy=0.978720	L-SURF-accuracy=2.666667
2024-04-04 19:11:30,357 [INFO]  Epoch[3] Train-cross-entropy=0.356774
2024-04-04 19:11:30,357 [INFO]  Epoch[3] Train-L-SURF-accuracy=2.000000
2024-04-04 19:11:30,357 [INFO]  Epoch[3] Time cost=0.015
2024-04-04 19:11:30,359 [INFO]  Saved checkpoint to "./imputer_model/7_post/imputer_model_L-SURF/model-0003.params"
2024-04-04 19:11:30,360 [INFO]  Epoch[3] Validation-cross-entropy=0.245298
2024-04-04 19:11:30,360 [INFO]  Epoch[3] Validation-L-SURF-accuracy=0.000000
2024-04-04 19:11:30,366 [INFO]  Epoch[4] Batch [0-2]	Speed: 14620.67 samples/sec	cross-entropy=0.333905	L-SURF-accuracy=2.666667
2024-04-04 19:11:30,367 [INFO]  Epoch[4] Train-cross-entropy=0.054352
2024-04-04 19:11:30,367 [INFO]  Epoch[4] Train-L-SURF-accuracy=2.000000
2024-04-04 19:11:30,367 [INFO]  Epoch[4] Time cost=0.007
2024-04-04 19:11:30,369 [INFO]  Saved checkpoint to "./imputer_model/7_post/imputer_model_L-SURF/model-0004.params"
2024-04-04 19:11:30,373 [INFO]  Epoch[4] Validation-cross-entropy=0.004024
2024-04-04 19:11:30,373 [INFO]  Epoch[4] Validation-L-SURF-accuracy=0.000000
2024-04-04 19:11:30,373 [INFO]  
========== done (0.4814004898071289 s) fit model
2024-04-04 19:11:45,624 [INFO]  
========== start: fit model
2024-04-04 19:11:45,624 [WARNING]  Already bound, ignoring bind()
2024-04-04 19:11:45,799 [INFO]  Epoch[0] Batch [0-2]	Speed: 7733.66 samples/sec	cross-entropy=7.221369	L-SURF-accuracy=3.333333
2024-04-04 19:11:45,800 [INFO]  Epoch[0] Train-cross-entropy=1.076181
2024-04-04 19:11:45,800 [INFO]  Epoch[0] Train-L-SURF-accuracy=3.000000
2024-04-04 19:11:45,800 [INFO]  Epoch[0] Time cost=0.175
2024-04-04 19:11:45,802 [INFO]  Saved checkpoint to "./imputer_model/7_post/imputer_model_L-SURF/model-0000.params"
2024-04-04 19:11:45,853 [INFO]  Epoch[0] Validation-cross-entropy=0.452488
2024-04-04 19:11:45,853 [INFO]  Epoch[0] Validation-L-SURF-accuracy=0.000000
2024-04-04 19:11:45,919 [INFO]  Epoch[1] Batch [0-2]	Speed: 520.68 samples/sec	cross-entropy=0.559973	L-SURF-accuracy=3.333333
2024-04-04 19:11:45,922 [INFO]  Epoch[1] Train-cross-entropy=0.231650
2024-04-04 19:11:45,922 [INFO]  Epoch[1] Train-L-SURF-accuracy=3.000000
2024-04-04 19:11:45,922 [INFO]  Epoch[1] Time cost=0.068
2024-04-04 19:11:45,924 [INFO]  Saved checkpoint to "./imputer_model/7_post/imputer_model_L-SURF/model-0001.params"
2024-04-04 19:11:45,925 [INFO]  Epoch[1] Validation-cross-entropy=0.397897
2024-04-04 19:11:45,925 [INFO]  Epoch[1] Validation-L-SURF-accuracy=0.000000
2024-04-04 19:11:45,946 [INFO]  Epoch[2] Batch [0-2]	Speed: 1667.18 samples/sec	cross-entropy=0.787562	L-SURF-accuracy=3.333333
2024-04-04 19:11:45,948 [INFO]  Epoch[2] Train-cross-entropy=0.655552
2024-04-04 19:11:45,948 [INFO]  Epoch[2] Train-L-SURF-accuracy=3.000000
2024-04-04 19:11:45,948 [INFO]  Epoch[2] Time cost=0.022
2024-04-04 19:11:45,950 [INFO]  Saved checkpoint to "./imputer_model/7_post/imputer_model_L-SURF/model-0002.params"
2024-04-04 19:11:46,100 [INFO]  Epoch[2] Validation-cross-entropy=1.015359
2024-04-04 19:11:46,101 [INFO]  Epoch[2] Validation-L-SURF-accuracy=0.000000
2024-04-04 19:11:46,449 [INFO]  Epoch[3] Batch [0-2]	Speed: 1193.03 samples/sec	cross-entropy=1.252276	L-SURF-accuracy=3.333333
2024-04-04 19:11:46,450 [INFO]  Epoch[3] Train-cross-entropy=0.618840
2024-04-04 19:11:46,450 [INFO]  Epoch[3] Train-L-SURF-accuracy=3.000000
2024-04-04 19:11:46,450 [INFO]  Epoch[3] Time cost=0.350
2024-04-04 19:11:46,452 [INFO]  Saved checkpoint to "./imputer_model/7_post/imputer_model_L-SURF/model-0003.params"
2024-04-04 19:11:46,574 [INFO]  Epoch[3] Validation-cross-entropy=0.576806
2024-04-04 19:11:46,575 [INFO]  Epoch[3] Validation-L-SURF-accuracy=0.000000
2024-04-04 19:11:46,951 [INFO]  Epoch[4] Batch [0-2]	Speed: 12564.85 samples/sec	cross-entropy=0.515374	L-SURF-accuracy=3.333333
2024-04-04 19:11:46,952 [INFO]  Epoch[4] Train-cross-entropy=0.171202
2024-04-04 19:11:46,952 [INFO]  Epoch[4] Train-L-SURF-accuracy=3.000000
2024-04-04 19:11:46,952 [INFO]  Epoch[4] Time cost=0.378
2024-04-04 19:11:46,954 [INFO]  Saved checkpoint to "./imputer_model/7_post/imputer_model_L-SURF/model-0004.params"
2024-04-04 19:11:46,955 [INFO]  Epoch[4] Validation-cross-entropy=0.085148
2024-04-04 19:11:46,955 [INFO]  Epoch[4] Validation-L-SURF-accuracy=0.000000
2024-04-04 19:11:46,955 [INFO]  
========== done (1.3311686515808105 s) fit model
2024-04-04 19:12:03,639 [INFO]  
========== start: fit model
2024-04-04 19:12:03,639 [WARNING]  Already bound, ignoring bind()
2024-04-04 19:12:04,537 [INFO]  Epoch[0] Batch [0-2]	Speed: 58.95 samples/sec	cross-entropy=9.318272	L-SURF-accuracy=2.333333
2024-04-04 19:12:04,752 [INFO]  Epoch[0] Train-cross-entropy=4.532642
2024-04-04 19:12:04,752 [INFO]  Epoch[0] Train-L-SURF-accuracy=3.000000
2024-04-04 19:12:04,752 [INFO]  Epoch[0] Time cost=1.112
2024-04-04 19:12:04,754 [INFO]  Saved checkpoint to "./imputer_model/7_post/imputer_model_L-SURF/model-0000.params"
2024-04-04 19:12:04,756 [INFO]  Epoch[0] Validation-cross-entropy=1.987034
2024-04-04 19:12:04,756 [INFO]  Epoch[0] Validation-L-SURF-accuracy=0.000000
2024-04-04 19:12:04,923 [INFO]  Epoch[1] Batch [0-2]	Speed: 621.81 samples/sec	cross-entropy=2.014781	L-SURF-accuracy=2.333333
2024-04-04 19:12:04,933 [INFO]  Epoch[1] Train-cross-entropy=0.497057
2024-04-04 19:12:04,933 [INFO]  Epoch[1] Train-L-SURF-accuracy=3.000000
2024-04-04 19:12:04,934 [INFO]  Epoch[1] Time cost=0.177
2024-04-04 19:12:04,936 [INFO]  Saved checkpoint to "./imputer_model/7_post/imputer_model_L-SURF/model-0001.params"
2024-04-04 19:12:04,937 [INFO]  Epoch[1] Validation-cross-entropy=0.703962
2024-04-04 19:12:04,937 [INFO]  Epoch[1] Validation-L-SURF-accuracy=0.000000
2024-04-04 19:12:05,049 [INFO]  Epoch[2] Batch [0-2]	Speed: 432.89 samples/sec	cross-entropy=0.759316	L-SURF-accuracy=2.333333
2024-04-04 19:12:05,050 [INFO]  Epoch[2] Train-cross-entropy=1.321986
2024-04-04 19:12:05,050 [INFO]  Epoch[2] Train-L-SURF-accuracy=3.000000
2024-04-04 19:12:05,050 [INFO]  Epoch[2] Time cost=0.113
2024-04-04 19:12:05,052 [INFO]  Saved checkpoint to "./imputer_model/7_post/imputer_model_L-SURF/model-0002.params"
2024-04-04 19:12:05,095 [INFO]  Epoch[2] Validation-cross-entropy=0.881159
2024-04-04 19:12:05,095 [INFO]  Epoch[2] Validation-L-SURF-accuracy=0.000000
2024-04-04 19:12:05,404 [INFO]  Epoch[3] Batch [0-2]	Speed: 147.93 samples/sec	cross-entropy=1.182180	L-SURF-accuracy=2.333333
2024-04-04 19:12:05,460 [INFO]  Epoch[3] Train-cross-entropy=1.834895
2024-04-04 19:12:05,460 [INFO]  Epoch[3] Train-L-SURF-accuracy=3.000000
2024-04-04 19:12:05,460 [INFO]  Epoch[3] Time cost=0.365
2024-04-04 19:12:05,463 [INFO]  Saved checkpoint to "./imputer_model/7_post/imputer_model_L-SURF/model-0003.params"
2024-04-04 19:12:05,515 [INFO]  Epoch[3] Validation-cross-entropy=0.652643
2024-04-04 19:12:05,515 [INFO]  Epoch[3] Validation-L-SURF-accuracy=0.000000
2024-04-04 19:12:05,580 [INFO]  Epoch[4] Batch [0-2]	Speed: 12523.82 samples/sec	cross-entropy=0.861530	L-SURF-accuracy=2.333333
2024-04-04 19:12:05,585 [INFO]  Epoch[4] Train-cross-entropy=0.741889
2024-04-04 19:12:05,585 [INFO]  Epoch[4] Train-L-SURF-accuracy=3.000000
2024-04-04 19:12:05,585 [INFO]  Epoch[4] Time cost=0.070
2024-04-04 19:12:05,587 [INFO]  Saved checkpoint to "./imputer_model/7_post/imputer_model_L-SURF/model-0004.params"
2024-04-04 19:12:05,732 [INFO]  Epoch[4] Validation-cross-entropy=0.211626
2024-04-04 19:12:05,732 [INFO]  Epoch[4] Validation-L-SURF-accuracy=0.000000
2024-04-04 19:12:05,732 [INFO]  
========== done (2.093456506729126 s) fit model
2024-04-04 19:12:23,288 [INFO]  
========== start: fit model
2024-04-04 19:12:23,288 [WARNING]  Already bound, ignoring bind()
2024-04-04 19:12:23,804 [INFO]  Epoch[0] Batch [0-2]	Speed: 358.48 samples/sec	cross-entropy=9.447399	L-SURF-accuracy=3.333333
2024-04-04 19:12:23,806 [INFO]  Epoch[0] Train-cross-entropy=5.079225
2024-04-04 19:12:23,806 [INFO]  Epoch[0] Train-L-SURF-accuracy=2.000000
2024-04-04 19:12:23,806 [INFO]  Epoch[0] Time cost=0.517
2024-04-04 19:12:23,808 [INFO]  Saved checkpoint to "./imputer_model/7_post/imputer_model_L-SURF/model-0000.params"
2024-04-04 19:12:23,828 [INFO]  Epoch[0] Validation-cross-entropy=1.208913
2024-04-04 19:12:23,828 [INFO]  Epoch[0] Validation-L-SURF-accuracy=0.000000
2024-04-04 19:12:23,856 [INFO]  Epoch[1] Batch [0-2]	Speed: 1347.34 samples/sec	cross-entropy=2.086716	L-SURF-accuracy=3.333333
2024-04-04 19:12:23,858 [INFO]  Epoch[1] Train-cross-entropy=0.681905
2024-04-04 19:12:23,858 [INFO]  Epoch[1] Train-L-SURF-accuracy=2.000000
2024-04-04 19:12:23,858 [INFO]  Epoch[1] Time cost=0.029
2024-04-04 19:12:23,864 [INFO]  Saved checkpoint to "./imputer_model/7_post/imputer_model_L-SURF/model-0001.params"
2024-04-04 19:12:23,872 [INFO]  Epoch[1] Validation-cross-entropy=0.275140
2024-04-04 19:12:23,872 [INFO]  Epoch[1] Validation-L-SURF-accuracy=0.000000
2024-04-04 19:12:23,889 [INFO]  Epoch[2] Batch [0-2]	Speed: 2080.99 samples/sec	cross-entropy=0.585152	L-SURF-accuracy=3.333333
2024-04-04 19:12:23,891 [INFO]  Epoch[2] Train-cross-entropy=0.848977
2024-04-04 19:12:23,891 [INFO]  Epoch[2] Train-L-SURF-accuracy=2.000000
2024-04-04 19:12:23,891 [INFO]  Epoch[2] Time cost=0.019
2024-04-04 19:12:23,893 [INFO]  Saved checkpoint to "./imputer_model/7_post/imputer_model_L-SURF/model-0002.params"
2024-04-04 19:12:23,899 [INFO]  Epoch[2] Validation-cross-entropy=1.384089
2024-04-04 19:12:23,899 [INFO]  Epoch[2] Validation-L-SURF-accuracy=0.000000
2024-04-04 19:12:24,608 [INFO]  Epoch[3] Batch [0-2]	Speed: 49.43 samples/sec	cross-entropy=1.188091	L-SURF-accuracy=3.333333
2024-04-04 19:12:24,815 [INFO]  Epoch[3] Train-cross-entropy=1.406154
2024-04-04 19:12:24,816 [INFO]  Epoch[3] Train-L-SURF-accuracy=2.000000
2024-04-04 19:12:24,816 [INFO]  Epoch[3] Time cost=0.916
2024-04-04 19:12:24,818 [INFO]  Saved checkpoint to "./imputer_model/7_post/imputer_model_L-SURF/model-0003.params"
2024-04-04 19:12:24,832 [INFO]  Epoch[3] Validation-cross-entropy=1.554178
2024-04-04 19:12:24,832 [INFO]  Epoch[3] Validation-L-SURF-accuracy=0.000000
2024-04-04 19:12:24,836 [INFO]  Epoch[4] Batch [0-2]	Speed: 14305.88 samples/sec	cross-entropy=1.004298	L-SURF-accuracy=3.333333
2024-04-04 19:12:24,938 [INFO]  Epoch[4] Train-cross-entropy=0.740527
2024-04-04 19:12:24,939 [INFO]  Epoch[4] Train-L-SURF-accuracy=2.000000
2024-04-04 19:12:24,939 [INFO]  Epoch[4] Time cost=0.106
2024-04-04 19:12:24,941 [INFO]  Saved checkpoint to "./imputer_model/7_post/imputer_model_L-SURF/model-0004.params"
2024-04-04 19:12:25,134 [INFO]  Epoch[4] Validation-cross-entropy=0.669057
2024-04-04 19:12:25,134 [INFO]  Epoch[4] Validation-L-SURF-accuracy=0.000000
2024-04-04 19:12:25,134 [INFO]  
========== done (1.846132516860962 s) fit model
2024-04-04 19:12:41,014 [INFO]  
========== start: fit model
2024-04-04 19:12:41,014 [WARNING]  Already bound, ignoring bind()
2024-04-04 19:12:41,482 [INFO]  Epoch[0] Batch [0-2]	Speed: 85.21 samples/sec	cross-entropy=23.701551	L-SURF-accuracy=2.666667
2024-04-04 19:12:41,539 [INFO]  Epoch[0] Train-cross-entropy=16.354355
2024-04-04 19:12:41,539 [INFO]  Epoch[0] Train-L-SURF-accuracy=1.000000
2024-04-04 19:12:41,539 [INFO]  Epoch[0] Time cost=0.524
2024-04-04 19:12:41,541 [INFO]  Saved checkpoint to "./imputer_model/7_post/imputer_model_L-SURF/model-0000.params"
2024-04-04 19:12:41,542 [INFO]  Epoch[0] Validation-cross-entropy=18.573080
2024-04-04 19:12:41,542 [INFO]  Epoch[0] Validation-L-SURF-accuracy=0.000000
2024-04-04 19:12:41,710 [INFO]  Epoch[1] Batch [0-2]	Speed: 247.64 samples/sec	cross-entropy=9.290203	L-SURF-accuracy=2.666667
2024-04-04 19:12:41,719 [INFO]  Epoch[1] Train-cross-entropy=4.904665
2024-04-04 19:12:41,719 [INFO]  Epoch[1] Train-L-SURF-accuracy=1.000000
2024-04-04 19:12:41,719 [INFO]  Epoch[1] Time cost=0.177
2024-04-04 19:12:41,723 [INFO]  Saved checkpoint to "./imputer_model/7_post/imputer_model_L-SURF/model-0001.params"
2024-04-04 19:12:41,789 [INFO]  Epoch[1] Validation-cross-entropy=6.348358
2024-04-04 19:12:41,789 [INFO]  Epoch[1] Validation-L-SURF-accuracy=0.000000
2024-04-04 19:12:42,304 [INFO]  Epoch[2] Batch [0-2]	Speed: 76.78 samples/sec	cross-entropy=2.164327	L-SURF-accuracy=2.666667
2024-04-04 19:12:42,697 [INFO]  Epoch[2] Train-cross-entropy=0.681797
2024-04-04 19:12:42,697 [INFO]  Epoch[2] Train-L-SURF-accuracy=1.000000
2024-04-04 19:12:42,697 [INFO]  Epoch[2] Time cost=0.908
2024-04-04 19:12:42,700 [INFO]  Saved checkpoint to "./imputer_model/7_post/imputer_model_L-SURF/model-0002.params"
2024-04-04 19:12:42,888 [INFO]  Epoch[2] Validation-cross-entropy=0.823824
2024-04-04 19:12:42,888 [INFO]  Epoch[2] Validation-L-SURF-accuracy=0.000000
2024-04-04 19:12:43,427 [INFO]  Epoch[3] Batch [0-2]	Speed: 59.83 samples/sec	cross-entropy=0.351839	L-SURF-accuracy=2.666667
2024-04-04 19:12:43,429 [INFO]  Epoch[3] Train-cross-entropy=0.643929
2024-04-04 19:12:43,429 [INFO]  Epoch[3] Train-L-SURF-accuracy=1.000000
2024-04-04 19:12:43,429 [INFO]  Epoch[3] Time cost=0.541
2024-04-04 19:12:43,431 [INFO]  Saved checkpoint to "./imputer_model/7_post/imputer_model_L-SURF/model-0003.params"
2024-04-04 19:12:43,534 [INFO]  Epoch[3] Validation-cross-entropy=0.202364
2024-04-04 19:12:43,534 [INFO]  Epoch[3] Validation-L-SURF-accuracy=0.000000
2024-04-04 19:12:43,730 [INFO]  Epoch[4] Batch [0-2]	Speed: 5470.91 samples/sec	cross-entropy=0.924610	L-SURF-accuracy=2.666667
2024-04-04 19:12:43,732 [INFO]  Epoch[4] Train-cross-entropy=1.406260
2024-04-04 19:12:43,732 [INFO]  Epoch[4] Train-L-SURF-accuracy=1.000000
2024-04-04 19:12:43,732 [INFO]  Epoch[4] Time cost=0.198
2024-04-04 19:12:43,736 [INFO]  Saved checkpoint to "./imputer_model/7_post/imputer_model_L-SURF/model-0004.params"
2024-04-04 19:12:43,785 [INFO]  Epoch[4] Validation-cross-entropy=1.252067
2024-04-04 19:12:43,785 [INFO]  Epoch[4] Validation-L-SURF-accuracy=0.000000
2024-04-04 19:12:43,785 [INFO]  
========== done (2.7711119651794434 s) fit model
2024-04-04 19:13:00,979 [INFO]  
========== start: fit model
2024-04-04 19:13:00,979 [WARNING]  Already bound, ignoring bind()
2024-04-04 19:13:00,986 [INFO]  Epoch[0] Batch [0-2]	Speed: 23101.16 samples/sec	cross-entropy=9.773395	L-SURF-accuracy=0.000000
2024-04-04 19:13:00,987 [INFO]  Epoch[0] Train-cross-entropy=6.865085
2024-04-04 19:13:00,987 [INFO]  Epoch[0] Train-L-SURF-accuracy=0.000000
2024-04-04 19:13:00,987 [INFO]  Epoch[0] Time cost=0.007
2024-04-04 19:13:00,989 [INFO]  Saved checkpoint to "./imputer_model/7_post/imputer_model_L-SURF/model-0000.params"
2024-04-04 19:13:00,989 [INFO]  Epoch[0] Validation-cross-entropy=1.072708
2024-04-04 19:13:00,989 [INFO]  Epoch[0] Validation-L-SURF-accuracy=0.000000
2024-04-04 19:13:01,004 [INFO]  Epoch[1] Batch [0-2]	Speed: 2221.85 samples/sec	cross-entropy=2.440374	L-SURF-accuracy=0.000000
2024-04-04 19:13:01,114 [INFO]  Epoch[1] Train-cross-entropy=1.811320
2024-04-04 19:13:01,114 [INFO]  Epoch[1] Train-L-SURF-accuracy=0.000000
2024-04-04 19:13:01,114 [INFO]  Epoch[1] Time cost=0.125
2024-04-04 19:13:01,118 [INFO]  Saved checkpoint to "./imputer_model/7_post/imputer_model_L-SURF/model-0001.params"
2024-04-04 19:13:01,284 [INFO]  Epoch[1] Validation-cross-entropy=0.276160
2024-04-04 19:13:01,284 [INFO]  Epoch[1] Validation-L-SURF-accuracy=0.000000
2024-04-04 19:13:01,620 [INFO]  Epoch[2] Batch [0-2]	Speed: 842.29 samples/sec	cross-entropy=1.048966	L-SURF-accuracy=0.000000
2024-04-04 19:13:01,649 [INFO]  Epoch[2] Train-cross-entropy=1.085706
2024-04-04 19:13:01,649 [INFO]  Epoch[2] Train-L-SURF-accuracy=0.000000
2024-04-04 19:13:01,649 [INFO]  Epoch[2] Time cost=0.365
2024-04-04 19:13:01,653 [INFO]  Saved checkpoint to "./imputer_model/7_post/imputer_model_L-SURF/model-0002.params"
2024-04-04 19:13:01,697 [INFO]  Epoch[2] Validation-cross-entropy=1.008594
2024-04-04 19:13:01,697 [INFO]  Epoch[2] Validation-L-SURF-accuracy=0.000000
2024-04-04 19:13:01,782 [INFO]  Epoch[3] Batch [0-2]	Speed: 388.46 samples/sec	cross-entropy=1.235415	L-SURF-accuracy=0.000000
2024-04-04 19:13:01,783 [INFO]  Epoch[3] Train-cross-entropy=0.933401
2024-04-04 19:13:01,783 [INFO]  Epoch[3] Train-L-SURF-accuracy=0.000000
2024-04-04 19:13:01,783 [INFO]  Epoch[3] Time cost=0.085
2024-04-04 19:13:01,784 [INFO]  Saved checkpoint to "./imputer_model/7_post/imputer_model_L-SURF/model-0003.params"
2024-04-04 19:13:01,917 [INFO]  Epoch[3] Validation-cross-entropy=0.853407
2024-04-04 19:13:01,917 [INFO]  Epoch[3] Validation-L-SURF-accuracy=0.000000
2024-04-04 19:13:02,007 [INFO]  Epoch[4] Batch [0-2]	Speed: 17676.51 samples/sec	cross-entropy=0.832339	L-SURF-accuracy=0.000000
2024-04-04 19:13:02,095 [INFO]  Epoch[4] Train-cross-entropy=0.368394
2024-04-04 19:13:02,095 [INFO]  Epoch[4] Train-L-SURF-accuracy=0.000000
2024-04-04 19:13:02,096 [INFO]  Epoch[4] Time cost=0.179
2024-04-04 19:13:02,099 [INFO]  Saved checkpoint to "./imputer_model/7_post/imputer_model_L-SURF/model-0004.params"
2024-04-04 19:13:02,110 [INFO]  Epoch[4] Validation-cross-entropy=0.243663
2024-04-04 19:13:02,110 [INFO]  Epoch[4] Validation-L-SURF-accuracy=0.000000
2024-04-04 19:13:02,110 [INFO]  
========== done (1.1313011646270752 s) fit model
2024-04-04 19:13:17,144 [INFO]  
========== start: fit model
2024-04-04 19:13:17,144 [WARNING]  Already bound, ignoring bind()
2024-04-04 19:13:17,195 [INFO]  Epoch[0] Batch [0-2]	Speed: 13795.63 samples/sec	cross-entropy=6.532506	L-SURF-accuracy=3.000000
2024-04-04 19:13:17,197 [INFO]  Epoch[0] Train-cross-entropy=3.973838
2024-04-04 19:13:17,197 [INFO]  Epoch[0] Train-L-SURF-accuracy=2.000000
2024-04-04 19:13:17,197 [INFO]  Epoch[0] Time cost=0.052
2024-04-04 19:13:17,199 [INFO]  Saved checkpoint to "./imputer_model/7_post/imputer_model_L-SURF/model-0000.params"
2024-04-04 19:13:17,288 [INFO]  Epoch[0] Validation-cross-entropy=0.958912
2024-04-04 19:13:17,288 [INFO]  Epoch[0] Validation-L-SURF-accuracy=0.000000
2024-04-04 19:13:17,809 [INFO]  Epoch[1] Batch [0-2]	Speed: 65.95 samples/sec	cross-entropy=1.033944	L-SURF-accuracy=3.000000
2024-04-04 19:13:17,810 [INFO]  Epoch[1] Train-cross-entropy=0.297114
2024-04-04 19:13:17,811 [INFO]  Epoch[1] Train-L-SURF-accuracy=2.000000
2024-04-04 19:13:17,811 [INFO]  Epoch[1] Time cost=0.522
2024-04-04 19:13:17,813 [INFO]  Saved checkpoint to "./imputer_model/7_post/imputer_model_L-SURF/model-0001.params"
2024-04-04 19:13:17,826 [INFO]  Epoch[1] Validation-cross-entropy=0.191225
2024-04-04 19:13:17,826 [INFO]  Epoch[1] Validation-L-SURF-accuracy=0.000000
2024-04-04 19:13:17,841 [INFO]  Epoch[2] Batch [0-2]	Speed: 2501.22 samples/sec	cross-entropy=0.376709	L-SURF-accuracy=3.000000
2024-04-04 19:13:17,842 [INFO]  Epoch[2] Train-cross-entropy=0.969131
2024-04-04 19:13:17,842 [INFO]  Epoch[2] Train-L-SURF-accuracy=2.000000
2024-04-04 19:13:17,842 [INFO]  Epoch[2] Time cost=0.016
2024-04-04 19:13:17,844 [INFO]  Saved checkpoint to "./imputer_model/7_post/imputer_model_L-SURF/model-0002.params"
2024-04-04 19:13:17,846 [INFO]  Epoch[2] Validation-cross-entropy=0.717703
2024-04-04 19:13:17,846 [INFO]  Epoch[2] Validation-L-SURF-accuracy=0.000000
2024-04-04 19:13:17,850 [INFO]  Epoch[3] Batch [0-2]	Speed: 14889.92 samples/sec	cross-entropy=0.872899	L-SURF-accuracy=3.000000
2024-04-04 19:13:17,972 [INFO]  Epoch[3] Train-cross-entropy=1.246898
2024-04-04 19:13:17,972 [INFO]  Epoch[3] Train-L-SURF-accuracy=2.000000
2024-04-04 19:13:17,972 [INFO]  Epoch[3] Time cost=0.126
2024-04-04 19:13:17,980 [INFO]  Saved checkpoint to "./imputer_model/7_post/imputer_model_L-SURF/model-0003.params"
2024-04-04 19:13:18,114 [INFO]  Epoch[3] Validation-cross-entropy=0.648209
2024-04-04 19:13:18,114 [INFO]  Epoch[3] Validation-L-SURF-accuracy=0.000000
2024-04-04 19:13:19,071 [INFO]  Epoch[4] Batch [0-2]	Speed: 39.74 samples/sec	cross-entropy=0.626143	L-SURF-accuracy=3.000000
2024-04-04 19:13:19,079 [INFO]  Epoch[4] Train-cross-entropy=0.416410
2024-04-04 19:13:19,079 [INFO]  Epoch[4] Train-L-SURF-accuracy=2.000000
2024-04-04 19:13:19,080 [INFO]  Epoch[4] Time cost=0.966
2024-04-04 19:13:19,082 [INFO]  Saved checkpoint to "./imputer_model/7_post/imputer_model_L-SURF/model-0004.params"
2024-04-04 19:13:19,083 [INFO]  Epoch[4] Validation-cross-entropy=0.236358
2024-04-04 19:13:19,083 [INFO]  Epoch[4] Validation-L-SURF-accuracy=0.000000
2024-04-04 19:13:19,083 [INFO]  
========== done (1.9389855861663818 s) fit model
2024-04-04 19:13:34,710 [INFO]  
========== start: fit model
2024-04-04 19:13:34,710 [WARNING]  Already bound, ignoring bind()
2024-04-04 19:13:34,714 [INFO]  Epoch[0] Batch [0-2]	Speed: 23805.91 samples/sec	cross-entropy=5.137564	L-SURF-accuracy=0.000000
2024-04-04 19:13:34,714 [INFO]  Epoch[0] Train-cross-entropy=1.714356
2024-04-04 19:13:34,715 [INFO]  Epoch[0] Train-L-SURF-accuracy=0.000000
2024-04-04 19:13:34,715 [INFO]  Epoch[0] Time cost=0.004
2024-04-04 19:13:34,716 [INFO]  Saved checkpoint to "./imputer_model/7_post/imputer_model_L-SURF/model-0000.params"
2024-04-04 19:13:34,717 [INFO]  Epoch[0] Validation-cross-entropy=0.404940
2024-04-04 19:13:34,717 [INFO]  Epoch[0] Validation-L-SURF-accuracy=0.000000
2024-04-04 19:13:34,826 [INFO]  Epoch[1] Batch [0-2]	Speed: 296.36 samples/sec	cross-entropy=0.910779	L-SURF-accuracy=0.000000
2024-04-04 19:13:34,827 [INFO]  Epoch[1] Train-cross-entropy=1.073664
2024-04-04 19:13:34,827 [INFO]  Epoch[1] Train-L-SURF-accuracy=0.000000
2024-04-04 19:13:34,827 [INFO]  Epoch[1] Time cost=0.110
2024-04-04 19:13:34,831 [INFO]  Saved checkpoint to "./imputer_model/7_post/imputer_model_L-SURF/model-0001.params"
2024-04-04 19:13:34,864 [INFO]  Epoch[1] Validation-cross-entropy=0.884625
2024-04-04 19:13:34,864 [INFO]  Epoch[1] Validation-L-SURF-accuracy=0.000000
2024-04-04 19:13:35,360 [INFO]  Epoch[2] Batch [0-2]	Speed: 170.69 samples/sec	cross-entropy=1.064841	L-SURF-accuracy=0.000000
2024-04-04 19:13:35,365 [INFO]  Epoch[2] Train-cross-entropy=1.591310
2024-04-04 19:13:35,365 [INFO]  Epoch[2] Train-L-SURF-accuracy=0.000000
2024-04-04 19:13:35,365 [INFO]  Epoch[2] Time cost=0.501
2024-04-04 19:13:35,367 [INFO]  Saved checkpoint to "./imputer_model/7_post/imputer_model_L-SURF/model-0002.params"
2024-04-04 19:13:35,505 [INFO]  Epoch[2] Validation-cross-entropy=0.602161
2024-04-04 19:13:35,505 [INFO]  Epoch[2] Validation-L-SURF-accuracy=0.000000
2024-04-04 19:13:36,145 [INFO]  Epoch[3] Batch [0-2]	Speed: 113.64 samples/sec	cross-entropy=0.896622	L-SURF-accuracy=0.000000
2024-04-04 19:13:36,147 [INFO]  Epoch[3] Train-cross-entropy=0.756015
2024-04-04 19:13:36,147 [INFO]  Epoch[3] Train-L-SURF-accuracy=0.000000
2024-04-04 19:13:36,147 [INFO]  Epoch[3] Time cost=0.642
2024-04-04 19:13:36,163 [INFO]  Saved checkpoint to "./imputer_model/7_post/imputer_model_L-SURF/model-0003.params"
2024-04-04 19:13:36,184 [INFO]  Epoch[3] Validation-cross-entropy=0.150983
2024-04-04 19:13:36,184 [INFO]  Epoch[3] Validation-L-SURF-accuracy=0.000000
2024-04-04 19:13:36,191 [INFO]  Epoch[4] Batch [0-2]	Speed: 14076.32 samples/sec	cross-entropy=0.290194	L-SURF-accuracy=0.000000
2024-04-04 19:13:36,193 [INFO]  Epoch[4] Train-cross-entropy=0.085573
2024-04-04 19:13:36,193 [INFO]  Epoch[4] Train-L-SURF-accuracy=0.000000
2024-04-04 19:13:36,193 [INFO]  Epoch[4] Time cost=0.009
2024-04-04 19:13:36,195 [INFO]  Saved checkpoint to "./imputer_model/7_post/imputer_model_L-SURF/model-0004.params"
2024-04-04 19:13:36,312 [INFO]  Epoch[4] Validation-cross-entropy=0.036074
2024-04-04 19:13:36,312 [INFO]  Epoch[4] Validation-L-SURF-accuracy=0.000000
2024-04-04 19:13:36,312 [INFO]  
========== done (1.6028642654418945 s) fit model
2024-04-04 19:13:52,676 [INFO]  
========== start: fit model
2024-04-04 19:13:52,676 [WARNING]  Already bound, ignoring bind()
2024-04-04 19:13:53,205 [INFO]  Epoch[0] Batch [0-2]	Speed: 209.74 samples/sec	cross-entropy=4.832640	L-SURF-accuracy=0.000000
2024-04-04 19:13:53,206 [INFO]  Epoch[0] Train-cross-entropy=2.846333
2024-04-04 19:13:53,207 [INFO]  Epoch[0] Train-L-SURF-accuracy=0.000000
2024-04-04 19:13:53,207 [INFO]  Epoch[0] Time cost=0.525
2024-04-04 19:13:53,209 [INFO]  Saved checkpoint to "./imputer_model/7_post/imputer_model_L-SURF/model-0000.params"
2024-04-04 19:13:53,213 [INFO]  Epoch[0] Validation-cross-entropy=2.248552
2024-04-04 19:13:53,213 [INFO]  Epoch[0] Validation-L-SURF-accuracy=0.000000
2024-04-04 19:13:53,348 [INFO]  Epoch[1] Batch [0-2]	Speed: 238.92 samples/sec	cross-entropy=0.318150	L-SURF-accuracy=0.000000
2024-04-04 19:13:53,361 [INFO]  Epoch[1] Train-cross-entropy=0.481507
2024-04-04 19:13:53,361 [INFO]  Epoch[1] Train-L-SURF-accuracy=0.000000
2024-04-04 19:13:53,361 [INFO]  Epoch[1] Time cost=0.148
2024-04-04 19:13:53,363 [INFO]  Saved checkpoint to "./imputer_model/7_post/imputer_model_L-SURF/model-0001.params"
2024-04-04 19:13:53,497 [INFO]  Epoch[1] Validation-cross-entropy=0.343966
2024-04-04 19:13:53,497 [INFO]  Epoch[1] Validation-L-SURF-accuracy=0.000000
2024-04-04 19:13:53,936 [INFO]  Epoch[2] Batch [0-2]	Speed: 80.74 samples/sec	cross-entropy=0.688948	L-SURF-accuracy=0.000000
2024-04-04 19:13:53,938 [INFO]  Epoch[2] Train-cross-entropy=1.184497
2024-04-04 19:13:53,938 [INFO]  Epoch[2] Train-L-SURF-accuracy=0.000000
2024-04-04 19:13:53,938 [INFO]  Epoch[2] Time cost=0.441
2024-04-04 19:13:53,940 [INFO]  Saved checkpoint to "./imputer_model/7_post/imputer_model_L-SURF/model-0002.params"
2024-04-04 19:13:53,944 [INFO]  Epoch[2] Validation-cross-entropy=1.252942
2024-04-04 19:13:53,945 [INFO]  Epoch[2] Validation-L-SURF-accuracy=0.000000
2024-04-04 19:13:54,000 [INFO]  Epoch[3] Batch [0-2]	Speed: 592.72 samples/sec	cross-entropy=0.822375	L-SURF-accuracy=0.000000
2024-04-04 19:13:54,340 [INFO]  Epoch[3] Train-cross-entropy=0.739452
2024-04-04 19:13:54,340 [INFO]  Epoch[3] Train-L-SURF-accuracy=0.000000
2024-04-04 19:13:54,340 [INFO]  Epoch[3] Time cost=0.396
2024-04-04 19:13:54,344 [INFO]  Saved checkpoint to "./imputer_model/7_post/imputer_model_L-SURF/model-0003.params"
2024-04-04 19:13:54,480 [INFO]  Epoch[3] Validation-cross-entropy=0.512104
2024-04-04 19:13:54,480 [INFO]  Epoch[3] Validation-L-SURF-accuracy=0.000000
2024-04-04 19:13:54,666 [INFO]  Epoch[4] Batch [0-2]	Speed: 602.81 samples/sec	cross-entropy=0.190755	L-SURF-accuracy=0.000000
2024-04-04 19:13:54,790 [INFO]  Epoch[4] Train-cross-entropy=0.081802
2024-04-04 19:13:54,790 [INFO]  Epoch[4] Train-L-SURF-accuracy=0.000000
2024-04-04 19:13:54,791 [INFO]  Epoch[4] Time cost=0.311
2024-04-04 19:13:54,794 [INFO]  Saved checkpoint to "./imputer_model/7_post/imputer_model_L-SURF/model-0004.params"
2024-04-04 19:13:54,930 [INFO]  Epoch[4] Validation-cross-entropy=0.027732
2024-04-04 19:13:54,930 [INFO]  Epoch[4] Validation-L-SURF-accuracy=0.000000
2024-04-04 19:13:54,930 [INFO]  
========== done (2.253994941711426 s) fit model
2024-04-04 19:14:09,764 [INFO]  
========== start: fit model
2024-04-04 19:14:09,765 [WARNING]  Already bound, ignoring bind()
2024-04-04 19:14:10,319 [INFO]  Epoch[0] Batch [0-2]	Speed: 137.22 samples/sec	cross-entropy=9.062753	L-SURF-accuracy=0.000000
2024-04-04 19:14:10,321 [INFO]  Epoch[0] Train-cross-entropy=7.826488
2024-04-04 19:14:10,321 [INFO]  Epoch[0] Train-L-SURF-accuracy=0.000000
2024-04-04 19:14:10,321 [INFO]  Epoch[0] Time cost=0.555
2024-04-04 19:14:10,327 [INFO]  Saved checkpoint to "./imputer_model/7_post/imputer_model_L-SURF/model-0000.params"
2024-04-04 19:14:10,363 [INFO]  Epoch[0] Validation-cross-entropy=2.763093
2024-04-04 19:14:10,363 [INFO]  Epoch[0] Validation-L-SURF-accuracy=0.000000
2024-04-04 19:14:10,766 [INFO]  Epoch[1] Batch [0-2]	Speed: 351.86 samples/sec	cross-entropy=2.473490	L-SURF-accuracy=0.000000
2024-04-04 19:14:10,768 [INFO]  Epoch[1] Train-cross-entropy=1.875016
2024-04-04 19:14:10,768 [INFO]  Epoch[1] Train-L-SURF-accuracy=0.000000
2024-04-04 19:14:10,768 [INFO]  Epoch[1] Time cost=0.405
2024-04-04 19:14:10,770 [INFO]  Saved checkpoint to "./imputer_model/7_post/imputer_model_L-SURF/model-0001.params"
2024-04-04 19:14:10,773 [INFO]  Epoch[1] Validation-cross-entropy=0.739377
2024-04-04 19:14:10,773 [INFO]  Epoch[1] Validation-L-SURF-accuracy=0.000000
2024-04-04 19:14:10,777 [INFO]  Epoch[2] Batch [0-2]	Speed: 14747.58 samples/sec	cross-entropy=0.540616	L-SURF-accuracy=0.000000
2024-04-04 19:14:10,875 [INFO]  Epoch[2] Train-cross-entropy=1.153838
2024-04-04 19:14:10,875 [INFO]  Epoch[2] Train-L-SURF-accuracy=0.000000
2024-04-04 19:14:10,875 [INFO]  Epoch[2] Time cost=0.101
2024-04-04 19:14:10,877 [INFO]  Saved checkpoint to "./imputer_model/7_post/imputer_model_L-SURF/model-0002.params"
2024-04-04 19:14:10,878 [INFO]  Epoch[2] Validation-cross-entropy=0.676458
2024-04-04 19:14:10,878 [INFO]  Epoch[2] Validation-L-SURF-accuracy=0.000000
2024-04-04 19:14:11,046 [INFO]  Epoch[3] Batch [0-2]	Speed: 282.19 samples/sec	cross-entropy=0.846371	L-SURF-accuracy=0.000000
2024-04-04 19:14:11,047 [INFO]  Epoch[3] Train-cross-entropy=1.451910
2024-04-04 19:14:11,047 [INFO]  Epoch[3] Train-L-SURF-accuracy=0.000000
2024-04-04 19:14:11,047 [INFO]  Epoch[3] Time cost=0.169
2024-04-04 19:14:11,051 [INFO]  Saved checkpoint to "./imputer_model/7_post/imputer_model_L-SURF/model-0003.params"
2024-04-04 19:14:11,240 [INFO]  Epoch[3] Validation-cross-entropy=0.748249
2024-04-04 19:14:11,240 [INFO]  Epoch[3] Validation-L-SURF-accuracy=0.000000
2024-04-04 19:14:11,327 [INFO]  Epoch[4] Batch [0-2]	Speed: 13246.91 samples/sec	cross-entropy=0.945175	L-SURF-accuracy=0.000000
2024-04-04 19:14:11,329 [INFO]  Epoch[4] Train-cross-entropy=0.948755
2024-04-04 19:14:11,329 [INFO]  Epoch[4] Train-L-SURF-accuracy=0.000000
2024-04-04 19:14:11,329 [INFO]  Epoch[4] Time cost=0.089
2024-04-04 19:14:11,330 [INFO]  Saved checkpoint to "./imputer_model/7_post/imputer_model_L-SURF/model-0004.params"
2024-04-04 19:14:11,331 [INFO]  Epoch[4] Validation-cross-entropy=0.433214
2024-04-04 19:14:11,331 [INFO]  Epoch[4] Validation-L-SURF-accuracy=0.000000
2024-04-04 19:14:11,331 [INFO]  
========== done (1.5668742656707764 s) fit model
2024-04-04 19:14:31,676 [INFO]  
========== start: fit model
2024-04-04 19:14:31,677 [WARNING]  Already bound, ignoring bind()
2024-04-04 19:14:31,791 [INFO]  Epoch[0] Batch [0-2]	Speed: 5710.18 samples/sec	cross-entropy=27.405079	L-SURF-accuracy=0.000000
2024-04-04 19:14:31,793 [INFO]  Epoch[0] Train-cross-entropy=7.698973
2024-04-04 19:14:31,793 [INFO]  Epoch[0] Train-L-SURF-accuracy=0.000000
2024-04-04 19:14:31,793 [INFO]  Epoch[0] Time cost=0.115
2024-04-04 19:14:31,794 [INFO]  Saved checkpoint to "./imputer_model/7_post/imputer_model_L-SURF/model-0000.params"
2024-04-04 19:14:31,854 [INFO]  Epoch[0] Validation-cross-entropy=6.455127
2024-04-04 19:14:31,855 [INFO]  Epoch[0] Validation-L-SURF-accuracy=0.000000
2024-04-04 19:14:31,923 [INFO]  Epoch[1] Batch [0-2]	Speed: 770.41 samples/sec	cross-entropy=11.620283	L-SURF-accuracy=0.000000
2024-04-04 19:14:32,180 [INFO]  Epoch[1] Train-cross-entropy=3.110440
2024-04-04 19:14:32,181 [INFO]  Epoch[1] Train-L-SURF-accuracy=0.000000
2024-04-04 19:14:32,181 [INFO]  Epoch[1] Time cost=0.326
2024-04-04 19:14:32,188 [INFO]  Saved checkpoint to "./imputer_model/7_post/imputer_model_L-SURF/model-0001.params"
2024-04-04 19:14:32,329 [INFO]  Epoch[1] Validation-cross-entropy=3.165543
2024-04-04 19:14:32,330 [INFO]  Epoch[1] Validation-L-SURF-accuracy=0.000000
2024-04-04 19:14:33,053 [INFO]  Epoch[2] Batch [0-2]	Speed: 74.64 samples/sec	cross-entropy=3.823390	L-SURF-accuracy=0.000000
2024-04-04 19:14:33,054 [INFO]  Epoch[2] Train-cross-entropy=1.397322
2024-04-04 19:14:33,054 [INFO]  Epoch[2] Train-L-SURF-accuracy=0.000000
2024-04-04 19:14:33,054 [INFO]  Epoch[2] Time cost=0.725
2024-04-04 19:14:33,056 [INFO]  Saved checkpoint to "./imputer_model/7_post/imputer_model_L-SURF/model-0002.params"
2024-04-04 19:14:33,201 [INFO]  Epoch[2] Validation-cross-entropy=1.546595
2024-04-04 19:14:33,201 [INFO]  Epoch[2] Validation-L-SURF-accuracy=0.000000
2024-04-04 19:14:33,231 [INFO]  Epoch[3] Batch [0-2]	Speed: 9713.25 samples/sec	cross-entropy=1.417549	L-SURF-accuracy=0.000000
2024-04-04 19:14:33,245 [INFO]  Epoch[3] Train-cross-entropy=1.419452
2024-04-04 19:14:33,245 [INFO]  Epoch[3] Train-L-SURF-accuracy=0.000000
2024-04-04 19:14:33,245 [INFO]  Epoch[3] Time cost=0.044
2024-04-04 19:14:33,247 [INFO]  Saved checkpoint to "./imputer_model/7_post/imputer_model_L-SURF/model-0003.params"
2024-04-04 19:14:33,248 [INFO]  Epoch[3] Validation-cross-entropy=1.038497
2024-04-04 19:14:33,248 [INFO]  Epoch[3] Validation-L-SURF-accuracy=0.000000
2024-04-04 19:14:33,259 [INFO]  Epoch[4] Batch [0-2]	Speed: 14432.01 samples/sec	cross-entropy=1.575876	L-SURF-accuracy=0.000000
2024-04-04 19:14:33,478 [INFO]  Epoch[4] Train-cross-entropy=1.566462
2024-04-04 19:14:33,479 [INFO]  Epoch[4] Train-L-SURF-accuracy=0.000000
2024-04-04 19:14:33,479 [INFO]  Epoch[4] Time cost=0.230
2024-04-04 19:14:33,480 [INFO]  Saved checkpoint to "./imputer_model/7_post/imputer_model_L-SURF/model-0004.params"
2024-04-04 19:14:33,503 [INFO]  Epoch[4] Validation-cross-entropy=0.819037
2024-04-04 19:14:33,503 [INFO]  Epoch[4] Validation-L-SURF-accuracy=0.000000
2024-04-04 19:14:33,503 [INFO]  
========== done (1.8271524906158447 s) fit model
2024-04-04 19:14:47,686 [INFO]  
========== start: fit model
2024-04-04 19:14:47,686 [WARNING]  Already bound, ignoring bind()
2024-04-04 19:14:47,831 [INFO]  Epoch[0] Batch [0-2]	Speed: 253.71 samples/sec	cross-entropy=4.121897	L-SURF-accuracy=0.000000
2024-04-04 19:14:47,833 [INFO]  Epoch[0] Train-cross-entropy=1.500553
2024-04-04 19:14:47,833 [INFO]  Epoch[0] Train-L-SURF-accuracy=0.000000
2024-04-04 19:14:47,833 [INFO]  Epoch[0] Time cost=0.146
2024-04-04 19:14:47,835 [INFO]  Saved checkpoint to "./imputer_model/7_post/imputer_model_L-SURF/model-0000.params"
2024-04-04 19:14:47,835 [INFO]  Epoch[0] Validation-cross-entropy=0.701314
2024-04-04 19:14:47,835 [INFO]  Epoch[0] Validation-L-SURF-accuracy=0.000000
2024-04-04 19:14:48,066 [INFO]  Epoch[1] Batch [0-2]	Speed: 12838.89 samples/sec	cross-entropy=0.324291	L-SURF-accuracy=0.000000
2024-04-04 19:14:48,067 [INFO]  Epoch[1] Train-cross-entropy=0.176337
2024-04-04 19:14:48,067 [INFO]  Epoch[1] Train-L-SURF-accuracy=0.000000
2024-04-04 19:14:48,067 [INFO]  Epoch[1] Time cost=0.232
2024-04-04 19:14:48,071 [INFO]  Saved checkpoint to "./imputer_model/7_post/imputer_model_L-SURF/model-0001.params"
2024-04-04 19:14:48,089 [INFO]  Epoch[1] Validation-cross-entropy=0.649810
2024-04-04 19:14:48,089 [INFO]  Epoch[1] Validation-L-SURF-accuracy=0.000000
2024-04-04 19:14:48,589 [INFO]  Epoch[2] Batch [0-2]	Speed: 200.74 samples/sec	cross-entropy=0.559129	L-SURF-accuracy=0.000000
2024-04-04 19:14:48,612 [INFO]  Epoch[2] Train-cross-entropy=0.946701
2024-04-04 19:14:48,612 [INFO]  Epoch[2] Train-L-SURF-accuracy=0.000000
2024-04-04 19:14:48,612 [INFO]  Epoch[2] Time cost=0.524
2024-04-04 19:14:48,615 [INFO]  Saved checkpoint to "./imputer_model/7_post/imputer_model_L-SURF/model-0002.params"
2024-04-04 19:14:48,689 [INFO]  Epoch[2] Validation-cross-entropy=0.378747
2024-04-04 19:14:48,690 [INFO]  Epoch[2] Validation-L-SURF-accuracy=0.000000
2024-04-04 19:14:48,694 [INFO]  Epoch[3] Batch [0-2]	Speed: 10441.71 samples/sec	cross-entropy=0.723089	L-SURF-accuracy=0.000000
2024-04-04 19:14:48,917 [INFO]  Epoch[3] Train-cross-entropy=0.445927
2024-04-04 19:14:48,917 [INFO]  Epoch[3] Train-L-SURF-accuracy=0.000000
2024-04-04 19:14:48,917 [INFO]  Epoch[3] Time cost=0.228
2024-04-04 19:14:48,919 [INFO]  Saved checkpoint to "./imputer_model/7_post/imputer_model_L-SURF/model-0003.params"
2024-04-04 19:14:48,920 [INFO]  Epoch[3] Validation-cross-entropy=0.438082
2024-04-04 19:14:48,920 [INFO]  Epoch[3] Validation-L-SURF-accuracy=0.000000
2024-04-04 19:14:49,161 [INFO]  Epoch[4] Batch [0-2]	Speed: 344.44 samples/sec	cross-entropy=0.247462	L-SURF-accuracy=0.000000
2024-04-04 19:14:49,163 [INFO]  Epoch[4] Train-cross-entropy=0.024737
2024-04-04 19:14:49,163 [INFO]  Epoch[4] Train-L-SURF-accuracy=0.000000
2024-04-04 19:14:49,163 [INFO]  Epoch[4] Time cost=0.243
2024-04-04 19:14:49,165 [INFO]  Saved checkpoint to "./imputer_model/7_post/imputer_model_L-SURF/model-0004.params"
2024-04-04 19:14:49,168 [INFO]  Epoch[4] Validation-cross-entropy=0.102507
2024-04-04 19:14:49,168 [INFO]  Epoch[4] Validation-L-SURF-accuracy=0.000000
2024-04-04 19:14:49,168 [INFO]  
========== done (1.4821784496307373 s) fit model
2024-04-04 19:15:07,771 [INFO]  
========== start: fit model
2024-04-04 19:15:07,771 [WARNING]  Already bound, ignoring bind()
2024-04-04 19:15:08,513 [INFO]  Epoch[0] Batch [0-2]	Speed: 252.90 samples/sec	cross-entropy=22.714917	L-SURF-accuracy=0.000000
2024-04-04 19:15:08,724 [INFO]  Epoch[0] Train-cross-entropy=18.528233
2024-04-04 19:15:08,724 [INFO]  Epoch[0] Train-L-SURF-accuracy=0.000000
2024-04-04 19:15:08,724 [INFO]  Epoch[0] Time cost=0.952
2024-04-04 19:15:08,726 [INFO]  Saved checkpoint to "./imputer_model/7_post/imputer_model_L-SURF/model-0000.params"
2024-04-04 19:15:08,770 [INFO]  Epoch[0] Validation-cross-entropy=17.560446
2024-04-04 19:15:08,770 [INFO]  Epoch[0] Validation-L-SURF-accuracy=0.000000
2024-04-04 19:15:09,108 [INFO]  Epoch[1] Batch [0-2]	Speed: 96.82 samples/sec	cross-entropy=8.793228	L-SURF-accuracy=0.000000
2024-04-04 19:15:09,248 [INFO]  Epoch[1] Train-cross-entropy=6.101187
2024-04-04 19:15:09,248 [INFO]  Epoch[1] Train-L-SURF-accuracy=0.000000
2024-04-04 19:15:09,248 [INFO]  Epoch[1] Time cost=0.478
2024-04-04 19:15:09,250 [INFO]  Saved checkpoint to "./imputer_model/7_post/imputer_model_L-SURF/model-0001.params"
2024-04-04 19:15:09,396 [INFO]  Epoch[1] Validation-cross-entropy=2.987220
2024-04-04 19:15:09,397 [INFO]  Epoch[1] Validation-L-SURF-accuracy=0.000000
2024-04-04 19:15:09,653 [INFO]  Epoch[2] Batch [0-2]	Speed: 1095.99 samples/sec	cross-entropy=2.198012	L-SURF-accuracy=0.000000
2024-04-04 19:15:09,654 [INFO]  Epoch[2] Train-cross-entropy=1.140712
2024-04-04 19:15:09,655 [INFO]  Epoch[2] Train-L-SURF-accuracy=0.000000
2024-04-04 19:15:09,655 [INFO]  Epoch[2] Time cost=0.258
2024-04-04 19:15:09,657 [INFO]  Saved checkpoint to "./imputer_model/7_post/imputer_model_L-SURF/model-0002.params"
2024-04-04 19:15:09,657 [INFO]  Epoch[2] Validation-cross-entropy=0.302782
2024-04-04 19:15:09,657 [INFO]  Epoch[2] Validation-L-SURF-accuracy=0.000000
2024-04-04 19:15:09,659 [INFO]  Epoch[3] Batch [0-2]	Speed: 27153.09 samples/sec	cross-entropy=0.474342	L-SURF-accuracy=0.000000
2024-04-04 19:15:10,014 [INFO]  Epoch[3] Train-cross-entropy=0.672546
2024-04-04 19:15:10,014 [INFO]  Epoch[3] Train-L-SURF-accuracy=0.000000
2024-04-04 19:15:10,014 [INFO]  Epoch[3] Time cost=0.357
2024-04-04 19:15:10,018 [INFO]  Saved checkpoint to "./imputer_model/7_post/imputer_model_L-SURF/model-0003.params"
2024-04-04 19:15:10,178 [INFO]  Epoch[3] Validation-cross-entropy=2.460721
2024-04-04 19:15:10,178 [INFO]  Epoch[3] Validation-L-SURF-accuracy=0.000000
2024-04-04 19:15:10,681 [INFO]  Epoch[4] Batch [0-2]	Speed: 97.58 samples/sec	cross-entropy=0.924047	L-SURF-accuracy=0.000000
2024-04-04 19:15:10,688 [INFO]  Epoch[4] Train-cross-entropy=1.367577
2024-04-04 19:15:10,688 [INFO]  Epoch[4] Train-L-SURF-accuracy=0.000000
2024-04-04 19:15:10,688 [INFO]  Epoch[4] Time cost=0.511
2024-04-04 19:15:10,690 [INFO]  Saved checkpoint to "./imputer_model/7_post/imputer_model_L-SURF/model-0004.params"
2024-04-04 19:15:10,691 [INFO]  Epoch[4] Validation-cross-entropy=3.378858
2024-04-04 19:15:10,691 [INFO]  Epoch[4] Validation-L-SURF-accuracy=0.000000
2024-04-04 19:15:10,691 [INFO]  
========== done (2.919975757598877 s) fit model
2024-04-04 19:15:29,705 [INFO]  
========== start: fit model
2024-04-04 19:15:29,705 [WARNING]  Already bound, ignoring bind()
2024-04-04 19:15:30,246 [INFO]  Epoch[0] Batch [0-2]	Speed: 3787.50 samples/sec	cross-entropy=18.870612	L-SURF-accuracy=3.333333
2024-04-04 19:15:30,247 [INFO]  Epoch[0] Train-cross-entropy=7.488139
2024-04-04 19:15:30,247 [INFO]  Epoch[0] Train-L-SURF-accuracy=0.000000
2024-04-04 19:15:30,247 [INFO]  Epoch[0] Time cost=0.541
2024-04-04 19:15:30,251 [INFO]  Saved checkpoint to "./imputer_model/7_post/imputer_model_L-SURF/model-0000.params"
2024-04-04 19:15:30,336 [INFO]  Epoch[0] Validation-cross-entropy=12.844746
2024-04-04 19:15:30,336 [INFO]  Epoch[0] Validation-L-SURF-accuracy=0.000000
2024-04-04 19:15:30,726 [INFO]  Epoch[1] Batch [0-2]	Speed: 110.82 samples/sec	cross-entropy=6.373610	L-SURF-accuracy=3.333333
2024-04-04 19:15:30,734 [INFO]  Epoch[1] Train-cross-entropy=1.291517
2024-04-04 19:15:30,734 [INFO]  Epoch[1] Train-L-SURF-accuracy=0.000000
2024-04-04 19:15:30,734 [INFO]  Epoch[1] Time cost=0.398
2024-04-04 19:15:30,740 [INFO]  Saved checkpoint to "./imputer_model/7_post/imputer_model_L-SURF/model-0001.params"
2024-04-04 19:15:30,928 [INFO]  Epoch[1] Validation-cross-entropy=5.045498
2024-04-04 19:15:30,928 [INFO]  Epoch[1] Validation-L-SURF-accuracy=0.000000
2024-04-04 19:15:31,115 [INFO]  Epoch[2] Batch [0-2]	Speed: 5754.74 samples/sec	cross-entropy=1.692511	L-SURF-accuracy=3.333333
2024-04-04 19:15:31,128 [INFO]  Epoch[2] Train-cross-entropy=0.692944
2024-04-04 19:15:31,128 [INFO]  Epoch[2] Train-L-SURF-accuracy=0.000000
2024-04-04 19:15:31,128 [INFO]  Epoch[2] Time cost=0.200
2024-04-04 19:15:31,130 [INFO]  Saved checkpoint to "./imputer_model/7_post/imputer_model_L-SURF/model-0002.params"
2024-04-04 19:15:31,131 [INFO]  Epoch[2] Validation-cross-entropy=1.978445
2024-04-04 19:15:31,131 [INFO]  Epoch[2] Validation-L-SURF-accuracy=0.000000
2024-04-04 19:15:31,133 [INFO]  Epoch[3] Batch [0-2]	Speed: 27380.20 samples/sec	cross-entropy=1.554381	L-SURF-accuracy=3.333333
2024-04-04 19:15:31,133 [INFO]  Epoch[3] Train-cross-entropy=1.799875
2024-04-04 19:15:31,134 [INFO]  Epoch[3] Train-L-SURF-accuracy=0.000000
2024-04-04 19:15:31,134 [INFO]  Epoch[3] Time cost=0.003
2024-04-04 19:15:31,135 [INFO]  Saved checkpoint to "./imputer_model/7_post/imputer_model_L-SURF/model-0003.params"
2024-04-04 19:15:31,135 [INFO]  Epoch[3] Validation-cross-entropy=1.115050
2024-04-04 19:15:31,135 [INFO]  Epoch[3] Validation-L-SURF-accuracy=0.000000
2024-04-04 19:15:31,367 [INFO]  Epoch[4] Batch [0-2]	Speed: 12742.59 samples/sec	cross-entropy=2.029165	L-SURF-accuracy=3.333333
2024-04-04 19:15:31,380 [INFO]  Epoch[4] Train-cross-entropy=1.820124
2024-04-04 19:15:31,380 [INFO]  Epoch[4] Train-L-SURF-accuracy=0.000000
2024-04-04 19:15:31,380 [INFO]  Epoch[4] Time cost=0.244
2024-04-04 19:15:31,381 [INFO]  Saved checkpoint to "./imputer_model/7_post/imputer_model_L-SURF/model-0004.params"
2024-04-04 19:15:31,581 [INFO]  Epoch[4] Validation-cross-entropy=0.646601
2024-04-04 19:15:31,581 [INFO]  Epoch[4] Validation-L-SURF-accuracy=0.000000
2024-04-04 19:15:31,581 [INFO]  
========== done (1.8757030963897705 s) fit model
2024-04-04 19:15:50,734 [INFO]  
========== start: fit model
2024-04-04 19:15:50,734 [WARNING]  Already bound, ignoring bind()
2024-04-04 19:15:51,223 [INFO]  Epoch[0] Batch [0-2]	Speed: 12048.27 samples/sec	cross-entropy=27.611813	L-SURF-accuracy=0.000000
2024-04-04 19:15:51,227 [INFO]  Epoch[0] Train-cross-entropy=14.812817
2024-04-04 19:15:51,228 [INFO]  Epoch[0] Train-L-SURF-accuracy=0.000000
2024-04-04 19:15:51,228 [INFO]  Epoch[0] Time cost=0.492
2024-04-04 19:15:51,230 [INFO]  Saved checkpoint to "./imputer_model/7_post/imputer_model_L-SURF/model-0000.params"
2024-04-04 19:15:51,262 [INFO]  Epoch[0] Validation-cross-entropy=1.588947
2024-04-04 19:15:51,262 [INFO]  Epoch[0] Validation-L-SURF-accuracy=0.000000
2024-04-04 19:15:51,266 [INFO]  Epoch[1] Batch [0-2]	Speed: 16691.67 samples/sec	cross-entropy=10.436174	L-SURF-accuracy=0.000000
2024-04-04 19:15:51,267 [INFO]  Epoch[1] Train-cross-entropy=4.690600
2024-04-04 19:15:51,267 [INFO]  Epoch[1] Train-L-SURF-accuracy=0.000000
2024-04-04 19:15:51,267 [INFO]  Epoch[1] Time cost=0.005
2024-04-04 19:15:51,270 [INFO]  Saved checkpoint to "./imputer_model/7_post/imputer_model_L-SURF/model-0001.params"
2024-04-04 19:15:51,271 [INFO]  Epoch[1] Validation-cross-entropy=0.696288
2024-04-04 19:15:51,271 [INFO]  Epoch[1] Validation-L-SURF-accuracy=0.000000
2024-04-04 19:15:51,613 [INFO]  Epoch[2] Batch [0-2]	Speed: 102.90 samples/sec	cross-entropy=2.585342	L-SURF-accuracy=0.000000
2024-04-04 19:15:51,617 [INFO]  Epoch[2] Train-cross-entropy=1.264600
2024-04-04 19:15:51,617 [INFO]  Epoch[2] Train-L-SURF-accuracy=0.000000
2024-04-04 19:15:51,617 [INFO]  Epoch[2] Time cost=0.346
2024-04-04 19:15:51,619 [INFO]  Saved checkpoint to "./imputer_model/7_post/imputer_model_L-SURF/model-0002.params"
2024-04-04 19:15:51,748 [INFO]  Epoch[2] Validation-cross-entropy=0.534990
2024-04-04 19:15:51,749 [INFO]  Epoch[2] Validation-L-SURF-accuracy=0.000000
2024-04-04 19:15:51,753 [INFO]  Epoch[3] Batch [0-2]	Speed: 14802.88 samples/sec	cross-entropy=1.028603	L-SURF-accuracy=0.000000
2024-04-04 19:15:51,754 [INFO]  Epoch[3] Train-cross-entropy=1.354213
2024-04-04 19:15:51,754 [INFO]  Epoch[3] Train-L-SURF-accuracy=0.000000
2024-04-04 19:15:51,754 [INFO]  Epoch[3] Time cost=0.005
2024-04-04 19:15:51,755 [INFO]  Saved checkpoint to "./imputer_model/7_post/imputer_model_L-SURF/model-0003.params"
2024-04-04 19:15:51,836 [INFO]  Epoch[3] Validation-cross-entropy=0.603547
2024-04-04 19:15:51,837 [INFO]  Epoch[3] Validation-L-SURF-accuracy=0.000000
2024-04-04 19:15:52,133 [INFO]  Epoch[4] Batch [0-2]	Speed: 510.52 samples/sec	cross-entropy=1.828017	L-SURF-accuracy=0.000000
2024-04-04 19:15:52,134 [INFO]  Epoch[4] Train-cross-entropy=1.880416
2024-04-04 19:15:52,134 [INFO]  Epoch[4] Train-L-SURF-accuracy=0.000000
2024-04-04 19:15:52,134 [INFO]  Epoch[4] Time cost=0.298
2024-04-04 19:15:52,136 [INFO]  Saved checkpoint to "./imputer_model/7_post/imputer_model_L-SURF/model-0004.params"
2024-04-04 19:15:52,264 [INFO]  Epoch[4] Validation-cross-entropy=0.604627
2024-04-04 19:15:52,264 [INFO]  Epoch[4] Validation-L-SURF-accuracy=0.000000
2024-04-04 19:15:52,264 [INFO]  
========== done (1.5299053192138672 s) fit model
2024-04-04 19:16:10,277 [INFO]  
========== start: fit model
2024-04-04 19:16:10,277 [WARNING]  Already bound, ignoring bind()
2024-04-04 19:16:10,993 [INFO]  Epoch[0] Batch [0-2]	Speed: 51.27 samples/sec	cross-entropy=19.107835	L-SURF-accuracy=0.000000
2024-04-04 19:16:11,038 [INFO]  Epoch[0] Train-cross-entropy=9.888169
2024-04-04 19:16:11,038 [INFO]  Epoch[0] Train-L-SURF-accuracy=0.000000
2024-04-04 19:16:11,038 [INFO]  Epoch[0] Time cost=0.760
2024-04-04 19:16:11,040 [INFO]  Saved checkpoint to "./imputer_model/7_post/imputer_model_L-SURF/model-0000.params"
2024-04-04 19:16:11,041 [INFO]  Epoch[0] Validation-cross-entropy=5.365530
2024-04-04 19:16:11,041 [INFO]  Epoch[0] Validation-L-SURF-accuracy=0.000000
2024-04-04 19:16:11,046 [INFO]  Epoch[1] Batch [0-2]	Speed: 12631.07 samples/sec	cross-entropy=5.319588	L-SURF-accuracy=0.000000
2024-04-04 19:16:11,047 [INFO]  Epoch[1] Train-cross-entropy=1.706651
2024-04-04 19:16:11,047 [INFO]  Epoch[1] Train-L-SURF-accuracy=0.000000
2024-04-04 19:16:11,047 [INFO]  Epoch[1] Time cost=0.006
2024-04-04 19:16:11,049 [INFO]  Saved checkpoint to "./imputer_model/7_post/imputer_model_L-SURF/model-0001.params"
2024-04-04 19:16:11,054 [INFO]  Epoch[1] Validation-cross-entropy=0.643163
2024-04-04 19:16:11,054 [INFO]  Epoch[1] Validation-L-SURF-accuracy=0.000000
2024-04-04 19:16:11,440 [INFO]  Epoch[2] Batch [0-2]	Speed: 110.64 samples/sec	cross-entropy=0.718497	L-SURF-accuracy=0.000000
2024-04-04 19:16:11,589 [INFO]  Epoch[2] Train-cross-entropy=0.921701
2024-04-04 19:16:11,589 [INFO]  Epoch[2] Train-L-SURF-accuracy=0.000000
2024-04-04 19:16:11,589 [INFO]  Epoch[2] Time cost=0.535
2024-04-04 19:16:11,591 [INFO]  Saved checkpoint to "./imputer_model/7_post/imputer_model_L-SURF/model-0002.params"
2024-04-04 19:16:11,592 [INFO]  Epoch[2] Validation-cross-entropy=3.497382
2024-04-04 19:16:11,592 [INFO]  Epoch[2] Validation-L-SURF-accuracy=0.000000
2024-04-04 19:16:11,595 [INFO]  Epoch[3] Batch [0-2]	Speed: 20528.87 samples/sec	cross-entropy=1.304700	L-SURF-accuracy=0.000000
2024-04-04 19:16:11,818 [INFO]  Epoch[3] Train-cross-entropy=2.245963
2024-04-04 19:16:11,818 [INFO]  Epoch[3] Train-L-SURF-accuracy=0.000000
2024-04-04 19:16:11,818 [INFO]  Epoch[3] Time cost=0.226
2024-04-04 19:16:11,820 [INFO]  Saved checkpoint to "./imputer_model/7_post/imputer_model_L-SURF/model-0003.params"
2024-04-04 19:16:11,827 [INFO]  Epoch[3] Validation-cross-entropy=4.728009
2024-04-04 19:16:11,827 [INFO]  Epoch[3] Validation-L-SURF-accuracy=0.000000
2024-04-04 19:16:11,898 [INFO]  Epoch[4] Batch [0-2]	Speed: 795.82 samples/sec	cross-entropy=1.964907	L-SURF-accuracy=0.000000
2024-04-04 19:16:11,901 [INFO]  Epoch[4] Train-cross-entropy=1.891958
2024-04-04 19:16:11,901 [INFO]  Epoch[4] Train-L-SURF-accuracy=0.000000
2024-04-04 19:16:11,901 [INFO]  Epoch[4] Time cost=0.073
2024-04-04 19:16:11,903 [INFO]  Saved checkpoint to "./imputer_model/7_post/imputer_model_L-SURF/model-0004.params"
2024-04-04 19:16:11,904 [INFO]  Epoch[4] Validation-cross-entropy=2.536928
2024-04-04 19:16:11,904 [INFO]  Epoch[4] Validation-L-SURF-accuracy=0.000000
2024-04-04 19:16:11,904 [INFO]  
========== done (1.6265835762023926 s) fit model
2024-04-04 19:16:24,980 [INFO]  
========== start: fit model
2024-04-04 19:16:24,981 [WARNING]  Already bound, ignoring bind()
2024-04-04 19:16:25,152 [INFO]  Epoch[0] Batch [0-2]	Speed: 444.85 samples/sec	cross-entropy=32.464511	L-SURF-accuracy=0.000000
2024-04-04 19:16:25,460 [INFO]  Epoch[0] Train-cross-entropy=27.167477
2024-04-04 19:16:25,460 [INFO]  Epoch[0] Train-L-SURF-accuracy=0.000000
2024-04-04 19:16:25,460 [INFO]  Epoch[0] Time cost=0.479
2024-04-04 19:16:25,464 [INFO]  Saved checkpoint to "./imputer_model/7_post/imputer_model_L-SURF/model-0000.params"
2024-04-04 19:16:25,574 [INFO]  Epoch[0] Validation-cross-entropy=9.292227
2024-04-04 19:16:25,574 [INFO]  Epoch[0] Validation-L-SURF-accuracy=0.000000
2024-04-04 19:16:25,578 [INFO]  Epoch[1] Batch [0-2]	Speed: 13121.30 samples/sec	cross-entropy=13.015773	L-SURF-accuracy=0.000000
2024-04-04 19:16:25,689 [INFO]  Epoch[1] Train-cross-entropy=11.475844
2024-04-04 19:16:25,689 [INFO]  Epoch[1] Train-L-SURF-accuracy=0.000000
2024-04-04 19:16:25,689 [INFO]  Epoch[1] Time cost=0.115
2024-04-04 19:16:25,692 [INFO]  Saved checkpoint to "./imputer_model/7_post/imputer_model_L-SURF/model-0001.params"
2024-04-04 19:16:25,697 [INFO]  Epoch[1] Validation-cross-entropy=1.488550
2024-04-04 19:16:25,697 [INFO]  Epoch[1] Validation-L-SURF-accuracy=0.000000
2024-04-04 19:16:25,702 [INFO]  Epoch[2] Batch [0-2]	Speed: 10530.18 samples/sec	cross-entropy=3.562243	L-SURF-accuracy=0.000000
2024-04-04 19:16:25,704 [INFO]  Epoch[2] Train-cross-entropy=3.462021
2024-04-04 19:16:25,704 [INFO]  Epoch[2] Train-L-SURF-accuracy=0.000000
2024-04-04 19:16:25,704 [INFO]  Epoch[2] Time cost=0.007
2024-04-04 19:16:25,707 [INFO]  Saved checkpoint to "./imputer_model/7_post/imputer_model_L-SURF/model-0002.params"
2024-04-04 19:16:25,721 [INFO]  Epoch[2] Validation-cross-entropy=0.113317
2024-04-04 19:16:25,721 [INFO]  Epoch[2] Validation-L-SURF-accuracy=0.000000
2024-04-04 19:16:25,726 [INFO]  Epoch[3] Batch [0-2]	Speed: 8891.54 samples/sec	cross-entropy=0.983236	L-SURF-accuracy=0.000000
2024-04-04 19:16:25,727 [INFO]  Epoch[3] Train-cross-entropy=1.090837
2024-04-04 19:16:25,727 [INFO]  Epoch[3] Train-L-SURF-accuracy=0.000000
2024-04-04 19:16:25,727 [INFO]  Epoch[3] Time cost=0.007
2024-04-04 19:16:25,729 [INFO]  Saved checkpoint to "./imputer_model/7_post/imputer_model_L-SURF/model-0003.params"
2024-04-04 19:16:25,767 [INFO]  Epoch[3] Validation-cross-entropy=1.686754
2024-04-04 19:16:25,767 [INFO]  Epoch[3] Validation-L-SURF-accuracy=0.000000
2024-04-04 19:16:25,771 [INFO]  Epoch[4] Batch [0-2]	Speed: 14396.41 samples/sec	cross-entropy=1.689657	L-SURF-accuracy=0.000000
2024-04-04 19:16:25,775 [INFO]  Epoch[4] Train-cross-entropy=1.163072
2024-04-04 19:16:25,776 [INFO]  Epoch[4] Train-L-SURF-accuracy=0.000000
2024-04-04 19:16:25,776 [INFO]  Epoch[4] Time cost=0.009
2024-04-04 19:16:25,778 [INFO]  Saved checkpoint to "./imputer_model/7_post/imputer_model_L-SURF/model-0004.params"
2024-04-04 19:16:25,805 [INFO]  Epoch[4] Validation-cross-entropy=2.600545
2024-04-04 19:16:25,805 [INFO]  Epoch[4] Validation-L-SURF-accuracy=0.000000
2024-04-04 19:16:25,805 [INFO]  
========== done (0.8243281841278076 s) fit model
2024-04-04 19:16:44,496 [INFO]  
========== start: fit model
2024-04-04 19:16:44,496 [WARNING]  Already bound, ignoring bind()
2024-04-04 19:16:44,782 [INFO]  Epoch[0] Batch [0-2]	Speed: 330.49 samples/sec	cross-entropy=14.740051	L-SURF-accuracy=0.000000
2024-04-04 19:16:44,852 [INFO]  Epoch[0] Train-cross-entropy=7.879674
2024-04-04 19:16:44,852 [INFO]  Epoch[0] Train-L-SURF-accuracy=0.000000
2024-04-04 19:16:44,852 [INFO]  Epoch[0] Time cost=0.355
2024-04-04 19:16:44,864 [INFO]  Saved checkpoint to "./imputer_model/7_post/imputer_model_L-SURF/model-0000.params"
2024-04-04 19:16:45,082 [INFO]  Epoch[0] Validation-cross-entropy=12.569604
2024-04-04 19:16:45,082 [INFO]  Epoch[0] Validation-L-SURF-accuracy=0.000000
2024-04-04 19:16:45,631 [INFO]  Epoch[1] Batch [0-2]	Speed: 184.11 samples/sec	cross-entropy=3.422980	L-SURF-accuracy=0.000000
2024-04-04 19:16:46,242 [INFO]  Epoch[1] Train-cross-entropy=1.604287
2024-04-04 19:16:46,243 [INFO]  Epoch[1] Train-L-SURF-accuracy=0.000000
2024-04-04 19:16:46,243 [INFO]  Epoch[1] Time cost=1.161
2024-04-04 19:16:46,245 [INFO]  Saved checkpoint to "./imputer_model/7_post/imputer_model_L-SURF/model-0001.params"
2024-04-04 19:16:46,333 [INFO]  Epoch[1] Validation-cross-entropy=2.040538
2024-04-04 19:16:46,333 [INFO]  Epoch[1] Validation-L-SURF-accuracy=0.000000
2024-04-04 19:16:46,498 [INFO]  Epoch[2] Batch [0-2]	Speed: 196.10 samples/sec	cross-entropy=0.788903	L-SURF-accuracy=0.000000
2024-04-04 19:16:46,500 [INFO]  Epoch[2] Train-cross-entropy=0.435470
2024-04-04 19:16:46,500 [INFO]  Epoch[2] Train-L-SURF-accuracy=0.000000
2024-04-04 19:16:46,500 [INFO]  Epoch[2] Time cost=0.167
2024-04-04 19:16:46,502 [INFO]  Saved checkpoint to "./imputer_model/7_post/imputer_model_L-SURF/model-0002.params"
2024-04-04 19:16:46,502 [INFO]  Epoch[2] Validation-cross-entropy=0.161440
2024-04-04 19:16:46,502 [INFO]  Epoch[2] Validation-L-SURF-accuracy=0.000000
2024-04-04 19:16:46,506 [INFO]  Epoch[3] Batch [0-2]	Speed: 14886.62 samples/sec	cross-entropy=1.072771	L-SURF-accuracy=0.000000
2024-04-04 19:16:46,511 [INFO]  Epoch[3] Train-cross-entropy=0.905032
2024-04-04 19:16:46,511 [INFO]  Epoch[3] Train-L-SURF-accuracy=0.000000
2024-04-04 19:16:46,511 [INFO]  Epoch[3] Time cost=0.009
2024-04-04 19:16:46,513 [INFO]  Saved checkpoint to "./imputer_model/7_post/imputer_model_L-SURF/model-0003.params"
2024-04-04 19:16:46,569 [INFO]  Epoch[3] Validation-cross-entropy=1.913829
2024-04-04 19:16:46,569 [INFO]  Epoch[3] Validation-L-SURF-accuracy=0.000000
2024-04-04 19:16:46,573 [INFO]  Epoch[4] Batch [0-2]	Speed: 20397.83 samples/sec	cross-entropy=1.140192	L-SURF-accuracy=0.000000
2024-04-04 19:16:46,574 [INFO]  Epoch[4] Train-cross-entropy=1.120416
2024-04-04 19:16:46,574 [INFO]  Epoch[4] Train-L-SURF-accuracy=0.000000
2024-04-04 19:16:46,574 [INFO]  Epoch[4] Time cost=0.005
2024-04-04 19:16:46,576 [INFO]  Saved checkpoint to "./imputer_model/7_post/imputer_model_L-SURF/model-0004.params"
2024-04-04 19:16:46,602 [INFO]  Epoch[4] Validation-cross-entropy=2.489264
2024-04-04 19:16:46,602 [INFO]  Epoch[4] Validation-L-SURF-accuracy=0.000000
2024-04-04 19:16:46,602 [INFO]  
========== done (2.106146812438965 s) fit model
2024-04-04 19:17:00,675 [INFO]  
========== start: fit model
2024-04-04 19:17:00,675 [WARNING]  Already bound, ignoring bind()
2024-04-04 19:17:00,679 [INFO]  Epoch[0] Batch [0-2]	Speed: 23667.38 samples/sec	cross-entropy=10.669104	L-SURF-accuracy=0.000000
2024-04-04 19:17:00,681 [INFO]  Epoch[0] Train-cross-entropy=4.137451
2024-04-04 19:17:00,681 [INFO]  Epoch[0] Train-L-SURF-accuracy=0.000000
2024-04-04 19:17:00,681 [INFO]  Epoch[0] Time cost=0.004
2024-04-04 19:17:00,683 [INFO]  Saved checkpoint to "./imputer_model/7_post/imputer_model_L-SURF/model-0000.params"
2024-04-04 19:17:00,684 [INFO]  Epoch[0] Validation-cross-entropy=15.768626
2024-04-04 19:17:00,684 [INFO]  Epoch[0] Validation-L-SURF-accuracy=0.000000
2024-04-04 19:17:00,692 [INFO]  Epoch[1] Batch [0-2]	Speed: 4846.46 samples/sec	cross-entropy=2.760224	L-SURF-accuracy=0.000000
2024-04-04 19:17:01,068 [INFO]  Epoch[1] Train-cross-entropy=0.657134
2024-04-04 19:17:01,068 [INFO]  Epoch[1] Train-L-SURF-accuracy=0.000000
2024-04-04 19:17:01,068 [INFO]  Epoch[1] Time cost=0.384
2024-04-04 19:17:01,072 [INFO]  Saved checkpoint to "./imputer_model/7_post/imputer_model_L-SURF/model-0001.params"
2024-04-04 19:17:01,224 [INFO]  Epoch[1] Validation-cross-entropy=4.496897
2024-04-04 19:17:01,224 [INFO]  Epoch[1] Validation-L-SURF-accuracy=0.000000
2024-04-04 19:17:01,755 [INFO]  Epoch[2] Batch [0-2]	Speed: 279.86 samples/sec	cross-entropy=0.658985	L-SURF-accuracy=0.000000
2024-04-04 19:17:02,163 [INFO]  Epoch[2] Train-cross-entropy=0.469223
2024-04-04 19:17:02,163 [INFO]  Epoch[2] Train-L-SURF-accuracy=0.000000
2024-04-04 19:17:02,163 [INFO]  Epoch[2] Time cost=0.939
2024-04-04 19:17:02,165 [INFO]  Saved checkpoint to "./imputer_model/7_post/imputer_model_L-SURF/model-0002.params"
2024-04-04 19:17:02,336 [INFO]  Epoch[2] Validation-cross-entropy=0.996880
2024-04-04 19:17:02,336 [INFO]  Epoch[2] Validation-L-SURF-accuracy=0.000000
2024-04-04 19:17:02,458 [INFO]  Epoch[3] Batch [0-2]	Speed: 4636.35 samples/sec	cross-entropy=1.044880	L-SURF-accuracy=0.000000
2024-04-04 19:17:02,459 [INFO]  Epoch[3] Train-cross-entropy=0.655859
2024-04-04 19:17:02,459 [INFO]  Epoch[3] Train-L-SURF-accuracy=0.000000
2024-04-04 19:17:02,459 [INFO]  Epoch[3] Time cost=0.123
2024-04-04 19:17:02,462 [INFO]  Saved checkpoint to "./imputer_model/7_post/imputer_model_L-SURF/model-0003.params"
2024-04-04 19:17:02,505 [INFO]  Epoch[3] Validation-cross-entropy=0.705930
2024-04-04 19:17:02,505 [INFO]  Epoch[3] Validation-L-SURF-accuracy=0.000000
2024-04-04 19:17:03,046 [INFO]  Epoch[4] Batch [0-2]	Speed: 72.99 samples/sec	cross-entropy=1.219920	L-SURF-accuracy=0.000000
2024-04-04 19:17:03,272 [INFO]  Epoch[4] Train-cross-entropy=0.405813
2024-04-04 19:17:03,273 [INFO]  Epoch[4] Train-L-SURF-accuracy=0.000000
2024-04-04 19:17:03,273 [INFO]  Epoch[4] Time cost=0.768
2024-04-04 19:17:03,284 [INFO]  Saved checkpoint to "./imputer_model/7_post/imputer_model_L-SURF/model-0004.params"
2024-04-04 19:17:03,464 [INFO]  Epoch[4] Validation-cross-entropy=0.443857
2024-04-04 19:17:03,464 [INFO]  Epoch[4] Validation-L-SURF-accuracy=0.000000
2024-04-04 19:17:03,464 [INFO]  
========== done (2.788855791091919 s) fit model
2024-04-04 19:17:22,502 [INFO]  
========== start: fit model
2024-04-04 19:17:22,502 [WARNING]  Already bound, ignoring bind()
2024-04-04 19:17:22,665 [INFO]  Epoch[0] Batch [0-2]	Speed: 4014.29 samples/sec	cross-entropy=17.324002	L-SURF-accuracy=0.000000
2024-04-04 19:17:22,666 [INFO]  Epoch[0] Train-cross-entropy=10.906124
2024-04-04 19:17:22,666 [INFO]  Epoch[0] Train-L-SURF-accuracy=0.000000
2024-04-04 19:17:22,666 [INFO]  Epoch[0] Time cost=0.163
2024-04-04 19:17:22,668 [INFO]  Saved checkpoint to "./imputer_model/7_post/imputer_model_L-SURF/model-0000.params"
2024-04-04 19:17:22,835 [INFO]  Epoch[0] Validation-cross-entropy=6.268575
2024-04-04 19:17:22,836 [INFO]  Epoch[0] Validation-L-SURF-accuracy=0.000000
2024-04-04 19:17:22,912 [INFO]  Epoch[1] Batch [0-2]	Speed: 13231.24 samples/sec	cross-entropy=5.075555	L-SURF-accuracy=0.000000
2024-04-04 19:17:22,913 [INFO]  Epoch[1] Train-cross-entropy=2.096987
2024-04-04 19:17:22,913 [INFO]  Epoch[1] Train-L-SURF-accuracy=0.000000
2024-04-04 19:17:22,913 [INFO]  Epoch[1] Time cost=0.078
2024-04-04 19:17:22,916 [INFO]  Saved checkpoint to "./imputer_model/7_post/imputer_model_L-SURF/model-0001.params"
2024-04-04 19:17:23,041 [INFO]  Epoch[1] Validation-cross-entropy=0.900664
2024-04-04 19:17:23,041 [INFO]  Epoch[1] Validation-L-SURF-accuracy=0.000000
2024-04-04 19:17:23,622 [INFO]  Epoch[2] Batch [0-2]	Speed: 152.41 samples/sec	cross-entropy=0.394060	L-SURF-accuracy=0.000000
2024-04-04 19:17:23,626 [INFO]  Epoch[2] Train-cross-entropy=0.057258
2024-04-04 19:17:23,626 [INFO]  Epoch[2] Train-L-SURF-accuracy=0.000000
2024-04-04 19:17:23,626 [INFO]  Epoch[2] Time cost=0.585
2024-04-04 19:17:23,631 [INFO]  Saved checkpoint to "./imputer_model/7_post/imputer_model_L-SURF/model-0002.params"
2024-04-04 19:17:23,645 [INFO]  Epoch[2] Validation-cross-entropy=0.231965
2024-04-04 19:17:23,645 [INFO]  Epoch[2] Validation-L-SURF-accuracy=0.000000
2024-04-04 19:17:23,648 [INFO]  Epoch[3] Batch [0-2]	Speed: 15138.48 samples/sec	cross-entropy=0.616851	L-SURF-accuracy=0.000000
2024-04-04 19:17:23,656 [INFO]  Epoch[3] Train-cross-entropy=1.165596
2024-04-04 19:17:23,656 [INFO]  Epoch[3] Train-L-SURF-accuracy=0.000000
2024-04-04 19:17:23,656 [INFO]  Epoch[3] Time cost=0.011
2024-04-04 19:17:23,657 [INFO]  Saved checkpoint to "./imputer_model/7_post/imputer_model_L-SURF/model-0003.params"
2024-04-04 19:17:23,659 [INFO]  Epoch[3] Validation-cross-entropy=1.110518
2024-04-04 19:17:23,659 [INFO]  Epoch[3] Validation-L-SURF-accuracy=0.000000
2024-04-04 19:17:23,671 [INFO]  Epoch[4] Batch [0-2]	Speed: 5517.91 samples/sec	cross-entropy=1.664533	L-SURF-accuracy=0.000000
2024-04-04 19:17:23,674 [INFO]  Epoch[4] Train-cross-entropy=1.573556
2024-04-04 19:17:23,674 [INFO]  Epoch[4] Train-L-SURF-accuracy=0.000000
2024-04-04 19:17:23,674 [INFO]  Epoch[4] Time cost=0.015
2024-04-04 19:17:23,675 [INFO]  Saved checkpoint to "./imputer_model/7_post/imputer_model_L-SURF/model-0004.params"
2024-04-04 19:17:23,760 [INFO]  Epoch[4] Validation-cross-entropy=1.155464
2024-04-04 19:17:23,760 [INFO]  Epoch[4] Validation-L-SURF-accuracy=0.000000
2024-04-04 19:17:23,760 [INFO]  
========== done (1.2584874629974365 s) fit model
2024-04-04 19:17:39,581 [INFO]  
========== start: fit model
2024-04-04 19:17:39,581 [WARNING]  Already bound, ignoring bind()
2024-04-04 19:17:40,073 [INFO]  Epoch[0] Batch [0-2]	Speed: 115.75 samples/sec	cross-entropy=17.217221	L-SURF-accuracy=0.000000
2024-04-04 19:17:40,077 [INFO]  Epoch[0] Train-cross-entropy=8.502501
2024-04-04 19:17:40,077 [INFO]  Epoch[0] Train-L-SURF-accuracy=0.000000
2024-04-04 19:17:40,077 [INFO]  Epoch[0] Time cost=0.495
2024-04-04 19:17:40,078 [INFO]  Saved checkpoint to "./imputer_model/7_post/imputer_model_L-SURF/model-0000.params"
2024-04-04 19:17:40,216 [INFO]  Epoch[0] Validation-cross-entropy=6.444129
2024-04-04 19:17:40,216 [INFO]  Epoch[0] Validation-L-SURF-accuracy=0.000000
2024-04-04 19:17:40,243 [INFO]  Epoch[1] Batch [0-2]	Speed: 13136.71 samples/sec	cross-entropy=6.077545	L-SURF-accuracy=0.000000
2024-04-04 19:17:40,244 [INFO]  Epoch[1] Train-cross-entropy=1.967630
2024-04-04 19:17:40,244 [INFO]  Epoch[1] Train-L-SURF-accuracy=0.000000
2024-04-04 19:17:40,244 [INFO]  Epoch[1] Time cost=0.029
2024-04-04 19:17:40,246 [INFO]  Saved checkpoint to "./imputer_model/7_post/imputer_model_L-SURF/model-0001.params"
2024-04-04 19:17:40,247 [INFO]  Epoch[1] Validation-cross-entropy=1.415074
2024-04-04 19:17:40,248 [INFO]  Epoch[1] Validation-L-SURF-accuracy=0.000000
2024-04-04 19:17:40,531 [INFO]  Epoch[2] Batch [0-2]	Speed: 4943.38 samples/sec	cross-entropy=0.998671	L-SURF-accuracy=0.000000
2024-04-04 19:17:40,571 [INFO]  Epoch[2] Train-cross-entropy=0.047494
2024-04-04 19:17:40,571 [INFO]  Epoch[2] Train-L-SURF-accuracy=0.000000
2024-04-04 19:17:40,571 [INFO]  Epoch[2] Time cost=0.323
2024-04-04 19:17:40,574 [INFO]  Saved checkpoint to "./imputer_model/7_post/imputer_model_L-SURF/model-0002.params"
2024-04-04 19:17:40,652 [INFO]  Epoch[2] Validation-cross-entropy=0.055935
2024-04-04 19:17:40,652 [INFO]  Epoch[2] Validation-L-SURF-accuracy=0.000000
2024-04-04 19:17:41,083 [INFO]  Epoch[3] Batch [0-2]	Speed: 123.87 samples/sec	cross-entropy=0.202509	L-SURF-accuracy=0.000000
2024-04-04 19:17:41,292 [INFO]  Epoch[3] Train-cross-entropy=0.637891
2024-04-04 19:17:41,293 [INFO]  Epoch[3] Train-L-SURF-accuracy=0.000000
2024-04-04 19:17:41,293 [INFO]  Epoch[3] Time cost=0.641
2024-04-04 19:17:41,296 [INFO]  Saved checkpoint to "./imputer_model/7_post/imputer_model_L-SURF/model-0003.params"
2024-04-04 19:17:41,404 [INFO]  Epoch[3] Validation-cross-entropy=0.519720
2024-04-04 19:17:41,404 [INFO]  Epoch[3] Validation-L-SURF-accuracy=0.000000
2024-04-04 19:17:41,515 [INFO]  Epoch[4] Batch [0-2]	Speed: 294.58 samples/sec	cross-entropy=1.010059	L-SURF-accuracy=0.000000
2024-04-04 19:17:41,650 [INFO]  Epoch[4] Train-cross-entropy=1.243661
2024-04-04 19:17:41,650 [INFO]  Epoch[4] Train-L-SURF-accuracy=0.000000
2024-04-04 19:17:41,650 [INFO]  Epoch[4] Time cost=0.246
2024-04-04 19:17:41,652 [INFO]  Saved checkpoint to "./imputer_model/7_post/imputer_model_L-SURF/model-0004.params"
2024-04-04 19:17:41,653 [INFO]  Epoch[4] Validation-cross-entropy=0.919822
2024-04-04 19:17:41,653 [INFO]  Epoch[4] Validation-L-SURF-accuracy=0.000000
2024-04-04 19:17:41,653 [INFO]  
========== done (2.0726675987243652 s) fit model
2024-04-04 19:18:00,508 [INFO]  
========== start: fit model
2024-04-04 19:18:00,508 [WARNING]  Already bound, ignoring bind()
2024-04-04 19:18:01,156 [INFO]  Epoch[0] Batch [0-2]	Speed: 78.80 samples/sec	cross-entropy=19.625645	L-SURF-accuracy=0.000000
2024-04-04 19:18:01,351 [INFO]  Epoch[0] Train-cross-entropy=11.674608
2024-04-04 19:18:01,351 [INFO]  Epoch[0] Train-L-SURF-accuracy=0.000000
2024-04-04 19:18:01,351 [INFO]  Epoch[0] Time cost=0.842
2024-04-04 19:18:01,354 [INFO]  Saved checkpoint to "./imputer_model/7_post/imputer_model_L-SURF/model-0000.params"
2024-04-04 19:18:01,485 [INFO]  Epoch[0] Validation-cross-entropy=14.819144
2024-04-04 19:18:01,486 [INFO]  Epoch[0] Validation-L-SURF-accuracy=0.000000
2024-04-04 19:18:01,847 [INFO]  Epoch[1] Batch [0-2]	Speed: 12158.50 samples/sec	cross-entropy=6.231090	L-SURF-accuracy=0.000000
2024-04-04 19:18:01,849 [INFO]  Epoch[1] Train-cross-entropy=2.561798
2024-04-04 19:18:01,849 [INFO]  Epoch[1] Train-L-SURF-accuracy=0.000000
2024-04-04 19:18:01,849 [INFO]  Epoch[1] Time cost=0.363
2024-04-04 19:18:01,851 [INFO]  Saved checkpoint to "./imputer_model/7_post/imputer_model_L-SURF/model-0001.params"
2024-04-04 19:18:01,852 [INFO]  Epoch[1] Validation-cross-entropy=2.948599
2024-04-04 19:18:01,852 [INFO]  Epoch[1] Validation-L-SURF-accuracy=0.000000
2024-04-04 19:18:01,855 [INFO]  Epoch[2] Batch [0-2]	Speed: 15690.64 samples/sec	cross-entropy=1.252440	L-SURF-accuracy=0.000000
2024-04-04 19:18:02,008 [INFO]  Epoch[2] Train-cross-entropy=1.902033
2024-04-04 19:18:02,008 [INFO]  Epoch[2] Train-L-SURF-accuracy=0.000000
2024-04-04 19:18:02,008 [INFO]  Epoch[2] Time cost=0.156
2024-04-04 19:18:02,012 [INFO]  Saved checkpoint to "./imputer_model/7_post/imputer_model_L-SURF/model-0002.params"
2024-04-04 19:18:02,047 [INFO]  Epoch[2] Validation-cross-entropy=1.006346
2024-04-04 19:18:02,047 [INFO]  Epoch[2] Validation-L-SURF-accuracy=0.000000
2024-04-04 19:18:02,051 [INFO]  Epoch[3] Batch [0-2]	Speed: 13361.65 samples/sec	cross-entropy=0.949673	L-SURF-accuracy=0.000000
2024-04-04 19:18:02,368 [INFO]  Epoch[3] Train-cross-entropy=3.307774
2024-04-04 19:18:02,368 [INFO]  Epoch[3] Train-L-SURF-accuracy=0.000000
2024-04-04 19:18:02,368 [INFO]  Epoch[3] Time cost=0.321
2024-04-04 19:18:02,370 [INFO]  Saved checkpoint to "./imputer_model/7_post/imputer_model_L-SURF/model-0003.params"
2024-04-04 19:18:02,371 [INFO]  Epoch[3] Validation-cross-entropy=2.618917
2024-04-04 19:18:02,371 [INFO]  Epoch[3] Validation-L-SURF-accuracy=0.000000
2024-04-04 19:18:02,515 [INFO]  Epoch[4] Batch [0-2]	Speed: 12652.50 samples/sec	cross-entropy=1.511246	L-SURF-accuracy=0.000000
2024-04-04 19:18:02,520 [INFO]  Epoch[4] Train-cross-entropy=2.649032
2024-04-04 19:18:02,521 [INFO]  Epoch[4] Train-L-SURF-accuracy=0.000000
2024-04-04 19:18:02,521 [INFO]  Epoch[4] Time cost=0.150
2024-04-04 19:18:02,523 [INFO]  Saved checkpoint to "./imputer_model/7_post/imputer_model_L-SURF/model-0004.params"
2024-04-04 19:18:02,620 [INFO]  Epoch[4] Validation-cross-entropy=2.237982
2024-04-04 19:18:02,620 [INFO]  Epoch[4] Validation-L-SURF-accuracy=0.000000
2024-04-04 19:18:02,620 [INFO]  
========== done (2.112504482269287 s) fit model
2024-04-04 19:18:12,773 [INFO]  
========== start: fit model
2024-04-04 19:18:12,773 [WARNING]  Already bound, ignoring bind()
2024-04-04 19:18:13,463 [INFO]  Epoch[0] Batch [0-2]	Speed: 51.80 samples/sec	cross-entropy=10.768781	L-SURF-accuracy=0.000000
2024-04-04 19:18:13,468 [INFO]  Epoch[0] Train-cross-entropy=8.750723
2024-04-04 19:18:13,468 [INFO]  Epoch[0] Train-L-SURF-accuracy=0.000000
2024-04-04 19:18:13,468 [INFO]  Epoch[0] Time cost=0.694
2024-04-04 19:18:13,472 [INFO]  Saved checkpoint to "./imputer_model/7_post/imputer_model_L-SURF/model-0000.params"
2024-04-04 19:18:13,653 [INFO]  Epoch[0] Validation-cross-entropy=3.130018
2024-04-04 19:18:13,653 [INFO]  Epoch[0] Validation-L-SURF-accuracy=0.000000
2024-04-04 19:18:13,661 [INFO]  Epoch[1] Batch [0-2]	Speed: 11792.10 samples/sec	cross-entropy=2.793983	L-SURF-accuracy=0.000000
2024-04-04 19:18:13,663 [INFO]  Epoch[1] Train-cross-entropy=1.394925
2024-04-04 19:18:13,663 [INFO]  Epoch[1] Train-L-SURF-accuracy=0.000000
2024-04-04 19:18:13,663 [INFO]  Epoch[1] Time cost=0.010
2024-04-04 19:18:13,665 [INFO]  Saved checkpoint to "./imputer_model/7_post/imputer_model_L-SURF/model-0001.params"
2024-04-04 19:18:13,665 [INFO]  Epoch[1] Validation-cross-entropy=0.320441
2024-04-04 19:18:13,665 [INFO]  Epoch[1] Validation-L-SURF-accuracy=0.000000
2024-04-04 19:18:13,667 [INFO]  Epoch[2] Batch [0-2]	Speed: 27363.45 samples/sec	cross-entropy=0.377035	L-SURF-accuracy=0.000000
2024-04-04 19:18:13,669 [INFO]  Epoch[2] Train-cross-entropy=0.346075
2024-04-04 19:18:13,669 [INFO]  Epoch[2] Train-L-SURF-accuracy=0.000000
2024-04-04 19:18:13,669 [INFO]  Epoch[2] Time cost=0.003
2024-04-04 19:18:13,676 [INFO]  Saved checkpoint to "./imputer_model/7_post/imputer_model_L-SURF/model-0002.params"
2024-04-04 19:18:13,804 [INFO]  Epoch[2] Validation-cross-entropy=0.559935
2024-04-04 19:18:13,804 [INFO]  Epoch[2] Validation-L-SURF-accuracy=0.000000
2024-04-04 19:18:14,339 [INFO]  Epoch[3] Batch [0-2]	Speed: 134.60 samples/sec	cross-entropy=0.714499	L-SURF-accuracy=0.000000
2024-04-04 19:18:14,402 [INFO]  Epoch[3] Train-cross-entropy=1.348804
2024-04-04 19:18:14,402 [INFO]  Epoch[3] Train-L-SURF-accuracy=0.000000
2024-04-04 19:18:14,402 [INFO]  Epoch[3] Time cost=0.598
2024-04-04 19:18:14,406 [INFO]  Saved checkpoint to "./imputer_model/7_post/imputer_model_L-SURF/model-0003.params"
2024-04-04 19:18:14,541 [INFO]  Epoch[3] Validation-cross-entropy=1.157744
2024-04-04 19:18:14,541 [INFO]  Epoch[3] Validation-L-SURF-accuracy=0.000000
2024-04-04 19:18:14,761 [INFO]  Epoch[4] Batch [0-2]	Speed: 2013.29 samples/sec	cross-entropy=1.100432	L-SURF-accuracy=0.000000
2024-04-04 19:18:14,995 [INFO]  Epoch[4] Train-cross-entropy=1.385818
2024-04-04 19:18:14,995 [INFO]  Epoch[4] Train-L-SURF-accuracy=0.000000
2024-04-04 19:18:14,995 [INFO]  Epoch[4] Time cost=0.454
2024-04-04 19:18:14,997 [INFO]  Saved checkpoint to "./imputer_model/7_post/imputer_model_L-SURF/model-0004.params"
2024-04-04 19:18:14,999 [INFO]  Epoch[4] Validation-cross-entropy=0.837514
2024-04-04 19:18:14,999 [INFO]  Epoch[4] Validation-L-SURF-accuracy=0.000000
2024-04-04 19:18:14,999 [INFO]  
========== done (2.2255823612213135 s) fit model
