2024-04-08 18:37:00,716 [INFO]  
========== start: fit model
2024-04-08 18:37:00,717 [WARNING]  Already bound, ignoring bind()
2024-04-08 18:37:00,757 [INFO]  Epoch[0] Batch [0-34]	Speed: 16912.52 samples/sec	cross-entropy=5.024926	mcg-accuracy=0.000000
2024-04-08 18:37:00,780 [INFO]  Epoch[0] Train-cross-entropy=0.198233
2024-04-08 18:37:00,780 [INFO]  Epoch[0] Train-mcg-accuracy=0.000000
2024-04-08 18:37:00,780 [INFO]  Epoch[0] Time cost=0.063
2024-04-08 18:37:00,782 [INFO]  Saved checkpoint to "./imputer_model/21_yeast/imputer_model_mcg/model-0000.params"
2024-04-08 18:37:00,784 [INFO]  Epoch[0] Validation-cross-entropy=0.207170
2024-04-08 18:37:00,784 [INFO]  Epoch[0] Validation-mcg-accuracy=0.000000
2024-04-08 18:37:00,810 [INFO]  Epoch[1] Batch [0-34]	Speed: 22214.77 samples/sec	cross-entropy=0.107554	mcg-accuracy=0.000000
2024-04-08 18:37:00,833 [INFO]  Epoch[1] Train-cross-entropy=0.083921
2024-04-08 18:37:00,833 [INFO]  Epoch[1] Train-mcg-accuracy=0.000000
2024-04-08 18:37:00,833 [INFO]  Epoch[1] Time cost=0.048
2024-04-08 18:37:00,835 [INFO]  Saved checkpoint to "./imputer_model/21_yeast/imputer_model_mcg/model-0001.params"
2024-04-08 18:37:00,837 [INFO]  Epoch[1] Validation-cross-entropy=0.082371
2024-04-08 18:37:00,837 [INFO]  Epoch[1] Validation-mcg-accuracy=0.000000
2024-04-08 18:37:00,862 [INFO]  Epoch[2] Batch [0-34]	Speed: 22204.39 samples/sec	cross-entropy=0.092907	mcg-accuracy=0.000000
2024-04-08 18:37:00,885 [INFO]  Epoch[2] Train-cross-entropy=0.062814
2024-04-08 18:37:00,885 [INFO]  Epoch[2] Train-mcg-accuracy=0.000000
2024-04-08 18:37:00,885 [INFO]  Epoch[2] Time cost=0.049
2024-04-08 18:37:00,887 [INFO]  Saved checkpoint to "./imputer_model/21_yeast/imputer_model_mcg/model-0002.params"
2024-04-08 18:37:00,889 [INFO]  Epoch[2] Validation-cross-entropy=0.061768
2024-04-08 18:37:00,889 [INFO]  Epoch[2] Validation-mcg-accuracy=0.000000
2024-04-08 18:37:00,914 [INFO]  Epoch[3] Batch [0-34]	Speed: 22466.76 samples/sec	cross-entropy=0.054763	mcg-accuracy=0.000000
2024-04-08 18:37:00,938 [INFO]  Epoch[3] Train-cross-entropy=0.030888
2024-04-08 18:37:00,938 [INFO]  Epoch[3] Train-mcg-accuracy=0.000000
2024-04-08 18:37:00,938 [INFO]  Epoch[3] Time cost=0.049
2024-04-08 18:37:00,940 [INFO]  Saved checkpoint to "./imputer_model/21_yeast/imputer_model_mcg/model-0003.params"
2024-04-08 18:37:00,942 [INFO]  Epoch[3] Validation-cross-entropy=0.041063
2024-04-08 18:37:00,942 [INFO]  Epoch[3] Validation-mcg-accuracy=0.000000
2024-04-08 18:37:00,967 [INFO]  Epoch[4] Batch [0-34]	Speed: 22239.46 samples/sec	cross-entropy=0.027428	mcg-accuracy=0.000000
2024-04-08 18:37:00,990 [INFO]  Epoch[4] Train-cross-entropy=0.016137
2024-04-08 18:37:00,991 [INFO]  Epoch[4] Train-mcg-accuracy=0.000000
2024-04-08 18:37:00,991 [INFO]  Epoch[4] Time cost=0.049
2024-04-08 18:37:00,992 [INFO]  Saved checkpoint to "./imputer_model/21_yeast/imputer_model_mcg/model-0004.params"
2024-04-08 18:37:00,995 [INFO]  Epoch[4] Validation-cross-entropy=0.033387
2024-04-08 18:37:00,995 [INFO]  Epoch[4] Validation-mcg-accuracy=0.000000
2024-04-08 18:37:00,995 [INFO]  
========== done (0.2783067226409912 s) fit model
2024-04-08 18:37:07,032 [INFO]  
========== start: fit model
2024-04-08 18:37:07,032 [WARNING]  Already bound, ignoring bind()
2024-04-08 18:37:07,060 [INFO]  Epoch[0] Batch [0-34]	Speed: 21098.73 samples/sec	cross-entropy=4.624558	mcg-accuracy=0.000000
2024-04-08 18:37:07,199 [INFO]  Epoch[0] Train-cross-entropy=0.260306
2024-04-08 18:37:07,199 [INFO]  Epoch[0] Train-mcg-accuracy=0.000000
2024-04-08 18:37:07,199 [INFO]  Epoch[0] Time cost=0.166
2024-04-08 18:37:07,201 [INFO]  Saved checkpoint to "./imputer_model/21_yeast/imputer_model_mcg/model-0000.params"
2024-04-08 18:37:07,203 [INFO]  Epoch[0] Validation-cross-entropy=0.234616
2024-04-08 18:37:07,204 [INFO]  Epoch[0] Validation-mcg-accuracy=0.000000
2024-04-08 18:37:07,307 [INFO]  Epoch[1] Batch [0-34]	Speed: 5312.62 samples/sec	cross-entropy=0.084296	mcg-accuracy=0.000000
2024-04-08 18:37:07,645 [INFO]  Epoch[1] Train-cross-entropy=0.048659
2024-04-08 18:37:07,645 [INFO]  Epoch[1] Train-mcg-accuracy=0.000000
2024-04-08 18:37:07,645 [INFO]  Epoch[1] Time cost=0.442
2024-04-08 18:37:07,647 [INFO]  Saved checkpoint to "./imputer_model/21_yeast/imputer_model_mcg/model-0001.params"
2024-04-08 18:37:07,650 [INFO]  Epoch[1] Validation-cross-entropy=0.076884
2024-04-08 18:37:07,651 [INFO]  Epoch[1] Validation-mcg-accuracy=0.000000
2024-04-08 18:37:07,691 [INFO]  Epoch[2] Batch [0-34]	Speed: 14049.02 samples/sec	cross-entropy=0.034535	mcg-accuracy=0.000000
2024-04-08 18:37:07,728 [INFO]  Epoch[2] Train-cross-entropy=0.033468
2024-04-08 18:37:07,728 [INFO]  Epoch[2] Train-mcg-accuracy=0.000000
2024-04-08 18:37:07,728 [INFO]  Epoch[2] Time cost=0.077
2024-04-08 18:37:07,730 [INFO]  Saved checkpoint to "./imputer_model/21_yeast/imputer_model_mcg/model-0002.params"
2024-04-08 18:37:07,734 [INFO]  Epoch[2] Validation-cross-entropy=0.065383
2024-04-08 18:37:07,734 [INFO]  Epoch[2] Validation-mcg-accuracy=0.000000
2024-04-08 18:37:07,772 [INFO]  Epoch[3] Batch [0-34]	Speed: 14706.23 samples/sec	cross-entropy=0.022380	mcg-accuracy=0.000000
2024-04-08 18:37:07,807 [INFO]  Epoch[3] Train-cross-entropy=0.029390
2024-04-08 18:37:07,807 [INFO]  Epoch[3] Train-mcg-accuracy=0.000000
2024-04-08 18:37:07,807 [INFO]  Epoch[3] Time cost=0.073
2024-04-08 18:37:07,809 [INFO]  Saved checkpoint to "./imputer_model/21_yeast/imputer_model_mcg/model-0003.params"
2024-04-08 18:37:07,813 [INFO]  Epoch[3] Validation-cross-entropy=0.057471
2024-04-08 18:37:07,813 [INFO]  Epoch[3] Validation-mcg-accuracy=0.000000
2024-04-08 18:37:07,852 [INFO]  Epoch[4] Batch [0-34]	Speed: 14461.56 samples/sec	cross-entropy=0.019699	mcg-accuracy=0.000000
2024-04-08 18:37:07,890 [INFO]  Epoch[4] Train-cross-entropy=0.025367
2024-04-08 18:37:07,891 [INFO]  Epoch[4] Train-mcg-accuracy=0.000000
2024-04-08 18:37:07,891 [INFO]  Epoch[4] Time cost=0.078
2024-04-08 18:37:07,892 [INFO]  Saved checkpoint to "./imputer_model/21_yeast/imputer_model_mcg/model-0004.params"
2024-04-08 18:37:07,896 [INFO]  Epoch[4] Validation-cross-entropy=0.080290
2024-04-08 18:37:07,896 [INFO]  Epoch[4] Validation-mcg-accuracy=0.000000
2024-04-08 18:37:07,896 [INFO]  
========== done (0.8644146919250488 s) fit model
2024-04-08 18:37:15,334 [INFO]  
========== start: fit model
2024-04-08 18:37:15,334 [WARNING]  Already bound, ignoring bind()
2024-04-08 18:37:15,413 [INFO]  Epoch[0] Batch [0-34]	Speed: 7721.99 samples/sec	cross-entropy=4.451823	mcg-accuracy=0.000000
2024-04-08 18:37:15,455 [INFO]  Epoch[0] Train-cross-entropy=0.640517
2024-04-08 18:37:15,455 [INFO]  Epoch[0] Train-mcg-accuracy=0.000000
2024-04-08 18:37:15,455 [INFO]  Epoch[0] Time cost=0.120
2024-04-08 18:37:15,457 [INFO]  Saved checkpoint to "./imputer_model/21_yeast/imputer_model_mcg/model-0000.params"
2024-04-08 18:37:15,459 [INFO]  Epoch[0] Validation-cross-entropy=0.239645
2024-04-08 18:37:15,459 [INFO]  Epoch[0] Validation-mcg-accuracy=0.000000
2024-04-08 18:37:15,479 [INFO]  Epoch[1] Batch [0-34]	Speed: 28455.46 samples/sec	cross-entropy=0.159639	mcg-accuracy=0.000000
2024-04-08 18:37:15,516 [INFO]  Epoch[1] Train-cross-entropy=0.128205
2024-04-08 18:37:15,516 [INFO]  Epoch[1] Train-mcg-accuracy=0.000000
2024-04-08 18:37:15,516 [INFO]  Epoch[1] Time cost=0.057
2024-04-08 18:37:15,518 [INFO]  Saved checkpoint to "./imputer_model/21_yeast/imputer_model_mcg/model-0001.params"
2024-04-08 18:37:15,521 [INFO]  Epoch[1] Validation-cross-entropy=0.053198
2024-04-08 18:37:15,521 [INFO]  Epoch[1] Validation-mcg-accuracy=0.000000
2024-04-08 18:37:15,561 [INFO]  Epoch[2] Batch [0-34]	Speed: 14224.36 samples/sec	cross-entropy=0.078399	mcg-accuracy=0.000000
2024-04-08 18:37:15,609 [INFO]  Epoch[2] Train-cross-entropy=0.095326
2024-04-08 18:37:15,609 [INFO]  Epoch[2] Train-mcg-accuracy=0.000000
2024-04-08 18:37:15,609 [INFO]  Epoch[2] Time cost=0.088
2024-04-08 18:37:15,612 [INFO]  Saved checkpoint to "./imputer_model/21_yeast/imputer_model_mcg/model-0002.params"
2024-04-08 18:37:15,616 [INFO]  Epoch[2] Validation-cross-entropy=0.068669
2024-04-08 18:37:15,616 [INFO]  Epoch[2] Validation-mcg-accuracy=0.000000
2024-04-08 18:37:15,657 [INFO]  Epoch[3] Batch [0-34]	Speed: 13670.66 samples/sec	cross-entropy=0.071227	mcg-accuracy=0.000000
2024-04-08 18:37:15,696 [INFO]  Epoch[3] Train-cross-entropy=0.058174
2024-04-08 18:37:15,696 [INFO]  Epoch[3] Train-mcg-accuracy=0.000000
2024-04-08 18:37:15,697 [INFO]  Epoch[3] Time cost=0.080
2024-04-08 18:37:15,699 [INFO]  Saved checkpoint to "./imputer_model/21_yeast/imputer_model_mcg/model-0003.params"
2024-04-08 18:37:15,702 [INFO]  Epoch[3] Validation-cross-entropy=0.044750
2024-04-08 18:37:15,702 [INFO]  Epoch[3] Validation-mcg-accuracy=0.000000
2024-04-08 18:37:15,747 [INFO]  Epoch[4] Batch [0-34]	Speed: 12708.95 samples/sec	cross-entropy=0.060256	mcg-accuracy=0.000000
2024-04-08 18:37:15,786 [INFO]  Epoch[4] Train-cross-entropy=0.049657
2024-04-08 18:37:15,786 [INFO]  Epoch[4] Train-mcg-accuracy=0.000000
2024-04-08 18:37:15,786 [INFO]  Epoch[4] Time cost=0.084
2024-04-08 18:37:15,788 [INFO]  Saved checkpoint to "./imputer_model/21_yeast/imputer_model_mcg/model-0004.params"
2024-04-08 18:37:15,792 [INFO]  Epoch[4] Validation-cross-entropy=0.013239
2024-04-08 18:37:15,792 [INFO]  Epoch[4] Validation-mcg-accuracy=0.000000
2024-04-08 18:37:15,792 [INFO]  
========== done (0.45801377296447754 s) fit model
2024-04-08 18:37:23,128 [INFO]  
========== start: fit model
2024-04-08 18:37:23,128 [WARNING]  Already bound, ignoring bind()
2024-04-08 18:37:23,364 [INFO]  Epoch[0] Batch [0-34]	Speed: 12389.44 samples/sec	cross-entropy=3.549791	mcg-accuracy=3.000000
2024-04-08 18:37:23,403 [INFO]  Epoch[0] Train-cross-entropy=0.366158
2024-04-08 18:37:23,404 [INFO]  Epoch[0] Train-mcg-accuracy=3.218750
2024-04-08 18:37:23,404 [INFO]  Epoch[0] Time cost=0.274
2024-04-08 18:37:23,406 [INFO]  Saved checkpoint to "./imputer_model/21_yeast/imputer_model_mcg/model-0000.params"
2024-04-08 18:37:23,419 [INFO]  Epoch[0] Validation-cross-entropy=0.875197
2024-04-08 18:37:23,419 [INFO]  Epoch[0] Validation-mcg-accuracy=0.000000
2024-04-08 18:37:23,463 [INFO]  Epoch[1] Batch [0-34]	Speed: 12584.67 samples/sec	cross-entropy=0.195158	mcg-accuracy=3.000000
2024-04-08 18:37:23,530 [INFO]  Epoch[1] Train-cross-entropy=0.333675
2024-04-08 18:37:23,530 [INFO]  Epoch[1] Train-mcg-accuracy=3.218750
2024-04-08 18:37:23,530 [INFO]  Epoch[1] Time cost=0.111
2024-04-08 18:37:23,532 [INFO]  Saved checkpoint to "./imputer_model/21_yeast/imputer_model_mcg/model-0001.params"
2024-04-08 18:37:23,534 [INFO]  Epoch[1] Validation-cross-entropy=0.730291
2024-04-08 18:37:23,534 [INFO]  Epoch[1] Validation-mcg-accuracy=0.000000
2024-04-08 18:37:23,562 [INFO]  Epoch[2] Batch [0-34]	Speed: 20386.35 samples/sec	cross-entropy=0.145892	mcg-accuracy=3.000000
2024-04-08 18:37:23,583 [INFO]  Epoch[2] Train-cross-entropy=0.315907
2024-04-08 18:37:23,583 [INFO]  Epoch[2] Train-mcg-accuracy=3.218750
2024-04-08 18:37:23,583 [INFO]  Epoch[2] Time cost=0.048
2024-04-08 18:37:23,584 [INFO]  Saved checkpoint to "./imputer_model/21_yeast/imputer_model_mcg/model-0002.params"
2024-04-08 18:37:23,586 [INFO]  Epoch[2] Validation-cross-entropy=0.513335
2024-04-08 18:37:23,586 [INFO]  Epoch[2] Validation-mcg-accuracy=0.000000
2024-04-08 18:37:23,655 [INFO]  Epoch[3] Batch [0-34]	Speed: 8091.00 samples/sec	cross-entropy=0.132799	mcg-accuracy=3.000000
2024-04-08 18:37:23,673 [INFO]  Epoch[3] Train-cross-entropy=0.202367
2024-04-08 18:37:23,673 [INFO]  Epoch[3] Train-mcg-accuracy=3.218750
2024-04-08 18:37:23,673 [INFO]  Epoch[3] Time cost=0.087
2024-04-08 18:37:23,674 [INFO]  Saved checkpoint to "./imputer_model/21_yeast/imputer_model_mcg/model-0003.params"
2024-04-08 18:37:23,676 [INFO]  Epoch[3] Validation-cross-entropy=0.351784
2024-04-08 18:37:23,677 [INFO]  Epoch[3] Validation-mcg-accuracy=0.000000
2024-04-08 18:37:23,728 [INFO]  Epoch[4] Batch [0-34]	Speed: 10623.68 samples/sec	cross-entropy=0.087065	mcg-accuracy=3.000000
2024-04-08 18:37:23,777 [INFO]  Epoch[4] Train-cross-entropy=0.131514
2024-04-08 18:37:23,777 [INFO]  Epoch[4] Train-mcg-accuracy=3.218750
2024-04-08 18:37:23,777 [INFO]  Epoch[4] Time cost=0.101
2024-04-08 18:37:23,779 [INFO]  Saved checkpoint to "./imputer_model/21_yeast/imputer_model_mcg/model-0004.params"
2024-04-08 18:37:23,781 [INFO]  Epoch[4] Validation-cross-entropy=0.273115
2024-04-08 18:37:23,781 [INFO]  Epoch[4] Validation-mcg-accuracy=0.000000
2024-04-08 18:37:23,782 [INFO]  
========== done (0.6535344123840332 s) fit model
2024-04-08 18:37:31,365 [INFO]  
========== start: fit model
2024-04-08 18:37:31,365 [WARNING]  Already bound, ignoring bind()
2024-04-08 18:37:31,522 [INFO]  Epoch[0] Batch [0-34]	Speed: 4466.34 samples/sec	cross-entropy=3.779632	mcg-accuracy=0.000000
2024-04-08 18:37:31,642 [INFO]  Epoch[0] Train-cross-entropy=0.569630
2024-04-08 18:37:31,642 [INFO]  Epoch[0] Train-mcg-accuracy=0.000000
2024-04-08 18:37:31,642 [INFO]  Epoch[0] Time cost=0.275
2024-04-08 18:37:31,644 [INFO]  Saved checkpoint to "./imputer_model/21_yeast/imputer_model_mcg/model-0000.params"
2024-04-08 18:37:31,646 [INFO]  Epoch[0] Validation-cross-entropy=0.133725
2024-04-08 18:37:31,646 [INFO]  Epoch[0] Validation-mcg-accuracy=0.000000
2024-04-08 18:37:31,816 [INFO]  Epoch[1] Batch [0-34]	Speed: 3208.10 samples/sec	cross-entropy=0.723205	mcg-accuracy=0.000000
2024-04-08 18:37:31,844 [INFO]  Epoch[1] Train-cross-entropy=0.138571
2024-04-08 18:37:31,845 [INFO]  Epoch[1] Train-mcg-accuracy=0.000000
2024-04-08 18:37:31,845 [INFO]  Epoch[1] Time cost=0.199
2024-04-08 18:37:31,846 [INFO]  Saved checkpoint to "./imputer_model/21_yeast/imputer_model_mcg/model-0001.params"
2024-04-08 18:37:31,851 [INFO]  Epoch[1] Validation-cross-entropy=0.067404
2024-04-08 18:37:31,851 [INFO]  Epoch[1] Validation-mcg-accuracy=0.000000
2024-04-08 18:37:31,890 [INFO]  Epoch[2] Batch [0-34]	Speed: 14315.39 samples/sec	cross-entropy=0.241575	mcg-accuracy=0.000000
2024-04-08 18:37:32,280 [INFO]  Epoch[2] Train-cross-entropy=0.119158
2024-04-08 18:37:32,280 [INFO]  Epoch[2] Train-mcg-accuracy=0.000000
2024-04-08 18:37:32,280 [INFO]  Epoch[2] Time cost=0.429
2024-04-08 18:37:32,281 [INFO]  Saved checkpoint to "./imputer_model/21_yeast/imputer_model_mcg/model-0002.params"
2024-04-08 18:37:32,286 [INFO]  Epoch[2] Validation-cross-entropy=0.048562
2024-04-08 18:37:32,286 [INFO]  Epoch[2] Validation-mcg-accuracy=0.000000
2024-04-08 18:37:32,324 [INFO]  Epoch[3] Batch [0-34]	Speed: 14500.34 samples/sec	cross-entropy=0.317444	mcg-accuracy=0.000000
2024-04-08 18:37:32,360 [INFO]  Epoch[3] Train-cross-entropy=0.106372
2024-04-08 18:37:32,360 [INFO]  Epoch[3] Train-mcg-accuracy=0.000000
2024-04-08 18:37:32,360 [INFO]  Epoch[3] Time cost=0.074
2024-04-08 18:37:32,362 [INFO]  Saved checkpoint to "./imputer_model/21_yeast/imputer_model_mcg/model-0003.params"
2024-04-08 18:37:32,366 [INFO]  Epoch[3] Validation-cross-entropy=0.053972
2024-04-08 18:37:32,366 [INFO]  Epoch[3] Validation-mcg-accuracy=0.000000
2024-04-08 18:37:32,404 [INFO]  Epoch[4] Batch [0-34]	Speed: 14973.56 samples/sec	cross-entropy=0.198227	mcg-accuracy=0.000000
2024-04-08 18:37:32,452 [INFO]  Epoch[4] Train-cross-entropy=0.065133
2024-04-08 18:37:32,452 [INFO]  Epoch[4] Train-mcg-accuracy=0.000000
2024-04-08 18:37:32,452 [INFO]  Epoch[4] Time cost=0.086
2024-04-08 18:37:32,454 [INFO]  Saved checkpoint to "./imputer_model/21_yeast/imputer_model_mcg/model-0004.params"
2024-04-08 18:37:32,458 [INFO]  Epoch[4] Validation-cross-entropy=0.062589
2024-04-08 18:37:32,458 [INFO]  Epoch[4] Validation-mcg-accuracy=0.000000
2024-04-08 18:37:32,458 [INFO]  
========== done (1.0930161476135254 s) fit model
2024-04-08 18:37:39,926 [INFO]  
========== start: fit model
2024-04-08 18:37:39,926 [WARNING]  Already bound, ignoring bind()
2024-04-08 18:37:40,015 [INFO]  Epoch[0] Batch [0-34]	Speed: 15074.96 samples/sec	cross-entropy=6.522050	mcg-accuracy=0.000000
2024-04-08 18:37:40,100 [INFO]  Epoch[0] Train-cross-entropy=0.388289
2024-04-08 18:37:40,101 [INFO]  Epoch[0] Train-mcg-accuracy=0.000000
2024-04-08 18:37:40,101 [INFO]  Epoch[0] Time cost=0.174
2024-04-08 18:37:40,102 [INFO]  Saved checkpoint to "./imputer_model/21_yeast/imputer_model_mcg/model-0000.params"
2024-04-08 18:37:40,106 [INFO]  Epoch[0] Validation-cross-entropy=0.177687
2024-04-08 18:37:40,106 [INFO]  Epoch[0] Validation-mcg-accuracy=0.000000
2024-04-08 18:37:40,146 [INFO]  Epoch[1] Batch [0-34]	Speed: 14120.58 samples/sec	cross-entropy=0.133339	mcg-accuracy=0.000000
2024-04-08 18:37:40,180 [INFO]  Epoch[1] Train-cross-entropy=0.066391
2024-04-08 18:37:40,180 [INFO]  Epoch[1] Train-mcg-accuracy=0.000000
2024-04-08 18:37:40,180 [INFO]  Epoch[1] Time cost=0.074
2024-04-08 18:37:40,182 [INFO]  Saved checkpoint to "./imputer_model/21_yeast/imputer_model_mcg/model-0001.params"
2024-04-08 18:37:40,186 [INFO]  Epoch[1] Validation-cross-entropy=0.096644
2024-04-08 18:37:40,186 [INFO]  Epoch[1] Validation-mcg-accuracy=0.000000
2024-04-08 18:37:40,224 [INFO]  Epoch[2] Batch [0-34]	Speed: 14937.29 samples/sec	cross-entropy=0.053673	mcg-accuracy=0.000000
2024-04-08 18:37:40,258 [INFO]  Epoch[2] Train-cross-entropy=0.037565
2024-04-08 18:37:40,258 [INFO]  Epoch[2] Train-mcg-accuracy=0.000000
2024-04-08 18:37:40,258 [INFO]  Epoch[2] Time cost=0.073
2024-04-08 18:37:40,260 [INFO]  Saved checkpoint to "./imputer_model/21_yeast/imputer_model_mcg/model-0002.params"
2024-04-08 18:37:40,264 [INFO]  Epoch[2] Validation-cross-entropy=0.050383
2024-04-08 18:37:40,264 [INFO]  Epoch[2] Validation-mcg-accuracy=0.000000
2024-04-08 18:37:40,302 [INFO]  Epoch[3] Batch [0-34]	Speed: 14848.45 samples/sec	cross-entropy=0.044372	mcg-accuracy=0.000000
2024-04-08 18:37:40,336 [INFO]  Epoch[3] Train-cross-entropy=0.024468
2024-04-08 18:37:40,336 [INFO]  Epoch[3] Train-mcg-accuracy=0.000000
2024-04-08 18:37:40,336 [INFO]  Epoch[3] Time cost=0.073
2024-04-08 18:37:40,338 [INFO]  Saved checkpoint to "./imputer_model/21_yeast/imputer_model_mcg/model-0003.params"
2024-04-08 18:37:40,342 [INFO]  Epoch[3] Validation-cross-entropy=0.073836
2024-04-08 18:37:40,342 [INFO]  Epoch[3] Validation-mcg-accuracy=0.000000
2024-04-08 18:37:40,384 [INFO]  Epoch[4] Batch [0-34]	Speed: 13270.80 samples/sec	cross-entropy=0.242627	mcg-accuracy=0.000000
2024-04-08 18:37:40,426 [INFO]  Epoch[4] Train-cross-entropy=0.133280
2024-04-08 18:37:40,426 [INFO]  Epoch[4] Train-mcg-accuracy=0.000000
2024-04-08 18:37:40,426 [INFO]  Epoch[4] Time cost=0.085
2024-04-08 18:37:40,428 [INFO]  Saved checkpoint to "./imputer_model/21_yeast/imputer_model_mcg/model-0004.params"
2024-04-08 18:37:40,436 [INFO]  Epoch[4] Validation-cross-entropy=0.868587
2024-04-08 18:37:40,436 [INFO]  Epoch[4] Validation-mcg-accuracy=0.000000
2024-04-08 18:37:40,436 [INFO]  
========== done (0.5103392601013184 s) fit model
2024-04-08 18:37:47,557 [INFO]  
========== start: fit model
2024-04-08 18:37:47,557 [WARNING]  Already bound, ignoring bind()
2024-04-08 18:37:47,579 [INFO]  Epoch[0] Batch [0-34]	Speed: 26961.54 samples/sec	cross-entropy=7.050414	mcg-accuracy=3.685714
2024-04-08 18:37:47,702 [INFO]  Epoch[0] Train-cross-entropy=0.422994
2024-04-08 18:37:47,702 [INFO]  Epoch[0] Train-mcg-accuracy=2.718750
2024-04-08 18:37:47,702 [INFO]  Epoch[0] Time cost=0.144
2024-04-08 18:37:47,704 [INFO]  Saved checkpoint to "./imputer_model/21_yeast/imputer_model_mcg/model-0000.params"
2024-04-08 18:37:47,707 [INFO]  Epoch[0] Validation-cross-entropy=0.145621
2024-04-08 18:37:47,707 [INFO]  Epoch[0] Validation-mcg-accuracy=0.000000
2024-04-08 18:37:47,747 [INFO]  Epoch[1] Batch [0-34]	Speed: 14157.02 samples/sec	cross-entropy=0.182656	mcg-accuracy=3.685714
2024-04-08 18:37:47,785 [INFO]  Epoch[1] Train-cross-entropy=0.198287
2024-04-08 18:37:47,786 [INFO]  Epoch[1] Train-mcg-accuracy=2.718750
2024-04-08 18:37:47,786 [INFO]  Epoch[1] Time cost=0.079
2024-04-08 18:37:47,788 [INFO]  Saved checkpoint to "./imputer_model/21_yeast/imputer_model_mcg/model-0001.params"
2024-04-08 18:37:48,030 [INFO]  Epoch[1] Validation-cross-entropy=0.101894
2024-04-08 18:37:48,030 [INFO]  Epoch[1] Validation-mcg-accuracy=0.000000
2024-04-08 18:37:48,109 [INFO]  Epoch[2] Batch [0-34]	Speed: 7006.56 samples/sec	cross-entropy=0.181351	mcg-accuracy=3.685714
2024-04-08 18:37:48,145 [INFO]  Epoch[2] Train-cross-entropy=0.196265
2024-04-08 18:37:48,145 [INFO]  Epoch[2] Train-mcg-accuracy=2.718750
2024-04-08 18:37:48,145 [INFO]  Epoch[2] Time cost=0.115
2024-04-08 18:37:48,147 [INFO]  Saved checkpoint to "./imputer_model/21_yeast/imputer_model_mcg/model-0002.params"
2024-04-08 18:37:48,151 [INFO]  Epoch[2] Validation-cross-entropy=0.064118
2024-04-08 18:37:48,151 [INFO]  Epoch[2] Validation-mcg-accuracy=0.000000
2024-04-08 18:37:48,190 [INFO]  Epoch[3] Batch [0-34]	Speed: 14294.14 samples/sec	cross-entropy=0.069996	mcg-accuracy=3.685714
2024-04-08 18:37:48,225 [INFO]  Epoch[3] Train-cross-entropy=0.071208
2024-04-08 18:37:48,225 [INFO]  Epoch[3] Train-mcg-accuracy=2.718750
2024-04-08 18:37:48,225 [INFO]  Epoch[3] Time cost=0.075
2024-04-08 18:37:48,227 [INFO]  Saved checkpoint to "./imputer_model/21_yeast/imputer_model_mcg/model-0003.params"
2024-04-08 18:37:48,230 [INFO]  Epoch[3] Validation-cross-entropy=0.015450
2024-04-08 18:37:48,230 [INFO]  Epoch[3] Validation-mcg-accuracy=0.000000
2024-04-08 18:37:48,256 [INFO]  Epoch[4] Batch [0-34]	Speed: 21963.09 samples/sec	cross-entropy=0.109734	mcg-accuracy=3.685714
2024-04-08 18:37:48,281 [INFO]  Epoch[4] Train-cross-entropy=0.068515
2024-04-08 18:37:48,281 [INFO]  Epoch[4] Train-mcg-accuracy=2.718750
2024-04-08 18:37:48,281 [INFO]  Epoch[4] Time cost=0.051
2024-04-08 18:37:48,283 [INFO]  Saved checkpoint to "./imputer_model/21_yeast/imputer_model_mcg/model-0004.params"
2024-04-08 18:37:48,500 [INFO]  Epoch[4] Validation-cross-entropy=0.019001
2024-04-08 18:37:48,500 [INFO]  Epoch[4] Validation-mcg-accuracy=0.000000
2024-04-08 18:37:48,500 [INFO]  
========== done (0.9430956840515137 s) fit model
2024-04-08 18:37:56,619 [INFO]  
========== start: fit model
2024-04-08 18:37:56,619 [WARNING]  Already bound, ignoring bind()
2024-04-08 18:37:56,651 [INFO]  Epoch[0] Batch [0-34]	Speed: 23469.22 samples/sec	cross-entropy=1.559109	mcg-accuracy=0.000000
2024-04-08 18:37:56,691 [INFO]  Epoch[0] Train-cross-entropy=0.247797
2024-04-08 18:37:56,691 [INFO]  Epoch[0] Train-mcg-accuracy=0.000000
2024-04-08 18:37:56,691 [INFO]  Epoch[0] Time cost=0.071
2024-04-08 18:37:56,692 [INFO]  Saved checkpoint to "./imputer_model/21_yeast/imputer_model_mcg/model-0000.params"
2024-04-08 18:37:56,695 [INFO]  Epoch[0] Validation-cross-entropy=0.224832
2024-04-08 18:37:56,695 [INFO]  Epoch[0] Validation-mcg-accuracy=0.000000
2024-04-08 18:37:56,741 [INFO]  Epoch[1] Batch [0-34]	Speed: 12150.93 samples/sec	cross-entropy=0.106344	mcg-accuracy=0.000000
2024-04-08 18:37:56,775 [INFO]  Epoch[1] Train-cross-entropy=0.135438
2024-04-08 18:37:56,775 [INFO]  Epoch[1] Train-mcg-accuracy=0.000000
2024-04-08 18:37:56,775 [INFO]  Epoch[1] Time cost=0.080
2024-04-08 18:37:56,777 [INFO]  Saved checkpoint to "./imputer_model/21_yeast/imputer_model_mcg/model-0001.params"
2024-04-08 18:37:56,779 [INFO]  Epoch[1] Validation-cross-entropy=0.040453
2024-04-08 18:37:56,780 [INFO]  Epoch[1] Validation-mcg-accuracy=0.000000
2024-04-08 18:37:56,856 [INFO]  Epoch[2] Batch [0-34]	Speed: 7969.92 samples/sec	cross-entropy=0.072743	mcg-accuracy=0.000000
2024-04-08 18:37:56,879 [INFO]  Epoch[2] Train-cross-entropy=0.107682
2024-04-08 18:37:56,879 [INFO]  Epoch[2] Train-mcg-accuracy=0.000000
2024-04-08 18:37:56,879 [INFO]  Epoch[2] Time cost=0.100
2024-04-08 18:37:56,881 [INFO]  Saved checkpoint to "./imputer_model/21_yeast/imputer_model_mcg/model-0002.params"
2024-04-08 18:37:56,884 [INFO]  Epoch[2] Validation-cross-entropy=0.017647
2024-04-08 18:37:56,884 [INFO]  Epoch[2] Validation-mcg-accuracy=0.000000
2024-04-08 18:37:56,909 [INFO]  Epoch[3] Batch [0-34]	Speed: 22144.92 samples/sec	cross-entropy=0.043602	mcg-accuracy=0.000000
2024-04-08 18:37:56,971 [INFO]  Epoch[3] Train-cross-entropy=0.065422
2024-04-08 18:37:56,971 [INFO]  Epoch[3] Train-mcg-accuracy=0.000000
2024-04-08 18:37:56,971 [INFO]  Epoch[3] Time cost=0.087
2024-04-08 18:37:56,973 [INFO]  Saved checkpoint to "./imputer_model/21_yeast/imputer_model_mcg/model-0003.params"
2024-04-08 18:37:57,009 [INFO]  Epoch[3] Validation-cross-entropy=0.024092
2024-04-08 18:37:57,009 [INFO]  Epoch[3] Validation-mcg-accuracy=0.000000
2024-04-08 18:37:57,064 [INFO]  Epoch[4] Batch [0-34]	Speed: 10124.74 samples/sec	cross-entropy=0.046071	mcg-accuracy=0.000000
2024-04-08 18:37:57,100 [INFO]  Epoch[4] Train-cross-entropy=0.064430
2024-04-08 18:37:57,100 [INFO]  Epoch[4] Train-mcg-accuracy=0.000000
2024-04-08 18:37:57,100 [INFO]  Epoch[4] Time cost=0.091
2024-04-08 18:37:57,101 [INFO]  Saved checkpoint to "./imputer_model/21_yeast/imputer_model_mcg/model-0004.params"
2024-04-08 18:37:57,106 [INFO]  Epoch[4] Validation-cross-entropy=0.037096
2024-04-08 18:37:57,106 [INFO]  Epoch[4] Validation-mcg-accuracy=0.000000
2024-04-08 18:37:57,106 [INFO]  
========== done (0.4868786334991455 s) fit model
2024-04-08 18:38:04,820 [INFO]  
========== start: fit model
2024-04-08 18:38:04,821 [WARNING]  Already bound, ignoring bind()
2024-04-08 18:38:04,930 [INFO]  Epoch[0] Batch [0-34]	Speed: 8956.81 samples/sec	cross-entropy=2.296898	mcg-accuracy=3.257143
2024-04-08 18:38:04,968 [INFO]  Epoch[0] Train-cross-entropy=0.319682
2024-04-08 18:38:04,968 [INFO]  Epoch[0] Train-mcg-accuracy=3.343750
2024-04-08 18:38:04,968 [INFO]  Epoch[0] Time cost=0.146
2024-04-08 18:38:04,969 [INFO]  Saved checkpoint to "./imputer_model/21_yeast/imputer_model_mcg/model-0000.params"
2024-04-08 18:38:04,972 [INFO]  Epoch[0] Validation-cross-entropy=0.074024
2024-04-08 18:38:04,972 [INFO]  Epoch[0] Validation-mcg-accuracy=0.000000
2024-04-08 18:38:05,017 [INFO]  Epoch[1] Batch [0-34]	Speed: 12042.80 samples/sec	cross-entropy=0.172843	mcg-accuracy=3.257143
2024-04-08 18:38:05,061 [INFO]  Epoch[1] Train-cross-entropy=0.262094
2024-04-08 18:38:05,061 [INFO]  Epoch[1] Train-mcg-accuracy=3.343750
2024-04-08 18:38:05,061 [INFO]  Epoch[1] Time cost=0.089
2024-04-08 18:38:05,063 [INFO]  Saved checkpoint to "./imputer_model/21_yeast/imputer_model_mcg/model-0001.params"
2024-04-08 18:38:05,070 [INFO]  Epoch[1] Validation-cross-entropy=0.181134
2024-04-08 18:38:05,071 [INFO]  Epoch[1] Validation-mcg-accuracy=0.000000
2024-04-08 18:38:05,108 [INFO]  Epoch[2] Batch [0-34]	Speed: 15179.06 samples/sec	cross-entropy=0.140305	mcg-accuracy=3.257143
2024-04-08 18:38:05,143 [INFO]  Epoch[2] Train-cross-entropy=0.026604
2024-04-08 18:38:05,143 [INFO]  Epoch[2] Train-mcg-accuracy=3.343750
2024-04-08 18:38:05,143 [INFO]  Epoch[2] Time cost=0.073
2024-04-08 18:38:05,145 [INFO]  Saved checkpoint to "./imputer_model/21_yeast/imputer_model_mcg/model-0002.params"
2024-04-08 18:38:05,149 [INFO]  Epoch[2] Validation-cross-entropy=0.038879
2024-04-08 18:38:05,149 [INFO]  Epoch[2] Validation-mcg-accuracy=0.000000
2024-04-08 18:38:05,186 [INFO]  Epoch[3] Batch [0-34]	Speed: 15131.25 samples/sec	cross-entropy=0.052639	mcg-accuracy=3.257143
2024-04-08 18:38:05,222 [INFO]  Epoch[3] Train-cross-entropy=0.034368
2024-04-08 18:38:05,222 [INFO]  Epoch[3] Train-mcg-accuracy=3.343750
2024-04-08 18:38:05,222 [INFO]  Epoch[3] Time cost=0.073
2024-04-08 18:38:05,224 [INFO]  Saved checkpoint to "./imputer_model/21_yeast/imputer_model_mcg/model-0003.params"
2024-04-08 18:38:05,228 [INFO]  Epoch[3] Validation-cross-entropy=0.032971
2024-04-08 18:38:05,228 [INFO]  Epoch[3] Validation-mcg-accuracy=0.000000
2024-04-08 18:38:05,266 [INFO]  Epoch[4] Batch [0-34]	Speed: 14868.77 samples/sec	cross-entropy=0.029035	mcg-accuracy=3.257143
2024-04-08 18:38:05,300 [INFO]  Epoch[4] Train-cross-entropy=0.048661
2024-04-08 18:38:05,300 [INFO]  Epoch[4] Train-mcg-accuracy=3.343750
2024-04-08 18:38:05,300 [INFO]  Epoch[4] Time cost=0.072
2024-04-08 18:38:05,302 [INFO]  Saved checkpoint to "./imputer_model/21_yeast/imputer_model_mcg/model-0004.params"
2024-04-08 18:38:05,305 [INFO]  Epoch[4] Validation-cross-entropy=0.048753
2024-04-08 18:38:05,306 [INFO]  Epoch[4] Validation-mcg-accuracy=0.000000
2024-04-08 18:38:05,306 [INFO]  
========== done (0.4851202964782715 s) fit model
2024-04-08 18:38:13,408 [INFO]  
========== start: fit model
2024-04-08 18:38:13,408 [WARNING]  Already bound, ignoring bind()
2024-04-08 18:38:13,429 [INFO]  Epoch[0] Batch [0-34]	Speed: 28536.96 samples/sec	cross-entropy=2.867122	mcg-accuracy=0.000000
2024-04-08 18:38:13,510 [INFO]  Epoch[0] Train-cross-entropy=0.411093
2024-04-08 18:38:13,510 [INFO]  Epoch[0] Train-mcg-accuracy=0.000000
2024-04-08 18:38:13,510 [INFO]  Epoch[0] Time cost=0.101
2024-04-08 18:38:13,512 [INFO]  Saved checkpoint to "./imputer_model/21_yeast/imputer_model_mcg/model-0000.params"
2024-04-08 18:38:13,514 [INFO]  Epoch[0] Validation-cross-entropy=0.221298
2024-04-08 18:38:13,514 [INFO]  Epoch[0] Validation-mcg-accuracy=0.000000
2024-04-08 18:38:13,538 [INFO]  Epoch[1] Batch [0-34]	Speed: 23310.74 samples/sec	cross-entropy=0.111878	mcg-accuracy=0.000000
2024-04-08 18:38:13,583 [INFO]  Epoch[1] Train-cross-entropy=0.173414
2024-04-08 18:38:13,583 [INFO]  Epoch[1] Train-mcg-accuracy=0.000000
2024-04-08 18:38:13,583 [INFO]  Epoch[1] Time cost=0.070
2024-04-08 18:38:13,585 [INFO]  Saved checkpoint to "./imputer_model/21_yeast/imputer_model_mcg/model-0001.params"
2024-04-08 18:38:13,592 [INFO]  Epoch[1] Validation-cross-entropy=0.109642
2024-04-08 18:38:13,592 [INFO]  Epoch[1] Validation-mcg-accuracy=0.000000
2024-04-08 18:38:13,712 [INFO]  Epoch[2] Batch [0-34]	Speed: 4607.02 samples/sec	cross-entropy=0.087855	mcg-accuracy=0.000000
2024-04-08 18:38:13,743 [INFO]  Epoch[2] Train-cross-entropy=0.072802
2024-04-08 18:38:13,743 [INFO]  Epoch[2] Train-mcg-accuracy=0.000000
2024-04-08 18:38:13,743 [INFO]  Epoch[2] Time cost=0.151
2024-04-08 18:38:13,745 [INFO]  Saved checkpoint to "./imputer_model/21_yeast/imputer_model_mcg/model-0002.params"
2024-04-08 18:38:13,749 [INFO]  Epoch[2] Validation-cross-entropy=0.036183
2024-04-08 18:38:13,749 [INFO]  Epoch[2] Validation-mcg-accuracy=0.000000
2024-04-08 18:38:13,796 [INFO]  Epoch[3] Batch [0-34]	Speed: 11879.59 samples/sec	cross-entropy=0.077975	mcg-accuracy=0.000000
2024-04-08 18:38:13,832 [INFO]  Epoch[3] Train-cross-entropy=0.063908
2024-04-08 18:38:13,832 [INFO]  Epoch[3] Train-mcg-accuracy=0.000000
2024-04-08 18:38:13,832 [INFO]  Epoch[3] Time cost=0.083
2024-04-08 18:38:13,834 [INFO]  Saved checkpoint to "./imputer_model/21_yeast/imputer_model_mcg/model-0003.params"
2024-04-08 18:38:13,838 [INFO]  Epoch[3] Validation-cross-entropy=0.018629
2024-04-08 18:38:13,838 [INFO]  Epoch[3] Validation-mcg-accuracy=0.000000
2024-04-08 18:38:13,881 [INFO]  Epoch[4] Batch [0-34]	Speed: 13069.51 samples/sec	cross-entropy=0.080026	mcg-accuracy=0.000000
2024-04-08 18:38:13,916 [INFO]  Epoch[4] Train-cross-entropy=0.049520
2024-04-08 18:38:13,917 [INFO]  Epoch[4] Train-mcg-accuracy=0.000000
2024-04-08 18:38:13,917 [INFO]  Epoch[4] Time cost=0.079
2024-04-08 18:38:13,918 [INFO]  Saved checkpoint to "./imputer_model/21_yeast/imputer_model_mcg/model-0004.params"
2024-04-08 18:38:13,923 [INFO]  Epoch[4] Validation-cross-entropy=0.012004
2024-04-08 18:38:13,923 [INFO]  Epoch[4] Validation-mcg-accuracy=0.000000
2024-04-08 18:38:13,923 [INFO]  
========== done (0.5146863460540771 s) fit model
2024-04-08 18:38:21,313 [INFO]  
========== start: fit model
2024-04-08 18:38:21,313 [WARNING]  Already bound, ignoring bind()
2024-04-08 18:38:21,521 [INFO]  Epoch[0] Batch [0-34]	Speed: 16390.83 samples/sec	cross-entropy=4.645166	mcg-accuracy=2.885714
2024-04-08 18:38:21,787 [INFO]  Epoch[0] Train-cross-entropy=0.183772
2024-04-08 18:38:21,787 [INFO]  Epoch[0] Train-mcg-accuracy=3.250000
2024-04-08 18:38:21,787 [INFO]  Epoch[0] Time cost=0.473
2024-04-08 18:38:21,789 [INFO]  Saved checkpoint to "./imputer_model/21_yeast/imputer_model_mcg/model-0000.params"
2024-04-08 18:38:21,792 [INFO]  Epoch[0] Validation-cross-entropy=0.084152
2024-04-08 18:38:21,792 [INFO]  Epoch[0] Validation-mcg-accuracy=0.000000
2024-04-08 18:38:21,937 [INFO]  Epoch[1] Batch [0-34]	Speed: 3790.82 samples/sec	cross-entropy=0.071551	mcg-accuracy=2.885714
2024-04-08 18:38:21,955 [INFO]  Epoch[1] Train-cross-entropy=0.033959
2024-04-08 18:38:21,955 [INFO]  Epoch[1] Train-mcg-accuracy=3.250000
2024-04-08 18:38:21,955 [INFO]  Epoch[1] Time cost=0.163
2024-04-08 18:38:21,956 [INFO]  Saved checkpoint to "./imputer_model/21_yeast/imputer_model_mcg/model-0001.params"
2024-04-08 18:38:21,958 [INFO]  Epoch[1] Validation-cross-entropy=0.011979
2024-04-08 18:38:21,958 [INFO]  Epoch[1] Validation-mcg-accuracy=0.000000
2024-04-08 18:38:21,989 [INFO]  Epoch[2] Batch [0-34]	Speed: 18400.97 samples/sec	cross-entropy=0.033430	mcg-accuracy=2.885714
2024-04-08 18:38:22,042 [INFO]  Epoch[2] Train-cross-entropy=0.021188
2024-04-08 18:38:22,042 [INFO]  Epoch[2] Train-mcg-accuracy=3.250000
2024-04-08 18:38:22,042 [INFO]  Epoch[2] Time cost=0.083
2024-04-08 18:38:22,043 [INFO]  Saved checkpoint to "./imputer_model/21_yeast/imputer_model_mcg/model-0002.params"
2024-04-08 18:38:22,046 [INFO]  Epoch[2] Validation-cross-entropy=0.008342
2024-04-08 18:38:22,046 [INFO]  Epoch[2] Validation-mcg-accuracy=0.000000
2024-04-08 18:38:22,088 [INFO]  Epoch[3] Batch [0-34]	Speed: 13111.42 samples/sec	cross-entropy=0.021418	mcg-accuracy=2.885714
2024-04-08 18:38:22,106 [INFO]  Epoch[3] Train-cross-entropy=0.012044
2024-04-08 18:38:22,106 [INFO]  Epoch[3] Train-mcg-accuracy=3.250000
2024-04-08 18:38:22,106 [INFO]  Epoch[3] Time cost=0.061
2024-04-08 18:38:22,108 [INFO]  Saved checkpoint to "./imputer_model/21_yeast/imputer_model_mcg/model-0003.params"
2024-04-08 18:38:22,109 [INFO]  Epoch[3] Validation-cross-entropy=0.006607
2024-04-08 18:38:22,109 [INFO]  Epoch[3] Validation-mcg-accuracy=0.000000
2024-04-08 18:38:22,129 [INFO]  Epoch[4] Batch [0-34]	Speed: 28852.35 samples/sec	cross-entropy=0.010463	mcg-accuracy=2.885714
2024-04-08 18:38:22,195 [INFO]  Epoch[4] Train-cross-entropy=0.008233
2024-04-08 18:38:22,195 [INFO]  Epoch[4] Train-mcg-accuracy=3.250000
2024-04-08 18:38:22,195 [INFO]  Epoch[4] Time cost=0.085
2024-04-08 18:38:22,197 [INFO]  Saved checkpoint to "./imputer_model/21_yeast/imputer_model_mcg/model-0004.params"
2024-04-08 18:38:22,200 [INFO]  Epoch[4] Validation-cross-entropy=0.006663
2024-04-08 18:38:22,200 [INFO]  Epoch[4] Validation-mcg-accuracy=0.000000
2024-04-08 18:38:22,200 [INFO]  
========== done (0.8874049186706543 s) fit model
2024-04-08 18:38:28,559 [INFO]  
========== start: fit model
2024-04-08 18:38:28,559 [WARNING]  Already bound, ignoring bind()
2024-04-08 18:38:28,665 [INFO]  Epoch[0] Batch [0-34]	Speed: 5236.94 samples/sec	cross-entropy=6.170299	mcg-accuracy=0.000000
2024-04-08 18:38:28,745 [INFO]  Epoch[0] Train-cross-entropy=0.405629
2024-04-08 18:38:28,745 [INFO]  Epoch[0] Train-mcg-accuracy=0.000000
2024-04-08 18:38:28,745 [INFO]  Epoch[0] Time cost=0.185
2024-04-08 18:38:28,747 [INFO]  Saved checkpoint to "./imputer_model/21_yeast/imputer_model_mcg/model-0000.params"
2024-04-08 18:38:28,751 [INFO]  Epoch[0] Validation-cross-entropy=1.420565
2024-04-08 18:38:28,751 [INFO]  Epoch[0] Validation-mcg-accuracy=0.000000
2024-04-08 18:38:28,792 [INFO]  Epoch[1] Batch [0-34]	Speed: 13452.63 samples/sec	cross-entropy=0.209876	mcg-accuracy=0.000000
2024-04-08 18:38:28,837 [INFO]  Epoch[1] Train-cross-entropy=0.073938
2024-04-08 18:38:28,837 [INFO]  Epoch[1] Train-mcg-accuracy=0.000000
2024-04-08 18:38:28,837 [INFO]  Epoch[1] Time cost=0.086
2024-04-08 18:38:28,839 [INFO]  Saved checkpoint to "./imputer_model/21_yeast/imputer_model_mcg/model-0001.params"
2024-04-08 18:38:28,847 [INFO]  Epoch[1] Validation-cross-entropy=0.219131
2024-04-08 18:38:28,847 [INFO]  Epoch[1] Validation-mcg-accuracy=0.000000
2024-04-08 18:38:28,926 [INFO]  Epoch[2] Batch [0-34]	Speed: 7265.18 samples/sec	cross-entropy=0.090146	mcg-accuracy=0.000000
2024-04-08 18:38:29,413 [INFO]  Epoch[2] Train-cross-entropy=0.042322
2024-04-08 18:38:29,413 [INFO]  Epoch[2] Train-mcg-accuracy=0.000000
2024-04-08 18:38:29,413 [INFO]  Epoch[2] Time cost=0.566
2024-04-08 18:38:29,415 [INFO]  Saved checkpoint to "./imputer_model/21_yeast/imputer_model_mcg/model-0002.params"
2024-04-08 18:38:29,417 [INFO]  Epoch[2] Validation-cross-entropy=0.834136
2024-04-08 18:38:29,417 [INFO]  Epoch[2] Validation-mcg-accuracy=0.000000
2024-04-08 18:38:29,464 [INFO]  Epoch[3] Batch [0-34]	Speed: 11831.85 samples/sec	cross-entropy=0.078348	mcg-accuracy=0.000000
2024-04-08 18:38:29,532 [INFO]  Epoch[3] Train-cross-entropy=0.033266
2024-04-08 18:38:29,532 [INFO]  Epoch[3] Train-mcg-accuracy=0.000000
2024-04-08 18:38:29,532 [INFO]  Epoch[3] Time cost=0.115
2024-04-08 18:38:29,534 [INFO]  Saved checkpoint to "./imputer_model/21_yeast/imputer_model_mcg/model-0003.params"
2024-04-08 18:38:29,536 [INFO]  Epoch[3] Validation-cross-entropy=1.327767
2024-04-08 18:38:29,537 [INFO]  Epoch[3] Validation-mcg-accuracy=0.000000
2024-04-08 18:38:29,568 [INFO]  Epoch[4] Batch [0-34]	Speed: 17570.88 samples/sec	cross-entropy=0.061801	mcg-accuracy=0.000000
2024-04-08 18:38:29,592 [INFO]  Epoch[4] Train-cross-entropy=0.024967
2024-04-08 18:38:29,592 [INFO]  Epoch[4] Train-mcg-accuracy=0.000000
2024-04-08 18:38:29,592 [INFO]  Epoch[4] Time cost=0.055
2024-04-08 18:38:29,594 [INFO]  Saved checkpoint to "./imputer_model/21_yeast/imputer_model_mcg/model-0004.params"
2024-04-08 18:38:29,597 [INFO]  Epoch[4] Validation-cross-entropy=1.337322
2024-04-08 18:38:29,597 [INFO]  Epoch[4] Validation-mcg-accuracy=0.000000
2024-04-08 18:38:29,597 [INFO]  
========== done (1.037689447402954 s) fit model
2024-04-08 18:38:36,480 [INFO]  
========== start: fit model
2024-04-08 18:38:36,481 [WARNING]  Already bound, ignoring bind()
2024-04-08 18:38:36,518 [INFO]  Epoch[0] Batch [0-34]	Speed: 21782.14 samples/sec	cross-entropy=5.053460	mcg-accuracy=3.200000
2024-04-08 18:38:36,550 [INFO]  Epoch[0] Train-cross-entropy=0.321053
2024-04-08 18:38:36,550 [INFO]  Epoch[0] Train-mcg-accuracy=3.406250
2024-04-08 18:38:36,550 [INFO]  Epoch[0] Time cost=0.069
2024-04-08 18:38:36,552 [INFO]  Saved checkpoint to "./imputer_model/21_yeast/imputer_model_mcg/model-0000.params"
2024-04-08 18:38:36,594 [INFO]  Epoch[0] Validation-cross-entropy=0.351819
2024-04-08 18:38:36,594 [INFO]  Epoch[0] Validation-mcg-accuracy=0.000000
2024-04-08 18:38:36,638 [INFO]  Epoch[1] Batch [0-34]	Speed: 12774.20 samples/sec	cross-entropy=0.209553	mcg-accuracy=3.200000
2024-04-08 18:38:36,669 [INFO]  Epoch[1] Train-cross-entropy=0.122243
2024-04-08 18:38:36,669 [INFO]  Epoch[1] Train-mcg-accuracy=3.406250
2024-04-08 18:38:36,669 [INFO]  Epoch[1] Time cost=0.075
2024-04-08 18:38:36,671 [INFO]  Saved checkpoint to "./imputer_model/21_yeast/imputer_model_mcg/model-0001.params"
2024-04-08 18:38:36,675 [INFO]  Epoch[1] Validation-cross-entropy=0.152675
2024-04-08 18:38:36,675 [INFO]  Epoch[1] Validation-mcg-accuracy=0.000000
2024-04-08 18:38:36,707 [INFO]  Epoch[2] Batch [0-34]	Speed: 17433.67 samples/sec	cross-entropy=0.145267	mcg-accuracy=3.200000
2024-04-08 18:38:36,858 [INFO]  Epoch[2] Train-cross-entropy=0.109929
2024-04-08 18:38:36,859 [INFO]  Epoch[2] Train-mcg-accuracy=3.406250
2024-04-08 18:38:36,859 [INFO]  Epoch[2] Time cost=0.184
2024-04-08 18:38:36,860 [INFO]  Saved checkpoint to "./imputer_model/21_yeast/imputer_model_mcg/model-0002.params"
2024-04-08 18:38:36,862 [INFO]  Epoch[2] Validation-cross-entropy=0.117870
2024-04-08 18:38:36,862 [INFO]  Epoch[2] Validation-mcg-accuracy=0.000000
2024-04-08 18:38:36,882 [INFO]  Epoch[3] Batch [0-34]	Speed: 28284.39 samples/sec	cross-entropy=0.116092	mcg-accuracy=3.200000
2024-04-08 18:38:36,900 [INFO]  Epoch[3] Train-cross-entropy=0.104952
2024-04-08 18:38:36,900 [INFO]  Epoch[3] Train-mcg-accuracy=3.406250
2024-04-08 18:38:36,900 [INFO]  Epoch[3] Time cost=0.038
2024-04-08 18:38:36,902 [INFO]  Saved checkpoint to "./imputer_model/21_yeast/imputer_model_mcg/model-0003.params"
2024-04-08 18:38:36,904 [INFO]  Epoch[3] Validation-cross-entropy=0.096091
2024-04-08 18:38:36,904 [INFO]  Epoch[3] Validation-mcg-accuracy=0.000000
2024-04-08 18:38:36,976 [INFO]  Epoch[4] Batch [0-34]	Speed: 7610.36 samples/sec	cross-entropy=0.100356	mcg-accuracy=3.200000
2024-04-08 18:38:37,010 [INFO]  Epoch[4] Train-cross-entropy=0.088994
2024-04-08 18:38:37,011 [INFO]  Epoch[4] Train-mcg-accuracy=3.406250
2024-04-08 18:38:37,011 [INFO]  Epoch[4] Time cost=0.107
2024-04-08 18:38:37,012 [INFO]  Saved checkpoint to "./imputer_model/21_yeast/imputer_model_mcg/model-0004.params"
2024-04-08 18:38:37,017 [INFO]  Epoch[4] Validation-cross-entropy=0.077005
2024-04-08 18:38:37,017 [INFO]  Epoch[4] Validation-mcg-accuracy=0.000000
2024-04-08 18:38:37,017 [INFO]  
========== done (0.5364410877227783 s) fit model
2024-04-08 18:38:44,434 [INFO]  
========== start: fit model
2024-04-08 18:38:44,434 [WARNING]  Already bound, ignoring bind()
2024-04-08 18:38:44,508 [INFO]  Epoch[0] Batch [0-34]	Speed: 13609.26 samples/sec	cross-entropy=2.859467	mcg-accuracy=0.000000
2024-04-08 18:38:44,537 [INFO]  Epoch[0] Train-cross-entropy=0.403499
2024-04-08 18:38:44,537 [INFO]  Epoch[0] Train-mcg-accuracy=0.000000
2024-04-08 18:38:44,537 [INFO]  Epoch[0] Time cost=0.102
2024-04-08 18:38:44,540 [INFO]  Saved checkpoint to "./imputer_model/21_yeast/imputer_model_mcg/model-0000.params"
2024-04-08 18:38:44,543 [INFO]  Epoch[0] Validation-cross-entropy=0.635627
2024-04-08 18:38:44,543 [INFO]  Epoch[0] Validation-mcg-accuracy=0.000000
2024-04-08 18:38:44,575 [INFO]  Epoch[1] Batch [0-34]	Speed: 17876.63 samples/sec	cross-entropy=0.182534	mcg-accuracy=0.000000
2024-04-08 18:38:44,603 [INFO]  Epoch[1] Train-cross-entropy=0.082447
2024-04-08 18:38:44,604 [INFO]  Epoch[1] Train-mcg-accuracy=0.000000
2024-04-08 18:38:44,604 [INFO]  Epoch[1] Time cost=0.060
2024-04-08 18:38:44,606 [INFO]  Saved checkpoint to "./imputer_model/21_yeast/imputer_model_mcg/model-0001.params"
2024-04-08 18:38:44,609 [INFO]  Epoch[1] Validation-cross-entropy=0.132336
2024-04-08 18:38:44,609 [INFO]  Epoch[1] Validation-mcg-accuracy=0.000000
2024-04-08 18:38:44,663 [INFO]  Epoch[2] Batch [0-34]	Speed: 10454.20 samples/sec	cross-entropy=0.059982	mcg-accuracy=0.000000
2024-04-08 18:38:44,807 [INFO]  Epoch[2] Train-cross-entropy=0.063580
2024-04-08 18:38:44,808 [INFO]  Epoch[2] Train-mcg-accuracy=0.000000
2024-04-08 18:38:44,808 [INFO]  Epoch[2] Time cost=0.198
2024-04-08 18:38:44,809 [INFO]  Saved checkpoint to "./imputer_model/21_yeast/imputer_model_mcg/model-0002.params"
2024-04-08 18:38:44,816 [INFO]  Epoch[2] Validation-cross-entropy=0.055276
2024-04-08 18:38:44,816 [INFO]  Epoch[2] Validation-mcg-accuracy=0.000000
2024-04-08 18:38:44,987 [INFO]  Epoch[3] Batch [0-34]	Speed: 3278.17 samples/sec	cross-entropy=0.034472	mcg-accuracy=0.000000
2024-04-08 18:38:45,188 [INFO]  Epoch[3] Train-cross-entropy=0.050292
2024-04-08 18:38:45,188 [INFO]  Epoch[3] Train-mcg-accuracy=0.000000
2024-04-08 18:38:45,188 [INFO]  Epoch[3] Time cost=0.372
2024-04-08 18:38:45,190 [INFO]  Saved checkpoint to "./imputer_model/21_yeast/imputer_model_mcg/model-0003.params"
2024-04-08 18:38:45,194 [INFO]  Epoch[3] Validation-cross-entropy=0.029679
2024-04-08 18:38:45,194 [INFO]  Epoch[3] Validation-mcg-accuracy=0.000000
2024-04-08 18:38:45,232 [INFO]  Epoch[4] Batch [0-34]	Speed: 14751.11 samples/sec	cross-entropy=0.026956	mcg-accuracy=0.000000
2024-04-08 18:38:45,265 [INFO]  Epoch[4] Train-cross-entropy=0.046989
2024-04-08 18:38:45,265 [INFO]  Epoch[4] Train-mcg-accuracy=0.000000
2024-04-08 18:38:45,265 [INFO]  Epoch[4] Time cost=0.071
2024-04-08 18:38:45,267 [INFO]  Saved checkpoint to "./imputer_model/21_yeast/imputer_model_mcg/model-0004.params"
2024-04-08 18:38:45,271 [INFO]  Epoch[4] Validation-cross-entropy=0.023647
2024-04-08 18:38:45,271 [INFO]  Epoch[4] Validation-mcg-accuracy=0.000000
2024-04-08 18:38:45,271 [INFO]  
========== done (0.8367748260498047 s) fit model
2024-04-08 18:38:53,353 [INFO]  
========== start: fit model
2024-04-08 18:38:53,353 [WARNING]  Already bound, ignoring bind()
2024-04-08 18:38:53,428 [INFO]  Epoch[0] Batch [0-34]	Speed: 12204.16 samples/sec	cross-entropy=7.734819	mcg-accuracy=3.085714
2024-04-08 18:38:53,450 [INFO]  Epoch[0] Train-cross-entropy=1.228169
2024-04-08 18:38:53,451 [INFO]  Epoch[0] Train-mcg-accuracy=3.000000
2024-04-08 18:38:53,451 [INFO]  Epoch[0] Time cost=0.096
2024-04-08 18:38:53,452 [INFO]  Saved checkpoint to "./imputer_model/21_yeast/imputer_model_mcg/model-0000.params"
2024-04-08 18:38:53,454 [INFO]  Epoch[0] Validation-cross-entropy=0.249393
2024-04-08 18:38:53,455 [INFO]  Epoch[0] Validation-mcg-accuracy=0.000000
2024-04-08 18:38:53,536 [INFO]  Epoch[1] Batch [0-34]	Speed: 6776.54 samples/sec	cross-entropy=0.113106	mcg-accuracy=3.085714
2024-04-08 18:38:53,573 [INFO]  Epoch[1] Train-cross-entropy=0.140314
2024-04-08 18:38:53,573 [INFO]  Epoch[1] Train-mcg-accuracy=3.000000
2024-04-08 18:38:53,573 [INFO]  Epoch[1] Time cost=0.119
2024-04-08 18:38:53,575 [INFO]  Saved checkpoint to "./imputer_model/21_yeast/imputer_model_mcg/model-0001.params"
2024-04-08 18:38:53,579 [INFO]  Epoch[1] Validation-cross-entropy=0.097853
2024-04-08 18:38:53,579 [INFO]  Epoch[1] Validation-mcg-accuracy=0.000000
2024-04-08 18:38:53,635 [INFO]  Epoch[2] Batch [0-34]	Speed: 10008.43 samples/sec	cross-entropy=0.095604	mcg-accuracy=3.085714
2024-04-08 18:38:53,669 [INFO]  Epoch[2] Train-cross-entropy=0.201089
2024-04-08 18:38:53,669 [INFO]  Epoch[2] Train-mcg-accuracy=3.000000
2024-04-08 18:38:53,669 [INFO]  Epoch[2] Time cost=0.090
2024-04-08 18:38:53,671 [INFO]  Saved checkpoint to "./imputer_model/21_yeast/imputer_model_mcg/model-0002.params"
2024-04-08 18:38:53,675 [INFO]  Epoch[2] Validation-cross-entropy=0.176669
2024-04-08 18:38:53,675 [INFO]  Epoch[2] Validation-mcg-accuracy=0.000000
2024-04-08 18:38:53,720 [INFO]  Epoch[3] Batch [0-34]	Speed: 12456.81 samples/sec	cross-entropy=0.154049	mcg-accuracy=3.085714
2024-04-08 18:38:53,767 [INFO]  Epoch[3] Train-cross-entropy=0.051043
2024-04-08 18:38:53,767 [INFO]  Epoch[3] Train-mcg-accuracy=3.000000
2024-04-08 18:38:53,767 [INFO]  Epoch[3] Time cost=0.092
2024-04-08 18:38:53,769 [INFO]  Saved checkpoint to "./imputer_model/21_yeast/imputer_model_mcg/model-0003.params"
2024-04-08 18:38:53,773 [INFO]  Epoch[3] Validation-cross-entropy=0.044847
2024-04-08 18:38:53,773 [INFO]  Epoch[3] Validation-mcg-accuracy=0.000000
2024-04-08 18:38:53,813 [INFO]  Epoch[4] Batch [0-34]	Speed: 14025.62 samples/sec	cross-entropy=0.024402	mcg-accuracy=3.085714
2024-04-08 18:38:53,857 [INFO]  Epoch[4] Train-cross-entropy=0.042267
2024-04-08 18:38:53,857 [INFO]  Epoch[4] Train-mcg-accuracy=3.000000
2024-04-08 18:38:53,857 [INFO]  Epoch[4] Time cost=0.084
2024-04-08 18:38:53,859 [INFO]  Saved checkpoint to "./imputer_model/21_yeast/imputer_model_mcg/model-0004.params"
2024-04-08 18:38:53,863 [INFO]  Epoch[4] Validation-cross-entropy=0.031580
2024-04-08 18:38:53,863 [INFO]  Epoch[4] Validation-mcg-accuracy=0.000000
2024-04-08 18:38:53,863 [INFO]  
========== done (0.5096063613891602 s) fit model
2024-04-08 18:39:01,756 [INFO]  
========== start: fit model
2024-04-08 18:39:01,756 [WARNING]  Already bound, ignoring bind()
2024-04-08 18:39:01,900 [INFO]  Epoch[0] Batch [0-34]	Speed: 4401.24 samples/sec	cross-entropy=2.924728	mcg-accuracy=0.000000
2024-04-08 18:39:01,931 [INFO]  Epoch[0] Train-cross-entropy=0.247716
2024-04-08 18:39:01,931 [INFO]  Epoch[0] Train-mcg-accuracy=0.000000
2024-04-08 18:39:01,931 [INFO]  Epoch[0] Time cost=0.174
2024-04-08 18:39:01,933 [INFO]  Saved checkpoint to "./imputer_model/21_yeast/imputer_model_mcg/model-0000.params"
2024-04-08 18:39:01,935 [INFO]  Epoch[0] Validation-cross-entropy=1.309266
2024-04-08 18:39:01,935 [INFO]  Epoch[0] Validation-mcg-accuracy=0.000000
2024-04-08 18:39:01,959 [INFO]  Epoch[1] Batch [0-34]	Speed: 24300.05 samples/sec	cross-entropy=0.489234	mcg-accuracy=0.000000
2024-04-08 18:39:02,039 [INFO]  Epoch[1] Train-cross-entropy=0.266937
2024-04-08 18:39:02,039 [INFO]  Epoch[1] Train-mcg-accuracy=0.000000
2024-04-08 18:39:02,039 [INFO]  Epoch[1] Time cost=0.104
2024-04-08 18:39:02,041 [INFO]  Saved checkpoint to "./imputer_model/21_yeast/imputer_model_mcg/model-0001.params"
2024-04-08 18:39:02,044 [INFO]  Epoch[1] Validation-cross-entropy=0.138024
2024-04-08 18:39:02,044 [INFO]  Epoch[1] Validation-mcg-accuracy=0.000000
2024-04-08 18:39:02,081 [INFO]  Epoch[2] Batch [0-34]	Speed: 15231.04 samples/sec	cross-entropy=0.055596	mcg-accuracy=0.000000
2024-04-08 18:39:02,119 [INFO]  Epoch[2] Train-cross-entropy=0.150499
2024-04-08 18:39:02,119 [INFO]  Epoch[2] Train-mcg-accuracy=0.000000
2024-04-08 18:39:02,119 [INFO]  Epoch[2] Time cost=0.075
2024-04-08 18:39:02,121 [INFO]  Saved checkpoint to "./imputer_model/21_yeast/imputer_model_mcg/model-0002.params"
2024-04-08 18:39:02,124 [INFO]  Epoch[2] Validation-cross-entropy=0.038767
2024-04-08 18:39:02,125 [INFO]  Epoch[2] Validation-mcg-accuracy=0.000000
2024-04-08 18:39:02,166 [INFO]  Epoch[3] Batch [0-34]	Speed: 13664.76 samples/sec	cross-entropy=0.041193	mcg-accuracy=0.000000
2024-04-08 18:39:02,200 [INFO]  Epoch[3] Train-cross-entropy=0.304453
2024-04-08 18:39:02,200 [INFO]  Epoch[3] Train-mcg-accuracy=0.000000
2024-04-08 18:39:02,200 [INFO]  Epoch[3] Time cost=0.076
2024-04-08 18:39:02,202 [INFO]  Saved checkpoint to "./imputer_model/21_yeast/imputer_model_mcg/model-0003.params"
2024-04-08 18:39:02,206 [INFO]  Epoch[3] Validation-cross-entropy=0.210387
2024-04-08 18:39:02,206 [INFO]  Epoch[3] Validation-mcg-accuracy=0.000000
2024-04-08 18:39:02,241 [INFO]  Epoch[4] Batch [0-34]	Speed: 16133.54 samples/sec	cross-entropy=0.115743	mcg-accuracy=0.000000
2024-04-08 18:39:02,278 [INFO]  Epoch[4] Train-cross-entropy=0.238734
2024-04-08 18:39:02,278 [INFO]  Epoch[4] Train-mcg-accuracy=0.000000
2024-04-08 18:39:02,278 [INFO]  Epoch[4] Time cost=0.072
2024-04-08 18:39:02,280 [INFO]  Saved checkpoint to "./imputer_model/21_yeast/imputer_model_mcg/model-0004.params"
2024-04-08 18:39:02,284 [INFO]  Epoch[4] Validation-cross-entropy=0.247782
2024-04-08 18:39:02,284 [INFO]  Epoch[4] Validation-mcg-accuracy=0.000000
2024-04-08 18:39:02,284 [INFO]  
========== done (0.527977466583252 s) fit model
2024-04-08 18:39:08,596 [INFO]  
========== start: fit model
2024-04-08 18:39:08,596 [WARNING]  Already bound, ignoring bind()
2024-04-08 18:39:08,654 [INFO]  Epoch[0] Batch [0-34]	Speed: 10991.70 samples/sec	cross-entropy=5.561793	mcg-accuracy=2.971429
2024-04-08 18:39:08,691 [INFO]  Epoch[0] Train-cross-entropy=1.183343
2024-04-08 18:39:08,691 [INFO]  Epoch[0] Train-mcg-accuracy=3.375000
2024-04-08 18:39:08,691 [INFO]  Epoch[0] Time cost=0.094
2024-04-08 18:39:08,693 [INFO]  Saved checkpoint to "./imputer_model/21_yeast/imputer_model_mcg/model-0000.params"
2024-04-08 18:39:08,697 [INFO]  Epoch[0] Validation-cross-entropy=0.675450
2024-04-08 18:39:08,698 [INFO]  Epoch[0] Validation-mcg-accuracy=0.000000
2024-04-08 18:39:08,740 [INFO]  Epoch[1] Batch [0-34]	Speed: 13157.01 samples/sec	cross-entropy=0.780625	mcg-accuracy=2.971429
2024-04-08 18:39:08,783 [INFO]  Epoch[1] Train-cross-entropy=0.262862
2024-04-08 18:39:08,784 [INFO]  Epoch[1] Train-mcg-accuracy=3.375000
2024-04-08 18:39:08,784 [INFO]  Epoch[1] Time cost=0.086
2024-04-08 18:39:08,785 [INFO]  Saved checkpoint to "./imputer_model/21_yeast/imputer_model_mcg/model-0001.params"
2024-04-08 18:39:08,789 [INFO]  Epoch[1] Validation-cross-entropy=0.325440
2024-04-08 18:39:08,789 [INFO]  Epoch[1] Validation-mcg-accuracy=0.000000
2024-04-08 18:39:08,829 [INFO]  Epoch[2] Batch [0-34]	Speed: 13939.08 samples/sec	cross-entropy=0.215527	mcg-accuracy=2.971429
2024-04-08 18:39:08,875 [INFO]  Epoch[2] Train-cross-entropy=0.133969
2024-04-08 18:39:08,875 [INFO]  Epoch[2] Train-mcg-accuracy=3.375000
2024-04-08 18:39:08,875 [INFO]  Epoch[2] Time cost=0.086
2024-04-08 18:39:08,877 [INFO]  Saved checkpoint to "./imputer_model/21_yeast/imputer_model_mcg/model-0002.params"
2024-04-08 18:39:08,881 [INFO]  Epoch[2] Validation-cross-entropy=0.170402
2024-04-08 18:39:08,882 [INFO]  Epoch[2] Validation-mcg-accuracy=0.000000
2024-04-08 18:39:08,926 [INFO]  Epoch[3] Batch [0-34]	Speed: 12523.33 samples/sec	cross-entropy=0.121531	mcg-accuracy=2.971429
2024-04-08 18:39:08,964 [INFO]  Epoch[3] Train-cross-entropy=0.110594
2024-04-08 18:39:08,964 [INFO]  Epoch[3] Train-mcg-accuracy=3.375000
2024-04-08 18:39:08,964 [INFO]  Epoch[3] Time cost=0.083
2024-04-08 18:39:08,966 [INFO]  Saved checkpoint to "./imputer_model/21_yeast/imputer_model_mcg/model-0003.params"
2024-04-08 18:39:08,971 [INFO]  Epoch[3] Validation-cross-entropy=0.131857
2024-04-08 18:39:08,971 [INFO]  Epoch[3] Validation-mcg-accuracy=0.000000
2024-04-08 18:39:09,032 [INFO]  Epoch[4] Batch [0-34]	Speed: 9099.62 samples/sec	cross-entropy=0.098730	mcg-accuracy=2.971429
2024-04-08 18:39:09,079 [INFO]  Epoch[4] Train-cross-entropy=0.109532
2024-04-08 18:39:09,079 [INFO]  Epoch[4] Train-mcg-accuracy=3.375000
2024-04-08 18:39:09,079 [INFO]  Epoch[4] Time cost=0.108
2024-04-08 18:39:09,081 [INFO]  Saved checkpoint to "./imputer_model/21_yeast/imputer_model_mcg/model-0004.params"
2024-04-08 18:39:09,085 [INFO]  Epoch[4] Validation-cross-entropy=0.092167
2024-04-08 18:39:09,085 [INFO]  Epoch[4] Validation-mcg-accuracy=0.000000
2024-04-08 18:39:09,085 [INFO]  
========== done (0.4890003204345703 s) fit model
2024-04-08 18:39:17,398 [INFO]  
========== start: fit model
2024-04-08 18:39:17,399 [WARNING]  Already bound, ignoring bind()
2024-04-08 18:39:17,466 [INFO]  Epoch[0] Batch [0-34]	Speed: 9099.62 samples/sec	cross-entropy=6.914772	mcg-accuracy=3.000000
2024-04-08 18:39:17,490 [INFO]  Epoch[0] Train-cross-entropy=0.265931
2024-04-08 18:39:17,490 [INFO]  Epoch[0] Train-mcg-accuracy=3.281250
2024-04-08 18:39:17,490 [INFO]  Epoch[0] Time cost=0.091
2024-04-08 18:39:17,493 [INFO]  Saved checkpoint to "./imputer_model/21_yeast/imputer_model_mcg/model-0000.params"
2024-04-08 18:39:17,835 [INFO]  Epoch[0] Validation-cross-entropy=0.093984
2024-04-08 18:39:17,835 [INFO]  Epoch[0] Validation-mcg-accuracy=0.000000
2024-04-08 18:39:17,893 [INFO]  Epoch[1] Batch [0-34]	Speed: 9743.24 samples/sec	cross-entropy=0.125653	mcg-accuracy=3.000000
2024-04-08 18:39:17,959 [INFO]  Epoch[1] Train-cross-entropy=0.103800
2024-04-08 18:39:17,960 [INFO]  Epoch[1] Train-mcg-accuracy=3.281250
2024-04-08 18:39:17,960 [INFO]  Epoch[1] Time cost=0.125
2024-04-08 18:39:17,961 [INFO]  Saved checkpoint to "./imputer_model/21_yeast/imputer_model_mcg/model-0001.params"
2024-04-08 18:39:17,965 [INFO]  Epoch[1] Validation-cross-entropy=0.047663
2024-04-08 18:39:17,965 [INFO]  Epoch[1] Validation-mcg-accuracy=0.000000
2024-04-08 18:39:18,009 [INFO]  Epoch[2] Batch [0-34]	Speed: 12842.36 samples/sec	cross-entropy=0.050960	mcg-accuracy=3.000000
2024-04-08 18:39:18,049 [INFO]  Epoch[2] Train-cross-entropy=0.045513
2024-04-08 18:39:18,049 [INFO]  Epoch[2] Train-mcg-accuracy=3.281250
2024-04-08 18:39:18,049 [INFO]  Epoch[2] Time cost=0.084
2024-04-08 18:39:18,051 [INFO]  Saved checkpoint to "./imputer_model/21_yeast/imputer_model_mcg/model-0002.params"
2024-04-08 18:39:18,055 [INFO]  Epoch[2] Validation-cross-entropy=0.025718
2024-04-08 18:39:18,055 [INFO]  Epoch[2] Validation-mcg-accuracy=0.000000
2024-04-08 18:39:18,099 [INFO]  Epoch[3] Batch [0-34]	Speed: 12917.31 samples/sec	cross-entropy=0.061174	mcg-accuracy=3.000000
2024-04-08 18:39:18,137 [INFO]  Epoch[3] Train-cross-entropy=0.040144
2024-04-08 18:39:18,137 [INFO]  Epoch[3] Train-mcg-accuracy=3.281250
2024-04-08 18:39:18,137 [INFO]  Epoch[3] Time cost=0.082
2024-04-08 18:39:18,139 [INFO]  Saved checkpoint to "./imputer_model/21_yeast/imputer_model_mcg/model-0003.params"
2024-04-08 18:39:18,143 [INFO]  Epoch[3] Validation-cross-entropy=0.022309
2024-04-08 18:39:18,143 [INFO]  Epoch[3] Validation-mcg-accuracy=0.000000
2024-04-08 18:39:18,185 [INFO]  Epoch[4] Batch [0-34]	Speed: 13365.56 samples/sec	cross-entropy=0.148139	mcg-accuracy=3.000000
2024-04-08 18:39:18,222 [INFO]  Epoch[4] Train-cross-entropy=0.198628
2024-04-08 18:39:18,222 [INFO]  Epoch[4] Train-mcg-accuracy=3.281250
2024-04-08 18:39:18,222 [INFO]  Epoch[4] Time cost=0.080
2024-04-08 18:39:18,224 [INFO]  Saved checkpoint to "./imputer_model/21_yeast/imputer_model_mcg/model-0004.params"
2024-04-08 18:39:18,228 [INFO]  Epoch[4] Validation-cross-entropy=0.070433
2024-04-08 18:39:18,228 [INFO]  Epoch[4] Validation-mcg-accuracy=0.000000
2024-04-08 18:39:18,228 [INFO]  
========== done (0.8298540115356445 s) fit model
2024-04-08 18:39:25,696 [INFO]  
========== start: fit model
2024-04-08 18:39:25,696 [WARNING]  Already bound, ignoring bind()
2024-04-08 18:39:25,938 [INFO]  Epoch[0] Batch [0-34]	Speed: 3969.67 samples/sec	cross-entropy=2.055699	mcg-accuracy=3.285714
2024-04-08 18:39:25,985 [INFO]  Epoch[0] Train-cross-entropy=0.423925
2024-04-08 18:39:25,985 [INFO]  Epoch[0] Train-mcg-accuracy=2.906250
2024-04-08 18:39:25,985 [INFO]  Epoch[0] Time cost=0.288
2024-04-08 18:39:25,987 [INFO]  Saved checkpoint to "./imputer_model/21_yeast/imputer_model_mcg/model-0000.params"
2024-04-08 18:39:25,991 [INFO]  Epoch[0] Validation-cross-entropy=0.138421
2024-04-08 18:39:25,991 [INFO]  Epoch[0] Validation-mcg-accuracy=0.000000
2024-04-08 18:39:26,035 [INFO]  Epoch[1] Batch [0-34]	Speed: 12501.99 samples/sec	cross-entropy=0.061794	mcg-accuracy=3.285714
2024-04-08 18:39:26,075 [INFO]  Epoch[1] Train-cross-entropy=0.086515
2024-04-08 18:39:26,075 [INFO]  Epoch[1] Train-mcg-accuracy=2.906250
2024-04-08 18:39:26,075 [INFO]  Epoch[1] Time cost=0.084
2024-04-08 18:39:26,077 [INFO]  Saved checkpoint to "./imputer_model/21_yeast/imputer_model_mcg/model-0001.params"
2024-04-08 18:39:26,080 [INFO]  Epoch[1] Validation-cross-entropy=0.059937
2024-04-08 18:39:26,080 [INFO]  Epoch[1] Validation-mcg-accuracy=0.000000
2024-04-08 18:39:26,122 [INFO]  Epoch[2] Batch [0-34]	Speed: 13612.59 samples/sec	cross-entropy=0.035677	mcg-accuracy=3.285714
2024-04-08 18:39:26,322 [INFO]  Epoch[2] Train-cross-entropy=0.026413
2024-04-08 18:39:26,323 [INFO]  Epoch[2] Train-mcg-accuracy=2.906250
2024-04-08 18:39:26,323 [INFO]  Epoch[2] Time cost=0.242
2024-04-08 18:39:26,324 [INFO]  Saved checkpoint to "./imputer_model/21_yeast/imputer_model_mcg/model-0002.params"
2024-04-08 18:39:26,327 [INFO]  Epoch[2] Validation-cross-entropy=0.131683
2024-04-08 18:39:26,327 [INFO]  Epoch[2] Validation-mcg-accuracy=0.000000
2024-04-08 18:39:26,347 [INFO]  Epoch[3] Batch [0-34]	Speed: 27224.37 samples/sec	cross-entropy=0.016340	mcg-accuracy=3.285714
2024-04-08 18:39:26,410 [INFO]  Epoch[3] Train-cross-entropy=0.026446
2024-04-08 18:39:26,410 [INFO]  Epoch[3] Train-mcg-accuracy=2.906250
2024-04-08 18:39:26,410 [INFO]  Epoch[3] Time cost=0.083
2024-04-08 18:39:26,412 [INFO]  Saved checkpoint to "./imputer_model/21_yeast/imputer_model_mcg/model-0003.params"
2024-04-08 18:39:26,413 [INFO]  Epoch[3] Validation-cross-entropy=0.049784
2024-04-08 18:39:26,413 [INFO]  Epoch[3] Validation-mcg-accuracy=0.000000
2024-04-08 18:39:26,465 [INFO]  Epoch[4] Batch [0-34]	Speed: 10663.05 samples/sec	cross-entropy=0.016678	mcg-accuracy=3.285714
2024-04-08 18:39:26,484 [INFO]  Epoch[4] Train-cross-entropy=0.116273
2024-04-08 18:39:26,484 [INFO]  Epoch[4] Train-mcg-accuracy=2.906250
2024-04-08 18:39:26,484 [INFO]  Epoch[4] Time cost=0.071
2024-04-08 18:39:26,486 [INFO]  Saved checkpoint to "./imputer_model/21_yeast/imputer_model_mcg/model-0004.params"
2024-04-08 18:39:26,488 [INFO]  Epoch[4] Validation-cross-entropy=1.777762
2024-04-08 18:39:26,488 [INFO]  Epoch[4] Validation-mcg-accuracy=0.000000
2024-04-08 18:39:26,488 [INFO]  
========== done (0.7919943332672119 s) fit model
2024-04-08 18:39:34,489 [INFO]  
========== start: fit model
2024-04-08 18:39:34,489 [WARNING]  Already bound, ignoring bind()
2024-04-08 18:39:34,607 [INFO]  Epoch[0] Batch [0-34]	Speed: 4745.81 samples/sec	cross-entropy=4.688882	mcg-accuracy=3.342857
2024-04-08 18:39:34,631 [INFO]  Epoch[0] Train-cross-entropy=0.475287
2024-04-08 18:39:34,631 [INFO]  Epoch[0] Train-mcg-accuracy=3.031250
2024-04-08 18:39:34,631 [INFO]  Epoch[0] Time cost=0.141
2024-04-08 18:39:34,633 [INFO]  Saved checkpoint to "./imputer_model/21_yeast/imputer_model_mcg/model-0000.params"
2024-04-08 18:39:34,635 [INFO]  Epoch[0] Validation-cross-entropy=0.351958
2024-04-08 18:39:34,635 [INFO]  Epoch[0] Validation-mcg-accuracy=0.000000
2024-04-08 18:39:34,678 [INFO]  Epoch[1] Batch [0-34]	Speed: 12965.46 samples/sec	cross-entropy=0.246603	mcg-accuracy=3.342857
2024-04-08 18:39:34,734 [INFO]  Epoch[1] Train-cross-entropy=0.136316
2024-04-08 18:39:34,734 [INFO]  Epoch[1] Train-mcg-accuracy=3.031250
2024-04-08 18:39:34,734 [INFO]  Epoch[1] Time cost=0.099
2024-04-08 18:39:34,736 [INFO]  Saved checkpoint to "./imputer_model/21_yeast/imputer_model_mcg/model-0001.params"
2024-04-08 18:39:34,738 [INFO]  Epoch[1] Validation-cross-entropy=0.145944
2024-04-08 18:39:34,738 [INFO]  Epoch[1] Validation-mcg-accuracy=0.000000
2024-04-08 18:39:34,782 [INFO]  Epoch[2] Batch [0-34]	Speed: 12742.66 samples/sec	cross-entropy=0.170016	mcg-accuracy=3.342857
2024-04-08 18:39:34,806 [INFO]  Epoch[2] Train-cross-entropy=0.099893
2024-04-08 18:39:34,806 [INFO]  Epoch[2] Train-mcg-accuracy=3.031250
2024-04-08 18:39:34,806 [INFO]  Epoch[2] Time cost=0.068
2024-04-08 18:39:34,807 [INFO]  Saved checkpoint to "./imputer_model/21_yeast/imputer_model_mcg/model-0002.params"
2024-04-08 18:39:34,810 [INFO]  Epoch[2] Validation-cross-entropy=0.069225
2024-04-08 18:39:34,810 [INFO]  Epoch[2] Validation-mcg-accuracy=0.000000
2024-04-08 18:39:34,836 [INFO]  Epoch[3] Batch [0-34]	Speed: 21866.69 samples/sec	cross-entropy=0.106358	mcg-accuracy=3.342857
2024-04-08 18:39:34,921 [INFO]  Epoch[3] Train-cross-entropy=0.049368
2024-04-08 18:39:34,921 [INFO]  Epoch[3] Train-mcg-accuracy=3.031250
2024-04-08 18:39:34,921 [INFO]  Epoch[3] Time cost=0.111
2024-04-08 18:39:34,923 [INFO]  Saved checkpoint to "./imputer_model/21_yeast/imputer_model_mcg/model-0003.params"
2024-04-08 18:39:34,925 [INFO]  Epoch[3] Validation-cross-entropy=0.034268
2024-04-08 18:39:34,925 [INFO]  Epoch[3] Validation-mcg-accuracy=0.000000
2024-04-08 18:39:35,082 [INFO]  Epoch[4] Batch [0-34]	Speed: 3496.79 samples/sec	cross-entropy=0.061407	mcg-accuracy=3.342857
2024-04-08 18:39:35,118 [INFO]  Epoch[4] Train-cross-entropy=0.034100
2024-04-08 18:39:35,118 [INFO]  Epoch[4] Train-mcg-accuracy=3.031250
2024-04-08 18:39:35,118 [INFO]  Epoch[4] Time cost=0.192
2024-04-08 18:39:35,120 [INFO]  Saved checkpoint to "./imputer_model/21_yeast/imputer_model_mcg/model-0004.params"
2024-04-08 18:39:35,123 [INFO]  Epoch[4] Validation-cross-entropy=0.024358
2024-04-08 18:39:35,123 [INFO]  Epoch[4] Validation-mcg-accuracy=0.000000
2024-04-08 18:39:35,123 [INFO]  
========== done (0.6347465515136719 s) fit model
2024-04-08 18:39:41,501 [INFO]  
========== start: fit model
2024-04-08 18:39:41,501 [WARNING]  Already bound, ignoring bind()
2024-04-08 18:39:41,529 [INFO]  Epoch[0] Batch [0-34]	Speed: 21032.61 samples/sec	cross-entropy=5.295109	mcg-accuracy=0.000000
2024-04-08 18:39:41,552 [INFO]  Epoch[0] Train-cross-entropy=0.312297
2024-04-08 18:39:41,553 [INFO]  Epoch[0] Train-mcg-accuracy=0.000000
2024-04-08 18:39:41,553 [INFO]  Epoch[0] Time cost=0.051
2024-04-08 18:39:41,556 [INFO]  Saved checkpoint to "./imputer_model/21_yeast/imputer_model_mcg/model-0000.params"
2024-04-08 18:39:41,694 [INFO]  Epoch[0] Validation-cross-entropy=0.235290
2024-04-08 18:39:41,694 [INFO]  Epoch[0] Validation-mcg-accuracy=0.000000
2024-04-08 18:39:41,968 [INFO]  Epoch[1] Batch [0-34]	Speed: 1993.98 samples/sec	cross-entropy=0.170685	mcg-accuracy=0.000000
2024-04-08 18:39:42,048 [INFO]  Epoch[1] Train-cross-entropy=0.063660
2024-04-08 18:39:42,048 [INFO]  Epoch[1] Train-mcg-accuracy=0.000000
2024-04-08 18:39:42,048 [INFO]  Epoch[1] Time cost=0.354
2024-04-08 18:39:42,050 [INFO]  Saved checkpoint to "./imputer_model/21_yeast/imputer_model_mcg/model-0001.params"
2024-04-08 18:39:42,054 [INFO]  Epoch[1] Validation-cross-entropy=0.030305
2024-04-08 18:39:42,054 [INFO]  Epoch[1] Validation-mcg-accuracy=0.000000
2024-04-08 18:39:42,094 [INFO]  Epoch[2] Batch [0-34]	Speed: 14024.07 samples/sec	cross-entropy=0.061237	mcg-accuracy=0.000000
2024-04-08 18:39:42,130 [INFO]  Epoch[2] Train-cross-entropy=0.062228
2024-04-08 18:39:42,130 [INFO]  Epoch[2] Train-mcg-accuracy=0.000000
2024-04-08 18:39:42,130 [INFO]  Epoch[2] Time cost=0.076
2024-04-08 18:39:42,132 [INFO]  Saved checkpoint to "./imputer_model/21_yeast/imputer_model_mcg/model-0002.params"
2024-04-08 18:39:42,267 [INFO]  Epoch[2] Validation-cross-entropy=0.032505
2024-04-08 18:39:42,268 [INFO]  Epoch[2] Validation-mcg-accuracy=0.000000
2024-04-08 18:39:42,312 [INFO]  Epoch[3] Batch [0-34]	Speed: 12741.53 samples/sec	cross-entropy=0.068279	mcg-accuracy=0.000000
2024-04-08 18:39:42,402 [INFO]  Epoch[3] Train-cross-entropy=0.151360
2024-04-08 18:39:42,402 [INFO]  Epoch[3] Train-mcg-accuracy=0.000000
2024-04-08 18:39:42,402 [INFO]  Epoch[3] Time cost=0.134
2024-04-08 18:39:42,405 [INFO]  Saved checkpoint to "./imputer_model/21_yeast/imputer_model_mcg/model-0003.params"
2024-04-08 18:39:42,409 [INFO]  Epoch[3] Validation-cross-entropy=0.075988
2024-04-08 18:39:42,409 [INFO]  Epoch[3] Validation-mcg-accuracy=0.000000
2024-04-08 18:39:42,462 [INFO]  Epoch[4] Batch [0-34]	Speed: 10589.17 samples/sec	cross-entropy=0.214265	mcg-accuracy=0.000000
2024-04-08 18:39:42,497 [INFO]  Epoch[4] Train-cross-entropy=0.556944
2024-04-08 18:39:42,497 [INFO]  Epoch[4] Train-mcg-accuracy=0.000000
2024-04-08 18:39:42,497 [INFO]  Epoch[4] Time cost=0.088
2024-04-08 18:39:42,499 [INFO]  Saved checkpoint to "./imputer_model/21_yeast/imputer_model_mcg/model-0004.params"
2024-04-08 18:39:42,503 [INFO]  Epoch[4] Validation-cross-entropy=0.028100
2024-04-08 18:39:42,503 [INFO]  Epoch[4] Validation-mcg-accuracy=0.000000
2024-04-08 18:39:42,503 [INFO]  
========== done (1.0022728443145752 s) fit model
2024-04-08 18:39:50,098 [INFO]  
========== start: fit model
2024-04-08 18:39:50,098 [WARNING]  Already bound, ignoring bind()
2024-04-08 18:39:50,125 [INFO]  Epoch[0] Batch [0-34]	Speed: 22398.17 samples/sec	cross-entropy=1.455726	mcg-accuracy=3.228571
2024-04-08 18:39:50,206 [INFO]  Epoch[0] Train-cross-entropy=0.574370
2024-04-08 18:39:50,206 [INFO]  Epoch[0] Train-mcg-accuracy=3.093750
2024-04-08 18:39:50,206 [INFO]  Epoch[0] Time cost=0.107
2024-04-08 18:39:50,208 [INFO]  Saved checkpoint to "./imputer_model/21_yeast/imputer_model_mcg/model-0000.params"
2024-04-08 18:39:50,254 [INFO]  Epoch[0] Validation-cross-entropy=0.194283
2024-04-08 18:39:50,254 [INFO]  Epoch[0] Validation-mcg-accuracy=0.000000
2024-04-08 18:39:50,299 [INFO]  Epoch[1] Batch [0-34]	Speed: 12544.82 samples/sec	cross-entropy=0.142960	mcg-accuracy=3.228571
2024-04-08 18:39:50,341 [INFO]  Epoch[1] Train-cross-entropy=0.052731
2024-04-08 18:39:50,341 [INFO]  Epoch[1] Train-mcg-accuracy=3.093750
2024-04-08 18:39:50,341 [INFO]  Epoch[1] Time cost=0.087
2024-04-08 18:39:50,343 [INFO]  Saved checkpoint to "./imputer_model/21_yeast/imputer_model_mcg/model-0001.params"
2024-04-08 18:39:50,348 [INFO]  Epoch[1] Validation-cross-entropy=0.038406
2024-04-08 18:39:50,348 [INFO]  Epoch[1] Validation-mcg-accuracy=0.000000
2024-04-08 18:39:50,394 [INFO]  Epoch[2] Batch [0-34]	Speed: 12282.00 samples/sec	cross-entropy=0.039495	mcg-accuracy=3.228571
2024-04-08 18:39:50,436 [INFO]  Epoch[2] Train-cross-entropy=0.048560
2024-04-08 18:39:50,436 [INFO]  Epoch[2] Train-mcg-accuracy=3.093750
2024-04-08 18:39:50,436 [INFO]  Epoch[2] Time cost=0.088
2024-04-08 18:39:50,438 [INFO]  Saved checkpoint to "./imputer_model/21_yeast/imputer_model_mcg/model-0002.params"
2024-04-08 18:39:50,442 [INFO]  Epoch[2] Validation-cross-entropy=0.030795
2024-04-08 18:39:50,442 [INFO]  Epoch[2] Validation-mcg-accuracy=0.000000
2024-04-08 18:39:50,488 [INFO]  Epoch[3] Batch [0-34]	Speed: 12266.95 samples/sec	cross-entropy=0.051253	mcg-accuracy=3.228571
2024-04-08 18:39:50,531 [INFO]  Epoch[3] Train-cross-entropy=0.073349
2024-04-08 18:39:50,531 [INFO]  Epoch[3] Train-mcg-accuracy=3.093750
2024-04-08 18:39:50,531 [INFO]  Epoch[3] Time cost=0.089
2024-04-08 18:39:50,536 [INFO]  Saved checkpoint to "./imputer_model/21_yeast/imputer_model_mcg/model-0003.params"
2024-04-08 18:39:50,773 [INFO]  Epoch[3] Validation-cross-entropy=0.026866
2024-04-08 18:39:50,773 [INFO]  Epoch[3] Validation-mcg-accuracy=0.000000
2024-04-08 18:39:50,842 [INFO]  Epoch[4] Batch [0-34]	Speed: 7969.87 samples/sec	cross-entropy=0.047818	mcg-accuracy=3.228571
2024-04-08 18:39:51,109 [INFO]  Epoch[4] Train-cross-entropy=0.109929
2024-04-08 18:39:51,109 [INFO]  Epoch[4] Train-mcg-accuracy=3.093750
2024-04-08 18:39:51,109 [INFO]  Epoch[4] Time cost=0.336
2024-04-08 18:39:51,111 [INFO]  Saved checkpoint to "./imputer_model/21_yeast/imputer_model_mcg/model-0004.params"
2024-04-08 18:39:51,114 [INFO]  Epoch[4] Validation-cross-entropy=0.030266
2024-04-08 18:39:51,114 [INFO]  Epoch[4] Validation-mcg-accuracy=0.000000
2024-04-08 18:39:51,114 [INFO]  
========== done (1.016284465789795 s) fit model
2024-04-08 18:39:58,828 [INFO]  
========== start: fit model
2024-04-08 18:39:58,828 [WARNING]  Already bound, ignoring bind()
2024-04-08 18:39:59,011 [INFO]  Epoch[0] Batch [0-34]	Speed: 3215.56 samples/sec	cross-entropy=5.615568	mcg-accuracy=0.000000
2024-04-08 18:39:59,034 [INFO]  Epoch[0] Train-cross-entropy=0.727408
2024-04-08 18:39:59,035 [INFO]  Epoch[0] Train-mcg-accuracy=0.000000
2024-04-08 18:39:59,035 [INFO]  Epoch[0] Time cost=0.200
2024-04-08 18:39:59,036 [INFO]  Saved checkpoint to "./imputer_model/21_yeast/imputer_model_mcg/model-0000.params"
2024-04-08 18:39:59,039 [INFO]  Epoch[0] Validation-cross-entropy=0.178969
2024-04-08 18:39:59,039 [INFO]  Epoch[0] Validation-mcg-accuracy=0.000000
2024-04-08 18:39:59,122 [INFO]  Epoch[1] Batch [0-34]	Speed: 6602.16 samples/sec	cross-entropy=0.098732	mcg-accuracy=0.000000
2024-04-08 18:39:59,154 [INFO]  Epoch[1] Train-cross-entropy=0.080256
2024-04-08 18:39:59,154 [INFO]  Epoch[1] Train-mcg-accuracy=0.000000
2024-04-08 18:39:59,154 [INFO]  Epoch[1] Time cost=0.115
2024-04-08 18:39:59,158 [INFO]  Saved checkpoint to "./imputer_model/21_yeast/imputer_model_mcg/model-0001.params"
2024-04-08 18:39:59,166 [INFO]  Epoch[1] Validation-cross-entropy=0.087307
2024-04-08 18:39:59,166 [INFO]  Epoch[1] Validation-mcg-accuracy=0.000000
2024-04-08 18:39:59,192 [INFO]  Epoch[2] Batch [0-34]	Speed: 22534.65 samples/sec	cross-entropy=0.040950	mcg-accuracy=0.000000
2024-04-08 18:39:59,214 [INFO]  Epoch[2] Train-cross-entropy=0.066172
2024-04-08 18:39:59,214 [INFO]  Epoch[2] Train-mcg-accuracy=0.000000
2024-04-08 18:39:59,214 [INFO]  Epoch[2] Time cost=0.048
2024-04-08 18:39:59,216 [INFO]  Saved checkpoint to "./imputer_model/21_yeast/imputer_model_mcg/model-0002.params"
2024-04-08 18:39:59,219 [INFO]  Epoch[2] Validation-cross-entropy=0.042288
2024-04-08 18:39:59,219 [INFO]  Epoch[2] Validation-mcg-accuracy=0.000000
2024-04-08 18:39:59,244 [INFO]  Epoch[3] Batch [0-34]	Speed: 22289.42 samples/sec	cross-entropy=0.022998	mcg-accuracy=0.000000
2024-04-08 18:39:59,273 [INFO]  Epoch[3] Train-cross-entropy=0.080900
2024-04-08 18:39:59,273 [INFO]  Epoch[3] Train-mcg-accuracy=0.000000
2024-04-08 18:39:59,273 [INFO]  Epoch[3] Time cost=0.055
2024-04-08 18:39:59,275 [INFO]  Saved checkpoint to "./imputer_model/21_yeast/imputer_model_mcg/model-0003.params"
2024-04-08 18:39:59,277 [INFO]  Epoch[3] Validation-cross-entropy=0.037246
2024-04-08 18:39:59,277 [INFO]  Epoch[3] Validation-mcg-accuracy=0.000000
2024-04-08 18:39:59,312 [INFO]  Epoch[4] Batch [0-34]	Speed: 16076.58 samples/sec	cross-entropy=0.021798	mcg-accuracy=0.000000
2024-04-08 18:39:59,334 [INFO]  Epoch[4] Train-cross-entropy=0.111818
2024-04-08 18:39:59,334 [INFO]  Epoch[4] Train-mcg-accuracy=0.000000
2024-04-08 18:39:59,334 [INFO]  Epoch[4] Time cost=0.057
2024-04-08 18:39:59,336 [INFO]  Saved checkpoint to "./imputer_model/21_yeast/imputer_model_mcg/model-0004.params"
2024-04-08 18:39:59,339 [INFO]  Epoch[4] Validation-cross-entropy=0.048218
2024-04-08 18:39:59,339 [INFO]  Epoch[4] Validation-mcg-accuracy=0.000000
2024-04-08 18:39:59,339 [INFO]  
========== done (0.5108332633972168 s) fit model
2024-04-08 18:40:08,194 [INFO]  
========== start: fit model
2024-04-08 18:40:08,194 [WARNING]  Already bound, ignoring bind()
2024-04-08 18:40:08,298 [INFO]  Epoch[0] Batch [0-34]	Speed: 6610.77 samples/sec	cross-entropy=1.894286	mcg-accuracy=0.000000
2024-04-08 18:40:08,538 [INFO]  Epoch[0] Train-cross-entropy=0.653504
2024-04-08 18:40:08,538 [INFO]  Epoch[0] Train-mcg-accuracy=0.000000
2024-04-08 18:40:08,539 [INFO]  Epoch[0] Time cost=0.343
2024-04-08 18:40:08,540 [INFO]  Saved checkpoint to "./imputer_model/21_yeast/imputer_model_mcg/model-0000.params"
2024-04-08 18:40:08,544 [INFO]  Epoch[0] Validation-cross-entropy=0.971012
2024-04-08 18:40:08,544 [INFO]  Epoch[0] Validation-mcg-accuracy=0.000000
2024-04-08 18:40:08,626 [INFO]  Epoch[1] Batch [0-34]	Speed: 6780.14 samples/sec	cross-entropy=0.401200	mcg-accuracy=0.000000
2024-04-08 18:40:08,772 [INFO]  Epoch[1] Train-cross-entropy=0.127573
2024-04-08 18:40:08,772 [INFO]  Epoch[1] Train-mcg-accuracy=0.000000
2024-04-08 18:40:08,772 [INFO]  Epoch[1] Time cost=0.227
2024-04-08 18:40:08,774 [INFO]  Saved checkpoint to "./imputer_model/21_yeast/imputer_model_mcg/model-0001.params"
2024-04-08 18:40:08,788 [INFO]  Epoch[1] Validation-cross-entropy=0.141287
2024-04-08 18:40:08,788 [INFO]  Epoch[1] Validation-mcg-accuracy=0.000000
2024-04-08 18:40:08,833 [INFO]  Epoch[2] Batch [0-34]	Speed: 12438.34 samples/sec	cross-entropy=0.071957	mcg-accuracy=0.000000
2024-04-08 18:40:08,897 [INFO]  Epoch[2] Train-cross-entropy=0.116402
2024-04-08 18:40:08,897 [INFO]  Epoch[2] Train-mcg-accuracy=0.000000
2024-04-08 18:40:08,897 [INFO]  Epoch[2] Time cost=0.108
2024-04-08 18:40:08,898 [INFO]  Saved checkpoint to "./imputer_model/21_yeast/imputer_model_mcg/model-0002.params"
2024-04-08 18:40:08,900 [INFO]  Epoch[2] Validation-cross-entropy=0.074776
2024-04-08 18:40:08,900 [INFO]  Epoch[2] Validation-mcg-accuracy=0.000000
2024-04-08 18:40:08,921 [INFO]  Epoch[3] Batch [0-34]	Speed: 27774.82 samples/sec	cross-entropy=0.059406	mcg-accuracy=0.000000
2024-04-08 18:40:08,991 [INFO]  Epoch[3] Train-cross-entropy=0.070002
2024-04-08 18:40:08,991 [INFO]  Epoch[3] Train-mcg-accuracy=0.000000
2024-04-08 18:40:08,991 [INFO]  Epoch[3] Time cost=0.090
2024-04-08 18:40:08,992 [INFO]  Saved checkpoint to "./imputer_model/21_yeast/imputer_model_mcg/model-0003.params"
2024-04-08 18:40:08,995 [INFO]  Epoch[3] Validation-cross-entropy=0.054855
2024-04-08 18:40:08,995 [INFO]  Epoch[3] Validation-mcg-accuracy=0.000000
2024-04-08 18:40:09,051 [INFO]  Epoch[4] Batch [0-34]	Speed: 9907.60 samples/sec	cross-entropy=0.056814	mcg-accuracy=0.000000
2024-04-08 18:40:09,075 [INFO]  Epoch[4] Train-cross-entropy=0.121778
2024-04-08 18:40:09,075 [INFO]  Epoch[4] Train-mcg-accuracy=0.000000
2024-04-08 18:40:09,075 [INFO]  Epoch[4] Time cost=0.080
2024-04-08 18:40:09,076 [INFO]  Saved checkpoint to "./imputer_model/21_yeast/imputer_model_mcg/model-0004.params"
2024-04-08 18:40:09,079 [INFO]  Epoch[4] Validation-cross-entropy=0.061858
2024-04-08 18:40:09,079 [INFO]  Epoch[4] Validation-mcg-accuracy=0.000000
2024-04-08 18:40:09,079 [INFO]  
========== done (0.8850712776184082 s) fit model
2024-04-08 18:40:17,116 [INFO]  
========== start: fit model
2024-04-08 18:40:17,116 [WARNING]  Already bound, ignoring bind()
2024-04-08 18:40:17,196 [INFO]  Epoch[0] Batch [0-34]	Speed: 6966.28 samples/sec	cross-entropy=3.429802	mcg-accuracy=3.171429
2024-04-08 18:40:17,269 [INFO]  Epoch[0] Train-cross-entropy=0.440599
2024-04-08 18:40:17,269 [INFO]  Epoch[0] Train-mcg-accuracy=3.437500
2024-04-08 18:40:17,269 [INFO]  Epoch[0] Time cost=0.153
2024-04-08 18:40:17,275 [INFO]  Saved checkpoint to "./imputer_model/21_yeast/imputer_model_mcg/model-0000.params"
2024-04-08 18:40:17,663 [INFO]  Epoch[0] Validation-cross-entropy=0.073548
2024-04-08 18:40:17,663 [INFO]  Epoch[0] Validation-mcg-accuracy=0.000000
2024-04-08 18:40:17,684 [INFO]  Epoch[1] Batch [0-34]	Speed: 26915.11 samples/sec	cross-entropy=0.212100	mcg-accuracy=3.171429
2024-04-08 18:40:17,703 [INFO]  Epoch[1] Train-cross-entropy=0.145269
2024-04-08 18:40:17,703 [INFO]  Epoch[1] Train-mcg-accuracy=3.437500
2024-04-08 18:40:17,703 [INFO]  Epoch[1] Time cost=0.040
2024-04-08 18:40:17,704 [INFO]  Saved checkpoint to "./imputer_model/21_yeast/imputer_model_mcg/model-0001.params"
2024-04-08 18:40:17,706 [INFO]  Epoch[1] Validation-cross-entropy=0.050132
2024-04-08 18:40:17,706 [INFO]  Epoch[1] Validation-mcg-accuracy=0.000000
2024-04-08 18:40:17,780 [INFO]  Epoch[2] Batch [0-34]	Speed: 7463.64 samples/sec	cross-entropy=0.155951	mcg-accuracy=3.171429
2024-04-08 18:40:17,823 [INFO]  Epoch[2] Train-cross-entropy=0.072536
2024-04-08 18:40:17,824 [INFO]  Epoch[2] Train-mcg-accuracy=3.437500
2024-04-08 18:40:17,824 [INFO]  Epoch[2] Time cost=0.117
2024-04-08 18:40:17,825 [INFO]  Saved checkpoint to "./imputer_model/21_yeast/imputer_model_mcg/model-0002.params"
2024-04-08 18:40:17,828 [INFO]  Epoch[2] Validation-cross-entropy=0.036556
2024-04-08 18:40:17,828 [INFO]  Epoch[2] Validation-mcg-accuracy=0.000000
2024-04-08 18:40:17,889 [INFO]  Epoch[3] Batch [0-34]	Speed: 9052.97 samples/sec	cross-entropy=0.064625	mcg-accuracy=3.171429
2024-04-08 18:40:17,940 [INFO]  Epoch[3] Train-cross-entropy=0.029559
2024-04-08 18:40:17,940 [INFO]  Epoch[3] Train-mcg-accuracy=3.437500
2024-04-08 18:40:17,940 [INFO]  Epoch[3] Time cost=0.112
2024-04-08 18:40:17,947 [INFO]  Saved checkpoint to "./imputer_model/21_yeast/imputer_model_mcg/model-0003.params"
2024-04-08 18:40:17,954 [INFO]  Epoch[3] Validation-cross-entropy=0.017370
2024-04-08 18:40:17,954 [INFO]  Epoch[3] Validation-mcg-accuracy=0.000000
2024-04-08 18:40:17,980 [INFO]  Epoch[4] Batch [0-34]	Speed: 21705.06 samples/sec	cross-entropy=0.025488	mcg-accuracy=3.171429
2024-04-08 18:40:18,004 [INFO]  Epoch[4] Train-cross-entropy=0.019298
2024-04-08 18:40:18,004 [INFO]  Epoch[4] Train-mcg-accuracy=3.437500
2024-04-08 18:40:18,004 [INFO]  Epoch[4] Time cost=0.050
2024-04-08 18:40:18,006 [INFO]  Saved checkpoint to "./imputer_model/21_yeast/imputer_model_mcg/model-0004.params"
2024-04-08 18:40:18,008 [INFO]  Epoch[4] Validation-cross-entropy=0.011972
2024-04-08 18:40:18,008 [INFO]  Epoch[4] Validation-mcg-accuracy=0.000000
2024-04-08 18:40:18,008 [INFO]  
========== done (0.8924899101257324 s) fit model
2024-04-08 18:40:27,097 [INFO]  
========== start: fit model
2024-04-08 18:40:27,097 [WARNING]  Already bound, ignoring bind()
2024-04-08 18:40:27,121 [INFO]  Epoch[0] Batch [0-34]	Speed: 25307.81 samples/sec	cross-entropy=8.670116	mcg-accuracy=3.171429
2024-04-08 18:40:27,138 [INFO]  Epoch[0] Train-cross-entropy=0.608536
2024-04-08 18:40:27,138 [INFO]  Epoch[0] Train-mcg-accuracy=2.906250
2024-04-08 18:40:27,138 [INFO]  Epoch[0] Time cost=0.041
2024-04-08 18:40:27,140 [INFO]  Saved checkpoint to "./imputer_model/21_yeast/imputer_model_mcg/model-0000.params"
2024-04-08 18:40:27,142 [INFO]  Epoch[0] Validation-cross-entropy=1.012615
2024-04-08 18:40:27,142 [INFO]  Epoch[0] Validation-mcg-accuracy=0.000000
2024-04-08 18:40:27,210 [INFO]  Epoch[1] Batch [0-34]	Speed: 8071.59 samples/sec	cross-entropy=0.146921	mcg-accuracy=3.171429
2024-04-08 18:40:27,251 [INFO]  Epoch[1] Train-cross-entropy=0.182979
2024-04-08 18:40:27,251 [INFO]  Epoch[1] Train-mcg-accuracy=2.906250
2024-04-08 18:40:27,251 [INFO]  Epoch[1] Time cost=0.109
2024-04-08 18:40:27,253 [INFO]  Saved checkpoint to "./imputer_model/21_yeast/imputer_model_mcg/model-0001.params"
2024-04-08 18:40:27,273 [INFO]  Epoch[1] Validation-cross-entropy=0.170311
2024-04-08 18:40:27,273 [INFO]  Epoch[1] Validation-mcg-accuracy=0.000000
2024-04-08 18:40:27,298 [INFO]  Epoch[2] Batch [0-34]	Speed: 22381.03 samples/sec	cross-entropy=0.128029	mcg-accuracy=3.171429
2024-04-08 18:40:27,321 [INFO]  Epoch[2] Train-cross-entropy=0.171629
2024-04-08 18:40:27,321 [INFO]  Epoch[2] Train-mcg-accuracy=2.906250
2024-04-08 18:40:27,321 [INFO]  Epoch[2] Time cost=0.048
2024-04-08 18:40:27,323 [INFO]  Saved checkpoint to "./imputer_model/21_yeast/imputer_model_mcg/model-0002.params"
2024-04-08 18:40:27,325 [INFO]  Epoch[2] Validation-cross-entropy=0.107135
2024-04-08 18:40:27,325 [INFO]  Epoch[2] Validation-mcg-accuracy=0.000000
2024-04-08 18:40:27,351 [INFO]  Epoch[3] Batch [0-34]	Speed: 22090.03 samples/sec	cross-entropy=0.118503	mcg-accuracy=3.171429
2024-04-08 18:40:27,407 [INFO]  Epoch[3] Train-cross-entropy=0.198034
2024-04-08 18:40:27,407 [INFO]  Epoch[3] Train-mcg-accuracy=2.906250
2024-04-08 18:40:27,407 [INFO]  Epoch[3] Time cost=0.082
2024-04-08 18:40:27,409 [INFO]  Saved checkpoint to "./imputer_model/21_yeast/imputer_model_mcg/model-0003.params"
2024-04-08 18:40:27,413 [INFO]  Epoch[3] Validation-cross-entropy=0.077470
2024-04-08 18:40:27,413 [INFO]  Epoch[3] Validation-mcg-accuracy=0.000000
2024-04-08 18:40:27,445 [INFO]  Epoch[4] Batch [0-34]	Speed: 18449.77 samples/sec	cross-entropy=0.115876	mcg-accuracy=3.171429
2024-04-08 18:40:27,472 [INFO]  Epoch[4] Train-cross-entropy=0.238925
2024-04-08 18:40:27,472 [INFO]  Epoch[4] Train-mcg-accuracy=2.906250
2024-04-08 18:40:27,472 [INFO]  Epoch[4] Time cost=0.059
2024-04-08 18:40:27,474 [INFO]  Saved checkpoint to "./imputer_model/21_yeast/imputer_model_mcg/model-0004.params"
2024-04-08 18:40:27,477 [INFO]  Epoch[4] Validation-cross-entropy=0.109638
2024-04-08 18:40:27,477 [INFO]  Epoch[4] Validation-mcg-accuracy=0.000000
2024-04-08 18:40:27,477 [INFO]  
========== done (0.38013768196105957 s) fit model
2024-04-08 18:40:35,866 [INFO]  
========== start: fit model
2024-04-08 18:40:35,866 [WARNING]  Already bound, ignoring bind()
2024-04-08 18:40:35,934 [INFO]  Epoch[0] Batch [0-34]	Speed: 8290.22 samples/sec	cross-entropy=5.658393	mcg-accuracy=0.000000
2024-04-08 18:40:35,952 [INFO]  Epoch[0] Train-cross-entropy=0.519756
2024-04-08 18:40:35,952 [INFO]  Epoch[0] Train-mcg-accuracy=0.000000
2024-04-08 18:40:35,952 [INFO]  Epoch[0] Time cost=0.085
2024-04-08 18:40:35,954 [INFO]  Saved checkpoint to "./imputer_model/21_yeast/imputer_model_mcg/model-0000.params"
2024-04-08 18:40:35,956 [INFO]  Epoch[0] Validation-cross-entropy=0.198882
2024-04-08 18:40:35,956 [INFO]  Epoch[0] Validation-mcg-accuracy=0.000000
2024-04-08 18:40:35,993 [INFO]  Epoch[1] Batch [0-34]	Speed: 15113.61 samples/sec	cross-entropy=0.128521	mcg-accuracy=0.000000
2024-04-08 18:40:36,012 [INFO]  Epoch[1] Train-cross-entropy=0.143008
2024-04-08 18:40:36,012 [INFO]  Epoch[1] Train-mcg-accuracy=0.000000
2024-04-08 18:40:36,012 [INFO]  Epoch[1] Time cost=0.056
2024-04-08 18:40:36,014 [INFO]  Saved checkpoint to "./imputer_model/21_yeast/imputer_model_mcg/model-0001.params"
2024-04-08 18:40:36,017 [INFO]  Epoch[1] Validation-cross-entropy=0.053657
2024-04-08 18:40:36,017 [INFO]  Epoch[1] Validation-mcg-accuracy=0.000000
2024-04-08 18:40:36,040 [INFO]  Epoch[2] Batch [0-34]	Speed: 24270.32 samples/sec	cross-entropy=0.071586	mcg-accuracy=0.000000
2024-04-08 18:40:36,110 [INFO]  Epoch[2] Train-cross-entropy=0.130651
2024-04-08 18:40:36,110 [INFO]  Epoch[2] Train-mcg-accuracy=0.000000
2024-04-08 18:40:36,111 [INFO]  Epoch[2] Time cost=0.093
2024-04-08 18:40:36,112 [INFO]  Saved checkpoint to "./imputer_model/21_yeast/imputer_model_mcg/model-0002.params"
2024-04-08 18:40:36,116 [INFO]  Epoch[2] Validation-cross-entropy=0.038516
2024-04-08 18:40:36,116 [INFO]  Epoch[2] Validation-mcg-accuracy=0.000000
2024-04-08 18:40:36,561 [INFO]  Epoch[3] Batch [0-34]	Speed: 1225.44 samples/sec	cross-entropy=0.054370	mcg-accuracy=0.000000
2024-04-08 18:40:36,606 [INFO]  Epoch[3] Train-cross-entropy=0.120748
2024-04-08 18:40:36,606 [INFO]  Epoch[3] Train-mcg-accuracy=0.000000
2024-04-08 18:40:36,606 [INFO]  Epoch[3] Time cost=0.490
2024-04-08 18:40:36,608 [INFO]  Saved checkpoint to "./imputer_model/21_yeast/imputer_model_mcg/model-0003.params"
2024-04-08 18:40:36,612 [INFO]  Epoch[3] Validation-cross-entropy=0.045489
2024-04-08 18:40:36,612 [INFO]  Epoch[3] Validation-mcg-accuracy=0.000000
2024-04-08 18:40:36,651 [INFO]  Epoch[4] Batch [0-34]	Speed: 14810.09 samples/sec	cross-entropy=0.059903	mcg-accuracy=0.000000
2024-04-08 18:40:36,685 [INFO]  Epoch[4] Train-cross-entropy=0.229045
2024-04-08 18:40:36,685 [INFO]  Epoch[4] Train-mcg-accuracy=0.000000
2024-04-08 18:40:36,685 [INFO]  Epoch[4] Time cost=0.073
2024-04-08 18:40:36,687 [INFO]  Saved checkpoint to "./imputer_model/21_yeast/imputer_model_mcg/model-0004.params"
2024-04-08 18:40:36,691 [INFO]  Epoch[4] Validation-cross-entropy=0.083052
2024-04-08 18:40:36,691 [INFO]  Epoch[4] Validation-mcg-accuracy=0.000000
2024-04-08 18:40:36,691 [INFO]  
========== done (0.8253936767578125 s) fit model
2024-04-08 18:40:44,890 [INFO]  
========== start: fit model
2024-04-08 18:40:44,890 [WARNING]  Already bound, ignoring bind()
2024-04-08 18:40:45,059 [INFO]  Epoch[0] Batch [0-34]	Speed: 4306.14 samples/sec	cross-entropy=9.557580	mcg-accuracy=3.314286
2024-04-08 18:40:45,172 [INFO]  Epoch[0] Train-cross-entropy=0.493052
2024-04-08 18:40:45,172 [INFO]  Epoch[0] Train-mcg-accuracy=3.062500
2024-04-08 18:40:45,172 [INFO]  Epoch[0] Time cost=0.281
2024-04-08 18:40:45,176 [INFO]  Saved checkpoint to "./imputer_model/21_yeast/imputer_model_mcg/model-0000.params"
2024-04-08 18:40:45,186 [INFO]  Epoch[0] Validation-cross-entropy=0.618943
2024-04-08 18:40:45,186 [INFO]  Epoch[0] Validation-mcg-accuracy=0.000000
2024-04-08 18:40:45,603 [INFO]  Epoch[1] Batch [0-34]	Speed: 1310.57 samples/sec	cross-entropy=0.282598	mcg-accuracy=3.314286
2024-04-08 18:40:45,639 [INFO]  Epoch[1] Train-cross-entropy=0.183580
2024-04-08 18:40:45,639 [INFO]  Epoch[1] Train-mcg-accuracy=3.062500
2024-04-08 18:40:45,639 [INFO]  Epoch[1] Time cost=0.452
2024-04-08 18:40:45,641 [INFO]  Saved checkpoint to "./imputer_model/21_yeast/imputer_model_mcg/model-0001.params"
2024-04-08 18:40:45,645 [INFO]  Epoch[1] Validation-cross-entropy=0.346097
2024-04-08 18:40:45,645 [INFO]  Epoch[1] Validation-mcg-accuracy=0.000000
2024-04-08 18:40:45,683 [INFO]  Epoch[2] Batch [0-34]	Speed: 14742.15 samples/sec	cross-entropy=0.223130	mcg-accuracy=3.314286
2024-04-08 18:40:45,718 [INFO]  Epoch[2] Train-cross-entropy=0.131775
2024-04-08 18:40:45,718 [INFO]  Epoch[2] Train-mcg-accuracy=3.062500
2024-04-08 18:40:45,718 [INFO]  Epoch[2] Time cost=0.073
2024-04-08 18:40:45,720 [INFO]  Saved checkpoint to "./imputer_model/21_yeast/imputer_model_mcg/model-0002.params"
2024-04-08 18:40:45,724 [INFO]  Epoch[2] Validation-cross-entropy=0.254780
2024-04-08 18:40:45,724 [INFO]  Epoch[2] Validation-mcg-accuracy=0.000000
2024-04-08 18:40:45,763 [INFO]  Epoch[3] Batch [0-34]	Speed: 14585.25 samples/sec	cross-entropy=0.178807	mcg-accuracy=3.314286
2024-04-08 18:40:45,797 [INFO]  Epoch[3] Train-cross-entropy=0.102574
2024-04-08 18:40:45,797 [INFO]  Epoch[3] Train-mcg-accuracy=3.062500
2024-04-08 18:40:45,797 [INFO]  Epoch[3] Time cost=0.073
2024-04-08 18:40:45,799 [INFO]  Saved checkpoint to "./imputer_model/21_yeast/imputer_model_mcg/model-0003.params"
2024-04-08 18:40:45,803 [INFO]  Epoch[3] Validation-cross-entropy=0.209453
2024-04-08 18:40:45,804 [INFO]  Epoch[3] Validation-mcg-accuracy=0.000000
2024-04-08 18:40:45,860 [INFO]  Epoch[4] Batch [0-34]	Speed: 9904.64 samples/sec	cross-entropy=0.153092	mcg-accuracy=3.314286
2024-04-08 18:40:45,935 [INFO]  Epoch[4] Train-cross-entropy=0.085412
2024-04-08 18:40:45,935 [INFO]  Epoch[4] Train-mcg-accuracy=3.062500
2024-04-08 18:40:45,936 [INFO]  Epoch[4] Time cost=0.132
2024-04-08 18:40:45,938 [INFO]  Saved checkpoint to "./imputer_model/21_yeast/imputer_model_mcg/model-0004.params"
2024-04-08 18:40:45,942 [INFO]  Epoch[4] Validation-cross-entropy=0.196878
2024-04-08 18:40:45,942 [INFO]  Epoch[4] Validation-mcg-accuracy=0.000000
2024-04-08 18:40:45,942 [INFO]  
========== done (1.051947832107544 s) fit model
2024-04-08 18:40:53,841 [INFO]  
========== start: fit model
2024-04-08 18:40:53,841 [WARNING]  Already bound, ignoring bind()
2024-04-08 18:40:53,958 [INFO]  Epoch[0] Batch [0-34]	Speed: 7208.32 samples/sec	cross-entropy=1.437141	mcg-accuracy=0.000000
2024-04-08 18:40:54,474 [INFO]  Epoch[0] Train-cross-entropy=0.463934
2024-04-08 18:40:54,474 [INFO]  Epoch[0] Train-mcg-accuracy=0.000000
2024-04-08 18:40:54,474 [INFO]  Epoch[0] Time cost=0.633
2024-04-08 18:40:54,476 [INFO]  Saved checkpoint to "./imputer_model/21_yeast/imputer_model_mcg/model-0000.params"
2024-04-08 18:40:54,479 [INFO]  Epoch[0] Validation-cross-entropy=0.147630
2024-04-08 18:40:54,479 [INFO]  Epoch[0] Validation-mcg-accuracy=0.000000
2024-04-08 18:40:54,505 [INFO]  Epoch[1] Batch [0-34]	Speed: 21503.98 samples/sec	cross-entropy=0.163682	mcg-accuracy=0.000000
2024-04-08 18:40:54,570 [INFO]  Epoch[1] Train-cross-entropy=0.108960
2024-04-08 18:40:54,570 [INFO]  Epoch[1] Train-mcg-accuracy=0.000000
2024-04-08 18:40:54,570 [INFO]  Epoch[1] Time cost=0.091
2024-04-08 18:40:54,571 [INFO]  Saved checkpoint to "./imputer_model/21_yeast/imputer_model_mcg/model-0001.params"
2024-04-08 18:40:54,574 [INFO]  Epoch[1] Validation-cross-entropy=0.732158
2024-04-08 18:40:54,574 [INFO]  Epoch[1] Validation-mcg-accuracy=0.000000
2024-04-08 18:40:54,608 [INFO]  Epoch[2] Batch [0-34]	Speed: 16495.58 samples/sec	cross-entropy=0.242639	mcg-accuracy=0.000000
2024-04-08 18:40:54,626 [INFO]  Epoch[2] Train-cross-entropy=0.183371
2024-04-08 18:40:54,626 [INFO]  Epoch[2] Train-mcg-accuracy=0.000000
2024-04-08 18:40:54,626 [INFO]  Epoch[2] Time cost=0.052
2024-04-08 18:40:54,628 [INFO]  Saved checkpoint to "./imputer_model/21_yeast/imputer_model_mcg/model-0002.params"
2024-04-08 18:40:54,630 [INFO]  Epoch[2] Validation-cross-entropy=0.957473
2024-04-08 18:40:54,630 [INFO]  Epoch[2] Validation-mcg-accuracy=0.000000
2024-04-08 18:40:54,709 [INFO]  Epoch[3] Batch [0-34]	Speed: 7013.95 samples/sec	cross-entropy=0.393906	mcg-accuracy=0.000000
2024-04-08 18:40:54,738 [INFO]  Epoch[3] Train-cross-entropy=0.454727
2024-04-08 18:40:54,738 [INFO]  Epoch[3] Train-mcg-accuracy=0.000000
2024-04-08 18:40:54,738 [INFO]  Epoch[3] Time cost=0.108
2024-04-08 18:40:54,741 [INFO]  Saved checkpoint to "./imputer_model/21_yeast/imputer_model_mcg/model-0003.params"
2024-04-08 18:40:54,744 [INFO]  Epoch[3] Validation-cross-entropy=1.023096
2024-04-08 18:40:54,744 [INFO]  Epoch[3] Validation-mcg-accuracy=0.000000
2024-04-08 18:40:54,775 [INFO]  Epoch[4] Batch [0-34]	Speed: 18436.50 samples/sec	cross-entropy=0.363652	mcg-accuracy=0.000000
2024-04-08 18:40:54,807 [INFO]  Epoch[4] Train-cross-entropy=0.038699
2024-04-08 18:40:54,807 [INFO]  Epoch[4] Train-mcg-accuracy=0.000000
2024-04-08 18:40:54,807 [INFO]  Epoch[4] Time cost=0.062
2024-04-08 18:40:54,809 [INFO]  Saved checkpoint to "./imputer_model/21_yeast/imputer_model_mcg/model-0004.params"
2024-04-08 18:40:54,812 [INFO]  Epoch[4] Validation-cross-entropy=0.255237
2024-04-08 18:40:54,812 [INFO]  Epoch[4] Validation-mcg-accuracy=0.000000
2024-04-08 18:40:54,812 [INFO]  
========== done (0.9718649387359619 s) fit model
2024-04-08 18:41:02,074 [INFO]  
========== start: fit model
2024-04-08 18:41:02,074 [WARNING]  Already bound, ignoring bind()
2024-04-08 18:41:02,122 [INFO]  Epoch[0] Batch [0-34]	Speed: 11973.29 samples/sec	cross-entropy=5.332366	mcg-accuracy=0.000000
2024-04-08 18:41:02,152 [INFO]  Epoch[0] Train-cross-entropy=0.481341
2024-04-08 18:41:02,152 [INFO]  Epoch[0] Train-mcg-accuracy=0.000000
2024-04-08 18:41:02,152 [INFO]  Epoch[0] Time cost=0.077
2024-04-08 18:41:02,154 [INFO]  Saved checkpoint to "./imputer_model/21_yeast/imputer_model_mcg/model-0000.params"
2024-04-08 18:41:02,157 [INFO]  Epoch[0] Validation-cross-entropy=0.382318
2024-04-08 18:41:02,157 [INFO]  Epoch[0] Validation-mcg-accuracy=0.000000
2024-04-08 18:41:02,187 [INFO]  Epoch[1] Batch [0-34]	Speed: 18786.24 samples/sec	cross-entropy=0.141868	mcg-accuracy=0.000000
2024-04-08 18:41:02,253 [INFO]  Epoch[1] Train-cross-entropy=0.123010
2024-04-08 18:41:02,253 [INFO]  Epoch[1] Train-mcg-accuracy=0.000000
2024-04-08 18:41:02,253 [INFO]  Epoch[1] Time cost=0.096
2024-04-08 18:41:02,255 [INFO]  Saved checkpoint to "./imputer_model/21_yeast/imputer_model_mcg/model-0001.params"
2024-04-08 18:41:02,258 [INFO]  Epoch[1] Validation-cross-entropy=0.289169
2024-04-08 18:41:02,259 [INFO]  Epoch[1] Validation-mcg-accuracy=0.000000
2024-04-08 18:41:02,298 [INFO]  Epoch[2] Batch [0-34]	Speed: 14392.96 samples/sec	cross-entropy=0.087046	mcg-accuracy=0.000000
2024-04-08 18:41:02,329 [INFO]  Epoch[2] Train-cross-entropy=0.070132
2024-04-08 18:41:02,329 [INFO]  Epoch[2] Train-mcg-accuracy=0.000000
2024-04-08 18:41:02,329 [INFO]  Epoch[2] Time cost=0.070
2024-04-08 18:41:02,330 [INFO]  Saved checkpoint to "./imputer_model/21_yeast/imputer_model_mcg/model-0002.params"
2024-04-08 18:41:02,334 [INFO]  Epoch[2] Validation-cross-entropy=0.168357
2024-04-08 18:41:02,334 [INFO]  Epoch[2] Validation-mcg-accuracy=0.000000
2024-04-08 18:41:02,359 [INFO]  Epoch[3] Batch [0-34]	Speed: 22884.29 samples/sec	cross-entropy=0.049400	mcg-accuracy=0.000000
2024-04-08 18:41:02,379 [INFO]  Epoch[3] Train-cross-entropy=0.060464
2024-04-08 18:41:02,379 [INFO]  Epoch[3] Train-mcg-accuracy=0.000000
2024-04-08 18:41:02,379 [INFO]  Epoch[3] Time cost=0.045
2024-04-08 18:41:02,381 [INFO]  Saved checkpoint to "./imputer_model/21_yeast/imputer_model_mcg/model-0003.params"
2024-04-08 18:41:02,383 [INFO]  Epoch[3] Validation-cross-entropy=0.101902
2024-04-08 18:41:02,383 [INFO]  Epoch[3] Validation-mcg-accuracy=0.000000
2024-04-08 18:41:02,407 [INFO]  Epoch[4] Batch [0-34]	Speed: 23694.42 samples/sec	cross-entropy=0.052636	mcg-accuracy=0.000000
2024-04-08 18:41:02,442 [INFO]  Epoch[4] Train-cross-entropy=0.108476
2024-04-08 18:41:02,442 [INFO]  Epoch[4] Train-mcg-accuracy=0.000000
2024-04-08 18:41:02,442 [INFO]  Epoch[4] Time cost=0.059
2024-04-08 18:41:02,444 [INFO]  Saved checkpoint to "./imputer_model/21_yeast/imputer_model_mcg/model-0004.params"
2024-04-08 18:41:02,448 [INFO]  Epoch[4] Validation-cross-entropy=0.082562
2024-04-08 18:41:02,448 [INFO]  Epoch[4] Validation-mcg-accuracy=0.000000
2024-04-08 18:41:02,448 [INFO]  
========== done (0.3742098808288574 s) fit model
