2024-04-07 23:18:38,448 [INFO]  
========== start: fit model
2024-04-07 23:18:38,448 [WARNING]  Already bound, ignoring bind()
2024-04-07 23:18:38,617 [INFO]  Epoch[0] Batch [0-4]	Speed: 7679.24 samples/sec	cross-entropy=19.357658	lymphatics-accuracy=0.000000
2024-04-07 23:18:38,620 [INFO]  Epoch[0] Train-cross-entropy=9.779908
2024-04-07 23:18:38,620 [INFO]  Epoch[0] Train-lymphatics-accuracy=0.000000
2024-04-07 23:18:38,620 [INFO]  Epoch[0] Time cost=0.171
2024-04-07 23:18:38,624 [INFO]  Saved checkpoint to "./imputer_model/10_lympho/imputer_model_lymphatics/model-0000.params"
2024-04-07 23:18:38,633 [INFO]  Epoch[0] Validation-cross-entropy=59.393044
2024-04-07 23:18:38,633 [INFO]  Epoch[0] Validation-lymphatics-accuracy=0.000000
2024-04-07 23:18:38,639 [INFO]  Epoch[1] Batch [0-4]	Speed: 14520.23 samples/sec	cross-entropy=3.450485	lymphatics-accuracy=0.000000
2024-04-07 23:18:38,642 [INFO]  Epoch[1] Train-cross-entropy=0.816769
2024-04-07 23:18:38,642 [INFO]  Epoch[1] Train-lymphatics-accuracy=0.000000
2024-04-07 23:18:38,642 [INFO]  Epoch[1] Time cost=0.008
2024-04-07 23:18:38,643 [INFO]  Saved checkpoint to "./imputer_model/10_lympho/imputer_model_lymphatics/model-0001.params"
2024-04-07 23:18:38,644 [INFO]  Epoch[1] Validation-cross-entropy=5.081990
2024-04-07 23:18:38,644 [INFO]  Epoch[1] Validation-lymphatics-accuracy=0.000000
2024-04-07 23:18:38,650 [INFO]  Epoch[2] Batch [0-4]	Speed: 14080.75 samples/sec	cross-entropy=0.710915	lymphatics-accuracy=0.000000
2024-04-07 23:18:38,652 [INFO]  Epoch[2] Train-cross-entropy=0.690087
2024-04-07 23:18:38,652 [INFO]  Epoch[2] Train-lymphatics-accuracy=0.000000
2024-04-07 23:18:38,652 [INFO]  Epoch[2] Time cost=0.008
2024-04-07 23:18:38,654 [INFO]  Saved checkpoint to "./imputer_model/10_lympho/imputer_model_lymphatics/model-0002.params"
2024-04-07 23:18:38,655 [INFO]  Epoch[2] Validation-cross-entropy=0.416441
2024-04-07 23:18:38,655 [INFO]  Epoch[2] Validation-lymphatics-accuracy=0.000000
2024-04-07 23:18:38,661 [INFO]  Epoch[3] Batch [0-4]	Speed: 14720.89 samples/sec	cross-entropy=1.160996	lymphatics-accuracy=0.000000
2024-04-07 23:18:38,663 [INFO]  Epoch[3] Train-cross-entropy=0.791256
2024-04-07 23:18:38,663 [INFO]  Epoch[3] Train-lymphatics-accuracy=0.000000
2024-04-07 23:18:38,663 [INFO]  Epoch[3] Time cost=0.008
2024-04-07 23:18:38,665 [INFO]  Saved checkpoint to "./imputer_model/10_lympho/imputer_model_lymphatics/model-0003.params"
2024-04-07 23:18:38,666 [INFO]  Epoch[3] Validation-cross-entropy=0.339283
2024-04-07 23:18:38,666 [INFO]  Epoch[3] Validation-lymphatics-accuracy=0.000000
2024-04-07 23:18:38,676 [INFO]  Epoch[4] Batch [0-4]	Speed: 7958.36 samples/sec	cross-entropy=0.684608	lymphatics-accuracy=0.000000
2024-04-07 23:18:38,678 [INFO]  Epoch[4] Train-cross-entropy=0.246011
2024-04-07 23:18:38,678 [INFO]  Epoch[4] Train-lymphatics-accuracy=0.000000
2024-04-07 23:18:38,678 [INFO]  Epoch[4] Time cost=0.012
2024-04-07 23:18:38,680 [INFO]  Saved checkpoint to "./imputer_model/10_lympho/imputer_model_lymphatics/model-0004.params"
2024-04-07 23:18:38,681 [INFO]  Epoch[4] Validation-cross-entropy=0.629555
2024-04-07 23:18:38,681 [INFO]  Epoch[4] Validation-lymphatics-accuracy=0.000000
2024-04-07 23:18:38,681 [INFO]  
========== done (0.23346924781799316 s) fit model
2024-04-07 23:18:48,123 [INFO]  
========== start: fit model
2024-04-07 23:18:48,123 [WARNING]  Already bound, ignoring bind()
2024-04-07 23:18:48,134 [INFO]  Epoch[0] Batch [0-4]	Speed: 23148.97 samples/sec	cross-entropy=13.898902	lymphatics-accuracy=0.000000
2024-04-07 23:18:48,136 [INFO]  Epoch[0] Train-cross-entropy=7.200958
2024-04-07 23:18:48,137 [INFO]  Epoch[0] Train-lymphatics-accuracy=0.000000
2024-04-07 23:18:48,137 [INFO]  Epoch[0] Time cost=0.012
2024-04-07 23:18:48,138 [INFO]  Saved checkpoint to "./imputer_model/10_lympho/imputer_model_lymphatics/model-0000.params"
2024-04-07 23:18:48,139 [INFO]  Epoch[0] Validation-cross-entropy=5.806142
2024-04-07 23:18:48,139 [INFO]  Epoch[0] Validation-lymphatics-accuracy=0.000000
2024-04-07 23:18:48,145 [INFO]  Epoch[1] Batch [0-4]	Speed: 15147.87 samples/sec	cross-entropy=2.102262	lymphatics-accuracy=0.000000
2024-04-07 23:18:48,146 [INFO]  Epoch[1] Train-cross-entropy=1.360834
2024-04-07 23:18:48,146 [INFO]  Epoch[1] Train-lymphatics-accuracy=0.000000
2024-04-07 23:18:48,146 [INFO]  Epoch[1] Time cost=0.007
2024-04-07 23:18:48,148 [INFO]  Saved checkpoint to "./imputer_model/10_lympho/imputer_model_lymphatics/model-0001.params"
2024-04-07 23:18:48,148 [INFO]  Epoch[1] Validation-cross-entropy=0.823609
2024-04-07 23:18:48,149 [INFO]  Epoch[1] Validation-lymphatics-accuracy=0.000000
2024-04-07 23:18:48,154 [INFO]  Epoch[2] Batch [0-4]	Speed: 13752.52 samples/sec	cross-entropy=1.211653	lymphatics-accuracy=0.000000
2024-04-07 23:18:48,157 [INFO]  Epoch[2] Train-cross-entropy=1.095135
2024-04-07 23:18:48,157 [INFO]  Epoch[2] Train-lymphatics-accuracy=0.000000
2024-04-07 23:18:48,157 [INFO]  Epoch[2] Time cost=0.008
2024-04-07 23:18:48,159 [INFO]  Saved checkpoint to "./imputer_model/10_lympho/imputer_model_lymphatics/model-0002.params"
2024-04-07 23:18:48,159 [INFO]  Epoch[2] Validation-cross-entropy=0.721851
2024-04-07 23:18:48,159 [INFO]  Epoch[2] Validation-lymphatics-accuracy=0.000000
2024-04-07 23:18:48,164 [INFO]  Epoch[3] Batch [0-4]	Speed: 21101.76 samples/sec	cross-entropy=1.322163	lymphatics-accuracy=0.000000
2024-04-07 23:18:48,165 [INFO]  Epoch[3] Train-cross-entropy=0.570144
2024-04-07 23:18:48,166 [INFO]  Epoch[3] Train-lymphatics-accuracy=0.000000
2024-04-07 23:18:48,166 [INFO]  Epoch[3] Time cost=0.006
2024-04-07 23:18:48,167 [INFO]  Saved checkpoint to "./imputer_model/10_lympho/imputer_model_lymphatics/model-0003.params"
2024-04-07 23:18:48,168 [INFO]  Epoch[3] Validation-cross-entropy=0.566071
2024-04-07 23:18:48,168 [INFO]  Epoch[3] Validation-lymphatics-accuracy=0.000000
2024-04-07 23:18:48,172 [INFO]  Epoch[4] Batch [0-4]	Speed: 23991.01 samples/sec	cross-entropy=0.521375	lymphatics-accuracy=0.000000
2024-04-07 23:18:48,173 [INFO]  Epoch[4] Train-cross-entropy=0.166665
2024-04-07 23:18:48,173 [INFO]  Epoch[4] Train-lymphatics-accuracy=0.000000
2024-04-07 23:18:48,173 [INFO]  Epoch[4] Time cost=0.005
2024-04-07 23:18:48,175 [INFO]  Saved checkpoint to "./imputer_model/10_lympho/imputer_model_lymphatics/model-0004.params"
2024-04-07 23:18:48,175 [INFO]  Epoch[4] Validation-cross-entropy=0.149961
2024-04-07 23:18:48,175 [INFO]  Epoch[4] Validation-lymphatics-accuracy=0.000000
2024-04-07 23:18:48,175 [INFO]  
========== done (0.05234503746032715 s) fit model
2024-04-07 23:18:55,859 [INFO]  
========== start: fit model
2024-04-07 23:18:55,859 [WARNING]  Already bound, ignoring bind()
2024-04-07 23:18:55,884 [INFO]  Epoch[0] Batch [0-4]	Speed: 9502.14 samples/sec	cross-entropy=16.049804	lymphatics-accuracy=0.000000
2024-04-07 23:18:55,886 [INFO]  Epoch[0] Train-cross-entropy=8.076096
2024-04-07 23:18:55,887 [INFO]  Epoch[0] Train-lymphatics-accuracy=0.000000
2024-04-07 23:18:55,887 [INFO]  Epoch[0] Time cost=0.026
2024-04-07 23:18:55,890 [INFO]  Saved checkpoint to "./imputer_model/10_lympho/imputer_model_lymphatics/model-0000.params"
2024-04-07 23:18:56,001 [INFO]  Epoch[0] Validation-cross-entropy=2.106564
2024-04-07 23:18:56,001 [INFO]  Epoch[0] Validation-lymphatics-accuracy=0.000000
2024-04-07 23:18:56,341 [INFO]  Epoch[1] Batch [0-4]	Speed: 221.09 samples/sec	cross-entropy=2.853191	lymphatics-accuracy=0.000000
2024-04-07 23:18:56,343 [INFO]  Epoch[1] Train-cross-entropy=0.423020
2024-04-07 23:18:56,344 [INFO]  Epoch[1] Train-lymphatics-accuracy=0.000000
2024-04-07 23:18:56,344 [INFO]  Epoch[1] Time cost=0.342
2024-04-07 23:18:56,345 [INFO]  Saved checkpoint to "./imputer_model/10_lympho/imputer_model_lymphatics/model-0001.params"
2024-04-07 23:18:56,346 [INFO]  Epoch[1] Validation-cross-entropy=0.798489
2024-04-07 23:18:56,346 [INFO]  Epoch[1] Validation-lymphatics-accuracy=0.000000
2024-04-07 23:18:56,352 [INFO]  Epoch[2] Batch [0-4]	Speed: 13967.19 samples/sec	cross-entropy=1.244380	lymphatics-accuracy=0.000000
2024-04-07 23:18:56,355 [INFO]  Epoch[2] Train-cross-entropy=1.834318
2024-04-07 23:18:56,355 [INFO]  Epoch[2] Train-lymphatics-accuracy=0.000000
2024-04-07 23:18:56,355 [INFO]  Epoch[2] Time cost=0.008
2024-04-07 23:18:56,356 [INFO]  Saved checkpoint to "./imputer_model/10_lympho/imputer_model_lymphatics/model-0002.params"
2024-04-07 23:18:56,413 [INFO]  Epoch[2] Validation-cross-entropy=2.547811
2024-04-07 23:18:56,413 [INFO]  Epoch[2] Validation-lymphatics-accuracy=0.000000
2024-04-07 23:18:56,491 [INFO]  Epoch[3] Batch [0-4]	Speed: 10497.65 samples/sec	cross-entropy=1.180658	lymphatics-accuracy=0.000000
2024-04-07 23:18:56,493 [INFO]  Epoch[3] Train-cross-entropy=0.982235
2024-04-07 23:18:56,493 [INFO]  Epoch[3] Train-lymphatics-accuracy=0.000000
2024-04-07 23:18:56,493 [INFO]  Epoch[3] Time cost=0.080
2024-04-07 23:18:56,497 [INFO]  Saved checkpoint to "./imputer_model/10_lympho/imputer_model_lymphatics/model-0003.params"
2024-04-07 23:18:56,504 [INFO]  Epoch[3] Validation-cross-entropy=2.181294
2024-04-07 23:18:56,504 [INFO]  Epoch[3] Validation-lymphatics-accuracy=0.000000
2024-04-07 23:18:56,559 [INFO]  Epoch[4] Batch [0-4]	Speed: 1266.98 samples/sec	cross-entropy=0.502504	lymphatics-accuracy=0.000000
2024-04-07 23:18:56,561 [INFO]  Epoch[4] Train-cross-entropy=0.276406
2024-04-07 23:18:56,561 [INFO]  Epoch[4] Train-lymphatics-accuracy=0.000000
2024-04-07 23:18:56,561 [INFO]  Epoch[4] Time cost=0.057
2024-04-07 23:18:56,562 [INFO]  Saved checkpoint to "./imputer_model/10_lympho/imputer_model_lymphatics/model-0004.params"
2024-04-07 23:18:56,563 [INFO]  Epoch[4] Validation-cross-entropy=0.846842
2024-04-07 23:18:56,563 [INFO]  Epoch[4] Validation-lymphatics-accuracy=0.000000
2024-04-07 23:18:56,563 [INFO]  
========== done (0.7039530277252197 s) fit model
2024-04-07 23:19:04,746 [INFO]  
========== start: fit model
2024-04-07 23:19:04,746 [WARNING]  Already bound, ignoring bind()
2024-04-07 23:19:04,869 [INFO]  Epoch[0] Batch [0-4]	Speed: 14581.75 samples/sec	cross-entropy=10.578616	lymphatics-accuracy=0.000000
2024-04-07 23:19:04,872 [INFO]  Epoch[0] Train-cross-entropy=5.257882
2024-04-07 23:19:04,872 [INFO]  Epoch[0] Train-lymphatics-accuracy=0.000000
2024-04-07 23:19:04,872 [INFO]  Epoch[0] Time cost=0.124
2024-04-07 23:19:04,873 [INFO]  Saved checkpoint to "./imputer_model/10_lympho/imputer_model_lymphatics/model-0000.params"
2024-04-07 23:19:04,874 [INFO]  Epoch[0] Validation-cross-entropy=2.252184
2024-04-07 23:19:04,874 [INFO]  Epoch[0] Validation-lymphatics-accuracy=0.000000
2024-04-07 23:19:04,893 [INFO]  Epoch[1] Batch [0-4]	Speed: 3536.37 samples/sec	cross-entropy=1.739244	lymphatics-accuracy=0.000000
2024-04-07 23:19:04,896 [INFO]  Epoch[1] Train-cross-entropy=0.415468
2024-04-07 23:19:04,896 [INFO]  Epoch[1] Train-lymphatics-accuracy=0.000000
2024-04-07 23:19:04,896 [INFO]  Epoch[1] Time cost=0.022
2024-04-07 23:19:04,900 [INFO]  Saved checkpoint to "./imputer_model/10_lympho/imputer_model_lymphatics/model-0001.params"
2024-04-07 23:19:04,952 [INFO]  Epoch[1] Validation-cross-entropy=0.203617
2024-04-07 23:19:04,952 [INFO]  Epoch[1] Validation-lymphatics-accuracy=0.000000
2024-04-07 23:19:04,955 [INFO]  Epoch[2] Batch [0-4]	Speed: 25893.26 samples/sec	cross-entropy=0.868730	lymphatics-accuracy=0.000000
2024-04-07 23:19:04,957 [INFO]  Epoch[2] Train-cross-entropy=1.170383
2024-04-07 23:19:04,957 [INFO]  Epoch[2] Train-lymphatics-accuracy=0.000000
2024-04-07 23:19:04,957 [INFO]  Epoch[2] Time cost=0.005
2024-04-07 23:19:04,958 [INFO]  Saved checkpoint to "./imputer_model/10_lympho/imputer_model_lymphatics/model-0002.params"
2024-04-07 23:19:04,959 [INFO]  Epoch[2] Validation-cross-entropy=0.385889
2024-04-07 23:19:04,959 [INFO]  Epoch[2] Validation-lymphatics-accuracy=0.000000
2024-04-07 23:19:04,964 [INFO]  Epoch[3] Batch [0-4]	Speed: 15110.35 samples/sec	cross-entropy=0.886531	lymphatics-accuracy=0.000000
2024-04-07 23:19:04,966 [INFO]  Epoch[3] Train-cross-entropy=0.520015
2024-04-07 23:19:04,966 [INFO]  Epoch[3] Train-lymphatics-accuracy=0.000000
2024-04-07 23:19:04,966 [INFO]  Epoch[3] Time cost=0.007
2024-04-07 23:19:04,968 [INFO]  Saved checkpoint to "./imputer_model/10_lympho/imputer_model_lymphatics/model-0003.params"
2024-04-07 23:19:04,969 [INFO]  Epoch[3] Validation-cross-entropy=0.073839
2024-04-07 23:19:04,969 [INFO]  Epoch[3] Validation-lymphatics-accuracy=0.000000
2024-04-07 23:19:04,974 [INFO]  Epoch[4] Batch [0-4]	Speed: 15471.78 samples/sec	cross-entropy=0.190406	lymphatics-accuracy=0.000000
2024-04-07 23:19:04,977 [INFO]  Epoch[4] Train-cross-entropy=0.073974
2024-04-07 23:19:04,977 [INFO]  Epoch[4] Train-lymphatics-accuracy=0.000000
2024-04-07 23:19:04,977 [INFO]  Epoch[4] Time cost=0.008
2024-04-07 23:19:04,979 [INFO]  Saved checkpoint to "./imputer_model/10_lympho/imputer_model_lymphatics/model-0004.params"
2024-04-07 23:19:04,983 [INFO]  Epoch[4] Validation-cross-entropy=0.137033
2024-04-07 23:19:04,984 [INFO]  Epoch[4] Validation-lymphatics-accuracy=0.000000
2024-04-07 23:19:04,984 [INFO]  
========== done (0.23743343353271484 s) fit model
2024-04-07 23:19:13,036 [INFO]  
========== start: fit model
2024-04-07 23:19:13,036 [WARNING]  Already bound, ignoring bind()
2024-04-07 23:19:13,042 [INFO]  Epoch[0] Batch [0-4]	Speed: 21253.80 samples/sec	cross-entropy=7.751373	lymphatics-accuracy=1.800000
2024-04-07 23:19:13,043 [INFO]  Epoch[0] Train-cross-entropy=1.251095
2024-04-07 23:19:13,043 [INFO]  Epoch[0] Train-lymphatics-accuracy=2.500000
2024-04-07 23:19:13,044 [INFO]  Epoch[0] Time cost=0.006
2024-04-07 23:19:13,045 [INFO]  Saved checkpoint to "./imputer_model/10_lympho/imputer_model_lymphatics/model-0000.params"
2024-04-07 23:19:13,046 [INFO]  Epoch[0] Validation-cross-entropy=2.122085
2024-04-07 23:19:13,046 [INFO]  Epoch[0] Validation-lymphatics-accuracy=0.000000
2024-04-07 23:19:13,050 [INFO]  Epoch[1] Batch [0-4]	Speed: 18988.15 samples/sec	cross-entropy=0.656336	lymphatics-accuracy=1.800000
2024-04-07 23:19:13,052 [INFO]  Epoch[1] Train-cross-entropy=0.677279
2024-04-07 23:19:13,052 [INFO]  Epoch[1] Train-lymphatics-accuracy=2.500000
2024-04-07 23:19:13,052 [INFO]  Epoch[1] Time cost=0.006
2024-04-07 23:19:13,054 [INFO]  Saved checkpoint to "./imputer_model/10_lympho/imputer_model_lymphatics/model-0001.params"
2024-04-07 23:19:13,054 [INFO]  Epoch[1] Validation-cross-entropy=0.410379
2024-04-07 23:19:13,054 [INFO]  Epoch[1] Validation-lymphatics-accuracy=0.000000
2024-04-07 23:19:13,058 [INFO]  Epoch[2] Batch [0-4]	Speed: 21540.32 samples/sec	cross-entropy=0.532481	lymphatics-accuracy=1.800000
2024-04-07 23:19:13,060 [INFO]  Epoch[2] Train-cross-entropy=0.380005
2024-04-07 23:19:13,060 [INFO]  Epoch[2] Train-lymphatics-accuracy=2.500000
2024-04-07 23:19:13,060 [INFO]  Epoch[2] Time cost=0.006
2024-04-07 23:19:13,061 [INFO]  Saved checkpoint to "./imputer_model/10_lympho/imputer_model_lymphatics/model-0002.params"
2024-04-07 23:19:13,062 [INFO]  Epoch[2] Validation-cross-entropy=0.972344
2024-04-07 23:19:13,062 [INFO]  Epoch[2] Validation-lymphatics-accuracy=0.000000
2024-04-07 23:19:13,066 [INFO]  Epoch[3] Batch [0-4]	Speed: 21385.87 samples/sec	cross-entropy=0.516102	lymphatics-accuracy=1.800000
2024-04-07 23:19:13,068 [INFO]  Epoch[3] Train-cross-entropy=0.210183
2024-04-07 23:19:13,068 [INFO]  Epoch[3] Train-lymphatics-accuracy=2.500000
2024-04-07 23:19:13,068 [INFO]  Epoch[3] Time cost=0.006
2024-04-07 23:19:13,069 [INFO]  Saved checkpoint to "./imputer_model/10_lympho/imputer_model_lymphatics/model-0003.params"
2024-04-07 23:19:13,070 [INFO]  Epoch[3] Validation-cross-entropy=0.397687
2024-04-07 23:19:13,070 [INFO]  Epoch[3] Validation-lymphatics-accuracy=0.000000
2024-04-07 23:19:13,074 [INFO]  Epoch[4] Batch [0-4]	Speed: 21243.70 samples/sec	cross-entropy=0.134304	lymphatics-accuracy=1.800000
2024-04-07 23:19:13,075 [INFO]  Epoch[4] Train-cross-entropy=0.088187
2024-04-07 23:19:13,076 [INFO]  Epoch[4] Train-lymphatics-accuracy=2.500000
2024-04-07 23:19:13,076 [INFO]  Epoch[4] Time cost=0.006
2024-04-07 23:19:13,077 [INFO]  Saved checkpoint to "./imputer_model/10_lympho/imputer_model_lymphatics/model-0004.params"
2024-04-07 23:19:13,078 [INFO]  Epoch[4] Validation-cross-entropy=0.066791
2024-04-07 23:19:13,078 [INFO]  Epoch[4] Validation-lymphatics-accuracy=0.000000
2024-04-07 23:19:13,078 [INFO]  
========== done (0.04194951057434082 s) fit model
2024-04-07 23:19:21,989 [INFO]  
========== start: fit model
2024-04-07 23:19:21,989 [WARNING]  Already bound, ignoring bind()
2024-04-07 23:19:22,031 [INFO]  Epoch[0] Batch [0-4]	Speed: 26240.03 samples/sec	cross-entropy=21.450224	lymphatics-accuracy=0.000000
2024-04-07 23:19:22,032 [INFO]  Epoch[0] Train-cross-entropy=11.048677
2024-04-07 23:19:22,032 [INFO]  Epoch[0] Train-lymphatics-accuracy=0.000000
2024-04-07 23:19:22,032 [INFO]  Epoch[0] Time cost=0.042
2024-04-07 23:19:22,034 [INFO]  Saved checkpoint to "./imputer_model/10_lympho/imputer_model_lymphatics/model-0000.params"
2024-04-07 23:19:22,034 [INFO]  Epoch[0] Validation-cross-entropy=8.240579
2024-04-07 23:19:22,034 [INFO]  Epoch[0] Validation-lymphatics-accuracy=0.000000
2024-04-07 23:19:22,038 [INFO]  Epoch[1] Batch [0-4]	Speed: 24968.42 samples/sec	cross-entropy=6.106264	lymphatics-accuracy=0.000000
2024-04-07 23:19:22,039 [INFO]  Epoch[1] Train-cross-entropy=1.629120
2024-04-07 23:19:22,039 [INFO]  Epoch[1] Train-lymphatics-accuracy=0.000000
2024-04-07 23:19:22,039 [INFO]  Epoch[1] Time cost=0.005
2024-04-07 23:19:22,040 [INFO]  Saved checkpoint to "./imputer_model/10_lympho/imputer_model_lymphatics/model-0001.params"
2024-04-07 23:19:22,041 [INFO]  Epoch[1] Validation-cross-entropy=2.579861
2024-04-07 23:19:22,041 [INFO]  Epoch[1] Validation-lymphatics-accuracy=0.000000
2024-04-07 23:19:22,044 [INFO]  Epoch[2] Batch [0-4]	Speed: 27219.17 samples/sec	cross-entropy=1.668960	lymphatics-accuracy=0.000000
2024-04-07 23:19:22,045 [INFO]  Epoch[2] Train-cross-entropy=2.067122
2024-04-07 23:19:22,045 [INFO]  Epoch[2] Train-lymphatics-accuracy=0.000000
2024-04-07 23:19:22,045 [INFO]  Epoch[2] Time cost=0.004
2024-04-07 23:19:22,047 [INFO]  Saved checkpoint to "./imputer_model/10_lympho/imputer_model_lymphatics/model-0002.params"
2024-04-07 23:19:22,047 [INFO]  Epoch[2] Validation-cross-entropy=1.213393
2024-04-07 23:19:22,047 [INFO]  Epoch[2] Validation-lymphatics-accuracy=0.000000
2024-04-07 23:19:22,050 [INFO]  Epoch[3] Batch [0-4]	Speed: 27155.84 samples/sec	cross-entropy=1.735866	lymphatics-accuracy=0.000000
2024-04-07 23:19:22,051 [INFO]  Epoch[3] Train-cross-entropy=2.058866
2024-04-07 23:19:22,052 [INFO]  Epoch[3] Train-lymphatics-accuracy=0.000000
2024-04-07 23:19:22,052 [INFO]  Epoch[3] Time cost=0.004
2024-04-07 23:19:22,053 [INFO]  Saved checkpoint to "./imputer_model/10_lympho/imputer_model_lymphatics/model-0003.params"
2024-04-07 23:19:22,053 [INFO]  Epoch[3] Validation-cross-entropy=1.005075
2024-04-07 23:19:22,053 [INFO]  Epoch[3] Validation-lymphatics-accuracy=0.000000
2024-04-07 23:19:22,056 [INFO]  Epoch[4] Batch [0-4]	Speed: 27349.51 samples/sec	cross-entropy=1.182944	lymphatics-accuracy=0.000000
2024-04-07 23:19:22,058 [INFO]  Epoch[4] Train-cross-entropy=0.701713
2024-04-07 23:19:22,058 [INFO]  Epoch[4] Train-lymphatics-accuracy=0.000000
2024-04-07 23:19:22,058 [INFO]  Epoch[4] Time cost=0.004
2024-04-07 23:19:22,059 [INFO]  Saved checkpoint to "./imputer_model/10_lympho/imputer_model_lymphatics/model-0004.params"
2024-04-07 23:19:22,060 [INFO]  Epoch[4] Validation-cross-entropy=0.626397
2024-04-07 23:19:22,060 [INFO]  Epoch[4] Validation-lymphatics-accuracy=0.000000
2024-04-07 23:19:22,060 [INFO]  
========== done (0.07087922096252441 s) fit model
2024-04-07 23:19:30,199 [INFO]  
========== start: fit model
2024-04-07 23:19:30,199 [WARNING]  Already bound, ignoring bind()
2024-04-07 23:19:30,208 [INFO]  Epoch[0] Batch [0-4]	Speed: 14539.10 samples/sec	cross-entropy=6.107085	lymphatics-accuracy=0.000000
2024-04-07 23:19:30,209 [INFO]  Epoch[0] Train-cross-entropy=1.553525
2024-04-07 23:19:30,209 [INFO]  Epoch[0] Train-lymphatics-accuracy=0.000000
2024-04-07 23:19:30,209 [INFO]  Epoch[0] Time cost=0.009
2024-04-07 23:19:30,211 [INFO]  Saved checkpoint to "./imputer_model/10_lympho/imputer_model_lymphatics/model-0000.params"
2024-04-07 23:19:30,216 [INFO]  Epoch[0] Validation-cross-entropy=0.301234
2024-04-07 23:19:30,216 [INFO]  Epoch[0] Validation-lymphatics-accuracy=0.000000
2024-04-07 23:19:30,220 [INFO]  Epoch[1] Batch [0-4]	Speed: 21188.37 samples/sec	cross-entropy=0.368446	lymphatics-accuracy=0.000000
2024-04-07 23:19:30,221 [INFO]  Epoch[1] Train-cross-entropy=0.182392
2024-04-07 23:19:30,221 [INFO]  Epoch[1] Train-lymphatics-accuracy=0.000000
2024-04-07 23:19:30,221 [INFO]  Epoch[1] Time cost=0.005
2024-04-07 23:19:30,223 [INFO]  Saved checkpoint to "./imputer_model/10_lympho/imputer_model_lymphatics/model-0001.params"
2024-04-07 23:19:30,227 [INFO]  Epoch[1] Validation-cross-entropy=0.474155
2024-04-07 23:19:30,227 [INFO]  Epoch[1] Validation-lymphatics-accuracy=0.000000
2024-04-07 23:19:30,231 [INFO]  Epoch[2] Batch [0-4]	Speed: 24795.44 samples/sec	cross-entropy=0.698763	lymphatics-accuracy=0.000000
2024-04-07 23:19:30,232 [INFO]  Epoch[2] Train-cross-entropy=0.545110
2024-04-07 23:19:30,232 [INFO]  Epoch[2] Train-lymphatics-accuracy=0.000000
2024-04-07 23:19:30,232 [INFO]  Epoch[2] Time cost=0.005
2024-04-07 23:19:30,234 [INFO]  Saved checkpoint to "./imputer_model/10_lympho/imputer_model_lymphatics/model-0002.params"
2024-04-07 23:19:30,235 [INFO]  Epoch[2] Validation-cross-entropy=0.568241
2024-04-07 23:19:30,235 [INFO]  Epoch[2] Validation-lymphatics-accuracy=0.000000
2024-04-07 23:19:30,239 [INFO]  Epoch[3] Batch [0-4]	Speed: 19413.86 samples/sec	cross-entropy=0.438533	lymphatics-accuracy=0.000000
2024-04-07 23:19:30,241 [INFO]  Epoch[3] Train-cross-entropy=0.139174
2024-04-07 23:19:30,241 [INFO]  Epoch[3] Train-lymphatics-accuracy=0.000000
2024-04-07 23:19:30,241 [INFO]  Epoch[3] Time cost=0.006
2024-04-07 23:19:30,243 [INFO]  Saved checkpoint to "./imputer_model/10_lympho/imputer_model_lymphatics/model-0003.params"
2024-04-07 23:19:30,244 [INFO]  Epoch[3] Validation-cross-entropy=0.127113
2024-04-07 23:19:30,244 [INFO]  Epoch[3] Validation-lymphatics-accuracy=0.000000
2024-04-07 23:19:30,248 [INFO]  Epoch[4] Batch [0-4]	Speed: 22262.02 samples/sec	cross-entropy=0.086188	lymphatics-accuracy=0.000000
2024-04-07 23:19:30,249 [INFO]  Epoch[4] Train-cross-entropy=0.062379
2024-04-07 23:19:30,249 [INFO]  Epoch[4] Train-lymphatics-accuracy=0.000000
2024-04-07 23:19:30,249 [INFO]  Epoch[4] Time cost=0.005
2024-04-07 23:19:30,251 [INFO]  Saved checkpoint to "./imputer_model/10_lympho/imputer_model_lymphatics/model-0004.params"
2024-04-07 23:19:30,252 [INFO]  Epoch[4] Validation-cross-entropy=0.032228
2024-04-07 23:19:30,252 [INFO]  Epoch[4] Validation-lymphatics-accuracy=0.000000
2024-04-07 23:19:30,252 [INFO]  
========== done (0.05283379554748535 s) fit model
2024-04-07 23:19:38,387 [INFO]  
========== start: fit model
2024-04-07 23:19:38,387 [WARNING]  Already bound, ignoring bind()
2024-04-07 23:19:38,436 [INFO]  Epoch[0] Batch [0-4]	Speed: 16387.00 samples/sec	cross-entropy=2.493509	lymphatics-accuracy=1.400000
2024-04-07 23:19:38,438 [INFO]  Epoch[0] Train-cross-entropy=0.279073
2024-04-07 23:19:38,438 [INFO]  Epoch[0] Train-lymphatics-accuracy=6.000000
2024-04-07 23:19:38,438 [INFO]  Epoch[0] Time cost=0.050
2024-04-07 23:19:38,440 [INFO]  Saved checkpoint to "./imputer_model/10_lympho/imputer_model_lymphatics/model-0000.params"
2024-04-07 23:19:38,441 [INFO]  Epoch[0] Validation-cross-entropy=0.416411
2024-04-07 23:19:38,441 [INFO]  Epoch[0] Validation-lymphatics-accuracy=0.000000
2024-04-07 23:19:38,446 [INFO]  Epoch[1] Batch [0-4]	Speed: 16948.82 samples/sec	cross-entropy=0.765105	lymphatics-accuracy=1.400000
2024-04-07 23:19:38,447 [INFO]  Epoch[1] Train-cross-entropy=0.417807
2024-04-07 23:19:38,447 [INFO]  Epoch[1] Train-lymphatics-accuracy=6.000000
2024-04-07 23:19:38,448 [INFO]  Epoch[1] Time cost=0.007
2024-04-07 23:19:38,450 [INFO]  Saved checkpoint to "./imputer_model/10_lympho/imputer_model_lymphatics/model-0001.params"
2024-04-07 23:19:38,450 [INFO]  Epoch[1] Validation-cross-entropy=0.263130
2024-04-07 23:19:38,450 [INFO]  Epoch[1] Validation-lymphatics-accuracy=0.000000
2024-04-07 23:19:38,487 [INFO]  Epoch[2] Batch [0-4]	Speed: 1791.52 samples/sec	cross-entropy=0.325467	lymphatics-accuracy=1.400000
2024-04-07 23:19:38,503 [INFO]  Epoch[2] Train-cross-entropy=0.038736
2024-04-07 23:19:38,503 [INFO]  Epoch[2] Train-lymphatics-accuracy=6.000000
2024-04-07 23:19:38,503 [INFO]  Epoch[2] Time cost=0.053
2024-04-07 23:19:38,505 [INFO]  Saved checkpoint to "./imputer_model/10_lympho/imputer_model_lymphatics/model-0002.params"
2024-04-07 23:19:38,505 [INFO]  Epoch[2] Validation-cross-entropy=0.202185
2024-04-07 23:19:38,506 [INFO]  Epoch[2] Validation-lymphatics-accuracy=0.000000
2024-04-07 23:19:38,509 [INFO]  Epoch[3] Batch [0-4]	Speed: 21528.23 samples/sec	cross-entropy=0.118827	lymphatics-accuracy=1.400000
2024-04-07 23:19:38,511 [INFO]  Epoch[3] Train-cross-entropy=0.116225
2024-04-07 23:19:38,511 [INFO]  Epoch[3] Train-lymphatics-accuracy=6.000000
2024-04-07 23:19:38,511 [INFO]  Epoch[3] Time cost=0.006
2024-04-07 23:19:38,513 [INFO]  Saved checkpoint to "./imputer_model/10_lympho/imputer_model_lymphatics/model-0003.params"
2024-04-07 23:19:38,513 [INFO]  Epoch[3] Validation-cross-entropy=0.094246
2024-04-07 23:19:38,513 [INFO]  Epoch[3] Validation-lymphatics-accuracy=0.000000
2024-04-07 23:19:38,517 [INFO]  Epoch[4] Batch [0-4]	Speed: 21483.43 samples/sec	cross-entropy=0.114923	lymphatics-accuracy=1.400000
2024-04-07 23:19:38,519 [INFO]  Epoch[4] Train-cross-entropy=0.039117
2024-04-07 23:19:38,519 [INFO]  Epoch[4] Train-lymphatics-accuracy=6.000000
2024-04-07 23:19:38,519 [INFO]  Epoch[4] Time cost=0.006
2024-04-07 23:19:38,521 [INFO]  Saved checkpoint to "./imputer_model/10_lympho/imputer_model_lymphatics/model-0004.params"
2024-04-07 23:19:38,521 [INFO]  Epoch[4] Validation-cross-entropy=0.118584
2024-04-07 23:19:38,521 [INFO]  Epoch[4] Validation-lymphatics-accuracy=0.000000
2024-04-07 23:19:38,521 [INFO]  
========== done (0.13451623916625977 s) fit model
2024-04-07 23:19:46,610 [INFO]  
========== start: fit model
2024-04-07 23:19:46,610 [WARNING]  Already bound, ignoring bind()
2024-04-07 23:19:46,638 [INFO]  Epoch[0] Batch [0-4]	Speed: 14189.42 samples/sec	cross-entropy=15.362950	lymphatics-accuracy=3.400000
2024-04-07 23:19:46,640 [INFO]  Epoch[0] Train-cross-entropy=10.785561
2024-04-07 23:19:46,640 [INFO]  Epoch[0] Train-lymphatics-accuracy=0.500000
2024-04-07 23:19:46,640 [INFO]  Epoch[0] Time cost=0.029
2024-04-07 23:19:46,642 [INFO]  Saved checkpoint to "./imputer_model/10_lympho/imputer_model_lymphatics/model-0000.params"
2024-04-07 23:19:46,643 [INFO]  Epoch[0] Validation-cross-entropy=8.986390
2024-04-07 23:19:46,643 [INFO]  Epoch[0] Validation-lymphatics-accuracy=0.000000
2024-04-07 23:19:46,649 [INFO]  Epoch[1] Batch [0-4]	Speed: 12435.63 samples/sec	cross-entropy=3.811774	lymphatics-accuracy=3.400000
2024-04-07 23:19:46,651 [INFO]  Epoch[1] Train-cross-entropy=2.097773
2024-04-07 23:19:46,651 [INFO]  Epoch[1] Train-lymphatics-accuracy=0.500000
2024-04-07 23:19:46,651 [INFO]  Epoch[1] Time cost=0.009
2024-04-07 23:19:46,653 [INFO]  Saved checkpoint to "./imputer_model/10_lympho/imputer_model_lymphatics/model-0001.params"
2024-04-07 23:19:46,654 [INFO]  Epoch[1] Validation-cross-entropy=0.557422
2024-04-07 23:19:46,654 [INFO]  Epoch[1] Validation-lymphatics-accuracy=0.000000
2024-04-07 23:19:46,659 [INFO]  Epoch[2] Batch [0-4]	Speed: 15099.31 samples/sec	cross-entropy=1.407410	lymphatics-accuracy=3.400000
2024-04-07 23:19:46,661 [INFO]  Epoch[2] Train-cross-entropy=1.343758
2024-04-07 23:19:46,661 [INFO]  Epoch[2] Train-lymphatics-accuracy=0.500000
2024-04-07 23:19:46,661 [INFO]  Epoch[2] Time cost=0.008
2024-04-07 23:19:46,663 [INFO]  Saved checkpoint to "./imputer_model/10_lympho/imputer_model_lymphatics/model-0002.params"
2024-04-07 23:19:46,664 [INFO]  Epoch[2] Validation-cross-entropy=0.881734
2024-04-07 23:19:46,664 [INFO]  Epoch[2] Validation-lymphatics-accuracy=0.000000
2024-04-07 23:19:46,670 [INFO]  Epoch[3] Batch [0-4]	Speed: 13978.10 samples/sec	cross-entropy=1.032537	lymphatics-accuracy=3.400000
2024-04-07 23:19:46,672 [INFO]  Epoch[3] Train-cross-entropy=1.523128
2024-04-07 23:19:46,672 [INFO]  Epoch[3] Train-lymphatics-accuracy=0.500000
2024-04-07 23:19:46,672 [INFO]  Epoch[3] Time cost=0.008
2024-04-07 23:19:46,674 [INFO]  Saved checkpoint to "./imputer_model/10_lympho/imputer_model_lymphatics/model-0003.params"
2024-04-07 23:19:46,680 [INFO]  Epoch[3] Validation-cross-entropy=0.889903
2024-04-07 23:19:46,680 [INFO]  Epoch[3] Validation-lymphatics-accuracy=0.000000
2024-04-07 23:19:46,689 [INFO]  Epoch[4] Batch [0-4]	Speed: 9131.39 samples/sec	cross-entropy=0.634181	lymphatics-accuracy=3.400000
2024-04-07 23:19:46,698 [INFO]  Epoch[4] Train-cross-entropy=0.593323
2024-04-07 23:19:46,698 [INFO]  Epoch[4] Train-lymphatics-accuracy=0.500000
2024-04-07 23:19:46,698 [INFO]  Epoch[4] Time cost=0.017
2024-04-07 23:19:46,700 [INFO]  Saved checkpoint to "./imputer_model/10_lympho/imputer_model_lymphatics/model-0004.params"
2024-04-07 23:19:46,704 [INFO]  Epoch[4] Validation-cross-entropy=0.570968
2024-04-07 23:19:46,704 [INFO]  Epoch[4] Validation-lymphatics-accuracy=0.000000
2024-04-07 23:19:46,704 [INFO]  
========== done (0.09432029724121094 s) fit model
2024-04-07 23:19:56,840 [INFO]  
========== start: fit model
2024-04-07 23:19:56,840 [WARNING]  Already bound, ignoring bind()
2024-04-07 23:19:56,895 [INFO]  Epoch[0] Batch [0-4]	Speed: 24963.77 samples/sec	cross-entropy=15.494084	lymphatics-accuracy=0.000000
2024-04-07 23:19:56,897 [INFO]  Epoch[0] Train-cross-entropy=7.673357
2024-04-07 23:19:56,897 [INFO]  Epoch[0] Train-lymphatics-accuracy=0.000000
2024-04-07 23:19:56,897 [INFO]  Epoch[0] Time cost=0.056
2024-04-07 23:19:56,898 [INFO]  Saved checkpoint to "./imputer_model/10_lympho/imputer_model_lymphatics/model-0000.params"
2024-04-07 23:19:56,899 [INFO]  Epoch[0] Validation-cross-entropy=3.073613
2024-04-07 23:19:56,899 [INFO]  Epoch[0] Validation-lymphatics-accuracy=0.000000
2024-04-07 23:19:56,902 [INFO]  Epoch[1] Batch [0-4]	Speed: 22053.52 samples/sec	cross-entropy=2.538103	lymphatics-accuracy=0.000000
2024-04-07 23:19:56,904 [INFO]  Epoch[1] Train-cross-entropy=1.515399
2024-04-07 23:19:56,904 [INFO]  Epoch[1] Train-lymphatics-accuracy=0.000000
2024-04-07 23:19:56,904 [INFO]  Epoch[1] Time cost=0.005
2024-04-07 23:19:56,906 [INFO]  Saved checkpoint to "./imputer_model/10_lympho/imputer_model_lymphatics/model-0001.params"
2024-04-07 23:19:56,906 [INFO]  Epoch[1] Validation-cross-entropy=0.454402
2024-04-07 23:19:56,906 [INFO]  Epoch[1] Validation-lymphatics-accuracy=0.000000
2024-04-07 23:19:56,910 [INFO]  Epoch[2] Batch [0-4]	Speed: 24135.54 samples/sec	cross-entropy=1.014259	lymphatics-accuracy=0.000000
2024-04-07 23:19:56,911 [INFO]  Epoch[2] Train-cross-entropy=0.788675
2024-04-07 23:19:56,911 [INFO]  Epoch[2] Train-lymphatics-accuracy=0.000000
2024-04-07 23:19:56,911 [INFO]  Epoch[2] Time cost=0.005
2024-04-07 23:19:56,912 [INFO]  Saved checkpoint to "./imputer_model/10_lympho/imputer_model_lymphatics/model-0002.params"
2024-04-07 23:19:56,913 [INFO]  Epoch[2] Validation-cross-entropy=0.512151
2024-04-07 23:19:56,913 [INFO]  Epoch[2] Validation-lymphatics-accuracy=0.000000
2024-04-07 23:19:56,916 [INFO]  Epoch[3] Batch [0-4]	Speed: 28023.33 samples/sec	cross-entropy=1.465460	lymphatics-accuracy=0.000000
2024-04-07 23:19:56,917 [INFO]  Epoch[3] Train-cross-entropy=0.587553
2024-04-07 23:19:56,917 [INFO]  Epoch[3] Train-lymphatics-accuracy=0.000000
2024-04-07 23:19:56,917 [INFO]  Epoch[3] Time cost=0.004
2024-04-07 23:19:56,919 [INFO]  Saved checkpoint to "./imputer_model/10_lympho/imputer_model_lymphatics/model-0003.params"
2024-04-07 23:19:56,919 [INFO]  Epoch[3] Validation-cross-entropy=0.459733
2024-04-07 23:19:56,919 [INFO]  Epoch[3] Validation-lymphatics-accuracy=0.000000
2024-04-07 23:19:56,922 [INFO]  Epoch[4] Batch [0-4]	Speed: 28728.11 samples/sec	cross-entropy=0.490658	lymphatics-accuracy=0.000000
2024-04-07 23:19:56,923 [INFO]  Epoch[4] Train-cross-entropy=0.229394
2024-04-07 23:19:56,923 [INFO]  Epoch[4] Train-lymphatics-accuracy=0.000000
2024-04-07 23:19:56,923 [INFO]  Epoch[4] Time cost=0.004
2024-04-07 23:19:56,925 [INFO]  Saved checkpoint to "./imputer_model/10_lympho/imputer_model_lymphatics/model-0004.params"
2024-04-07 23:19:56,925 [INFO]  Epoch[4] Validation-cross-entropy=0.102115
2024-04-07 23:19:56,925 [INFO]  Epoch[4] Validation-lymphatics-accuracy=0.000000
2024-04-07 23:19:56,925 [INFO]  
========== done (0.08558201789855957 s) fit model
2024-04-07 23:20:05,602 [INFO]  
========== start: fit model
2024-04-07 23:20:05,602 [WARNING]  Already bound, ignoring bind()
2024-04-07 23:20:05,607 [INFO]  Epoch[0] Batch [0-4]	Speed: 27238.50 samples/sec	cross-entropy=22.686315	lymphatics-accuracy=2.200000
2024-04-07 23:20:05,608 [INFO]  Epoch[0] Train-cross-entropy=17.682103
2024-04-07 23:20:05,608 [INFO]  Epoch[0] Train-lymphatics-accuracy=1.000000
2024-04-07 23:20:05,608 [INFO]  Epoch[0] Time cost=0.005
2024-04-07 23:20:05,609 [INFO]  Saved checkpoint to "./imputer_model/10_lympho/imputer_model_lymphatics/model-0000.params"
2024-04-07 23:20:05,610 [INFO]  Epoch[0] Validation-cross-entropy=3.188547
2024-04-07 23:20:05,610 [INFO]  Epoch[0] Validation-lymphatics-accuracy=0.000000
2024-04-07 23:20:05,613 [INFO]  Epoch[1] Batch [0-4]	Speed: 25096.81 samples/sec	cross-entropy=6.552175	lymphatics-accuracy=2.200000
2024-04-07 23:20:05,615 [INFO]  Epoch[1] Train-cross-entropy=4.948511
2024-04-07 23:20:05,615 [INFO]  Epoch[1] Train-lymphatics-accuracy=1.000000
2024-04-07 23:20:05,615 [INFO]  Epoch[1] Time cost=0.005
2024-04-07 23:20:05,616 [INFO]  Saved checkpoint to "./imputer_model/10_lympho/imputer_model_lymphatics/model-0001.params"
2024-04-07 23:20:05,617 [INFO]  Epoch[1] Validation-cross-entropy=0.436169
2024-04-07 23:20:05,617 [INFO]  Epoch[1] Validation-lymphatics-accuracy=0.000000
2024-04-07 23:20:05,620 [INFO]  Epoch[2] Batch [0-4]	Speed: 28324.94 samples/sec	cross-entropy=1.462128	lymphatics-accuracy=2.200000
2024-04-07 23:20:05,621 [INFO]  Epoch[2] Train-cross-entropy=0.528573
2024-04-07 23:20:05,621 [INFO]  Epoch[2] Train-lymphatics-accuracy=1.000000
2024-04-07 23:20:05,621 [INFO]  Epoch[2] Time cost=0.004
2024-04-07 23:20:05,622 [INFO]  Saved checkpoint to "./imputer_model/10_lympho/imputer_model_lymphatics/model-0002.params"
2024-04-07 23:20:05,623 [INFO]  Epoch[2] Validation-cross-entropy=0.618445
2024-04-07 23:20:05,623 [INFO]  Epoch[2] Validation-lymphatics-accuracy=0.000000
2024-04-07 23:20:05,626 [INFO]  Epoch[3] Batch [0-4]	Speed: 27930.02 samples/sec	cross-entropy=0.754907	lymphatics-accuracy=2.200000
2024-04-07 23:20:05,627 [INFO]  Epoch[3] Train-cross-entropy=0.932632
2024-04-07 23:20:05,627 [INFO]  Epoch[3] Train-lymphatics-accuracy=1.000000
2024-04-07 23:20:05,627 [INFO]  Epoch[3] Time cost=0.004
2024-04-07 23:20:05,628 [INFO]  Saved checkpoint to "./imputer_model/10_lympho/imputer_model_lymphatics/model-0003.params"
2024-04-07 23:20:05,629 [INFO]  Epoch[3] Validation-cross-entropy=1.041745
2024-04-07 23:20:05,629 [INFO]  Epoch[3] Validation-lymphatics-accuracy=0.000000
2024-04-07 23:20:05,632 [INFO]  Epoch[4] Batch [0-4]	Speed: 28315.98 samples/sec	cross-entropy=0.839403	lymphatics-accuracy=2.200000
2024-04-07 23:20:05,633 [INFO]  Epoch[4] Train-cross-entropy=0.997822
2024-04-07 23:20:05,633 [INFO]  Epoch[4] Train-lymphatics-accuracy=1.000000
2024-04-07 23:20:05,633 [INFO]  Epoch[4] Time cost=0.004
2024-04-07 23:20:05,634 [INFO]  Saved checkpoint to "./imputer_model/10_lympho/imputer_model_lymphatics/model-0004.params"
2024-04-07 23:20:05,635 [INFO]  Epoch[4] Validation-cross-entropy=0.780769
2024-04-07 23:20:05,635 [INFO]  Epoch[4] Validation-lymphatics-accuracy=0.000000
2024-04-07 23:20:05,635 [INFO]  
========== done (0.033043622970581055 s) fit model
2024-04-07 23:20:14,149 [INFO]  
========== start: fit model
2024-04-07 23:20:14,150 [WARNING]  Already bound, ignoring bind()
2024-04-07 23:20:14,209 [INFO]  Epoch[0] Batch [0-4]	Speed: 25948.33 samples/sec	cross-entropy=13.163915	lymphatics-accuracy=1.800000
2024-04-07 23:20:14,210 [INFO]  Epoch[0] Train-cross-entropy=4.152972
2024-04-07 23:20:14,210 [INFO]  Epoch[0] Train-lymphatics-accuracy=5.500000
2024-04-07 23:20:14,210 [INFO]  Epoch[0] Time cost=0.060
2024-04-07 23:20:14,212 [INFO]  Saved checkpoint to "./imputer_model/10_lympho/imputer_model_lymphatics/model-0000.params"
2024-04-07 23:20:14,212 [INFO]  Epoch[0] Validation-cross-entropy=2.824545
2024-04-07 23:20:14,212 [INFO]  Epoch[0] Validation-lymphatics-accuracy=0.000000
2024-04-07 23:20:14,215 [INFO]  Epoch[1] Batch [0-4]	Speed: 25089.77 samples/sec	cross-entropy=2.165442	lymphatics-accuracy=1.800000
2024-04-07 23:20:14,316 [INFO]  Epoch[1] Train-cross-entropy=1.180365
2024-04-07 23:20:14,316 [INFO]  Epoch[1] Train-lymphatics-accuracy=5.500000
2024-04-07 23:20:14,316 [INFO]  Epoch[1] Time cost=0.104
2024-04-07 23:20:14,318 [INFO]  Saved checkpoint to "./imputer_model/10_lympho/imputer_model_lymphatics/model-0001.params"
2024-04-07 23:20:14,319 [INFO]  Epoch[1] Validation-cross-entropy=1.176415
2024-04-07 23:20:14,319 [INFO]  Epoch[1] Validation-lymphatics-accuracy=0.000000
2024-04-07 23:20:14,325 [INFO]  Epoch[2] Batch [0-4]	Speed: 13056.20 samples/sec	cross-entropy=0.789467	lymphatics-accuracy=1.800000
2024-04-07 23:20:14,328 [INFO]  Epoch[2] Train-cross-entropy=0.695289
2024-04-07 23:20:14,328 [INFO]  Epoch[2] Train-lymphatics-accuracy=5.500000
2024-04-07 23:20:14,328 [INFO]  Epoch[2] Time cost=0.009
2024-04-07 23:20:14,329 [INFO]  Saved checkpoint to "./imputer_model/10_lympho/imputer_model_lymphatics/model-0002.params"
2024-04-07 23:20:14,330 [INFO]  Epoch[2] Validation-cross-entropy=0.786395
2024-04-07 23:20:14,330 [INFO]  Epoch[2] Validation-lymphatics-accuracy=0.000000
2024-04-07 23:20:14,337 [INFO]  Epoch[3] Batch [0-4]	Speed: 13117.45 samples/sec	cross-entropy=0.467007	lymphatics-accuracy=1.800000
2024-04-07 23:20:14,339 [INFO]  Epoch[3] Train-cross-entropy=0.626326
2024-04-07 23:20:14,339 [INFO]  Epoch[3] Train-lymphatics-accuracy=5.500000
2024-04-07 23:20:14,339 [INFO]  Epoch[3] Time cost=0.009
2024-04-07 23:20:14,342 [INFO]  Saved checkpoint to "./imputer_model/10_lympho/imputer_model_lymphatics/model-0003.params"
2024-04-07 23:20:14,343 [INFO]  Epoch[3] Validation-cross-entropy=1.324037
2024-04-07 23:20:14,343 [INFO]  Epoch[3] Validation-lymphatics-accuracy=0.000000
2024-04-07 23:20:14,350 [INFO]  Epoch[4] Batch [0-4]	Speed: 12605.56 samples/sec	cross-entropy=0.350430	lymphatics-accuracy=1.800000
2024-04-07 23:20:14,352 [INFO]  Epoch[4] Train-cross-entropy=0.394329
2024-04-07 23:20:14,353 [INFO]  Epoch[4] Train-lymphatics-accuracy=5.500000
2024-04-07 23:20:14,353 [INFO]  Epoch[4] Time cost=0.010
2024-04-07 23:20:14,355 [INFO]  Saved checkpoint to "./imputer_model/10_lympho/imputer_model_lymphatics/model-0004.params"
2024-04-07 23:20:14,355 [INFO]  Epoch[4] Validation-cross-entropy=0.422762
2024-04-07 23:20:14,355 [INFO]  Epoch[4] Validation-lymphatics-accuracy=0.000000
2024-04-07 23:20:14,355 [INFO]  
========== done (0.20604968070983887 s) fit model
2024-04-07 23:20:21,313 [INFO]  
========== start: fit model
2024-04-07 23:20:21,313 [WARNING]  Already bound, ignoring bind()
2024-04-07 23:20:21,359 [INFO]  Epoch[0] Batch [0-4]	Speed: 8945.76 samples/sec	cross-entropy=8.126547	lymphatics-accuracy=0.000000
2024-04-07 23:20:21,360 [INFO]  Epoch[0] Train-cross-entropy=1.434804
2024-04-07 23:20:21,360 [INFO]  Epoch[0] Train-lymphatics-accuracy=0.000000
2024-04-07 23:20:21,360 [INFO]  Epoch[0] Time cost=0.046
2024-04-07 23:20:21,362 [INFO]  Saved checkpoint to "./imputer_model/10_lympho/imputer_model_lymphatics/model-0000.params"
2024-04-07 23:20:21,362 [INFO]  Epoch[0] Validation-cross-entropy=1.359992
2024-04-07 23:20:21,362 [INFO]  Epoch[0] Validation-lymphatics-accuracy=0.000000
2024-04-07 23:20:21,402 [INFO]  Epoch[1] Batch [0-4]	Speed: 1662.82 samples/sec	cross-entropy=1.416858	lymphatics-accuracy=0.000000
2024-04-07 23:20:21,403 [INFO]  Epoch[1] Train-cross-entropy=0.702064
2024-04-07 23:20:21,403 [INFO]  Epoch[1] Train-lymphatics-accuracy=0.000000
2024-04-07 23:20:21,403 [INFO]  Epoch[1] Time cost=0.041
2024-04-07 23:20:21,404 [INFO]  Saved checkpoint to "./imputer_model/10_lympho/imputer_model_lymphatics/model-0001.params"
2024-04-07 23:20:21,405 [INFO]  Epoch[1] Validation-cross-entropy=0.662723
2024-04-07 23:20:21,405 [INFO]  Epoch[1] Validation-lymphatics-accuracy=0.000000
2024-04-07 23:20:21,408 [INFO]  Epoch[2] Batch [0-4]	Speed: 28247.44 samples/sec	cross-entropy=1.005656	lymphatics-accuracy=0.000000
2024-04-07 23:20:21,409 [INFO]  Epoch[2] Train-cross-entropy=0.449783
2024-04-07 23:20:21,409 [INFO]  Epoch[2] Train-lymphatics-accuracy=0.000000
2024-04-07 23:20:21,409 [INFO]  Epoch[2] Time cost=0.004
2024-04-07 23:20:21,411 [INFO]  Saved checkpoint to "./imputer_model/10_lympho/imputer_model_lymphatics/model-0002.params"
2024-04-07 23:20:21,411 [INFO]  Epoch[2] Validation-cross-entropy=0.933262
2024-04-07 23:20:21,411 [INFO]  Epoch[2] Validation-lymphatics-accuracy=0.000000
2024-04-07 23:20:21,434 [INFO]  Epoch[3] Batch [0-4]	Speed: 26675.49 samples/sec	cross-entropy=0.575357	lymphatics-accuracy=0.000000
2024-04-07 23:20:21,436 [INFO]  Epoch[3] Train-cross-entropy=0.174565
2024-04-07 23:20:21,436 [INFO]  Epoch[3] Train-lymphatics-accuracy=0.000000
2024-04-07 23:20:21,436 [INFO]  Epoch[3] Time cost=0.024
2024-04-07 23:20:21,437 [INFO]  Saved checkpoint to "./imputer_model/10_lympho/imputer_model_lymphatics/model-0003.params"
2024-04-07 23:20:21,438 [INFO]  Epoch[3] Validation-cross-entropy=0.729422
2024-04-07 23:20:21,438 [INFO]  Epoch[3] Validation-lymphatics-accuracy=0.000000
2024-04-07 23:20:21,506 [INFO]  Epoch[4] Batch [0-4]	Speed: 949.21 samples/sec	cross-entropy=0.243397	lymphatics-accuracy=0.000000
2024-04-07 23:20:21,510 [INFO]  Epoch[4] Train-cross-entropy=0.034452
2024-04-07 23:20:21,510 [INFO]  Epoch[4] Train-lymphatics-accuracy=0.000000
2024-04-07 23:20:21,510 [INFO]  Epoch[4] Time cost=0.072
2024-04-07 23:20:21,511 [INFO]  Saved checkpoint to "./imputer_model/10_lympho/imputer_model_lymphatics/model-0004.params"
2024-04-07 23:20:21,512 [INFO]  Epoch[4] Validation-cross-entropy=0.142667
2024-04-07 23:20:21,512 [INFO]  Epoch[4] Validation-lymphatics-accuracy=0.000000
2024-04-07 23:20:21,512 [INFO]  
========== done (0.19884467124938965 s) fit model
2024-04-07 23:20:29,067 [INFO]  
========== start: fit model
2024-04-07 23:20:29,067 [WARNING]  Already bound, ignoring bind()
2024-04-07 23:20:29,251 [INFO]  Epoch[0] Batch [0-4]	Speed: 375.78 samples/sec	cross-entropy=17.274684	lymphatics-accuracy=0.000000
2024-04-07 23:20:29,253 [INFO]  Epoch[0] Train-cross-entropy=12.620856
2024-04-07 23:20:29,253 [INFO]  Epoch[0] Train-lymphatics-accuracy=0.000000
2024-04-07 23:20:29,253 [INFO]  Epoch[0] Time cost=0.185
2024-04-07 23:20:29,255 [INFO]  Saved checkpoint to "./imputer_model/10_lympho/imputer_model_lymphatics/model-0000.params"
2024-04-07 23:20:29,340 [INFO]  Epoch[0] Validation-cross-entropy=11.305225
2024-04-07 23:20:29,340 [INFO]  Epoch[0] Validation-lymphatics-accuracy=0.000000
2024-04-07 23:20:29,343 [INFO]  Epoch[1] Batch [0-4]	Speed: 24465.50 samples/sec	cross-entropy=3.519955	lymphatics-accuracy=0.000000
2024-04-07 23:20:29,373 [INFO]  Epoch[1] Train-cross-entropy=1.825700
2024-04-07 23:20:29,373 [INFO]  Epoch[1] Train-lymphatics-accuracy=0.000000
2024-04-07 23:20:29,373 [INFO]  Epoch[1] Time cost=0.033
2024-04-07 23:20:29,375 [INFO]  Saved checkpoint to "./imputer_model/10_lympho/imputer_model_lymphatics/model-0001.params"
2024-04-07 23:20:29,375 [INFO]  Epoch[1] Validation-cross-entropy=0.773812
2024-04-07 23:20:29,375 [INFO]  Epoch[1] Validation-lymphatics-accuracy=0.000000
2024-04-07 23:20:29,379 [INFO]  Epoch[2] Batch [0-4]	Speed: 21621.87 samples/sec	cross-entropy=0.823497	lymphatics-accuracy=0.000000
2024-04-07 23:20:29,381 [INFO]  Epoch[2] Train-cross-entropy=0.763328
2024-04-07 23:20:29,381 [INFO]  Epoch[2] Train-lymphatics-accuracy=0.000000
2024-04-07 23:20:29,381 [INFO]  Epoch[2] Time cost=0.006
2024-04-07 23:20:29,382 [INFO]  Saved checkpoint to "./imputer_model/10_lympho/imputer_model_lymphatics/model-0002.params"
2024-04-07 23:20:29,383 [INFO]  Epoch[2] Validation-cross-entropy=0.622221
2024-04-07 23:20:29,383 [INFO]  Epoch[2] Validation-lymphatics-accuracy=0.000000
2024-04-07 23:20:29,387 [INFO]  Epoch[3] Batch [0-4]	Speed: 21635.81 samples/sec	cross-entropy=0.899143	lymphatics-accuracy=0.000000
2024-04-07 23:20:29,389 [INFO]  Epoch[3] Train-cross-entropy=0.857985
2024-04-07 23:20:29,389 [INFO]  Epoch[3] Train-lymphatics-accuracy=0.000000
2024-04-07 23:20:29,389 [INFO]  Epoch[3] Time cost=0.006
2024-04-07 23:20:29,390 [INFO]  Saved checkpoint to "./imputer_model/10_lympho/imputer_model_lymphatics/model-0003.params"
2024-04-07 23:20:29,391 [INFO]  Epoch[3] Validation-cross-entropy=1.087542
2024-04-07 23:20:29,391 [INFO]  Epoch[3] Validation-lymphatics-accuracy=0.000000
2024-04-07 23:20:29,395 [INFO]  Epoch[4] Batch [0-4]	Speed: 21746.23 samples/sec	cross-entropy=0.643185	lymphatics-accuracy=0.000000
2024-04-07 23:20:29,396 [INFO]  Epoch[4] Train-cross-entropy=0.385129
2024-04-07 23:20:29,396 [INFO]  Epoch[4] Train-lymphatics-accuracy=0.000000
2024-04-07 23:20:29,396 [INFO]  Epoch[4] Time cost=0.005
2024-04-07 23:20:29,398 [INFO]  Saved checkpoint to "./imputer_model/10_lympho/imputer_model_lymphatics/model-0004.params"
2024-04-07 23:20:29,398 [INFO]  Epoch[4] Validation-cross-entropy=0.289032
2024-04-07 23:20:29,398 [INFO]  Epoch[4] Validation-lymphatics-accuracy=0.000000
2024-04-07 23:20:29,399 [INFO]  
========== done (0.3315141201019287 s) fit model
2024-04-07 23:20:37,298 [INFO]  
========== start: fit model
2024-04-07 23:20:37,298 [WARNING]  Already bound, ignoring bind()
2024-04-07 23:20:37,305 [INFO]  Epoch[0] Batch [0-4]	Speed: 20888.29 samples/sec	cross-entropy=6.534731	lymphatics-accuracy=0.000000
2024-04-07 23:20:37,307 [INFO]  Epoch[0] Train-cross-entropy=1.827621
2024-04-07 23:20:37,307 [INFO]  Epoch[0] Train-lymphatics-accuracy=0.000000
2024-04-07 23:20:37,307 [INFO]  Epoch[0] Time cost=0.008
2024-04-07 23:20:37,309 [INFO]  Saved checkpoint to "./imputer_model/10_lympho/imputer_model_lymphatics/model-0000.params"
2024-04-07 23:20:37,309 [INFO]  Epoch[0] Validation-cross-entropy=0.501194
2024-04-07 23:20:37,309 [INFO]  Epoch[0] Validation-lymphatics-accuracy=0.000000
2024-04-07 23:20:37,314 [INFO]  Epoch[1] Batch [0-4]	Speed: 19123.42 samples/sec	cross-entropy=0.657342	lymphatics-accuracy=0.000000
2024-04-07 23:20:37,315 [INFO]  Epoch[1] Train-cross-entropy=0.804229
2024-04-07 23:20:37,315 [INFO]  Epoch[1] Train-lymphatics-accuracy=0.000000
2024-04-07 23:20:37,315 [INFO]  Epoch[1] Time cost=0.006
2024-04-07 23:20:37,317 [INFO]  Saved checkpoint to "./imputer_model/10_lympho/imputer_model_lymphatics/model-0001.params"
2024-04-07 23:20:37,318 [INFO]  Epoch[1] Validation-cross-entropy=1.065642
2024-04-07 23:20:37,318 [INFO]  Epoch[1] Validation-lymphatics-accuracy=0.000000
2024-04-07 23:20:37,321 [INFO]  Epoch[2] Batch [0-4]	Speed: 21904.16 samples/sec	cross-entropy=0.987729	lymphatics-accuracy=0.000000
2024-04-07 23:20:37,323 [INFO]  Epoch[2] Train-cross-entropy=0.710402
2024-04-07 23:20:37,323 [INFO]  Epoch[2] Train-lymphatics-accuracy=0.000000
2024-04-07 23:20:37,323 [INFO]  Epoch[2] Time cost=0.005
2024-04-07 23:20:37,325 [INFO]  Saved checkpoint to "./imputer_model/10_lympho/imputer_model_lymphatics/model-0002.params"
2024-04-07 23:20:37,325 [INFO]  Epoch[2] Validation-cross-entropy=0.740500
2024-04-07 23:20:37,325 [INFO]  Epoch[2] Validation-lymphatics-accuracy=0.000000
2024-04-07 23:20:37,337 [INFO]  Epoch[3] Batch [0-4]	Speed: 5718.33 samples/sec	cross-entropy=0.447715	lymphatics-accuracy=0.000000
2024-04-07 23:20:37,339 [INFO]  Epoch[3] Train-cross-entropy=0.123705
2024-04-07 23:20:37,339 [INFO]  Epoch[3] Train-lymphatics-accuracy=0.000000
2024-04-07 23:20:37,339 [INFO]  Epoch[3] Time cost=0.014
2024-04-07 23:20:37,341 [INFO]  Saved checkpoint to "./imputer_model/10_lympho/imputer_model_lymphatics/model-0003.params"
2024-04-07 23:20:37,341 [INFO]  Epoch[3] Validation-cross-entropy=0.062714
2024-04-07 23:20:37,341 [INFO]  Epoch[3] Validation-lymphatics-accuracy=0.000000
2024-04-07 23:20:37,344 [INFO]  Epoch[4] Batch [0-4]	Speed: 27857.56 samples/sec	cross-entropy=0.137465	lymphatics-accuracy=0.000000
2024-04-07 23:20:37,346 [INFO]  Epoch[4] Train-cross-entropy=0.110831
2024-04-07 23:20:37,346 [INFO]  Epoch[4] Train-lymphatics-accuracy=0.000000
2024-04-07 23:20:37,346 [INFO]  Epoch[4] Time cost=0.004
2024-04-07 23:20:37,347 [INFO]  Saved checkpoint to "./imputer_model/10_lympho/imputer_model_lymphatics/model-0004.params"
2024-04-07 23:20:37,348 [INFO]  Epoch[4] Validation-cross-entropy=0.096498
2024-04-07 23:20:37,348 [INFO]  Epoch[4] Validation-lymphatics-accuracy=0.000000
2024-04-07 23:20:37,348 [INFO]  
========== done (0.04965686798095703 s) fit model
2024-04-07 23:20:45,828 [INFO]  
========== start: fit model
2024-04-07 23:20:45,828 [WARNING]  Already bound, ignoring bind()
2024-04-07 23:20:45,877 [INFO]  Epoch[0] Batch [0-4]	Speed: 2337.35 samples/sec	cross-entropy=14.138109	lymphatics-accuracy=2.200000
2024-04-07 23:20:45,879 [INFO]  Epoch[0] Train-cross-entropy=4.937966
2024-04-07 23:20:45,879 [INFO]  Epoch[0] Train-lymphatics-accuracy=3.000000
2024-04-07 23:20:45,879 [INFO]  Epoch[0] Time cost=0.050
2024-04-07 23:20:45,881 [INFO]  Saved checkpoint to "./imputer_model/10_lympho/imputer_model_lymphatics/model-0000.params"
2024-04-07 23:20:45,882 [INFO]  Epoch[0] Validation-cross-entropy=3.784721
2024-04-07 23:20:45,882 [INFO]  Epoch[0] Validation-lymphatics-accuracy=0.000000
2024-04-07 23:20:45,904 [INFO]  Epoch[1] Batch [0-4]	Speed: 2943.92 samples/sec	cross-entropy=2.009404	lymphatics-accuracy=2.200000
2024-04-07 23:20:45,906 [INFO]  Epoch[1] Train-cross-entropy=0.690318
2024-04-07 23:20:45,906 [INFO]  Epoch[1] Train-lymphatics-accuracy=3.000000
2024-04-07 23:20:45,906 [INFO]  Epoch[1] Time cost=0.024
2024-04-07 23:20:45,908 [INFO]  Saved checkpoint to "./imputer_model/10_lympho/imputer_model_lymphatics/model-0001.params"
2024-04-07 23:20:45,908 [INFO]  Epoch[1] Validation-cross-entropy=0.643711
2024-04-07 23:20:45,909 [INFO]  Epoch[1] Validation-lymphatics-accuracy=0.000000
2024-04-07 23:20:45,912 [INFO]  Epoch[2] Batch [0-4]	Speed: 28399.86 samples/sec	cross-entropy=1.032231	lymphatics-accuracy=2.200000
2024-04-07 23:20:45,913 [INFO]  Epoch[2] Train-cross-entropy=1.322510
2024-04-07 23:20:45,913 [INFO]  Epoch[2] Train-lymphatics-accuracy=3.000000
2024-04-07 23:20:45,913 [INFO]  Epoch[2] Time cost=0.004
2024-04-07 23:20:45,914 [INFO]  Saved checkpoint to "./imputer_model/10_lympho/imputer_model_lymphatics/model-0002.params"
2024-04-07 23:20:45,915 [INFO]  Epoch[2] Validation-cross-entropy=1.141357
2024-04-07 23:20:45,915 [INFO]  Epoch[2] Validation-lymphatics-accuracy=0.000000
2024-04-07 23:20:45,935 [INFO]  Epoch[3] Batch [0-4]	Speed: 9735.80 samples/sec	cross-entropy=0.900000	lymphatics-accuracy=2.200000
2024-04-07 23:20:45,936 [INFO]  Epoch[3] Train-cross-entropy=0.384030
2024-04-07 23:20:45,937 [INFO]  Epoch[3] Train-lymphatics-accuracy=3.000000
2024-04-07 23:20:45,937 [INFO]  Epoch[3] Time cost=0.022
2024-04-07 23:20:45,938 [INFO]  Saved checkpoint to "./imputer_model/10_lympho/imputer_model_lymphatics/model-0003.params"
2024-04-07 23:20:45,939 [INFO]  Epoch[3] Validation-cross-entropy=0.596943
2024-04-07 23:20:45,939 [INFO]  Epoch[3] Validation-lymphatics-accuracy=0.000000
2024-04-07 23:20:45,953 [INFO]  Epoch[4] Batch [0-4]	Speed: 11831.08 samples/sec	cross-entropy=0.480172	lymphatics-accuracy=2.200000
2024-04-07 23:20:45,956 [INFO]  Epoch[4] Train-cross-entropy=0.291256
2024-04-07 23:20:45,957 [INFO]  Epoch[4] Train-lymphatics-accuracy=3.000000
2024-04-07 23:20:45,957 [INFO]  Epoch[4] Time cost=0.018
2024-04-07 23:20:45,959 [INFO]  Saved checkpoint to "./imputer_model/10_lympho/imputer_model_lymphatics/model-0004.params"
2024-04-07 23:20:45,959 [INFO]  Epoch[4] Validation-cross-entropy=0.177399
2024-04-07 23:20:45,960 [INFO]  Epoch[4] Validation-lymphatics-accuracy=0.000000
2024-04-07 23:20:45,960 [INFO]  
========== done (0.13192033767700195 s) fit model
2024-04-07 23:20:56,090 [INFO]  
========== start: fit model
2024-04-07 23:20:56,090 [WARNING]  Already bound, ignoring bind()
2024-04-07 23:20:56,096 [INFO]  Epoch[0] Batch [0-4]	Speed: 18367.12 samples/sec	cross-entropy=18.984316	lymphatics-accuracy=2.800000
2024-04-07 23:20:56,097 [INFO]  Epoch[0] Train-cross-entropy=6.793818
2024-04-07 23:20:56,097 [INFO]  Epoch[0] Train-lymphatics-accuracy=1.000000
2024-04-07 23:20:56,097 [INFO]  Epoch[0] Time cost=0.006
2024-04-07 23:20:56,099 [INFO]  Saved checkpoint to "./imputer_model/10_lympho/imputer_model_lymphatics/model-0000.params"
2024-04-07 23:20:56,099 [INFO]  Epoch[0] Validation-cross-entropy=23.289694
2024-04-07 23:20:56,099 [INFO]  Epoch[0] Validation-lymphatics-accuracy=0.000000
2024-04-07 23:20:56,102 [INFO]  Epoch[1] Batch [0-4]	Speed: 28836.12 samples/sec	cross-entropy=4.186120	lymphatics-accuracy=2.800000
2024-04-07 23:20:56,103 [INFO]  Epoch[1] Train-cross-entropy=1.552731
2024-04-07 23:20:56,103 [INFO]  Epoch[1] Train-lymphatics-accuracy=1.000000
2024-04-07 23:20:56,103 [INFO]  Epoch[1] Time cost=0.004
2024-04-07 23:20:56,105 [INFO]  Saved checkpoint to "./imputer_model/10_lympho/imputer_model_lymphatics/model-0001.params"
2024-04-07 23:20:56,105 [INFO]  Epoch[1] Validation-cross-entropy=6.405448
2024-04-07 23:20:56,105 [INFO]  Epoch[1] Validation-lymphatics-accuracy=0.000000
2024-04-07 23:20:56,109 [INFO]  Epoch[2] Batch [0-4]	Speed: 25796.22 samples/sec	cross-entropy=1.252838	lymphatics-accuracy=2.800000
2024-04-07 23:20:56,110 [INFO]  Epoch[2] Train-cross-entropy=2.226937
2024-04-07 23:20:56,110 [INFO]  Epoch[2] Train-lymphatics-accuracy=1.000000
2024-04-07 23:20:56,110 [INFO]  Epoch[2] Time cost=0.004
2024-04-07 23:20:56,111 [INFO]  Saved checkpoint to "./imputer_model/10_lympho/imputer_model_lymphatics/model-0002.params"
2024-04-07 23:20:56,112 [INFO]  Epoch[2] Validation-cross-entropy=2.334055
2024-04-07 23:20:56,112 [INFO]  Epoch[2] Validation-lymphatics-accuracy=0.000000
2024-04-07 23:20:56,115 [INFO]  Epoch[3] Batch [0-4]	Speed: 28581.29 samples/sec	cross-entropy=1.163638	lymphatics-accuracy=2.800000
2024-04-07 23:20:56,116 [INFO]  Epoch[3] Train-cross-entropy=1.619622
2024-04-07 23:20:56,116 [INFO]  Epoch[3] Train-lymphatics-accuracy=1.000000
2024-04-07 23:20:56,116 [INFO]  Epoch[3] Time cost=0.004
2024-04-07 23:20:56,117 [INFO]  Saved checkpoint to "./imputer_model/10_lympho/imputer_model_lymphatics/model-0003.params"
2024-04-07 23:20:56,118 [INFO]  Epoch[3] Validation-cross-entropy=1.193793
2024-04-07 23:20:56,118 [INFO]  Epoch[3] Validation-lymphatics-accuracy=0.000000
2024-04-07 23:20:56,121 [INFO]  Epoch[4] Batch [0-4]	Speed: 27967.85 samples/sec	cross-entropy=0.498429	lymphatics-accuracy=2.800000
2024-04-07 23:20:56,122 [INFO]  Epoch[4] Train-cross-entropy=0.342445
2024-04-07 23:20:56,122 [INFO]  Epoch[4] Train-lymphatics-accuracy=1.000000
2024-04-07 23:20:56,122 [INFO]  Epoch[4] Time cost=0.004
2024-04-07 23:20:56,123 [INFO]  Saved checkpoint to "./imputer_model/10_lympho/imputer_model_lymphatics/model-0004.params"
2024-04-07 23:20:56,124 [INFO]  Epoch[4] Validation-cross-entropy=0.697180
2024-04-07 23:20:56,124 [INFO]  Epoch[4] Validation-lymphatics-accuracy=0.000000
2024-04-07 23:20:56,124 [INFO]  
========== done (0.03403949737548828 s) fit model
2024-04-07 23:21:04,747 [INFO]  
========== start: fit model
2024-04-07 23:21:04,747 [WARNING]  Already bound, ignoring bind()
2024-04-07 23:21:04,789 [INFO]  Epoch[0] Batch [0-4]	Speed: 5642.48 samples/sec	cross-entropy=21.981061	lymphatics-accuracy=2.000000
2024-04-07 23:21:04,836 [INFO]  Epoch[0] Train-cross-entropy=8.371544
2024-04-07 23:21:04,837 [INFO]  Epoch[0] Train-lymphatics-accuracy=4.000000
2024-04-07 23:21:04,837 [INFO]  Epoch[0] Time cost=0.088
2024-04-07 23:21:04,838 [INFO]  Saved checkpoint to "./imputer_model/10_lympho/imputer_model_lymphatics/model-0000.params"
2024-04-07 23:21:04,839 [INFO]  Epoch[0] Validation-cross-entropy=3.797108
2024-04-07 23:21:04,839 [INFO]  Epoch[0] Validation-lymphatics-accuracy=0.000000
2024-04-07 23:21:04,843 [INFO]  Epoch[1] Batch [0-4]	Speed: 23285.52 samples/sec	cross-entropy=4.676107	lymphatics-accuracy=2.000000
2024-04-07 23:21:04,912 [INFO]  Epoch[1] Train-cross-entropy=1.554928
2024-04-07 23:21:04,912 [INFO]  Epoch[1] Train-lymphatics-accuracy=4.000000
2024-04-07 23:21:04,912 [INFO]  Epoch[1] Time cost=0.073
2024-04-07 23:21:04,914 [INFO]  Saved checkpoint to "./imputer_model/10_lympho/imputer_model_lymphatics/model-0001.params"
2024-04-07 23:21:04,915 [INFO]  Epoch[1] Validation-cross-entropy=0.277151
2024-04-07 23:21:04,915 [INFO]  Epoch[1] Validation-lymphatics-accuracy=0.000000
2024-04-07 23:21:04,920 [INFO]  Epoch[2] Batch [0-4]	Speed: 19499.89 samples/sec	cross-entropy=0.906599	lymphatics-accuracy=2.000000
2024-04-07 23:21:04,921 [INFO]  Epoch[2] Train-cross-entropy=1.081136
2024-04-07 23:21:04,922 [INFO]  Epoch[2] Train-lymphatics-accuracy=4.000000
2024-04-07 23:21:04,922 [INFO]  Epoch[2] Time cost=0.006
2024-04-07 23:21:04,923 [INFO]  Saved checkpoint to "./imputer_model/10_lympho/imputer_model_lymphatics/model-0002.params"
2024-04-07 23:21:04,924 [INFO]  Epoch[2] Validation-cross-entropy=2.438600
2024-04-07 23:21:04,924 [INFO]  Epoch[2] Validation-lymphatics-accuracy=0.000000
2024-04-07 23:21:04,929 [INFO]  Epoch[3] Batch [0-4]	Speed: 16348.08 samples/sec	cross-entropy=1.401625	lymphatics-accuracy=2.000000
2024-04-07 23:21:04,930 [INFO]  Epoch[3] Train-cross-entropy=0.882499
2024-04-07 23:21:04,930 [INFO]  Epoch[3] Train-lymphatics-accuracy=4.000000
2024-04-07 23:21:04,930 [INFO]  Epoch[3] Time cost=0.007
2024-04-07 23:21:04,933 [INFO]  Saved checkpoint to "./imputer_model/10_lympho/imputer_model_lymphatics/model-0003.params"
2024-04-07 23:21:04,948 [INFO]  Epoch[3] Validation-cross-entropy=2.375372
2024-04-07 23:21:04,948 [INFO]  Epoch[3] Validation-lymphatics-accuracy=0.000000
2024-04-07 23:21:04,958 [INFO]  Epoch[4] Batch [0-4]	Speed: 7350.37 samples/sec	cross-entropy=1.003888	lymphatics-accuracy=2.000000
2024-04-07 23:21:04,961 [INFO]  Epoch[4] Train-cross-entropy=0.340037
2024-04-07 23:21:04,961 [INFO]  Epoch[4] Train-lymphatics-accuracy=4.000000
2024-04-07 23:21:04,961 [INFO]  Epoch[4] Time cost=0.013
2024-04-07 23:21:04,963 [INFO]  Saved checkpoint to "./imputer_model/10_lympho/imputer_model_lymphatics/model-0004.params"
2024-04-07 23:21:04,964 [INFO]  Epoch[4] Validation-cross-entropy=0.968053
2024-04-07 23:21:04,964 [INFO]  Epoch[4] Validation-lymphatics-accuracy=0.000000
2024-04-07 23:21:04,965 [INFO]  
========== done (0.21731925010681152 s) fit model
2024-04-07 23:21:13,925 [INFO]  
========== start: fit model
2024-04-07 23:21:13,925 [WARNING]  Already bound, ignoring bind()
2024-04-07 23:21:13,944 [INFO]  Epoch[0] Batch [0-4]	Speed: 9655.26 samples/sec	cross-entropy=11.153377	lymphatics-accuracy=2.600000
2024-04-07 23:21:13,947 [INFO]  Epoch[0] Train-cross-entropy=2.304517
2024-04-07 23:21:13,947 [INFO]  Epoch[0] Train-lymphatics-accuracy=2.500000
2024-04-07 23:21:13,947 [INFO]  Epoch[0] Time cost=0.020
2024-04-07 23:21:13,949 [INFO]  Saved checkpoint to "./imputer_model/10_lympho/imputer_model_lymphatics/model-0000.params"
2024-04-07 23:21:13,955 [INFO]  Epoch[0] Validation-cross-entropy=2.306885
2024-04-07 23:21:13,955 [INFO]  Epoch[0] Validation-lymphatics-accuracy=0.000000
2024-04-07 23:21:14,016 [INFO]  Epoch[1] Batch [0-4]	Speed: 1082.96 samples/sec	cross-entropy=2.162022	lymphatics-accuracy=2.600000
2024-04-07 23:21:14,018 [INFO]  Epoch[1] Train-cross-entropy=0.495729
2024-04-07 23:21:14,018 [INFO]  Epoch[1] Train-lymphatics-accuracy=2.500000
2024-04-07 23:21:14,018 [INFO]  Epoch[1] Time cost=0.063
2024-04-07 23:21:14,019 [INFO]  Saved checkpoint to "./imputer_model/10_lympho/imputer_model_lymphatics/model-0001.params"
2024-04-07 23:21:14,020 [INFO]  Epoch[1] Validation-cross-entropy=0.833724
2024-04-07 23:21:14,020 [INFO]  Epoch[1] Validation-lymphatics-accuracy=0.000000
2024-04-07 23:21:14,025 [INFO]  Epoch[2] Batch [0-4]	Speed: 18775.65 samples/sec	cross-entropy=0.434596	lymphatics-accuracy=2.600000
2024-04-07 23:21:14,027 [INFO]  Epoch[2] Train-cross-entropy=0.597377
2024-04-07 23:21:14,027 [INFO]  Epoch[2] Train-lymphatics-accuracy=2.500000
2024-04-07 23:21:14,027 [INFO]  Epoch[2] Time cost=0.006
2024-04-07 23:21:14,029 [INFO]  Saved checkpoint to "./imputer_model/10_lympho/imputer_model_lymphatics/model-0002.params"
2024-04-07 23:21:14,029 [INFO]  Epoch[2] Validation-cross-entropy=1.123584
2024-04-07 23:21:14,029 [INFO]  Epoch[2] Validation-lymphatics-accuracy=0.000000
2024-04-07 23:21:14,034 [INFO]  Epoch[3] Batch [0-4]	Speed: 19040.68 samples/sec	cross-entropy=0.508990	lymphatics-accuracy=2.600000
2024-04-07 23:21:14,036 [INFO]  Epoch[3] Train-cross-entropy=0.457887
2024-04-07 23:21:14,036 [INFO]  Epoch[3] Train-lymphatics-accuracy=2.500000
2024-04-07 23:21:14,036 [INFO]  Epoch[3] Time cost=0.006
2024-04-07 23:21:14,038 [INFO]  Saved checkpoint to "./imputer_model/10_lympho/imputer_model_lymphatics/model-0003.params"
2024-04-07 23:21:14,038 [INFO]  Epoch[3] Validation-cross-entropy=0.519649
2024-04-07 23:21:14,038 [INFO]  Epoch[3] Validation-lymphatics-accuracy=0.000000
2024-04-07 23:21:14,043 [INFO]  Epoch[4] Batch [0-4]	Speed: 18265.89 samples/sec	cross-entropy=0.359268	lymphatics-accuracy=2.600000
2024-04-07 23:21:14,049 [INFO]  Epoch[4] Train-cross-entropy=0.136248
2024-04-07 23:21:14,049 [INFO]  Epoch[4] Train-lymphatics-accuracy=2.500000
2024-04-07 23:21:14,049 [INFO]  Epoch[4] Time cost=0.011
2024-04-07 23:21:14,051 [INFO]  Saved checkpoint to "./imputer_model/10_lympho/imputer_model_lymphatics/model-0004.params"
2024-04-07 23:21:14,052 [INFO]  Epoch[4] Validation-cross-entropy=0.056514
2024-04-07 23:21:14,052 [INFO]  Epoch[4] Validation-lymphatics-accuracy=0.000000
2024-04-07 23:21:14,052 [INFO]  
========== done (0.12639451026916504 s) fit model
2024-04-07 23:21:22,802 [INFO]  
========== start: fit model
2024-04-07 23:21:22,802 [WARNING]  Already bound, ignoring bind()
2024-04-07 23:21:23,024 [INFO]  Epoch[0] Batch [0-4]	Speed: 13163.12 samples/sec	cross-entropy=12.385193	lymphatics-accuracy=1.600000
2024-04-07 23:21:23,026 [INFO]  Epoch[0] Train-cross-entropy=5.677702
2024-04-07 23:21:23,026 [INFO]  Epoch[0] Train-lymphatics-accuracy=2.000000
2024-04-07 23:21:23,026 [INFO]  Epoch[0] Time cost=0.223
2024-04-07 23:21:23,028 [INFO]  Saved checkpoint to "./imputer_model/10_lympho/imputer_model_lymphatics/model-0000.params"
2024-04-07 23:21:23,029 [INFO]  Epoch[0] Validation-cross-entropy=11.435072
2024-04-07 23:21:23,029 [INFO]  Epoch[0] Validation-lymphatics-accuracy=0.000000
2024-04-07 23:21:23,035 [INFO]  Epoch[1] Batch [0-4]	Speed: 13223.42 samples/sec	cross-entropy=1.475449	lymphatics-accuracy=1.600000
2024-04-07 23:21:23,037 [INFO]  Epoch[1] Train-cross-entropy=0.592737
2024-04-07 23:21:23,037 [INFO]  Epoch[1] Train-lymphatics-accuracy=2.000000
2024-04-07 23:21:23,037 [INFO]  Epoch[1] Time cost=0.008
2024-04-07 23:21:23,049 [INFO]  Saved checkpoint to "./imputer_model/10_lympho/imputer_model_lymphatics/model-0001.params"
2024-04-07 23:21:23,085 [INFO]  Epoch[1] Validation-cross-entropy=1.446743
2024-04-07 23:21:23,085 [INFO]  Epoch[1] Validation-lymphatics-accuracy=0.000000
2024-04-07 23:21:23,092 [INFO]  Epoch[2] Batch [0-4]	Speed: 9775.51 samples/sec	cross-entropy=0.869446	lymphatics-accuracy=1.600000
2024-04-07 23:21:23,095 [INFO]  Epoch[2] Train-cross-entropy=1.365675
2024-04-07 23:21:23,095 [INFO]  Epoch[2] Train-lymphatics-accuracy=2.000000
2024-04-07 23:21:23,095 [INFO]  Epoch[2] Time cost=0.011
2024-04-07 23:21:23,097 [INFO]  Saved checkpoint to "./imputer_model/10_lympho/imputer_model_lymphatics/model-0002.params"
2024-04-07 23:21:23,098 [INFO]  Epoch[2] Validation-cross-entropy=0.531456
2024-04-07 23:21:23,098 [INFO]  Epoch[2] Validation-lymphatics-accuracy=0.000000
2024-04-07 23:21:23,107 [INFO]  Epoch[3] Batch [0-4]	Speed: 8859.26 samples/sec	cross-entropy=0.913552	lymphatics-accuracy=1.600000
2024-04-07 23:21:23,109 [INFO]  Epoch[3] Train-cross-entropy=0.467058
2024-04-07 23:21:23,109 [INFO]  Epoch[3] Train-lymphatics-accuracy=2.000000
2024-04-07 23:21:23,109 [INFO]  Epoch[3] Time cost=0.011
2024-04-07 23:21:23,111 [INFO]  Saved checkpoint to "./imputer_model/10_lympho/imputer_model_lymphatics/model-0003.params"
2024-04-07 23:21:23,112 [INFO]  Epoch[3] Validation-cross-entropy=0.137333
2024-04-07 23:21:23,112 [INFO]  Epoch[3] Validation-lymphatics-accuracy=0.000000
2024-04-07 23:21:23,118 [INFO]  Epoch[4] Batch [0-4]	Speed: 15445.08 samples/sec	cross-entropy=0.163087	lymphatics-accuracy=1.600000
2024-04-07 23:21:23,128 [INFO]  Epoch[4] Train-cross-entropy=0.077257
2024-04-07 23:21:23,128 [INFO]  Epoch[4] Train-lymphatics-accuracy=2.000000
2024-04-07 23:21:23,128 [INFO]  Epoch[4] Time cost=0.016
2024-04-07 23:21:23,130 [INFO]  Saved checkpoint to "./imputer_model/10_lympho/imputer_model_lymphatics/model-0004.params"
2024-04-07 23:21:23,130 [INFO]  Epoch[4] Validation-cross-entropy=0.606535
2024-04-07 23:21:23,130 [INFO]  Epoch[4] Validation-lymphatics-accuracy=0.000000
2024-04-07 23:21:23,131 [INFO]  
========== done (0.32852816581726074 s) fit model
2024-04-07 23:21:33,522 [INFO]  
========== start: fit model
2024-04-07 23:21:33,523 [WARNING]  Already bound, ignoring bind()
2024-04-07 23:21:33,594 [INFO]  Epoch[0] Batch [0-4]	Speed: 993.82 samples/sec	cross-entropy=21.606529	lymphatics-accuracy=2.000000
2024-04-07 23:21:33,597 [INFO]  Epoch[0] Train-cross-entropy=8.448101
2024-04-07 23:21:33,597 [INFO]  Epoch[0] Train-lymphatics-accuracy=5.000000
2024-04-07 23:21:33,597 [INFO]  Epoch[0] Time cost=0.073
2024-04-07 23:21:33,599 [INFO]  Saved checkpoint to "./imputer_model/10_lympho/imputer_model_lymphatics/model-0000.params"
2024-04-07 23:21:33,599 [INFO]  Epoch[0] Validation-cross-entropy=7.974820
2024-04-07 23:21:33,599 [INFO]  Epoch[0] Validation-lymphatics-accuracy=0.000000
2024-04-07 23:21:33,606 [INFO]  Epoch[1] Batch [0-4]	Speed: 11397.57 samples/sec	cross-entropy=4.415223	lymphatics-accuracy=2.000000
2024-04-07 23:21:33,608 [INFO]  Epoch[1] Train-cross-entropy=1.394643
2024-04-07 23:21:33,608 [INFO]  Epoch[1] Train-lymphatics-accuracy=5.000000
2024-04-07 23:21:33,608 [INFO]  Epoch[1] Time cost=0.009
2024-04-07 23:21:33,610 [INFO]  Saved checkpoint to "./imputer_model/10_lympho/imputer_model_lymphatics/model-0001.params"
2024-04-07 23:21:33,611 [INFO]  Epoch[1] Validation-cross-entropy=2.077728
2024-04-07 23:21:33,611 [INFO]  Epoch[1] Validation-lymphatics-accuracy=0.000000
2024-04-07 23:21:33,617 [INFO]  Epoch[2] Batch [0-4]	Speed: 15101.85 samples/sec	cross-entropy=0.387046	lymphatics-accuracy=2.000000
2024-04-07 23:21:33,619 [INFO]  Epoch[2] Train-cross-entropy=0.518335
2024-04-07 23:21:33,619 [INFO]  Epoch[2] Train-lymphatics-accuracy=5.000000
2024-04-07 23:21:33,619 [INFO]  Epoch[2] Time cost=0.008
2024-04-07 23:21:33,621 [INFO]  Saved checkpoint to "./imputer_model/10_lympho/imputer_model_lymphatics/model-0002.params"
2024-04-07 23:21:33,622 [INFO]  Epoch[2] Validation-cross-entropy=0.436745
2024-04-07 23:21:33,622 [INFO]  Epoch[2] Validation-lymphatics-accuracy=0.000000
2024-04-07 23:21:33,628 [INFO]  Epoch[3] Batch [0-4]	Speed: 14580.96 samples/sec	cross-entropy=0.959556	lymphatics-accuracy=2.000000
2024-04-07 23:21:33,630 [INFO]  Epoch[3] Train-cross-entropy=1.093458
2024-04-07 23:21:33,630 [INFO]  Epoch[3] Train-lymphatics-accuracy=5.000000
2024-04-07 23:21:33,630 [INFO]  Epoch[3] Time cost=0.008
2024-04-07 23:21:33,632 [INFO]  Saved checkpoint to "./imputer_model/10_lympho/imputer_model_lymphatics/model-0003.params"
2024-04-07 23:21:33,633 [INFO]  Epoch[3] Validation-cross-entropy=0.216431
2024-04-07 23:21:33,633 [INFO]  Epoch[3] Validation-lymphatics-accuracy=0.000000
2024-04-07 23:21:33,638 [INFO]  Epoch[4] Batch [0-4]	Speed: 19394.22 samples/sec	cross-entropy=0.820541	lymphatics-accuracy=2.000000
2024-04-07 23:21:33,639 [INFO]  Epoch[4] Train-cross-entropy=0.525430
2024-04-07 23:21:33,640 [INFO]  Epoch[4] Train-lymphatics-accuracy=5.000000
2024-04-07 23:21:33,640 [INFO]  Epoch[4] Time cost=0.007
2024-04-07 23:21:33,641 [INFO]  Saved checkpoint to "./imputer_model/10_lympho/imputer_model_lymphatics/model-0004.params"
2024-04-07 23:21:33,642 [INFO]  Epoch[4] Validation-cross-entropy=0.093522
2024-04-07 23:21:33,642 [INFO]  Epoch[4] Validation-lymphatics-accuracy=0.000000
2024-04-07 23:21:33,642 [INFO]  
========== done (0.11995148658752441 s) fit model
2024-04-07 23:21:42,745 [INFO]  
========== start: fit model
2024-04-07 23:21:42,745 [WARNING]  Already bound, ignoring bind()
2024-04-07 23:21:42,751 [INFO]  Epoch[0] Batch [0-4]	Speed: 20637.77 samples/sec	cross-entropy=7.544747	lymphatics-accuracy=0.000000
2024-04-07 23:21:42,753 [INFO]  Epoch[0] Train-cross-entropy=1.546263
2024-04-07 23:21:42,753 [INFO]  Epoch[0] Train-lymphatics-accuracy=0.000000
2024-04-07 23:21:42,753 [INFO]  Epoch[0] Time cost=0.007
2024-04-07 23:21:42,754 [INFO]  Saved checkpoint to "./imputer_model/10_lympho/imputer_model_lymphatics/model-0000.params"
2024-04-07 23:21:42,755 [INFO]  Epoch[0] Validation-cross-entropy=1.658996
2024-04-07 23:21:42,755 [INFO]  Epoch[0] Validation-lymphatics-accuracy=0.000000
2024-04-07 23:21:42,759 [INFO]  Epoch[1] Batch [0-4]	Speed: 19115.25 samples/sec	cross-entropy=0.629547	lymphatics-accuracy=0.000000
2024-04-07 23:21:42,761 [INFO]  Epoch[1] Train-cross-entropy=0.996308
2024-04-07 23:21:42,761 [INFO]  Epoch[1] Train-lymphatics-accuracy=0.000000
2024-04-07 23:21:42,761 [INFO]  Epoch[1] Time cost=0.006
2024-04-07 23:21:42,763 [INFO]  Saved checkpoint to "./imputer_model/10_lympho/imputer_model_lymphatics/model-0001.params"
2024-04-07 23:21:42,763 [INFO]  Epoch[1] Validation-cross-entropy=0.937783
2024-04-07 23:21:42,763 [INFO]  Epoch[1] Validation-lymphatics-accuracy=0.000000
2024-04-07 23:21:42,767 [INFO]  Epoch[2] Batch [0-4]	Speed: 21457.67 samples/sec	cross-entropy=1.012582	lymphatics-accuracy=0.000000
2024-04-07 23:21:42,769 [INFO]  Epoch[2] Train-cross-entropy=0.564267
2024-04-07 23:21:42,769 [INFO]  Epoch[2] Train-lymphatics-accuracy=0.000000
2024-04-07 23:21:42,769 [INFO]  Epoch[2] Time cost=0.006
2024-04-07 23:21:42,770 [INFO]  Saved checkpoint to "./imputer_model/10_lympho/imputer_model_lymphatics/model-0002.params"
2024-04-07 23:21:42,771 [INFO]  Epoch[2] Validation-cross-entropy=0.397477
2024-04-07 23:21:42,771 [INFO]  Epoch[2] Validation-lymphatics-accuracy=0.000000
2024-04-07 23:21:42,775 [INFO]  Epoch[3] Batch [0-4]	Speed: 21600.99 samples/sec	cross-entropy=0.326814	lymphatics-accuracy=0.000000
2024-04-07 23:21:42,776 [INFO]  Epoch[3] Train-cross-entropy=0.143972
2024-04-07 23:21:42,776 [INFO]  Epoch[3] Train-lymphatics-accuracy=0.000000
2024-04-07 23:21:42,776 [INFO]  Epoch[3] Time cost=0.005
2024-04-07 23:21:42,778 [INFO]  Saved checkpoint to "./imputer_model/10_lympho/imputer_model_lymphatics/model-0003.params"
2024-04-07 23:21:42,778 [INFO]  Epoch[3] Validation-cross-entropy=0.201778
2024-04-07 23:21:42,779 [INFO]  Epoch[3] Validation-lymphatics-accuracy=0.000000
2024-04-07 23:21:42,782 [INFO]  Epoch[4] Batch [0-4]	Speed: 21635.81 samples/sec	cross-entropy=0.146294	lymphatics-accuracy=0.000000
2024-04-07 23:21:42,854 [INFO]  Epoch[4] Train-cross-entropy=0.166653
2024-04-07 23:21:42,854 [INFO]  Epoch[4] Train-lymphatics-accuracy=0.000000
2024-04-07 23:21:42,854 [INFO]  Epoch[4] Time cost=0.075
2024-04-07 23:21:42,863 [INFO]  Saved checkpoint to "./imputer_model/10_lympho/imputer_model_lymphatics/model-0004.params"
2024-04-07 23:21:42,928 [INFO]  Epoch[4] Validation-cross-entropy=0.357305
2024-04-07 23:21:42,928 [INFO]  Epoch[4] Validation-lymphatics-accuracy=0.000000
2024-04-07 23:21:42,928 [INFO]  
========== done (0.18325495719909668 s) fit model
2024-04-07 23:21:51,222 [INFO]  
========== start: fit model
2024-04-07 23:21:51,222 [WARNING]  Already bound, ignoring bind()
2024-04-07 23:21:51,226 [INFO]  Epoch[0] Batch [0-4]	Speed: 28292.10 samples/sec	cross-entropy=8.041536	lymphatics-accuracy=2.600000
2024-04-07 23:21:51,228 [INFO]  Epoch[0] Train-cross-entropy=2.256071
2024-04-07 23:21:51,228 [INFO]  Epoch[0] Train-lymphatics-accuracy=1.000000
2024-04-07 23:21:51,228 [INFO]  Epoch[0] Time cost=0.005
2024-04-07 23:21:51,229 [INFO]  Saved checkpoint to "./imputer_model/10_lympho/imputer_model_lymphatics/model-0000.params"
2024-04-07 23:21:51,230 [INFO]  Epoch[0] Validation-cross-entropy=0.444338
2024-04-07 23:21:51,230 [INFO]  Epoch[0] Validation-lymphatics-accuracy=0.000000
2024-04-07 23:21:51,233 [INFO]  Epoch[1] Batch [0-4]	Speed: 28140.84 samples/sec	cross-entropy=0.844731	lymphatics-accuracy=2.600000
2024-04-07 23:21:51,234 [INFO]  Epoch[1] Train-cross-entropy=1.060419
2024-04-07 23:21:51,234 [INFO]  Epoch[1] Train-lymphatics-accuracy=1.000000
2024-04-07 23:21:51,234 [INFO]  Epoch[1] Time cost=0.004
2024-04-07 23:21:51,235 [INFO]  Saved checkpoint to "./imputer_model/10_lympho/imputer_model_lymphatics/model-0001.params"
2024-04-07 23:21:51,236 [INFO]  Epoch[1] Validation-cross-entropy=1.617423
2024-04-07 23:21:51,236 [INFO]  Epoch[1] Validation-lymphatics-accuracy=0.000000
2024-04-07 23:21:51,239 [INFO]  Epoch[2] Batch [0-4]	Speed: 25786.31 samples/sec	cross-entropy=1.017442	lymphatics-accuracy=2.600000
2024-04-07 23:21:51,240 [INFO]  Epoch[2] Train-cross-entropy=0.807574
2024-04-07 23:21:51,240 [INFO]  Epoch[2] Train-lymphatics-accuracy=1.000000
2024-04-07 23:21:51,240 [INFO]  Epoch[2] Time cost=0.005
2024-04-07 23:21:51,242 [INFO]  Saved checkpoint to "./imputer_model/10_lympho/imputer_model_lymphatics/model-0002.params"
2024-04-07 23:21:51,242 [INFO]  Epoch[2] Validation-cross-entropy=0.876522
2024-04-07 23:21:51,242 [INFO]  Epoch[2] Validation-lymphatics-accuracy=0.000000
2024-04-07 23:21:51,245 [INFO]  Epoch[3] Batch [0-4]	Speed: 28499.36 samples/sec	cross-entropy=0.567407	lymphatics-accuracy=2.600000
2024-04-07 23:21:51,246 [INFO]  Epoch[3] Train-cross-entropy=0.164023
2024-04-07 23:21:51,246 [INFO]  Epoch[3] Train-lymphatics-accuracy=1.000000
2024-04-07 23:21:51,247 [INFO]  Epoch[3] Time cost=0.004
2024-04-07 23:21:51,248 [INFO]  Saved checkpoint to "./imputer_model/10_lympho/imputer_model_lymphatics/model-0003.params"
2024-04-07 23:21:51,248 [INFO]  Epoch[3] Validation-cross-entropy=0.108873
2024-04-07 23:21:51,248 [INFO]  Epoch[3] Validation-lymphatics-accuracy=0.000000
2024-04-07 23:21:51,251 [INFO]  Epoch[4] Batch [0-4]	Speed: 28469.13 samples/sec	cross-entropy=0.105016	lymphatics-accuracy=2.600000
2024-04-07 23:21:51,257 [INFO]  Epoch[4] Train-cross-entropy=0.061036
2024-04-07 23:21:51,257 [INFO]  Epoch[4] Train-lymphatics-accuracy=1.000000
2024-04-07 23:21:51,257 [INFO]  Epoch[4] Time cost=0.009
2024-04-07 23:21:51,261 [INFO]  Saved checkpoint to "./imputer_model/10_lympho/imputer_model_lymphatics/model-0004.params"
2024-04-07 23:21:51,274 [INFO]  Epoch[4] Validation-cross-entropy=0.089243
2024-04-07 23:21:51,274 [INFO]  Epoch[4] Validation-lymphatics-accuracy=0.000000
2024-04-07 23:21:51,274 [INFO]  
========== done (0.05272531509399414 s) fit model
2024-04-07 23:22:00,158 [INFO]  
========== start: fit model
2024-04-07 23:22:00,158 [WARNING]  Already bound, ignoring bind()
2024-04-07 23:22:00,177 [INFO]  Epoch[0] Batch [0-4]	Speed: 25828.49 samples/sec	cross-entropy=38.142820	lymphatics-accuracy=0.000000
2024-04-07 23:22:00,178 [INFO]  Epoch[0] Train-cross-entropy=14.640221
2024-04-07 23:22:00,178 [INFO]  Epoch[0] Train-lymphatics-accuracy=0.000000
2024-04-07 23:22:00,178 [INFO]  Epoch[0] Time cost=0.019
2024-04-07 23:22:00,180 [INFO]  Saved checkpoint to "./imputer_model/10_lympho/imputer_model_lymphatics/model-0000.params"
2024-04-07 23:22:00,309 [INFO]  Epoch[0] Validation-cross-entropy=21.229458
2024-04-07 23:22:00,309 [INFO]  Epoch[0] Validation-lymphatics-accuracy=0.000000
2024-04-07 23:22:00,573 [INFO]  Epoch[1] Batch [0-4]	Speed: 1432.96 samples/sec	cross-entropy=14.126796	lymphatics-accuracy=0.000000
2024-04-07 23:22:00,574 [INFO]  Epoch[1] Train-cross-entropy=3.092065
2024-04-07 23:22:00,574 [INFO]  Epoch[1] Train-lymphatics-accuracy=0.000000
2024-04-07 23:22:00,574 [INFO]  Epoch[1] Time cost=0.265
2024-04-07 23:22:00,576 [INFO]  Saved checkpoint to "./imputer_model/10_lympho/imputer_model_lymphatics/model-0001.params"
2024-04-07 23:22:00,577 [INFO]  Epoch[1] Validation-cross-entropy=1.520483
2024-04-07 23:22:00,577 [INFO]  Epoch[1] Validation-lymphatics-accuracy=0.000000
2024-04-07 23:22:00,580 [INFO]  Epoch[2] Batch [0-4]	Speed: 21735.66 samples/sec	cross-entropy=4.237626	lymphatics-accuracy=0.000000
2024-04-07 23:22:00,582 [INFO]  Epoch[2] Train-cross-entropy=1.129914
2024-04-07 23:22:00,582 [INFO]  Epoch[2] Train-lymphatics-accuracy=0.000000
2024-04-07 23:22:00,582 [INFO]  Epoch[2] Time cost=0.006
2024-04-07 23:22:00,584 [INFO]  Saved checkpoint to "./imputer_model/10_lympho/imputer_model_lymphatics/model-0002.params"
2024-04-07 23:22:00,584 [INFO]  Epoch[2] Validation-cross-entropy=0.977073
2024-04-07 23:22:00,584 [INFO]  Epoch[2] Validation-lymphatics-accuracy=0.000000
2024-04-07 23:22:00,622 [INFO]  Epoch[3] Batch [0-4]	Speed: 1733.91 samples/sec	cross-entropy=1.356375	lymphatics-accuracy=0.000000
2024-04-07 23:22:00,790 [INFO]  Epoch[3] Train-cross-entropy=1.661595
2024-04-07 23:22:00,790 [INFO]  Epoch[3] Train-lymphatics-accuracy=0.000000
2024-04-07 23:22:00,790 [INFO]  Epoch[3] Time cost=0.206
2024-04-07 23:22:00,791 [INFO]  Saved checkpoint to "./imputer_model/10_lympho/imputer_model_lymphatics/model-0003.params"
2024-04-07 23:22:00,800 [INFO]  Epoch[3] Validation-cross-entropy=1.356771
2024-04-07 23:22:00,800 [INFO]  Epoch[3] Validation-lymphatics-accuracy=0.000000
2024-04-07 23:22:00,814 [INFO]  Epoch[4] Batch [0-4]	Speed: 14792.28 samples/sec	cross-entropy=1.103251	lymphatics-accuracy=0.000000
2024-04-07 23:22:00,868 [INFO]  Epoch[4] Train-cross-entropy=1.349979
2024-04-07 23:22:00,869 [INFO]  Epoch[4] Train-lymphatics-accuracy=0.000000
2024-04-07 23:22:00,869 [INFO]  Epoch[4] Time cost=0.068
2024-04-07 23:22:00,870 [INFO]  Saved checkpoint to "./imputer_model/10_lympho/imputer_model_lymphatics/model-0004.params"
2024-04-07 23:22:00,871 [INFO]  Epoch[4] Validation-cross-entropy=0.647466
2024-04-07 23:22:00,871 [INFO]  Epoch[4] Validation-lymphatics-accuracy=0.000000
2024-04-07 23:22:00,872 [INFO]  
========== done (0.7139115333557129 s) fit model
2024-04-07 23:22:08,783 [INFO]  
========== start: fit model
2024-04-07 23:22:08,784 [WARNING]  Already bound, ignoring bind()
2024-04-07 23:22:08,789 [INFO]  Epoch[0] Batch [0-4]	Speed: 19546.75 samples/sec	cross-entropy=17.797767	lymphatics-accuracy=0.000000
2024-04-07 23:22:08,791 [INFO]  Epoch[0] Train-cross-entropy=7.500835
2024-04-07 23:22:08,791 [INFO]  Epoch[0] Train-lymphatics-accuracy=0.000000
2024-04-07 23:22:08,791 [INFO]  Epoch[0] Time cost=0.007
2024-04-07 23:22:08,793 [INFO]  Saved checkpoint to "./imputer_model/10_lympho/imputer_model_lymphatics/model-0000.params"
2024-04-07 23:22:08,793 [INFO]  Epoch[0] Validation-cross-entropy=6.963188
2024-04-07 23:22:08,794 [INFO]  Epoch[0] Validation-lymphatics-accuracy=0.000000
2024-04-07 23:22:08,798 [INFO]  Epoch[1] Batch [0-4]	Speed: 18852.13 samples/sec	cross-entropy=3.561435	lymphatics-accuracy=0.000000
2024-04-07 23:22:08,799 [INFO]  Epoch[1] Train-cross-entropy=0.945176
2024-04-07 23:22:08,800 [INFO]  Epoch[1] Train-lymphatics-accuracy=0.000000
2024-04-07 23:22:08,800 [INFO]  Epoch[1] Time cost=0.006
2024-04-07 23:22:08,801 [INFO]  Saved checkpoint to "./imputer_model/10_lympho/imputer_model_lymphatics/model-0001.params"
2024-04-07 23:22:08,802 [INFO]  Epoch[1] Validation-cross-entropy=0.434068
2024-04-07 23:22:08,802 [INFO]  Epoch[1] Validation-lymphatics-accuracy=0.000000
2024-04-07 23:22:08,806 [INFO]  Epoch[2] Batch [0-4]	Speed: 20859.08 samples/sec	cross-entropy=0.672255	lymphatics-accuracy=0.000000
2024-04-07 23:22:08,808 [INFO]  Epoch[2] Train-cross-entropy=0.770409
2024-04-07 23:22:08,808 [INFO]  Epoch[2] Train-lymphatics-accuracy=0.000000
2024-04-07 23:22:08,808 [INFO]  Epoch[2] Time cost=0.006
2024-04-07 23:22:08,809 [INFO]  Saved checkpoint to "./imputer_model/10_lympho/imputer_model_lymphatics/model-0002.params"
2024-04-07 23:22:08,810 [INFO]  Epoch[2] Validation-cross-entropy=1.631543
2024-04-07 23:22:08,810 [INFO]  Epoch[2] Validation-lymphatics-accuracy=0.000000
2024-04-07 23:22:08,814 [INFO]  Epoch[3] Batch [0-4]	Speed: 21979.49 samples/sec	cross-entropy=1.102629	lymphatics-accuracy=0.000000
2024-04-07 23:22:08,815 [INFO]  Epoch[3] Train-cross-entropy=1.081747
2024-04-07 23:22:08,815 [INFO]  Epoch[3] Train-lymphatics-accuracy=0.000000
2024-04-07 23:22:08,815 [INFO]  Epoch[3] Time cost=0.005
2024-04-07 23:22:08,817 [INFO]  Saved checkpoint to "./imputer_model/10_lympho/imputer_model_lymphatics/model-0003.params"
2024-04-07 23:22:08,817 [INFO]  Epoch[3] Validation-cross-entropy=1.362074
2024-04-07 23:22:08,817 [INFO]  Epoch[3] Validation-lymphatics-accuracy=0.000000
2024-04-07 23:22:08,821 [INFO]  Epoch[4] Batch [0-4]	Speed: 22115.30 samples/sec	cross-entropy=0.596659	lymphatics-accuracy=0.000000
2024-04-07 23:22:08,823 [INFO]  Epoch[4] Train-cross-entropy=0.428935
2024-04-07 23:22:08,823 [INFO]  Epoch[4] Train-lymphatics-accuracy=0.000000
2024-04-07 23:22:08,823 [INFO]  Epoch[4] Time cost=0.005
2024-04-07 23:22:08,824 [INFO]  Saved checkpoint to "./imputer_model/10_lympho/imputer_model_lymphatics/model-0004.params"
2024-04-07 23:22:08,825 [INFO]  Epoch[4] Validation-cross-entropy=0.535878
2024-04-07 23:22:08,825 [INFO]  Epoch[4] Validation-lymphatics-accuracy=0.000000
2024-04-07 23:22:08,825 [INFO]  
========== done (0.0417330265045166 s) fit model
2024-04-07 23:22:17,025 [INFO]  
========== start: fit model
2024-04-07 23:22:17,026 [WARNING]  Already bound, ignoring bind()
2024-04-07 23:22:17,031 [INFO]  Epoch[0] Batch [0-4]	Speed: 26196.49 samples/sec	cross-entropy=11.758031	lymphatics-accuracy=2.400000
2024-04-07 23:22:17,033 [INFO]  Epoch[0] Train-cross-entropy=8.567647
2024-04-07 23:22:17,033 [INFO]  Epoch[0] Train-lymphatics-accuracy=2.500000
2024-04-07 23:22:17,033 [INFO]  Epoch[0] Time cost=0.006
2024-04-07 23:22:17,034 [INFO]  Saved checkpoint to "./imputer_model/10_lympho/imputer_model_lymphatics/model-0000.params"
2024-04-07 23:22:17,037 [INFO]  Epoch[0] Validation-cross-entropy=3.859118
2024-04-07 23:22:17,037 [INFO]  Epoch[0] Validation-lymphatics-accuracy=0.000000
2024-04-07 23:22:17,065 [INFO]  Epoch[1] Batch [0-4]	Speed: 2380.91 samples/sec	cross-entropy=2.861852	lymphatics-accuracy=2.400000
2024-04-07 23:22:17,067 [INFO]  Epoch[1] Train-cross-entropy=1.562331
2024-04-07 23:22:17,067 [INFO]  Epoch[1] Train-lymphatics-accuracy=2.500000
2024-04-07 23:22:17,067 [INFO]  Epoch[1] Time cost=0.030
2024-04-07 23:22:17,069 [INFO]  Saved checkpoint to "./imputer_model/10_lympho/imputer_model_lymphatics/model-0001.params"
2024-04-07 23:22:17,070 [INFO]  Epoch[1] Validation-cross-entropy=1.126899
2024-04-07 23:22:17,070 [INFO]  Epoch[1] Validation-lymphatics-accuracy=0.000000
2024-04-07 23:22:17,075 [INFO]  Epoch[2] Batch [0-4]	Speed: 18564.00 samples/sec	cross-entropy=1.838722	lymphatics-accuracy=2.400000
2024-04-07 23:22:17,101 [INFO]  Epoch[2] Train-cross-entropy=1.001435
2024-04-07 23:22:17,101 [INFO]  Epoch[2] Train-lymphatics-accuracy=2.500000
2024-04-07 23:22:17,101 [INFO]  Epoch[2] Time cost=0.031
2024-04-07 23:22:17,103 [INFO]  Saved checkpoint to "./imputer_model/10_lympho/imputer_model_lymphatics/model-0002.params"
2024-04-07 23:22:17,103 [INFO]  Epoch[2] Validation-cross-entropy=0.776250
2024-04-07 23:22:17,103 [INFO]  Epoch[2] Validation-lymphatics-accuracy=0.000000
2024-04-07 23:22:17,107 [INFO]  Epoch[3] Batch [0-4]	Speed: 24929.00 samples/sec	cross-entropy=1.281684	lymphatics-accuracy=2.400000
2024-04-07 23:22:17,161 [INFO]  Epoch[3] Train-cross-entropy=0.546227
2024-04-07 23:22:17,162 [INFO]  Epoch[3] Train-lymphatics-accuracy=2.500000
2024-04-07 23:22:17,162 [INFO]  Epoch[3] Time cost=0.058
2024-04-07 23:22:17,163 [INFO]  Saved checkpoint to "./imputer_model/10_lympho/imputer_model_lymphatics/model-0003.params"
2024-04-07 23:22:17,176 [INFO]  Epoch[3] Validation-cross-entropy=0.207425
2024-04-07 23:22:17,176 [INFO]  Epoch[3] Validation-lymphatics-accuracy=0.000000
2024-04-07 23:22:17,197 [INFO]  Epoch[4] Batch [0-4]	Speed: 3396.80 samples/sec	cross-entropy=0.458595	lymphatics-accuracy=2.400000
2024-04-07 23:22:17,199 [INFO]  Epoch[4] Train-cross-entropy=0.166205
2024-04-07 23:22:17,199 [INFO]  Epoch[4] Train-lymphatics-accuracy=2.500000
2024-04-07 23:22:17,200 [INFO]  Epoch[4] Time cost=0.023
2024-04-07 23:22:17,201 [INFO]  Saved checkpoint to "./imputer_model/10_lympho/imputer_model_lymphatics/model-0004.params"
2024-04-07 23:22:17,226 [INFO]  Epoch[4] Validation-cross-entropy=0.041499
2024-04-07 23:22:17,226 [INFO]  Epoch[4] Validation-lymphatics-accuracy=0.000000
2024-04-07 23:22:17,226 [INFO]  
========== done (0.20112872123718262 s) fit model
2024-04-07 23:22:25,945 [INFO]  
========== start: fit model
2024-04-07 23:22:25,945 [WARNING]  Already bound, ignoring bind()
2024-04-07 23:22:26,130 [INFO]  Epoch[0] Batch [0-4]	Speed: 7456.13 samples/sec	cross-entropy=7.014650	lymphatics-accuracy=2.000000
2024-04-07 23:22:26,131 [INFO]  Epoch[0] Train-cross-entropy=2.548949
2024-04-07 23:22:26,131 [INFO]  Epoch[0] Train-lymphatics-accuracy=2.000000
2024-04-07 23:22:26,131 [INFO]  Epoch[0] Time cost=0.185
2024-04-07 23:22:26,132 [INFO]  Saved checkpoint to "./imputer_model/10_lympho/imputer_model_lymphatics/model-0000.params"
2024-04-07 23:22:26,133 [INFO]  Epoch[0] Validation-cross-entropy=1.033677
2024-04-07 23:22:26,133 [INFO]  Epoch[0] Validation-lymphatics-accuracy=0.000000
2024-04-07 23:22:26,476 [INFO]  Epoch[1] Batch [0-4]	Speed: 187.25 samples/sec	cross-entropy=1.553260	lymphatics-accuracy=2.000000
2024-04-07 23:22:26,480 [INFO]  Epoch[1] Train-cross-entropy=1.136590
2024-04-07 23:22:26,480 [INFO]  Epoch[1] Train-lymphatics-accuracy=2.000000
2024-04-07 23:22:26,480 [INFO]  Epoch[1] Time cost=0.347
2024-04-07 23:22:26,484 [INFO]  Saved checkpoint to "./imputer_model/10_lympho/imputer_model_lymphatics/model-0001.params"
2024-04-07 23:22:26,493 [INFO]  Epoch[1] Validation-cross-entropy=0.949837
2024-04-07 23:22:26,493 [INFO]  Epoch[1] Validation-lymphatics-accuracy=0.000000
2024-04-07 23:22:26,498 [INFO]  Epoch[2] Batch [0-4]	Speed: 19093.50 samples/sec	cross-entropy=1.034431	lymphatics-accuracy=2.000000
2024-04-07 23:22:26,500 [INFO]  Epoch[2] Train-cross-entropy=0.557421
2024-04-07 23:22:26,500 [INFO]  Epoch[2] Train-lymphatics-accuracy=2.000000
2024-04-07 23:22:26,500 [INFO]  Epoch[2] Time cost=0.007
2024-04-07 23:22:26,502 [INFO]  Saved checkpoint to "./imputer_model/10_lympho/imputer_model_lymphatics/model-0002.params"
2024-04-07 23:22:26,502 [INFO]  Epoch[2] Validation-cross-entropy=0.245821
2024-04-07 23:22:26,502 [INFO]  Epoch[2] Validation-lymphatics-accuracy=0.000000
2024-04-07 23:22:26,508 [INFO]  Epoch[3] Batch [0-4]	Speed: 15147.87 samples/sec	cross-entropy=0.302936	lymphatics-accuracy=2.000000
2024-04-07 23:22:26,510 [INFO]  Epoch[3] Train-cross-entropy=0.245587
2024-04-07 23:22:26,510 [INFO]  Epoch[3] Train-lymphatics-accuracy=2.000000
2024-04-07 23:22:26,510 [INFO]  Epoch[3] Time cost=0.008
2024-04-07 23:22:26,512 [INFO]  Saved checkpoint to "./imputer_model/10_lympho/imputer_model_lymphatics/model-0003.params"
2024-04-07 23:22:26,512 [INFO]  Epoch[3] Validation-cross-entropy=0.380708
2024-04-07 23:22:26,512 [INFO]  Epoch[3] Validation-lymphatics-accuracy=0.000000
2024-04-07 23:22:26,518 [INFO]  Epoch[4] Batch [0-4]	Speed: 15220.02 samples/sec	cross-entropy=0.155328	lymphatics-accuracy=2.000000
2024-04-07 23:22:26,520 [INFO]  Epoch[4] Train-cross-entropy=0.139849
2024-04-07 23:22:26,520 [INFO]  Epoch[4] Train-lymphatics-accuracy=2.000000
2024-04-07 23:22:26,520 [INFO]  Epoch[4] Time cost=0.008
2024-04-07 23:22:26,535 [INFO]  Saved checkpoint to "./imputer_model/10_lympho/imputer_model_lymphatics/model-0004.params"
2024-04-07 23:22:26,536 [INFO]  Epoch[4] Validation-cross-entropy=0.242912
2024-04-07 23:22:26,536 [INFO]  Epoch[4] Validation-lymphatics-accuracy=0.000000
2024-04-07 23:22:26,536 [INFO]  
========== done (0.5908317565917969 s) fit model
2024-04-07 23:22:34,609 [INFO]  
========== start: fit model
2024-04-07 23:22:34,610 [WARNING]  Already bound, ignoring bind()
2024-04-07 23:22:34,661 [INFO]  Epoch[0] Batch [0-4]	Speed: 25697.44 samples/sec	cross-entropy=18.831031	lymphatics-accuracy=2.800000
2024-04-07 23:22:34,662 [INFO]  Epoch[0] Train-cross-entropy=10.514931
2024-04-07 23:22:34,663 [INFO]  Epoch[0] Train-lymphatics-accuracy=0.500000
2024-04-07 23:22:34,663 [INFO]  Epoch[0] Time cost=0.052
2024-04-07 23:22:34,664 [INFO]  Saved checkpoint to "./imputer_model/10_lympho/imputer_model_lymphatics/model-0000.params"
2024-04-07 23:22:34,664 [INFO]  Epoch[0] Validation-cross-entropy=1.491221
2024-04-07 23:22:34,665 [INFO]  Epoch[0] Validation-lymphatics-accuracy=0.000000
2024-04-07 23:22:34,696 [INFO]  Epoch[1] Batch [0-4]	Speed: 2073.85 samples/sec	cross-entropy=2.987623	lymphatics-accuracy=2.800000
2024-04-07 23:22:34,798 [INFO]  Epoch[1] Train-cross-entropy=1.786865
2024-04-07 23:22:34,798 [INFO]  Epoch[1] Train-lymphatics-accuracy=0.500000
2024-04-07 23:22:34,798 [INFO]  Epoch[1] Time cost=0.134
2024-04-07 23:22:34,800 [INFO]  Saved checkpoint to "./imputer_model/10_lympho/imputer_model_lymphatics/model-0001.params"
2024-04-07 23:22:34,801 [INFO]  Epoch[1] Validation-cross-entropy=0.477957
2024-04-07 23:22:34,801 [INFO]  Epoch[1] Validation-lymphatics-accuracy=0.000000
2024-04-07 23:22:34,836 [INFO]  Epoch[2] Batch [0-4]	Speed: 1881.03 samples/sec	cross-entropy=1.348087	lymphatics-accuracy=2.800000
2024-04-07 23:22:34,838 [INFO]  Epoch[2] Train-cross-entropy=1.590097
2024-04-07 23:22:34,838 [INFO]  Epoch[2] Train-lymphatics-accuracy=0.500000
2024-04-07 23:22:34,838 [INFO]  Epoch[2] Time cost=0.037
2024-04-07 23:22:34,840 [INFO]  Saved checkpoint to "./imputer_model/10_lympho/imputer_model_lymphatics/model-0002.params"
2024-04-07 23:22:34,840 [INFO]  Epoch[2] Validation-cross-entropy=0.659376
2024-04-07 23:22:34,840 [INFO]  Epoch[2] Validation-lymphatics-accuracy=0.000000
2024-04-07 23:22:34,844 [INFO]  Epoch[3] Batch [0-4]	Speed: 21931.00 samples/sec	cross-entropy=1.811542	lymphatics-accuracy=2.800000
2024-04-07 23:22:34,846 [INFO]  Epoch[3] Train-cross-entropy=0.946131
2024-04-07 23:22:34,846 [INFO]  Epoch[3] Train-lymphatics-accuracy=0.500000
2024-04-07 23:22:34,846 [INFO]  Epoch[3] Time cost=0.005
2024-04-07 23:22:34,847 [INFO]  Saved checkpoint to "./imputer_model/10_lympho/imputer_model_lymphatics/model-0003.params"
2024-04-07 23:22:34,904 [INFO]  Epoch[3] Validation-cross-entropy=0.293106
2024-04-07 23:22:34,904 [INFO]  Epoch[3] Validation-lymphatics-accuracy=0.000000
2024-04-07 23:22:34,931 [INFO]  Epoch[4] Batch [0-4]	Speed: 2518.79 samples/sec	cross-entropy=0.803706	lymphatics-accuracy=2.800000
2024-04-07 23:22:34,933 [INFO]  Epoch[4] Train-cross-entropy=0.282247
2024-04-07 23:22:34,933 [INFO]  Epoch[4] Train-lymphatics-accuracy=0.500000
2024-04-07 23:22:34,933 [INFO]  Epoch[4] Time cost=0.029
2024-04-07 23:22:34,935 [INFO]  Saved checkpoint to "./imputer_model/10_lympho/imputer_model_lymphatics/model-0004.params"
2024-04-07 23:22:34,936 [INFO]  Epoch[4] Validation-cross-entropy=0.095753
2024-04-07 23:22:34,936 [INFO]  Epoch[4] Validation-lymphatics-accuracy=0.000000
2024-04-07 23:22:34,936 [INFO]  
========== done (0.32660508155822754 s) fit model
2024-04-07 23:22:42,804 [INFO]  
========== start: fit model
2024-04-07 23:22:42,805 [WARNING]  Already bound, ignoring bind()
2024-04-07 23:22:42,816 [INFO]  Epoch[0] Batch [0-4]	Speed: 8811.85 samples/sec	cross-entropy=19.978381	lymphatics-accuracy=1.600000
2024-04-07 23:22:42,824 [INFO]  Epoch[0] Train-cross-entropy=11.401736
2024-04-07 23:22:42,824 [INFO]  Epoch[0] Train-lymphatics-accuracy=2.000000
2024-04-07 23:22:42,824 [INFO]  Epoch[0] Time cost=0.019
2024-04-07 23:22:42,825 [INFO]  Saved checkpoint to "./imputer_model/10_lympho/imputer_model_lymphatics/model-0000.params"
2024-04-07 23:22:42,826 [INFO]  Epoch[0] Validation-cross-entropy=4.957343
2024-04-07 23:22:42,826 [INFO]  Epoch[0] Validation-lymphatics-accuracy=0.000000
2024-04-07 23:22:42,829 [INFO]  Epoch[1] Batch [0-4]	Speed: 25207.57 samples/sec	cross-entropy=4.464421	lymphatics-accuracy=1.600000
2024-04-07 23:22:42,830 [INFO]  Epoch[1] Train-cross-entropy=1.806385
2024-04-07 23:22:42,831 [INFO]  Epoch[1] Train-lymphatics-accuracy=2.000000
2024-04-07 23:22:42,831 [INFO]  Epoch[1] Time cost=0.004
2024-04-07 23:22:42,836 [INFO]  Saved checkpoint to "./imputer_model/10_lympho/imputer_model_lymphatics/model-0001.params"
2024-04-07 23:22:42,841 [INFO]  Epoch[1] Validation-cross-entropy=0.889712
2024-04-07 23:22:42,841 [INFO]  Epoch[1] Validation-lymphatics-accuracy=0.000000
2024-04-07 23:22:42,854 [INFO]  Epoch[2] Batch [0-4]	Speed: 26918.92 samples/sec	cross-entropy=1.079615	lymphatics-accuracy=1.600000
2024-04-07 23:22:42,856 [INFO]  Epoch[2] Train-cross-entropy=2.673607
2024-04-07 23:22:42,856 [INFO]  Epoch[2] Train-lymphatics-accuracy=2.000000
2024-04-07 23:22:42,856 [INFO]  Epoch[2] Time cost=0.014
2024-04-07 23:22:42,857 [INFO]  Saved checkpoint to "./imputer_model/10_lympho/imputer_model_lymphatics/model-0002.params"
2024-04-07 23:22:42,858 [INFO]  Epoch[2] Validation-cross-entropy=1.424087
2024-04-07 23:22:42,858 [INFO]  Epoch[2] Validation-lymphatics-accuracy=0.000000
2024-04-07 23:22:42,861 [INFO]  Epoch[3] Batch [0-4]	Speed: 27540.32 samples/sec	cross-entropy=0.928067	lymphatics-accuracy=1.600000
2024-04-07 23:22:42,862 [INFO]  Epoch[3] Train-cross-entropy=1.050586
2024-04-07 23:22:42,862 [INFO]  Epoch[3] Train-lymphatics-accuracy=2.000000
2024-04-07 23:22:42,862 [INFO]  Epoch[3] Time cost=0.004
2024-04-07 23:22:42,863 [INFO]  Saved checkpoint to "./imputer_model/10_lympho/imputer_model_lymphatics/model-0003.params"
2024-04-07 23:22:42,864 [INFO]  Epoch[3] Validation-cross-entropy=0.892991
2024-04-07 23:22:42,864 [INFO]  Epoch[3] Validation-lymphatics-accuracy=0.000000
2024-04-07 23:22:42,867 [INFO]  Epoch[4] Batch [0-4]	Speed: 28630.06 samples/sec	cross-entropy=0.795217	lymphatics-accuracy=1.600000
2024-04-07 23:22:42,868 [INFO]  Epoch[4] Train-cross-entropy=0.468921
2024-04-07 23:22:42,868 [INFO]  Epoch[4] Train-lymphatics-accuracy=2.000000
2024-04-07 23:22:42,868 [INFO]  Epoch[4] Time cost=0.004
2024-04-07 23:22:42,869 [INFO]  Saved checkpoint to "./imputer_model/10_lympho/imputer_model_lymphatics/model-0004.params"
2024-04-07 23:22:42,870 [INFO]  Epoch[4] Validation-cross-entropy=0.197944
2024-04-07 23:22:42,870 [INFO]  Epoch[4] Validation-lymphatics-accuracy=0.000000
2024-04-07 23:22:42,870 [INFO]  
========== done (0.06571698188781738 s) fit model
2024-04-07 23:22:50,726 [INFO]  
========== start: fit model
2024-04-07 23:22:50,726 [WARNING]  Already bound, ignoring bind()
2024-04-07 23:22:50,730 [INFO]  Epoch[0] Batch [0-4]	Speed: 28556.96 samples/sec	cross-entropy=29.477749	lymphatics-accuracy=2.400000
2024-04-07 23:22:50,731 [INFO]  Epoch[0] Train-cross-entropy=15.751856
2024-04-07 23:22:50,731 [INFO]  Epoch[0] Train-lymphatics-accuracy=0.000000
2024-04-07 23:22:50,731 [INFO]  Epoch[0] Time cost=0.005
2024-04-07 23:22:50,733 [INFO]  Saved checkpoint to "./imputer_model/10_lympho/imputer_model_lymphatics/model-0000.params"
2024-04-07 23:22:50,733 [INFO]  Epoch[0] Validation-cross-entropy=9.243115
2024-04-07 23:22:50,733 [INFO]  Epoch[0] Validation-lymphatics-accuracy=0.000000
2024-04-07 23:22:50,736 [INFO]  Epoch[1] Batch [0-4]	Speed: 25663.05 samples/sec	cross-entropy=6.472969	lymphatics-accuracy=2.400000
2024-04-07 23:22:50,738 [INFO]  Epoch[1] Train-cross-entropy=1.958490
2024-04-07 23:22:50,738 [INFO]  Epoch[1] Train-lymphatics-accuracy=0.000000
2024-04-07 23:22:50,738 [INFO]  Epoch[1] Time cost=0.004
2024-04-07 23:22:50,739 [INFO]  Saved checkpoint to "./imputer_model/10_lympho/imputer_model_lymphatics/model-0001.params"
2024-04-07 23:22:50,739 [INFO]  Epoch[1] Validation-cross-entropy=0.991543
2024-04-07 23:22:50,739 [INFO]  Epoch[1] Validation-lymphatics-accuracy=0.000000
2024-04-07 23:22:50,743 [INFO]  Epoch[2] Batch [0-4]	Speed: 26061.69 samples/sec	cross-entropy=0.848632	lymphatics-accuracy=2.400000
2024-04-07 23:22:50,744 [INFO]  Epoch[2] Train-cross-entropy=0.697708
2024-04-07 23:22:50,744 [INFO]  Epoch[2] Train-lymphatics-accuracy=0.000000
2024-04-07 23:22:50,744 [INFO]  Epoch[2] Time cost=0.005
2024-04-07 23:22:50,745 [INFO]  Saved checkpoint to "./imputer_model/10_lympho/imputer_model_lymphatics/model-0002.params"
2024-04-07 23:22:50,746 [INFO]  Epoch[2] Validation-cross-entropy=0.883216
2024-04-07 23:22:50,746 [INFO]  Epoch[2] Validation-lymphatics-accuracy=0.000000
2024-04-07 23:22:50,749 [INFO]  Epoch[3] Batch [0-4]	Speed: 25122.64 samples/sec	cross-entropy=1.324191	lymphatics-accuracy=2.400000
2024-04-07 23:22:50,750 [INFO]  Epoch[3] Train-cross-entropy=1.767568
2024-04-07 23:22:50,750 [INFO]  Epoch[3] Train-lymphatics-accuracy=0.000000
2024-04-07 23:22:50,750 [INFO]  Epoch[3] Time cost=0.005
2024-04-07 23:22:50,755 [INFO]  Saved checkpoint to "./imputer_model/10_lympho/imputer_model_lymphatics/model-0003.params"
2024-04-07 23:22:50,760 [INFO]  Epoch[3] Validation-cross-entropy=1.208159
2024-04-07 23:22:50,760 [INFO]  Epoch[3] Validation-lymphatics-accuracy=0.000000
2024-04-07 23:22:50,795 [INFO]  Epoch[4] Batch [0-4]	Speed: 2060.92 samples/sec	cross-entropy=1.087355	lymphatics-accuracy=2.400000
2024-04-07 23:22:50,798 [INFO]  Epoch[4] Train-cross-entropy=0.823628
2024-04-07 23:22:50,798 [INFO]  Epoch[4] Train-lymphatics-accuracy=0.000000
2024-04-07 23:22:50,798 [INFO]  Epoch[4] Time cost=0.038
2024-04-07 23:22:50,802 [INFO]  Saved checkpoint to "./imputer_model/10_lympho/imputer_model_lymphatics/model-0004.params"
2024-04-07 23:22:50,900 [INFO]  Epoch[4] Validation-cross-entropy=0.494772
2024-04-07 23:22:50,900 [INFO]  Epoch[4] Validation-lymphatics-accuracy=0.000000
2024-04-07 23:22:50,900 [INFO]  
========== done (0.17443251609802246 s) fit model
