2024-04-07 12:02:00,444 [INFO]  
========== start: fit model
2024-04-07 12:02:00,444 [WARNING]  Already bound, ignoring bind()
2024-04-07 12:02:00,577 [INFO]  Epoch[0] Batch [0-102]	Speed: 13875.45 samples/sec	cross-entropy=1.167363	balance-accuracy=0.000000
2024-04-07 12:02:00,737 [INFO]  Epoch[0] Train-cross-entropy=0.134506
2024-04-07 12:02:00,737 [INFO]  Epoch[0] Train-balance-accuracy=0.000000
2024-04-07 12:02:00,737 [INFO]  Epoch[0] Time cost=0.291
2024-04-07 12:02:00,739 [INFO]  Saved checkpoint to "./imputer_model/17_bank/imputer_model_balance/model-0000.params"
2024-04-07 12:02:00,748 [INFO]  Epoch[0] Validation-cross-entropy=0.051853
2024-04-07 12:02:00,748 [INFO]  Epoch[0] Validation-balance-accuracy=0.000000
2024-04-07 12:02:00,964 [INFO]  Epoch[1] Batch [0-102]	Speed: 7620.28 samples/sec	cross-entropy=0.036103	balance-accuracy=0.000000
2024-04-07 12:02:01,149 [INFO]  Epoch[1] Train-cross-entropy=0.073546
2024-04-07 12:02:01,149 [INFO]  Epoch[1] Train-balance-accuracy=0.000000
2024-04-07 12:02:01,150 [INFO]  Epoch[1] Time cost=0.401
2024-04-07 12:02:01,152 [INFO]  Saved checkpoint to "./imputer_model/17_bank/imputer_model_balance/model-0001.params"
2024-04-07 12:02:01,161 [INFO]  Epoch[1] Validation-cross-entropy=0.072218
2024-04-07 12:02:01,161 [INFO]  Epoch[1] Validation-balance-accuracy=0.000000
2024-04-07 12:02:01,345 [INFO]  Epoch[2] Batch [0-102]	Speed: 8916.44 samples/sec	cross-entropy=0.034314	balance-accuracy=0.000000
2024-04-07 12:02:01,474 [INFO]  Epoch[2] Train-cross-entropy=0.063343
2024-04-07 12:02:01,474 [INFO]  Epoch[2] Train-balance-accuracy=0.000000
2024-04-07 12:02:01,474 [INFO]  Epoch[2] Time cost=0.313
2024-04-07 12:02:01,476 [INFO]  Saved checkpoint to "./imputer_model/17_bank/imputer_model_balance/model-0002.params"
2024-04-07 12:02:01,483 [INFO]  Epoch[2] Validation-cross-entropy=0.036767
2024-04-07 12:02:01,483 [INFO]  Epoch[2] Validation-balance-accuracy=0.000000
2024-04-07 12:02:01,642 [INFO]  Epoch[3] Batch [0-102]	Speed: 10294.63 samples/sec	cross-entropy=0.040348	balance-accuracy=0.000000
2024-04-07 12:02:01,877 [INFO]  Epoch[3] Train-cross-entropy=0.231641
2024-04-07 12:02:01,877 [INFO]  Epoch[3] Train-balance-accuracy=0.000000
2024-04-07 12:02:01,877 [INFO]  Epoch[3] Time cost=0.394
2024-04-07 12:02:01,883 [INFO]  Saved checkpoint to "./imputer_model/17_bank/imputer_model_balance/model-0003.params"
2024-04-07 12:02:01,898 [INFO]  Epoch[3] Validation-cross-entropy=0.120867
2024-04-07 12:02:01,898 [INFO]  Epoch[3] Validation-balance-accuracy=0.000000
2024-04-07 12:02:01,991 [INFO]  Epoch[4] Batch [0-102]	Speed: 17815.68 samples/sec	cross-entropy=0.038260	balance-accuracy=0.000000
2024-04-07 12:02:02,183 [INFO]  Epoch[4] Train-cross-entropy=0.013305
2024-04-07 12:02:02,183 [INFO]  Epoch[4] Train-balance-accuracy=0.000000
2024-04-07 12:02:02,183 [INFO]  Epoch[4] Time cost=0.285
2024-04-07 12:02:02,185 [INFO]  Saved checkpoint to "./imputer_model/17_bank/imputer_model_balance/model-0004.params"
2024-04-07 12:02:02,191 [INFO]  Epoch[4] Validation-cross-entropy=0.013059
2024-04-07 12:02:02,192 [INFO]  Epoch[4] Validation-balance-accuracy=0.000000
2024-04-07 12:02:02,192 [INFO]  
========== done (1.7476603984832764 s) fit model
2024-04-07 12:02:36,171 [INFO]  
========== start: fit model
2024-04-07 12:02:36,171 [WARNING]  Already bound, ignoring bind()
2024-04-07 12:02:36,277 [INFO]  Epoch[0] Batch [0-102]	Speed: 16606.91 samples/sec	cross-entropy=1.609909	balance-accuracy=3.106796
2024-04-07 12:02:36,338 [INFO]  Epoch[0] Train-cross-entropy=0.067991
2024-04-07 12:02:36,338 [INFO]  Epoch[0] Train-balance-accuracy=3.039604
2024-04-07 12:02:36,338 [INFO]  Epoch[0] Time cost=0.166
2024-04-07 12:02:36,339 [INFO]  Saved checkpoint to "./imputer_model/17_bank/imputer_model_balance/model-0000.params"
2024-04-07 12:02:36,393 [INFO]  Epoch[0] Validation-cross-entropy=0.031781
2024-04-07 12:02:36,393 [INFO]  Epoch[0] Validation-balance-accuracy=0.000000
2024-04-07 12:02:36,659 [INFO]  Epoch[1] Batch [0-102]	Speed: 6169.02 samples/sec	cross-entropy=0.029991	balance-accuracy=3.106796
2024-04-07 12:02:36,758 [INFO]  Epoch[1] Train-cross-entropy=0.027045
2024-04-07 12:02:36,758 [INFO]  Epoch[1] Train-balance-accuracy=3.039604
2024-04-07 12:02:36,759 [INFO]  Epoch[1] Time cost=0.365
2024-04-07 12:02:36,761 [INFO]  Saved checkpoint to "./imputer_model/17_bank/imputer_model_balance/model-0001.params"
2024-04-07 12:02:36,770 [INFO]  Epoch[1] Validation-cross-entropy=0.023903
2024-04-07 12:02:36,770 [INFO]  Epoch[1] Validation-balance-accuracy=0.000000
2024-04-07 12:02:36,889 [INFO]  Epoch[2] Batch [0-102]	Speed: 13958.35 samples/sec	cross-entropy=0.020907	balance-accuracy=3.106796
2024-04-07 12:02:37,116 [INFO]  Epoch[2] Train-cross-entropy=0.029964
2024-04-07 12:02:37,117 [INFO]  Epoch[2] Train-balance-accuracy=3.039604
2024-04-07 12:02:37,117 [INFO]  Epoch[2] Time cost=0.346
2024-04-07 12:02:37,118 [INFO]  Saved checkpoint to "./imputer_model/17_bank/imputer_model_balance/model-0002.params"
2024-04-07 12:02:37,126 [INFO]  Epoch[2] Validation-cross-entropy=0.033350
2024-04-07 12:02:37,126 [INFO]  Epoch[2] Validation-balance-accuracy=0.000000
2024-04-07 12:02:37,348 [INFO]  Epoch[3] Batch [0-102]	Speed: 7410.63 samples/sec	cross-entropy=0.031140	balance-accuracy=3.106796
2024-04-07 12:02:37,458 [INFO]  Epoch[3] Train-cross-entropy=0.032639
2024-04-07 12:02:37,458 [INFO]  Epoch[3] Train-balance-accuracy=3.039604
2024-04-07 12:02:37,458 [INFO]  Epoch[3] Time cost=0.331
2024-04-07 12:02:37,459 [INFO]  Saved checkpoint to "./imputer_model/17_bank/imputer_model_balance/model-0003.params"
2024-04-07 12:02:37,466 [INFO]  Epoch[3] Validation-cross-entropy=0.073954
2024-04-07 12:02:37,466 [INFO]  Epoch[3] Validation-balance-accuracy=0.000000
2024-04-07 12:02:37,555 [INFO]  Epoch[4] Batch [0-102]	Speed: 18569.84 samples/sec	cross-entropy=0.037779	balance-accuracy=3.106796
2024-04-07 12:02:37,664 [INFO]  Epoch[4] Train-cross-entropy=0.017218
2024-04-07 12:02:37,664 [INFO]  Epoch[4] Train-balance-accuracy=3.039604
2024-04-07 12:02:37,664 [INFO]  Epoch[4] Time cost=0.198
2024-04-07 12:02:37,666 [INFO]  Saved checkpoint to "./imputer_model/17_bank/imputer_model_balance/model-0004.params"
2024-04-07 12:02:37,685 [INFO]  Epoch[4] Validation-cross-entropy=0.055775
2024-04-07 12:02:37,685 [INFO]  Epoch[4] Validation-balance-accuracy=0.000000
2024-04-07 12:02:37,685 [INFO]  
========== done (1.514392375946045 s) fit model
2024-04-07 12:03:09,165 [INFO]  
========== start: fit model
2024-04-07 12:03:09,165 [WARNING]  Already bound, ignoring bind()
2024-04-07 12:03:09,283 [INFO]  Epoch[0] Batch [0-102]	Speed: 14075.31 samples/sec	cross-entropy=1.749823	balance-accuracy=0.000000
2024-04-07 12:03:09,360 [INFO]  Epoch[0] Train-cross-entropy=0.172035
2024-04-07 12:03:09,360 [INFO]  Epoch[0] Train-balance-accuracy=0.000000
2024-04-07 12:03:09,360 [INFO]  Epoch[0] Time cost=0.194
2024-04-07 12:03:09,362 [INFO]  Saved checkpoint to "./imputer_model/17_bank/imputer_model_balance/model-0000.params"
2024-04-07 12:03:09,369 [INFO]  Epoch[0] Validation-cross-entropy=0.160161
2024-04-07 12:03:09,370 [INFO]  Epoch[0] Validation-balance-accuracy=0.000000
2024-04-07 12:03:09,448 [INFO]  Epoch[1] Batch [0-102]	Speed: 21193.06 samples/sec	cross-entropy=0.096581	balance-accuracy=0.000000
2024-04-07 12:03:09,523 [INFO]  Epoch[1] Train-cross-entropy=0.090884
2024-04-07 12:03:09,523 [INFO]  Epoch[1] Train-balance-accuracy=0.000000
2024-04-07 12:03:09,523 [INFO]  Epoch[1] Time cost=0.154
2024-04-07 12:03:09,525 [INFO]  Saved checkpoint to "./imputer_model/17_bank/imputer_model_balance/model-0001.params"
2024-04-07 12:03:09,535 [INFO]  Epoch[1] Validation-cross-entropy=0.102882
2024-04-07 12:03:09,535 [INFO]  Epoch[1] Validation-balance-accuracy=0.000000
2024-04-07 12:03:09,622 [INFO]  Epoch[2] Batch [0-102]	Speed: 19151.16 samples/sec	cross-entropy=0.059974	balance-accuracy=0.000000
2024-04-07 12:03:09,750 [INFO]  Epoch[2] Train-cross-entropy=0.055766
2024-04-07 12:03:09,750 [INFO]  Epoch[2] Train-balance-accuracy=0.000000
2024-04-07 12:03:09,750 [INFO]  Epoch[2] Time cost=0.214
2024-04-07 12:03:09,751 [INFO]  Saved checkpoint to "./imputer_model/17_bank/imputer_model_balance/model-0002.params"
2024-04-07 12:03:09,757 [INFO]  Epoch[2] Validation-cross-entropy=0.065020
2024-04-07 12:03:09,757 [INFO]  Epoch[2] Validation-balance-accuracy=0.000000
2024-04-07 12:03:09,817 [INFO]  Epoch[3] Batch [0-102]	Speed: 27425.61 samples/sec	cross-entropy=0.039474	balance-accuracy=0.000000
2024-04-07 12:03:09,879 [INFO]  Epoch[3] Train-cross-entropy=0.041303
2024-04-07 12:03:09,879 [INFO]  Epoch[3] Train-balance-accuracy=0.000000
2024-04-07 12:03:09,879 [INFO]  Epoch[3] Time cost=0.122
2024-04-07 12:03:09,881 [INFO]  Saved checkpoint to "./imputer_model/17_bank/imputer_model_balance/model-0003.params"
2024-04-07 12:03:09,888 [INFO]  Epoch[3] Validation-cross-entropy=0.040910
2024-04-07 12:03:09,888 [INFO]  Epoch[3] Validation-balance-accuracy=0.000000
2024-04-07 12:03:09,964 [INFO]  Epoch[4] Batch [0-102]	Speed: 21538.08 samples/sec	cross-entropy=0.030200	balance-accuracy=0.000000
2024-04-07 12:03:10,040 [INFO]  Epoch[4] Train-cross-entropy=0.026186
2024-04-07 12:03:10,040 [INFO]  Epoch[4] Train-balance-accuracy=0.000000
2024-04-07 12:03:10,040 [INFO]  Epoch[4] Time cost=0.152
2024-04-07 12:03:10,042 [INFO]  Saved checkpoint to "./imputer_model/17_bank/imputer_model_balance/model-0004.params"
2024-04-07 12:03:10,048 [INFO]  Epoch[4] Validation-cross-entropy=0.031547
2024-04-07 12:03:10,049 [INFO]  Epoch[4] Validation-balance-accuracy=0.000000
2024-04-07 12:03:10,049 [INFO]  
========== done (0.8839256763458252 s) fit model
2024-04-07 12:03:27,351 [INFO]  
========== start: fit model
2024-04-07 12:03:27,351 [WARNING]  Already bound, ignoring bind()
2024-04-07 12:03:27,429 [INFO]  Epoch[0] Batch [0-102]	Speed: 21409.95 samples/sec	cross-entropy=1.530739	balance-accuracy=3.058252
2024-04-07 12:03:27,509 [INFO]  Epoch[0] Train-cross-entropy=0.110379
2024-04-07 12:03:27,509 [INFO]  Epoch[0] Train-balance-accuracy=3.069307
2024-04-07 12:03:27,509 [INFO]  Epoch[0] Time cost=0.157
2024-04-07 12:03:27,511 [INFO]  Saved checkpoint to "./imputer_model/17_bank/imputer_model_balance/model-0000.params"
2024-04-07 12:03:27,525 [INFO]  Epoch[0] Validation-cross-entropy=0.050035
2024-04-07 12:03:27,525 [INFO]  Epoch[0] Validation-balance-accuracy=0.000000
2024-04-07 12:03:27,640 [INFO]  Epoch[1] Batch [0-102]	Speed: 14373.77 samples/sec	cross-entropy=0.036283	balance-accuracy=3.058252
2024-04-07 12:03:27,716 [INFO]  Epoch[1] Train-cross-entropy=0.085560
2024-04-07 12:03:27,717 [INFO]  Epoch[1] Train-balance-accuracy=3.069307
2024-04-07 12:03:27,717 [INFO]  Epoch[1] Time cost=0.191
2024-04-07 12:03:27,718 [INFO]  Saved checkpoint to "./imputer_model/17_bank/imputer_model_balance/model-0001.params"
2024-04-07 12:03:27,727 [INFO]  Epoch[1] Validation-cross-entropy=0.037834
2024-04-07 12:03:27,727 [INFO]  Epoch[1] Validation-balance-accuracy=0.000000
2024-04-07 12:03:27,804 [INFO]  Epoch[2] Batch [0-102]	Speed: 21469.25 samples/sec	cross-entropy=0.022296	balance-accuracy=3.058252
2024-04-07 12:03:27,880 [INFO]  Epoch[2] Train-cross-entropy=0.030660
2024-04-07 12:03:27,880 [INFO]  Epoch[2] Train-balance-accuracy=3.069307
2024-04-07 12:03:27,880 [INFO]  Epoch[2] Time cost=0.153
2024-04-07 12:03:27,881 [INFO]  Saved checkpoint to "./imputer_model/17_bank/imputer_model_balance/model-0002.params"
2024-04-07 12:03:27,889 [INFO]  Epoch[2] Validation-cross-entropy=0.018657
2024-04-07 12:03:27,889 [INFO]  Epoch[2] Validation-balance-accuracy=0.000000
2024-04-07 12:03:27,965 [INFO]  Epoch[3] Batch [0-102]	Speed: 21769.67 samples/sec	cross-entropy=0.020961	balance-accuracy=3.058252
2024-04-07 12:03:28,040 [INFO]  Epoch[3] Train-cross-entropy=0.015745
2024-04-07 12:03:28,040 [INFO]  Epoch[3] Train-balance-accuracy=3.069307
2024-04-07 12:03:28,040 [INFO]  Epoch[3] Time cost=0.151
2024-04-07 12:03:28,042 [INFO]  Saved checkpoint to "./imputer_model/17_bank/imputer_model_balance/model-0003.params"
2024-04-07 12:03:28,049 [INFO]  Epoch[3] Validation-cross-entropy=0.012602
2024-04-07 12:03:28,049 [INFO]  Epoch[3] Validation-balance-accuracy=0.000000
2024-04-07 12:03:28,149 [INFO]  Epoch[4] Batch [0-102]	Speed: 16534.55 samples/sec	cross-entropy=0.025491	balance-accuracy=3.058252
2024-04-07 12:03:28,207 [INFO]  Epoch[4] Train-cross-entropy=0.020777
2024-04-07 12:03:28,208 [INFO]  Epoch[4] Train-balance-accuracy=3.069307
2024-04-07 12:03:28,208 [INFO]  Epoch[4] Time cost=0.159
2024-04-07 12:03:28,209 [INFO]  Saved checkpoint to "./imputer_model/17_bank/imputer_model_balance/model-0004.params"
2024-04-07 12:03:28,216 [INFO]  Epoch[4] Validation-cross-entropy=0.012833
2024-04-07 12:03:28,216 [INFO]  Epoch[4] Validation-balance-accuracy=0.000000
2024-04-07 12:03:28,216 [INFO]  
========== done (0.8653030395507812 s) fit model
2024-04-07 12:03:45,736 [INFO]  
========== start: fit model
2024-04-07 12:03:45,736 [WARNING]  Already bound, ignoring bind()
2024-04-07 12:03:45,797 [INFO]  Epoch[0] Batch [0-102]	Speed: 27717.91 samples/sec	cross-entropy=1.751572	balance-accuracy=0.000000
2024-04-07 12:03:45,854 [INFO]  Epoch[0] Train-cross-entropy=0.085847
2024-04-07 12:03:45,854 [INFO]  Epoch[0] Train-balance-accuracy=0.000000
2024-04-07 12:03:45,854 [INFO]  Epoch[0] Time cost=0.117
2024-04-07 12:03:45,856 [INFO]  Saved checkpoint to "./imputer_model/17_bank/imputer_model_balance/model-0000.params"
2024-04-07 12:03:45,861 [INFO]  Epoch[0] Validation-cross-entropy=0.111056
2024-04-07 12:03:45,862 [INFO]  Epoch[0] Validation-balance-accuracy=0.000000
2024-04-07 12:03:45,920 [INFO]  Epoch[1] Batch [0-102]	Speed: 28431.12 samples/sec	cross-entropy=0.095906	balance-accuracy=0.000000
2024-04-07 12:03:45,991 [INFO]  Epoch[1] Train-cross-entropy=0.052001
2024-04-07 12:03:45,991 [INFO]  Epoch[1] Train-balance-accuracy=0.000000
2024-04-07 12:03:45,992 [INFO]  Epoch[1] Time cost=0.130
2024-04-07 12:03:45,993 [INFO]  Saved checkpoint to "./imputer_model/17_bank/imputer_model_balance/model-0001.params"
2024-04-07 12:03:46,012 [INFO]  Epoch[1] Validation-cross-entropy=0.087823
2024-04-07 12:03:46,012 [INFO]  Epoch[1] Validation-balance-accuracy=0.000000
2024-04-07 12:03:46,083 [INFO]  Epoch[2] Batch [0-102]	Speed: 23311.29 samples/sec	cross-entropy=0.160617	balance-accuracy=0.000000
2024-04-07 12:03:46,142 [INFO]  Epoch[2] Train-cross-entropy=0.053887
2024-04-07 12:03:46,142 [INFO]  Epoch[2] Train-balance-accuracy=0.000000
2024-04-07 12:03:46,142 [INFO]  Epoch[2] Time cost=0.129
2024-04-07 12:03:46,143 [INFO]  Saved checkpoint to "./imputer_model/17_bank/imputer_model_balance/model-0002.params"
2024-04-07 12:03:46,149 [INFO]  Epoch[2] Validation-cross-entropy=0.026512
2024-04-07 12:03:46,149 [INFO]  Epoch[2] Validation-balance-accuracy=0.000000
2024-04-07 12:03:46,208 [INFO]  Epoch[3] Batch [0-102]	Speed: 28066.36 samples/sec	cross-entropy=0.038278	balance-accuracy=0.000000
2024-04-07 12:03:46,264 [INFO]  Epoch[3] Train-cross-entropy=0.022796
2024-04-07 12:03:46,265 [INFO]  Epoch[3] Train-balance-accuracy=0.000000
2024-04-07 12:03:46,265 [INFO]  Epoch[3] Time cost=0.115
2024-04-07 12:03:46,266 [INFO]  Saved checkpoint to "./imputer_model/17_bank/imputer_model_balance/model-0003.params"
2024-04-07 12:03:46,272 [INFO]  Epoch[3] Validation-cross-entropy=0.018800
2024-04-07 12:03:46,272 [INFO]  Epoch[3] Validation-balance-accuracy=0.000000
2024-04-07 12:03:46,397 [INFO]  Epoch[4] Batch [0-102]	Speed: 13115.99 samples/sec	cross-entropy=0.034978	balance-accuracy=0.000000
2024-04-07 12:03:46,471 [INFO]  Epoch[4] Train-cross-entropy=0.025366
2024-04-07 12:03:46,471 [INFO]  Epoch[4] Train-balance-accuracy=0.000000
2024-04-07 12:03:46,471 [INFO]  Epoch[4] Time cost=0.200
2024-04-07 12:03:46,473 [INFO]  Saved checkpoint to "./imputer_model/17_bank/imputer_model_balance/model-0004.params"
2024-04-07 12:03:46,481 [INFO]  Epoch[4] Validation-cross-entropy=0.036924
2024-04-07 12:03:46,481 [INFO]  Epoch[4] Validation-balance-accuracy=0.000000
2024-04-07 12:03:46,481 [INFO]  
========== done (0.7450582981109619 s) fit model
2024-04-07 12:04:08,090 [INFO]  
========== start: fit model
2024-04-07 12:04:08,090 [WARNING]  Already bound, ignoring bind()
2024-04-07 12:04:08,175 [INFO]  Epoch[0] Batch [0-102]	Speed: 19919.81 samples/sec	cross-entropy=4.396229	balance-accuracy=0.000000
2024-04-07 12:04:08,561 [INFO]  Epoch[0] Train-cross-entropy=0.074553
2024-04-07 12:04:08,561 [INFO]  Epoch[0] Train-balance-accuracy=0.000000
2024-04-07 12:04:08,561 [INFO]  Epoch[0] Time cost=0.470
2024-04-07 12:04:08,563 [INFO]  Saved checkpoint to "./imputer_model/17_bank/imputer_model_balance/model-0000.params"
2024-04-07 12:04:08,568 [INFO]  Epoch[0] Validation-cross-entropy=0.068594
2024-04-07 12:04:08,568 [INFO]  Epoch[0] Validation-balance-accuracy=0.000000
2024-04-07 12:04:08,671 [INFO]  Epoch[1] Batch [0-102]	Speed: 16073.64 samples/sec	cross-entropy=0.040286	balance-accuracy=0.000000
2024-04-07 12:04:08,747 [INFO]  Epoch[1] Train-cross-entropy=0.024954
2024-04-07 12:04:08,747 [INFO]  Epoch[1] Train-balance-accuracy=0.000000
2024-04-07 12:04:08,747 [INFO]  Epoch[1] Time cost=0.178
2024-04-07 12:04:08,749 [INFO]  Saved checkpoint to "./imputer_model/17_bank/imputer_model_balance/model-0001.params"
2024-04-07 12:04:08,756 [INFO]  Epoch[1] Validation-cross-entropy=0.026201
2024-04-07 12:04:08,756 [INFO]  Epoch[1] Validation-balance-accuracy=0.000000
2024-04-07 12:04:09,120 [INFO]  Epoch[2] Batch [0-102]	Speed: 4498.98 samples/sec	cross-entropy=0.024856	balance-accuracy=0.000000
2024-04-07 12:04:09,358 [INFO]  Epoch[2] Train-cross-entropy=0.018171
2024-04-07 12:04:09,359 [INFO]  Epoch[2] Train-balance-accuracy=0.000000
2024-04-07 12:04:09,359 [INFO]  Epoch[2] Time cost=0.603
2024-04-07 12:04:09,360 [INFO]  Saved checkpoint to "./imputer_model/17_bank/imputer_model_balance/model-0002.params"
2024-04-07 12:04:09,367 [INFO]  Epoch[2] Validation-cross-entropy=0.019291
2024-04-07 12:04:09,367 [INFO]  Epoch[2] Validation-balance-accuracy=0.000000
2024-04-07 12:04:09,495 [INFO]  Epoch[3] Batch [0-102]	Speed: 12885.34 samples/sec	cross-entropy=0.019103	balance-accuracy=0.000000
2024-04-07 12:04:09,829 [INFO]  Epoch[3] Train-cross-entropy=0.015100
2024-04-07 12:04:09,829 [INFO]  Epoch[3] Train-balance-accuracy=0.000000
2024-04-07 12:04:09,829 [INFO]  Epoch[3] Time cost=0.462
2024-04-07 12:04:09,831 [INFO]  Saved checkpoint to "./imputer_model/17_bank/imputer_model_balance/model-0003.params"
2024-04-07 12:04:09,838 [INFO]  Epoch[3] Validation-cross-entropy=0.015493
2024-04-07 12:04:09,838 [INFO]  Epoch[3] Validation-balance-accuracy=0.000000
2024-04-07 12:04:10,026 [INFO]  Epoch[4] Batch [0-102]	Speed: 8730.84 samples/sec	cross-entropy=0.016527	balance-accuracy=0.000000
2024-04-07 12:04:10,155 [INFO]  Epoch[4] Train-cross-entropy=0.014496
2024-04-07 12:04:10,155 [INFO]  Epoch[4] Train-balance-accuracy=0.000000
2024-04-07 12:04:10,155 [INFO]  Epoch[4] Time cost=0.317
2024-04-07 12:04:10,157 [INFO]  Saved checkpoint to "./imputer_model/17_bank/imputer_model_balance/model-0004.params"
2024-04-07 12:04:10,164 [INFO]  Epoch[4] Validation-cross-entropy=0.019942
2024-04-07 12:04:10,164 [INFO]  Epoch[4] Validation-balance-accuracy=0.000000
2024-04-07 12:04:10,164 [INFO]  
========== done (2.0742835998535156 s) fit model
2024-04-07 12:04:48,214 [INFO]  
========== start: fit model
2024-04-07 12:04:48,214 [WARNING]  Already bound, ignoring bind()
2024-04-07 12:04:48,330 [INFO]  Epoch[0] Batch [0-102]	Speed: 14330.40 samples/sec	cross-entropy=1.298735	balance-accuracy=0.000000
2024-04-07 12:04:48,392 [INFO]  Epoch[0] Train-cross-entropy=0.186595
2024-04-07 12:04:48,392 [INFO]  Epoch[0] Train-balance-accuracy=0.000000
2024-04-07 12:04:48,392 [INFO]  Epoch[0] Time cost=0.177
2024-04-07 12:04:48,394 [INFO]  Saved checkpoint to "./imputer_model/17_bank/imputer_model_balance/model-0000.params"
2024-04-07 12:04:48,438 [INFO]  Epoch[0] Validation-cross-entropy=0.125146
2024-04-07 12:04:48,438 [INFO]  Epoch[0] Validation-balance-accuracy=0.000000
2024-04-07 12:04:48,612 [INFO]  Epoch[1] Batch [0-102]	Speed: 9474.55 samples/sec	cross-entropy=0.078317	balance-accuracy=0.000000
2024-04-07 12:04:48,737 [INFO]  Epoch[1] Train-cross-entropy=0.034216
2024-04-07 12:04:48,737 [INFO]  Epoch[1] Train-balance-accuracy=0.000000
2024-04-07 12:04:48,737 [INFO]  Epoch[1] Time cost=0.299
2024-04-07 12:04:48,739 [INFO]  Saved checkpoint to "./imputer_model/17_bank/imputer_model_balance/model-0001.params"
2024-04-07 12:04:48,748 [INFO]  Epoch[1] Validation-cross-entropy=0.037280
2024-04-07 12:04:48,748 [INFO]  Epoch[1] Validation-balance-accuracy=0.000000
2024-04-07 12:04:48,862 [INFO]  Epoch[2] Batch [0-102]	Speed: 14526.59 samples/sec	cross-entropy=0.071343	balance-accuracy=0.000000
2024-04-07 12:04:49,323 [INFO]  Epoch[2] Train-cross-entropy=0.041715
2024-04-07 12:04:49,323 [INFO]  Epoch[2] Train-balance-accuracy=0.000000
2024-04-07 12:04:49,323 [INFO]  Epoch[2] Time cost=0.575
2024-04-07 12:04:49,325 [INFO]  Saved checkpoint to "./imputer_model/17_bank/imputer_model_balance/model-0002.params"
2024-04-07 12:04:49,332 [INFO]  Epoch[2] Validation-cross-entropy=0.024750
2024-04-07 12:04:49,332 [INFO]  Epoch[2] Validation-balance-accuracy=0.000000
2024-04-07 12:04:49,473 [INFO]  Epoch[3] Batch [0-102]	Speed: 11665.32 samples/sec	cross-entropy=0.056971	balance-accuracy=0.000000
2024-04-07 12:04:49,737 [INFO]  Epoch[3] Train-cross-entropy=0.050742
2024-04-07 12:04:49,737 [INFO]  Epoch[3] Train-balance-accuracy=0.000000
2024-04-07 12:04:49,737 [INFO]  Epoch[3] Time cost=0.404
2024-04-07 12:04:49,739 [INFO]  Saved checkpoint to "./imputer_model/17_bank/imputer_model_balance/model-0003.params"
2024-04-07 12:04:49,748 [INFO]  Epoch[3] Validation-cross-entropy=0.021091
2024-04-07 12:04:49,748 [INFO]  Epoch[3] Validation-balance-accuracy=0.000000
2024-04-07 12:04:50,030 [INFO]  Epoch[4] Batch [0-102]	Speed: 5817.37 samples/sec	cross-entropy=0.040460	balance-accuracy=0.000000
2024-04-07 12:04:50,162 [INFO]  Epoch[4] Train-cross-entropy=0.038435
2024-04-07 12:04:50,162 [INFO]  Epoch[4] Train-balance-accuracy=0.000000
2024-04-07 12:04:50,162 [INFO]  Epoch[4] Time cost=0.414
2024-04-07 12:04:50,164 [INFO]  Saved checkpoint to "./imputer_model/17_bank/imputer_model_balance/model-0004.params"
2024-04-07 12:04:50,174 [INFO]  Epoch[4] Validation-cross-entropy=0.015832
2024-04-07 12:04:50,174 [INFO]  Epoch[4] Validation-balance-accuracy=0.000000
2024-04-07 12:04:50,174 [INFO]  
========== done (1.9597084522247314 s) fit model
2024-04-07 12:05:27,944 [INFO]  
========== start: fit model
2024-04-07 12:05:27,945 [WARNING]  Already bound, ignoring bind()
2024-04-07 12:05:28,106 [INFO]  Epoch[0] Batch [0-102]	Speed: 11618.98 samples/sec	cross-entropy=1.250144	balance-accuracy=3.184466
2024-04-07 12:05:28,207 [INFO]  Epoch[0] Train-cross-entropy=0.110967
2024-04-07 12:05:28,207 [INFO]  Epoch[0] Train-balance-accuracy=3.079208
2024-04-07 12:05:28,207 [INFO]  Epoch[0] Time cost=0.262
2024-04-07 12:05:28,210 [INFO]  Saved checkpoint to "./imputer_model/17_bank/imputer_model_balance/model-0000.params"
2024-04-07 12:05:28,218 [INFO]  Epoch[0] Validation-cross-entropy=0.095464
2024-04-07 12:05:28,218 [INFO]  Epoch[0] Validation-balance-accuracy=0.000000
2024-04-07 12:05:28,312 [INFO]  Epoch[1] Batch [0-102]	Speed: 17638.79 samples/sec	cross-entropy=0.060172	balance-accuracy=3.184466
2024-04-07 12:05:28,410 [INFO]  Epoch[1] Train-cross-entropy=0.071224
2024-04-07 12:05:28,410 [INFO]  Epoch[1] Train-balance-accuracy=3.079208
2024-04-07 12:05:28,410 [INFO]  Epoch[1] Time cost=0.191
2024-04-07 12:05:28,412 [INFO]  Saved checkpoint to "./imputer_model/17_bank/imputer_model_balance/model-0001.params"
2024-04-07 12:05:28,422 [INFO]  Epoch[1] Validation-cross-entropy=0.038475
2024-04-07 12:05:28,422 [INFO]  Epoch[1] Validation-balance-accuracy=0.000000
2024-04-07 12:05:28,536 [INFO]  Epoch[2] Batch [0-102]	Speed: 14563.59 samples/sec	cross-entropy=0.030642	balance-accuracy=3.184466
2024-04-07 12:05:28,718 [INFO]  Epoch[2] Train-cross-entropy=0.048844
2024-04-07 12:05:28,718 [INFO]  Epoch[2] Train-balance-accuracy=3.079208
2024-04-07 12:05:28,718 [INFO]  Epoch[2] Time cost=0.296
2024-04-07 12:05:28,720 [INFO]  Saved checkpoint to "./imputer_model/17_bank/imputer_model_balance/model-0002.params"
2024-04-07 12:05:28,730 [INFO]  Epoch[2] Validation-cross-entropy=0.028799
2024-04-07 12:05:28,730 [INFO]  Epoch[2] Validation-balance-accuracy=0.000000
2024-04-07 12:05:28,861 [INFO]  Epoch[3] Batch [0-102]	Speed: 12584.62 samples/sec	cross-entropy=0.020104	balance-accuracy=3.184466
2024-04-07 12:05:28,974 [INFO]  Epoch[3] Train-cross-entropy=0.020063
2024-04-07 12:05:28,974 [INFO]  Epoch[3] Train-balance-accuracy=3.079208
2024-04-07 12:05:28,974 [INFO]  Epoch[3] Time cost=0.244
2024-04-07 12:05:28,976 [INFO]  Saved checkpoint to "./imputer_model/17_bank/imputer_model_balance/model-0003.params"
2024-04-07 12:05:28,986 [INFO]  Epoch[3] Validation-cross-entropy=0.020478
2024-04-07 12:05:28,986 [INFO]  Epoch[3] Validation-balance-accuracy=0.000000
2024-04-07 12:05:29,099 [INFO]  Epoch[4] Batch [0-102]	Speed: 14638.46 samples/sec	cross-entropy=0.016626	balance-accuracy=3.184466
2024-04-07 12:05:29,451 [INFO]  Epoch[4] Train-cross-entropy=0.010315
2024-04-07 12:05:29,451 [INFO]  Epoch[4] Train-balance-accuracy=3.079208
2024-04-07 12:05:29,451 [INFO]  Epoch[4] Time cost=0.465
2024-04-07 12:05:29,452 [INFO]  Saved checkpoint to "./imputer_model/17_bank/imputer_model_balance/model-0004.params"
2024-04-07 12:05:29,458 [INFO]  Epoch[4] Validation-cross-entropy=0.020350
2024-04-07 12:05:29,458 [INFO]  Epoch[4] Validation-balance-accuracy=0.000000
2024-04-07 12:05:29,458 [INFO]  
========== done (1.5139782428741455 s) fit model
2024-04-07 12:06:04,573 [INFO]  
========== start: fit model
2024-04-07 12:06:04,573 [WARNING]  Already bound, ignoring bind()
2024-04-07 12:06:04,666 [INFO]  Epoch[0] Batch [0-102]	Speed: 18047.25 samples/sec	cross-entropy=1.753155	balance-accuracy=0.000000
2024-04-07 12:06:04,743 [INFO]  Epoch[0] Train-cross-entropy=0.079242
2024-04-07 12:06:04,743 [INFO]  Epoch[0] Train-balance-accuracy=0.000000
2024-04-07 12:06:04,743 [INFO]  Epoch[0] Time cost=0.168
2024-04-07 12:06:04,744 [INFO]  Saved checkpoint to "./imputer_model/17_bank/imputer_model_balance/model-0000.params"
2024-04-07 12:06:04,750 [INFO]  Epoch[0] Validation-cross-entropy=0.049675
2024-04-07 12:06:04,750 [INFO]  Epoch[0] Validation-balance-accuracy=0.000000
2024-04-07 12:06:04,848 [INFO]  Epoch[1] Batch [0-102]	Speed: 16782.77 samples/sec	cross-entropy=0.044205	balance-accuracy=0.000000
2024-04-07 12:06:05,057 [INFO]  Epoch[1] Train-cross-entropy=0.030382
2024-04-07 12:06:05,057 [INFO]  Epoch[1] Train-balance-accuracy=0.000000
2024-04-07 12:06:05,057 [INFO]  Epoch[1] Time cost=0.307
2024-04-07 12:06:05,059 [INFO]  Saved checkpoint to "./imputer_model/17_bank/imputer_model_balance/model-0001.params"
2024-04-07 12:06:05,072 [INFO]  Epoch[1] Validation-cross-entropy=0.043348
2024-04-07 12:06:05,072 [INFO]  Epoch[1] Validation-balance-accuracy=0.000000
2024-04-07 12:06:05,300 [INFO]  Epoch[2] Batch [0-102]	Speed: 7194.73 samples/sec	cross-entropy=0.028207	balance-accuracy=0.000000
2024-04-07 12:06:05,774 [INFO]  Epoch[2] Train-cross-entropy=0.021479
2024-04-07 12:06:05,774 [INFO]  Epoch[2] Train-balance-accuracy=0.000000
2024-04-07 12:06:05,774 [INFO]  Epoch[2] Time cost=0.701
2024-04-07 12:06:05,775 [INFO]  Saved checkpoint to "./imputer_model/17_bank/imputer_model_balance/model-0002.params"
2024-04-07 12:06:05,781 [INFO]  Epoch[2] Validation-cross-entropy=0.023200
2024-04-07 12:06:05,781 [INFO]  Epoch[2] Validation-balance-accuracy=0.000000
2024-04-07 12:06:05,897 [INFO]  Epoch[3] Batch [0-102]	Speed: 14249.12 samples/sec	cross-entropy=0.018104	balance-accuracy=0.000000
2024-04-07 12:06:05,961 [INFO]  Epoch[3] Train-cross-entropy=0.018122
2024-04-07 12:06:05,961 [INFO]  Epoch[3] Train-balance-accuracy=0.000000
2024-04-07 12:06:05,961 [INFO]  Epoch[3] Time cost=0.180
2024-04-07 12:06:05,965 [INFO]  Saved checkpoint to "./imputer_model/17_bank/imputer_model_balance/model-0003.params"
2024-04-07 12:06:06,073 [INFO]  Epoch[3] Validation-cross-entropy=0.012608
2024-04-07 12:06:06,073 [INFO]  Epoch[3] Validation-balance-accuracy=0.000000
2024-04-07 12:06:06,339 [INFO]  Epoch[4] Batch [0-102]	Speed: 6164.38 samples/sec	cross-entropy=0.017257	balance-accuracy=0.000000
2024-04-07 12:06:06,599 [INFO]  Epoch[4] Train-cross-entropy=0.011615
2024-04-07 12:06:06,599 [INFO]  Epoch[4] Train-balance-accuracy=0.000000
2024-04-07 12:06:06,599 [INFO]  Epoch[4] Time cost=0.527
2024-04-07 12:06:06,602 [INFO]  Saved checkpoint to "./imputer_model/17_bank/imputer_model_balance/model-0004.params"
2024-04-07 12:06:06,614 [INFO]  Epoch[4] Validation-cross-entropy=0.018095
2024-04-07 12:06:06,615 [INFO]  Epoch[4] Validation-balance-accuracy=0.000000
2024-04-07 12:06:06,615 [INFO]  
========== done (2.0413310527801514 s) fit model
2024-04-07 12:06:32,873 [INFO]  
========== start: fit model
2024-04-07 12:06:32,874 [WARNING]  Already bound, ignoring bind()
2024-04-07 12:06:32,961 [INFO]  Epoch[0] Batch [0-102]	Speed: 20460.26 samples/sec	cross-entropy=3.242293	balance-accuracy=3.378641
2024-04-07 12:06:33,038 [INFO]  Epoch[0] Train-cross-entropy=0.070100
2024-04-07 12:06:33,038 [INFO]  Epoch[0] Train-balance-accuracy=3.079208
2024-04-07 12:06:33,038 [INFO]  Epoch[0] Time cost=0.164
2024-04-07 12:06:33,040 [INFO]  Saved checkpoint to "./imputer_model/17_bank/imputer_model_balance/model-0000.params"
2024-04-07 12:06:33,047 [INFO]  Epoch[0] Validation-cross-entropy=0.051062
2024-04-07 12:06:33,048 [INFO]  Epoch[0] Validation-balance-accuracy=0.000000
2024-04-07 12:06:33,126 [INFO]  Epoch[1] Batch [0-102]	Speed: 21019.43 samples/sec	cross-entropy=0.137975	balance-accuracy=3.378641
2024-04-07 12:06:33,204 [INFO]  Epoch[1] Train-cross-entropy=0.032575
2024-04-07 12:06:33,204 [INFO]  Epoch[1] Train-balance-accuracy=3.079208
2024-04-07 12:06:33,204 [INFO]  Epoch[1] Time cost=0.156
2024-04-07 12:06:33,206 [INFO]  Saved checkpoint to "./imputer_model/17_bank/imputer_model_balance/model-0001.params"
2024-04-07 12:06:33,213 [INFO]  Epoch[1] Validation-cross-entropy=0.022373
2024-04-07 12:06:33,213 [INFO]  Epoch[1] Validation-balance-accuracy=0.000000
2024-04-07 12:06:33,291 [INFO]  Epoch[2] Batch [0-102]	Speed: 21248.52 samples/sec	cross-entropy=0.046803	balance-accuracy=3.378641
2024-04-07 12:06:33,381 [INFO]  Epoch[2] Train-cross-entropy=0.020642
2024-04-07 12:06:33,381 [INFO]  Epoch[2] Train-balance-accuracy=3.079208
2024-04-07 12:06:33,382 [INFO]  Epoch[2] Time cost=0.168
2024-04-07 12:06:33,386 [INFO]  Saved checkpoint to "./imputer_model/17_bank/imputer_model_balance/model-0002.params"
2024-04-07 12:06:33,403 [INFO]  Epoch[2] Validation-cross-entropy=0.017808
2024-04-07 12:06:33,403 [INFO]  Epoch[2] Validation-balance-accuracy=0.000000
2024-04-07 12:06:33,522 [INFO]  Epoch[3] Batch [0-102]	Speed: 13883.78 samples/sec	cross-entropy=0.043169	balance-accuracy=3.378641
2024-04-07 12:06:33,598 [INFO]  Epoch[3] Train-cross-entropy=0.017084
2024-04-07 12:06:33,598 [INFO]  Epoch[3] Train-balance-accuracy=3.079208
2024-04-07 12:06:33,598 [INFO]  Epoch[3] Time cost=0.195
2024-04-07 12:06:33,600 [INFO]  Saved checkpoint to "./imputer_model/17_bank/imputer_model_balance/model-0003.params"
2024-04-07 12:06:33,607 [INFO]  Epoch[3] Validation-cross-entropy=0.015768
2024-04-07 12:06:33,607 [INFO]  Epoch[3] Validation-balance-accuracy=0.000000
2024-04-07 12:06:33,685 [INFO]  Epoch[4] Batch [0-102]	Speed: 21289.56 samples/sec	cross-entropy=0.035491	balance-accuracy=3.378641
2024-04-07 12:06:33,761 [INFO]  Epoch[4] Train-cross-entropy=0.014700
2024-04-07 12:06:33,761 [INFO]  Epoch[4] Train-balance-accuracy=3.079208
2024-04-07 12:06:33,761 [INFO]  Epoch[4] Time cost=0.154
2024-04-07 12:06:33,763 [INFO]  Saved checkpoint to "./imputer_model/17_bank/imputer_model_balance/model-0004.params"
2024-04-07 12:06:33,770 [INFO]  Epoch[4] Validation-cross-entropy=0.016040
2024-04-07 12:06:33,770 [INFO]  Epoch[4] Validation-balance-accuracy=0.000000
2024-04-07 12:06:33,770 [INFO]  
========== done (0.8971104621887207 s) fit model
2024-04-07 12:06:50,955 [INFO]  
========== start: fit model
2024-04-07 12:06:50,956 [WARNING]  Already bound, ignoring bind()
2024-04-07 12:06:51,030 [INFO]  Epoch[0] Batch [0-102]	Speed: 22462.11 samples/sec	cross-entropy=2.793092	balance-accuracy=0.000000
2024-04-07 12:06:51,125 [INFO]  Epoch[0] Train-cross-entropy=0.052986
2024-04-07 12:06:51,126 [INFO]  Epoch[0] Train-balance-accuracy=0.000000
2024-04-07 12:06:51,126 [INFO]  Epoch[0] Time cost=0.169
2024-04-07 12:06:51,127 [INFO]  Saved checkpoint to "./imputer_model/17_bank/imputer_model_balance/model-0000.params"
2024-04-07 12:06:51,139 [INFO]  Epoch[0] Validation-cross-entropy=0.048245
2024-04-07 12:06:51,140 [INFO]  Epoch[0] Validation-balance-accuracy=0.000000
2024-04-07 12:06:51,225 [INFO]  Epoch[1] Batch [0-102]	Speed: 19396.01 samples/sec	cross-entropy=0.052199	balance-accuracy=0.000000
2024-04-07 12:06:51,285 [INFO]  Epoch[1] Train-cross-entropy=0.033918
2024-04-07 12:06:51,285 [INFO]  Epoch[1] Train-balance-accuracy=0.000000
2024-04-07 12:06:51,285 [INFO]  Epoch[1] Time cost=0.145
2024-04-07 12:06:51,286 [INFO]  Saved checkpoint to "./imputer_model/17_bank/imputer_model_balance/model-0001.params"
2024-04-07 12:06:51,293 [INFO]  Epoch[1] Validation-cross-entropy=0.022607
2024-04-07 12:06:51,293 [INFO]  Epoch[1] Validation-balance-accuracy=0.000000
2024-04-07 12:06:51,351 [INFO]  Epoch[2] Batch [0-102]	Speed: 28371.96 samples/sec	cross-entropy=0.035740	balance-accuracy=0.000000
2024-04-07 12:06:51,408 [INFO]  Epoch[2] Train-cross-entropy=0.114223
2024-04-07 12:06:51,408 [INFO]  Epoch[2] Train-balance-accuracy=0.000000
2024-04-07 12:06:51,408 [INFO]  Epoch[2] Time cost=0.115
2024-04-07 12:06:51,409 [INFO]  Saved checkpoint to "./imputer_model/17_bank/imputer_model_balance/model-0002.params"
2024-04-07 12:06:51,415 [INFO]  Epoch[2] Validation-cross-entropy=0.047489
2024-04-07 12:06:51,416 [INFO]  Epoch[2] Validation-balance-accuracy=0.000000
2024-04-07 12:06:51,473 [INFO]  Epoch[3] Batch [0-102]	Speed: 28876.45 samples/sec	cross-entropy=0.031417	balance-accuracy=0.000000
2024-04-07 12:06:51,545 [INFO]  Epoch[3] Train-cross-entropy=0.043803
2024-04-07 12:06:51,545 [INFO]  Epoch[3] Train-balance-accuracy=0.000000
2024-04-07 12:06:51,545 [INFO]  Epoch[3] Time cost=0.130
2024-04-07 12:06:51,547 [INFO]  Saved checkpoint to "./imputer_model/17_bank/imputer_model_balance/model-0003.params"
2024-04-07 12:06:51,559 [INFO]  Epoch[3] Validation-cross-entropy=0.021020
2024-04-07 12:06:51,560 [INFO]  Epoch[3] Validation-balance-accuracy=0.000000
2024-04-07 12:06:51,645 [INFO]  Epoch[4] Batch [0-102]	Speed: 19486.68 samples/sec	cross-entropy=0.020850	balance-accuracy=0.000000
2024-04-07 12:06:51,731 [INFO]  Epoch[4] Train-cross-entropy=0.131386
2024-04-07 12:06:51,732 [INFO]  Epoch[4] Train-balance-accuracy=0.000000
2024-04-07 12:06:51,732 [INFO]  Epoch[4] Time cost=0.172
2024-04-07 12:06:51,734 [INFO]  Saved checkpoint to "./imputer_model/17_bank/imputer_model_balance/model-0004.params"
2024-04-07 12:06:51,746 [INFO]  Epoch[4] Validation-cross-entropy=0.041138
2024-04-07 12:06:51,746 [INFO]  Epoch[4] Validation-balance-accuracy=0.000000
2024-04-07 12:06:51,746 [INFO]  
========== done (0.7909529209136963 s) fit model
2024-04-07 12:07:15,110 [INFO]  
========== start: fit model
2024-04-07 12:07:15,110 [WARNING]  Already bound, ignoring bind()
2024-04-07 12:07:15,209 [INFO]  Epoch[0] Batch [0-102]	Speed: 16872.91 samples/sec	cross-entropy=5.360897	balance-accuracy=3.135922
2024-04-07 12:07:15,342 [INFO]  Epoch[0] Train-cross-entropy=0.086984
2024-04-07 12:07:15,342 [INFO]  Epoch[0] Train-balance-accuracy=2.970297
2024-04-07 12:07:15,342 [INFO]  Epoch[0] Time cost=0.231
2024-04-07 12:07:15,344 [INFO]  Saved checkpoint to "./imputer_model/17_bank/imputer_model_balance/model-0000.params"
2024-04-07 12:07:15,379 [INFO]  Epoch[0] Validation-cross-entropy=0.152886
2024-04-07 12:07:15,379 [INFO]  Epoch[0] Validation-balance-accuracy=0.000000
2024-04-07 12:07:15,666 [INFO]  Epoch[1] Batch [0-102]	Speed: 5709.10 samples/sec	cross-entropy=0.050937	balance-accuracy=3.135922
2024-04-07 12:07:15,798 [INFO]  Epoch[1] Train-cross-entropy=0.036088
2024-04-07 12:07:15,798 [INFO]  Epoch[1] Train-balance-accuracy=2.970297
2024-04-07 12:07:15,798 [INFO]  Epoch[1] Time cost=0.419
2024-04-07 12:07:15,800 [INFO]  Saved checkpoint to "./imputer_model/17_bank/imputer_model_balance/model-0001.params"
2024-04-07 12:07:15,805 [INFO]  Epoch[1] Validation-cross-entropy=0.056997
2024-04-07 12:07:15,805 [INFO]  Epoch[1] Validation-balance-accuracy=0.000000
2024-04-07 12:07:16,043 [INFO]  Epoch[2] Batch [0-102]	Speed: 6882.65 samples/sec	cross-entropy=0.028874	balance-accuracy=3.135922
2024-04-07 12:07:16,243 [INFO]  Epoch[2] Train-cross-entropy=0.023851
2024-04-07 12:07:16,243 [INFO]  Epoch[2] Train-balance-accuracy=2.970297
2024-04-07 12:07:16,243 [INFO]  Epoch[2] Time cost=0.438
2024-04-07 12:07:16,245 [INFO]  Saved checkpoint to "./imputer_model/17_bank/imputer_model_balance/model-0002.params"
2024-04-07 12:07:16,255 [INFO]  Epoch[2] Validation-cross-entropy=0.027583
2024-04-07 12:07:16,255 [INFO]  Epoch[2] Validation-balance-accuracy=0.000000
2024-04-07 12:07:16,687 [INFO]  Epoch[3] Batch [0-102]	Speed: 3791.47 samples/sec	cross-entropy=0.023374	balance-accuracy=3.135922
2024-04-07 12:07:16,850 [INFO]  Epoch[3] Train-cross-entropy=0.112900
2024-04-07 12:07:16,850 [INFO]  Epoch[3] Train-balance-accuracy=2.970297
2024-04-07 12:07:16,850 [INFO]  Epoch[3] Time cost=0.595
2024-04-07 12:07:16,852 [INFO]  Saved checkpoint to "./imputer_model/17_bank/imputer_model_balance/model-0003.params"
2024-04-07 12:07:16,896 [INFO]  Epoch[3] Validation-cross-entropy=0.073114
2024-04-07 12:07:16,896 [INFO]  Epoch[3] Validation-balance-accuracy=0.000000
2024-04-07 12:07:17,003 [INFO]  Epoch[4] Batch [0-102]	Speed: 15517.87 samples/sec	cross-entropy=0.027054	balance-accuracy=3.135922
2024-04-07 12:07:17,225 [INFO]  Epoch[4] Train-cross-entropy=0.067004
2024-04-07 12:07:17,226 [INFO]  Epoch[4] Train-balance-accuracy=2.970297
2024-04-07 12:07:17,226 [INFO]  Epoch[4] Time cost=0.329
2024-04-07 12:07:17,227 [INFO]  Saved checkpoint to "./imputer_model/17_bank/imputer_model_balance/model-0004.params"
2024-04-07 12:07:17,233 [INFO]  Epoch[4] Validation-cross-entropy=0.038225
2024-04-07 12:07:17,233 [INFO]  Epoch[4] Validation-balance-accuracy=0.000000
2024-04-07 12:07:17,233 [INFO]  
========== done (2.1224770545959473 s) fit model
2024-04-07 12:07:54,350 [INFO]  
========== start: fit model
2024-04-07 12:07:54,350 [WARNING]  Already bound, ignoring bind()
2024-04-07 12:07:54,414 [INFO]  Epoch[0] Batch [0-102]	Speed: 26195.64 samples/sec	cross-entropy=2.943034	balance-accuracy=3.048544
2024-04-07 12:07:54,584 [INFO]  Epoch[0] Train-cross-entropy=0.067710
2024-04-07 12:07:54,584 [INFO]  Epoch[0] Train-balance-accuracy=2.990099
2024-04-07 12:07:54,584 [INFO]  Epoch[0] Time cost=0.233
2024-04-07 12:07:54,586 [INFO]  Saved checkpoint to "./imputer_model/17_bank/imputer_model_balance/model-0000.params"
2024-04-07 12:07:54,596 [INFO]  Epoch[0] Validation-cross-entropy=0.066637
2024-04-07 12:07:54,597 [INFO]  Epoch[0] Validation-balance-accuracy=0.000000
2024-04-07 12:07:54,886 [INFO]  Epoch[1] Batch [0-102]	Speed: 5657.18 samples/sec	cross-entropy=0.049907	balance-accuracy=3.048544
2024-04-07 12:07:55,006 [INFO]  Epoch[1] Train-cross-entropy=0.051027
2024-04-07 12:07:55,007 [INFO]  Epoch[1] Train-balance-accuracy=2.990099
2024-04-07 12:07:55,007 [INFO]  Epoch[1] Time cost=0.410
2024-04-07 12:07:55,009 [INFO]  Saved checkpoint to "./imputer_model/17_bank/imputer_model_balance/model-0001.params"
2024-04-07 12:07:55,023 [INFO]  Epoch[1] Validation-cross-entropy=0.079398
2024-04-07 12:07:55,023 [INFO]  Epoch[1] Validation-balance-accuracy=0.000000
2024-04-07 12:07:55,141 [INFO]  Epoch[2] Batch [0-102]	Speed: 14105.18 samples/sec	cross-entropy=0.043656	balance-accuracy=3.048544
2024-04-07 12:07:55,256 [INFO]  Epoch[2] Train-cross-entropy=0.037735
2024-04-07 12:07:55,256 [INFO]  Epoch[2] Train-balance-accuracy=2.990099
2024-04-07 12:07:55,256 [INFO]  Epoch[2] Time cost=0.233
2024-04-07 12:07:55,258 [INFO]  Saved checkpoint to "./imputer_model/17_bank/imputer_model_balance/model-0002.params"
2024-04-07 12:07:55,560 [INFO]  Epoch[2] Validation-cross-entropy=0.058881
2024-04-07 12:07:55,560 [INFO]  Epoch[2] Validation-balance-accuracy=0.000000
2024-04-07 12:07:55,676 [INFO]  Epoch[3] Batch [0-102]	Speed: 14313.35 samples/sec	cross-entropy=0.030343	balance-accuracy=3.048544
2024-04-07 12:07:55,790 [INFO]  Epoch[3] Train-cross-entropy=0.017804
2024-04-07 12:07:55,790 [INFO]  Epoch[3] Train-balance-accuracy=2.990099
2024-04-07 12:07:55,790 [INFO]  Epoch[3] Time cost=0.230
2024-04-07 12:07:55,792 [INFO]  Saved checkpoint to "./imputer_model/17_bank/imputer_model_balance/model-0003.params"
2024-04-07 12:07:55,991 [INFO]  Epoch[3] Validation-cross-entropy=0.019174
2024-04-07 12:07:55,991 [INFO]  Epoch[3] Validation-balance-accuracy=0.000000
2024-04-07 12:07:56,130 [INFO]  Epoch[4] Batch [0-102]	Speed: 11861.00 samples/sec	cross-entropy=0.022045	balance-accuracy=3.048544
2024-04-07 12:07:56,222 [INFO]  Epoch[4] Train-cross-entropy=0.014653
2024-04-07 12:07:56,223 [INFO]  Epoch[4] Train-balance-accuracy=2.990099
2024-04-07 12:07:56,223 [INFO]  Epoch[4] Time cost=0.231
2024-04-07 12:07:56,224 [INFO]  Saved checkpoint to "./imputer_model/17_bank/imputer_model_balance/model-0004.params"
2024-04-07 12:07:56,230 [INFO]  Epoch[4] Validation-cross-entropy=0.021923
2024-04-07 12:07:56,230 [INFO]  Epoch[4] Validation-balance-accuracy=0.000000
2024-04-07 12:07:56,230 [INFO]  
========== done (1.8804700374603271 s) fit model
2024-04-07 12:08:32,600 [INFO]  
========== start: fit model
2024-04-07 12:08:32,600 [WARNING]  Already bound, ignoring bind()
2024-04-07 12:08:32,881 [INFO]  Epoch[0] Batch [0-102]	Speed: 5894.43 samples/sec	cross-entropy=1.245680	balance-accuracy=0.000000
2024-04-07 12:08:32,993 [INFO]  Epoch[0] Train-cross-entropy=0.066765
2024-04-07 12:08:32,993 [INFO]  Epoch[0] Train-balance-accuracy=0.000000
2024-04-07 12:08:32,993 [INFO]  Epoch[0] Time cost=0.392
2024-04-07 12:08:32,995 [INFO]  Saved checkpoint to "./imputer_model/17_bank/imputer_model_balance/model-0000.params"
2024-04-07 12:08:33,006 [INFO]  Epoch[0] Validation-cross-entropy=0.029109
2024-04-07 12:08:33,007 [INFO]  Epoch[0] Validation-balance-accuracy=0.000000
2024-04-07 12:08:33,123 [INFO]  Epoch[1] Batch [0-102]	Speed: 14197.78 samples/sec	cross-entropy=0.042549	balance-accuracy=0.000000
2024-04-07 12:08:33,509 [INFO]  Epoch[1] Train-cross-entropy=0.030624
2024-04-07 12:08:33,510 [INFO]  Epoch[1] Train-balance-accuracy=0.000000
2024-04-07 12:08:33,510 [INFO]  Epoch[1] Time cost=0.503
2024-04-07 12:08:33,511 [INFO]  Saved checkpoint to "./imputer_model/17_bank/imputer_model_balance/model-0001.params"
2024-04-07 12:08:33,518 [INFO]  Epoch[1] Validation-cross-entropy=0.022090
2024-04-07 12:08:33,518 [INFO]  Epoch[1] Validation-balance-accuracy=0.000000
2024-04-07 12:08:33,677 [INFO]  Epoch[2] Batch [0-102]	Speed: 10342.97 samples/sec	cross-entropy=0.094079	balance-accuracy=0.000000
2024-04-07 12:08:33,736 [INFO]  Epoch[2] Train-cross-entropy=0.097607
2024-04-07 12:08:33,737 [INFO]  Epoch[2] Train-balance-accuracy=0.000000
2024-04-07 12:08:33,737 [INFO]  Epoch[2] Time cost=0.218
2024-04-07 12:08:33,738 [INFO]  Saved checkpoint to "./imputer_model/17_bank/imputer_model_balance/model-0002.params"
2024-04-07 12:08:33,744 [INFO]  Epoch[2] Validation-cross-entropy=0.014313
2024-04-07 12:08:33,744 [INFO]  Epoch[2] Validation-balance-accuracy=0.000000
2024-04-07 12:08:34,101 [INFO]  Epoch[3] Batch [0-102]	Speed: 4578.00 samples/sec	cross-entropy=0.023501	balance-accuracy=0.000000
2024-04-07 12:08:34,216 [INFO]  Epoch[3] Train-cross-entropy=0.021746
2024-04-07 12:08:34,216 [INFO]  Epoch[3] Train-balance-accuracy=0.000000
2024-04-07 12:08:34,216 [INFO]  Epoch[3] Time cost=0.472
2024-04-07 12:08:34,218 [INFO]  Saved checkpoint to "./imputer_model/17_bank/imputer_model_balance/model-0003.params"
2024-04-07 12:08:34,229 [INFO]  Epoch[3] Validation-cross-entropy=0.008635
2024-04-07 12:08:34,229 [INFO]  Epoch[3] Validation-balance-accuracy=0.000000
2024-04-07 12:08:34,345 [INFO]  Epoch[4] Batch [0-102]	Speed: 14250.04 samples/sec	cross-entropy=0.033078	balance-accuracy=0.000000
2024-04-07 12:08:34,521 [INFO]  Epoch[4] Train-cross-entropy=0.120583
2024-04-07 12:08:34,521 [INFO]  Epoch[4] Train-balance-accuracy=0.000000
2024-04-07 12:08:34,521 [INFO]  Epoch[4] Time cost=0.292
2024-04-07 12:08:34,523 [INFO]  Saved checkpoint to "./imputer_model/17_bank/imputer_model_balance/model-0004.params"
2024-04-07 12:08:34,769 [INFO]  Epoch[4] Validation-cross-entropy=0.013196
2024-04-07 12:08:34,769 [INFO]  Epoch[4] Validation-balance-accuracy=0.000000
2024-04-07 12:08:34,770 [INFO]  
========== done (2.169623613357544 s) fit model
2024-04-07 12:09:10,548 [INFO]  
========== start: fit model
2024-04-07 12:09:10,549 [WARNING]  Already bound, ignoring bind()
2024-04-07 12:09:10,633 [INFO]  Epoch[0] Batch [0-102]	Speed: 19923.17 samples/sec	cross-entropy=0.723795	balance-accuracy=0.000000
2024-04-07 12:09:10,740 [INFO]  Epoch[0] Train-cross-entropy=0.068294
2024-04-07 12:09:10,740 [INFO]  Epoch[0] Train-balance-accuracy=0.000000
2024-04-07 12:09:10,740 [INFO]  Epoch[0] Time cost=0.191
2024-04-07 12:09:10,742 [INFO]  Saved checkpoint to "./imputer_model/17_bank/imputer_model_balance/model-0000.params"
2024-04-07 12:09:10,772 [INFO]  Epoch[0] Validation-cross-entropy=0.064015
2024-04-07 12:09:10,772 [INFO]  Epoch[0] Validation-balance-accuracy=0.000000
2024-04-07 12:09:10,873 [INFO]  Epoch[1] Batch [0-102]	Speed: 16463.36 samples/sec	cross-entropy=0.044184	balance-accuracy=0.000000
2024-04-07 12:09:10,965 [INFO]  Epoch[1] Train-cross-entropy=0.029066
2024-04-07 12:09:10,965 [INFO]  Epoch[1] Train-balance-accuracy=0.000000
2024-04-07 12:09:10,965 [INFO]  Epoch[1] Time cost=0.193
2024-04-07 12:09:10,967 [INFO]  Saved checkpoint to "./imputer_model/17_bank/imputer_model_balance/model-0001.params"
2024-04-07 12:09:10,985 [INFO]  Epoch[1] Validation-cross-entropy=0.030775
2024-04-07 12:09:10,985 [INFO]  Epoch[1] Validation-balance-accuracy=0.000000
2024-04-07 12:09:11,227 [INFO]  Epoch[2] Batch [0-102]	Speed: 6809.20 samples/sec	cross-entropy=0.060595	balance-accuracy=0.000000
2024-04-07 12:09:11,589 [INFO]  Epoch[2] Train-cross-entropy=0.082722
2024-04-07 12:09:11,589 [INFO]  Epoch[2] Train-balance-accuracy=0.000000
2024-04-07 12:09:11,589 [INFO]  Epoch[2] Time cost=0.604
2024-04-07 12:09:11,591 [INFO]  Saved checkpoint to "./imputer_model/17_bank/imputer_model_balance/model-0002.params"
2024-04-07 12:09:11,638 [INFO]  Epoch[2] Validation-cross-entropy=0.016710
2024-04-07 12:09:11,638 [INFO]  Epoch[2] Validation-balance-accuracy=0.000000
2024-04-07 12:09:11,797 [INFO]  Epoch[3] Batch [0-102]	Speed: 10378.16 samples/sec	cross-entropy=0.020040	balance-accuracy=0.000000
2024-04-07 12:09:11,999 [INFO]  Epoch[3] Train-cross-entropy=0.022624
2024-04-07 12:09:11,999 [INFO]  Epoch[3] Train-balance-accuracy=0.000000
2024-04-07 12:09:11,999 [INFO]  Epoch[3] Time cost=0.360
2024-04-07 12:09:12,000 [INFO]  Saved checkpoint to "./imputer_model/17_bank/imputer_model_balance/model-0003.params"
2024-04-07 12:09:12,010 [INFO]  Epoch[3] Validation-cross-entropy=0.009379
2024-04-07 12:09:12,011 [INFO]  Epoch[3] Validation-balance-accuracy=0.000000
2024-04-07 12:09:12,166 [INFO]  Epoch[4] Batch [0-102]	Speed: 10582.36 samples/sec	cross-entropy=0.011076	balance-accuracy=0.000000
2024-04-07 12:09:12,489 [INFO]  Epoch[4] Train-cross-entropy=0.084573
2024-04-07 12:09:12,489 [INFO]  Epoch[4] Train-balance-accuracy=0.000000
2024-04-07 12:09:12,489 [INFO]  Epoch[4] Time cost=0.478
2024-04-07 12:09:12,490 [INFO]  Saved checkpoint to "./imputer_model/17_bank/imputer_model_balance/model-0004.params"
2024-04-07 12:09:12,501 [INFO]  Epoch[4] Validation-cross-entropy=0.020911
2024-04-07 12:09:12,501 [INFO]  Epoch[4] Validation-balance-accuracy=0.000000
2024-04-07 12:09:12,501 [INFO]  
========== done (1.9524824619293213 s) fit model
2024-04-07 12:09:37,579 [INFO]  
========== start: fit model
2024-04-07 12:09:37,579 [WARNING]  Already bound, ignoring bind()
2024-04-07 12:09:37,661 [INFO]  Epoch[0] Batch [0-102]	Speed: 20662.66 samples/sec	cross-entropy=2.549719	balance-accuracy=2.873786
2024-04-07 12:09:37,742 [INFO]  Epoch[0] Train-cross-entropy=0.102164
2024-04-07 12:09:37,742 [INFO]  Epoch[0] Train-balance-accuracy=3.405941
2024-04-07 12:09:37,742 [INFO]  Epoch[0] Time cost=0.162
2024-04-07 12:09:37,744 [INFO]  Saved checkpoint to "./imputer_model/17_bank/imputer_model_balance/model-0000.params"
2024-04-07 12:09:37,749 [INFO]  Epoch[0] Validation-cross-entropy=0.122918
2024-04-07 12:09:37,749 [INFO]  Epoch[0] Validation-balance-accuracy=0.000000
2024-04-07 12:09:37,821 [INFO]  Epoch[1] Batch [0-102]	Speed: 22799.84 samples/sec	cross-entropy=0.047225	balance-accuracy=2.873786
2024-04-07 12:09:37,879 [INFO]  Epoch[1] Train-cross-entropy=0.024653
2024-04-07 12:09:37,879 [INFO]  Epoch[1] Train-balance-accuracy=3.405941
2024-04-07 12:09:37,879 [INFO]  Epoch[1] Time cost=0.130
2024-04-07 12:09:37,881 [INFO]  Saved checkpoint to "./imputer_model/17_bank/imputer_model_balance/model-0001.params"
2024-04-07 12:09:37,887 [INFO]  Epoch[1] Validation-cross-entropy=0.038277
2024-04-07 12:09:37,887 [INFO]  Epoch[1] Validation-balance-accuracy=0.000000
2024-04-07 12:09:37,949 [INFO]  Epoch[2] Batch [0-102]	Speed: 26370.73 samples/sec	cross-entropy=0.024894	balance-accuracy=2.873786
2024-04-07 12:09:38,007 [INFO]  Epoch[2] Train-cross-entropy=0.017311
2024-04-07 12:09:38,007 [INFO]  Epoch[2] Train-balance-accuracy=3.405941
2024-04-07 12:09:38,007 [INFO]  Epoch[2] Time cost=0.121
2024-04-07 12:09:38,009 [INFO]  Saved checkpoint to "./imputer_model/17_bank/imputer_model_balance/model-0002.params"
2024-04-07 12:09:38,014 [INFO]  Epoch[2] Validation-cross-entropy=0.024574
2024-04-07 12:09:38,014 [INFO]  Epoch[2] Validation-balance-accuracy=0.000000
2024-04-07 12:09:38,095 [INFO]  Epoch[3] Batch [0-102]	Speed: 20424.18 samples/sec	cross-entropy=0.016700	balance-accuracy=2.873786
2024-04-07 12:09:38,152 [INFO]  Epoch[3] Train-cross-entropy=0.018046
2024-04-07 12:09:38,153 [INFO]  Epoch[3] Train-balance-accuracy=3.405941
2024-04-07 12:09:38,153 [INFO]  Epoch[3] Time cost=0.138
2024-04-07 12:09:38,154 [INFO]  Saved checkpoint to "./imputer_model/17_bank/imputer_model_balance/model-0003.params"
2024-04-07 12:09:38,159 [INFO]  Epoch[3] Validation-cross-entropy=0.033914
2024-04-07 12:09:38,160 [INFO]  Epoch[3] Validation-balance-accuracy=0.000000
2024-04-07 12:09:38,221 [INFO]  Epoch[4] Batch [0-102]	Speed: 26863.67 samples/sec	cross-entropy=0.042878	balance-accuracy=2.873786
2024-04-07 12:09:38,311 [INFO]  Epoch[4] Train-cross-entropy=0.038632
2024-04-07 12:09:38,311 [INFO]  Epoch[4] Train-balance-accuracy=3.405941
2024-04-07 12:09:38,311 [INFO]  Epoch[4] Time cost=0.151
2024-04-07 12:09:38,316 [INFO]  Saved checkpoint to "./imputer_model/17_bank/imputer_model_balance/model-0004.params"
2024-04-07 12:09:38,343 [INFO]  Epoch[4] Validation-cross-entropy=0.161315
2024-04-07 12:09:38,343 [INFO]  Epoch[4] Validation-balance-accuracy=0.000000
2024-04-07 12:09:38,343 [INFO]  
========== done (0.7643687725067139 s) fit model
2024-04-07 12:09:55,646 [INFO]  
========== start: fit model
2024-04-07 12:09:55,646 [WARNING]  Already bound, ignoring bind()
2024-04-07 12:09:55,738 [INFO]  Epoch[0] Batch [0-102]	Speed: 18382.63 samples/sec	cross-entropy=4.788190	balance-accuracy=0.000000
2024-04-07 12:09:55,889 [INFO]  Epoch[0] Train-cross-entropy=0.103528
2024-04-07 12:09:55,889 [INFO]  Epoch[0] Train-balance-accuracy=0.000000
2024-04-07 12:09:55,889 [INFO]  Epoch[0] Time cost=0.242
2024-04-07 12:09:55,891 [INFO]  Saved checkpoint to "./imputer_model/17_bank/imputer_model_balance/model-0000.params"
2024-04-07 12:09:55,898 [INFO]  Epoch[0] Validation-cross-entropy=0.045273
2024-04-07 12:09:55,898 [INFO]  Epoch[0] Validation-balance-accuracy=0.000000
2024-04-07 12:09:55,973 [INFO]  Epoch[1] Batch [0-102]	Speed: 21916.33 samples/sec	cross-entropy=0.064752	balance-accuracy=0.000000
2024-04-07 12:09:56,049 [INFO]  Epoch[1] Train-cross-entropy=0.043697
2024-04-07 12:09:56,050 [INFO]  Epoch[1] Train-balance-accuracy=0.000000
2024-04-07 12:09:56,050 [INFO]  Epoch[1] Time cost=0.152
2024-04-07 12:09:56,051 [INFO]  Saved checkpoint to "./imputer_model/17_bank/imputer_model_balance/model-0001.params"
2024-04-07 12:09:56,060 [INFO]  Epoch[1] Validation-cross-entropy=0.028483
2024-04-07 12:09:56,060 [INFO]  Epoch[1] Validation-balance-accuracy=0.000000
2024-04-07 12:09:56,153 [INFO]  Epoch[2] Batch [0-102]	Speed: 17659.36 samples/sec	cross-entropy=0.041608	balance-accuracy=0.000000
2024-04-07 12:09:56,233 [INFO]  Epoch[2] Train-cross-entropy=0.025038
2024-04-07 12:09:56,233 [INFO]  Epoch[2] Train-balance-accuracy=0.000000
2024-04-07 12:09:56,233 [INFO]  Epoch[2] Time cost=0.173
2024-04-07 12:09:56,235 [INFO]  Saved checkpoint to "./imputer_model/17_bank/imputer_model_balance/model-0002.params"
2024-04-07 12:09:56,242 [INFO]  Epoch[2] Validation-cross-entropy=0.014920
2024-04-07 12:09:56,242 [INFO]  Epoch[2] Validation-balance-accuracy=0.000000
2024-04-07 12:09:56,319 [INFO]  Epoch[3] Batch [0-102]	Speed: 21466.22 samples/sec	cross-entropy=0.020189	balance-accuracy=0.000000
2024-04-07 12:09:56,443 [INFO]  Epoch[3] Train-cross-entropy=0.018145
2024-04-07 12:09:56,444 [INFO]  Epoch[3] Train-balance-accuracy=0.000000
2024-04-07 12:09:56,444 [INFO]  Epoch[3] Time cost=0.201
2024-04-07 12:09:56,446 [INFO]  Saved checkpoint to "./imputer_model/17_bank/imputer_model_balance/model-0003.params"
2024-04-07 12:09:56,455 [INFO]  Epoch[3] Validation-cross-entropy=0.010609
2024-04-07 12:09:56,455 [INFO]  Epoch[3] Validation-balance-accuracy=0.000000
2024-04-07 12:09:56,534 [INFO]  Epoch[4] Batch [0-102]	Speed: 21072.49 samples/sec	cross-entropy=0.014694	balance-accuracy=0.000000
2024-04-07 12:09:56,612 [INFO]  Epoch[4] Train-cross-entropy=0.017080
2024-04-07 12:09:56,612 [INFO]  Epoch[4] Train-balance-accuracy=0.000000
2024-04-07 12:09:56,612 [INFO]  Epoch[4] Time cost=0.156
2024-04-07 12:09:56,613 [INFO]  Saved checkpoint to "./imputer_model/17_bank/imputer_model_balance/model-0004.params"
2024-04-07 12:09:56,622 [INFO]  Epoch[4] Validation-cross-entropy=0.008998
2024-04-07 12:09:56,622 [INFO]  Epoch[4] Validation-balance-accuracy=0.000000
2024-04-07 12:09:56,622 [INFO]  
========== done (0.9760844707489014 s) fit model
2024-04-07 12:10:42,952 [INFO]  
========== start: fit model
2024-04-07 12:10:42,952 [WARNING]  Already bound, ignoring bind()
2024-04-07 12:10:43,175 [INFO]  Epoch[0] Batch [0-102]	Speed: 7601.28 samples/sec	cross-entropy=1.664231	balance-accuracy=0.000000
2024-04-07 12:10:43,356 [INFO]  Epoch[0] Train-cross-entropy=0.091886
2024-04-07 12:10:43,356 [INFO]  Epoch[0] Train-balance-accuracy=0.000000
2024-04-07 12:10:43,356 [INFO]  Epoch[0] Time cost=0.403
2024-04-07 12:10:43,358 [INFO]  Saved checkpoint to "./imputer_model/17_bank/imputer_model_balance/model-0000.params"
2024-04-07 12:10:43,367 [INFO]  Epoch[0] Validation-cross-entropy=0.035291
2024-04-07 12:10:43,367 [INFO]  Epoch[0] Validation-balance-accuracy=0.000000
2024-04-07 12:10:43,490 [INFO]  Epoch[1] Batch [0-102]	Speed: 13408.00 samples/sec	cross-entropy=0.036829	balance-accuracy=0.000000
2024-04-07 12:10:44,339 [INFO]  Epoch[1] Train-cross-entropy=0.044957
2024-04-07 12:10:44,339 [INFO]  Epoch[1] Train-balance-accuracy=0.000000
2024-04-07 12:10:44,339 [INFO]  Epoch[1] Time cost=0.972
2024-04-07 12:10:44,341 [INFO]  Saved checkpoint to "./imputer_model/17_bank/imputer_model_balance/model-0001.params"
2024-04-07 12:10:44,434 [INFO]  Epoch[1] Validation-cross-entropy=0.042661
2024-04-07 12:10:44,434 [INFO]  Epoch[1] Validation-balance-accuracy=0.000000
2024-04-07 12:10:44,753 [INFO]  Epoch[2] Batch [0-102]	Speed: 5120.96 samples/sec	cross-entropy=0.040828	balance-accuracy=0.000000
2024-04-07 12:10:45,057 [INFO]  Epoch[2] Train-cross-entropy=0.052144
2024-04-07 12:10:45,057 [INFO]  Epoch[2] Train-balance-accuracy=0.000000
2024-04-07 12:10:45,058 [INFO]  Epoch[2] Time cost=0.624
2024-04-07 12:10:45,059 [INFO]  Saved checkpoint to "./imputer_model/17_bank/imputer_model_balance/model-0002.params"
2024-04-07 12:10:45,066 [INFO]  Epoch[2] Validation-cross-entropy=0.078858
2024-04-07 12:10:45,066 [INFO]  Epoch[2] Validation-balance-accuracy=0.000000
2024-04-07 12:10:45,225 [INFO]  Epoch[3] Batch [0-102]	Speed: 10337.49 samples/sec	cross-entropy=0.042225	balance-accuracy=0.000000
2024-04-07 12:10:45,914 [INFO]  Epoch[3] Train-cross-entropy=0.030812
2024-04-07 12:10:45,915 [INFO]  Epoch[3] Train-balance-accuracy=0.000000
2024-04-07 12:10:45,915 [INFO]  Epoch[3] Time cost=0.848
2024-04-07 12:10:45,917 [INFO]  Saved checkpoint to "./imputer_model/17_bank/imputer_model_balance/model-0003.params"
2024-04-07 12:10:46,063 [INFO]  Epoch[3] Validation-cross-entropy=0.041154
2024-04-07 12:10:46,064 [INFO]  Epoch[3] Validation-balance-accuracy=0.000000
2024-04-07 12:10:46,700 [INFO]  Epoch[4] Batch [0-102]	Speed: 2570.01 samples/sec	cross-entropy=0.028269	balance-accuracy=0.000000
2024-04-07 12:10:47,388 [INFO]  Epoch[4] Train-cross-entropy=0.024403
2024-04-07 12:10:47,388 [INFO]  Epoch[4] Train-balance-accuracy=0.000000
2024-04-07 12:10:47,388 [INFO]  Epoch[4] Time cost=1.325
2024-04-07 12:10:47,390 [INFO]  Saved checkpoint to "./imputer_model/17_bank/imputer_model_balance/model-0004.params"
2024-04-07 12:10:47,481 [INFO]  Epoch[4] Validation-cross-entropy=0.027975
2024-04-07 12:10:47,481 [INFO]  Epoch[4] Validation-balance-accuracy=0.000000
2024-04-07 12:10:47,481 [INFO]  
========== done (4.52923059463501 s) fit model
2024-04-07 12:11:44,248 [INFO]  
========== start: fit model
2024-04-07 12:11:44,249 [WARNING]  Already bound, ignoring bind()
2024-04-07 12:11:44,638 [INFO]  Epoch[0] Batch [0-102]	Speed: 4280.65 samples/sec	cross-entropy=1.485710	balance-accuracy=3.116505
2024-04-07 12:11:44,751 [INFO]  Epoch[0] Train-cross-entropy=0.131780
2024-04-07 12:11:44,751 [INFO]  Epoch[0] Train-balance-accuracy=2.960396
2024-04-07 12:11:44,752 [INFO]  Epoch[0] Time cost=0.502
2024-04-07 12:11:44,753 [INFO]  Saved checkpoint to "./imputer_model/17_bank/imputer_model_balance/model-0000.params"
2024-04-07 12:11:44,764 [INFO]  Epoch[0] Validation-cross-entropy=0.044929
2024-04-07 12:11:44,764 [INFO]  Epoch[0] Validation-balance-accuracy=0.000000
2024-04-07 12:11:45,454 [INFO]  Epoch[1] Batch [0-102]	Speed: 2372.84 samples/sec	cross-entropy=0.039154	balance-accuracy=3.116505
2024-04-07 12:11:45,814 [INFO]  Epoch[1] Train-cross-entropy=0.052770
2024-04-07 12:11:45,814 [INFO]  Epoch[1] Train-balance-accuracy=2.960396
2024-04-07 12:11:45,815 [INFO]  Epoch[1] Time cost=1.050
2024-04-07 12:11:45,816 [INFO]  Saved checkpoint to "./imputer_model/17_bank/imputer_model_balance/model-0001.params"
2024-04-07 12:11:45,827 [INFO]  Epoch[1] Validation-cross-entropy=0.038926
2024-04-07 12:11:45,828 [INFO]  Epoch[1] Validation-balance-accuracy=0.000000
2024-04-07 12:11:46,038 [INFO]  Epoch[2] Batch [0-102]	Speed: 7794.34 samples/sec	cross-entropy=0.038263	balance-accuracy=3.116505
2024-04-07 12:11:46,360 [INFO]  Epoch[2] Train-cross-entropy=0.030292
2024-04-07 12:11:46,361 [INFO]  Epoch[2] Train-balance-accuracy=2.960396
2024-04-07 12:11:46,361 [INFO]  Epoch[2] Time cost=0.533
2024-04-07 12:11:46,362 [INFO]  Saved checkpoint to "./imputer_model/17_bank/imputer_model_balance/model-0002.params"
2024-04-07 12:11:46,372 [INFO]  Epoch[2] Validation-cross-entropy=0.012193
2024-04-07 12:11:46,372 [INFO]  Epoch[2] Validation-balance-accuracy=0.000000
2024-04-07 12:11:46,485 [INFO]  Epoch[3] Batch [0-102]	Speed: 14661.50 samples/sec	cross-entropy=0.016713	balance-accuracy=3.116505
2024-04-07 12:11:46,597 [INFO]  Epoch[3] Train-cross-entropy=0.025459
2024-04-07 12:11:46,597 [INFO]  Epoch[3] Train-balance-accuracy=2.960396
2024-04-07 12:11:46,597 [INFO]  Epoch[3] Time cost=0.225
2024-04-07 12:11:46,599 [INFO]  Saved checkpoint to "./imputer_model/17_bank/imputer_model_balance/model-0003.params"
2024-04-07 12:11:46,609 [INFO]  Epoch[3] Validation-cross-entropy=0.011916
2024-04-07 12:11:46,609 [INFO]  Epoch[3] Validation-balance-accuracy=0.000000
2024-04-07 12:11:46,723 [INFO]  Epoch[4] Batch [0-102]	Speed: 14513.81 samples/sec	cross-entropy=0.014680	balance-accuracy=3.116505
2024-04-07 12:11:47,016 [INFO]  Epoch[4] Train-cross-entropy=0.026522
2024-04-07 12:11:47,016 [INFO]  Epoch[4] Train-balance-accuracy=2.960396
2024-04-07 12:11:47,016 [INFO]  Epoch[4] Time cost=0.407
2024-04-07 12:11:47,020 [INFO]  Saved checkpoint to "./imputer_model/17_bank/imputer_model_balance/model-0004.params"
2024-04-07 12:11:47,215 [INFO]  Epoch[4] Validation-cross-entropy=0.056977
2024-04-07 12:11:47,215 [INFO]  Epoch[4] Validation-balance-accuracy=0.000000
2024-04-07 12:11:47,215 [INFO]  
========== done (2.966705322265625 s) fit model
2024-04-07 12:12:39,802 [INFO]  
========== start: fit model
2024-04-07 12:12:39,802 [WARNING]  Already bound, ignoring bind()
2024-04-07 12:12:40,331 [INFO]  Epoch[0] Batch [0-102]	Speed: 3126.73 samples/sec	cross-entropy=6.680819	balance-accuracy=3.077670
2024-04-07 12:12:40,522 [INFO]  Epoch[0] Train-cross-entropy=0.160851
2024-04-07 12:12:40,522 [INFO]  Epoch[0] Train-balance-accuracy=3.405941
2024-04-07 12:12:40,522 [INFO]  Epoch[0] Time cost=0.719
2024-04-07 12:12:40,524 [INFO]  Saved checkpoint to "./imputer_model/17_bank/imputer_model_balance/model-0000.params"
2024-04-07 12:12:40,535 [INFO]  Epoch[0] Validation-cross-entropy=0.057540
2024-04-07 12:12:40,535 [INFO]  Epoch[0] Validation-balance-accuracy=0.000000
2024-04-07 12:12:40,716 [INFO]  Epoch[1] Batch [0-102]	Speed: 9108.27 samples/sec	cross-entropy=0.098905	balance-accuracy=3.077670
2024-04-07 12:12:40,950 [INFO]  Epoch[1] Train-cross-entropy=0.054026
2024-04-07 12:12:40,950 [INFO]  Epoch[1] Train-balance-accuracy=3.405941
2024-04-07 12:12:40,950 [INFO]  Epoch[1] Time cost=0.416
2024-04-07 12:12:40,952 [INFO]  Saved checkpoint to "./imputer_model/17_bank/imputer_model_balance/model-0001.params"
2024-04-07 12:12:40,962 [INFO]  Epoch[1] Validation-cross-entropy=0.032455
2024-04-07 12:12:40,963 [INFO]  Epoch[1] Validation-balance-accuracy=0.000000
2024-04-07 12:12:41,202 [INFO]  Epoch[2] Batch [0-102]	Speed: 7490.21 samples/sec	cross-entropy=0.034305	balance-accuracy=3.077670
2024-04-07 12:12:41,473 [INFO]  Epoch[2] Train-cross-entropy=0.043341
2024-04-07 12:12:41,473 [INFO]  Epoch[2] Train-balance-accuracy=3.405941
2024-04-07 12:12:41,473 [INFO]  Epoch[2] Time cost=0.511
2024-04-07 12:12:41,475 [INFO]  Saved checkpoint to "./imputer_model/17_bank/imputer_model_balance/model-0002.params"
2024-04-07 12:12:41,486 [INFO]  Epoch[2] Validation-cross-entropy=0.019075
2024-04-07 12:12:41,486 [INFO]  Epoch[2] Validation-balance-accuracy=0.000000
2024-04-07 12:12:41,600 [INFO]  Epoch[3] Batch [0-102]	Speed: 14506.61 samples/sec	cross-entropy=0.023132	balance-accuracy=3.077670
2024-04-07 12:12:41,712 [INFO]  Epoch[3] Train-cross-entropy=0.041663
2024-04-07 12:12:41,712 [INFO]  Epoch[3] Train-balance-accuracy=3.405941
2024-04-07 12:12:41,712 [INFO]  Epoch[3] Time cost=0.226
2024-04-07 12:12:41,714 [INFO]  Saved checkpoint to "./imputer_model/17_bank/imputer_model_balance/model-0003.params"
2024-04-07 12:12:41,724 [INFO]  Epoch[3] Validation-cross-entropy=0.017637
2024-04-07 12:12:41,724 [INFO]  Epoch[3] Validation-balance-accuracy=0.000000
2024-04-07 12:12:41,837 [INFO]  Epoch[4] Batch [0-102]	Speed: 14662.23 samples/sec	cross-entropy=0.017296	balance-accuracy=3.077670
2024-04-07 12:12:42,073 [INFO]  Epoch[4] Train-cross-entropy=0.029836
2024-04-07 12:12:42,073 [INFO]  Epoch[4] Train-balance-accuracy=3.405941
2024-04-07 12:12:42,073 [INFO]  Epoch[4] Time cost=0.349
2024-04-07 12:12:42,075 [INFO]  Saved checkpoint to "./imputer_model/17_bank/imputer_model_balance/model-0004.params"
2024-04-07 12:12:42,091 [INFO]  Epoch[4] Validation-cross-entropy=0.027319
2024-04-07 12:12:42,091 [INFO]  Epoch[4] Validation-balance-accuracy=0.000000
2024-04-07 12:12:42,091 [INFO]  
========== done (2.2891743183135986 s) fit model
2024-04-07 12:13:45,817 [INFO]  
========== start: fit model
2024-04-07 12:13:45,818 [WARNING]  Already bound, ignoring bind()
2024-04-07 12:13:46,384 [INFO]  Epoch[0] Batch [0-102]	Speed: 2961.23 samples/sec	cross-entropy=1.862273	balance-accuracy=0.000000
2024-04-07 12:13:46,541 [INFO]  Epoch[0] Train-cross-entropy=0.111887
2024-04-07 12:13:46,541 [INFO]  Epoch[0] Train-balance-accuracy=0.000000
2024-04-07 12:13:46,541 [INFO]  Epoch[0] Time cost=0.722
2024-04-07 12:13:46,543 [INFO]  Saved checkpoint to "./imputer_model/17_bank/imputer_model_balance/model-0000.params"
2024-04-07 12:13:46,581 [INFO]  Epoch[0] Validation-cross-entropy=0.080172
2024-04-07 12:13:46,581 [INFO]  Epoch[0] Validation-balance-accuracy=0.000000
2024-04-07 12:13:46,911 [INFO]  Epoch[1] Batch [0-102]	Speed: 4972.62 samples/sec	cross-entropy=0.053037	balance-accuracy=0.000000
2024-04-07 12:13:47,031 [INFO]  Epoch[1] Train-cross-entropy=0.058793
2024-04-07 12:13:47,031 [INFO]  Epoch[1] Train-balance-accuracy=0.000000
2024-04-07 12:13:47,031 [INFO]  Epoch[1] Time cost=0.450
2024-04-07 12:13:47,033 [INFO]  Saved checkpoint to "./imputer_model/17_bank/imputer_model_balance/model-0001.params"
2024-04-07 12:13:47,045 [INFO]  Epoch[1] Validation-cross-entropy=0.107427
2024-04-07 12:13:47,045 [INFO]  Epoch[1] Validation-balance-accuracy=0.000000
2024-04-07 12:13:47,163 [INFO]  Epoch[2] Batch [0-102]	Speed: 13949.39 samples/sec	cross-entropy=0.042183	balance-accuracy=0.000000
2024-04-07 12:13:47,470 [INFO]  Epoch[2] Train-cross-entropy=0.027239
2024-04-07 12:13:47,470 [INFO]  Epoch[2] Train-balance-accuracy=0.000000
2024-04-07 12:13:47,470 [INFO]  Epoch[2] Time cost=0.425
2024-04-07 12:13:47,472 [INFO]  Saved checkpoint to "./imputer_model/17_bank/imputer_model_balance/model-0002.params"
2024-04-07 12:13:47,485 [INFO]  Epoch[2] Validation-cross-entropy=0.062177
2024-04-07 12:13:47,485 [INFO]  Epoch[2] Validation-balance-accuracy=0.000000
2024-04-07 12:13:47,626 [INFO]  Epoch[3] Batch [0-102]	Speed: 11749.70 samples/sec	cross-entropy=0.026471	balance-accuracy=0.000000
2024-04-07 12:13:48,252 [INFO]  Epoch[3] Train-cross-entropy=0.026758
2024-04-07 12:13:48,252 [INFO]  Epoch[3] Train-balance-accuracy=0.000000
2024-04-07 12:13:48,252 [INFO]  Epoch[3] Time cost=0.767
2024-04-07 12:13:48,254 [INFO]  Saved checkpoint to "./imputer_model/17_bank/imputer_model_balance/model-0003.params"
2024-04-07 12:13:48,264 [INFO]  Epoch[3] Validation-cross-entropy=0.018002
2024-04-07 12:13:48,265 [INFO]  Epoch[3] Validation-balance-accuracy=0.000000
2024-04-07 12:13:48,396 [INFO]  Epoch[4] Batch [0-102]	Speed: 12536.15 samples/sec	cross-entropy=0.017336	balance-accuracy=0.000000
2024-04-07 12:13:48,738 [INFO]  Epoch[4] Train-cross-entropy=0.026396
2024-04-07 12:13:48,738 [INFO]  Epoch[4] Train-balance-accuracy=0.000000
2024-04-07 12:13:48,738 [INFO]  Epoch[4] Time cost=0.474
2024-04-07 12:13:48,740 [INFO]  Saved checkpoint to "./imputer_model/17_bank/imputer_model_balance/model-0004.params"
2024-04-07 12:13:48,769 [INFO]  Epoch[4] Validation-cross-entropy=0.028641
2024-04-07 12:13:48,770 [INFO]  Epoch[4] Validation-balance-accuracy=0.000000
2024-04-07 12:13:48,770 [INFO]  
========== done (2.9523394107818604 s) fit model
2024-04-07 12:14:43,109 [INFO]  
========== start: fit model
2024-04-07 12:14:43,109 [WARNING]  Already bound, ignoring bind()
2024-04-07 12:14:43,414 [INFO]  Epoch[0] Batch [0-102]	Speed: 5420.11 samples/sec	cross-entropy=1.437893	balance-accuracy=3.058252
2024-04-07 12:14:43,983 [INFO]  Epoch[0] Train-cross-entropy=0.062821
2024-04-07 12:14:43,983 [INFO]  Epoch[0] Train-balance-accuracy=3.128713
2024-04-07 12:14:43,983 [INFO]  Epoch[0] Time cost=0.873
2024-04-07 12:14:43,985 [INFO]  Saved checkpoint to "./imputer_model/17_bank/imputer_model_balance/model-0000.params"
2024-04-07 12:14:43,995 [INFO]  Epoch[0] Validation-cross-entropy=0.055319
2024-04-07 12:14:43,995 [INFO]  Epoch[0] Validation-balance-accuracy=0.000000
2024-04-07 12:14:44,439 [INFO]  Epoch[1] Batch [0-102]	Speed: 3687.42 samples/sec	cross-entropy=0.037820	balance-accuracy=3.058252
2024-04-07 12:14:44,728 [INFO]  Epoch[1] Train-cross-entropy=0.113539
2024-04-07 12:14:44,728 [INFO]  Epoch[1] Train-balance-accuracy=3.128713
2024-04-07 12:14:44,728 [INFO]  Epoch[1] Time cost=0.733
2024-04-07 12:14:44,730 [INFO]  Saved checkpoint to "./imputer_model/17_bank/imputer_model_balance/model-0001.params"
2024-04-07 12:14:44,740 [INFO]  Epoch[1] Validation-cross-entropy=0.166067
2024-04-07 12:14:44,740 [INFO]  Epoch[1] Validation-balance-accuracy=0.000000
2024-04-07 12:14:44,855 [INFO]  Epoch[2] Batch [0-102]	Speed: 14400.98 samples/sec	cross-entropy=0.031156	balance-accuracy=3.058252
2024-04-07 12:14:45,000 [INFO]  Epoch[2] Train-cross-entropy=0.024609
2024-04-07 12:14:45,000 [INFO]  Epoch[2] Train-balance-accuracy=3.128713
2024-04-07 12:14:45,000 [INFO]  Epoch[2] Time cost=0.260
2024-04-07 12:14:45,002 [INFO]  Saved checkpoint to "./imputer_model/17_bank/imputer_model_balance/model-0002.params"
2024-04-07 12:14:45,011 [INFO]  Epoch[2] Validation-cross-entropy=0.020050
2024-04-07 12:14:45,011 [INFO]  Epoch[2] Validation-balance-accuracy=0.000000
2024-04-07 12:14:45,125 [INFO]  Epoch[3] Batch [0-102]	Speed: 14498.01 samples/sec	cross-entropy=0.055603	balance-accuracy=3.058252
2024-04-07 12:14:45,385 [INFO]  Epoch[3] Train-cross-entropy=0.054213
2024-04-07 12:14:45,386 [INFO]  Epoch[3] Train-balance-accuracy=3.128713
2024-04-07 12:14:45,386 [INFO]  Epoch[3] Time cost=0.375
2024-04-07 12:14:45,387 [INFO]  Saved checkpoint to "./imputer_model/17_bank/imputer_model_balance/model-0003.params"
2024-04-07 12:14:45,397 [INFO]  Epoch[3] Validation-cross-entropy=0.050681
2024-04-07 12:14:45,397 [INFO]  Epoch[3] Validation-balance-accuracy=0.000000
2024-04-07 12:14:45,686 [INFO]  Epoch[4] Batch [0-102]	Speed: 5688.45 samples/sec	cross-entropy=0.037419	balance-accuracy=3.058252
2024-04-07 12:14:46,230 [INFO]  Epoch[4] Train-cross-entropy=0.031248
2024-04-07 12:14:46,231 [INFO]  Epoch[4] Train-balance-accuracy=3.128713
2024-04-07 12:14:46,231 [INFO]  Epoch[4] Time cost=0.833
2024-04-07 12:14:46,232 [INFO]  Saved checkpoint to "./imputer_model/17_bank/imputer_model_balance/model-0004.params"
2024-04-07 12:14:46,256 [INFO]  Epoch[4] Validation-cross-entropy=0.030376
2024-04-07 12:14:46,256 [INFO]  Epoch[4] Validation-balance-accuracy=0.000000
2024-04-07 12:14:46,256 [INFO]  
========== done (3.146563768386841 s) fit model
2024-04-07 12:15:46,086 [INFO]  
========== start: fit model
2024-04-07 12:15:46,086 [WARNING]  Already bound, ignoring bind()
2024-04-07 12:15:46,265 [INFO]  Epoch[0] Batch [0-102]	Speed: 9278.87 samples/sec	cross-entropy=1.719417	balance-accuracy=0.000000
2024-04-07 12:15:46,415 [INFO]  Epoch[0] Train-cross-entropy=0.069451
2024-04-07 12:15:46,415 [INFO]  Epoch[0] Train-balance-accuracy=0.000000
2024-04-07 12:15:46,415 [INFO]  Epoch[0] Time cost=0.328
2024-04-07 12:15:46,418 [INFO]  Saved checkpoint to "./imputer_model/17_bank/imputer_model_balance/model-0000.params"
2024-04-07 12:15:46,428 [INFO]  Epoch[0] Validation-cross-entropy=0.094482
2024-04-07 12:15:46,428 [INFO]  Epoch[0] Validation-balance-accuracy=0.000000
2024-04-07 12:15:46,560 [INFO]  Epoch[1] Batch [0-102]	Speed: 12540.01 samples/sec	cross-entropy=0.065292	balance-accuracy=0.000000
2024-04-07 12:15:47,324 [INFO]  Epoch[1] Train-cross-entropy=0.057182
2024-04-07 12:15:47,324 [INFO]  Epoch[1] Train-balance-accuracy=0.000000
2024-04-07 12:15:47,324 [INFO]  Epoch[1] Time cost=0.896
2024-04-07 12:15:47,326 [INFO]  Saved checkpoint to "./imputer_model/17_bank/imputer_model_balance/model-0001.params"
2024-04-07 12:15:47,352 [INFO]  Epoch[1] Validation-cross-entropy=0.142195
2024-04-07 12:15:47,352 [INFO]  Epoch[1] Validation-balance-accuracy=0.000000
2024-04-07 12:15:47,673 [INFO]  Epoch[2] Batch [0-102]	Speed: 5226.33 samples/sec	cross-entropy=0.070683	balance-accuracy=0.000000
2024-04-07 12:15:47,783 [INFO]  Epoch[2] Train-cross-entropy=0.047461
2024-04-07 12:15:47,784 [INFO]  Epoch[2] Train-balance-accuracy=0.000000
2024-04-07 12:15:47,784 [INFO]  Epoch[2] Time cost=0.432
2024-04-07 12:15:47,786 [INFO]  Saved checkpoint to "./imputer_model/17_bank/imputer_model_balance/model-0002.params"
2024-04-07 12:15:47,796 [INFO]  Epoch[2] Validation-cross-entropy=0.123820
2024-04-07 12:15:47,796 [INFO]  Epoch[2] Validation-balance-accuracy=0.000000
2024-04-07 12:15:48,694 [INFO]  Epoch[3] Batch [0-102]	Speed: 1821.14 samples/sec	cross-entropy=0.055848	balance-accuracy=0.000000
2024-04-07 12:15:48,810 [INFO]  Epoch[3] Train-cross-entropy=0.043822
2024-04-07 12:15:48,810 [INFO]  Epoch[3] Train-balance-accuracy=0.000000
2024-04-07 12:15:48,810 [INFO]  Epoch[3] Time cost=1.014
2024-04-07 12:15:48,812 [INFO]  Saved checkpoint to "./imputer_model/17_bank/imputer_model_balance/model-0003.params"
2024-04-07 12:15:48,823 [INFO]  Epoch[3] Validation-cross-entropy=0.144353
2024-04-07 12:15:48,823 [INFO]  Epoch[3] Validation-balance-accuracy=0.000000
2024-04-07 12:15:48,944 [INFO]  Epoch[4] Batch [0-102]	Speed: 13744.14 samples/sec	cross-entropy=0.056782	balance-accuracy=0.000000
2024-04-07 12:15:49,252 [INFO]  Epoch[4] Train-cross-entropy=0.029355
2024-04-07 12:15:49,253 [INFO]  Epoch[4] Train-balance-accuracy=0.000000
2024-04-07 12:15:49,253 [INFO]  Epoch[4] Time cost=0.429
2024-04-07 12:15:49,256 [INFO]  Saved checkpoint to "./imputer_model/17_bank/imputer_model_balance/model-0004.params"
2024-04-07 12:15:49,272 [INFO]  Epoch[4] Validation-cross-entropy=0.195614
2024-04-07 12:15:49,272 [INFO]  Epoch[4] Validation-balance-accuracy=0.000000
2024-04-07 12:15:49,272 [INFO]  
========== done (3.1862223148345947 s) fit model
2024-04-07 12:16:43,856 [INFO]  
========== start: fit model
2024-04-07 12:16:43,856 [WARNING]  Already bound, ignoring bind()
2024-04-07 12:16:44,057 [INFO]  Epoch[0] Batch [0-102]	Speed: 8208.32 samples/sec	cross-entropy=2.264104	balance-accuracy=2.961165
2024-04-07 12:16:44,420 [INFO]  Epoch[0] Train-cross-entropy=0.061543
2024-04-07 12:16:44,420 [INFO]  Epoch[0] Train-balance-accuracy=3.089109
2024-04-07 12:16:44,420 [INFO]  Epoch[0] Time cost=0.564
2024-04-07 12:16:44,423 [INFO]  Saved checkpoint to "./imputer_model/17_bank/imputer_model_balance/model-0000.params"
2024-04-07 12:16:44,436 [INFO]  Epoch[0] Validation-cross-entropy=0.046670
2024-04-07 12:16:44,436 [INFO]  Epoch[0] Validation-balance-accuracy=0.000000
2024-04-07 12:16:44,737 [INFO]  Epoch[1] Batch [0-102]	Speed: 5454.89 samples/sec	cross-entropy=0.054104	balance-accuracy=2.961165
2024-04-07 12:16:44,822 [INFO]  Epoch[1] Train-cross-entropy=0.030613
2024-04-07 12:16:44,823 [INFO]  Epoch[1] Train-balance-accuracy=3.089109
2024-04-07 12:16:44,823 [INFO]  Epoch[1] Time cost=0.387
2024-04-07 12:16:44,824 [INFO]  Saved checkpoint to "./imputer_model/17_bank/imputer_model_balance/model-0001.params"
2024-04-07 12:16:44,831 [INFO]  Epoch[1] Validation-cross-entropy=0.025133
2024-04-07 12:16:44,831 [INFO]  Epoch[1] Validation-balance-accuracy=0.000000
2024-04-07 12:16:45,387 [INFO]  Epoch[2] Batch [0-102]	Speed: 2980.80 samples/sec	cross-entropy=0.058048	balance-accuracy=2.961165
2024-04-07 12:16:45,505 [INFO]  Epoch[2] Train-cross-entropy=0.028588
2024-04-07 12:16:45,505 [INFO]  Epoch[2] Train-balance-accuracy=3.089109
2024-04-07 12:16:45,505 [INFO]  Epoch[2] Time cost=0.674
2024-04-07 12:16:45,507 [INFO]  Saved checkpoint to "./imputer_model/17_bank/imputer_model_balance/model-0002.params"
2024-04-07 12:16:45,517 [INFO]  Epoch[2] Validation-cross-entropy=0.019227
2024-04-07 12:16:45,517 [INFO]  Epoch[2] Validation-balance-accuracy=0.000000
2024-04-07 12:16:46,043 [INFO]  Epoch[3] Batch [0-102]	Speed: 3110.12 samples/sec	cross-entropy=0.048810	balance-accuracy=2.961165
2024-04-07 12:16:46,157 [INFO]  Epoch[3] Train-cross-entropy=0.031890
2024-04-07 12:16:46,157 [INFO]  Epoch[3] Train-balance-accuracy=3.089109
2024-04-07 12:16:46,157 [INFO]  Epoch[3] Time cost=0.640
2024-04-07 12:16:46,159 [INFO]  Saved checkpoint to "./imputer_model/17_bank/imputer_model_balance/model-0003.params"
2024-04-07 12:16:46,169 [INFO]  Epoch[3] Validation-cross-entropy=0.016544
2024-04-07 12:16:46,169 [INFO]  Epoch[3] Validation-balance-accuracy=0.000000
2024-04-07 12:16:46,471 [INFO]  Epoch[4] Batch [0-102]	Speed: 5424.33 samples/sec	cross-entropy=0.021859	balance-accuracy=2.961165
2024-04-07 12:16:47,591 [INFO]  Epoch[4] Train-cross-entropy=0.024610
2024-04-07 12:16:47,591 [INFO]  Epoch[4] Train-balance-accuracy=3.089109
2024-04-07 12:16:47,591 [INFO]  Epoch[4] Time cost=1.423
2024-04-07 12:16:47,593 [INFO]  Saved checkpoint to "./imputer_model/17_bank/imputer_model_balance/model-0004.params"
2024-04-07 12:16:47,599 [INFO]  Epoch[4] Validation-cross-entropy=0.014058
2024-04-07 12:16:47,599 [INFO]  Epoch[4] Validation-balance-accuracy=0.000000
2024-04-07 12:16:47,599 [INFO]  
========== done (3.7432968616485596 s) fit model
2024-04-07 12:17:41,622 [INFO]  
========== start: fit model
2024-04-07 12:17:41,622 [WARNING]  Already bound, ignoring bind()
2024-04-07 12:17:41,852 [INFO]  Epoch[0] Batch [0-102]	Speed: 14136.00 samples/sec	cross-entropy=2.565688	balance-accuracy=0.000000
2024-04-07 12:17:41,963 [INFO]  Epoch[0] Train-cross-entropy=0.087019
2024-04-07 12:17:41,963 [INFO]  Epoch[0] Train-balance-accuracy=0.000000
2024-04-07 12:17:41,963 [INFO]  Epoch[0] Time cost=0.340
2024-04-07 12:17:41,965 [INFO]  Saved checkpoint to "./imputer_model/17_bank/imputer_model_balance/model-0000.params"
2024-04-07 12:17:41,974 [INFO]  Epoch[0] Validation-cross-entropy=0.181723
2024-04-07 12:17:41,975 [INFO]  Epoch[0] Validation-balance-accuracy=0.000000
2024-04-07 12:17:42,439 [INFO]  Epoch[1] Batch [0-102]	Speed: 3529.83 samples/sec	cross-entropy=0.058116	balance-accuracy=0.000000
2024-04-07 12:17:42,624 [INFO]  Epoch[1] Train-cross-entropy=0.039343
2024-04-07 12:17:42,625 [INFO]  Epoch[1] Train-balance-accuracy=0.000000
2024-04-07 12:17:42,625 [INFO]  Epoch[1] Time cost=0.650
2024-04-07 12:17:42,627 [INFO]  Saved checkpoint to "./imputer_model/17_bank/imputer_model_balance/model-0001.params"
2024-04-07 12:17:42,636 [INFO]  Epoch[1] Validation-cross-entropy=0.028013
2024-04-07 12:17:42,636 [INFO]  Epoch[1] Validation-balance-accuracy=0.000000
2024-04-07 12:17:43,034 [INFO]  Epoch[2] Batch [0-102]	Speed: 4115.46 samples/sec	cross-entropy=0.028309	balance-accuracy=0.000000
2024-04-07 12:17:43,477 [INFO]  Epoch[2] Train-cross-entropy=0.067213
2024-04-07 12:17:43,477 [INFO]  Epoch[2] Train-balance-accuracy=0.000000
2024-04-07 12:17:43,477 [INFO]  Epoch[2] Time cost=0.841
2024-04-07 12:17:43,480 [INFO]  Saved checkpoint to "./imputer_model/17_bank/imputer_model_balance/model-0002.params"
2024-04-07 12:17:43,491 [INFO]  Epoch[2] Validation-cross-entropy=0.019091
2024-04-07 12:17:43,491 [INFO]  Epoch[2] Validation-balance-accuracy=0.000000
2024-04-07 12:17:43,660 [INFO]  Epoch[3] Batch [0-102]	Speed: 9730.46 samples/sec	cross-entropy=0.018377	balance-accuracy=0.000000
2024-04-07 12:17:43,773 [INFO]  Epoch[3] Train-cross-entropy=0.058226
2024-04-07 12:17:43,773 [INFO]  Epoch[3] Train-balance-accuracy=0.000000
2024-04-07 12:17:43,773 [INFO]  Epoch[3] Time cost=0.282
2024-04-07 12:17:43,775 [INFO]  Saved checkpoint to "./imputer_model/17_bank/imputer_model_balance/model-0003.params"
2024-04-07 12:17:43,788 [INFO]  Epoch[3] Validation-cross-entropy=0.034586
2024-04-07 12:17:43,788 [INFO]  Epoch[3] Validation-balance-accuracy=0.000000
2024-04-07 12:17:44,671 [INFO]  Epoch[4] Batch [0-102]	Speed: 1853.19 samples/sec	cross-entropy=0.015834	balance-accuracy=0.000000
2024-04-07 12:17:45,288 [INFO]  Epoch[4] Train-cross-entropy=0.046568
2024-04-07 12:17:45,288 [INFO]  Epoch[4] Train-balance-accuracy=0.000000
2024-04-07 12:17:45,288 [INFO]  Epoch[4] Time cost=1.500
2024-04-07 12:17:45,290 [INFO]  Saved checkpoint to "./imputer_model/17_bank/imputer_model_balance/model-0004.params"
2024-04-07 12:17:45,296 [INFO]  Epoch[4] Validation-cross-entropy=0.041670
2024-04-07 12:17:45,296 [INFO]  Epoch[4] Validation-balance-accuracy=0.000000
2024-04-07 12:17:45,296 [INFO]  
========== done (3.6738831996917725 s) fit model
2024-04-07 12:18:40,457 [INFO]  
========== start: fit model
2024-04-07 12:18:40,457 [WARNING]  Already bound, ignoring bind()
2024-04-07 12:18:40,717 [INFO]  Epoch[0] Batch [0-102]	Speed: 6330.91 samples/sec	cross-entropy=1.480708	balance-accuracy=2.980583
2024-04-07 12:18:41,012 [INFO]  Epoch[0] Train-cross-entropy=0.075323
2024-04-07 12:18:41,012 [INFO]  Epoch[0] Train-balance-accuracy=3.158416
2024-04-07 12:18:41,012 [INFO]  Epoch[0] Time cost=0.554
2024-04-07 12:18:41,014 [INFO]  Saved checkpoint to "./imputer_model/17_bank/imputer_model_balance/model-0000.params"
2024-04-07 12:18:41,024 [INFO]  Epoch[0] Validation-cross-entropy=0.083540
2024-04-07 12:18:41,024 [INFO]  Epoch[0] Validation-balance-accuracy=0.000000
2024-04-07 12:18:41,156 [INFO]  Epoch[1] Batch [0-102]	Speed: 12582.52 samples/sec	cross-entropy=0.069146	balance-accuracy=2.980583
2024-04-07 12:18:41,485 [INFO]  Epoch[1] Train-cross-entropy=0.032851
2024-04-07 12:18:41,485 [INFO]  Epoch[1] Train-balance-accuracy=3.158416
2024-04-07 12:18:41,485 [INFO]  Epoch[1] Time cost=0.461
2024-04-07 12:18:41,487 [INFO]  Saved checkpoint to "./imputer_model/17_bank/imputer_model_balance/model-0001.params"
2024-04-07 12:18:41,497 [INFO]  Epoch[1] Validation-cross-entropy=0.049316
2024-04-07 12:18:41,497 [INFO]  Epoch[1] Validation-balance-accuracy=0.000000
2024-04-07 12:18:41,702 [INFO]  Epoch[2] Batch [0-102]	Speed: 8036.30 samples/sec	cross-entropy=0.030176	balance-accuracy=2.980583
2024-04-07 12:18:41,839 [INFO]  Epoch[2] Train-cross-entropy=0.120429
2024-04-07 12:18:41,839 [INFO]  Epoch[2] Train-balance-accuracy=3.158416
2024-04-07 12:18:41,839 [INFO]  Epoch[2] Time cost=0.342
2024-04-07 12:18:41,843 [INFO]  Saved checkpoint to "./imputer_model/17_bank/imputer_model_balance/model-0002.params"
2024-04-07 12:18:41,862 [INFO]  Epoch[2] Validation-cross-entropy=0.117928
2024-04-07 12:18:41,863 [INFO]  Epoch[2] Validation-balance-accuracy=0.000000
2024-04-07 12:18:42,009 [INFO]  Epoch[3] Batch [0-102]	Speed: 11234.37 samples/sec	cross-entropy=0.064672	balance-accuracy=2.980583
2024-04-07 12:18:42,119 [INFO]  Epoch[3] Train-cross-entropy=0.021463
2024-04-07 12:18:42,119 [INFO]  Epoch[3] Train-balance-accuracy=3.158416
2024-04-07 12:18:42,119 [INFO]  Epoch[3] Time cost=0.257
2024-04-07 12:18:42,121 [INFO]  Saved checkpoint to "./imputer_model/17_bank/imputer_model_balance/model-0003.params"
2024-04-07 12:18:42,131 [INFO]  Epoch[3] Validation-cross-entropy=0.025103
2024-04-07 12:18:42,131 [INFO]  Epoch[3] Validation-balance-accuracy=0.000000
2024-04-07 12:18:42,247 [INFO]  Epoch[4] Batch [0-102]	Speed: 14290.91 samples/sec	cross-entropy=0.013489	balance-accuracy=2.980583
2024-04-07 12:18:43,110 [INFO]  Epoch[4] Train-cross-entropy=0.082570
2024-04-07 12:18:43,111 [INFO]  Epoch[4] Train-balance-accuracy=3.158416
2024-04-07 12:18:43,111 [INFO]  Epoch[4] Time cost=0.980
2024-04-07 12:18:43,112 [INFO]  Saved checkpoint to "./imputer_model/17_bank/imputer_model_balance/model-0004.params"
2024-04-07 12:18:43,123 [INFO]  Epoch[4] Validation-cross-entropy=0.130222
2024-04-07 12:18:43,123 [INFO]  Epoch[4] Validation-balance-accuracy=0.000000
2024-04-07 12:18:43,123 [INFO]  
========== done (2.6663854122161865 s) fit model
2024-04-07 12:19:44,774 [INFO]  
========== start: fit model
2024-04-07 12:19:44,774 [WARNING]  Already bound, ignoring bind()
2024-04-07 12:19:45,214 [INFO]  Epoch[0] Batch [0-102]	Speed: 4114.49 samples/sec	cross-entropy=12.338871	balance-accuracy=0.000000
2024-04-07 12:19:45,419 [INFO]  Epoch[0] Train-cross-entropy=0.486011
2024-04-07 12:19:45,419 [INFO]  Epoch[0] Train-balance-accuracy=0.000000
2024-04-07 12:19:45,419 [INFO]  Epoch[0] Time cost=0.643
2024-04-07 12:19:45,421 [INFO]  Saved checkpoint to "./imputer_model/17_bank/imputer_model_balance/model-0000.params"
2024-04-07 12:19:45,431 [INFO]  Epoch[0] Validation-cross-entropy=0.074502
2024-04-07 12:19:45,431 [INFO]  Epoch[0] Validation-balance-accuracy=0.000000
2024-04-07 12:19:45,602 [INFO]  Epoch[1] Batch [0-102]	Speed: 9629.04 samples/sec	cross-entropy=0.112701	balance-accuracy=0.000000
2024-04-07 12:19:45,790 [INFO]  Epoch[1] Train-cross-entropy=0.061793
2024-04-07 12:19:45,790 [INFO]  Epoch[1] Train-balance-accuracy=0.000000
2024-04-07 12:19:45,791 [INFO]  Epoch[1] Time cost=0.360
2024-04-07 12:19:45,792 [INFO]  Saved checkpoint to "./imputer_model/17_bank/imputer_model_balance/model-0001.params"
2024-04-07 12:19:45,799 [INFO]  Epoch[1] Validation-cross-entropy=0.052022
2024-04-07 12:19:45,799 [INFO]  Epoch[1] Validation-balance-accuracy=0.000000
2024-04-07 12:19:46,191 [INFO]  Epoch[2] Batch [0-102]	Speed: 4179.67 samples/sec	cross-entropy=0.041056	balance-accuracy=0.000000
2024-04-07 12:19:46,321 [INFO]  Epoch[2] Train-cross-entropy=0.031889
2024-04-07 12:19:46,321 [INFO]  Epoch[2] Train-balance-accuracy=0.000000
2024-04-07 12:19:46,321 [INFO]  Epoch[2] Time cost=0.522
2024-04-07 12:19:46,323 [INFO]  Saved checkpoint to "./imputer_model/17_bank/imputer_model_balance/model-0002.params"
2024-04-07 12:19:46,559 [INFO]  Epoch[2] Validation-cross-entropy=0.043041
2024-04-07 12:19:46,559 [INFO]  Epoch[2] Validation-balance-accuracy=0.000000
2024-04-07 12:19:47,180 [INFO]  Epoch[3] Batch [0-102]	Speed: 2636.19 samples/sec	cross-entropy=0.030481	balance-accuracy=0.000000
2024-04-07 12:19:47,623 [INFO]  Epoch[3] Train-cross-entropy=0.021255
2024-04-07 12:19:47,623 [INFO]  Epoch[3] Train-balance-accuracy=0.000000
2024-04-07 12:19:47,623 [INFO]  Epoch[3] Time cost=1.063
2024-04-07 12:19:47,625 [INFO]  Saved checkpoint to "./imputer_model/17_bank/imputer_model_balance/model-0003.params"
2024-04-07 12:19:47,634 [INFO]  Epoch[3] Validation-cross-entropy=0.047820
2024-04-07 12:19:47,635 [INFO]  Epoch[3] Validation-balance-accuracy=0.000000
2024-04-07 12:19:47,750 [INFO]  Epoch[4] Batch [0-102]	Speed: 14249.89 samples/sec	cross-entropy=0.027411	balance-accuracy=0.000000
2024-04-07 12:19:47,862 [INFO]  Epoch[4] Train-cross-entropy=0.035028
2024-04-07 12:19:47,862 [INFO]  Epoch[4] Train-balance-accuracy=0.000000
2024-04-07 12:19:47,863 [INFO]  Epoch[4] Time cost=0.228
2024-04-07 12:19:47,865 [INFO]  Saved checkpoint to "./imputer_model/17_bank/imputer_model_balance/model-0004.params"
2024-04-07 12:19:47,876 [INFO]  Epoch[4] Validation-cross-entropy=0.122636
2024-04-07 12:19:47,876 [INFO]  Epoch[4] Validation-balance-accuracy=0.000000
2024-04-07 12:19:47,876 [INFO]  
========== done (3.10235595703125 s) fit model
2024-04-07 12:20:45,329 [INFO]  
========== start: fit model
2024-04-07 12:20:45,329 [WARNING]  Already bound, ignoring bind()
2024-04-07 12:20:46,616 [INFO]  Epoch[0] Batch [0-102]	Speed: 1749.14 samples/sec	cross-entropy=4.591935	balance-accuracy=3.165049
2024-04-07 12:20:46,728 [INFO]  Epoch[0] Train-cross-entropy=0.179723
2024-04-07 12:20:46,729 [INFO]  Epoch[0] Train-balance-accuracy=3.009901
2024-04-07 12:20:46,729 [INFO]  Epoch[0] Time cost=1.398
2024-04-07 12:20:46,731 [INFO]  Saved checkpoint to "./imputer_model/17_bank/imputer_model_balance/model-0000.params"
2024-04-07 12:20:46,740 [INFO]  Epoch[0] Validation-cross-entropy=0.164788
2024-04-07 12:20:46,740 [INFO]  Epoch[0] Validation-balance-accuracy=0.000000
2024-04-07 12:20:46,863 [INFO]  Epoch[1] Batch [0-102]	Speed: 13383.56 samples/sec	cross-entropy=0.070987	balance-accuracy=3.165049
2024-04-07 12:20:47,176 [INFO]  Epoch[1] Train-cross-entropy=0.070639
2024-04-07 12:20:47,176 [INFO]  Epoch[1] Train-balance-accuracy=3.009901
2024-04-07 12:20:47,176 [INFO]  Epoch[1] Time cost=0.436
2024-04-07 12:20:47,179 [INFO]  Saved checkpoint to "./imputer_model/17_bank/imputer_model_balance/model-0001.params"
2024-04-07 12:20:47,190 [INFO]  Epoch[1] Validation-cross-entropy=0.058131
2024-04-07 12:20:47,190 [INFO]  Epoch[1] Validation-balance-accuracy=0.000000
2024-04-07 12:20:47,354 [INFO]  Epoch[2] Batch [0-102]	Speed: 10013.17 samples/sec	cross-entropy=0.048749	balance-accuracy=3.165049
2024-04-07 12:20:47,468 [INFO]  Epoch[2] Train-cross-entropy=0.040234
2024-04-07 12:20:47,469 [INFO]  Epoch[2] Train-balance-accuracy=3.009901
2024-04-07 12:20:47,469 [INFO]  Epoch[2] Time cost=0.279
2024-04-07 12:20:47,471 [INFO]  Saved checkpoint to "./imputer_model/17_bank/imputer_model_balance/model-0002.params"
2024-04-07 12:20:47,481 [INFO]  Epoch[2] Validation-cross-entropy=0.037752
2024-04-07 12:20:47,481 [INFO]  Epoch[2] Validation-balance-accuracy=0.000000
2024-04-07 12:20:47,651 [INFO]  Epoch[3] Batch [0-102]	Speed: 9681.39 samples/sec	cross-entropy=0.025948	balance-accuracy=3.165049
2024-04-07 12:20:47,755 [INFO]  Epoch[3] Train-cross-entropy=0.026836
2024-04-07 12:20:47,755 [INFO]  Epoch[3] Train-balance-accuracy=3.009901
2024-04-07 12:20:47,755 [INFO]  Epoch[3] Time cost=0.274
2024-04-07 12:20:47,757 [INFO]  Saved checkpoint to "./imputer_model/17_bank/imputer_model_balance/model-0003.params"
2024-04-07 12:20:47,766 [INFO]  Epoch[3] Validation-cross-entropy=0.035193
2024-04-07 12:20:47,767 [INFO]  Epoch[3] Validation-balance-accuracy=0.000000
2024-04-07 12:20:47,988 [INFO]  Epoch[4] Batch [0-102]	Speed: 7455.92 samples/sec	cross-entropy=0.021953	balance-accuracy=3.165049
2024-04-07 12:20:48,115 [INFO]  Epoch[4] Train-cross-entropy=0.022614
2024-04-07 12:20:48,115 [INFO]  Epoch[4] Train-balance-accuracy=3.009901
2024-04-07 12:20:48,115 [INFO]  Epoch[4] Time cost=0.348
2024-04-07 12:20:48,117 [INFO]  Saved checkpoint to "./imputer_model/17_bank/imputer_model_balance/model-0004.params"
2024-04-07 12:20:48,244 [INFO]  Epoch[4] Validation-cross-entropy=0.028564
2024-04-07 12:20:48,244 [INFO]  Epoch[4] Validation-balance-accuracy=0.000000
2024-04-07 12:20:48,244 [INFO]  
========== done (2.9148216247558594 s) fit model
2024-04-07 12:21:43,770 [INFO]  
========== start: fit model
2024-04-07 12:21:43,770 [WARNING]  Already bound, ignoring bind()
2024-04-07 12:21:44,247 [INFO]  Epoch[0] Batch [0-102]	Speed: 5178.79 samples/sec	cross-entropy=2.097468	balance-accuracy=3.097087
2024-04-07 12:21:45,099 [INFO]  Epoch[0] Train-cross-entropy=0.127489
2024-04-07 12:21:45,099 [INFO]  Epoch[0] Train-balance-accuracy=3.366337
2024-04-07 12:21:45,099 [INFO]  Epoch[0] Time cost=1.328
2024-04-07 12:21:45,101 [INFO]  Saved checkpoint to "./imputer_model/17_bank/imputer_model_balance/model-0000.params"
2024-04-07 12:21:45,111 [INFO]  Epoch[0] Validation-cross-entropy=0.226527
2024-04-07 12:21:45,111 [INFO]  Epoch[0] Validation-balance-accuracy=0.000000
2024-04-07 12:21:45,544 [INFO]  Epoch[1] Batch [0-102]	Speed: 3781.45 samples/sec	cross-entropy=0.085803	balance-accuracy=3.097087
2024-04-07 12:21:45,967 [INFO]  Epoch[1] Train-cross-entropy=0.040641
2024-04-07 12:21:45,967 [INFO]  Epoch[1] Train-balance-accuracy=3.366337
2024-04-07 12:21:45,967 [INFO]  Epoch[1] Time cost=0.856
2024-04-07 12:21:45,969 [INFO]  Saved checkpoint to "./imputer_model/17_bank/imputer_model_balance/model-0001.params"
2024-04-07 12:21:45,979 [INFO]  Epoch[1] Validation-cross-entropy=0.039504
2024-04-07 12:21:45,979 [INFO]  Epoch[1] Validation-balance-accuracy=0.000000
2024-04-07 12:21:46,112 [INFO]  Epoch[2] Batch [0-102]	Speed: 12402.93 samples/sec	cross-entropy=0.037287	balance-accuracy=3.097087
2024-04-07 12:21:46,359 [INFO]  Epoch[2] Train-cross-entropy=0.024494
2024-04-07 12:21:46,359 [INFO]  Epoch[2] Train-balance-accuracy=3.366337
2024-04-07 12:21:46,359 [INFO]  Epoch[2] Time cost=0.380
2024-04-07 12:21:46,361 [INFO]  Saved checkpoint to "./imputer_model/17_bank/imputer_model_balance/model-0002.params"
2024-04-07 12:21:46,524 [INFO]  Epoch[2] Validation-cross-entropy=0.019035
2024-04-07 12:21:46,524 [INFO]  Epoch[2] Validation-balance-accuracy=0.000000
2024-04-07 12:21:46,634 [INFO]  Epoch[3] Batch [0-102]	Speed: 15014.26 samples/sec	cross-entropy=0.023159	balance-accuracy=3.097087
2024-04-07 12:21:46,734 [INFO]  Epoch[3] Train-cross-entropy=0.030063
2024-04-07 12:21:46,735 [INFO]  Epoch[3] Train-balance-accuracy=3.366337
2024-04-07 12:21:46,735 [INFO]  Epoch[3] Time cost=0.211
2024-04-07 12:21:46,737 [INFO]  Saved checkpoint to "./imputer_model/17_bank/imputer_model_balance/model-0003.params"
2024-04-07 12:21:46,751 [INFO]  Epoch[3] Validation-cross-entropy=0.017399
2024-04-07 12:21:46,751 [INFO]  Epoch[3] Validation-balance-accuracy=0.000000
2024-04-07 12:21:46,878 [INFO]  Epoch[4] Batch [0-102]	Speed: 14290.11 samples/sec	cross-entropy=0.019220	balance-accuracy=3.097087
2024-04-07 12:21:46,974 [INFO]  Epoch[4] Train-cross-entropy=0.017075
2024-04-07 12:21:46,974 [INFO]  Epoch[4] Train-balance-accuracy=3.366337
2024-04-07 12:21:46,974 [INFO]  Epoch[4] Time cost=0.223
2024-04-07 12:21:46,975 [INFO]  Saved checkpoint to "./imputer_model/17_bank/imputer_model_balance/model-0004.params"
2024-04-07 12:21:46,995 [INFO]  Epoch[4] Validation-cross-entropy=0.013534
2024-04-07 12:21:46,995 [INFO]  Epoch[4] Validation-balance-accuracy=0.000000
2024-04-07 12:21:46,995 [INFO]  
========== done (3.2254457473754883 s) fit model
2024-04-07 12:22:48,086 [INFO]  
========== start: fit model
2024-04-07 12:22:48,086 [WARNING]  Already bound, ignoring bind()
2024-04-07 12:22:48,389 [INFO]  Epoch[0] Batch [0-102]	Speed: 5443.47 samples/sec	cross-entropy=2.237007	balance-accuracy=2.815534
2024-04-07 12:22:48,608 [INFO]  Epoch[0] Train-cross-entropy=0.116911
2024-04-07 12:22:48,609 [INFO]  Epoch[0] Train-balance-accuracy=3.108911
2024-04-07 12:22:48,609 [INFO]  Epoch[0] Time cost=0.521
2024-04-07 12:22:48,611 [INFO]  Saved checkpoint to "./imputer_model/17_bank/imputer_model_balance/model-0000.params"
2024-04-07 12:22:48,662 [INFO]  Epoch[0] Validation-cross-entropy=0.163035
2024-04-07 12:22:48,662 [INFO]  Epoch[0] Validation-balance-accuracy=0.000000
2024-04-07 12:22:48,781 [INFO]  Epoch[1] Batch [0-102]	Speed: 13848.80 samples/sec	cross-entropy=0.106754	balance-accuracy=2.815534
2024-04-07 12:22:48,893 [INFO]  Epoch[1] Train-cross-entropy=0.034117
2024-04-07 12:22:48,893 [INFO]  Epoch[1] Train-balance-accuracy=3.108911
2024-04-07 12:22:48,893 [INFO]  Epoch[1] Time cost=0.231
2024-04-07 12:22:48,895 [INFO]  Saved checkpoint to "./imputer_model/17_bank/imputer_model_balance/model-0001.params"
2024-04-07 12:22:48,905 [INFO]  Epoch[1] Validation-cross-entropy=0.064317
2024-04-07 12:22:48,905 [INFO]  Epoch[1] Validation-balance-accuracy=0.000000
2024-04-07 12:22:49,036 [INFO]  Epoch[2] Batch [0-102]	Speed: 12667.18 samples/sec	cross-entropy=0.039098	balance-accuracy=2.815534
2024-04-07 12:22:49,869 [INFO]  Epoch[2] Train-cross-entropy=0.019845
2024-04-07 12:22:49,869 [INFO]  Epoch[2] Train-balance-accuracy=3.108911
2024-04-07 12:22:49,869 [INFO]  Epoch[2] Time cost=0.964
2024-04-07 12:22:49,871 [INFO]  Saved checkpoint to "./imputer_model/17_bank/imputer_model_balance/model-0002.params"
2024-04-07 12:22:49,880 [INFO]  Epoch[2] Validation-cross-entropy=0.064019
2024-04-07 12:22:49,880 [INFO]  Epoch[2] Validation-balance-accuracy=0.000000
2024-04-07 12:22:50,030 [INFO]  Epoch[3] Batch [0-102]	Speed: 11018.49 samples/sec	cross-entropy=0.024810	balance-accuracy=2.815534
2024-04-07 12:22:50,142 [INFO]  Epoch[3] Train-cross-entropy=0.017293
2024-04-07 12:22:50,142 [INFO]  Epoch[3] Train-balance-accuracy=3.108911
2024-04-07 12:22:50,142 [INFO]  Epoch[3] Time cost=0.261
2024-04-07 12:22:50,144 [INFO]  Saved checkpoint to "./imputer_model/17_bank/imputer_model_balance/model-0003.params"
2024-04-07 12:22:50,153 [INFO]  Epoch[3] Validation-cross-entropy=0.039965
2024-04-07 12:22:50,154 [INFO]  Epoch[3] Validation-balance-accuracy=0.000000
2024-04-07 12:22:50,270 [INFO]  Epoch[4] Batch [0-102]	Speed: 14270.06 samples/sec	cross-entropy=0.021116	balance-accuracy=2.815534
2024-04-07 12:22:50,850 [INFO]  Epoch[4] Train-cross-entropy=0.016620
2024-04-07 12:22:50,850 [INFO]  Epoch[4] Train-balance-accuracy=3.108911
2024-04-07 12:22:50,850 [INFO]  Epoch[4] Time cost=0.696
2024-04-07 12:22:50,854 [INFO]  Saved checkpoint to "./imputer_model/17_bank/imputer_model_balance/model-0004.params"
2024-04-07 12:22:50,876 [INFO]  Epoch[4] Validation-cross-entropy=0.016143
2024-04-07 12:22:50,877 [INFO]  Epoch[4] Validation-balance-accuracy=0.000000
2024-04-07 12:22:50,877 [INFO]  
========== done (2.790966272354126 s) fit model
