2024-04-04 19:37:35,528 [INFO]  
========== start: fit model
2024-04-04 19:37:35,528 [WARNING]  Already bound, ignoring bind()
2024-04-04 19:37:39,330 [INFO]  Epoch[0] Batch [0-94]	Speed: 409.42 samples/sec	cross-entropy=0.617132	Diameter-accuracy=3.242105
2024-04-04 19:37:42,825 [INFO]  Epoch[0] Train-cross-entropy=0.001067
2024-04-04 19:37:42,825 [INFO]  Epoch[0] Train-Diameter-accuracy=3.118280
2024-04-04 19:37:42,825 [INFO]  Epoch[0] Time cost=7.296
2024-04-04 19:37:42,827 [INFO]  Saved checkpoint to "./imputer_model/9_abalone/imputer_model_Diameter/model-0000.params"
2024-04-04 19:37:43,018 [INFO]  Epoch[0] Validation-cross-entropy=0.000610
2024-04-04 19:37:43,018 [INFO]  Epoch[0] Validation-Diameter-accuracy=0.000000
2024-04-04 19:37:44,659 [INFO]  Epoch[1] Batch [0-94]	Speed: 917.07 samples/sec	cross-entropy=0.000542	Diameter-accuracy=3.242105
2024-04-04 19:37:50,320 [INFO]  Epoch[1] Train-cross-entropy=0.000353
2024-04-04 19:37:50,320 [INFO]  Epoch[1] Train-Diameter-accuracy=3.118280
2024-04-04 19:37:50,320 [INFO]  Epoch[1] Time cost=7.302
2024-04-04 19:37:50,321 [INFO]  Saved checkpoint to "./imputer_model/9_abalone/imputer_model_Diameter/model-0001.params"
2024-04-04 19:37:50,612 [INFO]  Epoch[1] Validation-cross-entropy=0.000211
2024-04-04 19:37:50,612 [INFO]  Epoch[1] Validation-Diameter-accuracy=0.000000
2024-04-04 19:37:59,068 [INFO]  Epoch[2] Batch [0-94]	Speed: 179.00 samples/sec	cross-entropy=0.000380	Diameter-accuracy=3.242105
2024-04-04 19:38:03,931 [INFO]  Epoch[2] Train-cross-entropy=0.000344
2024-04-04 19:38:03,931 [INFO]  Epoch[2] Train-Diameter-accuracy=3.118280
2024-04-04 19:38:03,931 [INFO]  Epoch[2] Time cost=13.318
2024-04-04 19:38:03,940 [INFO]  Saved checkpoint to "./imputer_model/9_abalone/imputer_model_Diameter/model-0002.params"
2024-04-04 19:38:05,166 [INFO]  Epoch[2] Validation-cross-entropy=0.000212
2024-04-04 19:38:05,166 [INFO]  Epoch[2] Validation-Diameter-accuracy=0.000000
2024-04-04 19:38:11,437 [INFO]  Epoch[3] Batch [0-94]	Speed: 244.57 samples/sec	cross-entropy=0.000351	Diameter-accuracy=3.242105
2024-04-04 19:38:14,838 [INFO]  Epoch[3] Train-cross-entropy=0.000305
2024-04-04 19:38:14,838 [INFO]  Epoch[3] Train-Diameter-accuracy=3.118280
2024-04-04 19:38:14,838 [INFO]  Epoch[3] Time cost=9.672
2024-04-04 19:38:14,860 [INFO]  Saved checkpoint to "./imputer_model/9_abalone/imputer_model_Diameter/model-0003.params"
2024-04-04 19:38:15,522 [INFO]  Epoch[3] Validation-cross-entropy=0.000257
2024-04-04 19:38:15,522 [INFO]  Epoch[3] Validation-Diameter-accuracy=0.000000
2024-04-04 19:38:18,155 [INFO]  Epoch[4] Batch [0-94]	Speed: 571.69 samples/sec	cross-entropy=0.000533	Diameter-accuracy=3.242105
2024-04-04 19:38:23,333 [INFO]  Epoch[4] Train-cross-entropy=0.000425
2024-04-04 19:38:23,333 [INFO]  Epoch[4] Train-Diameter-accuracy=3.118280
2024-04-04 19:38:23,333 [INFO]  Epoch[4] Time cost=7.810
2024-04-04 19:38:23,335 [INFO]  Saved checkpoint to "./imputer_model/9_abalone/imputer_model_Diameter/model-0004.params"
2024-04-04 19:38:23,347 [INFO]  Epoch[4] Validation-cross-entropy=0.000831
2024-04-04 19:38:23,348 [INFO]  Epoch[4] Validation-Diameter-accuracy=0.000000
2024-04-04 19:38:23,348 [INFO]  
========== done (47.81946516036987 s) fit model
2024-04-04 19:44:23,659 [INFO]  
========== start: fit model
2024-04-04 19:44:23,659 [WARNING]  Already bound, ignoring bind()
2024-04-04 19:44:29,078 [INFO]  Epoch[0] Batch [0-94]	Speed: 288.69 samples/sec	cross-entropy=0.659046	Diameter-accuracy=3.273684
2024-04-04 19:44:33,985 [INFO]  Epoch[0] Train-cross-entropy=0.002104
2024-04-04 19:44:33,985 [INFO]  Epoch[0] Train-Diameter-accuracy=3.344086
2024-04-04 19:44:33,985 [INFO]  Epoch[0] Time cost=10.325
2024-04-04 19:44:33,987 [INFO]  Saved checkpoint to "./imputer_model/9_abalone/imputer_model_Diameter/model-0000.params"
2024-04-04 19:44:34,594 [INFO]  Epoch[0] Validation-cross-entropy=0.000985
2024-04-04 19:44:34,594 [INFO]  Epoch[0] Validation-Diameter-accuracy=0.000000
2024-04-04 19:44:41,251 [INFO]  Epoch[1] Batch [0-94]	Speed: 231.07 samples/sec	cross-entropy=0.001351	Diameter-accuracy=3.273684
2024-04-04 19:44:47,530 [INFO]  Epoch[1] Train-cross-entropy=0.000794
2024-04-04 19:44:47,530 [INFO]  Epoch[1] Train-Diameter-accuracy=3.344086
2024-04-04 19:44:47,530 [INFO]  Epoch[1] Time cost=12.936
2024-04-04 19:44:47,531 [INFO]  Saved checkpoint to "./imputer_model/9_abalone/imputer_model_Diameter/model-0001.params"
2024-04-04 19:44:47,845 [INFO]  Epoch[1] Validation-cross-entropy=0.000599
2024-04-04 19:44:47,845 [INFO]  Epoch[1] Validation-Diameter-accuracy=0.000000
2024-04-04 19:44:52,683 [INFO]  Epoch[2] Batch [0-94]	Speed: 314.53 samples/sec	cross-entropy=0.000858	Diameter-accuracy=3.273684
2024-04-04 19:44:59,367 [INFO]  Epoch[2] Train-cross-entropy=0.000672
2024-04-04 19:44:59,367 [INFO]  Epoch[2] Train-Diameter-accuracy=3.344086
2024-04-04 19:44:59,367 [INFO]  Epoch[2] Time cost=11.521
2024-04-04 19:44:59,369 [INFO]  Saved checkpoint to "./imputer_model/9_abalone/imputer_model_Diameter/model-0002.params"
2024-04-04 19:44:59,554 [INFO]  Epoch[2] Validation-cross-entropy=0.000651
2024-04-04 19:44:59,554 [INFO]  Epoch[2] Validation-Diameter-accuracy=0.000000
2024-04-04 19:45:03,786 [INFO]  Epoch[3] Batch [0-94]	Speed: 361.34 samples/sec	cross-entropy=0.000693	Diameter-accuracy=3.273684
2024-04-04 19:45:06,694 [INFO]  Epoch[3] Train-cross-entropy=0.000667
2024-04-04 19:45:06,694 [INFO]  Epoch[3] Train-Diameter-accuracy=3.344086
2024-04-04 19:45:06,694 [INFO]  Epoch[3] Time cost=7.140
2024-04-04 19:45:06,703 [INFO]  Saved checkpoint to "./imputer_model/9_abalone/imputer_model_Diameter/model-0003.params"
2024-04-04 19:45:07,444 [INFO]  Epoch[3] Validation-cross-entropy=0.000791
2024-04-04 19:45:07,444 [INFO]  Epoch[3] Validation-Diameter-accuracy=0.000000
2024-04-04 19:45:13,029 [INFO]  Epoch[4] Batch [0-94]	Speed: 272.23 samples/sec	cross-entropy=0.001640	Diameter-accuracy=3.273684
2024-04-04 19:45:16,506 [INFO]  Epoch[4] Train-cross-entropy=0.001560
2024-04-04 19:45:16,506 [INFO]  Epoch[4] Train-Diameter-accuracy=3.344086
2024-04-04 19:45:16,506 [INFO]  Epoch[4] Time cost=9.062
2024-04-04 19:45:16,508 [INFO]  Saved checkpoint to "./imputer_model/9_abalone/imputer_model_Diameter/model-0004.params"
2024-04-04 19:45:16,570 [INFO]  Epoch[4] Validation-cross-entropy=0.000573
2024-04-04 19:45:16,571 [INFO]  Epoch[4] Validation-Diameter-accuracy=0.000000
2024-04-04 19:45:16,571 [INFO]  
========== done (52.912089586257935 s) fit model
2024-04-04 19:49:28,402 [INFO]  
========== start: fit model
2024-04-04 19:49:28,402 [WARNING]  Already bound, ignoring bind()
2024-04-04 19:49:31,758 [INFO]  Epoch[0] Batch [0-94]	Speed: 466.20 samples/sec	cross-entropy=0.225579	Diameter-accuracy=0.000000
2024-04-04 19:49:34,150 [INFO]  Epoch[0] Train-cross-entropy=0.002844
2024-04-04 19:49:34,150 [INFO]  Epoch[0] Train-Diameter-accuracy=0.000000
2024-04-04 19:49:34,150 [INFO]  Epoch[0] Time cost=5.746
2024-04-04 19:49:34,152 [INFO]  Saved checkpoint to "./imputer_model/9_abalone/imputer_model_Diameter/model-0000.params"
2024-04-04 19:49:34,615 [INFO]  Epoch[0] Validation-cross-entropy=0.001984
2024-04-04 19:49:34,615 [INFO]  Epoch[0] Validation-Diameter-accuracy=0.000000
2024-04-04 19:49:37,013 [INFO]  Epoch[1] Batch [0-94]	Speed: 695.49 samples/sec	cross-entropy=0.001630	Diameter-accuracy=0.000000
2024-04-04 19:49:39,609 [INFO]  Epoch[1] Train-cross-entropy=0.000999
2024-04-04 19:49:39,609 [INFO]  Epoch[1] Train-Diameter-accuracy=0.000000
2024-04-04 19:49:39,610 [INFO]  Epoch[1] Time cost=4.995
2024-04-04 19:49:39,612 [INFO]  Saved checkpoint to "./imputer_model/9_abalone/imputer_model_Diameter/model-0001.params"
2024-04-04 19:49:39,780 [INFO]  Epoch[1] Validation-cross-entropy=0.000788
2024-04-04 19:49:39,780 [INFO]  Epoch[1] Validation-Diameter-accuracy=0.000000
2024-04-04 19:49:41,581 [INFO]  Epoch[2] Batch [0-94]	Speed: 836.00 samples/sec	cross-entropy=0.001444	Diameter-accuracy=0.000000
2024-04-04 19:49:43,435 [INFO]  Epoch[2] Train-cross-entropy=0.029555
2024-04-04 19:49:43,436 [INFO]  Epoch[2] Train-Diameter-accuracy=0.000000
2024-04-04 19:49:43,436 [INFO]  Epoch[2] Time cost=3.656
2024-04-04 19:49:43,438 [INFO]  Saved checkpoint to "./imputer_model/9_abalone/imputer_model_Diameter/model-0002.params"
2024-04-04 19:49:43,673 [INFO]  Epoch[2] Validation-cross-entropy=0.090264
2024-04-04 19:49:43,673 [INFO]  Epoch[2] Validation-Diameter-accuracy=0.000000
2024-04-04 19:49:45,102 [INFO]  Epoch[3] Batch [0-94]	Speed: 1066.75 samples/sec	cross-entropy=0.012062	Diameter-accuracy=0.000000
2024-04-04 19:49:45,603 [INFO]  Epoch[3] Train-cross-entropy=0.000576
2024-04-04 19:49:45,603 [INFO]  Epoch[3] Train-Diameter-accuracy=0.000000
2024-04-04 19:49:45,603 [INFO]  Epoch[3] Time cost=1.930
2024-04-04 19:49:45,609 [INFO]  Saved checkpoint to "./imputer_model/9_abalone/imputer_model_Diameter/model-0003.params"
2024-04-04 19:49:46,203 [INFO]  Epoch[3] Validation-cross-entropy=0.000329
2024-04-04 19:49:46,203 [INFO]  Epoch[3] Validation-Diameter-accuracy=0.000000
2024-04-04 19:49:48,585 [INFO]  Epoch[4] Batch [0-94]	Speed: 631.72 samples/sec	cross-entropy=0.000546	Diameter-accuracy=0.000000
2024-04-04 19:49:52,134 [INFO]  Epoch[4] Train-cross-entropy=0.000767
2024-04-04 19:49:52,134 [INFO]  Epoch[4] Train-Diameter-accuracy=0.000000
2024-04-04 19:49:52,134 [INFO]  Epoch[4] Time cost=5.932
2024-04-04 19:49:52,136 [INFO]  Saved checkpoint to "./imputer_model/9_abalone/imputer_model_Diameter/model-0004.params"
2024-04-04 19:49:52,543 [INFO]  Epoch[4] Validation-cross-entropy=0.000885
2024-04-04 19:49:52,543 [INFO]  Epoch[4] Validation-Diameter-accuracy=0.000000
2024-04-04 19:49:52,543 [INFO]  
========== done (24.140827894210815 s) fit model
2024-04-04 19:53:16,795 [INFO]  
========== start: fit model
2024-04-04 19:53:16,816 [WARNING]  Already bound, ignoring bind()
2024-04-04 19:53:18,026 [INFO]  Epoch[0] Batch [0-94]	Speed: 1604.73 samples/sec	cross-entropy=0.977419	Diameter-accuracy=3.242105
2024-04-04 19:53:19,577 [INFO]  Epoch[0] Train-cross-entropy=0.004853
2024-04-04 19:53:19,577 [INFO]  Epoch[0] Train-Diameter-accuracy=3.279570
2024-04-04 19:53:19,577 [INFO]  Epoch[0] Time cost=2.760
2024-04-04 19:53:19,579 [INFO]  Saved checkpoint to "./imputer_model/9_abalone/imputer_model_Diameter/model-0000.params"
2024-04-04 19:53:19,767 [INFO]  Epoch[0] Validation-cross-entropy=0.002227
2024-04-04 19:53:19,768 [INFO]  Epoch[0] Validation-Diameter-accuracy=0.000000
2024-04-04 19:53:23,574 [INFO]  Epoch[1] Batch [0-94]	Speed: 395.27 samples/sec	cross-entropy=0.001356	Diameter-accuracy=3.242105
2024-04-04 19:53:24,297 [INFO]  Epoch[1] Train-cross-entropy=0.000832
2024-04-04 19:53:24,297 [INFO]  Epoch[1] Train-Diameter-accuracy=3.279570
2024-04-04 19:53:24,297 [INFO]  Epoch[1] Time cost=4.529
2024-04-04 19:53:24,299 [INFO]  Saved checkpoint to "./imputer_model/9_abalone/imputer_model_Diameter/model-0001.params"
2024-04-04 19:53:24,325 [INFO]  Epoch[1] Validation-cross-entropy=0.000845
2024-04-04 19:53:24,325 [INFO]  Epoch[1] Validation-Diameter-accuracy=0.000000
2024-04-04 19:53:26,242 [INFO]  Epoch[2] Batch [0-94]	Speed: 785.02 samples/sec	cross-entropy=0.000641	Diameter-accuracy=3.242105
2024-04-04 19:53:28,551 [INFO]  Epoch[2] Train-cross-entropy=0.000645
2024-04-04 19:53:28,551 [INFO]  Epoch[2] Train-Diameter-accuracy=3.279570
2024-04-04 19:53:28,551 [INFO]  Epoch[2] Time cost=4.226
2024-04-04 19:53:28,553 [INFO]  Saved checkpoint to "./imputer_model/9_abalone/imputer_model_Diameter/model-0002.params"
2024-04-04 19:53:28,697 [INFO]  Epoch[2] Validation-cross-entropy=0.000671
2024-04-04 19:53:28,697 [INFO]  Epoch[2] Validation-Diameter-accuracy=0.000000
2024-04-04 19:53:30,624 [INFO]  Epoch[3] Batch [0-94]	Speed: 780.94 samples/sec	cross-entropy=0.001121	Diameter-accuracy=3.242105
2024-04-04 19:53:34,048 [INFO]  Epoch[3] Train-cross-entropy=0.001896
2024-04-04 19:53:34,048 [INFO]  Epoch[3] Train-Diameter-accuracy=3.279570
2024-04-04 19:53:34,048 [INFO]  Epoch[3] Time cost=5.351
2024-04-04 19:53:34,051 [INFO]  Saved checkpoint to "./imputer_model/9_abalone/imputer_model_Diameter/model-0003.params"
2024-04-04 19:53:34,508 [INFO]  Epoch[3] Validation-cross-entropy=0.000493
2024-04-04 19:53:34,508 [INFO]  Epoch[3] Validation-Diameter-accuracy=0.000000
2024-04-04 19:53:37,201 [INFO]  Epoch[4] Batch [0-94]	Speed: 561.02 samples/sec	cross-entropy=0.000732	Diameter-accuracy=3.242105
2024-04-04 19:53:39,409 [INFO]  Epoch[4] Train-cross-entropy=0.002914
2024-04-04 19:53:39,409 [INFO]  Epoch[4] Train-Diameter-accuracy=3.279570
2024-04-04 19:53:39,409 [INFO]  Epoch[4] Time cost=4.901
2024-04-04 19:53:39,413 [INFO]  Saved checkpoint to "./imputer_model/9_abalone/imputer_model_Diameter/model-0004.params"
2024-04-04 19:53:39,564 [INFO]  Epoch[4] Validation-cross-entropy=0.002765
2024-04-04 19:53:39,564 [INFO]  Epoch[4] Validation-Diameter-accuracy=0.000000
2024-04-04 19:53:39,564 [INFO]  
========== done (22.76888608932495 s) fit model
2024-04-04 19:56:55,558 [INFO]  
========== start: fit model
2024-04-04 19:56:55,559 [WARNING]  Already bound, ignoring bind()
2024-04-04 19:56:56,408 [INFO]  Epoch[0] Batch [0-94]	Speed: 2241.78 samples/sec	cross-entropy=1.717972	Diameter-accuracy=0.000000
2024-04-04 19:57:00,755 [INFO]  Epoch[0] Train-cross-entropy=0.011502
2024-04-04 19:57:00,755 [INFO]  Epoch[0] Train-Diameter-accuracy=0.000000
2024-04-04 19:57:00,755 [INFO]  Epoch[0] Time cost=5.195
2024-04-04 19:57:00,757 [INFO]  Saved checkpoint to "./imputer_model/9_abalone/imputer_model_Diameter/model-0000.params"
2024-04-04 19:57:00,997 [INFO]  Epoch[0] Validation-cross-entropy=0.004042
2024-04-04 19:57:00,998 [INFO]  Epoch[0] Validation-Diameter-accuracy=0.000000
2024-04-04 19:57:05,063 [INFO]  Epoch[1] Batch [0-94]	Speed: 370.23 samples/sec	cross-entropy=0.002980	Diameter-accuracy=0.000000
2024-04-04 19:57:07,252 [INFO]  Epoch[1] Train-cross-entropy=0.001313
2024-04-04 19:57:07,252 [INFO]  Epoch[1] Train-Diameter-accuracy=0.000000
2024-04-04 19:57:07,252 [INFO]  Epoch[1] Time cost=6.254
2024-04-04 19:57:07,254 [INFO]  Saved checkpoint to "./imputer_model/9_abalone/imputer_model_Diameter/model-0001.params"
2024-04-04 19:57:07,550 [INFO]  Epoch[1] Validation-cross-entropy=0.001108
2024-04-04 19:57:07,550 [INFO]  Epoch[1] Validation-Diameter-accuracy=0.000000
2024-04-04 19:57:09,935 [INFO]  Epoch[2] Batch [0-94]	Speed: 636.74 samples/sec	cross-entropy=0.000993	Diameter-accuracy=0.000000
2024-04-04 19:57:11,582 [INFO]  Epoch[2] Train-cross-entropy=0.000643
2024-04-04 19:57:11,582 [INFO]  Epoch[2] Train-Diameter-accuracy=0.000000
2024-04-04 19:57:11,582 [INFO]  Epoch[2] Time cost=4.031
2024-04-04 19:57:11,583 [INFO]  Saved checkpoint to "./imputer_model/9_abalone/imputer_model_Diameter/model-0002.params"
2024-04-04 19:57:11,864 [INFO]  Epoch[2] Validation-cross-entropy=0.000717
2024-04-04 19:57:11,864 [INFO]  Epoch[2] Validation-Diameter-accuracy=0.000000
2024-04-04 19:57:14,985 [INFO]  Epoch[3] Batch [0-94]	Speed: 482.21 samples/sec	cross-entropy=0.000635	Diameter-accuracy=0.000000
2024-04-04 19:57:17,344 [INFO]  Epoch[3] Train-cross-entropy=0.000444
2024-04-04 19:57:17,344 [INFO]  Epoch[3] Train-Diameter-accuracy=0.000000
2024-04-04 19:57:17,344 [INFO]  Epoch[3] Time cost=5.480
2024-04-04 19:57:17,347 [INFO]  Saved checkpoint to "./imputer_model/9_abalone/imputer_model_Diameter/model-0003.params"
2024-04-04 19:57:17,407 [INFO]  Epoch[3] Validation-cross-entropy=0.000523
2024-04-04 19:57:17,407 [INFO]  Epoch[3] Validation-Diameter-accuracy=0.000000
2024-04-04 19:57:19,289 [INFO]  Epoch[4] Batch [0-94]	Speed: 854.64 samples/sec	cross-entropy=0.000478	Diameter-accuracy=0.000000
2024-04-04 19:57:21,372 [INFO]  Epoch[4] Train-cross-entropy=0.000343
2024-04-04 19:57:21,372 [INFO]  Epoch[4] Train-Diameter-accuracy=0.000000
2024-04-04 19:57:21,372 [INFO]  Epoch[4] Time cost=3.965
2024-04-04 19:57:21,376 [INFO]  Saved checkpoint to "./imputer_model/9_abalone/imputer_model_Diameter/model-0004.params"
2024-04-04 19:57:21,827 [INFO]  Epoch[4] Validation-cross-entropy=0.000333
2024-04-04 19:57:21,827 [INFO]  Epoch[4] Validation-Diameter-accuracy=0.000000
2024-04-04 19:57:21,827 [INFO]  
========== done (26.268924236297607 s) fit model
2024-04-04 20:00:56,775 [INFO]  
========== start: fit model
2024-04-04 20:00:56,775 [WARNING]  Already bound, ignoring bind()
2024-04-04 20:00:58,107 [INFO]  Epoch[0] Batch [0-94]	Speed: 1354.60 samples/sec	cross-entropy=0.151187	Diameter-accuracy=0.000000
2024-04-04 20:01:01,280 [INFO]  Epoch[0] Train-cross-entropy=0.002164
2024-04-04 20:01:01,280 [INFO]  Epoch[0] Train-Diameter-accuracy=0.000000
2024-04-04 20:01:01,280 [INFO]  Epoch[0] Time cost=4.504
2024-04-04 20:01:01,288 [INFO]  Saved checkpoint to "./imputer_model/9_abalone/imputer_model_Diameter/model-0000.params"
2024-04-04 20:01:01,489 [INFO]  Epoch[0] Validation-cross-entropy=0.001804
2024-04-04 20:01:01,489 [INFO]  Epoch[0] Validation-Diameter-accuracy=0.000000
2024-04-04 20:01:04,839 [INFO]  Epoch[1] Batch [0-94]	Speed: 449.13 samples/sec	cross-entropy=0.001302	Diameter-accuracy=0.000000
2024-04-04 20:01:06,604 [INFO]  Epoch[1] Train-cross-entropy=0.000711
2024-04-04 20:01:06,605 [INFO]  Epoch[1] Train-Diameter-accuracy=0.000000
2024-04-04 20:01:06,605 [INFO]  Epoch[1] Time cost=5.115
2024-04-04 20:01:06,608 [INFO]  Saved checkpoint to "./imputer_model/9_abalone/imputer_model_Diameter/model-0001.params"
2024-04-04 20:01:06,686 [INFO]  Epoch[1] Validation-cross-entropy=0.000708
2024-04-04 20:01:06,686 [INFO]  Epoch[1] Validation-Diameter-accuracy=0.000000
2024-04-04 20:01:08,525 [INFO]  Epoch[2] Batch [0-94]	Speed: 819.97 samples/sec	cross-entropy=0.000808	Diameter-accuracy=0.000000
2024-04-04 20:01:11,829 [INFO]  Epoch[2] Train-cross-entropy=0.000900
2024-04-04 20:01:11,829 [INFO]  Epoch[2] Train-Diameter-accuracy=0.000000
2024-04-04 20:01:11,829 [INFO]  Epoch[2] Time cost=5.143
2024-04-04 20:01:11,831 [INFO]  Saved checkpoint to "./imputer_model/9_abalone/imputer_model_Diameter/model-0002.params"
2024-04-04 20:01:11,962 [INFO]  Epoch[2] Validation-cross-entropy=0.001312
2024-04-04 20:01:11,962 [INFO]  Epoch[2] Validation-Diameter-accuracy=0.000000
2024-04-04 20:01:14,072 [INFO]  Epoch[3] Batch [0-94]	Speed: 713.15 samples/sec	cross-entropy=0.001027	Diameter-accuracy=0.000000
2024-04-04 20:01:17,778 [INFO]  Epoch[3] Train-cross-entropy=0.001654
2024-04-04 20:01:17,778 [INFO]  Epoch[3] Train-Diameter-accuracy=0.000000
2024-04-04 20:01:17,778 [INFO]  Epoch[3] Time cost=5.816
2024-04-04 20:01:17,779 [INFO]  Saved checkpoint to "./imputer_model/9_abalone/imputer_model_Diameter/model-0003.params"
2024-04-04 20:01:17,939 [INFO]  Epoch[3] Validation-cross-entropy=0.000572
2024-04-04 20:01:17,940 [INFO]  Epoch[3] Validation-Diameter-accuracy=0.000000
2024-04-04 20:01:20,839 [INFO]  Epoch[4] Batch [0-94]	Speed: 552.44 samples/sec	cross-entropy=0.004506	Diameter-accuracy=0.000000
2024-04-04 20:01:24,496 [INFO]  Epoch[4] Train-cross-entropy=0.022430
2024-04-04 20:01:24,496 [INFO]  Epoch[4] Train-Diameter-accuracy=0.000000
2024-04-04 20:01:24,496 [INFO]  Epoch[4] Time cost=6.556
2024-04-04 20:01:24,498 [INFO]  Saved checkpoint to "./imputer_model/9_abalone/imputer_model_Diameter/model-0004.params"
2024-04-04 20:01:24,527 [INFO]  Epoch[4] Validation-cross-entropy=0.044379
2024-04-04 20:01:24,527 [INFO]  Epoch[4] Validation-Diameter-accuracy=0.000000
2024-04-04 20:01:24,527 [INFO]  
========== done (27.752317905426025 s) fit model
2024-04-04 20:04:52,275 [INFO]  
========== start: fit model
2024-04-04 20:04:52,275 [WARNING]  Already bound, ignoring bind()
2024-04-04 20:04:54,270 [INFO]  Epoch[0] Batch [0-94]	Speed: 1017.49 samples/sec	cross-entropy=0.999488	Diameter-accuracy=3.526316
2024-04-04 20:04:56,487 [INFO]  Epoch[0] Train-cross-entropy=0.005411
2024-04-04 20:04:56,488 [INFO]  Epoch[0] Train-Diameter-accuracy=3.150538
2024-04-04 20:04:56,488 [INFO]  Epoch[0] Time cost=4.211
2024-04-04 20:04:56,491 [INFO]  Saved checkpoint to "./imputer_model/9_abalone/imputer_model_Diameter/model-0000.params"
2024-04-04 20:04:56,880 [INFO]  Epoch[0] Validation-cross-entropy=0.003420
2024-04-04 20:04:56,880 [INFO]  Epoch[0] Validation-Diameter-accuracy=0.000000
2024-04-04 20:04:58,399 [INFO]  Epoch[1] Batch [0-94]	Speed: 995.80 samples/sec	cross-entropy=0.002831	Diameter-accuracy=3.526316
2024-04-04 20:05:00,212 [INFO]  Epoch[1] Train-cross-entropy=0.001714
2024-04-04 20:05:00,212 [INFO]  Epoch[1] Train-Diameter-accuracy=3.150538
2024-04-04 20:05:00,212 [INFO]  Epoch[1] Time cost=3.332
2024-04-04 20:05:00,214 [INFO]  Saved checkpoint to "./imputer_model/9_abalone/imputer_model_Diameter/model-0001.params"
2024-04-04 20:05:00,418 [INFO]  Epoch[1] Validation-cross-entropy=0.001338
2024-04-04 20:05:00,418 [INFO]  Epoch[1] Validation-Diameter-accuracy=0.000000
2024-04-04 20:05:02,386 [INFO]  Epoch[2] Batch [0-94]	Speed: 799.50 samples/sec	cross-entropy=0.001706	Diameter-accuracy=3.526316
2024-04-04 20:05:04,817 [INFO]  Epoch[2] Train-cross-entropy=0.001096
2024-04-04 20:05:04,817 [INFO]  Epoch[2] Train-Diameter-accuracy=3.150538
2024-04-04 20:05:04,817 [INFO]  Epoch[2] Time cost=4.399
2024-04-04 20:05:04,820 [INFO]  Saved checkpoint to "./imputer_model/9_abalone/imputer_model_Diameter/model-0002.params"
2024-04-04 20:05:04,940 [INFO]  Epoch[2] Validation-cross-entropy=0.000747
2024-04-04 20:05:04,941 [INFO]  Epoch[2] Validation-Diameter-accuracy=0.000000
2024-04-04 20:05:06,689 [INFO]  Epoch[3] Batch [0-94]	Speed: 860.74 samples/sec	cross-entropy=0.001062	Diameter-accuracy=3.526316
2024-04-04 20:05:09,334 [INFO]  Epoch[3] Train-cross-entropy=0.000735
2024-04-04 20:05:09,334 [INFO]  Epoch[3] Train-Diameter-accuracy=3.150538
2024-04-04 20:05:09,334 [INFO]  Epoch[3] Time cost=4.394
2024-04-04 20:05:09,343 [INFO]  Saved checkpoint to "./imputer_model/9_abalone/imputer_model_Diameter/model-0003.params"
2024-04-04 20:05:09,851 [INFO]  Epoch[3] Validation-cross-entropy=0.000527
2024-04-04 20:05:09,851 [INFO]  Epoch[3] Validation-Diameter-accuracy=0.000000
2024-04-04 20:05:12,107 [INFO]  Epoch[4] Batch [0-94]	Speed: 666.98 samples/sec	cross-entropy=0.000816	Diameter-accuracy=3.526316
2024-04-04 20:05:16,416 [INFO]  Epoch[4] Train-cross-entropy=0.000551
2024-04-04 20:05:16,416 [INFO]  Epoch[4] Train-Diameter-accuracy=3.150538
2024-04-04 20:05:16,417 [INFO]  Epoch[4] Time cost=6.566
2024-04-04 20:05:16,420 [INFO]  Saved checkpoint to "./imputer_model/9_abalone/imputer_model_Diameter/model-0004.params"
2024-04-04 20:05:16,733 [INFO]  Epoch[4] Validation-cross-entropy=0.000526
2024-04-04 20:05:16,733 [INFO]  Epoch[4] Validation-Diameter-accuracy=0.000000
2024-04-04 20:05:16,733 [INFO]  
========== done (24.457767248153687 s) fit model
2024-04-04 20:08:36,152 [INFO]  
========== start: fit model
2024-04-04 20:08:36,152 [WARNING]  Already bound, ignoring bind()
2024-04-04 20:08:39,737 [INFO]  Epoch[0] Batch [0-94]	Speed: 471.63 samples/sec	cross-entropy=0.446258	Diameter-accuracy=0.000000
2024-04-04 20:08:43,461 [INFO]  Epoch[0] Train-cross-entropy=0.000672
2024-04-04 20:08:43,461 [INFO]  Epoch[0] Train-Diameter-accuracy=0.000000
2024-04-04 20:08:43,461 [INFO]  Epoch[0] Time cost=7.307
2024-04-04 20:08:43,463 [INFO]  Saved checkpoint to "./imputer_model/9_abalone/imputer_model_Diameter/model-0000.params"
2024-04-04 20:08:43,696 [INFO]  Epoch[0] Validation-cross-entropy=0.000450
2024-04-04 20:08:43,696 [INFO]  Epoch[0] Validation-Diameter-accuracy=0.000000
2024-04-04 20:08:46,339 [INFO]  Epoch[1] Batch [0-94]	Speed: 569.49 samples/sec	cross-entropy=0.000397	Diameter-accuracy=0.000000
2024-04-04 20:08:47,832 [INFO]  Epoch[1] Train-cross-entropy=0.000314
2024-04-04 20:08:47,832 [INFO]  Epoch[1] Train-Diameter-accuracy=0.000000
2024-04-04 20:08:47,832 [INFO]  Epoch[1] Time cost=4.136
2024-04-04 20:08:47,835 [INFO]  Saved checkpoint to "./imputer_model/9_abalone/imputer_model_Diameter/model-0001.params"
2024-04-04 20:08:47,898 [INFO]  Epoch[1] Validation-cross-entropy=0.000247
2024-04-04 20:08:47,898 [INFO]  Epoch[1] Validation-Diameter-accuracy=0.000000
2024-04-04 20:08:50,372 [INFO]  Epoch[2] Batch [0-94]	Speed: 608.25 samples/sec	cross-entropy=0.000256	Diameter-accuracy=0.000000
2024-04-04 20:08:51,796 [INFO]  Epoch[2] Train-cross-entropy=0.000260
2024-04-04 20:08:51,796 [INFO]  Epoch[2] Train-Diameter-accuracy=0.000000
2024-04-04 20:08:51,797 [INFO]  Epoch[2] Time cost=3.898
2024-04-04 20:08:51,800 [INFO]  Saved checkpoint to "./imputer_model/9_abalone/imputer_model_Diameter/model-0002.params"
2024-04-04 20:08:52,003 [INFO]  Epoch[2] Validation-cross-entropy=0.000180
2024-04-04 20:08:52,003 [INFO]  Epoch[2] Validation-Diameter-accuracy=0.000000
2024-04-04 20:08:54,990 [INFO]  Epoch[3] Batch [0-94]	Speed: 503.78 samples/sec	cross-entropy=0.000237	Diameter-accuracy=0.000000
2024-04-04 20:08:57,637 [INFO]  Epoch[3] Train-cross-entropy=0.000209
2024-04-04 20:08:57,637 [INFO]  Epoch[3] Train-Diameter-accuracy=0.000000
2024-04-04 20:08:57,637 [INFO]  Epoch[3] Time cost=5.634
2024-04-04 20:08:57,640 [INFO]  Saved checkpoint to "./imputer_model/9_abalone/imputer_model_Diameter/model-0003.params"
2024-04-04 20:08:58,081 [INFO]  Epoch[3] Validation-cross-entropy=0.000342
2024-04-04 20:08:58,082 [INFO]  Epoch[3] Validation-Diameter-accuracy=0.000000
2024-04-04 20:08:59,820 [INFO]  Epoch[4] Batch [0-94]	Speed: 869.88 samples/sec	cross-entropy=0.000176	Diameter-accuracy=0.000000
2024-04-04 20:09:00,755 [INFO]  Epoch[4] Train-cross-entropy=0.000150
2024-04-04 20:09:00,755 [INFO]  Epoch[4] Train-Diameter-accuracy=0.000000
2024-04-04 20:09:00,755 [INFO]  Epoch[4] Time cost=2.673
2024-04-04 20:09:00,757 [INFO]  Saved checkpoint to "./imputer_model/9_abalone/imputer_model_Diameter/model-0004.params"
2024-04-04 20:09:01,053 [INFO]  Epoch[4] Validation-cross-entropy=0.000146
2024-04-04 20:09:01,054 [INFO]  Epoch[4] Validation-Diameter-accuracy=0.000000
2024-04-04 20:09:01,054 [INFO]  
========== done (24.901821613311768 s) fit model
2024-04-04 20:12:24,489 [INFO]  
========== start: fit model
2024-04-04 20:12:24,489 [WARNING]  Already bound, ignoring bind()
2024-04-04 20:12:26,896 [INFO]  Epoch[0] Batch [0-94]	Speed: 708.13 samples/sec	cross-entropy=0.350170	Diameter-accuracy=3.305263
2024-04-04 20:12:29,632 [INFO]  Epoch[0] Train-cross-entropy=0.001028
2024-04-04 20:12:29,633 [INFO]  Epoch[0] Train-Diameter-accuracy=3.161290
2024-04-04 20:12:29,633 [INFO]  Epoch[0] Time cost=5.142
2024-04-04 20:12:29,634 [INFO]  Saved checkpoint to "./imputer_model/9_abalone/imputer_model_Diameter/model-0000.params"
2024-04-04 20:12:30,301 [INFO]  Epoch[0] Validation-cross-entropy=0.001770
2024-04-04 20:12:30,301 [INFO]  Epoch[0] Validation-Diameter-accuracy=0.000000
2024-04-04 20:12:32,094 [INFO]  Epoch[1] Batch [0-94]	Speed: 839.37 samples/sec	cross-entropy=0.000279	Diameter-accuracy=3.305263
2024-04-04 20:12:33,920 [INFO]  Epoch[1] Train-cross-entropy=0.000489
2024-04-04 20:12:33,920 [INFO]  Epoch[1] Train-Diameter-accuracy=3.161290
2024-04-04 20:12:33,920 [INFO]  Epoch[1] Time cost=3.619
2024-04-04 20:12:33,922 [INFO]  Saved checkpoint to "./imputer_model/9_abalone/imputer_model_Diameter/model-0001.params"
2024-04-04 20:12:33,968 [INFO]  Epoch[1] Validation-cross-entropy=0.000264
2024-04-04 20:12:33,968 [INFO]  Epoch[1] Validation-Diameter-accuracy=0.000000
2024-04-04 20:12:35,976 [INFO]  Epoch[2] Batch [0-94]	Speed: 795.05 samples/sec	cross-entropy=0.000124	Diameter-accuracy=3.305263
2024-04-04 20:12:37,029 [INFO]  Epoch[2] Train-cross-entropy=0.000382
2024-04-04 20:12:37,029 [INFO]  Epoch[2] Train-Diameter-accuracy=3.161290
2024-04-04 20:12:37,029 [INFO]  Epoch[2] Time cost=3.061
2024-04-04 20:12:37,031 [INFO]  Saved checkpoint to "./imputer_model/9_abalone/imputer_model_Diameter/model-0002.params"
2024-04-04 20:12:37,303 [INFO]  Epoch[2] Validation-cross-entropy=0.000544
2024-04-04 20:12:37,304 [INFO]  Epoch[2] Validation-Diameter-accuracy=0.000000
2024-04-04 20:12:39,127 [INFO]  Epoch[3] Batch [0-94]	Speed: 880.46 samples/sec	cross-entropy=0.000288	Diameter-accuracy=3.305263
2024-04-04 20:12:42,239 [INFO]  Epoch[3] Train-cross-entropy=0.000845
2024-04-04 20:12:42,239 [INFO]  Epoch[3] Train-Diameter-accuracy=3.161290
2024-04-04 20:12:42,239 [INFO]  Epoch[3] Time cost=4.936
2024-04-04 20:12:42,241 [INFO]  Saved checkpoint to "./imputer_model/9_abalone/imputer_model_Diameter/model-0003.params"
2024-04-04 20:12:42,696 [INFO]  Epoch[3] Validation-cross-entropy=0.000202
2024-04-04 20:12:42,696 [INFO]  Epoch[3] Validation-Diameter-accuracy=0.000000
2024-04-04 20:12:45,686 [INFO]  Epoch[4] Batch [0-94]	Speed: 503.22 samples/sec	cross-entropy=0.000811	Diameter-accuracy=3.305263
2024-04-04 20:12:49,351 [INFO]  Epoch[4] Train-cross-entropy=0.027159
2024-04-04 20:12:49,351 [INFO]  Epoch[4] Train-Diameter-accuracy=3.161290
2024-04-04 20:12:49,351 [INFO]  Epoch[4] Time cost=6.655
2024-04-04 20:12:49,353 [INFO]  Saved checkpoint to "./imputer_model/9_abalone/imputer_model_Diameter/model-0004.params"
2024-04-04 20:12:50,019 [INFO]  Epoch[4] Validation-cross-entropy=0.025591
2024-04-04 20:12:50,020 [INFO]  Epoch[4] Validation-Diameter-accuracy=0.000000
2024-04-04 20:12:50,020 [INFO]  
========== done (25.530537605285645 s) fit model
2024-04-04 20:16:13,643 [INFO]  
========== start: fit model
2024-04-04 20:16:13,643 [WARNING]  Already bound, ignoring bind()
2024-04-04 20:16:16,753 [INFO]  Epoch[0] Batch [0-94]	Speed: 496.63 samples/sec	cross-entropy=0.554792	Diameter-accuracy=0.000000
2024-04-04 20:16:19,072 [INFO]  Epoch[0] Train-cross-entropy=0.003988
2024-04-04 20:16:19,073 [INFO]  Epoch[0] Train-Diameter-accuracy=0.000000
2024-04-04 20:16:19,073 [INFO]  Epoch[0] Time cost=5.429
2024-04-04 20:16:19,078 [INFO]  Saved checkpoint to "./imputer_model/9_abalone/imputer_model_Diameter/model-0000.params"
2024-04-04 20:16:19,429 [INFO]  Epoch[0] Validation-cross-entropy=0.002583
2024-04-04 20:16:19,430 [INFO]  Epoch[0] Validation-Diameter-accuracy=0.000000
2024-04-04 20:16:21,415 [INFO]  Epoch[1] Batch [0-94]	Speed: 758.04 samples/sec	cross-entropy=0.001689	Diameter-accuracy=0.000000
2024-04-04 20:16:22,237 [INFO]  Epoch[1] Train-cross-entropy=0.000975
2024-04-04 20:16:22,238 [INFO]  Epoch[1] Train-Diameter-accuracy=0.000000
2024-04-04 20:16:22,238 [INFO]  Epoch[1] Time cost=2.808
2024-04-04 20:16:22,244 [INFO]  Saved checkpoint to "./imputer_model/9_abalone/imputer_model_Diameter/model-0001.params"
2024-04-04 20:16:22,860 [INFO]  Epoch[1] Validation-cross-entropy=0.001261
2024-04-04 20:16:22,860 [INFO]  Epoch[1] Validation-Diameter-accuracy=0.000000
2024-04-04 20:16:24,962 [INFO]  Epoch[2] Batch [0-94]	Speed: 715.95 samples/sec	cross-entropy=0.000773	Diameter-accuracy=0.000000
2024-04-04 20:16:26,332 [INFO]  Epoch[2] Train-cross-entropy=0.000686
2024-04-04 20:16:26,332 [INFO]  Epoch[2] Train-Diameter-accuracy=0.000000
2024-04-04 20:16:26,332 [INFO]  Epoch[2] Time cost=3.472
2024-04-04 20:16:26,334 [INFO]  Saved checkpoint to "./imputer_model/9_abalone/imputer_model_Diameter/model-0002.params"
2024-04-04 20:16:26,525 [INFO]  Epoch[2] Validation-cross-entropy=0.000839
2024-04-04 20:16:26,525 [INFO]  Epoch[2] Validation-Diameter-accuracy=0.000000
2024-04-04 20:16:28,251 [INFO]  Epoch[3] Batch [0-94]	Speed: 872.26 samples/sec	cross-entropy=0.000580	Diameter-accuracy=0.000000
2024-04-04 20:16:30,938 [INFO]  Epoch[3] Train-cross-entropy=0.000442
2024-04-04 20:16:30,938 [INFO]  Epoch[3] Train-Diameter-accuracy=0.000000
2024-04-04 20:16:30,938 [INFO]  Epoch[3] Time cost=4.413
2024-04-04 20:16:30,940 [INFO]  Saved checkpoint to "./imputer_model/9_abalone/imputer_model_Diameter/model-0003.params"
2024-04-04 20:16:31,109 [INFO]  Epoch[3] Validation-cross-entropy=0.000504
2024-04-04 20:16:31,109 [INFO]  Epoch[3] Validation-Diameter-accuracy=0.000000
2024-04-04 20:16:34,648 [INFO]  Epoch[4] Batch [0-94]	Speed: 425.16 samples/sec	cross-entropy=0.000358	Diameter-accuracy=0.000000
2024-04-04 20:16:37,394 [INFO]  Epoch[4] Train-cross-entropy=0.000309
2024-04-04 20:16:37,394 [INFO]  Epoch[4] Train-Diameter-accuracy=0.000000
2024-04-04 20:16:37,394 [INFO]  Epoch[4] Time cost=6.285
2024-04-04 20:16:37,396 [INFO]  Saved checkpoint to "./imputer_model/9_abalone/imputer_model_Diameter/model-0004.params"
2024-04-04 20:16:37,680 [INFO]  Epoch[4] Validation-cross-entropy=0.000462
2024-04-04 20:16:37,680 [INFO]  Epoch[4] Validation-Diameter-accuracy=0.000000
2024-04-04 20:16:37,680 [INFO]  
========== done (24.037753582000732 s) fit model
2024-04-04 20:19:54,359 [INFO]  
========== start: fit model
2024-04-04 20:19:54,359 [WARNING]  Already bound, ignoring bind()
2024-04-04 20:19:57,855 [INFO]  Epoch[0] Batch [0-94]	Speed: 450.32 samples/sec	cross-entropy=0.664875	Diameter-accuracy=3.442105
2024-04-04 20:20:00,975 [INFO]  Epoch[0] Train-cross-entropy=0.001967
2024-04-04 20:20:00,978 [INFO]  Epoch[0] Train-Diameter-accuracy=3.129032
2024-04-04 20:20:00,978 [INFO]  Epoch[0] Time cost=6.612
2024-04-04 20:20:00,980 [INFO]  Saved checkpoint to "./imputer_model/9_abalone/imputer_model_Diameter/model-0000.params"
2024-04-04 20:20:01,208 [INFO]  Epoch[0] Validation-cross-entropy=0.001295
2024-04-04 20:20:01,208 [INFO]  Epoch[0] Validation-Diameter-accuracy=0.000000
2024-04-04 20:20:04,511 [INFO]  Epoch[1] Batch [0-94]	Speed: 460.35 samples/sec	cross-entropy=0.000771	Diameter-accuracy=3.442105
2024-04-04 20:20:07,158 [INFO]  Epoch[1] Train-cross-entropy=0.000474
2024-04-04 20:20:07,158 [INFO]  Epoch[1] Train-Diameter-accuracy=3.129032
2024-04-04 20:20:07,158 [INFO]  Epoch[1] Time cost=5.950
2024-04-04 20:20:07,161 [INFO]  Saved checkpoint to "./imputer_model/9_abalone/imputer_model_Diameter/model-0001.params"
2024-04-04 20:20:07,249 [INFO]  Epoch[1] Validation-cross-entropy=0.000491
2024-04-04 20:20:07,249 [INFO]  Epoch[1] Validation-Diameter-accuracy=0.000000
2024-04-04 20:20:09,776 [INFO]  Epoch[2] Batch [0-94]	Speed: 631.37 samples/sec	cross-entropy=0.000305	Diameter-accuracy=3.442105
2024-04-04 20:20:12,936 [INFO]  Epoch[2] Train-cross-entropy=0.000319
2024-04-04 20:20:12,936 [INFO]  Epoch[2] Train-Diameter-accuracy=3.129032
2024-04-04 20:20:12,936 [INFO]  Epoch[2] Time cost=5.687
2024-04-04 20:20:12,942 [INFO]  Saved checkpoint to "./imputer_model/9_abalone/imputer_model_Diameter/model-0002.params"
2024-04-04 20:20:13,034 [INFO]  Epoch[2] Validation-cross-entropy=0.000417
2024-04-04 20:20:13,034 [INFO]  Epoch[2] Validation-Diameter-accuracy=0.000000
2024-04-04 20:20:14,988 [INFO]  Epoch[3] Batch [0-94]	Speed: 770.16 samples/sec	cross-entropy=0.000204	Diameter-accuracy=3.442105
2024-04-04 20:20:16,740 [INFO]  Epoch[3] Train-cross-entropy=0.000238
2024-04-04 20:20:16,741 [INFO]  Epoch[3] Train-Diameter-accuracy=3.129032
2024-04-04 20:20:16,741 [INFO]  Epoch[3] Time cost=3.706
2024-04-04 20:20:16,743 [INFO]  Saved checkpoint to "./imputer_model/9_abalone/imputer_model_Diameter/model-0003.params"
2024-04-04 20:20:16,754 [INFO]  Epoch[3] Validation-cross-entropy=0.000151
2024-04-04 20:20:16,754 [INFO]  Epoch[3] Validation-Diameter-accuracy=0.000000
2024-04-04 20:20:18,479 [INFO]  Epoch[4] Batch [0-94]	Speed: 878.50 samples/sec	cross-entropy=0.000131	Diameter-accuracy=3.442105
2024-04-04 20:20:22,396 [INFO]  Epoch[4] Train-cross-entropy=0.000085
2024-04-04 20:20:22,396 [INFO]  Epoch[4] Train-Diameter-accuracy=3.129032
2024-04-04 20:20:22,396 [INFO]  Epoch[4] Time cost=5.642
2024-04-04 20:20:22,398 [INFO]  Saved checkpoint to "./imputer_model/9_abalone/imputer_model_Diameter/model-0004.params"
2024-04-04 20:20:22,509 [INFO]  Epoch[4] Validation-cross-entropy=0.000087
2024-04-04 20:20:22,509 [INFO]  Epoch[4] Validation-Diameter-accuracy=0.000000
2024-04-04 20:20:22,509 [INFO]  
========== done (28.150787830352783 s) fit model
2024-04-04 20:23:38,431 [INFO]  
========== start: fit model
2024-04-04 20:23:38,431 [WARNING]  Already bound, ignoring bind()
2024-04-04 20:23:41,376 [INFO]  Epoch[0] Batch [0-94]	Speed: 562.61 samples/sec	cross-entropy=0.663402	Diameter-accuracy=3.273684
2024-04-04 20:23:43,212 [INFO]  Epoch[0] Train-cross-entropy=0.002027
2024-04-04 20:23:43,212 [INFO]  Epoch[0] Train-Diameter-accuracy=3.182796
2024-04-04 20:23:43,212 [INFO]  Epoch[0] Time cost=4.780
2024-04-04 20:23:43,214 [INFO]  Saved checkpoint to "./imputer_model/9_abalone/imputer_model_Diameter/model-0000.params"
2024-04-04 20:23:43,548 [INFO]  Epoch[0] Validation-cross-entropy=0.000722
2024-04-04 20:23:43,548 [INFO]  Epoch[0] Validation-Diameter-accuracy=0.000000
2024-04-04 20:23:46,243 [INFO]  Epoch[1] Batch [0-94]	Speed: 567.15 samples/sec	cross-entropy=0.000356	Diameter-accuracy=3.273684
2024-04-04 20:23:49,175 [INFO]  Epoch[1] Train-cross-entropy=0.000185
2024-04-04 20:23:49,175 [INFO]  Epoch[1] Train-Diameter-accuracy=3.182796
2024-04-04 20:23:49,175 [INFO]  Epoch[1] Time cost=5.627
2024-04-04 20:23:49,178 [INFO]  Saved checkpoint to "./imputer_model/9_abalone/imputer_model_Diameter/model-0001.params"
2024-04-04 20:23:49,756 [INFO]  Epoch[1] Validation-cross-entropy=0.000265
2024-04-04 20:23:49,756 [INFO]  Epoch[1] Validation-Diameter-accuracy=0.000000
2024-04-04 20:23:52,743 [INFO]  Epoch[2] Batch [0-94]	Speed: 503.89 samples/sec	cross-entropy=0.000174	Diameter-accuracy=3.273684
2024-04-04 20:23:56,235 [INFO]  Epoch[2] Train-cross-entropy=0.000127
2024-04-04 20:23:56,235 [INFO]  Epoch[2] Train-Diameter-accuracy=3.182796
2024-04-04 20:23:56,235 [INFO]  Epoch[2] Time cost=6.479
2024-04-04 20:23:56,237 [INFO]  Saved checkpoint to "./imputer_model/9_abalone/imputer_model_Diameter/model-0002.params"
2024-04-04 20:23:56,785 [INFO]  Epoch[2] Validation-cross-entropy=0.000184
2024-04-04 20:23:56,785 [INFO]  Epoch[2] Validation-Diameter-accuracy=0.000000
2024-04-04 20:23:59,626 [INFO]  Epoch[3] Batch [0-94]	Speed: 529.69 samples/sec	cross-entropy=0.000139	Diameter-accuracy=3.273684
2024-04-04 20:24:00,469 [INFO]  Epoch[3] Train-cross-entropy=0.000116
2024-04-04 20:24:00,469 [INFO]  Epoch[3] Train-Diameter-accuracy=3.182796
2024-04-04 20:24:00,469 [INFO]  Epoch[3] Time cost=3.684
2024-04-04 20:24:00,472 [INFO]  Saved checkpoint to "./imputer_model/9_abalone/imputer_model_Diameter/model-0003.params"
2024-04-04 20:24:00,986 [INFO]  Epoch[3] Validation-cross-entropy=0.000132
2024-04-04 20:24:00,986 [INFO]  Epoch[3] Validation-Diameter-accuracy=0.000000
2024-04-04 20:24:03,009 [INFO]  Epoch[4] Batch [0-94]	Speed: 762.65 samples/sec	cross-entropy=0.000133	Diameter-accuracy=3.273684
2024-04-04 20:24:05,211 [INFO]  Epoch[4] Train-cross-entropy=0.000108
2024-04-04 20:24:05,211 [INFO]  Epoch[4] Train-Diameter-accuracy=3.182796
2024-04-04 20:24:05,211 [INFO]  Epoch[4] Time cost=4.224
2024-04-04 20:24:05,233 [INFO]  Saved checkpoint to "./imputer_model/9_abalone/imputer_model_Diameter/model-0004.params"
2024-04-04 20:24:05,433 [INFO]  Epoch[4] Validation-cross-entropy=0.000098
2024-04-04 20:24:05,433 [INFO]  Epoch[4] Validation-Diameter-accuracy=0.000000
2024-04-04 20:24:05,433 [INFO]  
========== done (27.00210452079773 s) fit model
2024-04-04 20:27:18,857 [INFO]  
========== start: fit model
2024-04-04 20:27:18,857 [WARNING]  Already bound, ignoring bind()
2024-04-04 20:27:21,265 [INFO]  Epoch[0] Batch [0-94]	Speed: 684.77 samples/sec	cross-entropy=0.208192	Diameter-accuracy=3.326316
2024-04-04 20:27:23,394 [INFO]  Epoch[0] Train-cross-entropy=0.002641
2024-04-04 20:27:23,394 [INFO]  Epoch[0] Train-Diameter-accuracy=3.032258
2024-04-04 20:27:23,394 [INFO]  Epoch[0] Time cost=4.534
2024-04-04 20:27:23,396 [INFO]  Saved checkpoint to "./imputer_model/9_abalone/imputer_model_Diameter/model-0000.params"
2024-04-04 20:27:23,572 [INFO]  Epoch[0] Validation-cross-entropy=0.000900
2024-04-04 20:27:23,573 [INFO]  Epoch[0] Validation-Diameter-accuracy=0.000000
2024-04-04 20:27:26,036 [INFO]  Epoch[1] Batch [0-94]	Speed: 610.71 samples/sec	cross-entropy=0.000256	Diameter-accuracy=3.326316
2024-04-04 20:27:28,821 [INFO]  Epoch[1] Train-cross-entropy=0.000268
2024-04-04 20:27:28,821 [INFO]  Epoch[1] Train-Diameter-accuracy=3.032258
2024-04-04 20:27:28,821 [INFO]  Epoch[1] Time cost=5.249
2024-04-04 20:27:28,823 [INFO]  Saved checkpoint to "./imputer_model/9_abalone/imputer_model_Diameter/model-0001.params"
2024-04-04 20:27:28,868 [INFO]  Epoch[1] Validation-cross-entropy=0.000125
2024-04-04 20:27:28,868 [INFO]  Epoch[1] Validation-Diameter-accuracy=0.000000
2024-04-04 20:27:30,219 [INFO]  Epoch[2] Batch [0-94]	Speed: 1113.88 samples/sec	cross-entropy=0.000356	Diameter-accuracy=3.326316
2024-04-04 20:27:31,965 [INFO]  Epoch[2] Train-cross-entropy=0.000652
2024-04-04 20:27:31,965 [INFO]  Epoch[2] Train-Diameter-accuracy=3.032258
2024-04-04 20:27:31,966 [INFO]  Epoch[2] Time cost=3.097
2024-04-04 20:27:31,967 [INFO]  Saved checkpoint to "./imputer_model/9_abalone/imputer_model_Diameter/model-0002.params"
2024-04-04 20:27:32,205 [INFO]  Epoch[2] Validation-cross-entropy=0.000160
2024-04-04 20:27:32,205 [INFO]  Epoch[2] Validation-Diameter-accuracy=0.000000
2024-04-04 20:27:34,357 [INFO]  Epoch[3] Batch [0-94]	Speed: 760.80 samples/sec	cross-entropy=0.000688	Diameter-accuracy=3.326316
2024-04-04 20:27:35,953 [INFO]  Epoch[3] Train-cross-entropy=0.000282
2024-04-04 20:27:35,953 [INFO]  Epoch[3] Train-Diameter-accuracy=3.032258
2024-04-04 20:27:35,953 [INFO]  Epoch[3] Time cost=3.749
2024-04-04 20:27:35,955 [INFO]  Saved checkpoint to "./imputer_model/9_abalone/imputer_model_Diameter/model-0003.params"
2024-04-04 20:27:36,051 [INFO]  Epoch[3] Validation-cross-entropy=0.000125
2024-04-04 20:27:36,051 [INFO]  Epoch[3] Validation-Diameter-accuracy=0.000000
2024-04-04 20:27:38,309 [INFO]  Epoch[4] Batch [0-94]	Speed: 667.83 samples/sec	cross-entropy=0.004639	Diameter-accuracy=3.326316
2024-04-04 20:27:40,285 [INFO]  Epoch[4] Train-cross-entropy=0.000990
2024-04-04 20:27:40,285 [INFO]  Epoch[4] Train-Diameter-accuracy=3.032258
2024-04-04 20:27:40,285 [INFO]  Epoch[4] Time cost=4.234
2024-04-04 20:27:40,287 [INFO]  Saved checkpoint to "./imputer_model/9_abalone/imputer_model_Diameter/model-0004.params"
2024-04-04 20:27:40,336 [INFO]  Epoch[4] Validation-cross-entropy=0.000360
2024-04-04 20:27:40,336 [INFO]  Epoch[4] Validation-Diameter-accuracy=0.000000
2024-04-04 20:27:40,336 [INFO]  
========== done (21.47895646095276 s) fit model
2024-04-04 20:31:22,713 [INFO]  
========== start: fit model
2024-04-04 20:31:22,713 [WARNING]  Already bound, ignoring bind()
2024-04-04 20:31:25,736 [INFO]  Epoch[0] Batch [0-94]	Speed: 531.42 samples/sec	cross-entropy=0.438380	Diameter-accuracy=0.000000
2024-04-04 20:31:29,924 [INFO]  Epoch[0] Train-cross-entropy=0.001683
2024-04-04 20:31:29,924 [INFO]  Epoch[0] Train-Diameter-accuracy=0.000000
2024-04-04 20:31:29,924 [INFO]  Epoch[0] Time cost=7.210
2024-04-04 20:31:29,926 [INFO]  Saved checkpoint to "./imputer_model/9_abalone/imputer_model_Diameter/model-0000.params"
2024-04-04 20:31:29,960 [INFO]  Epoch[0] Validation-cross-entropy=0.002023
2024-04-04 20:31:29,960 [INFO]  Epoch[0] Validation-Diameter-accuracy=0.000000
2024-04-04 20:31:32,686 [INFO]  Epoch[1] Batch [0-94]	Speed: 551.98 samples/sec	cross-entropy=0.001461	Diameter-accuracy=0.000000
2024-04-04 20:31:35,889 [INFO]  Epoch[1] Train-cross-entropy=0.000868
2024-04-04 20:31:35,889 [INFO]  Epoch[1] Train-Diameter-accuracy=0.000000
2024-04-04 20:31:35,889 [INFO]  Epoch[1] Time cost=5.929
2024-04-04 20:31:35,890 [INFO]  Saved checkpoint to "./imputer_model/9_abalone/imputer_model_Diameter/model-0001.params"
2024-04-04 20:31:36,317 [INFO]  Epoch[1] Validation-cross-entropy=0.000787
2024-04-04 20:31:36,317 [INFO]  Epoch[1] Validation-Diameter-accuracy=0.000000
2024-04-04 20:31:38,592 [INFO]  Epoch[2] Batch [0-94]	Speed: 661.51 samples/sec	cross-entropy=0.001462	Diameter-accuracy=0.000000
2024-04-04 20:31:42,191 [INFO]  Epoch[2] Train-cross-entropy=0.000765
2024-04-04 20:31:42,191 [INFO]  Epoch[2] Train-Diameter-accuracy=0.000000
2024-04-04 20:31:42,191 [INFO]  Epoch[2] Time cost=5.873
2024-04-04 20:31:42,193 [INFO]  Saved checkpoint to "./imputer_model/9_abalone/imputer_model_Diameter/model-0002.params"
2024-04-04 20:31:42,389 [INFO]  Epoch[2] Validation-cross-entropy=0.000660
2024-04-04 20:31:42,390 [INFO]  Epoch[2] Validation-Diameter-accuracy=0.000000
2024-04-04 20:31:44,755 [INFO]  Epoch[3] Batch [0-94]	Speed: 636.14 samples/sec	cross-entropy=0.000939	Diameter-accuracy=0.000000
2024-04-04 20:31:47,922 [INFO]  Epoch[3] Train-cross-entropy=0.000591
2024-04-04 20:31:47,923 [INFO]  Epoch[3] Train-Diameter-accuracy=0.000000
2024-04-04 20:31:47,923 [INFO]  Epoch[3] Time cost=5.533
2024-04-04 20:31:47,931 [INFO]  Saved checkpoint to "./imputer_model/9_abalone/imputer_model_Diameter/model-0003.params"
2024-04-04 20:31:48,074 [INFO]  Epoch[3] Validation-cross-entropy=0.001036
2024-04-04 20:31:48,074 [INFO]  Epoch[3] Validation-Diameter-accuracy=0.000000
2024-04-04 20:31:52,081 [INFO]  Epoch[4] Batch [0-94]	Speed: 384.82 samples/sec	cross-entropy=0.001258	Diameter-accuracy=0.000000
2024-04-04 20:31:53,538 [INFO]  Epoch[4] Train-cross-entropy=0.000899
2024-04-04 20:31:53,539 [INFO]  Epoch[4] Train-Diameter-accuracy=0.000000
2024-04-04 20:31:53,539 [INFO]  Epoch[4] Time cost=5.465
2024-04-04 20:31:53,543 [INFO]  Saved checkpoint to "./imputer_model/9_abalone/imputer_model_Diameter/model-0004.params"
2024-04-04 20:31:53,556 [INFO]  Epoch[4] Validation-cross-entropy=0.000270
2024-04-04 20:31:53,556 [INFO]  Epoch[4] Validation-Diameter-accuracy=0.000000
2024-04-04 20:31:53,556 [INFO]  
========== done (30.84341859817505 s) fit model
2024-04-04 20:35:38,377 [INFO]  
========== start: fit model
2024-04-04 20:35:38,377 [WARNING]  Already bound, ignoring bind()
2024-04-04 20:35:42,422 [INFO]  Epoch[0] Batch [0-94]	Speed: 372.12 samples/sec	cross-entropy=0.467250	Diameter-accuracy=3.326316
2024-04-04 20:35:44,646 [INFO]  Epoch[0] Train-cross-entropy=0.002273
2024-04-04 20:35:44,646 [INFO]  Epoch[0] Train-Diameter-accuracy=3.408602
2024-04-04 20:35:44,646 [INFO]  Epoch[0] Time cost=6.268
2024-04-04 20:35:44,652 [INFO]  Saved checkpoint to "./imputer_model/9_abalone/imputer_model_Diameter/model-0000.params"
2024-04-04 20:35:44,815 [INFO]  Epoch[0] Validation-cross-entropy=0.001779
2024-04-04 20:35:44,816 [INFO]  Epoch[0] Validation-Diameter-accuracy=0.000000
2024-04-04 20:35:47,948 [INFO]  Epoch[1] Batch [0-94]	Speed: 480.35 samples/sec	cross-entropy=0.001541	Diameter-accuracy=3.326316
2024-04-04 20:35:49,920 [INFO]  Epoch[1] Train-cross-entropy=0.012950
2024-04-04 20:35:49,920 [INFO]  Epoch[1] Train-Diameter-accuracy=3.408602
2024-04-04 20:35:49,920 [INFO]  Epoch[1] Time cost=5.104
2024-04-04 20:35:49,922 [INFO]  Saved checkpoint to "./imputer_model/9_abalone/imputer_model_Diameter/model-0001.params"
2024-04-04 20:35:49,958 [INFO]  Epoch[1] Validation-cross-entropy=0.020830
2024-04-04 20:35:49,958 [INFO]  Epoch[1] Validation-Diameter-accuracy=0.000000
2024-04-04 20:35:52,259 [INFO]  Epoch[2] Batch [0-94]	Speed: 653.79 samples/sec	cross-entropy=0.009710	Diameter-accuracy=3.326316
2024-04-04 20:35:55,773 [INFO]  Epoch[2] Train-cross-entropy=0.002714
2024-04-04 20:35:55,773 [INFO]  Epoch[2] Train-Diameter-accuracy=3.408602
2024-04-04 20:35:55,773 [INFO]  Epoch[2] Time cost=5.816
2024-04-04 20:35:55,775 [INFO]  Saved checkpoint to "./imputer_model/9_abalone/imputer_model_Diameter/model-0002.params"
2024-04-04 20:35:55,795 [INFO]  Epoch[2] Validation-cross-entropy=0.002373
2024-04-04 20:35:55,796 [INFO]  Epoch[2] Validation-Diameter-accuracy=0.000000
2024-04-04 20:35:58,655 [INFO]  Epoch[3] Batch [0-94]	Speed: 539.71 samples/sec	cross-entropy=0.001243	Diameter-accuracy=3.326316
2024-04-04 20:36:01,098 [INFO]  Epoch[3] Train-cross-entropy=0.004999
2024-04-04 20:36:01,098 [INFO]  Epoch[3] Train-Diameter-accuracy=3.408602
2024-04-04 20:36:01,098 [INFO]  Epoch[3] Time cost=5.303
2024-04-04 20:36:01,101 [INFO]  Saved checkpoint to "./imputer_model/9_abalone/imputer_model_Diameter/model-0003.params"
2024-04-04 20:36:02,129 [INFO]  Epoch[3] Validation-cross-entropy=0.001866
2024-04-04 20:36:02,129 [INFO]  Epoch[3] Validation-Diameter-accuracy=0.000000
2024-04-04 20:36:04,888 [INFO]  Epoch[4] Batch [0-94]	Speed: 545.99 samples/sec	cross-entropy=0.002244	Diameter-accuracy=3.326316
2024-04-04 20:36:06,929 [INFO]  Epoch[4] Train-cross-entropy=0.002528
2024-04-04 20:36:06,929 [INFO]  Epoch[4] Train-Diameter-accuracy=3.408602
2024-04-04 20:36:06,929 [INFO]  Epoch[4] Time cost=4.800
2024-04-04 20:36:06,931 [INFO]  Saved checkpoint to "./imputer_model/9_abalone/imputer_model_Diameter/model-0004.params"
2024-04-04 20:36:07,075 [INFO]  Epoch[4] Validation-cross-entropy=0.001250
2024-04-04 20:36:07,075 [INFO]  Epoch[4] Validation-Diameter-accuracy=0.000000
2024-04-04 20:36:07,076 [INFO]  
========== done (28.69905924797058 s) fit model
2024-04-04 20:39:32,716 [INFO]  
========== start: fit model
2024-04-04 20:39:32,716 [WARNING]  Already bound, ignoring bind()
2024-04-04 20:39:35,409 [INFO]  Epoch[0] Batch [0-94]	Speed: 560.48 samples/sec	cross-entropy=0.229569	Diameter-accuracy=0.000000
2024-04-04 20:39:38,679 [INFO]  Epoch[0] Train-cross-entropy=0.000580
2024-04-04 20:39:38,679 [INFO]  Epoch[0] Train-Diameter-accuracy=0.000000
2024-04-04 20:39:38,679 [INFO]  Epoch[0] Time cost=5.962
2024-04-04 20:39:38,682 [INFO]  Saved checkpoint to "./imputer_model/9_abalone/imputer_model_Diameter/model-0000.params"
2024-04-04 20:39:39,098 [INFO]  Epoch[0] Validation-cross-entropy=0.000262
2024-04-04 20:39:39,098 [INFO]  Epoch[0] Validation-Diameter-accuracy=0.000000
2024-04-04 20:39:42,143 [INFO]  Epoch[1] Batch [0-94]	Speed: 494.19 samples/sec	cross-entropy=0.000321	Diameter-accuracy=0.000000
2024-04-04 20:39:45,618 [INFO]  Epoch[1] Train-cross-entropy=0.000216
2024-04-04 20:39:45,618 [INFO]  Epoch[1] Train-Diameter-accuracy=0.000000
2024-04-04 20:39:45,618 [INFO]  Epoch[1] Time cost=6.520
2024-04-04 20:39:45,620 [INFO]  Saved checkpoint to "./imputer_model/9_abalone/imputer_model_Diameter/model-0001.params"
2024-04-04 20:39:45,684 [INFO]  Epoch[1] Validation-cross-entropy=0.000172
2024-04-04 20:39:45,684 [INFO]  Epoch[1] Validation-Diameter-accuracy=0.000000
2024-04-04 20:39:47,018 [INFO]  Epoch[2] Batch [0-94]	Speed: 1128.81 samples/sec	cross-entropy=0.000231	Diameter-accuracy=0.000000
2024-04-04 20:39:49,802 [INFO]  Epoch[2] Train-cross-entropy=0.000157
2024-04-04 20:39:49,802 [INFO]  Epoch[2] Train-Diameter-accuracy=0.000000
2024-04-04 20:39:49,802 [INFO]  Epoch[2] Time cost=4.118
2024-04-04 20:39:49,804 [INFO]  Saved checkpoint to "./imputer_model/9_abalone/imputer_model_Diameter/model-0002.params"
2024-04-04 20:39:49,824 [INFO]  Epoch[2] Validation-cross-entropy=0.000254
2024-04-04 20:39:49,824 [INFO]  Epoch[2] Validation-Diameter-accuracy=0.000000
2024-04-04 20:39:51,496 [INFO]  Epoch[3] Batch [0-94]	Speed: 899.69 samples/sec	cross-entropy=0.000171	Diameter-accuracy=0.000000
2024-04-04 20:39:53,440 [INFO]  Epoch[3] Train-cross-entropy=0.000163
2024-04-04 20:39:53,440 [INFO]  Epoch[3] Train-Diameter-accuracy=0.000000
2024-04-04 20:39:53,440 [INFO]  Epoch[3] Time cost=3.616
2024-04-04 20:39:53,442 [INFO]  Saved checkpoint to "./imputer_model/9_abalone/imputer_model_Diameter/model-0003.params"
2024-04-04 20:39:53,498 [INFO]  Epoch[3] Validation-cross-entropy=0.000716
2024-04-04 20:39:53,498 [INFO]  Epoch[3] Validation-Diameter-accuracy=0.000000
2024-04-04 20:39:54,759 [INFO]  Epoch[4] Batch [0-94]	Speed: 1194.84 samples/sec	cross-entropy=0.000393	Diameter-accuracy=0.000000
2024-04-04 20:39:56,776 [INFO]  Epoch[4] Train-cross-entropy=0.000175
2024-04-04 20:39:56,776 [INFO]  Epoch[4] Train-Diameter-accuracy=0.000000
2024-04-04 20:39:56,777 [INFO]  Epoch[4] Time cost=3.278
2024-04-04 20:39:56,780 [INFO]  Saved checkpoint to "./imputer_model/9_abalone/imputer_model_Diameter/model-0004.params"
2024-04-04 20:39:57,108 [INFO]  Epoch[4] Validation-cross-entropy=0.000066
2024-04-04 20:39:57,108 [INFO]  Epoch[4] Validation-Diameter-accuracy=0.000000
2024-04-04 20:39:57,108 [INFO]  
========== done (24.39184331893921 s) fit model
2024-04-04 20:43:46,742 [INFO]  
========== start: fit model
2024-04-04 20:43:46,742 [WARNING]  Already bound, ignoring bind()
2024-04-04 20:43:52,013 [INFO]  Epoch[0] Batch [0-94]	Speed: 285.46 samples/sec	cross-entropy=0.541931	Diameter-accuracy=3.221053
2024-04-04 20:43:56,433 [INFO]  Epoch[0] Train-cross-entropy=0.003699
2024-04-04 20:43:56,433 [INFO]  Epoch[0] Train-Diameter-accuracy=3.236559
2024-04-04 20:43:56,433 [INFO]  Epoch[0] Time cost=9.690
2024-04-04 20:43:56,436 [INFO]  Saved checkpoint to "./imputer_model/9_abalone/imputer_model_Diameter/model-0000.params"
2024-04-04 20:43:56,457 [INFO]  Epoch[0] Validation-cross-entropy=0.001508
2024-04-04 20:43:56,457 [INFO]  Epoch[0] Validation-Diameter-accuracy=0.000000
2024-04-04 20:44:00,279 [INFO]  Epoch[1] Batch [0-94]	Speed: 393.66 samples/sec	cross-entropy=0.000986	Diameter-accuracy=3.221053
2024-04-04 20:44:03,207 [INFO]  Epoch[1] Train-cross-entropy=0.000641
2024-04-04 20:44:03,207 [INFO]  Epoch[1] Train-Diameter-accuracy=3.236559
2024-04-04 20:44:03,207 [INFO]  Epoch[1] Time cost=6.750
2024-04-04 20:44:03,209 [INFO]  Saved checkpoint to "./imputer_model/9_abalone/imputer_model_Diameter/model-0001.params"
2024-04-04 20:44:03,278 [INFO]  Epoch[1] Validation-cross-entropy=0.000561
2024-04-04 20:44:03,278 [INFO]  Epoch[1] Validation-Diameter-accuracy=0.000000
2024-04-04 20:44:06,587 [INFO]  Epoch[2] Batch [0-94]	Speed: 454.72 samples/sec	cross-entropy=0.000435	Diameter-accuracy=3.221053
2024-04-04 20:44:08,425 [INFO]  Epoch[2] Train-cross-entropy=0.000331
2024-04-04 20:44:08,425 [INFO]  Epoch[2] Train-Diameter-accuracy=3.236559
2024-04-04 20:44:08,425 [INFO]  Epoch[2] Time cost=5.147
2024-04-04 20:44:08,427 [INFO]  Saved checkpoint to "./imputer_model/9_abalone/imputer_model_Diameter/model-0002.params"
2024-04-04 20:44:08,631 [INFO]  Epoch[2] Validation-cross-entropy=0.000369
2024-04-04 20:44:08,632 [INFO]  Epoch[2] Validation-Diameter-accuracy=0.000000
2024-04-04 20:44:10,502 [INFO]  Epoch[3] Batch [0-94]	Speed: 807.73 samples/sec	cross-entropy=0.000264	Diameter-accuracy=3.221053
2024-04-04 20:44:12,259 [INFO]  Epoch[3] Train-cross-entropy=0.000358
2024-04-04 20:44:12,259 [INFO]  Epoch[3] Train-Diameter-accuracy=3.236559
2024-04-04 20:44:12,260 [INFO]  Epoch[3] Time cost=3.628
2024-04-04 20:44:12,262 [INFO]  Saved checkpoint to "./imputer_model/9_abalone/imputer_model_Diameter/model-0003.params"
2024-04-04 20:44:12,292 [INFO]  Epoch[3] Validation-cross-entropy=0.000186
2024-04-04 20:44:12,292 [INFO]  Epoch[3] Validation-Diameter-accuracy=0.000000
2024-04-04 20:44:14,126 [INFO]  Epoch[4] Batch [0-94]	Speed: 820.39 samples/sec	cross-entropy=0.000360	Diameter-accuracy=3.221053
2024-04-04 20:44:17,304 [INFO]  Epoch[4] Train-cross-entropy=0.000185
2024-04-04 20:44:17,304 [INFO]  Epoch[4] Train-Diameter-accuracy=3.236559
2024-04-04 20:44:17,304 [INFO]  Epoch[4] Time cost=5.013
2024-04-04 20:44:17,307 [INFO]  Saved checkpoint to "./imputer_model/9_abalone/imputer_model_Diameter/model-0004.params"
2024-04-04 20:44:17,763 [INFO]  Epoch[4] Validation-cross-entropy=0.000132
2024-04-04 20:44:17,763 [INFO]  Epoch[4] Validation-Diameter-accuracy=0.000000
2024-04-04 20:44:17,764 [INFO]  
========== done (31.02175545692444 s) fit model
2024-04-04 20:48:03,853 [INFO]  
========== start: fit model
2024-04-04 20:48:03,853 [WARNING]  Already bound, ignoring bind()
2024-04-04 20:48:05,075 [INFO]  Epoch[0] Batch [0-94]	Speed: 1242.93 samples/sec	cross-entropy=1.223590	Diameter-accuracy=3.084211
2024-04-04 20:48:07,723 [INFO]  Epoch[0] Train-cross-entropy=0.005459
2024-04-04 20:48:07,723 [INFO]  Epoch[0] Train-Diameter-accuracy=3.430108
2024-04-04 20:48:07,723 [INFO]  Epoch[0] Time cost=3.868
2024-04-04 20:48:07,724 [INFO]  Saved checkpoint to "./imputer_model/9_abalone/imputer_model_Diameter/model-0000.params"
2024-04-04 20:48:08,155 [INFO]  Epoch[0] Validation-cross-entropy=0.003175
2024-04-04 20:48:08,156 [INFO]  Epoch[0] Validation-Diameter-accuracy=0.000000
2024-04-04 20:48:10,785 [INFO]  Epoch[1] Batch [0-94]	Speed: 572.30 samples/sec	cross-entropy=0.002333	Diameter-accuracy=3.084211
2024-04-04 20:48:14,809 [INFO]  Epoch[1] Train-cross-entropy=0.001558
2024-04-04 20:48:14,809 [INFO]  Epoch[1] Train-Diameter-accuracy=3.430108
2024-04-04 20:48:14,809 [INFO]  Epoch[1] Time cost=6.653
2024-04-04 20:48:14,812 [INFO]  Saved checkpoint to "./imputer_model/9_abalone/imputer_model_Diameter/model-0001.params"
2024-04-04 20:48:15,038 [INFO]  Epoch[1] Validation-cross-entropy=0.000885
2024-04-04 20:48:15,039 [INFO]  Epoch[1] Validation-Diameter-accuracy=0.000000
2024-04-04 20:48:17,655 [INFO]  Epoch[2] Batch [0-94]	Speed: 654.62 samples/sec	cross-entropy=0.001048	Diameter-accuracy=3.084211
2024-04-04 20:48:21,537 [INFO]  Epoch[2] Train-cross-entropy=0.001178
2024-04-04 20:48:21,537 [INFO]  Epoch[2] Train-Diameter-accuracy=3.430108
2024-04-04 20:48:21,538 [INFO]  Epoch[2] Time cost=6.499
2024-04-04 20:48:21,540 [INFO]  Saved checkpoint to "./imputer_model/9_abalone/imputer_model_Diameter/model-0002.params"
2024-04-04 20:48:21,547 [INFO]  Epoch[2] Validation-cross-entropy=0.002718
2024-04-04 20:48:21,547 [INFO]  Epoch[2] Validation-Diameter-accuracy=0.000000
2024-04-04 20:48:24,636 [INFO]  Epoch[3] Batch [0-94]	Speed: 490.58 samples/sec	cross-entropy=0.001108	Diameter-accuracy=3.084211
2024-04-04 20:48:27,794 [INFO]  Epoch[3] Train-cross-entropy=0.001240
2024-04-04 20:48:27,794 [INFO]  Epoch[3] Train-Diameter-accuracy=3.430108
2024-04-04 20:48:27,794 [INFO]  Epoch[3] Time cost=6.247
2024-04-04 20:48:27,796 [INFO]  Saved checkpoint to "./imputer_model/9_abalone/imputer_model_Diameter/model-0003.params"
2024-04-04 20:48:28,008 [INFO]  Epoch[3] Validation-cross-entropy=0.000848
2024-04-04 20:48:28,008 [INFO]  Epoch[3] Validation-Diameter-accuracy=0.000000
2024-04-04 20:48:31,120 [INFO]  Epoch[4] Batch [0-94]	Speed: 483.50 samples/sec	cross-entropy=0.000646	Diameter-accuracy=3.084211
2024-04-04 20:48:33,146 [INFO]  Epoch[4] Train-cross-entropy=0.000773
2024-04-04 20:48:33,146 [INFO]  Epoch[4] Train-Diameter-accuracy=3.430108
2024-04-04 20:48:33,146 [INFO]  Epoch[4] Time cost=5.137
2024-04-04 20:48:33,147 [INFO]  Saved checkpoint to "./imputer_model/9_abalone/imputer_model_Diameter/model-0004.params"
2024-04-04 20:48:33,397 [INFO]  Epoch[4] Validation-cross-entropy=0.000502
2024-04-04 20:48:33,397 [INFO]  Epoch[4] Validation-Diameter-accuracy=0.000000
2024-04-04 20:48:33,397 [INFO]  
========== done (29.544248342514038 s) fit model
2024-04-04 20:52:05,685 [INFO]  
========== start: fit model
2024-04-04 20:52:05,685 [WARNING]  Already bound, ignoring bind()
2024-04-04 20:52:08,600 [INFO]  Epoch[0] Batch [0-94]	Speed: 520.86 samples/sec	cross-entropy=0.139019	Diameter-accuracy=3.178947
2024-04-04 20:52:11,178 [INFO]  Epoch[0] Train-cross-entropy=0.001037
2024-04-04 20:52:11,178 [INFO]  Epoch[0] Train-Diameter-accuracy=3.430108
2024-04-04 20:52:11,178 [INFO]  Epoch[0] Time cost=5.492
2024-04-04 20:52:11,181 [INFO]  Saved checkpoint to "./imputer_model/9_abalone/imputer_model_Diameter/model-0000.params"
2024-04-04 20:52:11,310 [INFO]  Epoch[0] Validation-cross-entropy=0.000448
2024-04-04 20:52:11,310 [INFO]  Epoch[0] Validation-Diameter-accuracy=0.000000
2024-04-04 20:52:16,009 [INFO]  Epoch[1] Batch [0-94]	Speed: 320.20 samples/sec	cross-entropy=0.000247	Diameter-accuracy=3.178947
2024-04-04 20:52:17,859 [INFO]  Epoch[1] Train-cross-entropy=0.001314
2024-04-04 20:52:17,859 [INFO]  Epoch[1] Train-Diameter-accuracy=3.430108
2024-04-04 20:52:17,860 [INFO]  Epoch[1] Time cost=6.549
2024-04-04 20:52:17,861 [INFO]  Saved checkpoint to "./imputer_model/9_abalone/imputer_model_Diameter/model-0001.params"
2024-04-04 20:52:17,876 [INFO]  Epoch[1] Validation-cross-entropy=0.000479
2024-04-04 20:52:17,876 [INFO]  Epoch[1] Validation-Diameter-accuracy=0.000000
2024-04-04 20:52:19,284 [INFO]  Epoch[2] Batch [0-94]	Speed: 1203.27 samples/sec	cross-entropy=0.000670	Diameter-accuracy=3.178947
2024-04-04 20:52:21,144 [INFO]  Epoch[2] Train-cross-entropy=0.011698
2024-04-04 20:52:21,144 [INFO]  Epoch[2] Train-Diameter-accuracy=3.430108
2024-04-04 20:52:21,144 [INFO]  Epoch[2] Time cost=3.267
2024-04-04 20:52:21,146 [INFO]  Saved checkpoint to "./imputer_model/9_abalone/imputer_model_Diameter/model-0002.params"
2024-04-04 20:52:21,307 [INFO]  Epoch[2] Validation-cross-entropy=0.003266
2024-04-04 20:52:21,307 [INFO]  Epoch[2] Validation-Diameter-accuracy=0.000000
2024-04-04 20:52:23,778 [INFO]  Epoch[3] Batch [0-94]	Speed: 622.73 samples/sec	cross-entropy=0.000986	Diameter-accuracy=3.178947
2024-04-04 20:52:25,136 [INFO]  Epoch[3] Train-cross-entropy=0.000303
2024-04-04 20:52:25,136 [INFO]  Epoch[3] Train-Diameter-accuracy=3.430108
2024-04-04 20:52:25,137 [INFO]  Epoch[3] Time cost=3.830
2024-04-04 20:52:25,138 [INFO]  Saved checkpoint to "./imputer_model/9_abalone/imputer_model_Diameter/model-0003.params"
2024-04-04 20:52:25,486 [INFO]  Epoch[3] Validation-cross-entropy=0.000286
2024-04-04 20:52:25,486 [INFO]  Epoch[3] Validation-Diameter-accuracy=0.000000
2024-04-04 20:52:27,239 [INFO]  Epoch[4] Batch [0-94]	Speed: 858.11 samples/sec	cross-entropy=0.000183	Diameter-accuracy=3.178947
2024-04-04 20:52:28,613 [INFO]  Epoch[4] Train-cross-entropy=0.000435
2024-04-04 20:52:28,613 [INFO]  Epoch[4] Train-Diameter-accuracy=3.430108
2024-04-04 20:52:28,613 [INFO]  Epoch[4] Time cost=3.128
2024-04-04 20:52:28,615 [INFO]  Saved checkpoint to "./imputer_model/9_abalone/imputer_model_Diameter/model-0004.params"
2024-04-04 20:52:28,746 [INFO]  Epoch[4] Validation-cross-entropy=0.000160
2024-04-04 20:52:28,746 [INFO]  Epoch[4] Validation-Diameter-accuracy=0.000000
2024-04-04 20:52:28,746 [INFO]  
========== done (23.061443090438843 s) fit model
2024-04-04 20:54:49,809 [INFO]  
========== start: fit model
2024-04-04 20:54:49,809 [WARNING]  Already bound, ignoring bind()
2024-04-04 20:54:51,716 [INFO]  Epoch[0] Batch [0-94]	Speed: 816.70 samples/sec	cross-entropy=0.708587	Diameter-accuracy=0.000000
2024-04-04 20:54:52,971 [INFO]  Epoch[0] Train-cross-entropy=0.004335
2024-04-04 20:54:52,971 [INFO]  Epoch[0] Train-Diameter-accuracy=0.000000
2024-04-04 20:54:52,971 [INFO]  Epoch[0] Time cost=3.161
2024-04-04 20:54:52,973 [INFO]  Saved checkpoint to "./imputer_model/9_abalone/imputer_model_Diameter/model-0000.params"
2024-04-04 20:54:53,123 [INFO]  Epoch[0] Validation-cross-entropy=0.001927
2024-04-04 20:54:53,123 [INFO]  Epoch[0] Validation-Diameter-accuracy=0.000000
2024-04-04 20:54:55,659 [INFO]  Epoch[1] Batch [0-94]	Speed: 629.57 samples/sec	cross-entropy=0.001367	Diameter-accuracy=0.000000
2024-04-04 20:54:58,351 [INFO]  Epoch[1] Train-cross-entropy=0.000582
2024-04-04 20:54:58,351 [INFO]  Epoch[1] Train-Diameter-accuracy=0.000000
2024-04-04 20:54:58,351 [INFO]  Epoch[1] Time cost=5.228
2024-04-04 20:54:58,354 [INFO]  Saved checkpoint to "./imputer_model/9_abalone/imputer_model_Diameter/model-0001.params"
2024-04-04 20:54:58,436 [INFO]  Epoch[1] Validation-cross-entropy=0.000457
2024-04-04 20:54:58,436 [INFO]  Epoch[1] Validation-Diameter-accuracy=0.000000
2024-04-04 20:54:59,049 [INFO]  Epoch[2] Batch [0-94]	Speed: 2457.96 samples/sec	cross-entropy=0.000521	Diameter-accuracy=0.000000
2024-04-04 20:55:01,035 [INFO]  Epoch[2] Train-cross-entropy=0.000420
2024-04-04 20:55:01,035 [INFO]  Epoch[2] Train-Diameter-accuracy=0.000000
2024-04-04 20:55:01,035 [INFO]  Epoch[2] Time cost=2.599
2024-04-04 20:55:01,037 [INFO]  Saved checkpoint to "./imputer_model/9_abalone/imputer_model_Diameter/model-0002.params"
2024-04-04 20:55:01,522 [INFO]  Epoch[2] Validation-cross-entropy=0.000303
2024-04-04 20:55:01,523 [INFO]  Epoch[2] Validation-Diameter-accuracy=0.000000
2024-04-04 20:55:03,676 [INFO]  Epoch[3] Batch [0-94]	Speed: 699.92 samples/sec	cross-entropy=0.000323	Diameter-accuracy=0.000000
2024-04-04 20:55:05,419 [INFO]  Epoch[3] Train-cross-entropy=0.000373
2024-04-04 20:55:05,419 [INFO]  Epoch[3] Train-Diameter-accuracy=0.000000
2024-04-04 20:55:05,419 [INFO]  Epoch[3] Time cost=3.896
2024-04-04 20:55:05,421 [INFO]  Saved checkpoint to "./imputer_model/9_abalone/imputer_model_Diameter/model-0003.params"
2024-04-04 20:55:05,644 [INFO]  Epoch[3] Validation-cross-entropy=0.000203
2024-04-04 20:55:05,644 [INFO]  Epoch[3] Validation-Diameter-accuracy=0.000000
2024-04-04 20:55:06,958 [INFO]  Epoch[4] Batch [0-94]	Speed: 1342.27 samples/sec	cross-entropy=0.000204	Diameter-accuracy=0.000000
2024-04-04 20:55:08,255 [INFO]  Epoch[4] Train-cross-entropy=0.000240
2024-04-04 20:55:08,255 [INFO]  Epoch[4] Train-Diameter-accuracy=0.000000
2024-04-04 20:55:08,255 [INFO]  Epoch[4] Time cost=2.611
2024-04-04 20:55:08,263 [INFO]  Saved checkpoint to "./imputer_model/9_abalone/imputer_model_Diameter/model-0004.params"
2024-04-04 20:55:08,553 [INFO]  Epoch[4] Validation-cross-entropy=0.000196
2024-04-04 20:55:08,553 [INFO]  Epoch[4] Validation-Diameter-accuracy=0.000000
2024-04-04 20:55:08,553 [INFO]  
========== done (18.74444341659546 s) fit model
2024-04-04 20:57:19,292 [INFO]  
========== start: fit model
2024-04-04 20:57:19,292 [WARNING]  Already bound, ignoring bind()
2024-04-04 20:57:21,042 [INFO]  Epoch[0] Batch [0-94]	Speed: 966.28 samples/sec	cross-entropy=2.132747	Diameter-accuracy=0.000000
2024-04-04 20:57:22,540 [INFO]  Epoch[0] Train-cross-entropy=0.012206
2024-04-04 20:57:22,540 [INFO]  Epoch[0] Train-Diameter-accuracy=0.000000
2024-04-04 20:57:22,540 [INFO]  Epoch[0] Time cost=3.247
2024-04-04 20:57:22,543 [INFO]  Saved checkpoint to "./imputer_model/9_abalone/imputer_model_Diameter/model-0000.params"
2024-04-04 20:57:22,622 [INFO]  Epoch[0] Validation-cross-entropy=0.008086
2024-04-04 20:57:22,622 [INFO]  Epoch[0] Validation-Diameter-accuracy=0.000000
2024-04-04 20:57:24,077 [INFO]  Epoch[1] Batch [0-94]	Speed: 1034.51 samples/sec	cross-entropy=0.005610	Diameter-accuracy=0.000000
2024-04-04 20:57:25,821 [INFO]  Epoch[1] Train-cross-entropy=0.003800
2024-04-04 20:57:25,821 [INFO]  Epoch[1] Train-Diameter-accuracy=0.000000
2024-04-04 20:57:25,821 [INFO]  Epoch[1] Time cost=3.198
2024-04-04 20:57:25,822 [INFO]  Saved checkpoint to "./imputer_model/9_abalone/imputer_model_Diameter/model-0001.params"
2024-04-04 20:57:26,037 [INFO]  Epoch[1] Validation-cross-entropy=0.003663
2024-04-04 20:57:26,038 [INFO]  Epoch[1] Validation-Diameter-accuracy=0.000000
2024-04-04 20:57:28,215 [INFO]  Epoch[2] Batch [0-94]	Speed: 691.28 samples/sec	cross-entropy=0.002502	Diameter-accuracy=0.000000
2024-04-04 20:57:29,917 [INFO]  Epoch[2] Train-cross-entropy=0.002237
2024-04-04 20:57:29,918 [INFO]  Epoch[2] Train-Diameter-accuracy=0.000000
2024-04-04 20:57:29,918 [INFO]  Epoch[2] Time cost=3.880
2024-04-04 20:57:29,920 [INFO]  Saved checkpoint to "./imputer_model/9_abalone/imputer_model_Diameter/model-0002.params"
2024-04-04 20:57:29,986 [INFO]  Epoch[2] Validation-cross-entropy=0.001544
2024-04-04 20:57:29,986 [INFO]  Epoch[2] Validation-Diameter-accuracy=0.000000
2024-04-04 20:57:31,048 [INFO]  Epoch[3] Batch [0-94]	Speed: 1417.96 samples/sec	cross-entropy=0.001502	Diameter-accuracy=0.000000
2024-04-04 20:57:32,913 [INFO]  Epoch[3] Train-cross-entropy=0.001700
2024-04-04 20:57:32,914 [INFO]  Epoch[3] Train-Diameter-accuracy=0.000000
2024-04-04 20:57:32,914 [INFO]  Epoch[3] Time cost=2.927
2024-04-04 20:57:32,915 [INFO]  Saved checkpoint to "./imputer_model/9_abalone/imputer_model_Diameter/model-0003.params"
2024-04-04 20:57:32,966 [INFO]  Epoch[3] Validation-cross-entropy=0.002606
2024-04-04 20:57:32,966 [INFO]  Epoch[3] Validation-Diameter-accuracy=0.000000
2024-04-04 20:57:35,891 [INFO]  Epoch[4] Batch [0-94]	Speed: 514.37 samples/sec	cross-entropy=0.001148	Diameter-accuracy=0.000000
2024-04-04 20:57:37,870 [INFO]  Epoch[4] Train-cross-entropy=0.000893
2024-04-04 20:57:37,870 [INFO]  Epoch[4] Train-Diameter-accuracy=0.000000
2024-04-04 20:57:37,870 [INFO]  Epoch[4] Time cost=4.904
2024-04-04 20:57:37,872 [INFO]  Saved checkpoint to "./imputer_model/9_abalone/imputer_model_Diameter/model-0004.params"
2024-04-04 20:57:37,954 [INFO]  Epoch[4] Validation-cross-entropy=0.000629
2024-04-04 20:57:37,955 [INFO]  Epoch[4] Validation-Diameter-accuracy=0.000000
2024-04-04 20:57:37,955 [INFO]  
========== done (18.663052320480347 s) fit model
2024-04-04 20:59:53,035 [INFO]  
========== start: fit model
2024-04-04 20:59:53,051 [WARNING]  Already bound, ignoring bind()
2024-04-04 20:59:54,744 [INFO]  Epoch[0] Batch [0-94]	Speed: 980.14 samples/sec	cross-entropy=2.719886	Diameter-accuracy=0.000000
2024-04-04 20:59:55,851 [INFO]  Epoch[0] Train-cross-entropy=0.016147
2024-04-04 20:59:55,851 [INFO]  Epoch[0] Train-Diameter-accuracy=0.000000
2024-04-04 20:59:55,851 [INFO]  Epoch[0] Time cost=2.794
2024-04-04 20:59:55,855 [INFO]  Saved checkpoint to "./imputer_model/9_abalone/imputer_model_Diameter/model-0000.params"
2024-04-04 20:59:56,194 [INFO]  Epoch[0] Validation-cross-entropy=0.007718
2024-04-04 20:59:56,195 [INFO]  Epoch[0] Validation-Diameter-accuracy=0.000000
2024-04-04 20:59:57,305 [INFO]  Epoch[1] Batch [0-94]	Speed: 1356.75 samples/sec	cross-entropy=0.003839	Diameter-accuracy=0.000000
2024-04-04 20:59:58,425 [INFO]  Epoch[1] Train-cross-entropy=0.003087
2024-04-04 20:59:58,425 [INFO]  Epoch[1] Train-Diameter-accuracy=0.000000
2024-04-04 20:59:58,425 [INFO]  Epoch[1] Time cost=2.230
2024-04-04 20:59:58,427 [INFO]  Saved checkpoint to "./imputer_model/9_abalone/imputer_model_Diameter/model-0001.params"
2024-04-04 20:59:58,448 [INFO]  Epoch[1] Validation-cross-entropy=0.001739
2024-04-04 20:59:58,448 [INFO]  Epoch[1] Validation-Diameter-accuracy=0.000000
2024-04-04 21:00:00,820 [INFO]  Epoch[2] Batch [0-94]	Speed: 634.26 samples/sec	cross-entropy=0.000846	Diameter-accuracy=0.000000
2024-04-04 21:00:01,849 [INFO]  Epoch[2] Train-cross-entropy=0.008207
2024-04-04 21:00:01,849 [INFO]  Epoch[2] Train-Diameter-accuracy=0.000000
2024-04-04 21:00:01,849 [INFO]  Epoch[2] Time cost=3.401
2024-04-04 21:00:01,851 [INFO]  Saved checkpoint to "./imputer_model/9_abalone/imputer_model_Diameter/model-0002.params"
2024-04-04 21:00:02,153 [INFO]  Epoch[2] Validation-cross-entropy=0.037859
2024-04-04 21:00:02,153 [INFO]  Epoch[2] Validation-Diameter-accuracy=0.000000
2024-04-04 21:00:04,158 [INFO]  Epoch[3] Batch [0-94]	Speed: 750.54 samples/sec	cross-entropy=0.005054	Diameter-accuracy=0.000000
2024-04-04 21:00:04,838 [INFO]  Epoch[3] Train-cross-entropy=0.005783
2024-04-04 21:00:04,838 [INFO]  Epoch[3] Train-Diameter-accuracy=0.000000
2024-04-04 21:00:04,838 [INFO]  Epoch[3] Time cost=2.685
2024-04-04 21:00:04,840 [INFO]  Saved checkpoint to "./imputer_model/9_abalone/imputer_model_Diameter/model-0003.params"
2024-04-04 21:00:04,867 [INFO]  Epoch[3] Validation-cross-entropy=0.046056
2024-04-04 21:00:04,868 [INFO]  Epoch[3] Validation-Diameter-accuracy=0.000000
2024-04-04 21:00:06,672 [INFO]  Epoch[4] Batch [0-94]	Speed: 835.46 samples/sec	cross-entropy=0.005360	Diameter-accuracy=0.000000
2024-04-04 21:00:08,053 [INFO]  Epoch[4] Train-cross-entropy=0.003777
2024-04-04 21:00:08,054 [INFO]  Epoch[4] Train-Diameter-accuracy=0.000000
2024-04-04 21:00:08,054 [INFO]  Epoch[4] Time cost=3.186
2024-04-04 21:00:08,056 [INFO]  Saved checkpoint to "./imputer_model/9_abalone/imputer_model_Diameter/model-0004.params"
2024-04-04 21:00:08,316 [INFO]  Epoch[4] Validation-cross-entropy=0.050936
2024-04-04 21:00:08,316 [INFO]  Epoch[4] Validation-Diameter-accuracy=0.000000
2024-04-04 21:00:08,316 [INFO]  
========== done (15.281332731246948 s) fit model
2024-04-04 21:02:33,456 [INFO]  
========== start: fit model
2024-04-04 21:02:33,459 [WARNING]  Already bound, ignoring bind()
2024-04-04 21:02:36,112 [INFO]  Epoch[0] Batch [0-94]	Speed: 591.33 samples/sec	cross-entropy=1.246788	Diameter-accuracy=3.326316
2024-04-04 21:02:37,717 [INFO]  Epoch[0] Train-cross-entropy=0.002944
2024-04-04 21:02:37,717 [INFO]  Epoch[0] Train-Diameter-accuracy=3.118280
2024-04-04 21:02:37,717 [INFO]  Epoch[0] Time cost=4.257
2024-04-04 21:02:37,729 [INFO]  Saved checkpoint to "./imputer_model/9_abalone/imputer_model_Diameter/model-0000.params"
2024-04-04 21:02:38,010 [INFO]  Epoch[0] Validation-cross-entropy=0.001540
2024-04-04 21:02:38,010 [INFO]  Epoch[0] Validation-Diameter-accuracy=0.000000
2024-04-04 21:02:40,008 [INFO]  Epoch[1] Batch [0-94]	Speed: 753.37 samples/sec	cross-entropy=0.000920	Diameter-accuracy=3.326316
2024-04-04 21:02:41,106 [INFO]  Epoch[1] Train-cross-entropy=0.000486
2024-04-04 21:02:41,106 [INFO]  Epoch[1] Train-Diameter-accuracy=3.118280
2024-04-04 21:02:41,106 [INFO]  Epoch[1] Time cost=3.096
2024-04-04 21:02:41,108 [INFO]  Saved checkpoint to "./imputer_model/9_abalone/imputer_model_Diameter/model-0001.params"
2024-04-04 21:02:41,446 [INFO]  Epoch[1] Validation-cross-entropy=0.000415
2024-04-04 21:02:41,446 [INFO]  Epoch[1] Validation-Diameter-accuracy=0.000000
2024-04-04 21:02:43,814 [INFO]  Epoch[2] Batch [0-94]	Speed: 638.23 samples/sec	cross-entropy=0.000255	Diameter-accuracy=3.326316
2024-04-04 21:02:45,088 [INFO]  Epoch[2] Train-cross-entropy=0.000255
2024-04-04 21:02:45,088 [INFO]  Epoch[2] Train-Diameter-accuracy=3.118280
2024-04-04 21:02:45,088 [INFO]  Epoch[2] Time cost=3.642
2024-04-04 21:02:45,090 [INFO]  Saved checkpoint to "./imputer_model/9_abalone/imputer_model_Diameter/model-0002.params"
2024-04-04 21:02:45,226 [INFO]  Epoch[2] Validation-cross-entropy=0.000245
2024-04-04 21:02:45,226 [INFO]  Epoch[2] Validation-Diameter-accuracy=0.000000
2024-04-04 21:02:47,082 [INFO]  Epoch[3] Batch [0-94]	Speed: 810.94 samples/sec	cross-entropy=0.000175	Diameter-accuracy=3.326316
2024-04-04 21:02:47,928 [INFO]  Epoch[3] Train-cross-entropy=0.000191
2024-04-04 21:02:47,928 [INFO]  Epoch[3] Train-Diameter-accuracy=3.118280
2024-04-04 21:02:47,928 [INFO]  Epoch[3] Time cost=2.702
2024-04-04 21:02:47,930 [INFO]  Saved checkpoint to "./imputer_model/9_abalone/imputer_model_Diameter/model-0003.params"
2024-04-04 21:02:47,954 [INFO]  Epoch[3] Validation-cross-entropy=0.000184
2024-04-04 21:02:47,954 [INFO]  Epoch[3] Validation-Diameter-accuracy=0.000000
2024-04-04 21:02:49,604 [INFO]  Epoch[4] Batch [0-94]	Speed: 912.11 samples/sec	cross-entropy=0.000154	Diameter-accuracy=3.326316
2024-04-04 21:02:52,443 [INFO]  Epoch[4] Train-cross-entropy=0.000186
2024-04-04 21:02:52,443 [INFO]  Epoch[4] Train-Diameter-accuracy=3.118280
2024-04-04 21:02:52,443 [INFO]  Epoch[4] Time cost=4.489
2024-04-04 21:02:52,445 [INFO]  Saved checkpoint to "./imputer_model/9_abalone/imputer_model_Diameter/model-0004.params"
2024-04-04 21:02:52,482 [INFO]  Epoch[4] Validation-cross-entropy=0.000167
2024-04-04 21:02:52,482 [INFO]  Epoch[4] Validation-Diameter-accuracy=0.000000
2024-04-04 21:02:52,483 [INFO]  
========== done (19.026800632476807 s) fit model
2024-04-04 21:05:00,775 [INFO]  
========== start: fit model
2024-04-04 21:05:00,776 [WARNING]  Already bound, ignoring bind()
2024-04-04 21:05:02,372 [INFO]  Epoch[0] Batch [0-94]	Speed: 944.03 samples/sec	cross-entropy=1.586690	Diameter-accuracy=0.000000
2024-04-04 21:05:05,223 [INFO]  Epoch[0] Train-cross-entropy=0.007074
2024-04-04 21:05:05,223 [INFO]  Epoch[0] Train-Diameter-accuracy=0.000000
2024-04-04 21:05:05,223 [INFO]  Epoch[0] Time cost=4.446
2024-04-04 21:05:05,225 [INFO]  Saved checkpoint to "./imputer_model/9_abalone/imputer_model_Diameter/model-0000.params"
2024-04-04 21:05:05,524 [INFO]  Epoch[0] Validation-cross-entropy=0.005523
2024-04-04 21:05:05,525 [INFO]  Epoch[0] Validation-Diameter-accuracy=0.000000
2024-04-04 21:05:06,769 [INFO]  Epoch[1] Batch [0-94]	Speed: 1210.53 samples/sec	cross-entropy=0.003502	Diameter-accuracy=0.000000
2024-04-04 21:05:08,444 [INFO]  Epoch[1] Train-cross-entropy=0.001824
2024-04-04 21:05:08,444 [INFO]  Epoch[1] Train-Diameter-accuracy=0.000000
2024-04-04 21:05:08,444 [INFO]  Epoch[1] Time cost=2.920
2024-04-04 21:05:08,448 [INFO]  Saved checkpoint to "./imputer_model/9_abalone/imputer_model_Diameter/model-0001.params"
2024-04-04 21:05:08,544 [INFO]  Epoch[1] Validation-cross-entropy=0.002478
2024-04-04 21:05:08,545 [INFO]  Epoch[1] Validation-Diameter-accuracy=0.000000
2024-04-04 21:05:10,270 [INFO]  Epoch[2] Batch [0-94]	Speed: 872.38 samples/sec	cross-entropy=0.001446	Diameter-accuracy=0.000000
2024-04-04 21:05:12,898 [INFO]  Epoch[2] Train-cross-entropy=0.000882
2024-04-04 21:05:12,899 [INFO]  Epoch[2] Train-Diameter-accuracy=0.000000
2024-04-04 21:05:12,899 [INFO]  Epoch[2] Time cost=4.354
2024-04-04 21:05:12,901 [INFO]  Saved checkpoint to "./imputer_model/9_abalone/imputer_model_Diameter/model-0002.params"
2024-04-04 21:05:13,297 [INFO]  Epoch[2] Validation-cross-entropy=0.001620
2024-04-04 21:05:13,297 [INFO]  Epoch[2] Validation-Diameter-accuracy=0.000000
2024-04-04 21:05:15,264 [INFO]  Epoch[3] Batch [0-94]	Speed: 765.00 samples/sec	cross-entropy=0.000775	Diameter-accuracy=0.000000
2024-04-04 21:05:16,598 [INFO]  Epoch[3] Train-cross-entropy=0.000534
2024-04-04 21:05:16,598 [INFO]  Epoch[3] Train-Diameter-accuracy=0.000000
2024-04-04 21:05:16,599 [INFO]  Epoch[3] Time cost=3.302
2024-04-04 21:05:16,601 [INFO]  Saved checkpoint to "./imputer_model/9_abalone/imputer_model_Diameter/model-0003.params"
2024-04-04 21:05:16,643 [INFO]  Epoch[3] Validation-cross-entropy=0.001293
2024-04-04 21:05:16,643 [INFO]  Epoch[3] Validation-Diameter-accuracy=0.000000
2024-04-04 21:05:18,665 [INFO]  Epoch[4] Batch [0-94]	Speed: 749.76 samples/sec	cross-entropy=0.000533	Diameter-accuracy=0.000000
2024-04-04 21:05:20,611 [INFO]  Epoch[4] Train-cross-entropy=0.000382
2024-04-04 21:05:20,612 [INFO]  Epoch[4] Train-Diameter-accuracy=0.000000
2024-04-04 21:05:20,612 [INFO]  Epoch[4] Time cost=3.969
2024-04-04 21:05:20,614 [INFO]  Saved checkpoint to "./imputer_model/9_abalone/imputer_model_Diameter/model-0004.params"
2024-04-04 21:05:20,872 [INFO]  Epoch[4] Validation-cross-entropy=0.001169
2024-04-04 21:05:20,872 [INFO]  Epoch[4] Validation-Diameter-accuracy=0.000000
2024-04-04 21:05:20,872 [INFO]  
========== done (20.096349716186523 s) fit model
2024-04-04 21:07:36,373 [INFO]  
========== start: fit model
2024-04-04 21:07:36,374 [WARNING]  Already bound, ignoring bind()
2024-04-04 21:07:37,743 [INFO]  Epoch[0] Batch [0-94]	Speed: 1100.49 samples/sec	cross-entropy=0.810726	Diameter-accuracy=0.000000
2024-04-04 21:07:39,213 [INFO]  Epoch[0] Train-cross-entropy=0.002702
2024-04-04 21:07:39,213 [INFO]  Epoch[0] Train-Diameter-accuracy=0.000000
2024-04-04 21:07:39,213 [INFO]  Epoch[0] Time cost=2.838
2024-04-04 21:07:39,215 [INFO]  Saved checkpoint to "./imputer_model/9_abalone/imputer_model_Diameter/model-0000.params"
2024-04-04 21:07:39,229 [INFO]  Epoch[0] Validation-cross-entropy=0.000946
2024-04-04 21:07:39,229 [INFO]  Epoch[0] Validation-Diameter-accuracy=0.000000
2024-04-04 21:07:40,094 [INFO]  Epoch[1] Batch [0-94]	Speed: 1741.45 samples/sec	cross-entropy=0.000648	Diameter-accuracy=0.000000
2024-04-04 21:07:41,411 [INFO]  Epoch[1] Train-cross-entropy=0.000491
2024-04-04 21:07:41,411 [INFO]  Epoch[1] Train-Diameter-accuracy=0.000000
2024-04-04 21:07:41,411 [INFO]  Epoch[1] Time cost=2.182
2024-04-04 21:07:41,414 [INFO]  Saved checkpoint to "./imputer_model/9_abalone/imputer_model_Diameter/model-0001.params"
2024-04-04 21:07:41,538 [INFO]  Epoch[1] Validation-cross-entropy=0.000367
2024-04-04 21:07:41,538 [INFO]  Epoch[1] Validation-Diameter-accuracy=0.000000
2024-04-04 21:07:42,619 [INFO]  Epoch[2] Batch [0-94]	Speed: 1394.57 samples/sec	cross-entropy=0.000323	Diameter-accuracy=0.000000
2024-04-04 21:07:44,674 [INFO]  Epoch[2] Train-cross-entropy=0.000322
2024-04-04 21:07:44,674 [INFO]  Epoch[2] Train-Diameter-accuracy=0.000000
2024-04-04 21:07:44,674 [INFO]  Epoch[2] Time cost=3.135
2024-04-04 21:07:44,675 [INFO]  Saved checkpoint to "./imputer_model/9_abalone/imputer_model_Diameter/model-0002.params"
2024-04-04 21:07:44,902 [INFO]  Epoch[2] Validation-cross-entropy=0.000228
2024-04-04 21:07:44,902 [INFO]  Epoch[2] Validation-Diameter-accuracy=0.000000
2024-04-04 21:07:47,457 [INFO]  Epoch[3] Batch [0-94]	Speed: 594.66 samples/sec	cross-entropy=0.000175	Diameter-accuracy=0.000000
2024-04-04 21:07:48,868 [INFO]  Epoch[3] Train-cross-entropy=0.000250
2024-04-04 21:07:48,868 [INFO]  Epoch[3] Train-Diameter-accuracy=0.000000
2024-04-04 21:07:48,868 [INFO]  Epoch[3] Time cost=3.966
2024-04-04 21:07:48,872 [INFO]  Saved checkpoint to "./imputer_model/9_abalone/imputer_model_Diameter/model-0003.params"
2024-04-04 21:07:49,035 [INFO]  Epoch[3] Validation-cross-entropy=0.000137
2024-04-04 21:07:49,035 [INFO]  Epoch[3] Validation-Diameter-accuracy=0.000000
2024-04-04 21:07:50,624 [INFO]  Epoch[4] Batch [0-94]	Speed: 946.93 samples/sec	cross-entropy=0.000330	Diameter-accuracy=0.000000
2024-04-04 21:07:52,252 [INFO]  Epoch[4] Train-cross-entropy=0.000315
2024-04-04 21:07:52,252 [INFO]  Epoch[4] Train-Diameter-accuracy=0.000000
2024-04-04 21:07:52,252 [INFO]  Epoch[4] Time cost=3.217
2024-04-04 21:07:52,254 [INFO]  Saved checkpoint to "./imputer_model/9_abalone/imputer_model_Diameter/model-0004.params"
2024-04-04 21:07:52,640 [INFO]  Epoch[4] Validation-cross-entropy=0.000213
2024-04-04 21:07:52,640 [INFO]  Epoch[4] Validation-Diameter-accuracy=0.000000
2024-04-04 21:07:52,640 [INFO]  
========== done (16.267598152160645 s) fit model
2024-04-04 21:09:54,733 [INFO]  
========== start: fit model
2024-04-04 21:09:54,733 [WARNING]  Already bound, ignoring bind()
2024-04-04 21:09:58,177 [INFO]  Epoch[0] Batch [0-94]	Speed: 437.01 samples/sec	cross-entropy=0.565385	Diameter-accuracy=0.000000
2024-04-04 21:10:00,612 [INFO]  Epoch[0] Train-cross-entropy=0.001304
2024-04-04 21:10:00,612 [INFO]  Epoch[0] Train-Diameter-accuracy=0.000000
2024-04-04 21:10:00,612 [INFO]  Epoch[0] Time cost=5.878
2024-04-04 21:10:00,614 [INFO]  Saved checkpoint to "./imputer_model/9_abalone/imputer_model_Diameter/model-0000.params"
2024-04-04 21:10:00,891 [INFO]  Epoch[0] Validation-cross-entropy=0.000891
2024-04-04 21:10:00,892 [INFO]  Epoch[0] Validation-Diameter-accuracy=0.000000
2024-04-04 21:10:03,009 [INFO]  Epoch[1] Batch [0-94]	Speed: 744.70 samples/sec	cross-entropy=0.000378	Diameter-accuracy=0.000000
2024-04-04 21:10:04,737 [INFO]  Epoch[1] Train-cross-entropy=0.000354
2024-04-04 21:10:04,738 [INFO]  Epoch[1] Train-Diameter-accuracy=0.000000
2024-04-04 21:10:04,738 [INFO]  Epoch[1] Time cost=3.846
2024-04-04 21:10:04,739 [INFO]  Saved checkpoint to "./imputer_model/9_abalone/imputer_model_Diameter/model-0001.params"
2024-04-04 21:10:04,998 [INFO]  Epoch[1] Validation-cross-entropy=0.000271
2024-04-04 21:10:04,998 [INFO]  Epoch[1] Validation-Diameter-accuracy=0.000000
2024-04-04 21:10:06,682 [INFO]  Epoch[2] Batch [0-94]	Speed: 894.25 samples/sec	cross-entropy=0.000222	Diameter-accuracy=0.000000
2024-04-04 21:10:07,955 [INFO]  Epoch[2] Train-cross-entropy=0.000245
2024-04-04 21:10:07,955 [INFO]  Epoch[2] Train-Diameter-accuracy=0.000000
2024-04-04 21:10:07,955 [INFO]  Epoch[2] Time cost=2.957
2024-04-04 21:10:07,958 [INFO]  Saved checkpoint to "./imputer_model/9_abalone/imputer_model_Diameter/model-0002.params"
2024-04-04 21:10:08,137 [INFO]  Epoch[2] Validation-cross-entropy=0.000132
2024-04-04 21:10:08,137 [INFO]  Epoch[2] Validation-Diameter-accuracy=0.000000
2024-04-04 21:10:09,209 [INFO]  Epoch[3] Batch [0-94]	Speed: 1405.14 samples/sec	cross-entropy=0.000117	Diameter-accuracy=0.000000
2024-04-04 21:10:11,878 [INFO]  Epoch[3] Train-cross-entropy=0.000238
2024-04-04 21:10:11,879 [INFO]  Epoch[3] Train-Diameter-accuracy=0.000000
2024-04-04 21:10:11,879 [INFO]  Epoch[3] Time cost=3.742
2024-04-04 21:10:11,881 [INFO]  Saved checkpoint to "./imputer_model/9_abalone/imputer_model_Diameter/model-0003.params"
2024-04-04 21:10:12,059 [INFO]  Epoch[3] Validation-cross-entropy=0.000064
2024-04-04 21:10:12,060 [INFO]  Epoch[3] Validation-Diameter-accuracy=0.000000
2024-04-04 21:10:13,965 [INFO]  Epoch[4] Batch [0-94]	Speed: 790.07 samples/sec	cross-entropy=0.000083	Diameter-accuracy=0.000000
2024-04-04 21:10:16,070 [INFO]  Epoch[4] Train-cross-entropy=0.000215
2024-04-04 21:10:16,070 [INFO]  Epoch[4] Train-Diameter-accuracy=0.000000
2024-04-04 21:10:16,070 [INFO]  Epoch[4] Time cost=4.010
2024-04-04 21:10:16,074 [INFO]  Saved checkpoint to "./imputer_model/9_abalone/imputer_model_Diameter/model-0004.params"
2024-04-04 21:10:16,466 [INFO]  Epoch[4] Validation-cross-entropy=0.000045
2024-04-04 21:10:16,466 [INFO]  Epoch[4] Validation-Diameter-accuracy=0.000000
2024-04-04 21:10:16,466 [INFO]  
========== done (21.73360800743103 s) fit model
2024-04-04 21:12:35,076 [INFO]  
========== start: fit model
2024-04-04 21:12:35,076 [WARNING]  Already bound, ignoring bind()
2024-04-04 21:12:36,143 [INFO]  Epoch[0] Batch [0-94]	Speed: 1676.27 samples/sec	cross-entropy=0.528516	Diameter-accuracy=2.894737
2024-04-04 21:12:37,514 [INFO]  Epoch[0] Train-cross-entropy=0.002343
2024-04-04 21:12:37,515 [INFO]  Epoch[0] Train-Diameter-accuracy=3.698925
2024-04-04 21:12:37,515 [INFO]  Epoch[0] Time cost=2.438
2024-04-04 21:12:37,516 [INFO]  Saved checkpoint to "./imputer_model/9_abalone/imputer_model_Diameter/model-0000.params"
2024-04-04 21:12:37,589 [INFO]  Epoch[0] Validation-cross-entropy=0.001712
2024-04-04 21:12:37,589 [INFO]  Epoch[0] Validation-Diameter-accuracy=0.000000
2024-04-04 21:12:38,983 [INFO]  Epoch[1] Batch [0-94]	Speed: 1082.10 samples/sec	cross-entropy=0.000731	Diameter-accuracy=2.894737
2024-04-04 21:12:39,100 [INFO]  Epoch[1] Train-cross-entropy=0.000795
2024-04-04 21:12:39,100 [INFO]  Epoch[1] Train-Diameter-accuracy=3.698925
2024-04-04 21:12:39,104 [INFO]  Epoch[1] Time cost=1.515
2024-04-04 21:12:39,106 [INFO]  Saved checkpoint to "./imputer_model/9_abalone/imputer_model_Diameter/model-0001.params"
2024-04-04 21:12:39,117 [INFO]  Epoch[1] Validation-cross-entropy=0.000935
2024-04-04 21:12:39,117 [INFO]  Epoch[1] Validation-Diameter-accuracy=0.000000
2024-04-04 21:12:39,528 [INFO]  Epoch[2] Batch [0-94]	Speed: 3670.23 samples/sec	cross-entropy=0.000534	Diameter-accuracy=2.894737
2024-04-04 21:12:41,842 [INFO]  Epoch[2] Train-cross-entropy=0.000569
2024-04-04 21:12:41,842 [INFO]  Epoch[2] Train-Diameter-accuracy=3.698925
2024-04-04 21:12:41,842 [INFO]  Epoch[2] Time cost=2.725
2024-04-04 21:12:41,846 [INFO]  Saved checkpoint to "./imputer_model/9_abalone/imputer_model_Diameter/model-0002.params"
2024-04-04 21:12:42,399 [INFO]  Epoch[2] Validation-cross-entropy=0.000710
2024-04-04 21:12:42,399 [INFO]  Epoch[2] Validation-Diameter-accuracy=0.000000
2024-04-04 21:12:43,934 [INFO]  Epoch[3] Batch [0-94]	Speed: 1192.05 samples/sec	cross-entropy=0.000300	Diameter-accuracy=2.894737
2024-04-04 21:12:45,667 [INFO]  Epoch[3] Train-cross-entropy=0.000432
2024-04-04 21:12:45,667 [INFO]  Epoch[3] Train-Diameter-accuracy=3.698925
2024-04-04 21:12:45,667 [INFO]  Epoch[3] Time cost=3.268
2024-04-04 21:12:45,670 [INFO]  Saved checkpoint to "./imputer_model/9_abalone/imputer_model_Diameter/model-0003.params"
2024-04-04 21:12:45,752 [INFO]  Epoch[3] Validation-cross-entropy=0.000634
2024-04-04 21:12:45,752 [INFO]  Epoch[3] Validation-Diameter-accuracy=0.000000
2024-04-04 21:12:46,211 [INFO]  Epoch[4] Batch [0-94]	Speed: 3286.00 samples/sec	cross-entropy=0.000240	Diameter-accuracy=2.894737
2024-04-04 21:12:48,545 [INFO]  Epoch[4] Train-cross-entropy=0.000410
2024-04-04 21:12:48,545 [INFO]  Epoch[4] Train-Diameter-accuracy=3.698925
2024-04-04 21:12:48,545 [INFO]  Epoch[4] Time cost=2.794
2024-04-04 21:12:48,547 [INFO]  Saved checkpoint to "./imputer_model/9_abalone/imputer_model_Diameter/model-0004.params"
2024-04-04 21:12:48,557 [INFO]  Epoch[4] Validation-cross-entropy=0.000418
2024-04-04 21:12:48,557 [INFO]  Epoch[4] Validation-Diameter-accuracy=0.000000
2024-04-04 21:12:48,557 [INFO]  
========== done (13.481775999069214 s) fit model
2024-04-04 21:15:01,482 [INFO]  
========== start: fit model
2024-04-04 21:15:01,483 [WARNING]  Already bound, ignoring bind()
2024-04-04 21:15:04,220 [INFO]  Epoch[0] Batch [0-94]	Speed: 596.71 samples/sec	cross-entropy=0.969146	Diameter-accuracy=0.000000
2024-04-04 21:15:06,253 [INFO]  Epoch[0] Train-cross-entropy=0.002482
2024-04-04 21:15:06,253 [INFO]  Epoch[0] Train-Diameter-accuracy=0.000000
2024-04-04 21:15:06,253 [INFO]  Epoch[0] Time cost=4.769
2024-04-04 21:15:06,255 [INFO]  Saved checkpoint to "./imputer_model/9_abalone/imputer_model_Diameter/model-0000.params"
2024-04-04 21:15:06,566 [INFO]  Epoch[0] Validation-cross-entropy=0.000999
2024-04-04 21:15:06,566 [INFO]  Epoch[0] Validation-Diameter-accuracy=0.000000
2024-04-04 21:15:08,841 [INFO]  Epoch[1] Batch [0-94]	Speed: 661.60 samples/sec	cross-entropy=0.000688	Diameter-accuracy=0.000000
2024-04-04 21:15:11,426 [INFO]  Epoch[1] Train-cross-entropy=0.000358
2024-04-04 21:15:11,426 [INFO]  Epoch[1] Train-Diameter-accuracy=0.000000
2024-04-04 21:15:11,426 [INFO]  Epoch[1] Time cost=4.860
2024-04-04 21:15:11,431 [INFO]  Saved checkpoint to "./imputer_model/9_abalone/imputer_model_Diameter/model-0001.params"
2024-04-04 21:15:11,658 [INFO]  Epoch[1] Validation-cross-entropy=0.000369
2024-04-04 21:15:11,658 [INFO]  Epoch[1] Validation-Diameter-accuracy=0.000000
2024-04-04 21:15:12,602 [INFO]  Epoch[2] Batch [0-94]	Speed: 1601.85 samples/sec	cross-entropy=0.000303	Diameter-accuracy=0.000000
2024-04-04 21:15:12,956 [INFO]  Epoch[2] Train-cross-entropy=0.000256
2024-04-04 21:15:12,956 [INFO]  Epoch[2] Train-Diameter-accuracy=0.000000
2024-04-04 21:15:12,956 [INFO]  Epoch[2] Time cost=1.298
2024-04-04 21:15:12,958 [INFO]  Saved checkpoint to "./imputer_model/9_abalone/imputer_model_Diameter/model-0002.params"
2024-04-04 21:15:13,203 [INFO]  Epoch[2] Validation-cross-entropy=0.000284
2024-04-04 21:15:13,203 [INFO]  Epoch[2] Validation-Diameter-accuracy=0.000000
2024-04-04 21:15:14,896 [INFO]  Epoch[3] Batch [0-94]	Speed: 889.31 samples/sec	cross-entropy=0.000247	Diameter-accuracy=0.000000
2024-04-04 21:15:16,215 [INFO]  Epoch[3] Train-cross-entropy=0.000225
2024-04-04 21:15:16,215 [INFO]  Epoch[3] Train-Diameter-accuracy=0.000000
2024-04-04 21:15:16,215 [INFO]  Epoch[3] Time cost=3.012
2024-04-04 21:15:16,217 [INFO]  Saved checkpoint to "./imputer_model/9_abalone/imputer_model_Diameter/model-0003.params"
2024-04-04 21:15:16,234 [INFO]  Epoch[3] Validation-cross-entropy=0.000250
2024-04-04 21:15:16,234 [INFO]  Epoch[3] Validation-Diameter-accuracy=0.000000
2024-04-04 21:15:17,573 [INFO]  Epoch[4] Batch [0-94]	Speed: 1124.56 samples/sec	cross-entropy=0.000229	Diameter-accuracy=0.000000
2024-04-04 21:15:18,649 [INFO]  Epoch[4] Train-cross-entropy=0.000193
2024-04-04 21:15:18,649 [INFO]  Epoch[4] Train-Diameter-accuracy=0.000000
2024-04-04 21:15:18,649 [INFO]  Epoch[4] Time cost=2.414
2024-04-04 21:15:18,651 [INFO]  Saved checkpoint to "./imputer_model/9_abalone/imputer_model_Diameter/model-0004.params"
2024-04-04 21:15:19,275 [INFO]  Epoch[4] Validation-cross-entropy=0.000224
2024-04-04 21:15:19,276 [INFO]  Epoch[4] Validation-Diameter-accuracy=0.000000
2024-04-04 21:15:19,276 [INFO]  
========== done (17.793482303619385 s) fit model
2024-04-04 21:17:41,992 [INFO]  
========== start: fit model
2024-04-04 21:17:41,993 [WARNING]  Already bound, ignoring bind()
2024-04-04 21:17:44,053 [INFO]  Epoch[0] Batch [0-94]	Speed: 760.77 samples/sec	cross-entropy=0.921245	Diameter-accuracy=0.000000
2024-04-04 21:17:45,968 [INFO]  Epoch[0] Train-cross-entropy=0.001717
2024-04-04 21:17:45,969 [INFO]  Epoch[0] Train-Diameter-accuracy=0.000000
2024-04-04 21:17:45,969 [INFO]  Epoch[0] Time cost=3.976
2024-04-04 21:17:45,971 [INFO]  Saved checkpoint to "./imputer_model/9_abalone/imputer_model_Diameter/model-0000.params"
2024-04-04 21:17:46,066 [INFO]  Epoch[0] Validation-cross-entropy=0.000807
2024-04-04 21:17:46,067 [INFO]  Epoch[0] Validation-Diameter-accuracy=0.000000
2024-04-04 21:17:47,179 [INFO]  Epoch[1] Batch [0-94]	Speed: 1800.66 samples/sec	cross-entropy=0.000501	Diameter-accuracy=0.000000
2024-04-04 21:17:49,262 [INFO]  Epoch[1] Train-cross-entropy=0.000339
2024-04-04 21:17:49,263 [INFO]  Epoch[1] Train-Diameter-accuracy=0.000000
2024-04-04 21:17:49,263 [INFO]  Epoch[1] Time cost=3.196
2024-04-04 21:17:49,265 [INFO]  Saved checkpoint to "./imputer_model/9_abalone/imputer_model_Diameter/model-0001.params"
2024-04-04 21:17:49,515 [INFO]  Epoch[1] Validation-cross-entropy=0.000320
2024-04-04 21:17:49,515 [INFO]  Epoch[1] Validation-Diameter-accuracy=0.000000
2024-04-04 21:17:52,372 [INFO]  Epoch[2] Batch [0-94]	Speed: 531.12 samples/sec	cross-entropy=0.000344	Diameter-accuracy=0.000000
2024-04-04 21:17:53,671 [INFO]  Epoch[2] Train-cross-entropy=0.000225
2024-04-04 21:17:53,671 [INFO]  Epoch[2] Train-Diameter-accuracy=0.000000
2024-04-04 21:17:53,671 [INFO]  Epoch[2] Time cost=4.156
2024-04-04 21:17:53,688 [INFO]  Saved checkpoint to "./imputer_model/9_abalone/imputer_model_Diameter/model-0002.params"
2024-04-04 21:17:53,838 [INFO]  Epoch[2] Validation-cross-entropy=0.000196
2024-04-04 21:17:53,839 [INFO]  Epoch[2] Validation-Diameter-accuracy=0.000000
2024-04-04 21:17:56,575 [INFO]  Epoch[3] Batch [0-94]	Speed: 590.60 samples/sec	cross-entropy=0.000268	Diameter-accuracy=0.000000
2024-04-04 21:17:57,436 [INFO]  Epoch[3] Train-cross-entropy=0.000170
2024-04-04 21:17:57,436 [INFO]  Epoch[3] Train-Diameter-accuracy=0.000000
2024-04-04 21:17:57,437 [INFO]  Epoch[3] Time cost=3.598
2024-04-04 21:17:57,439 [INFO]  Saved checkpoint to "./imputer_model/9_abalone/imputer_model_Diameter/model-0003.params"
2024-04-04 21:17:57,944 [INFO]  Epoch[3] Validation-cross-entropy=0.000136
2024-04-04 21:17:57,944 [INFO]  Epoch[3] Validation-Diameter-accuracy=0.000000
2024-04-04 21:17:58,460 [INFO]  Epoch[4] Batch [0-94]	Speed: 2924.32 samples/sec	cross-entropy=0.000248	Diameter-accuracy=0.000000
2024-04-04 21:17:59,894 [INFO]  Epoch[4] Train-cross-entropy=0.000140
2024-04-04 21:17:59,895 [INFO]  Epoch[4] Train-Diameter-accuracy=0.000000
2024-04-04 21:17:59,895 [INFO]  Epoch[4] Time cost=1.950
2024-04-04 21:17:59,896 [INFO]  Saved checkpoint to "./imputer_model/9_abalone/imputer_model_Diameter/model-0004.params"
2024-04-04 21:18:00,017 [INFO]  Epoch[4] Validation-cross-entropy=0.000112
2024-04-04 21:18:00,017 [INFO]  Epoch[4] Validation-Diameter-accuracy=0.000000
2024-04-04 21:18:00,017 [INFO]  
========== done (18.024927616119385 s) fit model
2024-04-04 21:20:12,405 [INFO]  
========== start: fit model
2024-04-04 21:20:12,412 [WARNING]  Already bound, ignoring bind()
2024-04-04 21:20:14,203 [INFO]  Epoch[0] Batch [0-94]	Speed: 843.90 samples/sec	cross-entropy=0.717758	Diameter-accuracy=0.000000
2024-04-04 21:20:15,756 [INFO]  Epoch[0] Train-cross-entropy=0.002966
2024-04-04 21:20:15,756 [INFO]  Epoch[0] Train-Diameter-accuracy=0.000000
2024-04-04 21:20:15,756 [INFO]  Epoch[0] Time cost=3.343
2024-04-04 21:20:15,759 [INFO]  Saved checkpoint to "./imputer_model/9_abalone/imputer_model_Diameter/model-0000.params"
2024-04-04 21:20:15,898 [INFO]  Epoch[0] Validation-cross-entropy=0.002953
2024-04-04 21:20:15,898 [INFO]  Epoch[0] Validation-Diameter-accuracy=0.000000
2024-04-04 21:20:17,707 [INFO]  Epoch[1] Batch [0-94]	Speed: 831.61 samples/sec	cross-entropy=0.002033	Diameter-accuracy=0.000000
2024-04-04 21:20:19,977 [INFO]  Epoch[1] Train-cross-entropy=0.001124
2024-04-04 21:20:19,977 [INFO]  Epoch[1] Train-Diameter-accuracy=0.000000
2024-04-04 21:20:19,977 [INFO]  Epoch[1] Time cost=4.079
2024-04-04 21:20:19,980 [INFO]  Saved checkpoint to "./imputer_model/9_abalone/imputer_model_Diameter/model-0001.params"
2024-04-04 21:20:20,053 [INFO]  Epoch[1] Validation-cross-entropy=0.001095
2024-04-04 21:20:20,054 [INFO]  Epoch[1] Validation-Diameter-accuracy=0.000000
2024-04-04 21:20:21,784 [INFO]  Epoch[2] Batch [0-94]	Speed: 870.01 samples/sec	cross-entropy=0.000821	Diameter-accuracy=0.000000
2024-04-04 21:20:24,501 [INFO]  Epoch[2] Train-cross-entropy=0.000831
2024-04-04 21:20:24,501 [INFO]  Epoch[2] Train-Diameter-accuracy=0.000000
2024-04-04 21:20:24,501 [INFO]  Epoch[2] Time cost=4.447
2024-04-04 21:20:24,503 [INFO]  Saved checkpoint to "./imputer_model/9_abalone/imputer_model_Diameter/model-0002.params"
2024-04-04 21:20:24,523 [INFO]  Epoch[2] Validation-cross-entropy=0.000509
2024-04-04 21:20:24,523 [INFO]  Epoch[2] Validation-Diameter-accuracy=0.000000
2024-04-04 21:20:25,550 [INFO]  Epoch[3] Batch [0-94]	Speed: 1466.11 samples/sec	cross-entropy=0.000449	Diameter-accuracy=0.000000
2024-04-04 21:20:27,580 [INFO]  Epoch[3] Train-cross-entropy=0.000581
2024-04-04 21:20:27,580 [INFO]  Epoch[3] Train-Diameter-accuracy=0.000000
2024-04-04 21:20:27,580 [INFO]  Epoch[3] Time cost=3.057
2024-04-04 21:20:27,582 [INFO]  Saved checkpoint to "./imputer_model/9_abalone/imputer_model_Diameter/model-0003.params"
2024-04-04 21:20:27,646 [INFO]  Epoch[3] Validation-cross-entropy=0.000307
2024-04-04 21:20:27,646 [INFO]  Epoch[3] Validation-Diameter-accuracy=0.000000
2024-04-04 21:20:30,309 [INFO]  Epoch[4] Batch [0-94]	Speed: 565.05 samples/sec	cross-entropy=0.000291	Diameter-accuracy=0.000000
2024-04-04 21:20:31,736 [INFO]  Epoch[4] Train-cross-entropy=0.000491
2024-04-04 21:20:31,736 [INFO]  Epoch[4] Train-Diameter-accuracy=0.000000
2024-04-04 21:20:31,736 [INFO]  Epoch[4] Time cost=4.090
2024-04-04 21:20:31,739 [INFO]  Saved checkpoint to "./imputer_model/9_abalone/imputer_model_Diameter/model-0004.params"
2024-04-04 21:20:31,960 [INFO]  Epoch[4] Validation-cross-entropy=0.000259
2024-04-04 21:20:31,961 [INFO]  Epoch[4] Validation-Diameter-accuracy=0.000000
2024-04-04 21:20:31,961 [INFO]  
========== done (19.55604314804077 s) fit model
