2024-04-08 00:10:31,421 [INFO]  
========== start: fit model
2024-04-08 00:10:31,421 [WARNING]  Already bound, ignoring bind()
2024-04-08 00:10:31,434 [INFO]  Epoch[0] Batch [0-16]	Speed: 24623.72 samples/sec	cross-entropy=5.184598	A6-accuracy=0.000000
2024-04-08 00:10:31,443 [INFO]  Epoch[0] Train-cross-entropy=1.288083
2024-04-08 00:10:31,443 [INFO]  Epoch[0] Train-A6-accuracy=0.000000
2024-04-08 00:10:31,443 [INFO]  Epoch[0] Time cost=0.021
2024-04-08 00:10:31,444 [INFO]  Saved checkpoint to "./imputer_model/24_credit/imputer_model_A6/model-0000.params"
2024-04-08 00:10:31,446 [INFO]  Epoch[0] Validation-cross-entropy=1.311797
2024-04-08 00:10:31,446 [INFO]  Epoch[0] Validation-A6-accuracy=0.000000
2024-04-08 00:10:31,456 [INFO]  Epoch[1] Batch [0-16]	Speed: 26668.86 samples/sec	cross-entropy=0.534679	A6-accuracy=0.000000
2024-04-08 00:10:31,465 [INFO]  Epoch[1] Train-cross-entropy=0.316288
2024-04-08 00:10:31,465 [INFO]  Epoch[1] Train-A6-accuracy=0.000000
2024-04-08 00:10:31,465 [INFO]  Epoch[1] Time cost=0.020
2024-04-08 00:10:31,467 [INFO]  Saved checkpoint to "./imputer_model/24_credit/imputer_model_A6/model-0001.params"
2024-04-08 00:10:31,468 [INFO]  Epoch[1] Validation-cross-entropy=0.279735
2024-04-08 00:10:31,468 [INFO]  Epoch[1] Validation-A6-accuracy=0.000000
2024-04-08 00:10:31,479 [INFO]  Epoch[2] Batch [0-16]	Speed: 25431.46 samples/sec	cross-entropy=0.179844	A6-accuracy=0.000000
2024-04-08 00:10:31,488 [INFO]  Epoch[2] Train-cross-entropy=0.146225
2024-04-08 00:10:31,488 [INFO]  Epoch[2] Train-A6-accuracy=0.000000
2024-04-08 00:10:31,488 [INFO]  Epoch[2] Time cost=0.020
2024-04-08 00:10:31,489 [INFO]  Saved checkpoint to "./imputer_model/24_credit/imputer_model_A6/model-0002.params"
2024-04-08 00:10:31,491 [INFO]  Epoch[2] Validation-cross-entropy=0.157698
2024-04-08 00:10:31,491 [INFO]  Epoch[2] Validation-A6-accuracy=0.000000
2024-04-08 00:10:31,501 [INFO]  Epoch[3] Batch [0-16]	Speed: 25573.20 samples/sec	cross-entropy=0.100695	A6-accuracy=0.000000
2024-04-08 00:10:31,510 [INFO]  Epoch[3] Train-cross-entropy=0.090653
2024-04-08 00:10:31,510 [INFO]  Epoch[3] Train-A6-accuracy=0.000000
2024-04-08 00:10:31,510 [INFO]  Epoch[3] Time cost=0.019
2024-04-08 00:10:31,511 [INFO]  Saved checkpoint to "./imputer_model/24_credit/imputer_model_A6/model-0003.params"
2024-04-08 00:10:31,512 [INFO]  Epoch[3] Validation-cross-entropy=0.098805
2024-04-08 00:10:31,512 [INFO]  Epoch[3] Validation-A6-accuracy=0.000000
2024-04-08 00:10:31,523 [INFO]  Epoch[4] Batch [0-16]	Speed: 26467.70 samples/sec	cross-entropy=0.068671	A6-accuracy=0.000000
2024-04-08 00:10:31,531 [INFO]  Epoch[4] Train-cross-entropy=0.066044
2024-04-08 00:10:31,531 [INFO]  Epoch[4] Train-A6-accuracy=0.000000
2024-04-08 00:10:31,531 [INFO]  Epoch[4] Time cost=0.019
2024-04-08 00:10:31,533 [INFO]  Saved checkpoint to "./imputer_model/24_credit/imputer_model_A6/model-0004.params"
2024-04-08 00:10:31,534 [INFO]  Epoch[4] Validation-cross-entropy=0.066816
2024-04-08 00:10:31,534 [INFO]  Epoch[4] Validation-A6-accuracy=0.000000
2024-04-08 00:10:31,534 [INFO]  
========== done (0.1129002571105957 s) fit model
2024-04-08 00:10:35,066 [INFO]  
========== start: fit model
2024-04-08 00:10:35,066 [WARNING]  Already bound, ignoring bind()
2024-04-08 00:10:35,080 [INFO]  Epoch[0] Batch [0-16]	Speed: 22565.66 samples/sec	cross-entropy=8.165536	A6-accuracy=2.941176
2024-04-08 00:10:35,089 [INFO]  Epoch[0] Train-cross-entropy=1.137270
2024-04-08 00:10:35,090 [INFO]  Epoch[0] Train-A6-accuracy=2.142857
2024-04-08 00:10:35,090 [INFO]  Epoch[0] Time cost=0.023
2024-04-08 00:10:35,091 [INFO]  Saved checkpoint to "./imputer_model/24_credit/imputer_model_A6/model-0000.params"
2024-04-08 00:10:35,092 [INFO]  Epoch[0] Validation-cross-entropy=1.228223
2024-04-08 00:10:35,092 [INFO]  Epoch[0] Validation-A6-accuracy=0.000000
2024-04-08 00:10:35,102 [INFO]  Epoch[1] Batch [0-16]	Speed: 27404.66 samples/sec	cross-entropy=0.381274	A6-accuracy=2.941176
2024-04-08 00:10:35,111 [INFO]  Epoch[1] Train-cross-entropy=0.166274
2024-04-08 00:10:35,111 [INFO]  Epoch[1] Train-A6-accuracy=2.142857
2024-04-08 00:10:35,111 [INFO]  Epoch[1] Time cost=0.019
2024-04-08 00:10:35,112 [INFO]  Saved checkpoint to "./imputer_model/24_credit/imputer_model_A6/model-0001.params"
2024-04-08 00:10:35,114 [INFO]  Epoch[1] Validation-cross-entropy=0.177517
2024-04-08 00:10:35,114 [INFO]  Epoch[1] Validation-A6-accuracy=0.000000
2024-04-08 00:10:35,124 [INFO]  Epoch[2] Batch [0-16]	Speed: 27498.00 samples/sec	cross-entropy=0.078114	A6-accuracy=2.941176
2024-04-08 00:10:35,132 [INFO]  Epoch[2] Train-cross-entropy=0.067279
2024-04-08 00:10:35,132 [INFO]  Epoch[2] Train-A6-accuracy=2.142857
2024-04-08 00:10:35,132 [INFO]  Epoch[2] Time cost=0.018
2024-04-08 00:10:35,134 [INFO]  Saved checkpoint to "./imputer_model/24_credit/imputer_model_A6/model-0002.params"
2024-04-08 00:10:35,135 [INFO]  Epoch[2] Validation-cross-entropy=0.088430
2024-04-08 00:10:35,135 [INFO]  Epoch[2] Validation-A6-accuracy=0.000000
2024-04-08 00:10:35,146 [INFO]  Epoch[3] Batch [0-16]	Speed: 24542.11 samples/sec	cross-entropy=0.056037	A6-accuracy=2.941176
2024-04-08 00:10:35,155 [INFO]  Epoch[3] Train-cross-entropy=0.046724
2024-04-08 00:10:35,155 [INFO]  Epoch[3] Train-A6-accuracy=2.142857
2024-04-08 00:10:35,155 [INFO]  Epoch[3] Time cost=0.020
2024-04-08 00:10:35,156 [INFO]  Saved checkpoint to "./imputer_model/24_credit/imputer_model_A6/model-0003.params"
2024-04-08 00:10:35,157 [INFO]  Epoch[3] Validation-cross-entropy=0.077839
2024-04-08 00:10:35,157 [INFO]  Epoch[3] Validation-A6-accuracy=0.000000
2024-04-08 00:10:35,168 [INFO]  Epoch[4] Batch [0-16]	Speed: 26507.56 samples/sec	cross-entropy=0.049094	A6-accuracy=2.941176
2024-04-08 00:10:35,176 [INFO]  Epoch[4] Train-cross-entropy=0.038873
2024-04-08 00:10:35,176 [INFO]  Epoch[4] Train-A6-accuracy=2.142857
2024-04-08 00:10:35,177 [INFO]  Epoch[4] Time cost=0.019
2024-04-08 00:10:35,178 [INFO]  Saved checkpoint to "./imputer_model/24_credit/imputer_model_A6/model-0004.params"
2024-04-08 00:10:35,179 [INFO]  Epoch[4] Validation-cross-entropy=0.066195
2024-04-08 00:10:35,179 [INFO]  Epoch[4] Validation-A6-accuracy=0.000000
2024-04-08 00:10:35,179 [INFO]  
========== done (0.11370205879211426 s) fit model
2024-04-08 00:10:39,011 [INFO]  
========== start: fit model
2024-04-08 00:10:39,011 [WARNING]  Already bound, ignoring bind()
2024-04-08 00:10:39,028 [INFO]  Epoch[0] Batch [0-16]	Speed: 17406.01 samples/sec	cross-entropy=11.635804	A6-accuracy=0.000000
2024-04-08 00:10:39,039 [INFO]  Epoch[0] Train-cross-entropy=0.630228
2024-04-08 00:10:39,039 [INFO]  Epoch[0] Train-A6-accuracy=0.000000
2024-04-08 00:10:39,039 [INFO]  Epoch[0] Time cost=0.027
2024-04-08 00:10:39,040 [INFO]  Saved checkpoint to "./imputer_model/24_credit/imputer_model_A6/model-0000.params"
2024-04-08 00:10:39,041 [INFO]  Epoch[0] Validation-cross-entropy=0.694289
2024-04-08 00:10:39,042 [INFO]  Epoch[0] Validation-A6-accuracy=0.000000
2024-04-08 00:10:39,053 [INFO]  Epoch[1] Batch [0-16]	Speed: 24600.59 samples/sec	cross-entropy=0.489125	A6-accuracy=0.000000
2024-04-08 00:10:39,062 [INFO]  Epoch[1] Train-cross-entropy=0.154436
2024-04-08 00:10:39,062 [INFO]  Epoch[1] Train-A6-accuracy=0.000000
2024-04-08 00:10:39,062 [INFO]  Epoch[1] Time cost=0.021
2024-04-08 00:10:39,064 [INFO]  Saved checkpoint to "./imputer_model/24_credit/imputer_model_A6/model-0001.params"
2024-04-08 00:10:39,065 [INFO]  Epoch[1] Validation-cross-entropy=0.198677
2024-04-08 00:10:39,065 [INFO]  Epoch[1] Validation-A6-accuracy=0.000000
2024-04-08 00:10:39,074 [INFO]  Epoch[2] Batch [0-16]	Speed: 29035.74 samples/sec	cross-entropy=0.126445	A6-accuracy=0.000000
2024-04-08 00:10:39,082 [INFO]  Epoch[2] Train-cross-entropy=0.075222
2024-04-08 00:10:39,082 [INFO]  Epoch[2] Train-A6-accuracy=0.000000
2024-04-08 00:10:39,082 [INFO]  Epoch[2] Time cost=0.018
2024-04-08 00:10:39,084 [INFO]  Saved checkpoint to "./imputer_model/24_credit/imputer_model_A6/model-0002.params"
2024-04-08 00:10:39,085 [INFO]  Epoch[2] Validation-cross-entropy=0.074821
2024-04-08 00:10:39,085 [INFO]  Epoch[2] Validation-A6-accuracy=0.000000
2024-04-08 00:10:39,095 [INFO]  Epoch[3] Batch [0-16]	Speed: 28711.21 samples/sec	cross-entropy=0.070372	A6-accuracy=0.000000
2024-04-08 00:10:39,103 [INFO]  Epoch[3] Train-cross-entropy=0.058041
2024-04-08 00:10:39,103 [INFO]  Epoch[3] Train-A6-accuracy=0.000000
2024-04-08 00:10:39,103 [INFO]  Epoch[3] Time cost=0.018
2024-04-08 00:10:39,104 [INFO]  Saved checkpoint to "./imputer_model/24_credit/imputer_model_A6/model-0003.params"
2024-04-08 00:10:39,106 [INFO]  Epoch[3] Validation-cross-entropy=0.064598
2024-04-08 00:10:39,106 [INFO]  Epoch[3] Validation-A6-accuracy=0.000000
2024-04-08 00:10:39,115 [INFO]  Epoch[4] Batch [0-16]	Speed: 28240.76 samples/sec	cross-entropy=0.060430	A6-accuracy=0.000000
2024-04-08 00:10:39,123 [INFO]  Epoch[4] Train-cross-entropy=0.048883
2024-04-08 00:10:39,123 [INFO]  Epoch[4] Train-A6-accuracy=0.000000
2024-04-08 00:10:39,123 [INFO]  Epoch[4] Time cost=0.018
2024-04-08 00:10:39,125 [INFO]  Saved checkpoint to "./imputer_model/24_credit/imputer_model_A6/model-0004.params"
2024-04-08 00:10:39,126 [INFO]  Epoch[4] Validation-cross-entropy=0.055155
2024-04-08 00:10:39,126 [INFO]  Epoch[4] Validation-A6-accuracy=0.000000
2024-04-08 00:10:39,126 [INFO]  
========== done (0.11540746688842773 s) fit model
2024-04-08 00:10:42,837 [INFO]  
========== start: fit model
2024-04-08 00:10:42,837 [WARNING]  Already bound, ignoring bind()
2024-04-08 00:10:42,848 [INFO]  Epoch[0] Batch [0-16]	Speed: 28384.84 samples/sec	cross-entropy=13.422092	A6-accuracy=2.764706
2024-04-08 00:10:42,856 [INFO]  Epoch[0] Train-cross-entropy=1.984099
2024-04-08 00:10:42,856 [INFO]  Epoch[0] Train-A6-accuracy=2.714286
2024-04-08 00:10:42,856 [INFO]  Epoch[0] Time cost=0.019
2024-04-08 00:10:42,858 [INFO]  Saved checkpoint to "./imputer_model/24_credit/imputer_model_A6/model-0000.params"
2024-04-08 00:10:42,859 [INFO]  Epoch[0] Validation-cross-entropy=0.416301
2024-04-08 00:10:42,859 [INFO]  Epoch[0] Validation-A6-accuracy=0.000000
2024-04-08 00:10:42,868 [INFO]  Epoch[1] Batch [0-16]	Speed: 28420.91 samples/sec	cross-entropy=0.856855	A6-accuracy=2.764706
2024-04-08 00:10:42,877 [INFO]  Epoch[1] Train-cross-entropy=0.367722
2024-04-08 00:10:42,877 [INFO]  Epoch[1] Train-A6-accuracy=2.714286
2024-04-08 00:10:42,877 [INFO]  Epoch[1] Time cost=0.018
2024-04-08 00:10:42,878 [INFO]  Saved checkpoint to "./imputer_model/24_credit/imputer_model_A6/model-0001.params"
2024-04-08 00:10:42,879 [INFO]  Epoch[1] Validation-cross-entropy=0.325612
2024-04-08 00:10:42,879 [INFO]  Epoch[1] Validation-A6-accuracy=0.000000
2024-04-08 00:10:42,915 [INFO]  Epoch[2] Batch [0-16]	Speed: 11445.55 samples/sec	cross-entropy=0.148838	A6-accuracy=2.764706
2024-04-08 00:10:42,950 [INFO]  Epoch[2] Train-cross-entropy=0.092064
2024-04-08 00:10:42,951 [INFO]  Epoch[2] Train-A6-accuracy=2.714286
2024-04-08 00:10:42,951 [INFO]  Epoch[2] Time cost=0.071
2024-04-08 00:10:42,952 [INFO]  Saved checkpoint to "./imputer_model/24_credit/imputer_model_A6/model-0002.params"
2024-04-08 00:10:42,953 [INFO]  Epoch[2] Validation-cross-entropy=0.154306
2024-04-08 00:10:42,953 [INFO]  Epoch[2] Validation-A6-accuracy=0.000000
2024-04-08 00:10:42,963 [INFO]  Epoch[3] Batch [0-16]	Speed: 28117.26 samples/sec	cross-entropy=0.075985	A6-accuracy=2.764706
2024-04-08 00:10:42,971 [INFO]  Epoch[3] Train-cross-entropy=0.044691
2024-04-08 00:10:42,972 [INFO]  Epoch[3] Train-A6-accuracy=2.714286
2024-04-08 00:10:42,972 [INFO]  Epoch[3] Time cost=0.018
2024-04-08 00:10:42,973 [INFO]  Saved checkpoint to "./imputer_model/24_credit/imputer_model_A6/model-0003.params"
2024-04-08 00:10:42,974 [INFO]  Epoch[3] Validation-cross-entropy=0.163764
2024-04-08 00:10:42,974 [INFO]  Epoch[3] Validation-A6-accuracy=0.000000
2024-04-08 00:10:42,984 [INFO]  Epoch[4] Batch [0-16]	Speed: 27262.71 samples/sec	cross-entropy=0.052529	A6-accuracy=2.764706
2024-04-08 00:10:42,992 [INFO]  Epoch[4] Train-cross-entropy=0.037211
2024-04-08 00:10:42,993 [INFO]  Epoch[4] Train-A6-accuracy=2.714286
2024-04-08 00:10:42,993 [INFO]  Epoch[4] Time cost=0.018
2024-04-08 00:10:42,994 [INFO]  Saved checkpoint to "./imputer_model/24_credit/imputer_model_A6/model-0004.params"
2024-04-08 00:10:42,995 [INFO]  Epoch[4] Validation-cross-entropy=0.149150
2024-04-08 00:10:42,995 [INFO]  Epoch[4] Validation-A6-accuracy=0.000000
2024-04-08 00:10:42,995 [INFO]  
========== done (0.15871524810791016 s) fit model
2024-04-08 00:10:46,719 [INFO]  
========== start: fit model
2024-04-08 00:10:46,720 [WARNING]  Already bound, ignoring bind()
2024-04-08 00:10:46,742 [INFO]  Epoch[0] Batch [0-16]	Speed: 14750.01 samples/sec	cross-entropy=4.002822	A6-accuracy=0.000000
2024-04-08 00:10:46,750 [INFO]  Epoch[0] Train-cross-entropy=0.856465
2024-04-08 00:10:46,751 [INFO]  Epoch[0] Train-A6-accuracy=0.000000
2024-04-08 00:10:46,751 [INFO]  Epoch[0] Time cost=0.029
2024-04-08 00:10:46,752 [INFO]  Saved checkpoint to "./imputer_model/24_credit/imputer_model_A6/model-0000.params"
2024-04-08 00:10:46,754 [INFO]  Epoch[0] Validation-cross-entropy=0.656071
2024-04-08 00:10:46,754 [INFO]  Epoch[0] Validation-A6-accuracy=0.000000
2024-04-08 00:10:46,780 [INFO]  Epoch[1] Batch [0-16]	Speed: 10852.89 samples/sec	cross-entropy=0.262524	A6-accuracy=0.000000
2024-04-08 00:10:46,791 [INFO]  Epoch[1] Train-cross-entropy=0.131821
2024-04-08 00:10:46,791 [INFO]  Epoch[1] Train-A6-accuracy=0.000000
2024-04-08 00:10:46,791 [INFO]  Epoch[1] Time cost=0.037
2024-04-08 00:10:46,793 [INFO]  Saved checkpoint to "./imputer_model/24_credit/imputer_model_A6/model-0001.params"
2024-04-08 00:10:46,794 [INFO]  Epoch[1] Validation-cross-entropy=0.105006
2024-04-08 00:10:46,794 [INFO]  Epoch[1] Validation-A6-accuracy=0.000000
2024-04-08 00:10:46,804 [INFO]  Epoch[2] Batch [0-16]	Speed: 28101.07 samples/sec	cross-entropy=0.120195	A6-accuracy=0.000000
2024-04-08 00:10:46,815 [INFO]  Epoch[2] Train-cross-entropy=0.083195
2024-04-08 00:10:46,815 [INFO]  Epoch[2] Train-A6-accuracy=0.000000
2024-04-08 00:10:46,815 [INFO]  Epoch[2] Time cost=0.021
2024-04-08 00:10:46,816 [INFO]  Saved checkpoint to "./imputer_model/24_credit/imputer_model_A6/model-0002.params"
2024-04-08 00:10:46,817 [INFO]  Epoch[2] Validation-cross-entropy=0.105387
2024-04-08 00:10:46,817 [INFO]  Epoch[2] Validation-A6-accuracy=0.000000
2024-04-08 00:10:46,827 [INFO]  Epoch[3] Batch [0-16]	Speed: 28394.60 samples/sec	cross-entropy=0.095507	A6-accuracy=0.000000
2024-04-08 00:10:46,835 [INFO]  Epoch[3] Train-cross-entropy=0.056867
2024-04-08 00:10:46,835 [INFO]  Epoch[3] Train-A6-accuracy=0.000000
2024-04-08 00:10:46,835 [INFO]  Epoch[3] Time cost=0.018
2024-04-08 00:10:46,837 [INFO]  Saved checkpoint to "./imputer_model/24_credit/imputer_model_A6/model-0003.params"
2024-04-08 00:10:46,838 [INFO]  Epoch[3] Validation-cross-entropy=0.087628
2024-04-08 00:10:46,838 [INFO]  Epoch[3] Validation-A6-accuracy=0.000000
2024-04-08 00:10:46,848 [INFO]  Epoch[4] Batch [0-16]	Speed: 27935.11 samples/sec	cross-entropy=0.061217	A6-accuracy=0.000000
2024-04-08 00:10:46,858 [INFO]  Epoch[4] Train-cross-entropy=0.039669
2024-04-08 00:10:46,858 [INFO]  Epoch[4] Train-A6-accuracy=0.000000
2024-04-08 00:10:46,858 [INFO]  Epoch[4] Time cost=0.020
2024-04-08 00:10:46,862 [INFO]  Saved checkpoint to "./imputer_model/24_credit/imputer_model_A6/model-0004.params"
2024-04-08 00:10:46,868 [INFO]  Epoch[4] Validation-cross-entropy=0.074355
2024-04-08 00:10:46,868 [INFO]  Epoch[4] Validation-A6-accuracy=0.000000
2024-04-08 00:10:46,868 [INFO]  
========== done (0.14904284477233887 s) fit model
2024-04-08 00:10:53,775 [INFO]  
========== start: fit model
2024-04-08 00:10:53,775 [WARNING]  Already bound, ignoring bind()
2024-04-08 00:10:53,871 [INFO]  Epoch[0] Batch [0-16]	Speed: 3442.94 samples/sec	cross-entropy=9.295955	A6-accuracy=3.235294
2024-04-08 00:10:53,895 [INFO]  Epoch[0] Train-cross-entropy=1.109308
2024-04-08 00:10:53,895 [INFO]  Epoch[0] Train-A6-accuracy=2.571429
2024-04-08 00:10:53,895 [INFO]  Epoch[0] Time cost=0.119
2024-04-08 00:10:53,897 [INFO]  Saved checkpoint to "./imputer_model/24_credit/imputer_model_A6/model-0000.params"
2024-04-08 00:10:53,899 [INFO]  Epoch[0] Validation-cross-entropy=0.847341
2024-04-08 00:10:53,899 [INFO]  Epoch[0] Validation-A6-accuracy=0.000000
2024-04-08 00:10:53,912 [INFO]  Epoch[1] Batch [0-16]	Speed: 20886.26 samples/sec	cross-entropy=0.543169	A6-accuracy=3.235294
2024-04-08 00:10:53,966 [INFO]  Epoch[1] Train-cross-entropy=0.219261
2024-04-08 00:10:53,966 [INFO]  Epoch[1] Train-A6-accuracy=2.571429
2024-04-08 00:10:53,966 [INFO]  Epoch[1] Time cost=0.067
2024-04-08 00:10:53,968 [INFO]  Saved checkpoint to "./imputer_model/24_credit/imputer_model_A6/model-0001.params"
2024-04-08 00:10:53,970 [INFO]  Epoch[1] Validation-cross-entropy=0.233477
2024-04-08 00:10:53,970 [INFO]  Epoch[1] Validation-A6-accuracy=0.000000
2024-04-08 00:10:54,000 [INFO]  Epoch[2] Batch [0-16]	Speed: 8971.62 samples/sec	cross-entropy=0.125633	A6-accuracy=3.235294
2024-04-08 00:10:54,057 [INFO]  Epoch[2] Train-cross-entropy=0.104158
2024-04-08 00:10:54,057 [INFO]  Epoch[2] Train-A6-accuracy=2.571429
2024-04-08 00:10:54,057 [INFO]  Epoch[2] Time cost=0.087
2024-04-08 00:10:54,060 [INFO]  Saved checkpoint to "./imputer_model/24_credit/imputer_model_A6/model-0002.params"
2024-04-08 00:10:54,062 [INFO]  Epoch[2] Validation-cross-entropy=0.157941
2024-04-08 00:10:54,062 [INFO]  Epoch[2] Validation-A6-accuracy=0.000000
2024-04-08 00:10:54,092 [INFO]  Epoch[3] Batch [0-16]	Speed: 8950.01 samples/sec	cross-entropy=0.069973	A6-accuracy=3.235294
2024-04-08 00:10:54,101 [INFO]  Epoch[3] Train-cross-entropy=0.060828
2024-04-08 00:10:54,101 [INFO]  Epoch[3] Train-A6-accuracy=2.571429
2024-04-08 00:10:54,101 [INFO]  Epoch[3] Time cost=0.039
2024-04-08 00:10:54,102 [INFO]  Saved checkpoint to "./imputer_model/24_credit/imputer_model_A6/model-0003.params"
2024-04-08 00:10:54,104 [INFO]  Epoch[3] Validation-cross-entropy=0.090007
2024-04-08 00:10:54,104 [INFO]  Epoch[3] Validation-A6-accuracy=0.000000
2024-04-08 00:10:54,114 [INFO]  Epoch[4] Batch [0-16]	Speed: 27502.22 samples/sec	cross-entropy=0.045226	A6-accuracy=3.235294
2024-04-08 00:10:54,122 [INFO]  Epoch[4] Train-cross-entropy=0.046271
2024-04-08 00:10:54,126 [INFO]  Epoch[4] Train-A6-accuracy=2.571429
2024-04-08 00:10:54,126 [INFO]  Epoch[4] Time cost=0.023
2024-04-08 00:10:54,128 [INFO]  Saved checkpoint to "./imputer_model/24_credit/imputer_model_A6/model-0004.params"
2024-04-08 00:10:54,194 [INFO]  Epoch[4] Validation-cross-entropy=0.067905
2024-04-08 00:10:54,194 [INFO]  Epoch[4] Validation-A6-accuracy=0.000000
2024-04-08 00:10:54,194 [INFO]  
========== done (0.41929125785827637 s) fit model
2024-04-08 00:11:01,621 [INFO]  
========== start: fit model
2024-04-08 00:11:01,621 [WARNING]  Already bound, ignoring bind()
2024-04-08 00:11:01,667 [INFO]  Epoch[0] Batch [0-16]	Speed: 11098.45 samples/sec	cross-entropy=8.627058	A6-accuracy=2.823529
2024-04-08 00:11:01,682 [INFO]  Epoch[0] Train-cross-entropy=1.369843
2024-04-08 00:11:01,682 [INFO]  Epoch[0] Train-A6-accuracy=2.642857
2024-04-08 00:11:01,682 [INFO]  Epoch[0] Time cost=0.059
2024-04-08 00:11:01,684 [INFO]  Saved checkpoint to "./imputer_model/24_credit/imputer_model_A6/model-0000.params"
2024-04-08 00:11:01,685 [INFO]  Epoch[0] Validation-cross-entropy=0.903206
2024-04-08 00:11:01,686 [INFO]  Epoch[0] Validation-A6-accuracy=0.000000
2024-04-08 00:11:01,739 [INFO]  Epoch[1] Batch [0-16]	Speed: 4919.35 samples/sec	cross-entropy=0.683751	A6-accuracy=2.823529
2024-04-08 00:11:01,768 [INFO]  Epoch[1] Train-cross-entropy=0.303968
2024-04-08 00:11:01,769 [INFO]  Epoch[1] Train-A6-accuracy=2.642857
2024-04-08 00:11:01,769 [INFO]  Epoch[1] Time cost=0.083
2024-04-08 00:11:01,880 [INFO]  Saved checkpoint to "./imputer_model/24_credit/imputer_model_A6/model-0001.params"
2024-04-08 00:11:01,903 [INFO]  Epoch[1] Validation-cross-entropy=0.193292
2024-04-08 00:11:01,903 [INFO]  Epoch[1] Validation-A6-accuracy=0.000000
2024-04-08 00:11:01,924 [INFO]  Epoch[2] Batch [0-16]	Speed: 13519.28 samples/sec	cross-entropy=0.175419	A6-accuracy=2.823529
2024-04-08 00:11:01,940 [INFO]  Epoch[2] Train-cross-entropy=0.131314
2024-04-08 00:11:01,940 [INFO]  Epoch[2] Train-A6-accuracy=2.642857
2024-04-08 00:11:01,940 [INFO]  Epoch[2] Time cost=0.037
2024-04-08 00:11:01,942 [INFO]  Saved checkpoint to "./imputer_model/24_credit/imputer_model_A6/model-0002.params"
2024-04-08 00:11:01,944 [INFO]  Epoch[2] Validation-cross-entropy=0.090998
2024-04-08 00:11:01,944 [INFO]  Epoch[2] Validation-A6-accuracy=0.000000
2024-04-08 00:11:01,971 [INFO]  Epoch[3] Batch [0-16]	Speed: 10320.17 samples/sec	cross-entropy=0.093403	A6-accuracy=2.823529
2024-04-08 00:11:02,012 [INFO]  Epoch[3] Train-cross-entropy=0.082532
2024-04-08 00:11:02,012 [INFO]  Epoch[3] Train-A6-accuracy=2.642857
2024-04-08 00:11:02,012 [INFO]  Epoch[3] Time cost=0.067
2024-04-08 00:11:02,013 [INFO]  Saved checkpoint to "./imputer_model/24_credit/imputer_model_A6/model-0003.params"
2024-04-08 00:11:02,061 [INFO]  Epoch[3] Validation-cross-entropy=0.059494
2024-04-08 00:11:02,061 [INFO]  Epoch[3] Validation-A6-accuracy=0.000000
2024-04-08 00:11:02,108 [INFO]  Epoch[4] Batch [0-16]	Speed: 5589.06 samples/sec	cross-entropy=0.064840	A6-accuracy=2.823529
2024-04-08 00:11:02,166 [INFO]  Epoch[4] Train-cross-entropy=0.058926
2024-04-08 00:11:02,167 [INFO]  Epoch[4] Train-A6-accuracy=2.642857
2024-04-08 00:11:02,167 [INFO]  Epoch[4] Time cost=0.106
2024-04-08 00:11:02,169 [INFO]  Saved checkpoint to "./imputer_model/24_credit/imputer_model_A6/model-0004.params"
2024-04-08 00:11:02,170 [INFO]  Epoch[4] Validation-cross-entropy=0.041813
2024-04-08 00:11:02,170 [INFO]  Epoch[4] Validation-A6-accuracy=0.000000
2024-04-08 00:11:02,170 [INFO]  
========== done (0.5489318370819092 s) fit model
2024-04-08 00:11:09,859 [INFO]  
========== start: fit model
2024-04-08 00:11:09,859 [WARNING]  Already bound, ignoring bind()
2024-04-08 00:11:09,874 [INFO]  Epoch[0] Batch [0-16]	Speed: 20759.06 samples/sec	cross-entropy=13.602038	A6-accuracy=0.000000
2024-04-08 00:11:09,883 [INFO]  Epoch[0] Train-cross-entropy=1.680836
2024-04-08 00:11:09,883 [INFO]  Epoch[0] Train-A6-accuracy=0.000000
2024-04-08 00:11:09,883 [INFO]  Epoch[0] Time cost=0.022
2024-04-08 00:11:09,884 [INFO]  Saved checkpoint to "./imputer_model/24_credit/imputer_model_A6/model-0000.params"
2024-04-08 00:11:09,886 [INFO]  Epoch[0] Validation-cross-entropy=2.053854
2024-04-08 00:11:09,886 [INFO]  Epoch[0] Validation-A6-accuracy=0.000000
2024-04-08 00:11:10,000 [INFO]  Epoch[1] Batch [0-16]	Speed: 2253.94 samples/sec	cross-entropy=1.108663	A6-accuracy=0.000000
2024-04-08 00:11:10,015 [INFO]  Epoch[1] Train-cross-entropy=0.465334
2024-04-08 00:11:10,016 [INFO]  Epoch[1] Train-A6-accuracy=0.000000
2024-04-08 00:11:10,016 [INFO]  Epoch[1] Time cost=0.130
2024-04-08 00:11:10,017 [INFO]  Saved checkpoint to "./imputer_model/24_credit/imputer_model_A6/model-0001.params"
2024-04-08 00:11:10,019 [INFO]  Epoch[1] Validation-cross-entropy=0.200591
2024-04-08 00:11:10,019 [INFO]  Epoch[1] Validation-A6-accuracy=0.000000
2024-04-08 00:11:10,038 [INFO]  Epoch[2] Batch [0-16]	Speed: 14488.88 samples/sec	cross-entropy=0.217024	A6-accuracy=0.000000
2024-04-08 00:11:10,054 [INFO]  Epoch[2] Train-cross-entropy=0.145471
2024-04-08 00:11:10,054 [INFO]  Epoch[2] Train-A6-accuracy=0.000000
2024-04-08 00:11:10,054 [INFO]  Epoch[2] Time cost=0.035
2024-04-08 00:11:10,056 [INFO]  Saved checkpoint to "./imputer_model/24_credit/imputer_model_A6/model-0002.params"
2024-04-08 00:11:10,058 [INFO]  Epoch[2] Validation-cross-entropy=0.090684
2024-04-08 00:11:10,058 [INFO]  Epoch[2] Validation-A6-accuracy=0.000000
2024-04-08 00:11:10,075 [INFO]  Epoch[3] Batch [0-16]	Speed: 16213.30 samples/sec	cross-entropy=0.083226	A6-accuracy=0.000000
2024-04-08 00:11:10,085 [INFO]  Epoch[3] Train-cross-entropy=0.081154
2024-04-08 00:11:10,085 [INFO]  Epoch[3] Train-A6-accuracy=0.000000
2024-04-08 00:11:10,085 [INFO]  Epoch[3] Time cost=0.027
2024-04-08 00:11:10,087 [INFO]  Saved checkpoint to "./imputer_model/24_credit/imputer_model_A6/model-0003.params"
2024-04-08 00:11:10,148 [INFO]  Epoch[3] Validation-cross-entropy=0.049981
2024-04-08 00:11:10,148 [INFO]  Epoch[3] Validation-A6-accuracy=0.000000
2024-04-08 00:11:10,162 [INFO]  Epoch[4] Batch [0-16]	Speed: 20621.12 samples/sec	cross-entropy=0.053591	A6-accuracy=0.000000
2024-04-08 00:11:10,177 [INFO]  Epoch[4] Train-cross-entropy=0.058596
2024-04-08 00:11:10,177 [INFO]  Epoch[4] Train-A6-accuracy=0.000000
2024-04-08 00:11:10,177 [INFO]  Epoch[4] Time cost=0.029
2024-04-08 00:11:10,179 [INFO]  Saved checkpoint to "./imputer_model/24_credit/imputer_model_A6/model-0004.params"
2024-04-08 00:11:10,180 [INFO]  Epoch[4] Validation-cross-entropy=0.041099
2024-04-08 00:11:10,180 [INFO]  Epoch[4] Validation-A6-accuracy=0.000000
2024-04-08 00:11:10,181 [INFO]  
========== done (0.32131481170654297 s) fit model
2024-04-08 00:11:16,700 [INFO]  
========== start: fit model
2024-04-08 00:11:16,700 [WARNING]  Already bound, ignoring bind()
2024-04-08 00:11:16,714 [INFO]  Epoch[0] Batch [0-16]	Speed: 21810.28 samples/sec	cross-entropy=7.034764	A6-accuracy=0.000000
2024-04-08 00:11:16,749 [INFO]  Epoch[0] Train-cross-entropy=1.231496
2024-04-08 00:11:16,749 [INFO]  Epoch[0] Train-A6-accuracy=0.000000
2024-04-08 00:11:16,749 [INFO]  Epoch[0] Time cost=0.048
2024-04-08 00:11:16,751 [INFO]  Saved checkpoint to "./imputer_model/24_credit/imputer_model_A6/model-0000.params"
2024-04-08 00:11:16,757 [INFO]  Epoch[0] Validation-cross-entropy=0.769599
2024-04-08 00:11:16,757 [INFO]  Epoch[0] Validation-A6-accuracy=0.000000
2024-04-08 00:11:16,837 [INFO]  Epoch[1] Batch [0-16]	Speed: 3246.26 samples/sec	cross-entropy=0.473790	A6-accuracy=0.000000
2024-04-08 00:11:16,856 [INFO]  Epoch[1] Train-cross-entropy=0.230684
2024-04-08 00:11:16,856 [INFO]  Epoch[1] Train-A6-accuracy=0.000000
2024-04-08 00:11:16,856 [INFO]  Epoch[1] Time cost=0.099
2024-04-08 00:11:16,858 [INFO]  Saved checkpoint to "./imputer_model/24_credit/imputer_model_A6/model-0001.params"
2024-04-08 00:11:16,859 [INFO]  Epoch[1] Validation-cross-entropy=0.130988
2024-04-08 00:11:16,859 [INFO]  Epoch[1] Validation-A6-accuracy=0.000000
2024-04-08 00:11:16,872 [INFO]  Epoch[2] Batch [0-16]	Speed: 21114.62 samples/sec	cross-entropy=0.120045	A6-accuracy=0.000000
2024-04-08 00:11:16,883 [INFO]  Epoch[2] Train-cross-entropy=0.097299
2024-04-08 00:11:16,883 [INFO]  Epoch[2] Train-A6-accuracy=0.000000
2024-04-08 00:11:16,883 [INFO]  Epoch[2] Time cost=0.024
2024-04-08 00:11:16,885 [INFO]  Saved checkpoint to "./imputer_model/24_credit/imputer_model_A6/model-0002.params"
2024-04-08 00:11:16,886 [INFO]  Epoch[2] Validation-cross-entropy=0.086976
2024-04-08 00:11:16,886 [INFO]  Epoch[2] Validation-A6-accuracy=0.000000
2024-04-08 00:11:16,902 [INFO]  Epoch[3] Batch [0-16]	Speed: 17113.33 samples/sec	cross-entropy=0.082494	A6-accuracy=0.000000
2024-04-08 00:11:16,910 [INFO]  Epoch[3] Train-cross-entropy=0.076240
2024-04-08 00:11:16,910 [INFO]  Epoch[3] Train-A6-accuracy=0.000000
2024-04-08 00:11:16,910 [INFO]  Epoch[3] Time cost=0.024
2024-04-08 00:11:16,912 [INFO]  Saved checkpoint to "./imputer_model/24_credit/imputer_model_A6/model-0003.params"
2024-04-08 00:11:16,913 [INFO]  Epoch[3] Validation-cross-entropy=0.075997
2024-04-08 00:11:16,913 [INFO]  Epoch[3] Validation-A6-accuracy=0.000000
2024-04-08 00:11:16,966 [INFO]  Epoch[4] Batch [0-16]	Speed: 4871.52 samples/sec	cross-entropy=0.064580	A6-accuracy=0.000000
2024-04-08 00:11:16,976 [INFO]  Epoch[4] Train-cross-entropy=0.063193
2024-04-08 00:11:16,976 [INFO]  Epoch[4] Train-A6-accuracy=0.000000
2024-04-08 00:11:16,976 [INFO]  Epoch[4] Time cost=0.063
2024-04-08 00:11:16,978 [INFO]  Saved checkpoint to "./imputer_model/24_credit/imputer_model_A6/model-0004.params"
2024-04-08 00:11:16,980 [INFO]  Epoch[4] Validation-cross-entropy=0.064466
2024-04-08 00:11:16,980 [INFO]  Epoch[4] Validation-A6-accuracy=0.000000
2024-04-08 00:11:16,980 [INFO]  
========== done (0.2799692153930664 s) fit model
2024-04-08 00:11:25,153 [INFO]  
========== start: fit model
2024-04-08 00:11:25,154 [WARNING]  Already bound, ignoring bind()
2024-04-08 00:11:25,167 [INFO]  Epoch[0] Batch [0-16]	Speed: 22080.73 samples/sec	cross-entropy=4.949235	A6-accuracy=0.000000
2024-04-08 00:11:25,199 [INFO]  Epoch[0] Train-cross-entropy=0.820713
2024-04-08 00:11:25,199 [INFO]  Epoch[0] Train-A6-accuracy=0.000000
2024-04-08 00:11:25,199 [INFO]  Epoch[0] Time cost=0.045
2024-04-08 00:11:25,201 [INFO]  Saved checkpoint to "./imputer_model/24_credit/imputer_model_A6/model-0000.params"
2024-04-08 00:11:25,202 [INFO]  Epoch[0] Validation-cross-entropy=0.306677
2024-04-08 00:11:25,202 [INFO]  Epoch[0] Validation-A6-accuracy=0.000000
2024-04-08 00:11:25,239 [INFO]  Epoch[1] Batch [0-16]	Speed: 9344.04 samples/sec	cross-entropy=0.287384	A6-accuracy=0.000000
2024-04-08 00:11:25,295 [INFO]  Epoch[1] Train-cross-entropy=0.242945
2024-04-08 00:11:25,295 [INFO]  Epoch[1] Train-A6-accuracy=0.000000
2024-04-08 00:11:25,295 [INFO]  Epoch[1] Time cost=0.093
2024-04-08 00:11:25,297 [INFO]  Saved checkpoint to "./imputer_model/24_credit/imputer_model_A6/model-0001.params"
2024-04-08 00:11:25,299 [INFO]  Epoch[1] Validation-cross-entropy=0.115980
2024-04-08 00:11:25,299 [INFO]  Epoch[1] Validation-A6-accuracy=0.000000
2024-04-08 00:11:25,312 [INFO]  Epoch[2] Batch [0-16]	Speed: 21710.17 samples/sec	cross-entropy=0.143026	A6-accuracy=0.000000
2024-04-08 00:11:25,322 [INFO]  Epoch[2] Train-cross-entropy=0.096972
2024-04-08 00:11:25,322 [INFO]  Epoch[2] Train-A6-accuracy=0.000000
2024-04-08 00:11:25,322 [INFO]  Epoch[2] Time cost=0.023
2024-04-08 00:11:25,324 [INFO]  Saved checkpoint to "./imputer_model/24_credit/imputer_model_A6/model-0002.params"
2024-04-08 00:11:25,326 [INFO]  Epoch[2] Validation-cross-entropy=0.029845
2024-04-08 00:11:25,326 [INFO]  Epoch[2] Validation-A6-accuracy=0.000000
2024-04-08 00:11:25,339 [INFO]  Epoch[3] Batch [0-16]	Speed: 21099.27 samples/sec	cross-entropy=0.068513	A6-accuracy=0.000000
2024-04-08 00:11:25,364 [INFO]  Epoch[3] Train-cross-entropy=0.062166
2024-04-08 00:11:25,364 [INFO]  Epoch[3] Train-A6-accuracy=0.000000
2024-04-08 00:11:25,364 [INFO]  Epoch[3] Time cost=0.038
2024-04-08 00:11:25,366 [INFO]  Saved checkpoint to "./imputer_model/24_credit/imputer_model_A6/model-0003.params"
2024-04-08 00:11:25,367 [INFO]  Epoch[3] Validation-cross-entropy=0.026669
2024-04-08 00:11:25,367 [INFO]  Epoch[3] Validation-A6-accuracy=0.000000
2024-04-08 00:11:25,478 [INFO]  Epoch[4] Batch [0-16]	Speed: 2862.59 samples/sec	cross-entropy=0.052981	A6-accuracy=0.000000
2024-04-08 00:11:25,493 [INFO]  Epoch[4] Train-cross-entropy=0.051355
2024-04-08 00:11:25,493 [INFO]  Epoch[4] Train-A6-accuracy=0.000000
2024-04-08 00:11:25,493 [INFO]  Epoch[4] Time cost=0.126
2024-04-08 00:11:25,495 [INFO]  Saved checkpoint to "./imputer_model/24_credit/imputer_model_A6/model-0004.params"
2024-04-08 00:11:25,497 [INFO]  Epoch[4] Validation-cross-entropy=0.028095
2024-04-08 00:11:25,497 [INFO]  Epoch[4] Validation-A6-accuracy=0.000000
2024-04-08 00:11:25,497 [INFO]  
========== done (0.34407520294189453 s) fit model
2024-04-08 00:11:32,270 [INFO]  
========== start: fit model
2024-04-08 00:11:32,270 [WARNING]  Already bound, ignoring bind()
2024-04-08 00:11:32,281 [INFO]  Epoch[0] Batch [0-16]	Speed: 27381.59 samples/sec	cross-entropy=5.013159	A6-accuracy=0.000000
2024-04-08 00:11:32,290 [INFO]  Epoch[0] Train-cross-entropy=1.153637
2024-04-08 00:11:32,290 [INFO]  Epoch[0] Train-A6-accuracy=0.000000
2024-04-08 00:11:32,290 [INFO]  Epoch[0] Time cost=0.019
2024-04-08 00:11:32,291 [INFO]  Saved checkpoint to "./imputer_model/24_credit/imputer_model_A6/model-0000.params"
2024-04-08 00:11:32,293 [INFO]  Epoch[0] Validation-cross-entropy=0.551919
2024-04-08 00:11:32,293 [INFO]  Epoch[0] Validation-A6-accuracy=0.000000
2024-04-08 00:11:32,303 [INFO]  Epoch[1] Batch [0-16]	Speed: 27629.61 samples/sec	cross-entropy=0.308799	A6-accuracy=0.000000
2024-04-08 00:11:32,311 [INFO]  Epoch[1] Train-cross-entropy=0.134073
2024-04-08 00:11:32,311 [INFO]  Epoch[1] Train-A6-accuracy=0.000000
2024-04-08 00:11:32,311 [INFO]  Epoch[1] Time cost=0.018
2024-04-08 00:11:32,317 [INFO]  Saved checkpoint to "./imputer_model/24_credit/imputer_model_A6/model-0001.params"
2024-04-08 00:11:32,319 [INFO]  Epoch[1] Validation-cross-entropy=0.097519
2024-04-08 00:11:32,319 [INFO]  Epoch[1] Validation-A6-accuracy=0.000000
2024-04-08 00:11:32,329 [INFO]  Epoch[2] Batch [0-16]	Speed: 27664.49 samples/sec	cross-entropy=0.097537	A6-accuracy=0.000000
2024-04-08 00:11:32,337 [INFO]  Epoch[2] Train-cross-entropy=0.070229
2024-04-08 00:11:32,337 [INFO]  Epoch[2] Train-A6-accuracy=0.000000
2024-04-08 00:11:32,337 [INFO]  Epoch[2] Time cost=0.018
2024-04-08 00:11:32,339 [INFO]  Saved checkpoint to "./imputer_model/24_credit/imputer_model_A6/model-0002.params"
2024-04-08 00:11:32,340 [INFO]  Epoch[2] Validation-cross-entropy=0.061183
2024-04-08 00:11:32,340 [INFO]  Epoch[2] Validation-A6-accuracy=0.000000
2024-04-08 00:11:32,350 [INFO]  Epoch[3] Batch [0-16]	Speed: 28283.16 samples/sec	cross-entropy=0.068030	A6-accuracy=0.000000
2024-04-08 00:11:32,358 [INFO]  Epoch[3] Train-cross-entropy=0.058008
2024-04-08 00:11:32,358 [INFO]  Epoch[3] Train-A6-accuracy=0.000000
2024-04-08 00:11:32,358 [INFO]  Epoch[3] Time cost=0.018
2024-04-08 00:11:32,359 [INFO]  Saved checkpoint to "./imputer_model/24_credit/imputer_model_A6/model-0003.params"
2024-04-08 00:11:32,361 [INFO]  Epoch[3] Validation-cross-entropy=0.055242
2024-04-08 00:11:32,361 [INFO]  Epoch[3] Validation-A6-accuracy=0.000000
2024-04-08 00:11:32,371 [INFO]  Epoch[4] Batch [0-16]	Speed: 27746.70 samples/sec	cross-entropy=0.054783	A6-accuracy=0.000000
2024-04-08 00:11:32,379 [INFO]  Epoch[4] Train-cross-entropy=0.051600
2024-04-08 00:11:32,379 [INFO]  Epoch[4] Train-A6-accuracy=0.000000
2024-04-08 00:11:32,379 [INFO]  Epoch[4] Time cost=0.018
2024-04-08 00:11:32,380 [INFO]  Saved checkpoint to "./imputer_model/24_credit/imputer_model_A6/model-0004.params"
2024-04-08 00:11:32,382 [INFO]  Epoch[4] Validation-cross-entropy=0.053644
2024-04-08 00:11:32,382 [INFO]  Epoch[4] Validation-A6-accuracy=0.000000
2024-04-08 00:11:32,382 [INFO]  
========== done (0.11219286918640137 s) fit model
2024-04-08 00:11:36,228 [INFO]  
========== start: fit model
2024-04-08 00:11:36,228 [WARNING]  Already bound, ignoring bind()
2024-04-08 00:11:36,244 [INFO]  Epoch[0] Batch [0-16]	Speed: 18928.23 samples/sec	cross-entropy=7.924209	A6-accuracy=2.588235
2024-04-08 00:11:36,254 [INFO]  Epoch[0] Train-cross-entropy=1.130370
2024-04-08 00:11:36,255 [INFO]  Epoch[0] Train-A6-accuracy=3.142857
2024-04-08 00:11:36,255 [INFO]  Epoch[0] Time cost=0.026
2024-04-08 00:11:36,256 [INFO]  Saved checkpoint to "./imputer_model/24_credit/imputer_model_A6/model-0000.params"
2024-04-08 00:11:36,258 [INFO]  Epoch[0] Validation-cross-entropy=0.907344
2024-04-08 00:11:36,258 [INFO]  Epoch[0] Validation-A6-accuracy=0.000000
2024-04-08 00:11:36,270 [INFO]  Epoch[1] Batch [0-16]	Speed: 21883.62 samples/sec	cross-entropy=0.352945	A6-accuracy=2.588235
2024-04-08 00:11:36,289 [INFO]  Epoch[1] Train-cross-entropy=0.195435
2024-04-08 00:11:36,289 [INFO]  Epoch[1] Train-A6-accuracy=3.142857
2024-04-08 00:11:36,289 [INFO]  Epoch[1] Time cost=0.031
2024-04-08 00:11:36,291 [INFO]  Saved checkpoint to "./imputer_model/24_credit/imputer_model_A6/model-0001.params"
2024-04-08 00:11:36,293 [INFO]  Epoch[1] Validation-cross-entropy=0.174278
2024-04-08 00:11:36,293 [INFO]  Epoch[1] Validation-A6-accuracy=0.000000
2024-04-08 00:11:36,310 [INFO]  Epoch[2] Batch [0-16]	Speed: 16255.02 samples/sec	cross-entropy=0.095457	A6-accuracy=2.588235
2024-04-08 00:11:36,320 [INFO]  Epoch[2] Train-cross-entropy=0.097012
2024-04-08 00:11:36,321 [INFO]  Epoch[2] Train-A6-accuracy=3.142857
2024-04-08 00:11:36,321 [INFO]  Epoch[2] Time cost=0.028
2024-04-08 00:11:36,322 [INFO]  Saved checkpoint to "./imputer_model/24_credit/imputer_model_A6/model-0002.params"
2024-04-08 00:11:36,324 [INFO]  Epoch[2] Validation-cross-entropy=0.101515
2024-04-08 00:11:36,324 [INFO]  Epoch[2] Validation-A6-accuracy=0.000000
2024-04-08 00:11:36,349 [INFO]  Epoch[3] Batch [0-16]	Speed: 10370.01 samples/sec	cross-entropy=0.058604	A6-accuracy=2.588235
2024-04-08 00:11:36,359 [INFO]  Epoch[3] Train-cross-entropy=0.067310
2024-04-08 00:11:36,359 [INFO]  Epoch[3] Train-A6-accuracy=3.142857
2024-04-08 00:11:36,359 [INFO]  Epoch[3] Time cost=0.035
2024-04-08 00:11:36,361 [INFO]  Saved checkpoint to "./imputer_model/24_credit/imputer_model_A6/model-0003.params"
2024-04-08 00:11:36,362 [INFO]  Epoch[3] Validation-cross-entropy=0.069955
2024-04-08 00:11:36,362 [INFO]  Epoch[3] Validation-A6-accuracy=0.000000
2024-04-08 00:11:36,372 [INFO]  Epoch[4] Batch [0-16]	Speed: 27890.12 samples/sec	cross-entropy=0.045284	A6-accuracy=2.588235
2024-04-08 00:11:36,380 [INFO]  Epoch[4] Train-cross-entropy=0.053613
2024-04-08 00:11:36,380 [INFO]  Epoch[4] Train-A6-accuracy=3.142857
2024-04-08 00:11:36,380 [INFO]  Epoch[4] Time cost=0.018
2024-04-08 00:11:36,381 [INFO]  Saved checkpoint to "./imputer_model/24_credit/imputer_model_A6/model-0004.params"
2024-04-08 00:11:36,382 [INFO]  Epoch[4] Validation-cross-entropy=0.054464
2024-04-08 00:11:36,383 [INFO]  Epoch[4] Validation-A6-accuracy=0.000000
2024-04-08 00:11:36,383 [INFO]  
========== done (0.1550459861755371 s) fit model
2024-04-08 00:11:40,036 [INFO]  
========== start: fit model
2024-04-08 00:11:40,036 [WARNING]  Already bound, ignoring bind()
2024-04-08 00:11:40,047 [INFO]  Epoch[0] Batch [0-16]	Speed: 27543.85 samples/sec	cross-entropy=5.590297	A6-accuracy=2.647059
2024-04-08 00:11:40,056 [INFO]  Epoch[0] Train-cross-entropy=0.715398
2024-04-08 00:11:40,056 [INFO]  Epoch[0] Train-A6-accuracy=2.785714
2024-04-08 00:11:40,056 [INFO]  Epoch[0] Time cost=0.019
2024-04-08 00:11:40,057 [INFO]  Saved checkpoint to "./imputer_model/24_credit/imputer_model_A6/model-0000.params"
2024-04-08 00:11:40,058 [INFO]  Epoch[0] Validation-cross-entropy=1.324615
2024-04-08 00:11:40,058 [INFO]  Epoch[0] Validation-A6-accuracy=0.000000
2024-04-08 00:11:40,068 [INFO]  Epoch[1] Batch [0-16]	Speed: 28805.18 samples/sec	cross-entropy=0.345410	A6-accuracy=2.647059
2024-04-08 00:11:40,076 [INFO]  Epoch[1] Train-cross-entropy=0.165053
2024-04-08 00:11:40,076 [INFO]  Epoch[1] Train-A6-accuracy=2.785714
2024-04-08 00:11:40,076 [INFO]  Epoch[1] Time cost=0.018
2024-04-08 00:11:40,078 [INFO]  Saved checkpoint to "./imputer_model/24_credit/imputer_model_A6/model-0001.params"
2024-04-08 00:11:40,079 [INFO]  Epoch[1] Validation-cross-entropy=0.113430
2024-04-08 00:11:40,079 [INFO]  Epoch[1] Validation-A6-accuracy=0.000000
2024-04-08 00:11:40,088 [INFO]  Epoch[2] Batch [0-16]	Speed: 28713.51 samples/sec	cross-entropy=0.082496	A6-accuracy=2.647059
2024-04-08 00:11:40,096 [INFO]  Epoch[2] Train-cross-entropy=0.053866
2024-04-08 00:11:40,096 [INFO]  Epoch[2] Train-A6-accuracy=2.785714
2024-04-08 00:11:40,096 [INFO]  Epoch[2] Time cost=0.018
2024-04-08 00:11:40,098 [INFO]  Saved checkpoint to "./imputer_model/24_credit/imputer_model_A6/model-0002.params"
2024-04-08 00:11:40,099 [INFO]  Epoch[2] Validation-cross-entropy=0.061306
2024-04-08 00:11:40,099 [INFO]  Epoch[2] Validation-A6-accuracy=0.000000
2024-04-08 00:11:40,109 [INFO]  Epoch[3] Batch [0-16]	Speed: 28836.90 samples/sec	cross-entropy=0.047441	A6-accuracy=2.647059
2024-04-08 00:11:40,116 [INFO]  Epoch[3] Train-cross-entropy=0.041746
2024-04-08 00:11:40,117 [INFO]  Epoch[3] Train-A6-accuracy=2.785714
2024-04-08 00:11:40,117 [INFO]  Epoch[3] Time cost=0.018
2024-04-08 00:11:40,118 [INFO]  Saved checkpoint to "./imputer_model/24_credit/imputer_model_A6/model-0003.params"
2024-04-08 00:11:40,119 [INFO]  Epoch[3] Validation-cross-entropy=0.049129
2024-04-08 00:11:40,119 [INFO]  Epoch[3] Validation-A6-accuracy=0.000000
2024-04-08 00:11:40,140 [INFO]  Epoch[4] Batch [0-16]	Speed: 12810.70 samples/sec	cross-entropy=0.039930	A6-accuracy=2.647059
2024-04-08 00:11:40,154 [INFO]  Epoch[4] Train-cross-entropy=0.035307
2024-04-08 00:11:40,154 [INFO]  Epoch[4] Train-A6-accuracy=2.785714
2024-04-08 00:11:40,154 [INFO]  Epoch[4] Time cost=0.035
2024-04-08 00:11:40,156 [INFO]  Saved checkpoint to "./imputer_model/24_credit/imputer_model_A6/model-0004.params"
2024-04-08 00:11:40,158 [INFO]  Epoch[4] Validation-cross-entropy=0.039574
2024-04-08 00:11:40,158 [INFO]  Epoch[4] Validation-A6-accuracy=0.000000
2024-04-08 00:11:40,158 [INFO]  
========== done (0.12180328369140625 s) fit model
2024-04-08 00:11:43,807 [INFO]  
========== start: fit model
2024-04-08 00:11:43,807 [WARNING]  Already bound, ignoring bind()
2024-04-08 00:11:43,832 [INFO]  Epoch[0] Batch [0-16]	Speed: 18693.60 samples/sec	cross-entropy=8.390114	A6-accuracy=0.000000
2024-04-08 00:11:43,843 [INFO]  Epoch[0] Train-cross-entropy=0.781979
2024-04-08 00:11:43,843 [INFO]  Epoch[0] Train-A6-accuracy=0.000000
2024-04-08 00:11:43,843 [INFO]  Epoch[0] Time cost=0.035
2024-04-08 00:11:43,845 [INFO]  Saved checkpoint to "./imputer_model/24_credit/imputer_model_A6/model-0000.params"
2024-04-08 00:11:43,846 [INFO]  Epoch[0] Validation-cross-entropy=1.168243
2024-04-08 00:11:43,846 [INFO]  Epoch[0] Validation-A6-accuracy=0.000000
2024-04-08 00:11:43,859 [INFO]  Epoch[1] Batch [0-16]	Speed: 21200.92 samples/sec	cross-entropy=0.591671	A6-accuracy=0.000000
2024-04-08 00:11:43,870 [INFO]  Epoch[1] Train-cross-entropy=0.194061
2024-04-08 00:11:43,870 [INFO]  Epoch[1] Train-A6-accuracy=0.000000
2024-04-08 00:11:43,870 [INFO]  Epoch[1] Time cost=0.024
2024-04-08 00:11:43,872 [INFO]  Saved checkpoint to "./imputer_model/24_credit/imputer_model_A6/model-0001.params"
2024-04-08 00:11:43,873 [INFO]  Epoch[1] Validation-cross-entropy=0.143698
2024-04-08 00:11:43,873 [INFO]  Epoch[1] Validation-A6-accuracy=0.000000
2024-04-08 00:11:43,886 [INFO]  Epoch[2] Batch [0-16]	Speed: 21247.07 samples/sec	cross-entropy=0.141714	A6-accuracy=0.000000
2024-04-08 00:11:43,897 [INFO]  Epoch[2] Train-cross-entropy=0.086335
2024-04-08 00:11:43,897 [INFO]  Epoch[2] Train-A6-accuracy=0.000000
2024-04-08 00:11:43,897 [INFO]  Epoch[2] Time cost=0.024
2024-04-08 00:11:43,899 [INFO]  Saved checkpoint to "./imputer_model/24_credit/imputer_model_A6/model-0002.params"
2024-04-08 00:11:43,900 [INFO]  Epoch[2] Validation-cross-entropy=0.063732
2024-04-08 00:11:43,900 [INFO]  Epoch[2] Validation-A6-accuracy=0.000000
2024-04-08 00:11:43,914 [INFO]  Epoch[3] Batch [0-16]	Speed: 21128.75 samples/sec	cross-entropy=0.082652	A6-accuracy=0.000000
2024-04-08 00:11:43,924 [INFO]  Epoch[3] Train-cross-entropy=0.058992
2024-04-08 00:11:43,924 [INFO]  Epoch[3] Train-A6-accuracy=0.000000
2024-04-08 00:11:43,924 [INFO]  Epoch[3] Time cost=0.024
2024-04-08 00:11:43,926 [INFO]  Saved checkpoint to "./imputer_model/24_credit/imputer_model_A6/model-0003.params"
2024-04-08 00:11:43,927 [INFO]  Epoch[3] Validation-cross-entropy=0.039825
2024-04-08 00:11:43,927 [INFO]  Epoch[3] Validation-A6-accuracy=0.000000
2024-04-08 00:11:43,940 [INFO]  Epoch[4] Batch [0-16]	Speed: 21966.89 samples/sec	cross-entropy=0.062447	A6-accuracy=0.000000
2024-04-08 00:11:43,951 [INFO]  Epoch[4] Train-cross-entropy=0.047148
2024-04-08 00:11:43,951 [INFO]  Epoch[4] Train-A6-accuracy=0.000000
2024-04-08 00:11:43,951 [INFO]  Epoch[4] Time cost=0.023
2024-04-08 00:11:43,952 [INFO]  Saved checkpoint to "./imputer_model/24_credit/imputer_model_A6/model-0004.params"
2024-04-08 00:11:43,954 [INFO]  Epoch[4] Validation-cross-entropy=0.032221
2024-04-08 00:11:43,954 [INFO]  Epoch[4] Validation-A6-accuracy=0.000000
2024-04-08 00:11:43,954 [INFO]  
========== done (0.14737892150878906 s) fit model
2024-04-08 00:11:47,896 [INFO]  
========== start: fit model
2024-04-08 00:11:47,896 [WARNING]  Already bound, ignoring bind()
2024-04-08 00:11:47,912 [INFO]  Epoch[0] Batch [0-16]	Speed: 19278.27 samples/sec	cross-entropy=13.844563	A6-accuracy=2.647059
2024-04-08 00:11:47,922 [INFO]  Epoch[0] Train-cross-entropy=2.055218
2024-04-08 00:11:47,922 [INFO]  Epoch[0] Train-A6-accuracy=2.857143
2024-04-08 00:11:47,922 [INFO]  Epoch[0] Time cost=0.025
2024-04-08 00:11:47,924 [INFO]  Saved checkpoint to "./imputer_model/24_credit/imputer_model_A6/model-0000.params"
2024-04-08 00:11:47,925 [INFO]  Epoch[0] Validation-cross-entropy=1.083835
2024-04-08 00:11:47,925 [INFO]  Epoch[0] Validation-A6-accuracy=0.000000
2024-04-08 00:11:47,936 [INFO]  Epoch[1] Batch [0-16]	Speed: 24681.45 samples/sec	cross-entropy=0.789148	A6-accuracy=2.647059
2024-04-08 00:11:47,945 [INFO]  Epoch[1] Train-cross-entropy=0.351203
2024-04-08 00:11:47,946 [INFO]  Epoch[1] Train-A6-accuracy=2.857143
2024-04-08 00:11:47,946 [INFO]  Epoch[1] Time cost=0.020
2024-04-08 00:11:47,947 [INFO]  Saved checkpoint to "./imputer_model/24_credit/imputer_model_A6/model-0001.params"
2024-04-08 00:11:47,948 [INFO]  Epoch[1] Validation-cross-entropy=0.292781
2024-04-08 00:11:47,948 [INFO]  Epoch[1] Validation-A6-accuracy=0.000000
2024-04-08 00:11:47,961 [INFO]  Epoch[2] Batch [0-16]	Speed: 22413.51 samples/sec	cross-entropy=0.178925	A6-accuracy=2.647059
2024-04-08 00:11:47,971 [INFO]  Epoch[2] Train-cross-entropy=0.109703
2024-04-08 00:11:47,971 [INFO]  Epoch[2] Train-A6-accuracy=2.857143
2024-04-08 00:11:47,971 [INFO]  Epoch[2] Time cost=0.023
2024-04-08 00:11:47,973 [INFO]  Saved checkpoint to "./imputer_model/24_credit/imputer_model_A6/model-0002.params"
2024-04-08 00:11:47,975 [INFO]  Epoch[2] Validation-cross-entropy=0.101091
2024-04-08 00:11:47,975 [INFO]  Epoch[2] Validation-A6-accuracy=0.000000
2024-04-08 00:11:47,989 [INFO]  Epoch[3] Batch [0-16]	Speed: 19209.98 samples/sec	cross-entropy=0.093238	A6-accuracy=2.647059
2024-04-08 00:11:48,009 [INFO]  Epoch[3] Train-cross-entropy=0.079955
2024-04-08 00:11:48,010 [INFO]  Epoch[3] Train-A6-accuracy=2.857143
2024-04-08 00:11:48,010 [INFO]  Epoch[3] Time cost=0.035
2024-04-08 00:11:48,012 [INFO]  Saved checkpoint to "./imputer_model/24_credit/imputer_model_A6/model-0003.params"
2024-04-08 00:11:48,013 [INFO]  Epoch[3] Validation-cross-entropy=0.078701
2024-04-08 00:11:48,014 [INFO]  Epoch[3] Validation-A6-accuracy=0.000000
2024-04-08 00:11:48,025 [INFO]  Epoch[4] Batch [0-16]	Speed: 23628.84 samples/sec	cross-entropy=0.070035	A6-accuracy=2.647059
2024-04-08 00:11:48,033 [INFO]  Epoch[4] Train-cross-entropy=0.064232
2024-04-08 00:11:48,033 [INFO]  Epoch[4] Train-A6-accuracy=2.857143
2024-04-08 00:11:48,033 [INFO]  Epoch[4] Time cost=0.020
2024-04-08 00:11:48,035 [INFO]  Saved checkpoint to "./imputer_model/24_credit/imputer_model_A6/model-0004.params"
2024-04-08 00:11:48,036 [INFO]  Epoch[4] Validation-cross-entropy=0.065433
2024-04-08 00:11:48,036 [INFO]  Epoch[4] Validation-A6-accuracy=0.000000
2024-04-08 00:11:48,036 [INFO]  
========== done (0.13998055458068848 s) fit model
2024-04-08 00:11:51,880 [INFO]  
========== start: fit model
2024-04-08 00:11:51,880 [WARNING]  Already bound, ignoring bind()
2024-04-08 00:11:51,895 [INFO]  Epoch[0] Batch [0-16]	Speed: 20631.82 samples/sec	cross-entropy=10.667267	A6-accuracy=2.705882
2024-04-08 00:11:51,911 [INFO]  Epoch[0] Train-cross-entropy=1.366366
2024-04-08 00:11:51,911 [INFO]  Epoch[0] Train-A6-accuracy=3.214286
2024-04-08 00:11:51,911 [INFO]  Epoch[0] Time cost=0.029
2024-04-08 00:11:51,913 [INFO]  Saved checkpoint to "./imputer_model/24_credit/imputer_model_A6/model-0000.params"
2024-04-08 00:11:51,914 [INFO]  Epoch[0] Validation-cross-entropy=0.855403
2024-04-08 00:11:51,914 [INFO]  Epoch[0] Validation-A6-accuracy=0.000000
2024-04-08 00:11:51,927 [INFO]  Epoch[1] Batch [0-16]	Speed: 21315.82 samples/sec	cross-entropy=0.748335	A6-accuracy=2.705882
2024-04-08 00:11:51,938 [INFO]  Epoch[1] Train-cross-entropy=0.206021
2024-04-08 00:11:51,938 [INFO]  Epoch[1] Train-A6-accuracy=3.214286
2024-04-08 00:11:51,938 [INFO]  Epoch[1] Time cost=0.024
2024-04-08 00:11:51,939 [INFO]  Saved checkpoint to "./imputer_model/24_credit/imputer_model_A6/model-0001.params"
2024-04-08 00:11:51,941 [INFO]  Epoch[1] Validation-cross-entropy=0.189320
2024-04-08 00:11:51,941 [INFO]  Epoch[1] Validation-A6-accuracy=0.000000
2024-04-08 00:11:51,953 [INFO]  Epoch[2] Batch [0-16]	Speed: 21844.44 samples/sec	cross-entropy=0.209894	A6-accuracy=2.705882
2024-04-08 00:11:51,964 [INFO]  Epoch[2] Train-cross-entropy=0.080085
2024-04-08 00:11:51,964 [INFO]  Epoch[2] Train-A6-accuracy=3.214286
2024-04-08 00:11:51,964 [INFO]  Epoch[2] Time cost=0.023
2024-04-08 00:11:51,965 [INFO]  Saved checkpoint to "./imputer_model/24_credit/imputer_model_A6/model-0002.params"
2024-04-08 00:11:51,967 [INFO]  Epoch[2] Validation-cross-entropy=0.096594
2024-04-08 00:11:51,967 [INFO]  Epoch[2] Validation-A6-accuracy=0.000000
2024-04-08 00:11:51,980 [INFO]  Epoch[3] Batch [0-16]	Speed: 21725.99 samples/sec	cross-entropy=0.105160	A6-accuracy=2.705882
2024-04-08 00:11:51,990 [INFO]  Epoch[3] Train-cross-entropy=0.055554
2024-04-08 00:11:51,990 [INFO]  Epoch[3] Train-A6-accuracy=3.214286
2024-04-08 00:11:51,990 [INFO]  Epoch[3] Time cost=0.024
2024-04-08 00:11:51,992 [INFO]  Saved checkpoint to "./imputer_model/24_credit/imputer_model_A6/model-0003.params"
2024-04-08 00:11:51,994 [INFO]  Epoch[3] Validation-cross-entropy=0.074322
2024-04-08 00:11:51,994 [INFO]  Epoch[3] Validation-A6-accuracy=0.000000
2024-04-08 00:11:52,006 [INFO]  Epoch[4] Batch [0-16]	Speed: 21385.45 samples/sec	cross-entropy=0.075703	A6-accuracy=2.705882
2024-04-08 00:11:52,017 [INFO]  Epoch[4] Train-cross-entropy=0.043814
2024-04-08 00:11:52,017 [INFO]  Epoch[4] Train-A6-accuracy=3.214286
2024-04-08 00:11:52,017 [INFO]  Epoch[4] Time cost=0.024
2024-04-08 00:11:52,019 [INFO]  Saved checkpoint to "./imputer_model/24_credit/imputer_model_A6/model-0004.params"
2024-04-08 00:11:52,020 [INFO]  Epoch[4] Validation-cross-entropy=0.064627
2024-04-08 00:11:52,020 [INFO]  Epoch[4] Validation-A6-accuracy=0.000000
2024-04-08 00:11:52,020 [INFO]  
========== done (0.14036011695861816 s) fit model
2024-04-08 00:11:55,777 [INFO]  
========== start: fit model
2024-04-08 00:11:55,777 [WARNING]  Already bound, ignoring bind()
2024-04-08 00:11:55,792 [INFO]  Epoch[0] Batch [0-16]	Speed: 19722.31 samples/sec	cross-entropy=13.706346	A6-accuracy=0.000000
2024-04-08 00:11:55,803 [INFO]  Epoch[0] Train-cross-entropy=1.650340
2024-04-08 00:11:55,803 [INFO]  Epoch[0] Train-A6-accuracy=0.000000
2024-04-08 00:11:55,803 [INFO]  Epoch[0] Time cost=0.025
2024-04-08 00:11:55,805 [INFO]  Saved checkpoint to "./imputer_model/24_credit/imputer_model_A6/model-0000.params"
2024-04-08 00:11:55,806 [INFO]  Epoch[0] Validation-cross-entropy=0.940462
2024-04-08 00:11:55,806 [INFO]  Epoch[0] Validation-A6-accuracy=0.000000
2024-04-08 00:11:55,819 [INFO]  Epoch[1] Batch [0-16]	Speed: 21292.57 samples/sec	cross-entropy=0.795073	A6-accuracy=0.000000
2024-04-08 00:11:55,830 [INFO]  Epoch[1] Train-cross-entropy=0.278629
2024-04-08 00:11:55,830 [INFO]  Epoch[1] Train-A6-accuracy=0.000000
2024-04-08 00:11:55,830 [INFO]  Epoch[1] Time cost=0.024
2024-04-08 00:11:55,832 [INFO]  Saved checkpoint to "./imputer_model/24_credit/imputer_model_A6/model-0001.params"
2024-04-08 00:11:55,833 [INFO]  Epoch[1] Validation-cross-entropy=0.235827
2024-04-08 00:11:55,833 [INFO]  Epoch[1] Validation-A6-accuracy=0.000000
2024-04-08 00:11:55,867 [INFO]  Epoch[2] Batch [0-16]	Speed: 7757.30 samples/sec	cross-entropy=0.193822	A6-accuracy=0.000000
2024-04-08 00:11:55,875 [INFO]  Epoch[2] Train-cross-entropy=0.093206
2024-04-08 00:11:55,875 [INFO]  Epoch[2] Train-A6-accuracy=0.000000
2024-04-08 00:11:55,875 [INFO]  Epoch[2] Time cost=0.042
2024-04-08 00:11:55,876 [INFO]  Saved checkpoint to "./imputer_model/24_credit/imputer_model_A6/model-0002.params"
2024-04-08 00:11:55,878 [INFO]  Epoch[2] Validation-cross-entropy=0.119802
2024-04-08 00:11:55,878 [INFO]  Epoch[2] Validation-A6-accuracy=0.000000
2024-04-08 00:11:55,898 [INFO]  Epoch[3] Batch [0-16]	Speed: 13387.80 samples/sec	cross-entropy=0.094121	A6-accuracy=0.000000
2024-04-08 00:11:55,907 [INFO]  Epoch[3] Train-cross-entropy=0.072630
2024-04-08 00:11:55,907 [INFO]  Epoch[3] Train-A6-accuracy=0.000000
2024-04-08 00:11:55,907 [INFO]  Epoch[3] Time cost=0.030
2024-04-08 00:11:55,909 [INFO]  Saved checkpoint to "./imputer_model/24_credit/imputer_model_A6/model-0003.params"
2024-04-08 00:11:55,911 [INFO]  Epoch[3] Validation-cross-entropy=0.097881
2024-04-08 00:11:55,911 [INFO]  Epoch[3] Validation-A6-accuracy=0.000000
2024-04-08 00:11:55,922 [INFO]  Epoch[4] Batch [0-16]	Speed: 24386.04 samples/sec	cross-entropy=0.071417	A6-accuracy=0.000000
2024-04-08 00:11:55,930 [INFO]  Epoch[4] Train-cross-entropy=0.058289
2024-04-08 00:11:55,930 [INFO]  Epoch[4] Train-A6-accuracy=0.000000
2024-04-08 00:11:55,930 [INFO]  Epoch[4] Time cost=0.020
2024-04-08 00:11:55,932 [INFO]  Saved checkpoint to "./imputer_model/24_credit/imputer_model_A6/model-0004.params"
2024-04-08 00:11:55,933 [INFO]  Epoch[4] Validation-cross-entropy=0.085195
2024-04-08 00:11:55,933 [INFO]  Epoch[4] Validation-A6-accuracy=0.000000
2024-04-08 00:11:55,933 [INFO]  
========== done (0.1564335823059082 s) fit model
2024-04-08 00:11:59,596 [INFO]  
========== start: fit model
2024-04-08 00:11:59,597 [WARNING]  Already bound, ignoring bind()
2024-04-08 00:11:59,621 [INFO]  Epoch[0] Batch [0-16]	Speed: 13685.74 samples/sec	cross-entropy=13.006220	A6-accuracy=0.000000
2024-04-08 00:11:59,631 [INFO]  Epoch[0] Train-cross-entropy=1.052969
2024-04-08 00:11:59,631 [INFO]  Epoch[0] Train-A6-accuracy=0.000000
2024-04-08 00:11:59,631 [INFO]  Epoch[0] Time cost=0.032
2024-04-08 00:11:59,633 [INFO]  Saved checkpoint to "./imputer_model/24_credit/imputer_model_A6/model-0000.params"
2024-04-08 00:11:59,634 [INFO]  Epoch[0] Validation-cross-entropy=1.409731
2024-04-08 00:11:59,634 [INFO]  Epoch[0] Validation-A6-accuracy=0.000000
2024-04-08 00:11:59,644 [INFO]  Epoch[1] Batch [0-16]	Speed: 28506.17 samples/sec	cross-entropy=0.779780	A6-accuracy=0.000000
2024-04-08 00:11:59,652 [INFO]  Epoch[1] Train-cross-entropy=0.297279
2024-04-08 00:11:59,652 [INFO]  Epoch[1] Train-A6-accuracy=0.000000
2024-04-08 00:11:59,652 [INFO]  Epoch[1] Time cost=0.018
2024-04-08 00:11:59,653 [INFO]  Saved checkpoint to "./imputer_model/24_credit/imputer_model_A6/model-0001.params"
2024-04-08 00:11:59,655 [INFO]  Epoch[1] Validation-cross-entropy=0.223591
2024-04-08 00:11:59,655 [INFO]  Epoch[1] Validation-A6-accuracy=0.000000
2024-04-08 00:11:59,664 [INFO]  Epoch[2] Batch [0-16]	Speed: 28285.39 samples/sec	cross-entropy=0.187126	A6-accuracy=0.000000
2024-04-08 00:11:59,673 [INFO]  Epoch[2] Train-cross-entropy=0.165551
2024-04-08 00:11:59,673 [INFO]  Epoch[2] Train-A6-accuracy=0.000000
2024-04-08 00:11:59,673 [INFO]  Epoch[2] Time cost=0.018
2024-04-08 00:11:59,674 [INFO]  Saved checkpoint to "./imputer_model/24_credit/imputer_model_A6/model-0002.params"
2024-04-08 00:11:59,675 [INFO]  Epoch[2] Validation-cross-entropy=0.131807
2024-04-08 00:11:59,676 [INFO]  Epoch[2] Validation-A6-accuracy=0.000000
2024-04-08 00:11:59,685 [INFO]  Epoch[3] Batch [0-16]	Speed: 28350.37 samples/sec	cross-entropy=0.106739	A6-accuracy=0.000000
2024-04-08 00:11:59,694 [INFO]  Epoch[3] Train-cross-entropy=0.110663
2024-04-08 00:11:59,694 [INFO]  Epoch[3] Train-A6-accuracy=0.000000
2024-04-08 00:11:59,694 [INFO]  Epoch[3] Time cost=0.018
2024-04-08 00:11:59,695 [INFO]  Saved checkpoint to "./imputer_model/24_credit/imputer_model_A6/model-0003.params"
2024-04-08 00:11:59,696 [INFO]  Epoch[3] Validation-cross-entropy=0.123576
2024-04-08 00:11:59,696 [INFO]  Epoch[3] Validation-A6-accuracy=0.000000
2024-04-08 00:11:59,707 [INFO]  Epoch[4] Batch [0-16]	Speed: 26414.31 samples/sec	cross-entropy=0.073398	A6-accuracy=0.000000
2024-04-08 00:11:59,715 [INFO]  Epoch[4] Train-cross-entropy=0.081694
2024-04-08 00:11:59,715 [INFO]  Epoch[4] Train-A6-accuracy=0.000000
2024-04-08 00:11:59,715 [INFO]  Epoch[4] Time cost=0.019
2024-04-08 00:11:59,716 [INFO]  Saved checkpoint to "./imputer_model/24_credit/imputer_model_A6/model-0004.params"
2024-04-08 00:11:59,718 [INFO]  Epoch[4] Validation-cross-entropy=0.104578
2024-04-08 00:11:59,718 [INFO]  Epoch[4] Validation-A6-accuracy=0.000000
2024-04-08 00:11:59,718 [INFO]  
========== done (0.12131619453430176 s) fit model
2024-04-08 00:12:03,502 [INFO]  
========== start: fit model
2024-04-08 00:12:03,502 [WARNING]  Already bound, ignoring bind()
2024-04-08 00:12:03,514 [INFO]  Epoch[0] Batch [0-16]	Speed: 25666.73 samples/sec	cross-entropy=9.875550	A6-accuracy=3.058824
2024-04-08 00:12:03,523 [INFO]  Epoch[0] Train-cross-entropy=1.112320
2024-04-08 00:12:03,523 [INFO]  Epoch[0] Train-A6-accuracy=2.857143
2024-04-08 00:12:03,523 [INFO]  Epoch[0] Time cost=0.020
2024-04-08 00:12:03,524 [INFO]  Saved checkpoint to "./imputer_model/24_credit/imputer_model_A6/model-0000.params"
2024-04-08 00:12:03,526 [INFO]  Epoch[0] Validation-cross-entropy=1.073759
2024-04-08 00:12:03,526 [INFO]  Epoch[0] Validation-A6-accuracy=0.000000
2024-04-08 00:12:03,535 [INFO]  Epoch[1] Batch [0-16]	Speed: 28605.65 samples/sec	cross-entropy=0.530374	A6-accuracy=3.058824
2024-04-08 00:12:03,543 [INFO]  Epoch[1] Train-cross-entropy=0.207464
2024-04-08 00:12:03,543 [INFO]  Epoch[1] Train-A6-accuracy=2.857143
2024-04-08 00:12:03,544 [INFO]  Epoch[1] Time cost=0.018
2024-04-08 00:12:03,545 [INFO]  Saved checkpoint to "./imputer_model/24_credit/imputer_model_A6/model-0001.params"
2024-04-08 00:12:03,546 [INFO]  Epoch[1] Validation-cross-entropy=0.116908
2024-04-08 00:12:03,546 [INFO]  Epoch[1] Validation-A6-accuracy=0.000000
2024-04-08 00:12:03,556 [INFO]  Epoch[2] Batch [0-16]	Speed: 28886.55 samples/sec	cross-entropy=0.088096	A6-accuracy=3.058824
2024-04-08 00:12:03,564 [INFO]  Epoch[2] Train-cross-entropy=0.073682
2024-04-08 00:12:03,564 [INFO]  Epoch[2] Train-A6-accuracy=2.857143
2024-04-08 00:12:03,564 [INFO]  Epoch[2] Time cost=0.018
2024-04-08 00:12:03,565 [INFO]  Saved checkpoint to "./imputer_model/24_credit/imputer_model_A6/model-0002.params"
2024-04-08 00:12:03,566 [INFO]  Epoch[2] Validation-cross-entropy=0.071069
2024-04-08 00:12:03,566 [INFO]  Epoch[2] Validation-A6-accuracy=0.000000
2024-04-08 00:12:03,576 [INFO]  Epoch[3] Batch [0-16]	Speed: 28559.24 samples/sec	cross-entropy=0.065935	A6-accuracy=3.058824
2024-04-08 00:12:03,584 [INFO]  Epoch[3] Train-cross-entropy=0.055205
2024-04-08 00:12:03,584 [INFO]  Epoch[3] Train-A6-accuracy=2.857143
2024-04-08 00:12:03,584 [INFO]  Epoch[3] Time cost=0.018
2024-04-08 00:12:03,586 [INFO]  Saved checkpoint to "./imputer_model/24_credit/imputer_model_A6/model-0003.params"
2024-04-08 00:12:03,587 [INFO]  Epoch[3] Validation-cross-entropy=0.057187
2024-04-08 00:12:03,587 [INFO]  Epoch[3] Validation-A6-accuracy=0.000000
2024-04-08 00:12:03,597 [INFO]  Epoch[4] Batch [0-16]	Speed: 28245.21 samples/sec	cross-entropy=0.055530	A6-accuracy=3.058824
2024-04-08 00:12:03,605 [INFO]  Epoch[4] Train-cross-entropy=0.045027
2024-04-08 00:12:03,605 [INFO]  Epoch[4] Train-A6-accuracy=2.857143
2024-04-08 00:12:03,605 [INFO]  Epoch[4] Time cost=0.018
2024-04-08 00:12:03,606 [INFO]  Saved checkpoint to "./imputer_model/24_credit/imputer_model_A6/model-0004.params"
2024-04-08 00:12:03,607 [INFO]  Epoch[4] Validation-cross-entropy=0.053137
2024-04-08 00:12:03,608 [INFO]  Epoch[4] Validation-A6-accuracy=0.000000
2024-04-08 00:12:03,608 [INFO]  
========== done (0.10574507713317871 s) fit model
2024-04-08 00:12:07,547 [INFO]  
========== start: fit model
2024-04-08 00:12:07,548 [WARNING]  Already bound, ignoring bind()
2024-04-08 00:12:07,591 [INFO]  Epoch[0] Batch [0-16]	Speed: 6230.77 samples/sec	cross-entropy=6.166017	A6-accuracy=0.000000
2024-04-08 00:12:07,602 [INFO]  Epoch[0] Train-cross-entropy=0.984498
2024-04-08 00:12:07,602 [INFO]  Epoch[0] Train-A6-accuracy=0.000000
2024-04-08 00:12:07,602 [INFO]  Epoch[0] Time cost=0.054
2024-04-08 00:12:07,604 [INFO]  Saved checkpoint to "./imputer_model/24_credit/imputer_model_A6/model-0000.params"
2024-04-08 00:12:07,606 [INFO]  Epoch[0] Validation-cross-entropy=1.257610
2024-04-08 00:12:07,606 [INFO]  Epoch[0] Validation-A6-accuracy=0.000000
2024-04-08 00:12:07,619 [INFO]  Epoch[1] Batch [0-16]	Speed: 21298.49 samples/sec	cross-entropy=0.361696	A6-accuracy=0.000000
2024-04-08 00:12:07,630 [INFO]  Epoch[1] Train-cross-entropy=0.177724
2024-04-08 00:12:07,630 [INFO]  Epoch[1] Train-A6-accuracy=0.000000
2024-04-08 00:12:07,630 [INFO]  Epoch[1] Time cost=0.024
2024-04-08 00:12:07,632 [INFO]  Saved checkpoint to "./imputer_model/24_credit/imputer_model_A6/model-0001.params"
2024-04-08 00:12:07,633 [INFO]  Epoch[1] Validation-cross-entropy=0.064508
2024-04-08 00:12:07,633 [INFO]  Epoch[1] Validation-A6-accuracy=0.000000
2024-04-08 00:12:07,646 [INFO]  Epoch[2] Batch [0-16]	Speed: 21141.64 samples/sec	cross-entropy=0.072941	A6-accuracy=0.000000
2024-04-08 00:12:07,657 [INFO]  Epoch[2] Train-cross-entropy=0.065985
2024-04-08 00:12:07,657 [INFO]  Epoch[2] Train-A6-accuracy=0.000000
2024-04-08 00:12:07,658 [INFO]  Epoch[2] Time cost=0.024
2024-04-08 00:12:07,659 [INFO]  Saved checkpoint to "./imputer_model/24_credit/imputer_model_A6/model-0002.params"
2024-04-08 00:12:07,661 [INFO]  Epoch[2] Validation-cross-entropy=0.041827
2024-04-08 00:12:07,661 [INFO]  Epoch[2] Validation-A6-accuracy=0.000000
2024-04-08 00:12:07,674 [INFO]  Epoch[3] Batch [0-16]	Speed: 21031.49 samples/sec	cross-entropy=0.044914	A6-accuracy=0.000000
2024-04-08 00:12:07,685 [INFO]  Epoch[3] Train-cross-entropy=0.049445
2024-04-08 00:12:07,685 [INFO]  Epoch[3] Train-A6-accuracy=0.000000
2024-04-08 00:12:07,685 [INFO]  Epoch[3] Time cost=0.024
2024-04-08 00:12:07,687 [INFO]  Saved checkpoint to "./imputer_model/24_credit/imputer_model_A6/model-0003.params"
2024-04-08 00:12:07,688 [INFO]  Epoch[3] Validation-cross-entropy=0.044655
2024-04-08 00:12:07,688 [INFO]  Epoch[3] Validation-A6-accuracy=0.000000
2024-04-08 00:12:07,702 [INFO]  Epoch[4] Batch [0-16]	Speed: 20615.58 samples/sec	cross-entropy=0.034201	A6-accuracy=0.000000
2024-04-08 00:12:07,713 [INFO]  Epoch[4] Train-cross-entropy=0.041458
2024-04-08 00:12:07,713 [INFO]  Epoch[4] Train-A6-accuracy=0.000000
2024-04-08 00:12:07,713 [INFO]  Epoch[4] Time cost=0.024
2024-04-08 00:12:07,715 [INFO]  Saved checkpoint to "./imputer_model/24_credit/imputer_model_A6/model-0004.params"
2024-04-08 00:12:07,716 [INFO]  Epoch[4] Validation-cross-entropy=0.043590
2024-04-08 00:12:07,716 [INFO]  Epoch[4] Validation-A6-accuracy=0.000000
2024-04-08 00:12:07,716 [INFO]  
========== done (0.1689622402191162 s) fit model
2024-04-08 00:12:11,231 [INFO]  
========== start: fit model
2024-04-08 00:12:11,231 [WARNING]  Already bound, ignoring bind()
2024-04-08 00:12:11,265 [INFO]  Epoch[0] Batch [0-16]	Speed: 8089.61 samples/sec	cross-entropy=11.885831	A6-accuracy=2.647059
2024-04-08 00:12:11,276 [INFO]  Epoch[0] Train-cross-entropy=0.940188
2024-04-08 00:12:11,276 [INFO]  Epoch[0] Train-A6-accuracy=2.785714
2024-04-08 00:12:11,276 [INFO]  Epoch[0] Time cost=0.044
2024-04-08 00:12:11,277 [INFO]  Saved checkpoint to "./imputer_model/24_credit/imputer_model_A6/model-0000.params"
2024-04-08 00:12:11,279 [INFO]  Epoch[0] Validation-cross-entropy=1.666605
2024-04-08 00:12:11,279 [INFO]  Epoch[0] Validation-A6-accuracy=0.000000
2024-04-08 00:12:11,289 [INFO]  Epoch[1] Batch [0-16]	Speed: 27981.70 samples/sec	cross-entropy=0.814044	A6-accuracy=2.647059
2024-04-08 00:12:11,297 [INFO]  Epoch[1] Train-cross-entropy=0.254827
2024-04-08 00:12:11,297 [INFO]  Epoch[1] Train-A6-accuracy=2.785714
2024-04-08 00:12:11,297 [INFO]  Epoch[1] Time cost=0.018
2024-04-08 00:12:11,299 [INFO]  Saved checkpoint to "./imputer_model/24_credit/imputer_model_A6/model-0001.params"
2024-04-08 00:12:11,300 [INFO]  Epoch[1] Validation-cross-entropy=0.189040
2024-04-08 00:12:11,300 [INFO]  Epoch[1] Validation-A6-accuracy=0.000000
2024-04-08 00:12:11,310 [INFO]  Epoch[2] Batch [0-16]	Speed: 26924.99 samples/sec	cross-entropy=0.160614	A6-accuracy=2.647059
2024-04-08 00:12:11,319 [INFO]  Epoch[2] Train-cross-entropy=0.100622
2024-04-08 00:12:11,319 [INFO]  Epoch[2] Train-A6-accuracy=2.785714
2024-04-08 00:12:11,319 [INFO]  Epoch[2] Time cost=0.019
2024-04-08 00:12:11,321 [INFO]  Saved checkpoint to "./imputer_model/24_credit/imputer_model_A6/model-0002.params"
2024-04-08 00:12:11,323 [INFO]  Epoch[2] Validation-cross-entropy=0.197065
2024-04-08 00:12:11,323 [INFO]  Epoch[2] Validation-A6-accuracy=0.000000
2024-04-08 00:12:11,336 [INFO]  Epoch[3] Batch [0-16]	Speed: 19803.06 samples/sec	cross-entropy=0.086896	A6-accuracy=2.647059
2024-04-08 00:12:11,348 [INFO]  Epoch[3] Train-cross-entropy=0.071317
2024-04-08 00:12:11,348 [INFO]  Epoch[3] Train-A6-accuracy=2.785714
2024-04-08 00:12:11,348 [INFO]  Epoch[3] Time cost=0.025
2024-04-08 00:12:11,349 [INFO]  Saved checkpoint to "./imputer_model/24_credit/imputer_model_A6/model-0003.params"
2024-04-08 00:12:11,351 [INFO]  Epoch[3] Validation-cross-entropy=0.107547
2024-04-08 00:12:11,351 [INFO]  Epoch[3] Validation-A6-accuracy=0.000000
2024-04-08 00:12:11,364 [INFO]  Epoch[4] Batch [0-16]	Speed: 21279.07 samples/sec	cross-entropy=0.066678	A6-accuracy=2.647059
2024-04-08 00:12:11,375 [INFO]  Epoch[4] Train-cross-entropy=0.059093
2024-04-08 00:12:11,375 [INFO]  Epoch[4] Train-A6-accuracy=2.785714
2024-04-08 00:12:11,375 [INFO]  Epoch[4] Time cost=0.024
2024-04-08 00:12:11,377 [INFO]  Saved checkpoint to "./imputer_model/24_credit/imputer_model_A6/model-0004.params"
2024-04-08 00:12:11,378 [INFO]  Epoch[4] Validation-cross-entropy=0.084209
2024-04-08 00:12:11,378 [INFO]  Epoch[4] Validation-A6-accuracy=0.000000
2024-04-08 00:12:11,378 [INFO]  
========== done (0.14755749702453613 s) fit model
2024-04-08 00:12:15,148 [INFO]  
========== start: fit model
2024-04-08 00:12:15,148 [WARNING]  Already bound, ignoring bind()
2024-04-08 00:12:15,171 [INFO]  Epoch[0] Batch [0-16]	Speed: 12588.57 samples/sec	cross-entropy=5.872015	A6-accuracy=2.117647
2024-04-08 00:12:15,201 [INFO]  Epoch[0] Train-cross-entropy=1.166661
2024-04-08 00:12:15,202 [INFO]  Epoch[0] Train-A6-accuracy=3.071429
2024-04-08 00:12:15,202 [INFO]  Epoch[0] Time cost=0.053
2024-04-08 00:12:15,203 [INFO]  Saved checkpoint to "./imputer_model/24_credit/imputer_model_A6/model-0000.params"
2024-04-08 00:12:15,205 [INFO]  Epoch[0] Validation-cross-entropy=1.000166
2024-04-08 00:12:15,205 [INFO]  Epoch[0] Validation-A6-accuracy=0.000000
2024-04-08 00:12:15,230 [INFO]  Epoch[1] Batch [0-16]	Speed: 10387.26 samples/sec	cross-entropy=0.393432	A6-accuracy=2.117647
2024-04-08 00:12:15,241 [INFO]  Epoch[1] Train-cross-entropy=0.183672
2024-04-08 00:12:15,241 [INFO]  Epoch[1] Train-A6-accuracy=3.071429
2024-04-08 00:12:15,241 [INFO]  Epoch[1] Time cost=0.037
2024-04-08 00:12:15,243 [INFO]  Saved checkpoint to "./imputer_model/24_credit/imputer_model_A6/model-0001.params"
2024-04-08 00:12:15,244 [INFO]  Epoch[1] Validation-cross-entropy=0.294770
2024-04-08 00:12:15,244 [INFO]  Epoch[1] Validation-A6-accuracy=0.000000
2024-04-08 00:12:15,257 [INFO]  Epoch[2] Batch [0-16]	Speed: 21451.67 samples/sec	cross-entropy=0.107086	A6-accuracy=2.117647
2024-04-08 00:12:15,268 [INFO]  Epoch[2] Train-cross-entropy=0.069247
2024-04-08 00:12:15,268 [INFO]  Epoch[2] Train-A6-accuracy=3.071429
2024-04-08 00:12:15,268 [INFO]  Epoch[2] Time cost=0.024
2024-04-08 00:12:15,270 [INFO]  Saved checkpoint to "./imputer_model/24_credit/imputer_model_A6/model-0002.params"
2024-04-08 00:12:15,272 [INFO]  Epoch[2] Validation-cross-entropy=0.192659
2024-04-08 00:12:15,272 [INFO]  Epoch[2] Validation-A6-accuracy=0.000000
2024-04-08 00:12:15,285 [INFO]  Epoch[3] Batch [0-16]	Speed: 21319.21 samples/sec	cross-entropy=0.068392	A6-accuracy=2.117647
2024-04-08 00:12:15,296 [INFO]  Epoch[3] Train-cross-entropy=0.049763
2024-04-08 00:12:15,296 [INFO]  Epoch[3] Train-A6-accuracy=3.071429
2024-04-08 00:12:15,296 [INFO]  Epoch[3] Time cost=0.024
2024-04-08 00:12:15,297 [INFO]  Saved checkpoint to "./imputer_model/24_credit/imputer_model_A6/model-0003.params"
2024-04-08 00:12:15,299 [INFO]  Epoch[3] Validation-cross-entropy=0.196185
2024-04-08 00:12:15,299 [INFO]  Epoch[3] Validation-A6-accuracy=0.000000
2024-04-08 00:12:15,312 [INFO]  Epoch[4] Batch [0-16]	Speed: 20916.78 samples/sec	cross-entropy=0.057271	A6-accuracy=2.117647
2024-04-08 00:12:15,323 [INFO]  Epoch[4] Train-cross-entropy=0.043837
2024-04-08 00:12:15,323 [INFO]  Epoch[4] Train-A6-accuracy=3.071429
2024-04-08 00:12:15,323 [INFO]  Epoch[4] Time cost=0.024
2024-04-08 00:12:15,325 [INFO]  Saved checkpoint to "./imputer_model/24_credit/imputer_model_A6/model-0004.params"
2024-04-08 00:12:15,326 [INFO]  Epoch[4] Validation-cross-entropy=0.204799
2024-04-08 00:12:15,326 [INFO]  Epoch[4] Validation-A6-accuracy=0.000000
2024-04-08 00:12:15,326 [INFO]  
========== done (0.17881226539611816 s) fit model
2024-04-08 00:12:19,250 [INFO]  
========== start: fit model
2024-04-08 00:12:19,250 [WARNING]  Already bound, ignoring bind()
2024-04-08 00:12:19,274 [INFO]  Epoch[0] Batch [0-16]	Speed: 21667.68 samples/sec	cross-entropy=8.602019	A6-accuracy=0.000000
2024-04-08 00:12:19,300 [INFO]  Epoch[0] Train-cross-entropy=0.940092
2024-04-08 00:12:19,300 [INFO]  Epoch[0] Train-A6-accuracy=0.000000
2024-04-08 00:12:19,300 [INFO]  Epoch[0] Time cost=0.049
2024-04-08 00:12:19,302 [INFO]  Saved checkpoint to "./imputer_model/24_credit/imputer_model_A6/model-0000.params"
2024-04-08 00:12:19,303 [INFO]  Epoch[0] Validation-cross-entropy=1.317969
2024-04-08 00:12:19,303 [INFO]  Epoch[0] Validation-A6-accuracy=0.000000
2024-04-08 00:12:19,336 [INFO]  Epoch[1] Batch [0-16]	Speed: 8004.16 samples/sec	cross-entropy=0.795865	A6-accuracy=0.000000
2024-04-08 00:12:19,347 [INFO]  Epoch[1] Train-cross-entropy=0.291595
2024-04-08 00:12:19,347 [INFO]  Epoch[1] Train-A6-accuracy=0.000000
2024-04-08 00:12:19,347 [INFO]  Epoch[1] Time cost=0.044
2024-04-08 00:12:19,348 [INFO]  Saved checkpoint to "./imputer_model/24_credit/imputer_model_A6/model-0001.params"
2024-04-08 00:12:19,350 [INFO]  Epoch[1] Validation-cross-entropy=0.247508
2024-04-08 00:12:19,350 [INFO]  Epoch[1] Validation-A6-accuracy=0.000000
2024-04-08 00:12:19,362 [INFO]  Epoch[2] Batch [0-16]	Speed: 21868.47 samples/sec	cross-entropy=0.135520	A6-accuracy=0.000000
2024-04-08 00:12:19,377 [INFO]  Epoch[2] Train-cross-entropy=0.100673
2024-04-08 00:12:19,377 [INFO]  Epoch[2] Train-A6-accuracy=0.000000
2024-04-08 00:12:19,377 [INFO]  Epoch[2] Time cost=0.028
2024-04-08 00:12:19,379 [INFO]  Saved checkpoint to "./imputer_model/24_credit/imputer_model_A6/model-0002.params"
2024-04-08 00:12:19,381 [INFO]  Epoch[2] Validation-cross-entropy=0.133654
2024-04-08 00:12:19,381 [INFO]  Epoch[2] Validation-A6-accuracy=0.000000
2024-04-08 00:12:19,407 [INFO]  Epoch[3] Batch [0-16]	Speed: 10449.84 samples/sec	cross-entropy=0.062012	A6-accuracy=0.000000
2024-04-08 00:12:19,418 [INFO]  Epoch[3] Train-cross-entropy=0.064797
2024-04-08 00:12:19,418 [INFO]  Epoch[3] Train-A6-accuracy=0.000000
2024-04-08 00:12:19,418 [INFO]  Epoch[3] Time cost=0.037
2024-04-08 00:12:19,423 [INFO]  Saved checkpoint to "./imputer_model/24_credit/imputer_model_A6/model-0003.params"
2024-04-08 00:12:19,428 [INFO]  Epoch[3] Validation-cross-entropy=0.081867
2024-04-08 00:12:19,428 [INFO]  Epoch[3] Validation-A6-accuracy=0.000000
2024-04-08 00:12:19,439 [INFO]  Epoch[4] Batch [0-16]	Speed: 26414.96 samples/sec	cross-entropy=0.041598	A6-accuracy=0.000000
2024-04-08 00:12:19,447 [INFO]  Epoch[4] Train-cross-entropy=0.051030
2024-04-08 00:12:19,447 [INFO]  Epoch[4] Train-A6-accuracy=0.000000
2024-04-08 00:12:19,447 [INFO]  Epoch[4] Time cost=0.019
2024-04-08 00:12:19,449 [INFO]  Saved checkpoint to "./imputer_model/24_credit/imputer_model_A6/model-0004.params"
2024-04-08 00:12:19,450 [INFO]  Epoch[4] Validation-cross-entropy=0.060004
2024-04-08 00:12:19,450 [INFO]  Epoch[4] Validation-A6-accuracy=0.000000
2024-04-08 00:12:19,450 [INFO]  
========== done (0.20003080368041992 s) fit model
2024-04-08 00:12:23,106 [INFO]  
========== start: fit model
2024-04-08 00:12:23,106 [WARNING]  Already bound, ignoring bind()
2024-04-08 00:12:23,122 [INFO]  Epoch[0] Batch [0-16]	Speed: 18864.05 samples/sec	cross-entropy=7.902016	A6-accuracy=2.588235
2024-04-08 00:12:23,133 [INFO]  Epoch[0] Train-cross-entropy=1.016879
2024-04-08 00:12:23,133 [INFO]  Epoch[0] Train-A6-accuracy=3.357143
2024-04-08 00:12:23,133 [INFO]  Epoch[0] Time cost=0.026
2024-04-08 00:12:23,134 [INFO]  Saved checkpoint to "./imputer_model/24_credit/imputer_model_A6/model-0000.params"
2024-04-08 00:12:23,136 [INFO]  Epoch[0] Validation-cross-entropy=0.804058
2024-04-08 00:12:23,136 [INFO]  Epoch[0] Validation-A6-accuracy=0.000000
2024-04-08 00:12:23,149 [INFO]  Epoch[1] Batch [0-16]	Speed: 21408.90 samples/sec	cross-entropy=0.396271	A6-accuracy=2.588235
2024-04-08 00:12:23,159 [INFO]  Epoch[1] Train-cross-entropy=0.158474
2024-04-08 00:12:23,160 [INFO]  Epoch[1] Train-A6-accuracy=3.357143
2024-04-08 00:12:23,160 [INFO]  Epoch[1] Time cost=0.024
2024-04-08 00:12:23,161 [INFO]  Saved checkpoint to "./imputer_model/24_credit/imputer_model_A6/model-0001.params"
2024-04-08 00:12:23,162 [INFO]  Epoch[1] Validation-cross-entropy=0.143044
2024-04-08 00:12:23,162 [INFO]  Epoch[1] Validation-A6-accuracy=0.000000
2024-04-08 00:12:23,176 [INFO]  Epoch[2] Batch [0-16]	Speed: 20716.21 samples/sec	cross-entropy=0.094916	A6-accuracy=2.588235
2024-04-08 00:12:23,186 [INFO]  Epoch[2] Train-cross-entropy=0.088214
2024-04-08 00:12:23,186 [INFO]  Epoch[2] Train-A6-accuracy=3.357143
2024-04-08 00:12:23,186 [INFO]  Epoch[2] Time cost=0.024
2024-04-08 00:12:23,188 [INFO]  Saved checkpoint to "./imputer_model/24_credit/imputer_model_A6/model-0002.params"
2024-04-08 00:12:23,189 [INFO]  Epoch[2] Validation-cross-entropy=0.080387
2024-04-08 00:12:23,189 [INFO]  Epoch[2] Validation-A6-accuracy=0.000000
2024-04-08 00:12:23,202 [INFO]  Epoch[3] Batch [0-16]	Speed: 21316.67 samples/sec	cross-entropy=0.060352	A6-accuracy=2.588235
2024-04-08 00:12:23,229 [INFO]  Epoch[3] Train-cross-entropy=0.071159
2024-04-08 00:12:23,229 [INFO]  Epoch[3] Train-A6-accuracy=3.357143
2024-04-08 00:12:23,229 [INFO]  Epoch[3] Time cost=0.040
2024-04-08 00:12:23,230 [INFO]  Saved checkpoint to "./imputer_model/24_credit/imputer_model_A6/model-0003.params"
2024-04-08 00:12:23,231 [INFO]  Epoch[3] Validation-cross-entropy=0.078072
2024-04-08 00:12:23,231 [INFO]  Epoch[3] Validation-A6-accuracy=0.000000
2024-04-08 00:12:23,252 [INFO]  Epoch[4] Batch [0-16]	Speed: 13097.93 samples/sec	cross-entropy=0.050387	A6-accuracy=2.588235
2024-04-08 00:12:23,262 [INFO]  Epoch[4] Train-cross-entropy=0.059771
2024-04-08 00:12:23,262 [INFO]  Epoch[4] Train-A6-accuracy=3.357143
2024-04-08 00:12:23,262 [INFO]  Epoch[4] Time cost=0.031
2024-04-08 00:12:23,264 [INFO]  Saved checkpoint to "./imputer_model/24_credit/imputer_model_A6/model-0004.params"
2024-04-08 00:12:23,265 [INFO]  Epoch[4] Validation-cross-entropy=0.072846
2024-04-08 00:12:23,265 [INFO]  Epoch[4] Validation-A6-accuracy=0.000000
2024-04-08 00:12:23,265 [INFO]  
========== done (0.15971159934997559 s) fit model
2024-04-08 00:12:27,056 [INFO]  
========== start: fit model
2024-04-08 00:12:27,057 [WARNING]  Already bound, ignoring bind()
2024-04-08 00:12:27,071 [INFO]  Epoch[0] Batch [0-16]	Speed: 21453.81 samples/sec	cross-entropy=7.983063	A6-accuracy=2.705882
2024-04-08 00:12:27,081 [INFO]  Epoch[0] Train-cross-entropy=1.190074
2024-04-08 00:12:27,081 [INFO]  Epoch[0] Train-A6-accuracy=2.928571
2024-04-08 00:12:27,081 [INFO]  Epoch[0] Time cost=0.023
2024-04-08 00:12:27,082 [INFO]  Saved checkpoint to "./imputer_model/24_credit/imputer_model_A6/model-0000.params"
2024-04-08 00:12:27,084 [INFO]  Epoch[0] Validation-cross-entropy=0.746133
2024-04-08 00:12:27,084 [INFO]  Epoch[0] Validation-A6-accuracy=0.000000
2024-04-08 00:12:27,095 [INFO]  Epoch[1] Batch [0-16]	Speed: 24200.82 samples/sec	cross-entropy=0.548399	A6-accuracy=2.705882
2024-04-08 00:12:27,105 [INFO]  Epoch[1] Train-cross-entropy=0.226323
2024-04-08 00:12:27,105 [INFO]  Epoch[1] Train-A6-accuracy=2.928571
2024-04-08 00:12:27,105 [INFO]  Epoch[1] Time cost=0.021
2024-04-08 00:12:27,106 [INFO]  Saved checkpoint to "./imputer_model/24_credit/imputer_model_A6/model-0001.params"
2024-04-08 00:12:27,108 [INFO]  Epoch[1] Validation-cross-entropy=0.192064
2024-04-08 00:12:27,108 [INFO]  Epoch[1] Validation-A6-accuracy=0.000000
2024-04-08 00:12:27,129 [INFO]  Epoch[2] Batch [0-16]	Speed: 12423.25 samples/sec	cross-entropy=0.130389	A6-accuracy=2.705882
2024-04-08 00:12:27,147 [INFO]  Epoch[2] Train-cross-entropy=0.102190
2024-04-08 00:12:27,147 [INFO]  Epoch[2] Train-A6-accuracy=2.928571
2024-04-08 00:12:27,147 [INFO]  Epoch[2] Time cost=0.039
2024-04-08 00:12:27,148 [INFO]  Saved checkpoint to "./imputer_model/24_credit/imputer_model_A6/model-0002.params"
2024-04-08 00:12:27,149 [INFO]  Epoch[2] Validation-cross-entropy=0.127249
2024-04-08 00:12:27,149 [INFO]  Epoch[2] Validation-A6-accuracy=0.000000
2024-04-08 00:12:27,159 [INFO]  Epoch[3] Batch [0-16]	Speed: 27924.21 samples/sec	cross-entropy=0.080433	A6-accuracy=2.705882
2024-04-08 00:12:27,170 [INFO]  Epoch[3] Train-cross-entropy=0.071722
2024-04-08 00:12:27,170 [INFO]  Epoch[3] Train-A6-accuracy=2.928571
2024-04-08 00:12:27,170 [INFO]  Epoch[3] Time cost=0.021
2024-04-08 00:12:27,172 [INFO]  Saved checkpoint to "./imputer_model/24_credit/imputer_model_A6/model-0003.params"
2024-04-08 00:12:27,174 [INFO]  Epoch[3] Validation-cross-entropy=0.106461
2024-04-08 00:12:27,174 [INFO]  Epoch[3] Validation-A6-accuracy=0.000000
2024-04-08 00:12:27,185 [INFO]  Epoch[4] Batch [0-16]	Speed: 25402.58 samples/sec	cross-entropy=0.060536	A6-accuracy=2.705882
2024-04-08 00:12:27,194 [INFO]  Epoch[4] Train-cross-entropy=0.055563
2024-04-08 00:12:27,194 [INFO]  Epoch[4] Train-A6-accuracy=2.928571
2024-04-08 00:12:27,194 [INFO]  Epoch[4] Time cost=0.020
2024-04-08 00:12:27,198 [INFO]  Saved checkpoint to "./imputer_model/24_credit/imputer_model_A6/model-0004.params"
2024-04-08 00:12:27,203 [INFO]  Epoch[4] Validation-cross-entropy=0.092864
2024-04-08 00:12:27,203 [INFO]  Epoch[4] Validation-A6-accuracy=0.000000
2024-04-08 00:12:27,203 [INFO]  
========== done (0.1469738483428955 s) fit model
2024-04-08 00:12:31,013 [INFO]  
========== start: fit model
2024-04-08 00:12:31,013 [WARNING]  Already bound, ignoring bind()
2024-04-08 00:12:31,030 [INFO]  Epoch[0] Batch [0-16]	Speed: 17156.26 samples/sec	cross-entropy=8.002449	A6-accuracy=0.000000
2024-04-08 00:12:31,050 [INFO]  Epoch[0] Train-cross-entropy=1.194265
2024-04-08 00:12:31,050 [INFO]  Epoch[0] Train-A6-accuracy=0.000000
2024-04-08 00:12:31,050 [INFO]  Epoch[0] Time cost=0.036
2024-04-08 00:12:31,052 [INFO]  Saved checkpoint to "./imputer_model/24_credit/imputer_model_A6/model-0000.params"
2024-04-08 00:12:31,054 [INFO]  Epoch[0] Validation-cross-entropy=1.624244
2024-04-08 00:12:31,054 [INFO]  Epoch[0] Validation-A6-accuracy=0.000000
2024-04-08 00:12:31,069 [INFO]  Epoch[1] Batch [0-16]	Speed: 17350.32 samples/sec	cross-entropy=0.667366	A6-accuracy=0.000000
2024-04-08 00:12:31,078 [INFO]  Epoch[1] Train-cross-entropy=0.310936
2024-04-08 00:12:31,078 [INFO]  Epoch[1] Train-A6-accuracy=0.000000
2024-04-08 00:12:31,078 [INFO]  Epoch[1] Time cost=0.025
2024-04-08 00:12:31,080 [INFO]  Saved checkpoint to "./imputer_model/24_credit/imputer_model_A6/model-0001.params"
2024-04-08 00:12:31,081 [INFO]  Epoch[1] Validation-cross-entropy=0.287294
2024-04-08 00:12:31,081 [INFO]  Epoch[1] Validation-A6-accuracy=0.000000
2024-04-08 00:12:31,091 [INFO]  Epoch[2] Batch [0-16]	Speed: 28400.61 samples/sec	cross-entropy=0.124380	A6-accuracy=0.000000
2024-04-08 00:12:31,099 [INFO]  Epoch[2] Train-cross-entropy=0.090273
2024-04-08 00:12:31,099 [INFO]  Epoch[2] Train-A6-accuracy=0.000000
2024-04-08 00:12:31,099 [INFO]  Epoch[2] Time cost=0.018
2024-04-08 00:12:31,101 [INFO]  Saved checkpoint to "./imputer_model/24_credit/imputer_model_A6/model-0002.params"
2024-04-08 00:12:31,102 [INFO]  Epoch[2] Validation-cross-entropy=0.125685
2024-04-08 00:12:31,102 [INFO]  Epoch[2] Validation-A6-accuracy=0.000000
2024-04-08 00:12:31,112 [INFO]  Epoch[3] Batch [0-16]	Speed: 28509.20 samples/sec	cross-entropy=0.065907	A6-accuracy=0.000000
2024-04-08 00:12:31,120 [INFO]  Epoch[3] Train-cross-entropy=0.060665
2024-04-08 00:12:31,120 [INFO]  Epoch[3] Train-A6-accuracy=0.000000
2024-04-08 00:12:31,120 [INFO]  Epoch[3] Time cost=0.018
2024-04-08 00:12:31,121 [INFO]  Saved checkpoint to "./imputer_model/24_credit/imputer_model_A6/model-0003.params"
2024-04-08 00:12:31,122 [INFO]  Epoch[3] Validation-cross-entropy=0.099479
2024-04-08 00:12:31,123 [INFO]  Epoch[3] Validation-A6-accuracy=0.000000
2024-04-08 00:12:31,132 [INFO]  Epoch[4] Batch [0-16]	Speed: 28026.99 samples/sec	cross-entropy=0.051406	A6-accuracy=0.000000
2024-04-08 00:12:31,140 [INFO]  Epoch[4] Train-cross-entropy=0.048465
2024-04-08 00:12:31,141 [INFO]  Epoch[4] Train-A6-accuracy=0.000000
2024-04-08 00:12:31,141 [INFO]  Epoch[4] Time cost=0.018
2024-04-08 00:12:31,142 [INFO]  Saved checkpoint to "./imputer_model/24_credit/imputer_model_A6/model-0004.params"
2024-04-08 00:12:31,143 [INFO]  Epoch[4] Validation-cross-entropy=0.084715
2024-04-08 00:12:31,143 [INFO]  Epoch[4] Validation-A6-accuracy=0.000000
2024-04-08 00:12:31,143 [INFO]  
========== done (0.13048696517944336 s) fit model
2024-04-08 00:12:34,612 [INFO]  
========== start: fit model
2024-04-08 00:12:34,612 [WARNING]  Already bound, ignoring bind()
2024-04-08 00:12:34,624 [INFO]  Epoch[0] Batch [0-16]	Speed: 27533.25 samples/sec	cross-entropy=12.896973	A6-accuracy=0.000000
2024-04-08 00:12:34,632 [INFO]  Epoch[0] Train-cross-entropy=1.368300
2024-04-08 00:12:34,632 [INFO]  Epoch[0] Train-A6-accuracy=0.000000
2024-04-08 00:12:34,632 [INFO]  Epoch[0] Time cost=0.019
2024-04-08 00:12:34,633 [INFO]  Saved checkpoint to "./imputer_model/24_credit/imputer_model_A6/model-0000.params"
2024-04-08 00:12:34,635 [INFO]  Epoch[0] Validation-cross-entropy=1.141729
2024-04-08 00:12:34,635 [INFO]  Epoch[0] Validation-A6-accuracy=0.000000
2024-04-08 00:12:34,644 [INFO]  Epoch[1] Batch [0-16]	Speed: 28975.41 samples/sec	cross-entropy=0.853719	A6-accuracy=0.000000
2024-04-08 00:12:34,652 [INFO]  Epoch[1] Train-cross-entropy=0.352101
2024-04-08 00:12:34,652 [INFO]  Epoch[1] Train-A6-accuracy=0.000000
2024-04-08 00:12:34,652 [INFO]  Epoch[1] Time cost=0.018
2024-04-08 00:12:34,654 [INFO]  Saved checkpoint to "./imputer_model/24_credit/imputer_model_A6/model-0001.params"
2024-04-08 00:12:34,655 [INFO]  Epoch[1] Validation-cross-entropy=0.404315
2024-04-08 00:12:34,655 [INFO]  Epoch[1] Validation-A6-accuracy=0.000000
2024-04-08 00:12:34,675 [INFO]  Epoch[2] Batch [0-16]	Speed: 13099.20 samples/sec	cross-entropy=0.208422	A6-accuracy=0.000000
2024-04-08 00:12:34,686 [INFO]  Epoch[2] Train-cross-entropy=0.142806
2024-04-08 00:12:34,686 [INFO]  Epoch[2] Train-A6-accuracy=0.000000
2024-04-08 00:12:34,686 [INFO]  Epoch[2] Time cost=0.031
2024-04-08 00:12:34,687 [INFO]  Saved checkpoint to "./imputer_model/24_credit/imputer_model_A6/model-0002.params"
2024-04-08 00:12:34,689 [INFO]  Epoch[2] Validation-cross-entropy=0.169673
2024-04-08 00:12:34,689 [INFO]  Epoch[2] Validation-A6-accuracy=0.000000
2024-04-08 00:12:34,698 [INFO]  Epoch[3] Batch [0-16]	Speed: 27956.93 samples/sec	cross-entropy=0.100013	A6-accuracy=0.000000
2024-04-08 00:12:34,713 [INFO]  Epoch[3] Train-cross-entropy=0.070508
2024-04-08 00:12:34,713 [INFO]  Epoch[3] Train-A6-accuracy=0.000000
2024-04-08 00:12:34,713 [INFO]  Epoch[3] Time cost=0.024
2024-04-08 00:12:34,715 [INFO]  Saved checkpoint to "./imputer_model/24_credit/imputer_model_A6/model-0003.params"
2024-04-08 00:12:34,716 [INFO]  Epoch[3] Validation-cross-entropy=0.092831
2024-04-08 00:12:34,716 [INFO]  Epoch[3] Validation-A6-accuracy=0.000000
2024-04-08 00:12:34,744 [INFO]  Epoch[4] Batch [0-16]	Speed: 9724.78 samples/sec	cross-entropy=0.067880	A6-accuracy=0.000000
2024-04-08 00:12:34,752 [INFO]  Epoch[4] Train-cross-entropy=0.048046
2024-04-08 00:12:34,752 [INFO]  Epoch[4] Train-A6-accuracy=0.000000
2024-04-08 00:12:34,752 [INFO]  Epoch[4] Time cost=0.036
2024-04-08 00:12:34,753 [INFO]  Saved checkpoint to "./imputer_model/24_credit/imputer_model_A6/model-0004.params"
2024-04-08 00:12:34,755 [INFO]  Epoch[4] Validation-cross-entropy=0.069118
2024-04-08 00:12:34,755 [INFO]  Epoch[4] Validation-A6-accuracy=0.000000
2024-04-08 00:12:34,755 [INFO]  
========== done (0.1423358917236328 s) fit model
2024-04-08 00:12:38,302 [INFO]  
========== start: fit model
2024-04-08 00:12:38,302 [WARNING]  Already bound, ignoring bind()
2024-04-08 00:12:38,317 [INFO]  Epoch[0] Batch [0-16]	Speed: 20773.12 samples/sec	cross-entropy=10.946686	A6-accuracy=0.000000
2024-04-08 00:12:38,328 [INFO]  Epoch[0] Train-cross-entropy=1.327858
2024-04-08 00:12:38,328 [INFO]  Epoch[0] Train-A6-accuracy=0.000000
2024-04-08 00:12:38,328 [INFO]  Epoch[0] Time cost=0.025
2024-04-08 00:12:38,330 [INFO]  Saved checkpoint to "./imputer_model/24_credit/imputer_model_A6/model-0000.params"
2024-04-08 00:12:38,331 [INFO]  Epoch[0] Validation-cross-entropy=1.420486
2024-04-08 00:12:38,332 [INFO]  Epoch[0] Validation-A6-accuracy=0.000000
2024-04-08 00:12:38,344 [INFO]  Epoch[1] Batch [0-16]	Speed: 21328.52 samples/sec	cross-entropy=0.604556	A6-accuracy=0.000000
2024-04-08 00:12:38,355 [INFO]  Epoch[1] Train-cross-entropy=0.267284
2024-04-08 00:12:38,355 [INFO]  Epoch[1] Train-A6-accuracy=0.000000
2024-04-08 00:12:38,355 [INFO]  Epoch[1] Time cost=0.024
2024-04-08 00:12:38,357 [INFO]  Saved checkpoint to "./imputer_model/24_credit/imputer_model_A6/model-0001.params"
2024-04-08 00:12:38,359 [INFO]  Epoch[1] Validation-cross-entropy=0.185504
2024-04-08 00:12:38,359 [INFO]  Epoch[1] Validation-A6-accuracy=0.000000
2024-04-08 00:12:38,371 [INFO]  Epoch[2] Batch [0-16]	Speed: 21625.35 samples/sec	cross-entropy=0.156725	A6-accuracy=0.000000
2024-04-08 00:12:38,383 [INFO]  Epoch[2] Train-cross-entropy=0.116712
2024-04-08 00:12:38,383 [INFO]  Epoch[2] Train-A6-accuracy=0.000000
2024-04-08 00:12:38,384 [INFO]  Epoch[2] Time cost=0.025
2024-04-08 00:12:38,385 [INFO]  Saved checkpoint to "./imputer_model/24_credit/imputer_model_A6/model-0002.params"
2024-04-08 00:12:38,387 [INFO]  Epoch[2] Validation-cross-entropy=0.098201
2024-04-08 00:12:38,387 [INFO]  Epoch[2] Validation-A6-accuracy=0.000000
2024-04-08 00:12:38,399 [INFO]  Epoch[3] Batch [0-16]	Speed: 21549.40 samples/sec	cross-entropy=0.086811	A6-accuracy=0.000000
2024-04-08 00:12:38,410 [INFO]  Epoch[3] Train-cross-entropy=0.083713
2024-04-08 00:12:38,411 [INFO]  Epoch[3] Train-A6-accuracy=0.000000
2024-04-08 00:12:38,411 [INFO]  Epoch[3] Time cost=0.024
2024-04-08 00:12:38,412 [INFO]  Saved checkpoint to "./imputer_model/24_credit/imputer_model_A6/model-0003.params"
2024-04-08 00:12:38,414 [INFO]  Epoch[3] Validation-cross-entropy=0.087787
2024-04-08 00:12:38,414 [INFO]  Epoch[3] Validation-A6-accuracy=0.000000
2024-04-08 00:12:38,427 [INFO]  Epoch[4] Batch [0-16]	Speed: 21517.01 samples/sec	cross-entropy=0.066288	A6-accuracy=0.000000
2024-04-08 00:12:38,438 [INFO]  Epoch[4] Train-cross-entropy=0.069806
2024-04-08 00:12:38,438 [INFO]  Epoch[4] Train-A6-accuracy=0.000000
2024-04-08 00:12:38,438 [INFO]  Epoch[4] Time cost=0.024
2024-04-08 00:12:38,440 [INFO]  Saved checkpoint to "./imputer_model/24_credit/imputer_model_A6/model-0004.params"
2024-04-08 00:12:38,441 [INFO]  Epoch[4] Validation-cross-entropy=0.073791
2024-04-08 00:12:38,441 [INFO]  Epoch[4] Validation-A6-accuracy=0.000000
2024-04-08 00:12:38,441 [INFO]  
========== done (0.13938331604003906 s) fit model
2024-04-08 00:12:42,569 [INFO]  
========== start: fit model
2024-04-08 00:12:42,569 [WARNING]  Already bound, ignoring bind()
2024-04-08 00:12:42,604 [INFO]  Epoch[0] Batch [0-16]	Speed: 7901.32 samples/sec	cross-entropy=8.843991	A6-accuracy=0.000000
2024-04-08 00:12:42,613 [INFO]  Epoch[0] Train-cross-entropy=0.991040
2024-04-08 00:12:42,613 [INFO]  Epoch[0] Train-A6-accuracy=0.000000
2024-04-08 00:12:42,613 [INFO]  Epoch[0] Time cost=0.043
2024-04-08 00:12:42,614 [INFO]  Saved checkpoint to "./imputer_model/24_credit/imputer_model_A6/model-0000.params"
2024-04-08 00:12:42,616 [INFO]  Epoch[0] Validation-cross-entropy=0.831513
2024-04-08 00:12:42,616 [INFO]  Epoch[0] Validation-A6-accuracy=0.000000
2024-04-08 00:12:42,625 [INFO]  Epoch[1] Batch [0-16]	Speed: 28168.15 samples/sec	cross-entropy=0.589762	A6-accuracy=0.000000
2024-04-08 00:12:42,635 [INFO]  Epoch[1] Train-cross-entropy=0.228224
2024-04-08 00:12:42,635 [INFO]  Epoch[1] Train-A6-accuracy=0.000000
2024-04-08 00:12:42,635 [INFO]  Epoch[1] Time cost=0.019
2024-04-08 00:12:42,636 [INFO]  Saved checkpoint to "./imputer_model/24_credit/imputer_model_A6/model-0001.params"
2024-04-08 00:12:42,647 [INFO]  Epoch[1] Validation-cross-entropy=0.272387
2024-04-08 00:12:42,647 [INFO]  Epoch[1] Validation-A6-accuracy=0.000000
2024-04-08 00:12:42,660 [INFO]  Epoch[2] Batch [0-16]	Speed: 21499.35 samples/sec	cross-entropy=0.151682	A6-accuracy=0.000000
2024-04-08 00:12:42,671 [INFO]  Epoch[2] Train-cross-entropy=0.096842
2024-04-08 00:12:42,671 [INFO]  Epoch[2] Train-A6-accuracy=0.000000
2024-04-08 00:12:42,671 [INFO]  Epoch[2] Time cost=0.024
2024-04-08 00:12:42,673 [INFO]  Saved checkpoint to "./imputer_model/24_credit/imputer_model_A6/model-0002.params"
2024-04-08 00:12:42,674 [INFO]  Epoch[2] Validation-cross-entropy=0.098297
2024-04-08 00:12:42,674 [INFO]  Epoch[2] Validation-A6-accuracy=0.000000
2024-04-08 00:12:42,687 [INFO]  Epoch[3] Batch [0-16]	Speed: 22002.91 samples/sec	cross-entropy=0.073125	A6-accuracy=0.000000
2024-04-08 00:12:42,707 [INFO]  Epoch[3] Train-cross-entropy=0.056105
2024-04-08 00:12:42,707 [INFO]  Epoch[3] Train-A6-accuracy=0.000000
2024-04-08 00:12:42,707 [INFO]  Epoch[3] Time cost=0.033
2024-04-08 00:12:42,709 [INFO]  Saved checkpoint to "./imputer_model/24_credit/imputer_model_A6/model-0003.params"
2024-04-08 00:12:42,711 [INFO]  Epoch[3] Validation-cross-entropy=0.066790
2024-04-08 00:12:42,711 [INFO]  Epoch[3] Validation-A6-accuracy=0.000000
2024-04-08 00:12:42,724 [INFO]  Epoch[4] Batch [0-16]	Speed: 22492.86 samples/sec	cross-entropy=0.046914	A6-accuracy=0.000000
2024-04-08 00:12:42,732 [INFO]  Epoch[4] Train-cross-entropy=0.044177
2024-04-08 00:12:42,733 [INFO]  Epoch[4] Train-A6-accuracy=0.000000
2024-04-08 00:12:42,733 [INFO]  Epoch[4] Time cost=0.021
2024-04-08 00:12:42,734 [INFO]  Saved checkpoint to "./imputer_model/24_credit/imputer_model_A6/model-0004.params"
2024-04-08 00:12:42,736 [INFO]  Epoch[4] Validation-cross-entropy=0.054968
2024-04-08 00:12:42,736 [INFO]  Epoch[4] Validation-A6-accuracy=0.000000
2024-04-08 00:12:42,736 [INFO]  
========== done (0.16707062721252441 s) fit model
2024-04-08 00:12:46,333 [INFO]  
========== start: fit model
2024-04-08 00:12:46,333 [WARNING]  Already bound, ignoring bind()
2024-04-08 00:12:46,345 [INFO]  Epoch[0] Batch [0-16]	Speed: 24653.12 samples/sec	cross-entropy=6.421958	A6-accuracy=2.882353
2024-04-08 00:12:46,354 [INFO]  Epoch[0] Train-cross-entropy=1.127931
2024-04-08 00:12:46,354 [INFO]  Epoch[0] Train-A6-accuracy=2.428571
2024-04-08 00:12:46,354 [INFO]  Epoch[0] Time cost=0.020
2024-04-08 00:12:46,355 [INFO]  Saved checkpoint to "./imputer_model/24_credit/imputer_model_A6/model-0000.params"
2024-04-08 00:12:46,356 [INFO]  Epoch[0] Validation-cross-entropy=0.764742
2024-04-08 00:12:46,356 [INFO]  Epoch[0] Validation-A6-accuracy=0.000000
2024-04-08 00:12:46,366 [INFO]  Epoch[1] Batch [0-16]	Speed: 28370.59 samples/sec	cross-entropy=0.456647	A6-accuracy=2.882353
2024-04-08 00:12:46,374 [INFO]  Epoch[1] Train-cross-entropy=0.247354
2024-04-08 00:12:46,374 [INFO]  Epoch[1] Train-A6-accuracy=2.428571
2024-04-08 00:12:46,374 [INFO]  Epoch[1] Time cost=0.018
2024-04-08 00:12:46,375 [INFO]  Saved checkpoint to "./imputer_model/24_credit/imputer_model_A6/model-0001.params"
2024-04-08 00:12:46,376 [INFO]  Epoch[1] Validation-cross-entropy=0.137049
2024-04-08 00:12:46,377 [INFO]  Epoch[1] Validation-A6-accuracy=0.000000
2024-04-08 00:12:46,386 [INFO]  Epoch[2] Batch [0-16]	Speed: 28854.72 samples/sec	cross-entropy=0.127722	A6-accuracy=2.882353
2024-04-08 00:12:46,394 [INFO]  Epoch[2] Train-cross-entropy=0.109969
2024-04-08 00:12:46,394 [INFO]  Epoch[2] Train-A6-accuracy=2.428571
2024-04-08 00:12:46,394 [INFO]  Epoch[2] Time cost=0.017
2024-04-08 00:12:46,395 [INFO]  Saved checkpoint to "./imputer_model/24_credit/imputer_model_A6/model-0002.params"
2024-04-08 00:12:46,396 [INFO]  Epoch[2] Validation-cross-entropy=0.103524
2024-04-08 00:12:46,396 [INFO]  Epoch[2] Validation-A6-accuracy=0.000000
2024-04-08 00:12:46,406 [INFO]  Epoch[3] Batch [0-16]	Speed: 29040.46 samples/sec	cross-entropy=0.073941	A6-accuracy=2.882353
2024-04-08 00:12:46,414 [INFO]  Epoch[3] Train-cross-entropy=0.066189
2024-04-08 00:12:46,414 [INFO]  Epoch[3] Train-A6-accuracy=2.428571
2024-04-08 00:12:46,414 [INFO]  Epoch[3] Time cost=0.018
2024-04-08 00:12:46,415 [INFO]  Saved checkpoint to "./imputer_model/24_credit/imputer_model_A6/model-0003.params"
2024-04-08 00:12:46,416 [INFO]  Epoch[3] Validation-cross-entropy=0.073868
2024-04-08 00:12:46,416 [INFO]  Epoch[3] Validation-A6-accuracy=0.000000
2024-04-08 00:12:46,426 [INFO]  Epoch[4] Batch [0-16]	Speed: 28412.63 samples/sec	cross-entropy=0.050069	A6-accuracy=2.882353
2024-04-08 00:12:46,434 [INFO]  Epoch[4] Train-cross-entropy=0.048303
2024-04-08 00:12:46,434 [INFO]  Epoch[4] Train-A6-accuracy=2.428571
2024-04-08 00:12:46,434 [INFO]  Epoch[4] Time cost=0.018
2024-04-08 00:12:46,435 [INFO]  Saved checkpoint to "./imputer_model/24_credit/imputer_model_A6/model-0004.params"
2024-04-08 00:12:46,436 [INFO]  Epoch[4] Validation-cross-entropy=0.060238
2024-04-08 00:12:46,436 [INFO]  Epoch[4] Validation-A6-accuracy=0.000000
2024-04-08 00:12:46,436 [INFO]  
========== done (0.10383796691894531 s) fit model
