2024-03-19 16:50:25,662 [INFO]  
========== start: fit model
2024-03-19 16:50:25,662 [WARNING]  Already bound, ignoring bind()
2024-03-19 16:50:25,761 [INFO]  Epoch[0] Batch [0-104]	Speed: 17908.37 samples/sec	cross-entropy=7.644535	char_freq_2-accuracy=3.133333
2024-03-19 16:50:25,842 [INFO]  Epoch[0] Train-cross-entropy=2.480140
2024-03-19 16:50:25,842 [INFO]  Epoch[0] Train-char_freq_2-accuracy=3.245098
2024-03-19 16:50:25,842 [INFO]  Epoch[0] Time cost=0.179
2024-03-19 16:50:25,843 [INFO]  Saved checkpoint to "./imputer_model/5_spambase/imputer_model_char_freq_2/model-0000.params"
2024-03-19 16:50:25,852 [INFO]  Epoch[0] Validation-cross-entropy=1.514276
2024-03-19 16:50:25,852 [INFO]  Epoch[0] Validation-char_freq_2-accuracy=0.000000
2024-03-19 16:50:25,918 [INFO]  Epoch[1] Batch [0-104]	Speed: 25685.62 samples/sec	cross-entropy=1.011571	char_freq_2-accuracy=3.133333
2024-03-19 16:50:25,976 [INFO]  Epoch[1] Train-cross-entropy=0.844268
2024-03-19 16:50:25,976 [INFO]  Epoch[1] Train-char_freq_2-accuracy=3.245098
2024-03-19 16:50:25,976 [INFO]  Epoch[1] Time cost=0.123
2024-03-19 16:50:25,977 [INFO]  Saved checkpoint to "./imputer_model/5_spambase/imputer_model_char_freq_2/model-0001.params"
2024-03-19 16:50:25,983 [INFO]  Epoch[1] Validation-cross-entropy=1.138592
2024-03-19 16:50:25,983 [INFO]  Epoch[1] Validation-char_freq_2-accuracy=0.000000
2024-03-19 16:50:26,042 [INFO]  Epoch[2] Batch [0-104]	Speed: 28695.27 samples/sec	cross-entropy=0.887023	char_freq_2-accuracy=3.133333
2024-03-19 16:50:26,099 [INFO]  Epoch[2] Train-cross-entropy=1.174862
2024-03-19 16:50:26,099 [INFO]  Epoch[2] Train-char_freq_2-accuracy=3.245098
2024-03-19 16:50:26,099 [INFO]  Epoch[2] Time cost=0.116
2024-03-19 16:50:26,100 [INFO]  Saved checkpoint to "./imputer_model/5_spambase/imputer_model_char_freq_2/model-0002.params"
2024-03-19 16:50:26,106 [INFO]  Epoch[2] Validation-cross-entropy=0.781549
2024-03-19 16:50:26,106 [INFO]  Epoch[2] Validation-char_freq_2-accuracy=0.000000
2024-03-19 16:50:26,165 [INFO]  Epoch[3] Batch [0-104]	Speed: 28720.43 samples/sec	cross-entropy=0.892034	char_freq_2-accuracy=3.133333
2024-03-19 16:50:26,222 [INFO]  Epoch[3] Train-cross-entropy=0.783524
2024-03-19 16:50:26,222 [INFO]  Epoch[3] Train-char_freq_2-accuracy=3.245098
2024-03-19 16:50:26,222 [INFO]  Epoch[3] Time cost=0.116
2024-03-19 16:50:26,223 [INFO]  Saved checkpoint to "./imputer_model/5_spambase/imputer_model_char_freq_2/model-0003.params"
2024-03-19 16:50:26,229 [INFO]  Epoch[3] Validation-cross-entropy=0.674940
2024-03-19 16:50:26,229 [INFO]  Epoch[3] Validation-char_freq_2-accuracy=0.000000
2024-03-19 16:50:26,288 [INFO]  Epoch[4] Batch [0-104]	Speed: 28601.43 samples/sec	cross-entropy=0.388948	char_freq_2-accuracy=3.133333
2024-03-19 16:50:26,345 [INFO]  Epoch[4] Train-cross-entropy=0.323318
2024-03-19 16:50:26,345 [INFO]  Epoch[4] Train-char_freq_2-accuracy=3.245098
2024-03-19 16:50:26,345 [INFO]  Epoch[4] Time cost=0.116
2024-03-19 16:50:26,347 [INFO]  Saved checkpoint to "./imputer_model/5_spambase/imputer_model_char_freq_2/model-0004.params"
2024-03-19 16:50:26,353 [INFO]  Epoch[4] Validation-cross-entropy=0.538580
2024-03-19 16:50:26,353 [INFO]  Epoch[4] Validation-char_freq_2-accuracy=0.000000
2024-03-19 16:50:26,353 [INFO]  
========== done (0.6910288333892822 s) fit model
2024-03-19 16:51:21,071 [INFO]  
========== start: fit model
2024-03-19 16:51:21,071 [WARNING]  Already bound, ignoring bind()
2024-03-19 16:51:21,145 [INFO]  Epoch[0] Batch [0-104]	Speed: 23342.45 samples/sec	cross-entropy=9.315332	char_freq_2-accuracy=0.000000
2024-03-19 16:51:21,202 [INFO]  Epoch[0] Train-cross-entropy=2.217235
2024-03-19 16:51:21,202 [INFO]  Epoch[0] Train-char_freq_2-accuracy=0.000000
2024-03-19 16:51:21,202 [INFO]  Epoch[0] Time cost=0.130
2024-03-19 16:51:21,204 [INFO]  Saved checkpoint to "./imputer_model/5_spambase/imputer_model_char_freq_2/model-0000.params"
2024-03-19 16:51:21,210 [INFO]  Epoch[0] Validation-cross-entropy=1.012596
2024-03-19 16:51:21,210 [INFO]  Epoch[0] Validation-char_freq_2-accuracy=0.000000
2024-03-19 16:51:21,300 [INFO]  Epoch[1] Batch [0-104]	Speed: 18496.65 samples/sec	cross-entropy=1.701618	char_freq_2-accuracy=0.000000
2024-03-19 16:51:21,390 [INFO]  Epoch[1] Train-cross-entropy=0.770741
2024-03-19 16:51:21,391 [INFO]  Epoch[1] Train-char_freq_2-accuracy=0.000000
2024-03-19 16:51:21,391 [INFO]  Epoch[1] Time cost=0.181
2024-03-19 16:51:21,393 [INFO]  Saved checkpoint to "./imputer_model/5_spambase/imputer_model_char_freq_2/model-0001.params"
2024-03-19 16:51:21,401 [INFO]  Epoch[1] Validation-cross-entropy=0.418027
2024-03-19 16:51:21,401 [INFO]  Epoch[1] Validation-char_freq_2-accuracy=0.000000
2024-03-19 16:51:21,466 [INFO]  Epoch[2] Batch [0-104]	Speed: 25954.12 samples/sec	cross-entropy=0.448321	char_freq_2-accuracy=0.000000
2024-03-19 16:51:21,524 [INFO]  Epoch[2] Train-cross-entropy=0.534844
2024-03-19 16:51:21,524 [INFO]  Epoch[2] Train-char_freq_2-accuracy=0.000000
2024-03-19 16:51:21,525 [INFO]  Epoch[2] Time cost=0.123
2024-03-19 16:51:21,526 [INFO]  Saved checkpoint to "./imputer_model/5_spambase/imputer_model_char_freq_2/model-0002.params"
2024-03-19 16:51:21,532 [INFO]  Epoch[2] Validation-cross-entropy=0.275410
2024-03-19 16:51:21,532 [INFO]  Epoch[2] Validation-char_freq_2-accuracy=0.000000
2024-03-19 16:51:21,592 [INFO]  Epoch[3] Batch [0-104]	Speed: 28139.14 samples/sec	cross-entropy=0.390875	char_freq_2-accuracy=0.000000
2024-03-19 16:51:21,650 [INFO]  Epoch[3] Train-cross-entropy=0.833328
2024-03-19 16:51:21,650 [INFO]  Epoch[3] Train-char_freq_2-accuracy=0.000000
2024-03-19 16:51:21,650 [INFO]  Epoch[3] Time cost=0.118
2024-03-19 16:51:21,651 [INFO]  Saved checkpoint to "./imputer_model/5_spambase/imputer_model_char_freq_2/model-0003.params"
2024-03-19 16:51:21,657 [INFO]  Epoch[3] Validation-cross-entropy=0.442047
2024-03-19 16:51:21,657 [INFO]  Epoch[3] Validation-char_freq_2-accuracy=0.000000
2024-03-19 16:51:21,716 [INFO]  Epoch[4] Batch [0-104]	Speed: 28408.30 samples/sec	cross-entropy=0.547284	char_freq_2-accuracy=0.000000
2024-03-19 16:51:21,775 [INFO]  Epoch[4] Train-cross-entropy=0.580442
2024-03-19 16:51:21,775 [INFO]  Epoch[4] Train-char_freq_2-accuracy=0.000000
2024-03-19 16:51:21,775 [INFO]  Epoch[4] Time cost=0.118
2024-03-19 16:51:21,777 [INFO]  Saved checkpoint to "./imputer_model/5_spambase/imputer_model_char_freq_2/model-0004.params"
2024-03-19 16:51:21,783 [INFO]  Epoch[4] Validation-cross-entropy=0.281367
2024-03-19 16:51:21,783 [INFO]  Epoch[4] Validation-char_freq_2-accuracy=0.000000
2024-03-19 16:51:21,783 [INFO]  
========== done (0.7119636535644531 s) fit model
2024-03-19 16:52:19,954 [INFO]  
========== start: fit model
2024-03-19 16:52:19,955 [WARNING]  Already bound, ignoring bind()
2024-03-19 16:52:20,034 [INFO]  Epoch[0] Batch [0-104]	Speed: 21539.52 samples/sec	cross-entropy=3.804055	char_freq_2-accuracy=0.000000
2024-03-19 16:52:20,093 [INFO]  Epoch[0] Train-cross-entropy=1.700806
2024-03-19 16:52:20,093 [INFO]  Epoch[0] Train-char_freq_2-accuracy=0.000000
2024-03-19 16:52:20,093 [INFO]  Epoch[0] Time cost=0.137
2024-03-19 16:52:20,094 [INFO]  Saved checkpoint to "./imputer_model/5_spambase/imputer_model_char_freq_2/model-0000.params"
2024-03-19 16:52:20,100 [INFO]  Epoch[0] Validation-cross-entropy=2.723704
2024-03-19 16:52:20,100 [INFO]  Epoch[0] Validation-char_freq_2-accuracy=0.000000
2024-03-19 16:52:20,160 [INFO]  Epoch[1] Batch [0-104]	Speed: 28051.82 samples/sec	cross-entropy=0.556991	char_freq_2-accuracy=0.000000
2024-03-19 16:52:20,218 [INFO]  Epoch[1] Train-cross-entropy=1.293949
2024-03-19 16:52:20,218 [INFO]  Epoch[1] Train-char_freq_2-accuracy=0.000000
2024-03-19 16:52:20,218 [INFO]  Epoch[1] Time cost=0.118
2024-03-19 16:52:20,219 [INFO]  Saved checkpoint to "./imputer_model/5_spambase/imputer_model_char_freq_2/model-0001.params"
2024-03-19 16:52:20,225 [INFO]  Epoch[1] Validation-cross-entropy=0.894187
2024-03-19 16:52:20,225 [INFO]  Epoch[1] Validation-char_freq_2-accuracy=0.000000
2024-03-19 16:52:20,285 [INFO]  Epoch[2] Batch [0-104]	Speed: 28179.13 samples/sec	cross-entropy=0.360374	char_freq_2-accuracy=0.000000
2024-03-19 16:52:20,343 [INFO]  Epoch[2] Train-cross-entropy=0.543834
2024-03-19 16:52:20,343 [INFO]  Epoch[2] Train-char_freq_2-accuracy=0.000000
2024-03-19 16:52:20,343 [INFO]  Epoch[2] Time cost=0.118
2024-03-19 16:52:20,344 [INFO]  Saved checkpoint to "./imputer_model/5_spambase/imputer_model_char_freq_2/model-0002.params"
2024-03-19 16:52:20,350 [INFO]  Epoch[2] Validation-cross-entropy=0.461804
2024-03-19 16:52:20,350 [INFO]  Epoch[2] Validation-char_freq_2-accuracy=0.000000
2024-03-19 16:52:20,410 [INFO]  Epoch[3] Batch [0-104]	Speed: 28208.74 samples/sec	cross-entropy=0.282628	char_freq_2-accuracy=0.000000
2024-03-19 16:52:20,468 [INFO]  Epoch[3] Train-cross-entropy=0.361151
2024-03-19 16:52:20,468 [INFO]  Epoch[3] Train-char_freq_2-accuracy=0.000000
2024-03-19 16:52:20,468 [INFO]  Epoch[3] Time cost=0.118
2024-03-19 16:52:20,469 [INFO]  Saved checkpoint to "./imputer_model/5_spambase/imputer_model_char_freq_2/model-0003.params"
2024-03-19 16:52:20,475 [INFO]  Epoch[3] Validation-cross-entropy=0.304053
2024-03-19 16:52:20,475 [INFO]  Epoch[3] Validation-char_freq_2-accuracy=0.000000
2024-03-19 16:52:20,535 [INFO]  Epoch[4] Batch [0-104]	Speed: 28167.98 samples/sec	cross-entropy=0.143401	char_freq_2-accuracy=0.000000
2024-03-19 16:52:20,593 [INFO]  Epoch[4] Train-cross-entropy=0.152439
2024-03-19 16:52:20,593 [INFO]  Epoch[4] Train-char_freq_2-accuracy=0.000000
2024-03-19 16:52:20,593 [INFO]  Epoch[4] Time cost=0.118
2024-03-19 16:52:20,594 [INFO]  Saved checkpoint to "./imputer_model/5_spambase/imputer_model_char_freq_2/model-0004.params"
2024-03-19 16:52:20,600 [INFO]  Epoch[4] Validation-cross-entropy=0.112771
2024-03-19 16:52:20,600 [INFO]  Epoch[4] Validation-char_freq_2-accuracy=0.000000
2024-03-19 16:52:20,600 [INFO]  
========== done (0.6458272933959961 s) fit model
2024-03-19 16:53:17,318 [INFO]  
========== start: fit model
2024-03-19 16:53:17,318 [WARNING]  Already bound, ignoring bind()
2024-03-19 16:53:17,398 [INFO]  Epoch[0] Batch [0-104]	Speed: 21898.93 samples/sec	cross-entropy=7.450818	char_freq_2-accuracy=3.161905
2024-03-19 16:53:17,469 [INFO]  Epoch[0] Train-cross-entropy=1.351477
2024-03-19 16:53:17,469 [INFO]  Epoch[0] Train-char_freq_2-accuracy=3.058824
2024-03-19 16:53:17,469 [INFO]  Epoch[0] Time cost=0.150
2024-03-19 16:53:17,472 [INFO]  Saved checkpoint to "./imputer_model/5_spambase/imputer_model_char_freq_2/model-0000.params"
2024-03-19 16:53:17,481 [INFO]  Epoch[0] Validation-cross-entropy=3.512575
2024-03-19 16:53:17,482 [INFO]  Epoch[0] Validation-char_freq_2-accuracy=0.000000
2024-03-19 16:53:17,566 [INFO]  Epoch[1] Batch [0-104]	Speed: 19982.43 samples/sec	cross-entropy=1.248802	char_freq_2-accuracy=3.161905
2024-03-19 16:53:17,635 [INFO]  Epoch[1] Train-cross-entropy=0.810074
2024-03-19 16:53:17,636 [INFO]  Epoch[1] Train-char_freq_2-accuracy=3.058824
2024-03-19 16:53:17,636 [INFO]  Epoch[1] Time cost=0.154
2024-03-19 16:53:17,637 [INFO]  Saved checkpoint to "./imputer_model/5_spambase/imputer_model_char_freq_2/model-0001.params"
2024-03-19 16:53:17,643 [INFO]  Epoch[1] Validation-cross-entropy=3.359950
2024-03-19 16:53:17,643 [INFO]  Epoch[1] Validation-char_freq_2-accuracy=0.000000
2024-03-19 16:53:17,703 [INFO]  Epoch[2] Batch [0-104]	Speed: 28000.39 samples/sec	cross-entropy=0.819567	char_freq_2-accuracy=3.161905
2024-03-19 16:53:17,761 [INFO]  Epoch[2] Train-cross-entropy=0.899372
2024-03-19 16:53:17,761 [INFO]  Epoch[2] Train-char_freq_2-accuracy=3.058824
2024-03-19 16:53:17,761 [INFO]  Epoch[2] Time cost=0.118
2024-03-19 16:53:17,763 [INFO]  Saved checkpoint to "./imputer_model/5_spambase/imputer_model_char_freq_2/model-0002.params"
2024-03-19 16:53:17,768 [INFO]  Epoch[2] Validation-cross-entropy=0.804735
2024-03-19 16:53:17,768 [INFO]  Epoch[2] Validation-char_freq_2-accuracy=0.000000
2024-03-19 16:53:17,828 [INFO]  Epoch[3] Batch [0-104]	Speed: 28295.31 samples/sec	cross-entropy=0.487789	char_freq_2-accuracy=3.161905
2024-03-19 16:53:17,886 [INFO]  Epoch[3] Train-cross-entropy=0.602268
2024-03-19 16:53:17,886 [INFO]  Epoch[3] Train-char_freq_2-accuracy=3.058824
2024-03-19 16:53:17,886 [INFO]  Epoch[3] Time cost=0.118
2024-03-19 16:53:17,887 [INFO]  Saved checkpoint to "./imputer_model/5_spambase/imputer_model_char_freq_2/model-0003.params"
2024-03-19 16:53:17,893 [INFO]  Epoch[3] Validation-cross-entropy=1.124231
2024-03-19 16:53:17,893 [INFO]  Epoch[3] Validation-char_freq_2-accuracy=0.000000
2024-03-19 16:53:17,953 [INFO]  Epoch[4] Batch [0-104]	Speed: 28101.41 samples/sec	cross-entropy=0.520205	char_freq_2-accuracy=3.161905
2024-03-19 16:53:18,010 [INFO]  Epoch[4] Train-cross-entropy=0.458192
2024-03-19 16:53:18,010 [INFO]  Epoch[4] Train-char_freq_2-accuracy=3.058824
2024-03-19 16:53:18,010 [INFO]  Epoch[4] Time cost=0.118
2024-03-19 16:53:18,012 [INFO]  Saved checkpoint to "./imputer_model/5_spambase/imputer_model_char_freq_2/model-0004.params"
2024-03-19 16:53:18,017 [INFO]  Epoch[4] Validation-cross-entropy=0.378492
2024-03-19 16:53:18,017 [INFO]  Epoch[4] Validation-char_freq_2-accuracy=0.000000
2024-03-19 16:53:18,017 [INFO]  
========== done (0.6991336345672607 s) fit model
2024-03-19 16:54:15,385 [INFO]  
========== start: fit model
2024-03-19 16:54:15,385 [WARNING]  Already bound, ignoring bind()
2024-03-19 16:54:15,451 [INFO]  Epoch[0] Batch [0-104]	Speed: 26230.16 samples/sec	cross-entropy=8.210553	char_freq_2-accuracy=3.123810
2024-03-19 16:54:15,510 [INFO]  Epoch[0] Train-cross-entropy=1.741527
2024-03-19 16:54:15,510 [INFO]  Epoch[0] Train-char_freq_2-accuracy=3.205882
2024-03-19 16:54:15,510 [INFO]  Epoch[0] Time cost=0.124
2024-03-19 16:54:15,511 [INFO]  Saved checkpoint to "./imputer_model/5_spambase/imputer_model_char_freq_2/model-0000.params"
2024-03-19 16:54:15,517 [INFO]  Epoch[0] Validation-cross-entropy=1.864712
2024-03-19 16:54:15,517 [INFO]  Epoch[0] Validation-char_freq_2-accuracy=0.000000
2024-03-19 16:54:15,577 [INFO]  Epoch[1] Batch [0-104]	Speed: 27818.70 samples/sec	cross-entropy=2.884707	char_freq_2-accuracy=3.123810
2024-03-19 16:54:15,636 [INFO]  Epoch[1] Train-cross-entropy=1.808663
2024-03-19 16:54:15,636 [INFO]  Epoch[1] Train-char_freq_2-accuracy=3.205882
2024-03-19 16:54:15,636 [INFO]  Epoch[1] Time cost=0.119
2024-03-19 16:54:15,637 [INFO]  Saved checkpoint to "./imputer_model/5_spambase/imputer_model_char_freq_2/model-0001.params"
2024-03-19 16:54:15,643 [INFO]  Epoch[1] Validation-cross-entropy=2.209061
2024-03-19 16:54:15,643 [INFO]  Epoch[1] Validation-char_freq_2-accuracy=0.000000
2024-03-19 16:54:15,703 [INFO]  Epoch[2] Batch [0-104]	Speed: 27979.07 samples/sec	cross-entropy=1.603853	char_freq_2-accuracy=3.123810
2024-03-19 16:54:15,763 [INFO]  Epoch[2] Train-cross-entropy=0.846348
2024-03-19 16:54:15,763 [INFO]  Epoch[2] Train-char_freq_2-accuracy=3.205882
2024-03-19 16:54:15,763 [INFO]  Epoch[2] Time cost=0.119
2024-03-19 16:54:15,764 [INFO]  Saved checkpoint to "./imputer_model/5_spambase/imputer_model_char_freq_2/model-0002.params"
2024-03-19 16:54:15,770 [INFO]  Epoch[2] Validation-cross-entropy=0.497813
2024-03-19 16:54:15,770 [INFO]  Epoch[2] Validation-char_freq_2-accuracy=0.000000
2024-03-19 16:54:15,830 [INFO]  Epoch[3] Batch [0-104]	Speed: 27950.72 samples/sec	cross-entropy=0.726609	char_freq_2-accuracy=3.123810
2024-03-19 16:54:15,889 [INFO]  Epoch[3] Train-cross-entropy=0.895325
2024-03-19 16:54:15,889 [INFO]  Epoch[3] Train-char_freq_2-accuracy=3.205882
2024-03-19 16:54:15,889 [INFO]  Epoch[3] Time cost=0.119
2024-03-19 16:54:15,890 [INFO]  Saved checkpoint to "./imputer_model/5_spambase/imputer_model_char_freq_2/model-0003.params"
2024-03-19 16:54:15,896 [INFO]  Epoch[3] Validation-cross-entropy=0.806429
2024-03-19 16:54:15,896 [INFO]  Epoch[3] Validation-char_freq_2-accuracy=0.000000
2024-03-19 16:54:15,956 [INFO]  Epoch[4] Batch [0-104]	Speed: 27843.78 samples/sec	cross-entropy=0.719243	char_freq_2-accuracy=3.123810
2024-03-19 16:54:16,015 [INFO]  Epoch[4] Train-cross-entropy=0.430584
2024-03-19 16:54:16,015 [INFO]  Epoch[4] Train-char_freq_2-accuracy=3.205882
2024-03-19 16:54:16,015 [INFO]  Epoch[4] Time cost=0.119
2024-03-19 16:54:16,016 [INFO]  Saved checkpoint to "./imputer_model/5_spambase/imputer_model_char_freq_2/model-0004.params"
2024-03-19 16:54:16,022 [INFO]  Epoch[4] Validation-cross-entropy=0.421676
2024-03-19 16:54:16,022 [INFO]  Epoch[4] Validation-char_freq_2-accuracy=0.000000
2024-03-19 16:54:16,022 [INFO]  
========== done (0.6370413303375244 s) fit model
2024-03-19 16:55:14,493 [INFO]  
========== start: fit model
2024-03-19 16:55:14,493 [WARNING]  Already bound, ignoring bind()
2024-03-19 16:55:14,555 [INFO]  Epoch[0] Batch [0-104]	Speed: 27805.51 samples/sec	cross-entropy=4.845837	char_freq_2-accuracy=2.971429
2024-03-19 16:55:14,614 [INFO]  Epoch[0] Train-cross-entropy=0.831824
2024-03-19 16:55:14,614 [INFO]  Epoch[0] Train-char_freq_2-accuracy=3.431373
2024-03-19 16:55:14,614 [INFO]  Epoch[0] Time cost=0.120
2024-03-19 16:55:14,615 [INFO]  Saved checkpoint to "./imputer_model/5_spambase/imputer_model_char_freq_2/model-0000.params"
2024-03-19 16:55:14,621 [INFO]  Epoch[0] Validation-cross-entropy=1.417863
2024-03-19 16:55:14,621 [INFO]  Epoch[0] Validation-char_freq_2-accuracy=0.000000
2024-03-19 16:55:14,681 [INFO]  Epoch[1] Batch [0-104]	Speed: 28007.13 samples/sec	cross-entropy=1.476974	char_freq_2-accuracy=2.971429
2024-03-19 16:55:14,739 [INFO]  Epoch[1] Train-cross-entropy=0.876509
2024-03-19 16:55:14,739 [INFO]  Epoch[1] Train-char_freq_2-accuracy=3.431373
2024-03-19 16:55:14,739 [INFO]  Epoch[1] Time cost=0.119
2024-03-19 16:55:14,741 [INFO]  Saved checkpoint to "./imputer_model/5_spambase/imputer_model_char_freq_2/model-0001.params"
2024-03-19 16:55:14,746 [INFO]  Epoch[1] Validation-cross-entropy=0.584006
2024-03-19 16:55:14,746 [INFO]  Epoch[1] Validation-char_freq_2-accuracy=0.000000
2024-03-19 16:55:14,807 [INFO]  Epoch[2] Batch [0-104]	Speed: 27930.25 samples/sec	cross-entropy=0.790616	char_freq_2-accuracy=2.971429
2024-03-19 16:55:14,865 [INFO]  Epoch[2] Train-cross-entropy=0.633438
2024-03-19 16:55:14,865 [INFO]  Epoch[2] Train-char_freq_2-accuracy=3.431373
2024-03-19 16:55:14,865 [INFO]  Epoch[2] Time cost=0.119
2024-03-19 16:55:14,866 [INFO]  Saved checkpoint to "./imputer_model/5_spambase/imputer_model_char_freq_2/model-0002.params"
2024-03-19 16:55:14,872 [INFO]  Epoch[2] Validation-cross-entropy=0.385826
2024-03-19 16:55:14,872 [INFO]  Epoch[2] Validation-char_freq_2-accuracy=0.000000
2024-03-19 16:55:14,932 [INFO]  Epoch[3] Batch [0-104]	Speed: 28056.79 samples/sec	cross-entropy=0.333070	char_freq_2-accuracy=2.971429
2024-03-19 16:55:14,990 [INFO]  Epoch[3] Train-cross-entropy=0.384830
2024-03-19 16:55:14,990 [INFO]  Epoch[3] Train-char_freq_2-accuracy=3.431373
2024-03-19 16:55:14,990 [INFO]  Epoch[3] Time cost=0.118
2024-03-19 16:55:14,992 [INFO]  Saved checkpoint to "./imputer_model/5_spambase/imputer_model_char_freq_2/model-0003.params"
2024-03-19 16:55:14,997 [INFO]  Epoch[3] Validation-cross-entropy=0.448979
2024-03-19 16:55:14,997 [INFO]  Epoch[3] Validation-char_freq_2-accuracy=0.000000
2024-03-19 16:55:15,057 [INFO]  Epoch[4] Batch [0-104]	Speed: 28077.89 samples/sec	cross-entropy=0.306104	char_freq_2-accuracy=2.971429
2024-03-19 16:55:15,115 [INFO]  Epoch[4] Train-cross-entropy=0.250987
2024-03-19 16:55:15,115 [INFO]  Epoch[4] Train-char_freq_2-accuracy=3.431373
2024-03-19 16:55:15,115 [INFO]  Epoch[4] Time cost=0.118
2024-03-19 16:55:15,117 [INFO]  Saved checkpoint to "./imputer_model/5_spambase/imputer_model_char_freq_2/model-0004.params"
2024-03-19 16:55:15,122 [INFO]  Epoch[4] Validation-cross-entropy=0.334986
2024-03-19 16:55:15,122 [INFO]  Epoch[4] Validation-char_freq_2-accuracy=0.000000
2024-03-19 16:55:15,122 [INFO]  
========== done (0.6291186809539795 s) fit model
2024-03-19 16:56:13,272 [INFO]  
========== start: fit model
2024-03-19 16:56:13,272 [WARNING]  Already bound, ignoring bind()
2024-03-19 16:56:13,355 [INFO]  Epoch[0] Batch [0-104]	Speed: 20529.05 samples/sec	cross-entropy=6.341294	char_freq_2-accuracy=0.000000
2024-03-19 16:56:13,415 [INFO]  Epoch[0] Train-cross-entropy=1.600203
2024-03-19 16:56:13,415 [INFO]  Epoch[0] Train-char_freq_2-accuracy=0.000000
2024-03-19 16:56:13,415 [INFO]  Epoch[0] Time cost=0.142
2024-03-19 16:56:13,417 [INFO]  Saved checkpoint to "./imputer_model/5_spambase/imputer_model_char_freq_2/model-0000.params"
2024-03-19 16:56:13,423 [INFO]  Epoch[0] Validation-cross-entropy=2.007084
2024-03-19 16:56:13,423 [INFO]  Epoch[0] Validation-char_freq_2-accuracy=0.000000
2024-03-19 16:56:13,488 [INFO]  Epoch[1] Batch [0-104]	Speed: 26226.42 samples/sec	cross-entropy=0.896397	char_freq_2-accuracy=0.000000
2024-03-19 16:56:13,546 [INFO]  Epoch[1] Train-cross-entropy=0.908704
2024-03-19 16:56:13,546 [INFO]  Epoch[1] Train-char_freq_2-accuracy=0.000000
2024-03-19 16:56:13,546 [INFO]  Epoch[1] Time cost=0.122
2024-03-19 16:56:13,547 [INFO]  Saved checkpoint to "./imputer_model/5_spambase/imputer_model_char_freq_2/model-0001.params"
2024-03-19 16:56:13,553 [INFO]  Epoch[1] Validation-cross-entropy=1.559924
2024-03-19 16:56:13,553 [INFO]  Epoch[1] Validation-char_freq_2-accuracy=0.000000
2024-03-19 16:56:13,613 [INFO]  Epoch[2] Batch [0-104]	Speed: 28221.17 samples/sec	cross-entropy=0.674262	char_freq_2-accuracy=0.000000
2024-03-19 16:56:13,671 [INFO]  Epoch[2] Train-cross-entropy=0.847030
2024-03-19 16:56:13,671 [INFO]  Epoch[2] Train-char_freq_2-accuracy=0.000000
2024-03-19 16:56:13,671 [INFO]  Epoch[2] Time cost=0.118
2024-03-19 16:56:13,672 [INFO]  Saved checkpoint to "./imputer_model/5_spambase/imputer_model_char_freq_2/model-0002.params"
2024-03-19 16:56:13,678 [INFO]  Epoch[2] Validation-cross-entropy=1.486102
2024-03-19 16:56:13,678 [INFO]  Epoch[2] Validation-char_freq_2-accuracy=0.000000
2024-03-19 16:56:13,737 [INFO]  Epoch[3] Batch [0-104]	Speed: 28324.60 samples/sec	cross-entropy=0.642713	char_freq_2-accuracy=0.000000
2024-03-19 16:56:13,795 [INFO]  Epoch[3] Train-cross-entropy=0.752742
2024-03-19 16:56:13,795 [INFO]  Epoch[3] Train-char_freq_2-accuracy=0.000000
2024-03-19 16:56:13,795 [INFO]  Epoch[3] Time cost=0.118
2024-03-19 16:56:13,797 [INFO]  Saved checkpoint to "./imputer_model/5_spambase/imputer_model_char_freq_2/model-0003.params"
2024-03-19 16:56:13,802 [INFO]  Epoch[3] Validation-cross-entropy=2.558220
2024-03-19 16:56:13,802 [INFO]  Epoch[3] Validation-char_freq_2-accuracy=0.000000
2024-03-19 16:56:13,863 [INFO]  Epoch[4] Batch [0-104]	Speed: 27942.44 samples/sec	cross-entropy=0.519821	char_freq_2-accuracy=0.000000
2024-03-19 16:56:13,921 [INFO]  Epoch[4] Train-cross-entropy=0.479151
2024-03-19 16:56:13,921 [INFO]  Epoch[4] Train-char_freq_2-accuracy=0.000000
2024-03-19 16:56:13,921 [INFO]  Epoch[4] Time cost=0.118
2024-03-19 16:56:13,922 [INFO]  Saved checkpoint to "./imputer_model/5_spambase/imputer_model_char_freq_2/model-0004.params"
2024-03-19 16:56:13,928 [INFO]  Epoch[4] Validation-cross-entropy=1.028252
2024-03-19 16:56:13,928 [INFO]  Epoch[4] Validation-char_freq_2-accuracy=0.000000
2024-03-19 16:56:13,928 [INFO]  
========== done (0.6560232639312744 s) fit model
2024-03-19 16:57:12,187 [INFO]  
========== start: fit model
2024-03-19 16:57:12,187 [WARNING]  Already bound, ignoring bind()
2024-03-19 16:57:12,253 [INFO]  Epoch[0] Batch [0-104]	Speed: 26089.07 samples/sec	cross-entropy=5.708590	char_freq_2-accuracy=3.200000
2024-03-19 16:57:12,311 [INFO]  Epoch[0] Train-cross-entropy=2.183958
2024-03-19 16:57:12,312 [INFO]  Epoch[0] Train-char_freq_2-accuracy=3.029412
2024-03-19 16:57:12,312 [INFO]  Epoch[0] Time cost=0.123
2024-03-19 16:57:12,313 [INFO]  Saved checkpoint to "./imputer_model/5_spambase/imputer_model_char_freq_2/model-0000.params"
2024-03-19 16:57:12,318 [INFO]  Epoch[0] Validation-cross-entropy=3.382726
2024-03-19 16:57:12,318 [INFO]  Epoch[0] Validation-char_freq_2-accuracy=0.000000
2024-03-19 16:57:12,378 [INFO]  Epoch[1] Batch [0-104]	Speed: 28035.82 samples/sec	cross-entropy=0.868107	char_freq_2-accuracy=3.200000
2024-03-19 16:57:12,436 [INFO]  Epoch[1] Train-cross-entropy=0.828396
2024-03-19 16:57:12,436 [INFO]  Epoch[1] Train-char_freq_2-accuracy=3.029412
2024-03-19 16:57:12,436 [INFO]  Epoch[1] Time cost=0.118
2024-03-19 16:57:12,438 [INFO]  Saved checkpoint to "./imputer_model/5_spambase/imputer_model_char_freq_2/model-0001.params"
2024-03-19 16:57:12,443 [INFO]  Epoch[1] Validation-cross-entropy=1.793342
2024-03-19 16:57:12,443 [INFO]  Epoch[1] Validation-char_freq_2-accuracy=0.000000
2024-03-19 16:57:12,503 [INFO]  Epoch[2] Batch [0-104]	Speed: 28119.52 samples/sec	cross-entropy=0.526019	char_freq_2-accuracy=3.200000
2024-03-19 16:57:12,561 [INFO]  Epoch[2] Train-cross-entropy=0.549441
2024-03-19 16:57:12,561 [INFO]  Epoch[2] Train-char_freq_2-accuracy=3.029412
2024-03-19 16:57:12,561 [INFO]  Epoch[2] Time cost=0.118
2024-03-19 16:57:12,563 [INFO]  Saved checkpoint to "./imputer_model/5_spambase/imputer_model_char_freq_2/model-0002.params"
2024-03-19 16:57:12,568 [INFO]  Epoch[2] Validation-cross-entropy=0.701849
2024-03-19 16:57:12,568 [INFO]  Epoch[2] Validation-char_freq_2-accuracy=0.000000
2024-03-19 16:57:12,629 [INFO]  Epoch[3] Batch [0-104]	Speed: 27654.57 samples/sec	cross-entropy=0.240619	char_freq_2-accuracy=3.200000
2024-03-19 16:57:12,687 [INFO]  Epoch[3] Train-cross-entropy=0.338194
2024-03-19 16:57:12,688 [INFO]  Epoch[3] Train-char_freq_2-accuracy=3.029412
2024-03-19 16:57:12,688 [INFO]  Epoch[3] Time cost=0.119
2024-03-19 16:57:12,689 [INFO]  Saved checkpoint to "./imputer_model/5_spambase/imputer_model_char_freq_2/model-0003.params"
2024-03-19 16:57:12,694 [INFO]  Epoch[3] Validation-cross-entropy=1.642637
2024-03-19 16:57:12,694 [INFO]  Epoch[3] Validation-char_freq_2-accuracy=0.000000
2024-03-19 16:57:12,754 [INFO]  Epoch[4] Batch [0-104]	Speed: 28160.37 samples/sec	cross-entropy=0.391308	char_freq_2-accuracy=3.200000
2024-03-19 16:57:12,812 [INFO]  Epoch[4] Train-cross-entropy=0.392719
2024-03-19 16:57:12,812 [INFO]  Epoch[4] Train-char_freq_2-accuracy=3.029412
2024-03-19 16:57:12,812 [INFO]  Epoch[4] Time cost=0.118
2024-03-19 16:57:12,813 [INFO]  Saved checkpoint to "./imputer_model/5_spambase/imputer_model_char_freq_2/model-0004.params"
2024-03-19 16:57:12,819 [INFO]  Epoch[4] Validation-cross-entropy=0.292955
2024-03-19 16:57:12,819 [INFO]  Epoch[4] Validation-char_freq_2-accuracy=0.000000
2024-03-19 16:57:12,819 [INFO]  
========== done (0.6318857669830322 s) fit model
2024-03-19 16:58:10,358 [INFO]  
========== start: fit model
2024-03-19 16:58:10,358 [WARNING]  Already bound, ignoring bind()
2024-03-19 16:58:10,444 [INFO]  Epoch[0] Batch [0-104]	Speed: 19809.44 samples/sec	cross-entropy=4.945141	char_freq_2-accuracy=0.000000
2024-03-19 16:58:10,527 [INFO]  Epoch[0] Train-cross-entropy=1.564084
2024-03-19 16:58:10,527 [INFO]  Epoch[0] Train-char_freq_2-accuracy=0.000000
2024-03-19 16:58:10,527 [INFO]  Epoch[0] Time cost=0.168
2024-03-19 16:58:10,531 [INFO]  Saved checkpoint to "./imputer_model/5_spambase/imputer_model_char_freq_2/model-0000.params"
2024-03-19 16:58:10,543 [INFO]  Epoch[0] Validation-cross-entropy=1.067268
2024-03-19 16:58:10,543 [INFO]  Epoch[0] Validation-char_freq_2-accuracy=0.000000
2024-03-19 16:58:10,610 [INFO]  Epoch[1] Batch [0-104]	Speed: 25472.44 samples/sec	cross-entropy=0.594731	char_freq_2-accuracy=0.000000
2024-03-19 16:58:10,669 [INFO]  Epoch[1] Train-cross-entropy=0.613928
2024-03-19 16:58:10,669 [INFO]  Epoch[1] Train-char_freq_2-accuracy=0.000000
2024-03-19 16:58:10,669 [INFO]  Epoch[1] Time cost=0.126
2024-03-19 16:58:10,670 [INFO]  Saved checkpoint to "./imputer_model/5_spambase/imputer_model_char_freq_2/model-0001.params"
2024-03-19 16:58:10,678 [INFO]  Epoch[1] Validation-cross-entropy=0.616893
2024-03-19 16:58:10,678 [INFO]  Epoch[1] Validation-char_freq_2-accuracy=0.000000
2024-03-19 16:58:10,766 [INFO]  Epoch[2] Batch [0-104]	Speed: 19048.42 samples/sec	cross-entropy=0.341362	char_freq_2-accuracy=0.000000
2024-03-19 16:58:10,852 [INFO]  Epoch[2] Train-cross-entropy=0.277205
2024-03-19 16:58:10,852 [INFO]  Epoch[2] Train-char_freq_2-accuracy=0.000000
2024-03-19 16:58:10,852 [INFO]  Epoch[2] Time cost=0.175
2024-03-19 16:58:10,854 [INFO]  Saved checkpoint to "./imputer_model/5_spambase/imputer_model_char_freq_2/model-0002.params"
2024-03-19 16:58:10,861 [INFO]  Epoch[2] Validation-cross-entropy=0.508214
2024-03-19 16:58:10,861 [INFO]  Epoch[2] Validation-char_freq_2-accuracy=0.000000
2024-03-19 16:58:10,950 [INFO]  Epoch[3] Batch [0-104]	Speed: 18894.34 samples/sec	cross-entropy=0.251815	char_freq_2-accuracy=0.000000
2024-03-19 16:58:11,037 [INFO]  Epoch[3] Train-cross-entropy=0.257111
2024-03-19 16:58:11,037 [INFO]  Epoch[3] Train-char_freq_2-accuracy=0.000000
2024-03-19 16:58:11,037 [INFO]  Epoch[3] Time cost=0.176
2024-03-19 16:58:11,039 [INFO]  Saved checkpoint to "./imputer_model/5_spambase/imputer_model_char_freq_2/model-0003.params"
2024-03-19 16:58:11,046 [INFO]  Epoch[3] Validation-cross-entropy=0.490765
2024-03-19 16:58:11,046 [INFO]  Epoch[3] Validation-char_freq_2-accuracy=0.000000
2024-03-19 16:58:11,135 [INFO]  Epoch[4] Batch [0-104]	Speed: 19004.54 samples/sec	cross-entropy=0.406104	char_freq_2-accuracy=0.000000
2024-03-19 16:58:11,221 [INFO]  Epoch[4] Train-cross-entropy=0.385846
2024-03-19 16:58:11,221 [INFO]  Epoch[4] Train-char_freq_2-accuracy=0.000000
2024-03-19 16:58:11,221 [INFO]  Epoch[4] Time cost=0.175
2024-03-19 16:58:11,223 [INFO]  Saved checkpoint to "./imputer_model/5_spambase/imputer_model_char_freq_2/model-0004.params"
2024-03-19 16:58:11,230 [INFO]  Epoch[4] Validation-cross-entropy=0.261450
2024-03-19 16:58:11,230 [INFO]  Epoch[4] Validation-char_freq_2-accuracy=0.000000
2024-03-19 16:58:11,230 [INFO]  
========== done (0.872382402420044 s) fit model
2024-03-19 16:59:08,541 [INFO]  
========== start: fit model
2024-03-19 16:59:08,541 [WARNING]  Already bound, ignoring bind()
2024-03-19 16:59:08,604 [INFO]  Epoch[0] Batch [0-104]	Speed: 27397.50 samples/sec	cross-entropy=6.101456	char_freq_2-accuracy=0.000000
2024-03-19 16:59:08,662 [INFO]  Epoch[0] Train-cross-entropy=1.085415
2024-03-19 16:59:08,662 [INFO]  Epoch[0] Train-char_freq_2-accuracy=0.000000
2024-03-19 16:59:08,662 [INFO]  Epoch[0] Time cost=0.120
2024-03-19 16:59:08,664 [INFO]  Saved checkpoint to "./imputer_model/5_spambase/imputer_model_char_freq_2/model-0000.params"
2024-03-19 16:59:08,669 [INFO]  Epoch[0] Validation-cross-entropy=0.860172
2024-03-19 16:59:08,669 [INFO]  Epoch[0] Validation-char_freq_2-accuracy=0.000000
2024-03-19 16:59:08,729 [INFO]  Epoch[1] Batch [0-104]	Speed: 28086.37 samples/sec	cross-entropy=1.038039	char_freq_2-accuracy=0.000000
2024-03-19 16:59:08,787 [INFO]  Epoch[1] Train-cross-entropy=0.966748
2024-03-19 16:59:08,788 [INFO]  Epoch[1] Train-char_freq_2-accuracy=0.000000
2024-03-19 16:59:08,788 [INFO]  Epoch[1] Time cost=0.118
2024-03-19 16:59:08,789 [INFO]  Saved checkpoint to "./imputer_model/5_spambase/imputer_model_char_freq_2/model-0001.params"
2024-03-19 16:59:08,795 [INFO]  Epoch[1] Validation-cross-entropy=0.965581
2024-03-19 16:59:08,795 [INFO]  Epoch[1] Validation-char_freq_2-accuracy=0.000000
2024-03-19 16:59:08,854 [INFO]  Epoch[2] Batch [0-104]	Speed: 28337.48 samples/sec	cross-entropy=0.850125	char_freq_2-accuracy=0.000000
2024-03-19 16:59:08,912 [INFO]  Epoch[2] Train-cross-entropy=0.497865
2024-03-19 16:59:08,912 [INFO]  Epoch[2] Train-char_freq_2-accuracy=0.000000
2024-03-19 16:59:08,912 [INFO]  Epoch[2] Time cost=0.118
2024-03-19 16:59:08,914 [INFO]  Saved checkpoint to "./imputer_model/5_spambase/imputer_model_char_freq_2/model-0002.params"
2024-03-19 16:59:08,919 [INFO]  Epoch[2] Validation-cross-entropy=0.783820
2024-03-19 16:59:08,919 [INFO]  Epoch[2] Validation-char_freq_2-accuracy=0.000000
2024-03-19 16:59:08,979 [INFO]  Epoch[3] Batch [0-104]	Speed: 28290.84 samples/sec	cross-entropy=1.135786	char_freq_2-accuracy=0.000000
2024-03-19 16:59:09,038 [INFO]  Epoch[3] Train-cross-entropy=0.348050
2024-03-19 16:59:09,038 [INFO]  Epoch[3] Train-char_freq_2-accuracy=0.000000
2024-03-19 16:59:09,038 [INFO]  Epoch[3] Time cost=0.118
2024-03-19 16:59:09,039 [INFO]  Saved checkpoint to "./imputer_model/5_spambase/imputer_model_char_freq_2/model-0003.params"
2024-03-19 16:59:09,045 [INFO]  Epoch[3] Validation-cross-entropy=0.863932
2024-03-19 16:59:09,045 [INFO]  Epoch[3] Validation-char_freq_2-accuracy=0.000000
2024-03-19 16:59:09,105 [INFO]  Epoch[4] Batch [0-104]	Speed: 27934.27 samples/sec	cross-entropy=0.499997	char_freq_2-accuracy=0.000000
2024-03-19 16:59:09,171 [INFO]  Epoch[4] Train-cross-entropy=0.175425
2024-03-19 16:59:09,171 [INFO]  Epoch[4] Train-char_freq_2-accuracy=0.000000
2024-03-19 16:59:09,171 [INFO]  Epoch[4] Time cost=0.126
2024-03-19 16:59:09,173 [INFO]  Saved checkpoint to "./imputer_model/5_spambase/imputer_model_char_freq_2/model-0004.params"
2024-03-19 16:59:09,178 [INFO]  Epoch[4] Validation-cross-entropy=0.281955
2024-03-19 16:59:09,178 [INFO]  Epoch[4] Validation-char_freq_2-accuracy=0.000000
2024-03-19 16:59:09,178 [INFO]  
========== done (0.6371867656707764 s) fit model
2024-03-19 17:00:06,308 [INFO]  
========== start: fit model
2024-03-19 17:00:06,308 [WARNING]  Already bound, ignoring bind()
2024-03-19 17:00:06,376 [INFO]  Epoch[0] Batch [0-104]	Speed: 25406.14 samples/sec	cross-entropy=4.287186	char_freq_2-accuracy=0.000000
2024-03-19 17:00:06,435 [INFO]  Epoch[0] Train-cross-entropy=1.530913
2024-03-19 17:00:06,435 [INFO]  Epoch[0] Train-char_freq_2-accuracy=0.000000
2024-03-19 17:00:06,435 [INFO]  Epoch[0] Time cost=0.126
2024-03-19 17:00:06,436 [INFO]  Saved checkpoint to "./imputer_model/5_spambase/imputer_model_char_freq_2/model-0000.params"
2024-03-19 17:00:06,442 [INFO]  Epoch[0] Validation-cross-entropy=1.262208
2024-03-19 17:00:06,442 [INFO]  Epoch[0] Validation-char_freq_2-accuracy=0.000000
2024-03-19 17:00:06,503 [INFO]  Epoch[1] Batch [0-104]	Speed: 27800.30 samples/sec	cross-entropy=0.945064	char_freq_2-accuracy=0.000000
2024-03-19 17:00:06,562 [INFO]  Epoch[1] Train-cross-entropy=1.012721
2024-03-19 17:00:06,562 [INFO]  Epoch[1] Train-char_freq_2-accuracy=0.000000
2024-03-19 17:00:06,562 [INFO]  Epoch[1] Time cost=0.119
2024-03-19 17:00:06,563 [INFO]  Saved checkpoint to "./imputer_model/5_spambase/imputer_model_char_freq_2/model-0001.params"
2024-03-19 17:00:06,569 [INFO]  Epoch[1] Validation-cross-entropy=0.779604
2024-03-19 17:00:06,569 [INFO]  Epoch[1] Validation-char_freq_2-accuracy=0.000000
2024-03-19 17:00:06,629 [INFO]  Epoch[2] Batch [0-104]	Speed: 27933.15 samples/sec	cross-entropy=1.008795	char_freq_2-accuracy=0.000000
2024-03-19 17:00:06,688 [INFO]  Epoch[2] Train-cross-entropy=0.631150
2024-03-19 17:00:06,688 [INFO]  Epoch[2] Train-char_freq_2-accuracy=0.000000
2024-03-19 17:00:06,688 [INFO]  Epoch[2] Time cost=0.119
2024-03-19 17:00:06,689 [INFO]  Saved checkpoint to "./imputer_model/5_spambase/imputer_model_char_freq_2/model-0002.params"
2024-03-19 17:00:06,695 [INFO]  Epoch[2] Validation-cross-entropy=0.569086
2024-03-19 17:00:06,695 [INFO]  Epoch[2] Validation-char_freq_2-accuracy=0.000000
2024-03-19 17:00:06,755 [INFO]  Epoch[3] Batch [0-104]	Speed: 27934.05 samples/sec	cross-entropy=0.437143	char_freq_2-accuracy=0.000000
2024-03-19 17:00:06,815 [INFO]  Epoch[3] Train-cross-entropy=0.452551
2024-03-19 17:00:06,815 [INFO]  Epoch[3] Train-char_freq_2-accuracy=0.000000
2024-03-19 17:00:06,815 [INFO]  Epoch[3] Time cost=0.120
2024-03-19 17:00:06,816 [INFO]  Saved checkpoint to "./imputer_model/5_spambase/imputer_model_char_freq_2/model-0003.params"
2024-03-19 17:00:06,822 [INFO]  Epoch[3] Validation-cross-entropy=1.524169
2024-03-19 17:00:06,822 [INFO]  Epoch[3] Validation-char_freq_2-accuracy=0.000000
2024-03-19 17:00:06,882 [INFO]  Epoch[4] Batch [0-104]	Speed: 27919.30 samples/sec	cross-entropy=0.299232	char_freq_2-accuracy=0.000000
2024-03-19 17:00:06,941 [INFO]  Epoch[4] Train-cross-entropy=0.436431
2024-03-19 17:00:06,941 [INFO]  Epoch[4] Train-char_freq_2-accuracy=0.000000
2024-03-19 17:00:06,941 [INFO]  Epoch[4] Time cost=0.119
2024-03-19 17:00:06,942 [INFO]  Saved checkpoint to "./imputer_model/5_spambase/imputer_model_char_freq_2/model-0004.params"
2024-03-19 17:00:06,948 [INFO]  Epoch[4] Validation-cross-entropy=0.770982
2024-03-19 17:00:06,948 [INFO]  Epoch[4] Validation-char_freq_2-accuracy=0.000000
2024-03-19 17:00:06,948 [INFO]  
========== done (0.6402161121368408 s) fit model
2024-03-19 17:01:05,137 [INFO]  
========== start: fit model
2024-03-19 17:01:05,137 [WARNING]  Already bound, ignoring bind()
2024-03-19 17:01:05,219 [INFO]  Epoch[0] Batch [0-104]	Speed: 20968.18 samples/sec	cross-entropy=7.847271	char_freq_2-accuracy=0.000000
2024-03-19 17:01:05,278 [INFO]  Epoch[0] Train-cross-entropy=3.408148
2024-03-19 17:01:05,278 [INFO]  Epoch[0] Train-char_freq_2-accuracy=0.000000
2024-03-19 17:01:05,278 [INFO]  Epoch[0] Time cost=0.139
2024-03-19 17:01:05,279 [INFO]  Saved checkpoint to "./imputer_model/5_spambase/imputer_model_char_freq_2/model-0000.params"
2024-03-19 17:01:05,285 [INFO]  Epoch[0] Validation-cross-entropy=3.753457
2024-03-19 17:01:05,285 [INFO]  Epoch[0] Validation-char_freq_2-accuracy=0.000000
2024-03-19 17:01:05,345 [INFO]  Epoch[1] Batch [0-104]	Speed: 28023.55 samples/sec	cross-entropy=1.572267	char_freq_2-accuracy=0.000000
2024-03-19 17:01:05,404 [INFO]  Epoch[1] Train-cross-entropy=0.925799
2024-03-19 17:01:05,404 [INFO]  Epoch[1] Train-char_freq_2-accuracy=0.000000
2024-03-19 17:01:05,404 [INFO]  Epoch[1] Time cost=0.118
2024-03-19 17:01:05,405 [INFO]  Saved checkpoint to "./imputer_model/5_spambase/imputer_model_char_freq_2/model-0001.params"
2024-03-19 17:01:05,411 [INFO]  Epoch[1] Validation-cross-entropy=1.107634
2024-03-19 17:01:05,411 [INFO]  Epoch[1] Validation-char_freq_2-accuracy=0.000000
2024-03-19 17:01:05,471 [INFO]  Epoch[2] Batch [0-104]	Speed: 28079.93 samples/sec	cross-entropy=0.458655	char_freq_2-accuracy=0.000000
2024-03-19 17:01:05,530 [INFO]  Epoch[2] Train-cross-entropy=0.344006
2024-03-19 17:01:05,530 [INFO]  Epoch[2] Train-char_freq_2-accuracy=0.000000
2024-03-19 17:01:05,530 [INFO]  Epoch[2] Time cost=0.118
2024-03-19 17:01:05,531 [INFO]  Saved checkpoint to "./imputer_model/5_spambase/imputer_model_char_freq_2/model-0002.params"
2024-03-19 17:01:05,537 [INFO]  Epoch[2] Validation-cross-entropy=0.499846
2024-03-19 17:01:05,537 [INFO]  Epoch[2] Validation-char_freq_2-accuracy=0.000000
2024-03-19 17:01:05,597 [INFO]  Epoch[3] Batch [0-104]	Speed: 28147.99 samples/sec	cross-entropy=0.416643	char_freq_2-accuracy=0.000000
2024-03-19 17:01:05,655 [INFO]  Epoch[3] Train-cross-entropy=0.468590
2024-03-19 17:01:05,655 [INFO]  Epoch[3] Train-char_freq_2-accuracy=0.000000
2024-03-19 17:01:05,655 [INFO]  Epoch[3] Time cost=0.118
2024-03-19 17:01:05,656 [INFO]  Saved checkpoint to "./imputer_model/5_spambase/imputer_model_char_freq_2/model-0003.params"
2024-03-19 17:01:05,662 [INFO]  Epoch[3] Validation-cross-entropy=2.009846
2024-03-19 17:01:05,663 [INFO]  Epoch[3] Validation-char_freq_2-accuracy=0.000000
2024-03-19 17:01:05,723 [INFO]  Epoch[4] Batch [0-104]	Speed: 27755.64 samples/sec	cross-entropy=0.359546	char_freq_2-accuracy=0.000000
2024-03-19 17:01:05,781 [INFO]  Epoch[4] Train-cross-entropy=0.686559
2024-03-19 17:01:05,781 [INFO]  Epoch[4] Train-char_freq_2-accuracy=0.000000
2024-03-19 17:01:05,781 [INFO]  Epoch[4] Time cost=0.119
2024-03-19 17:01:05,783 [INFO]  Saved checkpoint to "./imputer_model/5_spambase/imputer_model_char_freq_2/model-0004.params"
2024-03-19 17:01:05,789 [INFO]  Epoch[4] Validation-cross-entropy=3.066635
2024-03-19 17:01:05,789 [INFO]  Epoch[4] Validation-char_freq_2-accuracy=0.000000
2024-03-19 17:01:05,789 [INFO]  
========== done (0.6515674591064453 s) fit model
2024-03-19 17:02:02,581 [INFO]  
========== start: fit model
2024-03-19 17:02:02,581 [WARNING]  Already bound, ignoring bind()
2024-03-19 17:02:02,663 [INFO]  Epoch[0] Batch [0-104]	Speed: 22067.40 samples/sec	cross-entropy=11.991864	char_freq_2-accuracy=3.076190
2024-03-19 17:02:02,724 [INFO]  Epoch[0] Train-cross-entropy=1.868000
2024-03-19 17:02:02,724 [INFO]  Epoch[0] Train-char_freq_2-accuracy=3.362745
2024-03-19 17:02:02,724 [INFO]  Epoch[0] Time cost=0.142
2024-03-19 17:02:02,726 [INFO]  Saved checkpoint to "./imputer_model/5_spambase/imputer_model_char_freq_2/model-0000.params"
2024-03-19 17:02:02,732 [INFO]  Epoch[0] Validation-cross-entropy=2.276969
2024-03-19 17:02:02,733 [INFO]  Epoch[0] Validation-char_freq_2-accuracy=0.000000
2024-03-19 17:02:02,797 [INFO]  Epoch[1] Batch [0-104]	Speed: 26023.80 samples/sec	cross-entropy=2.933770	char_freq_2-accuracy=3.076190
2024-03-19 17:02:02,856 [INFO]  Epoch[1] Train-cross-entropy=1.790311
2024-03-19 17:02:02,856 [INFO]  Epoch[1] Train-char_freq_2-accuracy=3.362745
2024-03-19 17:02:02,856 [INFO]  Epoch[1] Time cost=0.123
2024-03-19 17:02:02,857 [INFO]  Saved checkpoint to "./imputer_model/5_spambase/imputer_model_char_freq_2/model-0001.params"
2024-03-19 17:02:02,863 [INFO]  Epoch[1] Validation-cross-entropy=1.790674
2024-03-19 17:02:02,864 [INFO]  Epoch[1] Validation-char_freq_2-accuracy=0.000000
2024-03-19 17:02:02,928 [INFO]  Epoch[2] Batch [0-104]	Speed: 26313.73 samples/sec	cross-entropy=1.304768	char_freq_2-accuracy=3.076190
2024-03-19 17:02:02,986 [INFO]  Epoch[2] Train-cross-entropy=0.984948
2024-03-19 17:02:02,986 [INFO]  Epoch[2] Train-char_freq_2-accuracy=3.362745
2024-03-19 17:02:02,987 [INFO]  Epoch[2] Time cost=0.123
2024-03-19 17:02:02,988 [INFO]  Saved checkpoint to "./imputer_model/5_spambase/imputer_model_char_freq_2/model-0002.params"
2024-03-19 17:02:02,994 [INFO]  Epoch[2] Validation-cross-entropy=0.934919
2024-03-19 17:02:02,994 [INFO]  Epoch[2] Validation-char_freq_2-accuracy=0.000000
2024-03-19 17:02:03,054 [INFO]  Epoch[3] Batch [0-104]	Speed: 27997.70 samples/sec	cross-entropy=0.923060	char_freq_2-accuracy=3.076190
2024-03-19 17:02:03,112 [INFO]  Epoch[3] Train-cross-entropy=0.887710
2024-03-19 17:02:03,112 [INFO]  Epoch[3] Train-char_freq_2-accuracy=3.362745
2024-03-19 17:02:03,112 [INFO]  Epoch[3] Time cost=0.119
2024-03-19 17:02:03,114 [INFO]  Saved checkpoint to "./imputer_model/5_spambase/imputer_model_char_freq_2/model-0003.params"
2024-03-19 17:02:03,119 [INFO]  Epoch[3] Validation-cross-entropy=0.672786
2024-03-19 17:02:03,119 [INFO]  Epoch[3] Validation-char_freq_2-accuracy=0.000000
2024-03-19 17:02:03,181 [INFO]  Epoch[4] Batch [0-104]	Speed: 27446.52 samples/sec	cross-entropy=0.371459	char_freq_2-accuracy=3.076190
2024-03-19 17:02:03,239 [INFO]  Epoch[4] Train-cross-entropy=0.620950
2024-03-19 17:02:03,239 [INFO]  Epoch[4] Train-char_freq_2-accuracy=3.362745
2024-03-19 17:02:03,239 [INFO]  Epoch[4] Time cost=0.120
2024-03-19 17:02:03,240 [INFO]  Saved checkpoint to "./imputer_model/5_spambase/imputer_model_char_freq_2/model-0004.params"
2024-03-19 17:02:03,246 [INFO]  Epoch[4] Validation-cross-entropy=0.828932
2024-03-19 17:02:03,246 [INFO]  Epoch[4] Validation-char_freq_2-accuracy=0.000000
2024-03-19 17:02:03,246 [INFO]  
========== done (0.6652255058288574 s) fit model
2024-03-19 17:03:00,519 [INFO]  
========== start: fit model
2024-03-19 17:03:00,520 [WARNING]  Already bound, ignoring bind()
2024-03-19 17:03:00,585 [INFO]  Epoch[0] Batch [0-104]	Speed: 26431.62 samples/sec	cross-entropy=4.232584	char_freq_2-accuracy=3.304762
2024-03-19 17:03:00,643 [INFO]  Epoch[0] Train-cross-entropy=2.017153
2024-03-19 17:03:00,643 [INFO]  Epoch[0] Train-char_freq_2-accuracy=3.078431
2024-03-19 17:03:00,643 [INFO]  Epoch[0] Time cost=0.122
2024-03-19 17:03:00,644 [INFO]  Saved checkpoint to "./imputer_model/5_spambase/imputer_model_char_freq_2/model-0000.params"
2024-03-19 17:03:00,650 [INFO]  Epoch[0] Validation-cross-entropy=0.925072
2024-03-19 17:03:00,650 [INFO]  Epoch[0] Validation-char_freq_2-accuracy=0.000000
2024-03-19 17:03:00,711 [INFO]  Epoch[1] Batch [0-104]	Speed: 27816.70 samples/sec	cross-entropy=1.703210	char_freq_2-accuracy=3.304762
2024-03-19 17:03:00,768 [INFO]  Epoch[1] Train-cross-entropy=1.180836
2024-03-19 17:03:00,768 [INFO]  Epoch[1] Train-char_freq_2-accuracy=3.078431
2024-03-19 17:03:00,769 [INFO]  Epoch[1] Time cost=0.118
2024-03-19 17:03:00,770 [INFO]  Saved checkpoint to "./imputer_model/5_spambase/imputer_model_char_freq_2/model-0001.params"
2024-03-19 17:03:00,776 [INFO]  Epoch[1] Validation-cross-entropy=1.272245
2024-03-19 17:03:00,776 [INFO]  Epoch[1] Validation-char_freq_2-accuracy=0.000000
2024-03-19 17:03:00,835 [INFO]  Epoch[2] Batch [0-104]	Speed: 28348.87 samples/sec	cross-entropy=0.717885	char_freq_2-accuracy=3.304762
2024-03-19 17:03:00,893 [INFO]  Epoch[2] Train-cross-entropy=0.532467
2024-03-19 17:03:00,893 [INFO]  Epoch[2] Train-char_freq_2-accuracy=3.078431
2024-03-19 17:03:00,893 [INFO]  Epoch[2] Time cost=0.117
2024-03-19 17:03:00,895 [INFO]  Saved checkpoint to "./imputer_model/5_spambase/imputer_model_char_freq_2/model-0002.params"
2024-03-19 17:03:00,900 [INFO]  Epoch[2] Validation-cross-entropy=0.238252
2024-03-19 17:03:00,900 [INFO]  Epoch[2] Validation-char_freq_2-accuracy=0.000000
2024-03-19 17:03:00,960 [INFO]  Epoch[3] Batch [0-104]	Speed: 28275.94 samples/sec	cross-entropy=0.476792	char_freq_2-accuracy=3.304762
2024-03-19 17:03:01,018 [INFO]  Epoch[3] Train-cross-entropy=0.221170
2024-03-19 17:03:01,018 [INFO]  Epoch[3] Train-char_freq_2-accuracy=3.078431
2024-03-19 17:03:01,018 [INFO]  Epoch[3] Time cost=0.117
2024-03-19 17:03:01,019 [INFO]  Saved checkpoint to "./imputer_model/5_spambase/imputer_model_char_freq_2/model-0003.params"
2024-03-19 17:03:01,025 [INFO]  Epoch[3] Validation-cross-entropy=0.277877
2024-03-19 17:03:01,025 [INFO]  Epoch[3] Validation-char_freq_2-accuracy=0.000000
2024-03-19 17:03:01,085 [INFO]  Epoch[4] Batch [0-104]	Speed: 28234.64 samples/sec	cross-entropy=0.408210	char_freq_2-accuracy=3.304762
2024-03-19 17:03:01,142 [INFO]  Epoch[4] Train-cross-entropy=0.317416
2024-03-19 17:03:01,143 [INFO]  Epoch[4] Train-char_freq_2-accuracy=3.078431
2024-03-19 17:03:01,143 [INFO]  Epoch[4] Time cost=0.117
2024-03-19 17:03:01,144 [INFO]  Saved checkpoint to "./imputer_model/5_spambase/imputer_model_char_freq_2/model-0004.params"
2024-03-19 17:03:01,150 [INFO]  Epoch[4] Validation-cross-entropy=0.141675
2024-03-19 17:03:01,150 [INFO]  Epoch[4] Validation-char_freq_2-accuracy=0.000000
2024-03-19 17:03:01,150 [INFO]  
========== done (0.6303763389587402 s) fit model
2024-03-19 17:03:59,534 [INFO]  
========== start: fit model
2024-03-19 17:03:59,534 [WARNING]  Already bound, ignoring bind()
2024-03-19 17:03:59,625 [INFO]  Epoch[0] Batch [0-104]	Speed: 18766.01 samples/sec	cross-entropy=3.145646	char_freq_2-accuracy=0.000000
2024-03-19 17:03:59,712 [INFO]  Epoch[0] Train-cross-entropy=1.050192
2024-03-19 17:03:59,712 [INFO]  Epoch[0] Train-char_freq_2-accuracy=0.000000
2024-03-19 17:03:59,712 [INFO]  Epoch[0] Time cost=0.177
2024-03-19 17:03:59,713 [INFO]  Saved checkpoint to "./imputer_model/5_spambase/imputer_model_char_freq_2/model-0000.params"
2024-03-19 17:03:59,721 [INFO]  Epoch[0] Validation-cross-entropy=2.149304
2024-03-19 17:03:59,721 [INFO]  Epoch[0] Validation-char_freq_2-accuracy=0.000000
2024-03-19 17:03:59,800 [INFO]  Epoch[1] Batch [0-104]	Speed: 21243.58 samples/sec	cross-entropy=1.618023	char_freq_2-accuracy=0.000000
2024-03-19 17:03:59,887 [INFO]  Epoch[1] Train-cross-entropy=0.633014
2024-03-19 17:03:59,887 [INFO]  Epoch[1] Train-char_freq_2-accuracy=0.000000
2024-03-19 17:03:59,887 [INFO]  Epoch[1] Time cost=0.166
2024-03-19 17:03:59,889 [INFO]  Saved checkpoint to "./imputer_model/5_spambase/imputer_model_char_freq_2/model-0001.params"
2024-03-19 17:03:59,896 [INFO]  Epoch[1] Validation-cross-entropy=0.473482
2024-03-19 17:03:59,896 [INFO]  Epoch[1] Validation-char_freq_2-accuracy=0.000000
2024-03-19 17:03:59,967 [INFO]  Epoch[2] Batch [0-104]	Speed: 23705.57 samples/sec	cross-entropy=0.413611	char_freq_2-accuracy=0.000000
2024-03-19 17:04:00,054 [INFO]  Epoch[2] Train-cross-entropy=0.334532
2024-03-19 17:04:00,054 [INFO]  Epoch[2] Train-char_freq_2-accuracy=0.000000
2024-03-19 17:04:00,054 [INFO]  Epoch[2] Time cost=0.158
2024-03-19 17:04:00,055 [INFO]  Saved checkpoint to "./imputer_model/5_spambase/imputer_model_char_freq_2/model-0002.params"
2024-03-19 17:04:00,063 [INFO]  Epoch[2] Validation-cross-entropy=1.039595
2024-03-19 17:04:00,063 [INFO]  Epoch[2] Validation-char_freq_2-accuracy=0.000000
2024-03-19 17:04:00,125 [INFO]  Epoch[3] Batch [0-104]	Speed: 27106.48 samples/sec	cross-entropy=0.638531	char_freq_2-accuracy=0.000000
2024-03-19 17:04:00,211 [INFO]  Epoch[3] Train-cross-entropy=0.306823
2024-03-19 17:04:00,211 [INFO]  Epoch[3] Train-char_freq_2-accuracy=0.000000
2024-03-19 17:04:00,211 [INFO]  Epoch[3] Time cost=0.148
2024-03-19 17:04:00,213 [INFO]  Saved checkpoint to "./imputer_model/5_spambase/imputer_model_char_freq_2/model-0003.params"
2024-03-19 17:04:00,220 [INFO]  Epoch[3] Validation-cross-entropy=1.569129
2024-03-19 17:04:00,220 [INFO]  Epoch[3] Validation-char_freq_2-accuracy=0.000000
2024-03-19 17:04:00,309 [INFO]  Epoch[4] Batch [0-104]	Speed: 18882.22 samples/sec	cross-entropy=0.231013	char_freq_2-accuracy=0.000000
2024-03-19 17:04:00,395 [INFO]  Epoch[4] Train-cross-entropy=0.177100
2024-03-19 17:04:00,395 [INFO]  Epoch[4] Train-char_freq_2-accuracy=0.000000
2024-03-19 17:04:00,395 [INFO]  Epoch[4] Time cost=0.175
2024-03-19 17:04:00,397 [INFO]  Saved checkpoint to "./imputer_model/5_spambase/imputer_model_char_freq_2/model-0004.params"
2024-03-19 17:04:00,404 [INFO]  Epoch[4] Validation-cross-entropy=0.200039
2024-03-19 17:04:00,405 [INFO]  Epoch[4] Validation-char_freq_2-accuracy=0.000000
2024-03-19 17:04:00,405 [INFO]  
========== done (0.8706173896789551 s) fit model
2024-03-19 17:04:57,711 [INFO]  
========== start: fit model
2024-03-19 17:04:57,711 [WARNING]  Already bound, ignoring bind()
2024-03-19 17:04:57,773 [INFO]  Epoch[0] Batch [0-104]	Speed: 27808.72 samples/sec	cross-entropy=4.024959	char_freq_2-accuracy=3.085714
2024-03-19 17:04:57,832 [INFO]  Epoch[0] Train-cross-entropy=1.948493
2024-03-19 17:04:57,833 [INFO]  Epoch[0] Train-char_freq_2-accuracy=3.303922
2024-03-19 17:04:57,833 [INFO]  Epoch[0] Time cost=0.120
2024-03-19 17:04:57,834 [INFO]  Saved checkpoint to "./imputer_model/5_spambase/imputer_model_char_freq_2/model-0000.params"
2024-03-19 17:04:57,840 [INFO]  Epoch[0] Validation-cross-entropy=1.627099
2024-03-19 17:04:57,840 [INFO]  Epoch[0] Validation-char_freq_2-accuracy=0.000000
2024-03-19 17:04:57,908 [INFO]  Epoch[1] Batch [0-104]	Speed: 24697.78 samples/sec	cross-entropy=1.308416	char_freq_2-accuracy=3.085714
2024-03-19 17:04:57,975 [INFO]  Epoch[1] Train-cross-entropy=0.464034
2024-03-19 17:04:57,975 [INFO]  Epoch[1] Train-char_freq_2-accuracy=3.303922
2024-03-19 17:04:57,975 [INFO]  Epoch[1] Time cost=0.134
2024-03-19 17:04:57,976 [INFO]  Saved checkpoint to "./imputer_model/5_spambase/imputer_model_char_freq_2/model-0001.params"
2024-03-19 17:04:57,982 [INFO]  Epoch[1] Validation-cross-entropy=0.809941
2024-03-19 17:04:57,982 [INFO]  Epoch[1] Validation-char_freq_2-accuracy=0.000000
2024-03-19 17:04:58,047 [INFO]  Epoch[2] Batch [0-104]	Speed: 26081.08 samples/sec	cross-entropy=0.456327	char_freq_2-accuracy=3.085714
2024-03-19 17:04:58,105 [INFO]  Epoch[2] Train-cross-entropy=0.533108
2024-03-19 17:04:58,105 [INFO]  Epoch[2] Train-char_freq_2-accuracy=3.303922
2024-03-19 17:04:58,105 [INFO]  Epoch[2] Time cost=0.123
2024-03-19 17:04:58,107 [INFO]  Saved checkpoint to "./imputer_model/5_spambase/imputer_model_char_freq_2/model-0002.params"
2024-03-19 17:04:58,113 [INFO]  Epoch[2] Validation-cross-entropy=0.894950
2024-03-19 17:04:58,113 [INFO]  Epoch[2] Validation-char_freq_2-accuracy=0.000000
2024-03-19 17:04:58,174 [INFO]  Epoch[3] Batch [0-104]	Speed: 27286.43 samples/sec	cross-entropy=0.463332	char_freq_2-accuracy=3.085714
2024-03-19 17:04:58,233 [INFO]  Epoch[3] Train-cross-entropy=0.285248
2024-03-19 17:04:58,233 [INFO]  Epoch[3] Train-char_freq_2-accuracy=3.303922
2024-03-19 17:04:58,233 [INFO]  Epoch[3] Time cost=0.120
2024-03-19 17:04:58,234 [INFO]  Saved checkpoint to "./imputer_model/5_spambase/imputer_model_char_freq_2/model-0003.params"
2024-03-19 17:04:58,240 [INFO]  Epoch[3] Validation-cross-entropy=0.354489
2024-03-19 17:04:58,240 [INFO]  Epoch[3] Validation-char_freq_2-accuracy=0.000000
2024-03-19 17:04:58,300 [INFO]  Epoch[4] Batch [0-104]	Speed: 27997.58 samples/sec	cross-entropy=0.370392	char_freq_2-accuracy=3.085714
2024-03-19 17:04:58,359 [INFO]  Epoch[4] Train-cross-entropy=0.269576
2024-03-19 17:04:58,359 [INFO]  Epoch[4] Train-char_freq_2-accuracy=3.303922
2024-03-19 17:04:58,359 [INFO]  Epoch[4] Time cost=0.119
2024-03-19 17:04:58,360 [INFO]  Saved checkpoint to "./imputer_model/5_spambase/imputer_model_char_freq_2/model-0004.params"
2024-03-19 17:04:58,366 [INFO]  Epoch[4] Validation-cross-entropy=0.188988
2024-03-19 17:04:58,367 [INFO]  Epoch[4] Validation-char_freq_2-accuracy=0.000000
2024-03-19 17:04:58,367 [INFO]  
========== done (0.6553518772125244 s) fit model
2024-03-19 17:05:56,046 [INFO]  
========== start: fit model
2024-03-19 17:05:56,046 [WARNING]  Already bound, ignoring bind()
2024-03-19 17:05:56,111 [INFO]  Epoch[0] Batch [0-104]	Speed: 26494.63 samples/sec	cross-entropy=12.778034	char_freq_2-accuracy=3.123810
2024-03-19 17:05:56,170 [INFO]  Epoch[0] Train-cross-entropy=1.735703
2024-03-19 17:05:56,170 [INFO]  Epoch[0] Train-char_freq_2-accuracy=3.098039
2024-03-19 17:05:56,170 [INFO]  Epoch[0] Time cost=0.123
2024-03-19 17:05:56,171 [INFO]  Saved checkpoint to "./imputer_model/5_spambase/imputer_model_char_freq_2/model-0000.params"
2024-03-19 17:05:56,177 [INFO]  Epoch[0] Validation-cross-entropy=1.675979
2024-03-19 17:05:56,177 [INFO]  Epoch[0] Validation-char_freq_2-accuracy=0.000000
2024-03-19 17:05:56,237 [INFO]  Epoch[1] Batch [0-104]	Speed: 28108.65 samples/sec	cross-entropy=1.832754	char_freq_2-accuracy=3.123810
2024-03-19 17:05:56,295 [INFO]  Epoch[1] Train-cross-entropy=1.318595
2024-03-19 17:05:56,295 [INFO]  Epoch[1] Train-char_freq_2-accuracy=3.098039
2024-03-19 17:05:56,295 [INFO]  Epoch[1] Time cost=0.118
2024-03-19 17:05:56,296 [INFO]  Saved checkpoint to "./imputer_model/5_spambase/imputer_model_char_freq_2/model-0001.params"
2024-03-19 17:05:56,302 [INFO]  Epoch[1] Validation-cross-entropy=1.566425
2024-03-19 17:05:56,302 [INFO]  Epoch[1] Validation-char_freq_2-accuracy=0.000000
2024-03-19 17:05:56,363 [INFO]  Epoch[2] Batch [0-104]	Speed: 27899.99 samples/sec	cross-entropy=1.269943	char_freq_2-accuracy=3.123810
2024-03-19 17:05:56,424 [INFO]  Epoch[2] Train-cross-entropy=0.941161
2024-03-19 17:05:56,424 [INFO]  Epoch[2] Train-char_freq_2-accuracy=3.098039
2024-03-19 17:05:56,424 [INFO]  Epoch[2] Time cost=0.121
2024-03-19 17:05:56,425 [INFO]  Saved checkpoint to "./imputer_model/5_spambase/imputer_model_char_freq_2/model-0002.params"
2024-03-19 17:05:56,431 [INFO]  Epoch[2] Validation-cross-entropy=1.109449
2024-03-19 17:05:56,431 [INFO]  Epoch[2] Validation-char_freq_2-accuracy=0.000000
2024-03-19 17:05:56,502 [INFO]  Epoch[3] Batch [0-104]	Speed: 23574.09 samples/sec	cross-entropy=0.734752	char_freq_2-accuracy=3.123810
2024-03-19 17:05:56,560 [INFO]  Epoch[3] Train-cross-entropy=0.498287
2024-03-19 17:05:56,560 [INFO]  Epoch[3] Train-char_freq_2-accuracy=3.098039
2024-03-19 17:05:56,560 [INFO]  Epoch[3] Time cost=0.129
2024-03-19 17:05:56,562 [INFO]  Saved checkpoint to "./imputer_model/5_spambase/imputer_model_char_freq_2/model-0003.params"
2024-03-19 17:05:56,567 [INFO]  Epoch[3] Validation-cross-entropy=0.454242
2024-03-19 17:05:56,567 [INFO]  Epoch[3] Validation-char_freq_2-accuracy=0.000000
2024-03-19 17:05:56,627 [INFO]  Epoch[4] Batch [0-104]	Speed: 28222.77 samples/sec	cross-entropy=0.819999	char_freq_2-accuracy=3.123810
2024-03-19 17:05:56,685 [INFO]  Epoch[4] Train-cross-entropy=0.315872
2024-03-19 17:05:56,685 [INFO]  Epoch[4] Train-char_freq_2-accuracy=3.098039
2024-03-19 17:05:56,685 [INFO]  Epoch[4] Time cost=0.118
2024-03-19 17:05:56,686 [INFO]  Saved checkpoint to "./imputer_model/5_spambase/imputer_model_char_freq_2/model-0004.params"
2024-03-19 17:05:56,692 [INFO]  Epoch[4] Validation-cross-entropy=0.268896
2024-03-19 17:05:56,692 [INFO]  Epoch[4] Validation-char_freq_2-accuracy=0.000000
2024-03-19 17:05:56,692 [INFO]  
========== done (0.645824670791626 s) fit model
2024-03-19 17:06:53,759 [INFO]  
========== start: fit model
2024-03-19 17:06:53,759 [WARNING]  Already bound, ignoring bind()
2024-03-19 17:06:53,833 [INFO]  Epoch[0] Batch [0-104]	Speed: 22993.54 samples/sec	cross-entropy=3.909596	char_freq_2-accuracy=0.000000
2024-03-19 17:06:53,892 [INFO]  Epoch[0] Train-cross-entropy=2.009270
2024-03-19 17:06:53,892 [INFO]  Epoch[0] Train-char_freq_2-accuracy=0.000000
2024-03-19 17:06:53,892 [INFO]  Epoch[0] Time cost=0.133
2024-03-19 17:06:53,894 [INFO]  Saved checkpoint to "./imputer_model/5_spambase/imputer_model_char_freq_2/model-0000.params"
2024-03-19 17:06:53,899 [INFO]  Epoch[0] Validation-cross-entropy=0.728467
2024-03-19 17:06:53,899 [INFO]  Epoch[0] Validation-char_freq_2-accuracy=0.000000
2024-03-19 17:06:53,963 [INFO]  Epoch[1] Batch [0-104]	Speed: 26594.38 samples/sec	cross-entropy=0.784182	char_freq_2-accuracy=0.000000
2024-03-19 17:06:54,023 [INFO]  Epoch[1] Train-cross-entropy=0.605392
2024-03-19 17:06:54,023 [INFO]  Epoch[1] Train-char_freq_2-accuracy=0.000000
2024-03-19 17:06:54,023 [INFO]  Epoch[1] Time cost=0.124
2024-03-19 17:06:54,024 [INFO]  Saved checkpoint to "./imputer_model/5_spambase/imputer_model_char_freq_2/model-0001.params"
2024-03-19 17:06:54,031 [INFO]  Epoch[1] Validation-cross-entropy=0.460586
2024-03-19 17:06:54,031 [INFO]  Epoch[1] Validation-char_freq_2-accuracy=0.000000
2024-03-19 17:06:54,091 [INFO]  Epoch[2] Batch [0-104]	Speed: 27801.30 samples/sec	cross-entropy=0.369369	char_freq_2-accuracy=0.000000
2024-03-19 17:06:54,159 [INFO]  Epoch[2] Train-cross-entropy=0.417956
2024-03-19 17:06:54,159 [INFO]  Epoch[2] Train-char_freq_2-accuracy=0.000000
2024-03-19 17:06:54,159 [INFO]  Epoch[2] Time cost=0.128
2024-03-19 17:06:54,160 [INFO]  Saved checkpoint to "./imputer_model/5_spambase/imputer_model_char_freq_2/model-0002.params"
2024-03-19 17:06:54,166 [INFO]  Epoch[2] Validation-cross-entropy=0.215966
2024-03-19 17:06:54,166 [INFO]  Epoch[2] Validation-char_freq_2-accuracy=0.000000
2024-03-19 17:06:54,227 [INFO]  Epoch[3] Batch [0-104]	Speed: 27868.35 samples/sec	cross-entropy=0.343359	char_freq_2-accuracy=0.000000
2024-03-19 17:06:54,285 [INFO]  Epoch[3] Train-cross-entropy=0.321572
2024-03-19 17:06:54,285 [INFO]  Epoch[3] Train-char_freq_2-accuracy=0.000000
2024-03-19 17:06:54,285 [INFO]  Epoch[3] Time cost=0.119
2024-03-19 17:06:54,286 [INFO]  Saved checkpoint to "./imputer_model/5_spambase/imputer_model_char_freq_2/model-0003.params"
2024-03-19 17:06:54,292 [INFO]  Epoch[3] Validation-cross-entropy=0.203123
2024-03-19 17:06:54,292 [INFO]  Epoch[3] Validation-char_freq_2-accuracy=0.000000
2024-03-19 17:06:54,352 [INFO]  Epoch[4] Batch [0-104]	Speed: 28061.75 samples/sec	cross-entropy=0.172774	char_freq_2-accuracy=0.000000
2024-03-19 17:06:54,410 [INFO]  Epoch[4] Train-cross-entropy=0.373041
2024-03-19 17:06:54,410 [INFO]  Epoch[4] Train-char_freq_2-accuracy=0.000000
2024-03-19 17:06:54,410 [INFO]  Epoch[4] Time cost=0.118
2024-03-19 17:06:54,412 [INFO]  Saved checkpoint to "./imputer_model/5_spambase/imputer_model_char_freq_2/model-0004.params"
2024-03-19 17:06:54,418 [INFO]  Epoch[4] Validation-cross-entropy=0.322530
2024-03-19 17:06:54,418 [INFO]  Epoch[4] Validation-char_freq_2-accuracy=0.000000
2024-03-19 17:06:54,418 [INFO]  
========== done (0.6595244407653809 s) fit model
2024-03-19 17:07:53,395 [INFO]  
========== start: fit model
2024-03-19 17:07:53,395 [WARNING]  Already bound, ignoring bind()
2024-03-19 17:07:53,459 [INFO]  Epoch[0] Batch [0-104]	Speed: 26762.74 samples/sec	cross-entropy=6.941028	char_freq_2-accuracy=0.000000
2024-03-19 17:07:53,519 [INFO]  Epoch[0] Train-cross-entropy=1.541092
2024-03-19 17:07:53,519 [INFO]  Epoch[0] Train-char_freq_2-accuracy=0.000000
2024-03-19 17:07:53,519 [INFO]  Epoch[0] Time cost=0.123
2024-03-19 17:07:53,520 [INFO]  Saved checkpoint to "./imputer_model/5_spambase/imputer_model_char_freq_2/model-0000.params"
2024-03-19 17:07:53,526 [INFO]  Epoch[0] Validation-cross-entropy=1.274347
2024-03-19 17:07:53,526 [INFO]  Epoch[0] Validation-char_freq_2-accuracy=0.000000
2024-03-19 17:07:53,586 [INFO]  Epoch[1] Batch [0-104]	Speed: 27900.32 samples/sec	cross-entropy=0.997521	char_freq_2-accuracy=0.000000
2024-03-19 17:07:53,645 [INFO]  Epoch[1] Train-cross-entropy=0.613509
2024-03-19 17:07:53,645 [INFO]  Epoch[1] Train-char_freq_2-accuracy=0.000000
2024-03-19 17:07:53,645 [INFO]  Epoch[1] Time cost=0.120
2024-03-19 17:07:53,647 [INFO]  Saved checkpoint to "./imputer_model/5_spambase/imputer_model_char_freq_2/model-0001.params"
2024-03-19 17:07:53,652 [INFO]  Epoch[1] Validation-cross-entropy=0.700232
2024-03-19 17:07:53,652 [INFO]  Epoch[1] Validation-char_freq_2-accuracy=0.000000
2024-03-19 17:07:53,713 [INFO]  Epoch[2] Batch [0-104]	Speed: 28024.12 samples/sec	cross-entropy=1.833811	char_freq_2-accuracy=0.000000
2024-03-19 17:07:53,771 [INFO]  Epoch[2] Train-cross-entropy=0.940899
2024-03-19 17:07:53,771 [INFO]  Epoch[2] Train-char_freq_2-accuracy=0.000000
2024-03-19 17:07:53,771 [INFO]  Epoch[2] Time cost=0.119
2024-03-19 17:07:53,772 [INFO]  Saved checkpoint to "./imputer_model/5_spambase/imputer_model_char_freq_2/model-0002.params"
2024-03-19 17:07:53,778 [INFO]  Epoch[2] Validation-cross-entropy=0.558101
2024-03-19 17:07:53,778 [INFO]  Epoch[2] Validation-char_freq_2-accuracy=0.000000
2024-03-19 17:07:53,838 [INFO]  Epoch[3] Batch [0-104]	Speed: 28096.66 samples/sec	cross-entropy=0.739866	char_freq_2-accuracy=0.000000
2024-03-19 17:07:53,896 [INFO]  Epoch[3] Train-cross-entropy=0.518642
2024-03-19 17:07:53,896 [INFO]  Epoch[3] Train-char_freq_2-accuracy=0.000000
2024-03-19 17:07:53,896 [INFO]  Epoch[3] Time cost=0.118
2024-03-19 17:07:53,898 [INFO]  Saved checkpoint to "./imputer_model/5_spambase/imputer_model_char_freq_2/model-0003.params"
2024-03-19 17:07:53,903 [INFO]  Epoch[3] Validation-cross-entropy=0.242185
2024-03-19 17:07:53,903 [INFO]  Epoch[3] Validation-char_freq_2-accuracy=0.000000
2024-03-19 17:07:53,963 [INFO]  Epoch[4] Batch [0-104]	Speed: 28070.55 samples/sec	cross-entropy=0.488358	char_freq_2-accuracy=0.000000
2024-03-19 17:07:54,021 [INFO]  Epoch[4] Train-cross-entropy=0.378757
2024-03-19 17:07:54,021 [INFO]  Epoch[4] Train-char_freq_2-accuracy=0.000000
2024-03-19 17:07:54,021 [INFO]  Epoch[4] Time cost=0.118
2024-03-19 17:07:54,023 [INFO]  Saved checkpoint to "./imputer_model/5_spambase/imputer_model_char_freq_2/model-0004.params"
2024-03-19 17:07:54,029 [INFO]  Epoch[4] Validation-cross-entropy=0.182614
2024-03-19 17:07:54,029 [INFO]  Epoch[4] Validation-char_freq_2-accuracy=0.000000
2024-03-19 17:07:54,029 [INFO]  
========== done (0.6345822811126709 s) fit model
2024-03-19 17:08:53,187 [INFO]  
========== start: fit model
2024-03-19 17:08:53,188 [WARNING]  Already bound, ignoring bind()
2024-03-19 17:08:53,292 [INFO]  Epoch[0] Batch [0-104]	Speed: 17666.49 samples/sec	cross-entropy=8.090091	char_freq_2-accuracy=0.000000
2024-03-19 17:08:53,378 [INFO]  Epoch[0] Train-cross-entropy=1.239857
2024-03-19 17:08:53,378 [INFO]  Epoch[0] Train-char_freq_2-accuracy=0.000000
2024-03-19 17:08:53,378 [INFO]  Epoch[0] Time cost=0.188
2024-03-19 17:08:53,380 [INFO]  Saved checkpoint to "./imputer_model/5_spambase/imputer_model_char_freq_2/model-0000.params"
2024-03-19 17:08:53,388 [INFO]  Epoch[0] Validation-cross-entropy=1.081037
2024-03-19 17:08:53,388 [INFO]  Epoch[0] Validation-char_freq_2-accuracy=0.000000
2024-03-19 17:08:53,475 [INFO]  Epoch[1] Batch [0-104]	Speed: 19415.59 samples/sec	cross-entropy=1.241377	char_freq_2-accuracy=0.000000
2024-03-19 17:08:53,558 [INFO]  Epoch[1] Train-cross-entropy=0.946729
2024-03-19 17:08:53,558 [INFO]  Epoch[1] Train-char_freq_2-accuracy=0.000000
2024-03-19 17:08:53,558 [INFO]  Epoch[1] Time cost=0.169
2024-03-19 17:08:53,560 [INFO]  Saved checkpoint to "./imputer_model/5_spambase/imputer_model_char_freq_2/model-0001.params"
2024-03-19 17:08:53,569 [INFO]  Epoch[1] Validation-cross-entropy=3.198425
2024-03-19 17:08:53,569 [INFO]  Epoch[1] Validation-char_freq_2-accuracy=0.000000
2024-03-19 17:08:53,653 [INFO]  Epoch[2] Batch [0-104]	Speed: 20094.33 samples/sec	cross-entropy=0.605345	char_freq_2-accuracy=0.000000
2024-03-19 17:08:53,718 [INFO]  Epoch[2] Train-cross-entropy=0.619969
2024-03-19 17:08:53,718 [INFO]  Epoch[2] Train-char_freq_2-accuracy=0.000000
2024-03-19 17:08:53,718 [INFO]  Epoch[2] Time cost=0.149
2024-03-19 17:08:53,720 [INFO]  Saved checkpoint to "./imputer_model/5_spambase/imputer_model_char_freq_2/model-0002.params"
2024-03-19 17:08:53,725 [INFO]  Epoch[2] Validation-cross-entropy=2.316884
2024-03-19 17:08:53,725 [INFO]  Epoch[2] Validation-char_freq_2-accuracy=0.000000
2024-03-19 17:08:53,786 [INFO]  Epoch[3] Batch [0-104]	Speed: 27931.25 samples/sec	cross-entropy=0.908462	char_freq_2-accuracy=0.000000
2024-03-19 17:08:53,877 [INFO]  Epoch[3] Train-cross-entropy=0.729985
2024-03-19 17:08:53,877 [INFO]  Epoch[3] Train-char_freq_2-accuracy=0.000000
2024-03-19 17:08:53,877 [INFO]  Epoch[3] Time cost=0.151
2024-03-19 17:08:53,878 [INFO]  Saved checkpoint to "./imputer_model/5_spambase/imputer_model_char_freq_2/model-0003.params"
2024-03-19 17:08:53,886 [INFO]  Epoch[3] Validation-cross-entropy=1.112161
2024-03-19 17:08:53,886 [INFO]  Epoch[3] Validation-char_freq_2-accuracy=0.000000
2024-03-19 17:08:53,974 [INFO]  Epoch[4] Batch [0-104]	Speed: 19125.05 samples/sec	cross-entropy=0.442298	char_freq_2-accuracy=0.000000
2024-03-19 17:08:54,064 [INFO]  Epoch[4] Train-cross-entropy=0.456740
2024-03-19 17:08:54,064 [INFO]  Epoch[4] Train-char_freq_2-accuracy=0.000000
2024-03-19 17:08:54,064 [INFO]  Epoch[4] Time cost=0.178
2024-03-19 17:08:54,066 [INFO]  Saved checkpoint to "./imputer_model/5_spambase/imputer_model_char_freq_2/model-0004.params"
2024-03-19 17:08:54,074 [INFO]  Epoch[4] Validation-cross-entropy=1.218124
2024-03-19 17:08:54,074 [INFO]  Epoch[4] Validation-char_freq_2-accuracy=0.000000
2024-03-19 17:08:54,074 [INFO]  
========== done (0.8864305019378662 s) fit model
2024-03-19 17:09:51,411 [INFO]  
========== start: fit model
2024-03-19 17:09:51,412 [WARNING]  Already bound, ignoring bind()
2024-03-19 17:09:51,484 [INFO]  Epoch[0] Batch [0-104]	Speed: 23579.59 samples/sec	cross-entropy=5.041750	char_freq_2-accuracy=0.000000
2024-03-19 17:09:51,543 [INFO]  Epoch[0] Train-cross-entropy=1.649944
2024-03-19 17:09:51,543 [INFO]  Epoch[0] Train-char_freq_2-accuracy=0.000000
2024-03-19 17:09:51,543 [INFO]  Epoch[0] Time cost=0.131
2024-03-19 17:09:51,544 [INFO]  Saved checkpoint to "./imputer_model/5_spambase/imputer_model_char_freq_2/model-0000.params"
2024-03-19 17:09:51,550 [INFO]  Epoch[0] Validation-cross-entropy=0.689956
2024-03-19 17:09:51,550 [INFO]  Epoch[0] Validation-char_freq_2-accuracy=0.000000
2024-03-19 17:09:51,611 [INFO]  Epoch[1] Batch [0-104]	Speed: 27893.08 samples/sec	cross-entropy=0.798438	char_freq_2-accuracy=0.000000
2024-03-19 17:09:51,669 [INFO]  Epoch[1] Train-cross-entropy=1.762137
2024-03-19 17:09:51,669 [INFO]  Epoch[1] Train-char_freq_2-accuracy=0.000000
2024-03-19 17:09:51,669 [INFO]  Epoch[1] Time cost=0.119
2024-03-19 17:09:51,671 [INFO]  Saved checkpoint to "./imputer_model/5_spambase/imputer_model_char_freq_2/model-0001.params"
2024-03-19 17:09:51,676 [INFO]  Epoch[1] Validation-cross-entropy=0.496274
2024-03-19 17:09:51,677 [INFO]  Epoch[1] Validation-char_freq_2-accuracy=0.000000
2024-03-19 17:09:51,737 [INFO]  Epoch[2] Batch [0-104]	Speed: 28012.53 samples/sec	cross-entropy=0.391716	char_freq_2-accuracy=0.000000
2024-03-19 17:09:51,795 [INFO]  Epoch[2] Train-cross-entropy=0.701683
2024-03-19 17:09:51,795 [INFO]  Epoch[2] Train-char_freq_2-accuracy=0.000000
2024-03-19 17:09:51,795 [INFO]  Epoch[2] Time cost=0.119
2024-03-19 17:09:51,797 [INFO]  Saved checkpoint to "./imputer_model/5_spambase/imputer_model_char_freq_2/model-0002.params"
2024-03-19 17:09:51,803 [INFO]  Epoch[2] Validation-cross-entropy=0.273434
2024-03-19 17:09:51,803 [INFO]  Epoch[2] Validation-char_freq_2-accuracy=0.000000
2024-03-19 17:09:51,863 [INFO]  Epoch[3] Batch [0-104]	Speed: 28069.99 samples/sec	cross-entropy=0.317341	char_freq_2-accuracy=0.000000
2024-03-19 17:09:51,921 [INFO]  Epoch[3] Train-cross-entropy=0.501715
2024-03-19 17:09:51,921 [INFO]  Epoch[3] Train-char_freq_2-accuracy=0.000000
2024-03-19 17:09:51,921 [INFO]  Epoch[3] Time cost=0.118
2024-03-19 17:09:51,922 [INFO]  Saved checkpoint to "./imputer_model/5_spambase/imputer_model_char_freq_2/model-0003.params"
2024-03-19 17:09:51,928 [INFO]  Epoch[3] Validation-cross-entropy=0.416463
2024-03-19 17:09:51,928 [INFO]  Epoch[3] Validation-char_freq_2-accuracy=0.000000
2024-03-19 17:09:51,988 [INFO]  Epoch[4] Batch [0-104]	Speed: 27982.43 samples/sec	cross-entropy=0.257021	char_freq_2-accuracy=0.000000
2024-03-19 17:09:52,046 [INFO]  Epoch[4] Train-cross-entropy=0.394060
2024-03-19 17:09:52,047 [INFO]  Epoch[4] Train-char_freq_2-accuracy=0.000000
2024-03-19 17:09:52,047 [INFO]  Epoch[4] Time cost=0.118
2024-03-19 17:09:52,048 [INFO]  Saved checkpoint to "./imputer_model/5_spambase/imputer_model_char_freq_2/model-0004.params"
2024-03-19 17:09:52,054 [INFO]  Epoch[4] Validation-cross-entropy=0.276182
2024-03-19 17:09:52,054 [INFO]  Epoch[4] Validation-char_freq_2-accuracy=0.000000
2024-03-19 17:09:52,054 [INFO]  
========== done (0.642568826675415 s) fit model
2024-03-19 17:10:52,037 [INFO]  
========== start: fit model
2024-03-19 17:10:52,037 [WARNING]  Already bound, ignoring bind()
2024-03-19 17:10:52,123 [INFO]  Epoch[0] Batch [0-104]	Speed: 19893.01 samples/sec	cross-entropy=11.616195	char_freq_2-accuracy=3.095238
2024-03-19 17:10:52,205 [INFO]  Epoch[0] Train-cross-entropy=2.128020
2024-03-19 17:10:52,205 [INFO]  Epoch[0] Train-char_freq_2-accuracy=3.127451
2024-03-19 17:10:52,205 [INFO]  Epoch[0] Time cost=0.167
2024-03-19 17:10:52,206 [INFO]  Saved checkpoint to "./imputer_model/5_spambase/imputer_model_char_freq_2/model-0000.params"
2024-03-19 17:10:52,214 [INFO]  Epoch[0] Validation-cross-entropy=1.343494
2024-03-19 17:10:52,214 [INFO]  Epoch[0] Validation-char_freq_2-accuracy=0.000000
2024-03-19 17:10:52,299 [INFO]  Epoch[1] Batch [0-104]	Speed: 19788.94 samples/sec	cross-entropy=2.603423	char_freq_2-accuracy=3.095238
2024-03-19 17:10:52,380 [INFO]  Epoch[1] Train-cross-entropy=1.070257
2024-03-19 17:10:52,380 [INFO]  Epoch[1] Train-char_freq_2-accuracy=3.127451
2024-03-19 17:10:52,380 [INFO]  Epoch[1] Time cost=0.166
2024-03-19 17:10:52,382 [INFO]  Saved checkpoint to "./imputer_model/5_spambase/imputer_model_char_freq_2/model-0001.params"
2024-03-19 17:10:52,390 [INFO]  Epoch[1] Validation-cross-entropy=0.582303
2024-03-19 17:10:52,390 [INFO]  Epoch[1] Validation-char_freq_2-accuracy=0.000000
2024-03-19 17:10:52,463 [INFO]  Epoch[2] Batch [0-104]	Speed: 23066.65 samples/sec	cross-entropy=1.717621	char_freq_2-accuracy=3.095238
2024-03-19 17:10:52,521 [INFO]  Epoch[2] Train-cross-entropy=0.592933
2024-03-19 17:10:52,521 [INFO]  Epoch[2] Train-char_freq_2-accuracy=3.127451
2024-03-19 17:10:52,521 [INFO]  Epoch[2] Time cost=0.132
2024-03-19 17:10:52,523 [INFO]  Saved checkpoint to "./imputer_model/5_spambase/imputer_model_char_freq_2/model-0002.params"
2024-03-19 17:10:52,529 [INFO]  Epoch[2] Validation-cross-entropy=0.393650
2024-03-19 17:10:52,529 [INFO]  Epoch[2] Validation-char_freq_2-accuracy=0.000000
2024-03-19 17:10:52,589 [INFO]  Epoch[3] Batch [0-104]	Speed: 27815.04 samples/sec	cross-entropy=0.900089	char_freq_2-accuracy=3.095238
2024-03-19 17:10:52,649 [INFO]  Epoch[3] Train-cross-entropy=0.577023
2024-03-19 17:10:52,649 [INFO]  Epoch[3] Train-char_freq_2-accuracy=3.127451
2024-03-19 17:10:52,649 [INFO]  Epoch[3] Time cost=0.120
2024-03-19 17:10:52,650 [INFO]  Saved checkpoint to "./imputer_model/5_spambase/imputer_model_char_freq_2/model-0003.params"
2024-03-19 17:10:52,656 [INFO]  Epoch[3] Validation-cross-entropy=0.412276
2024-03-19 17:10:52,656 [INFO]  Epoch[3] Validation-char_freq_2-accuracy=0.000000
2024-03-19 17:10:52,716 [INFO]  Epoch[4] Batch [0-104]	Speed: 27944.67 samples/sec	cross-entropy=0.847966	char_freq_2-accuracy=3.095238
2024-03-19 17:10:52,774 [INFO]  Epoch[4] Train-cross-entropy=0.572824
2024-03-19 17:10:52,774 [INFO]  Epoch[4] Train-char_freq_2-accuracy=3.127451
2024-03-19 17:10:52,775 [INFO]  Epoch[4] Time cost=0.118
2024-03-19 17:10:52,776 [INFO]  Saved checkpoint to "./imputer_model/5_spambase/imputer_model_char_freq_2/model-0004.params"
2024-03-19 17:10:52,782 [INFO]  Epoch[4] Validation-cross-entropy=0.441132
2024-03-19 17:10:52,782 [INFO]  Epoch[4] Validation-char_freq_2-accuracy=0.000000
2024-03-19 17:10:52,782 [INFO]  
========== done (0.745281457901001 s) fit model
2024-03-19 17:11:49,988 [INFO]  
========== start: fit model
2024-03-19 17:11:49,988 [WARNING]  Already bound, ignoring bind()
2024-03-19 17:11:50,054 [INFO]  Epoch[0] Batch [0-104]	Speed: 26003.82 samples/sec	cross-entropy=3.478222	char_freq_2-accuracy=0.000000
2024-03-19 17:11:50,113 [INFO]  Epoch[0] Train-cross-entropy=2.028191
2024-03-19 17:11:50,114 [INFO]  Epoch[0] Train-char_freq_2-accuracy=0.000000
2024-03-19 17:11:50,114 [INFO]  Epoch[0] Time cost=0.125
2024-03-19 17:11:50,115 [INFO]  Saved checkpoint to "./imputer_model/5_spambase/imputer_model_char_freq_2/model-0000.params"
2024-03-19 17:11:50,121 [INFO]  Epoch[0] Validation-cross-entropy=1.392623
2024-03-19 17:11:50,121 [INFO]  Epoch[0] Validation-char_freq_2-accuracy=0.000000
2024-03-19 17:11:50,186 [INFO]  Epoch[1] Batch [0-104]	Speed: 25954.21 samples/sec	cross-entropy=0.979583	char_freq_2-accuracy=0.000000
2024-03-19 17:11:50,245 [INFO]  Epoch[1] Train-cross-entropy=0.605041
2024-03-19 17:11:50,245 [INFO]  Epoch[1] Train-char_freq_2-accuracy=0.000000
2024-03-19 17:11:50,245 [INFO]  Epoch[1] Time cost=0.124
2024-03-19 17:11:50,246 [INFO]  Saved checkpoint to "./imputer_model/5_spambase/imputer_model_char_freq_2/model-0001.params"
2024-03-19 17:11:50,252 [INFO]  Epoch[1] Validation-cross-entropy=0.871354
2024-03-19 17:11:50,252 [INFO]  Epoch[1] Validation-char_freq_2-accuracy=0.000000
2024-03-19 17:11:50,312 [INFO]  Epoch[2] Batch [0-104]	Speed: 27824.35 samples/sec	cross-entropy=0.706934	char_freq_2-accuracy=0.000000
2024-03-19 17:11:50,371 [INFO]  Epoch[2] Train-cross-entropy=0.292698
2024-03-19 17:11:50,371 [INFO]  Epoch[2] Train-char_freq_2-accuracy=0.000000
2024-03-19 17:11:50,371 [INFO]  Epoch[2] Time cost=0.119
2024-03-19 17:11:50,373 [INFO]  Saved checkpoint to "./imputer_model/5_spambase/imputer_model_char_freq_2/model-0002.params"
2024-03-19 17:11:50,379 [INFO]  Epoch[2] Validation-cross-entropy=0.496909
2024-03-19 17:11:50,379 [INFO]  Epoch[2] Validation-char_freq_2-accuracy=0.000000
2024-03-19 17:11:50,439 [INFO]  Epoch[3] Batch [0-104]	Speed: 27866.24 samples/sec	cross-entropy=0.220756	char_freq_2-accuracy=0.000000
2024-03-19 17:11:50,499 [INFO]  Epoch[3] Train-cross-entropy=0.219826
2024-03-19 17:11:50,499 [INFO]  Epoch[3] Train-char_freq_2-accuracy=0.000000
2024-03-19 17:11:50,499 [INFO]  Epoch[3] Time cost=0.120
2024-03-19 17:11:50,500 [INFO]  Saved checkpoint to "./imputer_model/5_spambase/imputer_model_char_freq_2/model-0003.params"
2024-03-19 17:11:50,506 [INFO]  Epoch[3] Validation-cross-entropy=0.191591
2024-03-19 17:11:50,506 [INFO]  Epoch[3] Validation-char_freq_2-accuracy=0.000000
2024-03-19 17:11:50,567 [INFO]  Epoch[4] Batch [0-104]	Speed: 27746.81 samples/sec	cross-entropy=0.205873	char_freq_2-accuracy=0.000000
2024-03-19 17:11:50,626 [INFO]  Epoch[4] Train-cross-entropy=0.242917
2024-03-19 17:11:50,626 [INFO]  Epoch[4] Train-char_freq_2-accuracy=0.000000
2024-03-19 17:11:50,626 [INFO]  Epoch[4] Time cost=0.120
2024-03-19 17:11:50,627 [INFO]  Saved checkpoint to "./imputer_model/5_spambase/imputer_model_char_freq_2/model-0004.params"
2024-03-19 17:11:50,633 [INFO]  Epoch[4] Validation-cross-entropy=0.383272
2024-03-19 17:11:50,633 [INFO]  Epoch[4] Validation-char_freq_2-accuracy=0.000000
2024-03-19 17:11:50,633 [INFO]  
========== done (0.6452405452728271 s) fit model
2024-03-19 17:12:48,665 [INFO]  
========== start: fit model
2024-03-19 17:12:48,666 [WARNING]  Already bound, ignoring bind()
2024-03-19 17:12:48,746 [INFO]  Epoch[0] Batch [0-104]	Speed: 21161.64 samples/sec	cross-entropy=9.792267	char_freq_2-accuracy=3.238095
2024-03-19 17:12:48,806 [INFO]  Epoch[0] Train-cross-entropy=1.766752
2024-03-19 17:12:48,806 [INFO]  Epoch[0] Train-char_freq_2-accuracy=3.107843
2024-03-19 17:12:48,806 [INFO]  Epoch[0] Time cost=0.140
2024-03-19 17:12:48,808 [INFO]  Saved checkpoint to "./imputer_model/5_spambase/imputer_model_char_freq_2/model-0000.params"
2024-03-19 17:12:48,814 [INFO]  Epoch[0] Validation-cross-entropy=3.382112
2024-03-19 17:12:48,814 [INFO]  Epoch[0] Validation-char_freq_2-accuracy=0.000000
2024-03-19 17:12:48,875 [INFO]  Epoch[1] Batch [0-104]	Speed: 27663.01 samples/sec	cross-entropy=2.425994	char_freq_2-accuracy=3.238095
2024-03-19 17:12:48,933 [INFO]  Epoch[1] Train-cross-entropy=1.056950
2024-03-19 17:12:48,933 [INFO]  Epoch[1] Train-char_freq_2-accuracy=3.107843
2024-03-19 17:12:48,933 [INFO]  Epoch[1] Time cost=0.120
2024-03-19 17:12:48,935 [INFO]  Saved checkpoint to "./imputer_model/5_spambase/imputer_model_char_freq_2/model-0001.params"
2024-03-19 17:12:48,941 [INFO]  Epoch[1] Validation-cross-entropy=1.581328
2024-03-19 17:12:48,941 [INFO]  Epoch[1] Validation-char_freq_2-accuracy=0.000000
2024-03-19 17:12:49,001 [INFO]  Epoch[2] Batch [0-104]	Speed: 27862.23 samples/sec	cross-entropy=1.128310	char_freq_2-accuracy=3.238095
2024-03-19 17:12:49,069 [INFO]  Epoch[2] Train-cross-entropy=0.672180
2024-03-19 17:12:49,069 [INFO]  Epoch[2] Train-char_freq_2-accuracy=3.107843
2024-03-19 17:12:49,069 [INFO]  Epoch[2] Time cost=0.128
2024-03-19 17:12:49,070 [INFO]  Saved checkpoint to "./imputer_model/5_spambase/imputer_model_char_freq_2/model-0002.params"
2024-03-19 17:12:49,076 [INFO]  Epoch[2] Validation-cross-entropy=0.515407
2024-03-19 17:12:49,076 [INFO]  Epoch[2] Validation-char_freq_2-accuracy=0.000000
2024-03-19 17:12:49,137 [INFO]  Epoch[3] Batch [0-104]	Speed: 27813.49 samples/sec	cross-entropy=0.403223	char_freq_2-accuracy=3.238095
2024-03-19 17:12:49,196 [INFO]  Epoch[3] Train-cross-entropy=0.508977
2024-03-19 17:12:49,196 [INFO]  Epoch[3] Train-char_freq_2-accuracy=3.107843
2024-03-19 17:12:49,196 [INFO]  Epoch[3] Time cost=0.120
2024-03-19 17:12:49,197 [INFO]  Saved checkpoint to "./imputer_model/5_spambase/imputer_model_char_freq_2/model-0003.params"
2024-03-19 17:12:49,203 [INFO]  Epoch[3] Validation-cross-entropy=0.841177
2024-03-19 17:12:49,203 [INFO]  Epoch[3] Validation-char_freq_2-accuracy=0.000000
2024-03-19 17:12:49,264 [INFO]  Epoch[4] Batch [0-104]	Speed: 27814.82 samples/sec	cross-entropy=0.467758	char_freq_2-accuracy=3.238095
2024-03-19 17:12:49,322 [INFO]  Epoch[4] Train-cross-entropy=0.411046
2024-03-19 17:12:49,322 [INFO]  Epoch[4] Train-char_freq_2-accuracy=3.107843
2024-03-19 17:12:49,322 [INFO]  Epoch[4] Time cost=0.119
2024-03-19 17:12:49,324 [INFO]  Saved checkpoint to "./imputer_model/5_spambase/imputer_model_char_freq_2/model-0004.params"
2024-03-19 17:12:49,330 [INFO]  Epoch[4] Validation-cross-entropy=0.738434
2024-03-19 17:12:49,330 [INFO]  Epoch[4] Validation-char_freq_2-accuracy=0.000000
2024-03-19 17:12:49,330 [INFO]  
========== done (0.6643612384796143 s) fit model
2024-03-19 17:13:49,338 [INFO]  
========== start: fit model
2024-03-19 17:13:49,338 [WARNING]  Already bound, ignoring bind()
2024-03-19 17:13:49,416 [INFO]  Epoch[0] Batch [0-104]	Speed: 21862.65 samples/sec	cross-entropy=4.213094	char_freq_2-accuracy=0.000000
2024-03-19 17:13:49,475 [INFO]  Epoch[0] Train-cross-entropy=1.292457
2024-03-19 17:13:49,475 [INFO]  Epoch[0] Train-char_freq_2-accuracy=0.000000
2024-03-19 17:13:49,475 [INFO]  Epoch[0] Time cost=0.136
2024-03-19 17:13:49,477 [INFO]  Saved checkpoint to "./imputer_model/5_spambase/imputer_model_char_freq_2/model-0000.params"
2024-03-19 17:13:49,483 [INFO]  Epoch[0] Validation-cross-entropy=0.901591
2024-03-19 17:13:49,483 [INFO]  Epoch[0] Validation-char_freq_2-accuracy=0.000000
2024-03-19 17:13:49,543 [INFO]  Epoch[1] Batch [0-104]	Speed: 28016.02 samples/sec	cross-entropy=0.770187	char_freq_2-accuracy=0.000000
2024-03-19 17:13:49,601 [INFO]  Epoch[1] Train-cross-entropy=0.981480
2024-03-19 17:13:49,601 [INFO]  Epoch[1] Train-char_freq_2-accuracy=0.000000
2024-03-19 17:13:49,601 [INFO]  Epoch[1] Time cost=0.118
2024-03-19 17:13:49,602 [INFO]  Saved checkpoint to "./imputer_model/5_spambase/imputer_model_char_freq_2/model-0001.params"
2024-03-19 17:13:49,609 [INFO]  Epoch[1] Validation-cross-entropy=3.972358
2024-03-19 17:13:49,609 [INFO]  Epoch[1] Validation-char_freq_2-accuracy=0.000000
2024-03-19 17:13:49,669 [INFO]  Epoch[2] Batch [0-104]	Speed: 28065.02 samples/sec	cross-entropy=0.726942	char_freq_2-accuracy=0.000000
2024-03-19 17:13:49,727 [INFO]  Epoch[2] Train-cross-entropy=0.475333
2024-03-19 17:13:49,728 [INFO]  Epoch[2] Train-char_freq_2-accuracy=0.000000
2024-03-19 17:13:49,728 [INFO]  Epoch[2] Time cost=0.119
2024-03-19 17:13:49,729 [INFO]  Saved checkpoint to "./imputer_model/5_spambase/imputer_model_char_freq_2/model-0002.params"
2024-03-19 17:13:49,735 [INFO]  Epoch[2] Validation-cross-entropy=4.528045
2024-03-19 17:13:49,735 [INFO]  Epoch[2] Validation-char_freq_2-accuracy=0.000000
2024-03-19 17:13:49,796 [INFO]  Epoch[3] Batch [0-104]	Speed: 27614.85 samples/sec	cross-entropy=0.704648	char_freq_2-accuracy=0.000000
2024-03-19 17:13:49,855 [INFO]  Epoch[3] Train-cross-entropy=0.260933
2024-03-19 17:13:49,855 [INFO]  Epoch[3] Train-char_freq_2-accuracy=0.000000
2024-03-19 17:13:49,855 [INFO]  Epoch[3] Time cost=0.120
2024-03-19 17:13:49,856 [INFO]  Saved checkpoint to "./imputer_model/5_spambase/imputer_model_char_freq_2/model-0003.params"
2024-03-19 17:13:49,862 [INFO]  Epoch[3] Validation-cross-entropy=0.833721
2024-03-19 17:13:49,862 [INFO]  Epoch[3] Validation-char_freq_2-accuracy=0.000000
2024-03-19 17:13:49,923 [INFO]  Epoch[4] Batch [0-104]	Speed: 27984.67 samples/sec	cross-entropy=0.538213	char_freq_2-accuracy=0.000000
2024-03-19 17:13:49,981 [INFO]  Epoch[4] Train-cross-entropy=0.183287
2024-03-19 17:13:49,981 [INFO]  Epoch[4] Train-char_freq_2-accuracy=0.000000
2024-03-19 17:13:49,981 [INFO]  Epoch[4] Time cost=0.118
2024-03-19 17:13:49,982 [INFO]  Saved checkpoint to "./imputer_model/5_spambase/imputer_model_char_freq_2/model-0004.params"
2024-03-19 17:13:49,988 [INFO]  Epoch[4] Validation-cross-entropy=0.261120
2024-03-19 17:13:49,988 [INFO]  Epoch[4] Validation-char_freq_2-accuracy=0.000000
2024-03-19 17:13:49,988 [INFO]  
========== done (0.6502833366394043 s) fit model
2024-03-19 17:15:02,592 [INFO]  
========== start: fit model
2024-03-19 17:15:02,592 [WARNING]  Already bound, ignoring bind()
2024-03-19 17:15:02,820 [INFO]  Epoch[0] Batch [0-104]	Speed: 7485.23 samples/sec	cross-entropy=5.415389	char_freq_2-accuracy=3.171429
2024-03-19 17:15:02,938 [INFO]  Epoch[0] Train-cross-entropy=1.196875
2024-03-19 17:15:02,938 [INFO]  Epoch[0] Train-char_freq_2-accuracy=3.235294
2024-03-19 17:15:02,938 [INFO]  Epoch[0] Time cost=0.345
2024-03-19 17:15:02,940 [INFO]  Saved checkpoint to "./imputer_model/5_spambase/imputer_model_char_freq_2/model-0000.params"
2024-03-19 17:15:02,951 [INFO]  Epoch[0] Validation-cross-entropy=2.058238
2024-03-19 17:15:02,951 [INFO]  Epoch[0] Validation-char_freq_2-accuracy=0.000000
2024-03-19 17:15:03,050 [INFO]  Epoch[1] Batch [0-104]	Speed: 16915.96 samples/sec	cross-entropy=0.841522	char_freq_2-accuracy=3.171429
2024-03-19 17:15:03,137 [INFO]  Epoch[1] Train-cross-entropy=1.032940
2024-03-19 17:15:03,138 [INFO]  Epoch[1] Train-char_freq_2-accuracy=3.235294
2024-03-19 17:15:03,138 [INFO]  Epoch[1] Time cost=0.187
2024-03-19 17:15:03,140 [INFO]  Saved checkpoint to "./imputer_model/5_spambase/imputer_model_char_freq_2/model-0001.params"
2024-03-19 17:15:03,156 [INFO]  Epoch[1] Validation-cross-entropy=1.994102
2024-03-19 17:15:03,157 [INFO]  Epoch[1] Validation-char_freq_2-accuracy=0.000000
2024-03-19 17:15:03,256 [INFO]  Epoch[2] Batch [0-104]	Speed: 16949.89 samples/sec	cross-entropy=0.799061	char_freq_2-accuracy=3.171429
2024-03-19 17:15:03,352 [INFO]  Epoch[2] Train-cross-entropy=0.702231
2024-03-19 17:15:03,352 [INFO]  Epoch[2] Train-char_freq_2-accuracy=3.235294
2024-03-19 17:15:03,352 [INFO]  Epoch[2] Time cost=0.196
2024-03-19 17:15:03,354 [INFO]  Saved checkpoint to "./imputer_model/5_spambase/imputer_model_char_freq_2/model-0002.params"
2024-03-19 17:15:03,361 [INFO]  Epoch[2] Validation-cross-entropy=2.159613
2024-03-19 17:15:03,361 [INFO]  Epoch[2] Validation-char_freq_2-accuracy=0.000000
2024-03-19 17:15:03,443 [INFO]  Epoch[3] Batch [0-104]	Speed: 20548.93 samples/sec	cross-entropy=0.415834	char_freq_2-accuracy=3.171429
2024-03-19 17:15:03,525 [INFO]  Epoch[3] Train-cross-entropy=0.471207
2024-03-19 17:15:03,525 [INFO]  Epoch[3] Train-char_freq_2-accuracy=3.235294
2024-03-19 17:15:03,525 [INFO]  Epoch[3] Time cost=0.164
2024-03-19 17:15:03,527 [INFO]  Saved checkpoint to "./imputer_model/5_spambase/imputer_model_char_freq_2/model-0003.params"
2024-03-19 17:15:03,539 [INFO]  Epoch[3] Validation-cross-entropy=0.936653
2024-03-19 17:15:03,539 [INFO]  Epoch[3] Validation-char_freq_2-accuracy=0.000000
2024-03-19 17:15:03,657 [INFO]  Epoch[4] Batch [0-104]	Speed: 14224.50 samples/sec	cross-entropy=0.674714	char_freq_2-accuracy=3.171429
2024-03-19 17:15:03,755 [INFO]  Epoch[4] Train-cross-entropy=0.397855
2024-03-19 17:15:03,756 [INFO]  Epoch[4] Train-char_freq_2-accuracy=3.235294
2024-03-19 17:15:03,756 [INFO]  Epoch[4] Time cost=0.216
2024-03-19 17:15:03,757 [INFO]  Saved checkpoint to "./imputer_model/5_spambase/imputer_model_char_freq_2/model-0004.params"
2024-03-19 17:15:03,763 [INFO]  Epoch[4] Validation-cross-entropy=1.037491
2024-03-19 17:15:03,763 [INFO]  Epoch[4] Validation-char_freq_2-accuracy=0.000000
2024-03-19 17:15:03,763 [INFO]  
========== done (1.1706621646881104 s) fit model
2024-03-19 17:16:07,455 [INFO]  
========== start: fit model
2024-03-19 17:16:07,455 [WARNING]  Already bound, ignoring bind()
2024-03-19 17:16:07,518 [INFO]  Epoch[0] Batch [0-104]	Speed: 27371.61 samples/sec	cross-entropy=9.185917	char_freq_2-accuracy=0.000000
2024-03-19 17:16:07,577 [INFO]  Epoch[0] Train-cross-entropy=1.318586
2024-03-19 17:16:07,577 [INFO]  Epoch[0] Train-char_freq_2-accuracy=0.000000
2024-03-19 17:16:07,577 [INFO]  Epoch[0] Time cost=0.120
2024-03-19 17:16:07,578 [INFO]  Saved checkpoint to "./imputer_model/5_spambase/imputer_model_char_freq_2/model-0000.params"
2024-03-19 17:16:07,584 [INFO]  Epoch[0] Validation-cross-entropy=0.840917
2024-03-19 17:16:07,584 [INFO]  Epoch[0] Validation-char_freq_2-accuracy=0.000000
2024-03-19 17:16:07,644 [INFO]  Epoch[1] Batch [0-104]	Speed: 27973.91 samples/sec	cross-entropy=1.041656	char_freq_2-accuracy=0.000000
2024-03-19 17:16:07,702 [INFO]  Epoch[1] Train-cross-entropy=0.827362
2024-03-19 17:16:07,702 [INFO]  Epoch[1] Train-char_freq_2-accuracy=0.000000
2024-03-19 17:16:07,702 [INFO]  Epoch[1] Time cost=0.118
2024-03-19 17:16:07,704 [INFO]  Saved checkpoint to "./imputer_model/5_spambase/imputer_model_char_freq_2/model-0001.params"
2024-03-19 17:16:07,709 [INFO]  Epoch[1] Validation-cross-entropy=0.824803
2024-03-19 17:16:07,710 [INFO]  Epoch[1] Validation-char_freq_2-accuracy=0.000000
2024-03-19 17:16:07,769 [INFO]  Epoch[2] Batch [0-104]	Speed: 28206.23 samples/sec	cross-entropy=0.679346	char_freq_2-accuracy=0.000000
2024-03-19 17:16:07,827 [INFO]  Epoch[2] Train-cross-entropy=0.471267
2024-03-19 17:16:07,828 [INFO]  Epoch[2] Train-char_freq_2-accuracy=0.000000
2024-03-19 17:16:07,828 [INFO]  Epoch[2] Time cost=0.118
2024-03-19 17:16:07,829 [INFO]  Saved checkpoint to "./imputer_model/5_spambase/imputer_model_char_freq_2/model-0002.params"
2024-03-19 17:16:07,836 [INFO]  Epoch[2] Validation-cross-entropy=0.660990
2024-03-19 17:16:07,836 [INFO]  Epoch[2] Validation-char_freq_2-accuracy=0.000000
2024-03-19 17:16:07,898 [INFO]  Epoch[3] Batch [0-104]	Speed: 27478.51 samples/sec	cross-entropy=0.742136	char_freq_2-accuracy=0.000000
2024-03-19 17:16:07,957 [INFO]  Epoch[3] Train-cross-entropy=0.653608
2024-03-19 17:16:07,957 [INFO]  Epoch[3] Train-char_freq_2-accuracy=0.000000
2024-03-19 17:16:07,957 [INFO]  Epoch[3] Time cost=0.121
2024-03-19 17:16:07,958 [INFO]  Saved checkpoint to "./imputer_model/5_spambase/imputer_model_char_freq_2/model-0003.params"
2024-03-19 17:16:07,965 [INFO]  Epoch[3] Validation-cross-entropy=0.439727
2024-03-19 17:16:07,965 [INFO]  Epoch[3] Validation-char_freq_2-accuracy=0.000000
2024-03-19 17:16:08,043 [INFO]  Epoch[4] Batch [0-104]	Speed: 21501.76 samples/sec	cross-entropy=0.482526	char_freq_2-accuracy=0.000000
2024-03-19 17:16:08,119 [INFO]  Epoch[4] Train-cross-entropy=0.479767
2024-03-19 17:16:08,119 [INFO]  Epoch[4] Train-char_freq_2-accuracy=0.000000
2024-03-19 17:16:08,119 [INFO]  Epoch[4] Time cost=0.154
2024-03-19 17:16:08,120 [INFO]  Saved checkpoint to "./imputer_model/5_spambase/imputer_model_char_freq_2/model-0004.params"
2024-03-19 17:16:08,128 [INFO]  Epoch[4] Validation-cross-entropy=0.342033
2024-03-19 17:16:08,128 [INFO]  Epoch[4] Validation-char_freq_2-accuracy=0.000000
2024-03-19 17:16:08,128 [INFO]  
========== done (0.6723635196685791 s) fit model
2024-03-19 17:17:05,007 [INFO]  
========== start: fit model
2024-03-19 17:17:05,007 [WARNING]  Already bound, ignoring bind()
2024-03-19 17:17:05,073 [INFO]  Epoch[0] Batch [0-104]	Speed: 26198.95 samples/sec	cross-entropy=3.513015	char_freq_2-accuracy=3.152381
2024-03-19 17:17:05,132 [INFO]  Epoch[0] Train-cross-entropy=2.145475
2024-03-19 17:17:05,132 [INFO]  Epoch[0] Train-char_freq_2-accuracy=3.117647
2024-03-19 17:17:05,132 [INFO]  Epoch[0] Time cost=0.124
2024-03-19 17:17:05,133 [INFO]  Saved checkpoint to "./imputer_model/5_spambase/imputer_model_char_freq_2/model-0000.params"
2024-03-19 17:17:05,139 [INFO]  Epoch[0] Validation-cross-entropy=2.159856
2024-03-19 17:17:05,139 [INFO]  Epoch[0] Validation-char_freq_2-accuracy=0.000000
2024-03-19 17:17:05,200 [INFO]  Epoch[1] Batch [0-104]	Speed: 27717.28 samples/sec	cross-entropy=1.070933	char_freq_2-accuracy=3.152381
2024-03-19 17:17:05,259 [INFO]  Epoch[1] Train-cross-entropy=1.009621
2024-03-19 17:17:05,259 [INFO]  Epoch[1] Train-char_freq_2-accuracy=3.117647
2024-03-19 17:17:05,259 [INFO]  Epoch[1] Time cost=0.120
2024-03-19 17:17:05,260 [INFO]  Saved checkpoint to "./imputer_model/5_spambase/imputer_model_char_freq_2/model-0001.params"
2024-03-19 17:17:05,266 [INFO]  Epoch[1] Validation-cross-entropy=1.437256
2024-03-19 17:17:05,266 [INFO]  Epoch[1] Validation-char_freq_2-accuracy=0.000000
2024-03-19 17:17:05,327 [INFO]  Epoch[2] Batch [0-104]	Speed: 27781.49 samples/sec	cross-entropy=0.847574	char_freq_2-accuracy=3.152381
2024-03-19 17:17:05,386 [INFO]  Epoch[2] Train-cross-entropy=0.305525
2024-03-19 17:17:05,386 [INFO]  Epoch[2] Train-char_freq_2-accuracy=3.117647
2024-03-19 17:17:05,386 [INFO]  Epoch[2] Time cost=0.120
2024-03-19 17:17:05,387 [INFO]  Saved checkpoint to "./imputer_model/5_spambase/imputer_model_char_freq_2/model-0002.params"
2024-03-19 17:17:05,393 [INFO]  Epoch[2] Validation-cross-entropy=0.429226
2024-03-19 17:17:05,393 [INFO]  Epoch[2] Validation-char_freq_2-accuracy=0.000000
2024-03-19 17:17:05,453 [INFO]  Epoch[3] Batch [0-104]	Speed: 28068.97 samples/sec	cross-entropy=0.593469	char_freq_2-accuracy=3.152381
2024-03-19 17:17:05,511 [INFO]  Epoch[3] Train-cross-entropy=0.359739
2024-03-19 17:17:05,511 [INFO]  Epoch[3] Train-char_freq_2-accuracy=3.117647
2024-03-19 17:17:05,512 [INFO]  Epoch[3] Time cost=0.119
2024-03-19 17:17:05,513 [INFO]  Saved checkpoint to "./imputer_model/5_spambase/imputer_model_char_freq_2/model-0003.params"
2024-03-19 17:17:05,518 [INFO]  Epoch[3] Validation-cross-entropy=0.245462
2024-03-19 17:17:05,519 [INFO]  Epoch[3] Validation-char_freq_2-accuracy=0.000000
2024-03-19 17:17:05,578 [INFO]  Epoch[4] Batch [0-104]	Speed: 28075.52 samples/sec	cross-entropy=0.273266	char_freq_2-accuracy=3.152381
2024-03-19 17:17:05,637 [INFO]  Epoch[4] Train-cross-entropy=0.373046
2024-03-19 17:17:05,637 [INFO]  Epoch[4] Train-char_freq_2-accuracy=3.117647
2024-03-19 17:17:05,637 [INFO]  Epoch[4] Time cost=0.118
2024-03-19 17:17:05,638 [INFO]  Saved checkpoint to "./imputer_model/5_spambase/imputer_model_char_freq_2/model-0004.params"
2024-03-19 17:17:05,644 [INFO]  Epoch[4] Validation-cross-entropy=0.462114
2024-03-19 17:17:05,644 [INFO]  Epoch[4] Validation-char_freq_2-accuracy=0.000000
2024-03-19 17:17:05,644 [INFO]  
========== done (0.6367433071136475 s) fit model
2024-03-19 17:18:06,792 [INFO]  
========== start: fit model
2024-03-19 17:18:06,792 [WARNING]  Already bound, ignoring bind()
2024-03-19 17:18:06,871 [INFO]  Epoch[0] Batch [0-104]	Speed: 21623.67 samples/sec	cross-entropy=4.077845	char_freq_2-accuracy=0.000000
2024-03-19 17:18:06,961 [INFO]  Epoch[0] Train-cross-entropy=1.673652
2024-03-19 17:18:06,961 [INFO]  Epoch[0] Train-char_freq_2-accuracy=0.000000
2024-03-19 17:18:06,961 [INFO]  Epoch[0] Time cost=0.168
2024-03-19 17:18:06,963 [INFO]  Saved checkpoint to "./imputer_model/5_spambase/imputer_model_char_freq_2/model-0000.params"
2024-03-19 17:18:06,970 [INFO]  Epoch[0] Validation-cross-entropy=0.770360
2024-03-19 17:18:06,971 [INFO]  Epoch[0] Validation-char_freq_2-accuracy=0.000000
2024-03-19 17:18:07,064 [INFO]  Epoch[1] Batch [0-104]	Speed: 17960.17 samples/sec	cross-entropy=0.933355	char_freq_2-accuracy=0.000000
2024-03-19 17:18:07,124 [INFO]  Epoch[1] Train-cross-entropy=0.453213
2024-03-19 17:18:07,124 [INFO]  Epoch[1] Train-char_freq_2-accuracy=0.000000
2024-03-19 17:18:07,124 [INFO]  Epoch[1] Time cost=0.154
2024-03-19 17:18:07,126 [INFO]  Saved checkpoint to "./imputer_model/5_spambase/imputer_model_char_freq_2/model-0001.params"
2024-03-19 17:18:07,132 [INFO]  Epoch[1] Validation-cross-entropy=0.706537
2024-03-19 17:18:07,132 [INFO]  Epoch[1] Validation-char_freq_2-accuracy=0.000000
2024-03-19 17:18:07,229 [INFO]  Epoch[2] Batch [0-104]	Speed: 17400.84 samples/sec	cross-entropy=0.434019	char_freq_2-accuracy=0.000000
2024-03-19 17:18:07,309 [INFO]  Epoch[2] Train-cross-entropy=0.470652
2024-03-19 17:18:07,309 [INFO]  Epoch[2] Train-char_freq_2-accuracy=0.000000
2024-03-19 17:18:07,309 [INFO]  Epoch[2] Time cost=0.177
2024-03-19 17:18:07,311 [INFO]  Saved checkpoint to "./imputer_model/5_spambase/imputer_model_char_freq_2/model-0002.params"
2024-03-19 17:18:07,318 [INFO]  Epoch[2] Validation-cross-entropy=0.851231
2024-03-19 17:18:07,318 [INFO]  Epoch[2] Validation-char_freq_2-accuracy=0.000000
2024-03-19 17:18:07,406 [INFO]  Epoch[3] Batch [0-104]	Speed: 19253.25 samples/sec	cross-entropy=0.397417	char_freq_2-accuracy=0.000000
2024-03-19 17:18:07,490 [INFO]  Epoch[3] Train-cross-entropy=0.287743
2024-03-19 17:18:07,490 [INFO]  Epoch[3] Train-char_freq_2-accuracy=0.000000
2024-03-19 17:18:07,490 [INFO]  Epoch[3] Time cost=0.172
2024-03-19 17:18:07,492 [INFO]  Saved checkpoint to "./imputer_model/5_spambase/imputer_model_char_freq_2/model-0003.params"
2024-03-19 17:18:07,498 [INFO]  Epoch[3] Validation-cross-entropy=1.122691
2024-03-19 17:18:07,498 [INFO]  Epoch[3] Validation-char_freq_2-accuracy=0.000000
2024-03-19 17:18:07,562 [INFO]  Epoch[4] Batch [0-104]	Speed: 26330.61 samples/sec	cross-entropy=0.316356	char_freq_2-accuracy=0.000000
2024-03-19 17:18:07,635 [INFO]  Epoch[4] Train-cross-entropy=0.257844
2024-03-19 17:18:07,635 [INFO]  Epoch[4] Train-char_freq_2-accuracy=0.000000
2024-03-19 17:18:07,635 [INFO]  Epoch[4] Time cost=0.136
2024-03-19 17:18:07,636 [INFO]  Saved checkpoint to "./imputer_model/5_spambase/imputer_model_char_freq_2/model-0004.params"
2024-03-19 17:18:07,643 [INFO]  Epoch[4] Validation-cross-entropy=0.765992
2024-03-19 17:18:07,643 [INFO]  Epoch[4] Validation-char_freq_2-accuracy=0.000000
2024-03-19 17:18:07,643 [INFO]  
========== done (0.8509953022003174 s) fit model
2024-03-19 17:19:29,639 [INFO]  
========== start: fit model
2024-03-19 17:19:29,639 [WARNING]  Already bound, ignoring bind()
2024-03-19 17:19:29,769 [INFO]  Epoch[0] Batch [0-104]	Speed: 13301.85 samples/sec	cross-entropy=3.596674	char_freq_2-accuracy=3.076190
2024-03-19 17:19:29,870 [INFO]  Epoch[0] Train-cross-entropy=1.431392
2024-03-19 17:19:29,870 [INFO]  Epoch[0] Train-char_freq_2-accuracy=3.254902
2024-03-19 17:19:29,870 [INFO]  Epoch[0] Time cost=0.230
2024-03-19 17:19:29,872 [INFO]  Saved checkpoint to "./imputer_model/5_spambase/imputer_model_char_freq_2/model-0000.params"
2024-03-19 17:19:29,880 [INFO]  Epoch[0] Validation-cross-entropy=1.083546
2024-03-19 17:19:29,880 [INFO]  Epoch[0] Validation-char_freq_2-accuracy=0.000000
2024-03-19 17:19:29,988 [INFO]  Epoch[1] Batch [0-104]	Speed: 15561.13 samples/sec	cross-entropy=0.663803	char_freq_2-accuracy=3.076190
2024-03-19 17:19:30,080 [INFO]  Epoch[1] Train-cross-entropy=0.550371
2024-03-19 17:19:30,080 [INFO]  Epoch[1] Train-char_freq_2-accuracy=3.254902
2024-03-19 17:19:30,080 [INFO]  Epoch[1] Time cost=0.200
2024-03-19 17:19:30,081 [INFO]  Saved checkpoint to "./imputer_model/5_spambase/imputer_model_char_freq_2/model-0001.params"
2024-03-19 17:19:30,087 [INFO]  Epoch[1] Validation-cross-entropy=0.792952
2024-03-19 17:19:30,087 [INFO]  Epoch[1] Validation-char_freq_2-accuracy=0.000000
2024-03-19 17:19:30,159 [INFO]  Epoch[2] Batch [0-104]	Speed: 23547.05 samples/sec	cross-entropy=0.604106	char_freq_2-accuracy=3.076190
2024-03-19 17:19:30,269 [INFO]  Epoch[2] Train-cross-entropy=0.339972
2024-03-19 17:19:30,269 [INFO]  Epoch[2] Train-char_freq_2-accuracy=3.254902
2024-03-19 17:19:30,269 [INFO]  Epoch[2] Time cost=0.182
2024-03-19 17:19:30,271 [INFO]  Saved checkpoint to "./imputer_model/5_spambase/imputer_model_char_freq_2/model-0002.params"
2024-03-19 17:19:30,277 [INFO]  Epoch[2] Validation-cross-entropy=0.487159
2024-03-19 17:19:30,277 [INFO]  Epoch[2] Validation-char_freq_2-accuracy=0.000000
2024-03-19 17:19:30,343 [INFO]  Epoch[3] Batch [0-104]	Speed: 25356.76 samples/sec	cross-entropy=0.282955	char_freq_2-accuracy=3.076190
2024-03-19 17:19:30,479 [INFO]  Epoch[3] Train-cross-entropy=0.472829
2024-03-19 17:19:30,479 [INFO]  Epoch[3] Train-char_freq_2-accuracy=3.254902
2024-03-19 17:19:30,479 [INFO]  Epoch[3] Time cost=0.203
2024-03-19 17:19:30,481 [INFO]  Saved checkpoint to "./imputer_model/5_spambase/imputer_model_char_freq_2/model-0003.params"
2024-03-19 17:19:30,492 [INFO]  Epoch[3] Validation-cross-entropy=0.643709
2024-03-19 17:19:30,492 [INFO]  Epoch[3] Validation-char_freq_2-accuracy=0.000000
2024-03-19 17:19:30,590 [INFO]  Epoch[4] Batch [0-104]	Speed: 17215.21 samples/sec	cross-entropy=0.270949	char_freq_2-accuracy=3.076190
2024-03-19 17:19:30,717 [INFO]  Epoch[4] Train-cross-entropy=0.257410
2024-03-19 17:19:30,717 [INFO]  Epoch[4] Train-char_freq_2-accuracy=3.254902
2024-03-19 17:19:30,717 [INFO]  Epoch[4] Time cost=0.224
2024-03-19 17:19:30,719 [INFO]  Saved checkpoint to "./imputer_model/5_spambase/imputer_model_char_freq_2/model-0004.params"
2024-03-19 17:19:30,729 [INFO]  Epoch[4] Validation-cross-entropy=0.341365
2024-03-19 17:19:30,729 [INFO]  Epoch[4] Validation-char_freq_2-accuracy=0.000000
2024-03-19 17:19:30,729 [INFO]  
========== done (1.0904695987701416 s) fit model
