2024-03-19 17:17:58,842 [INFO]  
========== start: fit model
2024-03-19 17:17:58,842 [WARNING]  Already bound, ignoring bind()
2024-03-19 17:17:58,856 [INFO]  Epoch[0] Batch [0-7]	Speed: 17993.03 samples/sec	cross-entropy=8.113455	slope-accuracy=0.000000
2024-03-19 17:17:58,860 [INFO]  Epoch[0] Train-cross-entropy=0.794356
2024-03-19 17:17:58,860 [INFO]  Epoch[0] Train-slope-accuracy=0.000000
2024-03-19 17:17:58,860 [INFO]  Epoch[0] Time cost=0.018
2024-03-19 17:17:58,862 [INFO]  Saved checkpoint to "./imputer_model/2_heart/imputer_model_slope/model-0000.params"
2024-03-19 17:17:58,863 [INFO]  Epoch[0] Validation-cross-entropy=2.054539
2024-03-19 17:17:58,863 [INFO]  Epoch[0] Validation-slope-accuracy=0.000000
2024-03-19 17:17:58,872 [INFO]  Epoch[1] Batch [0-7]	Speed: 13713.28 samples/sec	cross-entropy=1.414093	slope-accuracy=0.000000
2024-03-19 17:17:58,879 [INFO]  Epoch[1] Train-cross-entropy=0.295803
2024-03-19 17:17:58,879 [INFO]  Epoch[1] Train-slope-accuracy=0.000000
2024-03-19 17:17:58,880 [INFO]  Epoch[1] Time cost=0.017
2024-03-19 17:17:58,882 [INFO]  Saved checkpoint to "./imputer_model/2_heart/imputer_model_slope/model-0001.params"
2024-03-19 17:17:58,883 [INFO]  Epoch[1] Validation-cross-entropy=0.155030
2024-03-19 17:17:58,883 [INFO]  Epoch[1] Validation-slope-accuracy=0.000000
2024-03-19 17:17:58,892 [INFO]  Epoch[2] Batch [0-7]	Speed: 14327.69 samples/sec	cross-entropy=0.098097	slope-accuracy=0.000000
2024-03-19 17:17:58,901 [INFO]  Epoch[2] Train-cross-entropy=0.110477
2024-03-19 17:17:58,901 [INFO]  Epoch[2] Train-slope-accuracy=0.000000
2024-03-19 17:17:58,901 [INFO]  Epoch[2] Time cost=0.018
2024-03-19 17:17:58,904 [INFO]  Saved checkpoint to "./imputer_model/2_heart/imputer_model_slope/model-0002.params"
2024-03-19 17:17:58,905 [INFO]  Epoch[2] Validation-cross-entropy=0.199482
2024-03-19 17:17:58,905 [INFO]  Epoch[2] Validation-slope-accuracy=0.000000
2024-03-19 17:17:58,914 [INFO]  Epoch[3] Batch [0-7]	Speed: 14568.52 samples/sec	cross-entropy=0.055380	slope-accuracy=0.000000
2024-03-19 17:17:58,921 [INFO]  Epoch[3] Train-cross-entropy=0.020691
2024-03-19 17:17:58,921 [INFO]  Epoch[3] Train-slope-accuracy=0.000000
2024-03-19 17:17:58,921 [INFO]  Epoch[3] Time cost=0.016
2024-03-19 17:17:58,924 [INFO]  Saved checkpoint to "./imputer_model/2_heart/imputer_model_slope/model-0003.params"
2024-03-19 17:17:58,925 [INFO]  Epoch[3] Validation-cross-entropy=0.050749
2024-03-19 17:17:58,925 [INFO]  Epoch[3] Validation-slope-accuracy=0.000000
2024-03-19 17:17:58,934 [INFO]  Epoch[4] Batch [0-7]	Speed: 14659.45 samples/sec	cross-entropy=0.023765	slope-accuracy=0.000000
2024-03-19 17:17:58,941 [INFO]  Epoch[4] Train-cross-entropy=0.005017
2024-03-19 17:17:58,941 [INFO]  Epoch[4] Train-slope-accuracy=0.000000
2024-03-19 17:17:58,941 [INFO]  Epoch[4] Time cost=0.016
2024-03-19 17:17:58,943 [INFO]  Saved checkpoint to "./imputer_model/2_heart/imputer_model_slope/model-0004.params"
2024-03-19 17:17:58,944 [INFO]  Epoch[4] Validation-cross-entropy=0.054193
2024-03-19 17:17:58,945 [INFO]  Epoch[4] Validation-slope-accuracy=0.000000
2024-03-19 17:17:58,945 [INFO]  
========== done (0.1031489372253418 s) fit model
2024-03-19 17:18:06,061 [INFO]  
========== start: fit model
2024-03-19 17:18:06,061 [WARNING]  Already bound, ignoring bind()
2024-03-19 17:18:06,138 [INFO]  Epoch[0] Batch [0-7]	Speed: 20718.09 samples/sec	cross-entropy=21.678602	slope-accuracy=0.000000
2024-03-19 17:18:06,144 [INFO]  Epoch[0] Train-cross-entropy=8.608529
2024-03-19 17:18:06,144 [INFO]  Epoch[0] Train-slope-accuracy=0.000000
2024-03-19 17:18:06,144 [INFO]  Epoch[0] Time cost=0.082
2024-03-19 17:18:06,146 [INFO]  Saved checkpoint to "./imputer_model/2_heart/imputer_model_slope/model-0000.params"
2024-03-19 17:18:06,147 [INFO]  Epoch[0] Validation-cross-entropy=8.505144
2024-03-19 17:18:06,147 [INFO]  Epoch[0] Validation-slope-accuracy=0.000000
2024-03-19 17:18:06,283 [INFO]  Epoch[1] Batch [0-7]	Speed: 2605.35 samples/sec	cross-entropy=6.778290	slope-accuracy=0.000000
2024-03-19 17:18:06,289 [INFO]  Epoch[1] Train-cross-entropy=2.870302
2024-03-19 17:18:06,289 [INFO]  Epoch[1] Train-slope-accuracy=0.000000
2024-03-19 17:18:06,290 [INFO]  Epoch[1] Time cost=0.142
2024-03-19 17:18:06,292 [INFO]  Saved checkpoint to "./imputer_model/2_heart/imputer_model_slope/model-0001.params"
2024-03-19 17:18:06,293 [INFO]  Epoch[1] Validation-cross-entropy=2.849260
2024-03-19 17:18:06,294 [INFO]  Epoch[1] Validation-slope-accuracy=0.000000
2024-03-19 17:18:06,302 [INFO]  Epoch[2] Batch [0-7]	Speed: 15080.16 samples/sec	cross-entropy=2.242765	slope-accuracy=0.000000
2024-03-19 17:18:06,309 [INFO]  Epoch[2] Train-cross-entropy=0.998321
2024-03-19 17:18:06,309 [INFO]  Epoch[2] Train-slope-accuracy=0.000000
2024-03-19 17:18:06,309 [INFO]  Epoch[2] Time cost=0.016
2024-03-19 17:18:06,312 [INFO]  Saved checkpoint to "./imputer_model/2_heart/imputer_model_slope/model-0002.params"
2024-03-19 17:18:06,313 [INFO]  Epoch[2] Validation-cross-entropy=0.808658
2024-03-19 17:18:06,313 [INFO]  Epoch[2] Validation-slope-accuracy=0.000000
2024-03-19 17:18:06,322 [INFO]  Epoch[3] Batch [0-7]	Speed: 14403.69 samples/sec	cross-entropy=0.922808	slope-accuracy=0.000000
2024-03-19 17:18:06,329 [INFO]  Epoch[3] Train-cross-entropy=0.450804
2024-03-19 17:18:06,330 [INFO]  Epoch[3] Train-slope-accuracy=0.000000
2024-03-19 17:18:06,330 [INFO]  Epoch[3] Time cost=0.016
2024-03-19 17:18:06,332 [INFO]  Saved checkpoint to "./imputer_model/2_heart/imputer_model_slope/model-0003.params"
2024-03-19 17:18:06,334 [INFO]  Epoch[3] Validation-cross-entropy=0.436402
2024-03-19 17:18:06,334 [INFO]  Epoch[3] Validation-slope-accuracy=0.000000
2024-03-19 17:18:06,343 [INFO]  Epoch[4] Batch [0-7]	Speed: 14021.91 samples/sec	cross-entropy=0.600453	slope-accuracy=0.000000
2024-03-19 17:18:06,350 [INFO]  Epoch[4] Train-cross-entropy=0.323671
2024-03-19 17:18:06,350 [INFO]  Epoch[4] Train-slope-accuracy=0.000000
2024-03-19 17:18:06,351 [INFO]  Epoch[4] Time cost=0.016
2024-03-19 17:18:06,353 [INFO]  Saved checkpoint to "./imputer_model/2_heart/imputer_model_slope/model-0004.params"
2024-03-19 17:18:06,354 [INFO]  Epoch[4] Validation-cross-entropy=0.326906
2024-03-19 17:18:06,355 [INFO]  Epoch[4] Validation-slope-accuracy=0.000000
2024-03-19 17:18:06,355 [INFO]  
========== done (0.29394960403442383 s) fit model
2024-03-19 17:18:08,766 [INFO]  
========== start: fit model
2024-03-19 17:18:08,766 [WARNING]  Already bound, ignoring bind()
2024-03-19 17:18:08,774 [INFO]  Epoch[0] Batch [0-7]	Speed: 20429.77 samples/sec	cross-entropy=11.960231	slope-accuracy=3.375000
2024-03-19 17:18:08,779 [INFO]  Epoch[0] Train-cross-entropy=1.455638
2024-03-19 17:18:08,779 [INFO]  Epoch[0] Train-slope-accuracy=2.833333
2024-03-19 17:18:08,779 [INFO]  Epoch[0] Time cost=0.012
2024-03-19 17:18:08,780 [INFO]  Saved checkpoint to "./imputer_model/2_heart/imputer_model_slope/model-0000.params"
2024-03-19 17:18:08,781 [INFO]  Epoch[0] Validation-cross-entropy=1.851805
2024-03-19 17:18:08,781 [INFO]  Epoch[0] Validation-slope-accuracy=0.000000
2024-03-19 17:18:08,788 [INFO]  Epoch[1] Batch [0-7]	Speed: 20451.11 samples/sec	cross-entropy=1.250379	slope-accuracy=3.375000
2024-03-19 17:18:08,792 [INFO]  Epoch[1] Train-cross-entropy=0.896544
2024-03-19 17:18:08,793 [INFO]  Epoch[1] Train-slope-accuracy=2.833333
2024-03-19 17:18:08,793 [INFO]  Epoch[1] Time cost=0.011
2024-03-19 17:18:08,794 [INFO]  Saved checkpoint to "./imputer_model/2_heart/imputer_model_slope/model-0001.params"
2024-03-19 17:18:08,795 [INFO]  Epoch[1] Validation-cross-entropy=0.180634
2024-03-19 17:18:08,795 [INFO]  Epoch[1] Validation-slope-accuracy=0.000000
2024-03-19 17:18:08,801 [INFO]  Epoch[2] Batch [0-7]	Speed: 21009.98 samples/sec	cross-entropy=0.232319	slope-accuracy=3.375000
2024-03-19 17:18:08,806 [INFO]  Epoch[2] Train-cross-entropy=0.584733
2024-03-19 17:18:08,806 [INFO]  Epoch[2] Train-slope-accuracy=2.833333
2024-03-19 17:18:08,806 [INFO]  Epoch[2] Time cost=0.011
2024-03-19 17:18:08,807 [INFO]  Saved checkpoint to "./imputer_model/2_heart/imputer_model_slope/model-0002.params"
2024-03-19 17:18:08,808 [INFO]  Epoch[2] Validation-cross-entropy=0.258511
2024-03-19 17:18:08,808 [INFO]  Epoch[2] Validation-slope-accuracy=0.000000
2024-03-19 17:18:08,815 [INFO]  Epoch[3] Batch [0-7]	Speed: 20008.61 samples/sec	cross-entropy=0.139075	slope-accuracy=3.375000
2024-03-19 17:18:08,820 [INFO]  Epoch[3] Train-cross-entropy=0.265041
2024-03-19 17:18:08,820 [INFO]  Epoch[3] Train-slope-accuracy=2.833333
2024-03-19 17:18:08,820 [INFO]  Epoch[3] Time cost=0.012
2024-03-19 17:18:08,822 [INFO]  Saved checkpoint to "./imputer_model/2_heart/imputer_model_slope/model-0003.params"
2024-03-19 17:18:08,823 [INFO]  Epoch[3] Validation-cross-entropy=0.116772
2024-03-19 17:18:08,823 [INFO]  Epoch[3] Validation-slope-accuracy=0.000000
2024-03-19 17:18:08,829 [INFO]  Epoch[4] Batch [0-7]	Speed: 20043.61 samples/sec	cross-entropy=0.092122	slope-accuracy=3.375000
2024-03-19 17:18:08,834 [INFO]  Epoch[4] Train-cross-entropy=0.115626
2024-03-19 17:18:08,834 [INFO]  Epoch[4] Train-slope-accuracy=2.833333
2024-03-19 17:18:08,834 [INFO]  Epoch[4] Time cost=0.012
2024-03-19 17:18:08,836 [INFO]  Saved checkpoint to "./imputer_model/2_heart/imputer_model_slope/model-0004.params"
2024-03-19 17:18:08,837 [INFO]  Epoch[4] Validation-cross-entropy=0.059196
2024-03-19 17:18:08,837 [INFO]  Epoch[4] Validation-slope-accuracy=0.000000
2024-03-19 17:18:08,837 [INFO]  
========== done (0.07107257843017578 s) fit model
2024-03-19 17:18:14,484 [INFO]  
========== start: fit model
2024-03-19 17:18:14,484 [WARNING]  Already bound, ignoring bind()
2024-03-19 17:18:14,495 [INFO]  Epoch[0] Batch [0-7]	Speed: 12818.92 samples/sec	cross-entropy=7.786461	slope-accuracy=0.000000
2024-03-19 17:18:14,502 [INFO]  Epoch[0] Train-cross-entropy=4.597089
2024-03-19 17:18:14,502 [INFO]  Epoch[0] Train-slope-accuracy=0.000000
2024-03-19 17:18:14,502 [INFO]  Epoch[0] Time cost=0.018
2024-03-19 17:18:14,504 [INFO]  Saved checkpoint to "./imputer_model/2_heart/imputer_model_slope/model-0000.params"
2024-03-19 17:18:14,505 [INFO]  Epoch[0] Validation-cross-entropy=2.477010
2024-03-19 17:18:14,505 [INFO]  Epoch[0] Validation-slope-accuracy=0.000000
2024-03-19 17:18:14,514 [INFO]  Epoch[1] Batch [0-7]	Speed: 14056.74 samples/sec	cross-entropy=2.158802	slope-accuracy=0.000000
2024-03-19 17:18:14,521 [INFO]  Epoch[1] Train-cross-entropy=0.951244
2024-03-19 17:18:14,521 [INFO]  Epoch[1] Train-slope-accuracy=0.000000
2024-03-19 17:18:14,521 [INFO]  Epoch[1] Time cost=0.016
2024-03-19 17:18:14,523 [INFO]  Saved checkpoint to "./imputer_model/2_heart/imputer_model_slope/model-0001.params"
2024-03-19 17:18:14,524 [INFO]  Epoch[1] Validation-cross-entropy=1.184139
2024-03-19 17:18:14,524 [INFO]  Epoch[1] Validation-slope-accuracy=0.000000
2024-03-19 17:18:14,533 [INFO]  Epoch[2] Batch [0-7]	Speed: 13329.99 samples/sec	cross-entropy=0.775994	slope-accuracy=0.000000
2024-03-19 17:18:14,540 [INFO]  Epoch[2] Train-cross-entropy=0.524098
2024-03-19 17:18:14,540 [INFO]  Epoch[2] Train-slope-accuracy=0.000000
2024-03-19 17:18:14,540 [INFO]  Epoch[2] Time cost=0.017
2024-03-19 17:18:14,542 [INFO]  Saved checkpoint to "./imputer_model/2_heart/imputer_model_slope/model-0002.params"
2024-03-19 17:18:14,543 [INFO]  Epoch[2] Validation-cross-entropy=0.922221
2024-03-19 17:18:14,543 [INFO]  Epoch[2] Validation-slope-accuracy=0.000000
2024-03-19 17:18:14,552 [INFO]  Epoch[3] Batch [0-7]	Speed: 14368.01 samples/sec	cross-entropy=0.393286	slope-accuracy=0.000000
2024-03-19 17:18:14,559 [INFO]  Epoch[3] Train-cross-entropy=0.312028
2024-03-19 17:18:14,559 [INFO]  Epoch[3] Train-slope-accuracy=0.000000
2024-03-19 17:18:14,559 [INFO]  Epoch[3] Time cost=0.016
2024-03-19 17:18:14,560 [INFO]  Saved checkpoint to "./imputer_model/2_heart/imputer_model_slope/model-0003.params"
2024-03-19 17:18:14,561 [INFO]  Epoch[3] Validation-cross-entropy=0.906122
2024-03-19 17:18:14,561 [INFO]  Epoch[3] Validation-slope-accuracy=0.000000
2024-03-19 17:18:14,570 [INFO]  Epoch[4] Batch [0-7]	Speed: 14516.30 samples/sec	cross-entropy=0.213702	slope-accuracy=0.000000
2024-03-19 17:18:14,577 [INFO]  Epoch[4] Train-cross-entropy=0.206951
2024-03-19 17:18:14,577 [INFO]  Epoch[4] Train-slope-accuracy=0.000000
2024-03-19 17:18:14,577 [INFO]  Epoch[4] Time cost=0.016
2024-03-19 17:18:14,579 [INFO]  Saved checkpoint to "./imputer_model/2_heart/imputer_model_slope/model-0004.params"
2024-03-19 17:18:14,580 [INFO]  Epoch[4] Validation-cross-entropy=0.514614
2024-03-19 17:18:14,580 [INFO]  Epoch[4] Validation-slope-accuracy=0.000000
2024-03-19 17:18:14,580 [INFO]  
========== done (0.0960988998413086 s) fit model
2024-03-19 17:18:19,016 [INFO]  
========== start: fit model
2024-03-19 17:18:19,016 [WARNING]  Already bound, ignoring bind()
2024-03-19 17:18:19,022 [INFO]  Epoch[0] Batch [0-7]	Speed: 26202.70 samples/sec	cross-entropy=17.876304	slope-accuracy=0.000000
2024-03-19 17:18:19,026 [INFO]  Epoch[0] Train-cross-entropy=8.043861
2024-03-19 17:18:19,026 [INFO]  Epoch[0] Train-slope-accuracy=0.000000
2024-03-19 17:18:19,026 [INFO]  Epoch[0] Time cost=0.009
2024-03-19 17:18:19,028 [INFO]  Saved checkpoint to "./imputer_model/2_heart/imputer_model_slope/model-0000.params"
2024-03-19 17:18:19,028 [INFO]  Epoch[0] Validation-cross-entropy=3.570200
2024-03-19 17:18:19,028 [INFO]  Epoch[0] Validation-slope-accuracy=0.000000
2024-03-19 17:18:19,034 [INFO]  Epoch[1] Batch [0-7]	Speed: 25215.35 samples/sec	cross-entropy=4.413689	slope-accuracy=0.000000
2024-03-19 17:18:19,066 [INFO]  Epoch[1] Train-cross-entropy=2.499008
2024-03-19 17:18:19,066 [INFO]  Epoch[1] Train-slope-accuracy=0.000000
2024-03-19 17:18:19,066 [INFO]  Epoch[1] Time cost=0.037
2024-03-19 17:18:19,068 [INFO]  Saved checkpoint to "./imputer_model/2_heart/imputer_model_slope/model-0001.params"
2024-03-19 17:18:19,069 [INFO]  Epoch[1] Validation-cross-entropy=1.018012
2024-03-19 17:18:19,069 [INFO]  Epoch[1] Validation-slope-accuracy=0.000000
2024-03-19 17:18:19,076 [INFO]  Epoch[2] Batch [0-7]	Speed: 19619.20 samples/sec	cross-entropy=1.145251	slope-accuracy=0.000000
2024-03-19 17:18:19,100 [INFO]  Epoch[2] Train-cross-entropy=0.800727
2024-03-19 17:18:19,100 [INFO]  Epoch[2] Train-slope-accuracy=0.000000
2024-03-19 17:18:19,100 [INFO]  Epoch[2] Time cost=0.031
2024-03-19 17:18:19,104 [INFO]  Saved checkpoint to "./imputer_model/2_heart/imputer_model_slope/model-0002.params"
2024-03-19 17:18:19,106 [INFO]  Epoch[2] Validation-cross-entropy=0.954599
2024-03-19 17:18:19,106 [INFO]  Epoch[2] Validation-slope-accuracy=0.000000
2024-03-19 17:18:19,114 [INFO]  Epoch[3] Batch [0-7]	Speed: 15402.03 samples/sec	cross-entropy=0.583900	slope-accuracy=0.000000
2024-03-19 17:18:19,121 [INFO]  Epoch[3] Train-cross-entropy=0.505134
2024-03-19 17:18:19,121 [INFO]  Epoch[3] Train-slope-accuracy=0.000000
2024-03-19 17:18:19,121 [INFO]  Epoch[3] Time cost=0.015
2024-03-19 17:18:19,123 [INFO]  Saved checkpoint to "./imputer_model/2_heart/imputer_model_slope/model-0003.params"
2024-03-19 17:18:19,125 [INFO]  Epoch[3] Validation-cross-entropy=0.337776
2024-03-19 17:18:19,125 [INFO]  Epoch[3] Validation-slope-accuracy=0.000000
2024-03-19 17:18:19,133 [INFO]  Epoch[4] Batch [0-7]	Speed: 15272.34 samples/sec	cross-entropy=0.404116	slope-accuracy=0.000000
2024-03-19 17:18:19,140 [INFO]  Epoch[4] Train-cross-entropy=0.329996
2024-03-19 17:18:19,140 [INFO]  Epoch[4] Train-slope-accuracy=0.000000
2024-03-19 17:18:19,140 [INFO]  Epoch[4] Time cost=0.015
2024-03-19 17:18:19,142 [INFO]  Saved checkpoint to "./imputer_model/2_heart/imputer_model_slope/model-0004.params"
2024-03-19 17:18:19,143 [INFO]  Epoch[4] Validation-cross-entropy=0.262653
2024-03-19 17:18:19,144 [INFO]  Epoch[4] Validation-slope-accuracy=0.000000
2024-03-19 17:18:19,144 [INFO]  
========== done (0.12827253341674805 s) fit model
2024-03-19 17:18:22,509 [INFO]  
========== start: fit model
2024-03-19 17:18:22,510 [WARNING]  Already bound, ignoring bind()
2024-03-19 17:18:22,557 [INFO]  Epoch[0] Batch [0-7]	Speed: 15150.68 samples/sec	cross-entropy=15.082299	slope-accuracy=2.875000
2024-03-19 17:18:22,568 [INFO]  Epoch[0] Train-cross-entropy=5.258757
2024-03-19 17:18:22,568 [INFO]  Epoch[0] Train-slope-accuracy=3.333333
2024-03-19 17:18:22,568 [INFO]  Epoch[0] Time cost=0.058
2024-03-19 17:18:22,570 [INFO]  Saved checkpoint to "./imputer_model/2_heart/imputer_model_slope/model-0000.params"
2024-03-19 17:18:22,571 [INFO]  Epoch[0] Validation-cross-entropy=2.828497
2024-03-19 17:18:22,571 [INFO]  Epoch[0] Validation-slope-accuracy=0.000000
2024-03-19 17:18:22,580 [INFO]  Epoch[1] Batch [0-7]	Speed: 14334.25 samples/sec	cross-entropy=2.809549	slope-accuracy=2.875000
2024-03-19 17:18:22,587 [INFO]  Epoch[1] Train-cross-entropy=1.003191
2024-03-19 17:18:22,587 [INFO]  Epoch[1] Train-slope-accuracy=3.333333
2024-03-19 17:18:22,587 [INFO]  Epoch[1] Time cost=0.016
2024-03-19 17:18:22,589 [INFO]  Saved checkpoint to "./imputer_model/2_heart/imputer_model_slope/model-0001.params"
2024-03-19 17:18:22,590 [INFO]  Epoch[1] Validation-cross-entropy=0.747526
2024-03-19 17:18:22,590 [INFO]  Epoch[1] Validation-slope-accuracy=0.000000
2024-03-19 17:18:22,599 [INFO]  Epoch[2] Batch [0-7]	Speed: 14960.57 samples/sec	cross-entropy=0.695251	slope-accuracy=2.875000
2024-03-19 17:18:22,605 [INFO]  Epoch[2] Train-cross-entropy=0.562634
2024-03-19 17:18:22,605 [INFO]  Epoch[2] Train-slope-accuracy=3.333333
2024-03-19 17:18:22,605 [INFO]  Epoch[2] Time cost=0.015
2024-03-19 17:18:22,607 [INFO]  Saved checkpoint to "./imputer_model/2_heart/imputer_model_slope/model-0002.params"
2024-03-19 17:18:22,608 [INFO]  Epoch[2] Validation-cross-entropy=0.929360
2024-03-19 17:18:22,608 [INFO]  Epoch[2] Validation-slope-accuracy=0.000000
2024-03-19 17:18:22,620 [INFO]  Epoch[3] Batch [0-7]	Speed: 10812.05 samples/sec	cross-entropy=0.561484	slope-accuracy=2.875000
2024-03-19 17:18:22,624 [INFO]  Epoch[3] Train-cross-entropy=0.299597
2024-03-19 17:18:22,625 [INFO]  Epoch[3] Train-slope-accuracy=3.333333
2024-03-19 17:18:22,625 [INFO]  Epoch[3] Time cost=0.016
2024-03-19 17:18:22,626 [INFO]  Saved checkpoint to "./imputer_model/2_heart/imputer_model_slope/model-0003.params"
2024-03-19 17:18:22,627 [INFO]  Epoch[3] Validation-cross-entropy=0.644027
2024-03-19 17:18:22,627 [INFO]  Epoch[3] Validation-slope-accuracy=0.000000
2024-03-19 17:18:22,633 [INFO]  Epoch[4] Batch [0-7]	Speed: 20388.09 samples/sec	cross-entropy=0.307447	slope-accuracy=2.875000
2024-03-19 17:18:22,638 [INFO]  Epoch[4] Train-cross-entropy=0.189681
2024-03-19 17:18:22,638 [INFO]  Epoch[4] Train-slope-accuracy=3.333333
2024-03-19 17:18:22,638 [INFO]  Epoch[4] Time cost=0.011
2024-03-19 17:18:22,640 [INFO]  Saved checkpoint to "./imputer_model/2_heart/imputer_model_slope/model-0004.params"
2024-03-19 17:18:22,641 [INFO]  Epoch[4] Validation-cross-entropy=0.433336
2024-03-19 17:18:22,641 [INFO]  Epoch[4] Validation-slope-accuracy=0.000000
2024-03-19 17:18:22,641 [INFO]  
========== done (0.13123106956481934 s) fit model
2024-03-19 17:18:24,898 [INFO]  
========== start: fit model
2024-03-19 17:18:24,898 [WARNING]  Already bound, ignoring bind()
2024-03-19 17:18:24,906 [INFO]  Epoch[0] Batch [0-7]	Speed: 19564.45 samples/sec	cross-entropy=12.252141	slope-accuracy=3.250000
2024-03-19 17:18:24,911 [INFO]  Epoch[0] Train-cross-entropy=5.155090
2024-03-19 17:18:24,911 [INFO]  Epoch[0] Train-slope-accuracy=4.666667
2024-03-19 17:18:24,911 [INFO]  Epoch[0] Time cost=0.012
2024-03-19 17:18:24,912 [INFO]  Saved checkpoint to "./imputer_model/2_heart/imputer_model_slope/model-0000.params"
2024-03-19 17:18:24,913 [INFO]  Epoch[0] Validation-cross-entropy=3.618095
2024-03-19 17:18:24,913 [INFO]  Epoch[0] Validation-slope-accuracy=0.000000
2024-03-19 17:18:24,919 [INFO]  Epoch[1] Batch [0-7]	Speed: 21686.00 samples/sec	cross-entropy=1.770134	slope-accuracy=3.250000
2024-03-19 17:18:24,924 [INFO]  Epoch[1] Train-cross-entropy=0.722676
2024-03-19 17:18:24,924 [INFO]  Epoch[1] Train-slope-accuracy=4.666667
2024-03-19 17:18:24,924 [INFO]  Epoch[1] Time cost=0.011
2024-03-19 17:18:24,926 [INFO]  Saved checkpoint to "./imputer_model/2_heart/imputer_model_slope/model-0001.params"
2024-03-19 17:18:24,927 [INFO]  Epoch[1] Validation-cross-entropy=0.399299
2024-03-19 17:18:24,927 [INFO]  Epoch[1] Validation-slope-accuracy=0.000000
2024-03-19 17:18:24,967 [INFO]  Epoch[2] Batch [0-7]	Speed: 2841.65 samples/sec	cross-entropy=0.887189	slope-accuracy=3.250000
2024-03-19 17:18:24,973 [INFO]  Epoch[2] Train-cross-entropy=0.594755
2024-03-19 17:18:24,973 [INFO]  Epoch[2] Train-slope-accuracy=4.666667
2024-03-19 17:18:24,973 [INFO]  Epoch[2] Time cost=0.047
2024-03-19 17:18:24,975 [INFO]  Saved checkpoint to "./imputer_model/2_heart/imputer_model_slope/model-0002.params"
2024-03-19 17:18:24,976 [INFO]  Epoch[2] Validation-cross-entropy=0.218767
2024-03-19 17:18:24,976 [INFO]  Epoch[2] Validation-slope-accuracy=0.000000
2024-03-19 17:18:24,993 [INFO]  Epoch[3] Batch [0-7]	Speed: 7233.56 samples/sec	cross-entropy=0.451382	slope-accuracy=3.250000
2024-03-19 17:18:25,000 [INFO]  Epoch[3] Train-cross-entropy=0.207317
2024-03-19 17:18:25,000 [INFO]  Epoch[3] Train-slope-accuracy=4.666667
2024-03-19 17:18:25,000 [INFO]  Epoch[3] Time cost=0.024
2024-03-19 17:18:25,001 [INFO]  Saved checkpoint to "./imputer_model/2_heart/imputer_model_slope/model-0003.params"
2024-03-19 17:18:25,005 [INFO]  Epoch[3] Validation-cross-entropy=0.139632
2024-03-19 17:18:25,005 [INFO]  Epoch[3] Validation-slope-accuracy=0.000000
2024-03-19 17:18:25,012 [INFO]  Epoch[4] Batch [0-7]	Speed: 16745.52 samples/sec	cross-entropy=0.219433	slope-accuracy=3.250000
2024-03-19 17:18:25,020 [INFO]  Epoch[4] Train-cross-entropy=0.134054
2024-03-19 17:18:25,020 [INFO]  Epoch[4] Train-slope-accuracy=4.666667
2024-03-19 17:18:25,020 [INFO]  Epoch[4] Time cost=0.015
2024-03-19 17:18:25,021 [INFO]  Saved checkpoint to "./imputer_model/2_heart/imputer_model_slope/model-0004.params"
2024-03-19 17:18:25,023 [INFO]  Epoch[4] Validation-cross-entropy=0.107513
2024-03-19 17:18:25,023 [INFO]  Epoch[4] Validation-slope-accuracy=0.000000
2024-03-19 17:18:25,023 [INFO]  
========== done (0.12504959106445312 s) fit model
2024-03-19 17:18:29,417 [INFO]  
========== start: fit model
2024-03-19 17:18:29,417 [WARNING]  Already bound, ignoring bind()
2024-03-19 17:18:29,424 [INFO]  Epoch[0] Batch [0-7]	Speed: 20683.43 samples/sec	cross-entropy=11.059403	slope-accuracy=0.000000
2024-03-19 17:18:29,429 [INFO]  Epoch[0] Train-cross-entropy=3.578196
2024-03-19 17:18:29,429 [INFO]  Epoch[0] Train-slope-accuracy=0.000000
2024-03-19 17:18:29,429 [INFO]  Epoch[0] Time cost=0.012
2024-03-19 17:18:29,431 [INFO]  Saved checkpoint to "./imputer_model/2_heart/imputer_model_slope/model-0000.params"
2024-03-19 17:18:29,432 [INFO]  Epoch[0] Validation-cross-entropy=2.946726
2024-03-19 17:18:29,432 [INFO]  Epoch[0] Validation-slope-accuracy=0.000000
2024-03-19 17:18:29,438 [INFO]  Epoch[1] Batch [0-7]	Speed: 21718.08 samples/sec	cross-entropy=1.915105	slope-accuracy=0.000000
2024-03-19 17:18:29,445 [INFO]  Epoch[1] Train-cross-entropy=1.168299
2024-03-19 17:18:29,445 [INFO]  Epoch[1] Train-slope-accuracy=0.000000
2024-03-19 17:18:29,445 [INFO]  Epoch[1] Time cost=0.013
2024-03-19 17:18:29,447 [INFO]  Saved checkpoint to "./imputer_model/2_heart/imputer_model_slope/model-0001.params"
2024-03-19 17:18:29,448 [INFO]  Epoch[1] Validation-cross-entropy=0.790231
2024-03-19 17:18:29,448 [INFO]  Epoch[1] Validation-slope-accuracy=0.000000
2024-03-19 17:18:29,457 [INFO]  Epoch[2] Batch [0-7]	Speed: 14498.38 samples/sec	cross-entropy=0.722378	slope-accuracy=0.000000
2024-03-19 17:18:29,464 [INFO]  Epoch[2] Train-cross-entropy=0.494786
2024-03-19 17:18:29,464 [INFO]  Epoch[2] Train-slope-accuracy=0.000000
2024-03-19 17:18:29,464 [INFO]  Epoch[2] Time cost=0.016
2024-03-19 17:18:29,466 [INFO]  Saved checkpoint to "./imputer_model/2_heart/imputer_model_slope/model-0002.params"
2024-03-19 17:18:29,467 [INFO]  Epoch[2] Validation-cross-entropy=0.435394
2024-03-19 17:18:29,467 [INFO]  Epoch[2] Validation-slope-accuracy=0.000000
2024-03-19 17:18:29,472 [INFO]  Epoch[3] Batch [0-7]	Speed: 25399.41 samples/sec	cross-entropy=0.354968	slope-accuracy=0.000000
2024-03-19 17:18:29,477 [INFO]  Epoch[3] Train-cross-entropy=0.300784
2024-03-19 17:18:29,477 [INFO]  Epoch[3] Train-slope-accuracy=0.000000
2024-03-19 17:18:29,477 [INFO]  Epoch[3] Time cost=0.010
2024-03-19 17:18:29,479 [INFO]  Saved checkpoint to "./imputer_model/2_heart/imputer_model_slope/model-0003.params"
2024-03-19 17:18:29,480 [INFO]  Epoch[3] Validation-cross-entropy=0.784857
2024-03-19 17:18:29,480 [INFO]  Epoch[3] Validation-slope-accuracy=0.000000
2024-03-19 17:18:29,486 [INFO]  Epoch[4] Batch [0-7]	Speed: 20293.85 samples/sec	cross-entropy=0.246817	slope-accuracy=0.000000
2024-03-19 17:18:29,491 [INFO]  Epoch[4] Train-cross-entropy=0.198149
2024-03-19 17:18:29,491 [INFO]  Epoch[4] Train-slope-accuracy=0.000000
2024-03-19 17:18:29,491 [INFO]  Epoch[4] Time cost=0.011
2024-03-19 17:18:29,492 [INFO]  Saved checkpoint to "./imputer_model/2_heart/imputer_model_slope/model-0004.params"
2024-03-19 17:18:29,493 [INFO]  Epoch[4] Validation-cross-entropy=0.572129
2024-03-19 17:18:29,493 [INFO]  Epoch[4] Validation-slope-accuracy=0.000000
2024-03-19 17:18:29,493 [INFO]  
========== done (0.07659292221069336 s) fit model
2024-03-19 17:18:31,246 [INFO]  
========== start: fit model
2024-03-19 17:18:31,246 [WARNING]  Already bound, ignoring bind()
2024-03-19 17:18:31,252 [INFO]  Epoch[0] Batch [0-7]	Speed: 27865.82 samples/sec	cross-entropy=18.155269	slope-accuracy=3.125000
2024-03-19 17:18:31,256 [INFO]  Epoch[0] Train-cross-entropy=7.332952
2024-03-19 17:18:31,256 [INFO]  Epoch[0] Train-slope-accuracy=2.666667
2024-03-19 17:18:31,256 [INFO]  Epoch[0] Time cost=0.009
2024-03-19 17:18:31,257 [INFO]  Saved checkpoint to "./imputer_model/2_heart/imputer_model_slope/model-0000.params"
2024-03-19 17:18:31,258 [INFO]  Epoch[0] Validation-cross-entropy=2.467093
2024-03-19 17:18:31,258 [INFO]  Epoch[0] Validation-slope-accuracy=0.000000
2024-03-19 17:18:31,263 [INFO]  Epoch[1] Batch [0-7]	Speed: 28208.85 samples/sec	cross-entropy=2.530816	slope-accuracy=3.125000
2024-03-19 17:18:31,266 [INFO]  Epoch[1] Train-cross-entropy=1.972403
2024-03-19 17:18:31,266 [INFO]  Epoch[1] Train-slope-accuracy=2.666667
2024-03-19 17:18:31,266 [INFO]  Epoch[1] Time cost=0.008
2024-03-19 17:18:31,268 [INFO]  Saved checkpoint to "./imputer_model/2_heart/imputer_model_slope/model-0001.params"
2024-03-19 17:18:31,268 [INFO]  Epoch[1] Validation-cross-entropy=1.568277
2024-03-19 17:18:31,268 [INFO]  Epoch[1] Validation-slope-accuracy=0.000000
2024-03-19 17:18:31,273 [INFO]  Epoch[2] Batch [0-7]	Speed: 27737.49 samples/sec	cross-entropy=0.633966	slope-accuracy=3.125000
2024-03-19 17:18:31,277 [INFO]  Epoch[2] Train-cross-entropy=0.582341
2024-03-19 17:18:31,277 [INFO]  Epoch[2] Train-slope-accuracy=2.666667
2024-03-19 17:18:31,277 [INFO]  Epoch[2] Time cost=0.008
2024-03-19 17:18:31,278 [INFO]  Saved checkpoint to "./imputer_model/2_heart/imputer_model_slope/model-0002.params"
2024-03-19 17:18:31,279 [INFO]  Epoch[2] Validation-cross-entropy=0.360071
2024-03-19 17:18:31,279 [INFO]  Epoch[2] Validation-slope-accuracy=0.000000
2024-03-19 17:18:31,283 [INFO]  Epoch[3] Batch [0-7]	Speed: 28581.29 samples/sec	cross-entropy=0.344223	slope-accuracy=3.125000
2024-03-19 17:18:31,287 [INFO]  Epoch[3] Train-cross-entropy=0.196648
2024-03-19 17:18:31,287 [INFO]  Epoch[3] Train-slope-accuracy=2.666667
2024-03-19 17:18:31,287 [INFO]  Epoch[3] Time cost=0.008
2024-03-19 17:18:31,288 [INFO]  Saved checkpoint to "./imputer_model/2_heart/imputer_model_slope/model-0003.params"
2024-03-19 17:18:31,289 [INFO]  Epoch[3] Validation-cross-entropy=0.080039
2024-03-19 17:18:31,289 [INFO]  Epoch[3] Validation-slope-accuracy=0.000000
2024-03-19 17:18:31,309 [INFO]  Epoch[4] Batch [0-7]	Speed: 5822.97 samples/sec	cross-entropy=0.095624	slope-accuracy=3.125000
2024-03-19 17:18:31,313 [INFO]  Epoch[4] Train-cross-entropy=0.118278
2024-03-19 17:18:31,313 [INFO]  Epoch[4] Train-slope-accuracy=2.666667
2024-03-19 17:18:31,313 [INFO]  Epoch[4] Time cost=0.024
2024-03-19 17:18:31,314 [INFO]  Saved checkpoint to "./imputer_model/2_heart/imputer_model_slope/model-0004.params"
2024-03-19 17:18:31,327 [INFO]  Epoch[4] Validation-cross-entropy=0.048352
2024-03-19 17:18:31,327 [INFO]  Epoch[4] Validation-slope-accuracy=0.000000
2024-03-19 17:18:31,328 [INFO]  
========== done (0.08158349990844727 s) fit model
2024-03-19 17:18:35,869 [INFO]  
========== start: fit model
2024-03-19 17:18:35,869 [WARNING]  Already bound, ignoring bind()
2024-03-19 17:18:35,885 [INFO]  Epoch[0] Batch [0-7]	Speed: 15310.67 samples/sec	cross-entropy=7.233357	slope-accuracy=0.000000
2024-03-19 17:18:35,892 [INFO]  Epoch[0] Train-cross-entropy=3.567867
2024-03-19 17:18:35,892 [INFO]  Epoch[0] Train-slope-accuracy=0.000000
2024-03-19 17:18:35,892 [INFO]  Epoch[0] Time cost=0.022
2024-03-19 17:18:35,894 [INFO]  Saved checkpoint to "./imputer_model/2_heart/imputer_model_slope/model-0000.params"
2024-03-19 17:18:35,895 [INFO]  Epoch[0] Validation-cross-entropy=0.941431
2024-03-19 17:18:35,895 [INFO]  Epoch[0] Validation-slope-accuracy=0.000000
2024-03-19 17:18:35,904 [INFO]  Epoch[1] Batch [0-7]	Speed: 13989.34 samples/sec	cross-entropy=0.917399	slope-accuracy=0.000000
2024-03-19 17:18:35,911 [INFO]  Epoch[1] Train-cross-entropy=0.713631
2024-03-19 17:18:35,912 [INFO]  Epoch[1] Train-slope-accuracy=0.000000
2024-03-19 17:18:35,912 [INFO]  Epoch[1] Time cost=0.017
2024-03-19 17:18:35,913 [INFO]  Saved checkpoint to "./imputer_model/2_heart/imputer_model_slope/model-0001.params"
2024-03-19 17:18:35,915 [INFO]  Epoch[1] Validation-cross-entropy=1.212193
2024-03-19 17:18:35,915 [INFO]  Epoch[1] Validation-slope-accuracy=0.000000
2024-03-19 17:18:35,924 [INFO]  Epoch[2] Batch [0-7]	Speed: 13797.05 samples/sec	cross-entropy=0.698641	slope-accuracy=0.000000
2024-03-19 17:18:35,932 [INFO]  Epoch[2] Train-cross-entropy=0.275379
2024-03-19 17:18:35,932 [INFO]  Epoch[2] Train-slope-accuracy=0.000000
2024-03-19 17:18:35,932 [INFO]  Epoch[2] Time cost=0.017
2024-03-19 17:18:35,934 [INFO]  Saved checkpoint to "./imputer_model/2_heart/imputer_model_slope/model-0002.params"
2024-03-19 17:18:35,935 [INFO]  Epoch[2] Validation-cross-entropy=0.374704
2024-03-19 17:18:35,935 [INFO]  Epoch[2] Validation-slope-accuracy=0.000000
2024-03-19 17:18:35,946 [INFO]  Epoch[3] Batch [0-7]	Speed: 11332.95 samples/sec	cross-entropy=0.170919	slope-accuracy=0.000000
2024-03-19 17:18:35,953 [INFO]  Epoch[3] Train-cross-entropy=0.187282
2024-03-19 17:18:35,953 [INFO]  Epoch[3] Train-slope-accuracy=0.000000
2024-03-19 17:18:35,953 [INFO]  Epoch[3] Time cost=0.018
2024-03-19 17:18:35,955 [INFO]  Saved checkpoint to "./imputer_model/2_heart/imputer_model_slope/model-0003.params"
2024-03-19 17:18:35,956 [INFO]  Epoch[3] Validation-cross-entropy=0.112223
2024-03-19 17:18:35,956 [INFO]  Epoch[3] Validation-slope-accuracy=0.000000
2024-03-19 17:18:35,966 [INFO]  Epoch[4] Batch [0-7]	Speed: 14181.92 samples/sec	cross-entropy=0.083422	slope-accuracy=0.000000
2024-03-19 17:18:35,973 [INFO]  Epoch[4] Train-cross-entropy=0.110210
2024-03-19 17:18:35,973 [INFO]  Epoch[4] Train-slope-accuracy=0.000000
2024-03-19 17:18:35,973 [INFO]  Epoch[4] Time cost=0.016
2024-03-19 17:18:35,975 [INFO]  Saved checkpoint to "./imputer_model/2_heart/imputer_model_slope/model-0004.params"
2024-03-19 17:18:35,976 [INFO]  Epoch[4] Validation-cross-entropy=0.121140
2024-03-19 17:18:35,976 [INFO]  Epoch[4] Validation-slope-accuracy=0.000000
2024-03-19 17:18:35,976 [INFO]  
========== done (0.10698485374450684 s) fit model
2024-03-19 17:18:39,754 [INFO]  
========== start: fit model
2024-03-19 17:18:39,754 [WARNING]  Already bound, ignoring bind()
2024-03-19 17:18:39,779 [INFO]  Epoch[0] Batch [0-7]	Speed: 18427.10 samples/sec	cross-entropy=9.471990	slope-accuracy=0.000000
2024-03-19 17:18:39,783 [INFO]  Epoch[0] Train-cross-entropy=1.879409
2024-03-19 17:18:39,783 [INFO]  Epoch[0] Train-slope-accuracy=0.000000
2024-03-19 17:18:39,783 [INFO]  Epoch[0] Time cost=0.028
2024-03-19 17:18:39,784 [INFO]  Saved checkpoint to "./imputer_model/2_heart/imputer_model_slope/model-0000.params"
2024-03-19 17:18:39,785 [INFO]  Epoch[0] Validation-cross-entropy=1.069929
2024-03-19 17:18:39,785 [INFO]  Epoch[0] Validation-slope-accuracy=0.000000
2024-03-19 17:18:39,791 [INFO]  Epoch[1] Batch [0-7]	Speed: 24149.81 samples/sec	cross-entropy=1.132671	slope-accuracy=0.000000
2024-03-19 17:18:39,795 [INFO]  Epoch[1] Train-cross-entropy=0.746541
2024-03-19 17:18:39,795 [INFO]  Epoch[1] Train-slope-accuracy=0.000000
2024-03-19 17:18:39,795 [INFO]  Epoch[1] Time cost=0.010
2024-03-19 17:18:39,796 [INFO]  Saved checkpoint to "./imputer_model/2_heart/imputer_model_slope/model-0001.params"
2024-03-19 17:18:39,797 [INFO]  Epoch[1] Validation-cross-entropy=0.371794
2024-03-19 17:18:39,797 [INFO]  Epoch[1] Validation-slope-accuracy=0.000000
2024-03-19 17:18:39,806 [INFO]  Epoch[2] Batch [0-7]	Speed: 14931.57 samples/sec	cross-entropy=0.592788	slope-accuracy=0.000000
2024-03-19 17:18:39,813 [INFO]  Epoch[2] Train-cross-entropy=0.149863
2024-03-19 17:18:39,813 [INFO]  Epoch[2] Train-slope-accuracy=0.000000
2024-03-19 17:18:39,813 [INFO]  Epoch[2] Time cost=0.016
2024-03-19 17:18:39,816 [INFO]  Saved checkpoint to "./imputer_model/2_heart/imputer_model_slope/model-0002.params"
2024-03-19 17:18:39,816 [INFO]  Epoch[2] Validation-cross-entropy=0.175400
2024-03-19 17:18:39,816 [INFO]  Epoch[2] Validation-slope-accuracy=0.000000
2024-03-19 17:18:39,828 [INFO]  Epoch[3] Batch [0-7]	Speed: 10958.34 samples/sec	cross-entropy=0.194442	slope-accuracy=0.000000
2024-03-19 17:18:39,837 [INFO]  Epoch[3] Train-cross-entropy=0.070761
2024-03-19 17:18:39,837 [INFO]  Epoch[3] Train-slope-accuracy=0.000000
2024-03-19 17:18:39,837 [INFO]  Epoch[3] Time cost=0.021
2024-03-19 17:18:39,840 [INFO]  Saved checkpoint to "./imputer_model/2_heart/imputer_model_slope/model-0003.params"
2024-03-19 17:18:39,841 [INFO]  Epoch[3] Validation-cross-entropy=0.127111
2024-03-19 17:18:39,841 [INFO]  Epoch[3] Validation-slope-accuracy=0.000000
2024-03-19 17:18:39,853 [INFO]  Epoch[4] Batch [0-7]	Speed: 10828.75 samples/sec	cross-entropy=0.084157	slope-accuracy=0.000000
2024-03-19 17:18:39,862 [INFO]  Epoch[4] Train-cross-entropy=0.032220
2024-03-19 17:18:39,862 [INFO]  Epoch[4] Train-slope-accuracy=0.000000
2024-03-19 17:18:39,862 [INFO]  Epoch[4] Time cost=0.021
2024-03-19 17:18:39,864 [INFO]  Saved checkpoint to "./imputer_model/2_heart/imputer_model_slope/model-0004.params"
2024-03-19 17:18:39,865 [INFO]  Epoch[4] Validation-cross-entropy=0.072843
2024-03-19 17:18:39,865 [INFO]  Epoch[4] Validation-slope-accuracy=0.000000
2024-03-19 17:18:39,865 [INFO]  
========== done (0.1112828254699707 s) fit model
2024-03-19 17:18:43,195 [INFO]  
========== start: fit model
2024-03-19 17:18:43,195 [WARNING]  Already bound, ignoring bind()
2024-03-19 17:18:43,209 [INFO]  Epoch[0] Batch [0-7]	Speed: 24142.36 samples/sec	cross-entropy=13.799168	slope-accuracy=0.000000
2024-03-19 17:18:43,223 [INFO]  Epoch[0] Train-cross-entropy=5.002640
2024-03-19 17:18:43,223 [INFO]  Epoch[0] Train-slope-accuracy=0.000000
2024-03-19 17:18:43,223 [INFO]  Epoch[0] Time cost=0.027
2024-03-19 17:18:43,227 [INFO]  Saved checkpoint to "./imputer_model/2_heart/imputer_model_slope/model-0000.params"
2024-03-19 17:18:43,242 [INFO]  Epoch[0] Validation-cross-entropy=19.789050
2024-03-19 17:18:43,242 [INFO]  Epoch[0] Validation-slope-accuracy=0.000000
2024-03-19 17:18:43,251 [INFO]  Epoch[1] Batch [0-7]	Speed: 15940.35 samples/sec	cross-entropy=1.752386	slope-accuracy=0.000000
2024-03-19 17:18:43,257 [INFO]  Epoch[1] Train-cross-entropy=1.456868
2024-03-19 17:18:43,258 [INFO]  Epoch[1] Train-slope-accuracy=0.000000
2024-03-19 17:18:43,258 [INFO]  Epoch[1] Time cost=0.015
2024-03-19 17:18:43,260 [INFO]  Saved checkpoint to "./imputer_model/2_heart/imputer_model_slope/model-0001.params"
2024-03-19 17:18:43,262 [INFO]  Epoch[1] Validation-cross-entropy=3.067717
2024-03-19 17:18:43,263 [INFO]  Epoch[1] Validation-slope-accuracy=0.000000
2024-03-19 17:18:43,272 [INFO]  Epoch[2] Batch [0-7]	Speed: 14597.50 samples/sec	cross-entropy=1.148549	slope-accuracy=0.000000
2024-03-19 17:18:43,278 [INFO]  Epoch[2] Train-cross-entropy=0.301179
2024-03-19 17:18:43,278 [INFO]  Epoch[2] Train-slope-accuracy=0.000000
2024-03-19 17:18:43,279 [INFO]  Epoch[2] Time cost=0.016
2024-03-19 17:18:43,281 [INFO]  Saved checkpoint to "./imputer_model/2_heart/imputer_model_slope/model-0002.params"
2024-03-19 17:18:43,282 [INFO]  Epoch[2] Validation-cross-entropy=0.109556
2024-03-19 17:18:43,283 [INFO]  Epoch[2] Validation-slope-accuracy=0.000000
2024-03-19 17:18:43,292 [INFO]  Epoch[3] Batch [0-7]	Speed: 14252.92 samples/sec	cross-entropy=0.151258	slope-accuracy=0.000000
2024-03-19 17:18:43,299 [INFO]  Epoch[3] Train-cross-entropy=0.183924
2024-03-19 17:18:43,299 [INFO]  Epoch[3] Train-slope-accuracy=0.000000
2024-03-19 17:18:43,299 [INFO]  Epoch[3] Time cost=0.017
2024-03-19 17:18:43,302 [INFO]  Saved checkpoint to "./imputer_model/2_heart/imputer_model_slope/model-0003.params"
2024-03-19 17:18:43,303 [INFO]  Epoch[3] Validation-cross-entropy=0.083344
2024-03-19 17:18:43,303 [INFO]  Epoch[3] Validation-slope-accuracy=0.000000
2024-03-19 17:18:43,312 [INFO]  Epoch[4] Batch [0-7]	Speed: 14546.42 samples/sec	cross-entropy=0.110009	slope-accuracy=0.000000
2024-03-19 17:18:43,319 [INFO]  Epoch[4] Train-cross-entropy=0.075225
2024-03-19 17:18:43,319 [INFO]  Epoch[4] Train-slope-accuracy=0.000000
2024-03-19 17:18:43,320 [INFO]  Epoch[4] Time cost=0.016
2024-03-19 17:18:43,322 [INFO]  Saved checkpoint to "./imputer_model/2_heart/imputer_model_slope/model-0004.params"
2024-03-19 17:18:43,323 [INFO]  Epoch[4] Validation-cross-entropy=0.126546
2024-03-19 17:18:43,323 [INFO]  Epoch[4] Validation-slope-accuracy=0.000000
2024-03-19 17:18:43,324 [INFO]  
========== done (0.12883234024047852 s) fit model
2024-03-19 17:18:49,217 [INFO]  
========== start: fit model
2024-03-19 17:18:49,217 [WARNING]  Already bound, ignoring bind()
2024-03-19 17:18:49,337 [INFO]  Epoch[0] Batch [0-7]	Speed: 15228.28 samples/sec	cross-entropy=14.975106	slope-accuracy=3.875000
2024-03-19 17:18:49,343 [INFO]  Epoch[0] Train-cross-entropy=5.994237
2024-03-19 17:18:49,343 [INFO]  Epoch[0] Train-slope-accuracy=2.333333
2024-03-19 17:18:49,343 [INFO]  Epoch[0] Time cost=0.125
2024-03-19 17:18:49,345 [INFO]  Saved checkpoint to "./imputer_model/2_heart/imputer_model_slope/model-0000.params"
2024-03-19 17:18:49,363 [INFO]  Epoch[0] Validation-cross-entropy=6.128202
2024-03-19 17:18:49,363 [INFO]  Epoch[0] Validation-slope-accuracy=0.000000
2024-03-19 17:18:49,379 [INFO]  Epoch[1] Batch [0-7]	Speed: 7400.39 samples/sec	cross-entropy=3.275633	slope-accuracy=3.875000
2024-03-19 17:18:49,388 [INFO]  Epoch[1] Train-cross-entropy=0.968688
2024-03-19 17:18:49,388 [INFO]  Epoch[1] Train-slope-accuracy=2.333333
2024-03-19 17:18:49,388 [INFO]  Epoch[1] Time cost=0.025
2024-03-19 17:18:49,389 [INFO]  Saved checkpoint to "./imputer_model/2_heart/imputer_model_slope/model-0001.params"
2024-03-19 17:18:49,391 [INFO]  Epoch[1] Validation-cross-entropy=0.772425
2024-03-19 17:18:49,391 [INFO]  Epoch[1] Validation-slope-accuracy=0.000000
2024-03-19 17:18:49,399 [INFO]  Epoch[2] Batch [0-7]	Speed: 15459.31 samples/sec	cross-entropy=0.740362	slope-accuracy=3.875000
2024-03-19 17:18:49,406 [INFO]  Epoch[2] Train-cross-entropy=0.365857
2024-03-19 17:18:49,406 [INFO]  Epoch[2] Train-slope-accuracy=2.333333
2024-03-19 17:18:49,406 [INFO]  Epoch[2] Time cost=0.015
2024-03-19 17:18:49,407 [INFO]  Saved checkpoint to "./imputer_model/2_heart/imputer_model_slope/model-0002.params"
2024-03-19 17:18:49,408 [INFO]  Epoch[2] Validation-cross-entropy=0.989026
2024-03-19 17:18:49,408 [INFO]  Epoch[2] Validation-slope-accuracy=0.000000
2024-03-19 17:18:49,417 [INFO]  Epoch[3] Batch [0-7]	Speed: 15447.11 samples/sec	cross-entropy=0.371265	slope-accuracy=3.875000
2024-03-19 17:18:49,423 [INFO]  Epoch[3] Train-cross-entropy=0.204545
2024-03-19 17:18:49,423 [INFO]  Epoch[3] Train-slope-accuracy=2.333333
2024-03-19 17:18:49,424 [INFO]  Epoch[3] Time cost=0.015
2024-03-19 17:18:49,425 [INFO]  Saved checkpoint to "./imputer_model/2_heart/imputer_model_slope/model-0003.params"
2024-03-19 17:18:49,429 [INFO]  Epoch[3] Validation-cross-entropy=0.596471
2024-03-19 17:18:49,429 [INFO]  Epoch[3] Validation-slope-accuracy=0.000000
2024-03-19 17:18:49,439 [INFO]  Epoch[4] Batch [0-7]	Speed: 16926.53 samples/sec	cross-entropy=0.200085	slope-accuracy=3.875000
2024-03-19 17:18:49,442 [INFO]  Epoch[4] Train-cross-entropy=0.121312
2024-03-19 17:18:49,442 [INFO]  Epoch[4] Train-slope-accuracy=2.333333
2024-03-19 17:18:49,442 [INFO]  Epoch[4] Time cost=0.014
2024-03-19 17:18:49,444 [INFO]  Saved checkpoint to "./imputer_model/2_heart/imputer_model_slope/model-0004.params"
2024-03-19 17:18:49,444 [INFO]  Epoch[4] Validation-cross-entropy=0.453639
2024-03-19 17:18:49,445 [INFO]  Epoch[4] Validation-slope-accuracy=0.000000
2024-03-19 17:18:49,445 [INFO]  
========== done (0.22746515274047852 s) fit model
2024-03-19 17:18:53,443 [INFO]  
========== start: fit model
2024-03-19 17:18:53,444 [WARNING]  Already bound, ignoring bind()
2024-03-19 17:18:53,459 [INFO]  Epoch[0] Batch [0-7]	Speed: 10081.16 samples/sec	cross-entropy=13.101572	slope-accuracy=0.000000
2024-03-19 17:18:53,468 [INFO]  Epoch[0] Train-cross-entropy=9.797847
2024-03-19 17:18:53,468 [INFO]  Epoch[0] Train-slope-accuracy=0.000000
2024-03-19 17:18:53,468 [INFO]  Epoch[0] Time cost=0.024
2024-03-19 17:18:53,472 [INFO]  Saved checkpoint to "./imputer_model/2_heart/imputer_model_slope/model-0000.params"
2024-03-19 17:18:53,473 [INFO]  Epoch[0] Validation-cross-entropy=5.231189
2024-03-19 17:18:53,473 [INFO]  Epoch[0] Validation-slope-accuracy=0.000000
2024-03-19 17:18:53,485 [INFO]  Epoch[1] Batch [0-7]	Speed: 10570.94 samples/sec	cross-entropy=3.711751	slope-accuracy=0.000000
2024-03-19 17:18:53,494 [INFO]  Epoch[1] Train-cross-entropy=1.642375
2024-03-19 17:18:53,495 [INFO]  Epoch[1] Train-slope-accuracy=0.000000
2024-03-19 17:18:53,495 [INFO]  Epoch[1] Time cost=0.022
2024-03-19 17:18:53,498 [INFO]  Saved checkpoint to "./imputer_model/2_heart/imputer_model_slope/model-0001.params"
2024-03-19 17:18:53,499 [INFO]  Epoch[1] Validation-cross-entropy=0.682656
2024-03-19 17:18:53,500 [INFO]  Epoch[1] Validation-slope-accuracy=0.000000
2024-03-19 17:18:53,545 [INFO]  Epoch[2] Batch [0-7]	Speed: 2946.57 samples/sec	cross-entropy=0.897281	slope-accuracy=0.000000
2024-03-19 17:18:53,554 [INFO]  Epoch[2] Train-cross-entropy=0.834440
2024-03-19 17:18:53,554 [INFO]  Epoch[2] Train-slope-accuracy=0.000000
2024-03-19 17:18:53,554 [INFO]  Epoch[2] Time cost=0.054
2024-03-19 17:18:53,557 [INFO]  Saved checkpoint to "./imputer_model/2_heart/imputer_model_slope/model-0002.params"
2024-03-19 17:18:53,558 [INFO]  Epoch[2] Validation-cross-entropy=0.275739
2024-03-19 17:18:53,558 [INFO]  Epoch[2] Validation-slope-accuracy=0.000000
2024-03-19 17:18:53,570 [INFO]  Epoch[3] Batch [0-7]	Speed: 11180.29 samples/sec	cross-entropy=0.303389	slope-accuracy=0.000000
2024-03-19 17:18:53,578 [INFO]  Epoch[3] Train-cross-entropy=0.365740
2024-03-19 17:18:53,579 [INFO]  Epoch[3] Train-slope-accuracy=0.000000
2024-03-19 17:18:53,579 [INFO]  Epoch[3] Time cost=0.020
2024-03-19 17:18:53,582 [INFO]  Saved checkpoint to "./imputer_model/2_heart/imputer_model_slope/model-0003.params"
2024-03-19 17:18:53,583 [INFO]  Epoch[3] Validation-cross-entropy=0.400869
2024-03-19 17:18:53,583 [INFO]  Epoch[3] Validation-slope-accuracy=0.000000
2024-03-19 17:18:53,596 [INFO]  Epoch[4] Batch [0-7]	Speed: 11139.19 samples/sec	cross-entropy=0.207684	slope-accuracy=0.000000
2024-03-19 17:18:53,605 [INFO]  Epoch[4] Train-cross-entropy=0.255703
2024-03-19 17:18:53,605 [INFO]  Epoch[4] Train-slope-accuracy=0.000000
2024-03-19 17:18:53,605 [INFO]  Epoch[4] Time cost=0.022
2024-03-19 17:18:53,608 [INFO]  Saved checkpoint to "./imputer_model/2_heart/imputer_model_slope/model-0004.params"
2024-03-19 17:18:53,609 [INFO]  Epoch[4] Validation-cross-entropy=0.160189
2024-03-19 17:18:53,609 [INFO]  Epoch[4] Validation-slope-accuracy=0.000000
2024-03-19 17:18:53,609 [INFO]  
========== done (0.16596126556396484 s) fit model
2024-03-19 17:18:56,056 [INFO]  
========== start: fit model
2024-03-19 17:18:56,056 [WARNING]  Already bound, ignoring bind()
2024-03-19 17:18:56,089 [INFO]  Epoch[0] Batch [0-7]	Speed: 14139.66 samples/sec	cross-entropy=13.317196	slope-accuracy=3.250000
2024-03-19 17:18:56,095 [INFO]  Epoch[0] Train-cross-entropy=1.594812
2024-03-19 17:18:56,096 [INFO]  Epoch[0] Train-slope-accuracy=2.666667
2024-03-19 17:18:56,096 [INFO]  Epoch[0] Time cost=0.038
2024-03-19 17:18:56,098 [INFO]  Saved checkpoint to "./imputer_model/2_heart/imputer_model_slope/model-0000.params"
2024-03-19 17:18:56,099 [INFO]  Epoch[0] Validation-cross-entropy=0.732777
2024-03-19 17:18:56,099 [INFO]  Epoch[0] Validation-slope-accuracy=0.000000
2024-03-19 17:18:56,108 [INFO]  Epoch[1] Batch [0-7]	Speed: 15142.87 samples/sec	cross-entropy=1.630743	slope-accuracy=3.250000
2024-03-19 17:18:56,114 [INFO]  Epoch[1] Train-cross-entropy=0.767556
2024-03-19 17:18:56,114 [INFO]  Epoch[1] Train-slope-accuracy=2.666667
2024-03-19 17:18:56,114 [INFO]  Epoch[1] Time cost=0.015
2024-03-19 17:18:56,119 [INFO]  Saved checkpoint to "./imputer_model/2_heart/imputer_model_slope/model-0001.params"
2024-03-19 17:18:56,212 [INFO]  Epoch[1] Validation-cross-entropy=0.193705
2024-03-19 17:18:56,212 [INFO]  Epoch[1] Validation-slope-accuracy=0.000000
2024-03-19 17:18:56,221 [INFO]  Epoch[2] Batch [0-7]	Speed: 15120.45 samples/sec	cross-entropy=0.182008	slope-accuracy=3.250000
2024-03-19 17:18:56,227 [INFO]  Epoch[2] Train-cross-entropy=0.151276
2024-03-19 17:18:56,227 [INFO]  Epoch[2] Train-slope-accuracy=2.666667
2024-03-19 17:18:56,228 [INFO]  Epoch[2] Time cost=0.015
2024-03-19 17:18:56,229 [INFO]  Saved checkpoint to "./imputer_model/2_heart/imputer_model_slope/model-0002.params"
2024-03-19 17:18:56,230 [INFO]  Epoch[2] Validation-cross-entropy=0.432401
2024-03-19 17:18:56,230 [INFO]  Epoch[2] Validation-slope-accuracy=0.000000
2024-03-19 17:18:56,239 [INFO]  Epoch[3] Batch [0-7]	Speed: 15148.24 samples/sec	cross-entropy=0.153402	slope-accuracy=3.250000
2024-03-19 17:18:56,246 [INFO]  Epoch[3] Train-cross-entropy=0.041035
2024-03-19 17:18:56,246 [INFO]  Epoch[3] Train-slope-accuracy=2.666667
2024-03-19 17:18:56,246 [INFO]  Epoch[3] Time cost=0.016
2024-03-19 17:18:56,248 [INFO]  Saved checkpoint to "./imputer_model/2_heart/imputer_model_slope/model-0003.params"
2024-03-19 17:18:56,249 [INFO]  Epoch[3] Validation-cross-entropy=0.035759
2024-03-19 17:18:56,249 [INFO]  Epoch[3] Validation-slope-accuracy=0.000000
2024-03-19 17:18:56,259 [INFO]  Epoch[4] Batch [0-7]	Speed: 14267.64 samples/sec	cross-entropy=0.042002	slope-accuracy=3.250000
2024-03-19 17:18:56,265 [INFO]  Epoch[4] Train-cross-entropy=0.027407
2024-03-19 17:18:56,266 [INFO]  Epoch[4] Train-slope-accuracy=2.666667
2024-03-19 17:18:56,266 [INFO]  Epoch[4] Time cost=0.016
2024-03-19 17:18:56,268 [INFO]  Saved checkpoint to "./imputer_model/2_heart/imputer_model_slope/model-0004.params"
2024-03-19 17:18:56,269 [INFO]  Epoch[4] Validation-cross-entropy=0.025133
2024-03-19 17:18:56,269 [INFO]  Epoch[4] Validation-slope-accuracy=0.000000
2024-03-19 17:18:56,269 [INFO]  
========== done (0.21319937705993652 s) fit model
2024-03-19 17:19:02,896 [INFO]  
========== start: fit model
2024-03-19 17:19:02,896 [WARNING]  Already bound, ignoring bind()
2024-03-19 17:19:02,918 [INFO]  Epoch[0] Batch [0-7]	Speed: 6596.95 samples/sec	cross-entropy=13.438138	slope-accuracy=0.000000
2024-03-19 17:19:02,932 [INFO]  Epoch[0] Train-cross-entropy=9.852298
2024-03-19 17:19:02,932 [INFO]  Epoch[0] Train-slope-accuracy=0.000000
2024-03-19 17:19:02,932 [INFO]  Epoch[0] Time cost=0.035
2024-03-19 17:19:02,934 [INFO]  Saved checkpoint to "./imputer_model/2_heart/imputer_model_slope/model-0000.params"
2024-03-19 17:19:02,935 [INFO]  Epoch[0] Validation-cross-entropy=4.816339
2024-03-19 17:19:02,935 [INFO]  Epoch[0] Validation-slope-accuracy=0.000000
2024-03-19 17:19:02,945 [INFO]  Epoch[1] Batch [0-7]	Speed: 13943.66 samples/sec	cross-entropy=3.340733	slope-accuracy=0.000000
2024-03-19 17:19:02,952 [INFO]  Epoch[1] Train-cross-entropy=1.254305
2024-03-19 17:19:02,952 [INFO]  Epoch[1] Train-slope-accuracy=0.000000
2024-03-19 17:19:02,952 [INFO]  Epoch[1] Time cost=0.017
2024-03-19 17:19:02,954 [INFO]  Saved checkpoint to "./imputer_model/2_heart/imputer_model_slope/model-0001.params"
2024-03-19 17:19:02,955 [INFO]  Epoch[1] Validation-cross-entropy=1.367440
2024-03-19 17:19:02,955 [INFO]  Epoch[1] Validation-slope-accuracy=0.000000
2024-03-19 17:19:02,965 [INFO]  Epoch[2] Batch [0-7]	Speed: 13884.73 samples/sec	cross-entropy=0.762395	slope-accuracy=0.000000
2024-03-19 17:19:02,971 [INFO]  Epoch[2] Train-cross-entropy=0.996987
2024-03-19 17:19:02,971 [INFO]  Epoch[2] Train-slope-accuracy=0.000000
2024-03-19 17:19:02,971 [INFO]  Epoch[2] Time cost=0.016
2024-03-19 17:19:02,973 [INFO]  Saved checkpoint to "./imputer_model/2_heart/imputer_model_slope/model-0002.params"
2024-03-19 17:19:02,974 [INFO]  Epoch[2] Validation-cross-entropy=0.459928
2024-03-19 17:19:02,974 [INFO]  Epoch[2] Validation-slope-accuracy=0.000000
2024-03-19 17:19:02,984 [INFO]  Epoch[3] Batch [0-7]	Speed: 14007.28 samples/sec	cross-entropy=0.497570	slope-accuracy=0.000000
2024-03-19 17:19:02,991 [INFO]  Epoch[3] Train-cross-entropy=0.448338
2024-03-19 17:19:02,991 [INFO]  Epoch[3] Train-slope-accuracy=0.000000
2024-03-19 17:19:02,991 [INFO]  Epoch[3] Time cost=0.016
2024-03-19 17:19:02,992 [INFO]  Saved checkpoint to "./imputer_model/2_heart/imputer_model_slope/model-0003.params"
2024-03-19 17:19:02,994 [INFO]  Epoch[3] Validation-cross-entropy=0.366503
2024-03-19 17:19:02,994 [INFO]  Epoch[3] Validation-slope-accuracy=0.000000
2024-03-19 17:19:03,003 [INFO]  Epoch[4] Batch [0-7]	Speed: 14101.04 samples/sec	cross-entropy=0.323786	slope-accuracy=0.000000
2024-03-19 17:19:03,010 [INFO]  Epoch[4] Train-cross-entropy=0.276940
2024-03-19 17:19:03,010 [INFO]  Epoch[4] Train-slope-accuracy=0.000000
2024-03-19 17:19:03,010 [INFO]  Epoch[4] Time cost=0.016
2024-03-19 17:19:03,011 [INFO]  Saved checkpoint to "./imputer_model/2_heart/imputer_model_slope/model-0004.params"
2024-03-19 17:19:03,013 [INFO]  Epoch[4] Validation-cross-entropy=0.364184
2024-03-19 17:19:03,013 [INFO]  Epoch[4] Validation-slope-accuracy=0.000000
2024-03-19 17:19:03,013 [INFO]  
========== done (0.11667370796203613 s) fit model
2024-03-19 17:19:04,664 [INFO]  
========== start: fit model
2024-03-19 17:19:04,664 [WARNING]  Already bound, ignoring bind()
2024-03-19 17:19:04,777 [INFO]  Epoch[0] Batch [0-7]	Speed: 12786.82 samples/sec	cross-entropy=11.652935	slope-accuracy=3.375000
2024-03-19 17:19:04,784 [INFO]  Epoch[0] Train-cross-entropy=1.648393
2024-03-19 17:19:04,784 [INFO]  Epoch[0] Train-slope-accuracy=2.666667
2024-03-19 17:19:04,784 [INFO]  Epoch[0] Time cost=0.119
2024-03-19 17:19:04,787 [INFO]  Saved checkpoint to "./imputer_model/2_heart/imputer_model_slope/model-0000.params"
2024-03-19 17:19:04,788 [INFO]  Epoch[0] Validation-cross-entropy=1.998201
2024-03-19 17:19:04,788 [INFO]  Epoch[0] Validation-slope-accuracy=0.000000
2024-03-19 17:19:04,797 [INFO]  Epoch[1] Batch [0-7]	Speed: 14343.44 samples/sec	cross-entropy=1.238628	slope-accuracy=3.375000
2024-03-19 17:19:04,804 [INFO]  Epoch[1] Train-cross-entropy=1.018151
2024-03-19 17:19:04,805 [INFO]  Epoch[1] Train-slope-accuracy=2.666667
2024-03-19 17:19:04,805 [INFO]  Epoch[1] Time cost=0.016
2024-03-19 17:19:04,807 [INFO]  Saved checkpoint to "./imputer_model/2_heart/imputer_model_slope/model-0001.params"
2024-03-19 17:19:04,808 [INFO]  Epoch[1] Validation-cross-entropy=0.716369
2024-03-19 17:19:04,809 [INFO]  Epoch[1] Validation-slope-accuracy=0.000000
2024-03-19 17:19:04,818 [INFO]  Epoch[2] Batch [0-7]	Speed: 14082.44 samples/sec	cross-entropy=0.688830	slope-accuracy=3.375000
2024-03-19 17:19:04,825 [INFO]  Epoch[2] Train-cross-entropy=0.123833
2024-03-19 17:19:04,825 [INFO]  Epoch[2] Train-slope-accuracy=2.666667
2024-03-19 17:19:04,825 [INFO]  Epoch[2] Time cost=0.017
2024-03-19 17:19:04,828 [INFO]  Saved checkpoint to "./imputer_model/2_heart/imputer_model_slope/model-0002.params"
2024-03-19 17:19:04,829 [INFO]  Epoch[2] Validation-cross-entropy=0.270179
2024-03-19 17:19:04,829 [INFO]  Epoch[2] Validation-slope-accuracy=0.000000
2024-03-19 17:19:04,839 [INFO]  Epoch[3] Batch [0-7]	Speed: 13746.99 samples/sec	cross-entropy=0.181297	slope-accuracy=3.375000
2024-03-19 17:19:04,846 [INFO]  Epoch[3] Train-cross-entropy=0.039955
2024-03-19 17:19:04,846 [INFO]  Epoch[3] Train-slope-accuracy=2.666667
2024-03-19 17:19:04,846 [INFO]  Epoch[3] Time cost=0.017
2024-03-19 17:19:04,849 [INFO]  Saved checkpoint to "./imputer_model/2_heart/imputer_model_slope/model-0003.params"
2024-03-19 17:19:04,850 [INFO]  Epoch[3] Validation-cross-entropy=0.034818
2024-03-19 17:19:04,850 [INFO]  Epoch[3] Validation-slope-accuracy=0.000000
2024-03-19 17:19:04,859 [INFO]  Epoch[4] Batch [0-7]	Speed: 14197.35 samples/sec	cross-entropy=0.017207	slope-accuracy=3.375000
2024-03-19 17:19:04,871 [INFO]  Epoch[4] Train-cross-entropy=0.019606
2024-03-19 17:19:04,871 [INFO]  Epoch[4] Train-slope-accuracy=2.666667
2024-03-19 17:19:04,871 [INFO]  Epoch[4] Time cost=0.020
2024-03-19 17:19:04,873 [INFO]  Saved checkpoint to "./imputer_model/2_heart/imputer_model_slope/model-0004.params"
2024-03-19 17:19:04,874 [INFO]  Epoch[4] Validation-cross-entropy=0.018199
2024-03-19 17:19:04,874 [INFO]  Epoch[4] Validation-slope-accuracy=0.000000
2024-03-19 17:19:04,875 [INFO]  
========== done (0.210418701171875 s) fit model
2024-03-19 17:19:09,715 [INFO]  
========== start: fit model
2024-03-19 17:19:09,715 [WARNING]  Already bound, ignoring bind()
2024-03-19 17:19:09,729 [INFO]  Epoch[0] Batch [0-7]	Speed: 13527.68 samples/sec	cross-entropy=15.094254	slope-accuracy=2.375000
2024-03-19 17:19:09,736 [INFO]  Epoch[0] Train-cross-entropy=6.511901
2024-03-19 17:19:09,736 [INFO]  Epoch[0] Train-slope-accuracy=3.500000
2024-03-19 17:19:09,736 [INFO]  Epoch[0] Time cost=0.020
2024-03-19 17:19:09,738 [INFO]  Saved checkpoint to "./imputer_model/2_heart/imputer_model_slope/model-0000.params"
2024-03-19 17:19:09,739 [INFO]  Epoch[0] Validation-cross-entropy=4.249059
2024-03-19 17:19:09,739 [INFO]  Epoch[0] Validation-slope-accuracy=0.000000
2024-03-19 17:19:09,750 [INFO]  Epoch[1] Batch [0-7]	Speed: 12824.17 samples/sec	cross-entropy=1.894589	slope-accuracy=2.375000
2024-03-19 17:19:09,757 [INFO]  Epoch[1] Train-cross-entropy=0.859780
2024-03-19 17:19:09,757 [INFO]  Epoch[1] Train-slope-accuracy=3.500000
2024-03-19 17:19:09,757 [INFO]  Epoch[1] Time cost=0.017
2024-03-19 17:19:09,759 [INFO]  Saved checkpoint to "./imputer_model/2_heart/imputer_model_slope/model-0001.params"
2024-03-19 17:19:09,760 [INFO]  Epoch[1] Validation-cross-entropy=0.415001
2024-03-19 17:19:09,760 [INFO]  Epoch[1] Validation-slope-accuracy=0.000000
2024-03-19 17:19:09,769 [INFO]  Epoch[2] Batch [0-7]	Speed: 14058.00 samples/sec	cross-entropy=0.554548	slope-accuracy=2.375000
2024-03-19 17:19:09,776 [INFO]  Epoch[2] Train-cross-entropy=0.360072
2024-03-19 17:19:09,776 [INFO]  Epoch[2] Train-slope-accuracy=3.500000
2024-03-19 17:19:09,776 [INFO]  Epoch[2] Time cost=0.016
2024-03-19 17:19:09,778 [INFO]  Saved checkpoint to "./imputer_model/2_heart/imputer_model_slope/model-0002.params"
2024-03-19 17:19:09,779 [INFO]  Epoch[2] Validation-cross-entropy=0.516838
2024-03-19 17:19:09,779 [INFO]  Epoch[2] Validation-slope-accuracy=0.000000
2024-03-19 17:19:09,789 [INFO]  Epoch[3] Batch [0-7]	Speed: 13568.31 samples/sec	cross-entropy=0.348850	slope-accuracy=2.375000
2024-03-19 17:19:09,796 [INFO]  Epoch[3] Train-cross-entropy=0.150909
2024-03-19 17:19:09,796 [INFO]  Epoch[3] Train-slope-accuracy=3.500000
2024-03-19 17:19:09,796 [INFO]  Epoch[3] Time cost=0.017
2024-03-19 17:19:09,798 [INFO]  Saved checkpoint to "./imputer_model/2_heart/imputer_model_slope/model-0003.params"
2024-03-19 17:19:09,799 [INFO]  Epoch[3] Validation-cross-entropy=0.198396
2024-03-19 17:19:09,800 [INFO]  Epoch[3] Validation-slope-accuracy=0.000000
2024-03-19 17:19:09,809 [INFO]  Epoch[4] Batch [0-7]	Speed: 13998.93 samples/sec	cross-entropy=0.119799	slope-accuracy=2.375000
2024-03-19 17:19:09,816 [INFO]  Epoch[4] Train-cross-entropy=0.119400
2024-03-19 17:19:09,816 [INFO]  Epoch[4] Train-slope-accuracy=3.500000
2024-03-19 17:19:09,816 [INFO]  Epoch[4] Time cost=0.016
2024-03-19 17:19:09,818 [INFO]  Saved checkpoint to "./imputer_model/2_heart/imputer_model_slope/model-0004.params"
2024-03-19 17:19:09,909 [INFO]  Epoch[4] Validation-cross-entropy=0.131124
2024-03-19 17:19:09,909 [INFO]  Epoch[4] Validation-slope-accuracy=0.000000
2024-03-19 17:19:09,909 [INFO]  
========== done (0.1939253807067871 s) fit model
2024-03-19 17:19:15,252 [INFO]  
========== start: fit model
2024-03-19 17:19:15,252 [WARNING]  Already bound, ignoring bind()
2024-03-19 17:19:15,277 [INFO]  Epoch[0] Batch [0-7]	Speed: 5545.01 samples/sec	cross-entropy=13.811069	slope-accuracy=0.000000
2024-03-19 17:19:15,282 [INFO]  Epoch[0] Train-cross-entropy=6.406218
2024-03-19 17:19:15,282 [INFO]  Epoch[0] Train-slope-accuracy=0.000000
2024-03-19 17:19:15,282 [INFO]  Epoch[0] Time cost=0.029
2024-03-19 17:19:15,284 [INFO]  Saved checkpoint to "./imputer_model/2_heart/imputer_model_slope/model-0000.params"
2024-03-19 17:19:15,285 [INFO]  Epoch[0] Validation-cross-entropy=3.917963
2024-03-19 17:19:15,285 [INFO]  Epoch[0] Validation-slope-accuracy=0.000000
2024-03-19 17:19:15,291 [INFO]  Epoch[1] Batch [0-7]	Speed: 21876.87 samples/sec	cross-entropy=3.344920	slope-accuracy=0.000000
2024-03-19 17:19:15,301 [INFO]  Epoch[1] Train-cross-entropy=1.516248
2024-03-19 17:19:15,301 [INFO]  Epoch[1] Train-slope-accuracy=0.000000
2024-03-19 17:19:15,301 [INFO]  Epoch[1] Time cost=0.016
2024-03-19 17:19:15,303 [INFO]  Saved checkpoint to "./imputer_model/2_heart/imputer_model_slope/model-0001.params"
2024-03-19 17:19:15,303 [INFO]  Epoch[1] Validation-cross-entropy=1.991854
2024-03-19 17:19:15,304 [INFO]  Epoch[1] Validation-slope-accuracy=0.000000
2024-03-19 17:19:15,313 [INFO]  Epoch[2] Batch [0-7]	Speed: 14377.68 samples/sec	cross-entropy=1.331700	slope-accuracy=0.000000
2024-03-19 17:19:15,319 [INFO]  Epoch[2] Train-cross-entropy=0.684246
2024-03-19 17:19:15,320 [INFO]  Epoch[2] Train-slope-accuracy=0.000000
2024-03-19 17:19:15,320 [INFO]  Epoch[2] Time cost=0.016
2024-03-19 17:19:15,322 [INFO]  Saved checkpoint to "./imputer_model/2_heart/imputer_model_slope/model-0002.params"
2024-03-19 17:19:15,322 [INFO]  Epoch[2] Validation-cross-entropy=1.097253
2024-03-19 17:19:15,323 [INFO]  Epoch[2] Validation-slope-accuracy=0.000000
2024-03-19 17:19:15,332 [INFO]  Epoch[3] Batch [0-7]	Speed: 14405.46 samples/sec	cross-entropy=0.786410	slope-accuracy=0.000000
2024-03-19 17:19:15,339 [INFO]  Epoch[3] Train-cross-entropy=0.531327
2024-03-19 17:19:15,339 [INFO]  Epoch[3] Train-slope-accuracy=0.000000
2024-03-19 17:19:15,339 [INFO]  Epoch[3] Time cost=0.016
2024-03-19 17:19:15,342 [INFO]  Saved checkpoint to "./imputer_model/2_heart/imputer_model_slope/model-0003.params"
2024-03-19 17:19:15,342 [INFO]  Epoch[3] Validation-cross-entropy=0.622331
2024-03-19 17:19:15,342 [INFO]  Epoch[3] Validation-slope-accuracy=0.000000
2024-03-19 17:19:15,352 [INFO]  Epoch[4] Batch [0-7]	Speed: 14656.25 samples/sec	cross-entropy=0.464188	slope-accuracy=0.000000
2024-03-19 17:19:15,356 [INFO]  Epoch[4] Train-cross-entropy=0.366599
2024-03-19 17:19:15,357 [INFO]  Epoch[4] Train-slope-accuracy=0.000000
2024-03-19 17:19:15,357 [INFO]  Epoch[4] Time cost=0.014
2024-03-19 17:19:15,359 [INFO]  Saved checkpoint to "./imputer_model/2_heart/imputer_model_slope/model-0004.params"
2024-03-19 17:19:15,359 [INFO]  Epoch[4] Validation-cross-entropy=0.532390
2024-03-19 17:19:15,360 [INFO]  Epoch[4] Validation-slope-accuracy=0.000000
2024-03-19 17:19:15,360 [INFO]  
========== done (0.10797739028930664 s) fit model
2024-03-19 17:19:19,209 [INFO]  
========== start: fit model
2024-03-19 17:19:19,209 [WARNING]  Already bound, ignoring bind()
2024-03-19 17:19:19,236 [INFO]  Epoch[0] Batch [0-7]	Speed: 9861.91 samples/sec	cross-entropy=11.575965	slope-accuracy=0.000000
2024-03-19 17:19:19,240 [INFO]  Epoch[0] Train-cross-entropy=5.925566
2024-03-19 17:19:19,240 [INFO]  Epoch[0] Train-slope-accuracy=0.000000
2024-03-19 17:19:19,240 [INFO]  Epoch[0] Time cost=0.030
2024-03-19 17:19:19,242 [INFO]  Saved checkpoint to "./imputer_model/2_heart/imputer_model_slope/model-0000.params"
2024-03-19 17:19:19,243 [INFO]  Epoch[0] Validation-cross-entropy=2.973765
2024-03-19 17:19:19,243 [INFO]  Epoch[0] Validation-slope-accuracy=0.000000
2024-03-19 17:19:19,249 [INFO]  Epoch[1] Batch [0-7]	Speed: 20599.08 samples/sec	cross-entropy=2.623031	slope-accuracy=0.000000
2024-03-19 17:19:19,261 [INFO]  Epoch[1] Train-cross-entropy=0.820151
2024-03-19 17:19:19,261 [INFO]  Epoch[1] Train-slope-accuracy=0.000000
2024-03-19 17:19:19,261 [INFO]  Epoch[1] Time cost=0.018
2024-03-19 17:19:19,263 [INFO]  Saved checkpoint to "./imputer_model/2_heart/imputer_model_slope/model-0001.params"
2024-03-19 17:19:19,265 [INFO]  Epoch[1] Validation-cross-entropy=0.528152
2024-03-19 17:19:19,265 [INFO]  Epoch[1] Validation-slope-accuracy=0.000000
2024-03-19 17:19:19,275 [INFO]  Epoch[2] Batch [0-7]	Speed: 13762.69 samples/sec	cross-entropy=0.651979	slope-accuracy=0.000000
2024-03-19 17:19:19,285 [INFO]  Epoch[2] Train-cross-entropy=0.476458
2024-03-19 17:19:19,285 [INFO]  Epoch[2] Train-slope-accuracy=0.000000
2024-03-19 17:19:19,285 [INFO]  Epoch[2] Time cost=0.020
2024-03-19 17:19:19,287 [INFO]  Saved checkpoint to "./imputer_model/2_heart/imputer_model_slope/model-0002.params"
2024-03-19 17:19:19,289 [INFO]  Epoch[2] Validation-cross-entropy=0.520780
2024-03-19 17:19:19,289 [INFO]  Epoch[2] Validation-slope-accuracy=0.000000
2024-03-19 17:19:19,330 [INFO]  Epoch[3] Batch [0-7]	Speed: 2817.48 samples/sec	cross-entropy=0.429327	slope-accuracy=0.000000
2024-03-19 17:19:19,346 [INFO]  Epoch[3] Train-cross-entropy=0.254596
2024-03-19 17:19:19,346 [INFO]  Epoch[3] Train-slope-accuracy=0.000000
2024-03-19 17:19:19,346 [INFO]  Epoch[3] Time cost=0.058
2024-03-19 17:19:19,350 [INFO]  Saved checkpoint to "./imputer_model/2_heart/imputer_model_slope/model-0003.params"
2024-03-19 17:19:19,407 [INFO]  Epoch[3] Validation-cross-entropy=0.451620
2024-03-19 17:19:19,407 [INFO]  Epoch[3] Validation-slope-accuracy=0.000000
2024-03-19 17:19:19,417 [INFO]  Epoch[4] Batch [0-7]	Speed: 13793.41 samples/sec	cross-entropy=0.350703	slope-accuracy=0.000000
2024-03-19 17:19:19,425 [INFO]  Epoch[4] Train-cross-entropy=0.183369
2024-03-19 17:19:19,425 [INFO]  Epoch[4] Train-slope-accuracy=0.000000
2024-03-19 17:19:19,425 [INFO]  Epoch[4] Time cost=0.018
2024-03-19 17:19:19,427 [INFO]  Saved checkpoint to "./imputer_model/2_heart/imputer_model_slope/model-0004.params"
2024-03-19 17:19:19,429 [INFO]  Epoch[4] Validation-cross-entropy=0.384860
2024-03-19 17:19:19,429 [INFO]  Epoch[4] Validation-slope-accuracy=0.000000
2024-03-19 17:19:19,429 [INFO]  
========== done (0.2201557159423828 s) fit model
2024-03-19 17:19:22,625 [INFO]  
========== start: fit model
2024-03-19 17:19:22,625 [WARNING]  Already bound, ignoring bind()
2024-03-19 17:19:22,637 [INFO]  Epoch[0] Batch [0-7]	Speed: 13411.04 samples/sec	cross-entropy=10.794658	slope-accuracy=0.000000
2024-03-19 17:19:22,662 [INFO]  Epoch[0] Train-cross-entropy=2.504955
2024-03-19 17:19:22,662 [INFO]  Epoch[0] Train-slope-accuracy=0.000000
2024-03-19 17:19:22,662 [INFO]  Epoch[0] Time cost=0.036
2024-03-19 17:19:22,664 [INFO]  Saved checkpoint to "./imputer_model/2_heart/imputer_model_slope/model-0000.params"
2024-03-19 17:19:22,665 [INFO]  Epoch[0] Validation-cross-entropy=1.954302
2024-03-19 17:19:22,665 [INFO]  Epoch[0] Validation-slope-accuracy=0.000000
2024-03-19 17:19:22,674 [INFO]  Epoch[1] Batch [0-7]	Speed: 14850.85 samples/sec	cross-entropy=1.968640	slope-accuracy=0.000000
2024-03-19 17:19:22,681 [INFO]  Epoch[1] Train-cross-entropy=0.718383
2024-03-19 17:19:22,681 [INFO]  Epoch[1] Train-slope-accuracy=0.000000
2024-03-19 17:19:22,681 [INFO]  Epoch[1] Time cost=0.016
2024-03-19 17:19:22,682 [INFO]  Saved checkpoint to "./imputer_model/2_heart/imputer_model_slope/model-0001.params"
2024-03-19 17:19:22,683 [INFO]  Epoch[1] Validation-cross-entropy=0.771757
2024-03-19 17:19:22,684 [INFO]  Epoch[1] Validation-slope-accuracy=0.000000
2024-03-19 17:19:22,693 [INFO]  Epoch[2] Batch [0-7]	Speed: 13855.65 samples/sec	cross-entropy=0.597282	slope-accuracy=0.000000
2024-03-19 17:19:22,700 [INFO]  Epoch[2] Train-cross-entropy=0.366867
2024-03-19 17:19:22,700 [INFO]  Epoch[2] Train-slope-accuracy=0.000000
2024-03-19 17:19:22,700 [INFO]  Epoch[2] Time cost=0.017
2024-03-19 17:19:22,702 [INFO]  Saved checkpoint to "./imputer_model/2_heart/imputer_model_slope/model-0002.params"
2024-03-19 17:19:22,703 [INFO]  Epoch[2] Validation-cross-entropy=0.489663
2024-03-19 17:19:22,703 [INFO]  Epoch[2] Validation-slope-accuracy=0.000000
2024-03-19 17:19:22,713 [INFO]  Epoch[3] Batch [0-7]	Speed: 13756.25 samples/sec	cross-entropy=0.252031	slope-accuracy=0.000000
2024-03-19 17:19:22,720 [INFO]  Epoch[3] Train-cross-entropy=0.187561
2024-03-19 17:19:22,720 [INFO]  Epoch[3] Train-slope-accuracy=0.000000
2024-03-19 17:19:22,720 [INFO]  Epoch[3] Time cost=0.017
2024-03-19 17:19:22,722 [INFO]  Saved checkpoint to "./imputer_model/2_heart/imputer_model_slope/model-0003.params"
2024-03-19 17:19:22,723 [INFO]  Epoch[3] Validation-cross-entropy=0.299850
2024-03-19 17:19:22,723 [INFO]  Epoch[3] Validation-slope-accuracy=0.000000
2024-03-19 17:19:22,733 [INFO]  Epoch[4] Batch [0-7]	Speed: 14057.16 samples/sec	cross-entropy=0.154154	slope-accuracy=0.000000
2024-03-19 17:19:22,740 [INFO]  Epoch[4] Train-cross-entropy=0.103735
2024-03-19 17:19:22,740 [INFO]  Epoch[4] Train-slope-accuracy=0.000000
2024-03-19 17:19:22,740 [INFO]  Epoch[4] Time cost=0.017
2024-03-19 17:19:22,742 [INFO]  Saved checkpoint to "./imputer_model/2_heart/imputer_model_slope/model-0004.params"
2024-03-19 17:19:22,743 [INFO]  Epoch[4] Validation-cross-entropy=0.205802
2024-03-19 17:19:22,743 [INFO]  Epoch[4] Validation-slope-accuracy=0.000000
2024-03-19 17:19:22,743 [INFO]  
========== done (0.11815857887268066 s) fit model
2024-03-19 17:19:26,138 [INFO]  
========== start: fit model
2024-03-19 17:19:26,138 [WARNING]  Already bound, ignoring bind()
2024-03-19 17:19:26,146 [INFO]  Epoch[0] Batch [0-7]	Speed: 21512.21 samples/sec	cross-entropy=8.892558	slope-accuracy=0.000000
2024-03-19 17:19:26,150 [INFO]  Epoch[0] Train-cross-entropy=1.548041
2024-03-19 17:19:26,150 [INFO]  Epoch[0] Train-slope-accuracy=0.000000
2024-03-19 17:19:26,150 [INFO]  Epoch[0] Time cost=0.011
2024-03-19 17:19:26,151 [INFO]  Saved checkpoint to "./imputer_model/2_heart/imputer_model_slope/model-0000.params"
2024-03-19 17:19:26,152 [INFO]  Epoch[0] Validation-cross-entropy=1.479920
2024-03-19 17:19:26,152 [INFO]  Epoch[0] Validation-slope-accuracy=0.000000
2024-03-19 17:19:26,156 [INFO]  Epoch[1] Batch [0-7]	Speed: 28466.98 samples/sec	cross-entropy=1.778603	slope-accuracy=0.000000
2024-03-19 17:19:26,160 [INFO]  Epoch[1] Train-cross-entropy=0.923987
2024-03-19 17:19:26,160 [INFO]  Epoch[1] Train-slope-accuracy=0.000000
2024-03-19 17:19:26,161 [INFO]  Epoch[1] Time cost=0.009
2024-03-19 17:19:26,163 [INFO]  Saved checkpoint to "./imputer_model/2_heart/imputer_model_slope/model-0001.params"
2024-03-19 17:19:26,164 [INFO]  Epoch[1] Validation-cross-entropy=0.330204
2024-03-19 17:19:26,165 [INFO]  Epoch[1] Validation-slope-accuracy=0.000000
2024-03-19 17:19:26,175 [INFO]  Epoch[2] Batch [0-7]	Speed: 12905.91 samples/sec	cross-entropy=0.567098	slope-accuracy=0.000000
2024-03-19 17:19:26,181 [INFO]  Epoch[2] Train-cross-entropy=0.321985
2024-03-19 17:19:26,181 [INFO]  Epoch[2] Train-slope-accuracy=0.000000
2024-03-19 17:19:26,181 [INFO]  Epoch[2] Time cost=0.016
2024-03-19 17:19:26,183 [INFO]  Saved checkpoint to "./imputer_model/2_heart/imputer_model_slope/model-0002.params"
2024-03-19 17:19:26,184 [INFO]  Epoch[2] Validation-cross-entropy=0.218800
2024-03-19 17:19:26,184 [INFO]  Epoch[2] Validation-slope-accuracy=0.000000
2024-03-19 17:19:26,189 [INFO]  Epoch[3] Batch [0-7]	Speed: 25653.24 samples/sec	cross-entropy=0.212310	slope-accuracy=0.000000
2024-03-19 17:19:26,193 [INFO]  Epoch[3] Train-cross-entropy=0.132573
2024-03-19 17:19:26,193 [INFO]  Epoch[3] Train-slope-accuracy=0.000000
2024-03-19 17:19:26,193 [INFO]  Epoch[3] Time cost=0.009
2024-03-19 17:19:26,195 [INFO]  Saved checkpoint to "./imputer_model/2_heart/imputer_model_slope/model-0003.params"
2024-03-19 17:19:26,195 [INFO]  Epoch[3] Validation-cross-entropy=0.055673
2024-03-19 17:19:26,196 [INFO]  Epoch[3] Validation-slope-accuracy=0.000000
2024-03-19 17:19:26,200 [INFO]  Epoch[4] Batch [0-7]	Speed: 28765.05 samples/sec	cross-entropy=0.082471	slope-accuracy=0.000000
2024-03-19 17:19:26,204 [INFO]  Epoch[4] Train-cross-entropy=0.068176
2024-03-19 17:19:26,204 [INFO]  Epoch[4] Train-slope-accuracy=0.000000
2024-03-19 17:19:26,204 [INFO]  Epoch[4] Time cost=0.008
2024-03-19 17:19:26,205 [INFO]  Saved checkpoint to "./imputer_model/2_heart/imputer_model_slope/model-0004.params"
2024-03-19 17:19:26,206 [INFO]  Epoch[4] Validation-cross-entropy=0.040265
2024-03-19 17:19:26,206 [INFO]  Epoch[4] Validation-slope-accuracy=0.000000
2024-03-19 17:19:26,206 [INFO]  
========== done (0.06831121444702148 s) fit model
2024-03-19 17:19:30,606 [INFO]  
========== start: fit model
2024-03-19 17:19:30,606 [WARNING]  Already bound, ignoring bind()
2024-03-19 17:19:30,614 [INFO]  Epoch[0] Batch [0-7]	Speed: 20634.37 samples/sec	cross-entropy=14.123252	slope-accuracy=0.000000
2024-03-19 17:19:30,619 [INFO]  Epoch[0] Train-cross-entropy=2.343060
2024-03-19 17:19:30,619 [INFO]  Epoch[0] Train-slope-accuracy=0.000000
2024-03-19 17:19:30,619 [INFO]  Epoch[0] Time cost=0.012
2024-03-19 17:19:30,620 [INFO]  Saved checkpoint to "./imputer_model/2_heart/imputer_model_slope/model-0000.params"
2024-03-19 17:19:30,624 [INFO]  Epoch[0] Validation-cross-entropy=3.036168
2024-03-19 17:19:30,624 [INFO]  Epoch[0] Validation-slope-accuracy=0.000000
2024-03-19 17:19:30,635 [INFO]  Epoch[1] Batch [0-7]	Speed: 12962.53 samples/sec	cross-entropy=1.670417	slope-accuracy=0.000000
2024-03-19 17:19:30,642 [INFO]  Epoch[1] Train-cross-entropy=0.753966
2024-03-19 17:19:30,642 [INFO]  Epoch[1] Train-slope-accuracy=0.000000
2024-03-19 17:19:30,642 [INFO]  Epoch[1] Time cost=0.018
2024-03-19 17:19:30,644 [INFO]  Saved checkpoint to "./imputer_model/2_heart/imputer_model_slope/model-0001.params"
2024-03-19 17:19:30,645 [INFO]  Epoch[1] Validation-cross-entropy=0.679675
2024-03-19 17:19:30,645 [INFO]  Epoch[1] Validation-slope-accuracy=0.000000
2024-03-19 17:19:30,656 [INFO]  Epoch[2] Batch [0-7]	Speed: 13050.03 samples/sec	cross-entropy=0.778854	slope-accuracy=0.000000
2024-03-19 17:19:30,663 [INFO]  Epoch[2] Train-cross-entropy=0.388831
2024-03-19 17:19:30,663 [INFO]  Epoch[2] Train-slope-accuracy=0.000000
2024-03-19 17:19:30,663 [INFO]  Epoch[2] Time cost=0.018
2024-03-19 17:19:30,665 [INFO]  Saved checkpoint to "./imputer_model/2_heart/imputer_model_slope/model-0002.params"
2024-03-19 17:19:30,666 [INFO]  Epoch[2] Validation-cross-entropy=0.658772
2024-03-19 17:19:30,666 [INFO]  Epoch[2] Validation-slope-accuracy=0.000000
2024-03-19 17:19:30,676 [INFO]  Epoch[3] Batch [0-7]	Speed: 13100.26 samples/sec	cross-entropy=0.316374	slope-accuracy=0.000000
2024-03-19 17:19:30,684 [INFO]  Epoch[3] Train-cross-entropy=0.205052
2024-03-19 17:19:30,684 [INFO]  Epoch[3] Train-slope-accuracy=0.000000
2024-03-19 17:19:30,684 [INFO]  Epoch[3] Time cost=0.018
2024-03-19 17:19:30,686 [INFO]  Saved checkpoint to "./imputer_model/2_heart/imputer_model_slope/model-0003.params"
2024-03-19 17:19:30,687 [INFO]  Epoch[3] Validation-cross-entropy=0.486765
2024-03-19 17:19:30,687 [INFO]  Epoch[3] Validation-slope-accuracy=0.000000
2024-03-19 17:19:30,697 [INFO]  Epoch[4] Batch [0-7]	Speed: 13633.68 samples/sec	cross-entropy=0.186234	slope-accuracy=0.000000
2024-03-19 17:19:30,704 [INFO]  Epoch[4] Train-cross-entropy=0.107876
2024-03-19 17:19:30,704 [INFO]  Epoch[4] Train-slope-accuracy=0.000000
2024-03-19 17:19:30,704 [INFO]  Epoch[4] Time cost=0.017
2024-03-19 17:19:30,706 [INFO]  Saved checkpoint to "./imputer_model/2_heart/imputer_model_slope/model-0004.params"
2024-03-19 17:19:30,707 [INFO]  Epoch[4] Validation-cross-entropy=0.182449
2024-03-19 17:19:30,707 [INFO]  Epoch[4] Validation-slope-accuracy=0.000000
2024-03-19 17:19:30,707 [INFO]  
========== done (0.10131072998046875 s) fit model
2024-03-19 17:19:35,872 [INFO]  
========== start: fit model
2024-03-19 17:19:35,872 [WARNING]  Already bound, ignoring bind()
2024-03-19 17:19:35,884 [INFO]  Epoch[0] Batch [0-7]	Speed: 13984.34 samples/sec	cross-entropy=15.915123	slope-accuracy=3.625000
2024-03-19 17:19:35,891 [INFO]  Epoch[0] Train-cross-entropy=8.732430
2024-03-19 17:19:35,891 [INFO]  Epoch[0] Train-slope-accuracy=2.166667
2024-03-19 17:19:35,891 [INFO]  Epoch[0] Time cost=0.018
2024-03-19 17:19:35,893 [INFO]  Saved checkpoint to "./imputer_model/2_heart/imputer_model_slope/model-0000.params"
2024-03-19 17:19:35,894 [INFO]  Epoch[0] Validation-cross-entropy=2.901709
2024-03-19 17:19:35,894 [INFO]  Epoch[0] Validation-slope-accuracy=0.000000
2024-03-19 17:19:35,904 [INFO]  Epoch[1] Batch [0-7]	Speed: 13234.97 samples/sec	cross-entropy=3.241120	slope-accuracy=3.625000
2024-03-19 17:19:35,911 [INFO]  Epoch[1] Train-cross-entropy=1.914993
2024-03-19 17:19:35,911 [INFO]  Epoch[1] Train-slope-accuracy=2.166667
2024-03-19 17:19:35,911 [INFO]  Epoch[1] Time cost=0.017
2024-03-19 17:19:35,913 [INFO]  Saved checkpoint to "./imputer_model/2_heart/imputer_model_slope/model-0001.params"
2024-03-19 17:19:35,914 [INFO]  Epoch[1] Validation-cross-entropy=0.773355
2024-03-19 17:19:35,914 [INFO]  Epoch[1] Validation-slope-accuracy=0.000000
2024-03-19 17:19:35,924 [INFO]  Epoch[2] Batch [0-7]	Speed: 13519.11 samples/sec	cross-entropy=0.935355	slope-accuracy=3.625000
2024-03-19 17:19:35,931 [INFO]  Epoch[2] Train-cross-entropy=0.757543
2024-03-19 17:19:35,931 [INFO]  Epoch[2] Train-slope-accuracy=2.166667
2024-03-19 17:19:35,932 [INFO]  Epoch[2] Time cost=0.017
2024-03-19 17:19:35,933 [INFO]  Saved checkpoint to "./imputer_model/2_heart/imputer_model_slope/model-0002.params"
2024-03-19 17:19:35,934 [INFO]  Epoch[2] Validation-cross-entropy=0.485566
2024-03-19 17:19:35,935 [INFO]  Epoch[2] Validation-slope-accuracy=0.000000
2024-03-19 17:19:35,944 [INFO]  Epoch[3] Batch [0-7]	Speed: 13660.24 samples/sec	cross-entropy=0.582968	slope-accuracy=3.625000
2024-03-19 17:19:35,951 [INFO]  Epoch[3] Train-cross-entropy=0.417311
2024-03-19 17:19:35,952 [INFO]  Epoch[3] Train-slope-accuracy=2.166667
2024-03-19 17:19:35,952 [INFO]  Epoch[3] Time cost=0.017
2024-03-19 17:19:35,953 [INFO]  Saved checkpoint to "./imputer_model/2_heart/imputer_model_slope/model-0003.params"
2024-03-19 17:19:35,954 [INFO]  Epoch[3] Validation-cross-entropy=0.234165
2024-03-19 17:19:35,955 [INFO]  Epoch[3] Validation-slope-accuracy=0.000000
2024-03-19 17:19:35,964 [INFO]  Epoch[4] Batch [0-7]	Speed: 13761.48 samples/sec	cross-entropy=0.352428	slope-accuracy=3.625000
2024-03-19 17:19:35,971 [INFO]  Epoch[4] Train-cross-entropy=0.247674
2024-03-19 17:19:35,971 [INFO]  Epoch[4] Train-slope-accuracy=2.166667
2024-03-19 17:19:35,971 [INFO]  Epoch[4] Time cost=0.017
2024-03-19 17:19:35,973 [INFO]  Saved checkpoint to "./imputer_model/2_heart/imputer_model_slope/model-0004.params"
2024-03-19 17:19:35,974 [INFO]  Epoch[4] Validation-cross-entropy=0.168100
2024-03-19 17:19:35,974 [INFO]  Epoch[4] Validation-slope-accuracy=0.000000
2024-03-19 17:19:35,974 [INFO]  
========== done (0.10234379768371582 s) fit model
2024-03-19 17:19:38,174 [INFO]  
========== start: fit model
2024-03-19 17:19:38,174 [WARNING]  Already bound, ignoring bind()
2024-03-19 17:19:38,183 [INFO]  Epoch[0] Batch [0-7]	Speed: 19344.51 samples/sec	cross-entropy=7.731694	slope-accuracy=0.000000
2024-03-19 17:19:38,187 [INFO]  Epoch[0] Train-cross-entropy=2.690179
2024-03-19 17:19:38,187 [INFO]  Epoch[0] Train-slope-accuracy=0.000000
2024-03-19 17:19:38,187 [INFO]  Epoch[0] Time cost=0.012
2024-03-19 17:19:38,189 [INFO]  Saved checkpoint to "./imputer_model/2_heart/imputer_model_slope/model-0000.params"
2024-03-19 17:19:38,190 [INFO]  Epoch[0] Validation-cross-entropy=3.033791
2024-03-19 17:19:38,190 [INFO]  Epoch[0] Validation-slope-accuracy=0.000000
2024-03-19 17:19:38,196 [INFO]  Epoch[1] Batch [0-7]	Speed: 21655.01 samples/sec	cross-entropy=3.145100	slope-accuracy=0.000000
2024-03-19 17:19:38,201 [INFO]  Epoch[1] Train-cross-entropy=0.840173
2024-03-19 17:19:38,201 [INFO]  Epoch[1] Train-slope-accuracy=0.000000
2024-03-19 17:19:38,201 [INFO]  Epoch[1] Time cost=0.011
2024-03-19 17:19:38,202 [INFO]  Saved checkpoint to "./imputer_model/2_heart/imputer_model_slope/model-0001.params"
2024-03-19 17:19:38,203 [INFO]  Epoch[1] Validation-cross-entropy=0.634026
2024-03-19 17:19:38,203 [INFO]  Epoch[1] Validation-slope-accuracy=0.000000
2024-03-19 17:19:38,215 [INFO]  Epoch[2] Batch [0-7]	Speed: 9215.00 samples/sec	cross-entropy=0.496525	slope-accuracy=0.000000
2024-03-19 17:19:38,222 [INFO]  Epoch[2] Train-cross-entropy=0.309392
2024-03-19 17:19:38,222 [INFO]  Epoch[2] Train-slope-accuracy=0.000000
2024-03-19 17:19:38,222 [INFO]  Epoch[2] Time cost=0.020
2024-03-19 17:19:38,224 [INFO]  Saved checkpoint to "./imputer_model/2_heart/imputer_model_slope/model-0002.params"
2024-03-19 17:19:38,225 [INFO]  Epoch[2] Validation-cross-entropy=0.053764
2024-03-19 17:19:38,225 [INFO]  Epoch[2] Validation-slope-accuracy=0.000000
2024-03-19 17:19:38,235 [INFO]  Epoch[3] Batch [0-7]	Speed: 13772.78 samples/sec	cross-entropy=0.163579	slope-accuracy=0.000000
2024-03-19 17:19:38,242 [INFO]  Epoch[3] Train-cross-entropy=0.104741
2024-03-19 17:19:38,242 [INFO]  Epoch[3] Train-slope-accuracy=0.000000
2024-03-19 17:19:38,242 [INFO]  Epoch[3] Time cost=0.017
2024-03-19 17:19:38,244 [INFO]  Saved checkpoint to "./imputer_model/2_heart/imputer_model_slope/model-0003.params"
2024-03-19 17:19:38,245 [INFO]  Epoch[3] Validation-cross-entropy=0.076449
2024-03-19 17:19:38,245 [INFO]  Epoch[3] Validation-slope-accuracy=0.000000
2024-03-19 17:19:38,255 [INFO]  Epoch[4] Batch [0-7]	Speed: 13277.24 samples/sec	cross-entropy=0.071655	slope-accuracy=0.000000
2024-03-19 17:19:38,262 [INFO]  Epoch[4] Train-cross-entropy=0.051060
2024-03-19 17:19:38,263 [INFO]  Epoch[4] Train-slope-accuracy=0.000000
2024-03-19 17:19:38,263 [INFO]  Epoch[4] Time cost=0.017
2024-03-19 17:19:38,264 [INFO]  Saved checkpoint to "./imputer_model/2_heart/imputer_model_slope/model-0004.params"
2024-03-19 17:19:38,266 [INFO]  Epoch[4] Validation-cross-entropy=0.029987
2024-03-19 17:19:38,266 [INFO]  Epoch[4] Validation-slope-accuracy=0.000000
2024-03-19 17:19:38,266 [INFO]  
========== done (0.09157848358154297 s) fit model
2024-03-19 17:19:43,843 [INFO]  
========== start: fit model
2024-03-19 17:19:43,843 [WARNING]  Already bound, ignoring bind()
2024-03-19 17:19:43,849 [INFO]  Epoch[0] Batch [0-7]	Speed: 27701.50 samples/sec	cross-entropy=13.762349	slope-accuracy=3.625000
2024-03-19 17:19:43,852 [INFO]  Epoch[0] Train-cross-entropy=7.643452
2024-03-19 17:19:43,852 [INFO]  Epoch[0] Train-slope-accuracy=3.000000
2024-03-19 17:19:43,852 [INFO]  Epoch[0] Time cost=0.009
2024-03-19 17:19:43,853 [INFO]  Saved checkpoint to "./imputer_model/2_heart/imputer_model_slope/model-0000.params"
2024-03-19 17:19:43,854 [INFO]  Epoch[0] Validation-cross-entropy=6.799960
2024-03-19 17:19:43,854 [INFO]  Epoch[0] Validation-slope-accuracy=0.000000
2024-03-19 17:19:43,859 [INFO]  Epoch[1] Batch [0-7]	Speed: 27975.35 samples/sec	cross-entropy=2.068581	slope-accuracy=3.625000
2024-03-19 17:19:43,863 [INFO]  Epoch[1] Train-cross-entropy=1.711862
2024-03-19 17:19:43,863 [INFO]  Epoch[1] Train-slope-accuracy=3.000000
2024-03-19 17:19:43,863 [INFO]  Epoch[1] Time cost=0.008
2024-03-19 17:19:43,864 [INFO]  Saved checkpoint to "./imputer_model/2_heart/imputer_model_slope/model-0001.params"
2024-03-19 17:19:43,865 [INFO]  Epoch[1] Validation-cross-entropy=1.684585
2024-03-19 17:19:43,865 [INFO]  Epoch[1] Validation-slope-accuracy=0.000000
2024-03-19 17:19:43,869 [INFO]  Epoch[2] Batch [0-7]	Speed: 28441.12 samples/sec	cross-entropy=1.251409	slope-accuracy=3.625000
2024-03-19 17:19:43,873 [INFO]  Epoch[2] Train-cross-entropy=0.936487
2024-03-19 17:19:43,873 [INFO]  Epoch[2] Train-slope-accuracy=3.000000
2024-03-19 17:19:43,873 [INFO]  Epoch[2] Time cost=0.008
2024-03-19 17:19:43,874 [INFO]  Saved checkpoint to "./imputer_model/2_heart/imputer_model_slope/model-0002.params"
2024-03-19 17:19:43,875 [INFO]  Epoch[2] Validation-cross-entropy=0.728281
2024-03-19 17:19:43,875 [INFO]  Epoch[2] Validation-slope-accuracy=0.000000
2024-03-19 17:19:43,881 [INFO]  Epoch[3] Batch [0-7]	Speed: 22361.10 samples/sec	cross-entropy=0.650493	slope-accuracy=3.625000
2024-03-19 17:19:43,909 [INFO]  Epoch[3] Train-cross-entropy=0.544916
2024-03-19 17:19:43,909 [INFO]  Epoch[3] Train-slope-accuracy=3.000000
2024-03-19 17:19:43,909 [INFO]  Epoch[3] Time cost=0.034
2024-03-19 17:19:43,911 [INFO]  Saved checkpoint to "./imputer_model/2_heart/imputer_model_slope/model-0003.params"
2024-03-19 17:19:43,912 [INFO]  Epoch[3] Validation-cross-entropy=0.768075
2024-03-19 17:19:43,912 [INFO]  Epoch[3] Validation-slope-accuracy=0.000000
2024-03-19 17:19:43,923 [INFO]  Epoch[4] Batch [0-7]	Speed: 16308.92 samples/sec	cross-entropy=0.397717	slope-accuracy=3.625000
2024-03-19 17:19:43,962 [INFO]  Epoch[4] Train-cross-entropy=0.384616
2024-03-19 17:19:43,962 [INFO]  Epoch[4] Train-slope-accuracy=3.000000
2024-03-19 17:19:43,962 [INFO]  Epoch[4] Time cost=0.050
2024-03-19 17:19:43,963 [INFO]  Saved checkpoint to "./imputer_model/2_heart/imputer_model_slope/model-0004.params"
2024-03-19 17:19:43,964 [INFO]  Epoch[4] Validation-cross-entropy=0.678233
2024-03-19 17:19:43,964 [INFO]  Epoch[4] Validation-slope-accuracy=0.000000
2024-03-19 17:19:43,964 [INFO]  
========== done (0.12186384201049805 s) fit model
2024-03-19 17:19:46,993 [INFO]  
========== start: fit model
2024-03-19 17:19:46,993 [WARNING]  Already bound, ignoring bind()
2024-03-19 17:19:47,009 [INFO]  Epoch[0] Batch [0-7]	Speed: 9154.83 samples/sec	cross-entropy=10.503562	slope-accuracy=0.000000
2024-03-19 17:19:47,017 [INFO]  Epoch[0] Train-cross-entropy=4.696318
2024-03-19 17:19:47,017 [INFO]  Epoch[0] Train-slope-accuracy=0.000000
2024-03-19 17:19:47,017 [INFO]  Epoch[0] Time cost=0.023
2024-03-19 17:19:47,019 [INFO]  Saved checkpoint to "./imputer_model/2_heart/imputer_model_slope/model-0000.params"
2024-03-19 17:19:47,020 [INFO]  Epoch[0] Validation-cross-entropy=4.720129
2024-03-19 17:19:47,020 [INFO]  Epoch[0] Validation-slope-accuracy=0.000000
2024-03-19 17:19:47,030 [INFO]  Epoch[1] Batch [0-7]	Speed: 13075.82 samples/sec	cross-entropy=2.663983	slope-accuracy=0.000000
2024-03-19 17:19:47,037 [INFO]  Epoch[1] Train-cross-entropy=0.983074
2024-03-19 17:19:47,037 [INFO]  Epoch[1] Train-slope-accuracy=0.000000
2024-03-19 17:19:47,037 [INFO]  Epoch[1] Time cost=0.017
2024-03-19 17:19:47,039 [INFO]  Saved checkpoint to "./imputer_model/2_heart/imputer_model_slope/model-0001.params"
2024-03-19 17:19:47,040 [INFO]  Epoch[1] Validation-cross-entropy=1.261749
2024-03-19 17:19:47,040 [INFO]  Epoch[1] Validation-slope-accuracy=0.000000
2024-03-19 17:19:47,055 [INFO]  Epoch[2] Batch [0-7]	Speed: 7921.52 samples/sec	cross-entropy=0.938366	slope-accuracy=0.000000
2024-03-19 17:19:47,059 [INFO]  Epoch[2] Train-cross-entropy=0.653932
2024-03-19 17:19:47,059 [INFO]  Epoch[2] Train-slope-accuracy=0.000000
2024-03-19 17:19:47,059 [INFO]  Epoch[2] Time cost=0.020
2024-03-19 17:19:47,061 [INFO]  Saved checkpoint to "./imputer_model/2_heart/imputer_model_slope/model-0002.params"
2024-03-19 17:19:47,062 [INFO]  Epoch[2] Validation-cross-entropy=0.811410
2024-03-19 17:19:47,062 [INFO]  Epoch[2] Validation-slope-accuracy=0.000000
2024-03-19 17:19:47,068 [INFO]  Epoch[3] Batch [0-7]	Speed: 21358.65 samples/sec	cross-entropy=0.563005	slope-accuracy=0.000000
2024-03-19 17:19:47,072 [INFO]  Epoch[3] Train-cross-entropy=0.367244
2024-03-19 17:19:47,072 [INFO]  Epoch[3] Train-slope-accuracy=0.000000
2024-03-19 17:19:47,073 [INFO]  Epoch[3] Time cost=0.011
2024-03-19 17:19:47,074 [INFO]  Saved checkpoint to "./imputer_model/2_heart/imputer_model_slope/model-0003.params"
2024-03-19 17:19:47,075 [INFO]  Epoch[3] Validation-cross-entropy=0.544385
2024-03-19 17:19:47,075 [INFO]  Epoch[3] Validation-slope-accuracy=0.000000
2024-03-19 17:19:47,081 [INFO]  Epoch[4] Batch [0-7]	Speed: 21137.60 samples/sec	cross-entropy=0.300354	slope-accuracy=0.000000
2024-03-19 17:19:47,086 [INFO]  Epoch[4] Train-cross-entropy=0.252350
2024-03-19 17:19:47,086 [INFO]  Epoch[4] Train-slope-accuracy=0.000000
2024-03-19 17:19:47,086 [INFO]  Epoch[4] Time cost=0.011
2024-03-19 17:19:47,088 [INFO]  Saved checkpoint to "./imputer_model/2_heart/imputer_model_slope/model-0004.params"
2024-03-19 17:19:47,088 [INFO]  Epoch[4] Validation-cross-entropy=0.464627
2024-03-19 17:19:47,089 [INFO]  Epoch[4] Validation-slope-accuracy=0.000000
2024-03-19 17:19:47,089 [INFO]  
========== done (0.09590911865234375 s) fit model
2024-03-19 17:19:48,695 [INFO]  
========== start: fit model
2024-03-19 17:19:48,695 [WARNING]  Already bound, ignoring bind()
2024-03-19 17:19:48,711 [INFO]  Epoch[0] Batch [0-7]	Speed: 12280.08 samples/sec	cross-entropy=9.426938	slope-accuracy=3.250000
2024-03-19 17:19:48,717 [INFO]  Epoch[0] Train-cross-entropy=0.928852
2024-03-19 17:19:48,717 [INFO]  Epoch[0] Train-slope-accuracy=3.000000
2024-03-19 17:19:48,717 [INFO]  Epoch[0] Time cost=0.021
2024-03-19 17:19:48,719 [INFO]  Saved checkpoint to "./imputer_model/2_heart/imputer_model_slope/model-0000.params"
2024-03-19 17:19:48,721 [INFO]  Epoch[0] Validation-cross-entropy=1.262091
2024-03-19 17:19:48,721 [INFO]  Epoch[0] Validation-slope-accuracy=0.000000
2024-03-19 17:19:48,756 [INFO]  Epoch[1] Batch [0-7]	Speed: 3267.89 samples/sec	cross-entropy=1.431352	slope-accuracy=3.250000
2024-03-19 17:19:48,762 [INFO]  Epoch[1] Train-cross-entropy=0.432323
2024-03-19 17:19:48,763 [INFO]  Epoch[1] Train-slope-accuracy=3.000000
2024-03-19 17:19:48,763 [INFO]  Epoch[1] Time cost=0.042
2024-03-19 17:19:48,764 [INFO]  Saved checkpoint to "./imputer_model/2_heart/imputer_model_slope/model-0001.params"
2024-03-19 17:19:48,765 [INFO]  Epoch[1] Validation-cross-entropy=0.092342
2024-03-19 17:19:48,765 [INFO]  Epoch[1] Validation-slope-accuracy=0.000000
2024-03-19 17:19:48,781 [INFO]  Epoch[2] Batch [0-7]	Speed: 7556.45 samples/sec	cross-entropy=0.245663	slope-accuracy=3.250000
2024-03-19 17:19:48,788 [INFO]  Epoch[2] Train-cross-entropy=0.151086
2024-03-19 17:19:48,788 [INFO]  Epoch[2] Train-slope-accuracy=3.000000
2024-03-19 17:19:48,788 [INFO]  Epoch[2] Time cost=0.023
2024-03-19 17:19:48,789 [INFO]  Saved checkpoint to "./imputer_model/2_heart/imputer_model_slope/model-0002.params"
2024-03-19 17:19:48,791 [INFO]  Epoch[2] Validation-cross-entropy=0.098285
2024-03-19 17:19:48,791 [INFO]  Epoch[2] Validation-slope-accuracy=0.000000
2024-03-19 17:19:48,797 [INFO]  Epoch[3] Batch [0-7]	Speed: 20348.35 samples/sec	cross-entropy=0.098795	slope-accuracy=3.250000
2024-03-19 17:19:48,801 [INFO]  Epoch[3] Train-cross-entropy=0.034945
2024-03-19 17:19:48,801 [INFO]  Epoch[3] Train-slope-accuracy=3.000000
2024-03-19 17:19:48,801 [INFO]  Epoch[3] Time cost=0.010
2024-03-19 17:19:48,802 [INFO]  Saved checkpoint to "./imputer_model/2_heart/imputer_model_slope/model-0003.params"
2024-03-19 17:19:48,803 [INFO]  Epoch[3] Validation-cross-entropy=0.020382
2024-03-19 17:19:48,803 [INFO]  Epoch[3] Validation-slope-accuracy=0.000000
2024-03-19 17:19:48,808 [INFO]  Epoch[4] Batch [0-7]	Speed: 28504.98 samples/sec	cross-entropy=0.030933	slope-accuracy=3.250000
2024-03-19 17:19:48,811 [INFO]  Epoch[4] Train-cross-entropy=0.027455
2024-03-19 17:19:48,811 [INFO]  Epoch[4] Train-slope-accuracy=3.000000
2024-03-19 17:19:48,811 [INFO]  Epoch[4] Time cost=0.008
2024-03-19 17:19:48,813 [INFO]  Saved checkpoint to "./imputer_model/2_heart/imputer_model_slope/model-0004.params"
2024-03-19 17:19:48,813 [INFO]  Epoch[4] Validation-cross-entropy=0.008392
2024-03-19 17:19:48,813 [INFO]  Epoch[4] Validation-slope-accuracy=0.000000
2024-03-19 17:19:48,813 [INFO]  
========== done (0.11843538284301758 s) fit model
2024-03-19 17:19:53,027 [INFO]  
========== start: fit model
2024-03-19 17:19:53,027 [WARNING]  Already bound, ignoring bind()
2024-03-19 17:19:53,033 [INFO]  Epoch[0] Batch [0-7]	Speed: 27155.45 samples/sec	cross-entropy=11.378465	slope-accuracy=3.875000
2024-03-19 17:19:53,037 [INFO]  Epoch[0] Train-cross-entropy=5.757610
2024-03-19 17:19:53,037 [INFO]  Epoch[0] Train-slope-accuracy=3.333333
2024-03-19 17:19:53,037 [INFO]  Epoch[0] Time cost=0.009
2024-03-19 17:19:53,039 [INFO]  Saved checkpoint to "./imputer_model/2_heart/imputer_model_slope/model-0000.params"
2024-03-19 17:19:53,040 [INFO]  Epoch[0] Validation-cross-entropy=2.818897
2024-03-19 17:19:53,040 [INFO]  Epoch[0] Validation-slope-accuracy=0.000000
2024-03-19 17:19:53,046 [INFO]  Epoch[1] Batch [0-7]	Speed: 24351.36 samples/sec	cross-entropy=1.432734	slope-accuracy=3.875000
2024-03-19 17:19:53,050 [INFO]  Epoch[1] Train-cross-entropy=1.095475
2024-03-19 17:19:53,050 [INFO]  Epoch[1] Train-slope-accuracy=3.333333
2024-03-19 17:19:53,050 [INFO]  Epoch[1] Time cost=0.009
2024-03-19 17:19:53,052 [INFO]  Saved checkpoint to "./imputer_model/2_heart/imputer_model_slope/model-0001.params"
2024-03-19 17:19:53,055 [INFO]  Epoch[1] Validation-cross-entropy=1.668683
2024-03-19 17:19:53,055 [INFO]  Epoch[1] Validation-slope-accuracy=0.000000
2024-03-19 17:19:53,062 [INFO]  Epoch[2] Batch [0-7]	Speed: 18546.41 samples/sec	cross-entropy=0.582809	slope-accuracy=3.875000
2024-03-19 17:19:53,068 [INFO]  Epoch[2] Train-cross-entropy=0.618084
2024-03-19 17:19:53,068 [INFO]  Epoch[2] Train-slope-accuracy=3.333333
2024-03-19 17:19:53,069 [INFO]  Epoch[2] Time cost=0.014
2024-03-19 17:19:53,071 [INFO]  Saved checkpoint to "./imputer_model/2_heart/imputer_model_slope/model-0002.params"
2024-03-19 17:19:53,072 [INFO]  Epoch[2] Validation-cross-entropy=0.456610
2024-03-19 17:19:53,072 [INFO]  Epoch[2] Validation-slope-accuracy=0.000000
2024-03-19 17:19:53,082 [INFO]  Epoch[3] Batch [0-7]	Speed: 13574.58 samples/sec	cross-entropy=0.267222	slope-accuracy=3.875000
2024-03-19 17:19:53,086 [INFO]  Epoch[3] Train-cross-entropy=0.218637
2024-03-19 17:19:53,086 [INFO]  Epoch[3] Train-slope-accuracy=3.333333
2024-03-19 17:19:53,086 [INFO]  Epoch[3] Time cost=0.013
2024-03-19 17:19:53,087 [INFO]  Saved checkpoint to "./imputer_model/2_heart/imputer_model_slope/model-0003.params"
2024-03-19 17:19:53,088 [INFO]  Epoch[3] Validation-cross-entropy=0.422411
2024-03-19 17:19:53,088 [INFO]  Epoch[3] Validation-slope-accuracy=0.000000
2024-03-19 17:19:53,092 [INFO]  Epoch[4] Batch [0-7]	Speed: 27880.71 samples/sec	cross-entropy=0.168933	slope-accuracy=3.875000
2024-03-19 17:19:53,096 [INFO]  Epoch[4] Train-cross-entropy=0.138488
2024-03-19 17:19:53,096 [INFO]  Epoch[4] Train-slope-accuracy=3.333333
2024-03-19 17:19:53,096 [INFO]  Epoch[4] Time cost=0.008
2024-03-19 17:19:53,097 [INFO]  Saved checkpoint to "./imputer_model/2_heart/imputer_model_slope/model-0004.params"
2024-03-19 17:19:53,098 [INFO]  Epoch[4] Validation-cross-entropy=0.271887
2024-03-19 17:19:53,098 [INFO]  Epoch[4] Validation-slope-accuracy=0.000000
2024-03-19 17:19:53,098 [INFO]  
========== done (0.07114362716674805 s) fit model
2024-03-19 17:19:55,277 [INFO]  
========== start: fit model
2024-03-19 17:19:55,277 [WARNING]  Already bound, ignoring bind()
2024-03-19 17:19:55,284 [INFO]  Epoch[0] Batch [0-7]	Speed: 20772.14 samples/sec	cross-entropy=3.409366	slope-accuracy=0.000000
2024-03-19 17:19:55,296 [INFO]  Epoch[0] Train-cross-entropy=0.586885
2024-03-19 17:19:55,296 [INFO]  Epoch[0] Train-slope-accuracy=0.000000
2024-03-19 17:19:55,296 [INFO]  Epoch[0] Time cost=0.018
2024-03-19 17:19:55,299 [INFO]  Saved checkpoint to "./imputer_model/2_heart/imputer_model_slope/model-0000.params"
2024-03-19 17:19:55,301 [INFO]  Epoch[0] Validation-cross-entropy=0.748514
2024-03-19 17:19:55,301 [INFO]  Epoch[0] Validation-slope-accuracy=0.000000
2024-03-19 17:19:55,310 [INFO]  Epoch[1] Batch [0-7]	Speed: 14470.25 samples/sec	cross-entropy=0.658013	slope-accuracy=0.000000
2024-03-19 17:19:55,317 [INFO]  Epoch[1] Train-cross-entropy=0.364051
2024-03-19 17:19:55,317 [INFO]  Epoch[1] Train-slope-accuracy=0.000000
2024-03-19 17:19:55,317 [INFO]  Epoch[1] Time cost=0.016
2024-03-19 17:19:55,319 [INFO]  Saved checkpoint to "./imputer_model/2_heart/imputer_model_slope/model-0001.params"
2024-03-19 17:19:55,320 [INFO]  Epoch[1] Validation-cross-entropy=0.067338
2024-03-19 17:19:55,320 [INFO]  Epoch[1] Validation-slope-accuracy=0.000000
2024-03-19 17:19:55,325 [INFO]  Epoch[2] Batch [0-7]	Speed: 25543.04 samples/sec	cross-entropy=0.152310	slope-accuracy=0.000000
2024-03-19 17:19:55,329 [INFO]  Epoch[2] Train-cross-entropy=0.160396
2024-03-19 17:19:55,329 [INFO]  Epoch[2] Train-slope-accuracy=0.000000
2024-03-19 17:19:55,329 [INFO]  Epoch[2] Time cost=0.009
2024-03-19 17:19:55,330 [INFO]  Saved checkpoint to "./imputer_model/2_heart/imputer_model_slope/model-0002.params"
2024-03-19 17:19:55,331 [INFO]  Epoch[2] Validation-cross-entropy=0.046516
2024-03-19 17:19:55,331 [INFO]  Epoch[2] Validation-slope-accuracy=0.000000
2024-03-19 17:19:55,336 [INFO]  Epoch[3] Batch [0-7]	Speed: 27747.32 samples/sec	cross-entropy=0.040345	slope-accuracy=0.000000
2024-03-19 17:19:55,339 [INFO]  Epoch[3] Train-cross-entropy=0.060947
2024-03-19 17:19:55,340 [INFO]  Epoch[3] Train-slope-accuracy=0.000000
2024-03-19 17:19:55,340 [INFO]  Epoch[3] Time cost=0.008
2024-03-19 17:19:55,341 [INFO]  Saved checkpoint to "./imputer_model/2_heart/imputer_model_slope/model-0003.params"
2024-03-19 17:19:55,342 [INFO]  Epoch[3] Validation-cross-entropy=0.089185
2024-03-19 17:19:55,342 [INFO]  Epoch[3] Validation-slope-accuracy=0.000000
2024-03-19 17:19:55,346 [INFO]  Epoch[4] Batch [0-7]	Speed: 27915.50 samples/sec	cross-entropy=0.039339	slope-accuracy=0.000000
2024-03-19 17:19:55,350 [INFO]  Epoch[4] Train-cross-entropy=0.031276
2024-03-19 17:19:55,350 [INFO]  Epoch[4] Train-slope-accuracy=0.000000
2024-03-19 17:19:55,350 [INFO]  Epoch[4] Time cost=0.008
2024-03-19 17:19:55,351 [INFO]  Saved checkpoint to "./imputer_model/2_heart/imputer_model_slope/model-0004.params"
2024-03-19 17:19:55,352 [INFO]  Epoch[4] Validation-cross-entropy=0.019328
2024-03-19 17:19:55,352 [INFO]  Epoch[4] Validation-slope-accuracy=0.000000
2024-03-19 17:19:55,352 [INFO]  
========== done (0.07515335083007812 s) fit model
