2024-04-11 17:33:06,468 [INFO]  
========== start: fit model
2024-04-11 17:33:06,469 [WARNING]  Already bound, ignoring bind()
2024-04-11 17:33:06,487 [INFO]  Epoch[0] Batch [0-18]	Speed: 18302.14 samples/sec	cross-entropy=5.705503	Prob-accuracy=3.368421
2024-04-11 17:33:06,501 [INFO]  Epoch[0] Train-cross-entropy=4.323958
2024-04-11 17:33:06,501 [INFO]  Epoch[0] Train-Prob-accuracy=2.875000
2024-04-11 17:33:06,501 [INFO]  Epoch[0] Time cost=0.032
2024-04-11 17:33:06,503 [INFO]  Saved checkpoint to "./imputer_model/32_audit/imputer_model_Prob/model-0000.params"
2024-04-11 17:33:06,505 [INFO]  Epoch[0] Validation-cross-entropy=19.542367
2024-04-11 17:33:06,505 [INFO]  Epoch[0] Validation-Prob-accuracy=0.000000
2024-04-11 17:33:06,519 [INFO]  Epoch[1] Batch [0-18]	Speed: 23203.22 samples/sec	cross-entropy=3.088087	Prob-accuracy=3.368421
2024-04-11 17:33:06,528 [INFO]  Epoch[1] Train-cross-entropy=1.941939
2024-04-11 17:33:06,528 [INFO]  Epoch[1] Train-Prob-accuracy=2.875000
2024-04-11 17:33:06,528 [INFO]  Epoch[1] Time cost=0.023
2024-04-11 17:33:06,530 [INFO]  Saved checkpoint to "./imputer_model/32_audit/imputer_model_Prob/model-0001.params"
2024-04-11 17:33:06,531 [INFO]  Epoch[1] Validation-cross-entropy=2.601079
2024-04-11 17:33:06,531 [INFO]  Epoch[1] Validation-Prob-accuracy=0.000000
2024-04-11 17:33:06,544 [INFO]  Epoch[2] Batch [0-18]	Speed: 24365.81 samples/sec	cross-entropy=1.713378	Prob-accuracy=3.368421
2024-04-11 17:33:06,553 [INFO]  Epoch[2] Train-cross-entropy=1.103983
2024-04-11 17:33:06,553 [INFO]  Epoch[2] Train-Prob-accuracy=2.875000
2024-04-11 17:33:06,553 [INFO]  Epoch[2] Time cost=0.022
2024-04-11 17:33:06,555 [INFO]  Saved checkpoint to "./imputer_model/32_audit/imputer_model_Prob/model-0002.params"
2024-04-11 17:33:06,556 [INFO]  Epoch[2] Validation-cross-entropy=4.256220
2024-04-11 17:33:06,556 [INFO]  Epoch[2] Validation-Prob-accuracy=0.000000
2024-04-11 17:33:06,567 [INFO]  Epoch[3] Batch [0-18]	Speed: 28628.70 samples/sec	cross-entropy=1.274887	Prob-accuracy=3.368421
2024-04-11 17:33:06,576 [INFO]  Epoch[3] Train-cross-entropy=0.774713
2024-04-11 17:33:06,576 [INFO]  Epoch[3] Train-Prob-accuracy=2.875000
2024-04-11 17:33:06,576 [INFO]  Epoch[3] Time cost=0.020
2024-04-11 17:33:06,578 [INFO]  Saved checkpoint to "./imputer_model/32_audit/imputer_model_Prob/model-0003.params"
2024-04-11 17:33:06,579 [INFO]  Epoch[3] Validation-cross-entropy=1.135729
2024-04-11 17:33:06,579 [INFO]  Epoch[3] Validation-Prob-accuracy=0.000000
2024-04-11 17:33:06,590 [INFO]  Epoch[4] Batch [0-18]	Speed: 28593.47 samples/sec	cross-entropy=1.058332	Prob-accuracy=3.368421
2024-04-11 17:33:06,599 [INFO]  Epoch[4] Train-cross-entropy=0.621958
2024-04-11 17:33:06,599 [INFO]  Epoch[4] Train-Prob-accuracy=2.875000
2024-04-11 17:33:06,599 [INFO]  Epoch[4] Time cost=0.020
2024-04-11 17:33:06,601 [INFO]  Saved checkpoint to "./imputer_model/32_audit/imputer_model_Prob/model-0004.params"
2024-04-11 17:33:06,602 [INFO]  Epoch[4] Validation-cross-entropy=2.229361
2024-04-11 17:33:06,602 [INFO]  Epoch[4] Validation-Prob-accuracy=0.000000
2024-04-11 17:33:06,602 [INFO]  
========== done (0.1339123249053955 s) fit model
2024-04-11 17:33:14,204 [INFO]  
========== start: fit model
2024-04-11 17:33:14,204 [WARNING]  Already bound, ignoring bind()
2024-04-11 17:33:14,221 [INFO]  Epoch[0] Batch [0-18]	Speed: 20387.85 samples/sec	cross-entropy=8.992438	Prob-accuracy=3.263158
2024-04-11 17:33:14,231 [INFO]  Epoch[0] Train-cross-entropy=3.499304
2024-04-11 17:33:14,231 [INFO]  Epoch[0] Train-Prob-accuracy=2.812500
2024-04-11 17:33:14,231 [INFO]  Epoch[0] Time cost=0.026
2024-04-11 17:33:14,233 [INFO]  Saved checkpoint to "./imputer_model/32_audit/imputer_model_Prob/model-0000.params"
2024-04-11 17:33:14,234 [INFO]  Epoch[0] Validation-cross-entropy=3.156449
2024-04-11 17:33:14,234 [INFO]  Epoch[0] Validation-Prob-accuracy=0.000000
2024-04-11 17:33:14,245 [INFO]  Epoch[1] Batch [0-18]	Speed: 28379.17 samples/sec	cross-entropy=2.846216	Prob-accuracy=3.263158
2024-04-11 17:33:14,254 [INFO]  Epoch[1] Train-cross-entropy=0.871310
2024-04-11 17:33:14,254 [INFO]  Epoch[1] Train-Prob-accuracy=2.812500
2024-04-11 17:33:14,254 [INFO]  Epoch[1] Time cost=0.020
2024-04-11 17:33:14,255 [INFO]  Saved checkpoint to "./imputer_model/32_audit/imputer_model_Prob/model-0001.params"
2024-04-11 17:33:14,257 [INFO]  Epoch[1] Validation-cross-entropy=2.749948
2024-04-11 17:33:14,257 [INFO]  Epoch[1] Validation-Prob-accuracy=0.000000
2024-04-11 17:33:14,268 [INFO]  Epoch[2] Batch [0-18]	Speed: 28571.15 samples/sec	cross-entropy=1.419109	Prob-accuracy=3.263158
2024-04-11 17:33:14,277 [INFO]  Epoch[2] Train-cross-entropy=0.426037
2024-04-11 17:33:14,277 [INFO]  Epoch[2] Train-Prob-accuracy=2.812500
2024-04-11 17:33:14,277 [INFO]  Epoch[2] Time cost=0.020
2024-04-11 17:33:14,279 [INFO]  Saved checkpoint to "./imputer_model/32_audit/imputer_model_Prob/model-0002.params"
2024-04-11 17:33:14,280 [INFO]  Epoch[2] Validation-cross-entropy=0.773652
2024-04-11 17:33:14,280 [INFO]  Epoch[2] Validation-Prob-accuracy=0.000000
2024-04-11 17:33:14,291 [INFO]  Epoch[3] Batch [0-18]	Speed: 28316.64 samples/sec	cross-entropy=0.730492	Prob-accuracy=3.263158
2024-04-11 17:33:14,300 [INFO]  Epoch[3] Train-cross-entropy=0.247925
2024-04-11 17:33:14,300 [INFO]  Epoch[3] Train-Prob-accuracy=2.812500
2024-04-11 17:33:14,300 [INFO]  Epoch[3] Time cost=0.020
2024-04-11 17:33:14,302 [INFO]  Saved checkpoint to "./imputer_model/32_audit/imputer_model_Prob/model-0003.params"
2024-04-11 17:33:14,303 [INFO]  Epoch[3] Validation-cross-entropy=1.270856
2024-04-11 17:33:14,303 [INFO]  Epoch[3] Validation-Prob-accuracy=0.000000
2024-04-11 17:33:14,314 [INFO]  Epoch[4] Batch [0-18]	Speed: 28108.42 samples/sec	cross-entropy=0.528563	Prob-accuracy=3.263158
2024-04-11 17:33:14,324 [INFO]  Epoch[4] Train-cross-entropy=0.193981
2024-04-11 17:33:14,324 [INFO]  Epoch[4] Train-Prob-accuracy=2.812500
2024-04-11 17:33:14,324 [INFO]  Epoch[4] Time cost=0.020
2024-04-11 17:33:14,325 [INFO]  Saved checkpoint to "./imputer_model/32_audit/imputer_model_Prob/model-0004.params"
2024-04-11 17:33:14,327 [INFO]  Epoch[4] Validation-cross-entropy=0.367055
2024-04-11 17:33:14,327 [INFO]  Epoch[4] Validation-Prob-accuracy=0.000000
2024-04-11 17:33:14,327 [INFO]  
========== done (0.12237691879272461 s) fit model
2024-04-11 17:33:21,458 [INFO]  
========== start: fit model
2024-04-11 17:33:21,458 [WARNING]  Already bound, ignoring bind()
2024-04-11 17:33:21,482 [INFO]  Epoch[0] Batch [0-18]	Speed: 13573.19 samples/sec	cross-entropy=11.756352	Prob-accuracy=2.894737
2024-04-11 17:33:21,507 [INFO]  Epoch[0] Train-cross-entropy=3.357348
2024-04-11 17:33:21,507 [INFO]  Epoch[0] Train-Prob-accuracy=3.937500
2024-04-11 17:33:21,507 [INFO]  Epoch[0] Time cost=0.048
2024-04-11 17:33:21,509 [INFO]  Saved checkpoint to "./imputer_model/32_audit/imputer_model_Prob/model-0000.params"
2024-04-11 17:33:21,510 [INFO]  Epoch[0] Validation-cross-entropy=3.017005
2024-04-11 17:33:21,510 [INFO]  Epoch[0] Validation-Prob-accuracy=0.000000
2024-04-11 17:33:21,526 [INFO]  Epoch[1] Batch [0-18]	Speed: 20005.95 samples/sec	cross-entropy=1.369933	Prob-accuracy=2.894737
2024-04-11 17:33:21,538 [INFO]  Epoch[1] Train-cross-entropy=0.994675
2024-04-11 17:33:21,538 [INFO]  Epoch[1] Train-Prob-accuracy=3.937500
2024-04-11 17:33:21,538 [INFO]  Epoch[1] Time cost=0.028
2024-04-11 17:33:21,540 [INFO]  Saved checkpoint to "./imputer_model/32_audit/imputer_model_Prob/model-0001.params"
2024-04-11 17:33:21,542 [INFO]  Epoch[1] Validation-cross-entropy=0.753969
2024-04-11 17:33:21,542 [INFO]  Epoch[1] Validation-Prob-accuracy=0.000000
2024-04-11 17:33:21,554 [INFO]  Epoch[2] Batch [0-18]	Speed: 25206.26 samples/sec	cross-entropy=0.546874	Prob-accuracy=2.894737
2024-04-11 17:33:21,564 [INFO]  Epoch[2] Train-cross-entropy=0.435445
2024-04-11 17:33:21,564 [INFO]  Epoch[2] Train-Prob-accuracy=3.937500
2024-04-11 17:33:21,564 [INFO]  Epoch[2] Time cost=0.022
2024-04-11 17:33:21,565 [INFO]  Saved checkpoint to "./imputer_model/32_audit/imputer_model_Prob/model-0002.params"
2024-04-11 17:33:21,567 [INFO]  Epoch[2] Validation-cross-entropy=1.048516
2024-04-11 17:33:21,567 [INFO]  Epoch[2] Validation-Prob-accuracy=0.000000
2024-04-11 17:33:21,578 [INFO]  Epoch[3] Batch [0-18]	Speed: 27237.58 samples/sec	cross-entropy=0.557002	Prob-accuracy=2.894737
2024-04-11 17:33:21,588 [INFO]  Epoch[3] Train-cross-entropy=0.466140
2024-04-11 17:33:21,588 [INFO]  Epoch[3] Train-Prob-accuracy=3.937500
2024-04-11 17:33:21,588 [INFO]  Epoch[3] Time cost=0.021
2024-04-11 17:33:21,589 [INFO]  Saved checkpoint to "./imputer_model/32_audit/imputer_model_Prob/model-0003.params"
2024-04-11 17:33:21,591 [INFO]  Epoch[3] Validation-cross-entropy=0.631270
2024-04-11 17:33:21,591 [INFO]  Epoch[3] Validation-Prob-accuracy=0.000000
2024-04-11 17:33:21,612 [INFO]  Epoch[4] Batch [0-18]	Speed: 14167.79 samples/sec	cross-entropy=0.793069	Prob-accuracy=2.894737
2024-04-11 17:33:21,626 [INFO]  Epoch[4] Train-cross-entropy=1.060714
2024-04-11 17:33:21,626 [INFO]  Epoch[4] Train-Prob-accuracy=3.937500
2024-04-11 17:33:21,626 [INFO]  Epoch[4] Time cost=0.035
2024-04-11 17:33:21,629 [INFO]  Saved checkpoint to "./imputer_model/32_audit/imputer_model_Prob/model-0004.params"
2024-04-11 17:33:21,631 [INFO]  Epoch[4] Validation-cross-entropy=0.661968
2024-04-11 17:33:21,631 [INFO]  Epoch[4] Validation-Prob-accuracy=0.000000
2024-04-11 17:33:21,631 [INFO]  
========== done (0.17302894592285156 s) fit model
2024-04-11 17:33:28,897 [INFO]  
========== start: fit model
2024-04-11 17:33:28,897 [WARNING]  Already bound, ignoring bind()
2024-04-11 17:33:28,913 [INFO]  Epoch[0] Batch [0-18]	Speed: 20927.56 samples/sec	cross-entropy=8.224224	Prob-accuracy=3.315789
2024-04-11 17:33:28,924 [INFO]  Epoch[0] Train-cross-entropy=4.894269
2024-04-11 17:33:28,924 [INFO]  Epoch[0] Train-Prob-accuracy=3.125000
2024-04-11 17:33:28,924 [INFO]  Epoch[0] Time cost=0.026
2024-04-11 17:33:28,925 [INFO]  Saved checkpoint to "./imputer_model/32_audit/imputer_model_Prob/model-0000.params"
2024-04-11 17:33:28,927 [INFO]  Epoch[0] Validation-cross-entropy=5.333103
2024-04-11 17:33:28,928 [INFO]  Epoch[0] Validation-Prob-accuracy=0.000000
2024-04-11 17:33:28,951 [INFO]  Epoch[1] Batch [0-18]	Speed: 12669.75 samples/sec	cross-entropy=1.783675	Prob-accuracy=3.315789
2024-04-11 17:33:28,961 [INFO]  Epoch[1] Train-cross-entropy=3.567346
2024-04-11 17:33:28,961 [INFO]  Epoch[1] Train-Prob-accuracy=3.125000
2024-04-11 17:33:28,961 [INFO]  Epoch[1] Time cost=0.033
2024-04-11 17:33:28,963 [INFO]  Saved checkpoint to "./imputer_model/32_audit/imputer_model_Prob/model-0001.params"
2024-04-11 17:33:28,964 [INFO]  Epoch[1] Validation-cross-entropy=1.633672
2024-04-11 17:33:28,964 [INFO]  Epoch[1] Validation-Prob-accuracy=0.000000
2024-04-11 17:33:28,975 [INFO]  Epoch[2] Batch [0-18]	Speed: 28171.36 samples/sec	cross-entropy=1.012620	Prob-accuracy=3.315789
2024-04-11 17:33:28,984 [INFO]  Epoch[2] Train-cross-entropy=1.308864
2024-04-11 17:33:28,985 [INFO]  Epoch[2] Train-Prob-accuracy=3.125000
2024-04-11 17:33:28,985 [INFO]  Epoch[2] Time cost=0.021
2024-04-11 17:33:28,986 [INFO]  Saved checkpoint to "./imputer_model/32_audit/imputer_model_Prob/model-0002.params"
2024-04-11 17:33:28,988 [INFO]  Epoch[2] Validation-cross-entropy=1.147383
2024-04-11 17:33:28,988 [INFO]  Epoch[2] Validation-Prob-accuracy=0.000000
2024-04-11 17:33:29,001 [INFO]  Epoch[3] Batch [0-18]	Speed: 23670.63 samples/sec	cross-entropy=0.453064	Prob-accuracy=3.315789
2024-04-11 17:33:29,011 [INFO]  Epoch[3] Train-cross-entropy=0.607986
2024-04-11 17:33:29,011 [INFO]  Epoch[3] Train-Prob-accuracy=3.125000
2024-04-11 17:33:29,011 [INFO]  Epoch[3] Time cost=0.023
2024-04-11 17:33:29,012 [INFO]  Saved checkpoint to "./imputer_model/32_audit/imputer_model_Prob/model-0003.params"
2024-04-11 17:33:29,014 [INFO]  Epoch[3] Validation-cross-entropy=0.459274
2024-04-11 17:33:29,014 [INFO]  Epoch[3] Validation-Prob-accuracy=0.000000
2024-04-11 17:33:29,026 [INFO]  Epoch[4] Batch [0-18]	Speed: 25549.60 samples/sec	cross-entropy=0.219000	Prob-accuracy=3.315789
2024-04-11 17:33:29,036 [INFO]  Epoch[4] Train-cross-entropy=0.317093
2024-04-11 17:33:29,036 [INFO]  Epoch[4] Train-Prob-accuracy=3.125000
2024-04-11 17:33:29,036 [INFO]  Epoch[4] Time cost=0.022
2024-04-11 17:33:29,038 [INFO]  Saved checkpoint to "./imputer_model/32_audit/imputer_model_Prob/model-0004.params"
2024-04-11 17:33:29,039 [INFO]  Epoch[4] Validation-cross-entropy=0.510526
2024-04-11 17:33:29,039 [INFO]  Epoch[4] Validation-Prob-accuracy=0.000000
2024-04-11 17:33:29,039 [INFO]  
========== done (0.1423351764678955 s) fit model
2024-04-11 17:33:36,766 [INFO]  
========== start: fit model
2024-04-11 17:33:36,766 [WARNING]  Already bound, ignoring bind()
2024-04-11 17:33:36,847 [INFO]  Epoch[0] Batch [0-18]	Speed: 23605.87 samples/sec	cross-entropy=20.731477	Prob-accuracy=3.789474
2024-04-11 17:33:36,857 [INFO]  Epoch[0] Train-cross-entropy=3.163086
2024-04-11 17:33:36,857 [INFO]  Epoch[0] Train-Prob-accuracy=3.062500
2024-04-11 17:33:36,857 [INFO]  Epoch[0] Time cost=0.089
2024-04-11 17:33:36,858 [INFO]  Saved checkpoint to "./imputer_model/32_audit/imputer_model_Prob/model-0000.params"
2024-04-11 17:33:36,860 [INFO]  Epoch[0] Validation-cross-entropy=8.995238
2024-04-11 17:33:36,860 [INFO]  Epoch[0] Validation-Prob-accuracy=0.000000
2024-04-11 17:33:36,871 [INFO]  Epoch[1] Batch [0-18]	Speed: 28633.45 samples/sec	cross-entropy=2.764141	Prob-accuracy=3.789474
2024-04-11 17:33:36,880 [INFO]  Epoch[1] Train-cross-entropy=1.356168
2024-04-11 17:33:36,880 [INFO]  Epoch[1] Train-Prob-accuracy=3.062500
2024-04-11 17:33:36,880 [INFO]  Epoch[1] Time cost=0.020
2024-04-11 17:33:36,881 [INFO]  Saved checkpoint to "./imputer_model/32_audit/imputer_model_Prob/model-0001.params"
2024-04-11 17:33:36,882 [INFO]  Epoch[1] Validation-cross-entropy=3.637791
2024-04-11 17:33:36,883 [INFO]  Epoch[1] Validation-Prob-accuracy=0.000000
2024-04-11 17:33:36,893 [INFO]  Epoch[2] Batch [0-18]	Speed: 28539.42 samples/sec	cross-entropy=2.118060	Prob-accuracy=3.789474
2024-04-11 17:33:36,903 [INFO]  Epoch[2] Train-cross-entropy=1.060573
2024-04-11 17:33:36,903 [INFO]  Epoch[2] Train-Prob-accuracy=3.062500
2024-04-11 17:33:36,903 [INFO]  Epoch[2] Time cost=0.021
2024-04-11 17:33:36,905 [INFO]  Saved checkpoint to "./imputer_model/32_audit/imputer_model_Prob/model-0002.params"
2024-04-11 17:33:36,906 [INFO]  Epoch[2] Validation-cross-entropy=3.250179
2024-04-11 17:33:36,906 [INFO]  Epoch[2] Validation-Prob-accuracy=0.000000
2024-04-11 17:33:36,917 [INFO]  Epoch[3] Batch [0-18]	Speed: 28387.84 samples/sec	cross-entropy=3.122415	Prob-accuracy=3.789474
2024-04-11 17:33:36,970 [INFO]  Epoch[3] Train-cross-entropy=1.014762
2024-04-11 17:33:36,970 [INFO]  Epoch[3] Train-Prob-accuracy=3.062500
2024-04-11 17:33:36,970 [INFO]  Epoch[3] Time cost=0.064
2024-04-11 17:33:36,971 [INFO]  Saved checkpoint to "./imputer_model/32_audit/imputer_model_Prob/model-0003.params"
2024-04-11 17:33:36,973 [INFO]  Epoch[3] Validation-cross-entropy=4.172130
2024-04-11 17:33:36,973 [INFO]  Epoch[3] Validation-Prob-accuracy=0.000000
2024-04-11 17:33:36,984 [INFO]  Epoch[4] Batch [0-18]	Speed: 27824.19 samples/sec	cross-entropy=4.655878	Prob-accuracy=3.789474
2024-04-11 17:33:36,997 [INFO]  Epoch[4] Train-cross-entropy=0.895371
2024-04-11 17:33:36,997 [INFO]  Epoch[4] Train-Prob-accuracy=3.062500
2024-04-11 17:33:36,997 [INFO]  Epoch[4] Time cost=0.024
2024-04-11 17:33:36,999 [INFO]  Saved checkpoint to "./imputer_model/32_audit/imputer_model_Prob/model-0004.params"
2024-04-11 17:33:37,000 [INFO]  Epoch[4] Validation-cross-entropy=2.712665
2024-04-11 17:33:37,000 [INFO]  Epoch[4] Validation-Prob-accuracy=0.000000
2024-04-11 17:33:37,000 [INFO]  
========== done (0.23393726348876953 s) fit model
2024-04-11 17:33:52,599 [INFO]  
========== start: fit model
2024-04-11 17:33:52,599 [WARNING]  Already bound, ignoring bind()
2024-04-11 17:33:52,737 [INFO]  Epoch[0] Batch [0-18]	Speed: 2448.10 samples/sec	cross-entropy=11.151385	Prob-accuracy=0.000000
2024-04-11 17:33:52,751 [INFO]  Epoch[0] Train-cross-entropy=3.914279
2024-04-11 17:33:52,751 [INFO]  Epoch[0] Train-Prob-accuracy=0.000000
2024-04-11 17:33:52,751 [INFO]  Epoch[0] Time cost=0.150
2024-04-11 17:33:52,753 [INFO]  Saved checkpoint to "./imputer_model/32_audit/imputer_model_Prob/model-0000.params"
2024-04-11 17:33:52,755 [INFO]  Epoch[0] Validation-cross-entropy=1.661756
2024-04-11 17:33:52,756 [INFO]  Epoch[0] Validation-Prob-accuracy=0.000000
2024-04-11 17:33:52,780 [INFO]  Epoch[1] Batch [0-18]	Speed: 12707.07 samples/sec	cross-entropy=2.614111	Prob-accuracy=0.000000
2024-04-11 17:33:52,799 [INFO]  Epoch[1] Train-cross-entropy=1.024329
2024-04-11 17:33:52,799 [INFO]  Epoch[1] Train-Prob-accuracy=0.000000
2024-04-11 17:33:52,799 [INFO]  Epoch[1] Time cost=0.043
2024-04-11 17:33:52,801 [INFO]  Saved checkpoint to "./imputer_model/32_audit/imputer_model_Prob/model-0001.params"
2024-04-11 17:33:52,803 [INFO]  Epoch[1] Validation-cross-entropy=0.308118
2024-04-11 17:33:52,803 [INFO]  Epoch[1] Validation-Prob-accuracy=0.000000
2024-04-11 17:33:52,830 [INFO]  Epoch[2] Batch [0-18]	Speed: 11554.78 samples/sec	cross-entropy=0.768717	Prob-accuracy=0.000000
2024-04-11 17:33:52,848 [INFO]  Epoch[2] Train-cross-entropy=0.484615
2024-04-11 17:33:52,848 [INFO]  Epoch[2] Train-Prob-accuracy=0.000000
2024-04-11 17:33:52,849 [INFO]  Epoch[2] Time cost=0.045
2024-04-11 17:33:52,851 [INFO]  Saved checkpoint to "./imputer_model/32_audit/imputer_model_Prob/model-0002.params"
2024-04-11 17:33:52,853 [INFO]  Epoch[2] Validation-cross-entropy=0.274002
2024-04-11 17:33:52,853 [INFO]  Epoch[2] Validation-Prob-accuracy=0.000000
2024-04-11 17:33:52,879 [INFO]  Epoch[3] Batch [0-18]	Speed: 12024.88 samples/sec	cross-entropy=0.431738	Prob-accuracy=0.000000
2024-04-11 17:33:52,897 [INFO]  Epoch[3] Train-cross-entropy=0.291620
2024-04-11 17:33:52,897 [INFO]  Epoch[3] Train-Prob-accuracy=0.000000
2024-04-11 17:33:52,897 [INFO]  Epoch[3] Time cost=0.044
2024-04-11 17:33:52,899 [INFO]  Saved checkpoint to "./imputer_model/32_audit/imputer_model_Prob/model-0003.params"
2024-04-11 17:33:52,902 [INFO]  Epoch[3] Validation-cross-entropy=0.266750
2024-04-11 17:33:52,902 [INFO]  Epoch[3] Validation-Prob-accuracy=0.000000
2024-04-11 17:33:52,924 [INFO]  Epoch[4] Batch [0-18]	Speed: 14242.45 samples/sec	cross-entropy=0.255906	Prob-accuracy=0.000000
2024-04-11 17:33:52,945 [INFO]  Epoch[4] Train-cross-entropy=0.290045
2024-04-11 17:33:52,945 [INFO]  Epoch[4] Train-Prob-accuracy=0.000000
2024-04-11 17:33:52,945 [INFO]  Epoch[4] Time cost=0.043
2024-04-11 17:33:52,947 [INFO]  Saved checkpoint to "./imputer_model/32_audit/imputer_model_Prob/model-0004.params"
2024-04-11 17:33:52,950 [INFO]  Epoch[4] Validation-cross-entropy=0.304015
2024-04-11 17:33:52,950 [INFO]  Epoch[4] Validation-Prob-accuracy=0.000000
2024-04-11 17:33:52,950 [INFO]  
========== done (0.3507511615753174 s) fit model
2024-04-11 17:34:03,928 [INFO]  
========== start: fit model
2024-04-11 17:34:03,929 [WARNING]  Already bound, ignoring bind()
2024-04-11 17:34:03,945 [INFO]  Epoch[0] Batch [0-18]	Speed: 20815.76 samples/sec	cross-entropy=8.582895	Prob-accuracy=2.736842
2024-04-11 17:34:04,070 [INFO]  Epoch[0] Train-cross-entropy=3.476773
2024-04-11 17:34:04,070 [INFO]  Epoch[0] Train-Prob-accuracy=3.125000
2024-04-11 17:34:04,070 [INFO]  Epoch[0] Time cost=0.140
2024-04-11 17:34:04,072 [INFO]  Saved checkpoint to "./imputer_model/32_audit/imputer_model_Prob/model-0000.params"
2024-04-11 17:34:04,078 [INFO]  Epoch[0] Validation-cross-entropy=1.197524
2024-04-11 17:34:04,078 [INFO]  Epoch[0] Validation-Prob-accuracy=0.000000
2024-04-11 17:34:04,415 [INFO]  Epoch[1] Batch [0-18]	Speed: 1073.61 samples/sec	cross-entropy=1.751557	Prob-accuracy=2.736842
2024-04-11 17:34:04,424 [INFO]  Epoch[1] Train-cross-entropy=0.647293
2024-04-11 17:34:04,424 [INFO]  Epoch[1] Train-Prob-accuracy=3.125000
2024-04-11 17:34:04,424 [INFO]  Epoch[1] Time cost=0.346
2024-04-11 17:34:04,426 [INFO]  Saved checkpoint to "./imputer_model/32_audit/imputer_model_Prob/model-0001.params"
2024-04-11 17:34:04,427 [INFO]  Epoch[1] Validation-cross-entropy=0.241681
2024-04-11 17:34:04,427 [INFO]  Epoch[1] Validation-Prob-accuracy=0.000000
2024-04-11 17:34:04,438 [INFO]  Epoch[2] Batch [0-18]	Speed: 28023.65 samples/sec	cross-entropy=0.418928	Prob-accuracy=2.736842
2024-04-11 17:34:04,449 [INFO]  Epoch[2] Train-cross-entropy=0.400938
2024-04-11 17:34:04,449 [INFO]  Epoch[2] Train-Prob-accuracy=3.125000
2024-04-11 17:34:04,449 [INFO]  Epoch[2] Time cost=0.022
2024-04-11 17:34:04,450 [INFO]  Saved checkpoint to "./imputer_model/32_audit/imputer_model_Prob/model-0002.params"
2024-04-11 17:34:04,452 [INFO]  Epoch[2] Validation-cross-entropy=0.271950
2024-04-11 17:34:04,452 [INFO]  Epoch[2] Validation-Prob-accuracy=0.000000
2024-04-11 17:34:04,463 [INFO]  Epoch[3] Batch [0-18]	Speed: 27697.24 samples/sec	cross-entropy=0.312563	Prob-accuracy=2.736842
2024-04-11 17:34:04,472 [INFO]  Epoch[3] Train-cross-entropy=0.252532
2024-04-11 17:34:04,472 [INFO]  Epoch[3] Train-Prob-accuracy=3.125000
2024-04-11 17:34:04,472 [INFO]  Epoch[3] Time cost=0.021
2024-04-11 17:34:04,474 [INFO]  Saved checkpoint to "./imputer_model/32_audit/imputer_model_Prob/model-0003.params"
2024-04-11 17:34:04,475 [INFO]  Epoch[3] Validation-cross-entropy=0.229934
2024-04-11 17:34:04,475 [INFO]  Epoch[3] Validation-Prob-accuracy=0.000000
2024-04-11 17:34:04,486 [INFO]  Epoch[4] Batch [0-18]	Speed: 28170.04 samples/sec	cross-entropy=0.227087	Prob-accuracy=2.736842
2024-04-11 17:34:04,495 [INFO]  Epoch[4] Train-cross-entropy=0.188579
2024-04-11 17:34:04,495 [INFO]  Epoch[4] Train-Prob-accuracy=3.125000
2024-04-11 17:34:04,495 [INFO]  Epoch[4] Time cost=0.020
2024-04-11 17:34:04,497 [INFO]  Saved checkpoint to "./imputer_model/32_audit/imputer_model_Prob/model-0004.params"
2024-04-11 17:34:04,498 [INFO]  Epoch[4] Validation-cross-entropy=0.270640
2024-04-11 17:34:04,498 [INFO]  Epoch[4] Validation-Prob-accuracy=0.000000
2024-04-11 17:34:04,498 [INFO]  
========== done (0.5699324607849121 s) fit model
2024-04-11 17:34:21,969 [INFO]  
========== start: fit model
2024-04-11 17:34:21,969 [WARNING]  Already bound, ignoring bind()
2024-04-11 17:34:21,983 [INFO]  Epoch[0] Batch [0-18]	Speed: 25886.88 samples/sec	cross-entropy=12.684107	Prob-accuracy=0.000000
2024-04-11 17:34:21,993 [INFO]  Epoch[0] Train-cross-entropy=3.212801
2024-04-11 17:34:21,993 [INFO]  Epoch[0] Train-Prob-accuracy=0.000000
2024-04-11 17:34:21,993 [INFO]  Epoch[0] Time cost=0.023
2024-04-11 17:34:21,994 [INFO]  Saved checkpoint to "./imputer_model/32_audit/imputer_model_Prob/model-0000.params"
2024-04-11 17:34:21,996 [INFO]  Epoch[0] Validation-cross-entropy=0.539383
2024-04-11 17:34:21,996 [INFO]  Epoch[0] Validation-Prob-accuracy=0.000000
2024-04-11 17:34:22,007 [INFO]  Epoch[1] Batch [0-18]	Speed: 27751.96 samples/sec	cross-entropy=3.126929	Prob-accuracy=0.000000
2024-04-11 17:34:22,020 [INFO]  Epoch[1] Train-cross-entropy=1.067122
2024-04-11 17:34:22,021 [INFO]  Epoch[1] Train-Prob-accuracy=0.000000
2024-04-11 17:34:22,021 [INFO]  Epoch[1] Time cost=0.025
2024-04-11 17:34:22,023 [INFO]  Saved checkpoint to "./imputer_model/32_audit/imputer_model_Prob/model-0001.params"
2024-04-11 17:34:22,025 [INFO]  Epoch[1] Validation-cross-entropy=0.222352
2024-04-11 17:34:22,025 [INFO]  Epoch[1] Validation-Prob-accuracy=0.000000
2024-04-11 17:34:22,041 [INFO]  Epoch[2] Batch [0-18]	Speed: 18933.54 samples/sec	cross-entropy=0.852563	Prob-accuracy=0.000000
2024-04-11 17:34:22,051 [INFO]  Epoch[2] Train-cross-entropy=0.498747
2024-04-11 17:34:22,052 [INFO]  Epoch[2] Train-Prob-accuracy=0.000000
2024-04-11 17:34:22,052 [INFO]  Epoch[2] Time cost=0.027
2024-04-11 17:34:22,053 [INFO]  Saved checkpoint to "./imputer_model/32_audit/imputer_model_Prob/model-0002.params"
2024-04-11 17:34:22,055 [INFO]  Epoch[2] Validation-cross-entropy=0.137478
2024-04-11 17:34:22,055 [INFO]  Epoch[2] Validation-Prob-accuracy=0.000000
2024-04-11 17:34:22,066 [INFO]  Epoch[3] Batch [0-18]	Speed: 27587.17 samples/sec	cross-entropy=0.601018	Prob-accuracy=0.000000
2024-04-11 17:34:22,080 [INFO]  Epoch[3] Train-cross-entropy=0.504086
2024-04-11 17:34:22,080 [INFO]  Epoch[3] Train-Prob-accuracy=0.000000
2024-04-11 17:34:22,080 [INFO]  Epoch[3] Time cost=0.025
2024-04-11 17:34:22,082 [INFO]  Saved checkpoint to "./imputer_model/32_audit/imputer_model_Prob/model-0003.params"
2024-04-11 17:34:22,085 [INFO]  Epoch[3] Validation-cross-entropy=0.142432
2024-04-11 17:34:22,085 [INFO]  Epoch[3] Validation-Prob-accuracy=0.000000
2024-04-11 17:34:22,103 [INFO]  Epoch[4] Batch [0-18]	Speed: 17796.04 samples/sec	cross-entropy=0.402429	Prob-accuracy=0.000000
2024-04-11 17:34:22,116 [INFO]  Epoch[4] Train-cross-entropy=0.231130
2024-04-11 17:34:22,116 [INFO]  Epoch[4] Train-Prob-accuracy=0.000000
2024-04-11 17:34:22,116 [INFO]  Epoch[4] Time cost=0.031
2024-04-11 17:34:22,117 [INFO]  Saved checkpoint to "./imputer_model/32_audit/imputer_model_Prob/model-0004.params"
2024-04-11 17:34:22,119 [INFO]  Epoch[4] Validation-cross-entropy=0.120913
2024-04-11 17:34:22,119 [INFO]  Epoch[4] Validation-Prob-accuracy=0.000000
2024-04-11 17:34:22,119 [INFO]  
========== done (0.15042901039123535 s) fit model
2024-04-11 17:34:39,297 [INFO]  
========== start: fit model
2024-04-11 17:34:39,297 [WARNING]  Already bound, ignoring bind()
2024-04-11 17:34:39,568 [INFO]  Epoch[0] Batch [0-18]	Speed: 1171.09 samples/sec	cross-entropy=14.905989	Prob-accuracy=0.000000
2024-04-11 17:34:39,580 [INFO]  Epoch[0] Train-cross-entropy=7.625266
2024-04-11 17:34:39,580 [INFO]  Epoch[0] Train-Prob-accuracy=0.000000
2024-04-11 17:34:39,580 [INFO]  Epoch[0] Time cost=0.281
2024-04-11 17:34:39,581 [INFO]  Saved checkpoint to "./imputer_model/32_audit/imputer_model_Prob/model-0000.params"
2024-04-11 17:34:39,583 [INFO]  Epoch[0] Validation-cross-entropy=1.431048
2024-04-11 17:34:39,583 [INFO]  Epoch[0] Validation-Prob-accuracy=0.000000
2024-04-11 17:34:39,597 [INFO]  Epoch[1] Batch [0-18]	Speed: 21713.39 samples/sec	cross-entropy=2.706262	Prob-accuracy=0.000000
2024-04-11 17:34:39,609 [INFO]  Epoch[1] Train-cross-entropy=2.037702
2024-04-11 17:34:39,609 [INFO]  Epoch[1] Train-Prob-accuracy=0.000000
2024-04-11 17:34:39,609 [INFO]  Epoch[1] Time cost=0.026
2024-04-11 17:34:39,611 [INFO]  Saved checkpoint to "./imputer_model/32_audit/imputer_model_Prob/model-0001.params"
2024-04-11 17:34:39,613 [INFO]  Epoch[1] Validation-cross-entropy=0.476558
2024-04-11 17:34:39,613 [INFO]  Epoch[1] Validation-Prob-accuracy=0.000000
2024-04-11 17:34:39,627 [INFO]  Epoch[2] Batch [0-18]	Speed: 21492.79 samples/sec	cross-entropy=1.286918	Prob-accuracy=0.000000
2024-04-11 17:34:39,639 [INFO]  Epoch[2] Train-cross-entropy=0.890609
2024-04-11 17:34:39,639 [INFO]  Epoch[2] Train-Prob-accuracy=0.000000
2024-04-11 17:34:39,639 [INFO]  Epoch[2] Time cost=0.027
2024-04-11 17:34:39,641 [INFO]  Saved checkpoint to "./imputer_model/32_audit/imputer_model_Prob/model-0002.params"
2024-04-11 17:34:39,643 [INFO]  Epoch[2] Validation-cross-entropy=0.352817
2024-04-11 17:34:39,643 [INFO]  Epoch[2] Validation-Prob-accuracy=0.000000
2024-04-11 17:34:39,702 [INFO]  Epoch[3] Batch [0-18]	Speed: 4922.37 samples/sec	cross-entropy=0.514060	Prob-accuracy=0.000000
2024-04-11 17:34:40,016 [INFO]  Epoch[3] Train-cross-entropy=0.455406
2024-04-11 17:34:40,016 [INFO]  Epoch[3] Train-Prob-accuracy=0.000000
2024-04-11 17:34:40,016 [INFO]  Epoch[3] Time cost=0.373
2024-04-11 17:34:40,019 [INFO]  Saved checkpoint to "./imputer_model/32_audit/imputer_model_Prob/model-0003.params"
2024-04-11 17:34:40,026 [INFO]  Epoch[3] Validation-cross-entropy=0.332603
2024-04-11 17:34:40,026 [INFO]  Epoch[3] Validation-Prob-accuracy=0.000000
2024-04-11 17:34:40,120 [INFO]  Epoch[4] Batch [0-18]	Speed: 3084.29 samples/sec	cross-entropy=0.486851	Prob-accuracy=0.000000
2024-04-11 17:34:40,205 [INFO]  Epoch[4] Train-cross-entropy=0.468026
2024-04-11 17:34:40,205 [INFO]  Epoch[4] Train-Prob-accuracy=0.000000
2024-04-11 17:34:40,205 [INFO]  Epoch[4] Time cost=0.179
2024-04-11 17:34:40,206 [INFO]  Saved checkpoint to "./imputer_model/32_audit/imputer_model_Prob/model-0004.params"
2024-04-11 17:34:40,209 [INFO]  Epoch[4] Validation-cross-entropy=0.307388
2024-04-11 17:34:40,209 [INFO]  Epoch[4] Validation-Prob-accuracy=0.000000
2024-04-11 17:34:40,209 [INFO]  
========== done (0.9114317893981934 s) fit model
2024-04-11 17:34:55,529 [INFO]  
========== start: fit model
2024-04-11 17:34:55,529 [WARNING]  Already bound, ignoring bind()
2024-04-11 17:34:55,679 [INFO]  Epoch[0] Batch [0-18]	Speed: 7157.52 samples/sec	cross-entropy=10.849442	Prob-accuracy=2.631579
2024-04-11 17:34:55,734 [INFO]  Epoch[0] Train-cross-entropy=4.185307
2024-04-11 17:34:55,734 [INFO]  Epoch[0] Train-Prob-accuracy=3.625000
2024-04-11 17:34:55,735 [INFO]  Epoch[0] Time cost=0.205
2024-04-11 17:34:55,736 [INFO]  Saved checkpoint to "./imputer_model/32_audit/imputer_model_Prob/model-0000.params"
2024-04-11 17:34:55,739 [INFO]  Epoch[0] Validation-cross-entropy=1.290800
2024-04-11 17:34:55,739 [INFO]  Epoch[0] Validation-Prob-accuracy=0.000000
2024-04-11 17:34:55,775 [INFO]  Epoch[1] Batch [0-18]	Speed: 8169.23 samples/sec	cross-entropy=2.069166	Prob-accuracy=2.631579
2024-04-11 17:34:55,795 [INFO]  Epoch[1] Train-cross-entropy=2.631001
2024-04-11 17:34:55,795 [INFO]  Epoch[1] Train-Prob-accuracy=3.625000
2024-04-11 17:34:55,795 [INFO]  Epoch[1] Time cost=0.056
2024-04-11 17:34:55,797 [INFO]  Saved checkpoint to "./imputer_model/32_audit/imputer_model_Prob/model-0001.params"
2024-04-11 17:34:55,799 [INFO]  Epoch[1] Validation-cross-entropy=3.114300
2024-04-11 17:34:55,799 [INFO]  Epoch[1] Validation-Prob-accuracy=0.000000
2024-04-11 17:34:55,823 [INFO]  Epoch[2] Batch [0-18]	Speed: 12816.68 samples/sec	cross-entropy=1.454216	Prob-accuracy=2.631579
2024-04-11 17:34:55,840 [INFO]  Epoch[2] Train-cross-entropy=1.526375
2024-04-11 17:34:55,840 [INFO]  Epoch[2] Train-Prob-accuracy=3.625000
2024-04-11 17:34:55,840 [INFO]  Epoch[2] Time cost=0.041
2024-04-11 17:34:55,844 [INFO]  Saved checkpoint to "./imputer_model/32_audit/imputer_model_Prob/model-0002.params"
2024-04-11 17:34:55,888 [INFO]  Epoch[2] Validation-cross-entropy=0.348677
2024-04-11 17:34:55,888 [INFO]  Epoch[2] Validation-Prob-accuracy=0.000000
2024-04-11 17:34:55,912 [INFO]  Epoch[3] Batch [0-18]	Speed: 13831.18 samples/sec	cross-entropy=0.785477	Prob-accuracy=2.631579
2024-04-11 17:34:55,930 [INFO]  Epoch[3] Train-cross-entropy=3.870319
2024-04-11 17:34:55,930 [INFO]  Epoch[3] Train-Prob-accuracy=3.625000
2024-04-11 17:34:55,930 [INFO]  Epoch[3] Time cost=0.042
2024-04-11 17:34:55,932 [INFO]  Saved checkpoint to "./imputer_model/32_audit/imputer_model_Prob/model-0003.params"
2024-04-11 17:34:55,935 [INFO]  Epoch[3] Validation-cross-entropy=3.167332
2024-04-11 17:34:55,935 [INFO]  Epoch[3] Validation-Prob-accuracy=0.000000
2024-04-11 17:34:55,951 [INFO]  Epoch[4] Batch [0-18]	Speed: 19753.07 samples/sec	cross-entropy=1.251186	Prob-accuracy=2.631579
2024-04-11 17:34:55,967 [INFO]  Epoch[4] Train-cross-entropy=4.179418
2024-04-11 17:34:55,967 [INFO]  Epoch[4] Train-Prob-accuracy=3.625000
2024-04-11 17:34:55,967 [INFO]  Epoch[4] Time cost=0.032
2024-04-11 17:34:55,969 [INFO]  Saved checkpoint to "./imputer_model/32_audit/imputer_model_Prob/model-0004.params"
2024-04-11 17:34:55,971 [INFO]  Epoch[4] Validation-cross-entropy=0.301675
2024-04-11 17:34:55,972 [INFO]  Epoch[4] Validation-Prob-accuracy=0.000000
2024-04-11 17:34:55,972 [INFO]  
========== done (0.4427833557128906 s) fit model
2024-04-11 17:35:10,138 [INFO]  
========== start: fit model
2024-04-11 17:35:10,138 [WARNING]  Already bound, ignoring bind()
2024-04-11 17:35:10,296 [INFO]  Epoch[0] Batch [0-18]	Speed: 1968.33 samples/sec	cross-entropy=11.092053	Prob-accuracy=3.157895
2024-04-11 17:35:10,369 [INFO]  Epoch[0] Train-cross-entropy=11.608911
2024-04-11 17:35:10,369 [INFO]  Epoch[0] Train-Prob-accuracy=2.625000
2024-04-11 17:35:10,369 [INFO]  Epoch[0] Time cost=0.230
2024-04-11 17:35:10,371 [INFO]  Saved checkpoint to "./imputer_model/32_audit/imputer_model_Prob/model-0000.params"
2024-04-11 17:35:10,375 [INFO]  Epoch[0] Validation-cross-entropy=4.269998
2024-04-11 17:35:10,375 [INFO]  Epoch[0] Validation-Prob-accuracy=0.000000
2024-04-11 17:35:10,453 [INFO]  Epoch[1] Batch [0-18]	Speed: 3743.42 samples/sec	cross-entropy=2.874989	Prob-accuracy=3.157895
2024-04-11 17:35:10,624 [INFO]  Epoch[1] Train-cross-entropy=1.803224
2024-04-11 17:35:10,625 [INFO]  Epoch[1] Train-Prob-accuracy=2.625000
2024-04-11 17:35:10,625 [INFO]  Epoch[1] Time cost=0.249
2024-04-11 17:35:10,626 [INFO]  Saved checkpoint to "./imputer_model/32_audit/imputer_model_Prob/model-0001.params"
2024-04-11 17:35:10,640 [INFO]  Epoch[1] Validation-cross-entropy=0.810111
2024-04-11 17:35:10,640 [INFO]  Epoch[1] Validation-Prob-accuracy=0.000000
2024-04-11 17:35:10,655 [INFO]  Epoch[2] Batch [0-18]	Speed: 20898.23 samples/sec	cross-entropy=1.270923	Prob-accuracy=3.157895
2024-04-11 17:35:10,668 [INFO]  Epoch[2] Train-cross-entropy=1.028237
2024-04-11 17:35:10,668 [INFO]  Epoch[2] Train-Prob-accuracy=2.625000
2024-04-11 17:35:10,668 [INFO]  Epoch[2] Time cost=0.028
2024-04-11 17:35:10,670 [INFO]  Saved checkpoint to "./imputer_model/32_audit/imputer_model_Prob/model-0002.params"
2024-04-11 17:35:10,671 [INFO]  Epoch[2] Validation-cross-entropy=0.554776
2024-04-11 17:35:10,672 [INFO]  Epoch[2] Validation-Prob-accuracy=0.000000
2024-04-11 17:35:10,690 [INFO]  Epoch[3] Batch [0-18]	Speed: 16499.47 samples/sec	cross-entropy=1.104537	Prob-accuracy=3.157895
2024-04-11 17:35:10,702 [INFO]  Epoch[3] Train-cross-entropy=2.131880
2024-04-11 17:35:10,702 [INFO]  Epoch[3] Train-Prob-accuracy=2.625000
2024-04-11 17:35:10,703 [INFO]  Epoch[3] Time cost=0.031
2024-04-11 17:35:10,704 [INFO]  Saved checkpoint to "./imputer_model/32_audit/imputer_model_Prob/model-0003.params"
2024-04-11 17:35:10,706 [INFO]  Epoch[3] Validation-cross-entropy=0.962586
2024-04-11 17:35:10,706 [INFO]  Epoch[3] Validation-Prob-accuracy=0.000000
2024-04-11 17:35:10,721 [INFO]  Epoch[4] Batch [0-18]	Speed: 21022.62 samples/sec	cross-entropy=1.408226	Prob-accuracy=3.157895
2024-04-11 17:35:10,745 [INFO]  Epoch[4] Train-cross-entropy=4.230390
2024-04-11 17:35:10,745 [INFO]  Epoch[4] Train-Prob-accuracy=2.625000
2024-04-11 17:35:10,745 [INFO]  Epoch[4] Time cost=0.039
2024-04-11 17:35:10,747 [INFO]  Saved checkpoint to "./imputer_model/32_audit/imputer_model_Prob/model-0004.params"
2024-04-11 17:35:10,749 [INFO]  Epoch[4] Validation-cross-entropy=0.708688
2024-04-11 17:35:10,749 [INFO]  Epoch[4] Validation-Prob-accuracy=0.000000
2024-04-11 17:35:10,749 [INFO]  
========== done (0.6113553047180176 s) fit model
2024-04-11 17:35:25,249 [INFO]  
========== start: fit model
2024-04-11 17:35:25,250 [WARNING]  Already bound, ignoring bind()
2024-04-11 17:35:25,277 [INFO]  Epoch[0] Batch [0-18]	Speed: 11570.38 samples/sec	cross-entropy=16.131671	Prob-accuracy=2.789474
2024-04-11 17:35:25,289 [INFO]  Epoch[0] Train-cross-entropy=5.587427
2024-04-11 17:35:25,289 [INFO]  Epoch[0] Train-Prob-accuracy=3.062500
2024-04-11 17:35:25,289 [INFO]  Epoch[0] Time cost=0.038
2024-04-11 17:35:25,290 [INFO]  Saved checkpoint to "./imputer_model/32_audit/imputer_model_Prob/model-0000.params"
2024-04-11 17:35:25,292 [INFO]  Epoch[0] Validation-cross-entropy=2.958089
2024-04-11 17:35:25,292 [INFO]  Epoch[0] Validation-Prob-accuracy=0.000000
2024-04-11 17:35:25,303 [INFO]  Epoch[1] Batch [0-18]	Speed: 26883.57 samples/sec	cross-entropy=1.788829	Prob-accuracy=2.789474
2024-04-11 17:35:25,313 [INFO]  Epoch[1] Train-cross-entropy=1.433974
2024-04-11 17:35:25,313 [INFO]  Epoch[1] Train-Prob-accuracy=3.062500
2024-04-11 17:35:25,313 [INFO]  Epoch[1] Time cost=0.021
2024-04-11 17:35:25,314 [INFO]  Saved checkpoint to "./imputer_model/32_audit/imputer_model_Prob/model-0001.params"
2024-04-11 17:35:25,316 [INFO]  Epoch[1] Validation-cross-entropy=3.194742
2024-04-11 17:35:25,316 [INFO]  Epoch[1] Validation-Prob-accuracy=0.000000
2024-04-11 17:35:25,327 [INFO]  Epoch[2] Batch [0-18]	Speed: 28185.16 samples/sec	cross-entropy=1.084797	Prob-accuracy=2.789474
2024-04-11 17:35:25,336 [INFO]  Epoch[2] Train-cross-entropy=1.456927
2024-04-11 17:35:25,336 [INFO]  Epoch[2] Train-Prob-accuracy=3.062500
2024-04-11 17:35:25,336 [INFO]  Epoch[2] Time cost=0.021
2024-04-11 17:35:25,338 [INFO]  Saved checkpoint to "./imputer_model/32_audit/imputer_model_Prob/model-0002.params"
2024-04-11 17:35:25,339 [INFO]  Epoch[2] Validation-cross-entropy=3.369742
2024-04-11 17:35:25,339 [INFO]  Epoch[2] Validation-Prob-accuracy=0.000000
2024-04-11 17:35:25,350 [INFO]  Epoch[3] Batch [0-18]	Speed: 28116.93 samples/sec	cross-entropy=1.101404	Prob-accuracy=2.789474
2024-04-11 17:35:25,360 [INFO]  Epoch[3] Train-cross-entropy=1.252998
2024-04-11 17:35:25,360 [INFO]  Epoch[3] Train-Prob-accuracy=3.062500
2024-04-11 17:35:25,360 [INFO]  Epoch[3] Time cost=0.021
2024-04-11 17:35:25,361 [INFO]  Saved checkpoint to "./imputer_model/32_audit/imputer_model_Prob/model-0003.params"
2024-04-11 17:35:25,363 [INFO]  Epoch[3] Validation-cross-entropy=4.853268
2024-04-11 17:35:25,363 [INFO]  Epoch[3] Validation-Prob-accuracy=0.000000
2024-04-11 17:35:25,374 [INFO]  Epoch[4] Batch [0-18]	Speed: 27972.39 samples/sec	cross-entropy=1.496062	Prob-accuracy=2.789474
2024-04-11 17:35:25,383 [INFO]  Epoch[4] Train-cross-entropy=1.505069
2024-04-11 17:35:25,383 [INFO]  Epoch[4] Train-Prob-accuracy=3.062500
2024-04-11 17:35:25,383 [INFO]  Epoch[4] Time cost=0.020
2024-04-11 17:35:25,384 [INFO]  Saved checkpoint to "./imputer_model/32_audit/imputer_model_Prob/model-0004.params"
2024-04-11 17:35:25,386 [INFO]  Epoch[4] Validation-cross-entropy=7.134242
2024-04-11 17:35:25,386 [INFO]  Epoch[4] Validation-Prob-accuracy=0.000000
2024-04-11 17:35:25,386 [INFO]  
========== done (0.13644909858703613 s) fit model
2024-04-11 17:35:41,900 [INFO]  
========== start: fit model
2024-04-11 17:35:41,900 [WARNING]  Already bound, ignoring bind()
2024-04-11 17:35:41,939 [INFO]  Epoch[0] Batch [0-18]	Speed: 7836.41 samples/sec	cross-entropy=11.290412	Prob-accuracy=2.894737
2024-04-11 17:35:41,952 [INFO]  Epoch[0] Train-cross-entropy=3.875516
2024-04-11 17:35:41,952 [INFO]  Epoch[0] Train-Prob-accuracy=2.812500
2024-04-11 17:35:41,952 [INFO]  Epoch[0] Time cost=0.051
2024-04-11 17:35:41,954 [INFO]  Saved checkpoint to "./imputer_model/32_audit/imputer_model_Prob/model-0000.params"
2024-04-11 17:35:41,955 [INFO]  Epoch[0] Validation-cross-entropy=1.041823
2024-04-11 17:35:41,955 [INFO]  Epoch[0] Validation-Prob-accuracy=0.000000
2024-04-11 17:35:41,973 [INFO]  Epoch[1] Batch [0-18]	Speed: 16679.46 samples/sec	cross-entropy=3.458933	Prob-accuracy=2.894737
2024-04-11 17:35:41,988 [INFO]  Epoch[1] Train-cross-entropy=0.800639
2024-04-11 17:35:41,988 [INFO]  Epoch[1] Train-Prob-accuracy=2.812500
2024-04-11 17:35:41,988 [INFO]  Epoch[1] Time cost=0.033
2024-04-11 17:35:41,990 [INFO]  Saved checkpoint to "./imputer_model/32_audit/imputer_model_Prob/model-0001.params"
2024-04-11 17:35:42,010 [INFO]  Epoch[1] Validation-cross-entropy=0.850771
2024-04-11 17:35:42,010 [INFO]  Epoch[1] Validation-Prob-accuracy=0.000000
2024-04-11 17:35:42,052 [INFO]  Epoch[2] Batch [0-18]	Speed: 7080.16 samples/sec	cross-entropy=0.698504	Prob-accuracy=2.894737
2024-04-11 17:35:42,062 [INFO]  Epoch[2] Train-cross-entropy=0.430494
2024-04-11 17:35:42,062 [INFO]  Epoch[2] Train-Prob-accuracy=2.812500
2024-04-11 17:35:42,062 [INFO]  Epoch[2] Time cost=0.052
2024-04-11 17:35:42,065 [INFO]  Saved checkpoint to "./imputer_model/32_audit/imputer_model_Prob/model-0002.params"
2024-04-11 17:35:42,066 [INFO]  Epoch[2] Validation-cross-entropy=0.358586
2024-04-11 17:35:42,066 [INFO]  Epoch[2] Validation-Prob-accuracy=0.000000
2024-04-11 17:35:42,089 [INFO]  Epoch[3] Batch [0-18]	Speed: 13086.04 samples/sec	cross-entropy=0.451404	Prob-accuracy=2.894737
2024-04-11 17:35:42,106 [INFO]  Epoch[3] Train-cross-entropy=0.228901
2024-04-11 17:35:42,106 [INFO]  Epoch[3] Train-Prob-accuracy=2.812500
2024-04-11 17:35:42,106 [INFO]  Epoch[3] Time cost=0.040
2024-04-11 17:35:42,108 [INFO]  Saved checkpoint to "./imputer_model/32_audit/imputer_model_Prob/model-0003.params"
2024-04-11 17:35:42,110 [INFO]  Epoch[3] Validation-cross-entropy=0.312747
2024-04-11 17:35:42,110 [INFO]  Epoch[3] Validation-Prob-accuracy=0.000000
2024-04-11 17:35:42,131 [INFO]  Epoch[4] Batch [0-18]	Speed: 14270.22 samples/sec	cross-entropy=0.298005	Prob-accuracy=2.894737
2024-04-11 17:35:42,172 [INFO]  Epoch[4] Train-cross-entropy=0.200492
2024-04-11 17:35:42,172 [INFO]  Epoch[4] Train-Prob-accuracy=2.812500
2024-04-11 17:35:42,172 [INFO]  Epoch[4] Time cost=0.062
2024-04-11 17:35:42,174 [INFO]  Saved checkpoint to "./imputer_model/32_audit/imputer_model_Prob/model-0004.params"
2024-04-11 17:35:42,175 [INFO]  Epoch[4] Validation-cross-entropy=0.255824
2024-04-11 17:35:42,175 [INFO]  Epoch[4] Validation-Prob-accuracy=0.000000
2024-04-11 17:35:42,175 [INFO]  
========== done (0.27571916580200195 s) fit model
2024-04-11 17:35:57,341 [INFO]  
========== start: fit model
2024-04-11 17:35:57,341 [WARNING]  Already bound, ignoring bind()
2024-04-11 17:35:57,366 [INFO]  Epoch[0] Batch [0-18]	Speed: 12785.35 samples/sec	cross-entropy=9.595792	Prob-accuracy=3.263158
2024-04-11 17:35:57,407 [INFO]  Epoch[0] Train-cross-entropy=3.151910
2024-04-11 17:35:57,407 [INFO]  Epoch[0] Train-Prob-accuracy=2.375000
2024-04-11 17:35:57,407 [INFO]  Epoch[0] Time cost=0.065
2024-04-11 17:35:57,409 [INFO]  Saved checkpoint to "./imputer_model/32_audit/imputer_model_Prob/model-0000.params"
2024-04-11 17:35:57,411 [INFO]  Epoch[0] Validation-cross-entropy=3.938651
2024-04-11 17:35:57,412 [INFO]  Epoch[0] Validation-Prob-accuracy=0.000000
2024-04-11 17:35:57,521 [INFO]  Epoch[1] Batch [0-18]	Speed: 2671.27 samples/sec	cross-entropy=2.308543	Prob-accuracy=3.263158
2024-04-11 17:35:57,539 [INFO]  Epoch[1] Train-cross-entropy=1.146448
2024-04-11 17:35:57,539 [INFO]  Epoch[1] Train-Prob-accuracy=2.375000
2024-04-11 17:35:57,539 [INFO]  Epoch[1] Time cost=0.127
2024-04-11 17:35:57,541 [INFO]  Saved checkpoint to "./imputer_model/32_audit/imputer_model_Prob/model-0001.params"
2024-04-11 17:35:57,545 [INFO]  Epoch[1] Validation-cross-entropy=3.038860
2024-04-11 17:35:57,545 [INFO]  Epoch[1] Validation-Prob-accuracy=0.000000
2024-04-11 17:35:57,567 [INFO]  Epoch[2] Batch [0-18]	Speed: 13616.80 samples/sec	cross-entropy=0.986694	Prob-accuracy=3.263158
2024-04-11 17:35:57,587 [INFO]  Epoch[2] Train-cross-entropy=1.021835
2024-04-11 17:35:57,587 [INFO]  Epoch[2] Train-Prob-accuracy=2.375000
2024-04-11 17:35:57,587 [INFO]  Epoch[2] Time cost=0.042
2024-04-11 17:35:57,589 [INFO]  Saved checkpoint to "./imputer_model/32_audit/imputer_model_Prob/model-0002.params"
2024-04-11 17:35:57,595 [INFO]  Epoch[2] Validation-cross-entropy=0.798278
2024-04-11 17:35:57,595 [INFO]  Epoch[2] Validation-Prob-accuracy=0.000000
2024-04-11 17:35:57,650 [INFO]  Epoch[3] Batch [0-18]	Speed: 5345.14 samples/sec	cross-entropy=0.625157	Prob-accuracy=3.263158
2024-04-11 17:35:57,686 [INFO]  Epoch[3] Train-cross-entropy=0.734894
2024-04-11 17:35:57,686 [INFO]  Epoch[3] Train-Prob-accuracy=2.375000
2024-04-11 17:35:57,686 [INFO]  Epoch[3] Time cost=0.091
2024-04-11 17:35:57,688 [INFO]  Saved checkpoint to "./imputer_model/32_audit/imputer_model_Prob/model-0003.params"
2024-04-11 17:35:57,691 [INFO]  Epoch[3] Validation-cross-entropy=0.373901
2024-04-11 17:35:57,691 [INFO]  Epoch[3] Validation-Prob-accuracy=0.000000
2024-04-11 17:35:57,721 [INFO]  Epoch[4] Batch [0-18]	Speed: 10078.59 samples/sec	cross-entropy=0.272601	Prob-accuracy=3.263158
2024-04-11 17:35:57,743 [INFO]  Epoch[4] Train-cross-entropy=0.871403
2024-04-11 17:35:57,743 [INFO]  Epoch[4] Train-Prob-accuracy=2.375000
2024-04-11 17:35:57,743 [INFO]  Epoch[4] Time cost=0.053
2024-04-11 17:35:57,745 [INFO]  Saved checkpoint to "./imputer_model/32_audit/imputer_model_Prob/model-0004.params"
2024-04-11 17:35:57,748 [INFO]  Epoch[4] Validation-cross-entropy=0.984771
2024-04-11 17:35:57,748 [INFO]  Epoch[4] Validation-Prob-accuracy=0.000000
2024-04-11 17:35:57,748 [INFO]  
========== done (0.4073464870452881 s) fit model
2024-04-11 17:36:12,651 [INFO]  
========== start: fit model
2024-04-11 17:36:12,652 [WARNING]  Already bound, ignoring bind()
2024-04-11 17:36:12,667 [INFO]  Epoch[0] Batch [0-18]	Speed: 21693.90 samples/sec	cross-entropy=9.028822	Prob-accuracy=3.157895
2024-04-11 17:36:12,680 [INFO]  Epoch[0] Train-cross-entropy=5.880532
2024-04-11 17:36:12,680 [INFO]  Epoch[0] Train-Prob-accuracy=2.562500
2024-04-11 17:36:12,680 [INFO]  Epoch[0] Time cost=0.027
2024-04-11 17:36:12,682 [INFO]  Saved checkpoint to "./imputer_model/32_audit/imputer_model_Prob/model-0000.params"
2024-04-11 17:36:12,683 [INFO]  Epoch[0] Validation-cross-entropy=0.652831
2024-04-11 17:36:12,683 [INFO]  Epoch[0] Validation-Prob-accuracy=0.000000
2024-04-11 17:36:12,698 [INFO]  Epoch[1] Batch [0-18]	Speed: 21363.56 samples/sec	cross-entropy=0.971305	Prob-accuracy=3.157895
2024-04-11 17:36:12,710 [INFO]  Epoch[1] Train-cross-entropy=1.733853
2024-04-11 17:36:12,710 [INFO]  Epoch[1] Train-Prob-accuracy=2.562500
2024-04-11 17:36:12,710 [INFO]  Epoch[1] Time cost=0.027
2024-04-11 17:36:12,712 [INFO]  Saved checkpoint to "./imputer_model/32_audit/imputer_model_Prob/model-0001.params"
2024-04-11 17:36:12,713 [INFO]  Epoch[1] Validation-cross-entropy=0.580489
2024-04-11 17:36:12,713 [INFO]  Epoch[1] Validation-Prob-accuracy=0.000000
2024-04-11 17:36:12,731 [INFO]  Epoch[2] Batch [0-18]	Speed: 17739.33 samples/sec	cross-entropy=0.532206	Prob-accuracy=3.157895
2024-04-11 17:36:12,763 [INFO]  Epoch[2] Train-cross-entropy=1.318264
2024-04-11 17:36:12,763 [INFO]  Epoch[2] Train-Prob-accuracy=2.562500
2024-04-11 17:36:12,763 [INFO]  Epoch[2] Time cost=0.050
2024-04-11 17:36:12,765 [INFO]  Saved checkpoint to "./imputer_model/32_audit/imputer_model_Prob/model-0002.params"
2024-04-11 17:36:12,767 [INFO]  Epoch[2] Validation-cross-entropy=0.607068
2024-04-11 17:36:12,767 [INFO]  Epoch[2] Validation-Prob-accuracy=0.000000
2024-04-11 17:36:12,789 [INFO]  Epoch[3] Batch [0-18]	Speed: 14120.58 samples/sec	cross-entropy=0.353724	Prob-accuracy=3.157895
2024-04-11 17:36:12,807 [INFO]  Epoch[3] Train-cross-entropy=1.284632
2024-04-11 17:36:12,807 [INFO]  Epoch[3] Train-Prob-accuracy=2.562500
2024-04-11 17:36:12,807 [INFO]  Epoch[3] Time cost=0.040
2024-04-11 17:36:12,809 [INFO]  Saved checkpoint to "./imputer_model/32_audit/imputer_model_Prob/model-0003.params"
2024-04-11 17:36:12,812 [INFO]  Epoch[3] Validation-cross-entropy=0.674623
2024-04-11 17:36:12,812 [INFO]  Epoch[3] Validation-Prob-accuracy=0.000000
2024-04-11 17:36:12,834 [INFO]  Epoch[4] Batch [0-18]	Speed: 13506.72 samples/sec	cross-entropy=0.467518	Prob-accuracy=3.157895
2024-04-11 17:36:12,852 [INFO]  Epoch[4] Train-cross-entropy=0.918979
2024-04-11 17:36:12,853 [INFO]  Epoch[4] Train-Prob-accuracy=2.562500
2024-04-11 17:36:12,853 [INFO]  Epoch[4] Time cost=0.041
2024-04-11 17:36:12,854 [INFO]  Saved checkpoint to "./imputer_model/32_audit/imputer_model_Prob/model-0004.params"
2024-04-11 17:36:12,857 [INFO]  Epoch[4] Validation-cross-entropy=0.242412
2024-04-11 17:36:12,857 [INFO]  Epoch[4] Validation-Prob-accuracy=0.000000
2024-04-11 17:36:12,857 [INFO]  
========== done (0.20538544654846191 s) fit model
2024-04-11 17:36:26,524 [INFO]  
========== start: fit model
2024-04-11 17:36:26,524 [WARNING]  Already bound, ignoring bind()
2024-04-11 17:36:26,672 [INFO]  Epoch[0] Batch [0-18]	Speed: 1999.86 samples/sec	cross-entropy=8.653957	Prob-accuracy=0.000000
2024-04-11 17:36:26,684 [INFO]  Epoch[0] Train-cross-entropy=2.711653
2024-04-11 17:36:26,684 [INFO]  Epoch[0] Train-Prob-accuracy=0.000000
2024-04-11 17:36:26,684 [INFO]  Epoch[0] Time cost=0.159
2024-04-11 17:36:26,686 [INFO]  Saved checkpoint to "./imputer_model/32_audit/imputer_model_Prob/model-0000.params"
2024-04-11 17:36:26,688 [INFO]  Epoch[0] Validation-cross-entropy=6.164529
2024-04-11 17:36:26,688 [INFO]  Epoch[0] Validation-Prob-accuracy=0.000000
2024-04-11 17:36:26,702 [INFO]  Epoch[1] Batch [0-18]	Speed: 21220.57 samples/sec	cross-entropy=3.110723	Prob-accuracy=0.000000
2024-04-11 17:36:26,715 [INFO]  Epoch[1] Train-cross-entropy=2.200745
2024-04-11 17:36:26,715 [INFO]  Epoch[1] Train-Prob-accuracy=0.000000
2024-04-11 17:36:26,715 [INFO]  Epoch[1] Time cost=0.027
2024-04-11 17:36:26,717 [INFO]  Saved checkpoint to "./imputer_model/32_audit/imputer_model_Prob/model-0001.params"
2024-04-11 17:36:26,718 [INFO]  Epoch[1] Validation-cross-entropy=0.977611
2024-04-11 17:36:26,718 [INFO]  Epoch[1] Validation-Prob-accuracy=0.000000
2024-04-11 17:36:26,733 [INFO]  Epoch[2] Batch [0-18]	Speed: 21280.01 samples/sec	cross-entropy=0.899670	Prob-accuracy=0.000000
2024-04-11 17:36:26,750 [INFO]  Epoch[2] Train-cross-entropy=0.956668
2024-04-11 17:36:26,750 [INFO]  Epoch[2] Train-Prob-accuracy=0.000000
2024-04-11 17:36:26,750 [INFO]  Epoch[2] Time cost=0.031
2024-04-11 17:36:26,751 [INFO]  Saved checkpoint to "./imputer_model/32_audit/imputer_model_Prob/model-0002.params"
2024-04-11 17:36:26,753 [INFO]  Epoch[2] Validation-cross-entropy=0.457688
2024-04-11 17:36:26,753 [INFO]  Epoch[2] Validation-Prob-accuracy=0.000000
2024-04-11 17:36:26,768 [INFO]  Epoch[3] Batch [0-18]	Speed: 20376.50 samples/sec	cross-entropy=0.569625	Prob-accuracy=0.000000
2024-04-11 17:36:26,781 [INFO]  Epoch[3] Train-cross-entropy=0.794635
2024-04-11 17:36:26,781 [INFO]  Epoch[3] Train-Prob-accuracy=0.000000
2024-04-11 17:36:26,781 [INFO]  Epoch[3] Time cost=0.028
2024-04-11 17:36:26,782 [INFO]  Saved checkpoint to "./imputer_model/32_audit/imputer_model_Prob/model-0003.params"
2024-04-11 17:36:26,786 [INFO]  Epoch[3] Validation-cross-entropy=0.312872
2024-04-11 17:36:26,786 [INFO]  Epoch[3] Validation-Prob-accuracy=0.000000
2024-04-11 17:36:26,836 [INFO]  Epoch[4] Batch [0-18]	Speed: 5966.29 samples/sec	cross-entropy=0.370759	Prob-accuracy=0.000000
2024-04-11 17:36:26,936 [INFO]  Epoch[4] Train-cross-entropy=0.608990
2024-04-11 17:36:26,936 [INFO]  Epoch[4] Train-Prob-accuracy=0.000000
2024-04-11 17:36:26,936 [INFO]  Epoch[4] Time cost=0.150
2024-04-11 17:36:26,938 [INFO]  Saved checkpoint to "./imputer_model/32_audit/imputer_model_Prob/model-0004.params"
2024-04-11 17:36:27,097 [INFO]  Epoch[4] Validation-cross-entropy=0.465049
2024-04-11 17:36:27,098 [INFO]  Epoch[4] Validation-Prob-accuracy=0.000000
2024-04-11 17:36:27,098 [INFO]  
========== done (0.5734846591949463 s) fit model
2024-04-11 17:36:42,516 [INFO]  
========== start: fit model
2024-04-11 17:36:42,516 [WARNING]  Already bound, ignoring bind()
2024-04-11 17:36:42,533 [INFO]  Epoch[0] Batch [0-18]	Speed: 20151.47 samples/sec	cross-entropy=9.740805	Prob-accuracy=0.000000
2024-04-11 17:36:42,547 [INFO]  Epoch[0] Train-cross-entropy=2.061946
2024-04-11 17:36:42,548 [INFO]  Epoch[0] Train-Prob-accuracy=0.000000
2024-04-11 17:36:42,548 [INFO]  Epoch[0] Time cost=0.030
2024-04-11 17:36:42,549 [INFO]  Saved checkpoint to "./imputer_model/32_audit/imputer_model_Prob/model-0000.params"
2024-04-11 17:36:42,551 [INFO]  Epoch[0] Validation-cross-entropy=0.456087
2024-04-11 17:36:42,551 [INFO]  Epoch[0] Validation-Prob-accuracy=0.000000
2024-04-11 17:36:42,571 [INFO]  Epoch[1] Batch [0-18]	Speed: 15077.44 samples/sec	cross-entropy=1.617420	Prob-accuracy=0.000000
2024-04-11 17:36:42,584 [INFO]  Epoch[1] Train-cross-entropy=1.104919
2024-04-11 17:36:42,584 [INFO]  Epoch[1] Train-Prob-accuracy=0.000000
2024-04-11 17:36:42,584 [INFO]  Epoch[1] Time cost=0.033
2024-04-11 17:36:42,586 [INFO]  Saved checkpoint to "./imputer_model/32_audit/imputer_model_Prob/model-0001.params"
2024-04-11 17:36:42,588 [INFO]  Epoch[1] Validation-cross-entropy=0.321407
2024-04-11 17:36:42,588 [INFO]  Epoch[1] Validation-Prob-accuracy=0.000000
2024-04-11 17:36:42,602 [INFO]  Epoch[2] Batch [0-18]	Speed: 21353.74 samples/sec	cross-entropy=1.852010	Prob-accuracy=0.000000
2024-04-11 17:36:42,615 [INFO]  Epoch[2] Train-cross-entropy=0.543680
2024-04-11 17:36:42,615 [INFO]  Epoch[2] Train-Prob-accuracy=0.000000
2024-04-11 17:36:42,615 [INFO]  Epoch[2] Time cost=0.027
2024-04-11 17:36:42,617 [INFO]  Saved checkpoint to "./imputer_model/32_audit/imputer_model_Prob/model-0002.params"
2024-04-11 17:36:42,619 [INFO]  Epoch[2] Validation-cross-entropy=0.150858
2024-04-11 17:36:42,619 [INFO]  Epoch[2] Validation-Prob-accuracy=0.000000
2024-04-11 17:36:42,633 [INFO]  Epoch[3] Batch [0-18]	Speed: 21027.37 samples/sec	cross-entropy=1.040391	Prob-accuracy=0.000000
2024-04-11 17:36:42,646 [INFO]  Epoch[3] Train-cross-entropy=0.345284
2024-04-11 17:36:42,646 [INFO]  Epoch[3] Train-Prob-accuracy=0.000000
2024-04-11 17:36:42,646 [INFO]  Epoch[3] Time cost=0.028
2024-04-11 17:36:42,648 [INFO]  Saved checkpoint to "./imputer_model/32_audit/imputer_model_Prob/model-0003.params"
2024-04-11 17:36:42,650 [INFO]  Epoch[3] Validation-cross-entropy=0.335002
2024-04-11 17:36:42,650 [INFO]  Epoch[3] Validation-Prob-accuracy=0.000000
2024-04-11 17:36:42,664 [INFO]  Epoch[4] Batch [0-18]	Speed: 21089.05 samples/sec	cross-entropy=0.633335	Prob-accuracy=0.000000
2024-04-11 17:36:42,677 [INFO]  Epoch[4] Train-cross-entropy=0.266482
2024-04-11 17:36:42,677 [INFO]  Epoch[4] Train-Prob-accuracy=0.000000
2024-04-11 17:36:42,677 [INFO]  Epoch[4] Time cost=0.027
2024-04-11 17:36:42,679 [INFO]  Saved checkpoint to "./imputer_model/32_audit/imputer_model_Prob/model-0004.params"
2024-04-11 17:36:42,681 [INFO]  Epoch[4] Validation-cross-entropy=0.107624
2024-04-11 17:36:42,681 [INFO]  Epoch[4] Validation-Prob-accuracy=0.000000
2024-04-11 17:36:42,681 [INFO]  
========== done (0.16478562355041504 s) fit model
2024-04-11 17:36:59,082 [INFO]  
========== start: fit model
2024-04-11 17:36:59,083 [WARNING]  Already bound, ignoring bind()
2024-04-11 17:36:59,270 [INFO]  Epoch[0] Batch [0-18]	Speed: 1600.00 samples/sec	cross-entropy=10.326188	Prob-accuracy=0.000000
2024-04-11 17:36:59,290 [INFO]  Epoch[0] Train-cross-entropy=3.726205
2024-04-11 17:36:59,290 [INFO]  Epoch[0] Train-Prob-accuracy=0.000000
2024-04-11 17:36:59,291 [INFO]  Epoch[0] Time cost=0.207
2024-04-11 17:36:59,292 [INFO]  Saved checkpoint to "./imputer_model/32_audit/imputer_model_Prob/model-0000.params"
2024-04-11 17:36:59,296 [INFO]  Epoch[0] Validation-cross-entropy=9.148994
2024-04-11 17:36:59,296 [INFO]  Epoch[0] Validation-Prob-accuracy=0.000000
2024-04-11 17:36:59,435 [INFO]  Epoch[1] Batch [0-18]	Speed: 2090.81 samples/sec	cross-entropy=2.208782	Prob-accuracy=0.000000
2024-04-11 17:36:59,452 [INFO]  Epoch[1] Train-cross-entropy=2.938091
2024-04-11 17:36:59,452 [INFO]  Epoch[1] Train-Prob-accuracy=0.000000
2024-04-11 17:36:59,452 [INFO]  Epoch[1] Time cost=0.156
2024-04-11 17:36:59,454 [INFO]  Saved checkpoint to "./imputer_model/32_audit/imputer_model_Prob/model-0001.params"
2024-04-11 17:36:59,456 [INFO]  Epoch[1] Validation-cross-entropy=3.721655
2024-04-11 17:36:59,456 [INFO]  Epoch[1] Validation-Prob-accuracy=0.000000
2024-04-11 17:36:59,478 [INFO]  Epoch[2] Batch [0-18]	Speed: 13739.46 samples/sec	cross-entropy=1.548682	Prob-accuracy=0.000000
2024-04-11 17:36:59,491 [INFO]  Epoch[2] Train-cross-entropy=0.642774
2024-04-11 17:36:59,491 [INFO]  Epoch[2] Train-Prob-accuracy=0.000000
2024-04-11 17:36:59,491 [INFO]  Epoch[2] Time cost=0.035
2024-04-11 17:36:59,493 [INFO]  Saved checkpoint to "./imputer_model/32_audit/imputer_model_Prob/model-0002.params"
2024-04-11 17:36:59,496 [INFO]  Epoch[2] Validation-cross-entropy=1.964268
2024-04-11 17:36:59,496 [INFO]  Epoch[2] Validation-Prob-accuracy=0.000000
2024-04-11 17:36:59,521 [INFO]  Epoch[3] Batch [0-18]	Speed: 12132.74 samples/sec	cross-entropy=0.695693	Prob-accuracy=0.000000
2024-04-11 17:36:59,547 [INFO]  Epoch[3] Train-cross-entropy=0.324925
2024-04-11 17:36:59,547 [INFO]  Epoch[3] Train-Prob-accuracy=0.000000
2024-04-11 17:36:59,547 [INFO]  Epoch[3] Time cost=0.051
2024-04-11 17:36:59,550 [INFO]  Saved checkpoint to "./imputer_model/32_audit/imputer_model_Prob/model-0003.params"
2024-04-11 17:36:59,551 [INFO]  Epoch[3] Validation-cross-entropy=1.426945
2024-04-11 17:36:59,551 [INFO]  Epoch[3] Validation-Prob-accuracy=0.000000
2024-04-11 17:36:59,593 [INFO]  Epoch[4] Batch [0-18]	Speed: 7120.30 samples/sec	cross-entropy=0.817090	Prob-accuracy=0.000000
2024-04-11 17:36:59,629 [INFO]  Epoch[4] Train-cross-entropy=0.251908
2024-04-11 17:36:59,629 [INFO]  Epoch[4] Train-Prob-accuracy=0.000000
2024-04-11 17:36:59,629 [INFO]  Epoch[4] Time cost=0.078
2024-04-11 17:36:59,631 [INFO]  Saved checkpoint to "./imputer_model/32_audit/imputer_model_Prob/model-0004.params"
2024-04-11 17:36:59,634 [INFO]  Epoch[4] Validation-cross-entropy=1.396579
2024-04-11 17:36:59,634 [INFO]  Epoch[4] Validation-Prob-accuracy=0.000000
2024-04-11 17:36:59,634 [INFO]  
========== done (0.551306962966919 s) fit model
2024-04-11 17:37:12,174 [INFO]  
========== start: fit model
2024-04-11 17:37:12,174 [WARNING]  Already bound, ignoring bind()
2024-04-11 17:37:12,314 [INFO]  Epoch[0] Batch [0-18]	Speed: 5468.75 samples/sec	cross-entropy=16.560597	Prob-accuracy=3.210526
2024-04-11 17:37:12,333 [INFO]  Epoch[0] Train-cross-entropy=4.335270
2024-04-11 17:37:12,333 [INFO]  Epoch[0] Train-Prob-accuracy=2.375000
2024-04-11 17:37:12,333 [INFO]  Epoch[0] Time cost=0.158
2024-04-11 17:37:12,334 [INFO]  Saved checkpoint to "./imputer_model/32_audit/imputer_model_Prob/model-0000.params"
2024-04-11 17:37:12,337 [INFO]  Epoch[0] Validation-cross-entropy=0.688097
2024-04-11 17:37:12,337 [INFO]  Epoch[0] Validation-Prob-accuracy=0.000000
2024-04-11 17:37:12,357 [INFO]  Epoch[1] Batch [0-18]	Speed: 14707.36 samples/sec	cross-entropy=2.032463	Prob-accuracy=3.210526
2024-04-11 17:37:12,377 [INFO]  Epoch[1] Train-cross-entropy=1.722762
2024-04-11 17:37:12,377 [INFO]  Epoch[1] Train-Prob-accuracy=2.375000
2024-04-11 17:37:12,377 [INFO]  Epoch[1] Time cost=0.040
2024-04-11 17:37:12,379 [INFO]  Saved checkpoint to "./imputer_model/32_audit/imputer_model_Prob/model-0001.params"
2024-04-11 17:37:12,382 [INFO]  Epoch[1] Validation-cross-entropy=0.417054
2024-04-11 17:37:12,382 [INFO]  Epoch[1] Validation-Prob-accuracy=0.000000
2024-04-11 17:37:12,406 [INFO]  Epoch[2] Batch [0-18]	Speed: 12881.74 samples/sec	cross-entropy=1.228521	Prob-accuracy=3.210526
2024-04-11 17:37:12,424 [INFO]  Epoch[2] Train-cross-entropy=0.744620
2024-04-11 17:37:12,424 [INFO]  Epoch[2] Train-Prob-accuracy=2.375000
2024-04-11 17:37:12,424 [INFO]  Epoch[2] Time cost=0.042
2024-04-11 17:37:12,426 [INFO]  Saved checkpoint to "./imputer_model/32_audit/imputer_model_Prob/model-0002.params"
2024-04-11 17:37:12,438 [INFO]  Epoch[2] Validation-cross-entropy=0.326361
2024-04-11 17:37:12,438 [INFO]  Epoch[2] Validation-Prob-accuracy=0.000000
2024-04-11 17:37:12,459 [INFO]  Epoch[3] Batch [0-18]	Speed: 15086.29 samples/sec	cross-entropy=0.641271	Prob-accuracy=3.210526
2024-04-11 17:37:12,498 [INFO]  Epoch[3] Train-cross-entropy=0.729073
2024-04-11 17:37:12,498 [INFO]  Epoch[3] Train-Prob-accuracy=2.375000
2024-04-11 17:37:12,498 [INFO]  Epoch[3] Time cost=0.059
2024-04-11 17:37:12,500 [INFO]  Saved checkpoint to "./imputer_model/32_audit/imputer_model_Prob/model-0003.params"
2024-04-11 17:37:12,502 [INFO]  Epoch[3] Validation-cross-entropy=0.362573
2024-04-11 17:37:12,502 [INFO]  Epoch[3] Validation-Prob-accuracy=0.000000
2024-04-11 17:37:12,524 [INFO]  Epoch[4] Batch [0-18]	Speed: 13565.57 samples/sec	cross-entropy=0.657633	Prob-accuracy=3.210526
2024-04-11 17:37:12,578 [INFO]  Epoch[4] Train-cross-entropy=1.248260
2024-04-11 17:37:12,578 [INFO]  Epoch[4] Train-Prob-accuracy=2.375000
2024-04-11 17:37:12,578 [INFO]  Epoch[4] Time cost=0.076
2024-04-11 17:37:12,580 [INFO]  Saved checkpoint to "./imputer_model/32_audit/imputer_model_Prob/model-0004.params"
2024-04-11 17:37:12,582 [INFO]  Epoch[4] Validation-cross-entropy=0.207404
2024-04-11 17:37:12,582 [INFO]  Epoch[4] Validation-Prob-accuracy=0.000000
2024-04-11 17:37:12,582 [INFO]  
========== done (0.4080336093902588 s) fit model
2024-04-11 17:37:26,987 [INFO]  
========== start: fit model
2024-04-11 17:37:26,987 [WARNING]  Already bound, ignoring bind()
2024-04-11 17:37:27,001 [INFO]  Epoch[0] Batch [0-18]	Speed: 26308.03 samples/sec	cross-entropy=15.325764	Prob-accuracy=0.000000
2024-04-11 17:37:27,010 [INFO]  Epoch[0] Train-cross-entropy=4.289587
2024-04-11 17:37:27,010 [INFO]  Epoch[0] Train-Prob-accuracy=0.000000
2024-04-11 17:37:27,010 [INFO]  Epoch[0] Time cost=0.022
2024-04-11 17:37:27,012 [INFO]  Saved checkpoint to "./imputer_model/32_audit/imputer_model_Prob/model-0000.params"
2024-04-11 17:37:27,013 [INFO]  Epoch[0] Validation-cross-entropy=57.557479
2024-04-11 17:37:27,013 [INFO]  Epoch[0] Validation-Prob-accuracy=0.000000
2024-04-11 17:37:27,024 [INFO]  Epoch[1] Batch [0-18]	Speed: 28073.80 samples/sec	cross-entropy=3.289391	Prob-accuracy=0.000000
2024-04-11 17:37:27,039 [INFO]  Epoch[1] Train-cross-entropy=1.623475
2024-04-11 17:37:27,040 [INFO]  Epoch[1] Train-Prob-accuracy=0.000000
2024-04-11 17:37:27,040 [INFO]  Epoch[1] Time cost=0.026
2024-04-11 17:37:27,044 [INFO]  Saved checkpoint to "./imputer_model/32_audit/imputer_model_Prob/model-0001.params"
2024-04-11 17:37:27,063 [INFO]  Epoch[1] Validation-cross-entropy=18.952245
2024-04-11 17:37:27,063 [INFO]  Epoch[1] Validation-Prob-accuracy=0.000000
2024-04-11 17:37:27,183 [INFO]  Epoch[2] Batch [0-18]	Speed: 2434.56 samples/sec	cross-entropy=0.764637	Prob-accuracy=0.000000
2024-04-11 17:37:27,205 [INFO]  Epoch[2] Train-cross-entropy=0.446599
2024-04-11 17:37:27,206 [INFO]  Epoch[2] Train-Prob-accuracy=0.000000
2024-04-11 17:37:27,206 [INFO]  Epoch[2] Time cost=0.143
2024-04-11 17:37:27,208 [INFO]  Saved checkpoint to "./imputer_model/32_audit/imputer_model_Prob/model-0002.params"
2024-04-11 17:37:27,210 [INFO]  Epoch[2] Validation-cross-entropy=16.231661
2024-04-11 17:37:27,210 [INFO]  Epoch[2] Validation-Prob-accuracy=0.000000
2024-04-11 17:37:27,304 [INFO]  Epoch[3] Batch [0-18]	Speed: 3135.11 samples/sec	cross-entropy=0.340480	Prob-accuracy=0.000000
2024-04-11 17:37:27,324 [INFO]  Epoch[3] Train-cross-entropy=0.206477
2024-04-11 17:37:27,324 [INFO]  Epoch[3] Train-Prob-accuracy=0.000000
2024-04-11 17:37:27,324 [INFO]  Epoch[3] Time cost=0.113
2024-04-11 17:37:27,326 [INFO]  Saved checkpoint to "./imputer_model/32_audit/imputer_model_Prob/model-0003.params"
2024-04-11 17:37:27,328 [INFO]  Epoch[3] Validation-cross-entropy=9.351101
2024-04-11 17:37:27,328 [INFO]  Epoch[3] Validation-Prob-accuracy=0.000000
2024-04-11 17:37:27,385 [INFO]  Epoch[4] Batch [0-18]	Speed: 5347.75 samples/sec	cross-entropy=0.201438	Prob-accuracy=0.000000
2024-04-11 17:37:27,449 [INFO]  Epoch[4] Train-cross-entropy=0.144966
2024-04-11 17:37:27,449 [INFO]  Epoch[4] Train-Prob-accuracy=0.000000
2024-04-11 17:37:27,450 [INFO]  Epoch[4] Time cost=0.121
2024-04-11 17:37:27,451 [INFO]  Saved checkpoint to "./imputer_model/32_audit/imputer_model_Prob/model-0004.params"
2024-04-11 17:37:27,454 [INFO]  Epoch[4] Validation-cross-entropy=9.154242
2024-04-11 17:37:27,454 [INFO]  Epoch[4] Validation-Prob-accuracy=0.000000
2024-04-11 17:37:27,454 [INFO]  
========== done (0.46674346923828125 s) fit model
2024-04-11 17:37:45,675 [INFO]  
========== start: fit model
2024-04-11 17:37:45,675 [WARNING]  Already bound, ignoring bind()
2024-04-11 17:37:45,691 [INFO]  Epoch[0] Batch [0-18]	Speed: 21363.93 samples/sec	cross-entropy=7.111947	Prob-accuracy=0.000000
2024-04-11 17:37:45,700 [INFO]  Epoch[0] Train-cross-entropy=5.525842
2024-04-11 17:37:45,701 [INFO]  Epoch[0] Train-Prob-accuracy=0.000000
2024-04-11 17:37:45,701 [INFO]  Epoch[0] Time cost=0.025
2024-04-11 17:37:45,702 [INFO]  Saved checkpoint to "./imputer_model/32_audit/imputer_model_Prob/model-0000.params"
2024-04-11 17:37:45,703 [INFO]  Epoch[0] Validation-cross-entropy=6.084615
2024-04-11 17:37:45,703 [INFO]  Epoch[0] Validation-Prob-accuracy=0.000000
2024-04-11 17:37:45,714 [INFO]  Epoch[1] Batch [0-18]	Speed: 28484.24 samples/sec	cross-entropy=2.500464	Prob-accuracy=0.000000
2024-04-11 17:37:45,723 [INFO]  Epoch[1] Train-cross-entropy=2.846610
2024-04-11 17:37:45,724 [INFO]  Epoch[1] Train-Prob-accuracy=0.000000
2024-04-11 17:37:45,724 [INFO]  Epoch[1] Time cost=0.020
2024-04-11 17:37:45,725 [INFO]  Saved checkpoint to "./imputer_model/32_audit/imputer_model_Prob/model-0001.params"
2024-04-11 17:37:45,726 [INFO]  Epoch[1] Validation-cross-entropy=1.227610
2024-04-11 17:37:45,726 [INFO]  Epoch[1] Validation-Prob-accuracy=0.000000
2024-04-11 17:37:45,737 [INFO]  Epoch[2] Batch [0-18]	Speed: 28738.36 samples/sec	cross-entropy=0.991091	Prob-accuracy=0.000000
2024-04-11 17:37:45,746 [INFO]  Epoch[2] Train-cross-entropy=1.193540
2024-04-11 17:37:45,746 [INFO]  Epoch[2] Train-Prob-accuracy=0.000000
2024-04-11 17:37:45,746 [INFO]  Epoch[2] Time cost=0.020
2024-04-11 17:37:45,748 [INFO]  Saved checkpoint to "./imputer_model/32_audit/imputer_model_Prob/model-0002.params"
2024-04-11 17:37:45,749 [INFO]  Epoch[2] Validation-cross-entropy=4.784775
2024-04-11 17:37:45,749 [INFO]  Epoch[2] Validation-Prob-accuracy=0.000000
2024-04-11 17:37:45,760 [INFO]  Epoch[3] Batch [0-18]	Speed: 28157.57 samples/sec	cross-entropy=0.625762	Prob-accuracy=0.000000
2024-04-11 17:37:45,772 [INFO]  Epoch[3] Train-cross-entropy=0.905095
2024-04-11 17:37:45,772 [INFO]  Epoch[3] Train-Prob-accuracy=0.000000
2024-04-11 17:37:45,772 [INFO]  Epoch[3] Time cost=0.023
2024-04-11 17:37:45,774 [INFO]  Saved checkpoint to "./imputer_model/32_audit/imputer_model_Prob/model-0003.params"
2024-04-11 17:37:45,775 [INFO]  Epoch[3] Validation-cross-entropy=0.807653
2024-04-11 17:37:45,776 [INFO]  Epoch[3] Validation-Prob-accuracy=0.000000
2024-04-11 17:37:45,787 [INFO]  Epoch[4] Batch [0-18]	Speed: 26141.22 samples/sec	cross-entropy=0.551702	Prob-accuracy=0.000000
2024-04-11 17:37:45,798 [INFO]  Epoch[4] Train-cross-entropy=0.508473
2024-04-11 17:37:45,798 [INFO]  Epoch[4] Train-Prob-accuracy=0.000000
2024-04-11 17:37:45,798 [INFO]  Epoch[4] Time cost=0.022
2024-04-11 17:37:45,799 [INFO]  Saved checkpoint to "./imputer_model/32_audit/imputer_model_Prob/model-0004.params"
2024-04-11 17:37:45,801 [INFO]  Epoch[4] Validation-cross-entropy=1.749319
2024-04-11 17:37:45,801 [INFO]  Epoch[4] Validation-Prob-accuracy=0.000000
2024-04-11 17:37:45,801 [INFO]  
========== done (0.1261146068572998 s) fit model
2024-04-11 17:38:01,586 [INFO]  
========== start: fit model
2024-04-11 17:38:01,587 [WARNING]  Already bound, ignoring bind()
2024-04-11 17:38:01,604 [INFO]  Epoch[0] Batch [0-18]	Speed: 23415.51 samples/sec	cross-entropy=13.847241	Prob-accuracy=3.368421
2024-04-11 17:38:01,614 [INFO]  Epoch[0] Train-cross-entropy=3.409162
2024-04-11 17:38:01,614 [INFO]  Epoch[0] Train-Prob-accuracy=3.250000
2024-04-11 17:38:01,614 [INFO]  Epoch[0] Time cost=0.026
2024-04-11 17:38:01,615 [INFO]  Saved checkpoint to "./imputer_model/32_audit/imputer_model_Prob/model-0000.params"
2024-04-11 17:38:01,617 [INFO]  Epoch[0] Validation-cross-entropy=2.207294
2024-04-11 17:38:01,617 [INFO]  Epoch[0] Validation-Prob-accuracy=0.000000
2024-04-11 17:38:01,651 [INFO]  Epoch[1] Batch [0-18]	Speed: 8739.97 samples/sec	cross-entropy=2.209819	Prob-accuracy=3.368421
2024-04-11 17:38:01,695 [INFO]  Epoch[1] Train-cross-entropy=1.053014
2024-04-11 17:38:01,695 [INFO]  Epoch[1] Train-Prob-accuracy=3.250000
2024-04-11 17:38:01,695 [INFO]  Epoch[1] Time cost=0.078
2024-04-11 17:38:01,697 [INFO]  Saved checkpoint to "./imputer_model/32_audit/imputer_model_Prob/model-0001.params"
2024-04-11 17:38:01,698 [INFO]  Epoch[1] Validation-cross-entropy=0.766431
2024-04-11 17:38:01,698 [INFO]  Epoch[1] Validation-Prob-accuracy=0.000000
2024-04-11 17:38:01,709 [INFO]  Epoch[2] Batch [0-18]	Speed: 27789.63 samples/sec	cross-entropy=0.772042	Prob-accuracy=3.368421
2024-04-11 17:38:01,733 [INFO]  Epoch[2] Train-cross-entropy=0.487111
2024-04-11 17:38:01,733 [INFO]  Epoch[2] Train-Prob-accuracy=3.250000
2024-04-11 17:38:01,733 [INFO]  Epoch[2] Time cost=0.035
2024-04-11 17:38:01,735 [INFO]  Saved checkpoint to "./imputer_model/32_audit/imputer_model_Prob/model-0002.params"
2024-04-11 17:38:01,737 [INFO]  Epoch[2] Validation-cross-entropy=0.501280
2024-04-11 17:38:01,737 [INFO]  Epoch[2] Validation-Prob-accuracy=0.000000
2024-04-11 17:38:01,760 [INFO]  Epoch[3] Batch [0-18]	Speed: 13246.77 samples/sec	cross-entropy=0.454175	Prob-accuracy=3.368421
2024-04-11 17:38:01,783 [INFO]  Epoch[3] Train-cross-entropy=0.404975
2024-04-11 17:38:01,784 [INFO]  Epoch[3] Train-Prob-accuracy=3.250000
2024-04-11 17:38:01,784 [INFO]  Epoch[3] Time cost=0.046
2024-04-11 17:38:01,787 [INFO]  Saved checkpoint to "./imputer_model/32_audit/imputer_model_Prob/model-0003.params"
2024-04-11 17:38:01,794 [INFO]  Epoch[3] Validation-cross-entropy=0.333644
2024-04-11 17:38:01,794 [INFO]  Epoch[3] Validation-Prob-accuracy=0.000000
2024-04-11 17:38:01,824 [INFO]  Epoch[4] Batch [0-18]	Speed: 10318.53 samples/sec	cross-entropy=0.370500	Prob-accuracy=3.368421
2024-04-11 17:38:01,848 [INFO]  Epoch[4] Train-cross-entropy=0.291117
2024-04-11 17:38:01,848 [INFO]  Epoch[4] Train-Prob-accuracy=3.250000
2024-04-11 17:38:01,848 [INFO]  Epoch[4] Time cost=0.054
2024-04-11 17:38:01,851 [INFO]  Saved checkpoint to "./imputer_model/32_audit/imputer_model_Prob/model-0004.params"
2024-04-11 17:38:01,854 [INFO]  Epoch[4] Validation-cross-entropy=0.257259
2024-04-11 17:38:01,854 [INFO]  Epoch[4] Validation-Prob-accuracy=0.000000
2024-04-11 17:38:01,854 [INFO]  
========== done (0.2678372859954834 s) fit model
2024-04-11 17:38:14,071 [INFO]  
========== start: fit model
2024-04-11 17:38:14,071 [WARNING]  Already bound, ignoring bind()
2024-04-11 17:38:14,101 [INFO]  Epoch[0] Batch [0-18]	Speed: 10619.61 samples/sec	cross-entropy=15.645951	Prob-accuracy=2.894737
2024-04-11 17:38:14,209 [INFO]  Epoch[0] Train-cross-entropy=7.497684
2024-04-11 17:38:14,209 [INFO]  Epoch[0] Train-Prob-accuracy=3.000000
2024-04-11 17:38:14,210 [INFO]  Epoch[0] Time cost=0.137
2024-04-11 17:38:14,211 [INFO]  Saved checkpoint to "./imputer_model/32_audit/imputer_model_Prob/model-0000.params"
2024-04-11 17:38:14,261 [INFO]  Epoch[0] Validation-cross-entropy=4.850522
2024-04-11 17:38:14,261 [INFO]  Epoch[0] Validation-Prob-accuracy=0.000000
2024-04-11 17:38:14,298 [INFO]  Epoch[1] Batch [0-18]	Speed: 8143.24 samples/sec	cross-entropy=2.189421	Prob-accuracy=2.894737
2024-04-11 17:38:14,333 [INFO]  Epoch[1] Train-cross-entropy=3.085133
2024-04-11 17:38:14,335 [INFO]  Epoch[1] Train-Prob-accuracy=3.000000
2024-04-11 17:38:14,335 [INFO]  Epoch[1] Time cost=0.074
2024-04-11 17:38:14,338 [INFO]  Saved checkpoint to "./imputer_model/32_audit/imputer_model_Prob/model-0001.params"
2024-04-11 17:38:14,344 [INFO]  Epoch[1] Validation-cross-entropy=4.672299
2024-04-11 17:38:14,344 [INFO]  Epoch[1] Validation-Prob-accuracy=0.000000
2024-04-11 17:38:14,492 [INFO]  Epoch[2] Batch [0-18]	Speed: 1979.63 samples/sec	cross-entropy=1.208313	Prob-accuracy=2.894737
2024-04-11 17:38:14,526 [INFO]  Epoch[2] Train-cross-entropy=1.112012
2024-04-11 17:38:14,526 [INFO]  Epoch[2] Train-Prob-accuracy=3.000000
2024-04-11 17:38:14,526 [INFO]  Epoch[2] Time cost=0.182
2024-04-11 17:38:15,303 [INFO]  Saved checkpoint to "./imputer_model/32_audit/imputer_model_Prob/model-0002.params"
2024-04-11 17:38:15,310 [INFO]  Epoch[2] Validation-cross-entropy=1.826088
2024-04-11 17:38:15,310 [INFO]  Epoch[2] Validation-Prob-accuracy=0.000000
2024-04-11 17:38:15,469 [INFO]  Epoch[3] Batch [0-18]	Speed: 1857.34 samples/sec	cross-entropy=0.630783	Prob-accuracy=2.894737
2024-04-11 17:38:15,531 [INFO]  Epoch[3] Train-cross-entropy=1.140254
2024-04-11 17:38:15,532 [INFO]  Epoch[3] Train-Prob-accuracy=3.000000
2024-04-11 17:38:15,532 [INFO]  Epoch[3] Time cost=0.221
2024-04-11 17:38:15,533 [INFO]  Saved checkpoint to "./imputer_model/32_audit/imputer_model_Prob/model-0003.params"
2024-04-11 17:38:15,535 [INFO]  Epoch[3] Validation-cross-entropy=2.944520
2024-04-11 17:38:15,535 [INFO]  Epoch[3] Validation-Prob-accuracy=0.000000
2024-04-11 17:38:15,556 [INFO]  Epoch[4] Batch [0-18]	Speed: 14723.31 samples/sec	cross-entropy=0.599252	Prob-accuracy=2.894737
2024-04-11 17:38:15,579 [INFO]  Epoch[4] Train-cross-entropy=0.837193
2024-04-11 17:38:15,579 [INFO]  Epoch[4] Train-Prob-accuracy=3.000000
2024-04-11 17:38:15,579 [INFO]  Epoch[4] Time cost=0.044
2024-04-11 17:38:15,581 [INFO]  Saved checkpoint to "./imputer_model/32_audit/imputer_model_Prob/model-0004.params"
2024-04-11 17:38:15,583 [INFO]  Epoch[4] Validation-cross-entropy=1.415625
2024-04-11 17:38:15,583 [INFO]  Epoch[4] Validation-Prob-accuracy=0.000000
2024-04-11 17:38:15,583 [INFO]  
========== done (1.5120878219604492 s) fit model
2024-04-11 17:38:29,144 [INFO]  
========== start: fit model
2024-04-11 17:38:29,144 [WARNING]  Already bound, ignoring bind()
2024-04-11 17:38:29,159 [INFO]  Epoch[0] Batch [0-18]	Speed: 22405.30 samples/sec	cross-entropy=12.425951	Prob-accuracy=0.000000
2024-04-11 17:38:29,169 [INFO]  Epoch[0] Train-cross-entropy=3.689527
2024-04-11 17:38:29,169 [INFO]  Epoch[0] Train-Prob-accuracy=0.000000
2024-04-11 17:38:29,169 [INFO]  Epoch[0] Time cost=0.024
2024-04-11 17:38:29,171 [INFO]  Saved checkpoint to "./imputer_model/32_audit/imputer_model_Prob/model-0000.params"
2024-04-11 17:38:29,172 [INFO]  Epoch[0] Validation-cross-entropy=0.692368
2024-04-11 17:38:29,172 [INFO]  Epoch[0] Validation-Prob-accuracy=0.000000
2024-04-11 17:38:29,183 [INFO]  Epoch[1] Batch [0-18]	Speed: 27754.51 samples/sec	cross-entropy=1.097194	Prob-accuracy=0.000000
2024-04-11 17:38:29,193 [INFO]  Epoch[1] Train-cross-entropy=0.691881
2024-04-11 17:38:29,193 [INFO]  Epoch[1] Train-Prob-accuracy=0.000000
2024-04-11 17:38:29,193 [INFO]  Epoch[1] Time cost=0.021
2024-04-11 17:38:29,195 [INFO]  Saved checkpoint to "./imputer_model/32_audit/imputer_model_Prob/model-0001.params"
2024-04-11 17:38:29,196 [INFO]  Epoch[1] Validation-cross-entropy=0.514064
2024-04-11 17:38:29,196 [INFO]  Epoch[1] Validation-Prob-accuracy=0.000000
2024-04-11 17:38:29,207 [INFO]  Epoch[2] Batch [0-18]	Speed: 28101.89 samples/sec	cross-entropy=0.404321	Prob-accuracy=0.000000
2024-04-11 17:38:29,218 [INFO]  Epoch[2] Train-cross-entropy=0.720618
2024-04-11 17:38:29,218 [INFO]  Epoch[2] Train-Prob-accuracy=0.000000
2024-04-11 17:38:29,218 [INFO]  Epoch[2] Time cost=0.022
2024-04-11 17:38:29,219 [INFO]  Saved checkpoint to "./imputer_model/32_audit/imputer_model_Prob/model-0002.params"
2024-04-11 17:38:29,221 [INFO]  Epoch[2] Validation-cross-entropy=0.253671
2024-04-11 17:38:29,221 [INFO]  Epoch[2] Validation-Prob-accuracy=0.000000
2024-04-11 17:38:29,232 [INFO]  Epoch[3] Batch [0-18]	Speed: 27727.12 samples/sec	cross-entropy=1.554850	Prob-accuracy=0.000000
2024-04-11 17:38:29,242 [INFO]  Epoch[3] Train-cross-entropy=2.285473
2024-04-11 17:38:29,242 [INFO]  Epoch[3] Train-Prob-accuracy=0.000000
2024-04-11 17:38:29,242 [INFO]  Epoch[3] Time cost=0.021
2024-04-11 17:38:29,243 [INFO]  Saved checkpoint to "./imputer_model/32_audit/imputer_model_Prob/model-0003.params"
2024-04-11 17:38:29,245 [INFO]  Epoch[3] Validation-cross-entropy=0.636571
2024-04-11 17:38:29,245 [INFO]  Epoch[3] Validation-Prob-accuracy=0.000000
2024-04-11 17:38:29,257 [INFO]  Epoch[4] Batch [0-18]	Speed: 26573.09 samples/sec	cross-entropy=0.720810	Prob-accuracy=0.000000
2024-04-11 17:38:29,266 [INFO]  Epoch[4] Train-cross-entropy=0.932623
2024-04-11 17:38:29,266 [INFO]  Epoch[4] Train-Prob-accuracy=0.000000
2024-04-11 17:38:29,266 [INFO]  Epoch[4] Time cost=0.021
2024-04-11 17:38:29,268 [INFO]  Saved checkpoint to "./imputer_model/32_audit/imputer_model_Prob/model-0004.params"
2024-04-11 17:38:29,269 [INFO]  Epoch[4] Validation-cross-entropy=0.359845
2024-04-11 17:38:29,269 [INFO]  Epoch[4] Validation-Prob-accuracy=0.000000
2024-04-11 17:38:29,270 [INFO]  
========== done (0.12596654891967773 s) fit model
2024-04-11 17:38:42,909 [INFO]  
========== start: fit model
2024-04-11 17:38:42,909 [WARNING]  Already bound, ignoring bind()
2024-04-11 17:38:42,922 [INFO]  Epoch[0] Batch [0-18]	Speed: 27757.70 samples/sec	cross-entropy=15.196353	Prob-accuracy=0.000000
2024-04-11 17:38:42,931 [INFO]  Epoch[0] Train-cross-entropy=1.559997
2024-04-11 17:38:42,931 [INFO]  Epoch[0] Train-Prob-accuracy=0.000000
2024-04-11 17:38:42,931 [INFO]  Epoch[0] Time cost=0.021
2024-04-11 17:38:42,933 [INFO]  Saved checkpoint to "./imputer_model/32_audit/imputer_model_Prob/model-0000.params"
2024-04-11 17:38:42,934 [INFO]  Epoch[0] Validation-cross-entropy=0.874876
2024-04-11 17:38:42,934 [INFO]  Epoch[0] Validation-Prob-accuracy=0.000000
2024-04-11 17:38:42,945 [INFO]  Epoch[1] Batch [0-18]	Speed: 28672.19 samples/sec	cross-entropy=1.412517	Prob-accuracy=0.000000
2024-04-11 17:38:42,954 [INFO]  Epoch[1] Train-cross-entropy=0.506447
2024-04-11 17:38:42,954 [INFO]  Epoch[1] Train-Prob-accuracy=0.000000
2024-04-11 17:38:42,955 [INFO]  Epoch[1] Time cost=0.020
2024-04-11 17:38:42,956 [INFO]  Saved checkpoint to "./imputer_model/32_audit/imputer_model_Prob/model-0001.params"
2024-04-11 17:38:42,957 [INFO]  Epoch[1] Validation-cross-entropy=0.400869
2024-04-11 17:38:42,958 [INFO]  Epoch[1] Validation-Prob-accuracy=0.000000
2024-04-11 17:38:42,972 [INFO]  Epoch[2] Batch [0-18]	Speed: 21180.01 samples/sec	cross-entropy=0.698905	Prob-accuracy=0.000000
2024-04-11 17:38:42,984 [INFO]  Epoch[2] Train-cross-entropy=0.334642
2024-04-11 17:38:42,984 [INFO]  Epoch[2] Train-Prob-accuracy=0.000000
2024-04-11 17:38:42,985 [INFO]  Epoch[2] Time cost=0.027
2024-04-11 17:38:42,986 [INFO]  Saved checkpoint to "./imputer_model/32_audit/imputer_model_Prob/model-0002.params"
2024-04-11 17:38:42,988 [INFO]  Epoch[2] Validation-cross-entropy=0.417997
2024-04-11 17:38:42,988 [INFO]  Epoch[2] Validation-Prob-accuracy=0.000000
2024-04-11 17:38:43,020 [INFO]  Epoch[3] Batch [0-18]	Speed: 9355.04 samples/sec	cross-entropy=0.566549	Prob-accuracy=0.000000
2024-04-11 17:38:43,153 [INFO]  Epoch[3] Train-cross-entropy=0.219039
2024-04-11 17:38:43,153 [INFO]  Epoch[3] Train-Prob-accuracy=0.000000
2024-04-11 17:38:43,153 [INFO]  Epoch[3] Time cost=0.165
2024-04-11 17:38:43,155 [INFO]  Saved checkpoint to "./imputer_model/32_audit/imputer_model_Prob/model-0003.params"
2024-04-11 17:38:43,161 [INFO]  Epoch[3] Validation-cross-entropy=0.324478
2024-04-11 17:38:43,161 [INFO]  Epoch[3] Validation-Prob-accuracy=0.000000
2024-04-11 17:38:43,197 [INFO]  Epoch[4] Batch [0-18]	Speed: 8481.55 samples/sec	cross-entropy=0.316252	Prob-accuracy=0.000000
2024-04-11 17:38:43,215 [INFO]  Epoch[4] Train-cross-entropy=0.299273
2024-04-11 17:38:43,215 [INFO]  Epoch[4] Train-Prob-accuracy=0.000000
2024-04-11 17:38:43,215 [INFO]  Epoch[4] Time cost=0.053
2024-04-11 17:38:43,217 [INFO]  Saved checkpoint to "./imputer_model/32_audit/imputer_model_Prob/model-0004.params"
2024-04-11 17:38:43,220 [INFO]  Epoch[4] Validation-cross-entropy=0.259083
2024-04-11 17:38:43,221 [INFO]  Epoch[4] Validation-Prob-accuracy=0.000000
2024-04-11 17:38:43,221 [INFO]  
========== done (0.31172752380371094 s) fit model
2024-04-11 17:38:57,413 [INFO]  
========== start: fit model
2024-04-11 17:38:57,413 [WARNING]  Already bound, ignoring bind()
2024-04-11 17:38:57,488 [INFO]  Epoch[0] Batch [0-18]	Speed: 10105.23 samples/sec	cross-entropy=17.035844	Prob-accuracy=3.263158
2024-04-11 17:38:57,508 [INFO]  Epoch[0] Train-cross-entropy=4.448807
2024-04-11 17:38:57,508 [INFO]  Epoch[0] Train-Prob-accuracy=3.062500
2024-04-11 17:38:57,508 [INFO]  Epoch[0] Time cost=0.094
2024-04-11 17:38:57,512 [INFO]  Saved checkpoint to "./imputer_model/32_audit/imputer_model_Prob/model-0000.params"
2024-04-11 17:38:57,578 [INFO]  Epoch[0] Validation-cross-entropy=1.055057
2024-04-11 17:38:57,578 [INFO]  Epoch[0] Validation-Prob-accuracy=0.000000
2024-04-11 17:38:57,756 [INFO]  Epoch[1] Batch [0-18]	Speed: 1708.80 samples/sec	cross-entropy=3.343702	Prob-accuracy=3.263158
2024-04-11 17:38:57,878 [INFO]  Epoch[1] Train-cross-entropy=2.494467
2024-04-11 17:38:57,879 [INFO]  Epoch[1] Train-Prob-accuracy=3.062500
2024-04-11 17:38:57,879 [INFO]  Epoch[1] Time cost=0.301
2024-04-11 17:38:57,881 [INFO]  Saved checkpoint to "./imputer_model/32_audit/imputer_model_Prob/model-0001.params"
2024-04-11 17:38:57,887 [INFO]  Epoch[1] Validation-cross-entropy=0.902913
2024-04-11 17:38:57,887 [INFO]  Epoch[1] Validation-Prob-accuracy=0.000000
2024-04-11 17:38:58,142 [INFO]  Epoch[2] Batch [0-18]	Speed: 1136.74 samples/sec	cross-entropy=2.414505	Prob-accuracy=3.263158
2024-04-11 17:38:58,173 [INFO]  Epoch[2] Train-cross-entropy=1.146098
2024-04-11 17:38:58,173 [INFO]  Epoch[2] Train-Prob-accuracy=3.062500
2024-04-11 17:38:58,173 [INFO]  Epoch[2] Time cost=0.286
2024-04-11 17:38:58,177 [INFO]  Saved checkpoint to "./imputer_model/32_audit/imputer_model_Prob/model-0002.params"
2024-04-11 17:38:58,184 [INFO]  Epoch[2] Validation-cross-entropy=0.476009
2024-04-11 17:38:58,184 [INFO]  Epoch[2] Validation-Prob-accuracy=0.000000
2024-04-11 17:38:58,237 [INFO]  Epoch[3] Batch [0-18]	Speed: 6276.16 samples/sec	cross-entropy=2.243458	Prob-accuracy=3.263158
2024-04-11 17:38:58,255 [INFO]  Epoch[3] Train-cross-entropy=0.966751
2024-04-11 17:38:58,255 [INFO]  Epoch[3] Train-Prob-accuracy=3.062500
2024-04-11 17:38:58,255 [INFO]  Epoch[3] Time cost=0.071
2024-04-11 17:38:58,257 [INFO]  Saved checkpoint to "./imputer_model/32_audit/imputer_model_Prob/model-0003.params"
2024-04-11 17:38:58,260 [INFO]  Epoch[3] Validation-cross-entropy=0.579067
2024-04-11 17:38:58,260 [INFO]  Epoch[3] Validation-Prob-accuracy=0.000000
2024-04-11 17:38:58,282 [INFO]  Epoch[4] Batch [0-18]	Speed: 13778.80 samples/sec	cross-entropy=2.646469	Prob-accuracy=3.263158
2024-04-11 17:38:58,296 [INFO]  Epoch[4] Train-cross-entropy=0.857887
2024-04-11 17:38:58,296 [INFO]  Epoch[4] Train-Prob-accuracy=3.062500
2024-04-11 17:38:58,296 [INFO]  Epoch[4] Time cost=0.036
2024-04-11 17:38:58,299 [INFO]  Saved checkpoint to "./imputer_model/32_audit/imputer_model_Prob/model-0004.params"
2024-04-11 17:38:58,305 [INFO]  Epoch[4] Validation-cross-entropy=0.484146
2024-04-11 17:38:58,305 [INFO]  Epoch[4] Validation-Prob-accuracy=0.000000
2024-04-11 17:38:58,305 [INFO]  
========== done (0.8920743465423584 s) fit model
2024-04-11 17:39:16,271 [INFO]  
========== start: fit model
2024-04-11 17:39:16,271 [WARNING]  Already bound, ignoring bind()
2024-04-11 17:39:16,285 [INFO]  Epoch[0] Batch [0-18]	Speed: 25375.17 samples/sec	cross-entropy=12.773153	Prob-accuracy=0.000000
2024-04-11 17:39:16,296 [INFO]  Epoch[0] Train-cross-entropy=5.040285
2024-04-11 17:39:16,296 [INFO]  Epoch[0] Train-Prob-accuracy=0.000000
2024-04-11 17:39:16,296 [INFO]  Epoch[0] Time cost=0.024
2024-04-11 17:39:16,297 [INFO]  Saved checkpoint to "./imputer_model/32_audit/imputer_model_Prob/model-0000.params"
2024-04-11 17:39:16,299 [INFO]  Epoch[0] Validation-cross-entropy=5.315290
2024-04-11 17:39:16,299 [INFO]  Epoch[0] Validation-Prob-accuracy=0.000000
2024-04-11 17:39:16,312 [INFO]  Epoch[1] Batch [0-18]	Speed: 23788.10 samples/sec	cross-entropy=2.745156	Prob-accuracy=0.000000
2024-04-11 17:39:16,323 [INFO]  Epoch[1] Train-cross-entropy=1.460558
2024-04-11 17:39:16,323 [INFO]  Epoch[1] Train-Prob-accuracy=0.000000
2024-04-11 17:39:16,324 [INFO]  Epoch[1] Time cost=0.025
2024-04-11 17:39:16,325 [INFO]  Saved checkpoint to "./imputer_model/32_audit/imputer_model_Prob/model-0001.params"
2024-04-11 17:39:16,326 [INFO]  Epoch[1] Validation-cross-entropy=3.942264
2024-04-11 17:39:16,327 [INFO]  Epoch[1] Validation-Prob-accuracy=0.000000
2024-04-11 17:39:16,339 [INFO]  Epoch[2] Batch [0-18]	Speed: 25308.71 samples/sec	cross-entropy=0.663113	Prob-accuracy=0.000000
2024-04-11 17:39:16,351 [INFO]  Epoch[2] Train-cross-entropy=0.556682
2024-04-11 17:39:16,351 [INFO]  Epoch[2] Train-Prob-accuracy=0.000000
2024-04-11 17:39:16,351 [INFO]  Epoch[2] Time cost=0.025
2024-04-11 17:39:16,353 [INFO]  Saved checkpoint to "./imputer_model/32_audit/imputer_model_Prob/model-0002.params"
2024-04-11 17:39:16,354 [INFO]  Epoch[2] Validation-cross-entropy=1.637509
2024-04-11 17:39:16,355 [INFO]  Epoch[2] Validation-Prob-accuracy=0.000000
2024-04-11 17:39:16,367 [INFO]  Epoch[3] Batch [0-18]	Speed: 23810.13 samples/sec	cross-entropy=0.437151	Prob-accuracy=0.000000
2024-04-11 17:39:16,378 [INFO]  Epoch[3] Train-cross-entropy=0.337589
2024-04-11 17:39:16,378 [INFO]  Epoch[3] Train-Prob-accuracy=0.000000
2024-04-11 17:39:16,378 [INFO]  Epoch[3] Time cost=0.024
2024-04-11 17:39:16,380 [INFO]  Saved checkpoint to "./imputer_model/32_audit/imputer_model_Prob/model-0003.params"
2024-04-11 17:39:16,381 [INFO]  Epoch[3] Validation-cross-entropy=1.138356
2024-04-11 17:39:16,381 [INFO]  Epoch[3] Validation-Prob-accuracy=0.000000
2024-04-11 17:39:16,394 [INFO]  Epoch[4] Batch [0-18]	Speed: 23996.49 samples/sec	cross-entropy=0.287790	Prob-accuracy=0.000000
2024-04-11 17:39:16,405 [INFO]  Epoch[4] Train-cross-entropy=0.205574
2024-04-11 17:39:16,405 [INFO]  Epoch[4] Train-Prob-accuracy=0.000000
2024-04-11 17:39:16,405 [INFO]  Epoch[4] Time cost=0.024
2024-04-11 17:39:16,406 [INFO]  Saved checkpoint to "./imputer_model/32_audit/imputer_model_Prob/model-0004.params"
2024-04-11 17:39:16,408 [INFO]  Epoch[4] Validation-cross-entropy=0.863650
2024-04-11 17:39:16,408 [INFO]  Epoch[4] Validation-Prob-accuracy=0.000000
2024-04-11 17:39:16,408 [INFO]  
========== done (0.13670063018798828 s) fit model
2024-04-11 17:39:36,501 [INFO]  
========== start: fit model
2024-04-11 17:39:36,501 [WARNING]  Already bound, ignoring bind()
2024-04-11 17:39:36,611 [INFO]  Epoch[0] Batch [0-18]	Speed: 4896.71 samples/sec	cross-entropy=8.964024	Prob-accuracy=0.000000
2024-04-11 17:39:36,624 [INFO]  Epoch[0] Train-cross-entropy=4.065830
2024-04-11 17:39:36,625 [INFO]  Epoch[0] Train-Prob-accuracy=0.000000
2024-04-11 17:39:36,625 [INFO]  Epoch[0] Time cost=0.122
2024-04-11 17:39:36,626 [INFO]  Saved checkpoint to "./imputer_model/32_audit/imputer_model_Prob/model-0000.params"
2024-04-11 17:39:36,628 [INFO]  Epoch[0] Validation-cross-entropy=13.005462
2024-04-11 17:39:36,628 [INFO]  Epoch[0] Validation-Prob-accuracy=0.000000
2024-04-11 17:39:36,643 [INFO]  Epoch[1] Batch [0-18]	Speed: 20589.05 samples/sec	cross-entropy=1.876457	Prob-accuracy=0.000000
2024-04-11 17:39:36,656 [INFO]  Epoch[1] Train-cross-entropy=1.674874
2024-04-11 17:39:36,656 [INFO]  Epoch[1] Train-Prob-accuracy=0.000000
2024-04-11 17:39:36,656 [INFO]  Epoch[1] Time cost=0.028
2024-04-11 17:39:36,657 [INFO]  Saved checkpoint to "./imputer_model/32_audit/imputer_model_Prob/model-0001.params"
2024-04-11 17:39:36,659 [INFO]  Epoch[1] Validation-cross-entropy=4.863095
2024-04-11 17:39:36,659 [INFO]  Epoch[1] Validation-Prob-accuracy=0.000000
2024-04-11 17:39:36,674 [INFO]  Epoch[2] Batch [0-18]	Speed: 21116.33 samples/sec	cross-entropy=0.680839	Prob-accuracy=0.000000
2024-04-11 17:39:36,686 [INFO]  Epoch[2] Train-cross-entropy=0.657791
2024-04-11 17:39:36,686 [INFO]  Epoch[2] Train-Prob-accuracy=0.000000
2024-04-11 17:39:36,686 [INFO]  Epoch[2] Time cost=0.027
2024-04-11 17:39:36,688 [INFO]  Saved checkpoint to "./imputer_model/32_audit/imputer_model_Prob/model-0002.params"
2024-04-11 17:39:36,690 [INFO]  Epoch[2] Validation-cross-entropy=2.699316
2024-04-11 17:39:36,690 [INFO]  Epoch[2] Validation-Prob-accuracy=0.000000
2024-04-11 17:39:37,057 [INFO]  Epoch[3] Batch [0-18]	Speed: 787.29 samples/sec	cross-entropy=0.566477	Prob-accuracy=0.000000
2024-04-11 17:39:37,199 [INFO]  Epoch[3] Train-cross-entropy=0.587383
2024-04-11 17:39:37,199 [INFO]  Epoch[3] Train-Prob-accuracy=0.000000
2024-04-11 17:39:37,199 [INFO]  Epoch[3] Time cost=0.509
2024-04-11 17:39:37,202 [INFO]  Saved checkpoint to "./imputer_model/32_audit/imputer_model_Prob/model-0003.params"
2024-04-11 17:39:37,204 [INFO]  Epoch[3] Validation-cross-entropy=7.183128
2024-04-11 17:39:37,204 [INFO]  Epoch[3] Validation-Prob-accuracy=0.000000
2024-04-11 17:39:37,223 [INFO]  Epoch[4] Batch [0-18]	Speed: 16758.60 samples/sec	cross-entropy=1.343999	Prob-accuracy=0.000000
2024-04-11 17:39:37,280 [INFO]  Epoch[4] Train-cross-entropy=0.766890
2024-04-11 17:39:37,280 [INFO]  Epoch[4] Train-Prob-accuracy=0.000000
2024-04-11 17:39:37,280 [INFO]  Epoch[4] Time cost=0.076
2024-04-11 17:39:37,282 [INFO]  Saved checkpoint to "./imputer_model/32_audit/imputer_model_Prob/model-0004.params"
2024-04-11 17:39:37,287 [INFO]  Epoch[4] Validation-cross-entropy=12.427097
2024-04-11 17:39:37,287 [INFO]  Epoch[4] Validation-Prob-accuracy=0.000000
2024-04-11 17:39:37,287 [INFO]  
========== done (0.7860336303710938 s) fit model
2024-04-11 17:39:53,748 [INFO]  
========== start: fit model
2024-04-11 17:39:53,748 [WARNING]  Already bound, ignoring bind()
2024-04-11 17:39:53,791 [INFO]  Epoch[0] Batch [0-18]	Speed: 10505.37 samples/sec	cross-entropy=13.324601	Prob-accuracy=3.052632
2024-04-11 17:39:53,926 [INFO]  Epoch[0] Train-cross-entropy=4.454913
2024-04-11 17:39:53,926 [INFO]  Epoch[0] Train-Prob-accuracy=3.125000
2024-04-11 17:39:53,927 [INFO]  Epoch[0] Time cost=0.178
2024-04-11 17:39:53,929 [INFO]  Saved checkpoint to "./imputer_model/32_audit/imputer_model_Prob/model-0000.params"
2024-04-11 17:39:53,938 [INFO]  Epoch[0] Validation-cross-entropy=1.441995
2024-04-11 17:39:53,939 [INFO]  Epoch[0] Validation-Prob-accuracy=0.000000
2024-04-11 17:39:54,109 [INFO]  Epoch[1] Batch [0-18]	Speed: 1805.45 samples/sec	cross-entropy=3.536675	Prob-accuracy=3.052632
2024-04-11 17:39:54,135 [INFO]  Epoch[1] Train-cross-entropy=0.916393
2024-04-11 17:39:54,135 [INFO]  Epoch[1] Train-Prob-accuracy=3.125000
2024-04-11 17:39:54,135 [INFO]  Epoch[1] Time cost=0.196
2024-04-11 17:39:54,137 [INFO]  Saved checkpoint to "./imputer_model/32_audit/imputer_model_Prob/model-0001.params"
2024-04-11 17:39:54,142 [INFO]  Epoch[1] Validation-cross-entropy=0.898571
2024-04-11 17:39:54,142 [INFO]  Epoch[1] Validation-Prob-accuracy=0.000000
2024-04-11 17:39:54,181 [INFO]  Epoch[2] Batch [0-18]	Speed: 7748.25 samples/sec	cross-entropy=0.864789	Prob-accuracy=3.052632
2024-04-11 17:39:54,204 [INFO]  Epoch[2] Train-cross-entropy=0.455278
2024-04-11 17:39:54,204 [INFO]  Epoch[2] Train-Prob-accuracy=3.125000
2024-04-11 17:39:54,204 [INFO]  Epoch[2] Time cost=0.062
2024-04-11 17:39:54,207 [INFO]  Saved checkpoint to "./imputer_model/32_audit/imputer_model_Prob/model-0002.params"
2024-04-11 17:39:54,228 [INFO]  Epoch[2] Validation-cross-entropy=0.727291
2024-04-11 17:39:54,228 [INFO]  Epoch[2] Validation-Prob-accuracy=0.000000
2024-04-11 17:39:54,248 [INFO]  Epoch[3] Batch [0-18]	Speed: 15554.46 samples/sec	cross-entropy=0.430111	Prob-accuracy=3.052632
2024-04-11 17:39:54,262 [INFO]  Epoch[3] Train-cross-entropy=0.295164
2024-04-11 17:39:54,262 [INFO]  Epoch[3] Train-Prob-accuracy=3.125000
2024-04-11 17:39:54,262 [INFO]  Epoch[3] Time cost=0.034
2024-04-11 17:39:54,264 [INFO]  Saved checkpoint to "./imputer_model/32_audit/imputer_model_Prob/model-0003.params"
2024-04-11 17:39:54,266 [INFO]  Epoch[3] Validation-cross-entropy=0.511646
2024-04-11 17:39:54,266 [INFO]  Epoch[3] Validation-Prob-accuracy=0.000000
2024-04-11 17:39:54,290 [INFO]  Epoch[4] Batch [0-18]	Speed: 12748.64 samples/sec	cross-entropy=0.322257	Prob-accuracy=3.052632
2024-04-11 17:39:54,364 [INFO]  Epoch[4] Train-cross-entropy=0.231067
2024-04-11 17:39:54,364 [INFO]  Epoch[4] Train-Prob-accuracy=3.125000
2024-04-11 17:39:54,364 [INFO]  Epoch[4] Time cost=0.098
2024-04-11 17:39:54,366 [INFO]  Saved checkpoint to "./imputer_model/32_audit/imputer_model_Prob/model-0004.params"
2024-04-11 17:39:54,369 [INFO]  Epoch[4] Validation-cross-entropy=0.429428
2024-04-11 17:39:54,369 [INFO]  Epoch[4] Validation-Prob-accuracy=0.000000
2024-04-11 17:39:54,369 [INFO]  
========== done (0.6216208934783936 s) fit model
2024-04-11 17:40:12,130 [INFO]  
========== start: fit model
2024-04-11 17:40:12,131 [WARNING]  Already bound, ignoring bind()
2024-04-11 17:40:12,150 [INFO]  Epoch[0] Batch [0-18]	Speed: 17270.63 samples/sec	cross-entropy=10.969648	Prob-accuracy=3.263158
2024-04-11 17:40:12,163 [INFO]  Epoch[0] Train-cross-entropy=7.389474
2024-04-11 17:40:12,163 [INFO]  Epoch[0] Train-Prob-accuracy=2.562500
2024-04-11 17:40:12,163 [INFO]  Epoch[0] Time cost=0.032
2024-04-11 17:40:12,165 [INFO]  Saved checkpoint to "./imputer_model/32_audit/imputer_model_Prob/model-0000.params"
2024-04-11 17:40:12,167 [INFO]  Epoch[0] Validation-cross-entropy=2.914372
2024-04-11 17:40:12,167 [INFO]  Epoch[0] Validation-Prob-accuracy=0.000000
2024-04-11 17:40:12,183 [INFO]  Epoch[1] Batch [0-18]	Speed: 19635.55 samples/sec	cross-entropy=2.334862	Prob-accuracy=3.263158
2024-04-11 17:40:12,196 [INFO]  Epoch[1] Train-cross-entropy=2.246658
2024-04-11 17:40:12,196 [INFO]  Epoch[1] Train-Prob-accuracy=2.562500
2024-04-11 17:40:12,196 [INFO]  Epoch[1] Time cost=0.029
2024-04-11 17:40:12,197 [INFO]  Saved checkpoint to "./imputer_model/32_audit/imputer_model_Prob/model-0001.params"
2024-04-11 17:40:12,199 [INFO]  Epoch[1] Validation-cross-entropy=2.163433
2024-04-11 17:40:12,199 [INFO]  Epoch[1] Validation-Prob-accuracy=0.000000
2024-04-11 17:40:12,214 [INFO]  Epoch[2] Batch [0-18]	Speed: 20718.65 samples/sec	cross-entropy=0.660257	Prob-accuracy=3.263158
2024-04-11 17:40:12,227 [INFO]  Epoch[2] Train-cross-entropy=0.803099
2024-04-11 17:40:12,227 [INFO]  Epoch[2] Train-Prob-accuracy=2.562500
2024-04-11 17:40:12,227 [INFO]  Epoch[2] Time cost=0.028
2024-04-11 17:40:12,229 [INFO]  Saved checkpoint to "./imputer_model/32_audit/imputer_model_Prob/model-0002.params"
2024-04-11 17:40:12,230 [INFO]  Epoch[2] Validation-cross-entropy=0.758372
2024-04-11 17:40:12,230 [INFO]  Epoch[2] Validation-Prob-accuracy=0.000000
2024-04-11 17:40:12,245 [INFO]  Epoch[3] Batch [0-18]	Speed: 20732.52 samples/sec	cross-entropy=0.303179	Prob-accuracy=3.263158
2024-04-11 17:40:12,258 [INFO]  Epoch[3] Train-cross-entropy=0.470096
2024-04-11 17:40:12,258 [INFO]  Epoch[3] Train-Prob-accuracy=2.562500
2024-04-11 17:40:12,258 [INFO]  Epoch[3] Time cost=0.028
2024-04-11 17:40:12,260 [INFO]  Saved checkpoint to "./imputer_model/32_audit/imputer_model_Prob/model-0003.params"
2024-04-11 17:40:12,262 [INFO]  Epoch[3] Validation-cross-entropy=0.575575
2024-04-11 17:40:12,262 [INFO]  Epoch[3] Validation-Prob-accuracy=0.000000
2024-04-11 17:40:12,277 [INFO]  Epoch[4] Batch [0-18]	Speed: 21151.82 samples/sec	cross-entropy=0.211173	Prob-accuracy=3.263158
2024-04-11 17:40:12,290 [INFO]  Epoch[4] Train-cross-entropy=0.541823
2024-04-11 17:40:12,290 [INFO]  Epoch[4] Train-Prob-accuracy=2.562500
2024-04-11 17:40:12,290 [INFO]  Epoch[4] Time cost=0.027
2024-04-11 17:40:12,291 [INFO]  Saved checkpoint to "./imputer_model/32_audit/imputer_model_Prob/model-0004.params"
2024-04-11 17:40:12,293 [INFO]  Epoch[4] Validation-cross-entropy=0.323651
2024-04-11 17:40:12,293 [INFO]  Epoch[4] Validation-Prob-accuracy=0.000000
2024-04-11 17:40:12,293 [INFO]  
========== done (0.1629343032836914 s) fit model
