2024-03-24 17:43:28,353 [INFO]  
========== start: fit model
2024-03-24 17:43:28,353 [WARNING]  Already bound, ignoring bind()
2024-03-24 17:43:28,550 [INFO]  Epoch[0] Batch [0-104]	Speed: 9363.43 samples/sec	cross-entropy=2.759772	word_freq_receive-accuracy=3.209524
2024-03-24 17:43:28,672 [INFO]  Epoch[0] Train-cross-entropy=0.957642
2024-03-24 17:43:28,672 [INFO]  Epoch[0] Train-word_freq_receive-accuracy=3.147059
2024-03-24 17:43:28,672 [INFO]  Epoch[0] Time cost=0.318
2024-03-24 17:43:28,674 [INFO]  Saved checkpoint to "./imputer_model/5_spam/imputer_model_word_freq_receive/model-0000.params"
2024-03-24 17:43:28,685 [INFO]  Epoch[0] Validation-cross-entropy=3.969226
2024-03-24 17:43:28,685 [INFO]  Epoch[0] Validation-word_freq_receive-accuracy=0.000000
2024-03-24 17:43:28,815 [INFO]  Epoch[1] Batch [0-104]	Speed: 12921.39 samples/sec	cross-entropy=1.124570	word_freq_receive-accuracy=3.209524
2024-03-24 17:43:28,934 [INFO]  Epoch[1] Train-cross-entropy=0.340681
2024-03-24 17:43:28,934 [INFO]  Epoch[1] Train-word_freq_receive-accuracy=3.147059
2024-03-24 17:43:28,934 [INFO]  Epoch[1] Time cost=0.249
2024-03-24 17:43:28,937 [INFO]  Saved checkpoint to "./imputer_model/5_spam/imputer_model_word_freq_receive/model-0001.params"
2024-03-24 17:43:28,948 [INFO]  Epoch[1] Validation-cross-entropy=1.317796
2024-03-24 17:43:28,949 [INFO]  Epoch[1] Validation-word_freq_receive-accuracy=0.000000
2024-03-24 17:43:29,068 [INFO]  Epoch[2] Batch [0-104]	Speed: 14117.24 samples/sec	cross-entropy=0.400852	word_freq_receive-accuracy=3.209524
2024-03-24 17:43:29,185 [INFO]  Epoch[2] Train-cross-entropy=0.236590
2024-03-24 17:43:29,185 [INFO]  Epoch[2] Train-word_freq_receive-accuracy=3.147059
2024-03-24 17:43:29,185 [INFO]  Epoch[2] Time cost=0.236
2024-03-24 17:43:29,188 [INFO]  Saved checkpoint to "./imputer_model/5_spam/imputer_model_word_freq_receive/model-0002.params"
2024-03-24 17:43:29,199 [INFO]  Epoch[2] Validation-cross-entropy=0.529200
2024-03-24 17:43:29,199 [INFO]  Epoch[2] Validation-word_freq_receive-accuracy=0.000000
2024-03-24 17:43:29,319 [INFO]  Epoch[3] Batch [0-104]	Speed: 14065.57 samples/sec	cross-entropy=0.190735	word_freq_receive-accuracy=3.209524
2024-03-24 17:43:29,437 [INFO]  Epoch[3] Train-cross-entropy=0.089477
2024-03-24 17:43:29,438 [INFO]  Epoch[3] Train-word_freq_receive-accuracy=3.147059
2024-03-24 17:43:29,438 [INFO]  Epoch[3] Time cost=0.239
2024-03-24 17:43:29,441 [INFO]  Saved checkpoint to "./imputer_model/5_spam/imputer_model_word_freq_receive/model-0003.params"
2024-03-24 17:43:29,451 [INFO]  Epoch[3] Validation-cross-entropy=0.260801
2024-03-24 17:43:29,451 [INFO]  Epoch[3] Validation-word_freq_receive-accuracy=0.000000
2024-03-24 17:43:29,571 [INFO]  Epoch[4] Batch [0-104]	Speed: 14084.70 samples/sec	cross-entropy=0.152311	word_freq_receive-accuracy=3.209524
2024-03-24 17:43:29,689 [INFO]  Epoch[4] Train-cross-entropy=0.155244
2024-03-24 17:43:29,689 [INFO]  Epoch[4] Train-word_freq_receive-accuracy=3.147059
2024-03-24 17:43:29,689 [INFO]  Epoch[4] Time cost=0.237
2024-03-24 17:43:29,692 [INFO]  Saved checkpoint to "./imputer_model/5_spam/imputer_model_word_freq_receive/model-0004.params"
2024-03-24 17:43:29,703 [INFO]  Epoch[4] Validation-cross-entropy=0.468982
2024-03-24 17:43:29,703 [INFO]  Epoch[4] Validation-word_freq_receive-accuracy=0.000000
2024-03-24 17:43:29,703 [INFO]  
========== done (1.3505709171295166 s) fit model
2024-03-24 17:45:13,491 [INFO]  
========== start: fit model
2024-03-24 17:45:13,491 [WARNING]  Already bound, ignoring bind()
2024-03-24 17:45:13,629 [INFO]  Epoch[0] Batch [0-104]	Speed: 14249.16 samples/sec	cross-entropy=3.809333	word_freq_receive-accuracy=0.000000
2024-03-24 17:45:13,746 [INFO]  Epoch[0] Train-cross-entropy=1.181598
2024-03-24 17:45:13,747 [INFO]  Epoch[0] Train-word_freq_receive-accuracy=0.000000
2024-03-24 17:45:13,747 [INFO]  Epoch[0] Time cost=0.254
2024-03-24 17:45:13,748 [INFO]  Saved checkpoint to "./imputer_model/5_spam/imputer_model_word_freq_receive/model-0000.params"
2024-03-24 17:45:13,758 [INFO]  Epoch[0] Validation-cross-entropy=0.318833
2024-03-24 17:45:13,759 [INFO]  Epoch[0] Validation-word_freq_receive-accuracy=0.000000
2024-03-24 17:45:13,913 [INFO]  Epoch[1] Batch [0-104]	Speed: 10903.11 samples/sec	cross-entropy=0.976067	word_freq_receive-accuracy=0.000000
2024-03-24 17:45:14,045 [INFO]  Epoch[1] Train-cross-entropy=0.666467
2024-03-24 17:45:14,045 [INFO]  Epoch[1] Train-word_freq_receive-accuracy=0.000000
2024-03-24 17:45:14,045 [INFO]  Epoch[1] Time cost=0.286
2024-03-24 17:45:14,048 [INFO]  Saved checkpoint to "./imputer_model/5_spam/imputer_model_word_freq_receive/model-0001.params"
2024-03-24 17:45:14,058 [INFO]  Epoch[1] Validation-cross-entropy=0.253307
2024-03-24 17:45:14,059 [INFO]  Epoch[1] Validation-word_freq_receive-accuracy=0.000000
2024-03-24 17:45:14,176 [INFO]  Epoch[2] Batch [0-104]	Speed: 14385.07 samples/sec	cross-entropy=0.163479	word_freq_receive-accuracy=0.000000
2024-03-24 17:45:14,309 [INFO]  Epoch[2] Train-cross-entropy=0.143696
2024-03-24 17:45:14,309 [INFO]  Epoch[2] Train-word_freq_receive-accuracy=0.000000
2024-03-24 17:45:14,309 [INFO]  Epoch[2] Time cost=0.250
2024-03-24 17:45:14,311 [INFO]  Saved checkpoint to "./imputer_model/5_spam/imputer_model_word_freq_receive/model-0002.params"
2024-03-24 17:45:14,322 [INFO]  Epoch[2] Validation-cross-entropy=0.109500
2024-03-24 17:45:14,322 [INFO]  Epoch[2] Validation-word_freq_receive-accuracy=0.000000
2024-03-24 17:45:14,441 [INFO]  Epoch[3] Batch [0-104]	Speed: 14099.38 samples/sec	cross-entropy=0.136186	word_freq_receive-accuracy=0.000000
2024-03-24 17:45:14,555 [INFO]  Epoch[3] Train-cross-entropy=0.227229
2024-03-24 17:45:14,555 [INFO]  Epoch[3] Train-word_freq_receive-accuracy=0.000000
2024-03-24 17:45:14,555 [INFO]  Epoch[3] Time cost=0.233
2024-03-24 17:45:14,558 [INFO]  Saved checkpoint to "./imputer_model/5_spam/imputer_model_word_freq_receive/model-0003.params"
2024-03-24 17:45:14,568 [INFO]  Epoch[3] Validation-cross-entropy=0.150339
2024-03-24 17:45:14,569 [INFO]  Epoch[3] Validation-word_freq_receive-accuracy=0.000000
2024-03-24 17:45:14,686 [INFO]  Epoch[4] Batch [0-104]	Speed: 14395.04 samples/sec	cross-entropy=0.414061	word_freq_receive-accuracy=0.000000
2024-03-24 17:45:14,800 [INFO]  Epoch[4] Train-cross-entropy=0.218389
2024-03-24 17:45:14,801 [INFO]  Epoch[4] Train-word_freq_receive-accuracy=0.000000
2024-03-24 17:45:14,801 [INFO]  Epoch[4] Time cost=0.232
2024-03-24 17:45:14,804 [INFO]  Saved checkpoint to "./imputer_model/5_spam/imputer_model_word_freq_receive/model-0004.params"
2024-03-24 17:45:14,814 [INFO]  Epoch[4] Validation-cross-entropy=0.113318
2024-03-24 17:45:14,814 [INFO]  Epoch[4] Validation-word_freq_receive-accuracy=0.000000
2024-03-24 17:45:14,814 [INFO]  
========== done (1.3230700492858887 s) fit model
2024-03-24 17:47:02,966 [INFO]  
========== start: fit model
2024-03-24 17:47:02,966 [WARNING]  Already bound, ignoring bind()
2024-03-24 17:47:03,085 [INFO]  Epoch[0] Batch [0-104]	Speed: 14752.44 samples/sec	cross-entropy=2.882263	word_freq_receive-accuracy=3.352381
2024-03-24 17:47:03,203 [INFO]  Epoch[0] Train-cross-entropy=1.172274
2024-03-24 17:47:03,203 [INFO]  Epoch[0] Train-word_freq_receive-accuracy=3.098039
2024-03-24 17:47:03,203 [INFO]  Epoch[0] Time cost=0.236
2024-03-24 17:47:03,206 [INFO]  Saved checkpoint to "./imputer_model/5_spam/imputer_model_word_freq_receive/model-0000.params"
2024-03-24 17:47:03,217 [INFO]  Epoch[0] Validation-cross-entropy=2.365378
2024-03-24 17:47:03,217 [INFO]  Epoch[0] Validation-word_freq_receive-accuracy=0.000000
2024-03-24 17:47:03,334 [INFO]  Epoch[1] Batch [0-104]	Speed: 14399.14 samples/sec	cross-entropy=0.738222	word_freq_receive-accuracy=3.352381
2024-03-24 17:47:03,448 [INFO]  Epoch[1] Train-cross-entropy=1.152850
2024-03-24 17:47:03,449 [INFO]  Epoch[1] Train-word_freq_receive-accuracy=3.098039
2024-03-24 17:47:03,449 [INFO]  Epoch[1] Time cost=0.231
2024-03-24 17:47:03,451 [INFO]  Saved checkpoint to "./imputer_model/5_spam/imputer_model_word_freq_receive/model-0001.params"
2024-03-24 17:47:03,463 [INFO]  Epoch[1] Validation-cross-entropy=1.265044
2024-03-24 17:47:03,463 [INFO]  Epoch[1] Validation-word_freq_receive-accuracy=0.000000
2024-03-24 17:47:03,580 [INFO]  Epoch[2] Batch [0-104]	Speed: 14489.03 samples/sec	cross-entropy=0.693892	word_freq_receive-accuracy=3.352381
2024-03-24 17:47:03,696 [INFO]  Epoch[2] Train-cross-entropy=0.569196
2024-03-24 17:47:03,696 [INFO]  Epoch[2] Train-word_freq_receive-accuracy=3.098039
2024-03-24 17:47:03,696 [INFO]  Epoch[2] Time cost=0.233
2024-03-24 17:47:03,699 [INFO]  Saved checkpoint to "./imputer_model/5_spam/imputer_model_word_freq_receive/model-0002.params"
2024-03-24 17:47:03,710 [INFO]  Epoch[2] Validation-cross-entropy=0.296569
2024-03-24 17:47:03,710 [INFO]  Epoch[2] Validation-word_freq_receive-accuracy=0.000000
2024-03-24 17:47:03,827 [INFO]  Epoch[3] Batch [0-104]	Speed: 14458.77 samples/sec	cross-entropy=0.340431	word_freq_receive-accuracy=3.352381
2024-03-24 17:47:03,939 [INFO]  Epoch[3] Train-cross-entropy=0.166092
2024-03-24 17:47:03,939 [INFO]  Epoch[3] Train-word_freq_receive-accuracy=3.098039
2024-03-24 17:47:03,939 [INFO]  Epoch[3] Time cost=0.229
2024-03-24 17:47:03,941 [INFO]  Saved checkpoint to "./imputer_model/5_spam/imputer_model_word_freq_receive/model-0003.params"
2024-03-24 17:47:03,952 [INFO]  Epoch[3] Validation-cross-entropy=0.160176
2024-03-24 17:47:03,952 [INFO]  Epoch[3] Validation-word_freq_receive-accuracy=0.000000
2024-03-24 17:47:04,068 [INFO]  Epoch[4] Batch [0-104]	Speed: 14470.64 samples/sec	cross-entropy=0.144668	word_freq_receive-accuracy=3.352381
2024-03-24 17:47:04,181 [INFO]  Epoch[4] Train-cross-entropy=0.081918
2024-03-24 17:47:04,181 [INFO]  Epoch[4] Train-word_freq_receive-accuracy=3.098039
2024-03-24 17:47:04,181 [INFO]  Epoch[4] Time cost=0.229
2024-03-24 17:47:04,183 [INFO]  Saved checkpoint to "./imputer_model/5_spam/imputer_model_word_freq_receive/model-0004.params"
2024-03-24 17:47:04,195 [INFO]  Epoch[4] Validation-cross-entropy=0.413947
2024-03-24 17:47:04,195 [INFO]  Epoch[4] Validation-word_freq_receive-accuracy=0.000000
2024-03-24 17:47:04,195 [INFO]  
========== done (1.2296276092529297 s) fit model
2024-03-24 17:48:48,702 [INFO]  
========== start: fit model
2024-03-24 17:48:48,702 [WARNING]  Already bound, ignoring bind()
2024-03-24 17:48:48,916 [INFO]  Epoch[0] Batch [0-104]	Speed: 7969.55 samples/sec	cross-entropy=3.261620	word_freq_receive-accuracy=3.485714
2024-03-24 17:48:49,033 [INFO]  Epoch[0] Train-cross-entropy=1.375632
2024-03-24 17:48:49,033 [INFO]  Epoch[0] Train-word_freq_receive-accuracy=2.990196
2024-03-24 17:48:49,033 [INFO]  Epoch[0] Time cost=0.330
2024-03-24 17:48:49,035 [INFO]  Saved checkpoint to "./imputer_model/5_spam/imputer_model_word_freq_receive/model-0000.params"
2024-03-24 17:48:49,049 [INFO]  Epoch[0] Validation-cross-entropy=1.902215
2024-03-24 17:48:49,049 [INFO]  Epoch[0] Validation-word_freq_receive-accuracy=0.000000
2024-03-24 17:48:49,274 [INFO]  Epoch[1] Batch [0-104]	Speed: 7464.81 samples/sec	cross-entropy=0.481214	word_freq_receive-accuracy=3.485714
2024-03-24 17:48:49,387 [INFO]  Epoch[1] Train-cross-entropy=0.553925
2024-03-24 17:48:49,387 [INFO]  Epoch[1] Train-word_freq_receive-accuracy=2.990196
2024-03-24 17:48:49,387 [INFO]  Epoch[1] Time cost=0.338
2024-03-24 17:48:49,390 [INFO]  Saved checkpoint to "./imputer_model/5_spam/imputer_model_word_freq_receive/model-0001.params"
2024-03-24 17:48:49,401 [INFO]  Epoch[1] Validation-cross-entropy=3.263954
2024-03-24 17:48:49,401 [INFO]  Epoch[1] Validation-word_freq_receive-accuracy=0.000000
2024-03-24 17:48:49,519 [INFO]  Epoch[2] Batch [0-104]	Speed: 14315.47 samples/sec	cross-entropy=1.391328	word_freq_receive-accuracy=3.485714
2024-03-24 17:48:49,663 [INFO]  Epoch[2] Train-cross-entropy=0.322942
2024-03-24 17:48:49,663 [INFO]  Epoch[2] Train-word_freq_receive-accuracy=2.990196
2024-03-24 17:48:49,663 [INFO]  Epoch[2] Time cost=0.262
2024-03-24 17:48:49,665 [INFO]  Saved checkpoint to "./imputer_model/5_spam/imputer_model_word_freq_receive/model-0002.params"
2024-03-24 17:48:49,676 [INFO]  Epoch[2] Validation-cross-entropy=2.452597
2024-03-24 17:48:49,676 [INFO]  Epoch[2] Validation-word_freq_receive-accuracy=0.000000
2024-03-24 17:48:49,793 [INFO]  Epoch[3] Batch [0-104]	Speed: 14442.80 samples/sec	cross-entropy=0.844914	word_freq_receive-accuracy=3.485714
2024-03-24 17:48:49,905 [INFO]  Epoch[3] Train-cross-entropy=0.218463
2024-03-24 17:48:49,905 [INFO]  Epoch[3] Train-word_freq_receive-accuracy=2.990196
2024-03-24 17:48:49,905 [INFO]  Epoch[3] Time cost=0.229
2024-03-24 17:48:49,907 [INFO]  Saved checkpoint to "./imputer_model/5_spam/imputer_model_word_freq_receive/model-0003.params"
2024-03-24 17:48:49,918 [INFO]  Epoch[3] Validation-cross-entropy=1.492024
2024-03-24 17:48:49,918 [INFO]  Epoch[3] Validation-word_freq_receive-accuracy=0.000000
2024-03-24 17:48:50,034 [INFO]  Epoch[4] Batch [0-104]	Speed: 14445.69 samples/sec	cross-entropy=1.050074	word_freq_receive-accuracy=3.485714
2024-03-24 17:48:50,147 [INFO]  Epoch[4] Train-cross-entropy=0.277981
2024-03-24 17:48:50,147 [INFO]  Epoch[4] Train-word_freq_receive-accuracy=2.990196
2024-03-24 17:48:50,147 [INFO]  Epoch[4] Time cost=0.229
2024-03-24 17:48:50,149 [INFO]  Saved checkpoint to "./imputer_model/5_spam/imputer_model_word_freq_receive/model-0004.params"
2024-03-24 17:48:50,160 [INFO]  Epoch[4] Validation-cross-entropy=3.967208
2024-03-24 17:48:50,160 [INFO]  Epoch[4] Validation-word_freq_receive-accuracy=0.000000
2024-03-24 17:48:50,160 [INFO]  
========== done (1.458165168762207 s) fit model
2024-03-24 17:50:37,936 [INFO]  
========== start: fit model
2024-03-24 17:50:37,936 [WARNING]  Already bound, ignoring bind()
2024-03-24 17:50:38,059 [INFO]  Epoch[0] Batch [0-104]	Speed: 13983.90 samples/sec	cross-entropy=5.713915	word_freq_receive-accuracy=3.314286
2024-03-24 17:50:38,172 [INFO]  Epoch[0] Train-cross-entropy=1.656226
2024-03-24 17:50:38,172 [INFO]  Epoch[0] Train-word_freq_receive-accuracy=3.058824
2024-03-24 17:50:38,172 [INFO]  Epoch[0] Time cost=0.235
2024-03-24 17:50:38,174 [INFO]  Saved checkpoint to "./imputer_model/5_spam/imputer_model_word_freq_receive/model-0000.params"
2024-03-24 17:50:38,196 [INFO]  Epoch[0] Validation-cross-entropy=3.192581
2024-03-24 17:50:38,196 [INFO]  Epoch[0] Validation-word_freq_receive-accuracy=0.000000
2024-03-24 17:50:38,317 [INFO]  Epoch[1] Batch [0-104]	Speed: 13844.21 samples/sec	cross-entropy=1.159251	word_freq_receive-accuracy=3.314286
2024-03-24 17:50:38,432 [INFO]  Epoch[1] Train-cross-entropy=0.493616
2024-03-24 17:50:38,432 [INFO]  Epoch[1] Train-word_freq_receive-accuracy=3.058824
2024-03-24 17:50:38,432 [INFO]  Epoch[1] Time cost=0.236
2024-03-24 17:50:38,434 [INFO]  Saved checkpoint to "./imputer_model/5_spam/imputer_model_word_freq_receive/model-0001.params"
2024-03-24 17:50:38,445 [INFO]  Epoch[1] Validation-cross-entropy=0.605650
2024-03-24 17:50:38,445 [INFO]  Epoch[1] Validation-word_freq_receive-accuracy=0.000000
2024-03-24 17:50:38,563 [INFO]  Epoch[2] Batch [0-104]	Speed: 14330.08 samples/sec	cross-entropy=0.521411	word_freq_receive-accuracy=3.314286
2024-03-24 17:50:38,677 [INFO]  Epoch[2] Train-cross-entropy=0.125087
2024-03-24 17:50:38,677 [INFO]  Epoch[2] Train-word_freq_receive-accuracy=3.058824
2024-03-24 17:50:38,677 [INFO]  Epoch[2] Time cost=0.232
2024-03-24 17:50:38,678 [INFO]  Saved checkpoint to "./imputer_model/5_spam/imputer_model_word_freq_receive/model-0002.params"
2024-03-24 17:50:38,689 [INFO]  Epoch[2] Validation-cross-entropy=0.666249
2024-03-24 17:50:38,689 [INFO]  Epoch[2] Validation-word_freq_receive-accuracy=0.000000
2024-03-24 17:50:38,807 [INFO]  Epoch[3] Batch [0-104]	Speed: 14356.28 samples/sec	cross-entropy=0.458099	word_freq_receive-accuracy=3.314286
2024-03-24 17:50:38,921 [INFO]  Epoch[3] Train-cross-entropy=0.192026
2024-03-24 17:50:38,921 [INFO]  Epoch[3] Train-word_freq_receive-accuracy=3.058824
2024-03-24 17:50:38,922 [INFO]  Epoch[3] Time cost=0.232
2024-03-24 17:50:38,924 [INFO]  Saved checkpoint to "./imputer_model/5_spam/imputer_model_word_freq_receive/model-0003.params"
2024-03-24 17:50:38,935 [INFO]  Epoch[3] Validation-cross-entropy=1.577012
2024-03-24 17:50:38,935 [INFO]  Epoch[3] Validation-word_freq_receive-accuracy=0.000000
2024-03-24 17:50:39,053 [INFO]  Epoch[4] Batch [0-104]	Speed: 14349.73 samples/sec	cross-entropy=0.947706	word_freq_receive-accuracy=3.314286
2024-03-24 17:50:39,206 [INFO]  Epoch[4] Train-cross-entropy=0.204801
2024-03-24 17:50:39,206 [INFO]  Epoch[4] Train-word_freq_receive-accuracy=3.058824
2024-03-24 17:50:39,207 [INFO]  Epoch[4] Time cost=0.271
2024-03-24 17:50:39,209 [INFO]  Saved checkpoint to "./imputer_model/5_spam/imputer_model_word_freq_receive/model-0004.params"
2024-03-24 17:50:39,220 [INFO]  Epoch[4] Validation-cross-entropy=0.504610
2024-03-24 17:50:39,220 [INFO]  Epoch[4] Validation-word_freq_receive-accuracy=0.000000
2024-03-24 17:50:39,221 [INFO]  
========== done (1.2848269939422607 s) fit model
2024-03-24 17:52:27,506 [INFO]  
========== start: fit model
2024-03-24 17:52:27,506 [WARNING]  Already bound, ignoring bind()
2024-03-24 17:52:27,692 [INFO]  Epoch[0] Batch [0-104]	Speed: 14648.35 samples/sec	cross-entropy=8.674908	word_freq_receive-accuracy=0.000000
2024-03-24 17:52:27,804 [INFO]  Epoch[0] Train-cross-entropy=0.461192
2024-03-24 17:52:27,805 [INFO]  Epoch[0] Train-word_freq_receive-accuracy=0.000000
2024-03-24 17:52:27,805 [INFO]  Epoch[0] Time cost=0.298
2024-03-24 17:52:27,807 [INFO]  Saved checkpoint to "./imputer_model/5_spam/imputer_model_word_freq_receive/model-0000.params"
2024-03-24 17:52:27,817 [INFO]  Epoch[0] Validation-cross-entropy=0.321130
2024-03-24 17:52:27,818 [INFO]  Epoch[0] Validation-word_freq_receive-accuracy=0.000000
2024-03-24 17:52:27,945 [INFO]  Epoch[1] Batch [0-104]	Speed: 13258.69 samples/sec	cross-entropy=0.887008	word_freq_receive-accuracy=0.000000
2024-03-24 17:52:28,058 [INFO]  Epoch[1] Train-cross-entropy=0.609300
2024-03-24 17:52:28,059 [INFO]  Epoch[1] Train-word_freq_receive-accuracy=0.000000
2024-03-24 17:52:28,059 [INFO]  Epoch[1] Time cost=0.241
2024-03-24 17:52:28,060 [INFO]  Saved checkpoint to "./imputer_model/5_spam/imputer_model_word_freq_receive/model-0001.params"
2024-03-24 17:52:28,071 [INFO]  Epoch[1] Validation-cross-entropy=0.300735
2024-03-24 17:52:28,071 [INFO]  Epoch[1] Validation-word_freq_receive-accuracy=0.000000
2024-03-24 17:52:28,187 [INFO]  Epoch[2] Batch [0-104]	Speed: 14508.46 samples/sec	cross-entropy=0.860768	word_freq_receive-accuracy=0.000000
2024-03-24 17:52:28,360 [INFO]  Epoch[2] Train-cross-entropy=0.454459
2024-03-24 17:52:28,360 [INFO]  Epoch[2] Train-word_freq_receive-accuracy=0.000000
2024-03-24 17:52:28,360 [INFO]  Epoch[2] Time cost=0.289
2024-03-24 17:52:28,362 [INFO]  Saved checkpoint to "./imputer_model/5_spam/imputer_model_word_freq_receive/model-0002.params"
2024-03-24 17:52:28,372 [INFO]  Epoch[2] Validation-cross-entropy=0.141967
2024-03-24 17:52:28,373 [INFO]  Epoch[2] Validation-word_freq_receive-accuracy=0.000000
2024-03-24 17:52:28,510 [INFO]  Epoch[3] Batch [0-104]	Speed: 12215.88 samples/sec	cross-entropy=0.200654	word_freq_receive-accuracy=0.000000
2024-03-24 17:52:28,621 [INFO]  Epoch[3] Train-cross-entropy=0.192488
2024-03-24 17:52:28,622 [INFO]  Epoch[3] Train-word_freq_receive-accuracy=0.000000
2024-03-24 17:52:28,622 [INFO]  Epoch[3] Time cost=0.249
2024-03-24 17:52:28,623 [INFO]  Saved checkpoint to "./imputer_model/5_spam/imputer_model_word_freq_receive/model-0003.params"
2024-03-24 17:52:28,633 [INFO]  Epoch[3] Validation-cross-entropy=0.085112
2024-03-24 17:52:28,633 [INFO]  Epoch[3] Validation-word_freq_receive-accuracy=0.000000
2024-03-24 17:52:28,748 [INFO]  Epoch[4] Batch [0-104]	Speed: 14636.06 samples/sec	cross-entropy=0.171038	word_freq_receive-accuracy=0.000000
2024-03-24 17:52:28,860 [INFO]  Epoch[4] Train-cross-entropy=0.233441
2024-03-24 17:52:28,860 [INFO]  Epoch[4] Train-word_freq_receive-accuracy=0.000000
2024-03-24 17:52:28,860 [INFO]  Epoch[4] Time cost=0.227
2024-03-24 17:52:28,863 [INFO]  Saved checkpoint to "./imputer_model/5_spam/imputer_model_word_freq_receive/model-0004.params"
2024-03-24 17:52:28,873 [INFO]  Epoch[4] Validation-cross-entropy=0.065125
2024-03-24 17:52:28,873 [INFO]  Epoch[4] Validation-word_freq_receive-accuracy=0.000000
2024-03-24 17:52:28,874 [INFO]  
========== done (1.367901086807251 s) fit model
2024-03-24 17:54:13,741 [INFO]  
========== start: fit model
2024-03-24 17:54:13,741 [WARNING]  Already bound, ignoring bind()
2024-03-24 17:54:13,911 [INFO]  Epoch[0] Batch [0-104]	Speed: 10072.92 samples/sec	cross-entropy=1.954943	word_freq_receive-accuracy=3.180952
2024-03-24 17:54:14,030 [INFO]  Epoch[0] Train-cross-entropy=1.952125
2024-03-24 17:54:14,031 [INFO]  Epoch[0] Train-word_freq_receive-accuracy=3.127451
2024-03-24 17:54:14,031 [INFO]  Epoch[0] Time cost=0.288
2024-03-24 17:54:14,032 [INFO]  Saved checkpoint to "./imputer_model/5_spam/imputer_model_word_freq_receive/model-0000.params"
2024-03-24 17:54:14,043 [INFO]  Epoch[0] Validation-cross-entropy=6.035471
2024-03-24 17:54:14,043 [INFO]  Epoch[0] Validation-word_freq_receive-accuracy=0.000000
2024-03-24 17:54:14,164 [INFO]  Epoch[1] Batch [0-104]	Speed: 13997.75 samples/sec	cross-entropy=0.532610	word_freq_receive-accuracy=3.180952
2024-03-24 17:54:14,299 [INFO]  Epoch[1] Train-cross-entropy=0.582509
2024-03-24 17:54:14,299 [INFO]  Epoch[1] Train-word_freq_receive-accuracy=3.127451
2024-03-24 17:54:14,299 [INFO]  Epoch[1] Time cost=0.256
2024-03-24 17:54:14,301 [INFO]  Saved checkpoint to "./imputer_model/5_spam/imputer_model_word_freq_receive/model-0001.params"
2024-03-24 17:54:14,312 [INFO]  Epoch[1] Validation-cross-entropy=1.001314
2024-03-24 17:54:14,312 [INFO]  Epoch[1] Validation-word_freq_receive-accuracy=0.000000
2024-03-24 17:54:14,433 [INFO]  Epoch[2] Batch [0-104]	Speed: 13905.25 samples/sec	cross-entropy=0.306050	word_freq_receive-accuracy=3.180952
2024-03-24 17:54:14,564 [INFO]  Epoch[2] Train-cross-entropy=0.139593
2024-03-24 17:54:14,564 [INFO]  Epoch[2] Train-word_freq_receive-accuracy=3.127451
2024-03-24 17:54:14,564 [INFO]  Epoch[2] Time cost=0.252
2024-03-24 17:54:14,567 [INFO]  Saved checkpoint to "./imputer_model/5_spam/imputer_model_word_freq_receive/model-0002.params"
2024-03-24 17:54:14,578 [INFO]  Epoch[2] Validation-cross-entropy=0.316231
2024-03-24 17:54:14,578 [INFO]  Epoch[2] Validation-word_freq_receive-accuracy=0.000000
2024-03-24 17:54:14,740 [INFO]  Epoch[3] Batch [0-104]	Speed: 10371.57 samples/sec	cross-entropy=0.074212	word_freq_receive-accuracy=3.180952
2024-03-24 17:54:14,859 [INFO]  Epoch[3] Train-cross-entropy=0.077304
2024-03-24 17:54:14,859 [INFO]  Epoch[3] Train-word_freq_receive-accuracy=3.127451
2024-03-24 17:54:14,859 [INFO]  Epoch[3] Time cost=0.281
2024-03-24 17:54:14,862 [INFO]  Saved checkpoint to "./imputer_model/5_spam/imputer_model_word_freq_receive/model-0003.params"
2024-03-24 17:54:14,873 [INFO]  Epoch[3] Validation-cross-entropy=0.272923
2024-03-24 17:54:14,873 [INFO]  Epoch[3] Validation-word_freq_receive-accuracy=0.000000
2024-03-24 17:54:15,101 [INFO]  Epoch[4] Batch [0-104]	Speed: 7365.14 samples/sec	cross-entropy=0.079986	word_freq_receive-accuracy=3.180952
2024-03-24 17:54:15,228 [INFO]  Epoch[4] Train-cross-entropy=0.049480
2024-03-24 17:54:15,228 [INFO]  Epoch[4] Train-word_freq_receive-accuracy=3.127451
2024-03-24 17:54:15,228 [INFO]  Epoch[4] Time cost=0.355
2024-03-24 17:54:15,230 [INFO]  Saved checkpoint to "./imputer_model/5_spam/imputer_model_word_freq_receive/model-0004.params"
2024-03-24 17:54:15,241 [INFO]  Epoch[4] Validation-cross-entropy=0.065035
2024-03-24 17:54:15,241 [INFO]  Epoch[4] Validation-word_freq_receive-accuracy=0.000000
2024-03-24 17:54:15,242 [INFO]  
========== done (1.5003957748413086 s) fit model
2024-03-24 17:56:04,936 [INFO]  
========== start: fit model
2024-03-24 17:56:04,936 [WARNING]  Already bound, ignoring bind()
2024-03-24 17:56:05,111 [INFO]  Epoch[0] Batch [0-104]	Speed: 10019.31 samples/sec	cross-entropy=3.207897	word_freq_receive-accuracy=3.057143
2024-03-24 17:56:05,228 [INFO]  Epoch[0] Train-cross-entropy=0.740577
2024-03-24 17:56:05,228 [INFO]  Epoch[0] Train-word_freq_receive-accuracy=3.470588
2024-03-24 17:56:05,228 [INFO]  Epoch[0] Time cost=0.291
2024-03-24 17:56:05,230 [INFO]  Saved checkpoint to "./imputer_model/5_spam/imputer_model_word_freq_receive/model-0000.params"
2024-03-24 17:56:05,241 [INFO]  Epoch[0] Validation-cross-entropy=6.596311
2024-03-24 17:56:05,242 [INFO]  Epoch[0] Validation-word_freq_receive-accuracy=0.000000
2024-03-24 17:56:05,361 [INFO]  Epoch[1] Batch [0-104]	Speed: 14046.91 samples/sec	cross-entropy=1.524237	word_freq_receive-accuracy=3.057143
2024-03-24 17:56:05,482 [INFO]  Epoch[1] Train-cross-entropy=0.771031
2024-03-24 17:56:05,483 [INFO]  Epoch[1] Train-word_freq_receive-accuracy=3.470588
2024-03-24 17:56:05,483 [INFO]  Epoch[1] Time cost=0.241
2024-03-24 17:56:05,484 [INFO]  Saved checkpoint to "./imputer_model/5_spam/imputer_model_word_freq_receive/model-0001.params"
2024-03-24 17:56:05,497 [INFO]  Epoch[1] Validation-cross-entropy=9.647708
2024-03-24 17:56:05,498 [INFO]  Epoch[1] Validation-word_freq_receive-accuracy=0.000000
2024-03-24 17:56:05,617 [INFO]  Epoch[2] Batch [0-104]	Speed: 14064.92 samples/sec	cross-entropy=0.677466	word_freq_receive-accuracy=3.057143
2024-03-24 17:56:05,733 [INFO]  Epoch[2] Train-cross-entropy=0.322432
2024-03-24 17:56:05,733 [INFO]  Epoch[2] Train-word_freq_receive-accuracy=3.470588
2024-03-24 17:56:05,734 [INFO]  Epoch[2] Time cost=0.236
2024-03-24 17:56:05,736 [INFO]  Saved checkpoint to "./imputer_model/5_spam/imputer_model_word_freq_receive/model-0002.params"
2024-03-24 17:56:05,747 [INFO]  Epoch[2] Validation-cross-entropy=0.514728
2024-03-24 17:56:05,748 [INFO]  Epoch[2] Validation-word_freq_receive-accuracy=0.000000
2024-03-24 17:56:05,868 [INFO]  Epoch[3] Batch [0-104]	Speed: 14046.66 samples/sec	cross-entropy=0.334976	word_freq_receive-accuracy=3.057143
2024-03-24 17:56:05,992 [INFO]  Epoch[3] Train-cross-entropy=0.156742
2024-03-24 17:56:05,992 [INFO]  Epoch[3] Train-word_freq_receive-accuracy=3.470588
2024-03-24 17:56:05,993 [INFO]  Epoch[3] Time cost=0.245
2024-03-24 17:56:05,995 [INFO]  Saved checkpoint to "./imputer_model/5_spam/imputer_model_word_freq_receive/model-0003.params"
2024-03-24 17:56:06,006 [INFO]  Epoch[3] Validation-cross-entropy=0.378636
2024-03-24 17:56:06,006 [INFO]  Epoch[3] Validation-word_freq_receive-accuracy=0.000000
2024-03-24 17:56:06,126 [INFO]  Epoch[4] Batch [0-104]	Speed: 14033.02 samples/sec	cross-entropy=0.145783	word_freq_receive-accuracy=3.057143
2024-03-24 17:56:06,242 [INFO]  Epoch[4] Train-cross-entropy=0.202146
2024-03-24 17:56:06,242 [INFO]  Epoch[4] Train-word_freq_receive-accuracy=3.470588
2024-03-24 17:56:06,242 [INFO]  Epoch[4] Time cost=0.236
2024-03-24 17:56:06,244 [INFO]  Saved checkpoint to "./imputer_model/5_spam/imputer_model_word_freq_receive/model-0004.params"
2024-03-24 17:56:06,255 [INFO]  Epoch[4] Validation-cross-entropy=1.866685
2024-03-24 17:56:06,255 [INFO]  Epoch[4] Validation-word_freq_receive-accuracy=0.000000
2024-03-24 17:56:06,255 [INFO]  
========== done (1.3188493251800537 s) fit model
2024-03-24 17:57:55,548 [INFO]  
========== start: fit model
2024-03-24 17:57:55,548 [WARNING]  Already bound, ignoring bind()
2024-03-24 17:57:55,673 [INFO]  Epoch[0] Batch [0-104]	Speed: 13616.99 samples/sec	cross-entropy=3.839524	word_freq_receive-accuracy=0.000000
2024-03-24 17:57:55,794 [INFO]  Epoch[0] Train-cross-entropy=1.797936
2024-03-24 17:57:55,794 [INFO]  Epoch[0] Train-word_freq_receive-accuracy=0.000000
2024-03-24 17:57:55,794 [INFO]  Epoch[0] Time cost=0.245
2024-03-24 17:57:55,797 [INFO]  Saved checkpoint to "./imputer_model/5_spam/imputer_model_word_freq_receive/model-0000.params"
2024-03-24 17:57:55,807 [INFO]  Epoch[0] Validation-cross-entropy=6.380511
2024-03-24 17:57:55,808 [INFO]  Epoch[0] Validation-word_freq_receive-accuracy=0.000000
2024-03-24 17:57:55,982 [INFO]  Epoch[1] Batch [0-104]	Speed: 9620.60 samples/sec	cross-entropy=0.668258	word_freq_receive-accuracy=0.000000
2024-03-24 17:57:56,096 [INFO]  Epoch[1] Train-cross-entropy=0.597829
2024-03-24 17:57:56,097 [INFO]  Epoch[1] Train-word_freq_receive-accuracy=0.000000
2024-03-24 17:57:56,097 [INFO]  Epoch[1] Time cost=0.289
2024-03-24 17:57:56,099 [INFO]  Saved checkpoint to "./imputer_model/5_spam/imputer_model_word_freq_receive/model-0001.params"
2024-03-24 17:57:56,110 [INFO]  Epoch[1] Validation-cross-entropy=0.555698
2024-03-24 17:57:56,110 [INFO]  Epoch[1] Validation-word_freq_receive-accuracy=0.000000
2024-03-24 17:57:56,228 [INFO]  Epoch[2] Batch [0-104]	Speed: 14210.97 samples/sec	cross-entropy=0.278928	word_freq_receive-accuracy=0.000000
2024-03-24 17:57:56,344 [INFO]  Epoch[2] Train-cross-entropy=0.491277
2024-03-24 17:57:56,344 [INFO]  Epoch[2] Train-word_freq_receive-accuracy=0.000000
2024-03-24 17:57:56,344 [INFO]  Epoch[2] Time cost=0.234
2024-03-24 17:57:56,346 [INFO]  Saved checkpoint to "./imputer_model/5_spam/imputer_model_word_freq_receive/model-0002.params"
2024-03-24 17:57:56,356 [INFO]  Epoch[2] Validation-cross-entropy=0.875600
2024-03-24 17:57:56,356 [INFO]  Epoch[2] Validation-word_freq_receive-accuracy=0.000000
2024-03-24 17:57:56,475 [INFO]  Epoch[3] Batch [0-104]	Speed: 14161.61 samples/sec	cross-entropy=0.207730	word_freq_receive-accuracy=0.000000
2024-03-24 17:57:56,589 [INFO]  Epoch[3] Train-cross-entropy=0.226027
2024-03-24 17:57:56,589 [INFO]  Epoch[3] Train-word_freq_receive-accuracy=0.000000
2024-03-24 17:57:56,589 [INFO]  Epoch[3] Time cost=0.233
2024-03-24 17:57:56,592 [INFO]  Saved checkpoint to "./imputer_model/5_spam/imputer_model_word_freq_receive/model-0003.params"
2024-03-24 17:57:56,602 [INFO]  Epoch[3] Validation-cross-entropy=1.138442
2024-03-24 17:57:56,602 [INFO]  Epoch[3] Validation-word_freq_receive-accuracy=0.000000
2024-03-24 17:57:56,720 [INFO]  Epoch[4] Batch [0-104]	Speed: 14260.42 samples/sec	cross-entropy=0.186521	word_freq_receive-accuracy=0.000000
2024-03-24 17:57:57,048 [INFO]  Epoch[4] Train-cross-entropy=0.456703
2024-03-24 17:57:57,048 [INFO]  Epoch[4] Train-word_freq_receive-accuracy=0.000000
2024-03-24 17:57:57,048 [INFO]  Epoch[4] Time cost=0.446
2024-03-24 17:57:57,050 [INFO]  Saved checkpoint to "./imputer_model/5_spam/imputer_model_word_freq_receive/model-0004.params"
2024-03-24 17:57:57,059 [INFO]  Epoch[4] Validation-cross-entropy=2.611776
2024-03-24 17:57:57,060 [INFO]  Epoch[4] Validation-word_freq_receive-accuracy=0.000000
2024-03-24 17:57:57,064 [INFO]  
========== done (1.5160021781921387 s) fit model
2024-03-24 17:59:49,440 [INFO]  
========== start: fit model
2024-03-24 17:59:49,441 [WARNING]  Already bound, ignoring bind()
2024-03-24 17:59:49,681 [INFO]  Epoch[0] Batch [0-104]	Speed: 7076.80 samples/sec	cross-entropy=6.517383	word_freq_receive-accuracy=0.000000
2024-03-24 17:59:49,794 [INFO]  Epoch[0] Train-cross-entropy=1.364201
2024-03-24 17:59:49,794 [INFO]  Epoch[0] Train-word_freq_receive-accuracy=0.000000
2024-03-24 17:59:49,795 [INFO]  Epoch[0] Time cost=0.353
2024-03-24 17:59:49,797 [INFO]  Saved checkpoint to "./imputer_model/5_spam/imputer_model_word_freq_receive/model-0000.params"
2024-03-24 17:59:49,808 [INFO]  Epoch[0] Validation-cross-entropy=0.664328
2024-03-24 17:59:49,808 [INFO]  Epoch[0] Validation-word_freq_receive-accuracy=0.000000
2024-03-24 17:59:49,926 [INFO]  Epoch[1] Batch [0-104]	Speed: 14335.85 samples/sec	cross-entropy=0.843631	word_freq_receive-accuracy=0.000000
2024-03-24 17:59:50,041 [INFO]  Epoch[1] Train-cross-entropy=0.701089
2024-03-24 17:59:50,041 [INFO]  Epoch[1] Train-word_freq_receive-accuracy=0.000000
2024-03-24 17:59:50,041 [INFO]  Epoch[1] Time cost=0.233
2024-03-24 17:59:50,044 [INFO]  Saved checkpoint to "./imputer_model/5_spam/imputer_model_word_freq_receive/model-0001.params"
2024-03-24 17:59:50,054 [INFO]  Epoch[1] Validation-cross-entropy=0.960656
2024-03-24 17:59:50,054 [INFO]  Epoch[1] Validation-word_freq_receive-accuracy=0.000000
2024-03-24 17:59:50,190 [INFO]  Epoch[2] Batch [0-104]	Speed: 12363.55 samples/sec	cross-entropy=1.067779	word_freq_receive-accuracy=0.000000
2024-03-24 17:59:50,304 [INFO]  Epoch[2] Train-cross-entropy=0.377890
2024-03-24 17:59:50,304 [INFO]  Epoch[2] Train-word_freq_receive-accuracy=0.000000
2024-03-24 17:59:50,304 [INFO]  Epoch[2] Time cost=0.250
2024-03-24 17:59:50,307 [INFO]  Saved checkpoint to "./imputer_model/5_spam/imputer_model_word_freq_receive/model-0002.params"
2024-03-24 17:59:50,317 [INFO]  Epoch[2] Validation-cross-entropy=0.372491
2024-03-24 17:59:50,318 [INFO]  Epoch[2] Validation-word_freq_receive-accuracy=0.000000
2024-03-24 17:59:50,435 [INFO]  Epoch[3] Batch [0-104]	Speed: 14410.20 samples/sec	cross-entropy=0.900273	word_freq_receive-accuracy=0.000000
2024-03-24 17:59:50,550 [INFO]  Epoch[3] Train-cross-entropy=0.228073
2024-03-24 17:59:50,550 [INFO]  Epoch[3] Train-word_freq_receive-accuracy=0.000000
2024-03-24 17:59:50,550 [INFO]  Epoch[3] Time cost=0.233
2024-03-24 17:59:50,553 [INFO]  Saved checkpoint to "./imputer_model/5_spam/imputer_model_word_freq_receive/model-0003.params"
2024-03-24 17:59:50,563 [INFO]  Epoch[3] Validation-cross-entropy=0.185329
2024-03-24 17:59:50,564 [INFO]  Epoch[3] Validation-word_freq_receive-accuracy=0.000000
2024-03-24 17:59:50,737 [INFO]  Epoch[4] Batch [0-104]	Speed: 9696.80 samples/sec	cross-entropy=0.201188	word_freq_receive-accuracy=0.000000
2024-03-24 17:59:50,825 [INFO]  Epoch[4] Train-cross-entropy=0.066897
2024-03-24 17:59:50,826 [INFO]  Epoch[4] Train-word_freq_receive-accuracy=0.000000
2024-03-24 17:59:50,826 [INFO]  Epoch[4] Time cost=0.262
2024-03-24 17:59:50,828 [INFO]  Saved checkpoint to "./imputer_model/5_spam/imputer_model_word_freq_receive/model-0004.params"
2024-03-24 17:59:50,867 [INFO]  Epoch[4] Validation-cross-entropy=0.067083
2024-03-24 17:59:50,868 [INFO]  Epoch[4] Validation-word_freq_receive-accuracy=0.000000
2024-03-24 17:59:50,868 [INFO]  
========== done (1.4273393154144287 s) fit model
2024-03-24 18:01:38,573 [INFO]  
========== start: fit model
2024-03-24 18:01:38,573 [WARNING]  Already bound, ignoring bind()
2024-03-24 18:01:38,801 [INFO]  Epoch[0] Batch [0-104]	Speed: 13799.84 samples/sec	cross-entropy=5.010475	word_freq_receive-accuracy=0.000000
2024-03-24 18:01:38,920 [INFO]  Epoch[0] Train-cross-entropy=1.216916
2024-03-24 18:01:38,921 [INFO]  Epoch[0] Train-word_freq_receive-accuracy=0.000000
2024-03-24 18:01:38,921 [INFO]  Epoch[0] Time cost=0.347
2024-03-24 18:01:38,923 [INFO]  Saved checkpoint to "./imputer_model/5_spam/imputer_model_word_freq_receive/model-0000.params"
2024-03-24 18:01:38,934 [INFO]  Epoch[0] Validation-cross-entropy=0.689569
2024-03-24 18:01:38,934 [INFO]  Epoch[0] Validation-word_freq_receive-accuracy=0.000000
2024-03-24 18:01:39,016 [INFO]  Epoch[1] Batch [0-104]	Speed: 20603.83 samples/sec	cross-entropy=0.545904	word_freq_receive-accuracy=0.000000
2024-03-24 18:01:39,092 [INFO]  Epoch[1] Train-cross-entropy=0.368224
2024-03-24 18:01:39,092 [INFO]  Epoch[1] Train-word_freq_receive-accuracy=0.000000
2024-03-24 18:01:39,093 [INFO]  Epoch[1] Time cost=0.158
2024-03-24 18:01:39,095 [INFO]  Saved checkpoint to "./imputer_model/5_spam/imputer_model_word_freq_receive/model-0001.params"
2024-03-24 18:01:39,106 [INFO]  Epoch[1] Validation-cross-entropy=0.396796
2024-03-24 18:01:39,106 [INFO]  Epoch[1] Validation-word_freq_receive-accuracy=0.000000
2024-03-24 18:01:39,237 [INFO]  Epoch[2] Batch [0-104]	Speed: 12855.30 samples/sec	cross-entropy=0.552317	word_freq_receive-accuracy=0.000000
2024-03-24 18:01:39,323 [INFO]  Epoch[2] Train-cross-entropy=0.370833
2024-03-24 18:01:39,323 [INFO]  Epoch[2] Train-word_freq_receive-accuracy=0.000000
2024-03-24 18:01:39,323 [INFO]  Epoch[2] Time cost=0.217
2024-03-24 18:01:39,325 [INFO]  Saved checkpoint to "./imputer_model/5_spam/imputer_model_word_freq_receive/model-0002.params"
2024-03-24 18:01:39,331 [INFO]  Epoch[2] Validation-cross-entropy=0.795813
2024-03-24 18:01:39,331 [INFO]  Epoch[2] Validation-word_freq_receive-accuracy=0.000000
2024-03-24 18:01:39,423 [INFO]  Epoch[3] Batch [0-104]	Speed: 18286.18 samples/sec	cross-entropy=0.500968	word_freq_receive-accuracy=0.000000
2024-03-24 18:01:39,558 [INFO]  Epoch[3] Train-cross-entropy=0.299341
2024-03-24 18:01:39,559 [INFO]  Epoch[3] Train-word_freq_receive-accuracy=0.000000
2024-03-24 18:01:39,559 [INFO]  Epoch[3] Time cost=0.227
2024-03-24 18:01:39,560 [INFO]  Saved checkpoint to "./imputer_model/5_spam/imputer_model_word_freq_receive/model-0003.params"
2024-03-24 18:01:39,571 [INFO]  Epoch[3] Validation-cross-entropy=0.396678
2024-03-24 18:01:39,571 [INFO]  Epoch[3] Validation-word_freq_receive-accuracy=0.000000
2024-03-24 18:01:39,691 [INFO]  Epoch[4] Batch [0-104]	Speed: 14074.16 samples/sec	cross-entropy=0.470953	word_freq_receive-accuracy=0.000000
2024-03-24 18:01:39,806 [INFO]  Epoch[4] Train-cross-entropy=0.183879
2024-03-24 18:01:39,806 [INFO]  Epoch[4] Train-word_freq_receive-accuracy=0.000000
2024-03-24 18:01:39,806 [INFO]  Epoch[4] Time cost=0.235
2024-03-24 18:01:39,808 [INFO]  Saved checkpoint to "./imputer_model/5_spam/imputer_model_word_freq_receive/model-0004.params"
2024-03-24 18:01:39,819 [INFO]  Epoch[4] Validation-cross-entropy=1.186426
2024-03-24 18:01:39,819 [INFO]  Epoch[4] Validation-word_freq_receive-accuracy=0.000000
2024-03-24 18:01:39,820 [INFO]  
========== done (1.2464604377746582 s) fit model
2024-03-24 18:03:26,896 [INFO]  
========== start: fit model
2024-03-24 18:03:26,896 [WARNING]  Already bound, ignoring bind()
2024-03-24 18:03:27,038 [INFO]  Epoch[0] Batch [0-104]	Speed: 11969.73 samples/sec	cross-entropy=4.796504	word_freq_receive-accuracy=3.200000
2024-03-24 18:03:27,179 [INFO]  Epoch[0] Train-cross-entropy=1.275538
2024-03-24 18:03:27,180 [INFO]  Epoch[0] Train-word_freq_receive-accuracy=3.196078
2024-03-24 18:03:27,180 [INFO]  Epoch[0] Time cost=0.282
2024-03-24 18:03:27,182 [INFO]  Saved checkpoint to "./imputer_model/5_spam/imputer_model_word_freq_receive/model-0000.params"
2024-03-24 18:03:27,197 [INFO]  Epoch[0] Validation-cross-entropy=1.895332
2024-03-24 18:03:27,197 [INFO]  Epoch[0] Validation-word_freq_receive-accuracy=0.000000
2024-03-24 18:03:27,450 [INFO]  Epoch[1] Batch [0-104]	Speed: 6616.76 samples/sec	cross-entropy=1.285689	word_freq_receive-accuracy=3.200000
2024-03-24 18:03:27,563 [INFO]  Epoch[1] Train-cross-entropy=0.658949
2024-03-24 18:03:27,563 [INFO]  Epoch[1] Train-word_freq_receive-accuracy=3.196078
2024-03-24 18:03:27,563 [INFO]  Epoch[1] Time cost=0.366
2024-03-24 18:03:27,566 [INFO]  Saved checkpoint to "./imputer_model/5_spam/imputer_model_word_freq_receive/model-0001.params"
2024-03-24 18:03:27,576 [INFO]  Epoch[1] Validation-cross-entropy=3.534858
2024-03-24 18:03:27,576 [INFO]  Epoch[1] Validation-word_freq_receive-accuracy=0.000000
2024-03-24 18:03:27,693 [INFO]  Epoch[2] Batch [0-104]	Speed: 14469.95 samples/sec	cross-entropy=0.596562	word_freq_receive-accuracy=3.200000
2024-03-24 18:03:27,808 [INFO]  Epoch[2] Train-cross-entropy=0.240740
2024-03-24 18:03:27,808 [INFO]  Epoch[2] Train-word_freq_receive-accuracy=3.196078
2024-03-24 18:03:27,808 [INFO]  Epoch[2] Time cost=0.231
2024-03-24 18:03:27,811 [INFO]  Saved checkpoint to "./imputer_model/5_spam/imputer_model_word_freq_receive/model-0002.params"
2024-03-24 18:03:27,821 [INFO]  Epoch[2] Validation-cross-entropy=1.519042
2024-03-24 18:03:27,821 [INFO]  Epoch[2] Validation-word_freq_receive-accuracy=0.000000
2024-03-24 18:03:27,938 [INFO]  Epoch[3] Batch [0-104]	Speed: 14434.97 samples/sec	cross-entropy=0.229706	word_freq_receive-accuracy=3.200000
2024-03-24 18:03:28,052 [INFO]  Epoch[3] Train-cross-entropy=0.145033
2024-03-24 18:03:28,052 [INFO]  Epoch[3] Train-word_freq_receive-accuracy=3.196078
2024-03-24 18:03:28,052 [INFO]  Epoch[3] Time cost=0.231
2024-03-24 18:03:28,055 [INFO]  Saved checkpoint to "./imputer_model/5_spam/imputer_model_word_freq_receive/model-0003.params"
2024-03-24 18:03:28,065 [INFO]  Epoch[3] Validation-cross-entropy=0.406430
2024-03-24 18:03:28,065 [INFO]  Epoch[3] Validation-word_freq_receive-accuracy=0.000000
2024-03-24 18:03:28,181 [INFO]  Epoch[4] Batch [0-104]	Speed: 14503.42 samples/sec	cross-entropy=0.242360	word_freq_receive-accuracy=3.200000
2024-03-24 18:03:28,304 [INFO]  Epoch[4] Train-cross-entropy=0.292598
2024-03-24 18:03:28,305 [INFO]  Epoch[4] Train-word_freq_receive-accuracy=3.196078
2024-03-24 18:03:28,305 [INFO]  Epoch[4] Time cost=0.239
2024-03-24 18:03:28,307 [INFO]  Saved checkpoint to "./imputer_model/5_spam/imputer_model_word_freq_receive/model-0004.params"
2024-03-24 18:03:28,318 [INFO]  Epoch[4] Validation-cross-entropy=2.218326
2024-03-24 18:03:28,318 [INFO]  Epoch[4] Validation-word_freq_receive-accuracy=0.000000
2024-03-24 18:03:28,318 [INFO]  
========== done (1.4216833114624023 s) fit model
2024-03-24 18:05:14,082 [INFO]  
========== start: fit model
2024-03-24 18:05:14,082 [WARNING]  Already bound, ignoring bind()
2024-03-24 18:05:14,199 [INFO]  Epoch[0] Batch [0-104]	Speed: 14627.59 samples/sec	cross-entropy=6.020965	word_freq_receive-accuracy=3.200000
2024-03-24 18:05:14,320 [INFO]  Epoch[0] Train-cross-entropy=0.720260
2024-03-24 18:05:14,320 [INFO]  Epoch[0] Train-word_freq_receive-accuracy=3.392157
2024-03-24 18:05:14,321 [INFO]  Epoch[0] Time cost=0.237
2024-03-24 18:05:14,323 [INFO]  Saved checkpoint to "./imputer_model/5_spam/imputer_model_word_freq_receive/model-0000.params"
2024-03-24 18:05:14,334 [INFO]  Epoch[0] Validation-cross-entropy=2.758104
2024-03-24 18:05:14,334 [INFO]  Epoch[0] Validation-word_freq_receive-accuracy=0.000000
2024-03-24 18:05:14,457 [INFO]  Epoch[1] Batch [0-104]	Speed: 13726.31 samples/sec	cross-entropy=0.810129	word_freq_receive-accuracy=3.200000
2024-03-24 18:05:14,578 [INFO]  Epoch[1] Train-cross-entropy=0.581196
2024-03-24 18:05:14,578 [INFO]  Epoch[1] Train-word_freq_receive-accuracy=3.392157
2024-03-24 18:05:14,578 [INFO]  Epoch[1] Time cost=0.244
2024-03-24 18:05:14,580 [INFO]  Saved checkpoint to "./imputer_model/5_spam/imputer_model_word_freq_receive/model-0001.params"
2024-03-24 18:05:14,591 [INFO]  Epoch[1] Validation-cross-entropy=1.434836
2024-03-24 18:05:14,591 [INFO]  Epoch[1] Validation-word_freq_receive-accuracy=0.000000
2024-03-24 18:05:14,714 [INFO]  Epoch[2] Batch [0-104]	Speed: 13767.17 samples/sec	cross-entropy=0.958504	word_freq_receive-accuracy=3.200000
2024-03-24 18:05:14,832 [INFO]  Epoch[2] Train-cross-entropy=0.545783
2024-03-24 18:05:14,832 [INFO]  Epoch[2] Train-word_freq_receive-accuracy=3.392157
2024-03-24 18:05:14,832 [INFO]  Epoch[2] Time cost=0.241
2024-03-24 18:05:14,835 [INFO]  Saved checkpoint to "./imputer_model/5_spam/imputer_model_word_freq_receive/model-0002.params"
2024-03-24 18:05:14,846 [INFO]  Epoch[2] Validation-cross-entropy=0.418651
2024-03-24 18:05:14,846 [INFO]  Epoch[2] Validation-word_freq_receive-accuracy=0.000000
2024-03-24 18:05:14,968 [INFO]  Epoch[3] Batch [0-104]	Speed: 13856.85 samples/sec	cross-entropy=0.233868	word_freq_receive-accuracy=3.200000
2024-03-24 18:05:15,086 [INFO]  Epoch[3] Train-cross-entropy=0.122606
2024-03-24 18:05:15,086 [INFO]  Epoch[3] Train-word_freq_receive-accuracy=3.392157
2024-03-24 18:05:15,086 [INFO]  Epoch[3] Time cost=0.240
2024-03-24 18:05:15,089 [INFO]  Saved checkpoint to "./imputer_model/5_spam/imputer_model_word_freq_receive/model-0003.params"
2024-03-24 18:05:15,101 [INFO]  Epoch[3] Validation-cross-entropy=0.144854
2024-03-24 18:05:15,101 [INFO]  Epoch[3] Validation-word_freq_receive-accuracy=0.000000
2024-03-24 18:05:15,222 [INFO]  Epoch[4] Batch [0-104]	Speed: 13908.49 samples/sec	cross-entropy=0.107947	word_freq_receive-accuracy=3.200000
2024-03-24 18:05:15,342 [INFO]  Epoch[4] Train-cross-entropy=0.162389
2024-03-24 18:05:15,342 [INFO]  Epoch[4] Train-word_freq_receive-accuracy=3.392157
2024-03-24 18:05:15,342 [INFO]  Epoch[4] Time cost=0.241
2024-03-24 18:05:15,345 [INFO]  Saved checkpoint to "./imputer_model/5_spam/imputer_model_word_freq_receive/model-0004.params"
2024-03-24 18:05:15,357 [INFO]  Epoch[4] Validation-cross-entropy=0.770948
2024-03-24 18:05:15,357 [INFO]  Epoch[4] Validation-word_freq_receive-accuracy=0.000000
2024-03-24 18:05:15,357 [INFO]  
========== done (1.2749245166778564 s) fit model
2024-03-24 18:07:03,847 [INFO]  
========== start: fit model
2024-03-24 18:07:03,847 [WARNING]  Already bound, ignoring bind()
2024-03-24 18:07:03,971 [INFO]  Epoch[0] Batch [0-104]	Speed: 13767.96 samples/sec	cross-entropy=4.211088	word_freq_receive-accuracy=3.400000
2024-03-24 18:07:04,093 [INFO]  Epoch[0] Train-cross-entropy=0.466957
2024-03-24 18:07:04,093 [INFO]  Epoch[0] Train-word_freq_receive-accuracy=3.264706
2024-03-24 18:07:04,093 [INFO]  Epoch[0] Time cost=0.246
2024-03-24 18:07:04,096 [INFO]  Saved checkpoint to "./imputer_model/5_spam/imputer_model_word_freq_receive/model-0000.params"
2024-03-24 18:07:04,107 [INFO]  Epoch[0] Validation-cross-entropy=0.704056
2024-03-24 18:07:04,107 [INFO]  Epoch[0] Validation-word_freq_receive-accuracy=0.000000
2024-03-24 18:07:04,230 [INFO]  Epoch[1] Batch [0-104]	Speed: 13727.80 samples/sec	cross-entropy=1.260446	word_freq_receive-accuracy=3.400000
2024-03-24 18:07:04,350 [INFO]  Epoch[1] Train-cross-entropy=0.398387
2024-03-24 18:07:04,350 [INFO]  Epoch[1] Train-word_freq_receive-accuracy=3.264706
2024-03-24 18:07:04,350 [INFO]  Epoch[1] Time cost=0.243
2024-03-24 18:07:04,354 [INFO]  Saved checkpoint to "./imputer_model/5_spam/imputer_model_word_freq_receive/model-0001.params"
2024-03-24 18:07:04,371 [INFO]  Epoch[1] Validation-cross-entropy=0.300903
2024-03-24 18:07:04,371 [INFO]  Epoch[1] Validation-word_freq_receive-accuracy=0.000000
2024-03-24 18:07:04,492 [INFO]  Epoch[2] Batch [0-104]	Speed: 13903.81 samples/sec	cross-entropy=0.604480	word_freq_receive-accuracy=3.400000
2024-03-24 18:07:04,601 [INFO]  Epoch[2] Train-cross-entropy=0.323821
2024-03-24 18:07:04,601 [INFO]  Epoch[2] Train-word_freq_receive-accuracy=3.264706
2024-03-24 18:07:04,601 [INFO]  Epoch[2] Time cost=0.230
2024-03-24 18:07:04,603 [INFO]  Saved checkpoint to "./imputer_model/5_spam/imputer_model_word_freq_receive/model-0002.params"
2024-03-24 18:07:04,623 [INFO]  Epoch[2] Validation-cross-entropy=0.182366
2024-03-24 18:07:04,623 [INFO]  Epoch[2] Validation-word_freq_receive-accuracy=0.000000
2024-03-24 18:07:04,739 [INFO]  Epoch[3] Batch [0-104]	Speed: 14444.26 samples/sec	cross-entropy=0.606149	word_freq_receive-accuracy=3.400000
2024-03-24 18:07:04,856 [INFO]  Epoch[3] Train-cross-entropy=0.181966
2024-03-24 18:07:04,856 [INFO]  Epoch[3] Train-word_freq_receive-accuracy=3.264706
2024-03-24 18:07:04,856 [INFO]  Epoch[3] Time cost=0.233
2024-03-24 18:07:04,859 [INFO]  Saved checkpoint to "./imputer_model/5_spam/imputer_model_word_freq_receive/model-0003.params"
2024-03-24 18:07:04,870 [INFO]  Epoch[3] Validation-cross-entropy=0.173673
2024-03-24 18:07:04,870 [INFO]  Epoch[3] Validation-word_freq_receive-accuracy=0.000000
2024-03-24 18:07:04,991 [INFO]  Epoch[4] Batch [0-104]	Speed: 13871.48 samples/sec	cross-entropy=0.390484	word_freq_receive-accuracy=3.400000
2024-03-24 18:07:05,109 [INFO]  Epoch[4] Train-cross-entropy=0.164791
2024-03-24 18:07:05,109 [INFO]  Epoch[4] Train-word_freq_receive-accuracy=3.264706
2024-03-24 18:07:05,109 [INFO]  Epoch[4] Time cost=0.239
2024-03-24 18:07:05,112 [INFO]  Saved checkpoint to "./imputer_model/5_spam/imputer_model_word_freq_receive/model-0004.params"
2024-03-24 18:07:05,123 [INFO]  Epoch[4] Validation-cross-entropy=0.178242
2024-03-24 18:07:05,123 [INFO]  Epoch[4] Validation-word_freq_receive-accuracy=0.000000
2024-03-24 18:07:05,124 [INFO]  
========== done (1.2769896984100342 s) fit model
2024-03-24 18:08:49,305 [INFO]  
========== start: fit model
2024-03-24 18:08:49,305 [WARNING]  Already bound, ignoring bind()
2024-03-24 18:08:49,491 [INFO]  Epoch[0] Batch [0-104]	Speed: 11083.99 samples/sec	cross-entropy=4.534691	word_freq_receive-accuracy=3.057143
2024-03-24 18:08:49,604 [INFO]  Epoch[0] Train-cross-entropy=0.809642
2024-03-24 18:08:49,604 [INFO]  Epoch[0] Train-word_freq_receive-accuracy=3.382353
2024-03-24 18:08:49,604 [INFO]  Epoch[0] Time cost=0.298
2024-03-24 18:08:49,606 [INFO]  Saved checkpoint to "./imputer_model/5_spam/imputer_model_word_freq_receive/model-0000.params"
2024-03-24 18:08:49,617 [INFO]  Epoch[0] Validation-cross-entropy=0.554537
2024-03-24 18:08:49,617 [INFO]  Epoch[0] Validation-word_freq_receive-accuracy=0.000000
2024-03-24 18:08:49,735 [INFO]  Epoch[1] Batch [0-104]	Speed: 14293.89 samples/sec	cross-entropy=1.508367	word_freq_receive-accuracy=3.057143
2024-03-24 18:08:49,849 [INFO]  Epoch[1] Train-cross-entropy=0.847180
2024-03-24 18:08:49,849 [INFO]  Epoch[1] Train-word_freq_receive-accuracy=3.382353
2024-03-24 18:08:49,849 [INFO]  Epoch[1] Time cost=0.232
2024-03-24 18:08:49,852 [INFO]  Saved checkpoint to "./imputer_model/5_spam/imputer_model_word_freq_receive/model-0001.params"
2024-03-24 18:08:49,863 [INFO]  Epoch[1] Validation-cross-entropy=0.616829
2024-03-24 18:08:49,863 [INFO]  Epoch[1] Validation-word_freq_receive-accuracy=0.000000
2024-03-24 18:08:49,981 [INFO]  Epoch[2] Batch [0-104]	Speed: 14315.53 samples/sec	cross-entropy=0.601818	word_freq_receive-accuracy=3.057143
2024-03-24 18:08:50,095 [INFO]  Epoch[2] Train-cross-entropy=0.408664
2024-03-24 18:08:50,095 [INFO]  Epoch[2] Train-word_freq_receive-accuracy=3.382353
2024-03-24 18:08:50,096 [INFO]  Epoch[2] Time cost=0.232
2024-03-24 18:08:50,098 [INFO]  Saved checkpoint to "./imputer_model/5_spam/imputer_model_word_freq_receive/model-0002.params"
2024-03-24 18:08:50,109 [INFO]  Epoch[2] Validation-cross-entropy=0.755613
2024-03-24 18:08:50,110 [INFO]  Epoch[2] Validation-word_freq_receive-accuracy=0.000000
2024-03-24 18:08:50,230 [INFO]  Epoch[3] Batch [0-104]	Speed: 13947.79 samples/sec	cross-entropy=0.458114	word_freq_receive-accuracy=3.057143
2024-03-24 18:08:50,345 [INFO]  Epoch[3] Train-cross-entropy=0.302448
2024-03-24 18:08:50,346 [INFO]  Epoch[3] Train-word_freq_receive-accuracy=3.382353
2024-03-24 18:08:50,346 [INFO]  Epoch[3] Time cost=0.236
2024-03-24 18:08:50,348 [INFO]  Saved checkpoint to "./imputer_model/5_spam/imputer_model_word_freq_receive/model-0003.params"
2024-03-24 18:08:50,359 [INFO]  Epoch[3] Validation-cross-entropy=0.405330
2024-03-24 18:08:50,360 [INFO]  Epoch[3] Validation-word_freq_receive-accuracy=0.000000
2024-03-24 18:08:50,477 [INFO]  Epoch[4] Batch [0-104]	Speed: 14385.34 samples/sec	cross-entropy=0.438537	word_freq_receive-accuracy=3.057143
2024-03-24 18:08:50,591 [INFO]  Epoch[4] Train-cross-entropy=0.272855
2024-03-24 18:08:50,591 [INFO]  Epoch[4] Train-word_freq_receive-accuracy=3.382353
2024-03-24 18:08:50,592 [INFO]  Epoch[4] Time cost=0.232
2024-03-24 18:08:50,594 [INFO]  Saved checkpoint to "./imputer_model/5_spam/imputer_model_word_freq_receive/model-0004.params"
2024-03-24 18:08:50,605 [INFO]  Epoch[4] Validation-cross-entropy=0.376523
2024-03-24 18:08:50,606 [INFO]  Epoch[4] Validation-word_freq_receive-accuracy=0.000000
2024-03-24 18:08:50,606 [INFO]  
========== done (1.3009896278381348 s) fit model
2024-03-24 18:10:35,518 [INFO]  
========== start: fit model
2024-03-24 18:10:35,518 [WARNING]  Already bound, ignoring bind()
2024-03-24 18:10:35,733 [INFO]  Epoch[0] Batch [0-104]	Speed: 8056.29 samples/sec	cross-entropy=4.907005	word_freq_receive-accuracy=3.285714
2024-03-24 18:10:35,857 [INFO]  Epoch[0] Train-cross-entropy=1.129443
2024-03-24 18:10:35,857 [INFO]  Epoch[0] Train-word_freq_receive-accuracy=3.323529
2024-03-24 18:10:35,857 [INFO]  Epoch[0] Time cost=0.338
2024-03-24 18:10:35,859 [INFO]  Saved checkpoint to "./imputer_model/5_spam/imputer_model_word_freq_receive/model-0000.params"
2024-03-24 18:10:35,870 [INFO]  Epoch[0] Validation-cross-entropy=0.149047
2024-03-24 18:10:35,870 [INFO]  Epoch[0] Validation-word_freq_receive-accuracy=0.000000
2024-03-24 18:10:35,988 [INFO]  Epoch[1] Batch [0-104]	Speed: 14248.31 samples/sec	cross-entropy=0.556502	word_freq_receive-accuracy=3.285714
2024-03-24 18:10:36,103 [INFO]  Epoch[1] Train-cross-entropy=0.227533
2024-03-24 18:10:36,103 [INFO]  Epoch[1] Train-word_freq_receive-accuracy=3.323529
2024-03-24 18:10:36,103 [INFO]  Epoch[1] Time cost=0.233
2024-03-24 18:10:36,105 [INFO]  Saved checkpoint to "./imputer_model/5_spam/imputer_model_word_freq_receive/model-0001.params"
2024-03-24 18:10:36,116 [INFO]  Epoch[1] Validation-cross-entropy=0.159981
2024-03-24 18:10:36,116 [INFO]  Epoch[1] Validation-word_freq_receive-accuracy=0.000000
2024-03-24 18:10:36,234 [INFO]  Epoch[2] Batch [0-104]	Speed: 14242.76 samples/sec	cross-entropy=0.893157	word_freq_receive-accuracy=3.285714
2024-03-24 18:10:36,349 [INFO]  Epoch[2] Train-cross-entropy=0.275346
2024-03-24 18:10:36,349 [INFO]  Epoch[2] Train-word_freq_receive-accuracy=3.323529
2024-03-24 18:10:36,349 [INFO]  Epoch[2] Time cost=0.233
2024-03-24 18:10:36,352 [INFO]  Saved checkpoint to "./imputer_model/5_spam/imputer_model_word_freq_receive/model-0002.params"
2024-03-24 18:10:36,363 [INFO]  Epoch[2] Validation-cross-entropy=0.164781
2024-03-24 18:10:36,363 [INFO]  Epoch[2] Validation-word_freq_receive-accuracy=0.000000
2024-03-24 18:10:36,482 [INFO]  Epoch[3] Batch [0-104]	Speed: 14138.91 samples/sec	cross-entropy=0.828111	word_freq_receive-accuracy=3.285714
2024-03-24 18:10:36,583 [INFO]  Epoch[3] Train-cross-entropy=0.147561
2024-03-24 18:10:36,583 [INFO]  Epoch[3] Train-word_freq_receive-accuracy=3.323529
2024-03-24 18:10:36,583 [INFO]  Epoch[3] Time cost=0.220
2024-03-24 18:10:36,586 [INFO]  Saved checkpoint to "./imputer_model/5_spam/imputer_model_word_freq_receive/model-0003.params"
2024-03-24 18:10:36,597 [INFO]  Epoch[3] Validation-cross-entropy=0.057732
2024-03-24 18:10:36,597 [INFO]  Epoch[3] Validation-word_freq_receive-accuracy=0.000000
2024-03-24 18:10:36,722 [INFO]  Epoch[4] Batch [0-104]	Speed: 13480.41 samples/sec	cross-entropy=0.724029	word_freq_receive-accuracy=3.285714
2024-03-24 18:10:36,857 [INFO]  Epoch[4] Train-cross-entropy=0.467984
2024-03-24 18:10:36,857 [INFO]  Epoch[4] Train-word_freq_receive-accuracy=3.323529
2024-03-24 18:10:36,857 [INFO]  Epoch[4] Time cost=0.260
2024-03-24 18:10:36,859 [INFO]  Saved checkpoint to "./imputer_model/5_spam/imputer_model_word_freq_receive/model-0004.params"
2024-03-24 18:10:36,870 [INFO]  Epoch[4] Validation-cross-entropy=0.095706
2024-03-24 18:10:36,871 [INFO]  Epoch[4] Validation-word_freq_receive-accuracy=0.000000
2024-03-24 18:10:36,871 [INFO]  
========== done (1.3522708415985107 s) fit model
2024-03-24 18:12:23,095 [INFO]  
========== start: fit model
2024-03-24 18:12:23,095 [WARNING]  Already bound, ignoring bind()
2024-03-24 18:12:23,224 [INFO]  Epoch[0] Batch [0-104]	Speed: 13478.98 samples/sec	cross-entropy=4.681130	word_freq_receive-accuracy=3.238095
2024-03-24 18:12:23,349 [INFO]  Epoch[0] Train-cross-entropy=1.174153
2024-03-24 18:12:23,349 [INFO]  Epoch[0] Train-word_freq_receive-accuracy=3.147059
2024-03-24 18:12:23,349 [INFO]  Epoch[0] Time cost=0.253
2024-03-24 18:12:23,351 [INFO]  Saved checkpoint to "./imputer_model/5_spam/imputer_model_word_freq_receive/model-0000.params"
2024-03-24 18:12:23,363 [INFO]  Epoch[0] Validation-cross-entropy=0.760948
2024-03-24 18:12:23,363 [INFO]  Epoch[0] Validation-word_freq_receive-accuracy=0.000000
2024-03-24 18:12:23,485 [INFO]  Epoch[1] Batch [0-104]	Speed: 13729.96 samples/sec	cross-entropy=0.783536	word_freq_receive-accuracy=3.238095
2024-03-24 18:12:23,613 [INFO]  Epoch[1] Train-cross-entropy=0.621088
2024-03-24 18:12:23,613 [INFO]  Epoch[1] Train-word_freq_receive-accuracy=3.147059
2024-03-24 18:12:23,613 [INFO]  Epoch[1] Time cost=0.250
2024-03-24 18:12:23,615 [INFO]  Saved checkpoint to "./imputer_model/5_spam/imputer_model_word_freq_receive/model-0001.params"
2024-03-24 18:12:23,626 [INFO]  Epoch[1] Validation-cross-entropy=1.023356
2024-03-24 18:12:23,626 [INFO]  Epoch[1] Validation-word_freq_receive-accuracy=0.000000
2024-03-24 18:12:23,748 [INFO]  Epoch[2] Batch [0-104]	Speed: 13762.93 samples/sec	cross-entropy=1.235320	word_freq_receive-accuracy=3.238095
2024-03-24 18:12:23,867 [INFO]  Epoch[2] Train-cross-entropy=1.154262
2024-03-24 18:12:23,867 [INFO]  Epoch[2] Train-word_freq_receive-accuracy=3.147059
2024-03-24 18:12:23,867 [INFO]  Epoch[2] Time cost=0.241
2024-03-24 18:12:23,869 [INFO]  Saved checkpoint to "./imputer_model/5_spam/imputer_model_word_freq_receive/model-0002.params"
2024-03-24 18:12:23,879 [INFO]  Epoch[2] Validation-cross-entropy=0.545751
2024-03-24 18:12:23,880 [INFO]  Epoch[2] Validation-word_freq_receive-accuracy=0.000000
2024-03-24 18:12:24,002 [INFO]  Epoch[3] Batch [0-104]	Speed: 13806.25 samples/sec	cross-entropy=0.865005	word_freq_receive-accuracy=3.238095
2024-03-24 18:12:24,160 [INFO]  Epoch[3] Train-cross-entropy=0.543796
2024-03-24 18:12:24,160 [INFO]  Epoch[3] Train-word_freq_receive-accuracy=3.147059
2024-03-24 18:12:24,161 [INFO]  Epoch[3] Time cost=0.281
2024-03-24 18:12:24,163 [INFO]  Saved checkpoint to "./imputer_model/5_spam/imputer_model_word_freq_receive/model-0003.params"
2024-03-24 18:12:24,178 [INFO]  Epoch[3] Validation-cross-entropy=0.471862
2024-03-24 18:12:24,178 [INFO]  Epoch[3] Validation-word_freq_receive-accuracy=0.000000
2024-03-24 18:12:24,324 [INFO]  Epoch[4] Batch [0-104]	Speed: 11548.21 samples/sec	cross-entropy=0.226075	word_freq_receive-accuracy=3.238095
2024-03-24 18:12:24,471 [INFO]  Epoch[4] Train-cross-entropy=0.155108
2024-03-24 18:12:24,471 [INFO]  Epoch[4] Train-word_freq_receive-accuracy=3.147059
2024-03-24 18:12:24,471 [INFO]  Epoch[4] Time cost=0.293
2024-03-24 18:12:24,474 [INFO]  Saved checkpoint to "./imputer_model/5_spam/imputer_model_word_freq_receive/model-0004.params"
2024-03-24 18:12:24,485 [INFO]  Epoch[4] Validation-cross-entropy=0.441385
2024-03-24 18:12:24,485 [INFO]  Epoch[4] Validation-word_freq_receive-accuracy=0.000000
2024-03-24 18:12:24,486 [INFO]  
========== done (1.3906385898590088 s) fit model
