2024-03-24 17:43:08,425 [INFO]  
========== start: fit model
2024-03-24 17:43:08,425 [WARNING]  Already bound, ignoring bind()
2024-03-24 17:43:08,514 [INFO]  Epoch[0] Batch [0-104]	Speed: 19517.34 samples/sec	cross-entropy=0.893091	word_freq_data-accuracy=0.000000
2024-03-24 17:43:08,625 [INFO]  Epoch[0] Train-cross-entropy=0.747054
2024-03-24 17:43:08,625 [INFO]  Epoch[0] Train-word_freq_data-accuracy=0.000000
2024-03-24 17:43:08,625 [INFO]  Epoch[0] Time cost=0.199
2024-03-24 17:43:08,627 [INFO]  Saved checkpoint to "./imputer_model/5_spam/imputer_model_word_freq_data/model-0000.params"
2024-03-24 17:43:08,637 [INFO]  Epoch[0] Validation-cross-entropy=0.923641
2024-03-24 17:43:08,637 [INFO]  Epoch[0] Validation-word_freq_data-accuracy=0.000000
2024-03-24 17:43:08,785 [INFO]  Epoch[1] Batch [0-104]	Speed: 11344.03 samples/sec	cross-entropy=0.587573	word_freq_data-accuracy=0.000000
2024-03-24 17:43:08,895 [INFO]  Epoch[1] Train-cross-entropy=0.268836
2024-03-24 17:43:08,895 [INFO]  Epoch[1] Train-word_freq_data-accuracy=0.000000
2024-03-24 17:43:08,895 [INFO]  Epoch[1] Time cost=0.259
2024-03-24 17:43:08,897 [INFO]  Saved checkpoint to "./imputer_model/5_spam/imputer_model_word_freq_data/model-0001.params"
2024-03-24 17:43:08,907 [INFO]  Epoch[1] Validation-cross-entropy=0.586249
2024-03-24 17:43:08,907 [INFO]  Epoch[1] Validation-word_freq_data-accuracy=0.000000
2024-03-24 17:43:09,021 [INFO]  Epoch[2] Batch [0-104]	Speed: 14733.23 samples/sec	cross-entropy=0.720163	word_freq_data-accuracy=0.000000
2024-03-24 17:43:09,172 [INFO]  Epoch[2] Train-cross-entropy=0.144636
2024-03-24 17:43:09,173 [INFO]  Epoch[2] Train-word_freq_data-accuracy=0.000000
2024-03-24 17:43:09,173 [INFO]  Epoch[2] Time cost=0.266
2024-03-24 17:43:09,174 [INFO]  Saved checkpoint to "./imputer_model/5_spam/imputer_model_word_freq_data/model-0002.params"
2024-03-24 17:43:09,184 [INFO]  Epoch[2] Validation-cross-entropy=0.210451
2024-03-24 17:43:09,184 [INFO]  Epoch[2] Validation-word_freq_data-accuracy=0.000000
2024-03-24 17:43:09,298 [INFO]  Epoch[3] Batch [0-104]	Speed: 14856.83 samples/sec	cross-entropy=0.395586	word_freq_data-accuracy=0.000000
2024-03-24 17:43:09,410 [INFO]  Epoch[3] Train-cross-entropy=0.309850
2024-03-24 17:43:09,410 [INFO]  Epoch[3] Train-word_freq_data-accuracy=0.000000
2024-03-24 17:43:09,410 [INFO]  Epoch[3] Time cost=0.226
2024-03-24 17:43:09,413 [INFO]  Saved checkpoint to "./imputer_model/5_spam/imputer_model_word_freq_data/model-0003.params"
2024-03-24 17:43:09,424 [INFO]  Epoch[3] Validation-cross-entropy=0.405827
2024-03-24 17:43:09,424 [INFO]  Epoch[3] Validation-word_freq_data-accuracy=0.000000
2024-03-24 17:43:09,538 [INFO]  Epoch[4] Batch [0-104]	Speed: 14739.02 samples/sec	cross-entropy=0.701086	word_freq_data-accuracy=0.000000
2024-03-24 17:43:09,655 [INFO]  Epoch[4] Train-cross-entropy=0.242032
2024-03-24 17:43:09,655 [INFO]  Epoch[4] Train-word_freq_data-accuracy=0.000000
2024-03-24 17:43:09,655 [INFO]  Epoch[4] Time cost=0.231
2024-03-24 17:43:09,657 [INFO]  Saved checkpoint to "./imputer_model/5_spam/imputer_model_word_freq_data/model-0004.params"
2024-03-24 17:43:09,668 [INFO]  Epoch[4] Validation-cross-entropy=0.610197
2024-03-24 17:43:09,668 [INFO]  Epoch[4] Validation-word_freq_data-accuracy=0.000000
2024-03-24 17:43:09,668 [INFO]  
========== done (1.2434899806976318 s) fit model
2024-03-24 17:44:51,775 [INFO]  
========== start: fit model
2024-03-24 17:44:51,775 [WARNING]  Already bound, ignoring bind()
2024-03-24 17:44:51,948 [INFO]  Epoch[0] Batch [0-104]	Speed: 9961.82 samples/sec	cross-entropy=4.006405	word_freq_data-accuracy=3.228571
2024-03-24 17:44:52,018 [INFO]  Epoch[0] Train-cross-entropy=0.356604
2024-03-24 17:44:52,018 [INFO]  Epoch[0] Train-word_freq_data-accuracy=3.333333
2024-03-24 17:44:52,018 [INFO]  Epoch[0] Time cost=0.242
2024-03-24 17:44:52,021 [INFO]  Saved checkpoint to "./imputer_model/5_spam/imputer_model_word_freq_data/model-0000.params"
2024-03-24 17:44:52,028 [INFO]  Epoch[0] Validation-cross-entropy=0.216849
2024-03-24 17:44:52,028 [INFO]  Epoch[0] Validation-word_freq_data-accuracy=0.000000
2024-03-24 17:44:52,145 [INFO]  Epoch[1] Batch [0-104]	Speed: 14382.82 samples/sec	cross-entropy=0.539160	word_freq_data-accuracy=3.228571
2024-03-24 17:44:52,281 [INFO]  Epoch[1] Train-cross-entropy=1.045777
2024-03-24 17:44:52,282 [INFO]  Epoch[1] Train-word_freq_data-accuracy=3.333333
2024-03-24 17:44:52,282 [INFO]  Epoch[1] Time cost=0.253
2024-03-24 17:44:52,284 [INFO]  Saved checkpoint to "./imputer_model/5_spam/imputer_model_word_freq_data/model-0001.params"
2024-03-24 17:44:52,292 [INFO]  Epoch[1] Validation-cross-entropy=0.259209
2024-03-24 17:44:52,292 [INFO]  Epoch[1] Validation-word_freq_data-accuracy=0.000000
2024-03-24 17:44:52,382 [INFO]  Epoch[2] Batch [0-104]	Speed: 18655.85 samples/sec	cross-entropy=0.330632	word_freq_data-accuracy=3.228571
2024-03-24 17:44:52,499 [INFO]  Epoch[2] Train-cross-entropy=0.079575
2024-03-24 17:44:52,499 [INFO]  Epoch[2] Train-word_freq_data-accuracy=3.333333
2024-03-24 17:44:52,499 [INFO]  Epoch[2] Time cost=0.207
2024-03-24 17:44:52,502 [INFO]  Saved checkpoint to "./imputer_model/5_spam/imputer_model_word_freq_data/model-0002.params"
2024-03-24 17:44:52,511 [INFO]  Epoch[2] Validation-cross-entropy=0.085332
2024-03-24 17:44:52,511 [INFO]  Epoch[2] Validation-word_freq_data-accuracy=0.000000
2024-03-24 17:44:52,627 [INFO]  Epoch[3] Batch [0-104]	Speed: 14553.78 samples/sec	cross-entropy=0.097983	word_freq_data-accuracy=3.228571
2024-03-24 17:44:52,740 [INFO]  Epoch[3] Train-cross-entropy=0.076179
2024-03-24 17:44:52,740 [INFO]  Epoch[3] Train-word_freq_data-accuracy=3.333333
2024-03-24 17:44:52,740 [INFO]  Epoch[3] Time cost=0.228
2024-03-24 17:44:52,742 [INFO]  Saved checkpoint to "./imputer_model/5_spam/imputer_model_word_freq_data/model-0003.params"
2024-03-24 17:44:52,752 [INFO]  Epoch[3] Validation-cross-entropy=0.035697
2024-03-24 17:44:52,752 [INFO]  Epoch[3] Validation-word_freq_data-accuracy=0.000000
2024-03-24 17:44:52,868 [INFO]  Epoch[4] Batch [0-104]	Speed: 14563.62 samples/sec	cross-entropy=0.153228	word_freq_data-accuracy=3.228571
2024-03-24 17:44:52,969 [INFO]  Epoch[4] Train-cross-entropy=0.482937
2024-03-24 17:44:52,969 [INFO]  Epoch[4] Train-word_freq_data-accuracy=3.333333
2024-03-24 17:44:52,969 [INFO]  Epoch[4] Time cost=0.217
2024-03-24 17:44:52,971 [INFO]  Saved checkpoint to "./imputer_model/5_spam/imputer_model_word_freq_data/model-0004.params"
2024-03-24 17:44:52,980 [INFO]  Epoch[4] Validation-cross-entropy=0.093723
2024-03-24 17:44:52,980 [INFO]  Epoch[4] Validation-word_freq_data-accuracy=0.000000
2024-03-24 17:44:52,980 [INFO]  
========== done (1.205533504486084 s) fit model
2024-03-24 17:46:42,279 [INFO]  
========== start: fit model
2024-03-24 17:46:42,279 [WARNING]  Already bound, ignoring bind()
2024-03-24 17:46:42,418 [INFO]  Epoch[0] Batch [0-104]	Speed: 12536.44 samples/sec	cross-entropy=3.623165	word_freq_data-accuracy=0.000000
2024-03-24 17:46:42,540 [INFO]  Epoch[0] Train-cross-entropy=0.552096
2024-03-24 17:46:42,540 [INFO]  Epoch[0] Train-word_freq_data-accuracy=0.000000
2024-03-24 17:46:42,540 [INFO]  Epoch[0] Time cost=0.260
2024-03-24 17:46:42,542 [INFO]  Saved checkpoint to "./imputer_model/5_spam/imputer_model_word_freq_data/model-0000.params"
2024-03-24 17:46:42,552 [INFO]  Epoch[0] Validation-cross-entropy=2.351298
2024-03-24 17:46:42,552 [INFO]  Epoch[0] Validation-word_freq_data-accuracy=0.000000
2024-03-24 17:46:42,679 [INFO]  Epoch[1] Batch [0-104]	Speed: 13255.64 samples/sec	cross-entropy=0.673176	word_freq_data-accuracy=0.000000
2024-03-24 17:46:42,791 [INFO]  Epoch[1] Train-cross-entropy=1.040142
2024-03-24 17:46:42,791 [INFO]  Epoch[1] Train-word_freq_data-accuracy=0.000000
2024-03-24 17:46:42,791 [INFO]  Epoch[1] Time cost=0.239
2024-03-24 17:46:42,794 [INFO]  Saved checkpoint to "./imputer_model/5_spam/imputer_model_word_freq_data/model-0001.params"
2024-03-24 17:46:42,805 [INFO]  Epoch[1] Validation-cross-entropy=1.499542
2024-03-24 17:46:42,805 [INFO]  Epoch[1] Validation-word_freq_data-accuracy=0.000000
2024-03-24 17:46:42,920 [INFO]  Epoch[2] Batch [0-104]	Speed: 14607.08 samples/sec	cross-entropy=0.329234	word_freq_data-accuracy=0.000000
2024-03-24 17:46:43,033 [INFO]  Epoch[2] Train-cross-entropy=0.194045
2024-03-24 17:46:43,033 [INFO]  Epoch[2] Train-word_freq_data-accuracy=0.000000
2024-03-24 17:46:43,033 [INFO]  Epoch[2] Time cost=0.228
2024-03-24 17:46:43,036 [INFO]  Saved checkpoint to "./imputer_model/5_spam/imputer_model_word_freq_data/model-0002.params"
2024-03-24 17:46:43,047 [INFO]  Epoch[2] Validation-cross-entropy=0.246619
2024-03-24 17:46:43,047 [INFO]  Epoch[2] Validation-word_freq_data-accuracy=0.000000
2024-03-24 17:46:43,163 [INFO]  Epoch[3] Batch [0-104]	Speed: 14459.67 samples/sec	cross-entropy=0.193432	word_freq_data-accuracy=0.000000
2024-03-24 17:46:43,277 [INFO]  Epoch[3] Train-cross-entropy=0.224142
2024-03-24 17:46:43,277 [INFO]  Epoch[3] Train-word_freq_data-accuracy=0.000000
2024-03-24 17:46:43,277 [INFO]  Epoch[3] Time cost=0.230
2024-03-24 17:46:43,279 [INFO]  Saved checkpoint to "./imputer_model/5_spam/imputer_model_word_freq_data/model-0003.params"
2024-03-24 17:46:43,290 [INFO]  Epoch[3] Validation-cross-entropy=0.097928
2024-03-24 17:46:43,290 [INFO]  Epoch[3] Validation-word_freq_data-accuracy=0.000000
2024-03-24 17:46:43,406 [INFO]  Epoch[4] Batch [0-104]	Speed: 14559.00 samples/sec	cross-entropy=0.292916	word_freq_data-accuracy=0.000000
2024-03-24 17:46:43,518 [INFO]  Epoch[4] Train-cross-entropy=0.409930
2024-03-24 17:46:43,518 [INFO]  Epoch[4] Train-word_freq_data-accuracy=0.000000
2024-03-24 17:46:43,518 [INFO]  Epoch[4] Time cost=0.228
2024-03-24 17:46:43,521 [INFO]  Saved checkpoint to "./imputer_model/5_spam/imputer_model_word_freq_data/model-0004.params"
2024-03-24 17:46:43,532 [INFO]  Epoch[4] Validation-cross-entropy=0.163327
2024-03-24 17:46:43,532 [INFO]  Epoch[4] Validation-word_freq_data-accuracy=0.000000
2024-03-24 17:46:43,532 [INFO]  
========== done (1.2534303665161133 s) fit model
2024-03-24 17:48:28,745 [INFO]  
========== start: fit model
2024-03-24 17:48:28,746 [WARNING]  Already bound, ignoring bind()
2024-03-24 17:48:28,907 [INFO]  Epoch[0] Batch [0-104]	Speed: 11499.56 samples/sec	cross-entropy=2.327872	word_freq_data-accuracy=0.000000
2024-03-24 17:48:29,023 [INFO]  Epoch[0] Train-cross-entropy=0.923101
2024-03-24 17:48:29,023 [INFO]  Epoch[0] Train-word_freq_data-accuracy=0.000000
2024-03-24 17:48:29,023 [INFO]  Epoch[0] Time cost=0.277
2024-03-24 17:48:29,025 [INFO]  Saved checkpoint to "./imputer_model/5_spam/imputer_model_word_freq_data/model-0000.params"
2024-03-24 17:48:29,035 [INFO]  Epoch[0] Validation-cross-entropy=0.283038
2024-03-24 17:48:29,035 [INFO]  Epoch[0] Validation-word_freq_data-accuracy=0.000000
2024-03-24 17:48:29,156 [INFO]  Epoch[1] Batch [0-104]	Speed: 13883.78 samples/sec	cross-entropy=0.434052	word_freq_data-accuracy=0.000000
2024-03-24 17:48:29,271 [INFO]  Epoch[1] Train-cross-entropy=0.949061
2024-03-24 17:48:29,271 [INFO]  Epoch[1] Train-word_freq_data-accuracy=0.000000
2024-03-24 17:48:29,271 [INFO]  Epoch[1] Time cost=0.236
2024-03-24 17:48:29,273 [INFO]  Saved checkpoint to "./imputer_model/5_spam/imputer_model_word_freq_data/model-0001.params"
2024-03-24 17:48:29,283 [INFO]  Epoch[1] Validation-cross-entropy=0.240284
2024-03-24 17:48:29,284 [INFO]  Epoch[1] Validation-word_freq_data-accuracy=0.000000
2024-03-24 17:48:29,402 [INFO]  Epoch[2] Batch [0-104]	Speed: 14172.97 samples/sec	cross-entropy=0.558060	word_freq_data-accuracy=0.000000
2024-03-24 17:48:29,518 [INFO]  Epoch[2] Train-cross-entropy=0.344461
2024-03-24 17:48:29,518 [INFO]  Epoch[2] Train-word_freq_data-accuracy=0.000000
2024-03-24 17:48:29,518 [INFO]  Epoch[2] Time cost=0.234
2024-03-24 17:48:29,521 [INFO]  Saved checkpoint to "./imputer_model/5_spam/imputer_model_word_freq_data/model-0002.params"
2024-03-24 17:48:29,531 [INFO]  Epoch[2] Validation-cross-entropy=0.288762
2024-03-24 17:48:29,531 [INFO]  Epoch[2] Validation-word_freq_data-accuracy=0.000000
2024-03-24 17:48:29,649 [INFO]  Epoch[3] Batch [0-104]	Speed: 14281.61 samples/sec	cross-entropy=0.172460	word_freq_data-accuracy=0.000000
2024-03-24 17:48:29,737 [INFO]  Epoch[3] Train-cross-entropy=0.106228
2024-03-24 17:48:29,738 [INFO]  Epoch[3] Train-word_freq_data-accuracy=0.000000
2024-03-24 17:48:29,738 [INFO]  Epoch[3] Time cost=0.206
2024-03-24 17:48:29,739 [INFO]  Saved checkpoint to "./imputer_model/5_spam/imputer_model_word_freq_data/model-0003.params"
2024-03-24 17:48:29,744 [INFO]  Epoch[3] Validation-cross-entropy=0.095609
2024-03-24 17:48:29,745 [INFO]  Epoch[3] Validation-word_freq_data-accuracy=0.000000
2024-03-24 17:48:29,825 [INFO]  Epoch[4] Batch [0-104]	Speed: 20867.68 samples/sec	cross-entropy=0.103568	word_freq_data-accuracy=0.000000
2024-03-24 17:48:29,944 [INFO]  Epoch[4] Train-cross-entropy=0.076590
2024-03-24 17:48:29,944 [INFO]  Epoch[4] Train-word_freq_data-accuracy=0.000000
2024-03-24 17:48:29,945 [INFO]  Epoch[4] Time cost=0.200
2024-03-24 17:48:29,947 [INFO]  Saved checkpoint to "./imputer_model/5_spam/imputer_model_word_freq_data/model-0004.params"
2024-03-24 17:48:29,958 [INFO]  Epoch[4] Validation-cross-entropy=0.079875
2024-03-24 17:48:29,958 [INFO]  Epoch[4] Validation-word_freq_data-accuracy=0.000000
2024-03-24 17:48:29,958 [INFO]  
========== done (1.2128183841705322 s) fit model
2024-03-24 17:50:17,732 [INFO]  
========== start: fit model
2024-03-24 17:50:17,733 [WARNING]  Already bound, ignoring bind()
2024-03-24 17:50:17,888 [INFO]  Epoch[0] Batch [0-104]	Speed: 11481.32 samples/sec	cross-entropy=2.041462	word_freq_data-accuracy=3.180952
2024-03-24 17:50:18,004 [INFO]  Epoch[0] Train-cross-entropy=0.306863
2024-03-24 17:50:18,004 [INFO]  Epoch[0] Train-word_freq_data-accuracy=3.421569
2024-03-24 17:50:18,004 [INFO]  Epoch[0] Time cost=0.270
2024-03-24 17:50:18,006 [INFO]  Saved checkpoint to "./imputer_model/5_spam/imputer_model_word_freq_data/model-0000.params"
2024-03-24 17:50:18,016 [INFO]  Epoch[0] Validation-cross-entropy=0.262857
2024-03-24 17:50:18,016 [INFO]  Epoch[0] Validation-word_freq_data-accuracy=0.000000
2024-03-24 17:50:18,135 [INFO]  Epoch[1] Batch [0-104]	Speed: 14144.42 samples/sec	cross-entropy=0.753871	word_freq_data-accuracy=3.180952
2024-03-24 17:50:18,250 [INFO]  Epoch[1] Train-cross-entropy=0.554449
2024-03-24 17:50:18,250 [INFO]  Epoch[1] Train-word_freq_data-accuracy=3.421569
2024-03-24 17:50:18,250 [INFO]  Epoch[1] Time cost=0.234
2024-03-24 17:50:18,252 [INFO]  Saved checkpoint to "./imputer_model/5_spam/imputer_model_word_freq_data/model-0001.params"
2024-03-24 17:50:18,262 [INFO]  Epoch[1] Validation-cross-entropy=0.394921
2024-03-24 17:50:18,262 [INFO]  Epoch[1] Validation-word_freq_data-accuracy=0.000000
2024-03-24 17:50:18,381 [INFO]  Epoch[2] Batch [0-104]	Speed: 14126.49 samples/sec	cross-entropy=0.576519	word_freq_data-accuracy=3.180952
2024-03-24 17:50:18,498 [INFO]  Epoch[2] Train-cross-entropy=0.190775
2024-03-24 17:50:18,498 [INFO]  Epoch[2] Train-word_freq_data-accuracy=3.421569
2024-03-24 17:50:18,498 [INFO]  Epoch[2] Time cost=0.236
2024-03-24 17:50:18,501 [INFO]  Saved checkpoint to "./imputer_model/5_spam/imputer_model_word_freq_data/model-0002.params"
2024-03-24 17:50:18,511 [INFO]  Epoch[2] Validation-cross-entropy=0.326158
2024-03-24 17:50:18,511 [INFO]  Epoch[2] Validation-word_freq_data-accuracy=0.000000
2024-03-24 17:50:18,633 [INFO]  Epoch[3] Batch [0-104]	Speed: 13852.40 samples/sec	cross-entropy=0.161076	word_freq_data-accuracy=3.180952
2024-03-24 17:50:18,750 [INFO]  Epoch[3] Train-cross-entropy=0.054670
2024-03-24 17:50:18,751 [INFO]  Epoch[3] Train-word_freq_data-accuracy=3.421569
2024-03-24 17:50:18,751 [INFO]  Epoch[3] Time cost=0.239
2024-03-24 17:50:18,753 [INFO]  Saved checkpoint to "./imputer_model/5_spam/imputer_model_word_freq_data/model-0003.params"
2024-03-24 17:50:18,763 [INFO]  Epoch[3] Validation-cross-entropy=0.357599
2024-03-24 17:50:18,764 [INFO]  Epoch[3] Validation-word_freq_data-accuracy=0.000000
2024-03-24 17:50:18,882 [INFO]  Epoch[4] Batch [0-104]	Speed: 14208.23 samples/sec	cross-entropy=0.114815	word_freq_data-accuracy=3.180952
2024-03-24 17:50:18,997 [INFO]  Epoch[4] Train-cross-entropy=0.045032
2024-03-24 17:50:18,997 [INFO]  Epoch[4] Train-word_freq_data-accuracy=3.421569
2024-03-24 17:50:18,997 [INFO]  Epoch[4] Time cost=0.234
2024-03-24 17:50:19,000 [INFO]  Saved checkpoint to "./imputer_model/5_spam/imputer_model_word_freq_data/model-0004.params"
2024-03-24 17:50:19,010 [INFO]  Epoch[4] Validation-cross-entropy=0.193036
2024-03-24 17:50:19,010 [INFO]  Epoch[4] Validation-word_freq_data-accuracy=0.000000
2024-03-24 17:50:19,011 [INFO]  
========== done (1.278235912322998 s) fit model
2024-03-24 17:52:06,898 [INFO]  
========== start: fit model
2024-03-24 17:52:06,898 [WARNING]  Already bound, ignoring bind()
2024-03-24 17:52:07,021 [INFO]  Epoch[0] Batch [0-104]	Speed: 14116.18 samples/sec	cross-entropy=10.728406	word_freq_data-accuracy=0.000000
2024-03-24 17:52:07,135 [INFO]  Epoch[0] Train-cross-entropy=0.473107
2024-03-24 17:52:07,135 [INFO]  Epoch[0] Train-word_freq_data-accuracy=0.000000
2024-03-24 17:52:07,135 [INFO]  Epoch[0] Time cost=0.236
2024-03-24 17:52:07,138 [INFO]  Saved checkpoint to "./imputer_model/5_spam/imputer_model_word_freq_data/model-0000.params"
2024-03-24 17:52:07,147 [INFO]  Epoch[0] Validation-cross-entropy=0.155208
2024-03-24 17:52:07,147 [INFO]  Epoch[0] Validation-word_freq_data-accuracy=0.000000
2024-03-24 17:52:07,265 [INFO]  Epoch[1] Batch [0-104]	Speed: 14367.81 samples/sec	cross-entropy=0.761054	word_freq_data-accuracy=0.000000
2024-03-24 17:52:07,378 [INFO]  Epoch[1] Train-cross-entropy=0.080871
2024-03-24 17:52:07,378 [INFO]  Epoch[1] Train-word_freq_data-accuracy=0.000000
2024-03-24 17:52:07,378 [INFO]  Epoch[1] Time cost=0.231
2024-03-24 17:52:07,381 [INFO]  Saved checkpoint to "./imputer_model/5_spam/imputer_model_word_freq_data/model-0001.params"
2024-03-24 17:52:07,390 [INFO]  Epoch[1] Validation-cross-entropy=0.033327
2024-03-24 17:52:07,390 [INFO]  Epoch[1] Validation-word_freq_data-accuracy=0.000000
2024-03-24 17:52:07,506 [INFO]  Epoch[2] Batch [0-104]	Speed: 14488.01 samples/sec	cross-entropy=0.194909	word_freq_data-accuracy=0.000000
2024-03-24 17:52:07,620 [INFO]  Epoch[2] Train-cross-entropy=0.171680
2024-03-24 17:52:07,620 [INFO]  Epoch[2] Train-word_freq_data-accuracy=0.000000
2024-03-24 17:52:07,620 [INFO]  Epoch[2] Time cost=0.230
2024-03-24 17:52:07,622 [INFO]  Saved checkpoint to "./imputer_model/5_spam/imputer_model_word_freq_data/model-0002.params"
2024-03-24 17:52:07,631 [INFO]  Epoch[2] Validation-cross-entropy=0.074707
2024-03-24 17:52:07,632 [INFO]  Epoch[2] Validation-word_freq_data-accuracy=0.000000
2024-03-24 17:52:07,750 [INFO]  Epoch[3] Batch [0-104]	Speed: 14197.36 samples/sec	cross-entropy=1.416486	word_freq_data-accuracy=0.000000
2024-03-24 17:52:07,887 [INFO]  Epoch[3] Train-cross-entropy=1.510163
2024-03-24 17:52:07,888 [INFO]  Epoch[3] Train-word_freq_data-accuracy=0.000000
2024-03-24 17:52:07,888 [INFO]  Epoch[3] Time cost=0.256
2024-03-24 17:52:07,890 [INFO]  Saved checkpoint to "./imputer_model/5_spam/imputer_model_word_freq_data/model-0003.params"
2024-03-24 17:52:07,901 [INFO]  Epoch[3] Validation-cross-entropy=0.295820
2024-03-24 17:52:07,901 [INFO]  Epoch[3] Validation-word_freq_data-accuracy=0.000000
2024-03-24 17:52:08,018 [INFO]  Epoch[4] Batch [0-104]	Speed: 14438.82 samples/sec	cross-entropy=0.517750	word_freq_data-accuracy=0.000000
2024-03-24 17:52:08,130 [INFO]  Epoch[4] Train-cross-entropy=0.165530
2024-03-24 17:52:08,131 [INFO]  Epoch[4] Train-word_freq_data-accuracy=0.000000
2024-03-24 17:52:08,131 [INFO]  Epoch[4] Time cost=0.229
2024-03-24 17:52:08,133 [INFO]  Saved checkpoint to "./imputer_model/5_spam/imputer_model_word_freq_data/model-0004.params"
2024-03-24 17:52:08,143 [INFO]  Epoch[4] Validation-cross-entropy=0.021449
2024-03-24 17:52:08,144 [INFO]  Epoch[4] Validation-word_freq_data-accuracy=0.000000
2024-03-24 17:52:08,144 [INFO]  
========== done (1.2459909915924072 s) fit model
2024-03-24 17:53:52,751 [INFO]  
========== start: fit model
2024-03-24 17:53:52,751 [WARNING]  Already bound, ignoring bind()
2024-03-24 17:53:52,871 [INFO]  Epoch[0] Batch [0-104]	Speed: 14190.75 samples/sec	cross-entropy=1.018996	word_freq_data-accuracy=3.219048
2024-03-24 17:53:52,985 [INFO]  Epoch[0] Train-cross-entropy=2.851475
2024-03-24 17:53:52,985 [INFO]  Epoch[0] Train-word_freq_data-accuracy=3.431373
2024-03-24 17:53:52,985 [INFO]  Epoch[0] Time cost=0.233
2024-03-24 17:53:52,987 [INFO]  Saved checkpoint to "./imputer_model/5_spam/imputer_model_word_freq_data/model-0000.params"
2024-03-24 17:53:52,997 [INFO]  Epoch[0] Validation-cross-entropy=0.310010
2024-03-24 17:53:52,998 [INFO]  Epoch[0] Validation-word_freq_data-accuracy=0.000000
2024-03-24 17:53:53,116 [INFO]  Epoch[1] Batch [0-104]	Speed: 14171.27 samples/sec	cross-entropy=0.204105	word_freq_data-accuracy=3.219048
2024-03-24 17:53:53,230 [INFO]  Epoch[1] Train-cross-entropy=0.236459
2024-03-24 17:53:53,230 [INFO]  Epoch[1] Train-word_freq_data-accuracy=3.431373
2024-03-24 17:53:53,230 [INFO]  Epoch[1] Time cost=0.232
2024-03-24 17:53:53,232 [INFO]  Saved checkpoint to "./imputer_model/5_spam/imputer_model_word_freq_data/model-0001.params"
2024-03-24 17:53:53,243 [INFO]  Epoch[1] Validation-cross-entropy=1.083257
2024-03-24 17:53:53,244 [INFO]  Epoch[1] Validation-word_freq_data-accuracy=0.000000
2024-03-24 17:53:53,361 [INFO]  Epoch[2] Batch [0-104]	Speed: 14308.54 samples/sec	cross-entropy=0.116359	word_freq_data-accuracy=3.219048
2024-03-24 17:53:53,475 [INFO]  Epoch[2] Train-cross-entropy=0.067079
2024-03-24 17:53:53,475 [INFO]  Epoch[2] Train-word_freq_data-accuracy=3.431373
2024-03-24 17:53:53,475 [INFO]  Epoch[2] Time cost=0.232
2024-03-24 17:53:53,478 [INFO]  Saved checkpoint to "./imputer_model/5_spam/imputer_model_word_freq_data/model-0002.params"
2024-03-24 17:53:53,489 [INFO]  Epoch[2] Validation-cross-entropy=0.324412
2024-03-24 17:53:53,489 [INFO]  Epoch[2] Validation-word_freq_data-accuracy=0.000000
2024-03-24 17:53:53,608 [INFO]  Epoch[3] Batch [0-104]	Speed: 14175.67 samples/sec	cross-entropy=0.081713	word_freq_data-accuracy=3.219048
2024-03-24 17:53:53,722 [INFO]  Epoch[3] Train-cross-entropy=0.239578
2024-03-24 17:53:53,722 [INFO]  Epoch[3] Train-word_freq_data-accuracy=3.431373
2024-03-24 17:53:53,722 [INFO]  Epoch[3] Time cost=0.233
2024-03-24 17:53:53,725 [INFO]  Saved checkpoint to "./imputer_model/5_spam/imputer_model_word_freq_data/model-0003.params"
2024-03-24 17:53:53,735 [INFO]  Epoch[3] Validation-cross-entropy=1.223552
2024-03-24 17:53:53,735 [INFO]  Epoch[3] Validation-word_freq_data-accuracy=0.000000
2024-03-24 17:53:53,852 [INFO]  Epoch[4] Batch [0-104]	Speed: 14390.83 samples/sec	cross-entropy=0.112720	word_freq_data-accuracy=3.219048
2024-03-24 17:53:53,974 [INFO]  Epoch[4] Train-cross-entropy=0.135380
2024-03-24 17:53:53,975 [INFO]  Epoch[4] Train-word_freq_data-accuracy=3.431373
2024-03-24 17:53:53,975 [INFO]  Epoch[4] Time cost=0.239
2024-03-24 17:53:53,977 [INFO]  Saved checkpoint to "./imputer_model/5_spam/imputer_model_word_freq_data/model-0004.params"
2024-03-24 17:53:53,988 [INFO]  Epoch[4] Validation-cross-entropy=0.662125
2024-03-24 17:53:53,989 [INFO]  Epoch[4] Validation-word_freq_data-accuracy=0.000000
2024-03-24 17:53:53,989 [INFO]  
========== done (1.2381949424743652 s) fit model
2024-03-24 17:55:43,329 [INFO]  
========== start: fit model
2024-03-24 17:55:43,330 [WARNING]  Already bound, ignoring bind()
2024-03-24 17:55:43,449 [INFO]  Epoch[0] Batch [0-104]	Speed: 14339.88 samples/sec	cross-entropy=6.674442	word_freq_data-accuracy=3.495238
2024-03-24 17:55:43,562 [INFO]  Epoch[0] Train-cross-entropy=0.188011
2024-03-24 17:55:43,562 [INFO]  Epoch[0] Train-word_freq_data-accuracy=3.205882
2024-03-24 17:55:43,562 [INFO]  Epoch[0] Time cost=0.231
2024-03-24 17:55:43,564 [INFO]  Saved checkpoint to "./imputer_model/5_spam/imputer_model_word_freq_data/model-0000.params"
2024-03-24 17:55:43,574 [INFO]  Epoch[0] Validation-cross-entropy=1.456588
2024-03-24 17:55:43,574 [INFO]  Epoch[0] Validation-word_freq_data-accuracy=0.000000
2024-03-24 17:55:43,691 [INFO]  Epoch[1] Batch [0-104]	Speed: 14399.83 samples/sec	cross-entropy=0.757178	word_freq_data-accuracy=3.495238
2024-03-24 17:55:43,805 [INFO]  Epoch[1] Train-cross-entropy=0.125958
2024-03-24 17:55:43,805 [INFO]  Epoch[1] Train-word_freq_data-accuracy=3.205882
2024-03-24 17:55:43,805 [INFO]  Epoch[1] Time cost=0.231
2024-03-24 17:55:43,807 [INFO]  Saved checkpoint to "./imputer_model/5_spam/imputer_model_word_freq_data/model-0001.params"
2024-03-24 17:55:43,817 [INFO]  Epoch[1] Validation-cross-entropy=0.078897
2024-03-24 17:55:43,817 [INFO]  Epoch[1] Validation-word_freq_data-accuracy=0.000000
2024-03-24 17:55:43,923 [INFO]  Epoch[2] Batch [0-104]	Speed: 15924.02 samples/sec	cross-entropy=0.070632	word_freq_data-accuracy=3.495238
2024-03-24 17:55:44,003 [INFO]  Epoch[2] Train-cross-entropy=0.048130
2024-03-24 17:55:44,003 [INFO]  Epoch[2] Train-word_freq_data-accuracy=3.205882
2024-03-24 17:55:44,003 [INFO]  Epoch[2] Time cost=0.186
2024-03-24 17:55:44,005 [INFO]  Saved checkpoint to "./imputer_model/5_spam/imputer_model_word_freq_data/model-0002.params"
2024-03-24 17:55:44,015 [INFO]  Epoch[2] Validation-cross-entropy=4.979542
2024-03-24 17:55:44,015 [INFO]  Epoch[2] Validation-word_freq_data-accuracy=0.000000
2024-03-24 17:55:44,132 [INFO]  Epoch[3] Batch [0-104]	Speed: 14341.83 samples/sec	cross-entropy=1.516115	word_freq_data-accuracy=3.495238
2024-03-24 17:55:44,246 [INFO]  Epoch[3] Train-cross-entropy=0.230003
2024-03-24 17:55:44,246 [INFO]  Epoch[3] Train-word_freq_data-accuracy=3.205882
2024-03-24 17:55:44,246 [INFO]  Epoch[3] Time cost=0.231
2024-03-24 17:55:44,248 [INFO]  Saved checkpoint to "./imputer_model/5_spam/imputer_model_word_freq_data/model-0003.params"
2024-03-24 17:55:44,258 [INFO]  Epoch[3] Validation-cross-entropy=8.378719
2024-03-24 17:55:44,259 [INFO]  Epoch[3] Validation-word_freq_data-accuracy=0.000000
2024-03-24 17:55:44,377 [INFO]  Epoch[4] Batch [0-104]	Speed: 14208.98 samples/sec	cross-entropy=0.871928	word_freq_data-accuracy=3.495238
2024-03-24 17:55:44,491 [INFO]  Epoch[4] Train-cross-entropy=0.036723
2024-03-24 17:55:44,491 [INFO]  Epoch[4] Train-word_freq_data-accuracy=3.205882
2024-03-24 17:55:44,491 [INFO]  Epoch[4] Time cost=0.233
2024-03-24 17:55:44,494 [INFO]  Saved checkpoint to "./imputer_model/5_spam/imputer_model_word_freq_data/model-0004.params"
2024-03-24 17:55:44,504 [INFO]  Epoch[4] Validation-cross-entropy=1.249760
2024-03-24 17:55:44,504 [INFO]  Epoch[4] Validation-word_freq_data-accuracy=0.000000
2024-03-24 17:55:44,504 [INFO]  
========== done (1.1748838424682617 s) fit model
2024-03-24 17:57:33,811 [INFO]  
========== start: fit model
2024-03-24 17:57:33,811 [WARNING]  Already bound, ignoring bind()
2024-03-24 17:57:34,011 [INFO]  Epoch[0] Batch [0-104]	Speed: 8774.93 samples/sec	cross-entropy=1.826297	word_freq_data-accuracy=0.000000
2024-03-24 17:57:34,127 [INFO]  Epoch[0] Train-cross-entropy=0.858751
2024-03-24 17:57:34,127 [INFO]  Epoch[0] Train-word_freq_data-accuracy=0.000000
2024-03-24 17:57:34,127 [INFO]  Epoch[0] Time cost=0.315
2024-03-24 17:57:34,129 [INFO]  Saved checkpoint to "./imputer_model/5_spam/imputer_model_word_freq_data/model-0000.params"
2024-03-24 17:57:34,139 [INFO]  Epoch[0] Validation-cross-entropy=0.603342
2024-03-24 17:57:34,139 [INFO]  Epoch[0] Validation-word_freq_data-accuracy=0.000000
2024-03-24 17:57:34,259 [INFO]  Epoch[1] Batch [0-104]	Speed: 14083.71 samples/sec	cross-entropy=0.720960	word_freq_data-accuracy=0.000000
2024-03-24 17:57:34,489 [INFO]  Epoch[1] Train-cross-entropy=0.717822
2024-03-24 17:57:34,489 [INFO]  Epoch[1] Train-word_freq_data-accuracy=0.000000
2024-03-24 17:57:34,489 [INFO]  Epoch[1] Time cost=0.350
2024-03-24 17:57:34,491 [INFO]  Saved checkpoint to "./imputer_model/5_spam/imputer_model_word_freq_data/model-0001.params"
2024-03-24 17:57:34,503 [INFO]  Epoch[1] Validation-cross-entropy=0.595027
2024-03-24 17:57:34,504 [INFO]  Epoch[1] Validation-word_freq_data-accuracy=0.000000
2024-03-24 17:57:34,625 [INFO]  Epoch[2] Batch [0-104]	Speed: 13864.06 samples/sec	cross-entropy=0.149718	word_freq_data-accuracy=0.000000
2024-03-24 17:57:34,860 [INFO]  Epoch[2] Train-cross-entropy=0.260084
2024-03-24 17:57:34,860 [INFO]  Epoch[2] Train-word_freq_data-accuracy=0.000000
2024-03-24 17:57:34,861 [INFO]  Epoch[2] Time cost=0.357
2024-03-24 17:57:34,863 [INFO]  Saved checkpoint to "./imputer_model/5_spam/imputer_model_word_freq_data/model-0002.params"
2024-03-24 17:57:35,023 [INFO]  Epoch[2] Validation-cross-entropy=0.261372
2024-03-24 17:57:35,023 [INFO]  Epoch[2] Validation-word_freq_data-accuracy=0.000000
2024-03-24 17:57:35,139 [INFO]  Epoch[3] Batch [0-104]	Speed: 14569.18 samples/sec	cross-entropy=0.121499	word_freq_data-accuracy=0.000000
2024-03-24 17:57:35,221 [INFO]  Epoch[3] Train-cross-entropy=0.096841
2024-03-24 17:57:35,221 [INFO]  Epoch[3] Train-word_freq_data-accuracy=0.000000
2024-03-24 17:57:35,221 [INFO]  Epoch[3] Time cost=0.198
2024-03-24 17:57:35,223 [INFO]  Saved checkpoint to "./imputer_model/5_spam/imputer_model_word_freq_data/model-0003.params"
2024-03-24 17:57:35,233 [INFO]  Epoch[3] Validation-cross-entropy=0.057417
2024-03-24 17:57:35,233 [INFO]  Epoch[3] Validation-word_freq_data-accuracy=0.000000
2024-03-24 17:57:35,351 [INFO]  Epoch[4] Batch [0-104]	Speed: 14279.74 samples/sec	cross-entropy=0.257167	word_freq_data-accuracy=0.000000
2024-03-24 17:57:35,538 [INFO]  Epoch[4] Train-cross-entropy=0.930647
2024-03-24 17:57:35,538 [INFO]  Epoch[4] Train-word_freq_data-accuracy=0.000000
2024-03-24 17:57:35,538 [INFO]  Epoch[4] Time cost=0.305
2024-03-24 17:57:35,540 [INFO]  Saved checkpoint to "./imputer_model/5_spam/imputer_model_word_freq_data/model-0004.params"
2024-03-24 17:57:35,564 [INFO]  Epoch[4] Validation-cross-entropy=0.284438
2024-03-24 17:57:35,564 [INFO]  Epoch[4] Validation-word_freq_data-accuracy=0.000000
2024-03-24 17:57:35,564 [INFO]  
========== done (1.7529335021972656 s) fit model
2024-03-24 17:59:27,675 [INFO]  
========== start: fit model
2024-03-24 17:59:27,675 [WARNING]  Already bound, ignoring bind()
2024-03-24 17:59:27,809 [INFO]  Epoch[0] Batch [0-104]	Speed: 12933.32 samples/sec	cross-entropy=3.584862	word_freq_data-accuracy=3.323810
2024-03-24 17:59:27,924 [INFO]  Epoch[0] Train-cross-entropy=0.769525
2024-03-24 17:59:27,924 [INFO]  Epoch[0] Train-word_freq_data-accuracy=3.245098
2024-03-24 17:59:27,924 [INFO]  Epoch[0] Time cost=0.248
2024-03-24 17:59:27,926 [INFO]  Saved checkpoint to "./imputer_model/5_spam/imputer_model_word_freq_data/model-0000.params"
2024-03-24 17:59:27,936 [INFO]  Epoch[0] Validation-cross-entropy=0.079528
2024-03-24 17:59:27,937 [INFO]  Epoch[0] Validation-word_freq_data-accuracy=0.000000
2024-03-24 17:59:28,055 [INFO]  Epoch[1] Batch [0-104]	Speed: 14270.10 samples/sec	cross-entropy=1.183735	word_freq_data-accuracy=3.323810
2024-03-24 17:59:28,172 [INFO]  Epoch[1] Train-cross-entropy=0.236683
2024-03-24 17:59:28,172 [INFO]  Epoch[1] Train-word_freq_data-accuracy=3.245098
2024-03-24 17:59:28,172 [INFO]  Epoch[1] Time cost=0.235
2024-03-24 17:59:28,173 [INFO]  Saved checkpoint to "./imputer_model/5_spam/imputer_model_word_freq_data/model-0001.params"
2024-03-24 17:59:28,184 [INFO]  Epoch[1] Validation-cross-entropy=0.080651
2024-03-24 17:59:28,184 [INFO]  Epoch[1] Validation-word_freq_data-accuracy=0.000000
2024-03-24 17:59:28,304 [INFO]  Epoch[2] Batch [0-104]	Speed: 14010.45 samples/sec	cross-entropy=0.915706	word_freq_data-accuracy=3.323810
2024-03-24 17:59:28,420 [INFO]  Epoch[2] Train-cross-entropy=0.132515
2024-03-24 17:59:28,420 [INFO]  Epoch[2] Train-word_freq_data-accuracy=3.245098
2024-03-24 17:59:28,420 [INFO]  Epoch[2] Time cost=0.236
2024-03-24 17:59:28,422 [INFO]  Saved checkpoint to "./imputer_model/5_spam/imputer_model_word_freq_data/model-0002.params"
2024-03-24 17:59:28,433 [INFO]  Epoch[2] Validation-cross-entropy=0.063599
2024-03-24 17:59:28,433 [INFO]  Epoch[2] Validation-word_freq_data-accuracy=0.000000
2024-03-24 17:59:28,552 [INFO]  Epoch[3] Batch [0-104]	Speed: 14181.66 samples/sec	cross-entropy=0.741141	word_freq_data-accuracy=3.323810
2024-03-24 17:59:28,666 [INFO]  Epoch[3] Train-cross-entropy=0.115043
2024-03-24 17:59:28,666 [INFO]  Epoch[3] Train-word_freq_data-accuracy=3.245098
2024-03-24 17:59:28,666 [INFO]  Epoch[3] Time cost=0.233
2024-03-24 17:59:28,668 [INFO]  Saved checkpoint to "./imputer_model/5_spam/imputer_model_word_freq_data/model-0003.params"
2024-03-24 17:59:28,681 [INFO]  Epoch[3] Validation-cross-entropy=0.054758
2024-03-24 17:59:28,682 [INFO]  Epoch[3] Validation-word_freq_data-accuracy=0.000000
2024-03-24 17:59:28,799 [INFO]  Epoch[4] Batch [0-104]	Speed: 14324.08 samples/sec	cross-entropy=0.566427	word_freq_data-accuracy=3.323810
2024-03-24 17:59:29,091 [INFO]  Epoch[4] Train-cross-entropy=0.132953
2024-03-24 17:59:29,092 [INFO]  Epoch[4] Train-word_freq_data-accuracy=3.245098
2024-03-24 17:59:29,092 [INFO]  Epoch[4] Time cost=0.410
2024-03-24 17:59:29,095 [INFO]  Saved checkpoint to "./imputer_model/5_spam/imputer_model_word_freq_data/model-0004.params"
2024-03-24 17:59:29,104 [INFO]  Epoch[4] Validation-cross-entropy=0.048021
2024-03-24 17:59:29,104 [INFO]  Epoch[4] Validation-word_freq_data-accuracy=0.000000
2024-03-24 17:59:29,105 [INFO]  
========== done (1.4295599460601807 s) fit model
2024-03-24 18:01:18,302 [INFO]  
========== start: fit model
2024-03-24 18:01:18,302 [WARNING]  Already bound, ignoring bind()
2024-03-24 18:01:18,424 [INFO]  Epoch[0] Batch [0-104]	Speed: 14031.92 samples/sec	cross-entropy=3.076667	word_freq_data-accuracy=0.000000
2024-03-24 18:01:18,539 [INFO]  Epoch[0] Train-cross-entropy=0.413586
2024-03-24 18:01:18,539 [INFO]  Epoch[0] Train-word_freq_data-accuracy=0.000000
2024-03-24 18:01:18,539 [INFO]  Epoch[0] Time cost=0.236
2024-03-24 18:01:18,542 [INFO]  Saved checkpoint to "./imputer_model/5_spam/imputer_model_word_freq_data/model-0000.params"
2024-03-24 18:01:18,553 [INFO]  Epoch[0] Validation-cross-entropy=0.298286
2024-03-24 18:01:18,553 [INFO]  Epoch[0] Validation-word_freq_data-accuracy=0.000000
2024-03-24 18:01:18,672 [INFO]  Epoch[1] Batch [0-104]	Speed: 14231.46 samples/sec	cross-entropy=0.293819	word_freq_data-accuracy=0.000000
2024-03-24 18:01:18,787 [INFO]  Epoch[1] Train-cross-entropy=0.140242
2024-03-24 18:01:18,787 [INFO]  Epoch[1] Train-word_freq_data-accuracy=0.000000
2024-03-24 18:01:18,787 [INFO]  Epoch[1] Time cost=0.233
2024-03-24 18:01:18,789 [INFO]  Saved checkpoint to "./imputer_model/5_spam/imputer_model_word_freq_data/model-0001.params"
2024-03-24 18:01:18,800 [INFO]  Epoch[1] Validation-cross-entropy=0.147717
2024-03-24 18:01:18,801 [INFO]  Epoch[1] Validation-word_freq_data-accuracy=0.000000
2024-03-24 18:01:18,924 [INFO]  Epoch[2] Batch [0-104]	Speed: 13699.23 samples/sec	cross-entropy=0.152048	word_freq_data-accuracy=0.000000
2024-03-24 18:01:19,028 [INFO]  Epoch[2] Train-cross-entropy=0.278410
2024-03-24 18:01:19,028 [INFO]  Epoch[2] Train-word_freq_data-accuracy=0.000000
2024-03-24 18:01:19,028 [INFO]  Epoch[2] Time cost=0.227
2024-03-24 18:01:19,029 [INFO]  Saved checkpoint to "./imputer_model/5_spam/imputer_model_word_freq_data/model-0002.params"
2024-03-24 18:01:19,036 [INFO]  Epoch[2] Validation-cross-entropy=0.286891
2024-03-24 18:01:19,036 [INFO]  Epoch[2] Validation-word_freq_data-accuracy=0.000000
2024-03-24 18:01:19,119 [INFO]  Epoch[3] Batch [0-104]	Speed: 20353.40 samples/sec	cross-entropy=0.051369	word_freq_data-accuracy=0.000000
2024-03-24 18:01:19,235 [INFO]  Epoch[3] Train-cross-entropy=0.045196
2024-03-24 18:01:19,235 [INFO]  Epoch[3] Train-word_freq_data-accuracy=0.000000
2024-03-24 18:01:19,235 [INFO]  Epoch[3] Time cost=0.198
2024-03-24 18:01:19,237 [INFO]  Saved checkpoint to "./imputer_model/5_spam/imputer_model_word_freq_data/model-0003.params"
2024-03-24 18:01:19,244 [INFO]  Epoch[3] Validation-cross-entropy=0.052054
2024-03-24 18:01:19,244 [INFO]  Epoch[3] Validation-word_freq_data-accuracy=0.000000
2024-03-24 18:01:19,347 [INFO]  Epoch[4] Batch [0-104]	Speed: 16332.09 samples/sec	cross-entropy=0.035663	word_freq_data-accuracy=0.000000
2024-03-24 18:01:19,438 [INFO]  Epoch[4] Train-cross-entropy=0.060878
2024-03-24 18:01:19,438 [INFO]  Epoch[4] Train-word_freq_data-accuracy=0.000000
2024-03-24 18:01:19,438 [INFO]  Epoch[4] Time cost=0.194
2024-03-24 18:01:19,439 [INFO]  Saved checkpoint to "./imputer_model/5_spam/imputer_model_word_freq_data/model-0004.params"
2024-03-24 18:01:19,445 [INFO]  Epoch[4] Validation-cross-entropy=0.359508
2024-03-24 18:01:19,445 [INFO]  Epoch[4] Validation-word_freq_data-accuracy=0.000000
2024-03-24 18:01:19,445 [INFO]  
========== done (1.1434147357940674 s) fit model
2024-03-24 18:03:08,131 [INFO]  
========== start: fit model
2024-03-24 18:03:08,132 [WARNING]  Already bound, ignoring bind()
2024-03-24 18:03:08,263 [INFO]  Epoch[0] Batch [0-104]	Speed: 13920.92 samples/sec	cross-entropy=13.357136	word_freq_data-accuracy=3.209524
2024-03-24 18:03:08,382 [INFO]  Epoch[0] Train-cross-entropy=0.350102
2024-03-24 18:03:08,382 [INFO]  Epoch[0] Train-word_freq_data-accuracy=3.303922
2024-03-24 18:03:08,382 [INFO]  Epoch[0] Time cost=0.249
2024-03-24 18:03:08,385 [INFO]  Saved checkpoint to "./imputer_model/5_spam/imputer_model_word_freq_data/model-0000.params"
2024-03-24 18:03:08,394 [INFO]  Epoch[0] Validation-cross-entropy=0.090750
2024-03-24 18:03:08,395 [INFO]  Epoch[0] Validation-word_freq_data-accuracy=0.000000
2024-03-24 18:03:08,515 [INFO]  Epoch[1] Batch [0-104]	Speed: 13946.93 samples/sec	cross-entropy=0.916268	word_freq_data-accuracy=3.209524
2024-03-24 18:03:08,634 [INFO]  Epoch[1] Train-cross-entropy=0.048520
2024-03-24 18:03:08,635 [INFO]  Epoch[1] Train-word_freq_data-accuracy=3.303922
2024-03-24 18:03:08,635 [INFO]  Epoch[1] Time cost=0.240
2024-03-24 18:03:08,638 [INFO]  Saved checkpoint to "./imputer_model/5_spam/imputer_model_word_freq_data/model-0001.params"
2024-03-24 18:03:08,647 [INFO]  Epoch[1] Validation-cross-entropy=0.016318
2024-03-24 18:03:08,647 [INFO]  Epoch[1] Validation-word_freq_data-accuracy=0.000000
2024-03-24 18:03:08,767 [INFO]  Epoch[2] Batch [0-104]	Speed: 14113.41 samples/sec	cross-entropy=0.034495	word_freq_data-accuracy=3.209524
2024-03-24 18:03:08,883 [INFO]  Epoch[2] Train-cross-entropy=0.122238
2024-03-24 18:03:08,884 [INFO]  Epoch[2] Train-word_freq_data-accuracy=3.303922
2024-03-24 18:03:08,884 [INFO]  Epoch[2] Time cost=0.236
2024-03-24 18:03:08,887 [INFO]  Saved checkpoint to "./imputer_model/5_spam/imputer_model_word_freq_data/model-0002.params"
2024-03-24 18:03:08,896 [INFO]  Epoch[2] Validation-cross-entropy=0.033071
2024-03-24 18:03:08,896 [INFO]  Epoch[2] Validation-word_freq_data-accuracy=0.000000
2024-03-24 18:03:09,017 [INFO]  Epoch[3] Batch [0-104]	Speed: 13956.41 samples/sec	cross-entropy=0.862174	word_freq_data-accuracy=3.209524
2024-03-24 18:03:09,139 [INFO]  Epoch[3] Train-cross-entropy=0.406148
2024-03-24 18:03:09,139 [INFO]  Epoch[3] Train-word_freq_data-accuracy=3.303922
2024-03-24 18:03:09,139 [INFO]  Epoch[3] Time cost=0.243
2024-03-24 18:03:09,141 [INFO]  Saved checkpoint to "./imputer_model/5_spam/imputer_model_word_freq_data/model-0003.params"
2024-03-24 18:03:09,151 [INFO]  Epoch[3] Validation-cross-entropy=0.041269
2024-03-24 18:03:09,151 [INFO]  Epoch[3] Validation-word_freq_data-accuracy=0.000000
2024-03-24 18:03:09,289 [INFO]  Epoch[4] Batch [0-104]	Speed: 12228.40 samples/sec	cross-entropy=1.048283	word_freq_data-accuracy=3.209524
2024-03-24 18:03:09,405 [INFO]  Epoch[4] Train-cross-entropy=0.089847
2024-03-24 18:03:09,405 [INFO]  Epoch[4] Train-word_freq_data-accuracy=3.303922
2024-03-24 18:03:09,406 [INFO]  Epoch[4] Time cost=0.254
2024-03-24 18:03:09,408 [INFO]  Saved checkpoint to "./imputer_model/5_spam/imputer_model_word_freq_data/model-0004.params"
2024-03-24 18:03:09,418 [INFO]  Epoch[4] Validation-cross-entropy=0.017535
2024-03-24 18:03:09,418 [INFO]  Epoch[4] Validation-word_freq_data-accuracy=0.000000
2024-03-24 18:03:09,418 [INFO]  
========== done (1.286924123764038 s) fit model
2024-03-24 18:04:54,086 [INFO]  
========== start: fit model
2024-03-24 18:04:54,086 [WARNING]  Already bound, ignoring bind()
2024-03-24 18:04:54,305 [INFO]  Epoch[0] Batch [0-104]	Speed: 7681.62 samples/sec	cross-entropy=2.926804	word_freq_data-accuracy=3.123810
2024-03-24 18:04:54,420 [INFO]  Epoch[0] Train-cross-entropy=0.191388
2024-03-24 18:04:54,420 [INFO]  Epoch[0] Train-word_freq_data-accuracy=3.401961
2024-03-24 18:04:54,420 [INFO]  Epoch[0] Time cost=0.333
2024-03-24 18:04:54,425 [INFO]  Saved checkpoint to "./imputer_model/5_spam/imputer_model_word_freq_data/model-0000.params"
2024-03-24 18:04:54,540 [INFO]  Epoch[0] Validation-cross-entropy=0.983527
2024-03-24 18:04:54,540 [INFO]  Epoch[0] Validation-word_freq_data-accuracy=0.000000
2024-03-24 18:04:54,656 [INFO]  Epoch[1] Batch [0-104]	Speed: 14530.02 samples/sec	cross-entropy=0.231857	word_freq_data-accuracy=3.123810
2024-03-24 18:04:54,851 [INFO]  Epoch[1] Train-cross-entropy=0.066164
2024-03-24 18:04:54,852 [INFO]  Epoch[1] Train-word_freq_data-accuracy=3.401961
2024-03-24 18:04:54,852 [INFO]  Epoch[1] Time cost=0.312
2024-03-24 18:04:54,854 [INFO]  Saved checkpoint to "./imputer_model/5_spam/imputer_model_word_freq_data/model-0001.params"
2024-03-24 18:04:54,865 [INFO]  Epoch[1] Validation-cross-entropy=0.319385
2024-03-24 18:04:54,865 [INFO]  Epoch[1] Validation-word_freq_data-accuracy=0.000000
2024-03-24 18:04:54,946 [INFO]  Epoch[2] Batch [0-104]	Speed: 20921.35 samples/sec	cross-entropy=0.107760	word_freq_data-accuracy=3.123810
2024-03-24 18:04:55,028 [INFO]  Epoch[2] Train-cross-entropy=0.078785
2024-03-24 18:04:55,028 [INFO]  Epoch[2] Train-word_freq_data-accuracy=3.401961
2024-03-24 18:04:55,028 [INFO]  Epoch[2] Time cost=0.163
2024-03-24 18:04:55,031 [INFO]  Saved checkpoint to "./imputer_model/5_spam/imputer_model_word_freq_data/model-0002.params"
2024-03-24 18:04:55,041 [INFO]  Epoch[2] Validation-cross-entropy=0.337701
2024-03-24 18:04:55,042 [INFO]  Epoch[2] Validation-word_freq_data-accuracy=0.000000
2024-03-24 18:04:55,170 [INFO]  Epoch[3] Batch [0-104]	Speed: 13058.64 samples/sec	cross-entropy=0.150821	word_freq_data-accuracy=3.123810
2024-03-24 18:04:55,258 [INFO]  Epoch[3] Train-cross-entropy=0.369778
2024-03-24 18:04:55,258 [INFO]  Epoch[3] Train-word_freq_data-accuracy=3.401961
2024-03-24 18:04:55,258 [INFO]  Epoch[3] Time cost=0.217
2024-03-24 18:04:55,262 [INFO]  Saved checkpoint to "./imputer_model/5_spam/imputer_model_word_freq_data/model-0003.params"
2024-03-24 18:04:55,284 [INFO]  Epoch[3] Validation-cross-entropy=2.827149
2024-03-24 18:04:55,284 [INFO]  Epoch[3] Validation-word_freq_data-accuracy=0.000000
2024-03-24 18:04:55,406 [INFO]  Epoch[4] Batch [0-104]	Speed: 14549.29 samples/sec	cross-entropy=0.487194	word_freq_data-accuracy=3.123810
2024-03-24 18:04:55,602 [INFO]  Epoch[4] Train-cross-entropy=0.112770
2024-03-24 18:04:55,602 [INFO]  Epoch[4] Train-word_freq_data-accuracy=3.401961
2024-03-24 18:04:55,602 [INFO]  Epoch[4] Time cost=0.319
2024-03-24 18:04:55,605 [INFO]  Saved checkpoint to "./imputer_model/5_spam/imputer_model_word_freq_data/model-0004.params"
2024-03-24 18:04:55,615 [INFO]  Epoch[4] Validation-cross-entropy=0.539733
2024-03-24 18:04:55,615 [INFO]  Epoch[4] Validation-word_freq_data-accuracy=0.000000
2024-03-24 18:04:55,615 [INFO]  
========== done (1.5293104648590088 s) fit model
2024-03-24 18:06:43,818 [INFO]  
========== start: fit model
2024-03-24 18:06:43,818 [WARNING]  Already bound, ignoring bind()
2024-03-24 18:06:43,989 [INFO]  Epoch[0] Batch [0-104]	Speed: 9901.33 samples/sec	cross-entropy=2.341347	word_freq_data-accuracy=0.000000
2024-03-24 18:06:44,107 [INFO]  Epoch[0] Train-cross-entropy=0.189096
2024-03-24 18:06:44,107 [INFO]  Epoch[0] Train-word_freq_data-accuracy=0.000000
2024-03-24 18:06:44,107 [INFO]  Epoch[0] Time cost=0.289
2024-03-24 18:06:44,109 [INFO]  Saved checkpoint to "./imputer_model/5_spam/imputer_model_word_freq_data/model-0000.params"
2024-03-24 18:06:44,119 [INFO]  Epoch[0] Validation-cross-entropy=0.568088
2024-03-24 18:06:44,119 [INFO]  Epoch[0] Validation-word_freq_data-accuracy=0.000000
2024-03-24 18:06:44,240 [INFO]  Epoch[1] Batch [0-104]	Speed: 13935.71 samples/sec	cross-entropy=0.784833	word_freq_data-accuracy=0.000000
2024-03-24 18:06:44,351 [INFO]  Epoch[1] Train-cross-entropy=0.129285
2024-03-24 18:06:44,351 [INFO]  Epoch[1] Train-word_freq_data-accuracy=0.000000
2024-03-24 18:06:44,352 [INFO]  Epoch[1] Time cost=0.232
2024-03-24 18:06:44,354 [INFO]  Saved checkpoint to "./imputer_model/5_spam/imputer_model_word_freq_data/model-0001.params"
2024-03-24 18:06:44,364 [INFO]  Epoch[1] Validation-cross-entropy=0.095713
2024-03-24 18:06:44,364 [INFO]  Epoch[1] Validation-word_freq_data-accuracy=0.000000
2024-03-24 18:06:44,485 [INFO]  Epoch[2] Batch [0-104]	Speed: 13957.05 samples/sec	cross-entropy=0.045311	word_freq_data-accuracy=0.000000
2024-03-24 18:06:44,602 [INFO]  Epoch[2] Train-cross-entropy=0.032155
2024-03-24 18:06:44,602 [INFO]  Epoch[2] Train-word_freq_data-accuracy=0.000000
2024-03-24 18:06:44,603 [INFO]  Epoch[2] Time cost=0.238
2024-03-24 18:06:44,605 [INFO]  Saved checkpoint to "./imputer_model/5_spam/imputer_model_word_freq_data/model-0002.params"
2024-03-24 18:06:44,615 [INFO]  Epoch[2] Validation-cross-entropy=0.074254
2024-03-24 18:06:44,616 [INFO]  Epoch[2] Validation-word_freq_data-accuracy=0.000000
2024-03-24 18:06:44,736 [INFO]  Epoch[3] Batch [0-104]	Speed: 13951.28 samples/sec	cross-entropy=0.239928	word_freq_data-accuracy=0.000000
2024-03-24 18:06:44,853 [INFO]  Epoch[3] Train-cross-entropy=0.045589
2024-03-24 18:06:44,853 [INFO]  Epoch[3] Train-word_freq_data-accuracy=0.000000
2024-03-24 18:06:44,853 [INFO]  Epoch[3] Time cost=0.237
2024-03-24 18:06:44,856 [INFO]  Saved checkpoint to "./imputer_model/5_spam/imputer_model_word_freq_data/model-0003.params"
2024-03-24 18:06:44,866 [INFO]  Epoch[3] Validation-cross-entropy=0.190063
2024-03-24 18:06:44,866 [INFO]  Epoch[3] Validation-word_freq_data-accuracy=0.000000
2024-03-24 18:06:44,986 [INFO]  Epoch[4] Batch [0-104]	Speed: 14032.76 samples/sec	cross-entropy=1.356896	word_freq_data-accuracy=0.000000
2024-03-24 18:06:45,103 [INFO]  Epoch[4] Train-cross-entropy=0.142500
2024-03-24 18:06:45,103 [INFO]  Epoch[4] Train-word_freq_data-accuracy=0.000000
2024-03-24 18:06:45,103 [INFO]  Epoch[4] Time cost=0.237
2024-03-24 18:06:45,106 [INFO]  Saved checkpoint to "./imputer_model/5_spam/imputer_model_word_freq_data/model-0004.params"
2024-03-24 18:06:45,116 [INFO]  Epoch[4] Validation-cross-entropy=0.821068
2024-03-24 18:06:45,116 [INFO]  Epoch[4] Validation-word_freq_data-accuracy=0.000000
2024-03-24 18:06:45,116 [INFO]  
========== done (1.2983357906341553 s) fit model
2024-03-24 18:08:29,102 [INFO]  
========== start: fit model
2024-03-24 18:08:29,102 [WARNING]  Already bound, ignoring bind()
2024-03-24 18:08:29,307 [INFO]  Epoch[0] Batch [0-104]	Speed: 14061.29 samples/sec	cross-entropy=5.033586	word_freq_data-accuracy=0.000000
2024-03-24 18:08:29,424 [INFO]  Epoch[0] Train-cross-entropy=0.970304
2024-03-24 18:08:29,424 [INFO]  Epoch[0] Train-word_freq_data-accuracy=0.000000
2024-03-24 18:08:29,424 [INFO]  Epoch[0] Time cost=0.322
2024-03-24 18:08:29,426 [INFO]  Saved checkpoint to "./imputer_model/5_spam/imputer_model_word_freq_data/model-0000.params"
2024-03-24 18:08:29,436 [INFO]  Epoch[0] Validation-cross-entropy=3.474202
2024-03-24 18:08:29,436 [INFO]  Epoch[0] Validation-word_freq_data-accuracy=0.000000
2024-03-24 18:08:29,556 [INFO]  Epoch[1] Batch [0-104]	Speed: 14034.97 samples/sec	cross-entropy=0.862089	word_freq_data-accuracy=0.000000
2024-03-24 18:08:29,672 [INFO]  Epoch[1] Train-cross-entropy=0.830089
2024-03-24 18:08:29,672 [INFO]  Epoch[1] Train-word_freq_data-accuracy=0.000000
2024-03-24 18:08:29,672 [INFO]  Epoch[1] Time cost=0.236
2024-03-24 18:08:29,675 [INFO]  Saved checkpoint to "./imputer_model/5_spam/imputer_model_word_freq_data/model-0001.params"
2024-03-24 18:08:29,685 [INFO]  Epoch[1] Validation-cross-entropy=0.270110
2024-03-24 18:08:29,685 [INFO]  Epoch[1] Validation-word_freq_data-accuracy=0.000000
2024-03-24 18:08:29,805 [INFO]  Epoch[2] Batch [0-104]	Speed: 14001.12 samples/sec	cross-entropy=0.185414	word_freq_data-accuracy=0.000000
2024-03-24 18:08:29,925 [INFO]  Epoch[2] Train-cross-entropy=0.146104
2024-03-24 18:08:29,925 [INFO]  Epoch[2] Train-word_freq_data-accuracy=0.000000
2024-03-24 18:08:29,926 [INFO]  Epoch[2] Time cost=0.240
2024-03-24 18:08:29,928 [INFO]  Saved checkpoint to "./imputer_model/5_spam/imputer_model_word_freq_data/model-0002.params"
2024-03-24 18:08:29,939 [INFO]  Epoch[2] Validation-cross-entropy=0.288644
2024-03-24 18:08:29,939 [INFO]  Epoch[2] Validation-word_freq_data-accuracy=0.000000
2024-03-24 18:08:30,059 [INFO]  Epoch[3] Batch [0-104]	Speed: 14042.05 samples/sec	cross-entropy=0.146926	word_freq_data-accuracy=0.000000
2024-03-24 18:08:30,175 [INFO]  Epoch[3] Train-cross-entropy=0.367065
2024-03-24 18:08:30,176 [INFO]  Epoch[3] Train-word_freq_data-accuracy=0.000000
2024-03-24 18:08:30,176 [INFO]  Epoch[3] Time cost=0.237
2024-03-24 18:08:30,179 [INFO]  Saved checkpoint to "./imputer_model/5_spam/imputer_model_word_freq_data/model-0003.params"
2024-03-24 18:08:30,190 [INFO]  Epoch[3] Validation-cross-entropy=5.045463
2024-03-24 18:08:30,190 [INFO]  Epoch[3] Validation-word_freq_data-accuracy=0.000000
2024-03-24 18:08:30,311 [INFO]  Epoch[4] Batch [0-104]	Speed: 13936.29 samples/sec	cross-entropy=2.023794	word_freq_data-accuracy=0.000000
2024-03-24 18:08:30,428 [INFO]  Epoch[4] Train-cross-entropy=1.620255
2024-03-24 18:08:30,428 [INFO]  Epoch[4] Train-word_freq_data-accuracy=0.000000
2024-03-24 18:08:30,428 [INFO]  Epoch[4] Time cost=0.238
2024-03-24 18:08:30,431 [INFO]  Saved checkpoint to "./imputer_model/5_spam/imputer_model_word_freq_data/model-0004.params"
2024-03-24 18:08:30,441 [INFO]  Epoch[4] Validation-cross-entropy=0.957827
2024-03-24 18:08:30,441 [INFO]  Epoch[4] Validation-word_freq_data-accuracy=0.000000
2024-03-24 18:08:30,441 [INFO]  
========== done (1.3398375511169434 s) fit model
2024-03-24 18:10:15,465 [INFO]  
========== start: fit model
2024-03-24 18:10:15,465 [WARNING]  Already bound, ignoring bind()
2024-03-24 18:10:15,585 [INFO]  Epoch[0] Batch [0-104]	Speed: 14534.02 samples/sec	cross-entropy=1.827190	word_freq_data-accuracy=3.390476
2024-03-24 18:10:15,703 [INFO]  Epoch[0] Train-cross-entropy=0.368330
2024-03-24 18:10:15,703 [INFO]  Epoch[0] Train-word_freq_data-accuracy=3.343137
2024-03-24 18:10:15,703 [INFO]  Epoch[0] Time cost=0.236
2024-03-24 18:10:15,706 [INFO]  Saved checkpoint to "./imputer_model/5_spam/imputer_model_word_freq_data/model-0000.params"
2024-03-24 18:10:15,717 [INFO]  Epoch[0] Validation-cross-entropy=0.189231
2024-03-24 18:10:15,717 [INFO]  Epoch[0] Validation-word_freq_data-accuracy=0.000000
2024-03-24 18:10:15,837 [INFO]  Epoch[1] Batch [0-104]	Speed: 13974.94 samples/sec	cross-entropy=0.976696	word_freq_data-accuracy=3.390476
2024-03-24 18:10:15,954 [INFO]  Epoch[1] Train-cross-entropy=0.431408
2024-03-24 18:10:15,954 [INFO]  Epoch[1] Train-word_freq_data-accuracy=3.343137
2024-03-24 18:10:15,954 [INFO]  Epoch[1] Time cost=0.237
2024-03-24 18:10:15,957 [INFO]  Saved checkpoint to "./imputer_model/5_spam/imputer_model_word_freq_data/model-0001.params"
2024-03-24 18:10:15,967 [INFO]  Epoch[1] Validation-cross-entropy=0.497516
2024-03-24 18:10:15,967 [INFO]  Epoch[1] Validation-word_freq_data-accuracy=0.000000
2024-03-24 18:10:16,087 [INFO]  Epoch[2] Batch [0-104]	Speed: 14086.35 samples/sec	cross-entropy=0.364086	word_freq_data-accuracy=3.390476
2024-03-24 18:10:16,304 [INFO]  Epoch[2] Train-cross-entropy=0.083232
2024-03-24 18:10:16,304 [INFO]  Epoch[2] Train-word_freq_data-accuracy=3.343137
2024-03-24 18:10:16,304 [INFO]  Epoch[2] Time cost=0.337
2024-03-24 18:10:16,306 [INFO]  Saved checkpoint to "./imputer_model/5_spam/imputer_model_word_freq_data/model-0002.params"
2024-03-24 18:10:16,315 [INFO]  Epoch[2] Validation-cross-entropy=0.018966
2024-03-24 18:10:16,316 [INFO]  Epoch[2] Validation-word_freq_data-accuracy=0.000000
2024-03-24 18:10:16,435 [INFO]  Epoch[3] Batch [0-104]	Speed: 14120.18 samples/sec	cross-entropy=0.116759	word_freq_data-accuracy=3.390476
2024-03-24 18:10:16,709 [INFO]  Epoch[3] Train-cross-entropy=0.130380
2024-03-24 18:10:16,710 [INFO]  Epoch[3] Train-word_freq_data-accuracy=3.343137
2024-03-24 18:10:16,710 [INFO]  Epoch[3] Time cost=0.394
2024-03-24 18:10:16,713 [INFO]  Saved checkpoint to "./imputer_model/5_spam/imputer_model_word_freq_data/model-0003.params"
2024-03-24 18:10:16,722 [INFO]  Epoch[3] Validation-cross-entropy=0.204562
2024-03-24 18:10:16,723 [INFO]  Epoch[3] Validation-word_freq_data-accuracy=0.000000
2024-03-24 18:10:16,854 [INFO]  Epoch[4] Batch [0-104]	Speed: 12779.34 samples/sec	cross-entropy=0.734336	word_freq_data-accuracy=3.390476
2024-03-24 18:10:16,970 [INFO]  Epoch[4] Train-cross-entropy=0.749457
2024-03-24 18:10:16,971 [INFO]  Epoch[4] Train-word_freq_data-accuracy=3.343137
2024-03-24 18:10:16,971 [INFO]  Epoch[4] Time cost=0.248
2024-03-24 18:10:16,974 [INFO]  Saved checkpoint to "./imputer_model/5_spam/imputer_model_word_freq_data/model-0004.params"
2024-03-24 18:10:16,984 [INFO]  Epoch[4] Validation-cross-entropy=0.181375
2024-03-24 18:10:16,984 [INFO]  Epoch[4] Validation-word_freq_data-accuracy=0.000000
2024-03-24 18:10:16,984 [INFO]  
========== done (1.5190889835357666 s) fit model
2024-03-24 18:12:03,052 [INFO]  
========== start: fit model
2024-03-24 18:12:03,052 [WARNING]  Already bound, ignoring bind()
2024-03-24 18:12:03,139 [INFO]  Epoch[0] Batch [0-104]	Speed: 19807.02 samples/sec	cross-entropy=4.598359	word_freq_data-accuracy=0.000000
2024-03-24 18:12:03,227 [INFO]  Epoch[0] Train-cross-entropy=0.526609
2024-03-24 18:12:03,227 [INFO]  Epoch[0] Train-word_freq_data-accuracy=0.000000
2024-03-24 18:12:03,227 [INFO]  Epoch[0] Time cost=0.174
2024-03-24 18:12:03,230 [INFO]  Saved checkpoint to "./imputer_model/5_spam/imputer_model_word_freq_data/model-0000.params"
2024-03-24 18:12:03,257 [INFO]  Epoch[0] Validation-cross-entropy=0.195529
2024-03-24 18:12:03,257 [INFO]  Epoch[0] Validation-word_freq_data-accuracy=0.000000
2024-03-24 18:12:03,437 [INFO]  Epoch[1] Batch [0-104]	Speed: 9298.79 samples/sec	cross-entropy=0.132158	word_freq_data-accuracy=0.000000
2024-03-24 18:12:03,558 [INFO]  Epoch[1] Train-cross-entropy=0.302270
2024-03-24 18:12:03,559 [INFO]  Epoch[1] Train-word_freq_data-accuracy=0.000000
2024-03-24 18:12:03,559 [INFO]  Epoch[1] Time cost=0.302
2024-03-24 18:12:03,560 [INFO]  Saved checkpoint to "./imputer_model/5_spam/imputer_model_word_freq_data/model-0001.params"
2024-03-24 18:12:03,571 [INFO]  Epoch[1] Validation-cross-entropy=0.094619
2024-03-24 18:12:03,572 [INFO]  Epoch[1] Validation-word_freq_data-accuracy=0.000000
2024-03-24 18:12:03,688 [INFO]  Epoch[2] Batch [0-104]	Speed: 14535.17 samples/sec	cross-entropy=0.465734	word_freq_data-accuracy=0.000000
2024-03-24 18:12:03,800 [INFO]  Epoch[2] Train-cross-entropy=0.985115
2024-03-24 18:12:03,801 [INFO]  Epoch[2] Train-word_freq_data-accuracy=0.000000
2024-03-24 18:12:03,801 [INFO]  Epoch[2] Time cost=0.229
2024-03-24 18:12:03,803 [INFO]  Saved checkpoint to "./imputer_model/5_spam/imputer_model_word_freq_data/model-0002.params"
2024-03-24 18:12:03,813 [INFO]  Epoch[2] Validation-cross-entropy=0.235198
2024-03-24 18:12:03,813 [INFO]  Epoch[2] Validation-word_freq_data-accuracy=0.000000
2024-03-24 18:12:03,928 [INFO]  Epoch[3] Batch [0-104]	Speed: 14623.24 samples/sec	cross-entropy=0.773515	word_freq_data-accuracy=0.000000
2024-03-24 18:12:04,041 [INFO]  Epoch[3] Train-cross-entropy=0.860933
2024-03-24 18:12:04,041 [INFO]  Epoch[3] Train-word_freq_data-accuracy=0.000000
2024-03-24 18:12:04,041 [INFO]  Epoch[3] Time cost=0.228
2024-03-24 18:12:04,043 [INFO]  Saved checkpoint to "./imputer_model/5_spam/imputer_model_word_freq_data/model-0003.params"
2024-03-24 18:12:04,053 [INFO]  Epoch[3] Validation-cross-entropy=0.222884
2024-03-24 18:12:04,053 [INFO]  Epoch[3] Validation-word_freq_data-accuracy=0.000000
2024-03-24 18:12:04,351 [INFO]  Epoch[4] Batch [0-104]	Speed: 5618.85 samples/sec	cross-entropy=0.644185	word_freq_data-accuracy=0.000000
2024-03-24 18:12:04,474 [INFO]  Epoch[4] Train-cross-entropy=0.438494
2024-03-24 18:12:04,475 [INFO]  Epoch[4] Train-word_freq_data-accuracy=0.000000
2024-03-24 18:12:04,475 [INFO]  Epoch[4] Time cost=0.421
2024-03-24 18:12:04,477 [INFO]  Saved checkpoint to "./imputer_model/5_spam/imputer_model_word_freq_data/model-0004.params"
2024-03-24 18:12:04,494 [INFO]  Epoch[4] Validation-cross-entropy=0.116816
2024-03-24 18:12:04,494 [INFO]  Epoch[4] Validation-word_freq_data-accuracy=0.000000
2024-03-24 18:12:04,494 [INFO]  
========== done (1.4425063133239746 s) fit model
2024-03-24 18:13:51,917 [INFO]  
========== start: fit model
2024-03-24 18:13:51,917 [WARNING]  Already bound, ignoring bind()
2024-03-24 18:13:52,173 [INFO]  Epoch[0] Batch [0-104]	Speed: 6574.45 samples/sec	cross-entropy=2.461382	word_freq_data-accuracy=0.000000
2024-03-24 18:13:52,287 [INFO]  Epoch[0] Train-cross-entropy=0.179782
2024-03-24 18:13:52,287 [INFO]  Epoch[0] Train-word_freq_data-accuracy=0.000000
2024-03-24 18:13:52,287 [INFO]  Epoch[0] Time cost=0.370
2024-03-24 18:13:52,289 [INFO]  Saved checkpoint to "./imputer_model/5_spam/imputer_model_word_freq_data/model-0000.params"
2024-03-24 18:13:52,298 [INFO]  Epoch[0] Validation-cross-entropy=0.144476
2024-03-24 18:13:52,298 [INFO]  Epoch[0] Validation-word_freq_data-accuracy=0.000000
2024-03-24 18:13:52,429 [INFO]  Epoch[1] Batch [0-104]	Speed: 12862.00 samples/sec	cross-entropy=1.483231	word_freq_data-accuracy=0.000000
2024-03-24 18:13:52,543 [INFO]  Epoch[1] Train-cross-entropy=0.751944
2024-03-24 18:13:52,544 [INFO]  Epoch[1] Train-word_freq_data-accuracy=0.000000
2024-03-24 18:13:52,544 [INFO]  Epoch[1] Time cost=0.245
2024-03-24 18:13:52,546 [INFO]  Saved checkpoint to "./imputer_model/5_spam/imputer_model_word_freq_data/model-0001.params"
2024-03-24 18:13:52,556 [INFO]  Epoch[1] Validation-cross-entropy=0.042086
2024-03-24 18:13:52,556 [INFO]  Epoch[1] Validation-word_freq_data-accuracy=0.000000
2024-03-24 18:13:52,673 [INFO]  Epoch[2] Batch [0-104]	Speed: 14366.72 samples/sec	cross-entropy=1.362462	word_freq_data-accuracy=0.000000
2024-03-24 18:13:52,811 [INFO]  Epoch[2] Train-cross-entropy=0.105922
2024-03-24 18:13:52,811 [INFO]  Epoch[2] Train-word_freq_data-accuracy=0.000000
2024-03-24 18:13:52,811 [INFO]  Epoch[2] Time cost=0.255
2024-03-24 18:13:52,813 [INFO]  Saved checkpoint to "./imputer_model/5_spam/imputer_model_word_freq_data/model-0002.params"
2024-03-24 18:13:52,822 [INFO]  Epoch[2] Validation-cross-entropy=0.029951
2024-03-24 18:13:52,823 [INFO]  Epoch[2] Validation-word_freq_data-accuracy=0.000000
2024-03-24 18:13:52,941 [INFO]  Epoch[3] Batch [0-104]	Speed: 14197.68 samples/sec	cross-entropy=0.400777	word_freq_data-accuracy=0.000000
2024-03-24 18:13:53,058 [INFO]  Epoch[3] Train-cross-entropy=0.064824
2024-03-24 18:13:53,058 [INFO]  Epoch[3] Train-word_freq_data-accuracy=0.000000
2024-03-24 18:13:53,059 [INFO]  Epoch[3] Time cost=0.236
2024-03-24 18:13:53,061 [INFO]  Saved checkpoint to "./imputer_model/5_spam/imputer_model_word_freq_data/model-0003.params"
2024-03-24 18:13:53,070 [INFO]  Epoch[3] Validation-cross-entropy=0.028945
2024-03-24 18:13:53,070 [INFO]  Epoch[3] Validation-word_freq_data-accuracy=0.000000
2024-03-24 18:13:53,231 [INFO]  Epoch[4] Batch [0-104]	Speed: 10423.88 samples/sec	cross-entropy=0.056089	word_freq_data-accuracy=0.000000
2024-03-24 18:13:53,345 [INFO]  Epoch[4] Train-cross-entropy=0.031795
2024-03-24 18:13:53,345 [INFO]  Epoch[4] Train-word_freq_data-accuracy=0.000000
2024-03-24 18:13:53,345 [INFO]  Epoch[4] Time cost=0.274
2024-03-24 18:13:53,347 [INFO]  Saved checkpoint to "./imputer_model/5_spam/imputer_model_word_freq_data/model-0004.params"
2024-03-24 18:13:53,357 [INFO]  Epoch[4] Validation-cross-entropy=0.019278
2024-03-24 18:13:53,357 [INFO]  Epoch[4] Validation-word_freq_data-accuracy=0.000000
2024-03-24 18:13:53,357 [INFO]  
========== done (1.4406592845916748 s) fit model
