2024-04-08 00:20:32,136 [INFO]  
========== start: fit model
2024-04-08 00:20:32,136 [WARNING]  Already bound, ignoring bind()
2024-04-08 00:20:32,248 [INFO]  Epoch[0] Batch [0-7]	Speed: 10474.30 samples/sec	cross-entropy=12.028817	positive-accuracy=3.625000
2024-04-08 00:20:32,251 [INFO]  Epoch[0] Train-cross-entropy=2.661368
2024-04-08 00:20:32,251 [INFO]  Epoch[0] Train-positive-accuracy=3.166667
2024-04-08 00:20:32,251 [INFO]  Epoch[0] Time cost=0.114
2024-04-08 00:20:32,255 [INFO]  Saved checkpoint to "./imputer_model/28_haberman/imputer_model_positive/model-0000.params"
2024-04-08 00:20:32,303 [INFO]  Epoch[0] Validation-cross-entropy=0.633842
2024-04-08 00:20:32,303 [INFO]  Epoch[0] Validation-positive-accuracy=0.000000
2024-04-08 00:20:32,386 [INFO]  Epoch[1] Batch [0-7]	Speed: 1374.06 samples/sec	cross-entropy=0.601612	positive-accuracy=3.625000
2024-04-08 00:20:32,435 [INFO]  Epoch[1] Train-cross-entropy=0.776380
2024-04-08 00:20:32,435 [INFO]  Epoch[1] Train-positive-accuracy=3.166667
2024-04-08 00:20:32,435 [INFO]  Epoch[1] Time cost=0.132
2024-04-08 00:20:32,437 [INFO]  Saved checkpoint to "./imputer_model/28_haberman/imputer_model_positive/model-0001.params"
2024-04-08 00:20:32,438 [INFO]  Epoch[1] Validation-cross-entropy=0.236260
2024-04-08 00:20:32,438 [INFO]  Epoch[1] Validation-positive-accuracy=0.000000
2024-04-08 00:20:32,447 [INFO]  Epoch[2] Batch [0-7]	Speed: 14206.80 samples/sec	cross-entropy=0.498112	positive-accuracy=3.625000
2024-04-08 00:20:32,454 [INFO]  Epoch[2] Train-cross-entropy=0.196502
2024-04-08 00:20:32,454 [INFO]  Epoch[2] Train-positive-accuracy=3.166667
2024-04-08 00:20:32,454 [INFO]  Epoch[2] Time cost=0.016
2024-04-08 00:20:32,456 [INFO]  Saved checkpoint to "./imputer_model/28_haberman/imputer_model_positive/model-0002.params"
2024-04-08 00:20:32,458 [INFO]  Epoch[2] Validation-cross-entropy=0.070788
2024-04-08 00:20:32,458 [INFO]  Epoch[2] Validation-positive-accuracy=0.000000
2024-04-08 00:20:32,470 [INFO]  Epoch[3] Batch [0-7]	Speed: 10207.78 samples/sec	cross-entropy=0.088402	positive-accuracy=3.625000
2024-04-08 00:20:32,492 [INFO]  Epoch[3] Train-cross-entropy=0.153657
2024-04-08 00:20:32,492 [INFO]  Epoch[3] Train-positive-accuracy=3.166667
2024-04-08 00:20:32,492 [INFO]  Epoch[3] Time cost=0.034
2024-04-08 00:20:32,494 [INFO]  Saved checkpoint to "./imputer_model/28_haberman/imputer_model_positive/model-0003.params"
2024-04-08 00:20:32,496 [INFO]  Epoch[3] Validation-cross-entropy=0.042007
2024-04-08 00:20:32,496 [INFO]  Epoch[3] Validation-positive-accuracy=0.000000
2024-04-08 00:20:32,507 [INFO]  Epoch[4] Batch [0-7]	Speed: 11135.76 samples/sec	cross-entropy=0.065827	positive-accuracy=3.625000
2024-04-08 00:20:32,513 [INFO]  Epoch[4] Train-cross-entropy=0.043470
2024-04-08 00:20:32,513 [INFO]  Epoch[4] Train-positive-accuracy=3.166667
2024-04-08 00:20:32,514 [INFO]  Epoch[4] Time cost=0.018
2024-04-08 00:20:32,515 [INFO]  Saved checkpoint to "./imputer_model/28_haberman/imputer_model_positive/model-0004.params"
2024-04-08 00:20:32,517 [INFO]  Epoch[4] Validation-cross-entropy=0.019528
2024-04-08 00:20:32,517 [INFO]  Epoch[4] Validation-positive-accuracy=0.000000
2024-04-08 00:20:32,517 [INFO]  
========== done (0.3812294006347656 s) fit model
2024-04-08 00:20:34,147 [INFO]  
========== start: fit model
2024-04-08 00:20:34,147 [WARNING]  Already bound, ignoring bind()
2024-04-08 00:20:34,177 [INFO]  Epoch[0] Batch [0-7]	Speed: 6539.73 samples/sec	cross-entropy=17.492575	positive-accuracy=3.750000
2024-04-08 00:20:34,181 [INFO]  Epoch[0] Train-cross-entropy=3.199016
2024-04-08 00:20:34,181 [INFO]  Epoch[0] Train-positive-accuracy=4.000000
2024-04-08 00:20:34,181 [INFO]  Epoch[0] Time cost=0.033
2024-04-08 00:20:34,183 [INFO]  Saved checkpoint to "./imputer_model/28_haberman/imputer_model_positive/model-0000.params"
2024-04-08 00:20:34,184 [INFO]  Epoch[0] Validation-cross-entropy=4.527916
2024-04-08 00:20:34,184 [INFO]  Epoch[0] Validation-positive-accuracy=0.000000
2024-04-08 00:20:34,224 [INFO]  Epoch[1] Batch [0-7]	Speed: 15731.62 samples/sec	cross-entropy=1.112244	positive-accuracy=3.750000
2024-04-08 00:20:34,234 [INFO]  Epoch[1] Train-cross-entropy=0.572988
2024-04-08 00:20:34,234 [INFO]  Epoch[1] Train-positive-accuracy=4.000000
2024-04-08 00:20:34,234 [INFO]  Epoch[1] Time cost=0.051
2024-04-08 00:20:34,237 [INFO]  Saved checkpoint to "./imputer_model/28_haberman/imputer_model_positive/model-0001.params"
2024-04-08 00:20:34,238 [INFO]  Epoch[1] Validation-cross-entropy=0.811808
2024-04-08 00:20:34,238 [INFO]  Epoch[1] Validation-positive-accuracy=0.000000
2024-04-08 00:20:34,248 [INFO]  Epoch[2] Batch [0-7]	Speed: 13632.89 samples/sec	cross-entropy=0.650484	positive-accuracy=3.750000
2024-04-08 00:20:34,254 [INFO]  Epoch[2] Train-cross-entropy=0.248303
2024-04-08 00:20:34,254 [INFO]  Epoch[2] Train-positive-accuracy=4.000000
2024-04-08 00:20:34,254 [INFO]  Epoch[2] Time cost=0.016
2024-04-08 00:20:34,256 [INFO]  Saved checkpoint to "./imputer_model/28_haberman/imputer_model_positive/model-0002.params"
2024-04-08 00:20:34,257 [INFO]  Epoch[2] Validation-cross-entropy=0.601910
2024-04-08 00:20:34,257 [INFO]  Epoch[2] Validation-positive-accuracy=0.000000
2024-04-08 00:20:34,269 [INFO]  Epoch[3] Batch [0-7]	Speed: 10399.64 samples/sec	cross-entropy=0.235793	positive-accuracy=3.750000
2024-04-08 00:20:34,278 [INFO]  Epoch[3] Train-cross-entropy=0.109270
2024-04-08 00:20:34,278 [INFO]  Epoch[3] Train-positive-accuracy=4.000000
2024-04-08 00:20:34,278 [INFO]  Epoch[3] Time cost=0.021
2024-04-08 00:20:34,280 [INFO]  Saved checkpoint to "./imputer_model/28_haberman/imputer_model_positive/model-0003.params"
2024-04-08 00:20:34,282 [INFO]  Epoch[3] Validation-cross-entropy=0.251716
2024-04-08 00:20:34,282 [INFO]  Epoch[3] Validation-positive-accuracy=0.000000
2024-04-08 00:20:34,292 [INFO]  Epoch[4] Batch [0-7]	Speed: 13428.68 samples/sec	cross-entropy=0.076256	positive-accuracy=3.750000
2024-04-08 00:20:34,301 [INFO]  Epoch[4] Train-cross-entropy=0.076595
2024-04-08 00:20:34,301 [INFO]  Epoch[4] Train-positive-accuracy=4.000000
2024-04-08 00:20:34,301 [INFO]  Epoch[4] Time cost=0.019
2024-04-08 00:20:34,303 [INFO]  Saved checkpoint to "./imputer_model/28_haberman/imputer_model_positive/model-0004.params"
2024-04-08 00:20:34,305 [INFO]  Epoch[4] Validation-cross-entropy=0.127750
2024-04-08 00:20:34,305 [INFO]  Epoch[4] Validation-positive-accuracy=0.000000
2024-04-08 00:20:34,305 [INFO]  
========== done (0.1576840877532959 s) fit model
2024-04-08 00:20:35,407 [INFO]  
========== start: fit model
2024-04-08 00:20:35,408 [WARNING]  Already bound, ignoring bind()
2024-04-08 00:20:35,418 [INFO]  Epoch[0] Batch [0-7]	Speed: 17333.75 samples/sec	cross-entropy=10.019451	positive-accuracy=0.000000
2024-04-08 00:20:35,423 [INFO]  Epoch[0] Train-cross-entropy=1.953549
2024-04-08 00:20:35,424 [INFO]  Epoch[0] Train-positive-accuracy=0.000000
2024-04-08 00:20:35,424 [INFO]  Epoch[0] Time cost=0.014
2024-04-08 00:20:35,426 [INFO]  Saved checkpoint to "./imputer_model/28_haberman/imputer_model_positive/model-0000.params"
2024-04-08 00:20:35,427 [INFO]  Epoch[0] Validation-cross-entropy=0.492460
2024-04-08 00:20:35,427 [INFO]  Epoch[0] Validation-positive-accuracy=0.000000
2024-04-08 00:20:35,434 [INFO]  Epoch[1] Batch [0-7]	Speed: 17812.91 samples/sec	cross-entropy=0.701655	positive-accuracy=0.000000
2024-04-08 00:20:35,440 [INFO]  Epoch[1] Train-cross-entropy=1.115570
2024-04-08 00:20:35,440 [INFO]  Epoch[1] Train-positive-accuracy=0.000000
2024-04-08 00:20:35,440 [INFO]  Epoch[1] Time cost=0.013
2024-04-08 00:20:35,442 [INFO]  Saved checkpoint to "./imputer_model/28_haberman/imputer_model_positive/model-0001.params"
2024-04-08 00:20:35,443 [INFO]  Epoch[1] Validation-cross-entropy=1.060548
2024-04-08 00:20:35,443 [INFO]  Epoch[1] Validation-positive-accuracy=0.000000
2024-04-08 00:20:35,450 [INFO]  Epoch[2] Batch [0-7]	Speed: 17250.37 samples/sec	cross-entropy=0.363961	positive-accuracy=0.000000
2024-04-08 00:20:35,456 [INFO]  Epoch[2] Train-cross-entropy=0.191916
2024-04-08 00:20:35,456 [INFO]  Epoch[2] Train-positive-accuracy=0.000000
2024-04-08 00:20:35,456 [INFO]  Epoch[2] Time cost=0.013
2024-04-08 00:20:35,458 [INFO]  Saved checkpoint to "./imputer_model/28_haberman/imputer_model_positive/model-0002.params"
2024-04-08 00:20:35,459 [INFO]  Epoch[2] Validation-cross-entropy=0.176357
2024-04-08 00:20:35,459 [INFO]  Epoch[2] Validation-positive-accuracy=0.000000
2024-04-08 00:20:35,466 [INFO]  Epoch[3] Batch [0-7]	Speed: 17653.59 samples/sec	cross-entropy=0.109208	positive-accuracy=0.000000
2024-04-08 00:20:35,472 [INFO]  Epoch[3] Train-cross-entropy=0.139451
2024-04-08 00:20:35,472 [INFO]  Epoch[3] Train-positive-accuracy=0.000000
2024-04-08 00:20:35,472 [INFO]  Epoch[3] Time cost=0.013
2024-04-08 00:20:35,474 [INFO]  Saved checkpoint to "./imputer_model/28_haberman/imputer_model_positive/model-0003.params"
2024-04-08 00:20:35,496 [INFO]  Epoch[3] Validation-cross-entropy=0.091303
2024-04-08 00:20:35,496 [INFO]  Epoch[3] Validation-positive-accuracy=0.000000
2024-04-08 00:20:35,508 [INFO]  Epoch[4] Batch [0-7]	Speed: 27365.84 samples/sec	cross-entropy=0.071143	positive-accuracy=0.000000
2024-04-08 00:20:35,511 [INFO]  Epoch[4] Train-cross-entropy=0.060227
2024-04-08 00:20:35,511 [INFO]  Epoch[4] Train-positive-accuracy=0.000000
2024-04-08 00:20:35,511 [INFO]  Epoch[4] Time cost=0.015
2024-04-08 00:20:35,516 [INFO]  Saved checkpoint to "./imputer_model/28_haberman/imputer_model_positive/model-0004.params"
2024-04-08 00:20:35,521 [INFO]  Epoch[4] Validation-cross-entropy=0.079502
2024-04-08 00:20:35,521 [INFO]  Epoch[4] Validation-positive-accuracy=0.000000
2024-04-08 00:20:35,521 [INFO]  
========== done (0.11364006996154785 s) fit model
2024-04-08 00:20:36,636 [INFO]  
========== start: fit model
2024-04-08 00:20:36,636 [WARNING]  Already bound, ignoring bind()
2024-04-08 00:20:36,714 [INFO]  Epoch[0] Batch [0-7]	Speed: 2293.70 samples/sec	cross-entropy=19.458747	positive-accuracy=3.750000
2024-04-08 00:20:36,719 [INFO]  Epoch[0] Train-cross-entropy=4.455256
2024-04-08 00:20:36,719 [INFO]  Epoch[0] Train-positive-accuracy=4.000000
2024-04-08 00:20:36,719 [INFO]  Epoch[0] Time cost=0.081
2024-04-08 00:20:36,721 [INFO]  Saved checkpoint to "./imputer_model/28_haberman/imputer_model_positive/model-0000.params"
2024-04-08 00:20:36,723 [INFO]  Epoch[0] Validation-cross-entropy=1.080716
2024-04-08 00:20:36,723 [INFO]  Epoch[0] Validation-positive-accuracy=0.000000
2024-04-08 00:20:36,739 [INFO]  Epoch[1] Batch [0-7]	Speed: 8333.55 samples/sec	cross-entropy=1.042396	positive-accuracy=3.750000
2024-04-08 00:20:36,754 [INFO]  Epoch[1] Train-cross-entropy=0.397587
2024-04-08 00:20:36,754 [INFO]  Epoch[1] Train-positive-accuracy=4.000000
2024-04-08 00:20:36,754 [INFO]  Epoch[1] Time cost=0.031
2024-04-08 00:20:36,756 [INFO]  Saved checkpoint to "./imputer_model/28_haberman/imputer_model_positive/model-0001.params"
2024-04-08 00:20:36,757 [INFO]  Epoch[1] Validation-cross-entropy=0.238282
2024-04-08 00:20:36,757 [INFO]  Epoch[1] Validation-positive-accuracy=0.000000
2024-04-08 00:20:36,761 [INFO]  Epoch[2] Batch [0-7]	Speed: 28176.71 samples/sec	cross-entropy=0.823808	positive-accuracy=3.750000
2024-04-08 00:20:36,765 [INFO]  Epoch[2] Train-cross-entropy=0.364259
2024-04-08 00:20:36,765 [INFO]  Epoch[2] Train-positive-accuracy=4.000000
2024-04-08 00:20:36,765 [INFO]  Epoch[2] Time cost=0.008
2024-04-08 00:20:36,766 [INFO]  Saved checkpoint to "./imputer_model/28_haberman/imputer_model_positive/model-0002.params"
2024-04-08 00:20:36,768 [INFO]  Epoch[2] Validation-cross-entropy=0.080855
2024-04-08 00:20:36,768 [INFO]  Epoch[2] Validation-positive-accuracy=0.000000
2024-04-08 00:20:36,788 [INFO]  Epoch[3] Batch [0-7]	Speed: 10576.89 samples/sec	cross-entropy=0.173519	positive-accuracy=3.750000
2024-04-08 00:20:36,795 [INFO]  Epoch[3] Train-cross-entropy=0.081383
2024-04-08 00:20:36,795 [INFO]  Epoch[3] Train-positive-accuracy=4.000000
2024-04-08 00:20:36,795 [INFO]  Epoch[3] Time cost=0.027
2024-04-08 00:20:36,796 [INFO]  Saved checkpoint to "./imputer_model/28_haberman/imputer_model_positive/model-0003.params"
2024-04-08 00:20:36,798 [INFO]  Epoch[3] Validation-cross-entropy=0.176045
2024-04-08 00:20:36,798 [INFO]  Epoch[3] Validation-positive-accuracy=0.000000
2024-04-08 00:20:36,807 [INFO]  Epoch[4] Batch [0-7]	Speed: 14845.22 samples/sec	cross-entropy=0.091243	positive-accuracy=3.750000
2024-04-08 00:20:36,813 [INFO]  Epoch[4] Train-cross-entropy=0.066163
2024-04-08 00:20:36,813 [INFO]  Epoch[4] Train-positive-accuracy=4.000000
2024-04-08 00:20:36,813 [INFO]  Epoch[4] Time cost=0.016
2024-04-08 00:20:36,815 [INFO]  Saved checkpoint to "./imputer_model/28_haberman/imputer_model_positive/model-0004.params"
2024-04-08 00:20:36,816 [INFO]  Epoch[4] Validation-cross-entropy=0.040057
2024-04-08 00:20:36,816 [INFO]  Epoch[4] Validation-positive-accuracy=0.000000
2024-04-08 00:20:36,816 [INFO]  
========== done (0.18001699447631836 s) fit model
2024-04-08 00:20:38,507 [INFO]  
========== start: fit model
2024-04-08 00:20:38,507 [WARNING]  Already bound, ignoring bind()
2024-04-08 00:20:38,808 [INFO]  Epoch[0] Batch [0-7]	Speed: 934.44 samples/sec	cross-entropy=32.204313	positive-accuracy=0.000000
2024-04-08 00:20:38,816 [INFO]  Epoch[0] Train-cross-entropy=16.496469
2024-04-08 00:20:38,816 [INFO]  Epoch[0] Train-positive-accuracy=0.000000
2024-04-08 00:20:38,816 [INFO]  Epoch[0] Time cost=0.308
2024-04-08 00:20:38,818 [INFO]  Saved checkpoint to "./imputer_model/28_haberman/imputer_model_positive/model-0000.params"
2024-04-08 00:20:38,853 [INFO]  Epoch[0] Validation-cross-entropy=13.287264
2024-04-08 00:20:38,853 [INFO]  Epoch[0] Validation-positive-accuracy=0.000000
2024-04-08 00:20:38,870 [INFO]  Epoch[1] Batch [0-7]	Speed: 7427.07 samples/sec	cross-entropy=3.170629	positive-accuracy=0.000000
2024-04-08 00:20:38,892 [INFO]  Epoch[1] Train-cross-entropy=1.108014
2024-04-08 00:20:38,892 [INFO]  Epoch[1] Train-positive-accuracy=0.000000
2024-04-08 00:20:38,893 [INFO]  Epoch[1] Time cost=0.040
2024-04-08 00:20:38,894 [INFO]  Saved checkpoint to "./imputer_model/28_haberman/imputer_model_positive/model-0001.params"
2024-04-08 00:20:38,896 [INFO]  Epoch[1] Validation-cross-entropy=2.602666
2024-04-08 00:20:38,896 [INFO]  Epoch[1] Validation-positive-accuracy=0.000000
2024-04-08 00:20:38,902 [INFO]  Epoch[2] Batch [0-7]	Speed: 20994.95 samples/sec	cross-entropy=0.903465	positive-accuracy=0.000000
2024-04-08 00:20:38,908 [INFO]  Epoch[2] Train-cross-entropy=1.071492
2024-04-08 00:20:38,908 [INFO]  Epoch[2] Train-positive-accuracy=0.000000
2024-04-08 00:20:38,908 [INFO]  Epoch[2] Time cost=0.012
2024-04-08 00:20:38,909 [INFO]  Saved checkpoint to "./imputer_model/28_haberman/imputer_model_positive/model-0002.params"
2024-04-08 00:20:38,911 [INFO]  Epoch[2] Validation-cross-entropy=2.346255
2024-04-08 00:20:38,911 [INFO]  Epoch[2] Validation-positive-accuracy=0.000000
2024-04-08 00:20:38,943 [INFO]  Epoch[3] Batch [0-7]	Speed: 15217.43 samples/sec	cross-entropy=0.424038	positive-accuracy=0.000000
2024-04-08 00:20:38,950 [INFO]  Epoch[3] Train-cross-entropy=0.168995
2024-04-08 00:20:38,950 [INFO]  Epoch[3] Train-positive-accuracy=0.000000
2024-04-08 00:20:38,950 [INFO]  Epoch[3] Time cost=0.038
2024-04-08 00:20:38,951 [INFO]  Saved checkpoint to "./imputer_model/28_haberman/imputer_model_positive/model-0003.params"
2024-04-08 00:20:38,952 [INFO]  Epoch[3] Validation-cross-entropy=0.206657
2024-04-08 00:20:38,953 [INFO]  Epoch[3] Validation-positive-accuracy=0.000000
2024-04-08 00:20:38,970 [INFO]  Epoch[4] Batch [0-7]	Speed: 6888.31 samples/sec	cross-entropy=0.139991	positive-accuracy=0.000000
2024-04-08 00:20:38,976 [INFO]  Epoch[4] Train-cross-entropy=0.124823
2024-04-08 00:20:38,977 [INFO]  Epoch[4] Train-positive-accuracy=0.000000
2024-04-08 00:20:38,977 [INFO]  Epoch[4] Time cost=0.024
2024-04-08 00:20:38,978 [INFO]  Saved checkpoint to "./imputer_model/28_haberman/imputer_model_positive/model-0004.params"
2024-04-08 00:20:38,980 [INFO]  Epoch[4] Validation-cross-entropy=0.071105
2024-04-08 00:20:38,980 [INFO]  Epoch[4] Validation-positive-accuracy=0.000000
2024-04-08 00:20:38,980 [INFO]  
========== done (0.4728398323059082 s) fit model
2024-04-08 00:20:40,292 [INFO]  
========== start: fit model
2024-04-08 00:20:40,292 [WARNING]  Already bound, ignoring bind()
2024-04-08 00:20:40,768 [INFO]  Epoch[0] Batch [0-7]	Speed: 396.36 samples/sec	cross-entropy=13.657264	positive-accuracy=4.250000
2024-04-08 00:20:40,777 [INFO]  Epoch[0] Train-cross-entropy=5.505181
2024-04-08 00:20:40,777 [INFO]  Epoch[0] Train-positive-accuracy=2.500000
2024-04-08 00:20:40,777 [INFO]  Epoch[0] Time cost=0.483
2024-04-08 00:20:40,779 [INFO]  Saved checkpoint to "./imputer_model/28_haberman/imputer_model_positive/model-0000.params"
2024-04-08 00:20:40,780 [INFO]  Epoch[0] Validation-cross-entropy=1.319447
2024-04-08 00:20:40,780 [INFO]  Epoch[0] Validation-positive-accuracy=0.000000
2024-04-08 00:20:40,864 [INFO]  Epoch[1] Batch [0-7]	Speed: 1345.56 samples/sec	cross-entropy=0.551475	positive-accuracy=4.250000
2024-04-08 00:20:40,924 [INFO]  Epoch[1] Train-cross-entropy=0.961680
2024-04-08 00:20:40,924 [INFO]  Epoch[1] Train-positive-accuracy=2.500000
2024-04-08 00:20:40,924 [INFO]  Epoch[1] Time cost=0.144
2024-04-08 00:20:40,926 [INFO]  Saved checkpoint to "./imputer_model/28_haberman/imputer_model_positive/model-0001.params"
2024-04-08 00:20:40,958 [INFO]  Epoch[1] Validation-cross-entropy=0.803816
2024-04-08 00:20:40,958 [INFO]  Epoch[1] Validation-positive-accuracy=0.000000
2024-04-08 00:20:40,990 [INFO]  Epoch[2] Batch [0-7]	Speed: 13859.74 samples/sec	cross-entropy=0.684870	positive-accuracy=4.250000
2024-04-08 00:20:40,996 [INFO]  Epoch[2] Train-cross-entropy=0.356743
2024-04-08 00:20:40,996 [INFO]  Epoch[2] Train-positive-accuracy=2.500000
2024-04-08 00:20:40,996 [INFO]  Epoch[2] Time cost=0.038
2024-04-08 00:20:40,998 [INFO]  Saved checkpoint to "./imputer_model/28_haberman/imputer_model_positive/model-0002.params"
2024-04-08 00:20:41,000 [INFO]  Epoch[2] Validation-cross-entropy=0.170599
2024-04-08 00:20:41,000 [INFO]  Epoch[2] Validation-positive-accuracy=0.000000
2024-04-08 00:20:41,009 [INFO]  Epoch[3] Batch [0-7]	Speed: 14847.09 samples/sec	cross-entropy=0.102811	positive-accuracy=4.250000
2024-04-08 00:20:41,016 [INFO]  Epoch[3] Train-cross-entropy=0.134762
2024-04-08 00:20:41,016 [INFO]  Epoch[3] Train-positive-accuracy=2.500000
2024-04-08 00:20:41,016 [INFO]  Epoch[3] Time cost=0.015
2024-04-08 00:20:41,017 [INFO]  Saved checkpoint to "./imputer_model/28_haberman/imputer_model_positive/model-0003.params"
2024-04-08 00:20:41,019 [INFO]  Epoch[3] Validation-cross-entropy=0.099474
2024-04-08 00:20:41,019 [INFO]  Epoch[3] Validation-positive-accuracy=0.000000
2024-04-08 00:20:41,028 [INFO]  Epoch[4] Batch [0-7]	Speed: 14548.22 samples/sec	cross-entropy=0.069445	positive-accuracy=4.250000
2024-04-08 00:20:41,035 [INFO]  Epoch[4] Train-cross-entropy=0.050352
2024-04-08 00:20:41,035 [INFO]  Epoch[4] Train-positive-accuracy=2.500000
2024-04-08 00:20:41,035 [INFO]  Epoch[4] Time cost=0.017
2024-04-08 00:20:41,037 [INFO]  Saved checkpoint to "./imputer_model/28_haberman/imputer_model_positive/model-0004.params"
2024-04-08 00:20:41,038 [INFO]  Epoch[4] Validation-cross-entropy=0.027559
2024-04-08 00:20:41,038 [INFO]  Epoch[4] Validation-positive-accuracy=0.000000
2024-04-08 00:20:41,038 [INFO]  
========== done (0.746363639831543 s) fit model
2024-04-08 00:20:42,268 [INFO]  
========== start: fit model
2024-04-08 00:20:42,268 [WARNING]  Already bound, ignoring bind()
2024-04-08 00:20:42,309 [INFO]  Epoch[0] Batch [0-7]	Speed: 3507.49 samples/sec	cross-entropy=4.838908	positive-accuracy=4.375000
2024-04-08 00:20:42,315 [INFO]  Epoch[0] Train-cross-entropy=0.647060
2024-04-08 00:20:42,315 [INFO]  Epoch[0] Train-positive-accuracy=2.666667
2024-04-08 00:20:42,315 [INFO]  Epoch[0] Time cost=0.046
2024-04-08 00:20:42,317 [INFO]  Saved checkpoint to "./imputer_model/28_haberman/imputer_model_positive/model-0000.params"
2024-04-08 00:20:42,342 [INFO]  Epoch[0] Validation-cross-entropy=0.956149
2024-04-08 00:20:42,342 [INFO]  Epoch[0] Validation-positive-accuracy=0.000000
2024-04-08 00:20:42,348 [INFO]  Epoch[1] Batch [0-7]	Speed: 21501.38 samples/sec	cross-entropy=0.892456	positive-accuracy=4.375000
2024-04-08 00:20:42,381 [INFO]  Epoch[1] Train-cross-entropy=0.260671
2024-04-08 00:20:42,382 [INFO]  Epoch[1] Train-positive-accuracy=2.666667
2024-04-08 00:20:42,382 [INFO]  Epoch[1] Time cost=0.039
2024-04-08 00:20:42,384 [INFO]  Saved checkpoint to "./imputer_model/28_haberman/imputer_model_positive/model-0001.params"
2024-04-08 00:20:42,385 [INFO]  Epoch[1] Validation-cross-entropy=0.476865
2024-04-08 00:20:42,385 [INFO]  Epoch[1] Validation-positive-accuracy=0.000000
2024-04-08 00:20:42,392 [INFO]  Epoch[2] Batch [0-7]	Speed: 19355.67 samples/sec	cross-entropy=0.135204	positive-accuracy=4.375000
2024-04-08 00:20:42,396 [INFO]  Epoch[2] Train-cross-entropy=0.200201
2024-04-08 00:20:42,396 [INFO]  Epoch[2] Train-positive-accuracy=2.666667
2024-04-08 00:20:42,396 [INFO]  Epoch[2] Time cost=0.011
2024-04-08 00:20:42,398 [INFO]  Saved checkpoint to "./imputer_model/28_haberman/imputer_model_positive/model-0002.params"
2024-04-08 00:20:42,399 [INFO]  Epoch[2] Validation-cross-entropy=0.069339
2024-04-08 00:20:42,399 [INFO]  Epoch[2] Validation-positive-accuracy=0.000000
2024-04-08 00:20:42,469 [INFO]  Epoch[3] Batch [0-7]	Speed: 1640.57 samples/sec	cross-entropy=0.080854	positive-accuracy=4.375000
2024-04-08 00:20:42,473 [INFO]  Epoch[3] Train-cross-entropy=0.060253
2024-04-08 00:20:42,473 [INFO]  Epoch[3] Train-positive-accuracy=2.666667
2024-04-08 00:20:42,473 [INFO]  Epoch[3] Time cost=0.074
2024-04-08 00:20:42,488 [INFO]  Saved checkpoint to "./imputer_model/28_haberman/imputer_model_positive/model-0003.params"
2024-04-08 00:20:42,520 [INFO]  Epoch[3] Validation-cross-entropy=0.061767
2024-04-08 00:20:42,520 [INFO]  Epoch[3] Validation-positive-accuracy=0.000000
2024-04-08 00:20:42,549 [INFO]  Epoch[4] Batch [0-7]	Speed: 3986.44 samples/sec	cross-entropy=0.062635	positive-accuracy=4.375000
2024-04-08 00:20:42,566 [INFO]  Epoch[4] Train-cross-entropy=0.063861
2024-04-08 00:20:42,566 [INFO]  Epoch[4] Train-positive-accuracy=2.666667
2024-04-08 00:20:42,566 [INFO]  Epoch[4] Time cost=0.046
2024-04-08 00:20:42,568 [INFO]  Saved checkpoint to "./imputer_model/28_haberman/imputer_model_positive/model-0004.params"
2024-04-08 00:20:42,568 [INFO]  Epoch[4] Validation-cross-entropy=0.042933
2024-04-08 00:20:42,569 [INFO]  Epoch[4] Validation-positive-accuracy=0.000000
2024-04-08 00:20:42,569 [INFO]  
========== done (0.30040764808654785 s) fit model
2024-04-08 00:20:44,226 [INFO]  
========== start: fit model
2024-04-08 00:20:44,226 [WARNING]  Already bound, ignoring bind()
2024-04-08 00:20:44,263 [INFO]  Epoch[0] Batch [0-7]	Speed: 4287.17 samples/sec	cross-entropy=6.522823	positive-accuracy=3.375000
2024-04-08 00:20:44,266 [INFO]  Epoch[0] Train-cross-entropy=0.691271
2024-04-08 00:20:44,267 [INFO]  Epoch[0] Train-positive-accuracy=4.500000
2024-04-08 00:20:44,267 [INFO]  Epoch[0] Time cost=0.039
2024-04-08 00:20:44,270 [INFO]  Saved checkpoint to "./imputer_model/28_haberman/imputer_model_positive/model-0000.params"
2024-04-08 00:20:44,285 [INFO]  Epoch[0] Validation-cross-entropy=0.746233
2024-04-08 00:20:44,285 [INFO]  Epoch[0] Validation-positive-accuracy=0.000000
2024-04-08 00:20:44,292 [INFO]  Epoch[1] Batch [0-7]	Speed: 21018.44 samples/sec	cross-entropy=1.118189	positive-accuracy=3.375000
2024-04-08 00:20:44,296 [INFO]  Epoch[1] Train-cross-entropy=0.439796
2024-04-08 00:20:44,296 [INFO]  Epoch[1] Train-positive-accuracy=4.500000
2024-04-08 00:20:44,296 [INFO]  Epoch[1] Time cost=0.011
2024-04-08 00:20:44,298 [INFO]  Saved checkpoint to "./imputer_model/28_haberman/imputer_model_positive/model-0001.params"
2024-04-08 00:20:44,320 [INFO]  Epoch[1] Validation-cross-entropy=0.423122
2024-04-08 00:20:44,320 [INFO]  Epoch[1] Validation-positive-accuracy=0.000000
2024-04-08 00:20:44,326 [INFO]  Epoch[2] Batch [0-7]	Speed: 24809.19 samples/sec	cross-entropy=0.179225	positive-accuracy=3.375000
2024-04-08 00:20:44,330 [INFO]  Epoch[2] Train-cross-entropy=0.177856
2024-04-08 00:20:44,330 [INFO]  Epoch[2] Train-positive-accuracy=4.500000
2024-04-08 00:20:44,330 [INFO]  Epoch[2] Time cost=0.009
2024-04-08 00:20:44,331 [INFO]  Saved checkpoint to "./imputer_model/28_haberman/imputer_model_positive/model-0002.params"
2024-04-08 00:20:44,332 [INFO]  Epoch[2] Validation-cross-entropy=0.206400
2024-04-08 00:20:44,332 [INFO]  Epoch[2] Validation-positive-accuracy=0.000000
2024-04-08 00:20:44,337 [INFO]  Epoch[3] Batch [0-7]	Speed: 27985.35 samples/sec	cross-entropy=0.097653	positive-accuracy=3.375000
2024-04-08 00:20:44,341 [INFO]  Epoch[3] Train-cross-entropy=0.043672
2024-04-08 00:20:44,341 [INFO]  Epoch[3] Train-positive-accuracy=4.500000
2024-04-08 00:20:44,341 [INFO]  Epoch[3] Time cost=0.008
2024-04-08 00:20:44,342 [INFO]  Saved checkpoint to "./imputer_model/28_haberman/imputer_model_positive/model-0003.params"
2024-04-08 00:20:44,343 [INFO]  Epoch[3] Validation-cross-entropy=0.051659
2024-04-08 00:20:44,343 [INFO]  Epoch[3] Validation-positive-accuracy=0.000000
2024-04-08 00:20:44,348 [INFO]  Epoch[4] Batch [0-7]	Speed: 27829.51 samples/sec	cross-entropy=0.057512	positive-accuracy=3.375000
2024-04-08 00:20:44,352 [INFO]  Epoch[4] Train-cross-entropy=0.035230
2024-04-08 00:20:44,352 [INFO]  Epoch[4] Train-positive-accuracy=4.500000
2024-04-08 00:20:44,352 [INFO]  Epoch[4] Time cost=0.009
2024-04-08 00:20:44,353 [INFO]  Saved checkpoint to "./imputer_model/28_haberman/imputer_model_positive/model-0004.params"
2024-04-08 00:20:44,354 [INFO]  Epoch[4] Validation-cross-entropy=0.068186
2024-04-08 00:20:44,354 [INFO]  Epoch[4] Validation-positive-accuracy=0.000000
2024-04-08 00:20:44,354 [INFO]  
========== done (0.1285543441772461 s) fit model
2024-04-08 00:20:45,485 [INFO]  
========== start: fit model
2024-04-08 00:20:45,486 [WARNING]  Already bound, ignoring bind()
2024-04-08 00:20:45,526 [INFO]  Epoch[0] Batch [0-7]	Speed: 3162.85 samples/sec	cross-entropy=7.723435	positive-accuracy=0.000000
2024-04-08 00:20:45,555 [INFO]  Epoch[0] Train-cross-entropy=3.700160
2024-04-08 00:20:45,555 [INFO]  Epoch[0] Train-positive-accuracy=0.000000
2024-04-08 00:20:45,555 [INFO]  Epoch[0] Time cost=0.069
2024-04-08 00:20:45,557 [INFO]  Saved checkpoint to "./imputer_model/28_haberman/imputer_model_positive/model-0000.params"
2024-04-08 00:20:45,558 [INFO]  Epoch[0] Validation-cross-entropy=0.377784
2024-04-08 00:20:45,558 [INFO]  Epoch[0] Validation-positive-accuracy=0.000000
2024-04-08 00:20:45,570 [INFO]  Epoch[1] Batch [0-7]	Speed: 9860.04 samples/sec	cross-entropy=0.644845	positive-accuracy=0.000000
2024-04-08 00:20:45,592 [INFO]  Epoch[1] Train-cross-entropy=1.444617
2024-04-08 00:20:45,592 [INFO]  Epoch[1] Train-positive-accuracy=0.000000
2024-04-08 00:20:45,592 [INFO]  Epoch[1] Time cost=0.034
2024-04-08 00:20:45,594 [INFO]  Saved checkpoint to "./imputer_model/28_haberman/imputer_model_positive/model-0001.params"
2024-04-08 00:20:45,595 [INFO]  Epoch[1] Validation-cross-entropy=0.849708
2024-04-08 00:20:45,595 [INFO]  Epoch[1] Validation-positive-accuracy=0.000000
2024-04-08 00:20:45,655 [INFO]  Epoch[2] Batch [0-7]	Speed: 1899.73 samples/sec	cross-entropy=0.381099	positive-accuracy=0.000000
2024-04-08 00:20:45,662 [INFO]  Epoch[2] Train-cross-entropy=0.141144
2024-04-08 00:20:45,662 [INFO]  Epoch[2] Train-positive-accuracy=0.000000
2024-04-08 00:20:45,662 [INFO]  Epoch[2] Time cost=0.067
2024-04-08 00:20:45,664 [INFO]  Saved checkpoint to "./imputer_model/28_haberman/imputer_model_positive/model-0002.params"
2024-04-08 00:20:45,665 [INFO]  Epoch[2] Validation-cross-entropy=0.103551
2024-04-08 00:20:45,665 [INFO]  Epoch[2] Validation-positive-accuracy=0.000000
2024-04-08 00:20:45,673 [INFO]  Epoch[3] Batch [0-7]	Speed: 15209.05 samples/sec	cross-entropy=0.077499	positive-accuracy=0.000000
2024-04-08 00:20:45,678 [INFO]  Epoch[3] Train-cross-entropy=0.182708
2024-04-08 00:20:45,678 [INFO]  Epoch[3] Train-positive-accuracy=0.000000
2024-04-08 00:20:45,678 [INFO]  Epoch[3] Time cost=0.013
2024-04-08 00:20:45,680 [INFO]  Saved checkpoint to "./imputer_model/28_haberman/imputer_model_positive/model-0003.params"
2024-04-08 00:20:45,681 [INFO]  Epoch[3] Validation-cross-entropy=0.041043
2024-04-08 00:20:45,681 [INFO]  Epoch[3] Validation-positive-accuracy=0.000000
2024-04-08 00:20:45,690 [INFO]  Epoch[4] Batch [0-7]	Speed: 14963.43 samples/sec	cross-entropy=0.060662	positive-accuracy=0.000000
2024-04-08 00:20:45,697 [INFO]  Epoch[4] Train-cross-entropy=0.060547
2024-04-08 00:20:45,697 [INFO]  Epoch[4] Train-positive-accuracy=0.000000
2024-04-08 00:20:45,697 [INFO]  Epoch[4] Time cost=0.016
2024-04-08 00:20:45,701 [INFO]  Saved checkpoint to "./imputer_model/28_haberman/imputer_model_positive/model-0004.params"
2024-04-08 00:20:45,711 [INFO]  Epoch[4] Validation-cross-entropy=0.063605
2024-04-08 00:20:45,711 [INFO]  Epoch[4] Validation-positive-accuracy=0.000000
2024-04-08 00:20:45,711 [INFO]  
========== done (0.22523999214172363 s) fit model
2024-04-08 00:20:46,593 [INFO]  
========== start: fit model
2024-04-08 00:20:46,593 [WARNING]  Already bound, ignoring bind()
2024-04-08 00:20:47,111 [INFO]  Epoch[0] Batch [0-7]	Speed: 219.77 samples/sec	cross-entropy=10.697533	positive-accuracy=3.500000
2024-04-08 00:20:47,183 [INFO]  Epoch[0] Train-cross-entropy=1.091617
2024-04-08 00:20:47,183 [INFO]  Epoch[0] Train-positive-accuracy=4.000000
2024-04-08 00:20:47,183 [INFO]  Epoch[0] Time cost=0.589
2024-04-08 00:20:47,185 [INFO]  Saved checkpoint to "./imputer_model/28_haberman/imputer_model_positive/model-0000.params"
2024-04-08 00:20:47,186 [INFO]  Epoch[0] Validation-cross-entropy=0.192641
2024-04-08 00:20:47,186 [INFO]  Epoch[0] Validation-positive-accuracy=0.000000
2024-04-08 00:20:47,193 [INFO]  Epoch[1] Batch [0-7]	Speed: 20839.41 samples/sec	cross-entropy=0.591594	positive-accuracy=3.500000
2024-04-08 00:20:47,202 [INFO]  Epoch[1] Train-cross-entropy=0.677722
2024-04-08 00:20:47,202 [INFO]  Epoch[1] Train-positive-accuracy=4.000000
2024-04-08 00:20:47,203 [INFO]  Epoch[1] Time cost=0.016
2024-04-08 00:20:47,204 [INFO]  Saved checkpoint to "./imputer_model/28_haberman/imputer_model_positive/model-0001.params"
2024-04-08 00:20:47,205 [INFO]  Epoch[1] Validation-cross-entropy=0.385569
2024-04-08 00:20:47,205 [INFO]  Epoch[1] Validation-positive-accuracy=0.000000
2024-04-08 00:20:47,215 [INFO]  Epoch[2] Batch [0-7]	Speed: 13585.97 samples/sec	cross-entropy=0.330888	positive-accuracy=3.500000
2024-04-08 00:20:47,222 [INFO]  Epoch[2] Train-cross-entropy=0.080812
2024-04-08 00:20:47,222 [INFO]  Epoch[2] Train-positive-accuracy=4.000000
2024-04-08 00:20:47,222 [INFO]  Epoch[2] Time cost=0.016
2024-04-08 00:20:47,224 [INFO]  Saved checkpoint to "./imputer_model/28_haberman/imputer_model_positive/model-0002.params"
2024-04-08 00:20:47,225 [INFO]  Epoch[2] Validation-cross-entropy=0.070724
2024-04-08 00:20:47,225 [INFO]  Epoch[2] Validation-positive-accuracy=0.000000
2024-04-08 00:20:47,272 [INFO]  Epoch[3] Batch [0-7]	Speed: 2432.40 samples/sec	cross-entropy=0.171171	positive-accuracy=3.500000
2024-04-08 00:20:47,276 [INFO]  Epoch[3] Train-cross-entropy=0.041229
2024-04-08 00:20:47,276 [INFO]  Epoch[3] Train-positive-accuracy=4.000000
2024-04-08 00:20:47,277 [INFO]  Epoch[3] Time cost=0.051
2024-04-08 00:20:47,278 [INFO]  Saved checkpoint to "./imputer_model/28_haberman/imputer_model_positive/model-0003.params"
2024-04-08 00:20:47,279 [INFO]  Epoch[3] Validation-cross-entropy=0.028086
2024-04-08 00:20:47,279 [INFO]  Epoch[3] Validation-positive-accuracy=0.000000
2024-04-08 00:20:47,291 [INFO]  Epoch[4] Batch [0-7]	Speed: 11129.16 samples/sec	cross-entropy=0.023174	positive-accuracy=3.500000
2024-04-08 00:20:47,407 [INFO]  Epoch[4] Train-cross-entropy=0.032196
2024-04-08 00:20:47,407 [INFO]  Epoch[4] Train-positive-accuracy=4.000000
2024-04-08 00:20:47,407 [INFO]  Epoch[4] Time cost=0.128
2024-04-08 00:20:47,411 [INFO]  Saved checkpoint to "./imputer_model/28_haberman/imputer_model_positive/model-0004.params"
2024-04-08 00:20:47,451 [INFO]  Epoch[4] Validation-cross-entropy=0.037279
2024-04-08 00:20:47,451 [INFO]  Epoch[4] Validation-positive-accuracy=0.000000
2024-04-08 00:20:47,451 [INFO]  
========== done (0.8579602241516113 s) fit model
2024-04-08 00:20:48,783 [INFO]  
========== start: fit model
2024-04-08 00:20:48,784 [WARNING]  Already bound, ignoring bind()
2024-04-08 00:20:48,796 [INFO]  Epoch[0] Batch [0-7]	Speed: 12920.10 samples/sec	cross-entropy=16.417301	positive-accuracy=3.375000
2024-04-08 00:20:48,803 [INFO]  Epoch[0] Train-cross-entropy=1.009431
2024-04-08 00:20:48,803 [INFO]  Epoch[0] Train-positive-accuracy=4.166667
2024-04-08 00:20:48,803 [INFO]  Epoch[0] Time cost=0.019
2024-04-08 00:20:48,805 [INFO]  Saved checkpoint to "./imputer_model/28_haberman/imputer_model_positive/model-0000.params"
2024-04-08 00:20:48,807 [INFO]  Epoch[0] Validation-cross-entropy=0.322543
2024-04-08 00:20:48,807 [INFO]  Epoch[0] Validation-positive-accuracy=0.000000
2024-04-08 00:20:48,816 [INFO]  Epoch[1] Batch [0-7]	Speed: 13998.09 samples/sec	cross-entropy=0.990045	positive-accuracy=3.375000
2024-04-08 00:20:48,823 [INFO]  Epoch[1] Train-cross-entropy=0.391861
2024-04-08 00:20:48,823 [INFO]  Epoch[1] Train-positive-accuracy=4.166667
2024-04-08 00:20:48,823 [INFO]  Epoch[1] Time cost=0.017
2024-04-08 00:20:48,825 [INFO]  Saved checkpoint to "./imputer_model/28_haberman/imputer_model_positive/model-0001.params"
2024-04-08 00:20:48,827 [INFO]  Epoch[1] Validation-cross-entropy=0.255785
2024-04-08 00:20:48,827 [INFO]  Epoch[1] Validation-positive-accuracy=0.000000
2024-04-08 00:20:48,836 [INFO]  Epoch[2] Batch [0-7]	Speed: 14145.20 samples/sec	cross-entropy=0.495122	positive-accuracy=3.375000
2024-04-08 00:20:48,843 [INFO]  Epoch[2] Train-cross-entropy=0.183997
2024-04-08 00:20:48,843 [INFO]  Epoch[2] Train-positive-accuracy=4.166667
2024-04-08 00:20:48,843 [INFO]  Epoch[2] Time cost=0.016
2024-04-08 00:20:48,845 [INFO]  Saved checkpoint to "./imputer_model/28_haberman/imputer_model_positive/model-0002.params"
2024-04-08 00:20:48,847 [INFO]  Epoch[2] Validation-cross-entropy=0.036507
2024-04-08 00:20:48,847 [INFO]  Epoch[2] Validation-positive-accuracy=0.000000
2024-04-08 00:20:48,856 [INFO]  Epoch[3] Batch [0-7]	Speed: 14592.96 samples/sec	cross-entropy=0.060908	positive-accuracy=3.375000
2024-04-08 00:20:48,863 [INFO]  Epoch[3] Train-cross-entropy=0.033042
2024-04-08 00:20:48,863 [INFO]  Epoch[3] Train-positive-accuracy=4.166667
2024-04-08 00:20:48,863 [INFO]  Epoch[3] Time cost=0.016
2024-04-08 00:20:48,865 [INFO]  Saved checkpoint to "./imputer_model/28_haberman/imputer_model_positive/model-0003.params"
2024-04-08 00:20:48,866 [INFO]  Epoch[3] Validation-cross-entropy=0.029303
2024-04-08 00:20:48,866 [INFO]  Epoch[3] Validation-positive-accuracy=0.000000
2024-04-08 00:20:48,873 [INFO]  Epoch[4] Batch [0-7]	Speed: 23493.98 samples/sec	cross-entropy=0.077071	positive-accuracy=3.375000
2024-04-08 00:20:48,876 [INFO]  Epoch[4] Train-cross-entropy=0.021729
2024-04-08 00:20:48,877 [INFO]  Epoch[4] Train-positive-accuracy=4.166667
2024-04-08 00:20:48,877 [INFO]  Epoch[4] Time cost=0.010
2024-04-08 00:20:48,878 [INFO]  Saved checkpoint to "./imputer_model/28_haberman/imputer_model_positive/model-0004.params"
2024-04-08 00:20:48,879 [INFO]  Epoch[4] Validation-cross-entropy=0.006089
2024-04-08 00:20:48,880 [INFO]  Epoch[4] Validation-positive-accuracy=0.000000
2024-04-08 00:20:48,880 [INFO]  
========== done (0.09620213508605957 s) fit model
2024-04-08 00:20:49,905 [INFO]  
========== start: fit model
2024-04-08 00:20:49,905 [WARNING]  Already bound, ignoring bind()
2024-04-08 00:20:49,912 [INFO]  Epoch[0] Batch [0-7]	Speed: 26468.45 samples/sec	cross-entropy=3.539634	positive-accuracy=0.000000
2024-04-08 00:20:49,915 [INFO]  Epoch[0] Train-cross-entropy=1.129832
2024-04-08 00:20:49,915 [INFO]  Epoch[0] Train-positive-accuracy=0.000000
2024-04-08 00:20:49,915 [INFO]  Epoch[0] Time cost=0.009
2024-04-08 00:20:49,917 [INFO]  Saved checkpoint to "./imputer_model/28_haberman/imputer_model_positive/model-0000.params"
2024-04-08 00:20:49,918 [INFO]  Epoch[0] Validation-cross-entropy=0.551399
2024-04-08 00:20:49,918 [INFO]  Epoch[0] Validation-positive-accuracy=0.000000
2024-04-08 00:20:49,923 [INFO]  Epoch[1] Batch [0-7]	Speed: 27011.79 samples/sec	cross-entropy=1.347469	positive-accuracy=0.000000
2024-04-08 00:20:49,926 [INFO]  Epoch[1] Train-cross-entropy=0.226227
2024-04-08 00:20:49,926 [INFO]  Epoch[1] Train-positive-accuracy=0.000000
2024-04-08 00:20:49,926 [INFO]  Epoch[1] Time cost=0.009
2024-04-08 00:20:49,928 [INFO]  Saved checkpoint to "./imputer_model/28_haberman/imputer_model_positive/model-0001.params"
2024-04-08 00:20:49,929 [INFO]  Epoch[1] Validation-cross-entropy=0.122834
2024-04-08 00:20:49,929 [INFO]  Epoch[1] Validation-positive-accuracy=0.000000
2024-04-08 00:20:50,140 [INFO]  Epoch[2] Batch [0-7]	Speed: 531.21 samples/sec	cross-entropy=0.365394	positive-accuracy=0.000000
2024-04-08 00:20:50,176 [INFO]  Epoch[2] Train-cross-entropy=0.076210
2024-04-08 00:20:50,176 [INFO]  Epoch[2] Train-positive-accuracy=0.000000
2024-04-08 00:20:50,176 [INFO]  Epoch[2] Time cost=0.247
2024-04-08 00:20:50,177 [INFO]  Saved checkpoint to "./imputer_model/28_haberman/imputer_model_positive/model-0002.params"
2024-04-08 00:20:50,178 [INFO]  Epoch[2] Validation-cross-entropy=0.050194
2024-04-08 00:20:50,178 [INFO]  Epoch[2] Validation-positive-accuracy=0.000000
2024-04-08 00:20:50,380 [INFO]  Epoch[3] Batch [0-7]	Speed: 558.94 samples/sec	cross-entropy=0.106008	positive-accuracy=0.000000
2024-04-08 00:20:50,408 [INFO]  Epoch[3] Train-cross-entropy=0.039905
2024-04-08 00:20:50,408 [INFO]  Epoch[3] Train-positive-accuracy=0.000000
2024-04-08 00:20:50,408 [INFO]  Epoch[3] Time cost=0.230
2024-04-08 00:20:50,410 [INFO]  Saved checkpoint to "./imputer_model/28_haberman/imputer_model_positive/model-0003.params"
2024-04-08 00:20:50,412 [INFO]  Epoch[3] Validation-cross-entropy=0.036682
2024-04-08 00:20:50,412 [INFO]  Epoch[3] Validation-positive-accuracy=0.000000
2024-04-08 00:20:50,421 [INFO]  Epoch[4] Batch [0-7]	Speed: 14204.65 samples/sec	cross-entropy=0.059485	positive-accuracy=0.000000
2024-04-08 00:20:50,428 [INFO]  Epoch[4] Train-cross-entropy=0.036896
2024-04-08 00:20:50,428 [INFO]  Epoch[4] Train-positive-accuracy=0.000000
2024-04-08 00:20:50,428 [INFO]  Epoch[4] Time cost=0.016
2024-04-08 00:20:50,430 [INFO]  Saved checkpoint to "./imputer_model/28_haberman/imputer_model_positive/model-0004.params"
2024-04-08 00:20:50,432 [INFO]  Epoch[4] Validation-cross-entropy=0.034623
2024-04-08 00:20:50,432 [INFO]  Epoch[4] Validation-positive-accuracy=0.000000
2024-04-08 00:20:50,432 [INFO]  
========== done (0.5269548892974854 s) fit model
2024-04-08 00:20:51,621 [INFO]  
========== start: fit model
2024-04-08 00:20:51,621 [WARNING]  Already bound, ignoring bind()
2024-04-08 00:20:51,684 [INFO]  Epoch[0] Batch [0-7]	Speed: 15363.75 samples/sec	cross-entropy=37.978628	positive-accuracy=0.000000
2024-04-08 00:20:51,709 [INFO]  Epoch[0] Train-cross-entropy=5.274856
2024-04-08 00:20:51,710 [INFO]  Epoch[0] Train-positive-accuracy=0.000000
2024-04-08 00:20:51,710 [INFO]  Epoch[0] Time cost=0.088
2024-04-08 00:20:51,711 [INFO]  Saved checkpoint to "./imputer_model/28_haberman/imputer_model_positive/model-0000.params"
2024-04-08 00:20:51,716 [INFO]  Epoch[0] Validation-cross-entropy=7.041372
2024-04-08 00:20:51,716 [INFO]  Epoch[0] Validation-positive-accuracy=0.000000
2024-04-08 00:20:51,725 [INFO]  Epoch[1] Batch [0-7]	Speed: 15019.89 samples/sec	cross-entropy=6.578096	positive-accuracy=0.000000
2024-04-08 00:20:51,731 [INFO]  Epoch[1] Train-cross-entropy=0.379420
2024-04-08 00:20:51,732 [INFO]  Epoch[1] Train-positive-accuracy=0.000000
2024-04-08 00:20:51,732 [INFO]  Epoch[1] Time cost=0.015
2024-04-08 00:20:51,733 [INFO]  Saved checkpoint to "./imputer_model/28_haberman/imputer_model_positive/model-0001.params"
2024-04-08 00:20:51,734 [INFO]  Epoch[1] Validation-cross-entropy=0.317009
2024-04-08 00:20:51,734 [INFO]  Epoch[1] Validation-positive-accuracy=0.000000
2024-04-08 00:20:51,743 [INFO]  Epoch[2] Batch [0-7]	Speed: 15097.61 samples/sec	cross-entropy=0.732069	positive-accuracy=0.000000
2024-04-08 00:20:51,750 [INFO]  Epoch[2] Train-cross-entropy=0.507743
2024-04-08 00:20:51,750 [INFO]  Epoch[2] Train-positive-accuracy=0.000000
2024-04-08 00:20:51,750 [INFO]  Epoch[2] Time cost=0.015
2024-04-08 00:20:51,752 [INFO]  Saved checkpoint to "./imputer_model/28_haberman/imputer_model_positive/model-0002.params"
2024-04-08 00:20:51,753 [INFO]  Epoch[2] Validation-cross-entropy=0.762761
2024-04-08 00:20:51,753 [INFO]  Epoch[2] Validation-positive-accuracy=0.000000
2024-04-08 00:20:51,763 [INFO]  Epoch[3] Batch [0-7]	Speed: 14473.37 samples/sec	cross-entropy=0.471048	positive-accuracy=0.000000
2024-04-08 00:20:51,770 [INFO]  Epoch[3] Train-cross-entropy=0.237276
2024-04-08 00:20:51,770 [INFO]  Epoch[3] Train-positive-accuracy=0.000000
2024-04-08 00:20:51,770 [INFO]  Epoch[3] Time cost=0.017
2024-04-08 00:20:51,772 [INFO]  Saved checkpoint to "./imputer_model/28_haberman/imputer_model_positive/model-0003.params"
2024-04-08 00:20:51,773 [INFO]  Epoch[3] Validation-cross-entropy=0.249214
2024-04-08 00:20:51,773 [INFO]  Epoch[3] Validation-positive-accuracy=0.000000
2024-04-08 00:20:51,783 [INFO]  Epoch[4] Batch [0-7]	Speed: 14363.18 samples/sec	cross-entropy=0.157036	positive-accuracy=0.000000
2024-04-08 00:20:51,790 [INFO]  Epoch[4] Train-cross-entropy=0.070185
2024-04-08 00:20:51,790 [INFO]  Epoch[4] Train-positive-accuracy=0.000000
2024-04-08 00:20:51,790 [INFO]  Epoch[4] Time cost=0.017
2024-04-08 00:20:51,792 [INFO]  Saved checkpoint to "./imputer_model/28_haberman/imputer_model_positive/model-0004.params"
2024-04-08 00:20:51,794 [INFO]  Epoch[4] Validation-cross-entropy=0.089499
2024-04-08 00:20:51,794 [INFO]  Epoch[4] Validation-positive-accuracy=0.000000
2024-04-08 00:20:51,794 [INFO]  
========== done (0.17335820198059082 s) fit model
2024-04-08 00:20:53,268 [INFO]  
========== start: fit model
2024-04-08 00:20:53,268 [WARNING]  Already bound, ignoring bind()
2024-04-08 00:20:53,276 [INFO]  Epoch[0] Batch [0-7]	Speed: 21527.98 samples/sec	cross-entropy=33.667331	positive-accuracy=3.500000
2024-04-08 00:20:53,281 [INFO]  Epoch[0] Train-cross-entropy=11.178901
2024-04-08 00:20:53,282 [INFO]  Epoch[0] Train-positive-accuracy=4.166667
2024-04-08 00:20:53,282 [INFO]  Epoch[0] Time cost=0.012
2024-04-08 00:20:53,284 [INFO]  Saved checkpoint to "./imputer_model/28_haberman/imputer_model_positive/model-0000.params"
2024-04-08 00:20:53,285 [INFO]  Epoch[0] Validation-cross-entropy=2.189062
2024-04-08 00:20:53,286 [INFO]  Epoch[0] Validation-positive-accuracy=0.000000
2024-04-08 00:20:53,322 [INFO]  Epoch[1] Batch [0-7]	Speed: 16824.69 samples/sec	cross-entropy=3.637331	positive-accuracy=3.500000
2024-04-08 00:20:53,332 [INFO]  Epoch[1] Train-cross-entropy=0.618200
2024-04-08 00:20:53,332 [INFO]  Epoch[1] Train-positive-accuracy=4.166667
2024-04-08 00:20:53,332 [INFO]  Epoch[1] Time cost=0.047
2024-04-08 00:20:53,336 [INFO]  Saved checkpoint to "./imputer_model/28_haberman/imputer_model_positive/model-0001.params"
2024-04-08 00:20:53,347 [INFO]  Epoch[1] Validation-cross-entropy=0.371098
2024-04-08 00:20:53,348 [INFO]  Epoch[1] Validation-positive-accuracy=0.000000
2024-04-08 00:20:53,353 [INFO]  Epoch[2] Batch [0-7]	Speed: 27739.12 samples/sec	cross-entropy=0.479393	positive-accuracy=3.500000
2024-04-08 00:20:53,356 [INFO]  Epoch[2] Train-cross-entropy=0.743365
2024-04-08 00:20:53,356 [INFO]  Epoch[2] Train-positive-accuracy=4.166667
2024-04-08 00:20:53,356 [INFO]  Epoch[2] Time cost=0.009
2024-04-08 00:20:53,358 [INFO]  Saved checkpoint to "./imputer_model/28_haberman/imputer_model_positive/model-0002.params"
2024-04-08 00:20:53,358 [INFO]  Epoch[2] Validation-cross-entropy=0.528137
2024-04-08 00:20:53,358 [INFO]  Epoch[2] Validation-positive-accuracy=0.000000
2024-04-08 00:20:53,363 [INFO]  Epoch[3] Batch [0-7]	Speed: 27922.14 samples/sec	cross-entropy=0.343807	positive-accuracy=3.500000
2024-04-08 00:20:53,367 [INFO]  Epoch[3] Train-cross-entropy=0.202276
2024-04-08 00:20:53,367 [INFO]  Epoch[3] Train-positive-accuracy=4.166667
2024-04-08 00:20:53,367 [INFO]  Epoch[3] Time cost=0.008
2024-04-08 00:20:53,368 [INFO]  Saved checkpoint to "./imputer_model/28_haberman/imputer_model_positive/model-0003.params"
2024-04-08 00:20:53,370 [INFO]  Epoch[3] Validation-cross-entropy=0.086464
2024-04-08 00:20:53,371 [INFO]  Epoch[3] Validation-positive-accuracy=0.000000
2024-04-08 00:20:53,375 [INFO]  Epoch[4] Batch [0-7]	Speed: 28828.60 samples/sec	cross-entropy=0.098447	positive-accuracy=3.500000
2024-04-08 00:20:53,379 [INFO]  Epoch[4] Train-cross-entropy=0.112181
2024-04-08 00:20:53,379 [INFO]  Epoch[4] Train-positive-accuracy=4.166667
2024-04-08 00:20:53,379 [INFO]  Epoch[4] Time cost=0.008
2024-04-08 00:20:53,380 [INFO]  Saved checkpoint to "./imputer_model/28_haberman/imputer_model_positive/model-0004.params"
2024-04-08 00:20:53,381 [INFO]  Epoch[4] Validation-cross-entropy=0.055343
2024-04-08 00:20:53,381 [INFO]  Epoch[4] Validation-positive-accuracy=0.000000
2024-04-08 00:20:53,381 [INFO]  
========== done (0.11282467842102051 s) fit model
2024-04-08 00:20:55,076 [INFO]  
========== start: fit model
2024-04-08 00:20:55,076 [WARNING]  Already bound, ignoring bind()
2024-04-08 00:20:55,500 [INFO]  Epoch[0] Batch [0-7]	Speed: 1880.23 samples/sec	cross-entropy=14.859189	positive-accuracy=4.250000
2024-04-08 00:20:55,516 [INFO]  Epoch[0] Train-cross-entropy=9.775635
2024-04-08 00:20:55,516 [INFO]  Epoch[0] Train-positive-accuracy=2.833333
2024-04-08 00:20:55,516 [INFO]  Epoch[0] Time cost=0.438
2024-04-08 00:20:55,518 [INFO]  Saved checkpoint to "./imputer_model/28_haberman/imputer_model_positive/model-0000.params"
2024-04-08 00:20:55,518 [INFO]  Epoch[0] Validation-cross-entropy=1.917413
2024-04-08 00:20:55,519 [INFO]  Epoch[0] Validation-positive-accuracy=0.000000
2024-04-08 00:20:55,527 [INFO]  Epoch[1] Batch [0-7]	Speed: 15148.24 samples/sec	cross-entropy=1.463092	positive-accuracy=4.250000
2024-04-08 00:20:55,533 [INFO]  Epoch[1] Train-cross-entropy=0.733155
2024-04-08 00:20:55,533 [INFO]  Epoch[1] Train-positive-accuracy=2.833333
2024-04-08 00:20:55,534 [INFO]  Epoch[1] Time cost=0.015
2024-04-08 00:20:55,535 [INFO]  Saved checkpoint to "./imputer_model/28_haberman/imputer_model_positive/model-0001.params"
2024-04-08 00:20:55,536 [INFO]  Epoch[1] Validation-cross-entropy=0.533409
2024-04-08 00:20:55,537 [INFO]  Epoch[1] Validation-positive-accuracy=0.000000
2024-04-08 00:20:55,545 [INFO]  Epoch[2] Batch [0-7]	Speed: 14558.59 samples/sec	cross-entropy=0.643386	positive-accuracy=4.250000
2024-04-08 00:20:55,571 [INFO]  Epoch[2] Train-cross-entropy=0.877054
2024-04-08 00:20:55,572 [INFO]  Epoch[2] Train-positive-accuracy=2.833333
2024-04-08 00:20:55,572 [INFO]  Epoch[2] Time cost=0.035
2024-04-08 00:20:55,573 [INFO]  Saved checkpoint to "./imputer_model/28_haberman/imputer_model_positive/model-0002.params"
2024-04-08 00:20:55,581 [INFO]  Epoch[2] Validation-cross-entropy=0.264759
2024-04-08 00:20:55,581 [INFO]  Epoch[2] Validation-positive-accuracy=0.000000
2024-04-08 00:20:55,766 [INFO]  Epoch[3] Batch [0-7]	Speed: 616.93 samples/sec	cross-entropy=0.169901	positive-accuracy=4.250000
2024-04-08 00:20:55,783 [INFO]  Epoch[3] Train-cross-entropy=0.124472
2024-04-08 00:20:55,783 [INFO]  Epoch[3] Train-positive-accuracy=2.833333
2024-04-08 00:20:55,783 [INFO]  Epoch[3] Time cost=0.202
2024-04-08 00:20:55,785 [INFO]  Saved checkpoint to "./imputer_model/28_haberman/imputer_model_positive/model-0003.params"
2024-04-08 00:20:55,786 [INFO]  Epoch[3] Validation-cross-entropy=0.046639
2024-04-08 00:20:55,786 [INFO]  Epoch[3] Validation-positive-accuracy=0.000000
2024-04-08 00:20:55,793 [INFO]  Epoch[4] Batch [0-7]	Speed: 17852.17 samples/sec	cross-entropy=0.108847	positive-accuracy=4.250000
2024-04-08 00:20:55,799 [INFO]  Epoch[4] Train-cross-entropy=0.066868
2024-04-08 00:20:55,799 [INFO]  Epoch[4] Train-positive-accuracy=2.833333
2024-04-08 00:20:55,799 [INFO]  Epoch[4] Time cost=0.013
2024-04-08 00:20:55,801 [INFO]  Saved checkpoint to "./imputer_model/28_haberman/imputer_model_positive/model-0004.params"
2024-04-08 00:20:55,801 [INFO]  Epoch[4] Validation-cross-entropy=0.032090
2024-04-08 00:20:55,801 [INFO]  Epoch[4] Validation-positive-accuracy=0.000000
2024-04-08 00:20:55,801 [INFO]  
========== done (0.725273847579956 s) fit model
2024-04-08 00:20:56,835 [INFO]  
========== start: fit model
2024-04-08 00:20:56,835 [WARNING]  Already bound, ignoring bind()
2024-04-08 00:20:56,891 [INFO]  Epoch[0] Batch [0-7]	Speed: 7933.70 samples/sec	cross-entropy=6.756930	positive-accuracy=0.000000
2024-04-08 00:20:56,932 [INFO]  Epoch[0] Train-cross-entropy=4.072138
2024-04-08 00:20:56,932 [INFO]  Epoch[0] Train-positive-accuracy=0.000000
2024-04-08 00:20:56,932 [INFO]  Epoch[0] Time cost=0.096
2024-04-08 00:20:56,936 [INFO]  Saved checkpoint to "./imputer_model/28_haberman/imputer_model_positive/model-0000.params"
2024-04-08 00:20:56,947 [INFO]  Epoch[0] Validation-cross-entropy=0.206173
2024-04-08 00:20:56,947 [INFO]  Epoch[0] Validation-positive-accuracy=0.000000
2024-04-08 00:20:56,964 [INFO]  Epoch[1] Batch [0-7]	Speed: 7382.13 samples/sec	cross-entropy=0.436212	positive-accuracy=0.000000
2024-04-08 00:20:56,970 [INFO]  Epoch[1] Train-cross-entropy=1.501336
2024-04-08 00:20:56,971 [INFO]  Epoch[1] Train-positive-accuracy=0.000000
2024-04-08 00:20:56,971 [INFO]  Epoch[1] Time cost=0.023
2024-04-08 00:20:56,972 [INFO]  Saved checkpoint to "./imputer_model/28_haberman/imputer_model_positive/model-0001.params"
2024-04-08 00:20:56,973 [INFO]  Epoch[1] Validation-cross-entropy=0.552770
2024-04-08 00:20:56,973 [INFO]  Epoch[1] Validation-positive-accuracy=0.000000
2024-04-08 00:20:56,983 [INFO]  Epoch[2] Batch [0-7]	Speed: 13163.03 samples/sec	cross-entropy=0.149479	positive-accuracy=0.000000
2024-04-08 00:20:56,990 [INFO]  Epoch[2] Train-cross-entropy=1.349176
2024-04-08 00:20:56,990 [INFO]  Epoch[2] Train-positive-accuracy=0.000000
2024-04-08 00:20:56,990 [INFO]  Epoch[2] Time cost=0.017
2024-04-08 00:20:56,993 [INFO]  Saved checkpoint to "./imputer_model/28_haberman/imputer_model_positive/model-0002.params"
2024-04-08 00:20:56,995 [INFO]  Epoch[2] Validation-cross-entropy=0.565870
2024-04-08 00:20:56,995 [INFO]  Epoch[2] Validation-positive-accuracy=0.000000
2024-04-08 00:20:57,004 [INFO]  Epoch[3] Batch [0-7]	Speed: 14731.16 samples/sec	cross-entropy=0.222891	positive-accuracy=0.000000
2024-04-08 00:20:57,011 [INFO]  Epoch[3] Train-cross-entropy=0.502066
2024-04-08 00:20:57,011 [INFO]  Epoch[3] Train-positive-accuracy=0.000000
2024-04-08 00:20:57,011 [INFO]  Epoch[3] Time cost=0.016
2024-04-08 00:20:57,013 [INFO]  Saved checkpoint to "./imputer_model/28_haberman/imputer_model_positive/model-0003.params"
2024-04-08 00:20:57,015 [INFO]  Epoch[3] Validation-cross-entropy=0.527391
2024-04-08 00:20:57,015 [INFO]  Epoch[3] Validation-positive-accuracy=0.000000
2024-04-08 00:20:57,023 [INFO]  Epoch[4] Batch [0-7]	Speed: 15646.22 samples/sec	cross-entropy=0.211577	positive-accuracy=0.000000
2024-04-08 00:20:57,027 [INFO]  Epoch[4] Train-cross-entropy=0.290329
2024-04-08 00:20:57,028 [INFO]  Epoch[4] Train-positive-accuracy=0.000000
2024-04-08 00:20:57,028 [INFO]  Epoch[4] Time cost=0.013
2024-04-08 00:20:57,029 [INFO]  Saved checkpoint to "./imputer_model/28_haberman/imputer_model_positive/model-0004.params"
2024-04-08 00:20:57,033 [INFO]  Epoch[4] Validation-cross-entropy=0.272823
2024-04-08 00:20:57,033 [INFO]  Epoch[4] Validation-positive-accuracy=0.000000
2024-04-08 00:20:57,033 [INFO]  
========== done (0.19776463508605957 s) fit model
2024-04-08 00:20:58,930 [INFO]  
========== start: fit model
2024-04-08 00:20:58,930 [WARNING]  Already bound, ignoring bind()
2024-04-08 00:20:59,369 [INFO]  Epoch[0] Batch [0-7]	Speed: 952.22 samples/sec	cross-entropy=7.531406	positive-accuracy=4.125000
2024-04-08 00:20:59,376 [INFO]  Epoch[0] Train-cross-entropy=3.732057
2024-04-08 00:20:59,376 [INFO]  Epoch[0] Train-positive-accuracy=2.833333
2024-04-08 00:20:59,376 [INFO]  Epoch[0] Time cost=0.445
2024-04-08 00:20:59,378 [INFO]  Saved checkpoint to "./imputer_model/28_haberman/imputer_model_positive/model-0000.params"
2024-04-08 00:20:59,380 [INFO]  Epoch[0] Validation-cross-entropy=0.550196
2024-04-08 00:20:59,380 [INFO]  Epoch[0] Validation-positive-accuracy=0.000000
2024-04-08 00:20:59,389 [INFO]  Epoch[1] Batch [0-7]	Speed: 14152.44 samples/sec	cross-entropy=0.469285	positive-accuracy=4.125000
2024-04-08 00:20:59,421 [INFO]  Epoch[1] Train-cross-entropy=1.868479
2024-04-08 00:20:59,421 [INFO]  Epoch[1] Train-positive-accuracy=2.833333
2024-04-08 00:20:59,421 [INFO]  Epoch[1] Time cost=0.041
2024-04-08 00:20:59,423 [INFO]  Saved checkpoint to "./imputer_model/28_haberman/imputer_model_positive/model-0001.params"
2024-04-08 00:20:59,425 [INFO]  Epoch[1] Validation-cross-entropy=0.521851
2024-04-08 00:20:59,425 [INFO]  Epoch[1] Validation-positive-accuracy=0.000000
2024-04-08 00:20:59,459 [INFO]  Epoch[2] Batch [0-7]	Speed: 3447.95 samples/sec	cross-entropy=0.386844	positive-accuracy=4.125000
2024-04-08 00:20:59,466 [INFO]  Epoch[2] Train-cross-entropy=0.239750
2024-04-08 00:20:59,466 [INFO]  Epoch[2] Train-positive-accuracy=2.833333
2024-04-08 00:20:59,466 [INFO]  Epoch[2] Time cost=0.041
2024-04-08 00:20:59,467 [INFO]  Saved checkpoint to "./imputer_model/28_haberman/imputer_model_positive/model-0002.params"
2024-04-08 00:20:59,474 [INFO]  Epoch[2] Validation-cross-entropy=0.093997
2024-04-08 00:20:59,474 [INFO]  Epoch[2] Validation-positive-accuracy=0.000000
2024-04-08 00:20:59,483 [INFO]  Epoch[3] Batch [0-7]	Speed: 15203.15 samples/sec	cross-entropy=0.135532	positive-accuracy=4.125000
2024-04-08 00:20:59,490 [INFO]  Epoch[3] Train-cross-entropy=0.126343
2024-04-08 00:20:59,490 [INFO]  Epoch[3] Train-positive-accuracy=2.833333
2024-04-08 00:20:59,490 [INFO]  Epoch[3] Time cost=0.016
2024-04-08 00:20:59,492 [INFO]  Saved checkpoint to "./imputer_model/28_haberman/imputer_model_positive/model-0003.params"
2024-04-08 00:20:59,493 [INFO]  Epoch[3] Validation-cross-entropy=0.051945
2024-04-08 00:20:59,493 [INFO]  Epoch[3] Validation-positive-accuracy=0.000000
2024-04-08 00:20:59,502 [INFO]  Epoch[4] Batch [0-7]	Speed: 14489.44 samples/sec	cross-entropy=0.048037	positive-accuracy=4.125000
2024-04-08 00:20:59,509 [INFO]  Epoch[4] Train-cross-entropy=0.047330
2024-04-08 00:20:59,509 [INFO]  Epoch[4] Train-positive-accuracy=2.833333
2024-04-08 00:20:59,509 [INFO]  Epoch[4] Time cost=0.016
2024-04-08 00:20:59,511 [INFO]  Saved checkpoint to "./imputer_model/28_haberman/imputer_model_positive/model-0004.params"
2024-04-08 00:20:59,513 [INFO]  Epoch[4] Validation-cross-entropy=0.030106
2024-04-08 00:20:59,513 [INFO]  Epoch[4] Validation-positive-accuracy=0.000000
2024-04-08 00:20:59,513 [INFO]  
========== done (0.5836787223815918 s) fit model
2024-04-08 00:21:00,659 [INFO]  
========== start: fit model
2024-04-08 00:21:00,660 [WARNING]  Already bound, ignoring bind()
2024-04-08 00:21:00,733 [INFO]  Epoch[0] Batch [0-7]	Speed: 8870.97 samples/sec	cross-entropy=3.682794	positive-accuracy=3.625000
2024-04-08 00:21:00,741 [INFO]  Epoch[0] Train-cross-entropy=1.245723
2024-04-08 00:21:00,741 [INFO]  Epoch[0] Train-positive-accuracy=5.166667
2024-04-08 00:21:00,741 [INFO]  Epoch[0] Time cost=0.080
2024-04-08 00:21:00,743 [INFO]  Saved checkpoint to "./imputer_model/28_haberman/imputer_model_positive/model-0000.params"
2024-04-08 00:21:00,745 [INFO]  Epoch[0] Validation-cross-entropy=0.308967
2024-04-08 00:21:00,746 [INFO]  Epoch[0] Validation-positive-accuracy=0.000000
2024-04-08 00:21:00,756 [INFO]  Epoch[1] Batch [0-7]	Speed: 12448.97 samples/sec	cross-entropy=0.723629	positive-accuracy=3.625000
2024-04-08 00:21:00,764 [INFO]  Epoch[1] Train-cross-entropy=0.418450
2024-04-08 00:21:00,764 [INFO]  Epoch[1] Train-positive-accuracy=5.166667
2024-04-08 00:21:00,764 [INFO]  Epoch[1] Time cost=0.019
2024-04-08 00:21:00,767 [INFO]  Saved checkpoint to "./imputer_model/28_haberman/imputer_model_positive/model-0001.params"
2024-04-08 00:21:00,769 [INFO]  Epoch[1] Validation-cross-entropy=0.342499
2024-04-08 00:21:00,769 [INFO]  Epoch[1] Validation-positive-accuracy=0.000000
2024-04-08 00:21:00,779 [INFO]  Epoch[2] Batch [0-7]	Speed: 12624.62 samples/sec	cross-entropy=0.156471	positive-accuracy=3.625000
2024-04-08 00:21:00,788 [INFO]  Epoch[2] Train-cross-entropy=0.269684
2024-04-08 00:21:00,788 [INFO]  Epoch[2] Train-positive-accuracy=5.166667
2024-04-08 00:21:00,788 [INFO]  Epoch[2] Time cost=0.019
2024-04-08 00:21:00,790 [INFO]  Saved checkpoint to "./imputer_model/28_haberman/imputer_model_positive/model-0002.params"
2024-04-08 00:21:00,792 [INFO]  Epoch[2] Validation-cross-entropy=0.159341
2024-04-08 00:21:00,792 [INFO]  Epoch[2] Validation-positive-accuracy=0.000000
2024-04-08 00:21:00,803 [INFO]  Epoch[3] Batch [0-7]	Speed: 12566.87 samples/sec	cross-entropy=0.093013	positive-accuracy=3.625000
2024-04-08 00:21:00,811 [INFO]  Epoch[3] Train-cross-entropy=0.071662
2024-04-08 00:21:00,811 [INFO]  Epoch[3] Train-positive-accuracy=5.166667
2024-04-08 00:21:00,811 [INFO]  Epoch[3] Time cost=0.019
2024-04-08 00:21:00,813 [INFO]  Saved checkpoint to "./imputer_model/28_haberman/imputer_model_positive/model-0003.params"
2024-04-08 00:21:00,815 [INFO]  Epoch[3] Validation-cross-entropy=0.066888
2024-04-08 00:21:00,815 [INFO]  Epoch[3] Validation-positive-accuracy=0.000000
2024-04-08 00:21:00,824 [INFO]  Epoch[4] Batch [0-7]	Speed: 15742.70 samples/sec	cross-entropy=0.041547	positive-accuracy=3.625000
2024-04-08 00:21:00,831 [INFO]  Epoch[4] Train-cross-entropy=0.021087
2024-04-08 00:21:00,831 [INFO]  Epoch[4] Train-positive-accuracy=5.166667
2024-04-08 00:21:00,831 [INFO]  Epoch[4] Time cost=0.016
2024-04-08 00:21:00,833 [INFO]  Saved checkpoint to "./imputer_model/28_haberman/imputer_model_positive/model-0004.params"
2024-04-08 00:21:00,835 [INFO]  Epoch[4] Validation-cross-entropy=0.032406
2024-04-08 00:21:00,835 [INFO]  Epoch[4] Validation-positive-accuracy=0.000000
2024-04-08 00:21:00,835 [INFO]  
========== done (0.1754305362701416 s) fit model
2024-04-08 00:21:02,085 [INFO]  
========== start: fit model
2024-04-08 00:21:02,086 [WARNING]  Already bound, ignoring bind()
2024-04-08 00:21:02,102 [INFO]  Epoch[0] Batch [0-7]	Speed: 21384.90 samples/sec	cross-entropy=6.414834	positive-accuracy=3.250000
2024-04-08 00:21:02,115 [INFO]  Epoch[0] Train-cross-entropy=3.337023
2024-04-08 00:21:02,115 [INFO]  Epoch[0] Train-positive-accuracy=4.333333
2024-04-08 00:21:02,115 [INFO]  Epoch[0] Time cost=0.029
2024-04-08 00:21:02,117 [INFO]  Saved checkpoint to "./imputer_model/28_haberman/imputer_model_positive/model-0000.params"
2024-04-08 00:21:02,118 [INFO]  Epoch[0] Validation-cross-entropy=0.559437
2024-04-08 00:21:02,118 [INFO]  Epoch[0] Validation-positive-accuracy=0.000000
2024-04-08 00:21:02,128 [INFO]  Epoch[1] Batch [0-7]	Speed: 11309.48 samples/sec	cross-entropy=0.281332	positive-accuracy=3.250000
2024-04-08 00:21:02,232 [INFO]  Epoch[1] Train-cross-entropy=0.748570
2024-04-08 00:21:02,232 [INFO]  Epoch[1] Train-positive-accuracy=4.333333
2024-04-08 00:21:02,232 [INFO]  Epoch[1] Time cost=0.114
2024-04-08 00:21:02,234 [INFO]  Saved checkpoint to "./imputer_model/28_haberman/imputer_model_positive/model-0001.params"
2024-04-08 00:21:02,236 [INFO]  Epoch[1] Validation-cross-entropy=0.527421
2024-04-08 00:21:02,236 [INFO]  Epoch[1] Validation-positive-accuracy=0.000000
2024-04-08 00:21:02,242 [INFO]  Epoch[2] Batch [0-7]	Speed: 21947.40 samples/sec	cross-entropy=0.355216	positive-accuracy=3.250000
2024-04-08 00:21:02,248 [INFO]  Epoch[2] Train-cross-entropy=0.379871
2024-04-08 00:21:02,248 [INFO]  Epoch[2] Train-positive-accuracy=4.333333
2024-04-08 00:21:02,248 [INFO]  Epoch[2] Time cost=0.013
2024-04-08 00:21:02,250 [INFO]  Saved checkpoint to "./imputer_model/28_haberman/imputer_model_positive/model-0002.params"
2024-04-08 00:21:02,252 [INFO]  Epoch[2] Validation-cross-entropy=0.158384
2024-04-08 00:21:02,252 [INFO]  Epoch[2] Validation-positive-accuracy=0.000000
2024-04-08 00:21:02,259 [INFO]  Epoch[3] Batch [0-7]	Speed: 19132.57 samples/sec	cross-entropy=0.149818	positive-accuracy=3.250000
2024-04-08 00:21:02,263 [INFO]  Epoch[3] Train-cross-entropy=0.117889
2024-04-08 00:21:02,264 [INFO]  Epoch[3] Train-positive-accuracy=4.333333
2024-04-08 00:21:02,264 [INFO]  Epoch[3] Time cost=0.012
2024-04-08 00:21:02,270 [INFO]  Saved checkpoint to "./imputer_model/28_haberman/imputer_model_positive/model-0003.params"
2024-04-08 00:21:02,340 [INFO]  Epoch[3] Validation-cross-entropy=0.055117
2024-04-08 00:21:02,340 [INFO]  Epoch[3] Validation-positive-accuracy=0.000000
2024-04-08 00:21:02,346 [INFO]  Epoch[4] Batch [0-7]	Speed: 21855.50 samples/sec	cross-entropy=0.054884	positive-accuracy=3.250000
2024-04-08 00:21:02,443 [INFO]  Epoch[4] Train-cross-entropy=0.032257
2024-04-08 00:21:02,443 [INFO]  Epoch[4] Train-positive-accuracy=4.333333
2024-04-08 00:21:02,443 [INFO]  Epoch[4] Time cost=0.102
2024-04-08 00:21:02,444 [INFO]  Saved checkpoint to "./imputer_model/28_haberman/imputer_model_positive/model-0004.params"
2024-04-08 00:21:02,445 [INFO]  Epoch[4] Validation-cross-entropy=0.039488
2024-04-08 00:21:02,445 [INFO]  Epoch[4] Validation-positive-accuracy=0.000000
2024-04-08 00:21:02,445 [INFO]  
========== done (0.3595881462097168 s) fit model
2024-04-08 00:21:03,589 [INFO]  
========== start: fit model
2024-04-08 00:21:03,589 [WARNING]  Already bound, ignoring bind()
2024-04-08 00:21:03,745 [INFO]  Epoch[0] Batch [0-7]	Speed: 9724.71 samples/sec	cross-entropy=3.329363	positive-accuracy=0.000000
2024-04-08 00:21:03,751 [INFO]  Epoch[0] Train-cross-entropy=1.049844
2024-04-08 00:21:03,751 [INFO]  Epoch[0] Train-positive-accuracy=0.000000
2024-04-08 00:21:03,751 [INFO]  Epoch[0] Time cost=0.161
2024-04-08 00:21:03,753 [INFO]  Saved checkpoint to "./imputer_model/28_haberman/imputer_model_positive/model-0000.params"
2024-04-08 00:21:03,754 [INFO]  Epoch[0] Validation-cross-entropy=1.066628
2024-04-08 00:21:03,754 [INFO]  Epoch[0] Validation-positive-accuracy=0.000000
2024-04-08 00:21:03,763 [INFO]  Epoch[1] Batch [0-7]	Speed: 17529.74 samples/sec	cross-entropy=0.752316	positive-accuracy=0.000000
2024-04-08 00:21:03,771 [INFO]  Epoch[1] Train-cross-entropy=0.432519
2024-04-08 00:21:03,772 [INFO]  Epoch[1] Train-positive-accuracy=0.000000
2024-04-08 00:21:03,772 [INFO]  Epoch[1] Time cost=0.017
2024-04-08 00:21:03,774 [INFO]  Saved checkpoint to "./imputer_model/28_haberman/imputer_model_positive/model-0001.params"
2024-04-08 00:21:03,776 [INFO]  Epoch[1] Validation-cross-entropy=0.284412
2024-04-08 00:21:03,776 [INFO]  Epoch[1] Validation-positive-accuracy=0.000000
2024-04-08 00:21:03,787 [INFO]  Epoch[2] Batch [0-7]	Speed: 12254.77 samples/sec	cross-entropy=0.257604	positive-accuracy=0.000000
2024-04-08 00:21:03,796 [INFO]  Epoch[2] Train-cross-entropy=0.168020
2024-04-08 00:21:03,796 [INFO]  Epoch[2] Train-positive-accuracy=0.000000
2024-04-08 00:21:03,796 [INFO]  Epoch[2] Time cost=0.020
2024-04-08 00:21:03,798 [INFO]  Saved checkpoint to "./imputer_model/28_haberman/imputer_model_positive/model-0002.params"
2024-04-08 00:21:03,800 [INFO]  Epoch[2] Validation-cross-entropy=0.070319
2024-04-08 00:21:03,800 [INFO]  Epoch[2] Validation-positive-accuracy=0.000000
2024-04-08 00:21:03,809 [INFO]  Epoch[3] Batch [0-7]	Speed: 14336.88 samples/sec	cross-entropy=0.084532	positive-accuracy=0.000000
2024-04-08 00:21:03,816 [INFO]  Epoch[3] Train-cross-entropy=0.035806
2024-04-08 00:21:03,816 [INFO]  Epoch[3] Train-positive-accuracy=0.000000
2024-04-08 00:21:03,816 [INFO]  Epoch[3] Time cost=0.016
2024-04-08 00:21:03,818 [INFO]  Saved checkpoint to "./imputer_model/28_haberman/imputer_model_positive/model-0003.params"
2024-04-08 00:21:03,819 [INFO]  Epoch[3] Validation-cross-entropy=0.023109
2024-04-08 00:21:03,820 [INFO]  Epoch[3] Validation-positive-accuracy=0.000000
2024-04-08 00:21:03,829 [INFO]  Epoch[4] Batch [0-7]	Speed: 14765.89 samples/sec	cross-entropy=0.033513	positive-accuracy=0.000000
2024-04-08 00:21:03,834 [INFO]  Epoch[4] Train-cross-entropy=0.026740
2024-04-08 00:21:03,834 [INFO]  Epoch[4] Train-positive-accuracy=0.000000
2024-04-08 00:21:03,834 [INFO]  Epoch[4] Time cost=0.015
2024-04-08 00:21:03,836 [INFO]  Saved checkpoint to "./imputer_model/28_haberman/imputer_model_positive/model-0004.params"
2024-04-08 00:21:03,838 [INFO]  Epoch[4] Validation-cross-entropy=0.026605
2024-04-08 00:21:03,838 [INFO]  Epoch[4] Validation-positive-accuracy=0.000000
2024-04-08 00:21:03,838 [INFO]  
========== done (0.2487044334411621 s) fit model
2024-04-08 00:21:04,710 [INFO]  
========== start: fit model
2024-04-08 00:21:04,710 [WARNING]  Already bound, ignoring bind()
2024-04-08 00:21:04,721 [INFO]  Epoch[0] Batch [0-7]	Speed: 16672.42 samples/sec	cross-entropy=10.211531	positive-accuracy=0.000000
2024-04-08 00:21:04,725 [INFO]  Epoch[0] Train-cross-entropy=0.845269
2024-04-08 00:21:04,726 [INFO]  Epoch[0] Train-positive-accuracy=0.000000
2024-04-08 00:21:04,726 [INFO]  Epoch[0] Time cost=0.014
2024-04-08 00:21:04,727 [INFO]  Saved checkpoint to "./imputer_model/28_haberman/imputer_model_positive/model-0000.params"
2024-04-08 00:21:04,737 [INFO]  Epoch[0] Validation-cross-entropy=0.884581
2024-04-08 00:21:04,737 [INFO]  Epoch[0] Validation-positive-accuracy=0.000000
2024-04-08 00:21:04,745 [INFO]  Epoch[1] Batch [0-7]	Speed: 18231.15 samples/sec	cross-entropy=0.941693	positive-accuracy=0.000000
2024-04-08 00:21:04,781 [INFO]  Epoch[1] Train-cross-entropy=1.059003
2024-04-08 00:21:04,781 [INFO]  Epoch[1] Train-positive-accuracy=0.000000
2024-04-08 00:21:04,781 [INFO]  Epoch[1] Time cost=0.044
2024-04-08 00:21:04,782 [INFO]  Saved checkpoint to "./imputer_model/28_haberman/imputer_model_positive/model-0001.params"
2024-04-08 00:21:04,796 [INFO]  Epoch[1] Validation-cross-entropy=0.923394
2024-04-08 00:21:04,796 [INFO]  Epoch[1] Validation-positive-accuracy=0.000000
2024-04-08 00:21:04,801 [INFO]  Epoch[2] Batch [0-7]	Speed: 26444.61 samples/sec	cross-entropy=0.349329	positive-accuracy=0.000000
2024-04-08 00:21:04,805 [INFO]  Epoch[2] Train-cross-entropy=0.161495
2024-04-08 00:21:04,805 [INFO]  Epoch[2] Train-positive-accuracy=0.000000
2024-04-08 00:21:04,805 [INFO]  Epoch[2] Time cost=0.009
2024-04-08 00:21:04,806 [INFO]  Saved checkpoint to "./imputer_model/28_haberman/imputer_model_positive/model-0002.params"
2024-04-08 00:21:04,807 [INFO]  Epoch[2] Validation-cross-entropy=0.319866
2024-04-08 00:21:04,807 [INFO]  Epoch[2] Validation-positive-accuracy=0.000000
2024-04-08 00:21:04,822 [INFO]  Epoch[3] Batch [0-7]	Speed: 10814.29 samples/sec	cross-entropy=0.204107	positive-accuracy=0.000000
2024-04-08 00:21:04,829 [INFO]  Epoch[3] Train-cross-entropy=0.083922
2024-04-08 00:21:04,829 [INFO]  Epoch[3] Train-positive-accuracy=0.000000
2024-04-08 00:21:04,829 [INFO]  Epoch[3] Time cost=0.022
2024-04-08 00:21:04,831 [INFO]  Saved checkpoint to "./imputer_model/28_haberman/imputer_model_positive/model-0003.params"
2024-04-08 00:21:04,833 [INFO]  Epoch[3] Validation-cross-entropy=0.119181
2024-04-08 00:21:04,833 [INFO]  Epoch[3] Validation-positive-accuracy=0.000000
2024-04-08 00:21:04,843 [INFO]  Epoch[4] Batch [0-7]	Speed: 13699.68 samples/sec	cross-entropy=0.089520	positive-accuracy=0.000000
2024-04-08 00:21:04,850 [INFO]  Epoch[4] Train-cross-entropy=0.067383
2024-04-08 00:21:04,850 [INFO]  Epoch[4] Train-positive-accuracy=0.000000
2024-04-08 00:21:04,850 [INFO]  Epoch[4] Time cost=0.017
2024-04-08 00:21:04,852 [INFO]  Saved checkpoint to "./imputer_model/28_haberman/imputer_model_positive/model-0004.params"
2024-04-08 00:21:04,854 [INFO]  Epoch[4] Validation-cross-entropy=0.111364
2024-04-08 00:21:04,854 [INFO]  Epoch[4] Validation-positive-accuracy=0.000000
2024-04-08 00:21:04,854 [INFO]  
========== done (0.14394021034240723 s) fit model
2024-04-08 00:21:06,710 [INFO]  
========== start: fit model
2024-04-08 00:21:06,710 [WARNING]  Already bound, ignoring bind()
2024-04-08 00:21:06,792 [INFO]  Epoch[0] Batch [0-7]	Speed: 10055.91 samples/sec	cross-entropy=4.864064	positive-accuracy=0.000000
2024-04-08 00:21:06,800 [INFO]  Epoch[0] Train-cross-entropy=1.926768
2024-04-08 00:21:06,800 [INFO]  Epoch[0] Train-positive-accuracy=0.000000
2024-04-08 00:21:06,800 [INFO]  Epoch[0] Time cost=0.089
2024-04-08 00:21:06,802 [INFO]  Saved checkpoint to "./imputer_model/28_haberman/imputer_model_positive/model-0000.params"
2024-04-08 00:21:06,803 [INFO]  Epoch[0] Validation-cross-entropy=0.476919
2024-04-08 00:21:06,803 [INFO]  Epoch[0] Validation-positive-accuracy=0.000000
2024-04-08 00:21:06,811 [INFO]  Epoch[1] Batch [0-7]	Speed: 14804.51 samples/sec	cross-entropy=0.941553	positive-accuracy=0.000000
2024-04-08 00:21:06,822 [INFO]  Epoch[1] Train-cross-entropy=1.600670
2024-04-08 00:21:06,822 [INFO]  Epoch[1] Train-positive-accuracy=0.000000
2024-04-08 00:21:06,822 [INFO]  Epoch[1] Time cost=0.019
2024-04-08 00:21:06,826 [INFO]  Saved checkpoint to "./imputer_model/28_haberman/imputer_model_positive/model-0001.params"
2024-04-08 00:21:06,836 [INFO]  Epoch[1] Validation-cross-entropy=0.610428
2024-04-08 00:21:06,836 [INFO]  Epoch[1] Validation-positive-accuracy=0.000000
2024-04-08 00:21:06,865 [INFO]  Epoch[2] Batch [0-7]	Speed: 4479.47 samples/sec	cross-entropy=0.261682	positive-accuracy=0.000000
2024-04-08 00:21:06,976 [INFO]  Epoch[2] Train-cross-entropy=0.342409
2024-04-08 00:21:06,976 [INFO]  Epoch[2] Train-positive-accuracy=0.000000
2024-04-08 00:21:06,976 [INFO]  Epoch[2] Time cost=0.141
2024-04-08 00:21:06,984 [INFO]  Saved checkpoint to "./imputer_model/28_haberman/imputer_model_positive/model-0002.params"
2024-04-08 00:21:07,093 [INFO]  Epoch[2] Validation-cross-entropy=0.098165
2024-04-08 00:21:07,094 [INFO]  Epoch[2] Validation-positive-accuracy=0.000000
2024-04-08 00:21:07,218 [INFO]  Epoch[3] Batch [0-7]	Speed: 19842.95 samples/sec	cross-entropy=0.158708	positive-accuracy=0.000000
2024-04-08 00:21:07,227 [INFO]  Epoch[3] Train-cross-entropy=0.052348
2024-04-08 00:21:07,227 [INFO]  Epoch[3] Train-positive-accuracy=0.000000
2024-04-08 00:21:07,227 [INFO]  Epoch[3] Time cost=0.134
2024-04-08 00:21:07,231 [INFO]  Saved checkpoint to "./imputer_model/28_haberman/imputer_model_positive/model-0003.params"
2024-04-08 00:21:07,245 [INFO]  Epoch[3] Validation-cross-entropy=0.064937
2024-04-08 00:21:07,245 [INFO]  Epoch[3] Validation-positive-accuracy=0.000000
2024-04-08 00:21:07,251 [INFO]  Epoch[4] Batch [0-7]	Speed: 21710.05 samples/sec	cross-entropy=0.049880	positive-accuracy=0.000000
2024-04-08 00:21:07,255 [INFO]  Epoch[4] Train-cross-entropy=0.046449
2024-04-08 00:21:07,255 [INFO]  Epoch[4] Train-positive-accuracy=0.000000
2024-04-08 00:21:07,256 [INFO]  Epoch[4] Time cost=0.011
2024-04-08 00:21:07,258 [INFO]  Saved checkpoint to "./imputer_model/28_haberman/imputer_model_positive/model-0004.params"
2024-04-08 00:21:07,264 [INFO]  Epoch[4] Validation-cross-entropy=0.042198
2024-04-08 00:21:07,264 [INFO]  Epoch[4] Validation-positive-accuracy=0.000000
2024-04-08 00:21:07,264 [INFO]  
========== done (0.5544438362121582 s) fit model
2024-04-08 00:21:08,288 [INFO]  
========== start: fit model
2024-04-08 00:21:08,288 [WARNING]  Already bound, ignoring bind()
2024-04-08 00:21:08,398 [INFO]  Epoch[0] Batch [0-7]	Speed: 19354.87 samples/sec	cross-entropy=2.701359	positive-accuracy=3.500000
2024-04-08 00:21:08,403 [INFO]  Epoch[0] Train-cross-entropy=1.809904
2024-04-08 00:21:08,403 [INFO]  Epoch[0] Train-positive-accuracy=4.500000
2024-04-08 00:21:08,403 [INFO]  Epoch[0] Time cost=0.114
2024-04-08 00:21:08,405 [INFO]  Saved checkpoint to "./imputer_model/28_haberman/imputer_model_positive/model-0000.params"
2024-04-08 00:21:08,406 [INFO]  Epoch[0] Validation-cross-entropy=1.198697
2024-04-08 00:21:08,406 [INFO]  Epoch[0] Validation-positive-accuracy=0.000000
2024-04-08 00:21:08,413 [INFO]  Epoch[1] Batch [0-7]	Speed: 19498.67 samples/sec	cross-entropy=0.506593	positive-accuracy=3.500000
2024-04-08 00:21:08,420 [INFO]  Epoch[1] Train-cross-entropy=0.166316
2024-04-08 00:21:08,420 [INFO]  Epoch[1] Train-positive-accuracy=4.500000
2024-04-08 00:21:08,420 [INFO]  Epoch[1] Time cost=0.013
2024-04-08 00:21:08,422 [INFO]  Saved checkpoint to "./imputer_model/28_haberman/imputer_model_positive/model-0001.params"
2024-04-08 00:21:08,423 [INFO]  Epoch[1] Validation-cross-entropy=0.116873
2024-04-08 00:21:08,423 [INFO]  Epoch[1] Validation-positive-accuracy=0.000000
2024-04-08 00:21:08,432 [INFO]  Epoch[2] Batch [0-7]	Speed: 14520.79 samples/sec	cross-entropy=0.145378	positive-accuracy=3.500000
2024-04-08 00:21:08,439 [INFO]  Epoch[2] Train-cross-entropy=0.054376
2024-04-08 00:21:08,440 [INFO]  Epoch[2] Train-positive-accuracy=4.500000
2024-04-08 00:21:08,440 [INFO]  Epoch[2] Time cost=0.017
2024-04-08 00:21:08,442 [INFO]  Saved checkpoint to "./imputer_model/28_haberman/imputer_model_positive/model-0002.params"
2024-04-08 00:21:08,443 [INFO]  Epoch[2] Validation-cross-entropy=0.048149
2024-04-08 00:21:08,443 [INFO]  Epoch[2] Validation-positive-accuracy=0.000000
2024-04-08 00:21:08,452 [INFO]  Epoch[3] Batch [0-7]	Speed: 14597.50 samples/sec	cross-entropy=0.048790	positive-accuracy=3.500000
2024-04-08 00:21:08,459 [INFO]  Epoch[3] Train-cross-entropy=0.044507
2024-04-08 00:21:08,459 [INFO]  Epoch[3] Train-positive-accuracy=4.500000
2024-04-08 00:21:08,459 [INFO]  Epoch[3] Time cost=0.016
2024-04-08 00:21:08,461 [INFO]  Saved checkpoint to "./imputer_model/28_haberman/imputer_model_positive/model-0003.params"
2024-04-08 00:21:08,462 [INFO]  Epoch[3] Validation-cross-entropy=0.027808
2024-04-08 00:21:08,462 [INFO]  Epoch[3] Validation-positive-accuracy=0.000000
2024-04-08 00:21:08,471 [INFO]  Epoch[4] Batch [0-7]	Speed: 14532.92 samples/sec	cross-entropy=0.020081	positive-accuracy=3.500000
2024-04-08 00:21:08,479 [INFO]  Epoch[4] Train-cross-entropy=0.029389
2024-04-08 00:21:08,479 [INFO]  Epoch[4] Train-positive-accuracy=4.500000
2024-04-08 00:21:08,479 [INFO]  Epoch[4] Time cost=0.016
2024-04-08 00:21:08,481 [INFO]  Saved checkpoint to "./imputer_model/28_haberman/imputer_model_positive/model-0004.params"
2024-04-08 00:21:08,482 [INFO]  Epoch[4] Validation-cross-entropy=0.032841
2024-04-08 00:21:08,482 [INFO]  Epoch[4] Validation-positive-accuracy=0.000000
2024-04-08 00:21:08,482 [INFO]  
========== done (0.19426751136779785 s) fit model
2024-04-08 00:21:09,240 [INFO]  
========== start: fit model
2024-04-08 00:21:09,240 [WARNING]  Already bound, ignoring bind()
2024-04-08 00:21:09,267 [INFO]  Epoch[0] Batch [0-7]	Speed: 16093.80 samples/sec	cross-entropy=4.445386	positive-accuracy=3.875000
2024-04-08 00:21:09,281 [INFO]  Epoch[0] Train-cross-entropy=1.411957
2024-04-08 00:21:09,281 [INFO]  Epoch[0] Train-positive-accuracy=3.333333
2024-04-08 00:21:09,281 [INFO]  Epoch[0] Time cost=0.040
2024-04-08 00:21:09,282 [INFO]  Saved checkpoint to "./imputer_model/28_haberman/imputer_model_positive/model-0000.params"
2024-04-08 00:21:09,284 [INFO]  Epoch[0] Validation-cross-entropy=4.561238
2024-04-08 00:21:09,284 [INFO]  Epoch[0] Validation-positive-accuracy=0.000000
2024-04-08 00:21:09,328 [INFO]  Epoch[1] Batch [0-7]	Speed: 2585.36 samples/sec	cross-entropy=1.229920	positive-accuracy=3.875000
2024-04-08 00:21:09,350 [INFO]  Epoch[1] Train-cross-entropy=0.448457
2024-04-08 00:21:09,351 [INFO]  Epoch[1] Train-positive-accuracy=3.333333
2024-04-08 00:21:09,351 [INFO]  Epoch[1] Time cost=0.067
2024-04-08 00:21:09,352 [INFO]  Saved checkpoint to "./imputer_model/28_haberman/imputer_model_positive/model-0001.params"
2024-04-08 00:21:09,353 [INFO]  Epoch[1] Validation-cross-entropy=0.295559
2024-04-08 00:21:09,353 [INFO]  Epoch[1] Validation-positive-accuracy=0.000000
2024-04-08 00:21:09,433 [INFO]  Epoch[2] Batch [0-7]	Speed: 1414.40 samples/sec	cross-entropy=0.155545	positive-accuracy=3.875000
2024-04-08 00:21:09,440 [INFO]  Epoch[2] Train-cross-entropy=0.199296
2024-04-08 00:21:09,440 [INFO]  Epoch[2] Train-positive-accuracy=3.333333
2024-04-08 00:21:09,440 [INFO]  Epoch[2] Time cost=0.087
2024-04-08 00:21:09,444 [INFO]  Saved checkpoint to "./imputer_model/28_haberman/imputer_model_positive/model-0002.params"
2024-04-08 00:21:09,587 [INFO]  Epoch[2] Validation-cross-entropy=0.217317
2024-04-08 00:21:09,587 [INFO]  Epoch[2] Validation-positive-accuracy=0.000000
2024-04-08 00:21:09,598 [INFO]  Epoch[3] Batch [0-7]	Speed: 20407.58 samples/sec	cross-entropy=0.145442	positive-accuracy=3.875000
2024-04-08 00:21:09,657 [INFO]  Epoch[3] Train-cross-entropy=0.041867
2024-04-08 00:21:09,657 [INFO]  Epoch[3] Train-positive-accuracy=3.333333
2024-04-08 00:21:09,657 [INFO]  Epoch[3] Time cost=0.070
2024-04-08 00:21:09,659 [INFO]  Saved checkpoint to "./imputer_model/28_haberman/imputer_model_positive/model-0003.params"
2024-04-08 00:21:09,660 [INFO]  Epoch[3] Validation-cross-entropy=0.205430
2024-04-08 00:21:09,660 [INFO]  Epoch[3] Validation-positive-accuracy=0.000000
2024-04-08 00:21:09,716 [INFO]  Epoch[4] Batch [0-7]	Speed: 2050.74 samples/sec	cross-entropy=0.050414	positive-accuracy=3.875000
2024-04-08 00:21:09,725 [INFO]  Epoch[4] Train-cross-entropy=0.031341
2024-04-08 00:21:09,726 [INFO]  Epoch[4] Train-positive-accuracy=3.333333
2024-04-08 00:21:09,726 [INFO]  Epoch[4] Time cost=0.065
2024-04-08 00:21:09,728 [INFO]  Saved checkpoint to "./imputer_model/28_haberman/imputer_model_positive/model-0004.params"
2024-04-08 00:21:09,733 [INFO]  Epoch[4] Validation-cross-entropy=0.028520
2024-04-08 00:21:09,733 [INFO]  Epoch[4] Validation-positive-accuracy=0.000000
2024-04-08 00:21:09,733 [INFO]  
========== done (0.4931354522705078 s) fit model
2024-04-08 00:21:11,459 [INFO]  
========== start: fit model
2024-04-08 00:21:11,460 [WARNING]  Already bound, ignoring bind()
2024-04-08 00:21:11,572 [INFO]  Epoch[0] Batch [0-7]	Speed: 1028.28 samples/sec	cross-entropy=10.983249	positive-accuracy=4.750000
2024-04-08 00:21:11,586 [INFO]  Epoch[0] Train-cross-entropy=1.559281
2024-04-08 00:21:11,587 [INFO]  Epoch[0] Train-positive-accuracy=3.166667
2024-04-08 00:21:11,587 [INFO]  Epoch[0] Time cost=0.126
2024-04-08 00:21:11,588 [INFO]  Saved checkpoint to "./imputer_model/28_haberman/imputer_model_positive/model-0000.params"
2024-04-08 00:21:11,644 [INFO]  Epoch[0] Validation-cross-entropy=0.610791
2024-04-08 00:21:11,645 [INFO]  Epoch[0] Validation-positive-accuracy=0.000000
2024-04-08 00:21:11,661 [INFO]  Epoch[1] Batch [0-7]	Speed: 7526.67 samples/sec	cross-entropy=0.941567	positive-accuracy=4.750000
2024-04-08 00:21:11,668 [INFO]  Epoch[1] Train-cross-entropy=0.537682
2024-04-08 00:21:11,668 [INFO]  Epoch[1] Train-positive-accuracy=3.166667
2024-04-08 00:21:11,668 [INFO]  Epoch[1] Time cost=0.024
2024-04-08 00:21:11,670 [INFO]  Saved checkpoint to "./imputer_model/28_haberman/imputer_model_positive/model-0001.params"
2024-04-08 00:21:11,672 [INFO]  Epoch[1] Validation-cross-entropy=2.023773
2024-04-08 00:21:11,672 [INFO]  Epoch[1] Validation-positive-accuracy=0.000000
2024-04-08 00:21:11,720 [INFO]  Epoch[2] Batch [0-7]	Speed: 2393.78 samples/sec	cross-entropy=0.437045	positive-accuracy=4.750000
2024-04-08 00:21:11,726 [INFO]  Epoch[2] Train-cross-entropy=0.137596
2024-04-08 00:21:11,727 [INFO]  Epoch[2] Train-positive-accuracy=3.166667
2024-04-08 00:21:11,727 [INFO]  Epoch[2] Time cost=0.054
2024-04-08 00:21:11,728 [INFO]  Saved checkpoint to "./imputer_model/28_haberman/imputer_model_positive/model-0002.params"
2024-04-08 00:21:11,729 [INFO]  Epoch[2] Validation-cross-entropy=0.187261
2024-04-08 00:21:11,729 [INFO]  Epoch[2] Validation-positive-accuracy=0.000000
2024-04-08 00:21:11,739 [INFO]  Epoch[3] Batch [0-7]	Speed: 14028.61 samples/sec	cross-entropy=0.180194	positive-accuracy=4.750000
2024-04-08 00:21:11,745 [INFO]  Epoch[3] Train-cross-entropy=0.133996
2024-04-08 00:21:11,745 [INFO]  Epoch[3] Train-positive-accuracy=3.166667
2024-04-08 00:21:11,746 [INFO]  Epoch[3] Time cost=0.016
2024-04-08 00:21:11,747 [INFO]  Saved checkpoint to "./imputer_model/28_haberman/imputer_model_positive/model-0003.params"
2024-04-08 00:21:11,749 [INFO]  Epoch[3] Validation-cross-entropy=0.177660
2024-04-08 00:21:11,749 [INFO]  Epoch[3] Validation-positive-accuracy=0.000000
2024-04-08 00:21:11,757 [INFO]  Epoch[4] Batch [0-7]	Speed: 16156.91 samples/sec	cross-entropy=0.081391	positive-accuracy=4.750000
2024-04-08 00:21:11,764 [INFO]  Epoch[4] Train-cross-entropy=0.050355
2024-04-08 00:21:11,764 [INFO]  Epoch[4] Train-positive-accuracy=3.166667
2024-04-08 00:21:11,764 [INFO]  Epoch[4] Time cost=0.015
2024-04-08 00:21:11,766 [INFO]  Saved checkpoint to "./imputer_model/28_haberman/imputer_model_positive/model-0004.params"
2024-04-08 00:21:11,767 [INFO]  Epoch[4] Validation-cross-entropy=0.213409
2024-04-08 00:21:11,767 [INFO]  Epoch[4] Validation-positive-accuracy=0.000000
2024-04-08 00:21:11,767 [INFO]  
========== done (0.307645320892334 s) fit model
2024-04-08 00:21:13,240 [INFO]  
========== start: fit model
2024-04-08 00:21:13,240 [WARNING]  Already bound, ignoring bind()
2024-04-08 00:21:13,731 [INFO]  Epoch[0] Batch [0-7]	Speed: 338.58 samples/sec	cross-entropy=5.861751	positive-accuracy=3.875000
2024-04-08 00:21:13,742 [INFO]  Epoch[0] Train-cross-entropy=0.615668
2024-04-08 00:21:13,743 [INFO]  Epoch[0] Train-positive-accuracy=3.500000
2024-04-08 00:21:13,743 [INFO]  Epoch[0] Time cost=0.501
2024-04-08 00:21:13,745 [INFO]  Saved checkpoint to "./imputer_model/28_haberman/imputer_model_positive/model-0000.params"
2024-04-08 00:21:13,746 [INFO]  Epoch[0] Validation-cross-entropy=0.420548
2024-04-08 00:21:13,747 [INFO]  Epoch[0] Validation-positive-accuracy=0.000000
2024-04-08 00:21:13,755 [INFO]  Epoch[1] Batch [0-7]	Speed: 15300.20 samples/sec	cross-entropy=0.871800	positive-accuracy=3.875000
2024-04-08 00:21:13,762 [INFO]  Epoch[1] Train-cross-entropy=0.618959
2024-04-08 00:21:13,762 [INFO]  Epoch[1] Train-positive-accuracy=3.500000
2024-04-08 00:21:13,762 [INFO]  Epoch[1] Time cost=0.015
2024-04-08 00:21:13,764 [INFO]  Saved checkpoint to "./imputer_model/28_haberman/imputer_model_positive/model-0001.params"
2024-04-08 00:21:13,766 [INFO]  Epoch[1] Validation-cross-entropy=0.308553
2024-04-08 00:21:13,766 [INFO]  Epoch[1] Validation-positive-accuracy=0.000000
2024-04-08 00:21:13,775 [INFO]  Epoch[2] Batch [0-7]	Speed: 14969.63 samples/sec	cross-entropy=0.192334	positive-accuracy=3.875000
2024-04-08 00:21:13,782 [INFO]  Epoch[2] Train-cross-entropy=0.205223
2024-04-08 00:21:13,782 [INFO]  Epoch[2] Train-positive-accuracy=3.500000
2024-04-08 00:21:13,782 [INFO]  Epoch[2] Time cost=0.016
2024-04-08 00:21:13,784 [INFO]  Saved checkpoint to "./imputer_model/28_haberman/imputer_model_positive/model-0002.params"
2024-04-08 00:21:13,786 [INFO]  Epoch[2] Validation-cross-entropy=0.029176
2024-04-08 00:21:13,786 [INFO]  Epoch[2] Validation-positive-accuracy=0.000000
2024-04-08 00:21:13,821 [INFO]  Epoch[3] Batch [0-7]	Speed: 3333.28 samples/sec	cross-entropy=0.097155	positive-accuracy=3.875000
2024-04-08 00:21:13,827 [INFO]  Epoch[3] Train-cross-entropy=0.074223
2024-04-08 00:21:13,827 [INFO]  Epoch[3] Train-positive-accuracy=3.500000
2024-04-08 00:21:13,827 [INFO]  Epoch[3] Time cost=0.042
2024-04-08 00:21:13,829 [INFO]  Saved checkpoint to "./imputer_model/28_haberman/imputer_model_positive/model-0003.params"
2024-04-08 00:21:13,831 [INFO]  Epoch[3] Validation-cross-entropy=0.056501
2024-04-08 00:21:13,831 [INFO]  Epoch[3] Validation-positive-accuracy=0.000000
2024-04-08 00:21:13,840 [INFO]  Epoch[4] Batch [0-7]	Speed: 15053.10 samples/sec	cross-entropy=0.048447	positive-accuracy=3.875000
2024-04-08 00:21:13,974 [INFO]  Epoch[4] Train-cross-entropy=0.047257
2024-04-08 00:21:13,974 [INFO]  Epoch[4] Train-positive-accuracy=3.500000
2024-04-08 00:21:13,974 [INFO]  Epoch[4] Time cost=0.143
2024-04-08 00:21:13,976 [INFO]  Saved checkpoint to "./imputer_model/28_haberman/imputer_model_positive/model-0004.params"
2024-04-08 00:21:13,984 [INFO]  Epoch[4] Validation-cross-entropy=0.057921
2024-04-08 00:21:13,984 [INFO]  Epoch[4] Validation-positive-accuracy=0.000000
2024-04-08 00:21:13,984 [INFO]  
========== done (0.7437446117401123 s) fit model
2024-04-08 00:21:15,567 [INFO]  
========== start: fit model
2024-04-08 00:21:15,567 [WARNING]  Already bound, ignoring bind()
2024-04-08 00:21:15,630 [INFO]  Epoch[0] Batch [0-7]	Speed: 3422.33 samples/sec	cross-entropy=19.922866	positive-accuracy=0.000000
2024-04-08 00:21:15,639 [INFO]  Epoch[0] Train-cross-entropy=7.362905
2024-04-08 00:21:15,639 [INFO]  Epoch[0] Train-positive-accuracy=0.000000
2024-04-08 00:21:15,639 [INFO]  Epoch[0] Time cost=0.071
2024-04-08 00:21:15,641 [INFO]  Saved checkpoint to "./imputer_model/28_haberman/imputer_model_positive/model-0000.params"
2024-04-08 00:21:15,643 [INFO]  Epoch[0] Validation-cross-entropy=6.640340
2024-04-08 00:21:15,643 [INFO]  Epoch[0] Validation-positive-accuracy=0.000000
2024-04-08 00:21:15,652 [INFO]  Epoch[1] Batch [0-7]	Speed: 14859.30 samples/sec	cross-entropy=0.719163	positive-accuracy=0.000000
2024-04-08 00:21:15,659 [INFO]  Epoch[1] Train-cross-entropy=0.265920
2024-04-08 00:21:15,659 [INFO]  Epoch[1] Train-positive-accuracy=0.000000
2024-04-08 00:21:15,659 [INFO]  Epoch[1] Time cost=0.016
2024-04-08 00:21:15,661 [INFO]  Saved checkpoint to "./imputer_model/28_haberman/imputer_model_positive/model-0001.params"
2024-04-08 00:21:15,663 [INFO]  Epoch[1] Validation-cross-entropy=2.277364
2024-04-08 00:21:15,663 [INFO]  Epoch[1] Validation-positive-accuracy=0.000000
2024-04-08 00:21:15,672 [INFO]  Epoch[2] Batch [0-7]	Speed: 14634.79 samples/sec	cross-entropy=0.746854	positive-accuracy=0.000000
2024-04-08 00:21:15,678 [INFO]  Epoch[2] Train-cross-entropy=0.468462
2024-04-08 00:21:15,678 [INFO]  Epoch[2] Train-positive-accuracy=0.000000
2024-04-08 00:21:15,678 [INFO]  Epoch[2] Time cost=0.014
2024-04-08 00:21:15,680 [INFO]  Saved checkpoint to "./imputer_model/28_haberman/imputer_model_positive/model-0002.params"
2024-04-08 00:21:15,684 [INFO]  Epoch[2] Validation-cross-entropy=1.544144
2024-04-08 00:21:15,684 [INFO]  Epoch[2] Validation-positive-accuracy=0.000000
2024-04-08 00:21:15,692 [INFO]  Epoch[3] Batch [0-7]	Speed: 15113.15 samples/sec	cross-entropy=0.093972	positive-accuracy=0.000000
2024-04-08 00:21:15,702 [INFO]  Epoch[3] Train-cross-entropy=0.040201
2024-04-08 00:21:15,702 [INFO]  Epoch[3] Train-positive-accuracy=0.000000
2024-04-08 00:21:15,702 [INFO]  Epoch[3] Time cost=0.018
2024-04-08 00:21:15,704 [INFO]  Saved checkpoint to "./imputer_model/28_haberman/imputer_model_positive/model-0003.params"
2024-04-08 00:21:15,712 [INFO]  Epoch[3] Validation-cross-entropy=0.078961
2024-04-08 00:21:15,712 [INFO]  Epoch[3] Validation-positive-accuracy=0.000000
2024-04-08 00:21:15,720 [INFO]  Epoch[4] Batch [0-7]	Speed: 19147.39 samples/sec	cross-entropy=0.071877	positive-accuracy=0.000000
2024-04-08 00:21:15,724 [INFO]  Epoch[4] Train-cross-entropy=0.056599
2024-04-08 00:21:15,724 [INFO]  Epoch[4] Train-positive-accuracy=0.000000
2024-04-08 00:21:15,725 [INFO]  Epoch[4] Time cost=0.012
2024-04-08 00:21:15,726 [INFO]  Saved checkpoint to "./imputer_model/28_haberman/imputer_model_positive/model-0004.params"
2024-04-08 00:21:15,732 [INFO]  Epoch[4] Validation-cross-entropy=0.139246
2024-04-08 00:21:15,732 [INFO]  Epoch[4] Validation-positive-accuracy=0.000000
2024-04-08 00:21:15,732 [INFO]  
========== done (0.16491365432739258 s) fit model
2024-04-08 00:21:16,516 [INFO]  
========== start: fit model
2024-04-08 00:21:16,516 [WARNING]  Already bound, ignoring bind()
2024-04-08 00:21:16,605 [INFO]  Epoch[0] Batch [0-7]	Speed: 1446.61 samples/sec	cross-entropy=7.943986	positive-accuracy=3.875000
2024-04-08 00:21:16,782 [INFO]  Epoch[0] Train-cross-entropy=1.860411
2024-04-08 00:21:16,782 [INFO]  Epoch[0] Train-positive-accuracy=2.833333
2024-04-08 00:21:16,782 [INFO]  Epoch[0] Time cost=0.264
2024-04-08 00:21:16,783 [INFO]  Saved checkpoint to "./imputer_model/28_haberman/imputer_model_positive/model-0000.params"
2024-04-08 00:21:16,785 [INFO]  Epoch[0] Validation-cross-entropy=0.514939
2024-04-08 00:21:16,785 [INFO]  Epoch[0] Validation-positive-accuracy=0.000000
2024-04-08 00:21:16,793 [INFO]  Epoch[1] Batch [0-7]	Speed: 15260.93 samples/sec	cross-entropy=0.482665	positive-accuracy=3.875000
2024-04-08 00:21:16,800 [INFO]  Epoch[1] Train-cross-entropy=0.721850
2024-04-08 00:21:16,800 [INFO]  Epoch[1] Train-positive-accuracy=2.833333
2024-04-08 00:21:16,800 [INFO]  Epoch[1] Time cost=0.015
2024-04-08 00:21:16,802 [INFO]  Saved checkpoint to "./imputer_model/28_haberman/imputer_model_positive/model-0001.params"
2024-04-08 00:21:16,804 [INFO]  Epoch[1] Validation-cross-entropy=0.618190
2024-04-08 00:21:16,804 [INFO]  Epoch[1] Validation-positive-accuracy=0.000000
2024-04-08 00:21:16,813 [INFO]  Epoch[2] Batch [0-7]	Speed: 14940.59 samples/sec	cross-entropy=0.234381	positive-accuracy=3.875000
2024-04-08 00:21:16,819 [INFO]  Epoch[2] Train-cross-entropy=0.056177
2024-04-08 00:21:16,820 [INFO]  Epoch[2] Train-positive-accuracy=2.833333
2024-04-08 00:21:16,820 [INFO]  Epoch[2] Time cost=0.016
2024-04-08 00:21:16,824 [INFO]  Saved checkpoint to "./imputer_model/28_haberman/imputer_model_positive/model-0002.params"
2024-04-08 00:21:17,011 [INFO]  Epoch[2] Validation-cross-entropy=0.092661
2024-04-08 00:21:17,011 [INFO]  Epoch[2] Validation-positive-accuracy=0.000000
2024-04-08 00:21:17,136 [INFO]  Epoch[3] Batch [0-7]	Speed: 11975.17 samples/sec	cross-entropy=0.099554	positive-accuracy=3.875000
2024-04-08 00:21:17,144 [INFO]  Epoch[3] Train-cross-entropy=0.092661
2024-04-08 00:21:17,144 [INFO]  Epoch[3] Train-positive-accuracy=2.833333
2024-04-08 00:21:17,144 [INFO]  Epoch[3] Time cost=0.133
2024-04-08 00:21:17,146 [INFO]  Saved checkpoint to "./imputer_model/28_haberman/imputer_model_positive/model-0003.params"
2024-04-08 00:21:17,147 [INFO]  Epoch[3] Validation-cross-entropy=0.038933
2024-04-08 00:21:17,147 [INFO]  Epoch[3] Validation-positive-accuracy=0.000000
2024-04-08 00:21:17,170 [INFO]  Epoch[4] Batch [0-7]	Speed: 10770.90 samples/sec	cross-entropy=0.044383	positive-accuracy=3.875000
2024-04-08 00:21:17,281 [INFO]  Epoch[4] Train-cross-entropy=0.039683
2024-04-08 00:21:17,281 [INFO]  Epoch[4] Train-positive-accuracy=2.833333
2024-04-08 00:21:17,281 [INFO]  Epoch[4] Time cost=0.134
2024-04-08 00:21:17,282 [INFO]  Saved checkpoint to "./imputer_model/28_haberman/imputer_model_positive/model-0004.params"
2024-04-08 00:21:17,284 [INFO]  Epoch[4] Validation-cross-entropy=0.031429
2024-04-08 00:21:17,284 [INFO]  Epoch[4] Validation-positive-accuracy=0.000000
2024-04-08 00:21:17,284 [INFO]  
========== done (0.7675597667694092 s) fit model
2024-04-08 00:21:18,768 [INFO]  
========== start: fit model
2024-04-08 00:21:18,768 [WARNING]  Already bound, ignoring bind()
2024-04-08 00:21:18,779 [INFO]  Epoch[0] Batch [0-7]	Speed: 14352.21 samples/sec	cross-entropy=12.814256	positive-accuracy=3.625000
2024-04-08 00:21:18,786 [INFO]  Epoch[0] Train-cross-entropy=2.728418
2024-04-08 00:21:18,786 [INFO]  Epoch[0] Train-positive-accuracy=4.000000
2024-04-08 00:21:18,786 [INFO]  Epoch[0] Time cost=0.017
2024-04-08 00:21:18,788 [INFO]  Saved checkpoint to "./imputer_model/28_haberman/imputer_model_positive/model-0000.params"
2024-04-08 00:21:18,790 [INFO]  Epoch[0] Validation-cross-entropy=0.839041
2024-04-08 00:21:18,790 [INFO]  Epoch[0] Validation-positive-accuracy=0.000000
2024-04-08 00:21:18,799 [INFO]  Epoch[1] Batch [0-7]	Speed: 14211.96 samples/sec	cross-entropy=0.841630	positive-accuracy=3.625000
2024-04-08 00:21:18,807 [INFO]  Epoch[1] Train-cross-entropy=0.379097
2024-04-08 00:21:18,807 [INFO]  Epoch[1] Train-positive-accuracy=4.000000
2024-04-08 00:21:18,807 [INFO]  Epoch[1] Time cost=0.017
2024-04-08 00:21:18,809 [INFO]  Saved checkpoint to "./imputer_model/28_haberman/imputer_model_positive/model-0001.params"
2024-04-08 00:21:18,811 [INFO]  Epoch[1] Validation-cross-entropy=0.535413
2024-04-08 00:21:18,811 [INFO]  Epoch[1] Validation-positive-accuracy=0.000000
2024-04-08 00:21:18,820 [INFO]  Epoch[2] Batch [0-7]	Speed: 14339.94 samples/sec	cross-entropy=0.504996	positive-accuracy=3.625000
2024-04-08 00:21:18,827 [INFO]  Epoch[2] Train-cross-entropy=0.206999
2024-04-08 00:21:18,827 [INFO]  Epoch[2] Train-positive-accuracy=4.000000
2024-04-08 00:21:18,827 [INFO]  Epoch[2] Time cost=0.016
2024-04-08 00:21:18,829 [INFO]  Saved checkpoint to "./imputer_model/28_haberman/imputer_model_positive/model-0002.params"
2024-04-08 00:21:18,831 [INFO]  Epoch[2] Validation-cross-entropy=0.087538
2024-04-08 00:21:18,831 [INFO]  Epoch[2] Validation-positive-accuracy=0.000000
2024-04-08 00:21:18,840 [INFO]  Epoch[3] Batch [0-7]	Speed: 14412.09 samples/sec	cross-entropy=0.066550	positive-accuracy=3.625000
2024-04-08 00:21:18,847 [INFO]  Epoch[3] Train-cross-entropy=0.041245
2024-04-08 00:21:18,847 [INFO]  Epoch[3] Train-positive-accuracy=4.000000
2024-04-08 00:21:18,847 [INFO]  Epoch[3] Time cost=0.016
2024-04-08 00:21:18,850 [INFO]  Saved checkpoint to "./imputer_model/28_haberman/imputer_model_positive/model-0003.params"
2024-04-08 00:21:18,851 [INFO]  Epoch[3] Validation-cross-entropy=0.102385
2024-04-08 00:21:18,851 [INFO]  Epoch[3] Validation-positive-accuracy=0.000000
2024-04-08 00:21:18,860 [INFO]  Epoch[4] Batch [0-7]	Speed: 14484.97 samples/sec	cross-entropy=0.089922	positive-accuracy=3.625000
2024-04-08 00:21:18,867 [INFO]  Epoch[4] Train-cross-entropy=0.030553
2024-04-08 00:21:18,867 [INFO]  Epoch[4] Train-positive-accuracy=4.000000
2024-04-08 00:21:18,867 [INFO]  Epoch[4] Time cost=0.016
2024-04-08 00:21:18,869 [INFO]  Saved checkpoint to "./imputer_model/28_haberman/imputer_model_positive/model-0004.params"
2024-04-08 00:21:18,871 [INFO]  Epoch[4] Validation-cross-entropy=0.040139
2024-04-08 00:21:18,871 [INFO]  Epoch[4] Validation-positive-accuracy=0.000000
2024-04-08 00:21:18,871 [INFO]  
========== done (0.11190509796142578 s) fit model
2024-04-08 00:21:19,827 [INFO]  
========== start: fit model
2024-04-08 00:21:19,827 [WARNING]  Already bound, ignoring bind()
2024-04-08 00:21:19,870 [INFO]  Epoch[0] Batch [0-7]	Speed: 21554.65 samples/sec	cross-entropy=9.367228	positive-accuracy=4.000000
2024-04-08 00:21:19,924 [INFO]  Epoch[0] Train-cross-entropy=0.934065
2024-04-08 00:21:19,924 [INFO]  Epoch[0] Train-positive-accuracy=2.666667
2024-04-08 00:21:19,924 [INFO]  Epoch[0] Time cost=0.096
2024-04-08 00:21:19,926 [INFO]  Saved checkpoint to "./imputer_model/28_haberman/imputer_model_positive/model-0000.params"
2024-04-08 00:21:19,936 [INFO]  Epoch[0] Validation-cross-entropy=0.689979
2024-04-08 00:21:19,936 [INFO]  Epoch[0] Validation-positive-accuracy=0.000000
2024-04-08 00:21:19,945 [INFO]  Epoch[1] Batch [0-7]	Speed: 14658.53 samples/sec	cross-entropy=0.600311	positive-accuracy=4.000000
2024-04-08 00:21:20,532 [INFO]  Epoch[1] Train-cross-entropy=0.844792
2024-04-08 00:21:20,533 [INFO]  Epoch[1] Train-positive-accuracy=2.666667
2024-04-08 00:21:20,533 [INFO]  Epoch[1] Time cost=0.597
2024-04-08 00:21:20,534 [INFO]  Saved checkpoint to "./imputer_model/28_haberman/imputer_model_positive/model-0001.params"
2024-04-08 00:21:20,535 [INFO]  Epoch[1] Validation-cross-entropy=0.289276
2024-04-08 00:21:20,535 [INFO]  Epoch[1] Validation-positive-accuracy=0.000000
2024-04-08 00:21:20,565 [INFO]  Epoch[2] Batch [0-7]	Speed: 21052.35 samples/sec	cross-entropy=0.188780	positive-accuracy=4.000000
2024-04-08 00:21:20,570 [INFO]  Epoch[2] Train-cross-entropy=0.060906
2024-04-08 00:21:20,570 [INFO]  Epoch[2] Train-positive-accuracy=2.666667
2024-04-08 00:21:20,570 [INFO]  Epoch[2] Time cost=0.035
2024-04-08 00:21:20,572 [INFO]  Saved checkpoint to "./imputer_model/28_haberman/imputer_model_positive/model-0002.params"
2024-04-08 00:21:20,582 [INFO]  Epoch[2] Validation-cross-entropy=0.024700
2024-04-08 00:21:20,582 [INFO]  Epoch[2] Validation-positive-accuracy=0.000000
2024-04-08 00:21:20,644 [INFO]  Epoch[3] Batch [0-7]	Speed: 1857.88 samples/sec	cross-entropy=0.091390	positive-accuracy=4.000000
2024-04-08 00:21:20,650 [INFO]  Epoch[3] Train-cross-entropy=0.054721
2024-04-08 00:21:20,650 [INFO]  Epoch[3] Train-positive-accuracy=2.666667
2024-04-08 00:21:20,650 [INFO]  Epoch[3] Time cost=0.069
2024-04-08 00:21:20,652 [INFO]  Saved checkpoint to "./imputer_model/28_haberman/imputer_model_positive/model-0003.params"
2024-04-08 00:21:20,676 [INFO]  Epoch[3] Validation-cross-entropy=0.047446
2024-04-08 00:21:20,676 [INFO]  Epoch[3] Validation-positive-accuracy=0.000000
2024-04-08 00:21:20,682 [INFO]  Epoch[4] Batch [0-7]	Speed: 21817.94 samples/sec	cross-entropy=0.038917	positive-accuracy=4.000000
2024-04-08 00:21:20,791 [INFO]  Epoch[4] Train-cross-entropy=0.034268
2024-04-08 00:21:20,791 [INFO]  Epoch[4] Train-positive-accuracy=2.666667
2024-04-08 00:21:20,791 [INFO]  Epoch[4] Time cost=0.115
2024-04-08 00:21:20,795 [INFO]  Saved checkpoint to "./imputer_model/28_haberman/imputer_model_positive/model-0004.params"
2024-04-08 00:21:20,821 [INFO]  Epoch[4] Validation-cross-entropy=0.040556
2024-04-08 00:21:20,821 [INFO]  Epoch[4] Validation-positive-accuracy=0.000000
2024-04-08 00:21:20,821 [INFO]  
========== done (0.9945921897888184 s) fit model
