2024-04-08 01:54:09,543 [INFO]  
========== start: fit model
2024-04-08 01:54:09,543 [WARNING]  Already bound, ignoring bind()
2024-04-08 01:54:09,645 [INFO]  Epoch[0] Batch [0-102]	Speed: 16359.14 samples/sec	cross-entropy=4.865167	duration-accuracy=3.427184
2024-04-08 01:54:09,745 [INFO]  Epoch[0] Train-cross-entropy=0.142162
2024-04-08 01:54:09,745 [INFO]  Epoch[0] Train-duration-accuracy=3.059406
2024-04-08 01:54:09,745 [INFO]  Epoch[0] Time cost=0.201
2024-04-08 01:54:09,747 [INFO]  Saved checkpoint to "./imputer_model/17_bank/imputer_model_duration/model-0000.params"
2024-04-08 01:54:09,754 [INFO]  Epoch[0] Validation-cross-entropy=0.130794
2024-04-08 01:54:09,754 [INFO]  Epoch[0] Validation-duration-accuracy=0.000000
2024-04-08 01:54:09,816 [INFO]  Epoch[1] Batch [0-102]	Speed: 26786.82 samples/sec	cross-entropy=0.130852	duration-accuracy=3.427184
2024-04-08 01:54:09,883 [INFO]  Epoch[1] Train-cross-entropy=0.070386
2024-04-08 01:54:09,883 [INFO]  Epoch[1] Train-duration-accuracy=3.059406
2024-04-08 01:54:09,883 [INFO]  Epoch[1] Time cost=0.129
2024-04-08 01:54:09,884 [INFO]  Saved checkpoint to "./imputer_model/17_bank/imputer_model_duration/model-0001.params"
2024-04-08 01:54:09,890 [INFO]  Epoch[1] Validation-cross-entropy=0.087690
2024-04-08 01:54:09,890 [INFO]  Epoch[1] Validation-duration-accuracy=0.000000
2024-04-08 01:54:09,977 [INFO]  Epoch[2] Batch [0-102]	Speed: 18853.30 samples/sec	cross-entropy=0.065140	duration-accuracy=3.427184
2024-04-08 01:54:10,034 [INFO]  Epoch[2] Train-cross-entropy=0.049124
2024-04-08 01:54:10,034 [INFO]  Epoch[2] Train-duration-accuracy=3.059406
2024-04-08 01:54:10,034 [INFO]  Epoch[2] Time cost=0.144
2024-04-08 01:54:10,035 [INFO]  Saved checkpoint to "./imputer_model/17_bank/imputer_model_duration/model-0002.params"
2024-04-08 01:54:10,041 [INFO]  Epoch[2] Validation-cross-entropy=0.070116
2024-04-08 01:54:10,041 [INFO]  Epoch[2] Validation-duration-accuracy=0.000000
2024-04-08 01:54:10,102 [INFO]  Epoch[3] Batch [0-102]	Speed: 26934.60 samples/sec	cross-entropy=0.044937	duration-accuracy=3.427184
2024-04-08 01:54:10,159 [INFO]  Epoch[3] Train-cross-entropy=0.037359
2024-04-08 01:54:10,159 [INFO]  Epoch[3] Train-duration-accuracy=3.059406
2024-04-08 01:54:10,159 [INFO]  Epoch[3] Time cost=0.118
2024-04-08 01:54:10,161 [INFO]  Saved checkpoint to "./imputer_model/17_bank/imputer_model_duration/model-0003.params"
2024-04-08 01:54:10,166 [INFO]  Epoch[3] Validation-cross-entropy=0.056483
2024-04-08 01:54:10,167 [INFO]  Epoch[3] Validation-duration-accuracy=0.000000
2024-04-08 01:54:10,271 [INFO]  Epoch[4] Batch [0-102]	Speed: 15809.07 samples/sec	cross-entropy=0.037888	duration-accuracy=3.427184
2024-04-08 01:54:10,344 [INFO]  Epoch[4] Train-cross-entropy=0.030549
2024-04-08 01:54:10,344 [INFO]  Epoch[4] Train-duration-accuracy=3.059406
2024-04-08 01:54:10,344 [INFO]  Epoch[4] Time cost=0.178
2024-04-08 01:54:10,346 [INFO]  Saved checkpoint to "./imputer_model/17_bank/imputer_model_duration/model-0004.params"
2024-04-08 01:54:10,353 [INFO]  Epoch[4] Validation-cross-entropy=0.042059
2024-04-08 01:54:10,353 [INFO]  Epoch[4] Validation-duration-accuracy=0.000000
2024-04-08 01:54:10,353 [INFO]  
========== done (0.8102312088012695 s) fit model
2024-04-08 01:54:59,116 [INFO]  
========== start: fit model
2024-04-08 01:54:59,116 [WARNING]  Already bound, ignoring bind()
2024-04-08 01:54:59,294 [INFO]  Epoch[0] Batch [0-102]	Speed: 9433.31 samples/sec	cross-entropy=2.191648	duration-accuracy=3.281553
2024-04-08 01:54:59,650 [INFO]  Epoch[0] Train-cross-entropy=0.133682
2024-04-08 01:54:59,650 [INFO]  Epoch[0] Train-duration-accuracy=3.425743
2024-04-08 01:54:59,650 [INFO]  Epoch[0] Time cost=0.532
2024-04-08 01:54:59,652 [INFO]  Saved checkpoint to "./imputer_model/17_bank/imputer_model_duration/model-0000.params"
2024-04-08 01:54:59,662 [INFO]  Epoch[0] Validation-cross-entropy=0.124959
2024-04-08 01:54:59,662 [INFO]  Epoch[0] Validation-duration-accuracy=0.000000
2024-04-08 01:54:59,782 [INFO]  Epoch[1] Batch [0-102]	Speed: 13846.31 samples/sec	cross-entropy=0.079431	duration-accuracy=3.281553
2024-04-08 01:54:59,895 [INFO]  Epoch[1] Train-cross-entropy=0.066341
2024-04-08 01:54:59,895 [INFO]  Epoch[1] Train-duration-accuracy=3.425743
2024-04-08 01:54:59,895 [INFO]  Epoch[1] Time cost=0.233
2024-04-08 01:54:59,897 [INFO]  Saved checkpoint to "./imputer_model/17_bank/imputer_model_duration/model-0001.params"
2024-04-08 01:54:59,907 [INFO]  Epoch[1] Validation-cross-entropy=0.068724
2024-04-08 01:54:59,908 [INFO]  Epoch[1] Validation-duration-accuracy=0.000000
2024-04-08 01:55:00,085 [INFO]  Epoch[2] Batch [0-102]	Speed: 9273.54 samples/sec	cross-entropy=0.054458	duration-accuracy=3.281553
2024-04-08 01:55:00,855 [INFO]  Epoch[2] Train-cross-entropy=0.051809
2024-04-08 01:55:00,855 [INFO]  Epoch[2] Train-duration-accuracy=3.425743
2024-04-08 01:55:00,855 [INFO]  Epoch[2] Time cost=0.948
2024-04-08 01:55:00,857 [INFO]  Saved checkpoint to "./imputer_model/17_bank/imputer_model_duration/model-0002.params"
2024-04-08 01:55:00,867 [INFO]  Epoch[2] Validation-cross-entropy=0.049647
2024-04-08 01:55:00,867 [INFO]  Epoch[2] Validation-duration-accuracy=0.000000
2024-04-08 01:55:01,058 [INFO]  Epoch[3] Batch [0-102]	Speed: 8610.33 samples/sec	cross-entropy=0.041233	duration-accuracy=3.281553
2024-04-08 01:55:01,179 [INFO]  Epoch[3] Train-cross-entropy=0.037956
2024-04-08 01:55:01,179 [INFO]  Epoch[3] Train-duration-accuracy=3.425743
2024-04-08 01:55:01,179 [INFO]  Epoch[3] Time cost=0.312
2024-04-08 01:55:01,181 [INFO]  Saved checkpoint to "./imputer_model/17_bank/imputer_model_duration/model-0003.params"
2024-04-08 01:55:01,193 [INFO]  Epoch[3] Validation-cross-entropy=0.044658
2024-04-08 01:55:01,193 [INFO]  Epoch[3] Validation-duration-accuracy=0.000000
2024-04-08 01:55:01,392 [INFO]  Epoch[4] Batch [0-102]	Speed: 8257.79 samples/sec	cross-entropy=0.032425	duration-accuracy=3.281553
2024-04-08 01:55:01,585 [INFO]  Epoch[4] Train-cross-entropy=0.027600
2024-04-08 01:55:01,585 [INFO]  Epoch[4] Train-duration-accuracy=3.425743
2024-04-08 01:55:01,585 [INFO]  Epoch[4] Time cost=0.393
2024-04-08 01:55:01,588 [INFO]  Saved checkpoint to "./imputer_model/17_bank/imputer_model_duration/model-0004.params"
2024-04-08 01:55:01,654 [INFO]  Epoch[4] Validation-cross-entropy=0.034350
2024-04-08 01:55:01,654 [INFO]  Epoch[4] Validation-duration-accuracy=0.000000
2024-04-08 01:55:01,654 [INFO]  
========== done (2.5378577709198 s) fit model
2024-04-08 01:55:56,486 [INFO]  
========== start: fit model
2024-04-08 01:55:56,486 [WARNING]  Already bound, ignoring bind()
2024-04-08 01:55:56,995 [INFO]  Epoch[0] Batch [0-102]	Speed: 3589.48 samples/sec	cross-entropy=1.905352	duration-accuracy=0.000000
2024-04-08 01:55:57,105 [INFO]  Epoch[0] Train-cross-entropy=0.137065
2024-04-08 01:55:57,105 [INFO]  Epoch[0] Train-duration-accuracy=0.000000
2024-04-08 01:55:57,105 [INFO]  Epoch[0] Time cost=0.619
2024-04-08 01:55:57,107 [INFO]  Saved checkpoint to "./imputer_model/17_bank/imputer_model_duration/model-0000.params"
2024-04-08 01:55:57,117 [INFO]  Epoch[0] Validation-cross-entropy=0.095494
2024-04-08 01:55:57,117 [INFO]  Epoch[0] Validation-duration-accuracy=0.000000
2024-04-08 01:55:57,366 [INFO]  Epoch[1] Batch [0-102]	Speed: 6594.34 samples/sec	cross-entropy=0.075557	duration-accuracy=0.000000
2024-04-08 01:55:57,589 [INFO]  Epoch[1] Train-cross-entropy=0.044797
2024-04-08 01:55:57,589 [INFO]  Epoch[1] Train-duration-accuracy=0.000000
2024-04-08 01:55:57,589 [INFO]  Epoch[1] Time cost=0.472
2024-04-08 01:55:57,591 [INFO]  Saved checkpoint to "./imputer_model/17_bank/imputer_model_duration/model-0001.params"
2024-04-08 01:55:57,597 [INFO]  Epoch[1] Validation-cross-entropy=0.074791
2024-04-08 01:55:57,597 [INFO]  Epoch[1] Validation-duration-accuracy=0.000000
2024-04-08 01:55:57,656 [INFO]  Epoch[2] Batch [0-102]	Speed: 27907.19 samples/sec	cross-entropy=0.052541	duration-accuracy=0.000000
2024-04-08 01:55:58,079 [INFO]  Epoch[2] Train-cross-entropy=0.036295
2024-04-08 01:55:58,079 [INFO]  Epoch[2] Train-duration-accuracy=0.000000
2024-04-08 01:55:58,079 [INFO]  Epoch[2] Time cost=0.482
2024-04-08 01:55:58,081 [INFO]  Saved checkpoint to "./imputer_model/17_bank/imputer_model_duration/model-0002.params"
2024-04-08 01:55:58,472 [INFO]  Epoch[2] Validation-cross-entropy=0.060641
2024-04-08 01:55:58,472 [INFO]  Epoch[2] Validation-duration-accuracy=0.000000
2024-04-08 01:55:58,946 [INFO]  Epoch[3] Batch [0-102]	Speed: 3449.71 samples/sec	cross-entropy=0.040811	duration-accuracy=0.000000
2024-04-08 01:55:59,909 [INFO]  Epoch[3] Train-cross-entropy=0.026922
2024-04-08 01:55:59,909 [INFO]  Epoch[3] Train-duration-accuracy=0.000000
2024-04-08 01:55:59,909 [INFO]  Epoch[3] Time cost=1.437
2024-04-08 01:55:59,912 [INFO]  Saved checkpoint to "./imputer_model/17_bank/imputer_model_duration/model-0003.params"
2024-04-08 01:55:59,928 [INFO]  Epoch[3] Validation-cross-entropy=0.050455
2024-04-08 01:55:59,928 [INFO]  Epoch[3] Validation-duration-accuracy=0.000000
2024-04-08 01:56:00,132 [INFO]  Epoch[4] Batch [0-102]	Speed: 8069.11 samples/sec	cross-entropy=0.030359	duration-accuracy=0.000000
2024-04-08 01:56:00,241 [INFO]  Epoch[4] Train-cross-entropy=0.020434
2024-04-08 01:56:00,241 [INFO]  Epoch[4] Train-duration-accuracy=0.000000
2024-04-08 01:56:00,241 [INFO]  Epoch[4] Time cost=0.312
2024-04-08 01:56:00,243 [INFO]  Saved checkpoint to "./imputer_model/17_bank/imputer_model_duration/model-0004.params"
2024-04-08 01:56:00,253 [INFO]  Epoch[4] Validation-cross-entropy=0.039654
2024-04-08 01:56:00,253 [INFO]  Epoch[4] Validation-duration-accuracy=0.000000
2024-04-08 01:56:00,253 [INFO]  
========== done (3.767113208770752 s) fit model
2024-04-08 01:56:51,890 [INFO]  
========== start: fit model
2024-04-08 01:56:51,890 [WARNING]  Already bound, ignoring bind()
2024-04-08 01:56:52,238 [INFO]  Epoch[0] Batch [0-102]	Speed: 6289.38 samples/sec	cross-entropy=2.202227	duration-accuracy=3.398058
2024-04-08 01:56:52,369 [INFO]  Epoch[0] Train-cross-entropy=0.097298
2024-04-08 01:56:52,369 [INFO]  Epoch[0] Train-duration-accuracy=3.148515
2024-04-08 01:56:52,369 [INFO]  Epoch[0] Time cost=0.478
2024-04-08 01:56:52,371 [INFO]  Saved checkpoint to "./imputer_model/17_bank/imputer_model_duration/model-0000.params"
2024-04-08 01:56:52,379 [INFO]  Epoch[0] Validation-cross-entropy=0.073785
2024-04-08 01:56:52,379 [INFO]  Epoch[0] Validation-duration-accuracy=0.000000
2024-04-08 01:56:53,563 [INFO]  Epoch[1] Batch [0-102]	Speed: 1380.15 samples/sec	cross-entropy=0.055940	duration-accuracy=3.398058
2024-04-08 01:56:54,254 [INFO]  Epoch[1] Train-cross-entropy=0.044703
2024-04-08 01:56:54,255 [INFO]  Epoch[1] Train-duration-accuracy=3.148515
2024-04-08 01:56:54,255 [INFO]  Epoch[1] Time cost=1.875
2024-04-08 01:56:54,257 [INFO]  Saved checkpoint to "./imputer_model/17_bank/imputer_model_duration/model-0001.params"
2024-04-08 01:56:54,388 [INFO]  Epoch[1] Validation-cross-entropy=0.045123
2024-04-08 01:56:54,388 [INFO]  Epoch[1] Validation-duration-accuracy=0.000000
2024-04-08 01:56:54,696 [INFO]  Epoch[2] Batch [0-102]	Speed: 5322.31 samples/sec	cross-entropy=0.035235	duration-accuracy=3.398058
2024-04-08 01:56:54,807 [INFO]  Epoch[2] Train-cross-entropy=0.042816
2024-04-08 01:56:54,807 [INFO]  Epoch[2] Train-duration-accuracy=3.148515
2024-04-08 01:56:54,807 [INFO]  Epoch[2] Time cost=0.419
2024-04-08 01:56:54,809 [INFO]  Saved checkpoint to "./imputer_model/17_bank/imputer_model_duration/model-0002.params"
2024-04-08 01:56:54,818 [INFO]  Epoch[2] Validation-cross-entropy=0.039791
2024-04-08 01:56:54,818 [INFO]  Epoch[2] Validation-duration-accuracy=0.000000
2024-04-08 01:56:54,930 [INFO]  Epoch[3] Batch [0-102]	Speed: 14792.77 samples/sec	cross-entropy=0.027615	duration-accuracy=3.398058
2024-04-08 01:56:55,043 [INFO]  Epoch[3] Train-cross-entropy=0.029642
2024-04-08 01:56:55,043 [INFO]  Epoch[3] Train-duration-accuracy=3.148515
2024-04-08 01:56:55,043 [INFO]  Epoch[3] Time cost=0.224
2024-04-08 01:56:55,045 [INFO]  Saved checkpoint to "./imputer_model/17_bank/imputer_model_duration/model-0003.params"
2024-04-08 01:56:55,055 [INFO]  Epoch[3] Validation-cross-entropy=0.034532
2024-04-08 01:56:55,055 [INFO]  Epoch[3] Validation-duration-accuracy=0.000000
2024-04-08 01:56:55,210 [INFO]  Epoch[4] Batch [0-102]	Speed: 10625.89 samples/sec	cross-entropy=0.024615	duration-accuracy=3.398058
2024-04-08 01:56:55,517 [INFO]  Epoch[4] Train-cross-entropy=0.043494
2024-04-08 01:56:55,517 [INFO]  Epoch[4] Train-duration-accuracy=3.148515
2024-04-08 01:56:55,517 [INFO]  Epoch[4] Time cost=0.463
2024-04-08 01:56:55,519 [INFO]  Saved checkpoint to "./imputer_model/17_bank/imputer_model_duration/model-0004.params"
2024-04-08 01:56:55,564 [INFO]  Epoch[4] Validation-cross-entropy=0.028958
2024-04-08 01:56:55,564 [INFO]  Epoch[4] Validation-duration-accuracy=0.000000
2024-04-08 01:56:55,564 [INFO]  
========== done (3.6742048263549805 s) fit model
2024-04-08 01:57:47,618 [INFO]  
========== start: fit model
2024-04-08 01:57:47,618 [WARNING]  Already bound, ignoring bind()
2024-04-08 01:57:47,938 [INFO]  Epoch[0] Batch [0-102]	Speed: 5196.35 samples/sec	cross-entropy=2.030023	duration-accuracy=3.291262
2024-04-08 01:57:48,239 [INFO]  Epoch[0] Train-cross-entropy=0.157799
2024-04-08 01:57:48,239 [INFO]  Epoch[0] Train-duration-accuracy=3.217822
2024-04-08 01:57:48,239 [INFO]  Epoch[0] Time cost=0.620
2024-04-08 01:57:48,241 [INFO]  Saved checkpoint to "./imputer_model/17_bank/imputer_model_duration/model-0000.params"
2024-04-08 01:57:48,247 [INFO]  Epoch[0] Validation-cross-entropy=0.095312
2024-04-08 01:57:48,247 [INFO]  Epoch[0] Validation-duration-accuracy=0.000000
2024-04-08 01:57:48,337 [INFO]  Epoch[1] Batch [0-102]	Speed: 18430.35 samples/sec	cross-entropy=0.078381	duration-accuracy=3.291262
2024-04-08 01:57:48,446 [INFO]  Epoch[1] Train-cross-entropy=0.067611
2024-04-08 01:57:48,447 [INFO]  Epoch[1] Train-duration-accuracy=3.217822
2024-04-08 01:57:48,447 [INFO]  Epoch[1] Time cost=0.199
2024-04-08 01:57:48,448 [INFO]  Saved checkpoint to "./imputer_model/17_bank/imputer_model_duration/model-0001.params"
2024-04-08 01:57:48,475 [INFO]  Epoch[1] Validation-cross-entropy=0.052077
2024-04-08 01:57:48,475 [INFO]  Epoch[1] Validation-duration-accuracy=0.000000
2024-04-08 01:57:49,076 [INFO]  Epoch[2] Batch [0-102]	Speed: 2721.25 samples/sec	cross-entropy=0.051579	duration-accuracy=3.291262
2024-04-08 01:57:49,199 [INFO]  Epoch[2] Train-cross-entropy=0.051941
2024-04-08 01:57:49,199 [INFO]  Epoch[2] Train-duration-accuracy=3.217822
2024-04-08 01:57:49,199 [INFO]  Epoch[2] Time cost=0.724
2024-04-08 01:57:49,200 [INFO]  Saved checkpoint to "./imputer_model/17_bank/imputer_model_duration/model-0002.params"
2024-04-08 01:57:49,211 [INFO]  Epoch[2] Validation-cross-entropy=0.050417
2024-04-08 01:57:49,211 [INFO]  Epoch[2] Validation-duration-accuracy=0.000000
2024-04-08 01:57:49,327 [INFO]  Epoch[3] Batch [0-102]	Speed: 14631.79 samples/sec	cross-entropy=0.040324	duration-accuracy=3.291262
2024-04-08 01:57:49,437 [INFO]  Epoch[3] Train-cross-entropy=0.033574
2024-04-08 01:57:49,437 [INFO]  Epoch[3] Train-duration-accuracy=3.217822
2024-04-08 01:57:49,437 [INFO]  Epoch[3] Time cost=0.226
2024-04-08 01:57:49,439 [INFO]  Saved checkpoint to "./imputer_model/17_bank/imputer_model_duration/model-0003.params"
2024-04-08 01:57:49,449 [INFO]  Epoch[3] Validation-cross-entropy=0.041407
2024-04-08 01:57:49,449 [INFO]  Epoch[3] Validation-duration-accuracy=0.000000
2024-04-08 01:57:49,592 [INFO]  Epoch[4] Batch [0-102]	Speed: 11569.85 samples/sec	cross-entropy=0.033338	duration-accuracy=3.291262
2024-04-08 01:57:49,721 [INFO]  Epoch[4] Train-cross-entropy=0.026209
2024-04-08 01:57:49,721 [INFO]  Epoch[4] Train-duration-accuracy=3.217822
2024-04-08 01:57:49,721 [INFO]  Epoch[4] Time cost=0.272
2024-04-08 01:57:49,723 [INFO]  Saved checkpoint to "./imputer_model/17_bank/imputer_model_duration/model-0004.params"
2024-04-08 01:57:49,734 [INFO]  Epoch[4] Validation-cross-entropy=0.032240
2024-04-08 01:57:49,735 [INFO]  Epoch[4] Validation-duration-accuracy=0.000000
2024-04-08 01:57:49,735 [INFO]  
========== done (2.1166207790374756 s) fit model
2024-04-08 01:58:52,576 [INFO]  
========== start: fit model
2024-04-08 01:58:52,576 [WARNING]  Already bound, ignoring bind()
2024-04-08 01:58:53,018 [INFO]  Epoch[0] Batch [0-102]	Speed: 4584.42 samples/sec	cross-entropy=2.314918	duration-accuracy=3.388350
2024-04-08 01:58:53,456 [INFO]  Epoch[0] Train-cross-entropy=0.123925
2024-04-08 01:58:53,456 [INFO]  Epoch[0] Train-duration-accuracy=3.316832
2024-04-08 01:58:53,456 [INFO]  Epoch[0] Time cost=0.879
2024-04-08 01:58:53,458 [INFO]  Saved checkpoint to "./imputer_model/17_bank/imputer_model_duration/model-0000.params"
2024-04-08 01:58:53,467 [INFO]  Epoch[0] Validation-cross-entropy=0.104184
2024-04-08 01:58:53,467 [INFO]  Epoch[0] Validation-duration-accuracy=0.000000
2024-04-08 01:58:53,618 [INFO]  Epoch[1] Batch [0-102]	Speed: 10947.35 samples/sec	cross-entropy=0.094464	duration-accuracy=3.388350
2024-04-08 01:58:53,943 [INFO]  Epoch[1] Train-cross-entropy=0.064156
2024-04-08 01:58:53,943 [INFO]  Epoch[1] Train-duration-accuracy=3.316832
2024-04-08 01:58:53,943 [INFO]  Epoch[1] Time cost=0.476
2024-04-08 01:58:53,949 [INFO]  Saved checkpoint to "./imputer_model/17_bank/imputer_model_duration/model-0001.params"
2024-04-08 01:58:53,989 [INFO]  Epoch[1] Validation-cross-entropy=0.050209
2024-04-08 01:58:53,989 [INFO]  Epoch[1] Validation-duration-accuracy=0.000000
2024-04-08 01:58:54,158 [INFO]  Epoch[2] Batch [0-102]	Speed: 9768.49 samples/sec	cross-entropy=0.050201	duration-accuracy=3.388350
2024-04-08 01:58:54,526 [INFO]  Epoch[2] Train-cross-entropy=0.052343
2024-04-08 01:58:54,526 [INFO]  Epoch[2] Train-duration-accuracy=3.316832
2024-04-08 01:58:54,526 [INFO]  Epoch[2] Time cost=0.537
2024-04-08 01:58:54,530 [INFO]  Saved checkpoint to "./imputer_model/17_bank/imputer_model_duration/model-0002.params"
2024-04-08 01:58:54,572 [INFO]  Epoch[2] Validation-cross-entropy=0.043090
2024-04-08 01:58:54,572 [INFO]  Epoch[2] Validation-duration-accuracy=0.000000
2024-04-08 01:58:54,751 [INFO]  Epoch[3] Batch [0-102]	Speed: 9584.87 samples/sec	cross-entropy=0.042496	duration-accuracy=3.388350
2024-04-08 01:58:55,100 [INFO]  Epoch[3] Train-cross-entropy=0.039095
2024-04-08 01:58:55,100 [INFO]  Epoch[3] Train-duration-accuracy=3.316832
2024-04-08 01:58:55,100 [INFO]  Epoch[3] Time cost=0.528
2024-04-08 01:58:55,102 [INFO]  Saved checkpoint to "./imputer_model/17_bank/imputer_model_duration/model-0003.params"
2024-04-08 01:58:55,121 [INFO]  Epoch[3] Validation-cross-entropy=0.035221
2024-04-08 01:58:55,121 [INFO]  Epoch[3] Validation-duration-accuracy=0.000000
2024-04-08 01:58:55,640 [INFO]  Epoch[4] Batch [0-102]	Speed: 3150.57 samples/sec	cross-entropy=0.030335	duration-accuracy=3.388350
2024-04-08 01:58:55,989 [INFO]  Epoch[4] Train-cross-entropy=0.037696
2024-04-08 01:58:55,989 [INFO]  Epoch[4] Train-duration-accuracy=3.316832
2024-04-08 01:58:55,989 [INFO]  Epoch[4] Time cost=0.869
2024-04-08 01:58:55,991 [INFO]  Saved checkpoint to "./imputer_model/17_bank/imputer_model_duration/model-0004.params"
2024-04-08 01:58:56,001 [INFO]  Epoch[4] Validation-cross-entropy=0.039158
2024-04-08 01:58:56,001 [INFO]  Epoch[4] Validation-duration-accuracy=0.000000
2024-04-08 01:58:56,001 [INFO]  
========== done (3.4253897666931152 s) fit model
2024-04-08 01:59:56,367 [INFO]  
========== start: fit model
2024-04-08 01:59:56,368 [WARNING]  Already bound, ignoring bind()
2024-04-08 01:59:56,758 [INFO]  Epoch[0] Batch [0-102]	Speed: 4729.99 samples/sec	cross-entropy=1.166960	duration-accuracy=0.000000
2024-04-08 01:59:57,012 [INFO]  Epoch[0] Train-cross-entropy=0.093145
2024-04-08 01:59:57,012 [INFO]  Epoch[0] Train-duration-accuracy=0.000000
2024-04-08 01:59:57,012 [INFO]  Epoch[0] Time cost=0.643
2024-04-08 01:59:57,014 [INFO]  Saved checkpoint to "./imputer_model/17_bank/imputer_model_duration/model-0000.params"
2024-04-08 01:59:57,025 [INFO]  Epoch[0] Validation-cross-entropy=0.088264
2024-04-08 01:59:57,025 [INFO]  Epoch[0] Validation-duration-accuracy=0.000000
2024-04-08 01:59:57,220 [INFO]  Epoch[1] Batch [0-102]	Speed: 8403.11 samples/sec	cross-entropy=0.065351	duration-accuracy=0.000000
2024-04-08 01:59:58,274 [INFO]  Epoch[1] Train-cross-entropy=0.059771
2024-04-08 01:59:58,275 [INFO]  Epoch[1] Train-duration-accuracy=0.000000
2024-04-08 01:59:58,275 [INFO]  Epoch[1] Time cost=1.250
2024-04-08 01:59:58,277 [INFO]  Saved checkpoint to "./imputer_model/17_bank/imputer_model_duration/model-0001.params"
2024-04-08 01:59:58,287 [INFO]  Epoch[1] Validation-cross-entropy=0.055551
2024-04-08 01:59:58,287 [INFO]  Epoch[1] Validation-duration-accuracy=0.000000
2024-04-08 01:59:58,397 [INFO]  Epoch[2] Batch [0-102]	Speed: 14893.97 samples/sec	cross-entropy=0.040039	duration-accuracy=0.000000
2024-04-08 01:59:58,751 [INFO]  Epoch[2] Train-cross-entropy=0.042107
2024-04-08 01:59:58,752 [INFO]  Epoch[2] Train-duration-accuracy=0.000000
2024-04-08 01:59:58,752 [INFO]  Epoch[2] Time cost=0.465
2024-04-08 01:59:58,755 [INFO]  Saved checkpoint to "./imputer_model/17_bank/imputer_model_duration/model-0002.params"
2024-04-08 01:59:58,792 [INFO]  Epoch[2] Validation-cross-entropy=0.038977
2024-04-08 01:59:58,792 [INFO]  Epoch[2] Validation-duration-accuracy=0.000000
2024-04-08 01:59:59,001 [INFO]  Epoch[3] Batch [0-102]	Speed: 7865.65 samples/sec	cross-entropy=0.032110	duration-accuracy=0.000000
2024-04-08 01:59:59,666 [INFO]  Epoch[3] Train-cross-entropy=0.029540
2024-04-08 01:59:59,666 [INFO]  Epoch[3] Train-duration-accuracy=0.000000
2024-04-08 01:59:59,666 [INFO]  Epoch[3] Time cost=0.875
2024-04-08 01:59:59,668 [INFO]  Saved checkpoint to "./imputer_model/17_bank/imputer_model_duration/model-0003.params"
2024-04-08 01:59:59,679 [INFO]  Epoch[3] Validation-cross-entropy=0.031361
2024-04-08 01:59:59,679 [INFO]  Epoch[3] Validation-duration-accuracy=0.000000
2024-04-08 01:59:59,921 [INFO]  Epoch[4] Batch [0-102]	Speed: 6784.76 samples/sec	cross-entropy=0.029561	duration-accuracy=0.000000
2024-04-08 02:00:00,137 [INFO]  Epoch[4] Train-cross-entropy=0.024093
2024-04-08 02:00:00,138 [INFO]  Epoch[4] Train-duration-accuracy=0.000000
2024-04-08 02:00:00,138 [INFO]  Epoch[4] Time cost=0.459
2024-04-08 02:00:00,139 [INFO]  Saved checkpoint to "./imputer_model/17_bank/imputer_model_duration/model-0004.params"
2024-04-08 02:00:00,153 [INFO]  Epoch[4] Validation-cross-entropy=0.031319
2024-04-08 02:00:00,153 [INFO]  Epoch[4] Validation-duration-accuracy=0.000000
2024-04-08 02:00:00,153 [INFO]  
========== done (3.7855138778686523 s) fit model
2024-04-08 02:01:07,095 [INFO]  
========== start: fit model
2024-04-08 02:01:07,095 [WARNING]  Already bound, ignoring bind()
2024-04-08 02:01:07,715 [INFO]  Epoch[0] Batch [0-102]	Speed: 2650.71 samples/sec	cross-entropy=1.991813	duration-accuracy=3.407767
2024-04-08 02:01:07,825 [INFO]  Epoch[0] Train-cross-entropy=0.091862
2024-04-08 02:01:07,825 [INFO]  Epoch[0] Train-duration-accuracy=3.178218
2024-04-08 02:01:07,825 [INFO]  Epoch[0] Time cost=0.730
2024-04-08 02:01:07,827 [INFO]  Saved checkpoint to "./imputer_model/17_bank/imputer_model_duration/model-0000.params"
2024-04-08 02:01:07,866 [INFO]  Epoch[0] Validation-cross-entropy=0.074744
2024-04-08 02:01:07,866 [INFO]  Epoch[0] Validation-duration-accuracy=0.000000
2024-04-08 02:01:08,111 [INFO]  Epoch[1] Batch [0-102]	Speed: 6678.43 samples/sec	cross-entropy=0.058126	duration-accuracy=3.407767
2024-04-08 02:01:08,349 [INFO]  Epoch[1] Train-cross-entropy=0.058032
2024-04-08 02:01:08,350 [INFO]  Epoch[1] Train-duration-accuracy=3.178218
2024-04-08 02:01:08,350 [INFO]  Epoch[1] Time cost=0.484
2024-04-08 02:01:08,352 [INFO]  Saved checkpoint to "./imputer_model/17_bank/imputer_model_duration/model-0001.params"
2024-04-08 02:01:08,363 [INFO]  Epoch[1] Validation-cross-entropy=0.074988
2024-04-08 02:01:08,364 [INFO]  Epoch[1] Validation-duration-accuracy=0.000000
2024-04-08 02:01:08,478 [INFO]  Epoch[2] Batch [0-102]	Speed: 14409.11 samples/sec	cross-entropy=0.044768	duration-accuracy=3.407767
2024-04-08 02:01:08,738 [INFO]  Epoch[2] Train-cross-entropy=0.050283
2024-04-08 02:01:08,738 [INFO]  Epoch[2] Train-duration-accuracy=3.178218
2024-04-08 02:01:08,738 [INFO]  Epoch[2] Time cost=0.374
2024-04-08 02:01:08,740 [INFO]  Saved checkpoint to "./imputer_model/17_bank/imputer_model_duration/model-0002.params"
2024-04-08 02:01:08,750 [INFO]  Epoch[2] Validation-cross-entropy=0.064889
2024-04-08 02:01:08,750 [INFO]  Epoch[2] Validation-duration-accuracy=0.000000
2024-04-08 02:01:08,962 [INFO]  Epoch[3] Batch [0-102]	Speed: 7775.04 samples/sec	cross-entropy=0.038098	duration-accuracy=3.407767
2024-04-08 02:01:09,148 [INFO]  Epoch[3] Train-cross-entropy=0.042993
2024-04-08 02:01:09,148 [INFO]  Epoch[3] Train-duration-accuracy=3.178218
2024-04-08 02:01:09,148 [INFO]  Epoch[3] Time cost=0.397
2024-04-08 02:01:09,150 [INFO]  Saved checkpoint to "./imputer_model/17_bank/imputer_model_duration/model-0003.params"
2024-04-08 02:01:09,161 [INFO]  Epoch[3] Validation-cross-entropy=0.053731
2024-04-08 02:01:09,161 [INFO]  Epoch[3] Validation-duration-accuracy=0.000000
2024-04-08 02:01:09,381 [INFO]  Epoch[4] Batch [0-102]	Speed: 7452.25 samples/sec	cross-entropy=0.043633	duration-accuracy=3.407767
2024-04-08 02:01:09,948 [INFO]  Epoch[4] Train-cross-entropy=0.028298
2024-04-08 02:01:09,948 [INFO]  Epoch[4] Train-duration-accuracy=3.178218
2024-04-08 02:01:09,948 [INFO]  Epoch[4] Time cost=0.787
2024-04-08 02:01:09,950 [INFO]  Saved checkpoint to "./imputer_model/17_bank/imputer_model_duration/model-0004.params"
2024-04-08 02:01:09,961 [INFO]  Epoch[4] Validation-cross-entropy=0.044943
2024-04-08 02:01:09,961 [INFO]  Epoch[4] Validation-duration-accuracy=0.000000
2024-04-08 02:01:09,961 [INFO]  
========== done (2.866304397583008 s) fit model
2024-04-08 02:02:11,816 [INFO]  
========== start: fit model
2024-04-08 02:02:11,816 [WARNING]  Already bound, ignoring bind()
2024-04-08 02:02:12,091 [INFO]  Epoch[0] Batch [0-102]	Speed: 8751.54 samples/sec	cross-entropy=1.750322	duration-accuracy=3.320388
2024-04-08 02:02:12,326 [INFO]  Epoch[0] Train-cross-entropy=0.107121
2024-04-08 02:02:12,326 [INFO]  Epoch[0] Train-duration-accuracy=3.059406
2024-04-08 02:02:12,326 [INFO]  Epoch[0] Time cost=0.509
2024-04-08 02:02:12,328 [INFO]  Saved checkpoint to "./imputer_model/17_bank/imputer_model_duration/model-0000.params"
2024-04-08 02:02:12,338 [INFO]  Epoch[0] Validation-cross-entropy=0.102252
2024-04-08 02:02:12,338 [INFO]  Epoch[0] Validation-duration-accuracy=0.000000
2024-04-08 02:02:12,446 [INFO]  Epoch[1] Batch [0-102]	Speed: 15339.99 samples/sec	cross-entropy=0.062448	duration-accuracy=3.320388
2024-04-08 02:02:12,919 [INFO]  Epoch[1] Train-cross-entropy=0.056906
2024-04-08 02:02:12,919 [INFO]  Epoch[1] Train-duration-accuracy=3.059406
2024-04-08 02:02:12,919 [INFO]  Epoch[1] Time cost=0.581
2024-04-08 02:02:12,921 [INFO]  Saved checkpoint to "./imputer_model/17_bank/imputer_model_duration/model-0001.params"
2024-04-08 02:02:12,932 [INFO]  Epoch[1] Validation-cross-entropy=0.055983
2024-04-08 02:02:12,932 [INFO]  Epoch[1] Validation-duration-accuracy=0.000000
2024-04-08 02:02:13,017 [INFO]  Epoch[2] Batch [0-102]	Speed: 19721.30 samples/sec	cross-entropy=0.043547	duration-accuracy=3.320388
2024-04-08 02:02:13,262 [INFO]  Epoch[2] Train-cross-entropy=0.040208
2024-04-08 02:02:13,262 [INFO]  Epoch[2] Train-duration-accuracy=3.059406
2024-04-08 02:02:13,262 [INFO]  Epoch[2] Time cost=0.330
2024-04-08 02:02:13,264 [INFO]  Saved checkpoint to "./imputer_model/17_bank/imputer_model_duration/model-0002.params"
2024-04-08 02:02:13,279 [INFO]  Epoch[2] Validation-cross-entropy=0.042000
2024-04-08 02:02:13,279 [INFO]  Epoch[2] Validation-duration-accuracy=0.000000
2024-04-08 02:02:13,467 [INFO]  Epoch[3] Batch [0-102]	Speed: 8726.23 samples/sec	cross-entropy=0.033454	duration-accuracy=3.320388
2024-04-08 02:02:13,793 [INFO]  Epoch[3] Train-cross-entropy=0.030472
2024-04-08 02:02:13,793 [INFO]  Epoch[3] Train-duration-accuracy=3.059406
2024-04-08 02:02:13,793 [INFO]  Epoch[3] Time cost=0.514
2024-04-08 02:02:13,797 [INFO]  Saved checkpoint to "./imputer_model/17_bank/imputer_model_duration/model-0003.params"
2024-04-08 02:02:13,810 [INFO]  Epoch[3] Validation-cross-entropy=0.044363
2024-04-08 02:02:13,810 [INFO]  Epoch[3] Validation-duration-accuracy=0.000000
2024-04-08 02:02:13,950 [INFO]  Epoch[4] Batch [0-102]	Speed: 11685.97 samples/sec	cross-entropy=0.030907	duration-accuracy=3.320388
2024-04-08 02:02:14,102 [INFO]  Epoch[4] Train-cross-entropy=0.027664
2024-04-08 02:02:14,102 [INFO]  Epoch[4] Train-duration-accuracy=3.059406
2024-04-08 02:02:14,102 [INFO]  Epoch[4] Time cost=0.292
2024-04-08 02:02:14,104 [INFO]  Saved checkpoint to "./imputer_model/17_bank/imputer_model_duration/model-0004.params"
2024-04-08 02:02:14,113 [INFO]  Epoch[4] Validation-cross-entropy=0.070937
2024-04-08 02:02:14,113 [INFO]  Epoch[4] Validation-duration-accuracy=0.000000
2024-04-08 02:02:14,113 [INFO]  
========== done (2.2969186305999756 s) fit model
2024-04-08 02:03:16,224 [INFO]  
========== start: fit model
2024-04-08 02:03:16,224 [WARNING]  Already bound, ignoring bind()
2024-04-08 02:03:17,145 [INFO]  Epoch[0] Batch [0-102]	Speed: 2172.50 samples/sec	cross-entropy=4.559688	duration-accuracy=3.233010
2024-04-08 02:03:17,387 [INFO]  Epoch[0] Train-cross-entropy=0.117319
2024-04-08 02:03:17,387 [INFO]  Epoch[0] Train-duration-accuracy=3.356436
2024-04-08 02:03:17,387 [INFO]  Epoch[0] Time cost=1.162
2024-04-08 02:03:17,389 [INFO]  Saved checkpoint to "./imputer_model/17_bank/imputer_model_duration/model-0000.params"
2024-04-08 02:03:17,399 [INFO]  Epoch[0] Validation-cross-entropy=0.096531
2024-04-08 02:03:17,399 [INFO]  Epoch[0] Validation-duration-accuracy=0.000000
2024-04-08 02:03:17,708 [INFO]  Epoch[1] Batch [0-102]	Speed: 5314.74 samples/sec	cross-entropy=0.063907	duration-accuracy=3.233010
2024-04-08 02:03:18,038 [INFO]  Epoch[1] Train-cross-entropy=0.054087
2024-04-08 02:03:18,038 [INFO]  Epoch[1] Train-duration-accuracy=3.356436
2024-04-08 02:03:18,038 [INFO]  Epoch[1] Time cost=0.639
2024-04-08 02:03:18,040 [INFO]  Saved checkpoint to "./imputer_model/17_bank/imputer_model_duration/model-0001.params"
2024-04-08 02:03:18,095 [INFO]  Epoch[1] Validation-cross-entropy=0.068752
2024-04-08 02:03:18,096 [INFO]  Epoch[1] Validation-duration-accuracy=0.000000
2024-04-08 02:03:18,470 [INFO]  Epoch[2] Batch [0-102]	Speed: 4380.20 samples/sec	cross-entropy=0.101266	duration-accuracy=3.233010
2024-04-08 02:03:19,247 [INFO]  Epoch[2] Train-cross-entropy=0.044955
2024-04-08 02:03:19,247 [INFO]  Epoch[2] Train-duration-accuracy=3.356436
2024-04-08 02:03:19,247 [INFO]  Epoch[2] Time cost=1.151
2024-04-08 02:03:19,248 [INFO]  Saved checkpoint to "./imputer_model/17_bank/imputer_model_duration/model-0002.params"
2024-04-08 02:03:19,330 [INFO]  Epoch[2] Validation-cross-entropy=0.051856
2024-04-08 02:03:19,330 [INFO]  Epoch[2] Validation-duration-accuracy=0.000000
2024-04-08 02:03:19,607 [INFO]  Epoch[3] Batch [0-102]	Speed: 5903.36 samples/sec	cross-entropy=0.137887	duration-accuracy=3.233010
2024-04-08 02:03:19,764 [INFO]  Epoch[3] Train-cross-entropy=0.037778
2024-04-08 02:03:19,764 [INFO]  Epoch[3] Train-duration-accuracy=3.356436
2024-04-08 02:03:19,764 [INFO]  Epoch[3] Time cost=0.434
2024-04-08 02:03:19,766 [INFO]  Saved checkpoint to "./imputer_model/17_bank/imputer_model_duration/model-0003.params"
2024-04-08 02:03:19,779 [INFO]  Epoch[3] Validation-cross-entropy=0.080805
2024-04-08 02:03:19,779 [INFO]  Epoch[3] Validation-duration-accuracy=0.000000
2024-04-08 02:03:19,900 [INFO]  Epoch[4] Batch [0-102]	Speed: 13673.03 samples/sec	cross-entropy=0.146544	duration-accuracy=3.233010
2024-04-08 02:03:20,013 [INFO]  Epoch[4] Train-cross-entropy=0.027746
2024-04-08 02:03:20,013 [INFO]  Epoch[4] Train-duration-accuracy=3.356436
2024-04-08 02:03:20,013 [INFO]  Epoch[4] Time cost=0.234
2024-04-08 02:03:20,015 [INFO]  Saved checkpoint to "./imputer_model/17_bank/imputer_model_duration/model-0004.params"
2024-04-08 02:03:20,025 [INFO]  Epoch[4] Validation-cross-entropy=0.032514
2024-04-08 02:03:20,025 [INFO]  Epoch[4] Validation-duration-accuracy=0.000000
2024-04-08 02:03:20,025 [INFO]  
========== done (3.8012638092041016 s) fit model
2024-04-08 02:04:15,936 [INFO]  
========== start: fit model
2024-04-08 02:04:15,937 [WARNING]  Already bound, ignoring bind()
2024-04-08 02:04:16,932 [INFO]  Epoch[0] Batch [0-102]	Speed: 1777.06 samples/sec	cross-entropy=1.309991	duration-accuracy=3.242718
2024-04-08 02:04:17,070 [INFO]  Epoch[0] Train-cross-entropy=0.102750
2024-04-08 02:04:17,070 [INFO]  Epoch[0] Train-duration-accuracy=3.237624
2024-04-08 02:04:17,071 [INFO]  Epoch[0] Time cost=1.133
2024-04-08 02:04:17,072 [INFO]  Saved checkpoint to "./imputer_model/17_bank/imputer_model_duration/model-0000.params"
2024-04-08 02:04:17,150 [INFO]  Epoch[0] Validation-cross-entropy=0.089503
2024-04-08 02:04:17,150 [INFO]  Epoch[0] Validation-duration-accuracy=0.000000
2024-04-08 02:04:18,731 [INFO]  Epoch[1] Batch [0-102]	Speed: 1063.05 samples/sec	cross-entropy=0.065531	duration-accuracy=3.242718
2024-04-08 02:04:19,091 [INFO]  Epoch[1] Train-cross-entropy=0.056741
2024-04-08 02:04:19,091 [INFO]  Epoch[1] Train-duration-accuracy=3.237624
2024-04-08 02:04:19,091 [INFO]  Epoch[1] Time cost=1.941
2024-04-08 02:04:19,094 [INFO]  Saved checkpoint to "./imputer_model/17_bank/imputer_model_duration/model-0001.params"
2024-04-08 02:04:19,104 [INFO]  Epoch[1] Validation-cross-entropy=0.069500
2024-04-08 02:04:19,105 [INFO]  Epoch[1] Validation-duration-accuracy=0.000000
2024-04-08 02:04:19,558 [INFO]  Epoch[2] Batch [0-102]	Speed: 3613.96 samples/sec	cross-entropy=0.048459	duration-accuracy=3.242718
2024-04-08 02:04:19,719 [INFO]  Epoch[2] Train-cross-entropy=0.041266
2024-04-08 02:04:19,720 [INFO]  Epoch[2] Train-duration-accuracy=3.237624
2024-04-08 02:04:19,720 [INFO]  Epoch[2] Time cost=0.615
2024-04-08 02:04:19,721 [INFO]  Saved checkpoint to "./imputer_model/17_bank/imputer_model_duration/model-0002.params"
2024-04-08 02:04:19,733 [INFO]  Epoch[2] Validation-cross-entropy=0.051671
2024-04-08 02:04:19,733 [INFO]  Epoch[2] Validation-duration-accuracy=0.000000
2024-04-08 02:04:19,966 [INFO]  Epoch[3] Batch [0-102]	Speed: 7056.90 samples/sec	cross-entropy=0.037210	duration-accuracy=3.242718
2024-04-08 02:04:20,214 [INFO]  Epoch[3] Train-cross-entropy=0.032089
2024-04-08 02:04:20,214 [INFO]  Epoch[3] Train-duration-accuracy=3.237624
2024-04-08 02:04:20,215 [INFO]  Epoch[3] Time cost=0.482
2024-04-08 02:04:20,218 [INFO]  Saved checkpoint to "./imputer_model/17_bank/imputer_model_duration/model-0003.params"
2024-04-08 02:04:20,764 [INFO]  Epoch[3] Validation-cross-entropy=0.036894
2024-04-08 02:04:20,764 [INFO]  Epoch[3] Validation-duration-accuracy=0.000000
2024-04-08 02:04:20,988 [INFO]  Epoch[4] Batch [0-102]	Speed: 7309.72 samples/sec	cross-entropy=0.031977	duration-accuracy=3.242718
2024-04-08 02:04:21,151 [INFO]  Epoch[4] Train-cross-entropy=0.026748
2024-04-08 02:04:21,151 [INFO]  Epoch[4] Train-duration-accuracy=3.237624
2024-04-08 02:04:21,151 [INFO]  Epoch[4] Time cost=0.387
2024-04-08 02:04:21,153 [INFO]  Saved checkpoint to "./imputer_model/17_bank/imputer_model_duration/model-0004.params"
2024-04-08 02:04:21,164 [INFO]  Epoch[4] Validation-cross-entropy=0.026785
2024-04-08 02:04:21,164 [INFO]  Epoch[4] Validation-duration-accuracy=0.000000
2024-04-08 02:04:21,165 [INFO]  
========== done (5.228077173233032 s) fit model
2024-04-08 02:05:23,280 [INFO]  
========== start: fit model
2024-04-08 02:05:23,281 [WARNING]  Already bound, ignoring bind()
2024-04-08 02:05:23,527 [INFO]  Epoch[0] Batch [0-102]	Speed: 6737.49 samples/sec	cross-entropy=2.311611	duration-accuracy=0.000000
2024-04-08 02:05:23,688 [INFO]  Epoch[0] Train-cross-entropy=0.129693
2024-04-08 02:05:23,689 [INFO]  Epoch[0] Train-duration-accuracy=0.000000
2024-04-08 02:05:23,689 [INFO]  Epoch[0] Time cost=0.407
2024-04-08 02:05:23,691 [INFO]  Saved checkpoint to "./imputer_model/17_bank/imputer_model_duration/model-0000.params"
2024-04-08 02:05:23,701 [INFO]  Epoch[0] Validation-cross-entropy=0.089628
2024-04-08 02:05:23,701 [INFO]  Epoch[0] Validation-duration-accuracy=0.000000
2024-04-08 02:05:23,830 [INFO]  Epoch[1] Batch [0-102]	Speed: 12827.92 samples/sec	cross-entropy=0.088873	duration-accuracy=0.000000
2024-04-08 02:05:24,166 [INFO]  Epoch[1] Train-cross-entropy=0.057956
2024-04-08 02:05:24,167 [INFO]  Epoch[1] Train-duration-accuracy=0.000000
2024-04-08 02:05:24,167 [INFO]  Epoch[1] Time cost=0.466
2024-04-08 02:05:24,169 [INFO]  Saved checkpoint to "./imputer_model/17_bank/imputer_model_duration/model-0001.params"
2024-04-08 02:05:24,320 [INFO]  Epoch[1] Validation-cross-entropy=0.052109
2024-04-08 02:05:24,320 [INFO]  Epoch[1] Validation-duration-accuracy=0.000000
2024-04-08 02:05:25,498 [INFO]  Epoch[2] Batch [0-102]	Speed: 1391.01 samples/sec	cross-entropy=0.054112	duration-accuracy=0.000000
2024-04-08 02:05:25,649 [INFO]  Epoch[2] Train-cross-entropy=0.041988
2024-04-08 02:05:25,649 [INFO]  Epoch[2] Train-duration-accuracy=0.000000
2024-04-08 02:05:25,649 [INFO]  Epoch[2] Time cost=1.329
2024-04-08 02:05:25,651 [INFO]  Saved checkpoint to "./imputer_model/17_bank/imputer_model_duration/model-0002.params"
2024-04-08 02:05:25,807 [INFO]  Epoch[2] Validation-cross-entropy=0.040486
2024-04-08 02:05:25,807 [INFO]  Epoch[2] Validation-duration-accuracy=0.000000
2024-04-08 02:05:26,231 [INFO]  Epoch[3] Batch [0-102]	Speed: 11066.21 samples/sec	cross-entropy=0.050303	duration-accuracy=0.000000
2024-04-08 02:05:26,386 [INFO]  Epoch[3] Train-cross-entropy=0.034625
2024-04-08 02:05:26,387 [INFO]  Epoch[3] Train-duration-accuracy=0.000000
2024-04-08 02:05:26,387 [INFO]  Epoch[3] Time cost=0.580
2024-04-08 02:05:26,388 [INFO]  Saved checkpoint to "./imputer_model/17_bank/imputer_model_duration/model-0003.params"
2024-04-08 02:05:26,399 [INFO]  Epoch[3] Validation-cross-entropy=0.032608
2024-04-08 02:05:26,399 [INFO]  Epoch[3] Validation-duration-accuracy=0.000000
2024-04-08 02:05:26,571 [INFO]  Epoch[4] Batch [0-102]	Speed: 9544.72 samples/sec	cross-entropy=0.044231	duration-accuracy=0.000000
2024-04-08 02:05:26,904 [INFO]  Epoch[4] Train-cross-entropy=0.037298
2024-04-08 02:05:26,904 [INFO]  Epoch[4] Train-duration-accuracy=0.000000
2024-04-08 02:05:26,904 [INFO]  Epoch[4] Time cost=0.506
2024-04-08 02:05:26,907 [INFO]  Saved checkpoint to "./imputer_model/17_bank/imputer_model_duration/model-0004.params"
2024-04-08 02:05:26,916 [INFO]  Epoch[4] Validation-cross-entropy=0.033390
2024-04-08 02:05:26,916 [INFO]  Epoch[4] Validation-duration-accuracy=0.000000
2024-04-08 02:05:26,916 [INFO]  
========== done (3.635369300842285 s) fit model
2024-04-08 02:06:24,888 [INFO]  
========== start: fit model
2024-04-08 02:06:24,888 [WARNING]  Already bound, ignoring bind()
2024-04-08 02:06:25,541 [INFO]  Epoch[0] Batch [0-102]	Speed: 2693.74 samples/sec	cross-entropy=2.734051	duration-accuracy=3.378641
2024-04-08 02:06:25,982 [INFO]  Epoch[0] Train-cross-entropy=0.221920
2024-04-08 02:06:25,982 [INFO]  Epoch[0] Train-duration-accuracy=3.118812
2024-04-08 02:06:25,982 [INFO]  Epoch[0] Time cost=1.093
2024-04-08 02:06:25,984 [INFO]  Saved checkpoint to "./imputer_model/17_bank/imputer_model_duration/model-0000.params"
2024-04-08 02:06:25,996 [INFO]  Epoch[0] Validation-cross-entropy=0.777477
2024-04-08 02:06:25,996 [INFO]  Epoch[0] Validation-duration-accuracy=0.000000
2024-04-08 02:06:26,113 [INFO]  Epoch[1] Batch [0-102]	Speed: 14135.10 samples/sec	cross-entropy=0.157213	duration-accuracy=3.378641
2024-04-08 02:06:26,225 [INFO]  Epoch[1] Train-cross-entropy=0.075625
2024-04-08 02:06:26,225 [INFO]  Epoch[1] Train-duration-accuracy=3.118812
2024-04-08 02:06:26,226 [INFO]  Epoch[1] Time cost=0.230
2024-04-08 02:06:26,228 [INFO]  Saved checkpoint to "./imputer_model/17_bank/imputer_model_duration/model-0001.params"
2024-04-08 02:06:26,239 [INFO]  Epoch[1] Validation-cross-entropy=0.091112
2024-04-08 02:06:26,239 [INFO]  Epoch[1] Validation-duration-accuracy=0.000000
2024-04-08 02:06:26,783 [INFO]  Epoch[2] Batch [0-102]	Speed: 3008.26 samples/sec	cross-entropy=0.055853	duration-accuracy=3.378641
2024-04-08 02:06:26,907 [INFO]  Epoch[2] Train-cross-entropy=0.041349
2024-04-08 02:06:26,907 [INFO]  Epoch[2] Train-duration-accuracy=3.118812
2024-04-08 02:06:26,907 [INFO]  Epoch[2] Time cost=0.668
2024-04-08 02:06:26,909 [INFO]  Saved checkpoint to "./imputer_model/17_bank/imputer_model_duration/model-0002.params"
2024-04-08 02:06:26,988 [INFO]  Epoch[2] Validation-cross-entropy=0.033022
2024-04-08 02:06:26,988 [INFO]  Epoch[2] Validation-duration-accuracy=0.000000
2024-04-08 02:06:27,139 [INFO]  Epoch[3] Batch [0-102]	Speed: 10833.81 samples/sec	cross-entropy=0.028644	duration-accuracy=3.378641
2024-04-08 02:06:27,319 [INFO]  Epoch[3] Train-cross-entropy=0.030398
2024-04-08 02:06:27,319 [INFO]  Epoch[3] Train-duration-accuracy=3.118812
2024-04-08 02:06:27,319 [INFO]  Epoch[3] Time cost=0.331
2024-04-08 02:06:27,321 [INFO]  Saved checkpoint to "./imputer_model/17_bank/imputer_model_duration/model-0003.params"
2024-04-08 02:06:27,351 [INFO]  Epoch[3] Validation-cross-entropy=0.030511
2024-04-08 02:06:27,351 [INFO]  Epoch[3] Validation-duration-accuracy=0.000000
2024-04-08 02:06:27,601 [INFO]  Epoch[4] Batch [0-102]	Speed: 6555.48 samples/sec	cross-entropy=0.022033	duration-accuracy=3.378641
2024-04-08 02:06:27,716 [INFO]  Epoch[4] Train-cross-entropy=0.026315
2024-04-08 02:06:27,716 [INFO]  Epoch[4] Train-duration-accuracy=3.118812
2024-04-08 02:06:27,716 [INFO]  Epoch[4] Time cost=0.365
2024-04-08 02:06:27,718 [INFO]  Saved checkpoint to "./imputer_model/17_bank/imputer_model_duration/model-0004.params"
2024-04-08 02:06:27,734 [INFO]  Epoch[4] Validation-cross-entropy=0.033981
2024-04-08 02:06:27,735 [INFO]  Epoch[4] Validation-duration-accuracy=0.000000
2024-04-08 02:06:27,735 [INFO]  
========== done (2.8467156887054443 s) fit model
2024-04-08 02:07:24,071 [INFO]  
========== start: fit model
2024-04-08 02:07:24,071 [WARNING]  Already bound, ignoring bind()
2024-04-08 02:07:24,291 [INFO]  Epoch[0] Batch [0-102]	Speed: 9290.33 samples/sec	cross-entropy=2.103324	duration-accuracy=3.310680
2024-04-08 02:07:24,444 [INFO]  Epoch[0] Train-cross-entropy=0.124348
2024-04-08 02:07:24,444 [INFO]  Epoch[0] Train-duration-accuracy=3.237624
2024-04-08 02:07:24,444 [INFO]  Epoch[0] Time cost=0.372
2024-04-08 02:07:24,446 [INFO]  Saved checkpoint to "./imputer_model/17_bank/imputer_model_duration/model-0000.params"
2024-04-08 02:07:24,459 [INFO]  Epoch[0] Validation-cross-entropy=0.078873
2024-04-08 02:07:24,459 [INFO]  Epoch[0] Validation-duration-accuracy=0.000000
2024-04-08 02:07:24,596 [INFO]  Epoch[1] Batch [0-102]	Speed: 12087.31 samples/sec	cross-entropy=0.056796	duration-accuracy=3.310680
2024-04-08 02:07:24,774 [INFO]  Epoch[1] Train-cross-entropy=0.075550
2024-04-08 02:07:24,774 [INFO]  Epoch[1] Train-duration-accuracy=3.237624
2024-04-08 02:07:24,774 [INFO]  Epoch[1] Time cost=0.315
2024-04-08 02:07:24,776 [INFO]  Saved checkpoint to "./imputer_model/17_bank/imputer_model_duration/model-0001.params"
2024-04-08 02:07:24,788 [INFO]  Epoch[1] Validation-cross-entropy=0.057863
2024-04-08 02:07:24,788 [INFO]  Epoch[1] Validation-duration-accuracy=0.000000
2024-04-08 02:07:25,373 [INFO]  Epoch[2] Batch [0-102]	Speed: 2794.18 samples/sec	cross-entropy=0.044637	duration-accuracy=3.310680
2024-04-08 02:07:25,563 [INFO]  Epoch[2] Train-cross-entropy=0.075761
2024-04-08 02:07:25,563 [INFO]  Epoch[2] Train-duration-accuracy=3.237624
2024-04-08 02:07:25,563 [INFO]  Epoch[2] Time cost=0.775
2024-04-08 02:07:25,567 [INFO]  Saved checkpoint to "./imputer_model/17_bank/imputer_model_duration/model-0002.params"
2024-04-08 02:07:25,594 [INFO]  Epoch[2] Validation-cross-entropy=0.047385
2024-04-08 02:07:25,594 [INFO]  Epoch[2] Validation-duration-accuracy=0.000000
2024-04-08 02:07:25,749 [INFO]  Epoch[3] Batch [0-102]	Speed: 10608.11 samples/sec	cross-entropy=0.042160	duration-accuracy=3.310680
2024-04-08 02:07:25,859 [INFO]  Epoch[3] Train-cross-entropy=0.088734
2024-04-08 02:07:25,859 [INFO]  Epoch[3] Train-duration-accuracy=3.237624
2024-04-08 02:07:25,859 [INFO]  Epoch[3] Time cost=0.266
2024-04-08 02:07:25,861 [INFO]  Saved checkpoint to "./imputer_model/17_bank/imputer_model_duration/model-0003.params"
2024-04-08 02:07:25,873 [INFO]  Epoch[3] Validation-cross-entropy=0.062120
2024-04-08 02:07:25,873 [INFO]  Epoch[3] Validation-duration-accuracy=0.000000
2024-04-08 02:07:26,329 [INFO]  Epoch[4] Batch [0-102]	Speed: 3592.76 samples/sec	cross-entropy=0.047831	duration-accuracy=3.310680
2024-04-08 02:07:26,429 [INFO]  Epoch[4] Train-cross-entropy=0.090966
2024-04-08 02:07:26,430 [INFO]  Epoch[4] Train-duration-accuracy=3.237624
2024-04-08 02:07:26,430 [INFO]  Epoch[4] Time cost=0.556
2024-04-08 02:07:26,431 [INFO]  Saved checkpoint to "./imputer_model/17_bank/imputer_model_duration/model-0004.params"
2024-04-08 02:07:26,467 [INFO]  Epoch[4] Validation-cross-entropy=0.094725
2024-04-08 02:07:26,467 [INFO]  Epoch[4] Validation-duration-accuracy=0.000000
2024-04-08 02:07:26,467 [INFO]  
========== done (2.396211862564087 s) fit model
2024-04-08 02:08:28,403 [INFO]  
========== start: fit model
2024-04-08 02:08:28,403 [WARNING]  Already bound, ignoring bind()
2024-04-08 02:08:29,070 [INFO]  Epoch[0] Batch [0-102]	Speed: 2528.23 samples/sec	cross-entropy=2.654849	duration-accuracy=0.000000
2024-04-08 02:08:29,252 [INFO]  Epoch[0] Train-cross-entropy=0.123946
2024-04-08 02:08:29,252 [INFO]  Epoch[0] Train-duration-accuracy=0.000000
2024-04-08 02:08:29,252 [INFO]  Epoch[0] Time cost=0.847
2024-04-08 02:08:29,254 [INFO]  Saved checkpoint to "./imputer_model/17_bank/imputer_model_duration/model-0000.params"
2024-04-08 02:08:29,263 [INFO]  Epoch[0] Validation-cross-entropy=0.085545
2024-04-08 02:08:29,264 [INFO]  Epoch[0] Validation-duration-accuracy=0.000000
2024-04-08 02:08:29,378 [INFO]  Epoch[1] Batch [0-102]	Speed: 14477.80 samples/sec	cross-entropy=0.070518	duration-accuracy=0.000000
2024-04-08 02:08:30,467 [INFO]  Epoch[1] Train-cross-entropy=0.083141
2024-04-08 02:08:30,467 [INFO]  Epoch[1] Train-duration-accuracy=0.000000
2024-04-08 02:08:30,467 [INFO]  Epoch[1] Time cost=1.203
2024-04-08 02:08:30,469 [INFO]  Saved checkpoint to "./imputer_model/17_bank/imputer_model_duration/model-0001.params"
2024-04-08 02:08:30,475 [INFO]  Epoch[1] Validation-cross-entropy=0.070680
2024-04-08 02:08:30,475 [INFO]  Epoch[1] Validation-duration-accuracy=0.000000
2024-04-08 02:08:30,826 [INFO]  Epoch[2] Batch [0-102]	Speed: 4658.90 samples/sec	cross-entropy=0.048890	duration-accuracy=0.000000
2024-04-08 02:08:31,063 [INFO]  Epoch[2] Train-cross-entropy=0.188690
2024-04-08 02:08:31,063 [INFO]  Epoch[2] Train-duration-accuracy=0.000000
2024-04-08 02:08:31,063 [INFO]  Epoch[2] Time cost=0.589
2024-04-08 02:08:31,065 [INFO]  Saved checkpoint to "./imputer_model/17_bank/imputer_model_duration/model-0002.params"
2024-04-08 02:08:31,094 [INFO]  Epoch[2] Validation-cross-entropy=0.075109
2024-04-08 02:08:31,094 [INFO]  Epoch[2] Validation-duration-accuracy=0.000000
2024-04-08 02:08:31,301 [INFO]  Epoch[3] Batch [0-102]	Speed: 11901.73 samples/sec	cross-entropy=0.035637	duration-accuracy=0.000000
2024-04-08 02:08:31,415 [INFO]  Epoch[3] Train-cross-entropy=0.215628
2024-04-08 02:08:31,415 [INFO]  Epoch[3] Train-duration-accuracy=0.000000
2024-04-08 02:08:31,415 [INFO]  Epoch[3] Time cost=0.321
2024-04-08 02:08:31,417 [INFO]  Saved checkpoint to "./imputer_model/17_bank/imputer_model_duration/model-0003.params"
2024-04-08 02:08:31,428 [INFO]  Epoch[3] Validation-cross-entropy=0.043664
2024-04-08 02:08:31,428 [INFO]  Epoch[3] Validation-duration-accuracy=0.000000
2024-04-08 02:08:31,670 [INFO]  Epoch[4] Batch [0-102]	Speed: 6787.77 samples/sec	cross-entropy=0.026188	duration-accuracy=0.000000
2024-04-08 02:08:32,490 [INFO]  Epoch[4] Train-cross-entropy=0.055342
2024-04-08 02:08:32,490 [INFO]  Epoch[4] Train-duration-accuracy=0.000000
2024-04-08 02:08:32,490 [INFO]  Epoch[4] Time cost=1.062
2024-04-08 02:08:32,492 [INFO]  Saved checkpoint to "./imputer_model/17_bank/imputer_model_duration/model-0004.params"
2024-04-08 02:08:32,505 [INFO]  Epoch[4] Validation-cross-entropy=0.031374
2024-04-08 02:08:32,505 [INFO]  Epoch[4] Validation-duration-accuracy=0.000000
2024-04-08 02:08:32,505 [INFO]  
========== done (4.102172613143921 s) fit model
2024-04-08 02:09:33,321 [INFO]  
========== start: fit model
2024-04-08 02:09:33,321 [WARNING]  Already bound, ignoring bind()
2024-04-08 02:09:33,503 [INFO]  Epoch[0] Batch [0-102]	Speed: 9398.97 samples/sec	cross-entropy=1.341440	duration-accuracy=3.165049
2024-04-08 02:09:33,582 [INFO]  Epoch[0] Train-cross-entropy=0.098985
2024-04-08 02:09:33,582 [INFO]  Epoch[0] Train-duration-accuracy=3.188119
2024-04-08 02:09:33,583 [INFO]  Epoch[0] Time cost=0.260
2024-04-08 02:09:33,584 [INFO]  Saved checkpoint to "./imputer_model/17_bank/imputer_model_duration/model-0000.params"
2024-04-08 02:09:33,613 [INFO]  Epoch[0] Validation-cross-entropy=0.088428
2024-04-08 02:09:33,613 [INFO]  Epoch[0] Validation-duration-accuracy=0.000000
2024-04-08 02:09:34,262 [INFO]  Epoch[1] Batch [0-102]	Speed: 2518.83 samples/sec	cross-entropy=0.063889	duration-accuracy=3.165049
2024-04-08 02:09:34,376 [INFO]  Epoch[1] Train-cross-entropy=0.054195
2024-04-08 02:09:34,376 [INFO]  Epoch[1] Train-duration-accuracy=3.188119
2024-04-08 02:09:34,376 [INFO]  Epoch[1] Time cost=0.763
2024-04-08 02:09:34,378 [INFO]  Saved checkpoint to "./imputer_model/17_bank/imputer_model_duration/model-0001.params"
2024-04-08 02:09:34,387 [INFO]  Epoch[1] Validation-cross-entropy=0.069257
2024-04-08 02:09:34,387 [INFO]  Epoch[1] Validation-duration-accuracy=0.000000
2024-04-08 02:09:35,665 [INFO]  Epoch[2] Batch [0-102]	Speed: 1278.69 samples/sec	cross-entropy=0.054198	duration-accuracy=3.165049
2024-04-08 02:09:36,252 [INFO]  Epoch[2] Train-cross-entropy=0.045042
2024-04-08 02:09:36,253 [INFO]  Epoch[2] Train-duration-accuracy=3.188119
2024-04-08 02:09:36,253 [INFO]  Epoch[2] Time cost=1.866
2024-04-08 02:09:36,263 [INFO]  Saved checkpoint to "./imputer_model/17_bank/imputer_model_duration/model-0002.params"
2024-04-08 02:09:36,281 [INFO]  Epoch[2] Validation-cross-entropy=0.049284
2024-04-08 02:09:36,281 [INFO]  Epoch[2] Validation-duration-accuracy=0.000000
2024-04-08 02:09:36,575 [INFO]  Epoch[3] Batch [0-102]	Speed: 5581.32 samples/sec	cross-entropy=0.038926	duration-accuracy=3.165049
2024-04-08 02:09:36,861 [INFO]  Epoch[3] Train-cross-entropy=0.039679
2024-04-08 02:09:36,861 [INFO]  Epoch[3] Train-duration-accuracy=3.188119
2024-04-08 02:09:36,861 [INFO]  Epoch[3] Time cost=0.580
2024-04-08 02:09:36,866 [INFO]  Saved checkpoint to "./imputer_model/17_bank/imputer_model_duration/model-0003.params"
2024-04-08 02:09:36,889 [INFO]  Epoch[3] Validation-cross-entropy=0.040140
2024-04-08 02:09:36,889 [INFO]  Epoch[3] Validation-duration-accuracy=0.000000
2024-04-08 02:09:37,121 [INFO]  Epoch[4] Batch [0-102]	Speed: 7066.97 samples/sec	cross-entropy=0.025540	duration-accuracy=3.165049
2024-04-08 02:09:37,634 [INFO]  Epoch[4] Train-cross-entropy=0.032467
2024-04-08 02:09:37,634 [INFO]  Epoch[4] Train-duration-accuracy=3.188119
2024-04-08 02:09:37,634 [INFO]  Epoch[4] Time cost=0.745
2024-04-08 02:09:37,636 [INFO]  Saved checkpoint to "./imputer_model/17_bank/imputer_model_duration/model-0004.params"
2024-04-08 02:09:37,645 [INFO]  Epoch[4] Validation-cross-entropy=0.042516
2024-04-08 02:09:37,645 [INFO]  Epoch[4] Validation-duration-accuracy=0.000000
2024-04-08 02:09:37,645 [INFO]  
========== done (4.323998928070068 s) fit model
2024-04-08 02:10:31,287 [INFO]  
========== start: fit model
2024-04-08 02:10:31,287 [WARNING]  Already bound, ignoring bind()
2024-04-08 02:10:31,484 [INFO]  Epoch[0] Batch [0-102]	Speed: 10557.93 samples/sec	cross-entropy=1.602036	duration-accuracy=0.000000
2024-04-08 02:10:31,580 [INFO]  Epoch[0] Train-cross-entropy=0.109749
2024-04-08 02:10:31,581 [INFO]  Epoch[0] Train-duration-accuracy=0.000000
2024-04-08 02:10:31,581 [INFO]  Epoch[0] Time cost=0.288
2024-04-08 02:10:31,583 [INFO]  Saved checkpoint to "./imputer_model/17_bank/imputer_model_duration/model-0000.params"
2024-04-08 02:10:31,593 [INFO]  Epoch[0] Validation-cross-entropy=0.095686
2024-04-08 02:10:31,593 [INFO]  Epoch[0] Validation-duration-accuracy=0.000000
2024-04-08 02:10:31,712 [INFO]  Epoch[1] Batch [0-102]	Speed: 13947.68 samples/sec	cross-entropy=0.079803	duration-accuracy=0.000000
2024-04-08 02:10:32,532 [INFO]  Epoch[1] Train-cross-entropy=0.071881
2024-04-08 02:10:32,532 [INFO]  Epoch[1] Train-duration-accuracy=0.000000
2024-04-08 02:10:32,532 [INFO]  Epoch[1] Time cost=0.939
2024-04-08 02:10:32,534 [INFO]  Saved checkpoint to "./imputer_model/17_bank/imputer_model_duration/model-0001.params"
2024-04-08 02:10:32,544 [INFO]  Epoch[1] Validation-cross-entropy=0.070924
2024-04-08 02:10:32,544 [INFO]  Epoch[1] Validation-duration-accuracy=0.000000
2024-04-08 02:10:32,671 [INFO]  Epoch[2] Batch [0-102]	Speed: 13071.38 samples/sec	cross-entropy=0.065152	duration-accuracy=0.000000
2024-04-08 02:10:33,372 [INFO]  Epoch[2] Train-cross-entropy=0.042901
2024-04-08 02:10:33,372 [INFO]  Epoch[2] Train-duration-accuracy=0.000000
2024-04-08 02:10:33,372 [INFO]  Epoch[2] Time cost=0.828
2024-04-08 02:10:33,374 [INFO]  Saved checkpoint to "./imputer_model/17_bank/imputer_model_duration/model-0002.params"
2024-04-08 02:10:33,384 [INFO]  Epoch[2] Validation-cross-entropy=0.048853
2024-04-08 02:10:33,384 [INFO]  Epoch[2] Validation-duration-accuracy=0.000000
2024-04-08 02:10:33,512 [INFO]  Epoch[3] Batch [0-102]	Speed: 12951.87 samples/sec	cross-entropy=0.041310	duration-accuracy=0.000000
2024-04-08 02:10:33,622 [INFO]  Epoch[3] Train-cross-entropy=0.033259
2024-04-08 02:10:33,622 [INFO]  Epoch[3] Train-duration-accuracy=0.000000
2024-04-08 02:10:33,622 [INFO]  Epoch[3] Time cost=0.238
2024-04-08 02:10:33,624 [INFO]  Saved checkpoint to "./imputer_model/17_bank/imputer_model_duration/model-0003.params"
2024-04-08 02:10:33,634 [INFO]  Epoch[3] Validation-cross-entropy=0.041801
2024-04-08 02:10:33,634 [INFO]  Epoch[3] Validation-duration-accuracy=0.000000
2024-04-08 02:10:34,312 [INFO]  Epoch[4] Batch [0-102]	Speed: 2411.60 samples/sec	cross-entropy=0.033255	duration-accuracy=0.000000
2024-04-08 02:10:34,736 [INFO]  Epoch[4] Train-cross-entropy=0.033194
2024-04-08 02:10:34,737 [INFO]  Epoch[4] Train-duration-accuracy=0.000000
2024-04-08 02:10:34,737 [INFO]  Epoch[4] Time cost=1.103
2024-04-08 02:10:34,738 [INFO]  Saved checkpoint to "./imputer_model/17_bank/imputer_model_duration/model-0004.params"
2024-04-08 02:10:34,759 [INFO]  Epoch[4] Validation-cross-entropy=0.040122
2024-04-08 02:10:34,760 [INFO]  Epoch[4] Validation-duration-accuracy=0.000000
2024-04-08 02:10:34,760 [INFO]  
========== done (3.47240948677063 s) fit model
2024-04-08 02:11:32,076 [INFO]  
========== start: fit model
2024-04-08 02:11:32,076 [WARNING]  Already bound, ignoring bind()
2024-04-08 02:11:32,308 [INFO]  Epoch[0] Batch [0-102]	Speed: 8355.86 samples/sec	cross-entropy=1.766411	duration-accuracy=3.194175
2024-04-08 02:11:32,415 [INFO]  Epoch[0] Train-cross-entropy=0.115608
2024-04-08 02:11:32,415 [INFO]  Epoch[0] Train-duration-accuracy=3.306931
2024-04-08 02:11:32,416 [INFO]  Epoch[0] Time cost=0.338
2024-04-08 02:11:32,417 [INFO]  Saved checkpoint to "./imputer_model/17_bank/imputer_model_duration/model-0000.params"
2024-04-08 02:11:32,427 [INFO]  Epoch[0] Validation-cross-entropy=0.079245
2024-04-08 02:11:32,427 [INFO]  Epoch[0] Validation-duration-accuracy=0.000000
2024-04-08 02:11:33,528 [INFO]  Epoch[1] Batch [0-102]	Speed: 1484.52 samples/sec	cross-entropy=0.067876	duration-accuracy=3.194175
2024-04-08 02:11:33,728 [INFO]  Epoch[1] Train-cross-entropy=0.051164
2024-04-08 02:11:33,728 [INFO]  Epoch[1] Train-duration-accuracy=3.306931
2024-04-08 02:11:33,728 [INFO]  Epoch[1] Time cost=1.301
2024-04-08 02:11:33,729 [INFO]  Saved checkpoint to "./imputer_model/17_bank/imputer_model_duration/model-0001.params"
2024-04-08 02:11:33,739 [INFO]  Epoch[1] Validation-cross-entropy=0.065623
2024-04-08 02:11:33,739 [INFO]  Epoch[1] Validation-duration-accuracy=0.000000
2024-04-08 02:11:33,916 [INFO]  Epoch[2] Batch [0-102]	Speed: 9272.32 samples/sec	cross-entropy=0.049649	duration-accuracy=3.194175
2024-04-08 02:11:34,028 [INFO]  Epoch[2] Train-cross-entropy=0.041586
2024-04-08 02:11:34,028 [INFO]  Epoch[2] Train-duration-accuracy=3.306931
2024-04-08 02:11:34,028 [INFO]  Epoch[2] Time cost=0.290
2024-04-08 02:11:34,030 [INFO]  Saved checkpoint to "./imputer_model/17_bank/imputer_model_duration/model-0002.params"
2024-04-08 02:11:34,041 [INFO]  Epoch[2] Validation-cross-entropy=0.089061
2024-04-08 02:11:34,041 [INFO]  Epoch[2] Validation-duration-accuracy=0.000000
2024-04-08 02:11:34,112 [INFO]  Epoch[3] Batch [0-102]	Speed: 23403.67 samples/sec	cross-entropy=0.036852	duration-accuracy=3.194175
2024-04-08 02:11:34,202 [INFO]  Epoch[3] Train-cross-entropy=0.033555
2024-04-08 02:11:34,202 [INFO]  Epoch[3] Train-duration-accuracy=3.306931
2024-04-08 02:11:34,202 [INFO]  Epoch[3] Time cost=0.161
2024-04-08 02:11:34,204 [INFO]  Saved checkpoint to "./imputer_model/17_bank/imputer_model_duration/model-0003.params"
2024-04-08 02:11:34,213 [INFO]  Epoch[3] Validation-cross-entropy=0.132194
2024-04-08 02:11:34,213 [INFO]  Epoch[3] Validation-duration-accuracy=0.000000
2024-04-08 02:11:34,324 [INFO]  Epoch[4] Batch [0-102]	Speed: 14832.07 samples/sec	cross-entropy=0.030280	duration-accuracy=3.194175
2024-04-08 02:11:34,461 [INFO]  Epoch[4] Train-cross-entropy=0.029401
2024-04-08 02:11:34,461 [INFO]  Epoch[4] Train-duration-accuracy=3.306931
2024-04-08 02:11:34,461 [INFO]  Epoch[4] Time cost=0.248
2024-04-08 02:11:34,463 [INFO]  Saved checkpoint to "./imputer_model/17_bank/imputer_model_duration/model-0004.params"
2024-04-08 02:11:34,530 [INFO]  Epoch[4] Validation-cross-entropy=0.135024
2024-04-08 02:11:34,530 [INFO]  Epoch[4] Validation-duration-accuracy=0.000000
2024-04-08 02:11:34,530 [INFO]  
========== done (2.4539170265197754 s) fit model
2024-04-08 02:12:32,772 [INFO]  
========== start: fit model
2024-04-08 02:12:32,772 [WARNING]  Already bound, ignoring bind()
2024-04-08 02:12:33,265 [INFO]  Epoch[0] Batch [0-102]	Speed: 3713.33 samples/sec	cross-entropy=3.076279	duration-accuracy=0.000000
2024-04-08 02:12:33,376 [INFO]  Epoch[0] Train-cross-entropy=0.113271
2024-04-08 02:12:33,376 [INFO]  Epoch[0] Train-duration-accuracy=0.000000
2024-04-08 02:12:33,376 [INFO]  Epoch[0] Time cost=0.603
2024-04-08 02:12:33,378 [INFO]  Saved checkpoint to "./imputer_model/17_bank/imputer_model_duration/model-0000.params"
2024-04-08 02:12:33,389 [INFO]  Epoch[0] Validation-cross-entropy=0.090172
2024-04-08 02:12:33,389 [INFO]  Epoch[0] Validation-duration-accuracy=0.000000
2024-04-08 02:12:33,502 [INFO]  Epoch[1] Batch [0-102]	Speed: 14665.93 samples/sec	cross-entropy=0.057367	duration-accuracy=0.000000
2024-04-08 02:12:34,006 [INFO]  Epoch[1] Train-cross-entropy=0.046702
2024-04-08 02:12:34,006 [INFO]  Epoch[1] Train-duration-accuracy=0.000000
2024-04-08 02:12:34,006 [INFO]  Epoch[1] Time cost=0.618
2024-04-08 02:12:34,009 [INFO]  Saved checkpoint to "./imputer_model/17_bank/imputer_model_duration/model-0001.params"
2024-04-08 02:12:34,019 [INFO]  Epoch[1] Validation-cross-entropy=0.056682
2024-04-08 02:12:34,019 [INFO]  Epoch[1] Validation-duration-accuracy=0.000000
2024-04-08 02:12:34,265 [INFO]  Epoch[2] Batch [0-102]	Speed: 6676.07 samples/sec	cross-entropy=0.040623	duration-accuracy=0.000000
2024-04-08 02:12:35,272 [INFO]  Epoch[2] Train-cross-entropy=0.034509
2024-04-08 02:12:35,273 [INFO]  Epoch[2] Train-duration-accuracy=0.000000
2024-04-08 02:12:35,273 [INFO]  Epoch[2] Time cost=1.253
2024-04-08 02:12:35,274 [INFO]  Saved checkpoint to "./imputer_model/17_bank/imputer_model_duration/model-0002.params"
2024-04-08 02:12:35,289 [INFO]  Epoch[2] Validation-cross-entropy=0.042301
2024-04-08 02:12:35,290 [INFO]  Epoch[2] Validation-duration-accuracy=0.000000
2024-04-08 02:12:35,484 [INFO]  Epoch[3] Batch [0-102]	Speed: 8466.03 samples/sec	cross-entropy=0.032212	duration-accuracy=0.000000
2024-04-08 02:12:35,654 [INFO]  Epoch[3] Train-cross-entropy=0.028772
2024-04-08 02:12:35,654 [INFO]  Epoch[3] Train-duration-accuracy=0.000000
2024-04-08 02:12:35,654 [INFO]  Epoch[3] Time cost=0.364
2024-04-08 02:12:35,656 [INFO]  Saved checkpoint to "./imputer_model/17_bank/imputer_model_duration/model-0003.params"
2024-04-08 02:12:35,666 [INFO]  Epoch[3] Validation-cross-entropy=0.034004
2024-04-08 02:12:35,666 [INFO]  Epoch[3] Validation-duration-accuracy=0.000000
2024-04-08 02:12:35,986 [INFO]  Epoch[4] Batch [0-102]	Speed: 5127.30 samples/sec	cross-entropy=0.026409	duration-accuracy=0.000000
2024-04-08 02:12:36,172 [INFO]  Epoch[4] Train-cross-entropy=0.025269
2024-04-08 02:12:36,172 [INFO]  Epoch[4] Train-duration-accuracy=0.000000
2024-04-08 02:12:36,172 [INFO]  Epoch[4] Time cost=0.506
2024-04-08 02:12:36,174 [INFO]  Saved checkpoint to "./imputer_model/17_bank/imputer_model_duration/model-0004.params"
2024-04-08 02:12:36,192 [INFO]  Epoch[4] Validation-cross-entropy=0.028048
2024-04-08 02:12:36,192 [INFO]  Epoch[4] Validation-duration-accuracy=0.000000
2024-04-08 02:12:36,192 [INFO]  
========== done (3.4199910163879395 s) fit model
2024-04-08 02:13:32,715 [INFO]  
========== start: fit model
2024-04-08 02:13:32,716 [WARNING]  Already bound, ignoring bind()
2024-04-08 02:13:33,053 [INFO]  Epoch[0] Batch [0-102]	Speed: 5500.25 samples/sec	cross-entropy=2.944905	duration-accuracy=3.252427
2024-04-08 02:13:33,333 [INFO]  Epoch[0] Train-cross-entropy=0.101385
2024-04-08 02:13:33,333 [INFO]  Epoch[0] Train-duration-accuracy=3.168317
2024-04-08 02:13:33,333 [INFO]  Epoch[0] Time cost=0.616
2024-04-08 02:13:33,336 [INFO]  Saved checkpoint to "./imputer_model/17_bank/imputer_model_duration/model-0000.params"
2024-04-08 02:13:33,642 [INFO]  Epoch[0] Validation-cross-entropy=0.108716
2024-04-08 02:13:33,643 [INFO]  Epoch[0] Validation-duration-accuracy=0.000000
2024-04-08 02:13:33,967 [INFO]  Epoch[1] Batch [0-102]	Speed: 5365.17 samples/sec	cross-entropy=0.098944	duration-accuracy=3.252427
2024-04-08 02:13:34,103 [INFO]  Epoch[1] Train-cross-entropy=0.065669
2024-04-08 02:13:34,103 [INFO]  Epoch[1] Train-duration-accuracy=3.168317
2024-04-08 02:13:34,104 [INFO]  Epoch[1] Time cost=0.461
2024-04-08 02:13:34,106 [INFO]  Saved checkpoint to "./imputer_model/17_bank/imputer_model_duration/model-0001.params"
2024-04-08 02:13:34,116 [INFO]  Epoch[1] Validation-cross-entropy=0.121688
2024-04-08 02:13:34,116 [INFO]  Epoch[1] Validation-duration-accuracy=0.000000
2024-04-08 02:13:34,229 [INFO]  Epoch[2] Batch [0-102]	Speed: 14578.54 samples/sec	cross-entropy=0.048902	duration-accuracy=3.252427
2024-04-08 02:13:34,634 [INFO]  Epoch[2] Train-cross-entropy=0.048760
2024-04-08 02:13:34,635 [INFO]  Epoch[2] Train-duration-accuracy=3.168317
2024-04-08 02:13:34,635 [INFO]  Epoch[2] Time cost=0.519
2024-04-08 02:13:34,637 [INFO]  Saved checkpoint to "./imputer_model/17_bank/imputer_model_duration/model-0002.params"
2024-04-08 02:13:34,646 [INFO]  Epoch[2] Validation-cross-entropy=0.044874
2024-04-08 02:13:34,646 [INFO]  Epoch[2] Validation-duration-accuracy=0.000000
2024-04-08 02:13:34,782 [INFO]  Epoch[3] Batch [0-102]	Speed: 12140.45 samples/sec	cross-entropy=0.034024	duration-accuracy=3.252427
2024-04-08 02:13:35,029 [INFO]  Epoch[3] Train-cross-entropy=0.039348
2024-04-08 02:13:35,029 [INFO]  Epoch[3] Train-duration-accuracy=3.168317
2024-04-08 02:13:35,029 [INFO]  Epoch[3] Time cost=0.383
2024-04-08 02:13:35,031 [INFO]  Saved checkpoint to "./imputer_model/17_bank/imputer_model_duration/model-0003.params"
2024-04-08 02:13:35,316 [INFO]  Epoch[3] Validation-cross-entropy=0.039766
2024-04-08 02:13:35,316 [INFO]  Epoch[3] Validation-duration-accuracy=0.000000
2024-04-08 02:13:35,608 [INFO]  Epoch[4] Batch [0-102]	Speed: 5686.37 samples/sec	cross-entropy=0.027964	duration-accuracy=3.252427
2024-04-08 02:13:35,915 [INFO]  Epoch[4] Train-cross-entropy=0.044785
2024-04-08 02:13:35,915 [INFO]  Epoch[4] Train-duration-accuracy=3.168317
2024-04-08 02:13:35,915 [INFO]  Epoch[4] Time cost=0.598
2024-04-08 02:13:35,919 [INFO]  Saved checkpoint to "./imputer_model/17_bank/imputer_model_duration/model-0004.params"
2024-04-08 02:13:35,932 [INFO]  Epoch[4] Validation-cross-entropy=0.086788
2024-04-08 02:13:35,932 [INFO]  Epoch[4] Validation-duration-accuracy=0.000000
2024-04-08 02:13:35,932 [INFO]  
========== done (3.2172038555145264 s) fit model
2024-04-08 02:14:31,179 [INFO]  
========== start: fit model
2024-04-08 02:14:31,179 [WARNING]  Already bound, ignoring bind()
2024-04-08 02:14:31,699 [INFO]  Epoch[0] Batch [0-102]	Speed: 3166.66 samples/sec	cross-entropy=2.103159	duration-accuracy=0.000000
2024-04-08 02:14:31,820 [INFO]  Epoch[0] Train-cross-entropy=0.121957
2024-04-08 02:14:31,820 [INFO]  Epoch[0] Train-duration-accuracy=0.000000
2024-04-08 02:14:31,820 [INFO]  Epoch[0] Time cost=0.640
2024-04-08 02:14:31,822 [INFO]  Saved checkpoint to "./imputer_model/17_bank/imputer_model_duration/model-0000.params"
2024-04-08 02:14:31,834 [INFO]  Epoch[0] Validation-cross-entropy=0.090030
2024-04-08 02:14:31,834 [INFO]  Epoch[0] Validation-duration-accuracy=0.000000
2024-04-08 02:14:31,983 [INFO]  Epoch[1] Batch [0-102]	Speed: 11071.08 samples/sec	cross-entropy=0.106897	duration-accuracy=0.000000
2024-04-08 02:14:32,175 [INFO]  Epoch[1] Train-cross-entropy=0.075815
2024-04-08 02:14:32,176 [INFO]  Epoch[1] Train-duration-accuracy=0.000000
2024-04-08 02:14:32,176 [INFO]  Epoch[1] Time cost=0.342
2024-04-08 02:14:32,178 [INFO]  Saved checkpoint to "./imputer_model/17_bank/imputer_model_duration/model-0001.params"
2024-04-08 02:14:32,184 [INFO]  Epoch[1] Validation-cross-entropy=0.084447
2024-04-08 02:14:32,184 [INFO]  Epoch[1] Validation-duration-accuracy=0.000000
2024-04-08 02:14:32,411 [INFO]  Epoch[2] Batch [0-102]	Speed: 7227.95 samples/sec	cross-entropy=0.056543	duration-accuracy=0.000000
2024-04-08 02:14:33,662 [INFO]  Epoch[2] Train-cross-entropy=0.047077
2024-04-08 02:14:33,662 [INFO]  Epoch[2] Train-duration-accuracy=0.000000
2024-04-08 02:14:33,662 [INFO]  Epoch[2] Time cost=1.478
2024-04-08 02:14:33,664 [INFO]  Saved checkpoint to "./imputer_model/17_bank/imputer_model_duration/model-0002.params"
2024-04-08 02:14:33,677 [INFO]  Epoch[2] Validation-cross-entropy=0.076080
2024-04-08 02:14:33,677 [INFO]  Epoch[2] Validation-duration-accuracy=0.000000
2024-04-08 02:14:33,904 [INFO]  Epoch[3] Batch [0-102]	Speed: 7242.11 samples/sec	cross-entropy=0.036082	duration-accuracy=0.000000
2024-04-08 02:14:34,073 [INFO]  Epoch[3] Train-cross-entropy=0.032175
2024-04-08 02:14:34,073 [INFO]  Epoch[3] Train-duration-accuracy=0.000000
2024-04-08 02:14:34,073 [INFO]  Epoch[3] Time cost=0.396
2024-04-08 02:14:34,075 [INFO]  Saved checkpoint to "./imputer_model/17_bank/imputer_model_duration/model-0003.params"
2024-04-08 02:14:34,104 [INFO]  Epoch[3] Validation-cross-entropy=0.056140
2024-04-08 02:14:34,104 [INFO]  Epoch[3] Validation-duration-accuracy=0.000000
2024-04-08 02:14:34,317 [INFO]  Epoch[4] Batch [0-102]	Speed: 7726.75 samples/sec	cross-entropy=0.027142	duration-accuracy=0.000000
2024-04-08 02:14:34,862 [INFO]  Epoch[4] Train-cross-entropy=0.023214
2024-04-08 02:14:34,862 [INFO]  Epoch[4] Train-duration-accuracy=0.000000
2024-04-08 02:14:34,862 [INFO]  Epoch[4] Time cost=0.758
2024-04-08 02:14:34,864 [INFO]  Saved checkpoint to "./imputer_model/17_bank/imputer_model_duration/model-0004.params"
2024-04-08 02:14:34,878 [INFO]  Epoch[4] Validation-cross-entropy=0.042347
2024-04-08 02:14:34,878 [INFO]  Epoch[4] Validation-duration-accuracy=0.000000
2024-04-08 02:14:34,878 [INFO]  
========== done (3.699375629425049 s) fit model
2024-04-08 02:15:34,183 [INFO]  
========== start: fit model
2024-04-08 02:15:34,183 [WARNING]  Already bound, ignoring bind()
2024-04-08 02:15:34,601 [INFO]  Epoch[0] Batch [0-102]	Speed: 4329.58 samples/sec	cross-entropy=3.342968	duration-accuracy=0.000000
2024-04-08 02:15:35,307 [INFO]  Epoch[0] Train-cross-entropy=0.106589
2024-04-08 02:15:35,308 [INFO]  Epoch[0] Train-duration-accuracy=0.000000
2024-04-08 02:15:35,308 [INFO]  Epoch[0] Time cost=1.124
2024-04-08 02:15:35,309 [INFO]  Saved checkpoint to "./imputer_model/17_bank/imputer_model_duration/model-0000.params"
2024-04-08 02:15:35,317 [INFO]  Epoch[0] Validation-cross-entropy=0.073390
2024-04-08 02:15:35,317 [INFO]  Epoch[0] Validation-duration-accuracy=0.000000
2024-04-08 02:15:35,590 [INFO]  Epoch[1] Batch [0-102]	Speed: 5988.57 samples/sec	cross-entropy=0.067597	duration-accuracy=0.000000
2024-04-08 02:15:35,784 [INFO]  Epoch[1] Train-cross-entropy=0.057320
2024-04-08 02:15:35,784 [INFO]  Epoch[1] Train-duration-accuracy=0.000000
2024-04-08 02:15:35,784 [INFO]  Epoch[1] Time cost=0.467
2024-04-08 02:15:35,786 [INFO]  Saved checkpoint to "./imputer_model/17_bank/imputer_model_duration/model-0001.params"
2024-04-08 02:15:35,797 [INFO]  Epoch[1] Validation-cross-entropy=0.045642
2024-04-08 02:15:35,797 [INFO]  Epoch[1] Validation-duration-accuracy=0.000000
2024-04-08 02:15:36,075 [INFO]  Epoch[2] Batch [0-102]	Speed: 5893.24 samples/sec	cross-entropy=0.050138	duration-accuracy=0.000000
2024-04-08 02:15:36,210 [INFO]  Epoch[2] Train-cross-entropy=0.047187
2024-04-08 02:15:36,210 [INFO]  Epoch[2] Train-duration-accuracy=0.000000
2024-04-08 02:15:36,210 [INFO]  Epoch[2] Time cost=0.413
2024-04-08 02:15:36,212 [INFO]  Saved checkpoint to "./imputer_model/17_bank/imputer_model_duration/model-0002.params"
2024-04-08 02:15:36,324 [INFO]  Epoch[2] Validation-cross-entropy=0.036695
2024-04-08 02:15:36,324 [INFO]  Epoch[2] Validation-duration-accuracy=0.000000
2024-04-08 02:15:36,459 [INFO]  Epoch[3] Batch [0-102]	Speed: 12188.49 samples/sec	cross-entropy=0.041532	duration-accuracy=0.000000
2024-04-08 02:15:36,572 [INFO]  Epoch[3] Train-cross-entropy=0.035980
2024-04-08 02:15:36,573 [INFO]  Epoch[3] Train-duration-accuracy=0.000000
2024-04-08 02:15:36,573 [INFO]  Epoch[3] Time cost=0.249
2024-04-08 02:15:36,575 [INFO]  Saved checkpoint to "./imputer_model/17_bank/imputer_model_duration/model-0003.params"
2024-04-08 02:15:36,760 [INFO]  Epoch[3] Validation-cross-entropy=0.028824
2024-04-08 02:15:36,760 [INFO]  Epoch[3] Validation-duration-accuracy=0.000000
2024-04-08 02:15:37,139 [INFO]  Epoch[4] Batch [0-102]	Speed: 4324.91 samples/sec	cross-entropy=0.036326	duration-accuracy=0.000000
2024-04-08 02:15:37,264 [INFO]  Epoch[4] Train-cross-entropy=0.028507
2024-04-08 02:15:37,264 [INFO]  Epoch[4] Train-duration-accuracy=0.000000
2024-04-08 02:15:37,264 [INFO]  Epoch[4] Time cost=0.504
2024-04-08 02:15:37,266 [INFO]  Saved checkpoint to "./imputer_model/17_bank/imputer_model_duration/model-0004.params"
2024-04-08 02:15:37,306 [INFO]  Epoch[4] Validation-cross-entropy=0.025476
2024-04-08 02:15:37,307 [INFO]  Epoch[4] Validation-duration-accuracy=0.000000
2024-04-08 02:15:37,307 [INFO]  
========== done (3.1240806579589844 s) fit model
2024-04-08 02:16:34,473 [INFO]  
========== start: fit model
2024-04-08 02:16:34,473 [WARNING]  Already bound, ignoring bind()
2024-04-08 02:16:35,104 [INFO]  Epoch[0] Batch [0-102]	Speed: 6477.41 samples/sec	cross-entropy=3.122953	duration-accuracy=3.223301
2024-04-08 02:16:35,211 [INFO]  Epoch[0] Train-cross-entropy=0.089330
2024-04-08 02:16:35,211 [INFO]  Epoch[0] Train-duration-accuracy=3.485149
2024-04-08 02:16:35,211 [INFO]  Epoch[0] Time cost=0.736
2024-04-08 02:16:35,213 [INFO]  Saved checkpoint to "./imputer_model/17_bank/imputer_model_duration/model-0000.params"
2024-04-08 02:16:35,230 [INFO]  Epoch[0] Validation-cross-entropy=0.085687
2024-04-08 02:16:35,230 [INFO]  Epoch[0] Validation-duration-accuracy=0.000000
2024-04-08 02:16:35,637 [INFO]  Epoch[1] Batch [0-102]	Speed: 4024.46 samples/sec	cross-entropy=0.072233	duration-accuracy=3.223301
2024-04-08 02:16:35,753 [INFO]  Epoch[1] Train-cross-entropy=0.056768
2024-04-08 02:16:35,753 [INFO]  Epoch[1] Train-duration-accuracy=3.485149
2024-04-08 02:16:35,754 [INFO]  Epoch[1] Time cost=0.524
2024-04-08 02:16:35,755 [INFO]  Saved checkpoint to "./imputer_model/17_bank/imputer_model_duration/model-0001.params"
2024-04-08 02:16:35,762 [INFO]  Epoch[1] Validation-cross-entropy=0.092653
2024-04-08 02:16:35,762 [INFO]  Epoch[1] Validation-duration-accuracy=0.000000
2024-04-08 02:16:36,055 [INFO]  Epoch[2] Batch [0-102]	Speed: 5586.64 samples/sec	cross-entropy=0.044773	duration-accuracy=3.223301
2024-04-08 02:16:36,167 [INFO]  Epoch[2] Train-cross-entropy=0.037584
2024-04-08 02:16:36,168 [INFO]  Epoch[2] Train-duration-accuracy=3.485149
2024-04-08 02:16:36,168 [INFO]  Epoch[2] Time cost=0.405
2024-04-08 02:16:36,170 [INFO]  Saved checkpoint to "./imputer_model/17_bank/imputer_model_duration/model-0002.params"
2024-04-08 02:16:36,182 [INFO]  Epoch[2] Validation-cross-entropy=0.058476
2024-04-08 02:16:36,182 [INFO]  Epoch[2] Validation-duration-accuracy=0.000000
2024-04-08 02:16:37,213 [INFO]  Epoch[3] Batch [0-102]	Speed: 1586.14 samples/sec	cross-entropy=0.032516	duration-accuracy=3.223301
2024-04-08 02:16:37,466 [INFO]  Epoch[3] Train-cross-entropy=0.029717
2024-04-08 02:16:37,466 [INFO]  Epoch[3] Train-duration-accuracy=3.485149
2024-04-08 02:16:37,466 [INFO]  Epoch[3] Time cost=1.284
2024-04-08 02:16:37,468 [INFO]  Saved checkpoint to "./imputer_model/17_bank/imputer_model_duration/model-0003.params"
2024-04-08 02:16:37,535 [INFO]  Epoch[3] Validation-cross-entropy=0.045100
2024-04-08 02:16:37,535 [INFO]  Epoch[3] Validation-duration-accuracy=0.000000
2024-04-08 02:16:37,647 [INFO]  Epoch[4] Batch [0-102]	Speed: 14770.49 samples/sec	cross-entropy=0.023743	duration-accuracy=3.223301
2024-04-08 02:16:37,887 [INFO]  Epoch[4] Train-cross-entropy=0.026127
2024-04-08 02:16:37,887 [INFO]  Epoch[4] Train-duration-accuracy=3.485149
2024-04-08 02:16:37,887 [INFO]  Epoch[4] Time cost=0.352
2024-04-08 02:16:37,888 [INFO]  Saved checkpoint to "./imputer_model/17_bank/imputer_model_duration/model-0004.params"
2024-04-08 02:16:37,904 [INFO]  Epoch[4] Validation-cross-entropy=0.036977
2024-04-08 02:16:37,904 [INFO]  Epoch[4] Validation-duration-accuracy=0.000000
2024-04-08 02:16:37,904 [INFO]  
========== done (3.4306960105895996 s) fit model
2024-04-08 02:17:32,987 [INFO]  
========== start: fit model
2024-04-08 02:17:32,987 [WARNING]  Already bound, ignoring bind()
2024-04-08 02:17:33,401 [INFO]  Epoch[0] Batch [0-102]	Speed: 5228.40 samples/sec	cross-entropy=1.863267	duration-accuracy=3.330097
2024-04-08 02:17:33,564 [INFO]  Epoch[0] Train-cross-entropy=0.092878
2024-04-08 02:17:33,565 [INFO]  Epoch[0] Train-duration-accuracy=3.128713
2024-04-08 02:17:33,565 [INFO]  Epoch[0] Time cost=0.577
2024-04-08 02:17:33,567 [INFO]  Saved checkpoint to "./imputer_model/17_bank/imputer_model_duration/model-0000.params"
2024-04-08 02:17:33,593 [INFO]  Epoch[0] Validation-cross-entropy=0.091215
2024-04-08 02:17:33,593 [INFO]  Epoch[0] Validation-duration-accuracy=0.000000
2024-04-08 02:17:33,848 [INFO]  Epoch[1] Batch [0-102]	Speed: 6435.88 samples/sec	cross-entropy=0.060040	duration-accuracy=3.330097
2024-04-08 02:17:33,971 [INFO]  Epoch[1] Train-cross-entropy=0.082100
2024-04-08 02:17:33,971 [INFO]  Epoch[1] Train-duration-accuracy=3.128713
2024-04-08 02:17:33,971 [INFO]  Epoch[1] Time cost=0.378
2024-04-08 02:17:33,973 [INFO]  Saved checkpoint to "./imputer_model/17_bank/imputer_model_duration/model-0001.params"
2024-04-08 02:17:33,983 [INFO]  Epoch[1] Validation-cross-entropy=0.306050
2024-04-08 02:17:33,983 [INFO]  Epoch[1] Validation-duration-accuracy=0.000000
2024-04-08 02:17:34,097 [INFO]  Epoch[2] Batch [0-102]	Speed: 14500.53 samples/sec	cross-entropy=0.075415	duration-accuracy=3.330097
2024-04-08 02:17:34,210 [INFO]  Epoch[2] Train-cross-entropy=0.048934
2024-04-08 02:17:34,210 [INFO]  Epoch[2] Train-duration-accuracy=3.128713
2024-04-08 02:17:34,210 [INFO]  Epoch[2] Time cost=0.227
2024-04-08 02:17:34,212 [INFO]  Saved checkpoint to "./imputer_model/17_bank/imputer_model_duration/model-0002.params"
2024-04-08 02:17:34,222 [INFO]  Epoch[2] Validation-cross-entropy=0.115611
2024-04-08 02:17:34,222 [INFO]  Epoch[2] Validation-duration-accuracy=0.000000
2024-04-08 02:17:34,873 [INFO]  Epoch[3] Batch [0-102]	Speed: 2514.01 samples/sec	cross-entropy=0.043447	duration-accuracy=3.330097
2024-04-08 02:17:35,057 [INFO]  Epoch[3] Train-cross-entropy=0.040394
2024-04-08 02:17:35,057 [INFO]  Epoch[3] Train-duration-accuracy=3.128713
2024-04-08 02:17:35,057 [INFO]  Epoch[3] Time cost=0.835
2024-04-08 02:17:35,059 [INFO]  Saved checkpoint to "./imputer_model/17_bank/imputer_model_duration/model-0003.params"
2024-04-08 02:17:35,070 [INFO]  Epoch[3] Validation-cross-entropy=0.134700
2024-04-08 02:17:35,070 [INFO]  Epoch[3] Validation-duration-accuracy=0.000000
2024-04-08 02:17:35,547 [INFO]  Epoch[4] Batch [0-102]	Speed: 3430.27 samples/sec	cross-entropy=0.049066	duration-accuracy=3.330097
2024-04-08 02:17:35,923 [INFO]  Epoch[4] Train-cross-entropy=0.030398
2024-04-08 02:17:35,923 [INFO]  Epoch[4] Train-duration-accuracy=3.128713
2024-04-08 02:17:35,923 [INFO]  Epoch[4] Time cost=0.853
2024-04-08 02:17:35,925 [INFO]  Saved checkpoint to "./imputer_model/17_bank/imputer_model_duration/model-0004.params"
2024-04-08 02:17:35,940 [INFO]  Epoch[4] Validation-cross-entropy=0.077811
2024-04-08 02:17:35,940 [INFO]  Epoch[4] Validation-duration-accuracy=0.000000
2024-04-08 02:17:35,940 [INFO]  
========== done (2.953822374343872 s) fit model
2024-04-08 02:18:28,372 [INFO]  
========== start: fit model
2024-04-08 02:18:28,372 [WARNING]  Already bound, ignoring bind()
2024-04-08 02:18:28,710 [INFO]  Epoch[0] Batch [0-102]	Speed: 5067.30 samples/sec	cross-entropy=2.151537	duration-accuracy=3.174757
2024-04-08 02:18:28,843 [INFO]  Epoch[0] Train-cross-entropy=0.121307
2024-04-08 02:18:28,843 [INFO]  Epoch[0] Train-duration-accuracy=3.198020
2024-04-08 02:18:28,844 [INFO]  Epoch[0] Time cost=0.470
2024-04-08 02:18:28,846 [INFO]  Saved checkpoint to "./imputer_model/17_bank/imputer_model_duration/model-0000.params"
2024-04-08 02:18:28,862 [INFO]  Epoch[0] Validation-cross-entropy=0.089496
2024-04-08 02:18:28,862 [INFO]  Epoch[0] Validation-duration-accuracy=0.000000
2024-04-08 02:18:28,979 [INFO]  Epoch[1] Batch [0-102]	Speed: 14192.42 samples/sec	cross-entropy=0.081351	duration-accuracy=3.174757
2024-04-08 02:18:29,384 [INFO]  Epoch[1] Train-cross-entropy=0.085477
2024-04-08 02:18:29,384 [INFO]  Epoch[1] Train-duration-accuracy=3.198020
2024-04-08 02:18:29,384 [INFO]  Epoch[1] Time cost=0.522
2024-04-08 02:18:29,386 [INFO]  Saved checkpoint to "./imputer_model/17_bank/imputer_model_duration/model-0001.params"
2024-04-08 02:18:29,752 [INFO]  Epoch[1] Validation-cross-entropy=0.085431
2024-04-08 02:18:29,752 [INFO]  Epoch[1] Validation-duration-accuracy=0.000000
2024-04-08 02:18:30,139 [INFO]  Epoch[2] Batch [0-102]	Speed: 4222.39 samples/sec	cross-entropy=0.073482	duration-accuracy=3.174757
2024-04-08 02:18:30,208 [INFO]  Epoch[2] Train-cross-entropy=0.070549
2024-04-08 02:18:30,208 [INFO]  Epoch[2] Train-duration-accuracy=3.198020
2024-04-08 02:18:30,208 [INFO]  Epoch[2] Time cost=0.456
2024-04-08 02:18:30,210 [INFO]  Saved checkpoint to "./imputer_model/17_bank/imputer_model_duration/model-0002.params"
2024-04-08 02:18:30,219 [INFO]  Epoch[2] Validation-cross-entropy=0.076623
2024-04-08 02:18:30,219 [INFO]  Epoch[2] Validation-duration-accuracy=0.000000
2024-04-08 02:18:30,474 [INFO]  Epoch[3] Batch [0-102]	Speed: 6433.23 samples/sec	cross-entropy=0.065044	duration-accuracy=3.174757
2024-04-08 02:18:31,123 [INFO]  Epoch[3] Train-cross-entropy=0.084702
2024-04-08 02:18:31,123 [INFO]  Epoch[3] Train-duration-accuracy=3.198020
2024-04-08 02:18:31,123 [INFO]  Epoch[3] Time cost=0.903
2024-04-08 02:18:31,125 [INFO]  Saved checkpoint to "./imputer_model/17_bank/imputer_model_duration/model-0003.params"
2024-04-08 02:18:31,374 [INFO]  Epoch[3] Validation-cross-entropy=0.141701
2024-04-08 02:18:31,374 [INFO]  Epoch[3] Validation-duration-accuracy=0.000000
2024-04-08 02:18:32,064 [INFO]  Epoch[4] Batch [0-102]	Speed: 2369.30 samples/sec	cross-entropy=0.079015	duration-accuracy=3.174757
2024-04-08 02:18:32,176 [INFO]  Epoch[4] Train-cross-entropy=0.036688
2024-04-08 02:18:32,176 [INFO]  Epoch[4] Train-duration-accuracy=3.198020
2024-04-08 02:18:32,177 [INFO]  Epoch[4] Time cost=0.803
2024-04-08 02:18:32,178 [INFO]  Saved checkpoint to "./imputer_model/17_bank/imputer_model_duration/model-0004.params"
2024-04-08 02:18:32,281 [INFO]  Epoch[4] Validation-cross-entropy=0.042942
2024-04-08 02:18:32,281 [INFO]  Epoch[4] Validation-duration-accuracy=0.000000
2024-04-08 02:18:32,281 [INFO]  
========== done (3.909801483154297 s) fit model
2024-04-08 02:19:31,859 [INFO]  
========== start: fit model
2024-04-08 02:19:31,859 [WARNING]  Already bound, ignoring bind()
2024-04-08 02:19:32,385 [INFO]  Epoch[0] Batch [0-102]	Speed: 7419.15 samples/sec	cross-entropy=1.908103	duration-accuracy=0.000000
2024-04-08 02:19:32,998 [INFO]  Epoch[0] Train-cross-entropy=0.102096
2024-04-08 02:19:32,998 [INFO]  Epoch[0] Train-duration-accuracy=0.000000
2024-04-08 02:19:32,998 [INFO]  Epoch[0] Time cost=1.138
2024-04-08 02:19:33,000 [INFO]  Saved checkpoint to "./imputer_model/17_bank/imputer_model_duration/model-0000.params"
2024-04-08 02:19:33,012 [INFO]  Epoch[0] Validation-cross-entropy=0.110329
2024-04-08 02:19:33,012 [INFO]  Epoch[0] Validation-duration-accuracy=0.000000
2024-04-08 02:19:33,279 [INFO]  Epoch[1] Batch [0-102]	Speed: 6151.26 samples/sec	cross-entropy=0.067082	duration-accuracy=0.000000
2024-04-08 02:19:33,607 [INFO]  Epoch[1] Train-cross-entropy=0.058170
2024-04-08 02:19:33,607 [INFO]  Epoch[1] Train-duration-accuracy=0.000000
2024-04-08 02:19:33,607 [INFO]  Epoch[1] Time cost=0.595
2024-04-08 02:19:33,610 [INFO]  Saved checkpoint to "./imputer_model/17_bank/imputer_model_duration/model-0001.params"
2024-04-08 02:19:33,627 [INFO]  Epoch[1] Validation-cross-entropy=0.057185
2024-04-08 02:19:33,627 [INFO]  Epoch[1] Validation-duration-accuracy=0.000000
2024-04-08 02:19:34,166 [INFO]  Epoch[2] Batch [0-102]	Speed: 3033.05 samples/sec	cross-entropy=0.045361	duration-accuracy=0.000000
2024-04-08 02:19:35,508 [INFO]  Epoch[2] Train-cross-entropy=0.055215
2024-04-08 02:19:35,508 [INFO]  Epoch[2] Train-duration-accuracy=0.000000
2024-04-08 02:19:35,508 [INFO]  Epoch[2] Time cost=1.881
2024-04-08 02:19:35,510 [INFO]  Saved checkpoint to "./imputer_model/17_bank/imputer_model_duration/model-0002.params"
2024-04-08 02:19:35,520 [INFO]  Epoch[2] Validation-cross-entropy=0.054727
2024-04-08 02:19:35,520 [INFO]  Epoch[2] Validation-duration-accuracy=0.000000
2024-04-08 02:19:35,804 [INFO]  Epoch[3] Batch [0-102]	Speed: 5773.88 samples/sec	cross-entropy=0.044669	duration-accuracy=0.000000
2024-04-08 02:19:35,902 [INFO]  Epoch[3] Train-cross-entropy=0.037439
2024-04-08 02:19:35,903 [INFO]  Epoch[3] Train-duration-accuracy=0.000000
2024-04-08 02:19:35,903 [INFO]  Epoch[3] Time cost=0.383
2024-04-08 02:19:35,905 [INFO]  Saved checkpoint to "./imputer_model/17_bank/imputer_model_duration/model-0003.params"
2024-04-08 02:19:35,980 [INFO]  Epoch[3] Validation-cross-entropy=0.039221
2024-04-08 02:19:35,980 [INFO]  Epoch[3] Validation-duration-accuracy=0.000000
2024-04-08 02:19:36,352 [INFO]  Epoch[4] Batch [0-102]	Speed: 4411.33 samples/sec	cross-entropy=0.031911	duration-accuracy=0.000000
2024-04-08 02:19:36,635 [INFO]  Epoch[4] Train-cross-entropy=0.028117
2024-04-08 02:19:36,635 [INFO]  Epoch[4] Train-duration-accuracy=0.000000
2024-04-08 02:19:36,635 [INFO]  Epoch[4] Time cost=0.655
2024-04-08 02:19:36,638 [INFO]  Saved checkpoint to "./imputer_model/17_bank/imputer_model_duration/model-0004.params"
2024-04-08 02:19:36,675 [INFO]  Epoch[4] Validation-cross-entropy=0.031192
2024-04-08 02:19:36,675 [INFO]  Epoch[4] Validation-duration-accuracy=0.000000
2024-04-08 02:19:36,675 [INFO]  
========== done (4.815758228302002 s) fit model
2024-04-08 02:20:33,376 [INFO]  
========== start: fit model
2024-04-08 02:20:33,376 [WARNING]  Already bound, ignoring bind()
2024-04-08 02:20:33,712 [INFO]  Epoch[0] Batch [0-102]	Speed: 6004.19 samples/sec	cross-entropy=2.413853	duration-accuracy=0.000000
2024-04-08 02:20:34,003 [INFO]  Epoch[0] Train-cross-entropy=0.119744
2024-04-08 02:20:34,003 [INFO]  Epoch[0] Train-duration-accuracy=0.000000
2024-04-08 02:20:34,003 [INFO]  Epoch[0] Time cost=0.626
2024-04-08 02:20:34,006 [INFO]  Saved checkpoint to "./imputer_model/17_bank/imputer_model_duration/model-0000.params"
2024-04-08 02:20:34,029 [INFO]  Epoch[0] Validation-cross-entropy=0.062619
2024-04-08 02:20:34,030 [INFO]  Epoch[0] Validation-duration-accuracy=0.000000
2024-04-08 02:20:34,145 [INFO]  Epoch[1] Batch [0-102]	Speed: 14422.53 samples/sec	cross-entropy=0.086660	duration-accuracy=0.000000
2024-04-08 02:20:34,257 [INFO]  Epoch[1] Train-cross-entropy=0.063403
2024-04-08 02:20:34,258 [INFO]  Epoch[1] Train-duration-accuracy=0.000000
2024-04-08 02:20:34,258 [INFO]  Epoch[1] Time cost=0.228
2024-04-08 02:20:34,260 [INFO]  Saved checkpoint to "./imputer_model/17_bank/imputer_model_duration/model-0001.params"
2024-04-08 02:20:34,271 [INFO]  Epoch[1] Validation-cross-entropy=0.050480
2024-04-08 02:20:34,271 [INFO]  Epoch[1] Validation-duration-accuracy=0.000000
2024-04-08 02:20:34,387 [INFO]  Epoch[2] Batch [0-102]	Speed: 14284.53 samples/sec	cross-entropy=0.046941	duration-accuracy=0.000000
2024-04-08 02:20:34,608 [INFO]  Epoch[2] Train-cross-entropy=0.044854
2024-04-08 02:20:34,608 [INFO]  Epoch[2] Train-duration-accuracy=0.000000
2024-04-08 02:20:34,608 [INFO]  Epoch[2] Time cost=0.337
2024-04-08 02:20:34,610 [INFO]  Saved checkpoint to "./imputer_model/17_bank/imputer_model_duration/model-0002.params"
2024-04-08 02:20:34,620 [INFO]  Epoch[2] Validation-cross-entropy=0.045734
2024-04-08 02:20:34,620 [INFO]  Epoch[2] Validation-duration-accuracy=0.000000
2024-04-08 02:20:34,762 [INFO]  Epoch[3] Batch [0-102]	Speed: 11684.79 samples/sec	cross-entropy=0.037656	duration-accuracy=0.000000
2024-04-08 02:20:34,856 [INFO]  Epoch[3] Train-cross-entropy=0.035039
2024-04-08 02:20:34,856 [INFO]  Epoch[3] Train-duration-accuracy=0.000000
2024-04-08 02:20:34,856 [INFO]  Epoch[3] Time cost=0.235
2024-04-08 02:20:34,858 [INFO]  Saved checkpoint to "./imputer_model/17_bank/imputer_model_duration/model-0003.params"
2024-04-08 02:20:34,871 [INFO]  Epoch[3] Validation-cross-entropy=0.033627
2024-04-08 02:20:34,871 [INFO]  Epoch[3] Validation-duration-accuracy=0.000000
2024-04-08 02:20:35,139 [INFO]  Epoch[4] Batch [0-102]	Speed: 6118.57 samples/sec	cross-entropy=0.029125	duration-accuracy=0.000000
2024-04-08 02:20:35,331 [INFO]  Epoch[4] Train-cross-entropy=0.028400
2024-04-08 02:20:35,331 [INFO]  Epoch[4] Train-duration-accuracy=0.000000
2024-04-08 02:20:35,332 [INFO]  Epoch[4] Time cost=0.461
2024-04-08 02:20:35,333 [INFO]  Saved checkpoint to "./imputer_model/17_bank/imputer_model_duration/model-0004.params"
2024-04-08 02:20:35,344 [INFO]  Epoch[4] Validation-cross-entropy=0.024301
2024-04-08 02:20:35,344 [INFO]  Epoch[4] Validation-duration-accuracy=0.000000
2024-04-08 02:20:35,344 [INFO]  
========== done (1.9681224822998047 s) fit model
2024-04-08 02:21:31,227 [INFO]  
========== start: fit model
2024-04-08 02:21:31,228 [WARNING]  Already bound, ignoring bind()
2024-04-08 02:21:31,668 [INFO]  Epoch[0] Batch [0-102]	Speed: 3957.95 samples/sec	cross-entropy=3.496416	duration-accuracy=3.262136
2024-04-08 02:21:31,802 [INFO]  Epoch[0] Train-cross-entropy=0.128689
2024-04-08 02:21:31,802 [INFO]  Epoch[0] Train-duration-accuracy=3.405941
2024-04-08 02:21:31,802 [INFO]  Epoch[0] Time cost=0.573
2024-04-08 02:21:31,804 [INFO]  Saved checkpoint to "./imputer_model/17_bank/imputer_model_duration/model-0000.params"
2024-04-08 02:21:31,816 [INFO]  Epoch[0] Validation-cross-entropy=0.117570
2024-04-08 02:21:31,816 [INFO]  Epoch[0] Validation-duration-accuracy=0.000000
2024-04-08 02:21:32,052 [INFO]  Epoch[1] Batch [0-102]	Speed: 6948.03 samples/sec	cross-entropy=0.076193	duration-accuracy=3.262136
2024-04-08 02:21:32,147 [INFO]  Epoch[1] Train-cross-entropy=0.057980
2024-04-08 02:21:32,148 [INFO]  Epoch[1] Train-duration-accuracy=3.405941
2024-04-08 02:21:32,148 [INFO]  Epoch[1] Time cost=0.331
2024-04-08 02:21:32,149 [INFO]  Saved checkpoint to "./imputer_model/17_bank/imputer_model_duration/model-0001.params"
2024-04-08 02:21:32,155 [INFO]  Epoch[1] Validation-cross-entropy=0.091827
2024-04-08 02:21:32,155 [INFO]  Epoch[1] Validation-duration-accuracy=0.000000
2024-04-08 02:21:32,545 [INFO]  Epoch[2] Batch [0-102]	Speed: 4201.61 samples/sec	cross-entropy=0.056964	duration-accuracy=3.262136
2024-04-08 02:21:32,767 [INFO]  Epoch[2] Train-cross-entropy=0.044237
2024-04-08 02:21:32,768 [INFO]  Epoch[2] Train-duration-accuracy=3.405941
2024-04-08 02:21:32,768 [INFO]  Epoch[2] Time cost=0.612
2024-04-08 02:21:32,769 [INFO]  Saved checkpoint to "./imputer_model/17_bank/imputer_model_duration/model-0002.params"
2024-04-08 02:21:32,779 [INFO]  Epoch[2] Validation-cross-entropy=0.063649
2024-04-08 02:21:32,779 [INFO]  Epoch[2] Validation-duration-accuracy=0.000000
2024-04-08 02:21:32,903 [INFO]  Epoch[3] Batch [0-102]	Speed: 13342.84 samples/sec	cross-entropy=0.041658	duration-accuracy=3.262136
2024-04-08 02:21:33,322 [INFO]  Epoch[3] Train-cross-entropy=0.034413
2024-04-08 02:21:33,323 [INFO]  Epoch[3] Train-duration-accuracy=3.405941
2024-04-08 02:21:33,323 [INFO]  Epoch[3] Time cost=0.543
2024-04-08 02:21:33,325 [INFO]  Saved checkpoint to "./imputer_model/17_bank/imputer_model_duration/model-0003.params"
2024-04-08 02:21:33,336 [INFO]  Epoch[3] Validation-cross-entropy=0.042861
2024-04-08 02:21:33,336 [INFO]  Epoch[3] Validation-duration-accuracy=0.000000
2024-04-08 02:21:33,452 [INFO]  Epoch[4] Batch [0-102]	Speed: 14253.09 samples/sec	cross-entropy=0.033668	duration-accuracy=3.262136
2024-04-08 02:21:33,569 [INFO]  Epoch[4] Train-cross-entropy=0.027081
2024-04-08 02:21:33,569 [INFO]  Epoch[4] Train-duration-accuracy=3.405941
2024-04-08 02:21:33,569 [INFO]  Epoch[4] Time cost=0.233
2024-04-08 02:21:33,571 [INFO]  Saved checkpoint to "./imputer_model/17_bank/imputer_model_duration/model-0004.params"
2024-04-08 02:21:33,623 [INFO]  Epoch[4] Validation-cross-entropy=0.035006
2024-04-08 02:21:33,623 [INFO]  Epoch[4] Validation-duration-accuracy=0.000000
2024-04-08 02:21:33,623 [INFO]  
========== done (2.3955724239349365 s) fit model
2024-04-08 02:22:30,318 [INFO]  
========== start: fit model
2024-04-08 02:22:30,318 [WARNING]  Already bound, ignoring bind()
2024-04-08 02:22:30,551 [INFO]  Epoch[0] Batch [0-102]	Speed: 7746.72 samples/sec	cross-entropy=2.050205	duration-accuracy=3.436893
2024-04-08 02:22:30,821 [INFO]  Epoch[0] Train-cross-entropy=0.291145
2024-04-08 02:22:30,821 [INFO]  Epoch[0] Train-duration-accuracy=3.247525
2024-04-08 02:22:30,821 [INFO]  Epoch[0] Time cost=0.502
2024-04-08 02:22:30,823 [INFO]  Saved checkpoint to "./imputer_model/17_bank/imputer_model_duration/model-0000.params"
2024-04-08 02:22:30,830 [INFO]  Epoch[0] Validation-cross-entropy=0.389902
2024-04-08 02:22:30,830 [INFO]  Epoch[0] Validation-duration-accuracy=0.000000
2024-04-08 02:22:31,182 [INFO]  Epoch[1] Batch [0-102]	Speed: 4649.97 samples/sec	cross-entropy=0.095745	duration-accuracy=3.436893
2024-04-08 02:22:31,516 [INFO]  Epoch[1] Train-cross-entropy=0.062482
2024-04-08 02:22:31,516 [INFO]  Epoch[1] Train-duration-accuracy=3.247525
2024-04-08 02:22:31,516 [INFO]  Epoch[1] Time cost=0.685
2024-04-08 02:22:31,518 [INFO]  Saved checkpoint to "./imputer_model/17_bank/imputer_model_duration/model-0001.params"
2024-04-08 02:22:31,528 [INFO]  Epoch[1] Validation-cross-entropy=0.055341
2024-04-08 02:22:31,528 [INFO]  Epoch[1] Validation-duration-accuracy=0.000000
2024-04-08 02:22:31,643 [INFO]  Epoch[2] Batch [0-102]	Speed: 14411.90 samples/sec	cross-entropy=0.037467	duration-accuracy=3.436893
2024-04-08 02:22:31,794 [INFO]  Epoch[2] Train-cross-entropy=0.047375
2024-04-08 02:22:31,794 [INFO]  Epoch[2] Train-duration-accuracy=3.247525
2024-04-08 02:22:31,794 [INFO]  Epoch[2] Time cost=0.266
2024-04-08 02:22:31,796 [INFO]  Saved checkpoint to "./imputer_model/17_bank/imputer_model_duration/model-0002.params"
2024-04-08 02:22:31,807 [INFO]  Epoch[2] Validation-cross-entropy=0.045874
2024-04-08 02:22:31,807 [INFO]  Epoch[2] Validation-duration-accuracy=0.000000
2024-04-08 02:22:31,931 [INFO]  Epoch[3] Batch [0-102]	Speed: 13334.73 samples/sec	cross-entropy=0.031445	duration-accuracy=3.436893
2024-04-08 02:22:32,045 [INFO]  Epoch[3] Train-cross-entropy=0.037646
2024-04-08 02:22:32,045 [INFO]  Epoch[3] Train-duration-accuracy=3.247525
2024-04-08 02:22:32,045 [INFO]  Epoch[3] Time cost=0.239
2024-04-08 02:22:32,048 [INFO]  Saved checkpoint to "./imputer_model/17_bank/imputer_model_duration/model-0003.params"
2024-04-08 02:22:32,064 [INFO]  Epoch[3] Validation-cross-entropy=0.041807
2024-04-08 02:22:32,064 [INFO]  Epoch[3] Validation-duration-accuracy=0.000000
2024-04-08 02:22:33,064 [INFO]  Epoch[4] Batch [0-102]	Speed: 1634.34 samples/sec	cross-entropy=0.026980	duration-accuracy=3.436893
2024-04-08 02:22:33,483 [INFO]  Epoch[4] Train-cross-entropy=0.028970
2024-04-08 02:22:33,483 [INFO]  Epoch[4] Train-duration-accuracy=3.247525
2024-04-08 02:22:33,483 [INFO]  Epoch[4] Time cost=1.420
2024-04-08 02:22:33,485 [INFO]  Saved checkpoint to "./imputer_model/17_bank/imputer_model_duration/model-0004.params"
2024-04-08 02:22:33,603 [INFO]  Epoch[4] Validation-cross-entropy=0.035171
2024-04-08 02:22:33,603 [INFO]  Epoch[4] Validation-duration-accuracy=0.000000
2024-04-08 02:22:33,604 [INFO]  
========== done (3.2856199741363525 s) fit model
2024-04-08 02:23:33,604 [INFO]  
========== start: fit model
2024-04-08 02:23:33,604 [WARNING]  Already bound, ignoring bind()
2024-04-08 02:23:33,900 [INFO]  Epoch[0] Batch [0-102]	Speed: 8934.37 samples/sec	cross-entropy=1.822555	duration-accuracy=3.184466
2024-04-08 02:23:34,138 [INFO]  Epoch[0] Train-cross-entropy=0.114853
2024-04-08 02:23:34,138 [INFO]  Epoch[0] Train-duration-accuracy=3.287129
2024-04-08 02:23:34,138 [INFO]  Epoch[0] Time cost=0.533
2024-04-08 02:23:34,140 [INFO]  Saved checkpoint to "./imputer_model/17_bank/imputer_model_duration/model-0000.params"
2024-04-08 02:23:34,163 [INFO]  Epoch[0] Validation-cross-entropy=0.114568
2024-04-08 02:23:34,163 [INFO]  Epoch[0] Validation-duration-accuracy=0.000000
2024-04-08 02:23:34,379 [INFO]  Epoch[1] Batch [0-102]	Speed: 7685.09 samples/sec	cross-entropy=0.073495	duration-accuracy=3.184466
2024-04-08 02:23:34,490 [INFO]  Epoch[1] Train-cross-entropy=0.077246
2024-04-08 02:23:34,490 [INFO]  Epoch[1] Train-duration-accuracy=3.287129
2024-04-08 02:23:34,490 [INFO]  Epoch[1] Time cost=0.327
2024-04-08 02:23:34,492 [INFO]  Saved checkpoint to "./imputer_model/17_bank/imputer_model_duration/model-0001.params"
2024-04-08 02:23:34,502 [INFO]  Epoch[1] Validation-cross-entropy=0.088996
2024-04-08 02:23:34,502 [INFO]  Epoch[1] Validation-duration-accuracy=0.000000
2024-04-08 02:23:35,408 [INFO]  Epoch[2] Batch [0-102]	Speed: 1803.56 samples/sec	cross-entropy=0.048888	duration-accuracy=3.184466
2024-04-08 02:23:35,517 [INFO]  Epoch[2] Train-cross-entropy=0.112664
2024-04-08 02:23:35,517 [INFO]  Epoch[2] Train-duration-accuracy=3.287129
2024-04-08 02:23:35,517 [INFO]  Epoch[2] Time cost=1.015
2024-04-08 02:23:35,519 [INFO]  Saved checkpoint to "./imputer_model/17_bank/imputer_model_duration/model-0002.params"
2024-04-08 02:23:35,545 [INFO]  Epoch[2] Validation-cross-entropy=0.150606
2024-04-08 02:23:35,545 [INFO]  Epoch[2] Validation-duration-accuracy=0.000000
2024-04-08 02:23:35,659 [INFO]  Epoch[3] Batch [0-102]	Speed: 14549.84 samples/sec	cross-entropy=0.062553	duration-accuracy=3.184466
2024-04-08 02:23:35,782 [INFO]  Epoch[3] Train-cross-entropy=0.035664
2024-04-08 02:23:35,782 [INFO]  Epoch[3] Train-duration-accuracy=3.287129
2024-04-08 02:23:35,782 [INFO]  Epoch[3] Time cost=0.237
2024-04-08 02:23:35,784 [INFO]  Saved checkpoint to "./imputer_model/17_bank/imputer_model_duration/model-0003.params"
2024-04-08 02:23:35,794 [INFO]  Epoch[3] Validation-cross-entropy=0.036883
2024-04-08 02:23:35,794 [INFO]  Epoch[3] Validation-duration-accuracy=0.000000
2024-04-08 02:23:36,199 [INFO]  Epoch[4] Batch [0-102]	Speed: 4050.19 samples/sec	cross-entropy=0.024361	duration-accuracy=3.184466
2024-04-08 02:23:36,830 [INFO]  Epoch[4] Train-cross-entropy=0.027207
2024-04-08 02:23:36,830 [INFO]  Epoch[4] Train-duration-accuracy=3.287129
2024-04-08 02:23:36,831 [INFO]  Epoch[4] Time cost=1.036
2024-04-08 02:23:36,832 [INFO]  Saved checkpoint to "./imputer_model/17_bank/imputer_model_duration/model-0004.params"
2024-04-08 02:23:36,843 [INFO]  Epoch[4] Validation-cross-entropy=0.034025
2024-04-08 02:23:36,844 [INFO]  Epoch[4] Validation-duration-accuracy=0.000000
2024-04-08 02:23:36,844 [INFO]  
========== done (3.240152359008789 s) fit model
