2024-04-11 15:25:46,471 [INFO]  
========== start: fit model
2024-04-11 15:25:46,471 [WARNING]  Already bound, ignoring bind()
2024-04-11 15:25:46,565 [INFO]  Epoch[0] Batch [0-10]	Speed: 8288.22 samples/sec	cross-entropy=9.781530	a1-accuracy=0.000000
2024-04-11 15:25:46,578 [INFO]  Epoch[0] Train-cross-entropy=2.652961
2024-04-11 15:25:46,578 [INFO]  Epoch[0] Train-a1-accuracy=0.000000
2024-04-11 15:25:46,578 [INFO]  Epoch[0] Time cost=0.106
2024-04-11 15:25:46,580 [INFO]  Saved checkpoint to "./imputer_model/30_monk/imputer_model_a1/model-0000.params"
2024-04-11 15:25:46,582 [INFO]  Epoch[0] Validation-cross-entropy=3.895857
2024-04-11 15:25:46,582 [INFO]  Epoch[0] Validation-a1-accuracy=0.000000
2024-04-11 15:25:46,591 [INFO]  Epoch[1] Batch [0-10]	Speed: 20747.83 samples/sec	cross-entropy=0.755133	a1-accuracy=0.000000
2024-04-11 15:25:46,597 [INFO]  Epoch[1] Train-cross-entropy=0.417044
2024-04-11 15:25:46,598 [INFO]  Epoch[1] Train-a1-accuracy=0.000000
2024-04-11 15:25:46,598 [INFO]  Epoch[1] Time cost=0.015
2024-04-11 15:25:46,599 [INFO]  Saved checkpoint to "./imputer_model/30_monk/imputer_model_a1/model-0001.params"
2024-04-11 15:25:46,600 [INFO]  Epoch[1] Validation-cross-entropy=0.450297
2024-04-11 15:25:46,600 [INFO]  Epoch[1] Validation-a1-accuracy=0.000000
2024-04-11 15:25:46,609 [INFO]  Epoch[2] Batch [0-10]	Speed: 20832.20 samples/sec	cross-entropy=0.096647	a1-accuracy=0.000000
2024-04-11 15:25:46,615 [INFO]  Epoch[2] Train-cross-entropy=0.068204
2024-04-11 15:25:46,616 [INFO]  Epoch[2] Train-a1-accuracy=0.000000
2024-04-11 15:25:46,616 [INFO]  Epoch[2] Time cost=0.015
2024-04-11 15:25:46,617 [INFO]  Saved checkpoint to "./imputer_model/30_monk/imputer_model_a1/model-0002.params"
2024-04-11 15:25:46,618 [INFO]  Epoch[2] Validation-cross-entropy=0.020920
2024-04-11 15:25:46,618 [INFO]  Epoch[2] Validation-a1-accuracy=0.000000
2024-04-11 15:25:46,627 [INFO]  Epoch[3] Batch [0-10]	Speed: 22444.44 samples/sec	cross-entropy=0.017435	a1-accuracy=0.000000
2024-04-11 15:25:46,633 [INFO]  Epoch[3] Train-cross-entropy=0.010956
2024-04-11 15:25:46,633 [INFO]  Epoch[3] Train-a1-accuracy=0.000000
2024-04-11 15:25:46,633 [INFO]  Epoch[3] Time cost=0.014
2024-04-11 15:25:46,635 [INFO]  Saved checkpoint to "./imputer_model/30_monk/imputer_model_a1/model-0003.params"
2024-04-11 15:25:46,636 [INFO]  Epoch[3] Validation-cross-entropy=0.004720
2024-04-11 15:25:46,636 [INFO]  Epoch[3] Validation-a1-accuracy=0.000000
2024-04-11 15:25:46,644 [INFO]  Epoch[4] Batch [0-10]	Speed: 24479.78 samples/sec	cross-entropy=0.007104	a1-accuracy=0.000000
2024-04-11 15:25:46,649 [INFO]  Epoch[4] Train-cross-entropy=0.005487
2024-04-11 15:25:46,649 [INFO]  Epoch[4] Train-a1-accuracy=0.000000
2024-04-11 15:25:46,649 [INFO]  Epoch[4] Time cost=0.013
2024-04-11 15:25:46,651 [INFO]  Saved checkpoint to "./imputer_model/30_monk/imputer_model_a1/model-0004.params"
2024-04-11 15:25:46,652 [INFO]  Epoch[4] Validation-cross-entropy=0.002306
2024-04-11 15:25:46,652 [INFO]  Epoch[4] Validation-a1-accuracy=0.000000
2024-04-11 15:25:46,652 [INFO]  
========== done (0.18107366561889648 s) fit model
2024-04-11 15:25:47,726 [INFO]  
========== start: fit model
2024-04-11 15:25:47,726 [WARNING]  Already bound, ignoring bind()
2024-04-11 15:25:47,737 [INFO]  Epoch[0] Batch [0-10]	Speed: 20465.64 samples/sec	cross-entropy=3.971195	a1-accuracy=0.000000
2024-04-11 15:25:47,742 [INFO]  Epoch[0] Train-cross-entropy=1.556614
2024-04-11 15:25:47,743 [INFO]  Epoch[0] Train-a1-accuracy=0.000000
2024-04-11 15:25:47,743 [INFO]  Epoch[0] Time cost=0.015
2024-04-11 15:25:47,744 [INFO]  Saved checkpoint to "./imputer_model/30_monk/imputer_model_a1/model-0000.params"
2024-04-11 15:25:47,745 [INFO]  Epoch[0] Validation-cross-entropy=0.653805
2024-04-11 15:25:47,745 [INFO]  Epoch[0] Validation-a1-accuracy=0.000000
2024-04-11 15:25:47,753 [INFO]  Epoch[1] Batch [0-10]	Speed: 21936.02 samples/sec	cross-entropy=0.287851	a1-accuracy=0.000000
2024-04-11 15:25:47,759 [INFO]  Epoch[1] Train-cross-entropy=0.178804
2024-04-11 15:25:47,759 [INFO]  Epoch[1] Train-a1-accuracy=0.000000
2024-04-11 15:25:47,759 [INFO]  Epoch[1] Time cost=0.014
2024-04-11 15:25:47,761 [INFO]  Saved checkpoint to "./imputer_model/30_monk/imputer_model_a1/model-0001.params"
2024-04-11 15:25:47,762 [INFO]  Epoch[1] Validation-cross-entropy=0.061211
2024-04-11 15:25:47,762 [INFO]  Epoch[1] Validation-a1-accuracy=0.000000
2024-04-11 15:25:47,770 [INFO]  Epoch[2] Batch [0-10]	Speed: 21366.81 samples/sec	cross-entropy=0.068539	a1-accuracy=0.000000
2024-04-11 15:25:47,776 [INFO]  Epoch[2] Train-cross-entropy=0.020392
2024-04-11 15:25:47,776 [INFO]  Epoch[2] Train-a1-accuracy=0.000000
2024-04-11 15:25:47,776 [INFO]  Epoch[2] Time cost=0.014
2024-04-11 15:25:47,778 [INFO]  Saved checkpoint to "./imputer_model/30_monk/imputer_model_a1/model-0002.params"
2024-04-11 15:25:47,779 [INFO]  Epoch[2] Validation-cross-entropy=0.033147
2024-04-11 15:25:47,779 [INFO]  Epoch[2] Validation-a1-accuracy=0.000000
2024-04-11 15:25:47,787 [INFO]  Epoch[3] Batch [0-10]	Speed: 21546.54 samples/sec	cross-entropy=0.017512	a1-accuracy=0.000000
2024-04-11 15:25:47,793 [INFO]  Epoch[3] Train-cross-entropy=0.009293
2024-04-11 15:25:47,793 [INFO]  Epoch[3] Train-a1-accuracy=0.000000
2024-04-11 15:25:47,793 [INFO]  Epoch[3] Time cost=0.014
2024-04-11 15:25:47,795 [INFO]  Saved checkpoint to "./imputer_model/30_monk/imputer_model_a1/model-0003.params"
2024-04-11 15:25:47,796 [INFO]  Epoch[3] Validation-cross-entropy=0.004280
2024-04-11 15:25:47,796 [INFO]  Epoch[3] Validation-a1-accuracy=0.000000
2024-04-11 15:25:47,804 [INFO]  Epoch[4] Batch [0-10]	Speed: 22084.00 samples/sec	cross-entropy=0.004144	a1-accuracy=0.000000
2024-04-11 15:25:47,810 [INFO]  Epoch[4] Train-cross-entropy=0.001848
2024-04-11 15:25:47,810 [INFO]  Epoch[4] Train-a1-accuracy=0.000000
2024-04-11 15:25:47,811 [INFO]  Epoch[4] Time cost=0.014
2024-04-11 15:25:47,812 [INFO]  Saved checkpoint to "./imputer_model/30_monk/imputer_model_a1/model-0004.params"
2024-04-11 15:25:47,813 [INFO]  Epoch[4] Validation-cross-entropy=0.000860
2024-04-11 15:25:47,813 [INFO]  Epoch[4] Validation-a1-accuracy=0.000000
2024-04-11 15:25:47,813 [INFO]  
========== done (0.08705639839172363 s) fit model
2024-04-11 15:25:48,904 [INFO]  
========== start: fit model
2024-04-11 15:25:48,904 [WARNING]  Already bound, ignoring bind()
2024-04-11 15:25:48,918 [INFO]  Epoch[0] Batch [0-10]	Speed: 14182.52 samples/sec	cross-entropy=13.045701	a1-accuracy=2.727273
2024-04-11 15:25:48,925 [INFO]  Epoch[0] Train-cross-entropy=1.272168
2024-04-11 15:25:48,925 [INFO]  Epoch[0] Train-a1-accuracy=3.625000
2024-04-11 15:25:48,925 [INFO]  Epoch[0] Time cost=0.020
2024-04-11 15:25:48,927 [INFO]  Saved checkpoint to "./imputer_model/30_monk/imputer_model_a1/model-0000.params"
2024-04-11 15:25:48,928 [INFO]  Epoch[0] Validation-cross-entropy=0.932332
2024-04-11 15:25:48,928 [INFO]  Epoch[0] Validation-a1-accuracy=0.000000
2024-04-11 15:25:48,936 [INFO]  Epoch[1] Batch [0-10]	Speed: 22370.37 samples/sec	cross-entropy=1.362101	a1-accuracy=2.727273
2024-04-11 15:25:48,942 [INFO]  Epoch[1] Train-cross-entropy=0.248706
2024-04-11 15:25:48,942 [INFO]  Epoch[1] Train-a1-accuracy=3.625000
2024-04-11 15:25:48,942 [INFO]  Epoch[1] Time cost=0.014
2024-04-11 15:25:48,944 [INFO]  Saved checkpoint to "./imputer_model/30_monk/imputer_model_a1/model-0001.params"
2024-04-11 15:25:48,945 [INFO]  Epoch[1] Validation-cross-entropy=0.131971
2024-04-11 15:25:48,945 [INFO]  Epoch[1] Validation-a1-accuracy=0.000000
2024-04-11 15:25:48,953 [INFO]  Epoch[2] Batch [0-10]	Speed: 21366.13 samples/sec	cross-entropy=0.172595	a1-accuracy=2.727273
2024-04-11 15:25:48,959 [INFO]  Epoch[2] Train-cross-entropy=0.061644
2024-04-11 15:25:48,959 [INFO]  Epoch[2] Train-a1-accuracy=3.625000
2024-04-11 15:25:48,959 [INFO]  Epoch[2] Time cost=0.015
2024-04-11 15:25:48,961 [INFO]  Saved checkpoint to "./imputer_model/30_monk/imputer_model_a1/model-0002.params"
2024-04-11 15:25:48,962 [INFO]  Epoch[2] Validation-cross-entropy=0.043424
2024-04-11 15:25:48,962 [INFO]  Epoch[2] Validation-a1-accuracy=0.000000
2024-04-11 15:25:48,970 [INFO]  Epoch[3] Batch [0-10]	Speed: 22922.83 samples/sec	cross-entropy=0.022049	a1-accuracy=2.727273
2024-04-11 15:25:48,975 [INFO]  Epoch[3] Train-cross-entropy=0.016842
2024-04-11 15:25:48,976 [INFO]  Epoch[3] Train-a1-accuracy=3.625000
2024-04-11 15:25:48,976 [INFO]  Epoch[3] Time cost=0.013
2024-04-11 15:25:48,977 [INFO]  Saved checkpoint to "./imputer_model/30_monk/imputer_model_a1/model-0003.params"
2024-04-11 15:25:48,978 [INFO]  Epoch[3] Validation-cross-entropy=0.019670
2024-04-11 15:25:48,978 [INFO]  Epoch[3] Validation-a1-accuracy=0.000000
2024-04-11 15:25:48,989 [INFO]  Epoch[4] Batch [0-10]	Speed: 19378.26 samples/sec	cross-entropy=0.010791	a1-accuracy=2.727273
2024-04-11 15:25:48,995 [INFO]  Epoch[4] Train-cross-entropy=0.008228
2024-04-11 15:25:48,995 [INFO]  Epoch[4] Train-a1-accuracy=3.625000
2024-04-11 15:25:48,995 [INFO]  Epoch[4] Time cost=0.017
2024-04-11 15:25:48,996 [INFO]  Saved checkpoint to "./imputer_model/30_monk/imputer_model_a1/model-0004.params"
2024-04-11 15:25:48,997 [INFO]  Epoch[4] Validation-cross-entropy=0.008307
2024-04-11 15:25:48,997 [INFO]  Epoch[4] Validation-a1-accuracy=0.000000
2024-04-11 15:25:48,998 [INFO]  
========== done (0.09360432624816895 s) fit model
2024-04-11 15:25:50,109 [INFO]  
========== start: fit model
2024-04-11 15:25:50,109 [WARNING]  Already bound, ignoring bind()
2024-04-11 15:25:50,121 [INFO]  Epoch[0] Batch [0-10]	Speed: 16394.81 samples/sec	cross-entropy=3.453297	a1-accuracy=2.818182
2024-04-11 15:25:50,129 [INFO]  Epoch[0] Train-cross-entropy=1.325432
2024-04-11 15:25:50,129 [INFO]  Epoch[0] Train-a1-accuracy=4.000000
2024-04-11 15:25:50,129 [INFO]  Epoch[0] Time cost=0.019
2024-04-11 15:25:50,131 [INFO]  Saved checkpoint to "./imputer_model/30_monk/imputer_model_a1/model-0000.params"
2024-04-11 15:25:50,131 [INFO]  Epoch[0] Validation-cross-entropy=0.258938
2024-04-11 15:25:50,132 [INFO]  Epoch[0] Validation-a1-accuracy=0.000000
2024-04-11 15:25:50,138 [INFO]  Epoch[1] Batch [0-10]	Speed: 26658.01 samples/sec	cross-entropy=0.226062	a1-accuracy=2.818182
2024-04-11 15:25:50,143 [INFO]  Epoch[1] Train-cross-entropy=0.134404
2024-04-11 15:25:50,143 [INFO]  Epoch[1] Train-a1-accuracy=4.000000
2024-04-11 15:25:50,143 [INFO]  Epoch[1] Time cost=0.012
2024-04-11 15:25:50,145 [INFO]  Saved checkpoint to "./imputer_model/30_monk/imputer_model_a1/model-0001.params"
2024-04-11 15:25:50,146 [INFO]  Epoch[1] Validation-cross-entropy=0.121946
2024-04-11 15:25:50,146 [INFO]  Epoch[1] Validation-a1-accuracy=0.000000
2024-04-11 15:25:50,154 [INFO]  Epoch[2] Batch [0-10]	Speed: 21540.32 samples/sec	cross-entropy=0.050823	a1-accuracy=2.818182
2024-04-11 15:25:50,159 [INFO]  Epoch[2] Train-cross-entropy=0.012505
2024-04-11 15:25:50,159 [INFO]  Epoch[2] Train-a1-accuracy=4.000000
2024-04-11 15:25:50,159 [INFO]  Epoch[2] Time cost=0.014
2024-04-11 15:25:50,161 [INFO]  Saved checkpoint to "./imputer_model/30_monk/imputer_model_a1/model-0002.params"
2024-04-11 15:25:50,162 [INFO]  Epoch[2] Validation-cross-entropy=0.015306
2024-04-11 15:25:50,162 [INFO]  Epoch[2] Validation-a1-accuracy=0.000000
2024-04-11 15:25:50,171 [INFO]  Epoch[3] Batch [0-10]	Speed: 21374.97 samples/sec	cross-entropy=0.009042	a1-accuracy=2.818182
2024-04-11 15:25:50,177 [INFO]  Epoch[3] Train-cross-entropy=0.005577
2024-04-11 15:25:50,177 [INFO]  Epoch[3] Train-a1-accuracy=4.000000
2024-04-11 15:25:50,177 [INFO]  Epoch[3] Time cost=0.014
2024-04-11 15:25:50,178 [INFO]  Saved checkpoint to "./imputer_model/30_monk/imputer_model_a1/model-0003.params"
2024-04-11 15:25:50,180 [INFO]  Epoch[3] Validation-cross-entropy=0.000825
2024-04-11 15:25:50,180 [INFO]  Epoch[3] Validation-a1-accuracy=0.000000
2024-04-11 15:25:50,187 [INFO]  Epoch[4] Batch [0-10]	Speed: 23789.03 samples/sec	cross-entropy=0.001842	a1-accuracy=2.818182
2024-04-11 15:25:50,192 [INFO]  Epoch[4] Train-cross-entropy=0.001020
2024-04-11 15:25:50,193 [INFO]  Epoch[4] Train-a1-accuracy=4.000000
2024-04-11 15:25:50,193 [INFO]  Epoch[4] Time cost=0.013
2024-04-11 15:25:50,195 [INFO]  Saved checkpoint to "./imputer_model/30_monk/imputer_model_a1/model-0004.params"
2024-04-11 15:25:50,195 [INFO]  Epoch[4] Validation-cross-entropy=0.000472
2024-04-11 15:25:50,196 [INFO]  Epoch[4] Validation-a1-accuracy=0.000000
2024-04-11 15:25:50,196 [INFO]  
========== done (0.08671021461486816 s) fit model
2024-04-11 15:25:51,308 [INFO]  
========== start: fit model
2024-04-11 15:25:51,309 [WARNING]  Already bound, ignoring bind()
2024-04-11 15:25:51,321 [INFO]  Epoch[0] Batch [0-10]	Speed: 16042.85 samples/sec	cross-entropy=8.918760	a1-accuracy=3.272727
2024-04-11 15:25:51,327 [INFO]  Epoch[0] Train-cross-entropy=2.280791
2024-04-11 15:25:51,327 [INFO]  Epoch[0] Train-a1-accuracy=2.000000
2024-04-11 15:25:51,327 [INFO]  Epoch[0] Time cost=0.018
2024-04-11 15:25:51,329 [INFO]  Saved checkpoint to "./imputer_model/30_monk/imputer_model_a1/model-0000.params"
2024-04-11 15:25:51,330 [INFO]  Epoch[0] Validation-cross-entropy=2.083911
2024-04-11 15:25:51,330 [INFO]  Epoch[0] Validation-a1-accuracy=0.000000
2024-04-11 15:25:51,338 [INFO]  Epoch[1] Batch [0-10]	Speed: 21675.99 samples/sec	cross-entropy=0.496426	a1-accuracy=3.272727
2024-04-11 15:25:51,344 [INFO]  Epoch[1] Train-cross-entropy=0.231778
2024-04-11 15:25:51,344 [INFO]  Epoch[1] Train-a1-accuracy=2.000000
2024-04-11 15:25:51,344 [INFO]  Epoch[1] Time cost=0.014
2024-04-11 15:25:51,346 [INFO]  Saved checkpoint to "./imputer_model/30_monk/imputer_model_a1/model-0001.params"
2024-04-11 15:25:51,347 [INFO]  Epoch[1] Validation-cross-entropy=0.095312
2024-04-11 15:25:51,347 [INFO]  Epoch[1] Validation-a1-accuracy=0.000000
2024-04-11 15:25:51,357 [INFO]  Epoch[2] Batch [0-10]	Speed: 18112.56 samples/sec	cross-entropy=0.068768	a1-accuracy=3.272727
2024-04-11 15:25:51,362 [INFO]  Epoch[2] Train-cross-entropy=0.049597
2024-04-11 15:25:51,363 [INFO]  Epoch[2] Train-a1-accuracy=2.000000
2024-04-11 15:25:51,363 [INFO]  Epoch[2] Time cost=0.016
2024-04-11 15:25:51,364 [INFO]  Saved checkpoint to "./imputer_model/30_monk/imputer_model_a1/model-0002.params"
2024-04-11 15:25:51,365 [INFO]  Epoch[2] Validation-cross-entropy=0.036140
2024-04-11 15:25:51,365 [INFO]  Epoch[2] Validation-a1-accuracy=0.000000
2024-04-11 15:25:51,373 [INFO]  Epoch[3] Batch [0-10]	Speed: 22086.91 samples/sec	cross-entropy=0.018058	a1-accuracy=3.272727
2024-04-11 15:25:51,379 [INFO]  Epoch[3] Train-cross-entropy=0.008847
2024-04-11 15:25:51,379 [INFO]  Epoch[3] Train-a1-accuracy=2.000000
2024-04-11 15:25:51,380 [INFO]  Epoch[3] Time cost=0.014
2024-04-11 15:25:51,381 [INFO]  Saved checkpoint to "./imputer_model/30_monk/imputer_model_a1/model-0003.params"
2024-04-11 15:25:51,382 [INFO]  Epoch[3] Validation-cross-entropy=0.004073
2024-04-11 15:25:51,382 [INFO]  Epoch[3] Validation-a1-accuracy=0.000000
2024-04-11 15:25:51,390 [INFO]  Epoch[4] Batch [0-10]	Speed: 21970.49 samples/sec	cross-entropy=0.006660	a1-accuracy=3.272727
2024-04-11 15:25:51,396 [INFO]  Epoch[4] Train-cross-entropy=0.003856
2024-04-11 15:25:51,396 [INFO]  Epoch[4] Train-a1-accuracy=2.000000
2024-04-11 15:25:51,397 [INFO]  Epoch[4] Time cost=0.014
2024-04-11 15:25:51,398 [INFO]  Saved checkpoint to "./imputer_model/30_monk/imputer_model_a1/model-0004.params"
2024-04-11 15:25:51,399 [INFO]  Epoch[4] Validation-cross-entropy=0.001532
2024-04-11 15:25:51,399 [INFO]  Epoch[4] Validation-a1-accuracy=0.000000
2024-04-11 15:25:51,399 [INFO]  
========== done (0.09097003936767578 s) fit model
2024-04-11 15:25:52,494 [INFO]  
========== start: fit model
2024-04-11 15:25:52,494 [WARNING]  Already bound, ignoring bind()
2024-04-11 15:25:52,506 [INFO]  Epoch[0] Batch [0-10]	Speed: 17656.97 samples/sec	cross-entropy=15.876656	a1-accuracy=0.000000
2024-04-11 15:25:52,512 [INFO]  Epoch[0] Train-cross-entropy=1.838475
2024-04-11 15:25:52,512 [INFO]  Epoch[0] Train-a1-accuracy=0.000000
2024-04-11 15:25:52,512 [INFO]  Epoch[0] Time cost=0.017
2024-04-11 15:25:52,514 [INFO]  Saved checkpoint to "./imputer_model/30_monk/imputer_model_a1/model-0000.params"
2024-04-11 15:25:52,515 [INFO]  Epoch[0] Validation-cross-entropy=2.763951
2024-04-11 15:25:52,515 [INFO]  Epoch[0] Validation-a1-accuracy=0.000000
2024-04-11 15:25:52,523 [INFO]  Epoch[1] Batch [0-10]	Speed: 21597.16 samples/sec	cross-entropy=1.401767	a1-accuracy=0.000000
2024-04-11 15:25:52,529 [INFO]  Epoch[1] Train-cross-entropy=0.326518
2024-04-11 15:25:52,529 [INFO]  Epoch[1] Train-a1-accuracy=0.000000
2024-04-11 15:25:52,529 [INFO]  Epoch[1] Time cost=0.014
2024-04-11 15:25:52,531 [INFO]  Saved checkpoint to "./imputer_model/30_monk/imputer_model_a1/model-0001.params"
2024-04-11 15:25:52,532 [INFO]  Epoch[1] Validation-cross-entropy=0.174898
2024-04-11 15:25:52,532 [INFO]  Epoch[1] Validation-a1-accuracy=0.000000
2024-04-11 15:25:52,541 [INFO]  Epoch[2] Batch [0-10]	Speed: 18138.02 samples/sec	cross-entropy=0.172221	a1-accuracy=0.000000
2024-04-11 15:25:52,550 [INFO]  Epoch[2] Train-cross-entropy=0.061049
2024-04-11 15:25:52,550 [INFO]  Epoch[2] Train-a1-accuracy=0.000000
2024-04-11 15:25:52,550 [INFO]  Epoch[2] Time cost=0.019
2024-04-11 15:25:52,552 [INFO]  Saved checkpoint to "./imputer_model/30_monk/imputer_model_a1/model-0002.params"
2024-04-11 15:25:52,553 [INFO]  Epoch[2] Validation-cross-entropy=0.017715
2024-04-11 15:25:52,553 [INFO]  Epoch[2] Validation-a1-accuracy=0.000000
2024-04-11 15:25:52,561 [INFO]  Epoch[3] Batch [0-10]	Speed: 22239.15 samples/sec	cross-entropy=0.033726	a1-accuracy=0.000000
2024-04-11 15:25:52,567 [INFO]  Epoch[3] Train-cross-entropy=0.016979
2024-04-11 15:25:52,567 [INFO]  Epoch[3] Train-a1-accuracy=0.000000
2024-04-11 15:25:52,567 [INFO]  Epoch[3] Time cost=0.014
2024-04-11 15:25:52,569 [INFO]  Saved checkpoint to "./imputer_model/30_monk/imputer_model_a1/model-0003.params"
2024-04-11 15:25:52,570 [INFO]  Epoch[3] Validation-cross-entropy=0.008876
2024-04-11 15:25:52,570 [INFO]  Epoch[3] Validation-a1-accuracy=0.000000
2024-04-11 15:25:52,578 [INFO]  Epoch[4] Batch [0-10]	Speed: 22070.93 samples/sec	cross-entropy=0.012722	a1-accuracy=0.000000
2024-04-11 15:25:52,584 [INFO]  Epoch[4] Train-cross-entropy=0.008542
2024-04-11 15:25:52,584 [INFO]  Epoch[4] Train-a1-accuracy=0.000000
2024-04-11 15:25:52,584 [INFO]  Epoch[4] Time cost=0.014
2024-04-11 15:25:52,586 [INFO]  Saved checkpoint to "./imputer_model/30_monk/imputer_model_a1/model-0004.params"
2024-04-11 15:25:52,587 [INFO]  Epoch[4] Validation-cross-entropy=0.003284
2024-04-11 15:25:52,587 [INFO]  Epoch[4] Validation-a1-accuracy=0.000000
2024-04-11 15:25:52,587 [INFO]  
========== done (0.09320926666259766 s) fit model
2024-04-11 15:25:53,650 [INFO]  
========== start: fit model
2024-04-11 15:25:53,650 [WARNING]  Already bound, ignoring bind()
2024-04-11 15:25:53,661 [INFO]  Epoch[0] Batch [0-10]	Speed: 20498.14 samples/sec	cross-entropy=10.152850	a1-accuracy=3.363636
2024-04-11 15:25:53,666 [INFO]  Epoch[0] Train-cross-entropy=1.370412
2024-04-11 15:25:53,666 [INFO]  Epoch[0] Train-a1-accuracy=3.000000
2024-04-11 15:25:53,666 [INFO]  Epoch[0] Time cost=0.015
2024-04-11 15:25:53,668 [INFO]  Saved checkpoint to "./imputer_model/30_monk/imputer_model_a1/model-0000.params"
2024-04-11 15:25:53,669 [INFO]  Epoch[0] Validation-cross-entropy=2.743762
2024-04-11 15:25:53,669 [INFO]  Epoch[0] Validation-a1-accuracy=0.000000
2024-04-11 15:25:53,677 [INFO]  Epoch[1] Batch [0-10]	Speed: 22334.63 samples/sec	cross-entropy=0.933992	a1-accuracy=3.363636
2024-04-11 15:25:53,684 [INFO]  Epoch[1] Train-cross-entropy=0.142179
2024-04-11 15:25:53,684 [INFO]  Epoch[1] Train-a1-accuracy=3.000000
2024-04-11 15:25:53,684 [INFO]  Epoch[1] Time cost=0.015
2024-04-11 15:25:53,686 [INFO]  Saved checkpoint to "./imputer_model/30_monk/imputer_model_a1/model-0001.params"
2024-04-11 15:25:53,687 [INFO]  Epoch[1] Validation-cross-entropy=0.347230
2024-04-11 15:25:53,687 [INFO]  Epoch[1] Validation-a1-accuracy=0.000000
2024-04-11 15:25:53,696 [INFO]  Epoch[2] Batch [0-10]	Speed: 21980.57 samples/sec	cross-entropy=0.106718	a1-accuracy=3.363636
2024-04-11 15:25:53,701 [INFO]  Epoch[2] Train-cross-entropy=0.027351
2024-04-11 15:25:53,701 [INFO]  Epoch[2] Train-a1-accuracy=3.000000
2024-04-11 15:25:53,701 [INFO]  Epoch[2] Time cost=0.014
2024-04-11 15:25:53,704 [INFO]  Saved checkpoint to "./imputer_model/30_monk/imputer_model_a1/model-0002.params"
2024-04-11 15:25:53,705 [INFO]  Epoch[2] Validation-cross-entropy=0.041486
2024-04-11 15:25:53,705 [INFO]  Epoch[2] Validation-a1-accuracy=0.000000
2024-04-11 15:25:53,712 [INFO]  Epoch[3] Batch [0-10]	Speed: 27418.23 samples/sec	cross-entropy=0.020643	a1-accuracy=3.363636
2024-04-11 15:25:53,718 [INFO]  Epoch[3] Train-cross-entropy=0.012220
2024-04-11 15:25:53,718 [INFO]  Epoch[3] Train-a1-accuracy=3.000000
2024-04-11 15:25:53,718 [INFO]  Epoch[3] Time cost=0.013
2024-04-11 15:25:53,720 [INFO]  Saved checkpoint to "./imputer_model/30_monk/imputer_model_a1/model-0003.params"
2024-04-11 15:25:53,720 [INFO]  Epoch[3] Validation-cross-entropy=0.006656
2024-04-11 15:25:53,720 [INFO]  Epoch[3] Validation-a1-accuracy=0.000000
2024-04-11 15:25:53,728 [INFO]  Epoch[4] Batch [0-10]	Speed: 23480.24 samples/sec	cross-entropy=0.006561	a1-accuracy=3.363636
2024-04-11 15:25:53,733 [INFO]  Epoch[4] Train-cross-entropy=0.004329
2024-04-11 15:25:53,733 [INFO]  Epoch[4] Train-a1-accuracy=3.000000
2024-04-11 15:25:53,733 [INFO]  Epoch[4] Time cost=0.013
2024-04-11 15:25:53,735 [INFO]  Saved checkpoint to "./imputer_model/30_monk/imputer_model_a1/model-0004.params"
2024-04-11 15:25:53,736 [INFO]  Epoch[4] Validation-cross-entropy=0.001751
2024-04-11 15:25:53,736 [INFO]  Epoch[4] Validation-a1-accuracy=0.000000
2024-04-11 15:25:53,736 [INFO]  
========== done (0.08551168441772461 s) fit model
2024-04-11 15:25:54,780 [INFO]  
========== start: fit model
2024-04-11 15:25:54,780 [WARNING]  Already bound, ignoring bind()
2024-04-11 15:25:54,790 [INFO]  Epoch[0] Batch [0-10]	Speed: 20716.45 samples/sec	cross-entropy=3.976383	a1-accuracy=0.000000
2024-04-11 15:25:54,796 [INFO]  Epoch[0] Train-cross-entropy=1.492093
2024-04-11 15:25:54,796 [INFO]  Epoch[0] Train-a1-accuracy=0.000000
2024-04-11 15:25:54,796 [INFO]  Epoch[0] Time cost=0.015
2024-04-11 15:25:54,798 [INFO]  Saved checkpoint to "./imputer_model/30_monk/imputer_model_a1/model-0000.params"
2024-04-11 15:25:54,799 [INFO]  Epoch[0] Validation-cross-entropy=1.353806
2024-04-11 15:25:54,799 [INFO]  Epoch[0] Validation-a1-accuracy=0.000000
2024-04-11 15:25:54,817 [INFO]  Epoch[1] Batch [0-10]	Speed: 9299.49 samples/sec	cross-entropy=0.206706	a1-accuracy=0.000000
2024-04-11 15:25:54,822 [INFO]  Epoch[1] Train-cross-entropy=0.251884
2024-04-11 15:25:54,822 [INFO]  Epoch[1] Train-a1-accuracy=0.000000
2024-04-11 15:25:54,822 [INFO]  Epoch[1] Time cost=0.023
2024-04-11 15:25:54,823 [INFO]  Saved checkpoint to "./imputer_model/30_monk/imputer_model_a1/model-0001.params"
2024-04-11 15:25:54,824 [INFO]  Epoch[1] Validation-cross-entropy=0.059540
2024-04-11 15:25:54,824 [INFO]  Epoch[1] Validation-a1-accuracy=0.000000
2024-04-11 15:25:54,833 [INFO]  Epoch[2] Batch [0-10]	Speed: 20172.80 samples/sec	cross-entropy=0.056353	a1-accuracy=0.000000
2024-04-11 15:25:54,838 [INFO]  Epoch[2] Train-cross-entropy=0.024341
2024-04-11 15:25:54,838 [INFO]  Epoch[2] Train-a1-accuracy=0.000000
2024-04-11 15:25:54,838 [INFO]  Epoch[2] Time cost=0.014
2024-04-11 15:25:54,839 [INFO]  Saved checkpoint to "./imputer_model/30_monk/imputer_model_a1/model-0002.params"
2024-04-11 15:25:54,840 [INFO]  Epoch[2] Validation-cross-entropy=0.020498
2024-04-11 15:25:54,840 [INFO]  Epoch[2] Validation-a1-accuracy=0.000000
2024-04-11 15:25:54,847 [INFO]  Epoch[3] Batch [0-10]	Speed: 26372.01 samples/sec	cross-entropy=0.011992	a1-accuracy=0.000000
2024-04-11 15:25:54,852 [INFO]  Epoch[3] Train-cross-entropy=0.004679
2024-04-11 15:25:54,852 [INFO]  Epoch[3] Train-a1-accuracy=0.000000
2024-04-11 15:25:54,852 [INFO]  Epoch[3] Time cost=0.012
2024-04-11 15:25:54,854 [INFO]  Saved checkpoint to "./imputer_model/30_monk/imputer_model_a1/model-0003.params"
2024-04-11 15:25:54,854 [INFO]  Epoch[3] Validation-cross-entropy=0.006313
2024-04-11 15:25:54,855 [INFO]  Epoch[3] Validation-a1-accuracy=0.000000
2024-04-11 15:25:54,862 [INFO]  Epoch[4] Batch [0-10]	Speed: 26212.35 samples/sec	cross-entropy=0.002586	a1-accuracy=0.000000
2024-04-11 15:25:54,867 [INFO]  Epoch[4] Train-cross-entropy=0.001749
2024-04-11 15:25:54,867 [INFO]  Epoch[4] Train-a1-accuracy=0.000000
2024-04-11 15:25:54,867 [INFO]  Epoch[4] Time cost=0.012
2024-04-11 15:25:54,869 [INFO]  Saved checkpoint to "./imputer_model/30_monk/imputer_model_a1/model-0004.params"
2024-04-11 15:25:54,869 [INFO]  Epoch[4] Validation-cross-entropy=0.000775
2024-04-11 15:25:54,869 [INFO]  Epoch[4] Validation-a1-accuracy=0.000000
2024-04-11 15:25:54,870 [INFO]  
========== done (0.08986806869506836 s) fit model
2024-04-11 15:25:55,922 [INFO]  
========== start: fit model
2024-04-11 15:25:55,922 [WARNING]  Already bound, ignoring bind()
2024-04-11 15:25:55,939 [INFO]  Epoch[0] Batch [0-10]	Speed: 11284.11 samples/sec	cross-entropy=8.579386	a1-accuracy=2.363636
2024-04-11 15:25:55,947 [INFO]  Epoch[0] Train-cross-entropy=2.696492
2024-04-11 15:25:55,947 [INFO]  Epoch[0] Train-a1-accuracy=4.000000
2024-04-11 15:25:55,947 [INFO]  Epoch[0] Time cost=0.024
2024-04-11 15:25:55,949 [INFO]  Saved checkpoint to "./imputer_model/30_monk/imputer_model_a1/model-0000.params"
2024-04-11 15:25:55,950 [INFO]  Epoch[0] Validation-cross-entropy=4.656528
2024-04-11 15:25:55,950 [INFO]  Epoch[0] Validation-a1-accuracy=0.000000
2024-04-11 15:25:55,960 [INFO]  Epoch[1] Batch [0-10]	Speed: 18528.64 samples/sec	cross-entropy=0.903905	a1-accuracy=2.363636
2024-04-11 15:25:55,966 [INFO]  Epoch[1] Train-cross-entropy=0.414252
2024-04-11 15:25:55,966 [INFO]  Epoch[1] Train-a1-accuracy=4.000000
2024-04-11 15:25:55,966 [INFO]  Epoch[1] Time cost=0.016
2024-04-11 15:25:55,968 [INFO]  Saved checkpoint to "./imputer_model/30_monk/imputer_model_a1/model-0001.params"
2024-04-11 15:25:55,969 [INFO]  Epoch[1] Validation-cross-entropy=0.857446
2024-04-11 15:25:55,969 [INFO]  Epoch[1] Validation-a1-accuracy=0.000000
2024-04-11 15:25:55,978 [INFO]  Epoch[2] Batch [0-10]	Speed: 18339.76 samples/sec	cross-entropy=0.154594	a1-accuracy=2.363636
2024-04-11 15:25:55,984 [INFO]  Epoch[2] Train-cross-entropy=0.090039
2024-04-11 15:25:55,984 [INFO]  Epoch[2] Train-a1-accuracy=4.000000
2024-04-11 15:25:55,984 [INFO]  Epoch[2] Time cost=0.015
2024-04-11 15:25:55,986 [INFO]  Saved checkpoint to "./imputer_model/30_monk/imputer_model_a1/model-0002.params"
2024-04-11 15:25:55,987 [INFO]  Epoch[2] Validation-cross-entropy=0.118957
2024-04-11 15:25:55,987 [INFO]  Epoch[2] Validation-a1-accuracy=0.000000
2024-04-11 15:25:55,995 [INFO]  Epoch[3] Batch [0-10]	Speed: 22875.94 samples/sec	cross-entropy=0.024328	a1-accuracy=2.363636
2024-04-11 15:25:56,002 [INFO]  Epoch[3] Train-cross-entropy=0.016240
2024-04-11 15:25:56,002 [INFO]  Epoch[3] Train-a1-accuracy=4.000000
2024-04-11 15:25:56,002 [INFO]  Epoch[3] Time cost=0.015
2024-04-11 15:25:56,004 [INFO]  Saved checkpoint to "./imputer_model/30_monk/imputer_model_a1/model-0003.params"
2024-04-11 15:25:56,005 [INFO]  Epoch[3] Validation-cross-entropy=0.003911
2024-04-11 15:25:56,005 [INFO]  Epoch[3] Validation-a1-accuracy=0.000000
2024-04-11 15:25:56,070 [INFO]  Epoch[4] Batch [0-10]	Speed: 12984.71 samples/sec	cross-entropy=0.006055	a1-accuracy=2.363636
2024-04-11 15:25:56,078 [INFO]  Epoch[4] Train-cross-entropy=0.004339
2024-04-11 15:25:56,078 [INFO]  Epoch[4] Train-a1-accuracy=4.000000
2024-04-11 15:25:56,079 [INFO]  Epoch[4] Time cost=0.074
2024-04-11 15:25:56,081 [INFO]  Saved checkpoint to "./imputer_model/30_monk/imputer_model_a1/model-0004.params"
2024-04-11 15:25:56,082 [INFO]  Epoch[4] Validation-cross-entropy=0.002812
2024-04-11 15:25:56,082 [INFO]  Epoch[4] Validation-a1-accuracy=0.000000
2024-04-11 15:25:56,082 [INFO]  
========== done (0.15978360176086426 s) fit model
2024-04-11 15:25:57,183 [INFO]  
========== start: fit model
2024-04-11 15:25:57,184 [WARNING]  Already bound, ignoring bind()
2024-04-11 15:25:57,197 [INFO]  Epoch[0] Batch [0-10]	Speed: 20616.53 samples/sec	cross-entropy=1.177262	a1-accuracy=3.363636
2024-04-11 15:25:57,203 [INFO]  Epoch[0] Train-cross-entropy=0.210852
2024-04-11 15:25:57,203 [INFO]  Epoch[0] Train-a1-accuracy=3.875000
2024-04-11 15:25:57,203 [INFO]  Epoch[0] Time cost=0.018
2024-04-11 15:25:57,204 [INFO]  Saved checkpoint to "./imputer_model/30_monk/imputer_model_a1/model-0000.params"
2024-04-11 15:25:57,205 [INFO]  Epoch[0] Validation-cross-entropy=0.087583
2024-04-11 15:25:57,205 [INFO]  Epoch[0] Validation-a1-accuracy=0.000000
2024-04-11 15:25:57,214 [INFO]  Epoch[1] Batch [0-10]	Speed: 21448.07 samples/sec	cross-entropy=0.098295	a1-accuracy=3.363636
2024-04-11 15:25:57,219 [INFO]  Epoch[1] Train-cross-entropy=0.031933
2024-04-11 15:25:57,220 [INFO]  Epoch[1] Train-a1-accuracy=3.875000
2024-04-11 15:25:57,220 [INFO]  Epoch[1] Time cost=0.014
2024-04-11 15:25:57,221 [INFO]  Saved checkpoint to "./imputer_model/30_monk/imputer_model_a1/model-0001.params"
2024-04-11 15:25:57,222 [INFO]  Epoch[1] Validation-cross-entropy=0.091204
2024-04-11 15:25:57,222 [INFO]  Epoch[1] Validation-a1-accuracy=0.000000
2024-04-11 15:25:57,230 [INFO]  Epoch[2] Batch [0-10]	Speed: 22221.48 samples/sec	cross-entropy=0.019035	a1-accuracy=3.363636
2024-04-11 15:25:57,236 [INFO]  Epoch[2] Train-cross-entropy=0.005951
2024-04-11 15:25:57,236 [INFO]  Epoch[2] Train-a1-accuracy=3.875000
2024-04-11 15:25:57,236 [INFO]  Epoch[2] Time cost=0.014
2024-04-11 15:25:57,238 [INFO]  Saved checkpoint to "./imputer_model/30_monk/imputer_model_a1/model-0002.params"
2024-04-11 15:25:57,239 [INFO]  Epoch[2] Validation-cross-entropy=0.006258
2024-04-11 15:25:57,239 [INFO]  Epoch[2] Validation-a1-accuracy=0.000000
2024-04-11 15:25:57,247 [INFO]  Epoch[3] Batch [0-10]	Speed: 21813.38 samples/sec	cross-entropy=0.002859	a1-accuracy=3.363636
2024-04-11 15:25:57,253 [INFO]  Epoch[3] Train-cross-entropy=0.001345
2024-04-11 15:25:57,254 [INFO]  Epoch[3] Train-a1-accuracy=3.875000
2024-04-11 15:25:57,254 [INFO]  Epoch[3] Time cost=0.014
2024-04-11 15:25:57,255 [INFO]  Saved checkpoint to "./imputer_model/30_monk/imputer_model_a1/model-0003.params"
2024-04-11 15:25:57,256 [INFO]  Epoch[3] Validation-cross-entropy=0.000027
2024-04-11 15:25:57,256 [INFO]  Epoch[3] Validation-a1-accuracy=0.000000
2024-04-11 15:25:57,265 [INFO]  Epoch[4] Batch [0-10]	Speed: 21526.50 samples/sec	cross-entropy=0.000243	a1-accuracy=3.363636
2024-04-11 15:25:57,271 [INFO]  Epoch[4] Train-cross-entropy=0.000143
2024-04-11 15:25:57,271 [INFO]  Epoch[4] Train-a1-accuracy=3.875000
2024-04-11 15:25:57,271 [INFO]  Epoch[4] Time cost=0.015
2024-04-11 15:25:57,273 [INFO]  Saved checkpoint to "./imputer_model/30_monk/imputer_model_a1/model-0004.params"
2024-04-11 15:25:57,274 [INFO]  Epoch[4] Validation-cross-entropy=0.000048
2024-04-11 15:25:57,274 [INFO]  Epoch[4] Validation-a1-accuracy=0.000000
2024-04-11 15:25:57,274 [INFO]  
========== done (0.0904541015625 s) fit model
2024-04-11 15:25:58,325 [INFO]  
========== start: fit model
2024-04-11 15:25:58,325 [WARNING]  Already bound, ignoring bind()
2024-04-11 15:25:58,339 [INFO]  Epoch[0] Batch [0-10]	Speed: 13872.63 samples/sec	cross-entropy=10.018917	a1-accuracy=0.000000
2024-04-11 15:25:58,346 [INFO]  Epoch[0] Train-cross-entropy=0.354265
2024-04-11 15:25:58,347 [INFO]  Epoch[0] Train-a1-accuracy=0.000000
2024-04-11 15:25:58,347 [INFO]  Epoch[0] Time cost=0.020
2024-04-11 15:25:58,348 [INFO]  Saved checkpoint to "./imputer_model/30_monk/imputer_model_a1/model-0000.params"
2024-04-11 15:25:58,349 [INFO]  Epoch[0] Validation-cross-entropy=0.917625
2024-04-11 15:25:58,350 [INFO]  Epoch[0] Validation-a1-accuracy=0.000000
2024-04-11 15:25:58,358 [INFO]  Epoch[1] Batch [0-10]	Speed: 21736.37 samples/sec	cross-entropy=0.910831	a1-accuracy=0.000000
2024-04-11 15:25:58,364 [INFO]  Epoch[1] Train-cross-entropy=0.135252
2024-04-11 15:25:58,364 [INFO]  Epoch[1] Train-a1-accuracy=0.000000
2024-04-11 15:25:58,364 [INFO]  Epoch[1] Time cost=0.014
2024-04-11 15:25:58,365 [INFO]  Saved checkpoint to "./imputer_model/30_monk/imputer_model_a1/model-0001.params"
2024-04-11 15:25:58,366 [INFO]  Epoch[1] Validation-cross-entropy=0.028971
2024-04-11 15:25:58,366 [INFO]  Epoch[1] Validation-a1-accuracy=0.000000
2024-04-11 15:25:58,375 [INFO]  Epoch[2] Batch [0-10]	Speed: 21204.10 samples/sec	cross-entropy=0.080431	a1-accuracy=0.000000
2024-04-11 15:25:58,381 [INFO]  Epoch[2] Train-cross-entropy=0.042953
2024-04-11 15:25:58,381 [INFO]  Epoch[2] Train-a1-accuracy=0.000000
2024-04-11 15:25:58,381 [INFO]  Epoch[2] Time cost=0.014
2024-04-11 15:25:58,382 [INFO]  Saved checkpoint to "./imputer_model/30_monk/imputer_model_a1/model-0002.params"
2024-04-11 15:25:58,383 [INFO]  Epoch[2] Validation-cross-entropy=0.007055
2024-04-11 15:25:58,383 [INFO]  Epoch[2] Validation-a1-accuracy=0.000000
2024-04-11 15:25:58,392 [INFO]  Epoch[3] Batch [0-10]	Speed: 22108.74 samples/sec	cross-entropy=0.011400	a1-accuracy=0.000000
2024-04-11 15:25:58,398 [INFO]  Epoch[3] Train-cross-entropy=0.009259
2024-04-11 15:25:58,398 [INFO]  Epoch[3] Train-a1-accuracy=0.000000
2024-04-11 15:25:58,398 [INFO]  Epoch[3] Time cost=0.014
2024-04-11 15:25:58,399 [INFO]  Saved checkpoint to "./imputer_model/30_monk/imputer_model_a1/model-0003.params"
2024-04-11 15:25:58,400 [INFO]  Epoch[3] Validation-cross-entropy=0.002672
2024-04-11 15:25:58,400 [INFO]  Epoch[3] Validation-a1-accuracy=0.000000
2024-04-11 15:25:58,409 [INFO]  Epoch[4] Batch [0-10]	Speed: 21889.51 samples/sec	cross-entropy=0.004032	a1-accuracy=0.000000
2024-04-11 15:25:58,414 [INFO]  Epoch[4] Train-cross-entropy=0.003448
2024-04-11 15:25:58,414 [INFO]  Epoch[4] Train-a1-accuracy=0.000000
2024-04-11 15:25:58,414 [INFO]  Epoch[4] Time cost=0.014
2024-04-11 15:25:58,416 [INFO]  Saved checkpoint to "./imputer_model/30_monk/imputer_model_a1/model-0004.params"
2024-04-11 15:25:58,417 [INFO]  Epoch[4] Validation-cross-entropy=0.001901
2024-04-11 15:25:58,417 [INFO]  Epoch[4] Validation-a1-accuracy=0.000000
2024-04-11 15:25:58,417 [INFO]  
========== done (0.09176468849182129 s) fit model
2024-04-11 15:25:59,732 [INFO]  
========== start: fit model
2024-04-11 15:25:59,732 [WARNING]  Already bound, ignoring bind()
2024-04-11 15:25:59,742 [INFO]  Epoch[0] Batch [0-10]	Speed: 19910.66 samples/sec	cross-entropy=5.197155	a1-accuracy=0.000000
2024-04-11 15:25:59,750 [INFO]  Epoch[0] Train-cross-entropy=1.848316
2024-04-11 15:25:59,750 [INFO]  Epoch[0] Train-a1-accuracy=0.000000
2024-04-11 15:25:59,751 [INFO]  Epoch[0] Time cost=0.018
2024-04-11 15:25:59,752 [INFO]  Saved checkpoint to "./imputer_model/30_monk/imputer_model_a1/model-0000.params"
2024-04-11 15:25:59,755 [INFO]  Epoch[0] Validation-cross-entropy=0.797633
2024-04-11 15:25:59,755 [INFO]  Epoch[0] Validation-a1-accuracy=0.000000
2024-04-11 15:25:59,764 [INFO]  Epoch[1] Batch [0-10]	Speed: 20533.89 samples/sec	cross-entropy=0.276865	a1-accuracy=0.000000
2024-04-11 15:25:59,770 [INFO]  Epoch[1] Train-cross-entropy=0.191332
2024-04-11 15:25:59,770 [INFO]  Epoch[1] Train-a1-accuracy=0.000000
2024-04-11 15:25:59,770 [INFO]  Epoch[1] Time cost=0.015
2024-04-11 15:25:59,772 [INFO]  Saved checkpoint to "./imputer_model/30_monk/imputer_model_a1/model-0001.params"
2024-04-11 15:25:59,773 [INFO]  Epoch[1] Validation-cross-entropy=0.026828
2024-04-11 15:25:59,773 [INFO]  Epoch[1] Validation-a1-accuracy=0.000000
2024-04-11 15:25:59,781 [INFO]  Epoch[2] Batch [0-10]	Speed: 21169.99 samples/sec	cross-entropy=0.075019	a1-accuracy=0.000000
2024-04-11 15:25:59,787 [INFO]  Epoch[2] Train-cross-entropy=0.020502
2024-04-11 15:25:59,787 [INFO]  Epoch[2] Train-a1-accuracy=0.000000
2024-04-11 15:25:59,787 [INFO]  Epoch[2] Time cost=0.015
2024-04-11 15:25:59,789 [INFO]  Saved checkpoint to "./imputer_model/30_monk/imputer_model_a1/model-0002.params"
2024-04-11 15:25:59,790 [INFO]  Epoch[2] Validation-cross-entropy=0.044999
2024-04-11 15:25:59,790 [INFO]  Epoch[2] Validation-a1-accuracy=0.000000
2024-04-11 15:25:59,800 [INFO]  Epoch[3] Batch [0-10]	Speed: 18833.35 samples/sec	cross-entropy=0.015083	a1-accuracy=0.000000
2024-04-11 15:25:59,806 [INFO]  Epoch[3] Train-cross-entropy=0.006911
2024-04-11 15:25:59,806 [INFO]  Epoch[3] Train-a1-accuracy=0.000000
2024-04-11 15:25:59,807 [INFO]  Epoch[3] Time cost=0.016
2024-04-11 15:25:59,808 [INFO]  Saved checkpoint to "./imputer_model/30_monk/imputer_model_a1/model-0003.params"
2024-04-11 15:25:59,809 [INFO]  Epoch[3] Validation-cross-entropy=0.001689
2024-04-11 15:25:59,810 [INFO]  Epoch[3] Validation-a1-accuracy=0.000000
2024-04-11 15:25:59,819 [INFO]  Epoch[4] Batch [0-10]	Speed: 19025.02 samples/sec	cross-entropy=0.002966	a1-accuracy=0.000000
2024-04-11 15:25:59,826 [INFO]  Epoch[4] Train-cross-entropy=0.001707
2024-04-11 15:25:59,826 [INFO]  Epoch[4] Train-a1-accuracy=0.000000
2024-04-11 15:25:59,826 [INFO]  Epoch[4] Time cost=0.017
2024-04-11 15:25:59,828 [INFO]  Saved checkpoint to "./imputer_model/30_monk/imputer_model_a1/model-0004.params"
2024-04-11 15:25:59,829 [INFO]  Epoch[4] Validation-cross-entropy=0.001179
2024-04-11 15:25:59,830 [INFO]  Epoch[4] Validation-a1-accuracy=0.000000
2024-04-11 15:25:59,830 [INFO]  
========== done (0.09795284271240234 s) fit model
2024-04-11 15:26:02,644 [INFO]  
========== start: fit model
2024-04-11 15:26:02,644 [WARNING]  Already bound, ignoring bind()
2024-04-11 15:26:02,704 [INFO]  Epoch[0] Batch [0-10]	Speed: 13582.87 samples/sec	cross-entropy=1.928931	a1-accuracy=0.000000
2024-04-11 15:26:02,767 [INFO]  Epoch[0] Train-cross-entropy=0.367732
2024-04-11 15:26:02,767 [INFO]  Epoch[0] Train-a1-accuracy=0.000000
2024-04-11 15:26:02,767 [INFO]  Epoch[0] Time cost=0.122
2024-04-11 15:26:02,769 [INFO]  Saved checkpoint to "./imputer_model/30_monk/imputer_model_a1/model-0000.params"
2024-04-11 15:26:02,770 [INFO]  Epoch[0] Validation-cross-entropy=0.051295
2024-04-11 15:26:02,770 [INFO]  Epoch[0] Validation-a1-accuracy=0.000000
2024-04-11 15:26:02,815 [INFO]  Epoch[1] Batch [0-10]	Speed: 3715.33 samples/sec	cross-entropy=0.148685	a1-accuracy=0.000000
2024-04-11 15:26:02,821 [INFO]  Epoch[1] Train-cross-entropy=0.037171
2024-04-11 15:26:02,821 [INFO]  Epoch[1] Train-a1-accuracy=0.000000
2024-04-11 15:26:02,821 [INFO]  Epoch[1] Time cost=0.051
2024-04-11 15:26:02,823 [INFO]  Saved checkpoint to "./imputer_model/30_monk/imputer_model_a1/model-0001.params"
2024-04-11 15:26:02,824 [INFO]  Epoch[1] Validation-cross-entropy=0.144604
2024-04-11 15:26:02,824 [INFO]  Epoch[1] Validation-a1-accuracy=0.000000
2024-04-11 15:26:02,845 [INFO]  Epoch[2] Batch [0-10]	Speed: 7939.53 samples/sec	cross-entropy=0.039495	a1-accuracy=0.000000
2024-04-11 15:26:02,850 [INFO]  Epoch[2] Train-cross-entropy=0.009952
2024-04-11 15:26:02,850 [INFO]  Epoch[2] Train-a1-accuracy=0.000000
2024-04-11 15:26:02,850 [INFO]  Epoch[2] Time cost=0.027
2024-04-11 15:26:02,853 [INFO]  Saved checkpoint to "./imputer_model/30_monk/imputer_model_a1/model-0002.params"
2024-04-11 15:26:02,854 [INFO]  Epoch[2] Validation-cross-entropy=0.000974
2024-04-11 15:26:02,854 [INFO]  Epoch[2] Validation-a1-accuracy=0.000000
2024-04-11 15:26:02,864 [INFO]  Epoch[3] Batch [0-10]	Speed: 17468.53 samples/sec	cross-entropy=0.003017	a1-accuracy=0.000000
2024-04-11 15:26:02,871 [INFO]  Epoch[3] Train-cross-entropy=0.001600
2024-04-11 15:26:02,871 [INFO]  Epoch[3] Train-a1-accuracy=0.000000
2024-04-11 15:26:02,871 [INFO]  Epoch[3] Time cost=0.017
2024-04-11 15:26:02,873 [INFO]  Saved checkpoint to "./imputer_model/30_monk/imputer_model_a1/model-0003.params"
2024-04-11 15:26:02,875 [INFO]  Epoch[3] Validation-cross-entropy=0.003700
2024-04-11 15:26:02,875 [INFO]  Epoch[3] Validation-a1-accuracy=0.000000
2024-04-11 15:26:02,891 [INFO]  Epoch[4] Batch [0-10]	Speed: 10841.67 samples/sec	cross-entropy=0.001298	a1-accuracy=0.000000
2024-04-11 15:26:02,898 [INFO]  Epoch[4] Train-cross-entropy=0.000495
2024-04-11 15:26:02,898 [INFO]  Epoch[4] Train-a1-accuracy=0.000000
2024-04-11 15:26:02,898 [INFO]  Epoch[4] Time cost=0.023
2024-04-11 15:26:02,900 [INFO]  Saved checkpoint to "./imputer_model/30_monk/imputer_model_a1/model-0004.params"
2024-04-11 15:26:02,901 [INFO]  Epoch[4] Validation-cross-entropy=0.000784
2024-04-11 15:26:02,901 [INFO]  Epoch[4] Validation-a1-accuracy=0.000000
2024-04-11 15:26:02,901 [INFO]  
========== done (0.25684452056884766 s) fit model
2024-04-11 15:26:06,216 [INFO]  
========== start: fit model
2024-04-11 15:26:06,216 [WARNING]  Already bound, ignoring bind()
2024-04-11 15:26:06,271 [INFO]  Epoch[0] Batch [0-10]	Speed: 4227.62 samples/sec	cross-entropy=3.010098	a1-accuracy=0.000000
2024-04-11 15:26:06,309 [INFO]  Epoch[0] Train-cross-entropy=1.082401
2024-04-11 15:26:06,309 [INFO]  Epoch[0] Train-a1-accuracy=0.000000
2024-04-11 15:26:06,309 [INFO]  Epoch[0] Time cost=0.092
2024-04-11 15:26:06,311 [INFO]  Saved checkpoint to "./imputer_model/30_monk/imputer_model_a1/model-0000.params"
2024-04-11 15:26:06,312 [INFO]  Epoch[0] Validation-cross-entropy=0.392278
2024-04-11 15:26:06,312 [INFO]  Epoch[0] Validation-a1-accuracy=0.000000
2024-04-11 15:26:06,352 [INFO]  Epoch[1] Batch [0-10]	Speed: 4096.95 samples/sec	cross-entropy=0.130448	a1-accuracy=0.000000
2024-04-11 15:26:06,358 [INFO]  Epoch[1] Train-cross-entropy=0.231376
2024-04-11 15:26:06,358 [INFO]  Epoch[1] Train-a1-accuracy=0.000000
2024-04-11 15:26:06,358 [INFO]  Epoch[1] Time cost=0.046
2024-04-11 15:26:06,360 [INFO]  Saved checkpoint to "./imputer_model/30_monk/imputer_model_a1/model-0001.params"
2024-04-11 15:26:06,365 [INFO]  Epoch[1] Validation-cross-entropy=0.015640
2024-04-11 15:26:06,365 [INFO]  Epoch[1] Validation-a1-accuracy=0.000000
2024-04-11 15:26:06,380 [INFO]  Epoch[2] Batch [0-10]	Speed: 12113.08 samples/sec	cross-entropy=0.052411	a1-accuracy=0.000000
2024-04-11 15:26:06,393 [INFO]  Epoch[2] Train-cross-entropy=0.032009
2024-04-11 15:26:06,393 [INFO]  Epoch[2] Train-a1-accuracy=0.000000
2024-04-11 15:26:06,393 [INFO]  Epoch[2] Time cost=0.027
2024-04-11 15:26:06,394 [INFO]  Saved checkpoint to "./imputer_model/30_monk/imputer_model_a1/model-0002.params"
2024-04-11 15:26:06,437 [INFO]  Epoch[2] Validation-cross-entropy=0.011647
2024-04-11 15:26:06,437 [INFO]  Epoch[2] Validation-a1-accuracy=0.000000
2024-04-11 15:26:06,445 [INFO]  Epoch[3] Batch [0-10]	Speed: 24994.92 samples/sec	cross-entropy=0.015946	a1-accuracy=0.000000
2024-04-11 15:26:06,481 [INFO]  Epoch[3] Train-cross-entropy=0.002230
2024-04-11 15:26:06,482 [INFO]  Epoch[3] Train-a1-accuracy=0.000000
2024-04-11 15:26:06,482 [INFO]  Epoch[3] Time cost=0.044
2024-04-11 15:26:06,483 [INFO]  Saved checkpoint to "./imputer_model/30_monk/imputer_model_a1/model-0003.params"
2024-04-11 15:26:06,484 [INFO]  Epoch[3] Validation-cross-entropy=0.003494
2024-04-11 15:26:06,484 [INFO]  Epoch[3] Validation-a1-accuracy=0.000000
2024-04-11 15:26:06,521 [INFO]  Epoch[4] Batch [0-10]	Speed: 4528.23 samples/sec	cross-entropy=0.001202	a1-accuracy=0.000000
2024-04-11 15:26:06,528 [INFO]  Epoch[4] Train-cross-entropy=0.000995
2024-04-11 15:26:06,528 [INFO]  Epoch[4] Train-a1-accuracy=0.000000
2024-04-11 15:26:06,528 [INFO]  Epoch[4] Time cost=0.044
2024-04-11 15:26:06,530 [INFO]  Saved checkpoint to "./imputer_model/30_monk/imputer_model_a1/model-0004.params"
2024-04-11 15:26:06,531 [INFO]  Epoch[4] Validation-cross-entropy=0.000135
2024-04-11 15:26:06,531 [INFO]  Epoch[4] Validation-a1-accuracy=0.000000
2024-04-11 15:26:06,531 [INFO]  
========== done (0.3154287338256836 s) fit model
2024-04-11 15:26:09,174 [INFO]  
========== start: fit model
2024-04-11 15:26:09,175 [WARNING]  Already bound, ignoring bind()
2024-04-11 15:26:09,186 [INFO]  Epoch[0] Batch [0-10]	Speed: 19868.80 samples/sec	cross-entropy=5.529743	a1-accuracy=3.090909
2024-04-11 15:26:09,296 [INFO]  Epoch[0] Train-cross-entropy=0.970888
2024-04-11 15:26:09,296 [INFO]  Epoch[0] Train-a1-accuracy=2.250000
2024-04-11 15:26:09,296 [INFO]  Epoch[0] Time cost=0.121
2024-04-11 15:26:09,298 [INFO]  Saved checkpoint to "./imputer_model/30_monk/imputer_model_a1/model-0000.params"
2024-04-11 15:26:09,299 [INFO]  Epoch[0] Validation-cross-entropy=1.094255
2024-04-11 15:26:09,299 [INFO]  Epoch[0] Validation-a1-accuracy=0.000000
2024-04-11 15:26:09,307 [INFO]  Epoch[1] Batch [0-10]	Speed: 21761.74 samples/sec	cross-entropy=0.606980	a1-accuracy=3.090909
2024-04-11 15:26:09,314 [INFO]  Epoch[1] Train-cross-entropy=0.147420
2024-04-11 15:26:09,314 [INFO]  Epoch[1] Train-a1-accuracy=2.250000
2024-04-11 15:26:09,314 [INFO]  Epoch[1] Time cost=0.016
2024-04-11 15:26:09,316 [INFO]  Saved checkpoint to "./imputer_model/30_monk/imputer_model_a1/model-0001.params"
2024-04-11 15:26:09,317 [INFO]  Epoch[1] Validation-cross-entropy=0.168642
2024-04-11 15:26:09,317 [INFO]  Epoch[1] Validation-a1-accuracy=0.000000
2024-04-11 15:26:09,337 [INFO]  Epoch[2] Batch [0-10]	Speed: 8624.82 samples/sec	cross-entropy=0.102107	a1-accuracy=3.090909
2024-04-11 15:26:09,344 [INFO]  Epoch[2] Train-cross-entropy=0.037585
2024-04-11 15:26:09,344 [INFO]  Epoch[2] Train-a1-accuracy=2.250000
2024-04-11 15:26:09,344 [INFO]  Epoch[2] Time cost=0.027
2024-04-11 15:26:09,346 [INFO]  Saved checkpoint to "./imputer_model/30_monk/imputer_model_a1/model-0002.params"
2024-04-11 15:26:09,347 [INFO]  Epoch[2] Validation-cross-entropy=0.032485
2024-04-11 15:26:09,347 [INFO]  Epoch[2] Validation-a1-accuracy=0.000000
2024-04-11 15:26:09,358 [INFO]  Epoch[3] Batch [0-10]	Speed: 17185.37 samples/sec	cross-entropy=0.015656	a1-accuracy=3.090909
2024-04-11 15:26:09,366 [INFO]  Epoch[3] Train-cross-entropy=0.009874
2024-04-11 15:26:09,366 [INFO]  Epoch[3] Train-a1-accuracy=2.250000
2024-04-11 15:26:09,366 [INFO]  Epoch[3] Time cost=0.019
2024-04-11 15:26:09,367 [INFO]  Saved checkpoint to "./imputer_model/30_monk/imputer_model_a1/model-0003.params"
2024-04-11 15:26:09,368 [INFO]  Epoch[3] Validation-cross-entropy=0.003528
2024-04-11 15:26:09,369 [INFO]  Epoch[3] Validation-a1-accuracy=0.000000
2024-04-11 15:26:09,384 [INFO]  Epoch[4] Batch [0-10]	Speed: 15297.56 samples/sec	cross-entropy=0.003285	a1-accuracy=3.090909
2024-04-11 15:26:09,391 [INFO]  Epoch[4] Train-cross-entropy=0.002128
2024-04-11 15:26:09,392 [INFO]  Epoch[4] Train-a1-accuracy=2.250000
2024-04-11 15:26:09,392 [INFO]  Epoch[4] Time cost=0.023
2024-04-11 15:26:09,393 [INFO]  Saved checkpoint to "./imputer_model/30_monk/imputer_model_a1/model-0004.params"
2024-04-11 15:26:09,394 [INFO]  Epoch[4] Validation-cross-entropy=0.000918
2024-04-11 15:26:09,394 [INFO]  Epoch[4] Validation-a1-accuracy=0.000000
2024-04-11 15:26:09,394 [INFO]  
========== done (0.22011160850524902 s) fit model
2024-04-11 15:26:12,661 [INFO]  
========== start: fit model
2024-04-11 15:26:12,661 [WARNING]  Already bound, ignoring bind()
2024-04-11 15:26:12,672 [INFO]  Epoch[0] Batch [0-10]	Speed: 18849.22 samples/sec	cross-entropy=7.514380	a1-accuracy=0.000000
2024-04-11 15:26:12,698 [INFO]  Epoch[0] Train-cross-entropy=2.215024
2024-04-11 15:26:12,698 [INFO]  Epoch[0] Train-a1-accuracy=0.000000
2024-04-11 15:26:12,698 [INFO]  Epoch[0] Time cost=0.036
2024-04-11 15:26:12,700 [INFO]  Saved checkpoint to "./imputer_model/30_monk/imputer_model_a1/model-0000.params"
2024-04-11 15:26:12,701 [INFO]  Epoch[0] Validation-cross-entropy=1.079429
2024-04-11 15:26:12,701 [INFO]  Epoch[0] Validation-a1-accuracy=0.000000
2024-04-11 15:26:12,731 [INFO]  Epoch[1] Batch [0-10]	Speed: 5468.45 samples/sec	cross-entropy=0.397288	a1-accuracy=0.000000
2024-04-11 15:26:12,737 [INFO]  Epoch[1] Train-cross-entropy=0.372872
2024-04-11 15:26:12,737 [INFO]  Epoch[1] Train-a1-accuracy=0.000000
2024-04-11 15:26:12,738 [INFO]  Epoch[1] Time cost=0.036
2024-04-11 15:26:12,740 [INFO]  Saved checkpoint to "./imputer_model/30_monk/imputer_model_a1/model-0001.params"
2024-04-11 15:26:12,741 [INFO]  Epoch[1] Validation-cross-entropy=0.077878
2024-04-11 15:26:12,741 [INFO]  Epoch[1] Validation-a1-accuracy=0.000000
2024-04-11 15:26:12,751 [INFO]  Epoch[2] Batch [0-10]	Speed: 18556.81 samples/sec	cross-entropy=0.060522	a1-accuracy=0.000000
2024-04-11 15:26:12,757 [INFO]  Epoch[2] Train-cross-entropy=0.049267
2024-04-11 15:26:12,757 [INFO]  Epoch[2] Train-a1-accuracy=0.000000
2024-04-11 15:26:12,757 [INFO]  Epoch[2] Time cost=0.016
2024-04-11 15:26:12,759 [INFO]  Saved checkpoint to "./imputer_model/30_monk/imputer_model_a1/model-0002.params"
2024-04-11 15:26:12,760 [INFO]  Epoch[2] Validation-cross-entropy=0.008721
2024-04-11 15:26:12,760 [INFO]  Epoch[2] Validation-a1-accuracy=0.000000
2024-04-11 15:26:12,769 [INFO]  Epoch[3] Batch [0-10]	Speed: 19247.10 samples/sec	cross-entropy=0.023602	a1-accuracy=0.000000
2024-04-11 15:26:12,776 [INFO]  Epoch[3] Train-cross-entropy=0.008187
2024-04-11 15:26:12,776 [INFO]  Epoch[3] Train-a1-accuracy=0.000000
2024-04-11 15:26:12,776 [INFO]  Epoch[3] Time cost=0.016
2024-04-11 15:26:12,780 [INFO]  Saved checkpoint to "./imputer_model/30_monk/imputer_model_a1/model-0003.params"
2024-04-11 15:26:12,801 [INFO]  Epoch[3] Validation-cross-entropy=0.010694
2024-04-11 15:26:12,801 [INFO]  Epoch[3] Validation-a1-accuracy=0.000000
2024-04-11 15:26:12,857 [INFO]  Epoch[4] Batch [0-10]	Speed: 2927.22 samples/sec	cross-entropy=0.007841	a1-accuracy=0.000000
2024-04-11 15:26:12,876 [INFO]  Epoch[4] Train-cross-entropy=0.004188
2024-04-11 15:26:12,876 [INFO]  Epoch[4] Train-a1-accuracy=0.000000
2024-04-11 15:26:12,876 [INFO]  Epoch[4] Time cost=0.075
2024-04-11 15:26:12,878 [INFO]  Saved checkpoint to "./imputer_model/30_monk/imputer_model_a1/model-0004.params"
2024-04-11 15:26:12,879 [INFO]  Epoch[4] Validation-cross-entropy=0.004306
2024-04-11 15:26:12,879 [INFO]  Epoch[4] Validation-a1-accuracy=0.000000
2024-04-11 15:26:12,879 [INFO]  
========== done (0.21834897994995117 s) fit model
2024-04-11 15:26:15,899 [INFO]  
========== start: fit model
2024-04-11 15:26:15,899 [WARNING]  Already bound, ignoring bind()
2024-04-11 15:26:15,989 [INFO]  Epoch[0] Batch [0-10]	Speed: 2527.47 samples/sec	cross-entropy=7.246248	a1-accuracy=2.454545
2024-04-11 15:26:16,012 [INFO]  Epoch[0] Train-cross-entropy=1.181211
2024-04-11 15:26:16,012 [INFO]  Epoch[0] Train-a1-accuracy=3.250000
2024-04-11 15:26:16,012 [INFO]  Epoch[0] Time cost=0.112
2024-04-11 15:26:16,016 [INFO]  Saved checkpoint to "./imputer_model/30_monk/imputer_model_a1/model-0000.params"
2024-04-11 15:26:16,056 [INFO]  Epoch[0] Validation-cross-entropy=2.162288
2024-04-11 15:26:16,056 [INFO]  Epoch[0] Validation-a1-accuracy=0.000000
2024-04-11 15:26:16,067 [INFO]  Epoch[1] Batch [0-10]	Speed: 18193.59 samples/sec	cross-entropy=0.849594	a1-accuracy=2.454545
2024-04-11 15:26:16,129 [INFO]  Epoch[1] Train-cross-entropy=0.187676
2024-04-11 15:26:16,129 [INFO]  Epoch[1] Train-a1-accuracy=3.250000
2024-04-11 15:26:16,129 [INFO]  Epoch[1] Time cost=0.073
2024-04-11 15:26:16,130 [INFO]  Saved checkpoint to "./imputer_model/30_monk/imputer_model_a1/model-0001.params"
2024-04-11 15:26:16,131 [INFO]  Epoch[1] Validation-cross-entropy=0.345898
2024-04-11 15:26:16,131 [INFO]  Epoch[1] Validation-a1-accuracy=0.000000
2024-04-11 15:26:16,199 [INFO]  Epoch[2] Batch [0-10]	Speed: 2402.20 samples/sec	cross-entropy=0.147447	a1-accuracy=2.454545
2024-04-11 15:26:16,204 [INFO]  Epoch[2] Train-cross-entropy=0.041255
2024-04-11 15:26:16,204 [INFO]  Epoch[2] Train-a1-accuracy=3.250000
2024-04-11 15:26:16,204 [INFO]  Epoch[2] Time cost=0.072
2024-04-11 15:26:16,205 [INFO]  Saved checkpoint to "./imputer_model/30_monk/imputer_model_a1/model-0002.params"
2024-04-11 15:26:16,206 [INFO]  Epoch[2] Validation-cross-entropy=0.053572
2024-04-11 15:26:16,206 [INFO]  Epoch[2] Validation-a1-accuracy=0.000000
2024-04-11 15:26:16,237 [INFO]  Epoch[3] Batch [0-10]	Speed: 5289.16 samples/sec	cross-entropy=0.020359	a1-accuracy=2.454545
2024-04-11 15:26:16,255 [INFO]  Epoch[3] Train-cross-entropy=0.010085
2024-04-11 15:26:16,255 [INFO]  Epoch[3] Train-a1-accuracy=3.250000
2024-04-11 15:26:16,255 [INFO]  Epoch[3] Time cost=0.049
2024-04-11 15:26:16,259 [INFO]  Saved checkpoint to "./imputer_model/30_monk/imputer_model_a1/model-0003.params"
2024-04-11 15:26:16,281 [INFO]  Epoch[3] Validation-cross-entropy=0.006177
2024-04-11 15:26:16,282 [INFO]  Epoch[3] Validation-a1-accuracy=0.000000
2024-04-11 15:26:16,290 [INFO]  Epoch[4] Batch [0-10]	Speed: 21804.88 samples/sec	cross-entropy=0.003034	a1-accuracy=2.454545
2024-04-11 15:26:16,296 [INFO]  Epoch[4] Train-cross-entropy=0.002187
2024-04-11 15:26:16,296 [INFO]  Epoch[4] Train-a1-accuracy=3.250000
2024-04-11 15:26:16,296 [INFO]  Epoch[4] Time cost=0.015
2024-04-11 15:26:16,298 [INFO]  Saved checkpoint to "./imputer_model/30_monk/imputer_model_a1/model-0004.params"
2024-04-11 15:26:16,299 [INFO]  Epoch[4] Validation-cross-entropy=0.000547
2024-04-11 15:26:16,299 [INFO]  Epoch[4] Validation-a1-accuracy=0.000000
2024-04-11 15:26:16,299 [INFO]  
========== done (0.400177001953125 s) fit model
2024-04-11 15:26:19,814 [INFO]  
========== start: fit model
2024-04-11 15:26:19,814 [WARNING]  Already bound, ignoring bind()
2024-04-11 15:26:19,882 [INFO]  Epoch[0] Batch [0-10]	Speed: 2708.77 samples/sec	cross-entropy=7.387376	a1-accuracy=0.000000
2024-04-11 15:26:19,907 [INFO]  Epoch[0] Train-cross-entropy=1.542194
2024-04-11 15:26:19,907 [INFO]  Epoch[0] Train-a1-accuracy=0.000000
2024-04-11 15:26:19,907 [INFO]  Epoch[0] Time cost=0.092
2024-04-11 15:26:19,909 [INFO]  Saved checkpoint to "./imputer_model/30_monk/imputer_model_a1/model-0000.params"
2024-04-11 15:26:19,909 [INFO]  Epoch[0] Validation-cross-entropy=0.992053
2024-04-11 15:26:19,909 [INFO]  Epoch[0] Validation-a1-accuracy=0.000000
2024-04-11 15:26:19,921 [INFO]  Epoch[1] Batch [0-10]	Speed: 14958.62 samples/sec	cross-entropy=0.654532	a1-accuracy=0.000000
2024-04-11 15:26:19,953 [INFO]  Epoch[1] Train-cross-entropy=0.183289
2024-04-11 15:26:19,954 [INFO]  Epoch[1] Train-a1-accuracy=0.000000
2024-04-11 15:26:19,954 [INFO]  Epoch[1] Time cost=0.044
2024-04-11 15:26:19,955 [INFO]  Saved checkpoint to "./imputer_model/30_monk/imputer_model_a1/model-0001.params"
2024-04-11 15:26:19,956 [INFO]  Epoch[1] Validation-cross-entropy=0.260646
2024-04-11 15:26:19,956 [INFO]  Epoch[1] Validation-a1-accuracy=0.000000
2024-04-11 15:26:19,965 [INFO]  Epoch[2] Batch [0-10]	Speed: 21311.84 samples/sec	cross-entropy=0.099110	a1-accuracy=0.000000
2024-04-11 15:26:19,985 [INFO]  Epoch[2] Train-cross-entropy=0.049637
2024-04-11 15:26:19,985 [INFO]  Epoch[2] Train-a1-accuracy=0.000000
2024-04-11 15:26:19,985 [INFO]  Epoch[2] Time cost=0.028
2024-04-11 15:26:19,987 [INFO]  Saved checkpoint to "./imputer_model/30_monk/imputer_model_a1/model-0002.params"
2024-04-11 15:26:19,988 [INFO]  Epoch[2] Validation-cross-entropy=0.021924
2024-04-11 15:26:19,988 [INFO]  Epoch[2] Validation-a1-accuracy=0.000000
2024-04-11 15:26:19,996 [INFO]  Epoch[3] Batch [0-10]	Speed: 22033.97 samples/sec	cross-entropy=0.016421	a1-accuracy=0.000000
2024-04-11 15:26:20,014 [INFO]  Epoch[3] Train-cross-entropy=0.012283
2024-04-11 15:26:20,014 [INFO]  Epoch[3] Train-a1-accuracy=0.000000
2024-04-11 15:26:20,014 [INFO]  Epoch[3] Time cost=0.026
2024-04-11 15:26:20,015 [INFO]  Saved checkpoint to "./imputer_model/30_monk/imputer_model_a1/model-0003.params"
2024-04-11 15:26:20,016 [INFO]  Epoch[3] Validation-cross-entropy=0.006435
2024-04-11 15:26:20,017 [INFO]  Epoch[3] Validation-a1-accuracy=0.000000
2024-04-11 15:26:20,028 [INFO]  Epoch[4] Batch [0-10]	Speed: 15982.11 samples/sec	cross-entropy=0.005476	a1-accuracy=0.000000
2024-04-11 15:26:20,084 [INFO]  Epoch[4] Train-cross-entropy=0.003573
2024-04-11 15:26:20,084 [INFO]  Epoch[4] Train-a1-accuracy=0.000000
2024-04-11 15:26:20,084 [INFO]  Epoch[4] Time cost=0.068
2024-04-11 15:26:20,086 [INFO]  Saved checkpoint to "./imputer_model/30_monk/imputer_model_a1/model-0004.params"
2024-04-11 15:26:20,087 [INFO]  Epoch[4] Validation-cross-entropy=0.002377
2024-04-11 15:26:20,087 [INFO]  Epoch[4] Validation-a1-accuracy=0.000000
2024-04-11 15:26:20,087 [INFO]  
========== done (0.2733161449432373 s) fit model
2024-04-11 15:26:22,787 [INFO]  
========== start: fit model
2024-04-11 15:26:22,787 [WARNING]  Already bound, ignoring bind()
2024-04-11 15:26:22,805 [INFO]  Epoch[0] Batch [0-10]	Speed: 13501.97 samples/sec	cross-entropy=5.749025	a1-accuracy=0.000000
2024-04-11 15:26:22,835 [INFO]  Epoch[0] Train-cross-entropy=2.353858
2024-04-11 15:26:22,835 [INFO]  Epoch[0] Train-a1-accuracy=0.000000
2024-04-11 15:26:22,835 [INFO]  Epoch[0] Time cost=0.047
2024-04-11 15:26:22,837 [INFO]  Saved checkpoint to "./imputer_model/30_monk/imputer_model_a1/model-0000.params"
2024-04-11 15:26:22,838 [INFO]  Epoch[0] Validation-cross-entropy=1.527085
2024-04-11 15:26:22,838 [INFO]  Epoch[0] Validation-a1-accuracy=0.000000
2024-04-11 15:26:22,860 [INFO]  Epoch[1] Batch [0-10]	Speed: 7606.21 samples/sec	cross-entropy=0.405767	a1-accuracy=0.000000
2024-04-11 15:26:22,872 [INFO]  Epoch[1] Train-cross-entropy=0.293649
2024-04-11 15:26:22,872 [INFO]  Epoch[1] Train-a1-accuracy=0.000000
2024-04-11 15:26:22,872 [INFO]  Epoch[1] Time cost=0.034
2024-04-11 15:26:22,874 [INFO]  Saved checkpoint to "./imputer_model/30_monk/imputer_model_a1/model-0001.params"
2024-04-11 15:26:22,875 [INFO]  Epoch[1] Validation-cross-entropy=0.097213
2024-04-11 15:26:22,875 [INFO]  Epoch[1] Validation-a1-accuracy=0.000000
2024-04-11 15:26:22,900 [INFO]  Epoch[2] Batch [0-10]	Speed: 6643.13 samples/sec	cross-entropy=0.068757	a1-accuracy=0.000000
2024-04-11 15:26:22,906 [INFO]  Epoch[2] Train-cross-entropy=0.023228
2024-04-11 15:26:22,906 [INFO]  Epoch[2] Train-a1-accuracy=0.000000
2024-04-11 15:26:22,906 [INFO]  Epoch[2] Time cost=0.031
2024-04-11 15:26:22,908 [INFO]  Saved checkpoint to "./imputer_model/30_monk/imputer_model_a1/model-0002.params"
2024-04-11 15:26:22,923 [INFO]  Epoch[2] Validation-cross-entropy=0.013158
2024-04-11 15:26:22,923 [INFO]  Epoch[2] Validation-a1-accuracy=0.000000
2024-04-11 15:26:22,941 [INFO]  Epoch[3] Batch [0-10]	Speed: 9581.51 samples/sec	cross-entropy=0.013672	a1-accuracy=0.000000
2024-04-11 15:26:22,946 [INFO]  Epoch[3] Train-cross-entropy=0.007419
2024-04-11 15:26:22,946 [INFO]  Epoch[3] Train-a1-accuracy=0.000000
2024-04-11 15:26:22,946 [INFO]  Epoch[3] Time cost=0.023
2024-04-11 15:26:22,947 [INFO]  Saved checkpoint to "./imputer_model/30_monk/imputer_model_a1/model-0003.params"
2024-04-11 15:26:22,949 [INFO]  Epoch[3] Validation-cross-entropy=0.007116
2024-04-11 15:26:22,949 [INFO]  Epoch[3] Validation-a1-accuracy=0.000000
2024-04-11 15:26:22,967 [INFO]  Epoch[4] Batch [0-10]	Speed: 9404.80 samples/sec	cross-entropy=0.003164	a1-accuracy=0.000000
2024-04-11 15:26:22,972 [INFO]  Epoch[4] Train-cross-entropy=0.002058
2024-04-11 15:26:22,972 [INFO]  Epoch[4] Train-a1-accuracy=0.000000
2024-04-11 15:26:22,972 [INFO]  Epoch[4] Time cost=0.024
2024-04-11 15:26:22,974 [INFO]  Saved checkpoint to "./imputer_model/30_monk/imputer_model_a1/model-0004.params"
2024-04-11 15:26:22,975 [INFO]  Epoch[4] Validation-cross-entropy=0.001211
2024-04-11 15:26:22,975 [INFO]  Epoch[4] Validation-a1-accuracy=0.000000
2024-04-11 15:26:22,975 [INFO]  
========== done (0.188887357711792 s) fit model
2024-04-11 15:26:25,551 [INFO]  
========== start: fit model
2024-04-11 15:26:25,551 [WARNING]  Already bound, ignoring bind()
2024-04-11 15:26:25,725 [INFO]  Epoch[0] Batch [0-10]	Speed: 5749.46 samples/sec	cross-entropy=5.503084	a1-accuracy=0.000000
2024-04-11 15:26:25,810 [INFO]  Epoch[0] Train-cross-entropy=2.377205
2024-04-11 15:26:25,810 [INFO]  Epoch[0] Train-a1-accuracy=0.000000
2024-04-11 15:26:25,810 [INFO]  Epoch[0] Time cost=0.259
2024-04-11 15:26:25,812 [INFO]  Saved checkpoint to "./imputer_model/30_monk/imputer_model_a1/model-0000.params"
2024-04-11 15:26:25,814 [INFO]  Epoch[0] Validation-cross-entropy=0.939015
2024-04-11 15:26:25,815 [INFO]  Epoch[0] Validation-a1-accuracy=0.000000
2024-04-11 15:26:25,838 [INFO]  Epoch[1] Batch [0-10]	Speed: 21114.04 samples/sec	cross-entropy=0.443659	a1-accuracy=0.000000
2024-04-11 15:26:25,843 [INFO]  Epoch[1] Train-cross-entropy=0.344240
2024-04-11 15:26:25,843 [INFO]  Epoch[1] Train-a1-accuracy=0.000000
2024-04-11 15:26:25,843 [INFO]  Epoch[1] Time cost=0.029
2024-04-11 15:26:25,849 [INFO]  Saved checkpoint to "./imputer_model/30_monk/imputer_model_a1/model-0001.params"
2024-04-11 15:26:25,860 [INFO]  Epoch[1] Validation-cross-entropy=0.064644
2024-04-11 15:26:25,860 [INFO]  Epoch[1] Validation-a1-accuracy=0.000000
2024-04-11 15:26:25,867 [INFO]  Epoch[2] Batch [0-10]	Speed: 25987.01 samples/sec	cross-entropy=0.128137	a1-accuracy=0.000000
2024-04-11 15:26:25,872 [INFO]  Epoch[2] Train-cross-entropy=0.027380
2024-04-11 15:26:25,872 [INFO]  Epoch[2] Train-a1-accuracy=0.000000
2024-04-11 15:26:25,873 [INFO]  Epoch[2] Time cost=0.012
2024-04-11 15:26:25,874 [INFO]  Saved checkpoint to "./imputer_model/30_monk/imputer_model_a1/model-0002.params"
2024-04-11 15:26:25,875 [INFO]  Epoch[2] Validation-cross-entropy=0.037666
2024-04-11 15:26:25,875 [INFO]  Epoch[2] Validation-a1-accuracy=0.000000
2024-04-11 15:26:25,954 [INFO]  Epoch[3] Batch [0-10]	Speed: 2052.52 samples/sec	cross-entropy=0.015609	a1-accuracy=0.000000
2024-04-11 15:26:25,960 [INFO]  Epoch[3] Train-cross-entropy=0.009313
2024-04-11 15:26:25,960 [INFO]  Epoch[3] Train-a1-accuracy=0.000000
2024-04-11 15:26:25,960 [INFO]  Epoch[3] Time cost=0.085
2024-04-11 15:26:25,962 [INFO]  Saved checkpoint to "./imputer_model/30_monk/imputer_model_a1/model-0003.params"
2024-04-11 15:26:25,963 [INFO]  Epoch[3] Validation-cross-entropy=0.004531
2024-04-11 15:26:25,963 [INFO]  Epoch[3] Validation-a1-accuracy=0.000000
2024-04-11 15:26:25,971 [INFO]  Epoch[4] Batch [0-10]	Speed: 21522.36 samples/sec	cross-entropy=0.004768	a1-accuracy=0.000000
2024-04-11 15:26:25,978 [INFO]  Epoch[4] Train-cross-entropy=0.002310
2024-04-11 15:26:25,978 [INFO]  Epoch[4] Train-a1-accuracy=0.000000
2024-04-11 15:26:25,978 [INFO]  Epoch[4] Time cost=0.015
2024-04-11 15:26:25,980 [INFO]  Saved checkpoint to "./imputer_model/30_monk/imputer_model_a1/model-0004.params"
2024-04-11 15:26:25,981 [INFO]  Epoch[4] Validation-cross-entropy=0.001101
2024-04-11 15:26:25,981 [INFO]  Epoch[4] Validation-a1-accuracy=0.000000
2024-04-11 15:26:25,981 [INFO]  
========== done (0.4306912422180176 s) fit model
2024-04-11 15:26:28,412 [INFO]  
========== start: fit model
2024-04-11 15:26:28,412 [WARNING]  Already bound, ignoring bind()
2024-04-11 15:26:28,421 [INFO]  Epoch[0] Batch [0-10]	Speed: 25147.59 samples/sec	cross-entropy=2.625544	a1-accuracy=2.454545
2024-04-11 15:26:28,426 [INFO]  Epoch[0] Train-cross-entropy=0.590504
2024-04-11 15:26:28,426 [INFO]  Epoch[0] Train-a1-accuracy=2.750000
2024-04-11 15:26:28,426 [INFO]  Epoch[0] Time cost=0.013
2024-04-11 15:26:28,428 [INFO]  Saved checkpoint to "./imputer_model/30_monk/imputer_model_a1/model-0000.params"
2024-04-11 15:26:28,429 [INFO]  Epoch[0] Validation-cross-entropy=0.326083
2024-04-11 15:26:28,429 [INFO]  Epoch[0] Validation-a1-accuracy=0.000000
2024-04-11 15:26:28,436 [INFO]  Epoch[1] Batch [0-10]	Speed: 24367.78 samples/sec	cross-entropy=0.344615	a1-accuracy=2.454545
2024-04-11 15:26:28,441 [INFO]  Epoch[1] Train-cross-entropy=0.086052
2024-04-11 15:26:28,441 [INFO]  Epoch[1] Train-a1-accuracy=2.750000
2024-04-11 15:26:28,441 [INFO]  Epoch[1] Time cost=0.013
2024-04-11 15:26:28,443 [INFO]  Saved checkpoint to "./imputer_model/30_monk/imputer_model_a1/model-0001.params"
2024-04-11 15:26:28,465 [INFO]  Epoch[1] Validation-cross-entropy=0.066913
2024-04-11 15:26:28,465 [INFO]  Epoch[1] Validation-a1-accuracy=0.000000
2024-04-11 15:26:28,474 [INFO]  Epoch[2] Batch [0-10]	Speed: 20305.87 samples/sec	cross-entropy=0.034363	a1-accuracy=2.454545
2024-04-11 15:26:28,480 [INFO]  Epoch[2] Train-cross-entropy=0.013913
2024-04-11 15:26:28,480 [INFO]  Epoch[2] Train-a1-accuracy=2.750000
2024-04-11 15:26:28,480 [INFO]  Epoch[2] Time cost=0.015
2024-04-11 15:26:28,482 [INFO]  Saved checkpoint to "./imputer_model/30_monk/imputer_model_a1/model-0002.params"
2024-04-11 15:26:28,483 [INFO]  Epoch[2] Validation-cross-entropy=0.003383
2024-04-11 15:26:28,483 [INFO]  Epoch[2] Validation-a1-accuracy=0.000000
2024-04-11 15:26:28,513 [INFO]  Epoch[3] Batch [0-10]	Speed: 5472.51 samples/sec	cross-entropy=0.006444	a1-accuracy=2.454545
2024-04-11 15:26:28,535 [INFO]  Epoch[3] Train-cross-entropy=0.003562
2024-04-11 15:26:28,535 [INFO]  Epoch[3] Train-a1-accuracy=2.750000
2024-04-11 15:26:28,535 [INFO]  Epoch[3] Time cost=0.052
2024-04-11 15:26:28,536 [INFO]  Saved checkpoint to "./imputer_model/30_monk/imputer_model_a1/model-0003.params"
2024-04-11 15:26:28,540 [INFO]  Epoch[3] Validation-cross-entropy=0.001143
2024-04-11 15:26:28,540 [INFO]  Epoch[3] Validation-a1-accuracy=0.000000
2024-04-11 15:26:28,546 [INFO]  Epoch[4] Batch [0-10]	Speed: 28773.68 samples/sec	cross-entropy=0.001282	a1-accuracy=2.454545
2024-04-11 15:26:28,551 [INFO]  Epoch[4] Train-cross-entropy=0.000729
2024-04-11 15:26:28,551 [INFO]  Epoch[4] Train-a1-accuracy=2.750000
2024-04-11 15:26:28,551 [INFO]  Epoch[4] Time cost=0.011
2024-04-11 15:26:28,552 [INFO]  Saved checkpoint to "./imputer_model/30_monk/imputer_model_a1/model-0004.params"
2024-04-11 15:26:28,553 [INFO]  Epoch[4] Validation-cross-entropy=0.000355
2024-04-11 15:26:28,553 [INFO]  Epoch[4] Validation-a1-accuracy=0.000000
2024-04-11 15:26:28,553 [INFO]  
========== done (0.14082121849060059 s) fit model
2024-04-11 15:26:30,182 [INFO]  
========== start: fit model
2024-04-11 15:26:30,182 [WARNING]  Already bound, ignoring bind()
2024-04-11 15:26:30,191 [INFO]  Epoch[0] Batch [0-10]	Speed: 23993.16 samples/sec	cross-entropy=8.677503	a1-accuracy=3.090909
2024-04-11 15:26:30,204 [INFO]  Epoch[0] Train-cross-entropy=0.425369
2024-04-11 15:26:30,204 [INFO]  Epoch[0] Train-a1-accuracy=2.750000
2024-04-11 15:26:30,204 [INFO]  Epoch[0] Time cost=0.021
2024-04-11 15:26:30,206 [INFO]  Saved checkpoint to "./imputer_model/30_monk/imputer_model_a1/model-0000.params"
2024-04-11 15:26:30,212 [INFO]  Epoch[0] Validation-cross-entropy=1.125298
2024-04-11 15:26:30,212 [INFO]  Epoch[0] Validation-a1-accuracy=0.000000
2024-04-11 15:26:30,218 [INFO]  Epoch[1] Batch [0-10]	Speed: 28479.40 samples/sec	cross-entropy=0.788605	a1-accuracy=3.090909
2024-04-11 15:26:30,224 [INFO]  Epoch[1] Train-cross-entropy=0.058799
2024-04-11 15:26:30,224 [INFO]  Epoch[1] Train-a1-accuracy=2.750000
2024-04-11 15:26:30,224 [INFO]  Epoch[1] Time cost=0.012
2024-04-11 15:26:30,225 [INFO]  Saved checkpoint to "./imputer_model/30_monk/imputer_model_a1/model-0001.params"
2024-04-11 15:26:30,226 [INFO]  Epoch[1] Validation-cross-entropy=0.124701
2024-04-11 15:26:30,226 [INFO]  Epoch[1] Validation-a1-accuracy=0.000000
2024-04-11 15:26:30,239 [INFO]  Epoch[2] Batch [0-10]	Speed: 12780.94 samples/sec	cross-entropy=0.118487	a1-accuracy=3.090909
2024-04-11 15:26:30,248 [INFO]  Epoch[2] Train-cross-entropy=0.020615
2024-04-11 15:26:30,248 [INFO]  Epoch[2] Train-a1-accuracy=2.750000
2024-04-11 15:26:30,248 [INFO]  Epoch[2] Time cost=0.022
2024-04-11 15:26:30,250 [INFO]  Saved checkpoint to "./imputer_model/30_monk/imputer_model_a1/model-0002.params"
2024-04-11 15:26:30,252 [INFO]  Epoch[2] Validation-cross-entropy=0.019571
2024-04-11 15:26:30,252 [INFO]  Epoch[2] Validation-a1-accuracy=0.000000
2024-04-11 15:26:30,262 [INFO]  Epoch[3] Batch [0-10]	Speed: 18238.58 samples/sec	cross-entropy=0.026233	a1-accuracy=3.090909
2024-04-11 15:26:30,271 [INFO]  Epoch[3] Train-cross-entropy=0.007584
2024-04-11 15:26:30,271 [INFO]  Epoch[3] Train-a1-accuracy=2.750000
2024-04-11 15:26:30,271 [INFO]  Epoch[3] Time cost=0.019
2024-04-11 15:26:30,273 [INFO]  Saved checkpoint to "./imputer_model/30_monk/imputer_model_a1/model-0003.params"
2024-04-11 15:26:30,276 [INFO]  Epoch[3] Validation-cross-entropy=0.015692
2024-04-11 15:26:30,276 [INFO]  Epoch[3] Validation-a1-accuracy=0.000000
2024-04-11 15:26:30,297 [INFO]  Epoch[4] Batch [0-10]	Speed: 8208.43 samples/sec	cross-entropy=0.010022	a1-accuracy=3.090909
2024-04-11 15:26:30,301 [INFO]  Epoch[4] Train-cross-entropy=0.005403
2024-04-11 15:26:30,301 [INFO]  Epoch[4] Train-a1-accuracy=2.750000
2024-04-11 15:26:30,301 [INFO]  Epoch[4] Time cost=0.025
2024-04-11 15:26:30,303 [INFO]  Saved checkpoint to "./imputer_model/30_monk/imputer_model_a1/model-0004.params"
2024-04-11 15:26:30,303 [INFO]  Epoch[4] Validation-cross-entropy=0.016979
2024-04-11 15:26:30,303 [INFO]  Epoch[4] Validation-a1-accuracy=0.000000
2024-04-11 15:26:30,304 [INFO]  
========== done (0.12177824974060059 s) fit model
2024-04-11 15:26:32,745 [INFO]  
========== start: fit model
2024-04-11 15:26:32,745 [WARNING]  Already bound, ignoring bind()
2024-04-11 15:26:32,788 [INFO]  Epoch[0] Batch [0-10]	Speed: 11606.51 samples/sec	cross-entropy=1.393703	a1-accuracy=3.090909
2024-04-11 15:26:32,799 [INFO]  Epoch[0] Train-cross-entropy=0.524130
2024-04-11 15:26:32,799 [INFO]  Epoch[0] Train-a1-accuracy=2.875000
2024-04-11 15:26:32,799 [INFO]  Epoch[0] Time cost=0.053
2024-04-11 15:26:32,801 [INFO]  Saved checkpoint to "./imputer_model/30_monk/imputer_model_a1/model-0000.params"
2024-04-11 15:26:32,802 [INFO]  Epoch[0] Validation-cross-entropy=0.992075
2024-04-11 15:26:32,802 [INFO]  Epoch[0] Validation-a1-accuracy=0.000000
2024-04-11 15:26:32,845 [INFO]  Epoch[1] Batch [0-10]	Speed: 3811.14 samples/sec	cross-entropy=0.305459	a1-accuracy=3.090909
2024-04-11 15:26:32,982 [INFO]  Epoch[1] Train-cross-entropy=0.156090
2024-04-11 15:26:32,983 [INFO]  Epoch[1] Train-a1-accuracy=2.875000
2024-04-11 15:26:32,983 [INFO]  Epoch[1] Time cost=0.181
2024-04-11 15:26:32,984 [INFO]  Saved checkpoint to "./imputer_model/30_monk/imputer_model_a1/model-0001.params"
2024-04-11 15:26:32,986 [INFO]  Epoch[1] Validation-cross-entropy=0.025085
2024-04-11 15:26:32,986 [INFO]  Epoch[1] Validation-a1-accuracy=0.000000
2024-04-11 15:26:33,056 [INFO]  Epoch[2] Batch [0-10]	Speed: 2315.08 samples/sec	cross-entropy=0.042415	a1-accuracy=3.090909
2024-04-11 15:26:33,066 [INFO]  Epoch[2] Train-cross-entropy=0.013647
2024-04-11 15:26:33,066 [INFO]  Epoch[2] Train-a1-accuracy=2.875000
2024-04-11 15:26:33,066 [INFO]  Epoch[2] Time cost=0.081
2024-04-11 15:26:33,068 [INFO]  Saved checkpoint to "./imputer_model/30_monk/imputer_model_a1/model-0002.params"
2024-04-11 15:26:33,070 [INFO]  Epoch[2] Validation-cross-entropy=0.000688
2024-04-11 15:26:33,070 [INFO]  Epoch[2] Validation-a1-accuracy=0.000000
2024-04-11 15:26:33,126 [INFO]  Epoch[3] Batch [0-10]	Speed: 3474.75 samples/sec	cross-entropy=0.003189	a1-accuracy=3.090909
2024-04-11 15:26:33,132 [INFO]  Epoch[3] Train-cross-entropy=0.001239
2024-04-11 15:26:33,132 [INFO]  Epoch[3] Train-a1-accuracy=2.875000
2024-04-11 15:26:33,132 [INFO]  Epoch[3] Time cost=0.062
2024-04-11 15:26:33,134 [INFO]  Saved checkpoint to "./imputer_model/30_monk/imputer_model_a1/model-0003.params"
2024-04-11 15:26:33,145 [INFO]  Epoch[3] Validation-cross-entropy=0.000663
2024-04-11 15:26:33,146 [INFO]  Epoch[3] Validation-a1-accuracy=0.000000
2024-04-11 15:26:33,175 [INFO]  Epoch[4] Batch [0-10]	Speed: 8185.70 samples/sec	cross-entropy=0.000404	a1-accuracy=3.090909
2024-04-11 15:26:33,181 [INFO]  Epoch[4] Train-cross-entropy=0.000153
2024-04-11 15:26:33,181 [INFO]  Epoch[4] Train-a1-accuracy=2.875000
2024-04-11 15:26:33,181 [INFO]  Epoch[4] Time cost=0.035
2024-04-11 15:26:33,182 [INFO]  Saved checkpoint to "./imputer_model/30_monk/imputer_model_a1/model-0004.params"
2024-04-11 15:26:33,183 [INFO]  Epoch[4] Validation-cross-entropy=0.000164
2024-04-11 15:26:33,184 [INFO]  Epoch[4] Validation-a1-accuracy=0.000000
2024-04-11 15:26:33,184 [INFO]  
========== done (0.4388430118560791 s) fit model
2024-04-11 15:26:35,780 [INFO]  
========== start: fit model
2024-04-11 15:26:35,780 [WARNING]  Already bound, ignoring bind()
2024-04-11 15:26:35,792 [INFO]  Epoch[0] Batch [0-10]	Speed: 19050.41 samples/sec	cross-entropy=18.280007	a1-accuracy=2.636364
2024-04-11 15:26:35,799 [INFO]  Epoch[0] Train-cross-entropy=0.998882
2024-04-11 15:26:35,799 [INFO]  Epoch[0] Train-a1-accuracy=2.875000
2024-04-11 15:26:35,799 [INFO]  Epoch[0] Time cost=0.018
2024-04-11 15:26:35,801 [INFO]  Saved checkpoint to "./imputer_model/30_monk/imputer_model_a1/model-0000.params"
2024-04-11 15:26:35,802 [INFO]  Epoch[0] Validation-cross-entropy=4.654766
2024-04-11 15:26:35,803 [INFO]  Epoch[0] Validation-a1-accuracy=0.000000
2024-04-11 15:26:35,824 [INFO]  Epoch[1] Batch [0-10]	Speed: 8012.81 samples/sec	cross-entropy=1.947248	a1-accuracy=2.636364
2024-04-11 15:26:35,846 [INFO]  Epoch[1] Train-cross-entropy=0.144676
2024-04-11 15:26:35,846 [INFO]  Epoch[1] Train-a1-accuracy=2.875000
2024-04-11 15:26:35,846 [INFO]  Epoch[1] Time cost=0.043
2024-04-11 15:26:35,847 [INFO]  Saved checkpoint to "./imputer_model/30_monk/imputer_model_a1/model-0001.params"
2024-04-11 15:26:35,915 [INFO]  Epoch[1] Validation-cross-entropy=0.528050
2024-04-11 15:26:35,915 [INFO]  Epoch[1] Validation-a1-accuracy=0.000000
2024-04-11 15:26:35,924 [INFO]  Epoch[2] Batch [0-10]	Speed: 20046.26 samples/sec	cross-entropy=0.240792	a1-accuracy=2.636364
2024-04-11 15:26:35,931 [INFO]  Epoch[2] Train-cross-entropy=0.050258
2024-04-11 15:26:35,931 [INFO]  Epoch[2] Train-a1-accuracy=2.875000
2024-04-11 15:26:35,931 [INFO]  Epoch[2] Time cost=0.016
2024-04-11 15:26:35,936 [INFO]  Saved checkpoint to "./imputer_model/30_monk/imputer_model_a1/model-0002.params"
2024-04-11 15:26:35,946 [INFO]  Epoch[2] Validation-cross-entropy=0.089285
2024-04-11 15:26:35,946 [INFO]  Epoch[2] Validation-a1-accuracy=0.000000
2024-04-11 15:26:35,954 [INFO]  Epoch[3] Batch [0-10]	Speed: 22630.63 samples/sec	cross-entropy=0.039404	a1-accuracy=2.636364
2024-04-11 15:26:35,958 [INFO]  Epoch[3] Train-cross-entropy=0.020096
2024-04-11 15:26:35,959 [INFO]  Epoch[3] Train-a1-accuracy=2.875000
2024-04-11 15:26:35,959 [INFO]  Epoch[3] Time cost=0.013
2024-04-11 15:26:35,960 [INFO]  Saved checkpoint to "./imputer_model/30_monk/imputer_model_a1/model-0003.params"
2024-04-11 15:26:35,961 [INFO]  Epoch[3] Validation-cross-entropy=0.012364
2024-04-11 15:26:35,961 [INFO]  Epoch[3] Validation-a1-accuracy=0.000000
2024-04-11 15:26:35,968 [INFO]  Epoch[4] Batch [0-10]	Speed: 25192.91 samples/sec	cross-entropy=0.011626	a1-accuracy=2.636364
2024-04-11 15:26:35,974 [INFO]  Epoch[4] Train-cross-entropy=0.010255
2024-04-11 15:26:35,974 [INFO]  Epoch[4] Train-a1-accuracy=2.875000
2024-04-11 15:26:35,974 [INFO]  Epoch[4] Time cost=0.013
2024-04-11 15:26:35,976 [INFO]  Saved checkpoint to "./imputer_model/30_monk/imputer_model_a1/model-0004.params"
2024-04-11 15:26:35,977 [INFO]  Epoch[4] Validation-cross-entropy=0.002556
2024-04-11 15:26:35,977 [INFO]  Epoch[4] Validation-a1-accuracy=0.000000
2024-04-11 15:26:35,977 [INFO]  
========== done (0.19765257835388184 s) fit model
2024-04-11 15:26:38,908 [INFO]  
========== start: fit model
2024-04-11 15:26:38,908 [WARNING]  Already bound, ignoring bind()
2024-04-11 15:26:39,018 [INFO]  Epoch[0] Batch [0-10]	Speed: 2940.78 samples/sec	cross-entropy=3.359593	a1-accuracy=0.000000
2024-04-11 15:26:39,024 [INFO]  Epoch[0] Train-cross-entropy=1.134419
2024-04-11 15:26:39,024 [INFO]  Epoch[0] Train-a1-accuracy=0.000000
2024-04-11 15:26:39,024 [INFO]  Epoch[0] Time cost=0.115
2024-04-11 15:26:39,026 [INFO]  Saved checkpoint to "./imputer_model/30_monk/imputer_model_a1/model-0000.params"
2024-04-11 15:26:39,029 [INFO]  Epoch[0] Validation-cross-entropy=0.380926
2024-04-11 15:26:39,029 [INFO]  Epoch[0] Validation-a1-accuracy=0.000000
2024-04-11 15:26:39,106 [INFO]  Epoch[1] Batch [0-10]	Speed: 2583.09 samples/sec	cross-entropy=0.168600	a1-accuracy=0.000000
2024-04-11 15:26:39,201 [INFO]  Epoch[1] Train-cross-entropy=0.092383
2024-04-11 15:26:39,202 [INFO]  Epoch[1] Train-a1-accuracy=0.000000
2024-04-11 15:26:39,202 [INFO]  Epoch[1] Time cost=0.172
2024-04-11 15:26:39,204 [INFO]  Saved checkpoint to "./imputer_model/30_monk/imputer_model_a1/model-0001.params"
2024-04-11 15:26:39,205 [INFO]  Epoch[1] Validation-cross-entropy=0.007822
2024-04-11 15:26:39,205 [INFO]  Epoch[1] Validation-a1-accuracy=0.000000
2024-04-11 15:26:39,302 [INFO]  Epoch[2] Batch [0-10]	Speed: 1657.19 samples/sec	cross-entropy=0.035926	a1-accuracy=0.000000
2024-04-11 15:26:39,327 [INFO]  Epoch[2] Train-cross-entropy=0.007312
2024-04-11 15:26:39,327 [INFO]  Epoch[2] Train-a1-accuracy=0.000000
2024-04-11 15:26:39,327 [INFO]  Epoch[2] Time cost=0.123
2024-04-11 15:26:39,329 [INFO]  Saved checkpoint to "./imputer_model/30_monk/imputer_model_a1/model-0002.params"
2024-04-11 15:26:39,354 [INFO]  Epoch[2] Validation-cross-entropy=0.017991
2024-04-11 15:26:39,354 [INFO]  Epoch[2] Validation-a1-accuracy=0.000000
2024-04-11 15:26:39,374 [INFO]  Epoch[3] Batch [0-10]	Speed: 8415.64 samples/sec	cross-entropy=0.007674	a1-accuracy=0.000000
2024-04-11 15:26:39,379 [INFO]  Epoch[3] Train-cross-entropy=0.003859
2024-04-11 15:26:39,379 [INFO]  Epoch[3] Train-a1-accuracy=0.000000
2024-04-11 15:26:39,379 [INFO]  Epoch[3] Time cost=0.025
2024-04-11 15:26:39,381 [INFO]  Saved checkpoint to "./imputer_model/30_monk/imputer_model_a1/model-0003.params"
2024-04-11 15:26:39,382 [INFO]  Epoch[3] Validation-cross-entropy=0.000650
2024-04-11 15:26:39,382 [INFO]  Epoch[3] Validation-a1-accuracy=0.000000
2024-04-11 15:26:39,391 [INFO]  Epoch[4] Batch [0-10]	Speed: 19685.21 samples/sec	cross-entropy=0.001573	a1-accuracy=0.000000
2024-04-11 15:26:39,402 [INFO]  Epoch[4] Train-cross-entropy=0.001040
2024-04-11 15:26:39,403 [INFO]  Epoch[4] Train-a1-accuracy=0.000000
2024-04-11 15:26:39,403 [INFO]  Epoch[4] Time cost=0.021
2024-04-11 15:26:39,404 [INFO]  Saved checkpoint to "./imputer_model/30_monk/imputer_model_a1/model-0004.params"
2024-04-11 15:26:39,405 [INFO]  Epoch[4] Validation-cross-entropy=0.000713
2024-04-11 15:26:39,405 [INFO]  Epoch[4] Validation-a1-accuracy=0.000000
2024-04-11 15:26:39,405 [INFO]  
========== done (0.49726033210754395 s) fit model
2024-04-11 15:26:41,980 [INFO]  
========== start: fit model
2024-04-11 15:26:41,980 [WARNING]  Already bound, ignoring bind()
2024-04-11 15:26:42,134 [INFO]  Epoch[0] Batch [0-10]	Speed: 2920.65 samples/sec	cross-entropy=3.381776	a1-accuracy=0.000000
2024-04-11 15:26:42,158 [INFO]  Epoch[0] Train-cross-entropy=1.162152
2024-04-11 15:26:42,158 [INFO]  Epoch[0] Train-a1-accuracy=0.000000
2024-04-11 15:26:42,159 [INFO]  Epoch[0] Time cost=0.177
2024-04-11 15:26:42,160 [INFO]  Saved checkpoint to "./imputer_model/30_monk/imputer_model_a1/model-0000.params"
2024-04-11 15:26:42,161 [INFO]  Epoch[0] Validation-cross-entropy=0.085720
2024-04-11 15:26:42,161 [INFO]  Epoch[0] Validation-a1-accuracy=0.000000
2024-04-11 15:26:42,170 [INFO]  Epoch[1] Batch [0-10]	Speed: 19638.55 samples/sec	cross-entropy=0.265707	a1-accuracy=0.000000
2024-04-11 15:26:42,198 [INFO]  Epoch[1] Train-cross-entropy=0.121563
2024-04-11 15:26:42,198 [INFO]  Epoch[1] Train-a1-accuracy=0.000000
2024-04-11 15:26:42,198 [INFO]  Epoch[1] Time cost=0.037
2024-04-11 15:26:42,200 [INFO]  Saved checkpoint to "./imputer_model/30_monk/imputer_model_a1/model-0001.params"
2024-04-11 15:26:42,205 [INFO]  Epoch[1] Validation-cross-entropy=0.092102
2024-04-11 15:26:42,205 [INFO]  Epoch[1] Validation-a1-accuracy=0.000000
2024-04-11 15:26:42,244 [INFO]  Epoch[2] Batch [0-10]	Speed: 6158.25 samples/sec	cross-entropy=0.062937	a1-accuracy=0.000000
2024-04-11 15:26:42,249 [INFO]  Epoch[2] Train-cross-entropy=0.019699
2024-04-11 15:26:42,249 [INFO]  Epoch[2] Train-a1-accuracy=0.000000
2024-04-11 15:26:42,249 [INFO]  Epoch[2] Time cost=0.044
2024-04-11 15:26:42,250 [INFO]  Saved checkpoint to "./imputer_model/30_monk/imputer_model_a1/model-0002.params"
2024-04-11 15:26:42,251 [INFO]  Epoch[2] Validation-cross-entropy=0.020938
2024-04-11 15:26:42,251 [INFO]  Epoch[2] Validation-a1-accuracy=0.000000
2024-04-11 15:26:42,258 [INFO]  Epoch[3] Batch [0-10]	Speed: 26988.20 samples/sec	cross-entropy=0.009033	a1-accuracy=0.000000
2024-04-11 15:26:42,262 [INFO]  Epoch[3] Train-cross-entropy=0.004108
2024-04-11 15:26:42,262 [INFO]  Epoch[3] Train-a1-accuracy=0.000000
2024-04-11 15:26:42,262 [INFO]  Epoch[3] Time cost=0.011
2024-04-11 15:26:42,264 [INFO]  Saved checkpoint to "./imputer_model/30_monk/imputer_model_a1/model-0003.params"
2024-04-11 15:26:42,265 [INFO]  Epoch[3] Validation-cross-entropy=0.002763
2024-04-11 15:26:42,265 [INFO]  Epoch[3] Validation-a1-accuracy=0.000000
2024-04-11 15:26:42,332 [INFO]  Epoch[4] Batch [0-10]	Speed: 2433.88 samples/sec	cross-entropy=0.002325	a1-accuracy=0.000000
2024-04-11 15:26:42,338 [INFO]  Epoch[4] Train-cross-entropy=0.001179
2024-04-11 15:26:42,338 [INFO]  Epoch[4] Train-a1-accuracy=0.000000
2024-04-11 15:26:42,338 [INFO]  Epoch[4] Time cost=0.073
2024-04-11 15:26:42,340 [INFO]  Saved checkpoint to "./imputer_model/30_monk/imputer_model_a1/model-0004.params"
2024-04-11 15:26:42,350 [INFO]  Epoch[4] Validation-cross-entropy=0.000974
2024-04-11 15:26:42,350 [INFO]  Epoch[4] Validation-a1-accuracy=0.000000
2024-04-11 15:26:42,350 [INFO]  
========== done (0.3699631690979004 s) fit model
2024-04-11 15:26:45,208 [INFO]  
========== start: fit model
2024-04-11 15:26:45,208 [WARNING]  Already bound, ignoring bind()
2024-04-11 15:26:45,295 [INFO]  Epoch[0] Batch [0-10]	Speed: 5400.72 samples/sec	cross-entropy=14.275932	a1-accuracy=3.090909
2024-04-11 15:26:45,397 [INFO]  Epoch[0] Train-cross-entropy=0.956768
2024-04-11 15:26:45,397 [INFO]  Epoch[0] Train-a1-accuracy=2.375000
2024-04-11 15:26:45,397 [INFO]  Epoch[0] Time cost=0.188
2024-04-11 15:26:45,399 [INFO]  Saved checkpoint to "./imputer_model/30_monk/imputer_model_a1/model-0000.params"
2024-04-11 15:26:45,400 [INFO]  Epoch[0] Validation-cross-entropy=3.199874
2024-04-11 15:26:45,400 [INFO]  Epoch[0] Validation-a1-accuracy=0.000000
2024-04-11 15:26:45,422 [INFO]  Epoch[1] Batch [0-10]	Speed: 22059.32 samples/sec	cross-entropy=1.722605	a1-accuracy=3.090909
2024-04-11 15:26:45,439 [INFO]  Epoch[1] Train-cross-entropy=0.164171
2024-04-11 15:26:45,439 [INFO]  Epoch[1] Train-a1-accuracy=2.375000
2024-04-11 15:26:45,439 [INFO]  Epoch[1] Time cost=0.039
2024-04-11 15:26:45,441 [INFO]  Saved checkpoint to "./imputer_model/30_monk/imputer_model_a1/model-0001.params"
2024-04-11 15:26:45,443 [INFO]  Epoch[1] Validation-cross-entropy=0.408399
2024-04-11 15:26:45,443 [INFO]  Epoch[1] Validation-a1-accuracy=0.000000
2024-04-11 15:26:45,514 [INFO]  Epoch[2] Batch [0-10]	Speed: 2279.59 samples/sec	cross-entropy=0.282303	a1-accuracy=3.090909
2024-04-11 15:26:45,532 [INFO]  Epoch[2] Train-cross-entropy=0.054753
2024-04-11 15:26:45,532 [INFO]  Epoch[2] Train-a1-accuracy=2.375000
2024-04-11 15:26:45,533 [INFO]  Epoch[2] Time cost=0.090
2024-04-11 15:26:45,534 [INFO]  Saved checkpoint to "./imputer_model/30_monk/imputer_model_a1/model-0002.params"
2024-04-11 15:26:45,535 [INFO]  Epoch[2] Validation-cross-entropy=0.059749
2024-04-11 15:26:45,535 [INFO]  Epoch[2] Validation-a1-accuracy=0.000000
2024-04-11 15:26:45,545 [INFO]  Epoch[3] Batch [0-10]	Speed: 19107.90 samples/sec	cross-entropy=0.056162	a1-accuracy=3.090909
2024-04-11 15:26:45,551 [INFO]  Epoch[3] Train-cross-entropy=0.013477
2024-04-11 15:26:45,551 [INFO]  Epoch[3] Train-a1-accuracy=2.375000
2024-04-11 15:26:45,551 [INFO]  Epoch[3] Time cost=0.015
2024-04-11 15:26:45,552 [INFO]  Saved checkpoint to "./imputer_model/30_monk/imputer_model_a1/model-0003.params"
2024-04-11 15:26:45,553 [INFO]  Epoch[3] Validation-cross-entropy=0.019883
2024-04-11 15:26:45,553 [INFO]  Epoch[3] Validation-a1-accuracy=0.000000
2024-04-11 15:26:45,577 [INFO]  Epoch[4] Batch [0-10]	Speed: 7760.22 samples/sec	cross-entropy=0.015207	a1-accuracy=3.090909
2024-04-11 15:26:45,583 [INFO]  Epoch[4] Train-cross-entropy=0.005763
2024-04-11 15:26:45,583 [INFO]  Epoch[4] Train-a1-accuracy=2.375000
2024-04-11 15:26:45,583 [INFO]  Epoch[4] Time cost=0.029
2024-04-11 15:26:45,584 [INFO]  Saved checkpoint to "./imputer_model/30_monk/imputer_model_a1/model-0004.params"
2024-04-11 15:26:45,585 [INFO]  Epoch[4] Validation-cross-entropy=0.005327
2024-04-11 15:26:45,585 [INFO]  Epoch[4] Validation-a1-accuracy=0.000000
2024-04-11 15:26:45,586 [INFO]  
========== done (0.3772392272949219 s) fit model
2024-04-11 15:26:48,370 [INFO]  
========== start: fit model
2024-04-11 15:26:48,370 [WARNING]  Already bound, ignoring bind()
2024-04-11 15:26:48,429 [INFO]  Epoch[0] Batch [0-10]	Speed: 14337.97 samples/sec	cross-entropy=15.011086	a1-accuracy=2.909091
2024-04-11 15:26:48,440 [INFO]  Epoch[0] Train-cross-entropy=1.665632
2024-04-11 15:26:48,440 [INFO]  Epoch[0] Train-a1-accuracy=3.250000
2024-04-11 15:26:48,440 [INFO]  Epoch[0] Time cost=0.069
2024-04-11 15:26:48,442 [INFO]  Saved checkpoint to "./imputer_model/30_monk/imputer_model_a1/model-0000.params"
2024-04-11 15:26:48,443 [INFO]  Epoch[0] Validation-cross-entropy=0.888676
2024-04-11 15:26:48,443 [INFO]  Epoch[0] Validation-a1-accuracy=0.000000
2024-04-11 15:26:48,454 [INFO]  Epoch[1] Batch [0-10]	Speed: 16168.08 samples/sec	cross-entropy=1.881152	a1-accuracy=2.909091
2024-04-11 15:26:48,467 [INFO]  Epoch[1] Train-cross-entropy=0.602581
2024-04-11 15:26:48,467 [INFO]  Epoch[1] Train-a1-accuracy=3.250000
2024-04-11 15:26:48,467 [INFO]  Epoch[1] Time cost=0.024
2024-04-11 15:26:48,469 [INFO]  Saved checkpoint to "./imputer_model/30_monk/imputer_model_a1/model-0001.params"
2024-04-11 15:26:48,472 [INFO]  Epoch[1] Validation-cross-entropy=0.209297
2024-04-11 15:26:48,472 [INFO]  Epoch[1] Validation-a1-accuracy=0.000000
2024-04-11 15:26:48,482 [INFO]  Epoch[2] Batch [0-10]	Speed: 22197.22 samples/sec	cross-entropy=0.200504	a1-accuracy=2.909091
2024-04-11 15:26:48,501 [INFO]  Epoch[2] Train-cross-entropy=0.147251
2024-04-11 15:26:48,501 [INFO]  Epoch[2] Train-a1-accuracy=3.250000
2024-04-11 15:26:48,501 [INFO]  Epoch[2] Time cost=0.029
2024-04-11 15:26:48,503 [INFO]  Saved checkpoint to "./imputer_model/30_monk/imputer_model_a1/model-0002.params"
2024-04-11 15:26:48,504 [INFO]  Epoch[2] Validation-cross-entropy=0.026042
2024-04-11 15:26:48,504 [INFO]  Epoch[2] Validation-a1-accuracy=0.000000
2024-04-11 15:26:48,511 [INFO]  Epoch[3] Batch [0-10]	Speed: 23399.19 samples/sec	cross-entropy=0.033553	a1-accuracy=2.909091
2024-04-11 15:26:48,518 [INFO]  Epoch[3] Train-cross-entropy=0.026843
2024-04-11 15:26:48,518 [INFO]  Epoch[3] Train-a1-accuracy=3.250000
2024-04-11 15:26:48,518 [INFO]  Epoch[3] Time cost=0.014
2024-04-11 15:26:48,519 [INFO]  Saved checkpoint to "./imputer_model/30_monk/imputer_model_a1/model-0003.params"
2024-04-11 15:26:48,524 [INFO]  Epoch[3] Validation-cross-entropy=0.011994
2024-04-11 15:26:48,524 [INFO]  Epoch[3] Validation-a1-accuracy=0.000000
2024-04-11 15:26:48,556 [INFO]  Epoch[4] Batch [0-10]	Speed: 5160.16 samples/sec	cross-entropy=0.013168	a1-accuracy=2.909091
2024-04-11 15:26:48,562 [INFO]  Epoch[4] Train-cross-entropy=0.009828
2024-04-11 15:26:48,562 [INFO]  Epoch[4] Train-a1-accuracy=3.250000
2024-04-11 15:26:48,562 [INFO]  Epoch[4] Time cost=0.038
2024-04-11 15:26:48,564 [INFO]  Saved checkpoint to "./imputer_model/30_monk/imputer_model_a1/model-0004.params"
2024-04-11 15:26:48,564 [INFO]  Epoch[4] Validation-cross-entropy=0.005012
2024-04-11 15:26:48,564 [INFO]  Epoch[4] Validation-a1-accuracy=0.000000
2024-04-11 15:26:48,565 [INFO]  
========== done (0.19443297386169434 s) fit model
2024-04-11 15:26:51,530 [INFO]  
========== start: fit model
2024-04-11 15:26:51,530 [WARNING]  Already bound, ignoring bind()
2024-04-11 15:26:51,575 [INFO]  Epoch[0] Batch [0-10]	Speed: 4264.56 samples/sec	cross-entropy=6.971024	a1-accuracy=0.000000
2024-04-11 15:26:51,603 [INFO]  Epoch[0] Train-cross-entropy=1.027917
2024-04-11 15:26:51,603 [INFO]  Epoch[0] Train-a1-accuracy=0.000000
2024-04-11 15:26:51,603 [INFO]  Epoch[0] Time cost=0.072
2024-04-11 15:26:51,605 [INFO]  Saved checkpoint to "./imputer_model/30_monk/imputer_model_a1/model-0000.params"
2024-04-11 15:26:51,606 [INFO]  Epoch[0] Validation-cross-entropy=1.044085
2024-04-11 15:26:51,606 [INFO]  Epoch[0] Validation-a1-accuracy=0.000000
2024-04-11 15:26:51,614 [INFO]  Epoch[1] Batch [0-10]	Speed: 21883.09 samples/sec	cross-entropy=0.660953	a1-accuracy=0.000000
2024-04-11 15:26:51,620 [INFO]  Epoch[1] Train-cross-entropy=0.144033
2024-04-11 15:26:51,620 [INFO]  Epoch[1] Train-a1-accuracy=0.000000
2024-04-11 15:26:51,620 [INFO]  Epoch[1] Time cost=0.014
2024-04-11 15:26:51,622 [INFO]  Saved checkpoint to "./imputer_model/30_monk/imputer_model_a1/model-0001.params"
2024-04-11 15:26:51,623 [INFO]  Epoch[1] Validation-cross-entropy=0.143500
2024-04-11 15:26:51,624 [INFO]  Epoch[1] Validation-a1-accuracy=0.000000
2024-04-11 15:26:51,632 [INFO]  Epoch[2] Batch [0-10]	Speed: 20925.74 samples/sec	cross-entropy=0.094245	a1-accuracy=0.000000
2024-04-11 15:26:51,638 [INFO]  Epoch[2] Train-cross-entropy=0.030551
2024-04-11 15:26:51,639 [INFO]  Epoch[2] Train-a1-accuracy=0.000000
2024-04-11 15:26:51,639 [INFO]  Epoch[2] Time cost=0.015
2024-04-11 15:26:51,640 [INFO]  Saved checkpoint to "./imputer_model/30_monk/imputer_model_a1/model-0002.params"
2024-04-11 15:26:51,641 [INFO]  Epoch[2] Validation-cross-entropy=0.019105
2024-04-11 15:26:51,641 [INFO]  Epoch[2] Validation-a1-accuracy=0.000000
2024-04-11 15:26:51,670 [INFO]  Epoch[3] Batch [0-10]	Speed: 5779.47 samples/sec	cross-entropy=0.012320	a1-accuracy=0.000000
2024-04-11 15:26:51,680 [INFO]  Epoch[3] Train-cross-entropy=0.008148
2024-04-11 15:26:51,680 [INFO]  Epoch[3] Train-a1-accuracy=0.000000
2024-04-11 15:26:51,680 [INFO]  Epoch[3] Time cost=0.039
2024-04-11 15:26:51,684 [INFO]  Saved checkpoint to "./imputer_model/30_monk/imputer_model_a1/model-0003.params"
2024-04-11 15:26:51,718 [INFO]  Epoch[3] Validation-cross-entropy=0.002557
2024-04-11 15:26:51,718 [INFO]  Epoch[3] Validation-a1-accuracy=0.000000
2024-04-11 15:26:51,768 [INFO]  Epoch[4] Batch [0-10]	Speed: 3340.26 samples/sec	cross-entropy=0.003224	a1-accuracy=0.000000
2024-04-11 15:26:51,779 [INFO]  Epoch[4] Train-cross-entropy=0.002732
2024-04-11 15:26:51,779 [INFO]  Epoch[4] Train-a1-accuracy=0.000000
2024-04-11 15:26:51,779 [INFO]  Epoch[4] Time cost=0.061
2024-04-11 15:26:51,781 [INFO]  Saved checkpoint to "./imputer_model/30_monk/imputer_model_a1/model-0004.params"
2024-04-11 15:26:51,783 [INFO]  Epoch[4] Validation-cross-entropy=0.000803
2024-04-11 15:26:51,783 [INFO]  Epoch[4] Validation-a1-accuracy=0.000000
2024-04-11 15:26:51,783 [INFO]  
========== done (0.2529280185699463 s) fit model
2024-04-11 15:26:54,969 [INFO]  
========== start: fit model
2024-04-11 15:26:54,969 [WARNING]  Already bound, ignoring bind()
2024-04-11 15:26:54,979 [INFO]  Epoch[0] Batch [0-10]	Speed: 20328.63 samples/sec	cross-entropy=4.367222	a1-accuracy=2.272727
2024-04-11 15:26:54,985 [INFO]  Epoch[0] Train-cross-entropy=1.180162
2024-04-11 15:26:54,985 [INFO]  Epoch[0] Train-a1-accuracy=2.875000
2024-04-11 15:26:54,985 [INFO]  Epoch[0] Time cost=0.016
2024-04-11 15:26:54,987 [INFO]  Saved checkpoint to "./imputer_model/30_monk/imputer_model_a1/model-0000.params"
2024-04-11 15:26:54,988 [INFO]  Epoch[0] Validation-cross-entropy=1.289279
2024-04-11 15:26:54,988 [INFO]  Epoch[0] Validation-a1-accuracy=0.000000
2024-04-11 15:26:55,007 [INFO]  Epoch[1] Batch [0-10]	Speed: 8808.67 samples/sec	cross-entropy=0.277483	a1-accuracy=2.272727
2024-04-11 15:26:55,045 [INFO]  Epoch[1] Train-cross-entropy=0.172307
2024-04-11 15:26:55,045 [INFO]  Epoch[1] Train-a1-accuracy=2.875000
2024-04-11 15:26:55,045 [INFO]  Epoch[1] Time cost=0.057
2024-04-11 15:26:55,047 [INFO]  Saved checkpoint to "./imputer_model/30_monk/imputer_model_a1/model-0001.params"
2024-04-11 15:26:55,048 [INFO]  Epoch[1] Validation-cross-entropy=0.059284
2024-04-11 15:26:55,048 [INFO]  Epoch[1] Validation-a1-accuracy=0.000000
2024-04-11 15:26:55,074 [INFO]  Epoch[2] Batch [0-10]	Speed: 7579.92 samples/sec	cross-entropy=0.039191	a1-accuracy=2.272727
2024-04-11 15:26:55,099 [INFO]  Epoch[2] Train-cross-entropy=0.015537
2024-04-11 15:26:55,099 [INFO]  Epoch[2] Train-a1-accuracy=2.875000
2024-04-11 15:26:55,099 [INFO]  Epoch[2] Time cost=0.051
2024-04-11 15:26:55,101 [INFO]  Saved checkpoint to "./imputer_model/30_monk/imputer_model_a1/model-0002.params"
2024-04-11 15:26:55,102 [INFO]  Epoch[2] Validation-cross-entropy=0.012689
2024-04-11 15:26:55,102 [INFO]  Epoch[2] Validation-a1-accuracy=0.000000
2024-04-11 15:26:55,113 [INFO]  Epoch[3] Batch [0-10]	Speed: 15808.17 samples/sec	cross-entropy=0.009575	a1-accuracy=2.272727
2024-04-11 15:26:55,195 [INFO]  Epoch[3] Train-cross-entropy=0.003506
2024-04-11 15:26:55,195 [INFO]  Epoch[3] Train-a1-accuracy=2.875000
2024-04-11 15:26:55,195 [INFO]  Epoch[3] Time cost=0.092
2024-04-11 15:26:55,196 [INFO]  Saved checkpoint to "./imputer_model/30_monk/imputer_model_a1/model-0003.params"
2024-04-11 15:26:55,205 [INFO]  Epoch[3] Validation-cross-entropy=0.005535
2024-04-11 15:26:55,205 [INFO]  Epoch[3] Validation-a1-accuracy=0.000000
2024-04-11 15:26:55,287 [INFO]  Epoch[4] Batch [0-10]	Speed: 1979.32 samples/sec	cross-entropy=0.001973	a1-accuracy=2.272727
2024-04-11 15:26:55,308 [INFO]  Epoch[4] Train-cross-entropy=0.000890
2024-04-11 15:26:55,308 [INFO]  Epoch[4] Train-a1-accuracy=2.875000
2024-04-11 15:26:55,308 [INFO]  Epoch[4] Time cost=0.103
2024-04-11 15:26:55,312 [INFO]  Saved checkpoint to "./imputer_model/30_monk/imputer_model_a1/model-0004.params"
2024-04-11 15:26:55,467 [INFO]  Epoch[4] Validation-cross-entropy=0.000336
2024-04-11 15:26:55,468 [INFO]  Epoch[4] Validation-a1-accuracy=0.000000
2024-04-11 15:26:55,468 [INFO]  
========== done (0.4990856647491455 s) fit model
