2024-04-08 00:21:40,011 [INFO]  
========== start: fit model
2024-04-08 00:21:40,011 [WARNING]  Already bound, ignoring bind()
2024-04-08 00:21:40,017 [INFO]  Epoch[0] Batch [0-3]	Speed: 20414.38 samples/sec	cross-entropy=8.128352	index-accuracy=2.500000
2024-04-08 00:21:40,019 [INFO]  Epoch[0] Train-cross-entropy=2.588597
2024-04-08 00:21:40,019 [INFO]  Epoch[0] Train-index-accuracy=2.000000
2024-04-08 00:21:40,019 [INFO]  Epoch[0] Time cost=0.007
2024-04-08 00:21:40,021 [INFO]  Saved checkpoint to "./imputer_model/29_echocardiogram/imputer_model_index/model-0000.params"
2024-04-08 00:21:40,022 [INFO]  Epoch[0] Validation-cross-entropy=9.298225
2024-04-08 00:21:40,022 [INFO]  Epoch[0] Validation-index-accuracy=0.000000
2024-04-08 00:21:40,030 [INFO]  Epoch[1] Batch [0-3]	Speed: 6795.15 samples/sec	cross-entropy=2.713921	index-accuracy=2.500000
2024-04-08 00:21:40,032 [INFO]  Epoch[1] Train-cross-entropy=2.579373
2024-04-08 00:21:40,032 [INFO]  Epoch[1] Train-index-accuracy=2.000000
2024-04-08 00:21:40,032 [INFO]  Epoch[1] Time cost=0.011
2024-04-08 00:21:40,034 [INFO]  Saved checkpoint to "./imputer_model/29_echocardiogram/imputer_model_index/model-0001.params"
2024-04-08 00:21:40,034 [INFO]  Epoch[1] Validation-cross-entropy=9.887167
2024-04-08 00:21:40,035 [INFO]  Epoch[1] Validation-index-accuracy=0.000000
2024-04-08 00:21:40,078 [INFO]  Epoch[2] Batch [0-3]	Speed: 23464.64 samples/sec	cross-entropy=1.516491	index-accuracy=2.500000
2024-04-08 00:21:40,151 [INFO]  Epoch[2] Train-cross-entropy=1.123429
2024-04-08 00:21:40,151 [INFO]  Epoch[2] Train-index-accuracy=2.000000
2024-04-08 00:21:40,151 [INFO]  Epoch[2] Time cost=0.116
2024-04-08 00:21:40,155 [INFO]  Saved checkpoint to "./imputer_model/29_echocardiogram/imputer_model_index/model-0002.params"
2024-04-08 00:21:40,164 [INFO]  Epoch[2] Validation-cross-entropy=6.929343
2024-04-08 00:21:40,164 [INFO]  Epoch[2] Validation-index-accuracy=0.000000
2024-04-08 00:21:40,197 [INFO]  Epoch[3] Batch [0-3]	Speed: 1681.77 samples/sec	cross-entropy=0.856246	index-accuracy=2.500000
2024-04-08 00:21:40,231 [INFO]  Epoch[3] Train-cross-entropy=0.667491
2024-04-08 00:21:40,232 [INFO]  Epoch[3] Train-index-accuracy=2.000000
2024-04-08 00:21:40,232 [INFO]  Epoch[3] Time cost=0.068
2024-04-08 00:21:40,233 [INFO]  Saved checkpoint to "./imputer_model/29_echocardiogram/imputer_model_index/model-0003.params"
2024-04-08 00:21:40,234 [INFO]  Epoch[3] Validation-cross-entropy=4.321709
2024-04-08 00:21:40,234 [INFO]  Epoch[3] Validation-index-accuracy=0.000000
2024-04-08 00:21:40,238 [INFO]  Epoch[4] Batch [0-3]	Speed: 19739.84 samples/sec	cross-entropy=0.624069	index-accuracy=2.500000
2024-04-08 00:21:40,240 [INFO]  Epoch[4] Train-cross-entropy=0.438759
2024-04-08 00:21:40,240 [INFO]  Epoch[4] Train-index-accuracy=2.000000
2024-04-08 00:21:40,240 [INFO]  Epoch[4] Time cost=0.006
2024-04-08 00:21:40,241 [INFO]  Saved checkpoint to "./imputer_model/29_echocardiogram/imputer_model_index/model-0004.params"
2024-04-08 00:21:40,242 [INFO]  Epoch[4] Validation-cross-entropy=2.933710
2024-04-08 00:21:40,242 [INFO]  Epoch[4] Validation-index-accuracy=0.000000
2024-04-08 00:21:40,242 [INFO]  
========== done (0.23133277893066406 s) fit model
2024-04-08 00:21:44,306 [INFO]  
========== start: fit model
2024-04-08 00:21:44,306 [WARNING]  Already bound, ignoring bind()
2024-04-08 00:21:44,329 [INFO]  Epoch[0] Batch [0-3]	Speed: 20397.83 samples/sec	cross-entropy=12.480428	index-accuracy=1.500000
2024-04-08 00:21:44,331 [INFO]  Epoch[0] Train-cross-entropy=4.765243
2024-04-08 00:21:44,331 [INFO]  Epoch[0] Train-index-accuracy=1.000000
2024-04-08 00:21:44,331 [INFO]  Epoch[0] Time cost=0.024
2024-04-08 00:21:44,333 [INFO]  Saved checkpoint to "./imputer_model/29_echocardiogram/imputer_model_index/model-0000.params"
2024-04-08 00:21:44,333 [INFO]  Epoch[0] Validation-cross-entropy=6.806374
2024-04-08 00:21:44,333 [INFO]  Epoch[0] Validation-index-accuracy=0.000000
2024-04-08 00:21:44,336 [INFO]  Epoch[1] Batch [0-3]	Speed: 21587.67 samples/sec	cross-entropy=3.764116	index-accuracy=1.500000
2024-04-08 00:21:44,338 [INFO]  Epoch[1] Train-cross-entropy=2.089319
2024-04-08 00:21:44,338 [INFO]  Epoch[1] Train-index-accuracy=1.000000
2024-04-08 00:21:44,338 [INFO]  Epoch[1] Time cost=0.005
2024-04-08 00:21:44,340 [INFO]  Saved checkpoint to "./imputer_model/29_echocardiogram/imputer_model_index/model-0001.params"
2024-04-08 00:21:44,340 [INFO]  Epoch[1] Validation-cross-entropy=2.658415
2024-04-08 00:21:44,340 [INFO]  Epoch[1] Validation-index-accuracy=0.000000
2024-04-08 00:21:44,343 [INFO]  Epoch[2] Batch [0-3]	Speed: 21902.37 samples/sec	cross-entropy=2.246940	index-accuracy=1.500000
2024-04-08 00:21:44,345 [INFO]  Epoch[2] Train-cross-entropy=1.026789
2024-04-08 00:21:44,345 [INFO]  Epoch[2] Train-index-accuracy=1.000000
2024-04-08 00:21:44,345 [INFO]  Epoch[2] Time cost=0.005
2024-04-08 00:21:44,347 [INFO]  Saved checkpoint to "./imputer_model/29_echocardiogram/imputer_model_index/model-0002.params"
2024-04-08 00:21:44,348 [INFO]  Epoch[2] Validation-cross-entropy=1.815590
2024-04-08 00:21:44,348 [INFO]  Epoch[2] Validation-index-accuracy=0.000000
2024-04-08 00:21:44,351 [INFO]  Epoch[3] Batch [0-3]	Speed: 22026.98 samples/sec	cross-entropy=1.567654	index-accuracy=1.500000
2024-04-08 00:21:44,352 [INFO]  Epoch[3] Train-cross-entropy=0.782673
2024-04-08 00:21:44,352 [INFO]  Epoch[3] Train-index-accuracy=1.000000
2024-04-08 00:21:44,352 [INFO]  Epoch[3] Time cost=0.005
2024-04-08 00:21:44,354 [INFO]  Saved checkpoint to "./imputer_model/29_echocardiogram/imputer_model_index/model-0003.params"
2024-04-08 00:21:44,354 [INFO]  Epoch[3] Validation-cross-entropy=2.217492
2024-04-08 00:21:44,354 [INFO]  Epoch[3] Validation-index-accuracy=0.000000
2024-04-08 00:21:44,358 [INFO]  Epoch[4] Batch [0-3]	Speed: 21631.74 samples/sec	cross-entropy=0.987511	index-accuracy=1.500000
2024-04-08 00:21:44,359 [INFO]  Epoch[4] Train-cross-entropy=0.602281
2024-04-08 00:21:44,359 [INFO]  Epoch[4] Train-index-accuracy=1.000000
2024-04-08 00:21:44,359 [INFO]  Epoch[4] Time cost=0.005
2024-04-08 00:21:44,363 [INFO]  Saved checkpoint to "./imputer_model/29_echocardiogram/imputer_model_index/model-0004.params"
2024-04-08 00:21:44,373 [INFO]  Epoch[4] Validation-cross-entropy=2.362264
2024-04-08 00:21:44,373 [INFO]  Epoch[4] Validation-index-accuracy=0.000000
2024-04-08 00:21:44,374 [INFO]  
========== done (0.06743526458740234 s) fit model
2024-04-08 00:21:48,422 [INFO]  
========== start: fit model
2024-04-08 00:21:48,422 [WARNING]  Already bound, ignoring bind()
2024-04-08 00:21:48,494 [INFO]  Epoch[0] Batch [0-3]	Speed: 2404.73 samples/sec	cross-entropy=17.077912	index-accuracy=2.250000
2024-04-08 00:21:48,499 [INFO]  Epoch[0] Train-cross-entropy=13.758582
2024-04-08 00:21:48,499 [INFO]  Epoch[0] Train-index-accuracy=1.500000
2024-04-08 00:21:48,499 [INFO]  Epoch[0] Time cost=0.076
2024-04-08 00:21:48,503 [INFO]  Saved checkpoint to "./imputer_model/29_echocardiogram/imputer_model_index/model-0000.params"
2024-04-08 00:21:48,550 [INFO]  Epoch[0] Validation-cross-entropy=9.468119
2024-04-08 00:21:48,550 [INFO]  Epoch[0] Validation-index-accuracy=0.000000
2024-04-08 00:21:48,566 [INFO]  Epoch[1] Batch [0-3]	Speed: 5066.22 samples/sec	cross-entropy=7.349746	index-accuracy=2.250000
2024-04-08 00:21:48,570 [INFO]  Epoch[1] Train-cross-entropy=4.495198
2024-04-08 00:21:48,571 [INFO]  Epoch[1] Train-index-accuracy=1.500000
2024-04-08 00:21:48,571 [INFO]  Epoch[1] Time cost=0.020
2024-04-08 00:21:48,573 [INFO]  Saved checkpoint to "./imputer_model/29_echocardiogram/imputer_model_index/model-0001.params"
2024-04-08 00:21:48,574 [INFO]  Epoch[1] Validation-cross-entropy=5.645535
2024-04-08 00:21:48,574 [INFO]  Epoch[1] Validation-index-accuracy=0.000000
2024-04-08 00:21:48,579 [INFO]  Epoch[2] Batch [0-3]	Speed: 14672.88 samples/sec	cross-entropy=3.633391	index-accuracy=2.250000
2024-04-08 00:21:48,582 [INFO]  Epoch[2] Train-cross-entropy=3.175868
2024-04-08 00:21:48,582 [INFO]  Epoch[2] Train-index-accuracy=1.500000
2024-04-08 00:21:48,582 [INFO]  Epoch[2] Time cost=0.008
2024-04-08 00:21:48,584 [INFO]  Saved checkpoint to "./imputer_model/29_echocardiogram/imputer_model_index/model-0002.params"
2024-04-08 00:21:48,588 [INFO]  Epoch[2] Validation-cross-entropy=3.806526
2024-04-08 00:21:48,588 [INFO]  Epoch[2] Validation-index-accuracy=0.000000
2024-04-08 00:21:48,595 [INFO]  Epoch[3] Batch [0-3]	Speed: 8938.31 samples/sec	cross-entropy=2.082784	index-accuracy=2.250000
2024-04-08 00:21:48,597 [INFO]  Epoch[3] Train-cross-entropy=2.638071
2024-04-08 00:21:48,597 [INFO]  Epoch[3] Train-index-accuracy=1.500000
2024-04-08 00:21:48,597 [INFO]  Epoch[3] Time cost=0.009
2024-04-08 00:21:48,599 [INFO]  Saved checkpoint to "./imputer_model/29_echocardiogram/imputer_model_index/model-0003.params"
2024-04-08 00:21:48,600 [INFO]  Epoch[3] Validation-cross-entropy=2.433228
2024-04-08 00:21:48,600 [INFO]  Epoch[3] Validation-index-accuracy=0.000000
2024-04-08 00:21:48,605 [INFO]  Epoch[4] Batch [0-3]	Speed: 15164.70 samples/sec	cross-entropy=1.529503	index-accuracy=2.250000
2024-04-08 00:21:48,607 [INFO]  Epoch[4] Train-cross-entropy=1.832117
2024-04-08 00:21:48,607 [INFO]  Epoch[4] Train-index-accuracy=1.500000
2024-04-08 00:21:48,607 [INFO]  Epoch[4] Time cost=0.007
2024-04-08 00:21:48,609 [INFO]  Saved checkpoint to "./imputer_model/29_echocardiogram/imputer_model_index/model-0004.params"
2024-04-08 00:21:48,610 [INFO]  Epoch[4] Validation-cross-entropy=1.627208
2024-04-08 00:21:48,610 [INFO]  Epoch[4] Validation-index-accuracy=0.000000
2024-04-08 00:21:48,611 [INFO]  
========== done (0.1882801055908203 s) fit model
2024-04-08 00:21:54,394 [INFO]  
========== start: fit model
2024-04-08 00:21:54,394 [WARNING]  Already bound, ignoring bind()
2024-04-08 00:21:54,424 [INFO]  Epoch[0] Batch [0-3]	Speed: 12937.06 samples/sec	cross-entropy=14.075052	index-accuracy=0.000000
2024-04-08 00:21:54,430 [INFO]  Epoch[0] Train-cross-entropy=12.709778
2024-04-08 00:21:54,430 [INFO]  Epoch[0] Train-index-accuracy=0.000000
2024-04-08 00:21:54,430 [INFO]  Epoch[0] Time cost=0.035
2024-04-08 00:21:54,432 [INFO]  Saved checkpoint to "./imputer_model/29_echocardiogram/imputer_model_index/model-0000.params"
2024-04-08 00:21:54,433 [INFO]  Epoch[0] Validation-cross-entropy=15.082670
2024-04-08 00:21:54,433 [INFO]  Epoch[0] Validation-index-accuracy=0.000000
2024-04-08 00:21:54,437 [INFO]  Epoch[1] Batch [0-3]	Speed: 14894.33 samples/sec	cross-entropy=5.606287	index-accuracy=0.000000
2024-04-08 00:21:54,439 [INFO]  Epoch[1] Train-cross-entropy=5.030600
2024-04-08 00:21:54,439 [INFO]  Epoch[1] Train-index-accuracy=0.000000
2024-04-08 00:21:54,439 [INFO]  Epoch[1] Time cost=0.007
2024-04-08 00:21:54,441 [INFO]  Saved checkpoint to "./imputer_model/29_echocardiogram/imputer_model_index/model-0001.params"
2024-04-08 00:21:54,442 [INFO]  Epoch[1] Validation-cross-entropy=7.207284
2024-04-08 00:21:54,442 [INFO]  Epoch[1] Validation-index-accuracy=0.000000
2024-04-08 00:21:54,446 [INFO]  Epoch[2] Batch [0-3]	Speed: 14592.06 samples/sec	cross-entropy=3.279481	index-accuracy=0.000000
2024-04-08 00:21:54,449 [INFO]  Epoch[2] Train-cross-entropy=2.451557
2024-04-08 00:21:54,449 [INFO]  Epoch[2] Train-index-accuracy=0.000000
2024-04-08 00:21:54,449 [INFO]  Epoch[2] Time cost=0.007
2024-04-08 00:21:54,451 [INFO]  Saved checkpoint to "./imputer_model/29_echocardiogram/imputer_model_index/model-0002.params"
2024-04-08 00:21:54,452 [INFO]  Epoch[2] Validation-cross-entropy=3.744832
2024-04-08 00:21:54,452 [INFO]  Epoch[2] Validation-index-accuracy=0.000000
2024-04-08 00:21:54,457 [INFO]  Epoch[3] Batch [0-3]	Speed: 14110.36 samples/sec	cross-entropy=1.679389	index-accuracy=0.000000
2024-04-08 00:21:54,459 [INFO]  Epoch[3] Train-cross-entropy=0.866034
2024-04-08 00:21:54,460 [INFO]  Epoch[3] Train-index-accuracy=0.000000
2024-04-08 00:21:54,460 [INFO]  Epoch[3] Time cost=0.007
2024-04-08 00:21:54,461 [INFO]  Saved checkpoint to "./imputer_model/29_echocardiogram/imputer_model_index/model-0003.params"
2024-04-08 00:21:54,462 [INFO]  Epoch[3] Validation-cross-entropy=1.947361
2024-04-08 00:21:54,462 [INFO]  Epoch[3] Validation-index-accuracy=0.000000
2024-04-08 00:21:54,469 [INFO]  Epoch[4] Batch [0-3]	Speed: 8215.40 samples/sec	cross-entropy=0.758482	index-accuracy=0.000000
2024-04-08 00:21:54,472 [INFO]  Epoch[4] Train-cross-entropy=0.488985
2024-04-08 00:21:54,472 [INFO]  Epoch[4] Train-index-accuracy=0.000000
2024-04-08 00:21:54,472 [INFO]  Epoch[4] Time cost=0.010
2024-04-08 00:21:54,474 [INFO]  Saved checkpoint to "./imputer_model/29_echocardiogram/imputer_model_index/model-0004.params"
2024-04-08 00:21:54,475 [INFO]  Epoch[4] Validation-cross-entropy=1.295444
2024-04-08 00:21:54,475 [INFO]  Epoch[4] Validation-index-accuracy=0.000000
2024-04-08 00:21:54,475 [INFO]  
========== done (0.08109045028686523 s) fit model
2024-04-08 00:21:58,946 [INFO]  
========== start: fit model
2024-04-08 00:21:58,946 [WARNING]  Already bound, ignoring bind()
2024-04-08 00:21:58,965 [INFO]  Epoch[0] Batch [0-3]	Speed: 20362.76 samples/sec	cross-entropy=11.948848	index-accuracy=2.750000
2024-04-08 00:21:58,966 [INFO]  Epoch[0] Train-cross-entropy=2.930283
2024-04-08 00:21:58,967 [INFO]  Epoch[0] Train-index-accuracy=3.000000
2024-04-08 00:21:58,967 [INFO]  Epoch[0] Time cost=0.020
2024-04-08 00:21:58,968 [INFO]  Saved checkpoint to "./imputer_model/29_echocardiogram/imputer_model_index/model-0000.params"
2024-04-08 00:21:58,969 [INFO]  Epoch[0] Validation-cross-entropy=15.309422
2024-04-08 00:21:58,969 [INFO]  Epoch[0] Validation-index-accuracy=0.000000
2024-04-08 00:21:58,972 [INFO]  Epoch[1] Batch [0-3]	Speed: 26017.91 samples/sec	cross-entropy=4.707711	index-accuracy=2.750000
2024-04-08 00:21:58,973 [INFO]  Epoch[1] Train-cross-entropy=2.119012
2024-04-08 00:21:58,973 [INFO]  Epoch[1] Train-index-accuracy=3.000000
2024-04-08 00:21:58,973 [INFO]  Epoch[1] Time cost=0.004
2024-04-08 00:21:58,977 [INFO]  Saved checkpoint to "./imputer_model/29_echocardiogram/imputer_model_index/model-0001.params"
2024-04-08 00:21:58,977 [INFO]  Epoch[1] Validation-cross-entropy=8.761316
2024-04-08 00:21:58,977 [INFO]  Epoch[1] Validation-index-accuracy=0.000000
2024-04-08 00:21:58,980 [INFO]  Epoch[2] Batch [0-3]	Speed: 27473.61 samples/sec	cross-entropy=2.400295	index-accuracy=2.750000
2024-04-08 00:21:58,981 [INFO]  Epoch[2] Train-cross-entropy=1.176932
2024-04-08 00:21:58,981 [INFO]  Epoch[2] Train-index-accuracy=3.000000
2024-04-08 00:21:58,981 [INFO]  Epoch[2] Time cost=0.004
2024-04-08 00:21:58,983 [INFO]  Saved checkpoint to "./imputer_model/29_echocardiogram/imputer_model_index/model-0002.params"
2024-04-08 00:21:58,983 [INFO]  Epoch[2] Validation-cross-entropy=4.642696
2024-04-08 00:21:58,983 [INFO]  Epoch[2] Validation-index-accuracy=0.000000
2024-04-08 00:21:58,986 [INFO]  Epoch[3] Batch [0-3]	Speed: 27662.35 samples/sec	cross-entropy=1.441098	index-accuracy=2.750000
2024-04-08 00:21:58,987 [INFO]  Epoch[3] Train-cross-entropy=0.700187
2024-04-08 00:21:58,987 [INFO]  Epoch[3] Train-index-accuracy=3.000000
2024-04-08 00:21:58,987 [INFO]  Epoch[3] Time cost=0.004
2024-04-08 00:21:58,988 [INFO]  Saved checkpoint to "./imputer_model/29_echocardiogram/imputer_model_index/model-0003.params"
2024-04-08 00:21:58,989 [INFO]  Epoch[3] Validation-cross-entropy=3.303199
2024-04-08 00:21:58,989 [INFO]  Epoch[3] Validation-index-accuracy=0.000000
2024-04-08 00:21:58,991 [INFO]  Epoch[4] Batch [0-3]	Speed: 27796.02 samples/sec	cross-entropy=0.971399	index-accuracy=2.750000
2024-04-08 00:21:58,993 [INFO]  Epoch[4] Train-cross-entropy=0.460857
2024-04-08 00:21:58,993 [INFO]  Epoch[4] Train-index-accuracy=3.000000
2024-04-08 00:21:58,993 [INFO]  Epoch[4] Time cost=0.004
2024-04-08 00:21:58,995 [INFO]  Saved checkpoint to "./imputer_model/29_echocardiogram/imputer_model_index/model-0004.params"
2024-04-08 00:21:58,995 [INFO]  Epoch[4] Validation-cross-entropy=2.602520
2024-04-08 00:21:58,995 [INFO]  Epoch[4] Validation-index-accuracy=0.000000
2024-04-08 00:21:58,995 [INFO]  
========== done (0.04987335205078125 s) fit model
2024-04-08 00:22:03,636 [INFO]  
========== start: fit model
2024-04-08 00:22:03,636 [WARNING]  Already bound, ignoring bind()
2024-04-08 00:22:03,706 [INFO]  Epoch[0] Batch [0-3]	Speed: 24561.01 samples/sec	cross-entropy=9.194865	index-accuracy=2.000000
2024-04-08 00:22:03,708 [INFO]  Epoch[0] Train-cross-entropy=6.597982
2024-04-08 00:22:03,708 [INFO]  Epoch[0] Train-index-accuracy=1.500000
2024-04-08 00:22:03,708 [INFO]  Epoch[0] Time cost=0.071
2024-04-08 00:22:03,709 [INFO]  Saved checkpoint to "./imputer_model/29_echocardiogram/imputer_model_index/model-0000.params"
2024-04-08 00:22:03,710 [INFO]  Epoch[0] Validation-cross-entropy=4.043472
2024-04-08 00:22:03,710 [INFO]  Epoch[0] Validation-index-accuracy=0.000000
2024-04-08 00:22:03,712 [INFO]  Epoch[1] Batch [0-3]	Speed: 28165.44 samples/sec	cross-entropy=3.983634	index-accuracy=2.000000
2024-04-08 00:22:03,714 [INFO]  Epoch[1] Train-cross-entropy=3.190696
2024-04-08 00:22:03,714 [INFO]  Epoch[1] Train-index-accuracy=1.500000
2024-04-08 00:22:03,714 [INFO]  Epoch[1] Time cost=0.004
2024-04-08 00:22:03,715 [INFO]  Saved checkpoint to "./imputer_model/29_echocardiogram/imputer_model_index/model-0001.params"
2024-04-08 00:22:03,715 [INFO]  Epoch[1] Validation-cross-entropy=2.540107
2024-04-08 00:22:03,715 [INFO]  Epoch[1] Validation-index-accuracy=0.000000
2024-04-08 00:22:03,728 [INFO]  Epoch[2] Batch [0-3]	Speed: 20313.45 samples/sec	cross-entropy=2.295989	index-accuracy=2.000000
2024-04-08 00:22:03,730 [INFO]  Epoch[2] Train-cross-entropy=2.278378
2024-04-08 00:22:03,730 [INFO]  Epoch[2] Train-index-accuracy=1.500000
2024-04-08 00:22:03,730 [INFO]  Epoch[2] Time cost=0.015
2024-04-08 00:22:03,732 [INFO]  Saved checkpoint to "./imputer_model/29_echocardiogram/imputer_model_index/model-0002.params"
2024-04-08 00:22:03,733 [INFO]  Epoch[2] Validation-cross-entropy=2.106244
2024-04-08 00:22:03,733 [INFO]  Epoch[2] Validation-index-accuracy=0.000000
2024-04-08 00:22:03,753 [INFO]  Epoch[3] Batch [0-3]	Speed: 2527.42 samples/sec	cross-entropy=1.615887	index-accuracy=2.000000
2024-04-08 00:22:03,766 [INFO]  Epoch[3] Train-cross-entropy=1.479697
2024-04-08 00:22:03,766 [INFO]  Epoch[3] Train-index-accuracy=1.500000
2024-04-08 00:22:03,766 [INFO]  Epoch[3] Time cost=0.033
2024-04-08 00:22:03,768 [INFO]  Saved checkpoint to "./imputer_model/29_echocardiogram/imputer_model_index/model-0003.params"
2024-04-08 00:22:03,769 [INFO]  Epoch[3] Validation-cross-entropy=1.665783
2024-04-08 00:22:03,769 [INFO]  Epoch[3] Validation-index-accuracy=0.000000
2024-04-08 00:22:03,772 [INFO]  Epoch[4] Batch [0-3]	Speed: 20817.56 samples/sec	cross-entropy=1.012816	index-accuracy=2.000000
2024-04-08 00:22:03,773 [INFO]  Epoch[4] Train-cross-entropy=0.792324
2024-04-08 00:22:03,773 [INFO]  Epoch[4] Train-index-accuracy=1.500000
2024-04-08 00:22:03,774 [INFO]  Epoch[4] Time cost=0.005
2024-04-08 00:22:03,775 [INFO]  Saved checkpoint to "./imputer_model/29_echocardiogram/imputer_model_index/model-0004.params"
2024-04-08 00:22:03,776 [INFO]  Epoch[4] Validation-cross-entropy=1.121179
2024-04-08 00:22:03,776 [INFO]  Epoch[4] Validation-index-accuracy=0.000000
2024-04-08 00:22:03,776 [INFO]  
========== done (0.1398773193359375 s) fit model
2024-04-08 00:22:07,706 [INFO]  
========== start: fit model
2024-04-08 00:22:07,706 [WARNING]  Already bound, ignoring bind()
2024-04-08 00:22:07,933 [INFO]  Epoch[0] Batch [0-3]	Speed: 2812.41 samples/sec	cross-entropy=12.572890	index-accuracy=0.000000
2024-04-08 00:22:07,968 [INFO]  Epoch[0] Train-cross-entropy=25.173903
2024-04-08 00:22:07,968 [INFO]  Epoch[0] Train-index-accuracy=0.000000
2024-04-08 00:22:07,968 [INFO]  Epoch[0] Time cost=0.261
2024-04-08 00:22:07,970 [INFO]  Saved checkpoint to "./imputer_model/29_echocardiogram/imputer_model_index/model-0000.params"
2024-04-08 00:22:07,988 [INFO]  Epoch[0] Validation-cross-entropy=21.672522
2024-04-08 00:22:07,988 [INFO]  Epoch[0] Validation-index-accuracy=0.000000
2024-04-08 00:22:07,993 [INFO]  Epoch[1] Batch [0-3]	Speed: 14473.51 samples/sec	cross-entropy=4.397810	index-accuracy=0.000000
2024-04-08 00:22:07,996 [INFO]  Epoch[1] Train-cross-entropy=11.991751
2024-04-08 00:22:07,996 [INFO]  Epoch[1] Train-index-accuracy=0.000000
2024-04-08 00:22:07,996 [INFO]  Epoch[1] Time cost=0.008
2024-04-08 00:22:07,998 [INFO]  Saved checkpoint to "./imputer_model/29_echocardiogram/imputer_model_index/model-0001.params"
2024-04-08 00:22:07,999 [INFO]  Epoch[1] Validation-cross-entropy=15.045299
2024-04-08 00:22:07,999 [INFO]  Epoch[1] Validation-index-accuracy=0.000000
2024-04-08 00:22:08,002 [INFO]  Epoch[2] Batch [0-3]	Speed: 27187.93 samples/sec	cross-entropy=2.433719	index-accuracy=0.000000
2024-04-08 00:22:08,003 [INFO]  Epoch[2] Train-cross-entropy=5.239151
2024-04-08 00:22:08,004 [INFO]  Epoch[2] Train-index-accuracy=0.000000
2024-04-08 00:22:08,004 [INFO]  Epoch[2] Time cost=0.005
2024-04-08 00:22:08,008 [INFO]  Saved checkpoint to "./imputer_model/29_echocardiogram/imputer_model_index/model-0002.params"
2024-04-08 00:22:08,020 [INFO]  Epoch[2] Validation-cross-entropy=9.787119
2024-04-08 00:22:08,020 [INFO]  Epoch[2] Validation-index-accuracy=0.000000
2024-04-08 00:22:08,024 [INFO]  Epoch[3] Batch [0-3]	Speed: 17118.15 samples/sec	cross-entropy=1.672854	index-accuracy=0.000000
2024-04-08 00:22:08,026 [INFO]  Epoch[3] Train-cross-entropy=1.961848
2024-04-08 00:22:08,026 [INFO]  Epoch[3] Train-index-accuracy=0.000000
2024-04-08 00:22:08,026 [INFO]  Epoch[3] Time cost=0.006
2024-04-08 00:22:08,027 [INFO]  Saved checkpoint to "./imputer_model/29_echocardiogram/imputer_model_index/model-0003.params"
2024-04-08 00:22:08,055 [INFO]  Epoch[3] Validation-cross-entropy=5.748930
2024-04-08 00:22:08,055 [INFO]  Epoch[3] Validation-index-accuracy=0.000000
2024-04-08 00:22:08,060 [INFO]  Epoch[4] Batch [0-3]	Speed: 16153.94 samples/sec	cross-entropy=1.209159	index-accuracy=0.000000
2024-04-08 00:22:08,061 [INFO]  Epoch[4] Train-cross-entropy=0.859107
2024-04-08 00:22:08,061 [INFO]  Epoch[4] Train-index-accuracy=0.000000
2024-04-08 00:22:08,061 [INFO]  Epoch[4] Time cost=0.006
2024-04-08 00:22:08,065 [INFO]  Saved checkpoint to "./imputer_model/29_echocardiogram/imputer_model_index/model-0004.params"
2024-04-08 00:22:08,070 [INFO]  Epoch[4] Validation-cross-entropy=3.271832
2024-04-08 00:22:08,070 [INFO]  Epoch[4] Validation-index-accuracy=0.000000
2024-04-08 00:22:08,070 [INFO]  
========== done (0.3640866279602051 s) fit model
2024-04-08 00:22:13,765 [INFO]  
========== start: fit model
2024-04-08 00:22:13,765 [WARNING]  Already bound, ignoring bind()
2024-04-08 00:22:13,770 [INFO]  Epoch[0] Batch [0-3]	Speed: 21234.74 samples/sec	cross-entropy=19.465246	index-accuracy=2.750000
2024-04-08 00:22:13,772 [INFO]  Epoch[0] Train-cross-entropy=11.480747
2024-04-08 00:22:13,772 [INFO]  Epoch[0] Train-index-accuracy=1.500000
2024-04-08 00:22:13,772 [INFO]  Epoch[0] Time cost=0.006
2024-04-08 00:22:13,774 [INFO]  Saved checkpoint to "./imputer_model/29_echocardiogram/imputer_model_index/model-0000.params"
2024-04-08 00:22:13,774 [INFO]  Epoch[0] Validation-cross-entropy=15.300073
2024-04-08 00:22:13,774 [INFO]  Epoch[0] Validation-index-accuracy=0.000000
2024-04-08 00:22:13,778 [INFO]  Epoch[1] Batch [0-3]	Speed: 21424.56 samples/sec	cross-entropy=7.166974	index-accuracy=2.750000
2024-04-08 00:22:13,780 [INFO]  Epoch[1] Train-cross-entropy=5.189970
2024-04-08 00:22:13,781 [INFO]  Epoch[1] Train-index-accuracy=1.500000
2024-04-08 00:22:13,781 [INFO]  Epoch[1] Time cost=0.006
2024-04-08 00:22:13,783 [INFO]  Saved checkpoint to "./imputer_model/29_echocardiogram/imputer_model_index/model-0001.params"
2024-04-08 00:22:13,783 [INFO]  Epoch[1] Validation-cross-entropy=6.743536
2024-04-08 00:22:13,784 [INFO]  Epoch[1] Validation-index-accuracy=0.000000
2024-04-08 00:22:13,789 [INFO]  Epoch[2] Batch [0-3]	Speed: 12937.06 samples/sec	cross-entropy=4.459915	index-accuracy=2.750000
2024-04-08 00:22:13,792 [INFO]  Epoch[2] Train-cross-entropy=2.336216
2024-04-08 00:22:13,792 [INFO]  Epoch[2] Train-index-accuracy=1.500000
2024-04-08 00:22:13,792 [INFO]  Epoch[2] Time cost=0.008
2024-04-08 00:22:13,795 [INFO]  Saved checkpoint to "./imputer_model/29_echocardiogram/imputer_model_index/model-0002.params"
2024-04-08 00:22:13,796 [INFO]  Epoch[2] Validation-cross-entropy=2.972361
2024-04-08 00:22:13,796 [INFO]  Epoch[2] Validation-index-accuracy=0.000000
2024-04-08 00:22:13,802 [INFO]  Epoch[3] Batch [0-3]	Speed: 12353.60 samples/sec	cross-entropy=2.382403	index-accuracy=2.750000
2024-04-08 00:22:13,805 [INFO]  Epoch[3] Train-cross-entropy=1.202551
2024-04-08 00:22:13,805 [INFO]  Epoch[3] Train-index-accuracy=1.500000
2024-04-08 00:22:13,805 [INFO]  Epoch[3] Time cost=0.009
2024-04-08 00:22:13,807 [INFO]  Saved checkpoint to "./imputer_model/29_echocardiogram/imputer_model_index/model-0003.params"
2024-04-08 00:22:13,807 [INFO]  Epoch[3] Validation-cross-entropy=2.187397
2024-04-08 00:22:13,807 [INFO]  Epoch[3] Validation-index-accuracy=0.000000
2024-04-08 00:22:13,812 [INFO]  Epoch[4] Batch [0-3]	Speed: 13155.16 samples/sec	cross-entropy=1.737885	index-accuracy=2.750000
2024-04-08 00:22:13,815 [INFO]  Epoch[4] Train-cross-entropy=0.767446
2024-04-08 00:22:13,815 [INFO]  Epoch[4] Train-index-accuracy=1.500000
2024-04-08 00:22:13,815 [INFO]  Epoch[4] Time cost=0.008
2024-04-08 00:22:13,817 [INFO]  Saved checkpoint to "./imputer_model/29_echocardiogram/imputer_model_index/model-0004.params"
2024-04-08 00:22:13,818 [INFO]  Epoch[4] Validation-cross-entropy=1.667087
2024-04-08 00:22:13,818 [INFO]  Epoch[4] Validation-index-accuracy=0.000000
2024-04-08 00:22:13,818 [INFO]  
========== done (0.05325818061828613 s) fit model
2024-04-08 00:22:19,236 [INFO]  
========== start: fit model
2024-04-08 00:22:19,236 [WARNING]  Already bound, ignoring bind()
2024-04-08 00:22:19,241 [INFO]  Epoch[0] Batch [0-3]	Speed: 20778.88 samples/sec	cross-entropy=14.111545	index-accuracy=2.250000
2024-04-08 00:22:19,243 [INFO]  Epoch[0] Train-cross-entropy=5.714553
2024-04-08 00:22:19,243 [INFO]  Epoch[0] Train-index-accuracy=2.500000
2024-04-08 00:22:19,243 [INFO]  Epoch[0] Time cost=0.006
2024-04-08 00:22:19,244 [INFO]  Saved checkpoint to "./imputer_model/29_echocardiogram/imputer_model_index/model-0000.params"
2024-04-08 00:22:19,252 [INFO]  Epoch[0] Validation-cross-entropy=3.497393
2024-04-08 00:22:19,252 [INFO]  Epoch[0] Validation-index-accuracy=0.000000
2024-04-08 00:22:19,258 [INFO]  Epoch[1] Batch [0-3]	Speed: 13331.12 samples/sec	cross-entropy=5.835669	index-accuracy=2.250000
2024-04-08 00:22:19,260 [INFO]  Epoch[1] Train-cross-entropy=2.873595
2024-04-08 00:22:19,260 [INFO]  Epoch[1] Train-index-accuracy=2.500000
2024-04-08 00:22:19,260 [INFO]  Epoch[1] Time cost=0.008
2024-04-08 00:22:19,264 [INFO]  Saved checkpoint to "./imputer_model/29_echocardiogram/imputer_model_index/model-0001.params"
2024-04-08 00:22:19,284 [INFO]  Epoch[1] Validation-cross-entropy=1.264144
2024-04-08 00:22:19,284 [INFO]  Epoch[1] Validation-index-accuracy=0.000000
2024-04-08 00:22:19,289 [INFO]  Epoch[2] Batch [0-3]	Speed: 14842.72 samples/sec	cross-entropy=2.587747	index-accuracy=2.250000
2024-04-08 00:22:19,291 [INFO]  Epoch[2] Train-cross-entropy=1.649805
2024-04-08 00:22:19,291 [INFO]  Epoch[2] Train-index-accuracy=2.500000
2024-04-08 00:22:19,291 [INFO]  Epoch[2] Time cost=0.007
2024-04-08 00:22:19,294 [INFO]  Saved checkpoint to "./imputer_model/29_echocardiogram/imputer_model_index/model-0002.params"
2024-04-08 00:22:19,294 [INFO]  Epoch[2] Validation-cross-entropy=0.879720
2024-04-08 00:22:19,294 [INFO]  Epoch[2] Validation-index-accuracy=0.000000
2024-04-08 00:22:19,299 [INFO]  Epoch[3] Batch [0-3]	Speed: 15327.49 samples/sec	cross-entropy=1.202101	index-accuracy=2.250000
2024-04-08 00:22:19,301 [INFO]  Epoch[3] Train-cross-entropy=0.951414
2024-04-08 00:22:19,301 [INFO]  Epoch[3] Train-index-accuracy=2.500000
2024-04-08 00:22:19,302 [INFO]  Epoch[3] Time cost=0.007
2024-04-08 00:22:19,303 [INFO]  Saved checkpoint to "./imputer_model/29_echocardiogram/imputer_model_index/model-0003.params"
2024-04-08 00:22:19,304 [INFO]  Epoch[3] Validation-cross-entropy=0.728719
2024-04-08 00:22:19,304 [INFO]  Epoch[3] Validation-index-accuracy=0.000000
2024-04-08 00:22:19,431 [INFO]  Epoch[4] Batch [0-3]	Speed: 379.19 samples/sec	cross-entropy=0.877605	index-accuracy=2.250000
2024-04-08 00:22:19,434 [INFO]  Epoch[4] Train-cross-entropy=0.667552
2024-04-08 00:22:19,434 [INFO]  Epoch[4] Train-index-accuracy=2.500000
2024-04-08 00:22:19,434 [INFO]  Epoch[4] Time cost=0.130
2024-04-08 00:22:19,435 [INFO]  Saved checkpoint to "./imputer_model/29_echocardiogram/imputer_model_index/model-0004.params"
2024-04-08 00:22:19,436 [INFO]  Epoch[4] Validation-cross-entropy=0.711356
2024-04-08 00:22:19,436 [INFO]  Epoch[4] Validation-index-accuracy=0.000000
2024-04-08 00:22:19,436 [INFO]  
========== done (0.20029044151306152 s) fit model
2024-04-08 00:22:24,393 [INFO]  
========== start: fit model
2024-04-08 00:22:24,393 [WARNING]  Already bound, ignoring bind()
2024-04-08 00:22:24,399 [INFO]  Epoch[0] Batch [0-3]	Speed: 15016.53 samples/sec	cross-entropy=18.713736	index-accuracy=0.000000
2024-04-08 00:22:24,401 [INFO]  Epoch[0] Train-cross-entropy=27.751878
2024-04-08 00:22:24,401 [INFO]  Epoch[0] Train-index-accuracy=0.000000
2024-04-08 00:22:24,401 [INFO]  Epoch[0] Time cost=0.007
2024-04-08 00:22:24,403 [INFO]  Saved checkpoint to "./imputer_model/29_echocardiogram/imputer_model_index/model-0000.params"
2024-04-08 00:22:24,404 [INFO]  Epoch[0] Validation-cross-entropy=9.973399
2024-04-08 00:22:24,404 [INFO]  Epoch[0] Validation-index-accuracy=0.000000
2024-04-08 00:22:24,409 [INFO]  Epoch[1] Batch [0-3]	Speed: 14684.65 samples/sec	cross-entropy=8.855468	index-accuracy=0.000000
2024-04-08 00:22:24,411 [INFO]  Epoch[1] Train-cross-entropy=11.745208
2024-04-08 00:22:24,411 [INFO]  Epoch[1] Train-index-accuracy=0.000000
2024-04-08 00:22:24,412 [INFO]  Epoch[1] Time cost=0.007
2024-04-08 00:22:24,413 [INFO]  Saved checkpoint to "./imputer_model/29_echocardiogram/imputer_model_index/model-0001.params"
2024-04-08 00:22:24,415 [INFO]  Epoch[1] Validation-cross-entropy=5.970438
2024-04-08 00:22:24,415 [INFO]  Epoch[1] Validation-index-accuracy=0.000000
2024-04-08 00:22:24,419 [INFO]  Epoch[2] Batch [0-3]	Speed: 14630.23 samples/sec	cross-entropy=4.911138	index-accuracy=0.000000
2024-04-08 00:22:24,425 [INFO]  Epoch[2] Train-cross-entropy=3.877536
2024-04-08 00:22:24,425 [INFO]  Epoch[2] Train-index-accuracy=0.000000
2024-04-08 00:22:24,425 [INFO]  Epoch[2] Time cost=0.010
2024-04-08 00:22:24,427 [INFO]  Saved checkpoint to "./imputer_model/29_echocardiogram/imputer_model_index/model-0002.params"
2024-04-08 00:22:24,429 [INFO]  Epoch[2] Validation-cross-entropy=3.390548
2024-04-08 00:22:24,429 [INFO]  Epoch[2] Validation-index-accuracy=0.000000
2024-04-08 00:22:24,433 [INFO]  Epoch[3] Batch [0-3]	Speed: 18919.89 samples/sec	cross-entropy=2.807787	index-accuracy=0.000000
2024-04-08 00:22:24,434 [INFO]  Epoch[3] Train-cross-entropy=1.176222
2024-04-08 00:22:24,434 [INFO]  Epoch[3] Train-index-accuracy=0.000000
2024-04-08 00:22:24,434 [INFO]  Epoch[3] Time cost=0.006
2024-04-08 00:22:24,436 [INFO]  Saved checkpoint to "./imputer_model/29_echocardiogram/imputer_model_index/model-0003.params"
2024-04-08 00:22:24,437 [INFO]  Epoch[3] Validation-cross-entropy=1.917947
2024-04-08 00:22:24,438 [INFO]  Epoch[3] Validation-index-accuracy=0.000000
2024-04-08 00:22:24,442 [INFO]  Epoch[4] Batch [0-3]	Speed: 18023.87 samples/sec	cross-entropy=1.786428	index-accuracy=0.000000
2024-04-08 00:22:24,443 [INFO]  Epoch[4] Train-cross-entropy=0.779430
2024-04-08 00:22:24,444 [INFO]  Epoch[4] Train-index-accuracy=0.000000
2024-04-08 00:22:24,444 [INFO]  Epoch[4] Time cost=0.006
2024-04-08 00:22:24,446 [INFO]  Saved checkpoint to "./imputer_model/29_echocardiogram/imputer_model_index/model-0004.params"
2024-04-08 00:22:24,447 [INFO]  Epoch[4] Validation-cross-entropy=1.261240
2024-04-08 00:22:24,447 [INFO]  Epoch[4] Validation-index-accuracy=0.000000
2024-04-08 00:22:24,447 [INFO]  
========== done (0.05401253700256348 s) fit model
2024-04-08 00:22:28,456 [INFO]  
========== start: fit model
2024-04-08 00:22:28,456 [WARNING]  Already bound, ignoring bind()
2024-04-08 00:22:28,503 [INFO]  Epoch[0] Batch [0-3]	Speed: 14939.64 samples/sec	cross-entropy=17.082578	index-accuracy=2.000000
2024-04-08 00:22:28,505 [INFO]  Epoch[0] Train-cross-entropy=5.985403
2024-04-08 00:22:28,506 [INFO]  Epoch[0] Train-index-accuracy=2.000000
2024-04-08 00:22:28,506 [INFO]  Epoch[0] Time cost=0.049
2024-04-08 00:22:28,511 [INFO]  Saved checkpoint to "./imputer_model/29_echocardiogram/imputer_model_index/model-0000.params"
2024-04-08 00:22:28,614 [INFO]  Epoch[0] Validation-cross-entropy=4.055154
2024-04-08 00:22:28,614 [INFO]  Epoch[0] Validation-index-accuracy=0.000000
2024-04-08 00:22:28,646 [INFO]  Epoch[1] Batch [0-3]	Speed: 12506.31 samples/sec	cross-entropy=4.243158	index-accuracy=2.000000
2024-04-08 00:22:28,652 [INFO]  Epoch[1] Train-cross-entropy=3.541377
2024-04-08 00:22:28,652 [INFO]  Epoch[1] Train-index-accuracy=2.000000
2024-04-08 00:22:28,652 [INFO]  Epoch[1] Time cost=0.038
2024-04-08 00:22:28,654 [INFO]  Saved checkpoint to "./imputer_model/29_echocardiogram/imputer_model_index/model-0001.params"
2024-04-08 00:22:28,655 [INFO]  Epoch[1] Validation-cross-entropy=2.105502
2024-04-08 00:22:28,655 [INFO]  Epoch[1] Validation-index-accuracy=0.000000
2024-04-08 00:22:28,681 [INFO]  Epoch[2] Batch [0-3]	Speed: 1974.91 samples/sec	cross-entropy=2.383861	index-accuracy=2.000000
2024-04-08 00:22:28,684 [INFO]  Epoch[2] Train-cross-entropy=2.617858
2024-04-08 00:22:28,684 [INFO]  Epoch[2] Train-index-accuracy=2.000000
2024-04-08 00:22:28,684 [INFO]  Epoch[2] Time cost=0.029
2024-04-08 00:22:28,686 [INFO]  Saved checkpoint to "./imputer_model/29_echocardiogram/imputer_model_index/model-0002.params"
2024-04-08 00:22:28,687 [INFO]  Epoch[2] Validation-cross-entropy=1.525397
2024-04-08 00:22:28,687 [INFO]  Epoch[2] Validation-index-accuracy=0.000000
2024-04-08 00:22:28,727 [INFO]  Epoch[3] Batch [0-3]	Speed: 1234.28 samples/sec	cross-entropy=1.697062	index-accuracy=2.000000
2024-04-08 00:22:28,730 [INFO]  Epoch[3] Train-cross-entropy=1.570000
2024-04-08 00:22:28,730 [INFO]  Epoch[3] Train-index-accuracy=2.000000
2024-04-08 00:22:28,730 [INFO]  Epoch[3] Time cost=0.043
2024-04-08 00:22:28,732 [INFO]  Saved checkpoint to "./imputer_model/29_echocardiogram/imputer_model_index/model-0003.params"
2024-04-08 00:22:28,732 [INFO]  Epoch[3] Validation-cross-entropy=0.602812
2024-04-08 00:22:28,732 [INFO]  Epoch[3] Validation-index-accuracy=0.000000
2024-04-08 00:22:28,737 [INFO]  Epoch[4] Batch [0-3]	Speed: 14352.79 samples/sec	cross-entropy=0.911570	index-accuracy=2.000000
2024-04-08 00:22:28,739 [INFO]  Epoch[4] Train-cross-entropy=0.981427
2024-04-08 00:22:28,739 [INFO]  Epoch[4] Train-index-accuracy=2.000000
2024-04-08 00:22:28,739 [INFO]  Epoch[4] Time cost=0.007
2024-04-08 00:22:28,741 [INFO]  Saved checkpoint to "./imputer_model/29_echocardiogram/imputer_model_index/model-0004.params"
2024-04-08 00:22:28,776 [INFO]  Epoch[4] Validation-cross-entropy=0.540203
2024-04-08 00:22:28,776 [INFO]  Epoch[4] Validation-index-accuracy=0.000000
2024-04-08 00:22:28,776 [INFO]  
========== done (0.3204052448272705 s) fit model
2024-04-08 00:22:33,020 [INFO]  
========== start: fit model
2024-04-08 00:22:33,020 [WARNING]  Already bound, ignoring bind()
2024-04-08 00:22:33,025 [INFO]  Epoch[0] Batch [0-3]	Speed: 20841.26 samples/sec	cross-entropy=14.249735	index-accuracy=2.500000
2024-04-08 00:22:33,027 [INFO]  Epoch[0] Train-cross-entropy=11.475307
2024-04-08 00:22:33,027 [INFO]  Epoch[0] Train-index-accuracy=3.000000
2024-04-08 00:22:33,027 [INFO]  Epoch[0] Time cost=0.006
2024-04-08 00:22:33,029 [INFO]  Saved checkpoint to "./imputer_model/29_echocardiogram/imputer_model_index/model-0000.params"
2024-04-08 00:22:33,031 [INFO]  Epoch[0] Validation-cross-entropy=7.733416
2024-04-08 00:22:33,031 [INFO]  Epoch[0] Validation-index-accuracy=0.000000
2024-04-08 00:22:33,034 [INFO]  Epoch[1] Batch [0-3]	Speed: 23229.10 samples/sec	cross-entropy=5.804975	index-accuracy=2.500000
2024-04-08 00:22:33,035 [INFO]  Epoch[1] Train-cross-entropy=5.921413
2024-04-08 00:22:33,035 [INFO]  Epoch[1] Train-index-accuracy=3.000000
2024-04-08 00:22:33,035 [INFO]  Epoch[1] Time cost=0.004
2024-04-08 00:22:33,037 [INFO]  Saved checkpoint to "./imputer_model/29_echocardiogram/imputer_model_index/model-0001.params"
2024-04-08 00:22:33,038 [INFO]  Epoch[1] Validation-cross-entropy=4.249376
2024-04-08 00:22:33,038 [INFO]  Epoch[1] Validation-index-accuracy=0.000000
2024-04-08 00:22:33,077 [INFO]  Epoch[2] Batch [0-3]	Speed: 1236.53 samples/sec	cross-entropy=3.163288	index-accuracy=2.500000
2024-04-08 00:22:33,102 [INFO]  Epoch[2] Train-cross-entropy=3.480583
2024-04-08 00:22:33,102 [INFO]  Epoch[2] Train-index-accuracy=3.000000
2024-04-08 00:22:33,102 [INFO]  Epoch[2] Time cost=0.064
2024-04-08 00:22:33,104 [INFO]  Saved checkpoint to "./imputer_model/29_echocardiogram/imputer_model_index/model-0002.params"
2024-04-08 00:22:33,104 [INFO]  Epoch[2] Validation-cross-entropy=2.994642
2024-04-08 00:22:33,104 [INFO]  Epoch[2] Validation-index-accuracy=0.000000
2024-04-08 00:22:33,107 [INFO]  Epoch[3] Batch [0-3]	Speed: 28552.91 samples/sec	cross-entropy=1.628057	index-accuracy=2.500000
2024-04-08 00:22:33,108 [INFO]  Epoch[3] Train-cross-entropy=1.612574
2024-04-08 00:22:33,108 [INFO]  Epoch[3] Train-index-accuracy=3.000000
2024-04-08 00:22:33,108 [INFO]  Epoch[3] Time cost=0.004
2024-04-08 00:22:33,109 [INFO]  Saved checkpoint to "./imputer_model/29_echocardiogram/imputer_model_index/model-0003.params"
2024-04-08 00:22:33,110 [INFO]  Epoch[3] Validation-cross-entropy=1.657329
2024-04-08 00:22:33,110 [INFO]  Epoch[3] Validation-index-accuracy=0.000000
2024-04-08 00:22:33,112 [INFO]  Epoch[4] Batch [0-3]	Speed: 28185.16 samples/sec	cross-entropy=0.942301	index-accuracy=2.500000
2024-04-08 00:22:33,113 [INFO]  Epoch[4] Train-cross-entropy=0.848117
2024-04-08 00:22:33,113 [INFO]  Epoch[4] Train-index-accuracy=3.000000
2024-04-08 00:22:33,113 [INFO]  Epoch[4] Time cost=0.004
2024-04-08 00:22:33,115 [INFO]  Saved checkpoint to "./imputer_model/29_echocardiogram/imputer_model_index/model-0004.params"
2024-04-08 00:22:33,115 [INFO]  Epoch[4] Validation-cross-entropy=1.214790
2024-04-08 00:22:33,115 [INFO]  Epoch[4] Validation-index-accuracy=0.000000
2024-04-08 00:22:33,115 [INFO]  
========== done (0.09510517120361328 s) fit model
2024-04-08 00:22:37,627 [INFO]  
========== start: fit model
2024-04-08 00:22:37,627 [WARNING]  Already bound, ignoring bind()
2024-04-08 00:22:37,632 [INFO]  Epoch[0] Batch [0-3]	Speed: 18040.02 samples/sec	cross-entropy=19.889267	index-accuracy=1.750000
2024-04-08 00:22:37,635 [INFO]  Epoch[0] Train-cross-entropy=6.698128
2024-04-08 00:22:37,635 [INFO]  Epoch[0] Train-index-accuracy=4.500000
2024-04-08 00:22:37,635 [INFO]  Epoch[0] Time cost=0.007
2024-04-08 00:22:37,637 [INFO]  Saved checkpoint to "./imputer_model/29_echocardiogram/imputer_model_index/model-0000.params"
2024-04-08 00:22:37,637 [INFO]  Epoch[0] Validation-cross-entropy=5.764811
2024-04-08 00:22:37,637 [INFO]  Epoch[0] Validation-index-accuracy=0.000000
2024-04-08 00:22:37,672 [INFO]  Epoch[1] Batch [0-3]	Speed: 1427.02 samples/sec	cross-entropy=6.463132	index-accuracy=1.750000
2024-04-08 00:22:37,674 [INFO]  Epoch[1] Train-cross-entropy=3.155502
2024-04-08 00:22:37,674 [INFO]  Epoch[1] Train-index-accuracy=4.500000
2024-04-08 00:22:37,674 [INFO]  Epoch[1] Time cost=0.037
2024-04-08 00:22:37,675 [INFO]  Saved checkpoint to "./imputer_model/29_echocardiogram/imputer_model_index/model-0001.params"
2024-04-08 00:22:37,676 [INFO]  Epoch[1] Validation-cross-entropy=2.512528
2024-04-08 00:22:37,676 [INFO]  Epoch[1] Validation-index-accuracy=0.000000
2024-04-08 00:22:37,679 [INFO]  Epoch[2] Batch [0-3]	Speed: 21548.39 samples/sec	cross-entropy=3.392603	index-accuracy=1.750000
2024-04-08 00:22:37,681 [INFO]  Epoch[2] Train-cross-entropy=1.843669
2024-04-08 00:22:37,681 [INFO]  Epoch[2] Train-index-accuracy=4.500000
2024-04-08 00:22:37,681 [INFO]  Epoch[2] Time cost=0.005
2024-04-08 00:22:37,683 [INFO]  Saved checkpoint to "./imputer_model/29_echocardiogram/imputer_model_index/model-0002.params"
2024-04-08 00:22:37,702 [INFO]  Epoch[2] Validation-cross-entropy=1.494718
2024-04-08 00:22:37,702 [INFO]  Epoch[2] Validation-index-accuracy=0.000000
2024-04-08 00:22:37,710 [INFO]  Epoch[3] Batch [0-3]	Speed: 13184.45 samples/sec	cross-entropy=2.220890	index-accuracy=1.750000
2024-04-08 00:22:37,712 [INFO]  Epoch[3] Train-cross-entropy=1.261855
2024-04-08 00:22:37,712 [INFO]  Epoch[3] Train-index-accuracy=4.500000
2024-04-08 00:22:37,712 [INFO]  Epoch[3] Time cost=0.010
2024-04-08 00:22:37,714 [INFO]  Saved checkpoint to "./imputer_model/29_echocardiogram/imputer_model_index/model-0003.params"
2024-04-08 00:22:37,715 [INFO]  Epoch[3] Validation-cross-entropy=1.386260
2024-04-08 00:22:37,715 [INFO]  Epoch[3] Validation-index-accuracy=0.000000
2024-04-08 00:22:37,720 [INFO]  Epoch[4] Batch [0-3]	Speed: 14765.43 samples/sec	cross-entropy=1.361320	index-accuracy=1.750000
2024-04-08 00:22:37,721 [INFO]  Epoch[4] Train-cross-entropy=0.791906
2024-04-08 00:22:37,722 [INFO]  Epoch[4] Train-index-accuracy=4.500000
2024-04-08 00:22:37,722 [INFO]  Epoch[4] Time cost=0.006
2024-04-08 00:22:37,723 [INFO]  Saved checkpoint to "./imputer_model/29_echocardiogram/imputer_model_index/model-0004.params"
2024-04-08 00:22:37,724 [INFO]  Epoch[4] Validation-cross-entropy=0.771096
2024-04-08 00:22:37,724 [INFO]  Epoch[4] Validation-index-accuracy=0.000000
2024-04-08 00:22:37,724 [INFO]  
========== done (0.09789538383483887 s) fit model
2024-04-08 00:22:42,138 [INFO]  
========== start: fit model
2024-04-08 00:22:42,139 [WARNING]  Already bound, ignoring bind()
2024-04-08 00:22:42,142 [INFO]  Epoch[0] Batch [0-3]	Speed: 26743.70 samples/sec	cross-entropy=26.464611	index-accuracy=0.000000
2024-04-08 00:22:42,144 [INFO]  Epoch[0] Train-cross-entropy=5.788855
2024-04-08 00:22:42,144 [INFO]  Epoch[0] Train-index-accuracy=0.000000
2024-04-08 00:22:42,144 [INFO]  Epoch[0] Time cost=0.004
2024-04-08 00:22:42,145 [INFO]  Saved checkpoint to "./imputer_model/29_echocardiogram/imputer_model_index/model-0000.params"
2024-04-08 00:22:42,146 [INFO]  Epoch[0] Validation-cross-entropy=5.711554
2024-04-08 00:22:42,146 [INFO]  Epoch[0] Validation-index-accuracy=0.000000
2024-04-08 00:22:42,148 [INFO]  Epoch[1] Batch [0-3]	Speed: 28118.24 samples/sec	cross-entropy=10.520725	index-accuracy=0.000000
2024-04-08 00:22:42,149 [INFO]  Epoch[1] Train-cross-entropy=2.562808
2024-04-08 00:22:42,149 [INFO]  Epoch[1] Train-index-accuracy=0.000000
2024-04-08 00:22:42,149 [INFO]  Epoch[1] Time cost=0.004
2024-04-08 00:22:42,151 [INFO]  Saved checkpoint to "./imputer_model/29_echocardiogram/imputer_model_index/model-0001.params"
2024-04-08 00:22:42,151 [INFO]  Epoch[1] Validation-cross-entropy=1.286277
2024-04-08 00:22:42,151 [INFO]  Epoch[1] Validation-index-accuracy=0.000000
2024-04-08 00:22:42,154 [INFO]  Epoch[2] Batch [0-3]	Speed: 27834.45 samples/sec	cross-entropy=5.273175	index-accuracy=0.000000
2024-04-08 00:22:42,155 [INFO]  Epoch[2] Train-cross-entropy=1.947891
2024-04-08 00:22:42,155 [INFO]  Epoch[2] Train-index-accuracy=0.000000
2024-04-08 00:22:42,155 [INFO]  Epoch[2] Time cost=0.004
2024-04-08 00:22:42,156 [INFO]  Saved checkpoint to "./imputer_model/29_echocardiogram/imputer_model_index/model-0002.params"
2024-04-08 00:22:42,157 [INFO]  Epoch[2] Validation-cross-entropy=0.908503
2024-04-08 00:22:42,157 [INFO]  Epoch[2] Validation-index-accuracy=0.000000
2024-04-08 00:22:42,159 [INFO]  Epoch[3] Batch [0-3]	Speed: 25689.24 samples/sec	cross-entropy=2.941258	index-accuracy=0.000000
2024-04-08 00:22:42,161 [INFO]  Epoch[3] Train-cross-entropy=1.455824
2024-04-08 00:22:42,161 [INFO]  Epoch[3] Train-index-accuracy=0.000000
2024-04-08 00:22:42,161 [INFO]  Epoch[3] Time cost=0.004
2024-04-08 00:22:42,162 [INFO]  Saved checkpoint to "./imputer_model/29_echocardiogram/imputer_model_index/model-0003.params"
2024-04-08 00:22:42,162 [INFO]  Epoch[3] Validation-cross-entropy=1.102678
2024-04-08 00:22:42,163 [INFO]  Epoch[3] Validation-index-accuracy=0.000000
2024-04-08 00:22:42,165 [INFO]  Epoch[4] Batch [0-3]	Speed: 26965.79 samples/sec	cross-entropy=2.059746	index-accuracy=0.000000
2024-04-08 00:22:42,187 [INFO]  Epoch[4] Train-cross-entropy=1.016282
2024-04-08 00:22:42,187 [INFO]  Epoch[4] Train-index-accuracy=0.000000
2024-04-08 00:22:42,187 [INFO]  Epoch[4] Time cost=0.024
2024-04-08 00:22:42,188 [INFO]  Saved checkpoint to "./imputer_model/29_echocardiogram/imputer_model_index/model-0004.params"
2024-04-08 00:22:42,191 [INFO]  Epoch[4] Validation-cross-entropy=0.844626
2024-04-08 00:22:42,191 [INFO]  Epoch[4] Validation-index-accuracy=0.000000
2024-04-08 00:22:42,191 [INFO]  
========== done (0.05305171012878418 s) fit model
2024-04-08 00:22:47,440 [INFO]  
========== start: fit model
2024-04-08 00:22:47,440 [WARNING]  Already bound, ignoring bind()
2024-04-08 00:22:47,444 [INFO]  Epoch[0] Batch [0-3]	Speed: 28244.47 samples/sec	cross-entropy=11.517161	index-accuracy=1.750000
2024-04-08 00:22:47,445 [INFO]  Epoch[0] Train-cross-entropy=4.770021
2024-04-08 00:22:47,445 [INFO]  Epoch[0] Train-index-accuracy=3.000000
2024-04-08 00:22:47,445 [INFO]  Epoch[0] Time cost=0.004
2024-04-08 00:22:47,446 [INFO]  Saved checkpoint to "./imputer_model/29_echocardiogram/imputer_model_index/model-0000.params"
2024-04-08 00:22:47,447 [INFO]  Epoch[0] Validation-cross-entropy=6.581117
2024-04-08 00:22:47,447 [INFO]  Epoch[0] Validation-index-accuracy=0.000000
2024-04-08 00:22:47,449 [INFO]  Epoch[1] Batch [0-3]	Speed: 27692.79 samples/sec	cross-entropy=4.075341	index-accuracy=1.750000
2024-04-08 00:22:47,451 [INFO]  Epoch[1] Train-cross-entropy=3.289156
2024-04-08 00:22:47,451 [INFO]  Epoch[1] Train-index-accuracy=3.000000
2024-04-08 00:22:47,451 [INFO]  Epoch[1] Time cost=0.004
2024-04-08 00:22:47,452 [INFO]  Saved checkpoint to "./imputer_model/29_echocardiogram/imputer_model_index/model-0001.params"
2024-04-08 00:22:47,452 [INFO]  Epoch[1] Validation-cross-entropy=3.276740
2024-04-08 00:22:47,452 [INFO]  Epoch[1] Validation-index-accuracy=0.000000
2024-04-08 00:22:47,455 [INFO]  Epoch[2] Batch [0-3]	Speed: 25663.05 samples/sec	cross-entropy=2.387377	index-accuracy=1.750000
2024-04-08 00:22:47,456 [INFO]  Epoch[2] Train-cross-entropy=1.427722
2024-04-08 00:22:47,456 [INFO]  Epoch[2] Train-index-accuracy=3.000000
2024-04-08 00:22:47,456 [INFO]  Epoch[2] Time cost=0.004
2024-04-08 00:22:47,459 [INFO]  Saved checkpoint to "./imputer_model/29_echocardiogram/imputer_model_index/model-0002.params"
2024-04-08 00:22:47,460 [INFO]  Epoch[2] Validation-cross-entropy=1.625129
2024-04-08 00:22:47,460 [INFO]  Epoch[2] Validation-index-accuracy=0.000000
2024-04-08 00:22:47,463 [INFO]  Epoch[3] Batch [0-3]	Speed: 22219.03 samples/sec	cross-entropy=1.562866	index-accuracy=1.750000
2024-04-08 00:22:47,465 [INFO]  Epoch[3] Train-cross-entropy=1.034439
2024-04-08 00:22:47,465 [INFO]  Epoch[3] Train-index-accuracy=3.000000
2024-04-08 00:22:47,465 [INFO]  Epoch[3] Time cost=0.005
2024-04-08 00:22:47,466 [INFO]  Saved checkpoint to "./imputer_model/29_echocardiogram/imputer_model_index/model-0003.params"
2024-04-08 00:22:47,467 [INFO]  Epoch[3] Validation-cross-entropy=1.439707
2024-04-08 00:22:47,467 [INFO]  Epoch[3] Validation-index-accuracy=0.000000
2024-04-08 00:22:47,470 [INFO]  Epoch[4] Batch [0-3]	Speed: 21015.30 samples/sec	cross-entropy=0.890088	index-accuracy=1.750000
2024-04-08 00:22:47,471 [INFO]  Epoch[4] Train-cross-entropy=0.715568
2024-04-08 00:22:47,471 [INFO]  Epoch[4] Train-index-accuracy=3.000000
2024-04-08 00:22:47,472 [INFO]  Epoch[4] Time cost=0.005
2024-04-08 00:22:47,473 [INFO]  Saved checkpoint to "./imputer_model/29_echocardiogram/imputer_model_index/model-0004.params"
2024-04-08 00:22:47,474 [INFO]  Epoch[4] Validation-cross-entropy=1.336403
2024-04-08 00:22:47,474 [INFO]  Epoch[4] Validation-index-accuracy=0.000000
2024-04-08 00:22:47,474 [INFO]  
========== done (0.03395247459411621 s) fit model
2024-04-08 00:22:52,161 [INFO]  
========== start: fit model
2024-04-08 00:22:52,161 [WARNING]  Already bound, ignoring bind()
2024-04-08 00:22:52,426 [INFO]  Epoch[0] Batch [0-3]	Speed: 504.56 samples/sec	cross-entropy=25.442706	index-accuracy=2.500000
2024-04-08 00:22:52,427 [INFO]  Epoch[0] Train-cross-entropy=15.909961
2024-04-08 00:22:52,427 [INFO]  Epoch[0] Train-index-accuracy=1.000000
2024-04-08 00:22:52,427 [INFO]  Epoch[0] Time cost=0.265
2024-04-08 00:22:52,429 [INFO]  Saved checkpoint to "./imputer_model/29_echocardiogram/imputer_model_index/model-0000.params"
2024-04-08 00:22:52,429 [INFO]  Epoch[0] Validation-cross-entropy=5.389165
2024-04-08 00:22:52,429 [INFO]  Epoch[0] Validation-index-accuracy=0.000000
2024-04-08 00:22:52,501 [INFO]  Epoch[1] Batch [0-3]	Speed: 684.93 samples/sec	cross-entropy=9.367424	index-accuracy=2.500000
2024-04-08 00:22:52,503 [INFO]  Epoch[1] Train-cross-entropy=5.689587
2024-04-08 00:22:52,503 [INFO]  Epoch[1] Train-index-accuracy=1.000000
2024-04-08 00:22:52,503 [INFO]  Epoch[1] Time cost=0.073
2024-04-08 00:22:52,504 [INFO]  Saved checkpoint to "./imputer_model/29_echocardiogram/imputer_model_index/model-0001.params"
2024-04-08 00:22:52,505 [INFO]  Epoch[1] Validation-cross-entropy=2.801358
2024-04-08 00:22:52,505 [INFO]  Epoch[1] Validation-index-accuracy=0.000000
2024-04-08 00:22:52,544 [INFO]  Epoch[2] Batch [0-3]	Speed: 1250.04 samples/sec	cross-entropy=5.211081	index-accuracy=2.500000
2024-04-08 00:22:52,547 [INFO]  Epoch[2] Train-cross-entropy=2.357495
2024-04-08 00:22:52,547 [INFO]  Epoch[2] Train-index-accuracy=1.000000
2024-04-08 00:22:52,547 [INFO]  Epoch[2] Time cost=0.042
2024-04-08 00:22:52,549 [INFO]  Saved checkpoint to "./imputer_model/29_echocardiogram/imputer_model_index/model-0002.params"
2024-04-08 00:22:52,550 [INFO]  Epoch[2] Validation-cross-entropy=0.762004
2024-04-08 00:22:52,550 [INFO]  Epoch[2] Validation-index-accuracy=0.000000
2024-04-08 00:22:52,555 [INFO]  Epoch[3] Batch [0-3]	Speed: 12824.17 samples/sec	cross-entropy=3.232981	index-accuracy=2.500000
2024-04-08 00:22:52,557 [INFO]  Epoch[3] Train-cross-entropy=1.165744
2024-04-08 00:22:52,557 [INFO]  Epoch[3] Train-index-accuracy=1.000000
2024-04-08 00:22:52,557 [INFO]  Epoch[3] Time cost=0.007
2024-04-08 00:22:52,559 [INFO]  Saved checkpoint to "./imputer_model/29_echocardiogram/imputer_model_index/model-0003.params"
2024-04-08 00:22:52,560 [INFO]  Epoch[3] Validation-cross-entropy=0.349944
2024-04-08 00:22:52,560 [INFO]  Epoch[3] Validation-index-accuracy=0.000000
2024-04-08 00:22:52,565 [INFO]  Epoch[4] Batch [0-3]	Speed: 15040.09 samples/sec	cross-entropy=2.470685	index-accuracy=2.500000
2024-04-08 00:22:52,567 [INFO]  Epoch[4] Train-cross-entropy=0.871054
2024-04-08 00:22:52,567 [INFO]  Epoch[4] Train-index-accuracy=1.000000
2024-04-08 00:22:52,567 [INFO]  Epoch[4] Time cost=0.007
2024-04-08 00:22:52,569 [INFO]  Saved checkpoint to "./imputer_model/29_echocardiogram/imputer_model_index/model-0004.params"
2024-04-08 00:22:52,570 [INFO]  Epoch[4] Validation-cross-entropy=0.386263
2024-04-08 00:22:52,570 [INFO]  Epoch[4] Validation-index-accuracy=0.000000
2024-04-08 00:22:52,570 [INFO]  
========== done (0.4088122844696045 s) fit model
2024-04-08 00:22:57,310 [INFO]  
========== start: fit model
2024-04-08 00:22:57,310 [WARNING]  Already bound, ignoring bind()
2024-04-08 00:22:57,707 [INFO]  Epoch[0] Batch [0-3]	Speed: 872.74 samples/sec	cross-entropy=20.332213	index-accuracy=0.000000
2024-04-08 00:22:57,710 [INFO]  Epoch[0] Train-cross-entropy=5.607906
2024-04-08 00:22:57,710 [INFO]  Epoch[0] Train-index-accuracy=0.000000
2024-04-08 00:22:57,711 [INFO]  Epoch[0] Time cost=0.399
2024-04-08 00:22:57,713 [INFO]  Saved checkpoint to "./imputer_model/29_echocardiogram/imputer_model_index/model-0000.params"
2024-04-08 00:22:57,713 [INFO]  Epoch[0] Validation-cross-entropy=11.093666
2024-04-08 00:22:57,714 [INFO]  Epoch[0] Validation-index-accuracy=0.000000
2024-04-08 00:22:57,728 [INFO]  Epoch[1] Batch [0-3]	Speed: 4913.40 samples/sec	cross-entropy=6.860170	index-accuracy=0.000000
2024-04-08 00:22:57,880 [INFO]  Epoch[1] Train-cross-entropy=2.076877
2024-04-08 00:22:57,880 [INFO]  Epoch[1] Train-index-accuracy=0.000000
2024-04-08 00:22:57,880 [INFO]  Epoch[1] Time cost=0.166
2024-04-08 00:22:57,882 [INFO]  Saved checkpoint to "./imputer_model/29_echocardiogram/imputer_model_index/model-0001.params"
2024-04-08 00:22:57,882 [INFO]  Epoch[1] Validation-cross-entropy=2.191076
2024-04-08 00:22:57,882 [INFO]  Epoch[1] Validation-index-accuracy=0.000000
2024-04-08 00:22:57,899 [INFO]  Epoch[2] Batch [0-3]	Speed: 3783.55 samples/sec	cross-entropy=3.257214	index-accuracy=0.000000
2024-04-08 00:22:58,120 [INFO]  Epoch[2] Train-cross-entropy=1.713291
2024-04-08 00:22:58,121 [INFO]  Epoch[2] Train-index-accuracy=0.000000
2024-04-08 00:22:58,121 [INFO]  Epoch[2] Time cost=0.238
2024-04-08 00:22:58,123 [INFO]  Saved checkpoint to "./imputer_model/29_echocardiogram/imputer_model_index/model-0002.params"
2024-04-08 00:22:58,153 [INFO]  Epoch[2] Validation-cross-entropy=1.266980
2024-04-08 00:22:58,153 [INFO]  Epoch[2] Validation-index-accuracy=0.000000
2024-04-08 00:22:58,156 [INFO]  Epoch[3] Batch [0-3]	Speed: 25824.34 samples/sec	cross-entropy=1.551845	index-accuracy=0.000000
2024-04-08 00:22:58,157 [INFO]  Epoch[3] Train-cross-entropy=0.766089
2024-04-08 00:22:58,158 [INFO]  Epoch[3] Train-index-accuracy=0.000000
2024-04-08 00:22:58,158 [INFO]  Epoch[3] Time cost=0.004
2024-04-08 00:22:58,159 [INFO]  Saved checkpoint to "./imputer_model/29_echocardiogram/imputer_model_index/model-0003.params"
2024-04-08 00:22:58,173 [INFO]  Epoch[3] Validation-cross-entropy=0.582096
2024-04-08 00:22:58,173 [INFO]  Epoch[3] Validation-index-accuracy=0.000000
2024-04-08 00:22:58,178 [INFO]  Epoch[4] Batch [0-3]	Speed: 14412.38 samples/sec	cross-entropy=0.756850	index-accuracy=0.000000
2024-04-08 00:22:58,181 [INFO]  Epoch[4] Train-cross-entropy=0.388946
2024-04-08 00:22:58,181 [INFO]  Epoch[4] Train-index-accuracy=0.000000
2024-04-08 00:22:58,181 [INFO]  Epoch[4] Time cost=0.007
2024-04-08 00:22:58,183 [INFO]  Saved checkpoint to "./imputer_model/29_echocardiogram/imputer_model_index/model-0004.params"
2024-04-08 00:22:58,184 [INFO]  Epoch[4] Validation-cross-entropy=0.227088
2024-04-08 00:22:58,184 [INFO]  Epoch[4] Validation-index-accuracy=0.000000
2024-04-08 00:22:58,184 [INFO]  
========== done (0.8742189407348633 s) fit model
2024-04-08 00:23:01,603 [INFO]  
========== start: fit model
2024-04-08 00:23:01,603 [WARNING]  Already bound, ignoring bind()
2024-04-08 00:23:01,633 [INFO]  Epoch[0] Batch [0-3]	Speed: 3370.55 samples/sec	cross-entropy=12.887792	index-accuracy=0.000000
2024-04-08 00:23:01,634 [INFO]  Epoch[0] Train-cross-entropy=21.360010
2024-04-08 00:23:01,634 [INFO]  Epoch[0] Train-index-accuracy=0.000000
2024-04-08 00:23:01,634 [INFO]  Epoch[0] Time cost=0.030
2024-04-08 00:23:01,636 [INFO]  Saved checkpoint to "./imputer_model/29_echocardiogram/imputer_model_index/model-0000.params"
2024-04-08 00:23:01,636 [INFO]  Epoch[0] Validation-cross-entropy=25.669104
2024-04-08 00:23:01,636 [INFO]  Epoch[0] Validation-index-accuracy=0.000000
2024-04-08 00:23:01,639 [INFO]  Epoch[1] Batch [0-3]	Speed: 28439.98 samples/sec	cross-entropy=4.138912	index-accuracy=0.000000
2024-04-08 00:23:01,648 [INFO]  Epoch[1] Train-cross-entropy=7.699630
2024-04-08 00:23:01,648 [INFO]  Epoch[1] Train-index-accuracy=0.000000
2024-04-08 00:23:01,648 [INFO]  Epoch[1] Time cost=0.012
2024-04-08 00:23:01,650 [INFO]  Saved checkpoint to "./imputer_model/29_echocardiogram/imputer_model_index/model-0001.params"
2024-04-08 00:23:01,651 [INFO]  Epoch[1] Validation-cross-entropy=10.004976
2024-04-08 00:23:01,651 [INFO]  Epoch[1] Validation-index-accuracy=0.000000
2024-04-08 00:23:01,655 [INFO]  Epoch[2] Batch [0-3]	Speed: 19367.64 samples/sec	cross-entropy=3.313290	index-accuracy=0.000000
2024-04-08 00:23:01,656 [INFO]  Epoch[2] Train-cross-entropy=4.448608
2024-04-08 00:23:01,656 [INFO]  Epoch[2] Train-index-accuracy=0.000000
2024-04-08 00:23:01,656 [INFO]  Epoch[2] Time cost=0.005
2024-04-08 00:23:01,658 [INFO]  Saved checkpoint to "./imputer_model/29_echocardiogram/imputer_model_index/model-0002.params"
2024-04-08 00:23:01,659 [INFO]  Epoch[2] Validation-cross-entropy=6.140473
2024-04-08 00:23:01,659 [INFO]  Epoch[2] Validation-index-accuracy=0.000000
2024-04-08 00:23:01,679 [INFO]  Epoch[3] Batch [0-3]	Speed: 2877.49 samples/sec	cross-entropy=2.575445	index-accuracy=0.000000
2024-04-08 00:23:01,680 [INFO]  Epoch[3] Train-cross-entropy=2.684887
2024-04-08 00:23:01,680 [INFO]  Epoch[3] Train-index-accuracy=0.000000
2024-04-08 00:23:01,680 [INFO]  Epoch[3] Time cost=0.022
2024-04-08 00:23:01,682 [INFO]  Saved checkpoint to "./imputer_model/29_echocardiogram/imputer_model_index/model-0003.params"
2024-04-08 00:23:01,683 [INFO]  Epoch[3] Validation-cross-entropy=5.018351
2024-04-08 00:23:01,683 [INFO]  Epoch[3] Validation-index-accuracy=0.000000
2024-04-08 00:23:01,686 [INFO]  Epoch[4] Batch [0-3]	Speed: 19578.59 samples/sec	cross-entropy=1.287883	index-accuracy=0.000000
2024-04-08 00:23:01,692 [INFO]  Epoch[4] Train-cross-entropy=1.581766
2024-04-08 00:23:01,692 [INFO]  Epoch[4] Train-index-accuracy=0.000000
2024-04-08 00:23:01,692 [INFO]  Epoch[4] Time cost=0.009
2024-04-08 00:23:01,693 [INFO]  Saved checkpoint to "./imputer_model/29_echocardiogram/imputer_model_index/model-0004.params"
2024-04-08 00:23:01,705 [INFO]  Epoch[4] Validation-cross-entropy=5.213165
2024-04-08 00:23:01,705 [INFO]  Epoch[4] Validation-index-accuracy=0.000000
2024-04-08 00:23:01,705 [INFO]  
========== done (0.10267877578735352 s) fit model
2024-04-08 00:23:05,335 [INFO]  
========== start: fit model
2024-04-08 00:23:05,335 [WARNING]  Already bound, ignoring bind()
2024-04-08 00:23:05,390 [INFO]  Epoch[0] Batch [0-3]	Speed: 1987.98 samples/sec	cross-entropy=19.451319	index-accuracy=2.500000
2024-04-08 00:23:05,392 [INFO]  Epoch[0] Train-cross-entropy=5.607205
2024-04-08 00:23:05,393 [INFO]  Epoch[0] Train-index-accuracy=1.500000
2024-04-08 00:23:05,393 [INFO]  Epoch[0] Time cost=0.056
2024-04-08 00:23:05,395 [INFO]  Saved checkpoint to "./imputer_model/29_echocardiogram/imputer_model_index/model-0000.params"
2024-04-08 00:23:05,396 [INFO]  Epoch[0] Validation-cross-entropy=3.930099
2024-04-08 00:23:05,396 [INFO]  Epoch[0] Validation-index-accuracy=0.000000
2024-04-08 00:23:05,401 [INFO]  Epoch[1] Batch [0-3]	Speed: 15116.88 samples/sec	cross-entropy=6.008852	index-accuracy=2.500000
2024-04-08 00:23:05,403 [INFO]  Epoch[1] Train-cross-entropy=3.692818
2024-04-08 00:23:05,403 [INFO]  Epoch[1] Train-index-accuracy=1.500000
2024-04-08 00:23:05,403 [INFO]  Epoch[1] Time cost=0.007
2024-04-08 00:23:05,405 [INFO]  Saved checkpoint to "./imputer_model/29_echocardiogram/imputer_model_index/model-0001.params"
2024-04-08 00:23:05,406 [INFO]  Epoch[1] Validation-cross-entropy=6.129737
2024-04-08 00:23:05,406 [INFO]  Epoch[1] Validation-index-accuracy=0.000000
2024-04-08 00:23:05,411 [INFO]  Epoch[2] Batch [0-3]	Speed: 15049.08 samples/sec	cross-entropy=2.866096	index-accuracy=2.500000
2024-04-08 00:23:05,414 [INFO]  Epoch[2] Train-cross-entropy=2.720893
2024-04-08 00:23:05,414 [INFO]  Epoch[2] Train-index-accuracy=1.500000
2024-04-08 00:23:05,414 [INFO]  Epoch[2] Time cost=0.008
2024-04-08 00:23:05,416 [INFO]  Saved checkpoint to "./imputer_model/29_echocardiogram/imputer_model_index/model-0002.params"
2024-04-08 00:23:05,416 [INFO]  Epoch[2] Validation-cross-entropy=5.382459
2024-04-08 00:23:05,417 [INFO]  Epoch[2] Validation-index-accuracy=0.000000
2024-04-08 00:23:05,422 [INFO]  Epoch[3] Batch [0-3]	Speed: 13024.95 samples/sec	cross-entropy=1.803661	index-accuracy=2.500000
2024-04-08 00:23:05,424 [INFO]  Epoch[3] Train-cross-entropy=1.154683
2024-04-08 00:23:05,425 [INFO]  Epoch[3] Train-index-accuracy=1.500000
2024-04-08 00:23:05,425 [INFO]  Epoch[3] Time cost=0.008
2024-04-08 00:23:05,426 [INFO]  Saved checkpoint to "./imputer_model/29_echocardiogram/imputer_model_index/model-0003.params"
2024-04-08 00:23:05,428 [INFO]  Epoch[3] Validation-cross-entropy=3.789934
2024-04-08 00:23:05,428 [INFO]  Epoch[3] Validation-index-accuracy=0.000000
2024-04-08 00:23:05,433 [INFO]  Epoch[4] Batch [0-3]	Speed: 14412.38 samples/sec	cross-entropy=1.127989	index-accuracy=2.500000
2024-04-08 00:23:05,435 [INFO]  Epoch[4] Train-cross-entropy=0.572539
2024-04-08 00:23:05,435 [INFO]  Epoch[4] Train-index-accuracy=1.500000
2024-04-08 00:23:05,435 [INFO]  Epoch[4] Time cost=0.007
2024-04-08 00:23:05,437 [INFO]  Saved checkpoint to "./imputer_model/29_echocardiogram/imputer_model_index/model-0004.params"
2024-04-08 00:23:05,439 [INFO]  Epoch[4] Validation-cross-entropy=2.519005
2024-04-08 00:23:05,439 [INFO]  Epoch[4] Validation-index-accuracy=0.000000
2024-04-08 00:23:05,439 [INFO]  
========== done (0.10392093658447266 s) fit model
2024-04-08 00:23:09,565 [INFO]  
========== start: fit model
2024-04-08 00:23:09,565 [WARNING]  Already bound, ignoring bind()
2024-04-08 00:23:09,570 [INFO]  Epoch[0] Batch [0-3]	Speed: 25797.87 samples/sec	cross-entropy=22.113894	index-accuracy=2.750000
2024-04-08 00:23:09,572 [INFO]  Epoch[0] Train-cross-entropy=4.840244
2024-04-08 00:23:09,572 [INFO]  Epoch[0] Train-index-accuracy=3.500000
2024-04-08 00:23:09,572 [INFO]  Epoch[0] Time cost=0.006
2024-04-08 00:23:09,573 [INFO]  Saved checkpoint to "./imputer_model/29_echocardiogram/imputer_model_index/model-0000.params"
2024-04-08 00:23:09,574 [INFO]  Epoch[0] Validation-cross-entropy=2.027243
2024-04-08 00:23:09,574 [INFO]  Epoch[0] Validation-index-accuracy=0.000000
2024-04-08 00:23:09,576 [INFO]  Epoch[1] Batch [0-3]	Speed: 28094.70 samples/sec	cross-entropy=8.894336	index-accuracy=2.750000
2024-04-08 00:23:09,577 [INFO]  Epoch[1] Train-cross-entropy=4.303582
2024-04-08 00:23:09,577 [INFO]  Epoch[1] Train-index-accuracy=3.500000
2024-04-08 00:23:09,577 [INFO]  Epoch[1] Time cost=0.004
2024-04-08 00:23:09,579 [INFO]  Saved checkpoint to "./imputer_model/29_echocardiogram/imputer_model_index/model-0001.params"
2024-04-08 00:23:09,579 [INFO]  Epoch[1] Validation-cross-entropy=1.357572
2024-04-08 00:23:09,579 [INFO]  Epoch[1] Validation-index-accuracy=0.000000
2024-04-08 00:23:09,590 [INFO]  Epoch[2] Batch [0-3]	Speed: 21008.72 samples/sec	cross-entropy=5.110956	index-accuracy=2.750000
2024-04-08 00:23:09,592 [INFO]  Epoch[2] Train-cross-entropy=3.938866
2024-04-08 00:23:09,592 [INFO]  Epoch[2] Train-index-accuracy=3.500000
2024-04-08 00:23:09,592 [INFO]  Epoch[2] Time cost=0.013
2024-04-08 00:23:09,594 [INFO]  Saved checkpoint to "./imputer_model/29_echocardiogram/imputer_model_index/model-0002.params"
2024-04-08 00:23:09,594 [INFO]  Epoch[2] Validation-cross-entropy=1.050029
2024-04-08 00:23:09,594 [INFO]  Epoch[2] Validation-index-accuracy=0.000000
2024-04-08 00:23:09,598 [INFO]  Epoch[3] Batch [0-3]	Speed: 21824.02 samples/sec	cross-entropy=2.742095	index-accuracy=2.750000
2024-04-08 00:23:09,599 [INFO]  Epoch[3] Train-cross-entropy=2.271371
2024-04-08 00:23:09,599 [INFO]  Epoch[3] Train-index-accuracy=3.500000
2024-04-08 00:23:09,599 [INFO]  Epoch[3] Time cost=0.005
2024-04-08 00:23:09,601 [INFO]  Saved checkpoint to "./imputer_model/29_echocardiogram/imputer_model_index/model-0003.params"
2024-04-08 00:23:09,604 [INFO]  Epoch[3] Validation-cross-entropy=0.945139
2024-04-08 00:23:09,604 [INFO]  Epoch[3] Validation-index-accuracy=0.000000
2024-04-08 00:23:09,608 [INFO]  Epoch[4] Batch [0-3]	Speed: 15059.21 samples/sec	cross-entropy=1.441916	index-accuracy=2.750000
2024-04-08 00:23:09,610 [INFO]  Epoch[4] Train-cross-entropy=1.084061
2024-04-08 00:23:09,610 [INFO]  Epoch[4] Train-index-accuracy=3.500000
2024-04-08 00:23:09,610 [INFO]  Epoch[4] Time cost=0.006
2024-04-08 00:23:09,611 [INFO]  Saved checkpoint to "./imputer_model/29_echocardiogram/imputer_model_index/model-0004.params"
2024-04-08 00:23:09,620 [INFO]  Epoch[4] Validation-cross-entropy=0.615562
2024-04-08 00:23:09,620 [INFO]  Epoch[4] Validation-index-accuracy=0.000000
2024-04-08 00:23:09,620 [INFO]  
========== done (0.05564999580383301 s) fit model
2024-04-08 00:23:14,848 [INFO]  
========== start: fit model
2024-04-08 00:23:14,849 [WARNING]  Already bound, ignoring bind()
2024-04-08 00:23:14,920 [INFO]  Epoch[0] Batch [0-3]	Speed: 1411.64 samples/sec	cross-entropy=13.855840	index-accuracy=2.000000
2024-04-08 00:23:14,972 [INFO]  Epoch[0] Train-cross-entropy=6.687832
2024-04-08 00:23:14,972 [INFO]  Epoch[0] Train-index-accuracy=0.500000
2024-04-08 00:23:14,972 [INFO]  Epoch[0] Time cost=0.122
2024-04-08 00:23:14,975 [INFO]  Saved checkpoint to "./imputer_model/29_echocardiogram/imputer_model_index/model-0000.params"
2024-04-08 00:23:14,976 [INFO]  Epoch[0] Validation-cross-entropy=6.896994
2024-04-08 00:23:14,976 [INFO]  Epoch[0] Validation-index-accuracy=0.000000
2024-04-08 00:23:14,979 [INFO]  Epoch[1] Batch [0-3]	Speed: 21620.12 samples/sec	cross-entropy=3.532522	index-accuracy=2.000000
2024-04-08 00:23:14,981 [INFO]  Epoch[1] Train-cross-entropy=3.158794
2024-04-08 00:23:14,981 [INFO]  Epoch[1] Train-index-accuracy=0.500000
2024-04-08 00:23:14,981 [INFO]  Epoch[1] Time cost=0.005
2024-04-08 00:23:14,983 [INFO]  Saved checkpoint to "./imputer_model/29_echocardiogram/imputer_model_index/model-0001.params"
2024-04-08 00:23:14,983 [INFO]  Epoch[1] Validation-cross-entropy=3.714773
2024-04-08 00:23:14,983 [INFO]  Epoch[1] Validation-index-accuracy=0.000000
2024-04-08 00:23:15,058 [INFO]  Epoch[2] Batch [0-3]	Speed: 25539.34 samples/sec	cross-entropy=2.578114	index-accuracy=2.000000
2024-04-08 00:23:15,088 [INFO]  Epoch[2] Train-cross-entropy=2.489399
2024-04-08 00:23:15,088 [INFO]  Epoch[2] Train-index-accuracy=0.500000
2024-04-08 00:23:15,089 [INFO]  Epoch[2] Time cost=0.105
2024-04-08 00:23:15,091 [INFO]  Saved checkpoint to "./imputer_model/29_echocardiogram/imputer_model_index/model-0002.params"
2024-04-08 00:23:15,092 [INFO]  Epoch[2] Validation-cross-entropy=2.799769
2024-04-08 00:23:15,092 [INFO]  Epoch[2] Validation-index-accuracy=0.000000
2024-04-08 00:23:15,096 [INFO]  Epoch[3] Batch [0-3]	Speed: 15132.79 samples/sec	cross-entropy=1.676450	index-accuracy=2.000000
2024-04-08 00:23:15,117 [INFO]  Epoch[3] Train-cross-entropy=1.290757
2024-04-08 00:23:15,117 [INFO]  Epoch[3] Train-index-accuracy=0.500000
2024-04-08 00:23:15,117 [INFO]  Epoch[3] Time cost=0.025
2024-04-08 00:23:15,119 [INFO]  Saved checkpoint to "./imputer_model/29_echocardiogram/imputer_model_index/model-0003.params"
2024-04-08 00:23:15,123 [INFO]  Epoch[3] Validation-cross-entropy=2.487625
2024-04-08 00:23:15,123 [INFO]  Epoch[3] Validation-index-accuracy=0.000000
2024-04-08 00:23:15,136 [INFO]  Epoch[4] Batch [0-3]	Speed: 4693.26 samples/sec	cross-entropy=0.796791	index-accuracy=2.000000
2024-04-08 00:23:15,138 [INFO]  Epoch[4] Train-cross-entropy=0.926257
2024-04-08 00:23:15,138 [INFO]  Epoch[4] Train-index-accuracy=0.500000
2024-04-08 00:23:15,138 [INFO]  Epoch[4] Time cost=0.015
2024-04-08 00:23:15,141 [INFO]  Saved checkpoint to "./imputer_model/29_echocardiogram/imputer_model_index/model-0004.params"
2024-04-08 00:23:15,143 [INFO]  Epoch[4] Validation-cross-entropy=2.173086
2024-04-08 00:23:15,143 [INFO]  Epoch[4] Validation-index-accuracy=0.000000
2024-04-08 00:23:15,143 [INFO]  
========== done (0.2945692539215088 s) fit model
2024-04-08 00:23:20,292 [INFO]  
========== start: fit model
2024-04-08 00:23:20,292 [WARNING]  Already bound, ignoring bind()
2024-04-08 00:23:20,296 [INFO]  Epoch[0] Batch [0-3]	Speed: 26004.47 samples/sec	cross-entropy=19.059857	index-accuracy=2.500000
2024-04-08 00:23:20,298 [INFO]  Epoch[0] Train-cross-entropy=22.739039
2024-04-08 00:23:20,298 [INFO]  Epoch[0] Train-index-accuracy=1.500000
2024-04-08 00:23:20,298 [INFO]  Epoch[0] Time cost=0.005
2024-04-08 00:23:20,299 [INFO]  Saved checkpoint to "./imputer_model/29_echocardiogram/imputer_model_index/model-0000.params"
2024-04-08 00:23:20,301 [INFO]  Epoch[0] Validation-cross-entropy=16.976570
2024-04-08 00:23:20,301 [INFO]  Epoch[0] Validation-index-accuracy=0.000000
2024-04-08 00:23:20,304 [INFO]  Epoch[1] Batch [0-3]	Speed: 23114.42 samples/sec	cross-entropy=7.914716	index-accuracy=2.500000
2024-04-08 00:23:20,305 [INFO]  Epoch[1] Train-cross-entropy=11.096743
2024-04-08 00:23:20,305 [INFO]  Epoch[1] Train-index-accuracy=1.500000
2024-04-08 00:23:20,305 [INFO]  Epoch[1] Time cost=0.005
2024-04-08 00:23:20,307 [INFO]  Saved checkpoint to "./imputer_model/29_echocardiogram/imputer_model_index/model-0001.params"
2024-04-08 00:23:20,308 [INFO]  Epoch[1] Validation-cross-entropy=8.310490
2024-04-08 00:23:20,308 [INFO]  Epoch[1] Validation-index-accuracy=0.000000
2024-04-08 00:23:20,323 [INFO]  Epoch[2] Batch [0-3]	Speed: 7685.98 samples/sec	cross-entropy=3.525985	index-accuracy=2.500000
2024-04-08 00:23:20,325 [INFO]  Epoch[2] Train-cross-entropy=5.885709
2024-04-08 00:23:20,326 [INFO]  Epoch[2] Train-index-accuracy=1.500000
2024-04-08 00:23:20,326 [INFO]  Epoch[2] Time cost=0.018
2024-04-08 00:23:20,328 [INFO]  Saved checkpoint to "./imputer_model/29_echocardiogram/imputer_model_index/model-0002.params"
2024-04-08 00:23:20,328 [INFO]  Epoch[2] Validation-cross-entropy=4.465463
2024-04-08 00:23:20,328 [INFO]  Epoch[2] Validation-index-accuracy=0.000000
2024-04-08 00:23:20,331 [INFO]  Epoch[3] Batch [0-3]	Speed: 27985.35 samples/sec	cross-entropy=1.890467	index-accuracy=2.500000
2024-04-08 00:23:20,332 [INFO]  Epoch[3] Train-cross-entropy=3.303961
2024-04-08 00:23:20,332 [INFO]  Epoch[3] Train-index-accuracy=1.500000
2024-04-08 00:23:20,332 [INFO]  Epoch[3] Time cost=0.004
2024-04-08 00:23:20,333 [INFO]  Saved checkpoint to "./imputer_model/29_echocardiogram/imputer_model_index/model-0003.params"
2024-04-08 00:23:20,334 [INFO]  Epoch[3] Validation-cross-entropy=3.281463
2024-04-08 00:23:20,334 [INFO]  Epoch[3] Validation-index-accuracy=0.000000
2024-04-08 00:23:20,360 [INFO]  Epoch[4] Batch [0-3]	Speed: 1938.40 samples/sec	cross-entropy=1.284056	index-accuracy=2.500000
2024-04-08 00:23:20,362 [INFO]  Epoch[4] Train-cross-entropy=1.695575
2024-04-08 00:23:20,362 [INFO]  Epoch[4] Train-index-accuracy=1.500000
2024-04-08 00:23:20,362 [INFO]  Epoch[4] Time cost=0.028
2024-04-08 00:23:20,364 [INFO]  Saved checkpoint to "./imputer_model/29_echocardiogram/imputer_model_index/model-0004.params"
2024-04-08 00:23:20,365 [INFO]  Epoch[4] Validation-cross-entropy=3.224175
2024-04-08 00:23:20,365 [INFO]  Epoch[4] Validation-index-accuracy=0.000000
2024-04-08 00:23:20,365 [INFO]  
========== done (0.07341146469116211 s) fit model
2024-04-08 00:23:24,493 [INFO]  
========== start: fit model
2024-04-08 00:23:24,494 [WARNING]  Already bound, ignoring bind()
2024-04-08 00:23:24,532 [INFO]  Epoch[0] Batch [0-3]	Speed: 19858.61 samples/sec	cross-entropy=12.142780	index-accuracy=0.000000
2024-04-08 00:23:24,535 [INFO]  Epoch[0] Train-cross-entropy=16.940847
2024-04-08 00:23:24,535 [INFO]  Epoch[0] Train-index-accuracy=0.000000
2024-04-08 00:23:24,535 [INFO]  Epoch[0] Time cost=0.040
2024-04-08 00:23:24,537 [INFO]  Saved checkpoint to "./imputer_model/29_echocardiogram/imputer_model_index/model-0000.params"
2024-04-08 00:23:24,537 [INFO]  Epoch[0] Validation-cross-entropy=52.433327
2024-04-08 00:23:24,537 [INFO]  Epoch[0] Validation-index-accuracy=0.000000
2024-04-08 00:23:24,631 [INFO]  Epoch[1] Batch [0-3]	Speed: 517.47 samples/sec	cross-entropy=5.857441	index-accuracy=0.000000
2024-04-08 00:23:24,797 [INFO]  Epoch[1] Train-cross-entropy=5.882773
2024-04-08 00:23:24,797 [INFO]  Epoch[1] Train-index-accuracy=0.000000
2024-04-08 00:23:24,797 [INFO]  Epoch[1] Time cost=0.260
2024-04-08 00:23:24,799 [INFO]  Saved checkpoint to "./imputer_model/29_echocardiogram/imputer_model_index/model-0001.params"
2024-04-08 00:23:24,800 [INFO]  Epoch[1] Validation-cross-entropy=22.562559
2024-04-08 00:23:24,800 [INFO]  Epoch[1] Validation-index-accuracy=0.000000
2024-04-08 00:23:24,804 [INFO]  Epoch[2] Batch [0-3]	Speed: 16992.45 samples/sec	cross-entropy=3.688512	index-accuracy=0.000000
2024-04-08 00:23:24,806 [INFO]  Epoch[2] Train-cross-entropy=2.574460
2024-04-08 00:23:24,806 [INFO]  Epoch[2] Train-index-accuracy=0.000000
2024-04-08 00:23:24,806 [INFO]  Epoch[2] Time cost=0.006
2024-04-08 00:23:24,812 [INFO]  Saved checkpoint to "./imputer_model/29_echocardiogram/imputer_model_index/model-0002.params"
2024-04-08 00:23:24,825 [INFO]  Epoch[2] Validation-cross-entropy=9.193174
2024-04-08 00:23:24,825 [INFO]  Epoch[2] Validation-index-accuracy=0.000000
2024-04-08 00:23:24,849 [INFO]  Epoch[3] Batch [0-3]	Speed: 11011.08 samples/sec	cross-entropy=2.441826	index-accuracy=0.000000
2024-04-08 00:23:24,850 [INFO]  Epoch[3] Train-cross-entropy=2.232119
2024-04-08 00:23:24,850 [INFO]  Epoch[3] Train-index-accuracy=0.000000
2024-04-08 00:23:24,850 [INFO]  Epoch[3] Time cost=0.025
2024-04-08 00:23:24,852 [INFO]  Saved checkpoint to "./imputer_model/29_echocardiogram/imputer_model_index/model-0003.params"
2024-04-08 00:23:24,852 [INFO]  Epoch[3] Validation-cross-entropy=5.544749
2024-04-08 00:23:24,852 [INFO]  Epoch[3] Validation-index-accuracy=0.000000
2024-04-08 00:23:24,856 [INFO]  Epoch[4] Batch [0-3]	Speed: 19416.20 samples/sec	cross-entropy=1.305738	index-accuracy=0.000000
2024-04-08 00:23:24,857 [INFO]  Epoch[4] Train-cross-entropy=1.734227
2024-04-08 00:23:24,857 [INFO]  Epoch[4] Train-index-accuracy=0.000000
2024-04-08 00:23:24,857 [INFO]  Epoch[4] Time cost=0.005
2024-04-08 00:23:24,859 [INFO]  Saved checkpoint to "./imputer_model/29_echocardiogram/imputer_model_index/model-0004.params"
2024-04-08 00:23:24,860 [INFO]  Epoch[4] Validation-cross-entropy=4.560909
2024-04-08 00:23:24,861 [INFO]  Epoch[4] Validation-index-accuracy=0.000000
2024-04-08 00:23:24,861 [INFO]  
========== done (0.36711859703063965 s) fit model
2024-04-08 00:23:28,860 [INFO]  
========== start: fit model
2024-04-08 00:23:28,860 [WARNING]  Already bound, ignoring bind()
2024-04-08 00:23:28,905 [INFO]  Epoch[0] Batch [0-3]	Speed: 1452.38 samples/sec	cross-entropy=16.149682	index-accuracy=1.500000
2024-04-08 00:23:28,907 [INFO]  Epoch[0] Train-cross-entropy=26.095367
2024-04-08 00:23:28,907 [INFO]  Epoch[0] Train-index-accuracy=3.500000
2024-04-08 00:23:28,907 [INFO]  Epoch[0] Time cost=0.046
2024-04-08 00:23:28,909 [INFO]  Saved checkpoint to "./imputer_model/29_echocardiogram/imputer_model_index/model-0000.params"
2024-04-08 00:23:28,910 [INFO]  Epoch[0] Validation-cross-entropy=34.808300
2024-04-08 00:23:28,910 [INFO]  Epoch[0] Validation-index-accuracy=0.000000
2024-04-08 00:23:28,913 [INFO]  Epoch[1] Batch [0-3]	Speed: 21401.79 samples/sec	cross-entropy=6.875765	index-accuracy=1.500000
2024-04-08 00:23:28,915 [INFO]  Epoch[1] Train-cross-entropy=10.299927
2024-04-08 00:23:28,915 [INFO]  Epoch[1] Train-index-accuracy=3.500000
2024-04-08 00:23:28,915 [INFO]  Epoch[1] Time cost=0.005
2024-04-08 00:23:28,917 [INFO]  Saved checkpoint to "./imputer_model/29_echocardiogram/imputer_model_index/model-0001.params"
2024-04-08 00:23:28,917 [INFO]  Epoch[1] Validation-cross-entropy=11.570914
2024-04-08 00:23:28,917 [INFO]  Epoch[1] Validation-index-accuracy=0.000000
2024-04-08 00:23:28,920 [INFO]  Epoch[2] Batch [0-3]	Speed: 21417.72 samples/sec	cross-entropy=3.881378	index-accuracy=1.500000
2024-04-08 00:23:28,922 [INFO]  Epoch[2] Train-cross-entropy=2.900167
2024-04-08 00:23:28,922 [INFO]  Epoch[2] Train-index-accuracy=3.500000
2024-04-08 00:23:28,922 [INFO]  Epoch[2] Time cost=0.005
2024-04-08 00:23:28,932 [INFO]  Saved checkpoint to "./imputer_model/29_echocardiogram/imputer_model_index/model-0002.params"
2024-04-08 00:23:28,936 [INFO]  Epoch[2] Validation-cross-entropy=3.804878
2024-04-08 00:23:28,937 [INFO]  Epoch[2] Validation-index-accuracy=0.000000
2024-04-08 00:23:28,971 [INFO]  Epoch[3] Batch [0-3]	Speed: 14867.93 samples/sec	cross-entropy=2.316546	index-accuracy=1.500000
2024-04-08 00:23:28,974 [INFO]  Epoch[3] Train-cross-entropy=0.943389
2024-04-08 00:23:28,974 [INFO]  Epoch[3] Train-index-accuracy=3.500000
2024-04-08 00:23:28,974 [INFO]  Epoch[3] Time cost=0.037
2024-04-08 00:23:28,975 [INFO]  Saved checkpoint to "./imputer_model/29_echocardiogram/imputer_model_index/model-0003.params"
2024-04-08 00:23:28,976 [INFO]  Epoch[3] Validation-cross-entropy=2.150766
2024-04-08 00:23:28,976 [INFO]  Epoch[3] Validation-index-accuracy=0.000000
2024-04-08 00:23:28,979 [INFO]  Epoch[4] Batch [0-3]	Speed: 24010.33 samples/sec	cross-entropy=1.174284	index-accuracy=1.500000
2024-04-08 00:23:28,980 [INFO]  Epoch[4] Train-cross-entropy=0.984570
2024-04-08 00:23:28,980 [INFO]  Epoch[4] Train-index-accuracy=3.500000
2024-04-08 00:23:28,980 [INFO]  Epoch[4] Time cost=0.005
2024-04-08 00:23:28,982 [INFO]  Saved checkpoint to "./imputer_model/29_echocardiogram/imputer_model_index/model-0004.params"
2024-04-08 00:23:28,984 [INFO]  Epoch[4] Validation-cross-entropy=1.436445
2024-04-08 00:23:28,984 [INFO]  Epoch[4] Validation-index-accuracy=0.000000
2024-04-08 00:23:28,984 [INFO]  
========== done (0.12395358085632324 s) fit model
2024-04-08 00:23:32,830 [INFO]  
========== start: fit model
2024-04-08 00:23:32,830 [WARNING]  Already bound, ignoring bind()
2024-04-08 00:23:32,837 [INFO]  Epoch[0] Batch [0-3]	Speed: 17919.59 samples/sec	cross-entropy=20.624041	index-accuracy=2.500000
2024-04-08 00:23:32,839 [INFO]  Epoch[0] Train-cross-entropy=6.142291
2024-04-08 00:23:32,839 [INFO]  Epoch[0] Train-index-accuracy=2.000000
2024-04-08 00:23:32,839 [INFO]  Epoch[0] Time cost=0.007
2024-04-08 00:23:32,841 [INFO]  Saved checkpoint to "./imputer_model/29_echocardiogram/imputer_model_index/model-0000.params"
2024-04-08 00:23:32,841 [INFO]  Epoch[0] Validation-cross-entropy=17.266479
2024-04-08 00:23:32,842 [INFO]  Epoch[0] Validation-index-accuracy=0.000000
2024-04-08 00:23:32,892 [INFO]  Epoch[1] Batch [0-3]	Speed: 977.36 samples/sec	cross-entropy=6.885642	index-accuracy=2.500000
2024-04-08 00:23:32,893 [INFO]  Epoch[1] Train-cross-entropy=2.832226
2024-04-08 00:23:32,893 [INFO]  Epoch[1] Train-index-accuracy=2.000000
2024-04-08 00:23:32,894 [INFO]  Epoch[1] Time cost=0.052
2024-04-08 00:23:32,895 [INFO]  Saved checkpoint to "./imputer_model/29_echocardiogram/imputer_model_index/model-0001.params"
2024-04-08 00:23:32,896 [INFO]  Epoch[1] Validation-cross-entropy=9.546909
2024-04-08 00:23:32,896 [INFO]  Epoch[1] Validation-index-accuracy=0.000000
2024-04-08 00:23:32,899 [INFO]  Epoch[2] Batch [0-3]	Speed: 22084.97 samples/sec	cross-entropy=2.949542	index-accuracy=2.500000
2024-04-08 00:23:32,914 [INFO]  Epoch[2] Train-cross-entropy=1.935063
2024-04-08 00:23:32,914 [INFO]  Epoch[2] Train-index-accuracy=2.000000
2024-04-08 00:23:32,914 [INFO]  Epoch[2] Time cost=0.018
2024-04-08 00:23:32,918 [INFO]  Saved checkpoint to "./imputer_model/29_echocardiogram/imputer_model_index/model-0002.params"
2024-04-08 00:23:32,932 [INFO]  Epoch[2] Validation-cross-entropy=4.724792
2024-04-08 00:23:32,932 [INFO]  Epoch[2] Validation-index-accuracy=0.000000
2024-04-08 00:23:32,934 [INFO]  Epoch[3] Batch [0-3]	Speed: 27328.17 samples/sec	cross-entropy=1.790609	index-accuracy=2.500000
2024-04-08 00:23:32,936 [INFO]  Epoch[3] Train-cross-entropy=1.055473
2024-04-08 00:23:32,936 [INFO]  Epoch[3] Train-index-accuracy=2.000000
2024-04-08 00:23:32,936 [INFO]  Epoch[3] Time cost=0.004
2024-04-08 00:23:32,937 [INFO]  Saved checkpoint to "./imputer_model/29_echocardiogram/imputer_model_index/model-0003.params"
2024-04-08 00:23:32,938 [INFO]  Epoch[3] Validation-cross-entropy=1.673955
2024-04-08 00:23:32,938 [INFO]  Epoch[3] Validation-index-accuracy=0.000000
2024-04-08 00:23:32,945 [INFO]  Epoch[4] Batch [0-3]	Speed: 7603.26 samples/sec	cross-entropy=1.275476	index-accuracy=2.500000
2024-04-08 00:23:32,947 [INFO]  Epoch[4] Train-cross-entropy=0.621912
2024-04-08 00:23:32,947 [INFO]  Epoch[4] Train-index-accuracy=2.000000
2024-04-08 00:23:32,947 [INFO]  Epoch[4] Time cost=0.009
2024-04-08 00:23:32,949 [INFO]  Saved checkpoint to "./imputer_model/29_echocardiogram/imputer_model_index/model-0004.params"
2024-04-08 00:23:32,950 [INFO]  Epoch[4] Validation-cross-entropy=0.576001
2024-04-08 00:23:32,950 [INFO]  Epoch[4] Validation-index-accuracy=0.000000
2024-04-08 00:23:32,950 [INFO]  
========== done (0.1200096607208252 s) fit model
2024-04-08 00:23:37,783 [INFO]  
========== start: fit model
2024-04-08 00:23:37,783 [WARNING]  Already bound, ignoring bind()
2024-04-08 00:23:37,789 [INFO]  Epoch[0] Batch [0-3]	Speed: 17666.43 samples/sec	cross-entropy=23.616804	index-accuracy=1.000000
2024-04-08 00:23:37,791 [INFO]  Epoch[0] Train-cross-entropy=21.997481
2024-04-08 00:23:37,791 [INFO]  Epoch[0] Train-index-accuracy=7.000000
2024-04-08 00:23:37,791 [INFO]  Epoch[0] Time cost=0.007
2024-04-08 00:23:37,793 [INFO]  Saved checkpoint to "./imputer_model/29_echocardiogram/imputer_model_index/model-0000.params"
2024-04-08 00:23:37,794 [INFO]  Epoch[0] Validation-cross-entropy=3.250947
2024-04-08 00:23:37,794 [INFO]  Epoch[0] Validation-index-accuracy=0.000000
2024-04-08 00:23:37,797 [INFO]  Epoch[1] Batch [0-3]	Speed: 19269.39 samples/sec	cross-entropy=9.797101	index-accuracy=1.000000
2024-04-08 00:23:37,799 [INFO]  Epoch[1] Train-cross-entropy=11.242920
2024-04-08 00:23:37,799 [INFO]  Epoch[1] Train-index-accuracy=7.000000
2024-04-08 00:23:37,799 [INFO]  Epoch[1] Time cost=0.005
2024-04-08 00:23:37,801 [INFO]  Saved checkpoint to "./imputer_model/29_echocardiogram/imputer_model_index/model-0001.params"
2024-04-08 00:23:37,802 [INFO]  Epoch[1] Validation-cross-entropy=3.072993
2024-04-08 00:23:37,802 [INFO]  Epoch[1] Validation-index-accuracy=0.000000
2024-04-08 00:23:37,805 [INFO]  Epoch[2] Batch [0-3]	Speed: 19778.62 samples/sec	cross-entropy=5.007296	index-accuracy=1.000000
2024-04-08 00:23:37,807 [INFO]  Epoch[2] Train-cross-entropy=5.951123
2024-04-08 00:23:37,807 [INFO]  Epoch[2] Train-index-accuracy=7.000000
2024-04-08 00:23:37,807 [INFO]  Epoch[2] Time cost=0.005
2024-04-08 00:23:37,809 [INFO]  Saved checkpoint to "./imputer_model/29_echocardiogram/imputer_model_index/model-0002.params"
2024-04-08 00:23:37,809 [INFO]  Epoch[2] Validation-cross-entropy=2.877901
2024-04-08 00:23:37,810 [INFO]  Epoch[2] Validation-index-accuracy=0.000000
2024-04-08 00:23:37,813 [INFO]  Epoch[3] Batch [0-3]	Speed: 19474.42 samples/sec	cross-entropy=2.987360	index-accuracy=1.000000
2024-04-08 00:23:37,815 [INFO]  Epoch[3] Train-cross-entropy=3.373899
2024-04-08 00:23:37,815 [INFO]  Epoch[3] Train-index-accuracy=7.000000
2024-04-08 00:23:37,815 [INFO]  Epoch[3] Time cost=0.005
2024-04-08 00:23:37,817 [INFO]  Saved checkpoint to "./imputer_model/29_echocardiogram/imputer_model_index/model-0003.params"
2024-04-08 00:23:37,817 [INFO]  Epoch[3] Validation-cross-entropy=1.166235
2024-04-08 00:23:37,817 [INFO]  Epoch[3] Validation-index-accuracy=0.000000
2024-04-08 00:23:37,821 [INFO]  Epoch[4] Batch [0-3]	Speed: 19168.48 samples/sec	cross-entropy=1.561963	index-accuracy=1.000000
2024-04-08 00:23:37,823 [INFO]  Epoch[4] Train-cross-entropy=2.215577
2024-04-08 00:23:37,823 [INFO]  Epoch[4] Train-index-accuracy=7.000000
2024-04-08 00:23:37,823 [INFO]  Epoch[4] Time cost=0.005
2024-04-08 00:23:37,825 [INFO]  Saved checkpoint to "./imputer_model/29_echocardiogram/imputer_model_index/model-0004.params"
2024-04-08 00:23:37,834 [INFO]  Epoch[4] Validation-cross-entropy=0.448487
2024-04-08 00:23:37,834 [INFO]  Epoch[4] Validation-index-accuracy=0.000000
2024-04-08 00:23:37,834 [INFO]  
========== done (0.050934791564941406 s) fit model
2024-04-08 00:23:42,126 [INFO]  
========== start: fit model
2024-04-08 00:23:42,126 [WARNING]  Already bound, ignoring bind()
2024-04-08 00:23:42,180 [INFO]  Epoch[0] Batch [0-3]	Speed: 21388.14 samples/sec	cross-entropy=22.085119	index-accuracy=1.750000
2024-04-08 00:23:42,181 [INFO]  Epoch[0] Train-cross-entropy=10.423693
2024-04-08 00:23:42,181 [INFO]  Epoch[0] Train-index-accuracy=2.500000
2024-04-08 00:23:42,181 [INFO]  Epoch[0] Time cost=0.054
2024-04-08 00:23:42,183 [INFO]  Saved checkpoint to "./imputer_model/29_echocardiogram/imputer_model_index/model-0000.params"
2024-04-08 00:23:42,183 [INFO]  Epoch[0] Validation-cross-entropy=9.940284
2024-04-08 00:23:42,183 [INFO]  Epoch[0] Validation-index-accuracy=0.000000
2024-04-08 00:23:42,186 [INFO]  Epoch[1] Batch [0-3]	Speed: 21952.52 samples/sec	cross-entropy=7.640705	index-accuracy=1.750000
2024-04-08 00:23:42,188 [INFO]  Epoch[1] Train-cross-entropy=3.143857
2024-04-08 00:23:42,188 [INFO]  Epoch[1] Train-index-accuracy=2.500000
2024-04-08 00:23:42,188 [INFO]  Epoch[1] Time cost=0.005
2024-04-08 00:23:42,190 [INFO]  Saved checkpoint to "./imputer_model/29_echocardiogram/imputer_model_index/model-0001.params"
2024-04-08 00:23:42,190 [INFO]  Epoch[1] Validation-cross-entropy=1.118383
2024-04-08 00:23:42,190 [INFO]  Epoch[1] Validation-index-accuracy=0.000000
2024-04-08 00:23:42,213 [INFO]  Epoch[2] Batch [0-3]	Speed: 2151.87 samples/sec	cross-entropy=4.461627	index-accuracy=1.750000
2024-04-08 00:23:42,215 [INFO]  Epoch[2] Train-cross-entropy=3.169754
2024-04-08 00:23:42,215 [INFO]  Epoch[2] Train-index-accuracy=2.500000
2024-04-08 00:23:42,215 [INFO]  Epoch[2] Time cost=0.025
2024-04-08 00:23:42,217 [INFO]  Saved checkpoint to "./imputer_model/29_echocardiogram/imputer_model_index/model-0002.params"
2024-04-08 00:23:42,217 [INFO]  Epoch[2] Validation-cross-entropy=0.178425
2024-04-08 00:23:42,217 [INFO]  Epoch[2] Validation-index-accuracy=0.000000
2024-04-08 00:23:42,220 [INFO]  Epoch[3] Batch [0-3]	Speed: 20873.67 samples/sec	cross-entropy=3.193972	index-accuracy=1.750000
2024-04-08 00:23:42,222 [INFO]  Epoch[3] Train-cross-entropy=2.322696
2024-04-08 00:23:42,222 [INFO]  Epoch[3] Train-index-accuracy=2.500000
2024-04-08 00:23:42,222 [INFO]  Epoch[3] Time cost=0.005
2024-04-08 00:23:42,223 [INFO]  Saved checkpoint to "./imputer_model/29_echocardiogram/imputer_model_index/model-0003.params"
2024-04-08 00:23:42,224 [INFO]  Epoch[3] Validation-cross-entropy=0.278067
2024-04-08 00:23:42,224 [INFO]  Epoch[3] Validation-index-accuracy=0.000000
2024-04-08 00:23:42,227 [INFO]  Epoch[4] Batch [0-3]	Speed: 21983.69 samples/sec	cross-entropy=1.834698	index-accuracy=1.750000
2024-04-08 00:23:42,229 [INFO]  Epoch[4] Train-cross-entropy=1.199257
2024-04-08 00:23:42,229 [INFO]  Epoch[4] Train-index-accuracy=2.500000
2024-04-08 00:23:42,229 [INFO]  Epoch[4] Time cost=0.005
2024-04-08 00:23:42,230 [INFO]  Saved checkpoint to "./imputer_model/29_echocardiogram/imputer_model_index/model-0004.params"
2024-04-08 00:23:42,231 [INFO]  Epoch[4] Validation-cross-entropy=0.829087
2024-04-08 00:23:42,231 [INFO]  Epoch[4] Validation-index-accuracy=0.000000
2024-04-08 00:23:42,231 [INFO]  
========== done (0.10451984405517578 s) fit model
2024-04-08 00:23:46,704 [INFO]  
========== start: fit model
2024-04-08 00:23:46,704 [WARNING]  Already bound, ignoring bind()
2024-04-08 00:23:46,727 [INFO]  Epoch[0] Batch [0-3]	Speed: 2376.04 samples/sec	cross-entropy=18.206682	index-accuracy=0.000000
2024-04-08 00:23:46,729 [INFO]  Epoch[0] Train-cross-entropy=10.252368
2024-04-08 00:23:46,729 [INFO]  Epoch[0] Train-index-accuracy=0.000000
2024-04-08 00:23:46,729 [INFO]  Epoch[0] Time cost=0.023
2024-04-08 00:23:46,730 [INFO]  Saved checkpoint to "./imputer_model/29_echocardiogram/imputer_model_index/model-0000.params"
2024-04-08 00:23:46,731 [INFO]  Epoch[0] Validation-cross-entropy=10.667030
2024-04-08 00:23:46,731 [INFO]  Epoch[0] Validation-index-accuracy=0.000000
2024-04-08 00:23:46,740 [INFO]  Epoch[1] Batch [0-3]	Speed: 6322.48 samples/sec	cross-entropy=6.442995	index-accuracy=0.000000
2024-04-08 00:23:46,742 [INFO]  Epoch[1] Train-cross-entropy=4.370597
2024-04-08 00:23:46,742 [INFO]  Epoch[1] Train-index-accuracy=0.000000
2024-04-08 00:23:46,742 [INFO]  Epoch[1] Time cost=0.011
2024-04-08 00:23:46,750 [INFO]  Saved checkpoint to "./imputer_model/29_echocardiogram/imputer_model_index/model-0001.params"
2024-04-08 00:23:46,788 [INFO]  Epoch[1] Validation-cross-entropy=4.796471
2024-04-08 00:23:46,788 [INFO]  Epoch[1] Validation-index-accuracy=0.000000
2024-04-08 00:23:46,793 [INFO]  Epoch[2] Batch [0-3]	Speed: 14709.33 samples/sec	cross-entropy=3.932842	index-accuracy=0.000000
2024-04-08 00:23:46,797 [INFO]  Epoch[2] Train-cross-entropy=3.093164
2024-04-08 00:23:46,797 [INFO]  Epoch[2] Train-index-accuracy=0.000000
2024-04-08 00:23:46,797 [INFO]  Epoch[2] Time cost=0.009
2024-04-08 00:23:46,799 [INFO]  Saved checkpoint to "./imputer_model/29_echocardiogram/imputer_model_index/model-0002.params"
2024-04-08 00:23:46,800 [INFO]  Epoch[2] Validation-cross-entropy=2.556218
2024-04-08 00:23:46,800 [INFO]  Epoch[2] Validation-index-accuracy=0.000000
2024-04-08 00:23:46,804 [INFO]  Epoch[3] Batch [0-3]	Speed: 14477.68 samples/sec	cross-entropy=2.568418	index-accuracy=0.000000
2024-04-08 00:23:46,806 [INFO]  Epoch[3] Train-cross-entropy=2.119030
2024-04-08 00:23:46,806 [INFO]  Epoch[3] Train-index-accuracy=0.000000
2024-04-08 00:23:46,807 [INFO]  Epoch[3] Time cost=0.007
2024-04-08 00:23:46,808 [INFO]  Saved checkpoint to "./imputer_model/29_echocardiogram/imputer_model_index/model-0003.params"
2024-04-08 00:23:46,809 [INFO]  Epoch[3] Validation-cross-entropy=1.747222
2024-04-08 00:23:46,809 [INFO]  Epoch[3] Validation-index-accuracy=0.000000
2024-04-08 00:23:46,813 [INFO]  Epoch[4] Batch [0-3]	Speed: 15118.01 samples/sec	cross-entropy=1.238817	index-accuracy=0.000000
2024-04-08 00:23:46,815 [INFO]  Epoch[4] Train-cross-entropy=1.167284
2024-04-08 00:23:46,815 [INFO]  Epoch[4] Train-index-accuracy=0.000000
2024-04-08 00:23:46,815 [INFO]  Epoch[4] Time cost=0.007
2024-04-08 00:23:46,817 [INFO]  Saved checkpoint to "./imputer_model/29_echocardiogram/imputer_model_index/model-0004.params"
2024-04-08 00:23:46,817 [INFO]  Epoch[4] Validation-cross-entropy=1.434782
2024-04-08 00:23:46,818 [INFO]  Epoch[4] Validation-index-accuracy=0.000000
2024-04-08 00:23:46,818 [INFO]  
========== done (0.11330890655517578 s) fit model
2024-04-08 00:23:51,766 [INFO]  
========== start: fit model
2024-04-08 00:23:51,767 [WARNING]  Already bound, ignoring bind()
2024-04-08 00:23:51,954 [INFO]  Epoch[0] Batch [0-3]	Speed: 533.71 samples/sec	cross-entropy=22.973068	index-accuracy=2.250000
2024-04-08 00:23:51,991 [INFO]  Epoch[0] Train-cross-entropy=3.336320
2024-04-08 00:23:51,991 [INFO]  Epoch[0] Train-index-accuracy=5.000000
2024-04-08 00:23:51,991 [INFO]  Epoch[0] Time cost=0.223
2024-04-08 00:23:51,992 [INFO]  Saved checkpoint to "./imputer_model/29_echocardiogram/imputer_model_index/model-0000.params"
2024-04-08 00:23:52,003 [INFO]  Epoch[0] Validation-cross-entropy=5.293496
2024-04-08 00:23:52,003 [INFO]  Epoch[0] Validation-index-accuracy=0.000000
2024-04-08 00:23:52,361 [INFO]  Epoch[1] Batch [0-3]	Speed: 134.70 samples/sec	cross-entropy=9.212342	index-accuracy=2.250000
2024-04-08 00:23:52,363 [INFO]  Epoch[1] Train-cross-entropy=1.209687
2024-04-08 00:23:52,363 [INFO]  Epoch[1] Train-index-accuracy=5.000000
2024-04-08 00:23:52,363 [INFO]  Epoch[1] Time cost=0.360
2024-04-08 00:23:52,364 [INFO]  Saved checkpoint to "./imputer_model/29_echocardiogram/imputer_model_index/model-0001.params"
2024-04-08 00:23:52,365 [INFO]  Epoch[1] Validation-cross-entropy=2.639520
2024-04-08 00:23:52,365 [INFO]  Epoch[1] Validation-index-accuracy=0.000000
2024-04-08 00:23:52,367 [INFO]  Epoch[2] Batch [0-3]	Speed: 28189.11 samples/sec	cross-entropy=4.165100	index-accuracy=2.250000
2024-04-08 00:23:52,413 [INFO]  Epoch[2] Train-cross-entropy=0.943092
2024-04-08 00:23:52,414 [INFO]  Epoch[2] Train-index-accuracy=5.000000
2024-04-08 00:23:52,414 [INFO]  Epoch[2] Time cost=0.049
2024-04-08 00:23:52,416 [INFO]  Saved checkpoint to "./imputer_model/29_echocardiogram/imputer_model_index/model-0002.params"
2024-04-08 00:23:52,416 [INFO]  Epoch[2] Validation-cross-entropy=2.708590
2024-04-08 00:23:52,416 [INFO]  Epoch[2] Validation-index-accuracy=0.000000
2024-04-08 00:23:52,421 [INFO]  Epoch[3] Batch [0-3]	Speed: 14514.21 samples/sec	cross-entropy=2.463077	index-accuracy=2.250000
2024-04-08 00:23:52,423 [INFO]  Epoch[3] Train-cross-entropy=0.979843
2024-04-08 00:23:52,423 [INFO]  Epoch[3] Train-index-accuracy=5.000000
2024-04-08 00:23:52,423 [INFO]  Epoch[3] Time cost=0.007
2024-04-08 00:23:52,425 [INFO]  Saved checkpoint to "./imputer_model/29_echocardiogram/imputer_model_index/model-0003.params"
2024-04-08 00:23:52,425 [INFO]  Epoch[3] Validation-cross-entropy=2.611681
2024-04-08 00:23:52,425 [INFO]  Epoch[3] Validation-index-accuracy=0.000000
2024-04-08 00:23:52,430 [INFO]  Epoch[4] Batch [0-3]	Speed: 12616.03 samples/sec	cross-entropy=1.557240	index-accuracy=2.250000
2024-04-08 00:23:52,433 [INFO]  Epoch[4] Train-cross-entropy=0.819828
2024-04-08 00:23:52,433 [INFO]  Epoch[4] Train-index-accuracy=5.000000
2024-04-08 00:23:52,433 [INFO]  Epoch[4] Time cost=0.007
2024-04-08 00:23:52,434 [INFO]  Saved checkpoint to "./imputer_model/29_echocardiogram/imputer_model_index/model-0004.params"
2024-04-08 00:23:52,436 [INFO]  Epoch[4] Validation-cross-entropy=1.933864
2024-04-08 00:23:52,436 [INFO]  Epoch[4] Validation-index-accuracy=0.000000
2024-04-08 00:23:52,436 [INFO]  
========== done (0.6693665981292725 s) fit model
2024-04-08 00:23:56,534 [INFO]  
========== start: fit model
2024-04-08 00:23:56,534 [WARNING]  Already bound, ignoring bind()
2024-04-08 00:23:56,773 [INFO]  Epoch[0] Batch [0-3]	Speed: 14902.04 samples/sec	cross-entropy=18.191210	index-accuracy=2.000000
2024-04-08 00:23:56,775 [INFO]  Epoch[0] Train-cross-entropy=8.173610
2024-04-08 00:23:56,775 [INFO]  Epoch[0] Train-index-accuracy=2.000000
2024-04-08 00:23:56,775 [INFO]  Epoch[0] Time cost=0.240
2024-04-08 00:23:56,776 [INFO]  Saved checkpoint to "./imputer_model/29_echocardiogram/imputer_model_index/model-0000.params"
2024-04-08 00:23:56,777 [INFO]  Epoch[0] Validation-cross-entropy=5.033307
2024-04-08 00:23:56,777 [INFO]  Epoch[0] Validation-index-accuracy=0.000000
2024-04-08 00:23:56,779 [INFO]  Epoch[1] Batch [0-3]	Speed: 27643.36 samples/sec	cross-entropy=5.704865	index-accuracy=2.000000
2024-04-08 00:23:56,915 [INFO]  Epoch[1] Train-cross-entropy=2.855830
2024-04-08 00:23:56,915 [INFO]  Epoch[1] Train-index-accuracy=2.000000
2024-04-08 00:23:56,915 [INFO]  Epoch[1] Time cost=0.138
2024-04-08 00:23:56,917 [INFO]  Saved checkpoint to "./imputer_model/29_echocardiogram/imputer_model_index/model-0001.params"
2024-04-08 00:23:56,918 [INFO]  Epoch[1] Validation-cross-entropy=1.449497
2024-04-08 00:23:56,918 [INFO]  Epoch[1] Validation-index-accuracy=0.000000
2024-04-08 00:23:56,936 [INFO]  Epoch[2] Batch [0-3]	Speed: 2803.68 samples/sec	cross-entropy=3.841009	index-accuracy=2.000000
2024-04-08 00:23:56,945 [INFO]  Epoch[2] Train-cross-entropy=2.096525
2024-04-08 00:23:56,945 [INFO]  Epoch[2] Train-index-accuracy=2.000000
2024-04-08 00:23:56,945 [INFO]  Epoch[2] Time cost=0.027
2024-04-08 00:23:56,947 [INFO]  Saved checkpoint to "./imputer_model/29_echocardiogram/imputer_model_index/model-0002.params"
2024-04-08 00:23:56,948 [INFO]  Epoch[2] Validation-cross-entropy=0.967264
2024-04-08 00:23:56,948 [INFO]  Epoch[2] Validation-index-accuracy=0.000000
2024-04-08 00:23:57,168 [INFO]  Epoch[3] Batch [0-3]	Speed: 218.67 samples/sec	cross-entropy=2.656707	index-accuracy=2.000000
2024-04-08 00:23:57,170 [INFO]  Epoch[3] Train-cross-entropy=1.241520
2024-04-08 00:23:57,170 [INFO]  Epoch[3] Train-index-accuracy=2.000000
2024-04-08 00:23:57,170 [INFO]  Epoch[3] Time cost=0.222
2024-04-08 00:23:57,172 [INFO]  Saved checkpoint to "./imputer_model/29_echocardiogram/imputer_model_index/model-0003.params"
2024-04-08 00:23:57,172 [INFO]  Epoch[3] Validation-cross-entropy=0.692539
2024-04-08 00:23:57,172 [INFO]  Epoch[3] Validation-index-accuracy=0.000000
2024-04-08 00:23:57,191 [INFO]  Epoch[4] Batch [0-3]	Speed: 14792.55 samples/sec	cross-entropy=1.457089	index-accuracy=2.000000
2024-04-08 00:23:57,193 [INFO]  Epoch[4] Train-cross-entropy=0.768241
2024-04-08 00:23:57,193 [INFO]  Epoch[4] Train-index-accuracy=2.000000
2024-04-08 00:23:57,193 [INFO]  Epoch[4] Time cost=0.021
2024-04-08 00:23:57,195 [INFO]  Saved checkpoint to "./imputer_model/29_echocardiogram/imputer_model_index/model-0004.params"
2024-04-08 00:23:57,196 [INFO]  Epoch[4] Validation-cross-entropy=0.979326
2024-04-08 00:23:57,196 [INFO]  Epoch[4] Validation-index-accuracy=0.000000
2024-04-08 00:23:57,196 [INFO]  
========== done (0.661827802658081 s) fit model
