2024-04-08 00:10:33,302 [INFO]  
========== start: fit model
2024-04-08 00:10:33,302 [WARNING]  Already bound, ignoring bind()
2024-04-08 00:10:33,313 [INFO]  Epoch[0] Batch [0-16]	Speed: 27615.40 samples/sec	cross-entropy=13.611190	A14-accuracy=3.058824
2024-04-08 00:10:33,322 [INFO]  Epoch[0] Train-cross-entropy=4.300119
2024-04-08 00:10:33,322 [INFO]  Epoch[0] Train-A14-accuracy=3.857143
2024-04-08 00:10:33,322 [INFO]  Epoch[0] Time cost=0.019
2024-04-08 00:10:33,324 [INFO]  Saved checkpoint to "./imputer_model/24_credit/imputer_model_A14/model-0000.params"
2024-04-08 00:10:33,326 [INFO]  Epoch[0] Validation-cross-entropy=1.310492
2024-04-08 00:10:33,326 [INFO]  Epoch[0] Validation-A14-accuracy=0.000000
2024-04-08 00:10:33,346 [INFO]  Epoch[1] Batch [0-16]	Speed: 13434.70 samples/sec	cross-entropy=1.351298	A14-accuracy=3.058824
2024-04-08 00:10:33,363 [INFO]  Epoch[1] Train-cross-entropy=0.648461
2024-04-08 00:10:33,363 [INFO]  Epoch[1] Train-A14-accuracy=3.857143
2024-04-08 00:10:33,363 [INFO]  Epoch[1] Time cost=0.037
2024-04-08 00:10:33,366 [INFO]  Saved checkpoint to "./imputer_model/24_credit/imputer_model_A14/model-0001.params"
2024-04-08 00:10:33,367 [INFO]  Epoch[1] Validation-cross-entropy=0.349774
2024-04-08 00:10:33,367 [INFO]  Epoch[1] Validation-A14-accuracy=0.000000
2024-04-08 00:10:33,390 [INFO]  Epoch[2] Batch [0-16]	Speed: 12094.00 samples/sec	cross-entropy=0.583951	A14-accuracy=3.058824
2024-04-08 00:10:33,398 [INFO]  Epoch[2] Train-cross-entropy=0.406803
2024-04-08 00:10:33,398 [INFO]  Epoch[2] Train-A14-accuracy=3.857143
2024-04-08 00:10:33,398 [INFO]  Epoch[2] Time cost=0.031
2024-04-08 00:10:33,399 [INFO]  Saved checkpoint to "./imputer_model/24_credit/imputer_model_A14/model-0002.params"
2024-04-08 00:10:33,401 [INFO]  Epoch[2] Validation-cross-entropy=0.274025
2024-04-08 00:10:33,401 [INFO]  Epoch[2] Validation-A14-accuracy=0.000000
2024-04-08 00:10:33,410 [INFO]  Epoch[3] Batch [0-16]	Speed: 28951.97 samples/sec	cross-entropy=0.287564	A14-accuracy=3.058824
2024-04-08 00:10:33,418 [INFO]  Epoch[3] Train-cross-entropy=0.241492
2024-04-08 00:10:33,418 [INFO]  Epoch[3] Train-A14-accuracy=3.857143
2024-04-08 00:10:33,418 [INFO]  Epoch[3] Time cost=0.017
2024-04-08 00:10:33,420 [INFO]  Saved checkpoint to "./imputer_model/24_credit/imputer_model_A14/model-0003.params"
2024-04-08 00:10:33,421 [INFO]  Epoch[3] Validation-cross-entropy=0.222083
2024-04-08 00:10:33,421 [INFO]  Epoch[3] Validation-A14-accuracy=0.000000
2024-04-08 00:10:33,431 [INFO]  Epoch[4] Batch [0-16]	Speed: 25928.90 samples/sec	cross-entropy=0.180891	A14-accuracy=3.058824
2024-04-08 00:10:33,439 [INFO]  Epoch[4] Train-cross-entropy=0.168978
2024-04-08 00:10:33,439 [INFO]  Epoch[4] Train-A14-accuracy=3.857143
2024-04-08 00:10:33,439 [INFO]  Epoch[4] Time cost=0.018
2024-04-08 00:10:33,441 [INFO]  Saved checkpoint to "./imputer_model/24_credit/imputer_model_A14/model-0004.params"
2024-04-08 00:10:33,442 [INFO]  Epoch[4] Validation-cross-entropy=0.194069
2024-04-08 00:10:33,442 [INFO]  Epoch[4] Validation-A14-accuracy=0.000000
2024-04-08 00:10:33,442 [INFO]  
========== done (0.13983488082885742 s) fit model
2024-04-08 00:10:37,228 [INFO]  
========== start: fit model
2024-04-08 00:10:37,228 [WARNING]  Already bound, ignoring bind()
2024-04-08 00:10:37,244 [INFO]  Epoch[0] Batch [0-16]	Speed: 19354.72 samples/sec	cross-entropy=7.246873	A14-accuracy=0.000000
2024-04-08 00:10:37,252 [INFO]  Epoch[0] Train-cross-entropy=1.271291
2024-04-08 00:10:37,253 [INFO]  Epoch[0] Train-A14-accuracy=0.000000
2024-04-08 00:10:37,253 [INFO]  Epoch[0] Time cost=0.024
2024-04-08 00:10:37,254 [INFO]  Saved checkpoint to "./imputer_model/24_credit/imputer_model_A14/model-0000.params"
2024-04-08 00:10:37,255 [INFO]  Epoch[0] Validation-cross-entropy=1.744699
2024-04-08 00:10:37,255 [INFO]  Epoch[0] Validation-A14-accuracy=0.000000
2024-04-08 00:10:37,265 [INFO]  Epoch[1] Batch [0-16]	Speed: 27751.00 samples/sec	cross-entropy=0.870725	A14-accuracy=0.000000
2024-04-08 00:10:37,273 [INFO]  Epoch[1] Train-cross-entropy=0.568398
2024-04-08 00:10:37,273 [INFO]  Epoch[1] Train-A14-accuracy=0.000000
2024-04-08 00:10:37,274 [INFO]  Epoch[1] Time cost=0.018
2024-04-08 00:10:37,275 [INFO]  Saved checkpoint to "./imputer_model/24_credit/imputer_model_A14/model-0001.params"
2024-04-08 00:10:37,276 [INFO]  Epoch[1] Validation-cross-entropy=0.604401
2024-04-08 00:10:37,276 [INFO]  Epoch[1] Validation-A14-accuracy=0.000000
2024-04-08 00:10:37,287 [INFO]  Epoch[2] Batch [0-16]	Speed: 24699.62 samples/sec	cross-entropy=0.268119	A14-accuracy=0.000000
2024-04-08 00:10:37,295 [INFO]  Epoch[2] Train-cross-entropy=0.217406
2024-04-08 00:10:37,295 [INFO]  Epoch[2] Train-A14-accuracy=0.000000
2024-04-08 00:10:37,295 [INFO]  Epoch[2] Time cost=0.019
2024-04-08 00:10:37,297 [INFO]  Saved checkpoint to "./imputer_model/24_credit/imputer_model_A14/model-0002.params"
2024-04-08 00:10:37,298 [INFO]  Epoch[2] Validation-cross-entropy=0.450382
2024-04-08 00:10:37,298 [INFO]  Epoch[2] Validation-A14-accuracy=0.000000
2024-04-08 00:10:37,308 [INFO]  Epoch[3] Batch [0-16]	Speed: 28043.09 samples/sec	cross-entropy=0.150619	A14-accuracy=0.000000
2024-04-08 00:10:37,316 [INFO]  Epoch[3] Train-cross-entropy=0.154557
2024-04-08 00:10:37,316 [INFO]  Epoch[3] Train-A14-accuracy=0.000000
2024-04-08 00:10:37,316 [INFO]  Epoch[3] Time cost=0.018
2024-04-08 00:10:37,318 [INFO]  Saved checkpoint to "./imputer_model/24_credit/imputer_model_A14/model-0003.params"
2024-04-08 00:10:37,319 [INFO]  Epoch[3] Validation-cross-entropy=0.318888
2024-04-08 00:10:37,319 [INFO]  Epoch[3] Validation-A14-accuracy=0.000000
2024-04-08 00:10:37,329 [INFO]  Epoch[4] Batch [0-16]	Speed: 27988.27 samples/sec	cross-entropy=0.108264	A14-accuracy=0.000000
2024-04-08 00:10:37,337 [INFO]  Epoch[4] Train-cross-entropy=0.115437
2024-04-08 00:10:37,337 [INFO]  Epoch[4] Train-A14-accuracy=0.000000
2024-04-08 00:10:37,337 [INFO]  Epoch[4] Time cost=0.018
2024-04-08 00:10:37,338 [INFO]  Saved checkpoint to "./imputer_model/24_credit/imputer_model_A14/model-0004.params"
2024-04-08 00:10:37,339 [INFO]  Epoch[4] Validation-cross-entropy=0.271948
2024-04-08 00:10:37,340 [INFO]  Epoch[4] Validation-A14-accuracy=0.000000
2024-04-08 00:10:37,340 [INFO]  
========== done (0.11181306838989258 s) fit model
2024-04-08 00:10:40,984 [INFO]  
========== start: fit model
2024-04-08 00:10:40,984 [WARNING]  Already bound, ignoring bind()
2024-04-08 00:10:41,023 [INFO]  Epoch[0] Batch [0-16]	Speed: 7127.30 samples/sec	cross-entropy=12.978439	A14-accuracy=3.058824
2024-04-08 00:10:41,042 [INFO]  Epoch[0] Train-cross-entropy=5.186794
2024-04-08 00:10:41,042 [INFO]  Epoch[0] Train-A14-accuracy=3.428571
2024-04-08 00:10:41,042 [INFO]  Epoch[0] Time cost=0.057
2024-04-08 00:10:41,044 [INFO]  Saved checkpoint to "./imputer_model/24_credit/imputer_model_A14/model-0000.params"
2024-04-08 00:10:41,045 [INFO]  Epoch[0] Validation-cross-entropy=1.817198
2024-04-08 00:10:41,045 [INFO]  Epoch[0] Validation-A14-accuracy=0.000000
2024-04-08 00:10:41,058 [INFO]  Epoch[1] Batch [0-16]	Speed: 21532.11 samples/sec	cross-entropy=1.073673	A14-accuracy=3.058824
2024-04-08 00:10:41,069 [INFO]  Epoch[1] Train-cross-entropy=0.722864
2024-04-08 00:10:41,069 [INFO]  Epoch[1] Train-A14-accuracy=3.428571
2024-04-08 00:10:41,069 [INFO]  Epoch[1] Time cost=0.024
2024-04-08 00:10:41,071 [INFO]  Saved checkpoint to "./imputer_model/24_credit/imputer_model_A14/model-0001.params"
2024-04-08 00:10:41,072 [INFO]  Epoch[1] Validation-cross-entropy=0.751079
2024-04-08 00:10:41,072 [INFO]  Epoch[1] Validation-A14-accuracy=0.000000
2024-04-08 00:10:41,085 [INFO]  Epoch[2] Batch [0-16]	Speed: 21402.50 samples/sec	cross-entropy=0.435830	A14-accuracy=3.058824
2024-04-08 00:10:41,096 [INFO]  Epoch[2] Train-cross-entropy=0.354634
2024-04-08 00:10:41,096 [INFO]  Epoch[2] Train-A14-accuracy=3.428571
2024-04-08 00:10:41,096 [INFO]  Epoch[2] Time cost=0.024
2024-04-08 00:10:41,097 [INFO]  Saved checkpoint to "./imputer_model/24_credit/imputer_model_A14/model-0002.params"
2024-04-08 00:10:41,099 [INFO]  Epoch[2] Validation-cross-entropy=0.368017
2024-04-08 00:10:41,099 [INFO]  Epoch[2] Validation-A14-accuracy=0.000000
2024-04-08 00:10:41,112 [INFO]  Epoch[3] Batch [0-16]	Speed: 22022.76 samples/sec	cross-entropy=0.243523	A14-accuracy=3.058824
2024-04-08 00:10:41,123 [INFO]  Epoch[3] Train-cross-entropy=0.248449
2024-04-08 00:10:41,123 [INFO]  Epoch[3] Train-A14-accuracy=3.428571
2024-04-08 00:10:41,123 [INFO]  Epoch[3] Time cost=0.024
2024-04-08 00:10:41,125 [INFO]  Saved checkpoint to "./imputer_model/24_credit/imputer_model_A14/model-0003.params"
2024-04-08 00:10:41,126 [INFO]  Epoch[3] Validation-cross-entropy=0.358781
2024-04-08 00:10:41,126 [INFO]  Epoch[3] Validation-A14-accuracy=0.000000
2024-04-08 00:10:41,139 [INFO]  Epoch[4] Batch [0-16]	Speed: 21617.08 samples/sec	cross-entropy=0.186445	A14-accuracy=3.058824
2024-04-08 00:10:41,149 [INFO]  Epoch[4] Train-cross-entropy=0.165640
2024-04-08 00:10:41,149 [INFO]  Epoch[4] Train-A14-accuracy=3.428571
2024-04-08 00:10:41,149 [INFO]  Epoch[4] Time cost=0.023
2024-04-08 00:10:41,151 [INFO]  Saved checkpoint to "./imputer_model/24_credit/imputer_model_A14/model-0004.params"
2024-04-08 00:10:41,152 [INFO]  Epoch[4] Validation-cross-entropy=0.228355
2024-04-08 00:10:41,152 [INFO]  Epoch[4] Validation-A14-accuracy=0.000000
2024-04-08 00:10:41,152 [INFO]  
========== done (0.1682450771331787 s) fit model
2024-04-08 00:10:44,810 [INFO]  
========== start: fit model
2024-04-08 00:10:44,810 [WARNING]  Already bound, ignoring bind()
2024-04-08 00:10:44,826 [INFO]  Epoch[0] Batch [0-16]	Speed: 18690.35 samples/sec	cross-entropy=8.816593	A14-accuracy=3.647059
2024-04-08 00:10:44,838 [INFO]  Epoch[0] Train-cross-entropy=4.747853
2024-04-08 00:10:44,838 [INFO]  Epoch[0] Train-A14-accuracy=2.857143
2024-04-08 00:10:44,838 [INFO]  Epoch[0] Time cost=0.027
2024-04-08 00:10:44,840 [INFO]  Saved checkpoint to "./imputer_model/24_credit/imputer_model_A14/model-0000.params"
2024-04-08 00:10:44,841 [INFO]  Epoch[0] Validation-cross-entropy=1.432135
2024-04-08 00:10:44,841 [INFO]  Epoch[0] Validation-A14-accuracy=0.000000
2024-04-08 00:10:44,851 [INFO]  Epoch[1] Batch [0-16]	Speed: 27878.54 samples/sec	cross-entropy=0.944117	A14-accuracy=3.647059
2024-04-08 00:10:44,859 [INFO]  Epoch[1] Train-cross-entropy=0.540956
2024-04-08 00:10:44,860 [INFO]  Epoch[1] Train-A14-accuracy=2.857143
2024-04-08 00:10:44,860 [INFO]  Epoch[1] Time cost=0.018
2024-04-08 00:10:44,861 [INFO]  Saved checkpoint to "./imputer_model/24_credit/imputer_model_A14/model-0001.params"
2024-04-08 00:10:44,862 [INFO]  Epoch[1] Validation-cross-entropy=0.447923
2024-04-08 00:10:44,862 [INFO]  Epoch[1] Validation-A14-accuracy=0.000000
2024-04-08 00:10:44,872 [INFO]  Epoch[2] Batch [0-16]	Speed: 27352.30 samples/sec	cross-entropy=0.365752	A14-accuracy=3.647059
2024-04-08 00:10:44,881 [INFO]  Epoch[2] Train-cross-entropy=0.298433
2024-04-08 00:10:44,881 [INFO]  Epoch[2] Train-A14-accuracy=2.857143
2024-04-08 00:10:44,881 [INFO]  Epoch[2] Time cost=0.019
2024-04-08 00:10:44,882 [INFO]  Saved checkpoint to "./imputer_model/24_credit/imputer_model_A14/model-0002.params"
2024-04-08 00:10:44,884 [INFO]  Epoch[2] Validation-cross-entropy=0.255910
2024-04-08 00:10:44,884 [INFO]  Epoch[2] Validation-A14-accuracy=0.000000
2024-04-08 00:10:44,894 [INFO]  Epoch[3] Batch [0-16]	Speed: 26894.65 samples/sec	cross-entropy=0.237736	A14-accuracy=3.647059
2024-04-08 00:10:44,902 [INFO]  Epoch[3] Train-cross-entropy=0.179678
2024-04-08 00:10:44,902 [INFO]  Epoch[3] Train-A14-accuracy=2.857143
2024-04-08 00:10:44,902 [INFO]  Epoch[3] Time cost=0.019
2024-04-08 00:10:44,904 [INFO]  Saved checkpoint to "./imputer_model/24_credit/imputer_model_A14/model-0003.params"
2024-04-08 00:10:44,905 [INFO]  Epoch[3] Validation-cross-entropy=0.212068
2024-04-08 00:10:44,905 [INFO]  Epoch[3] Validation-A14-accuracy=0.000000
2024-04-08 00:10:44,915 [INFO]  Epoch[4] Batch [0-16]	Speed: 28434.45 samples/sec	cross-entropy=0.138766	A14-accuracy=3.647059
2024-04-08 00:10:44,923 [INFO]  Epoch[4] Train-cross-entropy=0.121600
2024-04-08 00:10:44,923 [INFO]  Epoch[4] Train-A14-accuracy=2.857143
2024-04-08 00:10:44,923 [INFO]  Epoch[4] Time cost=0.018
2024-04-08 00:10:44,924 [INFO]  Saved checkpoint to "./imputer_model/24_credit/imputer_model_A14/model-0004.params"
2024-04-08 00:10:44,925 [INFO]  Epoch[4] Validation-cross-entropy=0.163639
2024-04-08 00:10:44,925 [INFO]  Epoch[4] Validation-A14-accuracy=0.000000
2024-04-08 00:10:44,925 [INFO]  
========== done (0.1152489185333252 s) fit model
2024-04-08 00:10:49,883 [INFO]  
========== start: fit model
2024-04-08 00:10:49,883 [WARNING]  Already bound, ignoring bind()
2024-04-08 00:10:50,024 [INFO]  Epoch[0] Batch [0-16]	Speed: 3458.90 samples/sec	cross-entropy=9.604007	A14-accuracy=0.000000
2024-04-08 00:10:50,034 [INFO]  Epoch[0] Train-cross-entropy=4.531630
2024-04-08 00:10:50,034 [INFO]  Epoch[0] Train-A14-accuracy=0.000000
2024-04-08 00:10:50,034 [INFO]  Epoch[0] Time cost=0.150
2024-04-08 00:10:50,036 [INFO]  Saved checkpoint to "./imputer_model/24_credit/imputer_model_A14/model-0000.params"
2024-04-08 00:10:50,037 [INFO]  Epoch[0] Validation-cross-entropy=2.868177
2024-04-08 00:10:50,037 [INFO]  Epoch[0] Validation-A14-accuracy=0.000000
2024-04-08 00:10:50,067 [INFO]  Epoch[1] Batch [0-16]	Speed: 8692.72 samples/sec	cross-entropy=0.916926	A14-accuracy=0.000000
2024-04-08 00:10:50,080 [INFO]  Epoch[1] Train-cross-entropy=0.537822
2024-04-08 00:10:50,080 [INFO]  Epoch[1] Train-A14-accuracy=0.000000
2024-04-08 00:10:50,080 [INFO]  Epoch[1] Time cost=0.043
2024-04-08 00:10:50,082 [INFO]  Saved checkpoint to "./imputer_model/24_credit/imputer_model_A14/model-0001.params"
2024-04-08 00:10:50,084 [INFO]  Epoch[1] Validation-cross-entropy=0.713440
2024-04-08 00:10:50,084 [INFO]  Epoch[1] Validation-A14-accuracy=0.000000
2024-04-08 00:10:50,103 [INFO]  Epoch[2] Batch [0-16]	Speed: 14652.99 samples/sec	cross-entropy=0.307280	A14-accuracy=0.000000
2024-04-08 00:10:50,118 [INFO]  Epoch[2] Train-cross-entropy=0.219265
2024-04-08 00:10:50,118 [INFO]  Epoch[2] Train-A14-accuracy=0.000000
2024-04-08 00:10:50,118 [INFO]  Epoch[2] Time cost=0.034
2024-04-08 00:10:50,120 [INFO]  Saved checkpoint to "./imputer_model/24_credit/imputer_model_A14/model-0002.params"
2024-04-08 00:10:50,122 [INFO]  Epoch[2] Validation-cross-entropy=0.528907
2024-04-08 00:10:50,122 [INFO]  Epoch[2] Validation-A14-accuracy=0.000000
2024-04-08 00:10:50,141 [INFO]  Epoch[3] Batch [0-16]	Speed: 14580.76 samples/sec	cross-entropy=0.181798	A14-accuracy=0.000000
2024-04-08 00:10:50,157 [INFO]  Epoch[3] Train-cross-entropy=0.161181
2024-04-08 00:10:50,157 [INFO]  Epoch[3] Train-A14-accuracy=0.000000
2024-04-08 00:10:50,157 [INFO]  Epoch[3] Time cost=0.035
2024-04-08 00:10:50,159 [INFO]  Saved checkpoint to "./imputer_model/24_credit/imputer_model_A14/model-0003.params"
2024-04-08 00:10:50,161 [INFO]  Epoch[3] Validation-cross-entropy=0.338339
2024-04-08 00:10:50,161 [INFO]  Epoch[3] Validation-A14-accuracy=0.000000
2024-04-08 00:10:50,180 [INFO]  Epoch[4] Batch [0-16]	Speed: 14486.53 samples/sec	cross-entropy=0.124868	A14-accuracy=0.000000
2024-04-08 00:10:50,195 [INFO]  Epoch[4] Train-cross-entropy=0.116234
2024-04-08 00:10:50,195 [INFO]  Epoch[4] Train-A14-accuracy=0.000000
2024-04-08 00:10:50,195 [INFO]  Epoch[4] Time cost=0.035
2024-04-08 00:10:50,197 [INFO]  Saved checkpoint to "./imputer_model/24_credit/imputer_model_A14/model-0004.params"
2024-04-08 00:10:50,199 [INFO]  Epoch[4] Validation-cross-entropy=0.295207
2024-04-08 00:10:50,199 [INFO]  Epoch[4] Validation-A14-accuracy=0.000000
2024-04-08 00:10:50,199 [INFO]  
========== done (0.31571531295776367 s) fit model
2024-04-08 00:10:58,181 [INFO]  
========== start: fit model
2024-04-08 00:10:58,181 [WARNING]  Already bound, ignoring bind()
2024-04-08 00:10:58,197 [INFO]  Epoch[0] Batch [0-16]	Speed: 28417.15 samples/sec	cross-entropy=18.882890	A14-accuracy=3.294118
2024-04-08 00:10:58,205 [INFO]  Epoch[0] Train-cross-entropy=4.826801
2024-04-08 00:10:58,205 [INFO]  Epoch[0] Train-A14-accuracy=3.357143
2024-04-08 00:10:58,205 [INFO]  Epoch[0] Time cost=0.023
2024-04-08 00:10:58,207 [INFO]  Saved checkpoint to "./imputer_model/24_credit/imputer_model_A14/model-0000.params"
2024-04-08 00:10:58,208 [INFO]  Epoch[0] Validation-cross-entropy=3.215304
2024-04-08 00:10:58,208 [INFO]  Epoch[0] Validation-A14-accuracy=0.000000
2024-04-08 00:10:58,250 [INFO]  Epoch[1] Batch [0-16]	Speed: 6205.45 samples/sec	cross-entropy=2.940922	A14-accuracy=3.294118
2024-04-08 00:10:58,278 [INFO]  Epoch[1] Train-cross-entropy=0.683896
2024-04-08 00:10:58,278 [INFO]  Epoch[1] Train-A14-accuracy=3.357143
2024-04-08 00:10:58,278 [INFO]  Epoch[1] Time cost=0.071
2024-04-08 00:10:58,280 [INFO]  Saved checkpoint to "./imputer_model/24_credit/imputer_model_A14/model-0001.params"
2024-04-08 00:10:58,281 [INFO]  Epoch[1] Validation-cross-entropy=0.557100
2024-04-08 00:10:58,281 [INFO]  Epoch[1] Validation-A14-accuracy=0.000000
2024-04-08 00:10:58,291 [INFO]  Epoch[2] Batch [0-16]	Speed: 28040.89 samples/sec	cross-entropy=0.620012	A14-accuracy=3.294118
2024-04-08 00:10:58,345 [INFO]  Epoch[2] Train-cross-entropy=0.402370
2024-04-08 00:10:58,345 [INFO]  Epoch[2] Train-A14-accuracy=3.357143
2024-04-08 00:10:58,345 [INFO]  Epoch[2] Time cost=0.064
2024-04-08 00:10:58,346 [INFO]  Saved checkpoint to "./imputer_model/24_credit/imputer_model_A14/model-0002.params"
2024-04-08 00:10:58,348 [INFO]  Epoch[2] Validation-cross-entropy=0.366457
2024-04-08 00:10:58,348 [INFO]  Epoch[2] Validation-A14-accuracy=0.000000
2024-04-08 00:10:58,367 [INFO]  Epoch[3] Batch [0-16]	Speed: 17113.33 samples/sec	cross-entropy=0.309429	A14-accuracy=3.294118
2024-04-08 00:10:58,437 [INFO]  Epoch[3] Train-cross-entropy=0.241691
2024-04-08 00:10:58,437 [INFO]  Epoch[3] Train-A14-accuracy=3.357143
2024-04-08 00:10:58,437 [INFO]  Epoch[3] Time cost=0.089
2024-04-08 00:10:58,438 [INFO]  Saved checkpoint to "./imputer_model/24_credit/imputer_model_A14/model-0003.params"
2024-04-08 00:10:58,439 [INFO]  Epoch[3] Validation-cross-entropy=0.273759
2024-04-08 00:10:58,439 [INFO]  Epoch[3] Validation-A14-accuracy=0.000000
2024-04-08 00:10:58,449 [INFO]  Epoch[4] Batch [0-16]	Speed: 27863.34 samples/sec	cross-entropy=0.181749	A14-accuracy=3.294118
2024-04-08 00:10:58,457 [INFO]  Epoch[4] Train-cross-entropy=0.170696
2024-04-08 00:10:58,457 [INFO]  Epoch[4] Train-A14-accuracy=3.357143
2024-04-08 00:10:58,457 [INFO]  Epoch[4] Time cost=0.018
2024-04-08 00:10:58,459 [INFO]  Saved checkpoint to "./imputer_model/24_credit/imputer_model_A14/model-0004.params"
2024-04-08 00:10:58,460 [INFO]  Epoch[4] Validation-cross-entropy=0.227083
2024-04-08 00:10:58,460 [INFO]  Epoch[4] Validation-A14-accuracy=0.000000
2024-04-08 00:10:58,460 [INFO]  
========== done (0.27907514572143555 s) fit model
2024-04-08 00:11:05,866 [INFO]  
========== start: fit model
2024-04-08 00:11:05,866 [WARNING]  Already bound, ignoring bind()
2024-04-08 00:11:05,900 [INFO]  Epoch[0] Batch [0-16]	Speed: 12187.62 samples/sec	cross-entropy=4.734241	A14-accuracy=2.529412
2024-04-08 00:11:05,912 [INFO]  Epoch[0] Train-cross-entropy=1.360105
2024-04-08 00:11:05,912 [INFO]  Epoch[0] Train-A14-accuracy=3.857143
2024-04-08 00:11:05,912 [INFO]  Epoch[0] Time cost=0.041
2024-04-08 00:11:05,914 [INFO]  Saved checkpoint to "./imputer_model/24_credit/imputer_model_A14/model-0000.params"
2024-04-08 00:11:05,916 [INFO]  Epoch[0] Validation-cross-entropy=0.676605
2024-04-08 00:11:05,916 [INFO]  Epoch[0] Validation-A14-accuracy=0.000000
2024-04-08 00:11:05,930 [INFO]  Epoch[1] Batch [0-16]	Speed: 19725.21 samples/sec	cross-entropy=0.704104	A14-accuracy=2.529412
2024-04-08 00:11:05,942 [INFO]  Epoch[1] Train-cross-entropy=0.556371
2024-04-08 00:11:05,942 [INFO]  Epoch[1] Train-A14-accuracy=3.857143
2024-04-08 00:11:05,942 [INFO]  Epoch[1] Time cost=0.026
2024-04-08 00:11:05,944 [INFO]  Saved checkpoint to "./imputer_model/24_credit/imputer_model_A14/model-0001.params"
2024-04-08 00:11:05,946 [INFO]  Epoch[1] Validation-cross-entropy=0.260436
2024-04-08 00:11:05,946 [INFO]  Epoch[1] Validation-A14-accuracy=0.000000
2024-04-08 00:11:05,960 [INFO]  Epoch[2] Batch [0-16]	Speed: 19445.86 samples/sec	cross-entropy=0.231790	A14-accuracy=2.529412
2024-04-08 00:11:05,974 [INFO]  Epoch[2] Train-cross-entropy=0.262565
2024-04-08 00:11:05,974 [INFO]  Epoch[2] Train-A14-accuracy=3.857143
2024-04-08 00:11:05,974 [INFO]  Epoch[2] Time cost=0.028
2024-04-08 00:11:05,976 [INFO]  Saved checkpoint to "./imputer_model/24_credit/imputer_model_A14/model-0002.params"
2024-04-08 00:11:05,978 [INFO]  Epoch[2] Validation-cross-entropy=0.152099
2024-04-08 00:11:05,978 [INFO]  Epoch[2] Validation-A14-accuracy=0.000000
2024-04-08 00:11:05,994 [INFO]  Epoch[3] Batch [0-16]	Speed: 16877.16 samples/sec	cross-entropy=0.167108	A14-accuracy=2.529412
2024-04-08 00:11:06,008 [INFO]  Epoch[3] Train-cross-entropy=0.170406
2024-04-08 00:11:06,008 [INFO]  Epoch[3] Train-A14-accuracy=3.857143
2024-04-08 00:11:06,008 [INFO]  Epoch[3] Time cost=0.030
2024-04-08 00:11:06,011 [INFO]  Saved checkpoint to "./imputer_model/24_credit/imputer_model_A14/model-0003.params"
2024-04-08 00:11:06,012 [INFO]  Epoch[3] Validation-cross-entropy=0.116402
2024-04-08 00:11:06,012 [INFO]  Epoch[3] Validation-A14-accuracy=0.000000
2024-04-08 00:11:06,029 [INFO]  Epoch[4] Batch [0-16]	Speed: 16102.91 samples/sec	cross-entropy=0.103943	A14-accuracy=2.529412
2024-04-08 00:11:06,043 [INFO]  Epoch[4] Train-cross-entropy=0.125010
2024-04-08 00:11:06,043 [INFO]  Epoch[4] Train-A14-accuracy=3.857143
2024-04-08 00:11:06,043 [INFO]  Epoch[4] Time cost=0.031
2024-04-08 00:11:06,045 [INFO]  Saved checkpoint to "./imputer_model/24_credit/imputer_model_A14/model-0004.params"
2024-04-08 00:11:06,047 [INFO]  Epoch[4] Validation-cross-entropy=0.109847
2024-04-08 00:11:06,047 [INFO]  Epoch[4] Validation-A14-accuracy=0.000000
2024-04-08 00:11:06,047 [INFO]  
========== done (0.1812725067138672 s) fit model
2024-04-08 00:11:13,595 [INFO]  
========== start: fit model
2024-04-08 00:11:13,595 [WARNING]  Already bound, ignoring bind()
2024-04-08 00:11:13,617 [INFO]  Epoch[0] Batch [0-16]	Speed: 21341.66 samples/sec	cross-entropy=12.802437	A14-accuracy=3.411765
2024-04-08 00:11:13,645 [INFO]  Epoch[0] Train-cross-entropy=2.992971
2024-04-08 00:11:13,645 [INFO]  Epoch[0] Train-A14-accuracy=3.857143
2024-04-08 00:11:13,645 [INFO]  Epoch[0] Time cost=0.049
2024-04-08 00:11:13,647 [INFO]  Saved checkpoint to "./imputer_model/24_credit/imputer_model_A14/model-0000.params"
2024-04-08 00:11:13,648 [INFO]  Epoch[0] Validation-cross-entropy=11.052775
2024-04-08 00:11:13,648 [INFO]  Epoch[0] Validation-A14-accuracy=0.000000
2024-04-08 00:11:13,692 [INFO]  Epoch[1] Batch [0-16]	Speed: 7737.29 samples/sec	cross-entropy=1.652807	A14-accuracy=3.411765
2024-04-08 00:11:13,704 [INFO]  Epoch[1] Train-cross-entropy=0.766166
2024-04-08 00:11:13,704 [INFO]  Epoch[1] Train-A14-accuracy=3.857143
2024-04-08 00:11:13,704 [INFO]  Epoch[1] Time cost=0.055
2024-04-08 00:11:13,705 [INFO]  Saved checkpoint to "./imputer_model/24_credit/imputer_model_A14/model-0001.params"
2024-04-08 00:11:13,707 [INFO]  Epoch[1] Validation-cross-entropy=3.020569
2024-04-08 00:11:13,707 [INFO]  Epoch[1] Validation-A14-accuracy=0.000000
2024-04-08 00:11:13,720 [INFO]  Epoch[2] Batch [0-16]	Speed: 21441.82 samples/sec	cross-entropy=0.618062	A14-accuracy=3.411765
2024-04-08 00:11:13,742 [INFO]  Epoch[2] Train-cross-entropy=0.326155
2024-04-08 00:11:13,742 [INFO]  Epoch[2] Train-A14-accuracy=3.857143
2024-04-08 00:11:13,742 [INFO]  Epoch[2] Time cost=0.036
2024-04-08 00:11:13,744 [INFO]  Saved checkpoint to "./imputer_model/24_credit/imputer_model_A14/model-0002.params"
2024-04-08 00:11:13,746 [INFO]  Epoch[2] Validation-cross-entropy=2.122078
2024-04-08 00:11:13,746 [INFO]  Epoch[2] Validation-A14-accuracy=0.000000
2024-04-08 00:11:13,831 [INFO]  Epoch[3] Batch [0-16]	Speed: 3030.17 samples/sec	cross-entropy=0.335482	A14-accuracy=3.411765
2024-04-08 00:11:13,842 [INFO]  Epoch[3] Train-cross-entropy=0.208645
2024-04-08 00:11:13,842 [INFO]  Epoch[3] Train-A14-accuracy=3.857143
2024-04-08 00:11:13,842 [INFO]  Epoch[3] Time cost=0.096
2024-04-08 00:11:13,844 [INFO]  Saved checkpoint to "./imputer_model/24_credit/imputer_model_A14/model-0003.params"
2024-04-08 00:11:13,845 [INFO]  Epoch[3] Validation-cross-entropy=1.242435
2024-04-08 00:11:13,845 [INFO]  Epoch[3] Validation-A14-accuracy=0.000000
2024-04-08 00:11:13,873 [INFO]  Epoch[4] Batch [0-16]	Speed: 9491.47 samples/sec	cross-entropy=0.214547	A14-accuracy=3.411765
2024-04-08 00:11:13,905 [INFO]  Epoch[4] Train-cross-entropy=0.135478
2024-04-08 00:11:13,905 [INFO]  Epoch[4] Train-A14-accuracy=3.857143
2024-04-08 00:11:13,906 [INFO]  Epoch[4] Time cost=0.060
2024-04-08 00:11:13,907 [INFO]  Saved checkpoint to "./imputer_model/24_credit/imputer_model_A14/model-0004.params"
2024-04-08 00:11:13,909 [INFO]  Epoch[4] Validation-cross-entropy=0.853447
2024-04-08 00:11:13,909 [INFO]  Epoch[4] Validation-A14-accuracy=0.000000
2024-04-08 00:11:13,909 [INFO]  
========== done (0.31398820877075195 s) fit model
2024-04-08 00:11:20,966 [INFO]  
========== start: fit model
2024-04-08 00:11:20,966 [WARNING]  Already bound, ignoring bind()
2024-04-08 00:11:20,982 [INFO]  Epoch[0] Batch [0-16]	Speed: 18750.08 samples/sec	cross-entropy=13.700739	A14-accuracy=0.000000
2024-04-08 00:11:20,994 [INFO]  Epoch[0] Train-cross-entropy=3.080516
2024-04-08 00:11:20,994 [INFO]  Epoch[0] Train-A14-accuracy=0.000000
2024-04-08 00:11:20,994 [INFO]  Epoch[0] Time cost=0.027
2024-04-08 00:11:20,996 [INFO]  Saved checkpoint to "./imputer_model/24_credit/imputer_model_A14/model-0000.params"
2024-04-08 00:11:20,997 [INFO]  Epoch[0] Validation-cross-entropy=6.774364
2024-04-08 00:11:20,997 [INFO]  Epoch[0] Validation-A14-accuracy=0.000000
2024-04-08 00:11:21,012 [INFO]  Epoch[1] Batch [0-16]	Speed: 19438.81 samples/sec	cross-entropy=1.282060	A14-accuracy=0.000000
2024-04-08 00:11:21,094 [INFO]  Epoch[1] Train-cross-entropy=0.604431
2024-04-08 00:11:21,094 [INFO]  Epoch[1] Train-A14-accuracy=0.000000
2024-04-08 00:11:21,094 [INFO]  Epoch[1] Time cost=0.097
2024-04-08 00:11:21,096 [INFO]  Saved checkpoint to "./imputer_model/24_credit/imputer_model_A14/model-0001.params"
2024-04-08 00:11:21,097 [INFO]  Epoch[1] Validation-cross-entropy=1.129737
2024-04-08 00:11:21,097 [INFO]  Epoch[1] Validation-A14-accuracy=0.000000
2024-04-08 00:11:21,107 [INFO]  Epoch[2] Batch [0-16]	Speed: 28418.65 samples/sec	cross-entropy=0.429458	A14-accuracy=0.000000
2024-04-08 00:11:21,115 [INFO]  Epoch[2] Train-cross-entropy=0.308406
2024-04-08 00:11:21,115 [INFO]  Epoch[2] Train-A14-accuracy=0.000000
2024-04-08 00:11:21,115 [INFO]  Epoch[2] Time cost=0.018
2024-04-08 00:11:21,120 [INFO]  Saved checkpoint to "./imputer_model/24_credit/imputer_model_A14/model-0002.params"
2024-04-08 00:11:21,161 [INFO]  Epoch[2] Validation-cross-entropy=0.956001
2024-04-08 00:11:21,162 [INFO]  Epoch[2] Validation-A14-accuracy=0.000000
2024-04-08 00:11:21,482 [INFO]  Epoch[3] Batch [0-16]	Speed: 801.80 samples/sec	cross-entropy=0.259432	A14-accuracy=0.000000
2024-04-08 00:11:21,490 [INFO]  Epoch[3] Train-cross-entropy=0.194844
2024-04-08 00:11:21,490 [INFO]  Epoch[3] Train-A14-accuracy=0.000000
2024-04-08 00:11:21,490 [INFO]  Epoch[3] Time cost=0.329
2024-04-08 00:11:21,492 [INFO]  Saved checkpoint to "./imputer_model/24_credit/imputer_model_A14/model-0003.params"
2024-04-08 00:11:21,493 [INFO]  Epoch[3] Validation-cross-entropy=0.638874
2024-04-08 00:11:21,493 [INFO]  Epoch[3] Validation-A14-accuracy=0.000000
2024-04-08 00:11:21,503 [INFO]  Epoch[4] Batch [0-16]	Speed: 27614.69 samples/sec	cross-entropy=0.174538	A14-accuracy=0.000000
2024-04-08 00:11:21,511 [INFO]  Epoch[4] Train-cross-entropy=0.136534
2024-04-08 00:11:21,511 [INFO]  Epoch[4] Train-A14-accuracy=0.000000
2024-04-08 00:11:21,511 [INFO]  Epoch[4] Time cost=0.019
2024-04-08 00:11:21,513 [INFO]  Saved checkpoint to "./imputer_model/24_credit/imputer_model_A14/model-0004.params"
2024-04-08 00:11:21,514 [INFO]  Epoch[4] Validation-cross-entropy=0.487637
2024-04-08 00:11:21,514 [INFO]  Epoch[4] Validation-A14-accuracy=0.000000
2024-04-08 00:11:21,514 [INFO]  
========== done (0.54850172996521 s) fit model
2024-04-08 00:11:29,535 [INFO]  
========== start: fit model
2024-04-08 00:11:29,535 [WARNING]  Already bound, ignoring bind()
2024-04-08 00:11:29,603 [INFO]  Epoch[0] Batch [0-16]	Speed: 4410.31 samples/sec	cross-entropy=11.428985	A14-accuracy=3.117647
2024-04-08 00:11:29,617 [INFO]  Epoch[0] Train-cross-entropy=4.218763
2024-04-08 00:11:29,617 [INFO]  Epoch[0] Train-A14-accuracy=3.214286
2024-04-08 00:11:29,617 [INFO]  Epoch[0] Time cost=0.081
2024-04-08 00:11:29,619 [INFO]  Saved checkpoint to "./imputer_model/24_credit/imputer_model_A14/model-0000.params"
2024-04-08 00:11:29,621 [INFO]  Epoch[0] Validation-cross-entropy=1.524113
2024-04-08 00:11:29,621 [INFO]  Epoch[0] Validation-A14-accuracy=0.000000
2024-04-08 00:11:29,639 [INFO]  Epoch[1] Batch [0-16]	Speed: 15513.36 samples/sec	cross-entropy=0.931053	A14-accuracy=3.117647
2024-04-08 00:11:29,657 [INFO]  Epoch[1] Train-cross-entropy=0.603336
2024-04-08 00:11:29,657 [INFO]  Epoch[1] Train-A14-accuracy=3.214286
2024-04-08 00:11:29,657 [INFO]  Epoch[1] Time cost=0.036
2024-04-08 00:11:29,660 [INFO]  Saved checkpoint to "./imputer_model/24_credit/imputer_model_A14/model-0001.params"
2024-04-08 00:11:29,663 [INFO]  Epoch[1] Validation-cross-entropy=0.659343
2024-04-08 00:11:29,663 [INFO]  Epoch[1] Validation-A14-accuracy=0.000000
2024-04-08 00:11:29,686 [INFO]  Epoch[2] Batch [0-16]	Speed: 11698.06 samples/sec	cross-entropy=0.382041	A14-accuracy=3.117647
2024-04-08 00:11:29,706 [INFO]  Epoch[2] Train-cross-entropy=0.298429
2024-04-08 00:11:29,706 [INFO]  Epoch[2] Train-A14-accuracy=3.214286
2024-04-08 00:11:29,706 [INFO]  Epoch[2] Time cost=0.043
2024-04-08 00:11:29,708 [INFO]  Saved checkpoint to "./imputer_model/24_credit/imputer_model_A14/model-0002.params"
2024-04-08 00:11:29,711 [INFO]  Epoch[2] Validation-cross-entropy=0.435630
2024-04-08 00:11:29,711 [INFO]  Epoch[2] Validation-A14-accuracy=0.000000
2024-04-08 00:11:29,735 [INFO]  Epoch[3] Batch [0-16]	Speed: 11668.57 samples/sec	cross-entropy=0.209003	A14-accuracy=3.117647
2024-04-08 00:11:29,866 [INFO]  Epoch[3] Train-cross-entropy=0.181799
2024-04-08 00:11:29,866 [INFO]  Epoch[3] Train-A14-accuracy=3.214286
2024-04-08 00:11:29,866 [INFO]  Epoch[3] Time cost=0.155
2024-04-08 00:11:29,868 [INFO]  Saved checkpoint to "./imputer_model/24_credit/imputer_model_A14/model-0003.params"
2024-04-08 00:11:29,870 [INFO]  Epoch[3] Validation-cross-entropy=0.328149
2024-04-08 00:11:29,870 [INFO]  Epoch[3] Validation-A14-accuracy=0.000000
2024-04-08 00:11:29,888 [INFO]  Epoch[4] Batch [0-16]	Speed: 14999.12 samples/sec	cross-entropy=0.145582	A14-accuracy=3.117647
2024-04-08 00:11:29,905 [INFO]  Epoch[4] Train-cross-entropy=0.131205
2024-04-08 00:11:29,905 [INFO]  Epoch[4] Train-A14-accuracy=3.214286
2024-04-08 00:11:29,905 [INFO]  Epoch[4] Time cost=0.035
2024-04-08 00:11:29,907 [INFO]  Saved checkpoint to "./imputer_model/24_credit/imputer_model_A14/model-0004.params"
2024-04-08 00:11:29,910 [INFO]  Epoch[4] Validation-cross-entropy=0.249915
2024-04-08 00:11:29,910 [INFO]  Epoch[4] Validation-A14-accuracy=0.000000
2024-04-08 00:11:29,910 [INFO]  
========== done (0.37579774856567383 s) fit model
2024-04-08 00:11:34,399 [INFO]  
========== start: fit model
2024-04-08 00:11:34,399 [WARNING]  Already bound, ignoring bind()
2024-04-08 00:11:34,427 [INFO]  Epoch[0] Batch [0-16]	Speed: 10286.16 samples/sec	cross-entropy=11.900244	A14-accuracy=3.294118
2024-04-08 00:11:34,439 [INFO]  Epoch[0] Train-cross-entropy=2.255477
2024-04-08 00:11:34,440 [INFO]  Epoch[0] Train-A14-accuracy=3.357143
2024-04-08 00:11:34,440 [INFO]  Epoch[0] Time cost=0.039
2024-04-08 00:11:34,441 [INFO]  Saved checkpoint to "./imputer_model/24_credit/imputer_model_A14/model-0000.params"
2024-04-08 00:11:34,443 [INFO]  Epoch[0] Validation-cross-entropy=1.130547
2024-04-08 00:11:34,443 [INFO]  Epoch[0] Validation-A14-accuracy=0.000000
2024-04-08 00:11:34,456 [INFO]  Epoch[1] Batch [0-16]	Speed: 21438.39 samples/sec	cross-entropy=1.336756	A14-accuracy=3.294118
2024-04-08 00:11:34,467 [INFO]  Epoch[1] Train-cross-entropy=0.536479
2024-04-08 00:11:34,467 [INFO]  Epoch[1] Train-A14-accuracy=3.357143
2024-04-08 00:11:34,467 [INFO]  Epoch[1] Time cost=0.024
2024-04-08 00:11:34,469 [INFO]  Saved checkpoint to "./imputer_model/24_credit/imputer_model_A14/model-0001.params"
2024-04-08 00:11:34,470 [INFO]  Epoch[1] Validation-cross-entropy=0.564064
2024-04-08 00:11:34,470 [INFO]  Epoch[1] Validation-A14-accuracy=0.000000
2024-04-08 00:11:34,483 [INFO]  Epoch[2] Batch [0-16]	Speed: 21510.97 samples/sec	cross-entropy=0.428075	A14-accuracy=3.294118
2024-04-08 00:11:34,494 [INFO]  Epoch[2] Train-cross-entropy=0.236016
2024-04-08 00:11:34,494 [INFO]  Epoch[2] Train-A14-accuracy=3.357143
2024-04-08 00:11:34,494 [INFO]  Epoch[2] Time cost=0.024
2024-04-08 00:11:34,495 [INFO]  Saved checkpoint to "./imputer_model/24_credit/imputer_model_A14/model-0002.params"
2024-04-08 00:11:34,497 [INFO]  Epoch[2] Validation-cross-entropy=0.255793
2024-04-08 00:11:34,497 [INFO]  Epoch[2] Validation-A14-accuracy=0.000000
2024-04-08 00:11:34,510 [INFO]  Epoch[3] Batch [0-16]	Speed: 21534.27 samples/sec	cross-entropy=0.227126	A14-accuracy=3.294118
2024-04-08 00:11:34,520 [INFO]  Epoch[3] Train-cross-entropy=0.143192
2024-04-08 00:11:34,521 [INFO]  Epoch[3] Train-A14-accuracy=3.357143
2024-04-08 00:11:34,521 [INFO]  Epoch[3] Time cost=0.024
2024-04-08 00:11:34,522 [INFO]  Saved checkpoint to "./imputer_model/24_credit/imputer_model_A14/model-0003.params"
2024-04-08 00:11:34,524 [INFO]  Epoch[3] Validation-cross-entropy=0.281420
2024-04-08 00:11:34,524 [INFO]  Epoch[3] Validation-A14-accuracy=0.000000
2024-04-08 00:11:34,537 [INFO]  Epoch[4] Batch [0-16]	Speed: 21207.20 samples/sec	cross-entropy=0.148869	A14-accuracy=3.294118
2024-04-08 00:11:34,547 [INFO]  Epoch[4] Train-cross-entropy=0.100895
2024-04-08 00:11:34,547 [INFO]  Epoch[4] Train-A14-accuracy=3.357143
2024-04-08 00:11:34,548 [INFO]  Epoch[4] Time cost=0.024
2024-04-08 00:11:34,549 [INFO]  Saved checkpoint to "./imputer_model/24_credit/imputer_model_A14/model-0004.params"
2024-04-08 00:11:34,551 [INFO]  Epoch[4] Validation-cross-entropy=0.201036
2024-04-08 00:11:34,551 [INFO]  Epoch[4] Validation-A14-accuracy=0.000000
2024-04-08 00:11:34,551 [INFO]  
========== done (0.1517467498779297 s) fit model
2024-04-08 00:11:38,312 [INFO]  
========== start: fit model
2024-04-08 00:11:38,312 [WARNING]  Already bound, ignoring bind()
2024-04-08 00:11:38,327 [INFO]  Epoch[0] Batch [0-16]	Speed: 20587.12 samples/sec	cross-entropy=11.031677	A14-accuracy=3.529412
2024-04-08 00:11:38,345 [INFO]  Epoch[0] Train-cross-entropy=2.853171
2024-04-08 00:11:38,345 [INFO]  Epoch[0] Train-A14-accuracy=2.714286
2024-04-08 00:11:38,345 [INFO]  Epoch[0] Time cost=0.032
2024-04-08 00:11:38,347 [INFO]  Saved checkpoint to "./imputer_model/24_credit/imputer_model_A14/model-0000.params"
2024-04-08 00:11:38,349 [INFO]  Epoch[0] Validation-cross-entropy=3.538366
2024-04-08 00:11:38,349 [INFO]  Epoch[0] Validation-A14-accuracy=0.000000
2024-04-08 00:11:38,362 [INFO]  Epoch[1] Batch [0-16]	Speed: 21079.80 samples/sec	cross-entropy=1.011163	A14-accuracy=3.529412
2024-04-08 00:11:38,373 [INFO]  Epoch[1] Train-cross-entropy=0.716877
2024-04-08 00:11:38,373 [INFO]  Epoch[1] Train-A14-accuracy=2.714286
2024-04-08 00:11:38,373 [INFO]  Epoch[1] Time cost=0.024
2024-04-08 00:11:38,375 [INFO]  Saved checkpoint to "./imputer_model/24_credit/imputer_model_A14/model-0001.params"
2024-04-08 00:11:38,376 [INFO]  Epoch[1] Validation-cross-entropy=1.830319
2024-04-08 00:11:38,376 [INFO]  Epoch[1] Validation-A14-accuracy=0.000000
2024-04-08 00:11:38,389 [INFO]  Epoch[2] Batch [0-16]	Speed: 21662.87 samples/sec	cross-entropy=0.453116	A14-accuracy=3.529412
2024-04-08 00:11:38,400 [INFO]  Epoch[2] Train-cross-entropy=0.312170
2024-04-08 00:11:38,400 [INFO]  Epoch[2] Train-A14-accuracy=2.714286
2024-04-08 00:11:38,400 [INFO]  Epoch[2] Time cost=0.023
2024-04-08 00:11:38,402 [INFO]  Saved checkpoint to "./imputer_model/24_credit/imputer_model_A14/model-0002.params"
2024-04-08 00:11:38,403 [INFO]  Epoch[2] Validation-cross-entropy=1.307045
2024-04-08 00:11:38,403 [INFO]  Epoch[2] Validation-A14-accuracy=0.000000
2024-04-08 00:11:38,416 [INFO]  Epoch[3] Batch [0-16]	Speed: 21363.32 samples/sec	cross-entropy=0.234674	A14-accuracy=3.529412
2024-04-08 00:11:38,427 [INFO]  Epoch[3] Train-cross-entropy=0.178084
2024-04-08 00:11:38,427 [INFO]  Epoch[3] Train-A14-accuracy=2.714286
2024-04-08 00:11:38,427 [INFO]  Epoch[3] Time cost=0.023
2024-04-08 00:11:38,428 [INFO]  Saved checkpoint to "./imputer_model/24_credit/imputer_model_A14/model-0003.params"
2024-04-08 00:11:38,430 [INFO]  Epoch[3] Validation-cross-entropy=0.794917
2024-04-08 00:11:38,430 [INFO]  Epoch[3] Validation-A14-accuracy=0.000000
2024-04-08 00:11:38,457 [INFO]  Epoch[4] Batch [0-16]	Speed: 9786.20 samples/sec	cross-entropy=0.151277	A14-accuracy=3.529412
2024-04-08 00:11:38,477 [INFO]  Epoch[4] Train-cross-entropy=0.128932
2024-04-08 00:11:38,477 [INFO]  Epoch[4] Train-A14-accuracy=2.714286
2024-04-08 00:11:38,477 [INFO]  Epoch[4] Time cost=0.048
2024-04-08 00:11:38,479 [INFO]  Saved checkpoint to "./imputer_model/24_credit/imputer_model_A14/model-0004.params"
2024-04-08 00:11:38,480 [INFO]  Epoch[4] Validation-cross-entropy=0.573782
2024-04-08 00:11:38,480 [INFO]  Epoch[4] Validation-A14-accuracy=0.000000
2024-04-08 00:11:38,480 [INFO]  
========== done (0.16874122619628906 s) fit model
2024-04-08 00:11:42,089 [INFO]  
========== start: fit model
2024-04-08 00:11:42,090 [WARNING]  Already bound, ignoring bind()
2024-04-08 00:11:42,101 [INFO]  Epoch[0] Batch [0-16]	Speed: 27050.48 samples/sec	cross-entropy=7.749382	A14-accuracy=4.117647
2024-04-08 00:11:42,109 [INFO]  Epoch[0] Train-cross-entropy=1.897705
2024-04-08 00:11:42,109 [INFO]  Epoch[0] Train-A14-accuracy=2.857143
2024-04-08 00:11:42,109 [INFO]  Epoch[0] Time cost=0.019
2024-04-08 00:11:42,111 [INFO]  Saved checkpoint to "./imputer_model/24_credit/imputer_model_A14/model-0000.params"
2024-04-08 00:11:42,112 [INFO]  Epoch[0] Validation-cross-entropy=0.850223
2024-04-08 00:11:42,112 [INFO]  Epoch[0] Validation-A14-accuracy=0.000000
2024-04-08 00:11:42,122 [INFO]  Epoch[1] Batch [0-16]	Speed: 28086.37 samples/sec	cross-entropy=0.778179	A14-accuracy=4.117647
2024-04-08 00:11:42,130 [INFO]  Epoch[1] Train-cross-entropy=0.610082
2024-04-08 00:11:42,131 [INFO]  Epoch[1] Train-A14-accuracy=2.857143
2024-04-08 00:11:42,131 [INFO]  Epoch[1] Time cost=0.019
2024-04-08 00:11:42,132 [INFO]  Saved checkpoint to "./imputer_model/24_credit/imputer_model_A14/model-0001.params"
2024-04-08 00:11:42,133 [INFO]  Epoch[1] Validation-cross-entropy=0.433955
2024-04-08 00:11:42,133 [INFO]  Epoch[1] Validation-A14-accuracy=0.000000
2024-04-08 00:11:42,145 [INFO]  Epoch[2] Batch [0-16]	Speed: 24490.61 samples/sec	cross-entropy=0.326378	A14-accuracy=4.117647
2024-04-08 00:11:42,154 [INFO]  Epoch[2] Train-cross-entropy=0.299311
2024-04-08 00:11:42,154 [INFO]  Epoch[2] Train-A14-accuracy=2.857143
2024-04-08 00:11:42,154 [INFO]  Epoch[2] Time cost=0.021
2024-04-08 00:11:42,155 [INFO]  Saved checkpoint to "./imputer_model/24_credit/imputer_model_A14/model-0002.params"
2024-04-08 00:11:42,157 [INFO]  Epoch[2] Validation-cross-entropy=0.422742
2024-04-08 00:11:42,157 [INFO]  Epoch[2] Validation-A14-accuracy=0.000000
2024-04-08 00:11:42,166 [INFO]  Epoch[3] Batch [0-16]	Speed: 28494.06 samples/sec	cross-entropy=0.192517	A14-accuracy=4.117647
2024-04-08 00:11:42,174 [INFO]  Epoch[3] Train-cross-entropy=0.155176
2024-04-08 00:11:42,175 [INFO]  Epoch[3] Train-A14-accuracy=2.857143
2024-04-08 00:11:42,175 [INFO]  Epoch[3] Time cost=0.018
2024-04-08 00:11:42,176 [INFO]  Saved checkpoint to "./imputer_model/24_credit/imputer_model_A14/model-0003.params"
2024-04-08 00:11:42,177 [INFO]  Epoch[3] Validation-cross-entropy=0.197943
2024-04-08 00:11:42,177 [INFO]  Epoch[3] Validation-A14-accuracy=0.000000
2024-04-08 00:11:42,190 [INFO]  Epoch[4] Batch [0-16]	Speed: 22069.84 samples/sec	cross-entropy=0.115044	A14-accuracy=4.117647
2024-04-08 00:11:42,201 [INFO]  Epoch[4] Train-cross-entropy=0.104121
2024-04-08 00:11:42,201 [INFO]  Epoch[4] Train-A14-accuracy=2.857143
2024-04-08 00:11:42,201 [INFO]  Epoch[4] Time cost=0.024
2024-04-08 00:11:42,203 [INFO]  Saved checkpoint to "./imputer_model/24_credit/imputer_model_A14/model-0004.params"
2024-04-08 00:11:42,204 [INFO]  Epoch[4] Validation-cross-entropy=0.214667
2024-04-08 00:11:42,204 [INFO]  Epoch[4] Validation-A14-accuracy=0.000000
2024-04-08 00:11:42,204 [INFO]  
========== done (0.11460375785827637 s) fit model
2024-04-08 00:11:45,975 [INFO]  
========== start: fit model
2024-04-08 00:11:45,975 [WARNING]  Already bound, ignoring bind()
2024-04-08 00:11:45,999 [INFO]  Epoch[0] Batch [0-16]	Speed: 14373.67 samples/sec	cross-entropy=12.752870	A14-accuracy=3.529412
2024-04-08 00:11:46,009 [INFO]  Epoch[0] Train-cross-entropy=2.822022
2024-04-08 00:11:46,009 [INFO]  Epoch[0] Train-A14-accuracy=3.428571
2024-04-08 00:11:46,009 [INFO]  Epoch[0] Time cost=0.033
2024-04-08 00:11:46,011 [INFO]  Saved checkpoint to "./imputer_model/24_credit/imputer_model_A14/model-0000.params"
2024-04-08 00:11:46,012 [INFO]  Epoch[0] Validation-cross-entropy=1.682295
2024-04-08 00:11:46,012 [INFO]  Epoch[0] Validation-A14-accuracy=0.000000
2024-04-08 00:11:46,021 [INFO]  Epoch[1] Batch [0-16]	Speed: 28585.09 samples/sec	cross-entropy=1.572595	A14-accuracy=3.529412
2024-04-08 00:11:46,030 [INFO]  Epoch[1] Train-cross-entropy=0.569089
2024-04-08 00:11:46,030 [INFO]  Epoch[1] Train-A14-accuracy=3.428571
2024-04-08 00:11:46,030 [INFO]  Epoch[1] Time cost=0.018
2024-04-08 00:11:46,031 [INFO]  Saved checkpoint to "./imputer_model/24_credit/imputer_model_A14/model-0001.params"
2024-04-08 00:11:46,032 [INFO]  Epoch[1] Validation-cross-entropy=0.621148
2024-04-08 00:11:46,032 [INFO]  Epoch[1] Validation-A14-accuracy=0.000000
2024-04-08 00:11:46,043 [INFO]  Epoch[2] Batch [0-16]	Speed: 26127.65 samples/sec	cross-entropy=0.509862	A14-accuracy=3.529412
2024-04-08 00:11:46,052 [INFO]  Epoch[2] Train-cross-entropy=0.283948
2024-04-08 00:11:46,052 [INFO]  Epoch[2] Train-A14-accuracy=3.428571
2024-04-08 00:11:46,052 [INFO]  Epoch[2] Time cost=0.020
2024-04-08 00:11:46,054 [INFO]  Saved checkpoint to "./imputer_model/24_credit/imputer_model_A14/model-0002.params"
2024-04-08 00:11:46,055 [INFO]  Epoch[2] Validation-cross-entropy=0.329307
2024-04-08 00:11:46,055 [INFO]  Epoch[2] Validation-A14-accuracy=0.000000
2024-04-08 00:11:46,066 [INFO]  Epoch[3] Batch [0-16]	Speed: 25512.43 samples/sec	cross-entropy=0.224375	A14-accuracy=3.529412
2024-04-08 00:11:46,074 [INFO]  Epoch[3] Train-cross-entropy=0.178581
2024-04-08 00:11:46,074 [INFO]  Epoch[3] Train-A14-accuracy=3.428571
2024-04-08 00:11:46,074 [INFO]  Epoch[3] Time cost=0.019
2024-04-08 00:11:46,075 [INFO]  Saved checkpoint to "./imputer_model/24_credit/imputer_model_A14/model-0003.params"
2024-04-08 00:11:46,076 [INFO]  Epoch[3] Validation-cross-entropy=0.220961
2024-04-08 00:11:46,076 [INFO]  Epoch[3] Validation-A14-accuracy=0.000000
2024-04-08 00:11:46,086 [INFO]  Epoch[4] Batch [0-16]	Speed: 28405.12 samples/sec	cross-entropy=0.133819	A14-accuracy=3.529412
2024-04-08 00:11:46,094 [INFO]  Epoch[4] Train-cross-entropy=0.105519
2024-04-08 00:11:46,094 [INFO]  Epoch[4] Train-A14-accuracy=3.428571
2024-04-08 00:11:46,094 [INFO]  Epoch[4] Time cost=0.018
2024-04-08 00:11:46,096 [INFO]  Saved checkpoint to "./imputer_model/24_credit/imputer_model_A14/model-0004.params"
2024-04-08 00:11:46,097 [INFO]  Epoch[4] Validation-cross-entropy=0.193895
2024-04-08 00:11:46,097 [INFO]  Epoch[4] Validation-A14-accuracy=0.000000
2024-04-08 00:11:46,097 [INFO]  
========== done (0.12201213836669922 s) fit model
2024-04-08 00:11:50,121 [INFO]  
========== start: fit model
2024-04-08 00:11:50,121 [WARNING]  Already bound, ignoring bind()
2024-04-08 00:11:50,136 [INFO]  Epoch[0] Batch [0-16]	Speed: 21398.23 samples/sec	cross-entropy=13.276706	A14-accuracy=0.000000
2024-04-08 00:11:50,146 [INFO]  Epoch[0] Train-cross-entropy=3.200047
2024-04-08 00:11:50,146 [INFO]  Epoch[0] Train-A14-accuracy=0.000000
2024-04-08 00:11:50,146 [INFO]  Epoch[0] Time cost=0.024
2024-04-08 00:11:50,148 [INFO]  Saved checkpoint to "./imputer_model/24_credit/imputer_model_A14/model-0000.params"
2024-04-08 00:11:50,149 [INFO]  Epoch[0] Validation-cross-entropy=2.975010
2024-04-08 00:11:50,149 [INFO]  Epoch[0] Validation-A14-accuracy=0.000000
2024-04-08 00:11:50,162 [INFO]  Epoch[1] Batch [0-16]	Speed: 22002.00 samples/sec	cross-entropy=1.696084	A14-accuracy=0.000000
2024-04-08 00:11:50,173 [INFO]  Epoch[1] Train-cross-entropy=0.679129
2024-04-08 00:11:50,173 [INFO]  Epoch[1] Train-A14-accuracy=0.000000
2024-04-08 00:11:50,173 [INFO]  Epoch[1] Time cost=0.023
2024-04-08 00:11:50,174 [INFO]  Saved checkpoint to "./imputer_model/24_credit/imputer_model_A14/model-0001.params"
2024-04-08 00:11:50,176 [INFO]  Epoch[1] Validation-cross-entropy=0.903466
2024-04-08 00:11:50,176 [INFO]  Epoch[1] Validation-A14-accuracy=0.000000
2024-04-08 00:11:50,189 [INFO]  Epoch[2] Batch [0-16]	Speed: 21274.43 samples/sec	cross-entropy=0.518281	A14-accuracy=0.000000
2024-04-08 00:11:50,199 [INFO]  Epoch[2] Train-cross-entropy=0.345732
2024-04-08 00:11:50,199 [INFO]  Epoch[2] Train-A14-accuracy=0.000000
2024-04-08 00:11:50,199 [INFO]  Epoch[2] Time cost=0.024
2024-04-08 00:11:50,201 [INFO]  Saved checkpoint to "./imputer_model/24_credit/imputer_model_A14/model-0002.params"
2024-04-08 00:11:50,203 [INFO]  Epoch[2] Validation-cross-entropy=0.703737
2024-04-08 00:11:50,203 [INFO]  Epoch[2] Validation-A14-accuracy=0.000000
2024-04-08 00:11:50,215 [INFO]  Epoch[3] Batch [0-16]	Speed: 21668.12 samples/sec	cross-entropy=0.293371	A14-accuracy=0.000000
2024-04-08 00:11:50,226 [INFO]  Epoch[3] Train-cross-entropy=0.216797
2024-04-08 00:11:50,226 [INFO]  Epoch[3] Train-A14-accuracy=0.000000
2024-04-08 00:11:50,226 [INFO]  Epoch[3] Time cost=0.023
2024-04-08 00:11:50,228 [INFO]  Saved checkpoint to "./imputer_model/24_credit/imputer_model_A14/model-0003.params"
2024-04-08 00:11:50,237 [INFO]  Epoch[3] Validation-cross-entropy=0.528057
2024-04-08 00:11:50,237 [INFO]  Epoch[3] Validation-A14-accuracy=0.000000
2024-04-08 00:11:50,248 [INFO]  Epoch[4] Batch [0-16]	Speed: 27273.10 samples/sec	cross-entropy=0.178153	A14-accuracy=0.000000
2024-04-08 00:11:50,261 [INFO]  Epoch[4] Train-cross-entropy=0.145693
2024-04-08 00:11:50,261 [INFO]  Epoch[4] Train-A14-accuracy=0.000000
2024-04-08 00:11:50,261 [INFO]  Epoch[4] Time cost=0.024
2024-04-08 00:11:50,263 [INFO]  Saved checkpoint to "./imputer_model/24_credit/imputer_model_A14/model-0004.params"
2024-04-08 00:11:50,264 [INFO]  Epoch[4] Validation-cross-entropy=0.435874
2024-04-08 00:11:50,264 [INFO]  Epoch[4] Validation-A14-accuracy=0.000000
2024-04-08 00:11:50,264 [INFO]  
========== done (0.1434640884399414 s) fit model
2024-04-08 00:11:54,054 [INFO]  
========== start: fit model
2024-04-08 00:11:54,054 [WARNING]  Already bound, ignoring bind()
2024-04-08 00:11:54,086 [INFO]  Epoch[0] Batch [0-16]	Speed: 11003.03 samples/sec	cross-entropy=14.527356	A14-accuracy=0.000000
2024-04-08 00:11:54,097 [INFO]  Epoch[0] Train-cross-entropy=2.969728
2024-04-08 00:11:54,098 [INFO]  Epoch[0] Train-A14-accuracy=0.000000
2024-04-08 00:11:54,098 [INFO]  Epoch[0] Time cost=0.043
2024-04-08 00:11:54,099 [INFO]  Saved checkpoint to "./imputer_model/24_credit/imputer_model_A14/model-0000.params"
2024-04-08 00:11:54,101 [INFO]  Epoch[0] Validation-cross-entropy=3.089476
2024-04-08 00:11:54,101 [INFO]  Epoch[0] Validation-A14-accuracy=0.000000
2024-04-08 00:11:54,110 [INFO]  Epoch[1] Batch [0-16]	Speed: 28339.14 samples/sec	cross-entropy=1.009792	A14-accuracy=0.000000
2024-04-08 00:11:54,119 [INFO]  Epoch[1] Train-cross-entropy=0.624070
2024-04-08 00:11:54,120 [INFO]  Epoch[1] Train-A14-accuracy=0.000000
2024-04-08 00:11:54,120 [INFO]  Epoch[1] Time cost=0.019
2024-04-08 00:11:54,121 [INFO]  Saved checkpoint to "./imputer_model/24_credit/imputer_model_A14/model-0001.params"
2024-04-08 00:11:54,122 [INFO]  Epoch[1] Validation-cross-entropy=0.633042
2024-04-08 00:11:54,122 [INFO]  Epoch[1] Validation-A14-accuracy=0.000000
2024-04-08 00:11:54,132 [INFO]  Epoch[2] Batch [0-16]	Speed: 28237.04 samples/sec	cross-entropy=0.420929	A14-accuracy=0.000000
2024-04-08 00:11:54,141 [INFO]  Epoch[2] Train-cross-entropy=0.330598
2024-04-08 00:11:54,141 [INFO]  Epoch[2] Train-A14-accuracy=0.000000
2024-04-08 00:11:54,141 [INFO]  Epoch[2] Time cost=0.018
2024-04-08 00:11:54,142 [INFO]  Saved checkpoint to "./imputer_model/24_credit/imputer_model_A14/model-0002.params"
2024-04-08 00:11:54,143 [INFO]  Epoch[2] Validation-cross-entropy=0.299459
2024-04-08 00:11:54,144 [INFO]  Epoch[2] Validation-A14-accuracy=0.000000
2024-04-08 00:11:54,154 [INFO]  Epoch[3] Batch [0-16]	Speed: 26798.66 samples/sec	cross-entropy=0.241496	A14-accuracy=0.000000
2024-04-08 00:11:54,163 [INFO]  Epoch[3] Train-cross-entropy=0.227258
2024-04-08 00:11:54,164 [INFO]  Epoch[3] Train-A14-accuracy=0.000000
2024-04-08 00:11:54,164 [INFO]  Epoch[3] Time cost=0.020
2024-04-08 00:11:54,165 [INFO]  Saved checkpoint to "./imputer_model/24_credit/imputer_model_A14/model-0003.params"
2024-04-08 00:11:54,166 [INFO]  Epoch[3] Validation-cross-entropy=0.220432
2024-04-08 00:11:54,166 [INFO]  Epoch[3] Validation-A14-accuracy=0.000000
2024-04-08 00:11:54,195 [INFO]  Epoch[4] Batch [0-16]	Speed: 9198.51 samples/sec	cross-entropy=0.155027	A14-accuracy=0.000000
2024-04-08 00:11:54,226 [INFO]  Epoch[4] Train-cross-entropy=0.161697
2024-04-08 00:11:54,226 [INFO]  Epoch[4] Train-A14-accuracy=0.000000
2024-04-08 00:11:54,226 [INFO]  Epoch[4] Time cost=0.060
2024-04-08 00:11:54,227 [INFO]  Saved checkpoint to "./imputer_model/24_credit/imputer_model_A14/model-0004.params"
2024-04-08 00:11:54,228 [INFO]  Epoch[4] Validation-cross-entropy=0.157526
2024-04-08 00:11:54,228 [INFO]  Epoch[4] Validation-A14-accuracy=0.000000
2024-04-08 00:11:54,228 [INFO]  
========== done (0.17490315437316895 s) fit model
2024-04-08 00:11:57,727 [INFO]  
========== start: fit model
2024-04-08 00:11:57,727 [WARNING]  Already bound, ignoring bind()
2024-04-08 00:11:57,743 [INFO]  Epoch[0] Batch [0-16]	Speed: 19362.75 samples/sec	cross-entropy=14.593528	A14-accuracy=3.235294
2024-04-08 00:11:57,755 [INFO]  Epoch[0] Train-cross-entropy=2.506250
2024-04-08 00:11:57,755 [INFO]  Epoch[0] Train-A14-accuracy=3.071429
2024-04-08 00:11:57,755 [INFO]  Epoch[0] Time cost=0.026
2024-04-08 00:11:57,756 [INFO]  Saved checkpoint to "./imputer_model/24_credit/imputer_model_A14/model-0000.params"
2024-04-08 00:11:57,758 [INFO]  Epoch[0] Validation-cross-entropy=1.791978
2024-04-08 00:11:57,758 [INFO]  Epoch[0] Validation-A14-accuracy=0.000000
2024-04-08 00:11:57,771 [INFO]  Epoch[1] Batch [0-16]	Speed: 20804.92 samples/sec	cross-entropy=1.359617	A14-accuracy=3.235294
2024-04-08 00:11:57,782 [INFO]  Epoch[1] Train-cross-entropy=0.696039
2024-04-08 00:11:57,782 [INFO]  Epoch[1] Train-A14-accuracy=3.071429
2024-04-08 00:11:57,782 [INFO]  Epoch[1] Time cost=0.025
2024-04-08 00:11:57,784 [INFO]  Saved checkpoint to "./imputer_model/24_credit/imputer_model_A14/model-0001.params"
2024-04-08 00:11:57,785 [INFO]  Epoch[1] Validation-cross-entropy=0.460224
2024-04-08 00:11:57,785 [INFO]  Epoch[1] Validation-A14-accuracy=0.000000
2024-04-08 00:11:57,799 [INFO]  Epoch[2] Batch [0-16]	Speed: 20837.62 samples/sec	cross-entropy=0.565507	A14-accuracy=3.235294
2024-04-08 00:11:57,810 [INFO]  Epoch[2] Train-cross-entropy=0.336279
2024-04-08 00:11:57,810 [INFO]  Epoch[2] Train-A14-accuracy=3.071429
2024-04-08 00:11:57,810 [INFO]  Epoch[2] Time cost=0.025
2024-04-08 00:11:57,812 [INFO]  Saved checkpoint to "./imputer_model/24_credit/imputer_model_A14/model-0002.params"
2024-04-08 00:11:57,813 [INFO]  Epoch[2] Validation-cross-entropy=0.342607
2024-04-08 00:11:57,813 [INFO]  Epoch[2] Validation-A14-accuracy=0.000000
2024-04-08 00:11:57,827 [INFO]  Epoch[3] Batch [0-16]	Speed: 20564.25 samples/sec	cross-entropy=0.308987	A14-accuracy=3.235294
2024-04-08 00:11:57,838 [INFO]  Epoch[3] Train-cross-entropy=0.211799
2024-04-08 00:11:57,838 [INFO]  Epoch[3] Train-A14-accuracy=3.071429
2024-04-08 00:11:57,838 [INFO]  Epoch[3] Time cost=0.024
2024-04-08 00:11:57,839 [INFO]  Saved checkpoint to "./imputer_model/24_credit/imputer_model_A14/model-0003.params"
2024-04-08 00:11:57,841 [INFO]  Epoch[3] Validation-cross-entropy=0.243484
2024-04-08 00:11:57,841 [INFO]  Epoch[3] Validation-A14-accuracy=0.000000
2024-04-08 00:11:57,854 [INFO]  Epoch[4] Batch [0-16]	Speed: 20449.89 samples/sec	cross-entropy=0.189784	A14-accuracy=3.235294
2024-04-08 00:11:57,865 [INFO]  Epoch[4] Train-cross-entropy=0.152667
2024-04-08 00:11:57,865 [INFO]  Epoch[4] Train-A14-accuracy=3.071429
2024-04-08 00:11:57,865 [INFO]  Epoch[4] Time cost=0.024
2024-04-08 00:11:57,867 [INFO]  Saved checkpoint to "./imputer_model/24_credit/imputer_model_A14/model-0004.params"
2024-04-08 00:11:57,868 [INFO]  Epoch[4] Validation-cross-entropy=0.191936
2024-04-08 00:11:57,868 [INFO]  Epoch[4] Validation-A14-accuracy=0.000000
2024-04-08 00:11:57,868 [INFO]  
========== done (0.14126372337341309 s) fit model
2024-04-08 00:12:01,545 [INFO]  
========== start: fit model
2024-04-08 00:12:01,545 [WARNING]  Already bound, ignoring bind()
2024-04-08 00:12:01,559 [INFO]  Epoch[0] Batch [0-16]	Speed: 22977.08 samples/sec	cross-entropy=9.261286	A14-accuracy=0.000000
2024-04-08 00:12:01,568 [INFO]  Epoch[0] Train-cross-entropy=4.682027
2024-04-08 00:12:01,568 [INFO]  Epoch[0] Train-A14-accuracy=0.000000
2024-04-08 00:12:01,568 [INFO]  Epoch[0] Time cost=0.021
2024-04-08 00:12:01,569 [INFO]  Saved checkpoint to "./imputer_model/24_credit/imputer_model_A14/model-0000.params"
2024-04-08 00:12:01,570 [INFO]  Epoch[0] Validation-cross-entropy=2.181735
2024-04-08 00:12:01,570 [INFO]  Epoch[0] Validation-A14-accuracy=0.000000
2024-04-08 00:12:01,580 [INFO]  Epoch[1] Batch [0-16]	Speed: 28562.28 samples/sec	cross-entropy=0.779377	A14-accuracy=0.000000
2024-04-08 00:12:01,588 [INFO]  Epoch[1] Train-cross-entropy=0.596509
2024-04-08 00:12:01,588 [INFO]  Epoch[1] Train-A14-accuracy=0.000000
2024-04-08 00:12:01,588 [INFO]  Epoch[1] Time cost=0.018
2024-04-08 00:12:01,590 [INFO]  Saved checkpoint to "./imputer_model/24_credit/imputer_model_A14/model-0001.params"
2024-04-08 00:12:01,591 [INFO]  Epoch[1] Validation-cross-entropy=0.781036
2024-04-08 00:12:01,591 [INFO]  Epoch[1] Validation-A14-accuracy=0.000000
2024-04-08 00:12:01,601 [INFO]  Epoch[2] Batch [0-16]	Speed: 28578.25 samples/sec	cross-entropy=0.329446	A14-accuracy=0.000000
2024-04-08 00:12:01,609 [INFO]  Epoch[2] Train-cross-entropy=0.309936
2024-04-08 00:12:01,609 [INFO]  Epoch[2] Train-A14-accuracy=0.000000
2024-04-08 00:12:01,609 [INFO]  Epoch[2] Time cost=0.018
2024-04-08 00:12:01,611 [INFO]  Saved checkpoint to "./imputer_model/24_credit/imputer_model_A14/model-0002.params"
2024-04-08 00:12:01,619 [INFO]  Epoch[2] Validation-cross-entropy=0.443842
2024-04-08 00:12:01,619 [INFO]  Epoch[2] Validation-A14-accuracy=0.000000
2024-04-08 00:12:01,649 [INFO]  Epoch[3] Batch [0-16]	Speed: 8805.93 samples/sec	cross-entropy=0.201896	A14-accuracy=0.000000
2024-04-08 00:12:01,670 [INFO]  Epoch[3] Train-cross-entropy=0.163111
2024-04-08 00:12:01,670 [INFO]  Epoch[3] Train-A14-accuracy=0.000000
2024-04-08 00:12:01,670 [INFO]  Epoch[3] Time cost=0.051
2024-04-08 00:12:01,672 [INFO]  Saved checkpoint to "./imputer_model/24_credit/imputer_model_A14/model-0003.params"
2024-04-08 00:12:01,678 [INFO]  Epoch[3] Validation-cross-entropy=0.323330
2024-04-08 00:12:01,678 [INFO]  Epoch[3] Validation-A14-accuracy=0.000000
2024-04-08 00:12:01,696 [INFO]  Epoch[4] Batch [0-16]	Speed: 15400.55 samples/sec	cross-entropy=0.133457	A14-accuracy=0.000000
2024-04-08 00:12:01,706 [INFO]  Epoch[4] Train-cross-entropy=0.112011
2024-04-08 00:12:01,706 [INFO]  Epoch[4] Train-A14-accuracy=0.000000
2024-04-08 00:12:01,706 [INFO]  Epoch[4] Time cost=0.029
2024-04-08 00:12:01,708 [INFO]  Saved checkpoint to "./imputer_model/24_credit/imputer_model_A14/model-0004.params"
2024-04-08 00:12:01,709 [INFO]  Epoch[4] Validation-cross-entropy=0.218552
2024-04-08 00:12:01,709 [INFO]  Epoch[4] Validation-A14-accuracy=0.000000
2024-04-08 00:12:01,709 [INFO]  
========== done (0.16422462463378906 s) fit model
2024-04-08 00:12:05,597 [INFO]  
========== start: fit model
2024-04-08 00:12:05,597 [WARNING]  Already bound, ignoring bind()
2024-04-08 00:12:05,622 [INFO]  Epoch[0] Batch [0-16]	Speed: 17916.90 samples/sec	cross-entropy=8.350734	A14-accuracy=3.117647
2024-04-08 00:12:05,632 [INFO]  Epoch[0] Train-cross-entropy=5.204046
2024-04-08 00:12:05,632 [INFO]  Epoch[0] Train-A14-accuracy=3.428571
2024-04-08 00:12:05,632 [INFO]  Epoch[0] Time cost=0.033
2024-04-08 00:12:05,634 [INFO]  Saved checkpoint to "./imputer_model/24_credit/imputer_model_A14/model-0000.params"
2024-04-08 00:12:05,635 [INFO]  Epoch[0] Validation-cross-entropy=1.558593
2024-04-08 00:12:05,635 [INFO]  Epoch[0] Validation-A14-accuracy=0.000000
2024-04-08 00:12:05,648 [INFO]  Epoch[1] Batch [0-16]	Speed: 21322.17 samples/sec	cross-entropy=1.110560	A14-accuracy=3.117647
2024-04-08 00:12:05,659 [INFO]  Epoch[1] Train-cross-entropy=0.776774
2024-04-08 00:12:05,659 [INFO]  Epoch[1] Train-A14-accuracy=3.428571
2024-04-08 00:12:05,659 [INFO]  Epoch[1] Time cost=0.023
2024-04-08 00:12:05,663 [INFO]  Saved checkpoint to "./imputer_model/24_credit/imputer_model_A14/model-0001.params"
2024-04-08 00:12:05,668 [INFO]  Epoch[1] Validation-cross-entropy=0.678117
2024-04-08 00:12:05,668 [INFO]  Epoch[1] Validation-A14-accuracy=0.000000
2024-04-08 00:12:05,678 [INFO]  Epoch[2] Batch [0-16]	Speed: 27555.16 samples/sec	cross-entropy=0.499641	A14-accuracy=3.117647
2024-04-08 00:12:05,762 [INFO]  Epoch[2] Train-cross-entropy=0.375659
2024-04-08 00:12:05,762 [INFO]  Epoch[2] Train-A14-accuracy=3.428571
2024-04-08 00:12:05,762 [INFO]  Epoch[2] Time cost=0.094
2024-04-08 00:12:05,764 [INFO]  Saved checkpoint to "./imputer_model/24_credit/imputer_model_A14/model-0002.params"
2024-04-08 00:12:05,773 [INFO]  Epoch[2] Validation-cross-entropy=0.386674
2024-04-08 00:12:05,773 [INFO]  Epoch[2] Validation-A14-accuracy=0.000000
2024-04-08 00:12:05,810 [INFO]  Epoch[3] Batch [0-16]	Speed: 7117.57 samples/sec	cross-entropy=0.273794	A14-accuracy=3.117647
2024-04-08 00:12:05,821 [INFO]  Epoch[3] Train-cross-entropy=0.201431
2024-04-08 00:12:05,821 [INFO]  Epoch[3] Train-A14-accuracy=3.428571
2024-04-08 00:12:05,821 [INFO]  Epoch[3] Time cost=0.048
2024-04-08 00:12:05,823 [INFO]  Saved checkpoint to "./imputer_model/24_credit/imputer_model_A14/model-0003.params"
2024-04-08 00:12:05,825 [INFO]  Epoch[3] Validation-cross-entropy=0.329860
2024-04-08 00:12:05,825 [INFO]  Epoch[3] Validation-A14-accuracy=0.000000
2024-04-08 00:12:05,854 [INFO]  Epoch[4] Batch [0-16]	Speed: 8976.87 samples/sec	cross-entropy=0.166612	A14-accuracy=3.117647
2024-04-08 00:12:05,865 [INFO]  Epoch[4] Train-cross-entropy=0.116827
2024-04-08 00:12:05,865 [INFO]  Epoch[4] Train-A14-accuracy=3.428571
2024-04-08 00:12:05,865 [INFO]  Epoch[4] Time cost=0.040
2024-04-08 00:12:05,866 [INFO]  Saved checkpoint to "./imputer_model/24_credit/imputer_model_A14/model-0004.params"
2024-04-08 00:12:05,868 [INFO]  Epoch[4] Validation-cross-entropy=0.245011
2024-04-08 00:12:05,868 [INFO]  Epoch[4] Validation-A14-accuracy=0.000000
2024-04-08 00:12:05,868 [INFO]  
========== done (0.271038293838501 s) fit model
2024-04-08 00:12:09,499 [INFO]  
========== start: fit model
2024-04-08 00:12:09,499 [WARNING]  Already bound, ignoring bind()
2024-04-08 00:12:09,512 [INFO]  Epoch[0] Batch [0-16]	Speed: 22430.84 samples/sec	cross-entropy=8.971552	A14-accuracy=3.176471
2024-04-08 00:12:09,522 [INFO]  Epoch[0] Train-cross-entropy=3.262161
2024-04-08 00:12:09,522 [INFO]  Epoch[0] Train-A14-accuracy=3.214286
2024-04-08 00:12:09,523 [INFO]  Epoch[0] Time cost=0.023
2024-04-08 00:12:09,524 [INFO]  Saved checkpoint to "./imputer_model/24_credit/imputer_model_A14/model-0000.params"
2024-04-08 00:12:09,525 [INFO]  Epoch[0] Validation-cross-entropy=1.384435
2024-04-08 00:12:09,525 [INFO]  Epoch[0] Validation-A14-accuracy=0.000000
2024-04-08 00:12:09,537 [INFO]  Epoch[1] Batch [0-16]	Speed: 24552.21 samples/sec	cross-entropy=1.044889	A14-accuracy=3.176471
2024-04-08 00:12:09,546 [INFO]  Epoch[1] Train-cross-entropy=0.642835
2024-04-08 00:12:09,546 [INFO]  Epoch[1] Train-A14-accuracy=3.214286
2024-04-08 00:12:09,546 [INFO]  Epoch[1] Time cost=0.020
2024-04-08 00:12:09,547 [INFO]  Saved checkpoint to "./imputer_model/24_credit/imputer_model_A14/model-0001.params"
2024-04-08 00:12:09,548 [INFO]  Epoch[1] Validation-cross-entropy=0.427410
2024-04-08 00:12:09,548 [INFO]  Epoch[1] Validation-A14-accuracy=0.000000
2024-04-08 00:12:09,559 [INFO]  Epoch[2] Batch [0-16]	Speed: 25195.15 samples/sec	cross-entropy=0.428247	A14-accuracy=3.176471
2024-04-08 00:12:09,589 [INFO]  Epoch[2] Train-cross-entropy=0.240278
2024-04-08 00:12:09,589 [INFO]  Epoch[2] Train-A14-accuracy=3.214286
2024-04-08 00:12:09,589 [INFO]  Epoch[2] Time cost=0.040
2024-04-08 00:12:09,590 [INFO]  Saved checkpoint to "./imputer_model/24_credit/imputer_model_A14/model-0002.params"
2024-04-08 00:12:09,591 [INFO]  Epoch[2] Validation-cross-entropy=0.331581
2024-04-08 00:12:09,591 [INFO]  Epoch[2] Validation-A14-accuracy=0.000000
2024-04-08 00:12:09,601 [INFO]  Epoch[3] Batch [0-16]	Speed: 28403.61 samples/sec	cross-entropy=0.208409	A14-accuracy=3.176471
2024-04-08 00:12:09,613 [INFO]  Epoch[3] Train-cross-entropy=0.126250
2024-04-08 00:12:09,613 [INFO]  Epoch[3] Train-A14-accuracy=3.214286
2024-04-08 00:12:09,613 [INFO]  Epoch[3] Time cost=0.021
2024-04-08 00:12:09,614 [INFO]  Saved checkpoint to "./imputer_model/24_credit/imputer_model_A14/model-0003.params"
2024-04-08 00:12:09,616 [INFO]  Epoch[3] Validation-cross-entropy=0.206847
2024-04-08 00:12:09,616 [INFO]  Epoch[3] Validation-A14-accuracy=0.000000
2024-04-08 00:12:09,634 [INFO]  Epoch[4] Batch [0-16]	Speed: 15494.56 samples/sec	cross-entropy=0.126740	A14-accuracy=3.176471
2024-04-08 00:12:09,644 [INFO]  Epoch[4] Train-cross-entropy=0.094407
2024-04-08 00:12:09,644 [INFO]  Epoch[4] Train-A14-accuracy=3.214286
2024-04-08 00:12:09,645 [INFO]  Epoch[4] Time cost=0.028
2024-04-08 00:12:09,646 [INFO]  Saved checkpoint to "./imputer_model/24_credit/imputer_model_A14/model-0004.params"
2024-04-08 00:12:09,647 [INFO]  Epoch[4] Validation-cross-entropy=0.230805
2024-04-08 00:12:09,647 [INFO]  Epoch[4] Validation-A14-accuracy=0.000000
2024-04-08 00:12:09,648 [INFO]  
========== done (0.148773193359375 s) fit model
2024-04-08 00:12:13,275 [INFO]  
========== start: fit model
2024-04-08 00:12:13,276 [WARNING]  Already bound, ignoring bind()
2024-04-08 00:12:13,290 [INFO]  Epoch[0] Batch [0-16]	Speed: 21665.49 samples/sec	cross-entropy=6.835259	A14-accuracy=3.411765
2024-04-08 00:12:13,301 [INFO]  Epoch[0] Train-cross-entropy=1.874609
2024-04-08 00:12:13,301 [INFO]  Epoch[0] Train-A14-accuracy=3.571429
2024-04-08 00:12:13,301 [INFO]  Epoch[0] Time cost=0.024
2024-04-08 00:12:13,302 [INFO]  Saved checkpoint to "./imputer_model/24_credit/imputer_model_A14/model-0000.params"
2024-04-08 00:12:13,304 [INFO]  Epoch[0] Validation-cross-entropy=1.075453
2024-04-08 00:12:13,304 [INFO]  Epoch[0] Validation-A14-accuracy=0.000000
2024-04-08 00:12:13,316 [INFO]  Epoch[1] Batch [0-16]	Speed: 21722.47 samples/sec	cross-entropy=0.855384	A14-accuracy=3.411765
2024-04-08 00:12:13,327 [INFO]  Epoch[1] Train-cross-entropy=0.529320
2024-04-08 00:12:13,327 [INFO]  Epoch[1] Train-A14-accuracy=3.571429
2024-04-08 00:12:13,327 [INFO]  Epoch[1] Time cost=0.023
2024-04-08 00:12:13,329 [INFO]  Saved checkpoint to "./imputer_model/24_credit/imputer_model_A14/model-0001.params"
2024-04-08 00:12:13,330 [INFO]  Epoch[1] Validation-cross-entropy=0.460481
2024-04-08 00:12:13,330 [INFO]  Epoch[1] Validation-A14-accuracy=0.000000
2024-04-08 00:12:13,343 [INFO]  Epoch[2] Batch [0-16]	Speed: 21999.75 samples/sec	cross-entropy=0.265139	A14-accuracy=3.411765
2024-04-08 00:12:13,353 [INFO]  Epoch[2] Train-cross-entropy=0.194146
2024-04-08 00:12:13,353 [INFO]  Epoch[2] Train-A14-accuracy=3.571429
2024-04-08 00:12:13,353 [INFO]  Epoch[2] Time cost=0.023
2024-04-08 00:12:13,355 [INFO]  Saved checkpoint to "./imputer_model/24_credit/imputer_model_A14/model-0002.params"
2024-04-08 00:12:13,356 [INFO]  Epoch[2] Validation-cross-entropy=0.323856
2024-04-08 00:12:13,357 [INFO]  Epoch[2] Validation-A14-accuracy=0.000000
2024-04-08 00:12:13,386 [INFO]  Epoch[3] Batch [0-16]	Speed: 8881.97 samples/sec	cross-entropy=0.174246	A14-accuracy=3.411765
2024-04-08 00:12:13,394 [INFO]  Epoch[3] Train-cross-entropy=0.128352
2024-04-08 00:12:13,395 [INFO]  Epoch[3] Train-A14-accuracy=3.571429
2024-04-08 00:12:13,395 [INFO]  Epoch[3] Time cost=0.038
2024-04-08 00:12:13,396 [INFO]  Saved checkpoint to "./imputer_model/24_credit/imputer_model_A14/model-0003.params"
2024-04-08 00:12:13,397 [INFO]  Epoch[3] Validation-cross-entropy=0.285674
2024-04-08 00:12:13,397 [INFO]  Epoch[3] Validation-A14-accuracy=0.000000
2024-04-08 00:12:13,441 [INFO]  Epoch[4] Batch [0-16]	Speed: 5919.10 samples/sec	cross-entropy=0.128910	A14-accuracy=3.411765
2024-04-08 00:12:13,452 [INFO]  Epoch[4] Train-cross-entropy=0.095010
2024-04-08 00:12:13,452 [INFO]  Epoch[4] Train-A14-accuracy=3.571429
2024-04-08 00:12:13,452 [INFO]  Epoch[4] Time cost=0.055
2024-04-08 00:12:13,454 [INFO]  Saved checkpoint to "./imputer_model/24_credit/imputer_model_A14/model-0004.params"
2024-04-08 00:12:13,455 [INFO]  Epoch[4] Validation-cross-entropy=0.240705
2024-04-08 00:12:13,455 [INFO]  Epoch[4] Validation-A14-accuracy=0.000000
2024-04-08 00:12:13,456 [INFO]  
========== done (0.18017935752868652 s) fit model
2024-04-08 00:12:17,457 [INFO]  
========== start: fit model
2024-04-08 00:12:17,457 [WARNING]  Already bound, ignoring bind()
2024-04-08 00:12:17,471 [INFO]  Epoch[0] Batch [0-16]	Speed: 21460.67 samples/sec	cross-entropy=7.128005	A14-accuracy=0.000000
2024-04-08 00:12:17,482 [INFO]  Epoch[0] Train-cross-entropy=2.722162
2024-04-08 00:12:17,482 [INFO]  Epoch[0] Train-A14-accuracy=0.000000
2024-04-08 00:12:17,482 [INFO]  Epoch[0] Time cost=0.024
2024-04-08 00:12:17,484 [INFO]  Saved checkpoint to "./imputer_model/24_credit/imputer_model_A14/model-0000.params"
2024-04-08 00:12:17,485 [INFO]  Epoch[0] Validation-cross-entropy=1.826601
2024-04-08 00:12:17,485 [INFO]  Epoch[0] Validation-A14-accuracy=0.000000
2024-04-08 00:12:17,498 [INFO]  Epoch[1] Batch [0-16]	Speed: 21472.26 samples/sec	cross-entropy=1.221205	A14-accuracy=0.000000
2024-04-08 00:12:17,510 [INFO]  Epoch[1] Train-cross-entropy=0.782366
2024-04-08 00:12:17,510 [INFO]  Epoch[1] Train-A14-accuracy=0.000000
2024-04-08 00:12:17,510 [INFO]  Epoch[1] Time cost=0.024
2024-04-08 00:12:17,511 [INFO]  Saved checkpoint to "./imputer_model/24_credit/imputer_model_A14/model-0001.params"
2024-04-08 00:12:17,513 [INFO]  Epoch[1] Validation-cross-entropy=0.847524
2024-04-08 00:12:17,513 [INFO]  Epoch[1] Validation-A14-accuracy=0.000000
2024-04-08 00:12:17,526 [INFO]  Epoch[2] Batch [0-16]	Speed: 21667.68 samples/sec	cross-entropy=0.388985	A14-accuracy=0.000000
2024-04-08 00:12:17,541 [INFO]  Epoch[2] Train-cross-entropy=0.310788
2024-04-08 00:12:17,541 [INFO]  Epoch[2] Train-A14-accuracy=0.000000
2024-04-08 00:12:17,541 [INFO]  Epoch[2] Time cost=0.028
2024-04-08 00:12:17,542 [INFO]  Saved checkpoint to "./imputer_model/24_credit/imputer_model_A14/model-0002.params"
2024-04-08 00:12:17,553 [INFO]  Epoch[2] Validation-cross-entropy=0.652393
2024-04-08 00:12:17,554 [INFO]  Epoch[2] Validation-A14-accuracy=0.000000
2024-04-08 00:12:17,566 [INFO]  Epoch[3] Batch [0-16]	Speed: 21701.40 samples/sec	cross-entropy=0.190219	A14-accuracy=0.000000
2024-04-08 00:12:17,579 [INFO]  Epoch[3] Train-cross-entropy=0.203898
2024-04-08 00:12:17,579 [INFO]  Epoch[3] Train-A14-accuracy=0.000000
2024-04-08 00:12:17,579 [INFO]  Epoch[3] Time cost=0.025
2024-04-08 00:12:17,581 [INFO]  Saved checkpoint to "./imputer_model/24_credit/imputer_model_A14/model-0003.params"
2024-04-08 00:12:17,582 [INFO]  Epoch[3] Validation-cross-entropy=0.538673
2024-04-08 00:12:17,583 [INFO]  Epoch[3] Validation-A14-accuracy=0.000000
2024-04-08 00:12:17,599 [INFO]  Epoch[4] Batch [0-16]	Speed: 17324.84 samples/sec	cross-entropy=0.128345	A14-accuracy=0.000000
2024-04-08 00:12:17,610 [INFO]  Epoch[4] Train-cross-entropy=0.147393
2024-04-08 00:12:17,611 [INFO]  Epoch[4] Train-A14-accuracy=0.000000
2024-04-08 00:12:17,611 [INFO]  Epoch[4] Time cost=0.028
2024-04-08 00:12:17,612 [INFO]  Saved checkpoint to "./imputer_model/24_credit/imputer_model_A14/model-0004.params"
2024-04-08 00:12:17,613 [INFO]  Epoch[4] Validation-cross-entropy=0.453834
2024-04-08 00:12:17,614 [INFO]  Epoch[4] Validation-A14-accuracy=0.000000
2024-04-08 00:12:17,614 [INFO]  
========== done (0.15709471702575684 s) fit model
2024-04-08 00:12:21,488 [INFO]  
========== start: fit model
2024-04-08 00:12:21,488 [WARNING]  Already bound, ignoring bind()
2024-04-08 00:12:21,501 [INFO]  Epoch[0] Batch [0-16]	Speed: 24905.29 samples/sec	cross-entropy=17.079446	A14-accuracy=0.000000
2024-04-08 00:12:21,513 [INFO]  Epoch[0] Train-cross-entropy=4.379718
2024-04-08 00:12:21,513 [INFO]  Epoch[0] Train-A14-accuracy=0.000000
2024-04-08 00:12:21,513 [INFO]  Epoch[0] Time cost=0.024
2024-04-08 00:12:21,515 [INFO]  Saved checkpoint to "./imputer_model/24_credit/imputer_model_A14/model-0000.params"
2024-04-08 00:12:21,517 [INFO]  Epoch[0] Validation-cross-entropy=1.800142
2024-04-08 00:12:21,517 [INFO]  Epoch[0] Validation-A14-accuracy=0.000000
2024-04-08 00:12:21,532 [INFO]  Epoch[1] Batch [0-16]	Speed: 17962.76 samples/sec	cross-entropy=1.913712	A14-accuracy=0.000000
2024-04-08 00:12:21,545 [INFO]  Epoch[1] Train-cross-entropy=0.623011
2024-04-08 00:12:21,545 [INFO]  Epoch[1] Train-A14-accuracy=0.000000
2024-04-08 00:12:21,545 [INFO]  Epoch[1] Time cost=0.028
2024-04-08 00:12:21,547 [INFO]  Saved checkpoint to "./imputer_model/24_credit/imputer_model_A14/model-0001.params"
2024-04-08 00:12:21,549 [INFO]  Epoch[1] Validation-cross-entropy=0.660857
2024-04-08 00:12:21,549 [INFO]  Epoch[1] Validation-A14-accuracy=0.000000
2024-04-08 00:12:21,564 [INFO]  Epoch[2] Batch [0-16]	Speed: 17495.35 samples/sec	cross-entropy=0.580248	A14-accuracy=0.000000
2024-04-08 00:12:21,577 [INFO]  Epoch[2] Train-cross-entropy=0.319155
2024-04-08 00:12:21,577 [INFO]  Epoch[2] Train-A14-accuracy=0.000000
2024-04-08 00:12:21,577 [INFO]  Epoch[2] Time cost=0.028
2024-04-08 00:12:21,579 [INFO]  Saved checkpoint to "./imputer_model/24_credit/imputer_model_A14/model-0002.params"
2024-04-08 00:12:21,580 [INFO]  Epoch[2] Validation-cross-entropy=0.470675
2024-04-08 00:12:21,580 [INFO]  Epoch[2] Validation-A14-accuracy=0.000000
2024-04-08 00:12:21,591 [INFO]  Epoch[3] Batch [0-16]	Speed: 25207.57 samples/sec	cross-entropy=0.301622	A14-accuracy=0.000000
2024-04-08 00:12:21,602 [INFO]  Epoch[3] Train-cross-entropy=0.171607
2024-04-08 00:12:21,603 [INFO]  Epoch[3] Train-A14-accuracy=0.000000
2024-04-08 00:12:21,603 [INFO]  Epoch[3] Time cost=0.023
2024-04-08 00:12:21,605 [INFO]  Saved checkpoint to "./imputer_model/24_credit/imputer_model_A14/model-0003.params"
2024-04-08 00:12:21,606 [INFO]  Epoch[3] Validation-cross-entropy=0.325390
2024-04-08 00:12:21,606 [INFO]  Epoch[3] Validation-A14-accuracy=0.000000
2024-04-08 00:12:21,622 [INFO]  Epoch[4] Batch [0-16]	Speed: 17291.64 samples/sec	cross-entropy=0.180869	A14-accuracy=0.000000
2024-04-08 00:12:21,635 [INFO]  Epoch[4] Train-cross-entropy=0.123269
2024-04-08 00:12:21,635 [INFO]  Epoch[4] Train-A14-accuracy=0.000000
2024-04-08 00:12:21,635 [INFO]  Epoch[4] Time cost=0.029
2024-04-08 00:12:21,638 [INFO]  Saved checkpoint to "./imputer_model/24_credit/imputer_model_A14/model-0004.params"
2024-04-08 00:12:21,639 [INFO]  Epoch[4] Validation-cross-entropy=0.267025
2024-04-08 00:12:21,639 [INFO]  Epoch[4] Validation-A14-accuracy=0.000000
2024-04-08 00:12:21,639 [INFO]  
========== done (0.15094566345214844 s) fit model
2024-04-08 00:12:25,304 [INFO]  
========== start: fit model
2024-04-08 00:12:25,304 [WARNING]  Already bound, ignoring bind()
2024-04-08 00:12:25,328 [INFO]  Epoch[0] Batch [0-16]	Speed: 11876.49 samples/sec	cross-entropy=10.316548	A14-accuracy=3.117647
2024-04-08 00:12:25,340 [INFO]  Epoch[0] Train-cross-entropy=9.260311
2024-04-08 00:12:25,340 [INFO]  Epoch[0] Train-A14-accuracy=3.500000
2024-04-08 00:12:25,340 [INFO]  Epoch[0] Time cost=0.035
2024-04-08 00:12:25,342 [INFO]  Saved checkpoint to "./imputer_model/24_credit/imputer_model_A14/model-0000.params"
2024-04-08 00:12:25,343 [INFO]  Epoch[0] Validation-cross-entropy=4.294919
2024-04-08 00:12:25,344 [INFO]  Epoch[0] Validation-A14-accuracy=0.000000
2024-04-08 00:12:25,357 [INFO]  Epoch[1] Batch [0-16]	Speed: 20935.54 samples/sec	cross-entropy=1.187982	A14-accuracy=3.117647
2024-04-08 00:12:25,368 [INFO]  Epoch[1] Train-cross-entropy=1.005764
2024-04-08 00:12:25,368 [INFO]  Epoch[1] Train-A14-accuracy=3.500000
2024-04-08 00:12:25,368 [INFO]  Epoch[1] Time cost=0.024
2024-04-08 00:12:25,370 [INFO]  Saved checkpoint to "./imputer_model/24_credit/imputer_model_A14/model-0001.params"
2024-04-08 00:12:25,371 [INFO]  Epoch[1] Validation-cross-entropy=0.653510
2024-04-08 00:12:25,371 [INFO]  Epoch[1] Validation-A14-accuracy=0.000000
2024-04-08 00:12:25,384 [INFO]  Epoch[2] Batch [0-16]	Speed: 21681.24 samples/sec	cross-entropy=0.480968	A14-accuracy=3.117647
2024-04-08 00:12:25,395 [INFO]  Epoch[2] Train-cross-entropy=0.418512
2024-04-08 00:12:25,396 [INFO]  Epoch[2] Train-A14-accuracy=3.500000
2024-04-08 00:12:25,396 [INFO]  Epoch[2] Time cost=0.024
2024-04-08 00:12:25,397 [INFO]  Saved checkpoint to "./imputer_model/24_credit/imputer_model_A14/model-0002.params"
2024-04-08 00:12:25,399 [INFO]  Epoch[2] Validation-cross-entropy=0.559673
2024-04-08 00:12:25,399 [INFO]  Epoch[2] Validation-A14-accuracy=0.000000
2024-04-08 00:12:25,412 [INFO]  Epoch[3] Batch [0-16]	Speed: 21141.64 samples/sec	cross-entropy=0.246106	A14-accuracy=3.117647
2024-04-08 00:12:25,422 [INFO]  Epoch[3] Train-cross-entropy=0.269220
2024-04-08 00:12:25,422 [INFO]  Epoch[3] Train-A14-accuracy=3.500000
2024-04-08 00:12:25,422 [INFO]  Epoch[3] Time cost=0.024
2024-04-08 00:12:25,424 [INFO]  Saved checkpoint to "./imputer_model/24_credit/imputer_model_A14/model-0003.params"
2024-04-08 00:12:25,425 [INFO]  Epoch[3] Validation-cross-entropy=0.445493
2024-04-08 00:12:25,426 [INFO]  Epoch[3] Validation-A14-accuracy=0.000000
2024-04-08 00:12:25,438 [INFO]  Epoch[4] Batch [0-16]	Speed: 21811.16 samples/sec	cross-entropy=0.152686	A14-accuracy=3.117647
2024-04-08 00:12:25,448 [INFO]  Epoch[4] Train-cross-entropy=0.167966
2024-04-08 00:12:25,449 [INFO]  Epoch[4] Train-A14-accuracy=3.500000
2024-04-08 00:12:25,449 [INFO]  Epoch[4] Time cost=0.023
2024-04-08 00:12:25,450 [INFO]  Saved checkpoint to "./imputer_model/24_credit/imputer_model_A14/model-0004.params"
2024-04-08 00:12:25,452 [INFO]  Epoch[4] Validation-cross-entropy=0.334433
2024-04-08 00:12:25,452 [INFO]  Epoch[4] Validation-A14-accuracy=0.000000
2024-04-08 00:12:25,452 [INFO]  
========== done (0.14798808097839355 s) fit model
2024-04-08 00:12:29,190 [INFO]  
========== start: fit model
2024-04-08 00:12:29,190 [WARNING]  Already bound, ignoring bind()
2024-04-08 00:12:29,204 [INFO]  Epoch[0] Batch [0-16]	Speed: 22074.38 samples/sec	cross-entropy=17.543198	A14-accuracy=2.882353
2024-04-08 00:12:29,213 [INFO]  Epoch[0] Train-cross-entropy=3.439037
2024-04-08 00:12:29,213 [INFO]  Epoch[0] Train-A14-accuracy=3.642857
2024-04-08 00:12:29,213 [INFO]  Epoch[0] Time cost=0.022
2024-04-08 00:12:29,215 [INFO]  Saved checkpoint to "./imputer_model/24_credit/imputer_model_A14/model-0000.params"
2024-04-08 00:12:29,216 [INFO]  Epoch[0] Validation-cross-entropy=2.756613
2024-04-08 00:12:29,216 [INFO]  Epoch[0] Validation-A14-accuracy=0.000000
2024-04-08 00:12:29,226 [INFO]  Epoch[1] Batch [0-16]	Speed: 28087.10 samples/sec	cross-entropy=2.040424	A14-accuracy=2.882353
2024-04-08 00:12:29,234 [INFO]  Epoch[1] Train-cross-entropy=0.877361
2024-04-08 00:12:29,234 [INFO]  Epoch[1] Train-A14-accuracy=3.642857
2024-04-08 00:12:29,234 [INFO]  Epoch[1] Time cost=0.018
2024-04-08 00:12:29,236 [INFO]  Saved checkpoint to "./imputer_model/24_credit/imputer_model_A14/model-0001.params"
2024-04-08 00:12:29,237 [INFO]  Epoch[1] Validation-cross-entropy=0.599305
2024-04-08 00:12:29,237 [INFO]  Epoch[1] Validation-A14-accuracy=0.000000
2024-04-08 00:12:29,246 [INFO]  Epoch[2] Batch [0-16]	Speed: 28569.12 samples/sec	cross-entropy=0.576099	A14-accuracy=2.882353
2024-04-08 00:12:29,254 [INFO]  Epoch[2] Train-cross-entropy=0.435635
2024-04-08 00:12:29,255 [INFO]  Epoch[2] Train-A14-accuracy=3.642857
2024-04-08 00:12:29,255 [INFO]  Epoch[2] Time cost=0.018
2024-04-08 00:12:29,256 [INFO]  Saved checkpoint to "./imputer_model/24_credit/imputer_model_A14/model-0002.params"
2024-04-08 00:12:29,257 [INFO]  Epoch[2] Validation-cross-entropy=0.396182
2024-04-08 00:12:29,257 [INFO]  Epoch[2] Validation-A14-accuracy=0.000000
2024-04-08 00:12:29,267 [INFO]  Epoch[3] Batch [0-16]	Speed: 28605.65 samples/sec	cross-entropy=0.308063	A14-accuracy=2.882353
2024-04-08 00:12:29,275 [INFO]  Epoch[3] Train-cross-entropy=0.267352
2024-04-08 00:12:29,275 [INFO]  Epoch[3] Train-A14-accuracy=3.642857
2024-04-08 00:12:29,275 [INFO]  Epoch[3] Time cost=0.018
2024-04-08 00:12:29,277 [INFO]  Saved checkpoint to "./imputer_model/24_credit/imputer_model_A14/model-0003.params"
2024-04-08 00:12:29,278 [INFO]  Epoch[3] Validation-cross-entropy=0.287886
2024-04-08 00:12:29,278 [INFO]  Epoch[3] Validation-A14-accuracy=0.000000
2024-04-08 00:12:29,289 [INFO]  Epoch[4] Batch [0-16]	Speed: 25482.77 samples/sec	cross-entropy=0.190675	A14-accuracy=2.882353
2024-04-08 00:12:29,297 [INFO]  Epoch[4] Train-cross-entropy=0.184050
2024-04-08 00:12:29,297 [INFO]  Epoch[4] Train-A14-accuracy=3.642857
2024-04-08 00:12:29,297 [INFO]  Epoch[4] Time cost=0.019
2024-04-08 00:12:29,298 [INFO]  Saved checkpoint to "./imputer_model/24_credit/imputer_model_A14/model-0004.params"
2024-04-08 00:12:29,299 [INFO]  Epoch[4] Validation-cross-entropy=0.221141
2024-04-08 00:12:29,300 [INFO]  Epoch[4] Validation-A14-accuracy=0.000000
2024-04-08 00:12:29,300 [INFO]  
========== done (0.10988736152648926 s) fit model
2024-04-08 00:12:33,022 [INFO]  
========== start: fit model
2024-04-08 00:12:33,023 [WARNING]  Already bound, ignoring bind()
2024-04-08 00:12:33,038 [INFO]  Epoch[0] Batch [0-16]	Speed: 19404.39 samples/sec	cross-entropy=13.567957	A14-accuracy=0.000000
2024-04-08 00:12:33,058 [INFO]  Epoch[0] Train-cross-entropy=4.071961
2024-04-08 00:12:33,059 [INFO]  Epoch[0] Train-A14-accuracy=0.000000
2024-04-08 00:12:33,059 [INFO]  Epoch[0] Time cost=0.035
2024-04-08 00:12:33,061 [INFO]  Saved checkpoint to "./imputer_model/24_credit/imputer_model_A14/model-0000.params"
2024-04-08 00:12:33,068 [INFO]  Epoch[0] Validation-cross-entropy=1.680890
2024-04-08 00:12:33,068 [INFO]  Epoch[0] Validation-A14-accuracy=0.000000
2024-04-08 00:12:33,078 [INFO]  Epoch[1] Batch [0-16]	Speed: 28123.15 samples/sec	cross-entropy=1.144500	A14-accuracy=0.000000
2024-04-08 00:12:33,086 [INFO]  Epoch[1] Train-cross-entropy=0.665695
2024-04-08 00:12:33,086 [INFO]  Epoch[1] Train-A14-accuracy=0.000000
2024-04-08 00:12:33,086 [INFO]  Epoch[1] Time cost=0.018
2024-04-08 00:12:33,088 [INFO]  Saved checkpoint to "./imputer_model/24_credit/imputer_model_A14/model-0001.params"
2024-04-08 00:12:33,103 [INFO]  Epoch[1] Validation-cross-entropy=0.366728
2024-04-08 00:12:33,103 [INFO]  Epoch[1] Validation-A14-accuracy=0.000000
2024-04-08 00:12:33,113 [INFO]  Epoch[2] Batch [0-16]	Speed: 27683.75 samples/sec	cross-entropy=0.421775	A14-accuracy=0.000000
2024-04-08 00:12:33,123 [INFO]  Epoch[2] Train-cross-entropy=0.321125
2024-04-08 00:12:33,124 [INFO]  Epoch[2] Train-A14-accuracy=0.000000
2024-04-08 00:12:33,124 [INFO]  Epoch[2] Time cost=0.020
2024-04-08 00:12:33,125 [INFO]  Saved checkpoint to "./imputer_model/24_credit/imputer_model_A14/model-0002.params"
2024-04-08 00:12:33,127 [INFO]  Epoch[2] Validation-cross-entropy=0.191913
2024-04-08 00:12:33,127 [INFO]  Epoch[2] Validation-A14-accuracy=0.000000
2024-04-08 00:12:33,137 [INFO]  Epoch[3] Batch [0-16]	Speed: 27092.12 samples/sec	cross-entropy=0.227778	A14-accuracy=0.000000
2024-04-08 00:12:33,145 [INFO]  Epoch[3] Train-cross-entropy=0.188190
2024-04-08 00:12:33,145 [INFO]  Epoch[3] Train-A14-accuracy=0.000000
2024-04-08 00:12:33,145 [INFO]  Epoch[3] Time cost=0.018
2024-04-08 00:12:33,146 [INFO]  Saved checkpoint to "./imputer_model/24_credit/imputer_model_A14/model-0003.params"
2024-04-08 00:12:33,147 [INFO]  Epoch[3] Validation-cross-entropy=0.158408
2024-04-08 00:12:33,147 [INFO]  Epoch[3] Validation-A14-accuracy=0.000000
2024-04-08 00:12:33,157 [INFO]  Epoch[4] Batch [0-16]	Speed: 28964.47 samples/sec	cross-entropy=0.143902	A14-accuracy=0.000000
2024-04-08 00:12:33,165 [INFO]  Epoch[4] Train-cross-entropy=0.122098
2024-04-08 00:12:33,165 [INFO]  Epoch[4] Train-A14-accuracy=0.000000
2024-04-08 00:12:33,165 [INFO]  Epoch[4] Time cost=0.018
2024-04-08 00:12:33,166 [INFO]  Saved checkpoint to "./imputer_model/24_credit/imputer_model_A14/model-0004.params"
2024-04-08 00:12:33,167 [INFO]  Epoch[4] Validation-cross-entropy=0.142838
2024-04-08 00:12:33,167 [INFO]  Epoch[4] Validation-A14-accuracy=0.000000
2024-04-08 00:12:33,167 [INFO]  
========== done (0.14484667778015137 s) fit model
2024-04-08 00:12:36,533 [INFO]  
========== start: fit model
2024-04-08 00:12:36,533 [WARNING]  Already bound, ignoring bind()
2024-04-08 00:12:36,549 [INFO]  Epoch[0] Batch [0-16]	Speed: 19641.86 samples/sec	cross-entropy=12.551440	A14-accuracy=3.235294
2024-04-08 00:12:36,558 [INFO]  Epoch[0] Train-cross-entropy=4.324370
2024-04-08 00:12:36,558 [INFO]  Epoch[0] Train-A14-accuracy=3.500000
2024-04-08 00:12:36,558 [INFO]  Epoch[0] Time cost=0.024
2024-04-08 00:12:36,560 [INFO]  Saved checkpoint to "./imputer_model/24_credit/imputer_model_A14/model-0000.params"
2024-04-08 00:12:36,561 [INFO]  Epoch[0] Validation-cross-entropy=1.392903
2024-04-08 00:12:36,561 [INFO]  Epoch[0] Validation-A14-accuracy=0.000000
2024-04-08 00:12:36,571 [INFO]  Epoch[1] Batch [0-16]	Speed: 27987.54 samples/sec	cross-entropy=1.468201	A14-accuracy=3.235294
2024-04-08 00:12:36,579 [INFO]  Epoch[1] Train-cross-entropy=1.107560
2024-04-08 00:12:36,579 [INFO]  Epoch[1] Train-A14-accuracy=3.500000
2024-04-08 00:12:36,579 [INFO]  Epoch[1] Time cost=0.018
2024-04-08 00:12:36,580 [INFO]  Saved checkpoint to "./imputer_model/24_credit/imputer_model_A14/model-0001.params"
2024-04-08 00:12:36,582 [INFO]  Epoch[1] Validation-cross-entropy=0.910474
2024-04-08 00:12:36,582 [INFO]  Epoch[1] Validation-A14-accuracy=0.000000
2024-04-08 00:12:36,591 [INFO]  Epoch[2] Batch [0-16]	Speed: 28891.99 samples/sec	cross-entropy=0.567930	A14-accuracy=3.235294
2024-04-08 00:12:36,599 [INFO]  Epoch[2] Train-cross-entropy=0.533019
2024-04-08 00:12:36,599 [INFO]  Epoch[2] Train-A14-accuracy=3.500000
2024-04-08 00:12:36,599 [INFO]  Epoch[2] Time cost=0.018
2024-04-08 00:12:36,601 [INFO]  Saved checkpoint to "./imputer_model/24_credit/imputer_model_A14/model-0002.params"
2024-04-08 00:12:36,602 [INFO]  Epoch[2] Validation-cross-entropy=0.566170
2024-04-08 00:12:36,602 [INFO]  Epoch[2] Validation-A14-accuracy=0.000000
2024-04-08 00:12:36,612 [INFO]  Epoch[3] Batch [0-16]	Speed: 27959.84 samples/sec	cross-entropy=0.310864	A14-accuracy=3.235294
2024-04-08 00:12:36,620 [INFO]  Epoch[3] Train-cross-entropy=0.308505
2024-04-08 00:12:36,620 [INFO]  Epoch[3] Train-A14-accuracy=3.500000
2024-04-08 00:12:36,620 [INFO]  Epoch[3] Time cost=0.018
2024-04-08 00:12:36,622 [INFO]  Saved checkpoint to "./imputer_model/24_credit/imputer_model_A14/model-0003.params"
2024-04-08 00:12:36,623 [INFO]  Epoch[3] Validation-cross-entropy=0.402453
2024-04-08 00:12:36,623 [INFO]  Epoch[3] Validation-A14-accuracy=0.000000
2024-04-08 00:12:36,636 [INFO]  Epoch[4] Batch [0-16]	Speed: 21177.92 samples/sec	cross-entropy=0.205727	A14-accuracy=3.235294
2024-04-08 00:12:36,646 [INFO]  Epoch[4] Train-cross-entropy=0.197788
2024-04-08 00:12:36,646 [INFO]  Epoch[4] Train-A14-accuracy=3.500000
2024-04-08 00:12:36,646 [INFO]  Epoch[4] Time cost=0.023
2024-04-08 00:12:36,648 [INFO]  Saved checkpoint to "./imputer_model/24_credit/imputer_model_A14/model-0004.params"
2024-04-08 00:12:36,649 [INFO]  Epoch[4] Validation-cross-entropy=0.323513
2024-04-08 00:12:36,650 [INFO]  Epoch[4] Validation-A14-accuracy=0.000000
2024-04-08 00:12:36,650 [INFO]  
========== done (0.1166074275970459 s) fit model
2024-04-08 00:12:40,396 [INFO]  
========== start: fit model
2024-04-08 00:12:40,396 [WARNING]  Already bound, ignoring bind()
2024-04-08 00:12:40,407 [INFO]  Epoch[0] Batch [0-16]	Speed: 27693.74 samples/sec	cross-entropy=8.502417	A14-accuracy=3.117647
2024-04-08 00:12:40,416 [INFO]  Epoch[0] Train-cross-entropy=2.528481
2024-04-08 00:12:40,416 [INFO]  Epoch[0] Train-A14-accuracy=3.642857
2024-04-08 00:12:40,416 [INFO]  Epoch[0] Time cost=0.019
2024-04-08 00:12:40,417 [INFO]  Saved checkpoint to "./imputer_model/24_credit/imputer_model_A14/model-0000.params"
2024-04-08 00:12:40,419 [INFO]  Epoch[0] Validation-cross-entropy=1.351221
2024-04-08 00:12:40,419 [INFO]  Epoch[0] Validation-A14-accuracy=0.000000
2024-04-08 00:12:40,428 [INFO]  Epoch[1] Batch [0-16]	Speed: 28337.65 samples/sec	cross-entropy=0.927772	A14-accuracy=3.117647
2024-04-08 00:12:40,437 [INFO]  Epoch[1] Train-cross-entropy=0.583344
2024-04-08 00:12:40,437 [INFO]  Epoch[1] Train-A14-accuracy=3.642857
2024-04-08 00:12:40,437 [INFO]  Epoch[1] Time cost=0.018
2024-04-08 00:12:40,438 [INFO]  Saved checkpoint to "./imputer_model/24_credit/imputer_model_A14/model-0001.params"
2024-04-08 00:12:40,439 [INFO]  Epoch[1] Validation-cross-entropy=0.477630
2024-04-08 00:12:40,439 [INFO]  Epoch[1] Validation-A14-accuracy=0.000000
2024-04-08 00:12:40,449 [INFO]  Epoch[2] Batch [0-16]	Speed: 28424.67 samples/sec	cross-entropy=0.434089	A14-accuracy=3.117647
2024-04-08 00:12:40,457 [INFO]  Epoch[2] Train-cross-entropy=0.325857
2024-04-08 00:12:40,457 [INFO]  Epoch[2] Train-A14-accuracy=3.642857
2024-04-08 00:12:40,457 [INFO]  Epoch[2] Time cost=0.018
2024-04-08 00:12:40,459 [INFO]  Saved checkpoint to "./imputer_model/24_credit/imputer_model_A14/model-0002.params"
2024-04-08 00:12:40,460 [INFO]  Epoch[2] Validation-cross-entropy=0.343988
2024-04-08 00:12:40,460 [INFO]  Epoch[2] Validation-A14-accuracy=0.000000
2024-04-08 00:12:40,470 [INFO]  Epoch[3] Batch [0-16]	Speed: 28449.52 samples/sec	cross-entropy=0.263693	A14-accuracy=3.117647
2024-04-08 00:12:40,478 [INFO]  Epoch[3] Train-cross-entropy=0.191887
2024-04-08 00:12:40,478 [INFO]  Epoch[3] Train-A14-accuracy=3.642857
2024-04-08 00:12:40,478 [INFO]  Epoch[3] Time cost=0.018
2024-04-08 00:12:40,480 [INFO]  Saved checkpoint to "./imputer_model/24_credit/imputer_model_A14/model-0003.params"
2024-04-08 00:12:40,481 [INFO]  Epoch[3] Validation-cross-entropy=0.253833
2024-04-08 00:12:40,481 [INFO]  Epoch[3] Validation-A14-accuracy=0.000000
2024-04-08 00:12:40,491 [INFO]  Epoch[4] Batch [0-16]	Speed: 27861.18 samples/sec	cross-entropy=0.155513	A14-accuracy=3.117647
2024-04-08 00:12:40,499 [INFO]  Epoch[4] Train-cross-entropy=0.124609
2024-04-08 00:12:40,500 [INFO]  Epoch[4] Train-A14-accuracy=3.642857
2024-04-08 00:12:40,500 [INFO]  Epoch[4] Time cost=0.018
2024-04-08 00:12:40,501 [INFO]  Saved checkpoint to "./imputer_model/24_credit/imputer_model_A14/model-0004.params"
2024-04-08 00:12:40,502 [INFO]  Epoch[4] Validation-cross-entropy=0.200366
2024-04-08 00:12:40,502 [INFO]  Epoch[4] Validation-A14-accuracy=0.000000
2024-04-08 00:12:40,503 [INFO]  
========== done (0.10671877861022949 s) fit model
2024-04-08 00:12:44,710 [INFO]  
========== start: fit model
2024-04-08 00:12:44,710 [WARNING]  Already bound, ignoring bind()
2024-04-08 00:12:44,727 [INFO]  Epoch[0] Batch [0-16]	Speed: 17880.80 samples/sec	cross-entropy=8.854444	A14-accuracy=3.705882
2024-04-08 00:12:44,740 [INFO]  Epoch[0] Train-cross-entropy=3.231753
2024-04-08 00:12:44,740 [INFO]  Epoch[0] Train-A14-accuracy=3.214286
2024-04-08 00:12:44,740 [INFO]  Epoch[0] Time cost=0.028
2024-04-08 00:12:44,742 [INFO]  Saved checkpoint to "./imputer_model/24_credit/imputer_model_A14/model-0000.params"
2024-04-08 00:12:44,749 [INFO]  Epoch[0] Validation-cross-entropy=1.306770
2024-04-08 00:12:44,749 [INFO]  Epoch[0] Validation-A14-accuracy=0.000000
2024-04-08 00:12:44,767 [INFO]  Epoch[1] Batch [0-16]	Speed: 21280.76 samples/sec	cross-entropy=0.968761	A14-accuracy=3.705882
2024-04-08 00:12:44,793 [INFO]  Epoch[1] Train-cross-entropy=0.677712
2024-04-08 00:12:44,793 [INFO]  Epoch[1] Train-A14-accuracy=3.214286
2024-04-08 00:12:44,793 [INFO]  Epoch[1] Time cost=0.044
2024-04-08 00:12:44,795 [INFO]  Saved checkpoint to "./imputer_model/24_credit/imputer_model_A14/model-0001.params"
2024-04-08 00:12:44,796 [INFO]  Epoch[1] Validation-cross-entropy=0.741468
2024-04-08 00:12:44,796 [INFO]  Epoch[1] Validation-A14-accuracy=0.000000
2024-04-08 00:12:44,809 [INFO]  Epoch[2] Batch [0-16]	Speed: 21961.50 samples/sec	cross-entropy=0.461432	A14-accuracy=3.705882
2024-04-08 00:12:44,819 [INFO]  Epoch[2] Train-cross-entropy=0.373254
2024-04-08 00:12:44,820 [INFO]  Epoch[2] Train-A14-accuracy=3.214286
2024-04-08 00:12:44,820 [INFO]  Epoch[2] Time cost=0.023
2024-04-08 00:12:44,821 [INFO]  Saved checkpoint to "./imputer_model/24_credit/imputer_model_A14/model-0002.params"
2024-04-08 00:12:44,823 [INFO]  Epoch[2] Validation-cross-entropy=0.327592
2024-04-08 00:12:44,823 [INFO]  Epoch[2] Validation-A14-accuracy=0.000000
2024-04-08 00:12:44,835 [INFO]  Epoch[3] Batch [0-16]	Speed: 21920.70 samples/sec	cross-entropy=0.260761	A14-accuracy=3.705882
2024-04-08 00:12:44,846 [INFO]  Epoch[3] Train-cross-entropy=0.212161
2024-04-08 00:12:44,846 [INFO]  Epoch[3] Train-A14-accuracy=3.214286
2024-04-08 00:12:44,846 [INFO]  Epoch[3] Time cost=0.023
2024-04-08 00:12:44,848 [INFO]  Saved checkpoint to "./imputer_model/24_credit/imputer_model_A14/model-0003.params"
2024-04-08 00:12:44,849 [INFO]  Epoch[3] Validation-cross-entropy=0.296519
2024-04-08 00:12:44,849 [INFO]  Epoch[3] Validation-A14-accuracy=0.000000
2024-04-08 00:12:44,863 [INFO]  Epoch[4] Batch [0-16]	Speed: 19604.20 samples/sec	cross-entropy=0.173825	A14-accuracy=3.705882
2024-04-08 00:12:44,874 [INFO]  Epoch[4] Train-cross-entropy=0.146008
2024-04-08 00:12:44,874 [INFO]  Epoch[4] Train-A14-accuracy=3.214286
2024-04-08 00:12:44,874 [INFO]  Epoch[4] Time cost=0.025
2024-04-08 00:12:44,876 [INFO]  Saved checkpoint to "./imputer_model/24_credit/imputer_model_A14/model-0004.params"
2024-04-08 00:12:44,877 [INFO]  Epoch[4] Validation-cross-entropy=0.188708
2024-04-08 00:12:44,877 [INFO]  Epoch[4] Validation-A14-accuracy=0.000000
2024-04-08 00:12:44,877 [INFO]  
========== done (0.16712236404418945 s) fit model
2024-04-08 00:12:48,240 [INFO]  
========== start: fit model
2024-04-08 00:12:48,240 [WARNING]  Already bound, ignoring bind()
2024-04-08 00:12:48,255 [INFO]  Epoch[0] Batch [0-16]	Speed: 20336.79 samples/sec	cross-entropy=12.570738	A14-accuracy=0.000000
2024-04-08 00:12:48,264 [INFO]  Epoch[0] Train-cross-entropy=2.911338
2024-04-08 00:12:48,264 [INFO]  Epoch[0] Train-A14-accuracy=0.000000
2024-04-08 00:12:48,265 [INFO]  Epoch[0] Time cost=0.023
2024-04-08 00:12:48,266 [INFO]  Saved checkpoint to "./imputer_model/24_credit/imputer_model_A14/model-0000.params"
2024-04-08 00:12:48,267 [INFO]  Epoch[0] Validation-cross-entropy=0.727973
2024-04-08 00:12:48,267 [INFO]  Epoch[0] Validation-A14-accuracy=0.000000
2024-04-08 00:12:48,277 [INFO]  Epoch[1] Batch [0-16]	Speed: 28478.19 samples/sec	cross-entropy=1.306123	A14-accuracy=0.000000
2024-04-08 00:12:48,285 [INFO]  Epoch[1] Train-cross-entropy=0.427613
2024-04-08 00:12:48,285 [INFO]  Epoch[1] Train-A14-accuracy=0.000000
2024-04-08 00:12:48,285 [INFO]  Epoch[1] Time cost=0.018
2024-04-08 00:12:48,286 [INFO]  Saved checkpoint to "./imputer_model/24_credit/imputer_model_A14/model-0001.params"
2024-04-08 00:12:48,287 [INFO]  Epoch[1] Validation-cross-entropy=0.463381
2024-04-08 00:12:48,287 [INFO]  Epoch[1] Validation-A14-accuracy=0.000000
2024-04-08 00:12:48,297 [INFO]  Epoch[2] Batch [0-16]	Speed: 28673.64 samples/sec	cross-entropy=0.371697	A14-accuracy=0.000000
2024-04-08 00:12:48,305 [INFO]  Epoch[2] Train-cross-entropy=0.195216
2024-04-08 00:12:48,305 [INFO]  Epoch[2] Train-A14-accuracy=0.000000
2024-04-08 00:12:48,305 [INFO]  Epoch[2] Time cost=0.018
2024-04-08 00:12:48,306 [INFO]  Saved checkpoint to "./imputer_model/24_credit/imputer_model_A14/model-0002.params"
2024-04-08 00:12:48,307 [INFO]  Epoch[2] Validation-cross-entropy=0.287316
2024-04-08 00:12:48,308 [INFO]  Epoch[2] Validation-A14-accuracy=0.000000
2024-04-08 00:12:48,317 [INFO]  Epoch[3] Batch [0-16]	Speed: 28620.90 samples/sec	cross-entropy=0.220387	A14-accuracy=0.000000
2024-04-08 00:12:48,325 [INFO]  Epoch[3] Train-cross-entropy=0.123022
2024-04-08 00:12:48,325 [INFO]  Epoch[3] Train-A14-accuracy=0.000000
2024-04-08 00:12:48,325 [INFO]  Epoch[3] Time cost=0.018
2024-04-08 00:12:48,327 [INFO]  Saved checkpoint to "./imputer_model/24_credit/imputer_model_A14/model-0003.params"
2024-04-08 00:12:48,328 [INFO]  Epoch[3] Validation-cross-entropy=0.221575
2024-04-08 00:12:48,328 [INFO]  Epoch[3] Validation-A14-accuracy=0.000000
2024-04-08 00:12:48,358 [INFO]  Epoch[4] Batch [0-16]	Speed: 8553.39 samples/sec	cross-entropy=0.143190	A14-accuracy=0.000000
2024-04-08 00:12:48,367 [INFO]  Epoch[4] Train-cross-entropy=0.091061
2024-04-08 00:12:48,367 [INFO]  Epoch[4] Train-A14-accuracy=0.000000
2024-04-08 00:12:48,367 [INFO]  Epoch[4] Time cost=0.039
2024-04-08 00:12:48,368 [INFO]  Saved checkpoint to "./imputer_model/24_credit/imputer_model_A14/model-0004.params"
2024-04-08 00:12:48,373 [INFO]  Epoch[4] Validation-cross-entropy=0.181063
2024-04-08 00:12:48,374 [INFO]  Epoch[4] Validation-A14-accuracy=0.000000
2024-04-08 00:12:48,374 [INFO]  
========== done (0.13361144065856934 s) fit model
