2024-03-19 17:20:30,304 [INFO]  
========== start: fit model
2024-03-19 17:20:30,304 [WARNING]  Already bound, ignoring bind()
2024-03-19 17:20:30,737 [INFO]  Epoch[0] Batch [0-733]	Speed: 27242.60 samples/sec	cross-entropy=0.554555	sex-accuracy=3.276567
2024-03-19 17:20:31,274 [INFO]  Epoch[0] Train-cross-entropy=0.005285
2024-03-19 17:20:31,274 [INFO]  Epoch[0] Train-sex-accuracy=3.162568
2024-03-19 17:20:31,274 [INFO]  Epoch[0] Time cost=0.969
2024-03-19 17:20:31,276 [INFO]  Saved checkpoint to "./imputer_model/3_adult/imputer_model_sex/model-0000.params"
2024-03-19 17:20:31,321 [INFO]  Epoch[0] Validation-cross-entropy=0.002257
2024-03-19 17:20:31,321 [INFO]  Epoch[0] Validation-sex-accuracy=0.000000
2024-03-19 17:20:31,739 [INFO]  Epoch[1] Batch [0-733]	Speed: 28131.50 samples/sec	cross-entropy=0.004616	sex-accuracy=3.276567
2024-03-19 17:20:32,140 [INFO]  Epoch[1] Train-cross-entropy=0.112228
2024-03-19 17:20:32,140 [INFO]  Epoch[1] Train-sex-accuracy=3.162568
2024-03-19 17:20:32,141 [INFO]  Epoch[1] Time cost=0.820
2024-03-19 17:20:32,142 [INFO]  Saved checkpoint to "./imputer_model/3_adult/imputer_model_sex/model-0001.params"
2024-03-19 17:20:32,180 [INFO]  Epoch[1] Validation-cross-entropy=0.014137
2024-03-19 17:20:32,180 [INFO]  Epoch[1] Validation-sex-accuracy=0.000000
2024-03-19 17:20:32,651 [INFO]  Epoch[2] Batch [0-733]	Speed: 24927.31 samples/sec	cross-entropy=0.047521	sex-accuracy=3.276567
2024-03-19 17:20:33,058 [INFO]  Epoch[2] Train-cross-entropy=0.023734
2024-03-19 17:20:33,058 [INFO]  Epoch[2] Train-sex-accuracy=3.162568
2024-03-19 17:20:33,058 [INFO]  Epoch[2] Time cost=0.878
2024-03-19 17:20:33,059 [INFO]  Saved checkpoint to "./imputer_model/3_adult/imputer_model_sex/model-0002.params"
2024-03-19 17:20:33,096 [INFO]  Epoch[2] Validation-cross-entropy=0.169191
2024-03-19 17:20:33,096 [INFO]  Epoch[2] Validation-sex-accuracy=0.000000
2024-03-19 17:20:33,504 [INFO]  Epoch[3] Batch [0-733]	Speed: 28804.74 samples/sec	cross-entropy=0.038502	sex-accuracy=3.276567
2024-03-19 17:20:33,907 [INFO]  Epoch[3] Train-cross-entropy=0.019170
2024-03-19 17:20:33,907 [INFO]  Epoch[3] Train-sex-accuracy=3.162568
2024-03-19 17:20:33,907 [INFO]  Epoch[3] Time cost=0.812
2024-03-19 17:20:33,909 [INFO]  Saved checkpoint to "./imputer_model/3_adult/imputer_model_sex/model-0003.params"
2024-03-19 17:20:33,945 [INFO]  Epoch[3] Validation-cross-entropy=0.132167
2024-03-19 17:20:33,945 [INFO]  Epoch[3] Validation-sex-accuracy=0.000000
2024-03-19 17:20:34,349 [INFO]  Epoch[4] Batch [0-733]	Speed: 29034.31 samples/sec	cross-entropy=0.027638	sex-accuracy=3.276567
2024-03-19 17:20:34,753 [INFO]  Epoch[4] Train-cross-entropy=0.027516
2024-03-19 17:20:34,753 [INFO]  Epoch[4] Train-sex-accuracy=3.162568
2024-03-19 17:20:34,753 [INFO]  Epoch[4] Time cost=0.808
2024-03-19 17:20:34,755 [INFO]  Saved checkpoint to "./imputer_model/3_adult/imputer_model_sex/model-0004.params"
2024-03-19 17:20:34,791 [INFO]  Epoch[4] Validation-cross-entropy=0.015306
2024-03-19 17:20:34,791 [INFO]  Epoch[4] Validation-sex-accuracy=0.000000
2024-03-19 17:20:34,791 [INFO]  
========== done (4.48660945892334 s) fit model
2024-03-19 17:21:54,062 [INFO]  
========== start: fit model
2024-03-19 17:21:54,062 [WARNING]  Already bound, ignoring bind()
2024-03-19 17:21:54,502 [INFO]  Epoch[0] Batch [0-733]	Speed: 26910.76 samples/sec	cross-entropy=0.432665	sex-accuracy=3.198910
2024-03-19 17:21:54,912 [INFO]  Epoch[0] Train-cross-entropy=0.108304
2024-03-19 17:21:54,912 [INFO]  Epoch[0] Train-sex-accuracy=3.202186
2024-03-19 17:21:54,912 [INFO]  Epoch[0] Time cost=0.848
2024-03-19 17:21:54,914 [INFO]  Saved checkpoint to "./imputer_model/3_adult/imputer_model_sex/model-0000.params"
2024-03-19 17:21:54,951 [INFO]  Epoch[0] Validation-cross-entropy=0.097908
2024-03-19 17:21:54,951 [INFO]  Epoch[0] Validation-sex-accuracy=0.000000
2024-03-19 17:21:55,389 [INFO]  Epoch[1] Batch [0-733]	Speed: 26778.17 samples/sec	cross-entropy=0.099673	sex-accuracy=3.198910
2024-03-19 17:21:55,799 [INFO]  Epoch[1] Train-cross-entropy=0.031014
2024-03-19 17:21:55,799 [INFO]  Epoch[1] Train-sex-accuracy=3.202186
2024-03-19 17:21:55,799 [INFO]  Epoch[1] Time cost=0.849
2024-03-19 17:21:55,801 [INFO]  Saved checkpoint to "./imputer_model/3_adult/imputer_model_sex/model-0001.params"
2024-03-19 17:21:55,851 [INFO]  Epoch[1] Validation-cross-entropy=0.054075
2024-03-19 17:21:55,851 [INFO]  Epoch[1] Validation-sex-accuracy=0.000000
2024-03-19 17:21:56,359 [INFO]  Epoch[2] Batch [0-733]	Speed: 23160.24 samples/sec	cross-entropy=0.107816	sex-accuracy=3.198910
2024-03-19 17:21:56,833 [INFO]  Epoch[2] Train-cross-entropy=0.003478
2024-03-19 17:21:56,833 [INFO]  Epoch[2] Train-sex-accuracy=3.202186
2024-03-19 17:21:56,833 [INFO]  Epoch[2] Time cost=0.982
2024-03-19 17:21:56,835 [INFO]  Saved checkpoint to "./imputer_model/3_adult/imputer_model_sex/model-0002.params"
2024-03-19 17:21:56,882 [INFO]  Epoch[2] Validation-cross-entropy=0.006966
2024-03-19 17:21:56,882 [INFO]  Epoch[2] Validation-sex-accuracy=0.000000
2024-03-19 17:21:57,347 [INFO]  Epoch[3] Batch [0-733]	Speed: 25288.25 samples/sec	cross-entropy=0.037878	sex-accuracy=3.198910
2024-03-19 17:21:57,891 [INFO]  Epoch[3] Train-cross-entropy=0.010791
2024-03-19 17:21:57,891 [INFO]  Epoch[3] Train-sex-accuracy=3.202186
2024-03-19 17:21:57,891 [INFO]  Epoch[3] Time cost=1.009
2024-03-19 17:21:57,892 [INFO]  Saved checkpoint to "./imputer_model/3_adult/imputer_model_sex/model-0003.params"
2024-03-19 17:21:57,939 [INFO]  Epoch[3] Validation-cross-entropy=0.037263
2024-03-19 17:21:57,939 [INFO]  Epoch[3] Validation-sex-accuracy=0.000000
2024-03-19 17:21:58,405 [INFO]  Epoch[4] Batch [0-733]	Speed: 25218.83 samples/sec	cross-entropy=0.042133	sex-accuracy=3.198910
2024-03-19 17:21:58,813 [INFO]  Epoch[4] Train-cross-entropy=0.001043
2024-03-19 17:21:58,813 [INFO]  Epoch[4] Train-sex-accuracy=3.202186
2024-03-19 17:21:58,813 [INFO]  Epoch[4] Time cost=0.874
2024-03-19 17:21:58,815 [INFO]  Saved checkpoint to "./imputer_model/3_adult/imputer_model_sex/model-0004.params"
2024-03-19 17:21:58,851 [INFO]  Epoch[4] Validation-cross-entropy=0.003929
2024-03-19 17:21:58,852 [INFO]  Epoch[4] Validation-sex-accuracy=0.000000
2024-03-19 17:21:58,852 [INFO]  
========== done (4.7897491455078125 s) fit model
2024-03-19 17:23:03,922 [INFO]  
========== start: fit model
2024-03-19 17:23:03,922 [WARNING]  Already bound, ignoring bind()
2024-03-19 17:23:04,363 [INFO]  Epoch[0] Batch [0-733]	Speed: 26758.39 samples/sec	cross-entropy=0.054332	sex-accuracy=3.115804
2024-03-19 17:23:04,780 [INFO]  Epoch[0] Train-cross-entropy=0.000000
2024-03-19 17:23:04,781 [INFO]  Epoch[0] Train-sex-accuracy=3.281421
2024-03-19 17:23:04,781 [INFO]  Epoch[0] Time cost=0.857
2024-03-19 17:23:04,782 [INFO]  Saved checkpoint to "./imputer_model/3_adult/imputer_model_sex/model-0000.params"
2024-03-19 17:23:04,819 [INFO]  Epoch[0] Validation-cross-entropy=0.000000
2024-03-19 17:23:04,819 [INFO]  Epoch[0] Validation-sex-accuracy=0.000000
2024-03-19 17:23:05,252 [INFO]  Epoch[1] Batch [0-733]	Speed: 27136.68 samples/sec	cross-entropy=0.000000	sex-accuracy=3.115804
2024-03-19 17:23:05,676 [INFO]  Epoch[1] Train-cross-entropy=0.000000
2024-03-19 17:23:05,676 [INFO]  Epoch[1] Train-sex-accuracy=3.281421
2024-03-19 17:23:05,676 [INFO]  Epoch[1] Time cost=0.857
2024-03-19 17:23:05,677 [INFO]  Saved checkpoint to "./imputer_model/3_adult/imputer_model_sex/model-0001.params"
2024-03-19 17:23:05,716 [INFO]  Epoch[1] Validation-cross-entropy=0.000000
2024-03-19 17:23:05,716 [INFO]  Epoch[1] Validation-sex-accuracy=0.000000
2024-03-19 17:23:06,260 [INFO]  Epoch[2] Batch [0-733]	Speed: 21599.01 samples/sec	cross-entropy=0.000000	sex-accuracy=3.115804
2024-03-19 17:23:06,692 [INFO]  Epoch[2] Train-cross-entropy=0.000000
2024-03-19 17:23:06,693 [INFO]  Epoch[2] Train-sex-accuracy=3.281421
2024-03-19 17:23:06,693 [INFO]  Epoch[2] Time cost=0.976
2024-03-19 17:23:06,694 [INFO]  Saved checkpoint to "./imputer_model/3_adult/imputer_model_sex/model-0002.params"
2024-03-19 17:23:06,731 [INFO]  Epoch[2] Validation-cross-entropy=0.000000
2024-03-19 17:23:06,731 [INFO]  Epoch[2] Validation-sex-accuracy=0.000000
2024-03-19 17:23:07,154 [INFO]  Epoch[3] Batch [0-733]	Speed: 27809.26 samples/sec	cross-entropy=0.000000	sex-accuracy=3.115804
2024-03-19 17:23:07,586 [INFO]  Epoch[3] Train-cross-entropy=0.000000
2024-03-19 17:23:07,586 [INFO]  Epoch[3] Train-sex-accuracy=3.281421
2024-03-19 17:23:07,586 [INFO]  Epoch[3] Time cost=0.855
2024-03-19 17:23:07,587 [INFO]  Saved checkpoint to "./imputer_model/3_adult/imputer_model_sex/model-0003.params"
2024-03-19 17:23:07,623 [INFO]  Epoch[3] Validation-cross-entropy=0.000000
2024-03-19 17:23:07,623 [INFO]  Epoch[3] Validation-sex-accuracy=0.000000
2024-03-19 17:23:08,039 [INFO]  Epoch[4] Batch [0-733]	Speed: 28248.98 samples/sec	cross-entropy=0.000000	sex-accuracy=3.115804
2024-03-19 17:23:08,472 [INFO]  Epoch[4] Train-cross-entropy=0.000000
2024-03-19 17:23:08,472 [INFO]  Epoch[4] Train-sex-accuracy=3.281421
2024-03-19 17:23:08,472 [INFO]  Epoch[4] Time cost=0.848
2024-03-19 17:23:08,473 [INFO]  Saved checkpoint to "./imputer_model/3_adult/imputer_model_sex/model-0004.params"
2024-03-19 17:23:08,509 [INFO]  Epoch[4] Validation-cross-entropy=0.000000
2024-03-19 17:23:08,509 [INFO]  Epoch[4] Validation-sex-accuracy=0.000000
2024-03-19 17:23:08,509 [INFO]  
========== done (4.586934804916382 s) fit model
2024-03-19 17:25:20,692 [INFO]  
========== start: fit model
2024-03-19 17:25:20,692 [WARNING]  Already bound, ignoring bind()
2024-03-19 17:25:21,155 [INFO]  Epoch[0] Batch [0-733]	Speed: 25601.01 samples/sec	cross-entropy=0.339720	sex-accuracy=3.179837
2024-03-19 17:25:21,590 [INFO]  Epoch[0] Train-cross-entropy=0.088130
2024-03-19 17:25:21,590 [INFO]  Epoch[0] Train-sex-accuracy=3.271858
2024-03-19 17:25:21,590 [INFO]  Epoch[0] Time cost=0.897
2024-03-19 17:25:21,592 [INFO]  Saved checkpoint to "./imputer_model/3_adult/imputer_model_sex/model-0000.params"
2024-03-19 17:25:21,631 [INFO]  Epoch[0] Validation-cross-entropy=0.018481
2024-03-19 17:25:21,631 [INFO]  Epoch[0] Validation-sex-accuracy=0.000000
2024-03-19 17:25:22,048 [INFO]  Epoch[1] Batch [0-733]	Speed: 28171.87 samples/sec	cross-entropy=0.035622	sex-accuracy=3.179837
2024-03-19 17:25:22,464 [INFO]  Epoch[1] Train-cross-entropy=0.045043
2024-03-19 17:25:22,465 [INFO]  Epoch[1] Train-sex-accuracy=3.271858
2024-03-19 17:25:22,465 [INFO]  Epoch[1] Time cost=0.834
2024-03-19 17:25:22,466 [INFO]  Saved checkpoint to "./imputer_model/3_adult/imputer_model_sex/model-0001.params"
2024-03-19 17:25:22,505 [INFO]  Epoch[1] Validation-cross-entropy=0.008937
2024-03-19 17:25:22,505 [INFO]  Epoch[1] Validation-sex-accuracy=0.000000
2024-03-19 17:25:22,922 [INFO]  Epoch[2] Batch [0-733]	Speed: 28160.23 samples/sec	cross-entropy=0.009743	sex-accuracy=3.179837
2024-03-19 17:25:23,338 [INFO]  Epoch[2] Train-cross-entropy=0.018571
2024-03-19 17:25:23,338 [INFO]  Epoch[2] Train-sex-accuracy=3.271858
2024-03-19 17:25:23,338 [INFO]  Epoch[2] Time cost=0.833
2024-03-19 17:25:23,340 [INFO]  Saved checkpoint to "./imputer_model/3_adult/imputer_model_sex/model-0002.params"
2024-03-19 17:25:23,379 [INFO]  Epoch[2] Validation-cross-entropy=0.010468
2024-03-19 17:25:23,379 [INFO]  Epoch[2] Validation-sex-accuracy=0.000000
2024-03-19 17:25:23,796 [INFO]  Epoch[3] Batch [0-733]	Speed: 28167.28 samples/sec	cross-entropy=0.009598	sex-accuracy=3.179837
2024-03-19 17:25:24,212 [INFO]  Epoch[3] Train-cross-entropy=0.014559
2024-03-19 17:25:24,212 [INFO]  Epoch[3] Train-sex-accuracy=3.271858
2024-03-19 17:25:24,212 [INFO]  Epoch[3] Time cost=0.833
2024-03-19 17:25:24,213 [INFO]  Saved checkpoint to "./imputer_model/3_adult/imputer_model_sex/model-0003.params"
2024-03-19 17:25:24,252 [INFO]  Epoch[3] Validation-cross-entropy=0.005231
2024-03-19 17:25:24,252 [INFO]  Epoch[3] Validation-sex-accuracy=0.000000
2024-03-19 17:25:24,670 [INFO]  Epoch[4] Batch [0-733]	Speed: 28149.48 samples/sec	cross-entropy=0.010910	sex-accuracy=3.179837
2024-03-19 17:25:25,096 [INFO]  Epoch[4] Train-cross-entropy=0.008826
2024-03-19 17:25:25,096 [INFO]  Epoch[4] Train-sex-accuracy=3.271858
2024-03-19 17:25:25,096 [INFO]  Epoch[4] Time cost=0.844
2024-03-19 17:25:25,098 [INFO]  Saved checkpoint to "./imputer_model/3_adult/imputer_model_sex/model-0004.params"
2024-03-19 17:25:25,136 [INFO]  Epoch[4] Validation-cross-entropy=0.002117
2024-03-19 17:25:25,137 [INFO]  Epoch[4] Validation-sex-accuracy=0.000000
2024-03-19 17:25:25,137 [INFO]  
========== done (4.4448020458221436 s) fit model
2024-03-19 17:26:24,507 [INFO]  
========== start: fit model
2024-03-19 17:26:24,507 [WARNING]  Already bound, ignoring bind()
2024-03-19 17:26:24,987 [INFO]  Epoch[0] Batch [0-733]	Speed: 24543.51 samples/sec	cross-entropy=0.421601	sex-accuracy=3.246594
2024-03-19 17:26:25,411 [INFO]  Epoch[0] Train-cross-entropy=0.026603
2024-03-19 17:26:25,412 [INFO]  Epoch[0] Train-sex-accuracy=3.192623
2024-03-19 17:26:25,412 [INFO]  Epoch[0] Time cost=0.904
2024-03-19 17:26:25,413 [INFO]  Saved checkpoint to "./imputer_model/3_adult/imputer_model_sex/model-0000.params"
2024-03-19 17:26:25,452 [INFO]  Epoch[0] Validation-cross-entropy=0.014193
2024-03-19 17:26:25,452 [INFO]  Epoch[0] Validation-sex-accuracy=0.000000
2024-03-19 17:26:25,877 [INFO]  Epoch[1] Batch [0-733]	Speed: 27631.35 samples/sec	cross-entropy=0.018975	sex-accuracy=3.246594
2024-03-19 17:26:26,291 [INFO]  Epoch[1] Train-cross-entropy=0.024795
2024-03-19 17:26:26,291 [INFO]  Epoch[1] Train-sex-accuracy=3.192623
2024-03-19 17:26:26,291 [INFO]  Epoch[1] Time cost=0.839
2024-03-19 17:26:26,292 [INFO]  Saved checkpoint to "./imputer_model/3_adult/imputer_model_sex/model-0001.params"
2024-03-19 17:26:26,331 [INFO]  Epoch[1] Validation-cross-entropy=0.004843
2024-03-19 17:26:26,331 [INFO]  Epoch[1] Validation-sex-accuracy=0.000000
2024-03-19 17:26:26,755 [INFO]  Epoch[2] Batch [0-733]	Speed: 27678.41 samples/sec	cross-entropy=0.009800	sex-accuracy=3.246594
2024-03-19 17:26:27,181 [INFO]  Epoch[2] Train-cross-entropy=0.014779
2024-03-19 17:26:27,181 [INFO]  Epoch[2] Train-sex-accuracy=3.192623
2024-03-19 17:26:27,181 [INFO]  Epoch[2] Time cost=0.850
2024-03-19 17:26:27,183 [INFO]  Saved checkpoint to "./imputer_model/3_adult/imputer_model_sex/model-0002.params"
2024-03-19 17:26:27,229 [INFO]  Epoch[2] Validation-cross-entropy=0.003692
2024-03-19 17:26:27,229 [INFO]  Epoch[2] Validation-sex-accuracy=0.000000
2024-03-19 17:26:27,723 [INFO]  Epoch[3] Batch [0-733]	Speed: 23783.85 samples/sec	cross-entropy=0.011967	sex-accuracy=3.246594
2024-03-19 17:26:28,156 [INFO]  Epoch[3] Train-cross-entropy=0.010981
2024-03-19 17:26:28,157 [INFO]  Epoch[3] Train-sex-accuracy=3.192623
2024-03-19 17:26:28,157 [INFO]  Epoch[3] Time cost=0.927
2024-03-19 17:26:28,158 [INFO]  Saved checkpoint to "./imputer_model/3_adult/imputer_model_sex/model-0003.params"
2024-03-19 17:26:28,197 [INFO]  Epoch[3] Validation-cross-entropy=0.005272
2024-03-19 17:26:28,197 [INFO]  Epoch[3] Validation-sex-accuracy=0.000000
2024-03-19 17:26:28,613 [INFO]  Epoch[4] Batch [0-733]	Speed: 28227.52 samples/sec	cross-entropy=0.004788	sex-accuracy=3.246594
2024-03-19 17:26:29,022 [INFO]  Epoch[4] Train-cross-entropy=0.010505
2024-03-19 17:26:29,022 [INFO]  Epoch[4] Train-sex-accuracy=3.192623
2024-03-19 17:26:29,022 [INFO]  Epoch[4] Time cost=0.825
2024-03-19 17:26:29,023 [INFO]  Saved checkpoint to "./imputer_model/3_adult/imputer_model_sex/model-0004.params"
2024-03-19 17:26:29,062 [INFO]  Epoch[4] Validation-cross-entropy=0.002716
2024-03-19 17:26:29,062 [INFO]  Epoch[4] Validation-sex-accuracy=0.000000
2024-03-19 17:26:29,062 [INFO]  
========== done (4.555406808853149 s) fit model
2024-03-19 17:27:53,251 [INFO]  
========== start: fit model
2024-03-19 17:27:53,251 [WARNING]  Already bound, ignoring bind()
2024-03-19 17:27:53,673 [INFO]  Epoch[0] Batch [0-733]	Speed: 27921.43 samples/sec	cross-entropy=0.239679	sex-accuracy=3.226158
2024-03-19 17:27:54,086 [INFO]  Epoch[0] Train-cross-entropy=0.030305
2024-03-19 17:27:54,086 [INFO]  Epoch[0] Train-sex-accuracy=3.185792
2024-03-19 17:27:54,086 [INFO]  Epoch[0] Time cost=0.834
2024-03-19 17:27:54,088 [INFO]  Saved checkpoint to "./imputer_model/3_adult/imputer_model_sex/model-0000.params"
2024-03-19 17:27:54,128 [INFO]  Epoch[0] Validation-cross-entropy=0.020633
2024-03-19 17:27:54,129 [INFO]  Epoch[0] Validation-sex-accuracy=0.000000
2024-03-19 17:27:54,638 [INFO]  Epoch[1] Batch [0-733]	Speed: 23041.37 samples/sec	cross-entropy=0.025055	sex-accuracy=3.226158
2024-03-19 17:27:55,054 [INFO]  Epoch[1] Train-cross-entropy=0.016858
2024-03-19 17:27:55,054 [INFO]  Epoch[1] Train-sex-accuracy=3.185792
2024-03-19 17:27:55,054 [INFO]  Epoch[1] Time cost=0.926
2024-03-19 17:27:55,056 [INFO]  Saved checkpoint to "./imputer_model/3_adult/imputer_model_sex/model-0001.params"
2024-03-19 17:27:55,095 [INFO]  Epoch[1] Validation-cross-entropy=0.035146
2024-03-19 17:27:55,095 [INFO]  Epoch[1] Validation-sex-accuracy=0.000000
2024-03-19 17:27:55,519 [INFO]  Epoch[2] Batch [0-733]	Speed: 27681.50 samples/sec	cross-entropy=0.017678	sex-accuracy=3.226158
2024-03-19 17:27:55,936 [INFO]  Epoch[2] Train-cross-entropy=0.006546
2024-03-19 17:27:55,936 [INFO]  Epoch[2] Train-sex-accuracy=3.185792
2024-03-19 17:27:55,936 [INFO]  Epoch[2] Time cost=0.841
2024-03-19 17:27:55,937 [INFO]  Saved checkpoint to "./imputer_model/3_adult/imputer_model_sex/model-0002.params"
2024-03-19 17:27:55,976 [INFO]  Epoch[2] Validation-cross-entropy=0.010139
2024-03-19 17:27:55,976 [INFO]  Epoch[2] Validation-sex-accuracy=0.000000
2024-03-19 17:27:56,393 [INFO]  Epoch[3] Batch [0-733]	Speed: 28208.79 samples/sec	cross-entropy=0.014991	sex-accuracy=3.226158
2024-03-19 17:27:56,809 [INFO]  Epoch[3] Train-cross-entropy=0.004927
2024-03-19 17:27:56,809 [INFO]  Epoch[3] Train-sex-accuracy=3.185792
2024-03-19 17:27:56,809 [INFO]  Epoch[3] Time cost=0.832
2024-03-19 17:27:56,810 [INFO]  Saved checkpoint to "./imputer_model/3_adult/imputer_model_sex/model-0003.params"
2024-03-19 17:27:56,849 [INFO]  Epoch[3] Validation-cross-entropy=0.007935
2024-03-19 17:27:56,849 [INFO]  Epoch[3] Validation-sex-accuracy=0.000000
2024-03-19 17:27:57,277 [INFO]  Epoch[4] Batch [0-733]	Speed: 27480.88 samples/sec	cross-entropy=0.005577	sex-accuracy=3.226158
2024-03-19 17:27:57,693 [INFO]  Epoch[4] Train-cross-entropy=0.005012
2024-03-19 17:27:57,693 [INFO]  Epoch[4] Train-sex-accuracy=3.185792
2024-03-19 17:27:57,693 [INFO]  Epoch[4] Time cost=0.844
2024-03-19 17:27:57,695 [INFO]  Saved checkpoint to "./imputer_model/3_adult/imputer_model_sex/model-0004.params"
2024-03-19 17:27:57,733 [INFO]  Epoch[4] Validation-cross-entropy=0.002900
2024-03-19 17:27:57,734 [INFO]  Epoch[4] Validation-sex-accuracy=0.000000
2024-03-19 17:27:57,734 [INFO]  
========== done (4.48247504234314 s) fit model
2024-03-19 17:28:38,760 [INFO]  
========== start: fit model
2024-03-19 17:28:38,760 [WARNING]  Already bound, ignoring bind()
2024-03-19 17:28:39,183 [INFO]  Epoch[0] Batch [0-733]	Speed: 27866.29 samples/sec	cross-entropy=0.047186	sex-accuracy=3.200272
2024-03-19 17:28:39,604 [INFO]  Epoch[0] Train-cross-entropy=0.000000
2024-03-19 17:28:39,604 [INFO]  Epoch[0] Train-sex-accuracy=3.173497
2024-03-19 17:28:39,604 [INFO]  Epoch[0] Time cost=0.843
2024-03-19 17:28:39,606 [INFO]  Saved checkpoint to "./imputer_model/3_adult/imputer_model_sex/model-0000.params"
2024-03-19 17:28:39,650 [INFO]  Epoch[0] Validation-cross-entropy=0.000000
2024-03-19 17:28:39,650 [INFO]  Epoch[0] Validation-sex-accuracy=0.000000
2024-03-19 17:28:40,105 [INFO]  Epoch[1] Batch [0-733]	Speed: 25827.74 samples/sec	cross-entropy=0.000000	sex-accuracy=3.200272
2024-03-19 17:28:40,512 [INFO]  Epoch[1] Train-cross-entropy=0.000000
2024-03-19 17:28:40,512 [INFO]  Epoch[1] Train-sex-accuracy=3.173497
2024-03-19 17:28:40,512 [INFO]  Epoch[1] Time cost=0.862
2024-03-19 17:28:40,514 [INFO]  Saved checkpoint to "./imputer_model/3_adult/imputer_model_sex/model-0001.params"
2024-03-19 17:28:40,550 [INFO]  Epoch[1] Validation-cross-entropy=0.000000
2024-03-19 17:28:40,550 [INFO]  Epoch[1] Validation-sex-accuracy=0.000000
2024-03-19 17:28:41,031 [INFO]  Epoch[2] Batch [0-733]	Speed: 24463.70 samples/sec	cross-entropy=0.000000	sex-accuracy=3.200272
2024-03-19 17:28:41,503 [INFO]  Epoch[2] Train-cross-entropy=0.000000
2024-03-19 17:28:41,503 [INFO]  Epoch[2] Train-sex-accuracy=3.173497
2024-03-19 17:28:41,503 [INFO]  Epoch[2] Time cost=0.952
2024-03-19 17:28:41,504 [INFO]  Saved checkpoint to "./imputer_model/3_adult/imputer_model_sex/model-0002.params"
2024-03-19 17:28:41,542 [INFO]  Epoch[2] Validation-cross-entropy=0.000000
2024-03-19 17:28:41,542 [INFO]  Epoch[2] Validation-sex-accuracy=0.000000
2024-03-19 17:28:42,058 [INFO]  Epoch[3] Batch [0-733]	Speed: 22798.71 samples/sec	cross-entropy=0.000000	sex-accuracy=3.200272
2024-03-19 17:28:42,529 [INFO]  Epoch[3] Train-cross-entropy=0.000000
2024-03-19 17:28:42,529 [INFO]  Epoch[3] Train-sex-accuracy=3.173497
2024-03-19 17:28:42,529 [INFO]  Epoch[3] Time cost=0.986
2024-03-19 17:28:42,530 [INFO]  Saved checkpoint to "./imputer_model/3_adult/imputer_model_sex/model-0003.params"
2024-03-19 17:28:42,577 [INFO]  Epoch[3] Validation-cross-entropy=0.000000
2024-03-19 17:28:42,577 [INFO]  Epoch[3] Validation-sex-accuracy=0.000000
2024-03-19 17:28:43,136 [INFO]  Epoch[4] Batch [0-733]	Speed: 21031.52 samples/sec	cross-entropy=0.000000	sex-accuracy=3.200272
2024-03-19 17:28:43,563 [INFO]  Epoch[4] Train-cross-entropy=0.000000
2024-03-19 17:28:43,563 [INFO]  Epoch[4] Train-sex-accuracy=3.173497
2024-03-19 17:28:43,563 [INFO]  Epoch[4] Time cost=0.986
2024-03-19 17:28:43,564 [INFO]  Saved checkpoint to "./imputer_model/3_adult/imputer_model_sex/model-0004.params"
2024-03-19 17:28:43,611 [INFO]  Epoch[4] Validation-cross-entropy=0.000000
2024-03-19 17:28:43,611 [INFO]  Epoch[4] Validation-sex-accuracy=0.000000
2024-03-19 17:28:43,611 [INFO]  
========== done (4.851388692855835 s) fit model
2024-03-19 17:30:17,277 [INFO]  
========== start: fit model
2024-03-19 17:30:17,277 [WARNING]  Already bound, ignoring bind()
2024-03-19 17:30:17,733 [INFO]  Epoch[0] Batch [0-733]	Speed: 25826.40 samples/sec	cross-entropy=0.349520	sex-accuracy=0.000000
2024-03-19 17:30:18,144 [INFO]  Epoch[0] Train-cross-entropy=0.197940
2024-03-19 17:30:18,145 [INFO]  Epoch[0] Train-sex-accuracy=0.000000
2024-03-19 17:30:18,145 [INFO]  Epoch[0] Time cost=0.867
2024-03-19 17:30:18,146 [INFO]  Saved checkpoint to "./imputer_model/3_adult/imputer_model_sex/model-0000.params"
2024-03-19 17:30:18,183 [INFO]  Epoch[0] Validation-cross-entropy=0.117618
2024-03-19 17:30:18,183 [INFO]  Epoch[0] Validation-sex-accuracy=0.000000
2024-03-19 17:30:18,597 [INFO]  Epoch[1] Batch [0-733]	Speed: 28414.29 samples/sec	cross-entropy=0.046395	sex-accuracy=0.000000
2024-03-19 17:30:19,008 [INFO]  Epoch[1] Train-cross-entropy=0.015196
2024-03-19 17:30:19,009 [INFO]  Epoch[1] Train-sex-accuracy=0.000000
2024-03-19 17:30:19,009 [INFO]  Epoch[1] Time cost=0.825
2024-03-19 17:30:19,010 [INFO]  Saved checkpoint to "./imputer_model/3_adult/imputer_model_sex/model-0001.params"
2024-03-19 17:30:19,047 [INFO]  Epoch[1] Validation-cross-entropy=0.011721
2024-03-19 17:30:19,047 [INFO]  Epoch[1] Validation-sex-accuracy=0.000000
2024-03-19 17:30:19,459 [INFO]  Epoch[2] Batch [0-733]	Speed: 28510.65 samples/sec	cross-entropy=0.094008	sex-accuracy=0.000000
2024-03-19 17:30:19,870 [INFO]  Epoch[2] Train-cross-entropy=0.006820
2024-03-19 17:30:19,870 [INFO]  Epoch[2] Train-sex-accuracy=0.000000
2024-03-19 17:30:19,870 [INFO]  Epoch[2] Time cost=0.823
2024-03-19 17:30:19,872 [INFO]  Saved checkpoint to "./imputer_model/3_adult/imputer_model_sex/model-0002.params"
2024-03-19 17:30:19,909 [INFO]  Epoch[2] Validation-cross-entropy=0.012294
2024-03-19 17:30:19,909 [INFO]  Epoch[2] Validation-sex-accuracy=0.000000
2024-03-19 17:30:20,320 [INFO]  Epoch[3] Batch [0-733]	Speed: 28622.23 samples/sec	cross-entropy=0.038044	sex-accuracy=0.000000
2024-03-19 17:30:20,729 [INFO]  Epoch[3] Train-cross-entropy=0.025525
2024-03-19 17:30:20,729 [INFO]  Epoch[3] Train-sex-accuracy=0.000000
2024-03-19 17:30:20,729 [INFO]  Epoch[3] Time cost=0.820
2024-03-19 17:30:20,731 [INFO]  Saved checkpoint to "./imputer_model/3_adult/imputer_model_sex/model-0003.params"
2024-03-19 17:30:20,768 [INFO]  Epoch[3] Validation-cross-entropy=0.217512
2024-03-19 17:30:20,768 [INFO]  Epoch[3] Validation-sex-accuracy=0.000000
2024-03-19 17:30:21,190 [INFO]  Epoch[4] Batch [0-733]	Speed: 27858.60 samples/sec	cross-entropy=0.019203	sex-accuracy=0.000000
2024-03-19 17:30:21,600 [INFO]  Epoch[4] Train-cross-entropy=0.005324
2024-03-19 17:30:21,600 [INFO]  Epoch[4] Train-sex-accuracy=0.000000
2024-03-19 17:30:21,600 [INFO]  Epoch[4] Time cost=0.832
2024-03-19 17:30:21,602 [INFO]  Saved checkpoint to "./imputer_model/3_adult/imputer_model_sex/model-0004.params"
2024-03-19 17:30:21,639 [INFO]  Epoch[4] Validation-cross-entropy=0.076017
2024-03-19 17:30:21,639 [INFO]  Epoch[4] Validation-sex-accuracy=0.000000
2024-03-19 17:30:21,639 [INFO]  
========== done (4.362645864486694 s) fit model
2024-03-19 17:31:25,745 [INFO]  
========== start: fit model
2024-03-19 17:31:25,746 [WARNING]  Already bound, ignoring bind()
2024-03-19 17:31:26,214 [INFO]  Epoch[0] Batch [0-733]	Speed: 25179.63 samples/sec	cross-entropy=0.148739	sex-accuracy=3.194823
2024-03-19 17:31:26,626 [INFO]  Epoch[0] Train-cross-entropy=0.000000
2024-03-19 17:31:26,626 [INFO]  Epoch[0] Train-sex-accuracy=3.254098
2024-03-19 17:31:26,626 [INFO]  Epoch[0] Time cost=0.879
2024-03-19 17:31:26,627 [INFO]  Saved checkpoint to "./imputer_model/3_adult/imputer_model_sex/model-0000.params"
2024-03-19 17:31:26,664 [INFO]  Epoch[0] Validation-cross-entropy=0.000000
2024-03-19 17:31:26,664 [INFO]  Epoch[0] Validation-sex-accuracy=0.000000
2024-03-19 17:31:27,076 [INFO]  Epoch[1] Batch [0-733]	Speed: 28485.85 samples/sec	cross-entropy=0.000000	sex-accuracy=3.194823
2024-03-19 17:31:27,490 [INFO]  Epoch[1] Train-cross-entropy=0.000000
2024-03-19 17:31:27,490 [INFO]  Epoch[1] Train-sex-accuracy=3.254098
2024-03-19 17:31:27,490 [INFO]  Epoch[1] Time cost=0.826
2024-03-19 17:31:27,492 [INFO]  Saved checkpoint to "./imputer_model/3_adult/imputer_model_sex/model-0001.params"
2024-03-19 17:31:27,531 [INFO]  Epoch[1] Validation-cross-entropy=0.000000
2024-03-19 17:31:27,532 [INFO]  Epoch[1] Validation-sex-accuracy=0.000000
2024-03-19 17:31:27,978 [INFO]  Epoch[2] Batch [0-733]	Speed: 26306.18 samples/sec	cross-entropy=0.000000	sex-accuracy=3.194823
2024-03-19 17:31:28,389 [INFO]  Epoch[2] Train-cross-entropy=0.000000
2024-03-19 17:31:28,389 [INFO]  Epoch[2] Train-sex-accuracy=3.254098
2024-03-19 17:31:28,389 [INFO]  Epoch[2] Time cost=0.857
2024-03-19 17:31:28,390 [INFO]  Saved checkpoint to "./imputer_model/3_adult/imputer_model_sex/model-0002.params"
2024-03-19 17:31:28,428 [INFO]  Epoch[2] Validation-cross-entropy=0.000000
2024-03-19 17:31:28,428 [INFO]  Epoch[2] Validation-sex-accuracy=0.000000
2024-03-19 17:31:28,878 [INFO]  Epoch[3] Batch [0-733]	Speed: 26111.54 samples/sec	cross-entropy=0.000000	sex-accuracy=3.194823
2024-03-19 17:31:29,295 [INFO]  Epoch[3] Train-cross-entropy=0.000000
2024-03-19 17:31:29,295 [INFO]  Epoch[3] Train-sex-accuracy=3.254098
2024-03-19 17:31:29,295 [INFO]  Epoch[3] Time cost=0.867
2024-03-19 17:31:29,297 [INFO]  Saved checkpoint to "./imputer_model/3_adult/imputer_model_sex/model-0003.params"
2024-03-19 17:31:29,334 [INFO]  Epoch[3] Validation-cross-entropy=0.000000
2024-03-19 17:31:29,334 [INFO]  Epoch[3] Validation-sex-accuracy=0.000000
2024-03-19 17:31:29,749 [INFO]  Epoch[4] Batch [0-733]	Speed: 28271.04 samples/sec	cross-entropy=0.000000	sex-accuracy=3.194823
2024-03-19 17:31:30,163 [INFO]  Epoch[4] Train-cross-entropy=0.000000
2024-03-19 17:31:30,163 [INFO]  Epoch[4] Train-sex-accuracy=3.254098
2024-03-19 17:31:30,163 [INFO]  Epoch[4] Time cost=0.829
2024-03-19 17:31:30,165 [INFO]  Saved checkpoint to "./imputer_model/3_adult/imputer_model_sex/model-0004.params"
2024-03-19 17:31:30,202 [INFO]  Epoch[4] Validation-cross-entropy=0.000000
2024-03-19 17:31:30,202 [INFO]  Epoch[4] Validation-sex-accuracy=0.000000
2024-03-19 17:31:30,202 [INFO]  
========== done (4.456295967102051 s) fit model
2024-03-19 17:33:52,283 [INFO]  
========== start: fit model
2024-03-19 17:33:52,283 [WARNING]  Already bound, ignoring bind()
2024-03-19 17:33:52,710 [INFO]  Epoch[0] Batch [0-733]	Speed: 27624.74 samples/sec	cross-entropy=0.449473	sex-accuracy=0.000000
2024-03-19 17:33:53,126 [INFO]  Epoch[0] Train-cross-entropy=0.155833
2024-03-19 17:33:53,127 [INFO]  Epoch[0] Train-sex-accuracy=0.000000
2024-03-19 17:33:53,127 [INFO]  Epoch[0] Time cost=0.843
2024-03-19 17:33:53,128 [INFO]  Saved checkpoint to "./imputer_model/3_adult/imputer_model_sex/model-0000.params"
2024-03-19 17:33:53,166 [INFO]  Epoch[0] Validation-cross-entropy=0.019926
2024-03-19 17:33:53,167 [INFO]  Epoch[0] Validation-sex-accuracy=0.000000
2024-03-19 17:33:53,723 [INFO]  Epoch[1] Batch [0-733]	Speed: 21093.56 samples/sec	cross-entropy=0.018596	sex-accuracy=0.000000
2024-03-19 17:33:54,243 [INFO]  Epoch[1] Train-cross-entropy=0.023897
2024-03-19 17:33:54,243 [INFO]  Epoch[1] Train-sex-accuracy=0.000000
2024-03-19 17:33:54,243 [INFO]  Epoch[1] Time cost=1.077
2024-03-19 17:33:54,245 [INFO]  Saved checkpoint to "./imputer_model/3_adult/imputer_model_sex/model-0001.params"
2024-03-19 17:33:54,283 [INFO]  Epoch[1] Validation-cross-entropy=0.009390
2024-03-19 17:33:54,283 [INFO]  Epoch[1] Validation-sex-accuracy=0.000000
2024-03-19 17:33:54,749 [INFO]  Epoch[2] Batch [0-733]	Speed: 25211.53 samples/sec	cross-entropy=0.012824	sex-accuracy=0.000000
2024-03-19 17:33:55,161 [INFO]  Epoch[2] Train-cross-entropy=0.071153
2024-03-19 17:33:55,161 [INFO]  Epoch[2] Train-sex-accuracy=0.000000
2024-03-19 17:33:55,161 [INFO]  Epoch[2] Time cost=0.878
2024-03-19 17:33:55,162 [INFO]  Saved checkpoint to "./imputer_model/3_adult/imputer_model_sex/model-0002.params"
2024-03-19 17:33:55,200 [INFO]  Epoch[2] Validation-cross-entropy=0.007893
2024-03-19 17:33:55,200 [INFO]  Epoch[2] Validation-sex-accuracy=0.000000
2024-03-19 17:33:55,617 [INFO]  Epoch[3] Batch [0-733]	Speed: 28146.52 samples/sec	cross-entropy=0.005997	sex-accuracy=0.000000
2024-03-19 17:33:56,031 [INFO]  Epoch[3] Train-cross-entropy=0.006076
2024-03-19 17:33:56,031 [INFO]  Epoch[3] Train-sex-accuracy=0.000000
2024-03-19 17:33:56,031 [INFO]  Epoch[3] Time cost=0.831
2024-03-19 17:33:56,033 [INFO]  Saved checkpoint to "./imputer_model/3_adult/imputer_model_sex/model-0003.params"
2024-03-19 17:33:56,071 [INFO]  Epoch[3] Validation-cross-entropy=0.008156
2024-03-19 17:33:56,071 [INFO]  Epoch[3] Validation-sex-accuracy=0.000000
2024-03-19 17:33:56,483 [INFO]  Epoch[4] Batch [0-733]	Speed: 28514.80 samples/sec	cross-entropy=0.013294	sex-accuracy=0.000000
2024-03-19 17:33:56,988 [INFO]  Epoch[4] Train-cross-entropy=0.007612
2024-03-19 17:33:56,988 [INFO]  Epoch[4] Train-sex-accuracy=0.000000
2024-03-19 17:33:56,988 [INFO]  Epoch[4] Time cost=0.918
2024-03-19 17:33:56,990 [INFO]  Saved checkpoint to "./imputer_model/3_adult/imputer_model_sex/model-0004.params"
2024-03-19 17:33:57,038 [INFO]  Epoch[4] Validation-cross-entropy=0.001369
2024-03-19 17:33:57,038 [INFO]  Epoch[4] Validation-sex-accuracy=0.000000
2024-03-19 17:33:57,038 [INFO]  
========== done (4.755089521408081 s) fit model
2024-03-19 17:34:27,098 [INFO]  
========== start: fit model
2024-03-19 17:34:27,098 [WARNING]  Already bound, ignoring bind()
2024-03-19 17:34:27,514 [INFO]  Epoch[0] Batch [0-733]	Speed: 28327.15 samples/sec	cross-entropy=1.074756	sex-accuracy=3.205722
2024-03-19 17:34:27,923 [INFO]  Epoch[0] Train-cross-entropy=0.003975
2024-03-19 17:34:27,923 [INFO]  Epoch[0] Train-sex-accuracy=3.178962
2024-03-19 17:34:27,923 [INFO]  Epoch[0] Time cost=0.824
2024-03-19 17:34:27,924 [INFO]  Saved checkpoint to "./imputer_model/3_adult/imputer_model_sex/model-0000.params"
2024-03-19 17:34:27,961 [INFO]  Epoch[0] Validation-cross-entropy=0.002542
2024-03-19 17:34:27,961 [INFO]  Epoch[0] Validation-sex-accuracy=0.000000
2024-03-19 17:34:28,372 [INFO]  Epoch[1] Batch [0-733]	Speed: 28630.46 samples/sec	cross-entropy=0.002819	sex-accuracy=3.205722
2024-03-19 17:34:28,780 [INFO]  Epoch[1] Train-cross-entropy=0.122100
2024-03-19 17:34:28,780 [INFO]  Epoch[1] Train-sex-accuracy=3.178962
2024-03-19 17:34:28,780 [INFO]  Epoch[1] Time cost=0.818
2024-03-19 17:34:28,781 [INFO]  Saved checkpoint to "./imputer_model/3_adult/imputer_model_sex/model-0001.params"
2024-03-19 17:34:28,817 [INFO]  Epoch[1] Validation-cross-entropy=0.243175
2024-03-19 17:34:28,817 [INFO]  Epoch[1] Validation-sex-accuracy=0.000000
2024-03-19 17:34:29,226 [INFO]  Epoch[2] Batch [0-733]	Speed: 28716.64 samples/sec	cross-entropy=0.070345	sex-accuracy=3.205722
2024-03-19 17:34:29,633 [INFO]  Epoch[2] Train-cross-entropy=0.007143
2024-03-19 17:34:29,633 [INFO]  Epoch[2] Train-sex-accuracy=3.178962
2024-03-19 17:34:29,633 [INFO]  Epoch[2] Time cost=0.816
2024-03-19 17:34:29,634 [INFO]  Saved checkpoint to "./imputer_model/3_adult/imputer_model_sex/model-0002.params"
2024-03-19 17:34:29,671 [INFO]  Epoch[2] Validation-cross-entropy=0.006826
2024-03-19 17:34:29,671 [INFO]  Epoch[2] Validation-sex-accuracy=0.000000
2024-03-19 17:34:30,080 [INFO]  Epoch[3] Batch [0-733]	Speed: 28770.99 samples/sec	cross-entropy=0.181981	sex-accuracy=3.205722
2024-03-19 17:34:30,486 [INFO]  Epoch[3] Train-cross-entropy=0.004130
2024-03-19 17:34:30,486 [INFO]  Epoch[3] Train-sex-accuracy=3.178962
2024-03-19 17:34:30,486 [INFO]  Epoch[3] Time cost=0.815
2024-03-19 17:34:30,488 [INFO]  Saved checkpoint to "./imputer_model/3_adult/imputer_model_sex/model-0003.params"
2024-03-19 17:34:30,524 [INFO]  Epoch[3] Validation-cross-entropy=0.001668
2024-03-19 17:34:30,524 [INFO]  Epoch[3] Validation-sex-accuracy=0.000000
2024-03-19 17:34:30,931 [INFO]  Epoch[4] Batch [0-733]	Speed: 28849.30 samples/sec	cross-entropy=0.011000	sex-accuracy=3.205722
2024-03-19 17:34:31,339 [INFO]  Epoch[4] Train-cross-entropy=0.001980
2024-03-19 17:34:31,340 [INFO]  Epoch[4] Train-sex-accuracy=3.178962
2024-03-19 17:34:31,340 [INFO]  Epoch[4] Time cost=0.815
2024-03-19 17:34:31,341 [INFO]  Saved checkpoint to "./imputer_model/3_adult/imputer_model_sex/model-0004.params"
2024-03-19 17:34:31,378 [INFO]  Epoch[4] Validation-cross-entropy=0.002522
2024-03-19 17:34:31,378 [INFO]  Epoch[4] Validation-sex-accuracy=0.000000
2024-03-19 17:34:31,378 [INFO]  
========== done (4.2795398235321045 s) fit model
2024-03-19 17:35:35,834 [INFO]  
========== start: fit model
2024-03-19 17:35:35,834 [WARNING]  Already bound, ignoring bind()
2024-03-19 17:35:36,253 [INFO]  Epoch[0] Batch [0-733]	Speed: 28194.40 samples/sec	cross-entropy=0.258454	sex-accuracy=0.000000
2024-03-19 17:35:36,663 [INFO]  Epoch[0] Train-cross-entropy=0.000000
2024-03-19 17:35:36,663 [INFO]  Epoch[0] Train-sex-accuracy=0.000000
2024-03-19 17:35:36,663 [INFO]  Epoch[0] Time cost=0.827
2024-03-19 17:35:36,664 [INFO]  Saved checkpoint to "./imputer_model/3_adult/imputer_model_sex/model-0000.params"
2024-03-19 17:35:36,701 [INFO]  Epoch[0] Validation-cross-entropy=0.000000
2024-03-19 17:35:36,701 [INFO]  Epoch[0] Validation-sex-accuracy=0.000000
2024-03-19 17:35:37,118 [INFO]  Epoch[1] Batch [0-733]	Speed: 28174.86 samples/sec	cross-entropy=0.000000	sex-accuracy=0.000000
2024-03-19 17:35:37,538 [INFO]  Epoch[1] Train-cross-entropy=0.000000
2024-03-19 17:35:37,539 [INFO]  Epoch[1] Train-sex-accuracy=0.000000
2024-03-19 17:35:37,539 [INFO]  Epoch[1] Time cost=0.838
2024-03-19 17:35:37,540 [INFO]  Saved checkpoint to "./imputer_model/3_adult/imputer_model_sex/model-0001.params"
2024-03-19 17:35:37,577 [INFO]  Epoch[1] Validation-cross-entropy=0.000000
2024-03-19 17:35:37,577 [INFO]  Epoch[1] Validation-sex-accuracy=0.000000
2024-03-19 17:35:37,990 [INFO]  Epoch[2] Batch [0-733]	Speed: 28461.68 samples/sec	cross-entropy=0.000000	sex-accuracy=0.000000
2024-03-19 17:35:38,399 [INFO]  Epoch[2] Train-cross-entropy=0.000000
2024-03-19 17:35:38,399 [INFO]  Epoch[2] Train-sex-accuracy=0.000000
2024-03-19 17:35:38,399 [INFO]  Epoch[2] Time cost=0.823
2024-03-19 17:35:38,401 [INFO]  Saved checkpoint to "./imputer_model/3_adult/imputer_model_sex/model-0002.params"
2024-03-19 17:35:38,438 [INFO]  Epoch[2] Validation-cross-entropy=0.000000
2024-03-19 17:35:38,438 [INFO]  Epoch[2] Validation-sex-accuracy=0.000000
2024-03-19 17:35:38,863 [INFO]  Epoch[3] Batch [0-733]	Speed: 27696.13 samples/sec	cross-entropy=0.000000	sex-accuracy=0.000000
2024-03-19 17:35:39,280 [INFO]  Epoch[3] Train-cross-entropy=0.000000
2024-03-19 17:35:39,280 [INFO]  Epoch[3] Train-sex-accuracy=0.000000
2024-03-19 17:35:39,280 [INFO]  Epoch[3] Time cost=0.842
2024-03-19 17:35:39,282 [INFO]  Saved checkpoint to "./imputer_model/3_adult/imputer_model_sex/model-0003.params"
2024-03-19 17:35:39,318 [INFO]  Epoch[3] Validation-cross-entropy=0.000000
2024-03-19 17:35:39,318 [INFO]  Epoch[3] Validation-sex-accuracy=0.000000
2024-03-19 17:35:39,730 [INFO]  Epoch[4] Batch [0-733]	Speed: 28547.80 samples/sec	cross-entropy=0.000000	sex-accuracy=0.000000
2024-03-19 17:35:40,137 [INFO]  Epoch[4] Train-cross-entropy=0.000000
2024-03-19 17:35:40,138 [INFO]  Epoch[4] Train-sex-accuracy=0.000000
2024-03-19 17:35:40,138 [INFO]  Epoch[4] Time cost=0.820
2024-03-19 17:35:40,139 [INFO]  Saved checkpoint to "./imputer_model/3_adult/imputer_model_sex/model-0004.params"
2024-03-19 17:35:40,176 [INFO]  Epoch[4] Validation-cross-entropy=0.000000
2024-03-19 17:35:40,176 [INFO]  Epoch[4] Validation-sex-accuracy=0.000000
2024-03-19 17:35:40,176 [INFO]  
========== done (4.341550350189209 s) fit model
2024-03-19 17:37:52,059 [INFO]  
========== start: fit model
2024-03-19 17:37:52,059 [WARNING]  Already bound, ignoring bind()
2024-03-19 17:37:52,482 [INFO]  Epoch[0] Batch [0-733]	Speed: 27888.85 samples/sec	cross-entropy=0.443170	sex-accuracy=3.320163
2024-03-19 17:37:52,894 [INFO]  Epoch[0] Train-cross-entropy=0.114640
2024-03-19 17:37:52,894 [INFO]  Epoch[0] Train-sex-accuracy=3.058743
2024-03-19 17:37:52,894 [INFO]  Epoch[0] Time cost=0.833
2024-03-19 17:37:52,895 [INFO]  Saved checkpoint to "./imputer_model/3_adult/imputer_model_sex/model-0000.params"
2024-03-19 17:37:52,934 [INFO]  Epoch[0] Validation-cross-entropy=0.066707
2024-03-19 17:37:52,934 [INFO]  Epoch[0] Validation-sex-accuracy=0.000000
2024-03-19 17:37:53,350 [INFO]  Epoch[1] Batch [0-733]	Speed: 28242.88 samples/sec	cross-entropy=0.043118	sex-accuracy=3.320163
2024-03-19 17:37:53,832 [INFO]  Epoch[1] Train-cross-entropy=0.028393
2024-03-19 17:37:53,832 [INFO]  Epoch[1] Train-sex-accuracy=3.058743
2024-03-19 17:37:53,832 [INFO]  Epoch[1] Time cost=0.898
2024-03-19 17:37:53,833 [INFO]  Saved checkpoint to "./imputer_model/3_adult/imputer_model_sex/model-0001.params"
2024-03-19 17:37:53,872 [INFO]  Epoch[1] Validation-cross-entropy=0.011218
2024-03-19 17:37:53,872 [INFO]  Epoch[1] Validation-sex-accuracy=0.000000
2024-03-19 17:37:54,302 [INFO]  Epoch[2] Batch [0-733]	Speed: 27302.36 samples/sec	cross-entropy=0.019912	sex-accuracy=3.320163
2024-03-19 17:37:54,714 [INFO]  Epoch[2] Train-cross-entropy=0.021201
2024-03-19 17:37:54,714 [INFO]  Epoch[2] Train-sex-accuracy=3.058743
2024-03-19 17:37:54,714 [INFO]  Epoch[2] Time cost=0.842
2024-03-19 17:37:54,715 [INFO]  Saved checkpoint to "./imputer_model/3_adult/imputer_model_sex/model-0002.params"
2024-03-19 17:37:54,756 [INFO]  Epoch[2] Validation-cross-entropy=0.014201
2024-03-19 17:37:54,756 [INFO]  Epoch[2] Validation-sex-accuracy=0.000000
2024-03-19 17:37:55,171 [INFO]  Epoch[3] Batch [0-733]	Speed: 28345.28 samples/sec	cross-entropy=0.020327	sex-accuracy=3.320163
2024-03-19 17:37:55,607 [INFO]  Epoch[3] Train-cross-entropy=0.011213
2024-03-19 17:37:55,607 [INFO]  Epoch[3] Train-sex-accuracy=3.058743
2024-03-19 17:37:55,607 [INFO]  Epoch[3] Time cost=0.851
2024-03-19 17:37:55,609 [INFO]  Saved checkpoint to "./imputer_model/3_adult/imputer_model_sex/model-0003.params"
2024-03-19 17:37:55,658 [INFO]  Epoch[3] Validation-cross-entropy=0.002946
2024-03-19 17:37:55,658 [INFO]  Epoch[3] Validation-sex-accuracy=0.000000
2024-03-19 17:37:56,120 [INFO]  Epoch[4] Batch [0-733]	Speed: 25422.03 samples/sec	cross-entropy=0.006008	sex-accuracy=3.320163
2024-03-19 17:37:56,534 [INFO]  Epoch[4] Train-cross-entropy=0.014629
2024-03-19 17:37:56,534 [INFO]  Epoch[4] Train-sex-accuracy=3.058743
2024-03-19 17:37:56,534 [INFO]  Epoch[4] Time cost=0.876
2024-03-19 17:37:56,536 [INFO]  Saved checkpoint to "./imputer_model/3_adult/imputer_model_sex/model-0004.params"
2024-03-19 17:37:56,575 [INFO]  Epoch[4] Validation-cross-entropy=0.005017
2024-03-19 17:37:56,575 [INFO]  Epoch[4] Validation-sex-accuracy=0.000000
2024-03-19 17:37:56,575 [INFO]  
========== done (4.515394449234009 s) fit model
2024-03-19 17:38:37,290 [INFO]  
========== start: fit model
2024-03-19 17:38:37,290 [WARNING]  Already bound, ignoring bind()
2024-03-19 17:38:37,846 [INFO]  Epoch[0] Batch [0-733]	Speed: 21181.54 samples/sec	cross-entropy=1.105461	sex-accuracy=3.215259
2024-03-19 17:38:38,339 [INFO]  Epoch[0] Train-cross-entropy=0.003761
2024-03-19 17:38:38,339 [INFO]  Epoch[0] Train-sex-accuracy=3.189891
2024-03-19 17:38:38,339 [INFO]  Epoch[0] Time cost=1.048
2024-03-19 17:38:38,341 [INFO]  Saved checkpoint to "./imputer_model/3_adult/imputer_model_sex/model-0000.params"
2024-03-19 17:38:38,379 [INFO]  Epoch[0] Validation-cross-entropy=0.001769
2024-03-19 17:38:38,379 [INFO]  Epoch[0] Validation-sex-accuracy=0.000000
2024-03-19 17:38:38,839 [INFO]  Epoch[1] Batch [0-733]	Speed: 25539.32 samples/sec	cross-entropy=0.006029	sex-accuracy=3.215259
2024-03-19 17:38:39,280 [INFO]  Epoch[1] Train-cross-entropy=0.002964
2024-03-19 17:38:39,280 [INFO]  Epoch[1] Train-sex-accuracy=3.189891
2024-03-19 17:38:39,280 [INFO]  Epoch[1] Time cost=0.901
2024-03-19 17:38:39,281 [INFO]  Saved checkpoint to "./imputer_model/3_adult/imputer_model_sex/model-0001.params"
2024-03-19 17:38:39,319 [INFO]  Epoch[1] Validation-cross-entropy=0.004011
2024-03-19 17:38:39,319 [INFO]  Epoch[1] Validation-sex-accuracy=0.000000
2024-03-19 17:38:39,804 [INFO]  Epoch[2] Batch [0-733]	Speed: 24190.05 samples/sec	cross-entropy=0.348027	sex-accuracy=3.215259
2024-03-19 17:38:40,244 [INFO]  Epoch[2] Train-cross-entropy=0.004047
2024-03-19 17:38:40,244 [INFO]  Epoch[2] Train-sex-accuracy=3.189891
2024-03-19 17:38:40,244 [INFO]  Epoch[2] Time cost=0.925
2024-03-19 17:38:40,245 [INFO]  Saved checkpoint to "./imputer_model/3_adult/imputer_model_sex/model-0002.params"
2024-03-19 17:38:40,283 [INFO]  Epoch[2] Validation-cross-entropy=0.000846
2024-03-19 17:38:40,283 [INFO]  Epoch[2] Validation-sex-accuracy=0.000000
2024-03-19 17:38:40,699 [INFO]  Epoch[3] Batch [0-733]	Speed: 28270.44 samples/sec	cross-entropy=0.001529	sex-accuracy=3.215259
2024-03-19 17:38:41,154 [INFO]  Epoch[3] Train-cross-entropy=0.001725
2024-03-19 17:38:41,154 [INFO]  Epoch[3] Train-sex-accuracy=3.189891
2024-03-19 17:38:41,154 [INFO]  Epoch[3] Time cost=0.871
2024-03-19 17:38:41,156 [INFO]  Saved checkpoint to "./imputer_model/3_adult/imputer_model_sex/model-0003.params"
2024-03-19 17:38:41,193 [INFO]  Epoch[3] Validation-cross-entropy=0.000488
2024-03-19 17:38:41,193 [INFO]  Epoch[3] Validation-sex-accuracy=0.000000
2024-03-19 17:38:41,616 [INFO]  Epoch[4] Batch [0-733]	Speed: 27796.59 samples/sec	cross-entropy=0.023940	sex-accuracy=3.215259
2024-03-19 17:38:42,027 [INFO]  Epoch[4] Train-cross-entropy=0.012995
2024-03-19 17:38:42,027 [INFO]  Epoch[4] Train-sex-accuracy=3.189891
2024-03-19 17:38:42,027 [INFO]  Epoch[4] Time cost=0.833
2024-03-19 17:38:42,028 [INFO]  Saved checkpoint to "./imputer_model/3_adult/imputer_model_sex/model-0004.params"
2024-03-19 17:38:42,066 [INFO]  Epoch[4] Validation-cross-entropy=0.002566
2024-03-19 17:38:42,066 [INFO]  Epoch[4] Validation-sex-accuracy=0.000000
2024-03-19 17:38:42,066 [INFO]  
========== done (4.77567458152771 s) fit model
2024-03-19 17:40:10,845 [INFO]  
========== start: fit model
2024-03-19 17:40:10,845 [WARNING]  Already bound, ignoring bind()
2024-03-19 17:40:11,392 [INFO]  Epoch[0] Batch [0-733]	Speed: 21522.36 samples/sec	cross-entropy=0.301442	sex-accuracy=3.200272
2024-03-19 17:40:11,804 [INFO]  Epoch[0] Train-cross-entropy=0.018918
2024-03-19 17:40:11,804 [INFO]  Epoch[0] Train-sex-accuracy=3.211749
2024-03-19 17:40:11,804 [INFO]  Epoch[0] Time cost=0.958
2024-03-19 17:40:11,806 [INFO]  Saved checkpoint to "./imputer_model/3_adult/imputer_model_sex/model-0000.params"
2024-03-19 17:40:11,844 [INFO]  Epoch[0] Validation-cross-entropy=0.058357
2024-03-19 17:40:11,844 [INFO]  Epoch[0] Validation-sex-accuracy=0.000000
2024-03-19 17:40:12,259 [INFO]  Epoch[1] Batch [0-733]	Speed: 28307.89 samples/sec	cross-entropy=0.016769	sex-accuracy=3.200272
2024-03-19 17:40:12,671 [INFO]  Epoch[1] Train-cross-entropy=0.012692
2024-03-19 17:40:12,671 [INFO]  Epoch[1] Train-sex-accuracy=3.211749
2024-03-19 17:40:12,671 [INFO]  Epoch[1] Time cost=0.827
2024-03-19 17:40:12,672 [INFO]  Saved checkpoint to "./imputer_model/3_adult/imputer_model_sex/model-0001.params"
2024-03-19 17:40:12,711 [INFO]  Epoch[1] Validation-cross-entropy=0.029458
2024-03-19 17:40:12,711 [INFO]  Epoch[1] Validation-sex-accuracy=0.000000
2024-03-19 17:40:13,122 [INFO]  Epoch[2] Batch [0-733]	Speed: 28576.69 samples/sec	cross-entropy=0.009943	sex-accuracy=3.200272
2024-03-19 17:40:13,534 [INFO]  Epoch[2] Train-cross-entropy=0.006651
2024-03-19 17:40:13,534 [INFO]  Epoch[2] Train-sex-accuracy=3.211749
2024-03-19 17:40:13,534 [INFO]  Epoch[2] Time cost=0.823
2024-03-19 17:40:13,536 [INFO]  Saved checkpoint to "./imputer_model/3_adult/imputer_model_sex/model-0002.params"
2024-03-19 17:40:13,574 [INFO]  Epoch[2] Validation-cross-entropy=0.060104
2024-03-19 17:40:13,574 [INFO]  Epoch[2] Validation-sex-accuracy=0.000000
2024-03-19 17:40:13,986 [INFO]  Epoch[3] Batch [0-733]	Speed: 28512.70 samples/sec	cross-entropy=0.012236	sex-accuracy=3.200272
2024-03-19 17:40:14,396 [INFO]  Epoch[3] Train-cross-entropy=0.008410
2024-03-19 17:40:14,396 [INFO]  Epoch[3] Train-sex-accuracy=3.211749
2024-03-19 17:40:14,396 [INFO]  Epoch[3] Time cost=0.822
2024-03-19 17:40:14,398 [INFO]  Saved checkpoint to "./imputer_model/3_adult/imputer_model_sex/model-0003.params"
2024-03-19 17:40:14,436 [INFO]  Epoch[3] Validation-cross-entropy=0.001997
2024-03-19 17:40:14,436 [INFO]  Epoch[3] Validation-sex-accuracy=0.000000
2024-03-19 17:40:14,858 [INFO]  Epoch[4] Batch [0-733]	Speed: 27818.43 samples/sec	cross-entropy=0.002813	sex-accuracy=3.200272
2024-03-19 17:40:15,269 [INFO]  Epoch[4] Train-cross-entropy=0.008017
2024-03-19 17:40:15,269 [INFO]  Epoch[4] Train-sex-accuracy=3.211749
2024-03-19 17:40:15,269 [INFO]  Epoch[4] Time cost=0.833
2024-03-19 17:40:15,271 [INFO]  Saved checkpoint to "./imputer_model/3_adult/imputer_model_sex/model-0004.params"
2024-03-19 17:40:15,309 [INFO]  Epoch[4] Validation-cross-entropy=0.000718
2024-03-19 17:40:15,309 [INFO]  Epoch[4] Validation-sex-accuracy=0.000000
2024-03-19 17:40:15,309 [INFO]  
========== done (4.464318513870239 s) fit model
2024-03-19 17:41:49,335 [INFO]  
========== start: fit model
2024-03-19 17:41:49,335 [WARNING]  Already bound, ignoring bind()
2024-03-19 17:41:49,774 [INFO]  Epoch[0] Batch [0-733]	Speed: 27100.01 samples/sec	cross-entropy=0.247518	sex-accuracy=3.227520
2024-03-19 17:41:50,191 [INFO]  Epoch[0] Train-cross-entropy=0.029851
2024-03-19 17:41:50,191 [INFO]  Epoch[0] Train-sex-accuracy=3.271858
2024-03-19 17:41:50,191 [INFO]  Epoch[0] Time cost=0.855
2024-03-19 17:41:50,193 [INFO]  Saved checkpoint to "./imputer_model/3_adult/imputer_model_sex/model-0000.params"
2024-03-19 17:41:50,232 [INFO]  Epoch[0] Validation-cross-entropy=0.020707
2024-03-19 17:41:50,232 [INFO]  Epoch[0] Validation-sex-accuracy=0.000000
2024-03-19 17:41:50,650 [INFO]  Epoch[1] Batch [0-733]	Speed: 28069.14 samples/sec	cross-entropy=0.024272	sex-accuracy=3.227520
2024-03-19 17:41:51,068 [INFO]  Epoch[1] Train-cross-entropy=0.031051
2024-03-19 17:41:51,068 [INFO]  Epoch[1] Train-sex-accuracy=3.271858
2024-03-19 17:41:51,068 [INFO]  Epoch[1] Time cost=0.836
2024-03-19 17:41:51,069 [INFO]  Saved checkpoint to "./imputer_model/3_adult/imputer_model_sex/model-0001.params"
2024-03-19 17:41:51,109 [INFO]  Epoch[1] Validation-cross-entropy=0.009953
2024-03-19 17:41:51,109 [INFO]  Epoch[1] Validation-sex-accuracy=0.000000
2024-03-19 17:41:51,528 [INFO]  Epoch[2] Batch [0-733]	Speed: 28069.59 samples/sec	cross-entropy=0.012906	sex-accuracy=3.227520
2024-03-19 17:41:51,947 [INFO]  Epoch[2] Train-cross-entropy=0.009803
2024-03-19 17:41:51,947 [INFO]  Epoch[2] Train-sex-accuracy=3.271858
2024-03-19 17:41:51,947 [INFO]  Epoch[2] Time cost=0.838
2024-03-19 17:41:51,948 [INFO]  Saved checkpoint to "./imputer_model/3_adult/imputer_model_sex/model-0002.params"
2024-03-19 17:41:51,988 [INFO]  Epoch[2] Validation-cross-entropy=0.014301
2024-03-19 17:41:51,988 [INFO]  Epoch[2] Validation-sex-accuracy=0.000000
2024-03-19 17:41:52,416 [INFO]  Epoch[3] Batch [0-733]	Speed: 27426.97 samples/sec	cross-entropy=0.013581	sex-accuracy=3.227520
2024-03-19 17:41:52,832 [INFO]  Epoch[3] Train-cross-entropy=0.005969
2024-03-19 17:41:52,832 [INFO]  Epoch[3] Train-sex-accuracy=3.271858
2024-03-19 17:41:52,832 [INFO]  Epoch[3] Time cost=0.845
2024-03-19 17:41:52,834 [INFO]  Saved checkpoint to "./imputer_model/3_adult/imputer_model_sex/model-0003.params"
2024-03-19 17:41:52,873 [INFO]  Epoch[3] Validation-cross-entropy=0.009014
2024-03-19 17:41:52,873 [INFO]  Epoch[3] Validation-sex-accuracy=0.000000
2024-03-19 17:41:53,292 [INFO]  Epoch[4] Batch [0-733]	Speed: 28063.13 samples/sec	cross-entropy=0.009685	sex-accuracy=3.227520
2024-03-19 17:41:53,708 [INFO]  Epoch[4] Train-cross-entropy=0.007364
2024-03-19 17:41:53,708 [INFO]  Epoch[4] Train-sex-accuracy=3.271858
2024-03-19 17:41:53,708 [INFO]  Epoch[4] Time cost=0.835
2024-03-19 17:41:53,709 [INFO]  Saved checkpoint to "./imputer_model/3_adult/imputer_model_sex/model-0004.params"
2024-03-19 17:41:53,749 [INFO]  Epoch[4] Validation-cross-entropy=0.009484
2024-03-19 17:41:53,749 [INFO]  Epoch[4] Validation-sex-accuracy=0.000000
2024-03-19 17:41:53,749 [INFO]  
========== done (4.414389133453369 s) fit model
2024-03-19 17:43:16,841 [INFO]  
========== start: fit model
2024-03-19 17:43:16,841 [WARNING]  Already bound, ignoring bind()
2024-03-19 17:43:17,276 [INFO]  Epoch[0] Batch [0-733]	Speed: 27080.52 samples/sec	cross-entropy=0.303576	sex-accuracy=3.230245
2024-03-19 17:43:17,692 [INFO]  Epoch[0] Train-cross-entropy=0.031772
2024-03-19 17:43:17,692 [INFO]  Epoch[0] Train-sex-accuracy=3.222678
2024-03-19 17:43:17,692 [INFO]  Epoch[0] Time cost=0.850
2024-03-19 17:43:17,693 [INFO]  Saved checkpoint to "./imputer_model/3_adult/imputer_model_sex/model-0000.params"
2024-03-19 17:43:17,732 [INFO]  Epoch[0] Validation-cross-entropy=0.023077
2024-03-19 17:43:17,732 [INFO]  Epoch[0] Validation-sex-accuracy=0.000000
2024-03-19 17:43:18,168 [INFO]  Epoch[1] Batch [0-733]	Speed: 26975.53 samples/sec	cross-entropy=0.019581	sex-accuracy=3.230245
2024-03-19 17:43:18,582 [INFO]  Epoch[1] Train-cross-entropy=0.015784
2024-03-19 17:43:18,582 [INFO]  Epoch[1] Train-sex-accuracy=3.222678
2024-03-19 17:43:18,582 [INFO]  Epoch[1] Time cost=0.850
2024-03-19 17:43:18,584 [INFO]  Saved checkpoint to "./imputer_model/3_adult/imputer_model_sex/model-0001.params"
2024-03-19 17:43:18,622 [INFO]  Epoch[1] Validation-cross-entropy=0.009107
2024-03-19 17:43:18,622 [INFO]  Epoch[1] Validation-sex-accuracy=0.000000
2024-03-19 17:43:19,034 [INFO]  Epoch[2] Batch [0-733]	Speed: 28530.61 samples/sec	cross-entropy=0.011138	sex-accuracy=3.230245
2024-03-19 17:43:19,447 [INFO]  Epoch[2] Train-cross-entropy=0.015385
2024-03-19 17:43:19,447 [INFO]  Epoch[2] Train-sex-accuracy=3.222678
2024-03-19 17:43:19,447 [INFO]  Epoch[2] Time cost=0.824
2024-03-19 17:43:19,448 [INFO]  Saved checkpoint to "./imputer_model/3_adult/imputer_model_sex/model-0002.params"
2024-03-19 17:43:19,487 [INFO]  Epoch[2] Validation-cross-entropy=0.009882
2024-03-19 17:43:19,487 [INFO]  Epoch[2] Validation-sex-accuracy=0.000000
2024-03-19 17:43:19,901 [INFO]  Epoch[3] Batch [0-733]	Speed: 28399.89 samples/sec	cross-entropy=0.008089	sex-accuracy=3.230245
2024-03-19 17:43:20,313 [INFO]  Epoch[3] Train-cross-entropy=0.006395
2024-03-19 17:43:20,314 [INFO]  Epoch[3] Train-sex-accuracy=3.222678
2024-03-19 17:43:20,314 [INFO]  Epoch[3] Time cost=0.827
2024-03-19 17:43:20,315 [INFO]  Saved checkpoint to "./imputer_model/3_adult/imputer_model_sex/model-0003.params"
2024-03-19 17:43:20,354 [INFO]  Epoch[3] Validation-cross-entropy=0.003033
2024-03-19 17:43:20,354 [INFO]  Epoch[3] Validation-sex-accuracy=0.000000
2024-03-19 17:43:20,767 [INFO]  Epoch[4] Batch [0-733]	Speed: 28417.95 samples/sec	cross-entropy=0.006782	sex-accuracy=3.230245
2024-03-19 17:43:21,178 [INFO]  Epoch[4] Train-cross-entropy=0.006464
2024-03-19 17:43:21,178 [INFO]  Epoch[4] Train-sex-accuracy=3.222678
2024-03-19 17:43:21,178 [INFO]  Epoch[4] Time cost=0.825
2024-03-19 17:43:21,180 [INFO]  Saved checkpoint to "./imputer_model/3_adult/imputer_model_sex/model-0004.params"
2024-03-19 17:43:21,218 [INFO]  Epoch[4] Validation-cross-entropy=0.003562
2024-03-19 17:43:21,219 [INFO]  Epoch[4] Validation-sex-accuracy=0.000000
2024-03-19 17:43:21,219 [INFO]  
========== done (4.377732276916504 s) fit model
2024-03-19 17:45:02,831 [INFO]  
========== start: fit model
2024-03-19 17:45:02,832 [WARNING]  Already bound, ignoring bind()
2024-03-19 17:45:03,748 [INFO]  Epoch[0] Batch [0-733]	Speed: 12911.36 samples/sec	cross-entropy=0.496765	sex-accuracy=0.000000
2024-03-19 17:45:04,584 [INFO]  Epoch[0] Train-cross-entropy=0.068314
2024-03-19 17:45:04,584 [INFO]  Epoch[0] Train-sex-accuracy=0.000000
2024-03-19 17:45:04,585 [INFO]  Epoch[0] Time cost=1.752
2024-03-19 17:45:04,588 [INFO]  Saved checkpoint to "./imputer_model/3_adult/imputer_model_sex/model-0000.params"
2024-03-19 17:45:04,653 [INFO]  Epoch[0] Validation-cross-entropy=0.051733
2024-03-19 17:45:04,653 [INFO]  Epoch[0] Validation-sex-accuracy=0.000000
2024-03-19 17:45:05,520 [INFO]  Epoch[1] Batch [0-733]	Speed: 13557.90 samples/sec	cross-entropy=0.050583	sex-accuracy=0.000000
2024-03-19 17:45:06,417 [INFO]  Epoch[1] Train-cross-entropy=0.019906
2024-03-19 17:45:06,418 [INFO]  Epoch[1] Train-sex-accuracy=0.000000
2024-03-19 17:45:06,418 [INFO]  Epoch[1] Time cost=1.765
2024-03-19 17:45:06,420 [INFO]  Saved checkpoint to "./imputer_model/3_adult/imputer_model_sex/model-0001.params"
2024-03-19 17:45:06,485 [INFO]  Epoch[1] Validation-cross-entropy=0.015583
2024-03-19 17:45:06,486 [INFO]  Epoch[1] Validation-sex-accuracy=0.000000
2024-03-19 17:45:07,415 [INFO]  Epoch[2] Batch [0-733]	Speed: 12642.66 samples/sec	cross-entropy=0.013457	sex-accuracy=0.000000
2024-03-19 17:45:08,260 [INFO]  Epoch[2] Train-cross-entropy=0.023507
2024-03-19 17:45:08,261 [INFO]  Epoch[2] Train-sex-accuracy=0.000000
2024-03-19 17:45:08,261 [INFO]  Epoch[2] Time cost=1.775
2024-03-19 17:45:08,262 [INFO]  Saved checkpoint to "./imputer_model/3_adult/imputer_model_sex/model-0002.params"
2024-03-19 17:45:08,322 [INFO]  Epoch[2] Validation-cross-entropy=0.017307
2024-03-19 17:45:08,322 [INFO]  Epoch[2] Validation-sex-accuracy=0.000000
2024-03-19 17:45:09,059 [INFO]  Epoch[3] Batch [0-733]	Speed: 15933.95 samples/sec	cross-entropy=0.013912	sex-accuracy=0.000000
2024-03-19 17:45:10,074 [INFO]  Epoch[3] Train-cross-entropy=0.020641
2024-03-19 17:45:10,074 [INFO]  Epoch[3] Train-sex-accuracy=0.000000
2024-03-19 17:45:10,074 [INFO]  Epoch[3] Time cost=1.752
2024-03-19 17:45:10,077 [INFO]  Saved checkpoint to "./imputer_model/3_adult/imputer_model_sex/model-0003.params"
2024-03-19 17:45:10,141 [INFO]  Epoch[3] Validation-cross-entropy=0.009070
2024-03-19 17:45:10,141 [INFO]  Epoch[3] Validation-sex-accuracy=0.000000
2024-03-19 17:45:11,130 [INFO]  Epoch[4] Batch [0-733]	Speed: 11881.73 samples/sec	cross-entropy=0.004125	sex-accuracy=0.000000
2024-03-19 17:45:12,024 [INFO]  Epoch[4] Train-cross-entropy=0.008075
2024-03-19 17:45:12,025 [INFO]  Epoch[4] Train-sex-accuracy=0.000000
2024-03-19 17:45:12,025 [INFO]  Epoch[4] Time cost=1.883
2024-03-19 17:45:12,027 [INFO]  Saved checkpoint to "./imputer_model/3_adult/imputer_model_sex/model-0004.params"
2024-03-19 17:45:12,100 [INFO]  Epoch[4] Validation-cross-entropy=0.008237
2024-03-19 17:45:12,100 [INFO]  Epoch[4] Validation-sex-accuracy=0.000000
2024-03-19 17:45:12,100 [INFO]  
========== done (9.268579721450806 s) fit model
2024-03-19 17:47:19,960 [INFO]  
========== start: fit model
2024-03-19 17:47:19,960 [WARNING]  Already bound, ignoring bind()
2024-03-19 17:47:20,839 [INFO]  Epoch[0] Batch [0-733]	Speed: 13412.95 samples/sec	cross-entropy=0.411317	sex-accuracy=3.247956
2024-03-19 17:47:21,715 [INFO]  Epoch[0] Train-cross-entropy=0.083927
2024-03-19 17:47:21,715 [INFO]  Epoch[0] Train-sex-accuracy=3.150273
2024-03-19 17:47:21,715 [INFO]  Epoch[0] Time cost=1.754
2024-03-19 17:47:21,718 [INFO]  Saved checkpoint to "./imputer_model/3_adult/imputer_model_sex/model-0000.params"
2024-03-19 17:47:21,783 [INFO]  Epoch[0] Validation-cross-entropy=0.033116
2024-03-19 17:47:21,783 [INFO]  Epoch[0] Validation-sex-accuracy=0.000000
2024-03-19 17:47:22,706 [INFO]  Epoch[1] Batch [0-733]	Speed: 12725.00 samples/sec	cross-entropy=0.024348	sex-accuracy=3.247956
2024-03-19 17:47:23,580 [INFO]  Epoch[1] Train-cross-entropy=0.059882
2024-03-19 17:47:23,580 [INFO]  Epoch[1] Train-sex-accuracy=3.150273
2024-03-19 17:47:23,580 [INFO]  Epoch[1] Time cost=1.797
2024-03-19 17:47:23,582 [INFO]  Saved checkpoint to "./imputer_model/3_adult/imputer_model_sex/model-0001.params"
2024-03-19 17:47:23,629 [INFO]  Epoch[1] Validation-cross-entropy=0.017500
2024-03-19 17:47:23,629 [INFO]  Epoch[1] Validation-sex-accuracy=0.000000
2024-03-19 17:47:24,529 [INFO]  Epoch[2] Batch [0-733]	Speed: 13052.95 samples/sec	cross-entropy=0.020972	sex-accuracy=3.247956
2024-03-19 17:47:25,463 [INFO]  Epoch[2] Train-cross-entropy=0.015695
2024-03-19 17:47:25,463 [INFO]  Epoch[2] Train-sex-accuracy=3.150273
2024-03-19 17:47:25,463 [INFO]  Epoch[2] Time cost=1.834
2024-03-19 17:47:25,465 [INFO]  Saved checkpoint to "./imputer_model/3_adult/imputer_model_sex/model-0002.params"
2024-03-19 17:47:25,530 [INFO]  Epoch[2] Validation-cross-entropy=0.014141
2024-03-19 17:47:25,530 [INFO]  Epoch[2] Validation-sex-accuracy=0.000000
2024-03-19 17:47:27,140 [INFO]  Epoch[3] Batch [0-733]	Speed: 7293.04 samples/sec	cross-entropy=0.018776	sex-accuracy=3.247956
2024-03-19 17:47:28,136 [INFO]  Epoch[3] Train-cross-entropy=0.008621
2024-03-19 17:47:28,137 [INFO]  Epoch[3] Train-sex-accuracy=3.150273
2024-03-19 17:47:28,137 [INFO]  Epoch[3] Time cost=2.607
2024-03-19 17:47:28,139 [INFO]  Saved checkpoint to "./imputer_model/3_adult/imputer_model_sex/model-0003.params"
2024-03-19 17:47:28,213 [INFO]  Epoch[3] Validation-cross-entropy=0.005143
2024-03-19 17:47:28,213 [INFO]  Epoch[3] Validation-sex-accuracy=0.000000
2024-03-19 17:47:29,123 [INFO]  Epoch[4] Batch [0-733]	Speed: 12915.38 samples/sec	cross-entropy=0.008500	sex-accuracy=3.247956
2024-03-19 17:47:30,285 [INFO]  Epoch[4] Train-cross-entropy=0.014590
2024-03-19 17:47:30,285 [INFO]  Epoch[4] Train-sex-accuracy=3.150273
2024-03-19 17:47:30,285 [INFO]  Epoch[4] Time cost=2.072
2024-03-19 17:47:30,287 [INFO]  Saved checkpoint to "./imputer_model/3_adult/imputer_model_sex/model-0004.params"
2024-03-19 17:47:30,355 [INFO]  Epoch[4] Validation-cross-entropy=0.003926
2024-03-19 17:47:30,355 [INFO]  Epoch[4] Validation-sex-accuracy=0.000000
2024-03-19 17:47:30,355 [INFO]  
========== done (10.395411491394043 s) fit model
2024-03-19 17:49:32,624 [INFO]  
========== start: fit model
2024-03-19 17:49:32,624 [WARNING]  Already bound, ignoring bind()
2024-03-19 17:49:33,767 [INFO]  Epoch[0] Batch [0-733]	Speed: 10314.80 samples/sec	cross-entropy=0.332650	sex-accuracy=3.158038
2024-03-19 17:49:34,639 [INFO]  Epoch[0] Train-cross-entropy=0.095075
2024-03-19 17:49:34,640 [INFO]  Epoch[0] Train-sex-accuracy=3.193989
2024-03-19 17:49:34,640 [INFO]  Epoch[0] Time cost=2.014
2024-03-19 17:49:34,643 [INFO]  Saved checkpoint to "./imputer_model/3_adult/imputer_model_sex/model-0000.params"
2024-03-19 17:49:34,721 [INFO]  Epoch[0] Validation-cross-entropy=0.015337
2024-03-19 17:49:34,721 [INFO]  Epoch[0] Validation-sex-accuracy=0.000000
2024-03-19 17:49:35,621 [INFO]  Epoch[1] Batch [0-733]	Speed: 13044.32 samples/sec	cross-entropy=0.040105	sex-accuracy=3.158038
2024-03-19 17:49:36,489 [INFO]  Epoch[1] Train-cross-entropy=0.032558
2024-03-19 17:49:36,489 [INFO]  Epoch[1] Train-sex-accuracy=3.193989
2024-03-19 17:49:36,489 [INFO]  Epoch[1] Time cost=1.768
2024-03-19 17:49:36,491 [INFO]  Saved checkpoint to "./imputer_model/3_adult/imputer_model_sex/model-0001.params"
2024-03-19 17:49:36,577 [INFO]  Epoch[1] Validation-cross-entropy=0.030636
2024-03-19 17:49:36,577 [INFO]  Epoch[1] Validation-sex-accuracy=0.000000
2024-03-19 17:49:37,453 [INFO]  Epoch[2] Batch [0-733]	Speed: 13420.07 samples/sec	cross-entropy=0.009360	sex-accuracy=3.158038
2024-03-19 17:49:38,487 [INFO]  Epoch[2] Train-cross-entropy=0.049165
2024-03-19 17:49:38,488 [INFO]  Epoch[2] Train-sex-accuracy=3.193989
2024-03-19 17:49:38,488 [INFO]  Epoch[2] Time cost=1.910
2024-03-19 17:49:38,489 [INFO]  Saved checkpoint to "./imputer_model/3_adult/imputer_model_sex/model-0002.params"
2024-03-19 17:49:38,562 [INFO]  Epoch[2] Validation-cross-entropy=0.002039
2024-03-19 17:49:38,562 [INFO]  Epoch[2] Validation-sex-accuracy=0.000000
2024-03-19 17:49:39,508 [INFO]  Epoch[3] Batch [0-733]	Speed: 12417.53 samples/sec	cross-entropy=0.006763	sex-accuracy=3.158038
2024-03-19 17:49:40,687 [INFO]  Epoch[3] Train-cross-entropy=0.016338
2024-03-19 17:49:40,687 [INFO]  Epoch[3] Train-sex-accuracy=3.193989
2024-03-19 17:49:40,687 [INFO]  Epoch[3] Time cost=2.125
2024-03-19 17:49:40,689 [INFO]  Saved checkpoint to "./imputer_model/3_adult/imputer_model_sex/model-0003.params"
2024-03-19 17:49:40,767 [INFO]  Epoch[3] Validation-cross-entropy=0.001697
2024-03-19 17:49:40,767 [INFO]  Epoch[3] Validation-sex-accuracy=0.000000
2024-03-19 17:49:41,661 [INFO]  Epoch[4] Batch [0-733]	Speed: 13137.64 samples/sec	cross-entropy=0.005458	sex-accuracy=3.158038
2024-03-19 17:49:42,615 [INFO]  Epoch[4] Train-cross-entropy=0.011193
2024-03-19 17:49:42,615 [INFO]  Epoch[4] Train-sex-accuracy=3.193989
2024-03-19 17:49:42,615 [INFO]  Epoch[4] Time cost=1.848
2024-03-19 17:49:42,618 [INFO]  Saved checkpoint to "./imputer_model/3_adult/imputer_model_sex/model-0004.params"
2024-03-19 17:49:42,691 [INFO]  Epoch[4] Validation-cross-entropy=0.001568
2024-03-19 17:49:42,691 [INFO]  Epoch[4] Validation-sex-accuracy=0.000000
2024-03-19 17:49:42,691 [INFO]  
========== done (10.067030191421509 s) fit model
2024-03-19 17:52:45,057 [INFO]  
========== start: fit model
2024-03-19 17:52:45,058 [WARNING]  Already bound, ignoring bind()
2024-03-19 17:52:45,872 [INFO]  Epoch[0] Batch [0-733]	Speed: 14469.01 samples/sec	cross-entropy=0.367605	sex-accuracy=3.211172
2024-03-19 17:52:46,665 [INFO]  Epoch[0] Train-cross-entropy=0.111342
2024-03-19 17:52:46,665 [INFO]  Epoch[0] Train-sex-accuracy=3.217213
2024-03-19 17:52:46,665 [INFO]  Epoch[0] Time cost=1.607
2024-03-19 17:52:46,668 [INFO]  Saved checkpoint to "./imputer_model/3_adult/imputer_model_sex/model-0000.params"
2024-03-19 17:52:46,839 [INFO]  Epoch[0] Validation-cross-entropy=0.024791
2024-03-19 17:52:46,839 [INFO]  Epoch[0] Validation-sex-accuracy=0.000000
2024-03-19 17:52:47,696 [INFO]  Epoch[1] Batch [0-733]	Speed: 13712.20 samples/sec	cross-entropy=0.022032	sex-accuracy=3.211172
2024-03-19 17:52:48,640 [INFO]  Epoch[1] Train-cross-entropy=0.017238
2024-03-19 17:52:48,640 [INFO]  Epoch[1] Train-sex-accuracy=3.217213
2024-03-19 17:52:48,640 [INFO]  Epoch[1] Time cost=1.801
2024-03-19 17:52:48,643 [INFO]  Saved checkpoint to "./imputer_model/3_adult/imputer_model_sex/model-0001.params"
2024-03-19 17:52:48,717 [INFO]  Epoch[1] Validation-cross-entropy=0.026078
2024-03-19 17:52:48,717 [INFO]  Epoch[1] Validation-sex-accuracy=0.000000
2024-03-19 17:52:49,566 [INFO]  Epoch[2] Batch [0-733]	Speed: 13832.73 samples/sec	cross-entropy=0.030158	sex-accuracy=3.211172
2024-03-19 17:52:50,582 [INFO]  Epoch[2] Train-cross-entropy=0.012032
2024-03-19 17:52:50,582 [INFO]  Epoch[2] Train-sex-accuracy=3.217213
2024-03-19 17:52:50,582 [INFO]  Epoch[2] Time cost=1.865
2024-03-19 17:52:50,584 [INFO]  Saved checkpoint to "./imputer_model/3_adult/imputer_model_sex/model-0002.params"
2024-03-19 17:52:50,648 [INFO]  Epoch[2] Validation-cross-entropy=0.024683
2024-03-19 17:52:50,649 [INFO]  Epoch[2] Validation-sex-accuracy=0.000000
2024-03-19 17:52:51,500 [INFO]  Epoch[3] Batch [0-733]	Speed: 13793.31 samples/sec	cross-entropy=0.031927	sex-accuracy=3.211172
2024-03-19 17:52:52,382 [INFO]  Epoch[3] Train-cross-entropy=0.006673
2024-03-19 17:52:52,383 [INFO]  Epoch[3] Train-sex-accuracy=3.217213
2024-03-19 17:52:52,383 [INFO]  Epoch[3] Time cost=1.734
2024-03-19 17:52:52,385 [INFO]  Saved checkpoint to "./imputer_model/3_adult/imputer_model_sex/model-0003.params"
2024-03-19 17:52:52,431 [INFO]  Epoch[3] Validation-cross-entropy=0.004837
2024-03-19 17:52:52,431 [INFO]  Epoch[3] Validation-sex-accuracy=0.000000
2024-03-19 17:52:53,246 [INFO]  Epoch[4] Batch [0-733]	Speed: 14406.62 samples/sec	cross-entropy=0.018366	sex-accuracy=3.211172
2024-03-19 17:52:54,024 [INFO]  Epoch[4] Train-cross-entropy=0.005817
2024-03-19 17:52:54,024 [INFO]  Epoch[4] Train-sex-accuracy=3.217213
2024-03-19 17:52:54,024 [INFO]  Epoch[4] Time cost=1.593
2024-03-19 17:52:54,026 [INFO]  Saved checkpoint to "./imputer_model/3_adult/imputer_model_sex/model-0004.params"
2024-03-19 17:52:54,092 [INFO]  Epoch[4] Validation-cross-entropy=0.012966
2024-03-19 17:52:54,092 [INFO]  Epoch[4] Validation-sex-accuracy=0.000000
2024-03-19 17:52:54,092 [INFO]  
========== done (9.035094738006592 s) fit model
2024-03-19 17:54:56,462 [INFO]  
========== start: fit model
2024-03-19 17:54:56,462 [WARNING]  Already bound, ignoring bind()
2024-03-19 17:54:57,458 [INFO]  Epoch[0] Batch [0-733]	Speed: 13796.57 samples/sec	cross-entropy=0.328898	sex-accuracy=0.000000
2024-03-19 17:54:58,304 [INFO]  Epoch[0] Train-cross-entropy=0.031959
2024-03-19 17:54:58,304 [INFO]  Epoch[0] Train-sex-accuracy=0.000000
2024-03-19 17:54:58,304 [INFO]  Epoch[0] Time cost=1.841
2024-03-19 17:54:58,306 [INFO]  Saved checkpoint to "./imputer_model/3_adult/imputer_model_sex/model-0000.params"
2024-03-19 17:54:58,372 [INFO]  Epoch[0] Validation-cross-entropy=0.010175
2024-03-19 17:54:58,372 [INFO]  Epoch[0] Validation-sex-accuracy=0.000000
2024-03-19 17:54:59,244 [INFO]  Epoch[1] Batch [0-733]	Speed: 13472.41 samples/sec	cross-entropy=0.021906	sex-accuracy=0.000000
2024-03-19 17:55:00,114 [INFO]  Epoch[1] Train-cross-entropy=0.015359
2024-03-19 17:55:00,115 [INFO]  Epoch[1] Train-sex-accuracy=0.000000
2024-03-19 17:55:00,115 [INFO]  Epoch[1] Time cost=1.742
2024-03-19 17:55:00,116 [INFO]  Saved checkpoint to "./imputer_model/3_adult/imputer_model_sex/model-0001.params"
2024-03-19 17:55:00,182 [INFO]  Epoch[1] Validation-cross-entropy=0.029699
2024-03-19 17:55:00,182 [INFO]  Epoch[1] Validation-sex-accuracy=0.000000
2024-03-19 17:55:01,005 [INFO]  Epoch[2] Batch [0-733]	Speed: 14270.69 samples/sec	cross-entropy=0.011336	sex-accuracy=0.000000
2024-03-19 17:55:01,794 [INFO]  Epoch[2] Train-cross-entropy=0.011530
2024-03-19 17:55:01,795 [INFO]  Epoch[2] Train-sex-accuracy=0.000000
2024-03-19 17:55:01,795 [INFO]  Epoch[2] Time cost=1.613
2024-03-19 17:55:01,796 [INFO]  Saved checkpoint to "./imputer_model/3_adult/imputer_model_sex/model-0002.params"
2024-03-19 17:55:01,877 [INFO]  Epoch[2] Validation-cross-entropy=0.006403
2024-03-19 17:55:01,877 [INFO]  Epoch[2] Validation-sex-accuracy=0.000000
2024-03-19 17:55:02,841 [INFO]  Epoch[3] Batch [0-733]	Speed: 12184.70 samples/sec	cross-entropy=0.008081	sex-accuracy=0.000000
2024-03-19 17:55:03,925 [INFO]  Epoch[3] Train-cross-entropy=0.010250
2024-03-19 17:55:03,926 [INFO]  Epoch[3] Train-sex-accuracy=0.000000
2024-03-19 17:55:03,926 [INFO]  Epoch[3] Time cost=2.049
2024-03-19 17:55:03,929 [INFO]  Saved checkpoint to "./imputer_model/3_adult/imputer_model_sex/model-0003.params"
2024-03-19 17:55:04,032 [INFO]  Epoch[3] Validation-cross-entropy=0.002370
2024-03-19 17:55:04,033 [INFO]  Epoch[3] Validation-sex-accuracy=0.000000
2024-03-19 17:55:05,064 [INFO]  Epoch[4] Batch [0-733]	Speed: 11393.64 samples/sec	cross-entropy=0.004881	sex-accuracy=0.000000
2024-03-19 17:55:05,893 [INFO]  Epoch[4] Train-cross-entropy=0.005504
2024-03-19 17:55:05,893 [INFO]  Epoch[4] Train-sex-accuracy=0.000000
2024-03-19 17:55:05,893 [INFO]  Epoch[4] Time cost=1.860
2024-03-19 17:55:05,896 [INFO]  Saved checkpoint to "./imputer_model/3_adult/imputer_model_sex/model-0004.params"
2024-03-19 17:55:05,959 [INFO]  Epoch[4] Validation-cross-entropy=0.064420
2024-03-19 17:55:05,959 [INFO]  Epoch[4] Validation-sex-accuracy=0.000000
2024-03-19 17:55:05,959 [INFO]  
========== done (9.496880769729614 s) fit model
2024-03-19 17:57:39,340 [INFO]  
========== start: fit model
2024-03-19 17:57:39,340 [WARNING]  Already bound, ignoring bind()
2024-03-19 17:57:40,375 [INFO]  Epoch[0] Batch [0-733]	Speed: 11728.43 samples/sec	cross-entropy=0.459411	sex-accuracy=0.000000
2024-03-19 17:57:41,211 [INFO]  Epoch[0] Train-cross-entropy=0.046093
2024-03-19 17:57:41,211 [INFO]  Epoch[0] Train-sex-accuracy=0.000000
2024-03-19 17:57:41,211 [INFO]  Epoch[0] Time cost=1.870
2024-03-19 17:57:41,213 [INFO]  Saved checkpoint to "./imputer_model/3_adult/imputer_model_sex/model-0000.params"
2024-03-19 17:57:41,296 [INFO]  Epoch[0] Validation-cross-entropy=0.015050
2024-03-19 17:57:41,296 [INFO]  Epoch[0] Validation-sex-accuracy=0.000000
2024-03-19 17:57:42,147 [INFO]  Epoch[1] Batch [0-733]	Speed: 13805.52 samples/sec	cross-entropy=0.129756	sex-accuracy=0.000000
2024-03-19 17:57:43,257 [INFO]  Epoch[1] Train-cross-entropy=0.009515
2024-03-19 17:57:43,257 [INFO]  Epoch[1] Train-sex-accuracy=0.000000
2024-03-19 17:57:43,257 [INFO]  Epoch[1] Time cost=1.961
2024-03-19 17:57:43,259 [INFO]  Saved checkpoint to "./imputer_model/3_adult/imputer_model_sex/model-0001.params"
2024-03-19 17:57:43,348 [INFO]  Epoch[1] Validation-cross-entropy=0.013451
2024-03-19 17:57:43,348 [INFO]  Epoch[1] Validation-sex-accuracy=0.000000
2024-03-19 17:57:44,306 [INFO]  Epoch[2] Batch [0-733]	Speed: 12257.46 samples/sec	cross-entropy=0.038191	sex-accuracy=0.000000
2024-03-19 17:57:45,073 [INFO]  Epoch[2] Train-cross-entropy=0.011264
2024-03-19 17:57:45,073 [INFO]  Epoch[2] Train-sex-accuracy=0.000000
2024-03-19 17:57:45,073 [INFO]  Epoch[2] Time cost=1.725
2024-03-19 17:57:45,075 [INFO]  Saved checkpoint to "./imputer_model/3_adult/imputer_model_sex/model-0002.params"
2024-03-19 17:57:45,118 [INFO]  Epoch[2] Validation-cross-entropy=0.019009
2024-03-19 17:57:45,118 [INFO]  Epoch[2] Validation-sex-accuracy=0.000000
2024-03-19 17:57:45,828 [INFO]  Epoch[3] Batch [0-733]	Speed: 16528.12 samples/sec	cross-entropy=0.029463	sex-accuracy=0.000000
2024-03-19 17:57:46,748 [INFO]  Epoch[3] Train-cross-entropy=0.003030
2024-03-19 17:57:46,748 [INFO]  Epoch[3] Train-sex-accuracy=0.000000
2024-03-19 17:57:46,748 [INFO]  Epoch[3] Time cost=1.630
2024-03-19 17:57:46,749 [INFO]  Saved checkpoint to "./imputer_model/3_adult/imputer_model_sex/model-0003.params"
2024-03-19 17:57:46,827 [INFO]  Epoch[3] Validation-cross-entropy=0.003012
2024-03-19 17:57:46,827 [INFO]  Epoch[3] Validation-sex-accuracy=0.000000
2024-03-19 17:57:47,950 [INFO]  Epoch[4] Batch [0-733]	Speed: 10452.52 samples/sec	cross-entropy=0.021450	sex-accuracy=0.000000
2024-03-19 17:57:48,920 [INFO]  Epoch[4] Train-cross-entropy=0.006886
2024-03-19 17:57:48,920 [INFO]  Epoch[4] Train-sex-accuracy=0.000000
2024-03-19 17:57:48,920 [INFO]  Epoch[4] Time cost=2.093
2024-03-19 17:57:48,921 [INFO]  Saved checkpoint to "./imputer_model/3_adult/imputer_model_sex/model-0004.params"
2024-03-19 17:57:48,994 [INFO]  Epoch[4] Validation-cross-entropy=0.002102
2024-03-19 17:57:48,994 [INFO]  Epoch[4] Validation-sex-accuracy=0.000000
2024-03-19 17:57:48,994 [INFO]  
========== done (9.654265642166138 s) fit model
2024-03-19 17:59:48,152 [INFO]  
========== start: fit model
2024-03-19 17:59:48,153 [WARNING]  Already bound, ignoring bind()
2024-03-19 17:59:49,034 [INFO]  Epoch[0] Batch [0-733]	Speed: 13426.97 samples/sec	cross-entropy=0.340253	sex-accuracy=3.183924
2024-03-19 17:59:50,165 [INFO]  Epoch[0] Train-cross-entropy=0.028298
2024-03-19 17:59:50,165 [INFO]  Epoch[0] Train-sex-accuracy=3.207650
2024-03-19 17:59:50,165 [INFO]  Epoch[0] Time cost=2.011
2024-03-19 17:59:50,167 [INFO]  Saved checkpoint to "./imputer_model/3_adult/imputer_model_sex/model-0000.params"
2024-03-19 17:59:50,232 [INFO]  Epoch[0] Validation-cross-entropy=0.025834
2024-03-19 17:59:50,232 [INFO]  Epoch[0] Validation-sex-accuracy=0.000000
2024-03-19 17:59:51,048 [INFO]  Epoch[1] Batch [0-733]	Speed: 14390.63 samples/sec	cross-entropy=0.016963	sex-accuracy=3.183924
2024-03-19 17:59:51,988 [INFO]  Epoch[1] Train-cross-entropy=0.034840
2024-03-19 17:59:51,988 [INFO]  Epoch[1] Train-sex-accuracy=3.207650
2024-03-19 17:59:51,988 [INFO]  Epoch[1] Time cost=1.756
2024-03-19 17:59:51,990 [INFO]  Saved checkpoint to "./imputer_model/3_adult/imputer_model_sex/model-0001.params"
2024-03-19 17:59:52,064 [INFO]  Epoch[1] Validation-cross-entropy=0.008051
2024-03-19 17:59:52,064 [INFO]  Epoch[1] Validation-sex-accuracy=0.000000
2024-03-19 17:59:52,947 [INFO]  Epoch[2] Batch [0-733]	Speed: 13315.06 samples/sec	cross-entropy=0.009537	sex-accuracy=3.183924
2024-03-19 17:59:53,795 [INFO]  Epoch[2] Train-cross-entropy=0.017615
2024-03-19 17:59:53,795 [INFO]  Epoch[2] Train-sex-accuracy=3.207650
2024-03-19 17:59:53,795 [INFO]  Epoch[2] Time cost=1.731
2024-03-19 17:59:53,797 [INFO]  Saved checkpoint to "./imputer_model/3_adult/imputer_model_sex/model-0002.params"
2024-03-19 17:59:53,868 [INFO]  Epoch[2] Validation-cross-entropy=0.004895
2024-03-19 17:59:53,869 [INFO]  Epoch[2] Validation-sex-accuracy=0.000000
2024-03-19 17:59:54,744 [INFO]  Epoch[3] Batch [0-733]	Speed: 13431.63 samples/sec	cross-entropy=0.006822	sex-accuracy=3.183924
2024-03-19 17:59:55,678 [INFO]  Epoch[3] Train-cross-entropy=0.014245
2024-03-19 17:59:55,678 [INFO]  Epoch[3] Train-sex-accuracy=3.207650
2024-03-19 17:59:55,678 [INFO]  Epoch[3] Time cost=1.809
2024-03-19 17:59:55,680 [INFO]  Saved checkpoint to "./imputer_model/3_adult/imputer_model_sex/model-0003.params"
2024-03-19 17:59:55,751 [INFO]  Epoch[3] Validation-cross-entropy=0.006946
2024-03-19 17:59:55,752 [INFO]  Epoch[3] Validation-sex-accuracy=0.000000
2024-03-19 17:59:56,609 [INFO]  Epoch[4] Batch [0-733]	Speed: 13692.80 samples/sec	cross-entropy=0.003301	sex-accuracy=3.183924
2024-03-19 17:59:57,500 [INFO]  Epoch[4] Train-cross-entropy=0.010450
2024-03-19 17:59:57,500 [INFO]  Epoch[4] Train-sex-accuracy=3.207650
2024-03-19 17:59:57,500 [INFO]  Epoch[4] Time cost=1.749
2024-03-19 17:59:57,502 [INFO]  Saved checkpoint to "./imputer_model/3_adult/imputer_model_sex/model-0004.params"
2024-03-19 17:59:57,594 [INFO]  Epoch[4] Validation-cross-entropy=0.002143
2024-03-19 17:59:57,595 [INFO]  Epoch[4] Validation-sex-accuracy=0.000000
2024-03-19 17:59:57,595 [INFO]  
========== done (9.442817449569702 s) fit model
2024-03-19 18:03:46,451 [INFO]  
========== start: fit model
2024-03-19 18:03:46,451 [WARNING]  Already bound, ignoring bind()
2024-03-19 18:03:47,457 [INFO]  Epoch[0] Batch [0-733]	Speed: 11769.17 samples/sec	cross-entropy=0.493833	sex-accuracy=3.193460
2024-03-19 18:03:48,411 [INFO]  Epoch[0] Train-cross-entropy=0.056405
2024-03-19 18:03:48,411 [INFO]  Epoch[0] Train-sex-accuracy=3.202186
2024-03-19 18:03:48,411 [INFO]  Epoch[0] Time cost=1.959
2024-03-19 18:03:48,413 [INFO]  Saved checkpoint to "./imputer_model/3_adult/imputer_model_sex/model-0000.params"
2024-03-19 18:03:48,464 [INFO]  Epoch[0] Validation-cross-entropy=0.025850
2024-03-19 18:03:48,464 [INFO]  Epoch[0] Validation-sex-accuracy=0.000000
2024-03-19 18:03:49,105 [INFO]  Epoch[1] Batch [0-733]	Speed: 18310.99 samples/sec	cross-entropy=0.032605	sex-accuracy=3.193460
2024-03-19 18:03:49,924 [INFO]  Epoch[1] Train-cross-entropy=0.042711
2024-03-19 18:03:49,924 [INFO]  Epoch[1] Train-sex-accuracy=3.202186
2024-03-19 18:03:49,925 [INFO]  Epoch[1] Time cost=1.460
2024-03-19 18:03:49,926 [INFO]  Saved checkpoint to "./imputer_model/3_adult/imputer_model_sex/model-0001.params"
2024-03-19 18:03:50,004 [INFO]  Epoch[1] Validation-cross-entropy=0.014726
2024-03-19 18:03:50,004 [INFO]  Epoch[1] Validation-sex-accuracy=0.000000
2024-03-19 18:03:50,847 [INFO]  Epoch[2] Batch [0-733]	Speed: 13940.70 samples/sec	cross-entropy=0.025672	sex-accuracy=3.193460
2024-03-19 18:03:51,858 [INFO]  Epoch[2] Train-cross-entropy=0.010537
2024-03-19 18:03:51,858 [INFO]  Epoch[2] Train-sex-accuracy=3.202186
2024-03-19 18:03:51,859 [INFO]  Epoch[2] Time cost=1.854
2024-03-19 18:03:51,861 [INFO]  Saved checkpoint to "./imputer_model/3_adult/imputer_model_sex/model-0002.params"
2024-03-19 18:03:51,925 [INFO]  Epoch[2] Validation-cross-entropy=0.016174
2024-03-19 18:03:51,925 [INFO]  Epoch[2] Validation-sex-accuracy=0.000000
2024-03-19 18:03:52,967 [INFO]  Epoch[3] Batch [0-733]	Speed: 11265.57 samples/sec	cross-entropy=0.009339	sex-accuracy=3.193460
2024-03-19 18:03:53,847 [INFO]  Epoch[3] Train-cross-entropy=0.019569
2024-03-19 18:03:53,847 [INFO]  Epoch[3] Train-sex-accuracy=3.202186
2024-03-19 18:03:53,847 [INFO]  Epoch[3] Time cost=1.922
2024-03-19 18:03:53,849 [INFO]  Saved checkpoint to "./imputer_model/3_adult/imputer_model_sex/model-0003.params"
2024-03-19 18:03:53,913 [INFO]  Epoch[3] Validation-cross-entropy=0.008233
2024-03-19 18:03:53,914 [INFO]  Epoch[3] Validation-sex-accuracy=0.000000
2024-03-19 18:03:54,977 [INFO]  Epoch[4] Batch [0-733]	Speed: 11037.34 samples/sec	cross-entropy=0.004974	sex-accuracy=3.193460
2024-03-19 18:03:56,005 [INFO]  Epoch[4] Train-cross-entropy=0.007907
2024-03-19 18:03:56,005 [INFO]  Epoch[4] Train-sex-accuracy=3.202186
2024-03-19 18:03:56,005 [INFO]  Epoch[4] Time cost=2.092
2024-03-19 18:03:56,009 [INFO]  Saved checkpoint to "./imputer_model/3_adult/imputer_model_sex/model-0004.params"
2024-03-19 18:03:56,096 [INFO]  Epoch[4] Validation-cross-entropy=0.007474
2024-03-19 18:03:56,096 [INFO]  Epoch[4] Validation-sex-accuracy=0.000000
2024-03-19 18:03:56,097 [INFO]  
========== done (9.645298480987549 s) fit model
2024-03-19 18:04:37,817 [INFO]  
========== start: fit model
2024-03-19 18:04:37,817 [WARNING]  Already bound, ignoring bind()
2024-03-19 18:04:38,881 [INFO]  Epoch[0] Batch [0-733]	Speed: 11055.69 samples/sec	cross-entropy=0.065382	sex-accuracy=3.194823
2024-03-19 18:04:39,815 [INFO]  Epoch[0] Train-cross-entropy=0.005151
2024-03-19 18:04:39,815 [INFO]  Epoch[0] Train-sex-accuracy=3.233607
2024-03-19 18:04:39,815 [INFO]  Epoch[0] Time cost=1.997
2024-03-19 18:04:39,817 [INFO]  Saved checkpoint to "./imputer_model/3_adult/imputer_model_sex/model-0000.params"
2024-03-19 18:04:39,889 [INFO]  Epoch[0] Validation-cross-entropy=0.010658
2024-03-19 18:04:39,889 [INFO]  Epoch[0] Validation-sex-accuracy=0.000000
2024-03-19 18:04:40,777 [INFO]  Epoch[1] Batch [0-733]	Speed: 13228.42 samples/sec	cross-entropy=0.007766	sex-accuracy=3.194823
2024-03-19 18:04:41,612 [INFO]  Epoch[1] Train-cross-entropy=0.006095
2024-03-19 18:04:41,612 [INFO]  Epoch[1] Train-sex-accuracy=3.233607
2024-03-19 18:04:41,613 [INFO]  Epoch[1] Time cost=1.724
2024-03-19 18:04:41,615 [INFO]  Saved checkpoint to "./imputer_model/3_adult/imputer_model_sex/model-0001.params"
2024-03-19 18:04:41,690 [INFO]  Epoch[1] Validation-cross-entropy=0.041981
2024-03-19 18:04:41,690 [INFO]  Epoch[1] Validation-sex-accuracy=0.000000
2024-03-19 18:04:42,429 [INFO]  Epoch[2] Batch [0-733]	Speed: 15902.72 samples/sec	cross-entropy=0.007776	sex-accuracy=3.194823
2024-03-19 18:04:43,364 [INFO]  Epoch[2] Train-cross-entropy=0.005569
2024-03-19 18:04:43,364 [INFO]  Epoch[2] Train-sex-accuracy=3.233607
2024-03-19 18:04:43,364 [INFO]  Epoch[2] Time cost=1.674
2024-03-19 18:04:43,366 [INFO]  Saved checkpoint to "./imputer_model/3_adult/imputer_model_sex/model-0002.params"
2024-03-19 18:04:43,431 [INFO]  Epoch[2] Validation-cross-entropy=0.004749
2024-03-19 18:04:43,431 [INFO]  Epoch[2] Validation-sex-accuracy=0.000000
2024-03-19 18:04:44,176 [INFO]  Epoch[3] Batch [0-733]	Speed: 15770.28 samples/sec	cross-entropy=0.004805	sex-accuracy=3.194823
2024-03-19 18:04:45,040 [INFO]  Epoch[3] Train-cross-entropy=0.003268
2024-03-19 18:04:45,040 [INFO]  Epoch[3] Train-sex-accuracy=3.233607
2024-03-19 18:04:45,040 [INFO]  Epoch[3] Time cost=1.609
2024-03-19 18:04:45,042 [INFO]  Saved checkpoint to "./imputer_model/3_adult/imputer_model_sex/model-0003.params"
2024-03-19 18:04:45,092 [INFO]  Epoch[3] Validation-cross-entropy=0.021650
2024-03-19 18:04:45,092 [INFO]  Epoch[3] Validation-sex-accuracy=0.000000
2024-03-19 18:04:46,065 [INFO]  Epoch[4] Batch [0-733]	Speed: 12066.22 samples/sec	cross-entropy=0.006575	sex-accuracy=3.194823
2024-03-19 18:04:46,884 [INFO]  Epoch[4] Train-cross-entropy=0.003554
2024-03-19 18:04:46,884 [INFO]  Epoch[4] Train-sex-accuracy=3.233607
2024-03-19 18:04:46,884 [INFO]  Epoch[4] Time cost=1.792
2024-03-19 18:04:46,887 [INFO]  Saved checkpoint to "./imputer_model/3_adult/imputer_model_sex/model-0004.params"
2024-03-19 18:04:46,974 [INFO]  Epoch[4] Validation-cross-entropy=0.002056
2024-03-19 18:04:46,974 [INFO]  Epoch[4] Validation-sex-accuracy=0.000000
2024-03-19 18:04:46,974 [INFO]  
========== done (9.15721869468689 s) fit model
2024-03-19 18:07:08,169 [INFO]  
========== start: fit model
2024-03-19 18:07:08,169 [WARNING]  Already bound, ignoring bind()
2024-03-19 18:07:09,046 [INFO]  Epoch[0] Batch [0-733]	Speed: 13417.52 samples/sec	cross-entropy=0.064527	sex-accuracy=3.268392
2024-03-19 18:07:09,973 [INFO]  Epoch[0] Train-cross-entropy=0.001684
2024-03-19 18:07:09,973 [INFO]  Epoch[0] Train-sex-accuracy=3.109290
2024-03-19 18:07:09,974 [INFO]  Epoch[0] Time cost=1.804
2024-03-19 18:07:09,976 [INFO]  Saved checkpoint to "./imputer_model/3_adult/imputer_model_sex/model-0000.params"
2024-03-19 18:07:10,042 [INFO]  Epoch[0] Validation-cross-entropy=0.001933
2024-03-19 18:07:10,042 [INFO]  Epoch[0] Validation-sex-accuracy=0.000000
2024-03-19 18:07:10,930 [INFO]  Epoch[1] Batch [0-733]	Speed: 13234.04 samples/sec	cross-entropy=0.006762	sex-accuracy=3.268392
2024-03-19 18:07:11,759 [INFO]  Epoch[1] Train-cross-entropy=0.009246
2024-03-19 18:07:11,759 [INFO]  Epoch[1] Train-sex-accuracy=3.109290
2024-03-19 18:07:11,759 [INFO]  Epoch[1] Time cost=1.716
2024-03-19 18:07:11,761 [INFO]  Saved checkpoint to "./imputer_model/3_adult/imputer_model_sex/model-0001.params"
2024-03-19 18:07:11,835 [INFO]  Epoch[1] Validation-cross-entropy=0.000279
2024-03-19 18:07:11,835 [INFO]  Epoch[1] Validation-sex-accuracy=0.000000
2024-03-19 18:07:12,721 [INFO]  Epoch[2] Batch [0-733]	Speed: 13271.55 samples/sec	cross-entropy=0.007614	sex-accuracy=3.268392
2024-03-19 18:07:13,734 [INFO]  Epoch[2] Train-cross-entropy=0.015606
2024-03-19 18:07:13,734 [INFO]  Epoch[2] Train-sex-accuracy=3.109290
2024-03-19 18:07:13,734 [INFO]  Epoch[2] Time cost=1.899
2024-03-19 18:07:13,737 [INFO]  Saved checkpoint to "./imputer_model/3_adult/imputer_model_sex/model-0002.params"
2024-03-19 18:07:13,841 [INFO]  Epoch[2] Validation-cross-entropy=0.000159
2024-03-19 18:07:13,841 [INFO]  Epoch[2] Validation-sex-accuracy=0.000000
2024-03-19 18:07:14,688 [INFO]  Epoch[3] Batch [0-733]	Speed: 13873.31 samples/sec	cross-entropy=0.000340	sex-accuracy=3.268392
2024-03-19 18:07:15,517 [INFO]  Epoch[3] Train-cross-entropy=0.001634
2024-03-19 18:07:15,517 [INFO]  Epoch[3] Train-sex-accuracy=3.109290
2024-03-19 18:07:15,518 [INFO]  Epoch[3] Time cost=1.677
2024-03-19 18:07:15,520 [INFO]  Saved checkpoint to "./imputer_model/3_adult/imputer_model_sex/model-0003.params"
2024-03-19 18:07:15,585 [INFO]  Epoch[3] Validation-cross-entropy=0.004729
2024-03-19 18:07:15,585 [INFO]  Epoch[3] Validation-sex-accuracy=0.000000
2024-03-19 18:07:16,492 [INFO]  Epoch[4] Batch [0-733]	Speed: 12952.61 samples/sec	cross-entropy=0.004501	sex-accuracy=3.268392
2024-03-19 18:07:17,445 [INFO]  Epoch[4] Train-cross-entropy=0.001041
2024-03-19 18:07:17,445 [INFO]  Epoch[4] Train-sex-accuracy=3.109290
2024-03-19 18:07:17,445 [INFO]  Epoch[4] Time cost=1.860
2024-03-19 18:07:17,447 [INFO]  Saved checkpoint to "./imputer_model/3_adult/imputer_model_sex/model-0004.params"
2024-03-19 18:07:17,512 [INFO]  Epoch[4] Validation-cross-entropy=0.002122
2024-03-19 18:07:17,512 [INFO]  Epoch[4] Validation-sex-accuracy=0.000000
2024-03-19 18:07:17,512 [INFO]  
========== done (9.342972993850708 s) fit model
