2024-04-07 23:48:44,315 [INFO]  
========== start: fit model
2024-04-07 23:48:44,315 [WARNING]  Already bound, ignoring bind()
2024-04-07 23:48:44,345 [INFO]  Epoch[0] Batch [0-34]	Speed: 20601.71 samples/sec	cross-entropy=2.236235	gvh-accuracy=0.000000
2024-04-07 23:48:44,368 [INFO]  Epoch[0] Train-cross-entropy=0.075291
2024-04-07 23:48:44,369 [INFO]  Epoch[0] Train-gvh-accuracy=0.000000
2024-04-07 23:48:44,369 [INFO]  Epoch[0] Time cost=0.052
2024-04-07 23:48:44,370 [INFO]  Saved checkpoint to "./imputer_model/21_yeast/imputer_model_gvh/model-0000.params"
2024-04-07 23:48:44,373 [INFO]  Epoch[0] Validation-cross-entropy=0.024309
2024-04-07 23:48:44,373 [INFO]  Epoch[0] Validation-gvh-accuracy=0.000000
2024-04-07 23:48:44,399 [INFO]  Epoch[1] Batch [0-34]	Speed: 21805.67 samples/sec	cross-entropy=0.012091	gvh-accuracy=0.000000
2024-04-07 23:48:44,423 [INFO]  Epoch[1] Train-cross-entropy=0.007763
2024-04-07 23:48:44,423 [INFO]  Epoch[1] Train-gvh-accuracy=0.000000
2024-04-07 23:48:44,423 [INFO]  Epoch[1] Time cost=0.050
2024-04-07 23:48:44,424 [INFO]  Saved checkpoint to "./imputer_model/21_yeast/imputer_model_gvh/model-0001.params"
2024-04-07 23:48:44,427 [INFO]  Epoch[1] Validation-cross-entropy=0.010073
2024-04-07 23:48:44,427 [INFO]  Epoch[1] Validation-gvh-accuracy=0.000000
2024-04-07 23:48:44,453 [INFO]  Epoch[2] Batch [0-34]	Speed: 22079.77 samples/sec	cross-entropy=0.007267	gvh-accuracy=0.000000
2024-04-07 23:48:44,476 [INFO]  Epoch[2] Train-cross-entropy=0.004998
2024-04-07 23:48:44,476 [INFO]  Epoch[2] Train-gvh-accuracy=0.000000
2024-04-07 23:48:44,476 [INFO]  Epoch[2] Time cost=0.049
2024-04-07 23:48:44,478 [INFO]  Saved checkpoint to "./imputer_model/21_yeast/imputer_model_gvh/model-0002.params"
2024-04-07 23:48:44,481 [INFO]  Epoch[2] Validation-cross-entropy=0.005752
2024-04-07 23:48:44,481 [INFO]  Epoch[2] Validation-gvh-accuracy=0.000000
2024-04-07 23:48:44,507 [INFO]  Epoch[3] Batch [0-34]	Speed: 21666.73 samples/sec	cross-entropy=0.004885	gvh-accuracy=0.000000
2024-04-07 23:48:44,531 [INFO]  Epoch[3] Train-cross-entropy=0.003047
2024-04-07 23:48:44,531 [INFO]  Epoch[3] Train-gvh-accuracy=0.000000
2024-04-07 23:48:44,531 [INFO]  Epoch[3] Time cost=0.050
2024-04-07 23:48:44,533 [INFO]  Saved checkpoint to "./imputer_model/21_yeast/imputer_model_gvh/model-0003.params"
2024-04-07 23:48:44,535 [INFO]  Epoch[3] Validation-cross-entropy=0.003064
2024-04-07 23:48:44,535 [INFO]  Epoch[3] Validation-gvh-accuracy=0.000000
2024-04-07 23:48:44,561 [INFO]  Epoch[4] Batch [0-34]	Speed: 22032.01 samples/sec	cross-entropy=0.003326	gvh-accuracy=0.000000
2024-04-07 23:48:44,584 [INFO]  Epoch[4] Train-cross-entropy=0.001826
2024-04-07 23:48:44,585 [INFO]  Epoch[4] Train-gvh-accuracy=0.000000
2024-04-07 23:48:44,585 [INFO]  Epoch[4] Time cost=0.049
2024-04-07 23:48:44,586 [INFO]  Saved checkpoint to "./imputer_model/21_yeast/imputer_model_gvh/model-0004.params"
2024-04-07 23:48:44,589 [INFO]  Epoch[4] Validation-cross-entropy=0.001822
2024-04-07 23:48:44,589 [INFO]  Epoch[4] Validation-gvh-accuracy=0.000000
2024-04-07 23:48:44,589 [INFO]  
========== done (0.27399468421936035 s) fit model
2024-04-07 23:48:48,349 [INFO]  
========== start: fit model
2024-04-07 23:48:48,350 [WARNING]  Already bound, ignoring bind()
2024-04-07 23:48:48,378 [INFO]  Epoch[0] Batch [0-34]	Speed: 21138.80 samples/sec	cross-entropy=3.248989	gvh-accuracy=3.457143
2024-04-07 23:48:48,402 [INFO]  Epoch[0] Train-cross-entropy=0.115888
2024-04-07 23:48:48,402 [INFO]  Epoch[0] Train-gvh-accuracy=2.875000
2024-04-07 23:48:48,402 [INFO]  Epoch[0] Time cost=0.051
2024-04-07 23:48:48,404 [INFO]  Saved checkpoint to "./imputer_model/21_yeast/imputer_model_gvh/model-0000.params"
2024-04-07 23:48:48,406 [INFO]  Epoch[0] Validation-cross-entropy=0.092267
2024-04-07 23:48:48,406 [INFO]  Epoch[0] Validation-gvh-accuracy=0.000000
2024-04-07 23:48:48,433 [INFO]  Epoch[1] Batch [0-34]	Speed: 21201.86 samples/sec	cross-entropy=0.042791	gvh-accuracy=3.457143
2024-04-07 23:48:48,456 [INFO]  Epoch[1] Train-cross-entropy=0.029941
2024-04-07 23:48:48,456 [INFO]  Epoch[1] Train-gvh-accuracy=2.875000
2024-04-07 23:48:48,456 [INFO]  Epoch[1] Time cost=0.050
2024-04-07 23:48:48,458 [INFO]  Saved checkpoint to "./imputer_model/21_yeast/imputer_model_gvh/model-0001.params"
2024-04-07 23:48:48,460 [INFO]  Epoch[1] Validation-cross-entropy=0.045291
2024-04-07 23:48:48,460 [INFO]  Epoch[1] Validation-gvh-accuracy=0.000000
2024-04-07 23:48:48,480 [INFO]  Epoch[2] Batch [0-34]	Speed: 28426.75 samples/sec	cross-entropy=0.019347	gvh-accuracy=3.457143
2024-04-07 23:48:48,498 [INFO]  Epoch[2] Train-cross-entropy=0.012715
2024-04-07 23:48:48,498 [INFO]  Epoch[2] Train-gvh-accuracy=2.875000
2024-04-07 23:48:48,498 [INFO]  Epoch[2] Time cost=0.038
2024-04-07 23:48:48,500 [INFO]  Saved checkpoint to "./imputer_model/21_yeast/imputer_model_gvh/model-0002.params"
2024-04-07 23:48:48,501 [INFO]  Epoch[2] Validation-cross-entropy=0.016706
2024-04-07 23:48:48,501 [INFO]  Epoch[2] Validation-gvh-accuracy=0.000000
2024-04-07 23:48:48,552 [INFO]  Epoch[3] Batch [0-34]	Speed: 10956.39 samples/sec	cross-entropy=0.008984	gvh-accuracy=3.457143
2024-04-07 23:48:48,596 [INFO]  Epoch[3] Train-cross-entropy=0.006636
2024-04-07 23:48:48,596 [INFO]  Epoch[3] Train-gvh-accuracy=2.875000
2024-04-07 23:48:48,596 [INFO]  Epoch[3] Time cost=0.094
2024-04-07 23:48:48,597 [INFO]  Saved checkpoint to "./imputer_model/21_yeast/imputer_model_gvh/model-0003.params"
2024-04-07 23:48:48,600 [INFO]  Epoch[3] Validation-cross-entropy=0.008666
2024-04-07 23:48:48,600 [INFO]  Epoch[3] Validation-gvh-accuracy=0.000000
2024-04-07 23:48:48,631 [INFO]  Epoch[4] Batch [0-34]	Speed: 17779.12 samples/sec	cross-entropy=0.005249	gvh-accuracy=3.457143
2024-04-07 23:48:48,667 [INFO]  Epoch[4] Train-cross-entropy=0.004117
2024-04-07 23:48:48,667 [INFO]  Epoch[4] Train-gvh-accuracy=2.875000
2024-04-07 23:48:48,667 [INFO]  Epoch[4] Time cost=0.067
2024-04-07 23:48:48,668 [INFO]  Saved checkpoint to "./imputer_model/21_yeast/imputer_model_gvh/model-0004.params"
2024-04-07 23:48:48,671 [INFO]  Epoch[4] Validation-cross-entropy=0.005271
2024-04-07 23:48:48,671 [INFO]  Epoch[4] Validation-gvh-accuracy=0.000000
2024-04-07 23:48:48,671 [INFO]  
========== done (0.3215494155883789 s) fit model
2024-04-07 23:48:52,130 [INFO]  
========== start: fit model
2024-04-07 23:48:52,130 [WARNING]  Already bound, ignoring bind()
2024-04-07 23:48:52,158 [INFO]  Epoch[0] Batch [0-34]	Speed: 21571.27 samples/sec	cross-entropy=0.393202	gvh-accuracy=3.142857
2024-04-07 23:48:52,202 [INFO]  Epoch[0] Train-cross-entropy=0.025975
2024-04-07 23:48:52,202 [INFO]  Epoch[0] Train-gvh-accuracy=3.093750
2024-04-07 23:48:52,202 [INFO]  Epoch[0] Time cost=0.072
2024-04-07 23:48:52,206 [INFO]  Saved checkpoint to "./imputer_model/21_yeast/imputer_model_gvh/model-0000.params"
2024-04-07 23:48:52,224 [INFO]  Epoch[0] Validation-cross-entropy=0.012957
2024-04-07 23:48:52,224 [INFO]  Epoch[0] Validation-gvh-accuracy=0.000000
2024-04-07 23:48:52,244 [INFO]  Epoch[1] Batch [0-34]	Speed: 28583.44 samples/sec	cross-entropy=0.019451	gvh-accuracy=3.142857
2024-04-07 23:48:52,271 [INFO]  Epoch[1] Train-cross-entropy=0.007668
2024-04-07 23:48:52,271 [INFO]  Epoch[1] Train-gvh-accuracy=3.093750
2024-04-07 23:48:52,271 [INFO]  Epoch[1] Time cost=0.047
2024-04-07 23:48:52,272 [INFO]  Saved checkpoint to "./imputer_model/21_yeast/imputer_model_gvh/model-0001.params"
2024-04-07 23:48:52,274 [INFO]  Epoch[1] Validation-cross-entropy=0.006898
2024-04-07 23:48:52,274 [INFO]  Epoch[1] Validation-gvh-accuracy=0.000000
2024-04-07 23:48:52,294 [INFO]  Epoch[2] Batch [0-34]	Speed: 28049.34 samples/sec	cross-entropy=0.007104	gvh-accuracy=3.142857
2024-04-07 23:48:52,312 [INFO]  Epoch[2] Train-cross-entropy=0.006687
2024-04-07 23:48:52,313 [INFO]  Epoch[2] Train-gvh-accuracy=3.093750
2024-04-07 23:48:52,313 [INFO]  Epoch[2] Time cost=0.038
2024-04-07 23:48:52,314 [INFO]  Saved checkpoint to "./imputer_model/21_yeast/imputer_model_gvh/model-0002.params"
2024-04-07 23:48:52,316 [INFO]  Epoch[2] Validation-cross-entropy=0.003545
2024-04-07 23:48:52,316 [INFO]  Epoch[2] Validation-gvh-accuracy=0.000000
2024-04-07 23:48:52,336 [INFO]  Epoch[3] Batch [0-34]	Speed: 28749.83 samples/sec	cross-entropy=0.003493	gvh-accuracy=3.142857
2024-04-07 23:48:52,354 [INFO]  Epoch[3] Train-cross-entropy=0.002890
2024-04-07 23:48:52,354 [INFO]  Epoch[3] Train-gvh-accuracy=3.093750
2024-04-07 23:48:52,354 [INFO]  Epoch[3] Time cost=0.038
2024-04-07 23:48:52,355 [INFO]  Saved checkpoint to "./imputer_model/21_yeast/imputer_model_gvh/model-0003.params"
2024-04-07 23:48:52,357 [INFO]  Epoch[3] Validation-cross-entropy=0.003718
2024-04-07 23:48:52,357 [INFO]  Epoch[3] Validation-gvh-accuracy=0.000000
2024-04-07 23:48:52,377 [INFO]  Epoch[4] Batch [0-34]	Speed: 28937.24 samples/sec	cross-entropy=0.004038	gvh-accuracy=3.142857
2024-04-07 23:48:52,396 [INFO]  Epoch[4] Train-cross-entropy=0.001345
2024-04-07 23:48:52,396 [INFO]  Epoch[4] Train-gvh-accuracy=3.093750
2024-04-07 23:48:52,396 [INFO]  Epoch[4] Time cost=0.039
2024-04-07 23:48:52,397 [INFO]  Saved checkpoint to "./imputer_model/21_yeast/imputer_model_gvh/model-0004.params"
2024-04-07 23:48:52,399 [INFO]  Epoch[4] Validation-cross-entropy=0.000494
2024-04-07 23:48:52,399 [INFO]  Epoch[4] Validation-gvh-accuracy=0.000000
2024-04-07 23:48:52,399 [INFO]  
========== done (0.2694976329803467 s) fit model
2024-04-07 23:48:55,912 [INFO]  
========== start: fit model
2024-04-07 23:48:55,912 [WARNING]  Already bound, ignoring bind()
2024-04-07 23:48:55,934 [INFO]  Epoch[0] Batch [0-34]	Speed: 27870.83 samples/sec	cross-entropy=2.309596	gvh-accuracy=3.371429
2024-04-07 23:48:55,952 [INFO]  Epoch[0] Train-cross-entropy=0.146735
2024-04-07 23:48:55,952 [INFO]  Epoch[0] Train-gvh-accuracy=2.562500
2024-04-07 23:48:55,952 [INFO]  Epoch[0] Time cost=0.039
2024-04-07 23:48:55,954 [INFO]  Saved checkpoint to "./imputer_model/21_yeast/imputer_model_gvh/model-0000.params"
2024-04-07 23:48:55,956 [INFO]  Epoch[0] Validation-cross-entropy=0.050949
2024-04-07 23:48:55,956 [INFO]  Epoch[0] Validation-gvh-accuracy=0.000000
2024-04-07 23:48:55,975 [INFO]  Epoch[1] Batch [0-34]	Speed: 28588.45 samples/sec	cross-entropy=0.026544	gvh-accuracy=3.371429
2024-04-07 23:48:55,993 [INFO]  Epoch[1] Train-cross-entropy=0.016227
2024-04-07 23:48:55,993 [INFO]  Epoch[1] Train-gvh-accuracy=2.562500
2024-04-07 23:48:55,993 [INFO]  Epoch[1] Time cost=0.038
2024-04-07 23:48:55,995 [INFO]  Saved checkpoint to "./imputer_model/21_yeast/imputer_model_gvh/model-0001.params"
2024-04-07 23:48:55,997 [INFO]  Epoch[1] Validation-cross-entropy=0.007794
2024-04-07 23:48:55,997 [INFO]  Epoch[1] Validation-gvh-accuracy=0.000000
2024-04-07 23:48:56,017 [INFO]  Epoch[2] Batch [0-34]	Speed: 28236.78 samples/sec	cross-entropy=0.006813	gvh-accuracy=3.371429
2024-04-07 23:48:56,035 [INFO]  Epoch[2] Train-cross-entropy=0.005711
2024-04-07 23:48:56,035 [INFO]  Epoch[2] Train-gvh-accuracy=2.562500
2024-04-07 23:48:56,035 [INFO]  Epoch[2] Time cost=0.038
2024-04-07 23:48:56,036 [INFO]  Saved checkpoint to "./imputer_model/21_yeast/imputer_model_gvh/model-0002.params"
2024-04-07 23:48:56,038 [INFO]  Epoch[2] Validation-cross-entropy=0.003294
2024-04-07 23:48:56,039 [INFO]  Epoch[2] Validation-gvh-accuracy=0.000000
2024-04-07 23:48:56,068 [INFO]  Epoch[3] Batch [0-34]	Speed: 19170.58 samples/sec	cross-entropy=0.002359	gvh-accuracy=3.371429
2024-04-07 23:48:56,093 [INFO]  Epoch[3] Train-cross-entropy=0.002619
2024-04-07 23:48:56,093 [INFO]  Epoch[3] Train-gvh-accuracy=2.562500
2024-04-07 23:48:56,093 [INFO]  Epoch[3] Time cost=0.055
2024-04-07 23:48:56,095 [INFO]  Saved checkpoint to "./imputer_model/21_yeast/imputer_model_gvh/model-0003.params"
2024-04-07 23:48:56,098 [INFO]  Epoch[3] Validation-cross-entropy=0.002159
2024-04-07 23:48:56,098 [INFO]  Epoch[3] Validation-gvh-accuracy=0.000000
2024-04-07 23:48:56,128 [INFO]  Epoch[4] Batch [0-34]	Speed: 18737.64 samples/sec	cross-entropy=0.001363	gvh-accuracy=3.371429
2024-04-07 23:48:56,153 [INFO]  Epoch[4] Train-cross-entropy=0.001558
2024-04-07 23:48:56,153 [INFO]  Epoch[4] Train-gvh-accuracy=2.562500
2024-04-07 23:48:56,153 [INFO]  Epoch[4] Time cost=0.055
2024-04-07 23:48:56,155 [INFO]  Saved checkpoint to "./imputer_model/21_yeast/imputer_model_gvh/model-0004.params"
2024-04-07 23:48:56,157 [INFO]  Epoch[4] Validation-cross-entropy=0.001762
2024-04-07 23:48:56,157 [INFO]  Epoch[4] Validation-gvh-accuracy=0.000000
2024-04-07 23:48:56,157 [INFO]  
========== done (0.24555659294128418 s) fit model
2024-04-07 23:48:59,769 [INFO]  
========== start: fit model
2024-04-07 23:48:59,769 [WARNING]  Already bound, ignoring bind()
2024-04-07 23:48:59,793 [INFO]  Epoch[0] Batch [0-34]	Speed: 25171.28 samples/sec	cross-entropy=6.304362	gvh-accuracy=0.000000
2024-04-07 23:48:59,812 [INFO]  Epoch[0] Train-cross-entropy=0.263467
2024-04-07 23:48:59,812 [INFO]  Epoch[0] Train-gvh-accuracy=0.000000
2024-04-07 23:48:59,812 [INFO]  Epoch[0] Time cost=0.041
2024-04-07 23:48:59,813 [INFO]  Saved checkpoint to "./imputer_model/21_yeast/imputer_model_gvh/model-0000.params"
2024-04-07 23:48:59,815 [INFO]  Epoch[0] Validation-cross-entropy=0.053195
2024-04-07 23:48:59,815 [INFO]  Epoch[0] Validation-gvh-accuracy=0.000000
2024-04-07 23:48:59,835 [INFO]  Epoch[1] Batch [0-34]	Speed: 28222.81 samples/sec	cross-entropy=0.057382	gvh-accuracy=0.000000
2024-04-07 23:48:59,854 [INFO]  Epoch[1] Train-cross-entropy=0.031044
2024-04-07 23:48:59,854 [INFO]  Epoch[1] Train-gvh-accuracy=0.000000
2024-04-07 23:48:59,854 [INFO]  Epoch[1] Time cost=0.039
2024-04-07 23:48:59,855 [INFO]  Saved checkpoint to "./imputer_model/21_yeast/imputer_model_gvh/model-0001.params"
2024-04-07 23:48:59,857 [INFO]  Epoch[1] Validation-cross-entropy=0.016530
2024-04-07 23:48:59,857 [INFO]  Epoch[1] Validation-gvh-accuracy=0.000000
2024-04-07 23:48:59,886 [INFO]  Epoch[2] Batch [0-34]	Speed: 19721.86 samples/sec	cross-entropy=0.021031	gvh-accuracy=0.000000
2024-04-07 23:48:59,916 [INFO]  Epoch[2] Train-cross-entropy=0.013758
2024-04-07 23:48:59,916 [INFO]  Epoch[2] Train-gvh-accuracy=0.000000
2024-04-07 23:48:59,916 [INFO]  Epoch[2] Time cost=0.059
2024-04-07 23:48:59,918 [INFO]  Saved checkpoint to "./imputer_model/21_yeast/imputer_model_gvh/model-0002.params"
2024-04-07 23:48:59,921 [INFO]  Epoch[2] Validation-cross-entropy=0.006560
2024-04-07 23:48:59,921 [INFO]  Epoch[2] Validation-gvh-accuracy=0.000000
2024-04-07 23:48:59,974 [INFO]  Epoch[3] Batch [0-34]	Speed: 10572.78 samples/sec	cross-entropy=0.009223	gvh-accuracy=0.000000
2024-04-07 23:49:00,012 [INFO]  Epoch[3] Train-cross-entropy=0.006655
2024-04-07 23:49:00,012 [INFO]  Epoch[3] Train-gvh-accuracy=0.000000
2024-04-07 23:49:00,012 [INFO]  Epoch[3] Time cost=0.091
2024-04-07 23:49:00,015 [INFO]  Saved checkpoint to "./imputer_model/21_yeast/imputer_model_gvh/model-0003.params"
2024-04-07 23:49:00,032 [INFO]  Epoch[3] Validation-cross-entropy=0.003497
2024-04-07 23:49:00,032 [INFO]  Epoch[3] Validation-gvh-accuracy=0.000000
2024-04-07 23:49:00,082 [INFO]  Epoch[4] Batch [0-34]	Speed: 11072.78 samples/sec	cross-entropy=0.004612	gvh-accuracy=0.000000
2024-04-07 23:49:00,101 [INFO]  Epoch[4] Train-cross-entropy=0.003582
2024-04-07 23:49:00,102 [INFO]  Epoch[4] Train-gvh-accuracy=0.000000
2024-04-07 23:49:00,102 [INFO]  Epoch[4] Time cost=0.070
2024-04-07 23:49:00,103 [INFO]  Saved checkpoint to "./imputer_model/21_yeast/imputer_model_gvh/model-0004.params"
2024-04-07 23:49:00,105 [INFO]  Epoch[4] Validation-cross-entropy=0.002414
2024-04-07 23:49:00,105 [INFO]  Epoch[4] Validation-gvh-accuracy=0.000000
2024-04-07 23:49:00,105 [INFO]  
========== done (0.33606767654418945 s) fit model
2024-04-07 23:49:03,666 [INFO]  
========== start: fit model
2024-04-07 23:49:03,666 [WARNING]  Already bound, ignoring bind()
2024-04-07 23:49:03,693 [INFO]  Epoch[0] Batch [0-34]	Speed: 21811.09 samples/sec	cross-entropy=0.916717	gvh-accuracy=0.000000
2024-04-07 23:49:03,719 [INFO]  Epoch[0] Train-cross-entropy=0.066658
2024-04-07 23:49:03,719 [INFO]  Epoch[0] Train-gvh-accuracy=0.000000
2024-04-07 23:49:03,719 [INFO]  Epoch[0] Time cost=0.052
2024-04-07 23:49:03,721 [INFO]  Saved checkpoint to "./imputer_model/21_yeast/imputer_model_gvh/model-0000.params"
2024-04-07 23:49:03,723 [INFO]  Epoch[0] Validation-cross-entropy=0.029778
2024-04-07 23:49:03,724 [INFO]  Epoch[0] Validation-gvh-accuracy=0.000000
2024-04-07 23:49:03,749 [INFO]  Epoch[1] Batch [0-34]	Speed: 21796.71 samples/sec	cross-entropy=0.021821	gvh-accuracy=0.000000
2024-04-07 23:49:03,773 [INFO]  Epoch[1] Train-cross-entropy=0.012365
2024-04-07 23:49:03,773 [INFO]  Epoch[1] Train-gvh-accuracy=0.000000
2024-04-07 23:49:03,773 [INFO]  Epoch[1] Time cost=0.050
2024-04-07 23:49:03,775 [INFO]  Saved checkpoint to "./imputer_model/21_yeast/imputer_model_gvh/model-0001.params"
2024-04-07 23:49:03,777 [INFO]  Epoch[1] Validation-cross-entropy=0.012456
2024-04-07 23:49:03,777 [INFO]  Epoch[1] Validation-gvh-accuracy=0.000000
2024-04-07 23:49:03,803 [INFO]  Epoch[2] Batch [0-34]	Speed: 21847.01 samples/sec	cross-entropy=0.006939	gvh-accuracy=0.000000
2024-04-07 23:49:03,827 [INFO]  Epoch[2] Train-cross-entropy=0.003745
2024-04-07 23:49:03,827 [INFO]  Epoch[2] Train-gvh-accuracy=0.000000
2024-04-07 23:49:03,827 [INFO]  Epoch[2] Time cost=0.050
2024-04-07 23:49:03,828 [INFO]  Saved checkpoint to "./imputer_model/21_yeast/imputer_model_gvh/model-0002.params"
2024-04-07 23:49:03,831 [INFO]  Epoch[2] Validation-cross-entropy=0.002616
2024-04-07 23:49:03,831 [INFO]  Epoch[2] Validation-gvh-accuracy=0.000000
2024-04-07 23:49:03,881 [INFO]  Epoch[3] Batch [0-34]	Speed: 11128.95 samples/sec	cross-entropy=0.002253	gvh-accuracy=0.000000
2024-04-07 23:49:03,929 [INFO]  Epoch[3] Train-cross-entropy=0.002272
2024-04-07 23:49:03,929 [INFO]  Epoch[3] Train-gvh-accuracy=0.000000
2024-04-07 23:49:03,929 [INFO]  Epoch[3] Time cost=0.098
2024-04-07 23:49:03,931 [INFO]  Saved checkpoint to "./imputer_model/21_yeast/imputer_model_gvh/model-0003.params"
2024-04-07 23:49:03,934 [INFO]  Epoch[3] Validation-cross-entropy=0.001858
2024-04-07 23:49:03,934 [INFO]  Epoch[3] Validation-gvh-accuracy=0.000000
2024-04-07 23:49:03,956 [INFO]  Epoch[4] Batch [0-34]	Speed: 25081.36 samples/sec	cross-entropy=0.001582	gvh-accuracy=0.000000
2024-04-07 23:49:03,975 [INFO]  Epoch[4] Train-cross-entropy=0.001786
2024-04-07 23:49:03,975 [INFO]  Epoch[4] Train-gvh-accuracy=0.000000
2024-04-07 23:49:03,975 [INFO]  Epoch[4] Time cost=0.041
2024-04-07 23:49:03,976 [INFO]  Saved checkpoint to "./imputer_model/21_yeast/imputer_model_gvh/model-0004.params"
2024-04-07 23:49:03,978 [INFO]  Epoch[4] Validation-cross-entropy=0.001624
2024-04-07 23:49:03,978 [INFO]  Epoch[4] Validation-gvh-accuracy=0.000000
2024-04-07 23:49:03,978 [INFO]  
========== done (0.31251096725463867 s) fit model
2024-04-07 23:49:07,370 [INFO]  
========== start: fit model
2024-04-07 23:49:07,370 [WARNING]  Already bound, ignoring bind()
2024-04-07 23:49:07,395 [INFO]  Epoch[0] Batch [0-34]	Speed: 23905.18 samples/sec	cross-entropy=2.476248	gvh-accuracy=0.000000
2024-04-07 23:49:07,413 [INFO]  Epoch[0] Train-cross-entropy=0.106827
2024-04-07 23:49:07,413 [INFO]  Epoch[0] Train-gvh-accuracy=0.000000
2024-04-07 23:49:07,413 [INFO]  Epoch[0] Time cost=0.043
2024-04-07 23:49:07,415 [INFO]  Saved checkpoint to "./imputer_model/21_yeast/imputer_model_gvh/model-0000.params"
2024-04-07 23:49:07,418 [INFO]  Epoch[0] Validation-cross-entropy=0.093131
2024-04-07 23:49:07,418 [INFO]  Epoch[0] Validation-gvh-accuracy=0.000000
2024-04-07 23:49:07,438 [INFO]  Epoch[1] Batch [0-34]	Speed: 28295.96 samples/sec	cross-entropy=0.049606	gvh-accuracy=0.000000
2024-04-07 23:49:07,456 [INFO]  Epoch[1] Train-cross-entropy=0.024985
2024-04-07 23:49:07,456 [INFO]  Epoch[1] Train-gvh-accuracy=0.000000
2024-04-07 23:49:07,456 [INFO]  Epoch[1] Time cost=0.038
2024-04-07 23:49:07,457 [INFO]  Saved checkpoint to "./imputer_model/21_yeast/imputer_model_gvh/model-0001.params"
2024-04-07 23:49:07,460 [INFO]  Epoch[1] Validation-cross-entropy=0.015727
2024-04-07 23:49:07,460 [INFO]  Epoch[1] Validation-gvh-accuracy=0.000000
2024-04-07 23:49:07,480 [INFO]  Epoch[2] Batch [0-34]	Speed: 28543.75 samples/sec	cross-entropy=0.010941	gvh-accuracy=0.000000
2024-04-07 23:49:07,498 [INFO]  Epoch[2] Train-cross-entropy=0.006850
2024-04-07 23:49:07,498 [INFO]  Epoch[2] Train-gvh-accuracy=0.000000
2024-04-07 23:49:07,498 [INFO]  Epoch[2] Time cost=0.038
2024-04-07 23:49:07,499 [INFO]  Saved checkpoint to "./imputer_model/21_yeast/imputer_model_gvh/model-0002.params"
2024-04-07 23:49:07,502 [INFO]  Epoch[2] Validation-cross-entropy=0.007938
2024-04-07 23:49:07,502 [INFO]  Epoch[2] Validation-gvh-accuracy=0.000000
2024-04-07 23:49:07,522 [INFO]  Epoch[3] Batch [0-34]	Speed: 27417.70 samples/sec	cross-entropy=0.004137	gvh-accuracy=0.000000
2024-04-07 23:49:07,541 [INFO]  Epoch[3] Train-cross-entropy=0.002684
2024-04-07 23:49:07,541 [INFO]  Epoch[3] Train-gvh-accuracy=0.000000
2024-04-07 23:49:07,541 [INFO]  Epoch[3] Time cost=0.039
2024-04-07 23:49:07,542 [INFO]  Saved checkpoint to "./imputer_model/21_yeast/imputer_model_gvh/model-0003.params"
2024-04-07 23:49:07,544 [INFO]  Epoch[3] Validation-cross-entropy=0.004659
2024-04-07 23:49:07,544 [INFO]  Epoch[3] Validation-gvh-accuracy=0.000000
2024-04-07 23:49:07,564 [INFO]  Epoch[4] Batch [0-34]	Speed: 28346.93 samples/sec	cross-entropy=0.002410	gvh-accuracy=0.000000
2024-04-07 23:49:07,605 [INFO]  Epoch[4] Train-cross-entropy=0.001707
2024-04-07 23:49:07,605 [INFO]  Epoch[4] Train-gvh-accuracy=0.000000
2024-04-07 23:49:07,605 [INFO]  Epoch[4] Time cost=0.061
2024-04-07 23:49:07,607 [INFO]  Saved checkpoint to "./imputer_model/21_yeast/imputer_model_gvh/model-0004.params"
2024-04-07 23:49:07,609 [INFO]  Epoch[4] Validation-cross-entropy=0.003176
2024-04-07 23:49:07,609 [INFO]  Epoch[4] Validation-gvh-accuracy=0.000000
2024-04-07 23:49:07,609 [INFO]  
========== done (0.2399139404296875 s) fit model
2024-04-07 23:49:11,114 [INFO]  
========== start: fit model
2024-04-07 23:49:11,114 [WARNING]  Already bound, ignoring bind()
2024-04-07 23:49:11,136 [INFO]  Epoch[0] Batch [0-34]	Speed: 27965.11 samples/sec	cross-entropy=0.766661	gvh-accuracy=0.000000
2024-04-07 23:49:11,153 [INFO]  Epoch[0] Train-cross-entropy=0.040978
2024-04-07 23:49:11,154 [INFO]  Epoch[0] Train-gvh-accuracy=0.000000
2024-04-07 23:49:11,154 [INFO]  Epoch[0] Time cost=0.039
2024-04-07 23:49:11,155 [INFO]  Saved checkpoint to "./imputer_model/21_yeast/imputer_model_gvh/model-0000.params"
2024-04-07 23:49:11,157 [INFO]  Epoch[0] Validation-cross-entropy=0.010086
2024-04-07 23:49:11,157 [INFO]  Epoch[0] Validation-gvh-accuracy=0.000000
2024-04-07 23:49:11,177 [INFO]  Epoch[1] Batch [0-34]	Speed: 28993.13 samples/sec	cross-entropy=0.006436	gvh-accuracy=0.000000
2024-04-07 23:49:11,195 [INFO]  Epoch[1] Train-cross-entropy=0.004327
2024-04-07 23:49:11,195 [INFO]  Epoch[1] Train-gvh-accuracy=0.000000
2024-04-07 23:49:11,195 [INFO]  Epoch[1] Time cost=0.038
2024-04-07 23:49:11,196 [INFO]  Saved checkpoint to "./imputer_model/21_yeast/imputer_model_gvh/model-0001.params"
2024-04-07 23:49:11,198 [INFO]  Epoch[1] Validation-cross-entropy=0.003380
2024-04-07 23:49:11,198 [INFO]  Epoch[1] Validation-gvh-accuracy=0.000000
2024-04-07 23:49:11,218 [INFO]  Epoch[2] Batch [0-34]	Speed: 28516.28 samples/sec	cross-entropy=0.002702	gvh-accuracy=0.000000
2024-04-07 23:49:11,236 [INFO]  Epoch[2] Train-cross-entropy=0.003679
2024-04-07 23:49:11,237 [INFO]  Epoch[2] Train-gvh-accuracy=0.000000
2024-04-07 23:49:11,237 [INFO]  Epoch[2] Time cost=0.038
2024-04-07 23:49:11,238 [INFO]  Saved checkpoint to "./imputer_model/21_yeast/imputer_model_gvh/model-0002.params"
2024-04-07 23:49:11,240 [INFO]  Epoch[2] Validation-cross-entropy=0.003192
2024-04-07 23:49:11,240 [INFO]  Epoch[2] Validation-gvh-accuracy=0.000000
2024-04-07 23:49:11,273 [INFO]  Epoch[3] Batch [0-34]	Speed: 16941.15 samples/sec	cross-entropy=0.002306	gvh-accuracy=0.000000
2024-04-07 23:49:11,312 [INFO]  Epoch[3] Train-cross-entropy=0.002192
2024-04-07 23:49:11,312 [INFO]  Epoch[3] Train-gvh-accuracy=0.000000
2024-04-07 23:49:11,312 [INFO]  Epoch[3] Time cost=0.072
2024-04-07 23:49:11,313 [INFO]  Saved checkpoint to "./imputer_model/21_yeast/imputer_model_gvh/model-0003.params"
2024-04-07 23:49:11,315 [INFO]  Epoch[3] Validation-cross-entropy=0.001984
2024-04-07 23:49:11,315 [INFO]  Epoch[3] Validation-gvh-accuracy=0.000000
2024-04-07 23:49:11,335 [INFO]  Epoch[4] Batch [0-34]	Speed: 28181.68 samples/sec	cross-entropy=0.001348	gvh-accuracy=0.000000
2024-04-07 23:49:11,359 [INFO]  Epoch[4] Train-cross-entropy=0.001934
2024-04-07 23:49:11,359 [INFO]  Epoch[4] Train-gvh-accuracy=0.000000
2024-04-07 23:49:11,359 [INFO]  Epoch[4] Time cost=0.044
2024-04-07 23:49:11,361 [INFO]  Saved checkpoint to "./imputer_model/21_yeast/imputer_model_gvh/model-0004.params"
2024-04-07 23:49:11,363 [INFO]  Epoch[4] Validation-cross-entropy=0.001517
2024-04-07 23:49:11,363 [INFO]  Epoch[4] Validation-gvh-accuracy=0.000000
2024-04-07 23:49:11,363 [INFO]  
========== done (0.24953746795654297 s) fit model
2024-04-07 23:49:14,725 [INFO]  
========== start: fit model
2024-04-07 23:49:14,725 [WARNING]  Already bound, ignoring bind()
2024-04-07 23:49:14,764 [INFO]  Epoch[0] Batch [0-34]	Speed: 15059.74 samples/sec	cross-entropy=0.834337	gvh-accuracy=3.171429
2024-04-07 23:49:14,782 [INFO]  Epoch[0] Train-cross-entropy=0.040561
2024-04-07 23:49:14,782 [INFO]  Epoch[0] Train-gvh-accuracy=3.500000
2024-04-07 23:49:14,782 [INFO]  Epoch[0] Time cost=0.056
2024-04-07 23:49:14,784 [INFO]  Saved checkpoint to "./imputer_model/21_yeast/imputer_model_gvh/model-0000.params"
2024-04-07 23:49:14,786 [INFO]  Epoch[0] Validation-cross-entropy=0.005238
2024-04-07 23:49:14,786 [INFO]  Epoch[0] Validation-gvh-accuracy=0.000000
2024-04-07 23:49:14,806 [INFO]  Epoch[1] Batch [0-34]	Speed: 28320.19 samples/sec	cross-entropy=0.006580	gvh-accuracy=3.171429
2024-04-07 23:49:14,824 [INFO]  Epoch[1] Train-cross-entropy=0.002594
2024-04-07 23:49:14,824 [INFO]  Epoch[1] Train-gvh-accuracy=3.500000
2024-04-07 23:49:14,824 [INFO]  Epoch[1] Time cost=0.038
2024-04-07 23:49:14,826 [INFO]  Saved checkpoint to "./imputer_model/21_yeast/imputer_model_gvh/model-0001.params"
2024-04-07 23:49:14,828 [INFO]  Epoch[1] Validation-cross-entropy=0.003026
2024-04-07 23:49:14,828 [INFO]  Epoch[1] Validation-gvh-accuracy=0.000000
2024-04-07 23:49:14,876 [INFO]  Epoch[2] Batch [0-34]	Speed: 11417.87 samples/sec	cross-entropy=0.002487	gvh-accuracy=3.171429
2024-04-07 23:49:14,921 [INFO]  Epoch[2] Train-cross-entropy=0.001056
2024-04-07 23:49:14,921 [INFO]  Epoch[2] Train-gvh-accuracy=3.500000
2024-04-07 23:49:14,922 [INFO]  Epoch[2] Time cost=0.094
2024-04-07 23:49:14,923 [INFO]  Saved checkpoint to "./imputer_model/21_yeast/imputer_model_gvh/model-0002.params"
2024-04-07 23:49:14,930 [INFO]  Epoch[2] Validation-cross-entropy=0.001164
2024-04-07 23:49:14,930 [INFO]  Epoch[2] Validation-gvh-accuracy=0.000000
2024-04-07 23:49:14,975 [INFO]  Epoch[3] Batch [0-34]	Speed: 12253.18 samples/sec	cross-entropy=0.001565	gvh-accuracy=3.171429
2024-04-07 23:49:15,012 [INFO]  Epoch[3] Train-cross-entropy=0.000542
2024-04-07 23:49:15,012 [INFO]  Epoch[3] Train-gvh-accuracy=3.500000
2024-04-07 23:49:15,012 [INFO]  Epoch[3] Time cost=0.082
2024-04-07 23:49:15,014 [INFO]  Saved checkpoint to "./imputer_model/21_yeast/imputer_model_gvh/model-0003.params"
2024-04-07 23:49:15,017 [INFO]  Epoch[3] Validation-cross-entropy=0.000720
2024-04-07 23:49:15,017 [INFO]  Epoch[3] Validation-gvh-accuracy=0.000000
2024-04-07 23:49:15,046 [INFO]  Epoch[4] Batch [0-34]	Speed: 19295.25 samples/sec	cross-entropy=0.001039	gvh-accuracy=3.171429
2024-04-07 23:49:15,073 [INFO]  Epoch[4] Train-cross-entropy=0.000519
2024-04-07 23:49:15,073 [INFO]  Epoch[4] Train-gvh-accuracy=3.500000
2024-04-07 23:49:15,074 [INFO]  Epoch[4] Time cost=0.056
2024-04-07 23:49:15,076 [INFO]  Saved checkpoint to "./imputer_model/21_yeast/imputer_model_gvh/model-0004.params"
2024-04-07 23:49:15,079 [INFO]  Epoch[4] Validation-cross-entropy=0.000538
2024-04-07 23:49:15,079 [INFO]  Epoch[4] Validation-gvh-accuracy=0.000000
2024-04-07 23:49:15,079 [INFO]  
========== done (0.3540327548980713 s) fit model
2024-04-07 23:49:18,835 [INFO]  
========== start: fit model
2024-04-07 23:49:18,835 [WARNING]  Already bound, ignoring bind()
2024-04-07 23:49:18,859 [INFO]  Epoch[0] Batch [0-34]	Speed: 25351.96 samples/sec	cross-entropy=1.944601	gvh-accuracy=3.028571
2024-04-07 23:49:18,877 [INFO]  Epoch[0] Train-cross-entropy=0.127584
2024-04-07 23:49:18,877 [INFO]  Epoch[0] Train-gvh-accuracy=3.343750
2024-04-07 23:49:18,877 [INFO]  Epoch[0] Time cost=0.041
2024-04-07 23:49:18,879 [INFO]  Saved checkpoint to "./imputer_model/21_yeast/imputer_model_gvh/model-0000.params"
2024-04-07 23:49:18,881 [INFO]  Epoch[0] Validation-cross-entropy=0.076667
2024-04-07 23:49:18,881 [INFO]  Epoch[0] Validation-gvh-accuracy=0.000000
2024-04-07 23:49:18,901 [INFO]  Epoch[1] Batch [0-34]	Speed: 28494.91 samples/sec	cross-entropy=0.053299	gvh-accuracy=3.028571
2024-04-07 23:49:18,919 [INFO]  Epoch[1] Train-cross-entropy=0.030309
2024-04-07 23:49:18,919 [INFO]  Epoch[1] Train-gvh-accuracy=3.343750
2024-04-07 23:49:18,919 [INFO]  Epoch[1] Time cost=0.038
2024-04-07 23:49:18,920 [INFO]  Saved checkpoint to "./imputer_model/21_yeast/imputer_model_gvh/model-0001.params"
2024-04-07 23:49:18,922 [INFO]  Epoch[1] Validation-cross-entropy=0.026895
2024-04-07 23:49:18,922 [INFO]  Epoch[1] Validation-gvh-accuracy=0.000000
2024-04-07 23:49:18,942 [INFO]  Epoch[2] Batch [0-34]	Speed: 28775.93 samples/sec	cross-entropy=0.018478	gvh-accuracy=3.028571
2024-04-07 23:49:18,960 [INFO]  Epoch[2] Train-cross-entropy=0.007485
2024-04-07 23:49:18,960 [INFO]  Epoch[2] Train-gvh-accuracy=3.343750
2024-04-07 23:49:18,960 [INFO]  Epoch[2] Time cost=0.038
2024-04-07 23:49:18,961 [INFO]  Saved checkpoint to "./imputer_model/21_yeast/imputer_model_gvh/model-0002.params"
2024-04-07 23:49:18,963 [INFO]  Epoch[2] Validation-cross-entropy=0.006462
2024-04-07 23:49:18,963 [INFO]  Epoch[2] Validation-gvh-accuracy=0.000000
2024-04-07 23:49:18,983 [INFO]  Epoch[3] Batch [0-34]	Speed: 28923.67 samples/sec	cross-entropy=0.005618	gvh-accuracy=3.028571
2024-04-07 23:49:19,001 [INFO]  Epoch[3] Train-cross-entropy=0.002831
2024-04-07 23:49:19,001 [INFO]  Epoch[3] Train-gvh-accuracy=3.343750
2024-04-07 23:49:19,001 [INFO]  Epoch[3] Time cost=0.038
2024-04-07 23:49:19,002 [INFO]  Saved checkpoint to "./imputer_model/21_yeast/imputer_model_gvh/model-0003.params"
2024-04-07 23:49:19,004 [INFO]  Epoch[3] Validation-cross-entropy=0.003614
2024-04-07 23:49:19,004 [INFO]  Epoch[3] Validation-gvh-accuracy=0.000000
2024-04-07 23:49:19,024 [INFO]  Epoch[4] Batch [0-34]	Speed: 29044.43 samples/sec	cross-entropy=0.002734	gvh-accuracy=3.028571
2024-04-07 23:49:19,063 [INFO]  Epoch[4] Train-cross-entropy=0.001607
2024-04-07 23:49:19,063 [INFO]  Epoch[4] Train-gvh-accuracy=3.343750
2024-04-07 23:49:19,063 [INFO]  Epoch[4] Time cost=0.059
2024-04-07 23:49:19,065 [INFO]  Saved checkpoint to "./imputer_model/21_yeast/imputer_model_gvh/model-0004.params"
2024-04-07 23:49:19,071 [INFO]  Epoch[4] Validation-cross-entropy=0.002955
2024-04-07 23:49:19,071 [INFO]  Epoch[4] Validation-gvh-accuracy=0.000000
2024-04-07 23:49:19,071 [INFO]  
========== done (0.2358407974243164 s) fit model
2024-04-07 23:49:22,965 [INFO]  
========== start: fit model
2024-04-07 23:49:22,965 [WARNING]  Already bound, ignoring bind()
2024-04-07 23:49:23,013 [INFO]  Epoch[0] Batch [0-34]	Speed: 13478.06 samples/sec	cross-entropy=1.593496	gvh-accuracy=0.000000
2024-04-07 23:49:23,046 [INFO]  Epoch[0] Train-cross-entropy=0.049909
2024-04-07 23:49:23,046 [INFO]  Epoch[0] Train-gvh-accuracy=0.000000
2024-04-07 23:49:23,046 [INFO]  Epoch[0] Time cost=0.080
2024-04-07 23:49:23,050 [INFO]  Saved checkpoint to "./imputer_model/21_yeast/imputer_model_gvh/model-0000.params"
2024-04-07 23:49:23,056 [INFO]  Epoch[0] Validation-cross-entropy=0.043086
2024-04-07 23:49:23,056 [INFO]  Epoch[0] Validation-gvh-accuracy=0.000000
2024-04-07 23:49:23,082 [INFO]  Epoch[1] Batch [0-34]	Speed: 21980.65 samples/sec	cross-entropy=0.017361	gvh-accuracy=0.000000
2024-04-07 23:49:23,106 [INFO]  Epoch[1] Train-cross-entropy=0.007876
2024-04-07 23:49:23,106 [INFO]  Epoch[1] Train-gvh-accuracy=0.000000
2024-04-07 23:49:23,106 [INFO]  Epoch[1] Time cost=0.050
2024-04-07 23:49:23,108 [INFO]  Saved checkpoint to "./imputer_model/21_yeast/imputer_model_gvh/model-0001.params"
2024-04-07 23:49:23,112 [INFO]  Epoch[1] Validation-cross-entropy=0.012101
2024-04-07 23:49:23,112 [INFO]  Epoch[1] Validation-gvh-accuracy=0.000000
2024-04-07 23:49:23,151 [INFO]  Epoch[2] Batch [0-34]	Speed: 14275.62 samples/sec	cross-entropy=0.005657	gvh-accuracy=0.000000
2024-04-07 23:49:23,190 [INFO]  Epoch[2] Train-cross-entropy=0.005235
2024-04-07 23:49:23,191 [INFO]  Epoch[2] Train-gvh-accuracy=0.000000
2024-04-07 23:49:23,191 [INFO]  Epoch[2] Time cost=0.079
2024-04-07 23:49:23,193 [INFO]  Saved checkpoint to "./imputer_model/21_yeast/imputer_model_gvh/model-0002.params"
2024-04-07 23:49:23,196 [INFO]  Epoch[2] Validation-cross-entropy=0.009423
2024-04-07 23:49:23,196 [INFO]  Epoch[2] Validation-gvh-accuracy=0.000000
2024-04-07 23:49:23,227 [INFO]  Epoch[3] Batch [0-34]	Speed: 17860.82 samples/sec	cross-entropy=0.004276	gvh-accuracy=0.000000
2024-04-07 23:49:23,308 [INFO]  Epoch[3] Train-cross-entropy=0.005397
2024-04-07 23:49:23,308 [INFO]  Epoch[3] Train-gvh-accuracy=0.000000
2024-04-07 23:49:23,308 [INFO]  Epoch[3] Time cost=0.112
2024-04-07 23:49:23,310 [INFO]  Saved checkpoint to "./imputer_model/21_yeast/imputer_model_gvh/model-0003.params"
2024-04-07 23:49:23,312 [INFO]  Epoch[3] Validation-cross-entropy=0.005686
2024-04-07 23:49:23,313 [INFO]  Epoch[3] Validation-gvh-accuracy=0.000000
2024-04-07 23:49:23,485 [INFO]  Epoch[4] Batch [0-34]	Speed: 3179.35 samples/sec	cross-entropy=0.002913	gvh-accuracy=0.000000
2024-04-07 23:49:23,530 [INFO]  Epoch[4] Train-cross-entropy=0.003188
2024-04-07 23:49:23,530 [INFO]  Epoch[4] Train-gvh-accuracy=0.000000
2024-04-07 23:49:23,530 [INFO]  Epoch[4] Time cost=0.217
2024-04-07 23:49:23,532 [INFO]  Saved checkpoint to "./imputer_model/21_yeast/imputer_model_gvh/model-0004.params"
2024-04-07 23:49:23,534 [INFO]  Epoch[4] Validation-cross-entropy=0.002339
2024-04-07 23:49:23,534 [INFO]  Epoch[4] Validation-gvh-accuracy=0.000000
2024-04-07 23:49:23,534 [INFO]  
========== done (0.5691852569580078 s) fit model
2024-04-07 23:49:29,728 [INFO]  
========== start: fit model
2024-04-07 23:49:29,728 [WARNING]  Already bound, ignoring bind()
2024-04-07 23:49:29,885 [INFO]  Epoch[0] Batch [0-34]	Speed: 3701.57 samples/sec	cross-entropy=2.732938	gvh-accuracy=3.085714
2024-04-07 23:49:30,015 [INFO]  Epoch[0] Train-cross-entropy=0.087042
2024-04-07 23:49:30,015 [INFO]  Epoch[0] Train-gvh-accuracy=3.281250
2024-04-07 23:49:30,015 [INFO]  Epoch[0] Time cost=0.285
2024-04-07 23:49:30,017 [INFO]  Saved checkpoint to "./imputer_model/21_yeast/imputer_model_gvh/model-0000.params"
2024-04-07 23:49:30,019 [INFO]  Epoch[0] Validation-cross-entropy=0.022818
2024-04-07 23:49:30,020 [INFO]  Epoch[0] Validation-gvh-accuracy=0.000000
2024-04-07 23:49:30,065 [INFO]  Epoch[1] Batch [0-34]	Speed: 14804.42 samples/sec	cross-entropy=0.015854	gvh-accuracy=3.085714
2024-04-07 23:49:30,091 [INFO]  Epoch[1] Train-cross-entropy=0.006867
2024-04-07 23:49:30,092 [INFO]  Epoch[1] Train-gvh-accuracy=3.281250
2024-04-07 23:49:30,092 [INFO]  Epoch[1] Time cost=0.072
2024-04-07 23:49:30,093 [INFO]  Saved checkpoint to "./imputer_model/21_yeast/imputer_model_gvh/model-0001.params"
2024-04-07 23:49:30,098 [INFO]  Epoch[1] Validation-cross-entropy=0.005283
2024-04-07 23:49:30,098 [INFO]  Epoch[1] Validation-gvh-accuracy=0.000000
2024-04-07 23:49:30,131 [INFO]  Epoch[2] Batch [0-34]	Speed: 16901.49 samples/sec	cross-entropy=0.004051	gvh-accuracy=3.085714
2024-04-07 23:49:30,155 [INFO]  Epoch[2] Train-cross-entropy=0.003068
2024-04-07 23:49:30,156 [INFO]  Epoch[2] Train-gvh-accuracy=3.281250
2024-04-07 23:49:30,156 [INFO]  Epoch[2] Time cost=0.058
2024-04-07 23:49:30,159 [INFO]  Saved checkpoint to "./imputer_model/21_yeast/imputer_model_gvh/model-0002.params"
2024-04-07 23:49:30,179 [INFO]  Epoch[2] Validation-cross-entropy=0.002577
2024-04-07 23:49:30,179 [INFO]  Epoch[2] Validation-gvh-accuracy=0.000000
2024-04-07 23:49:30,225 [INFO]  Epoch[3] Batch [0-34]	Speed: 11872.36 samples/sec	cross-entropy=0.001947	gvh-accuracy=3.085714
2024-04-07 23:49:30,245 [INFO]  Epoch[3] Train-cross-entropy=0.001782
2024-04-07 23:49:30,245 [INFO]  Epoch[3] Train-gvh-accuracy=3.281250
2024-04-07 23:49:30,245 [INFO]  Epoch[3] Time cost=0.066
2024-04-07 23:49:30,246 [INFO]  Saved checkpoint to "./imputer_model/21_yeast/imputer_model_gvh/model-0003.params"
2024-04-07 23:49:30,249 [INFO]  Epoch[3] Validation-cross-entropy=0.001907
2024-04-07 23:49:30,249 [INFO]  Epoch[3] Validation-gvh-accuracy=0.000000
2024-04-07 23:49:30,482 [INFO]  Epoch[4] Batch [0-34]	Speed: 2346.12 samples/sec	cross-entropy=0.001313	gvh-accuracy=3.085714
2024-04-07 23:49:30,522 [INFO]  Epoch[4] Train-cross-entropy=0.001373
2024-04-07 23:49:30,522 [INFO]  Epoch[4] Train-gvh-accuracy=3.281250
2024-04-07 23:49:30,522 [INFO]  Epoch[4] Time cost=0.273
2024-04-07 23:49:30,524 [INFO]  Saved checkpoint to "./imputer_model/21_yeast/imputer_model_gvh/model-0004.params"
2024-04-07 23:49:30,527 [INFO]  Epoch[4] Validation-cross-entropy=0.001401
2024-04-07 23:49:30,527 [INFO]  Epoch[4] Validation-gvh-accuracy=0.000000
2024-04-07 23:49:30,527 [INFO]  
========== done (0.7984123229980469 s) fit model
2024-04-07 23:49:38,258 [INFO]  
========== start: fit model
2024-04-07 23:49:38,258 [WARNING]  Already bound, ignoring bind()
2024-04-07 23:49:38,427 [INFO]  Epoch[0] Batch [0-34]	Speed: 3387.17 samples/sec	cross-entropy=1.290921	gvh-accuracy=3.400000
2024-04-07 23:49:38,460 [INFO]  Epoch[0] Train-cross-entropy=0.105316
2024-04-07 23:49:38,460 [INFO]  Epoch[0] Train-gvh-accuracy=3.031250
2024-04-07 23:49:38,460 [INFO]  Epoch[0] Time cost=0.201
2024-04-07 23:49:38,462 [INFO]  Saved checkpoint to "./imputer_model/21_yeast/imputer_model_gvh/model-0000.params"
2024-04-07 23:49:38,465 [INFO]  Epoch[0] Validation-cross-entropy=0.027704
2024-04-07 23:49:38,465 [INFO]  Epoch[0] Validation-gvh-accuracy=0.000000
2024-04-07 23:49:38,505 [INFO]  Epoch[1] Batch [0-34]	Speed: 14088.58 samples/sec	cross-entropy=0.025575	gvh-accuracy=3.400000
2024-04-07 23:49:38,541 [INFO]  Epoch[1] Train-cross-entropy=0.009498
2024-04-07 23:49:38,541 [INFO]  Epoch[1] Train-gvh-accuracy=3.031250
2024-04-07 23:49:38,541 [INFO]  Epoch[1] Time cost=0.076
2024-04-07 23:49:38,543 [INFO]  Saved checkpoint to "./imputer_model/21_yeast/imputer_model_gvh/model-0001.params"
2024-04-07 23:49:38,547 [INFO]  Epoch[1] Validation-cross-entropy=0.007481
2024-04-07 23:49:38,547 [INFO]  Epoch[1] Validation-gvh-accuracy=0.000000
2024-04-07 23:49:38,591 [INFO]  Epoch[2] Batch [0-34]	Speed: 12908.40 samples/sec	cross-entropy=0.007110	gvh-accuracy=3.400000
2024-04-07 23:49:38,662 [INFO]  Epoch[2] Train-cross-entropy=0.004075
2024-04-07 23:49:38,662 [INFO]  Epoch[2] Train-gvh-accuracy=3.031250
2024-04-07 23:49:38,662 [INFO]  Epoch[2] Time cost=0.115
2024-04-07 23:49:38,664 [INFO]  Saved checkpoint to "./imputer_model/21_yeast/imputer_model_gvh/model-0002.params"
2024-04-07 23:49:38,667 [INFO]  Epoch[2] Validation-cross-entropy=0.002633
2024-04-07 23:49:38,667 [INFO]  Epoch[2] Validation-gvh-accuracy=0.000000
2024-04-07 23:49:38,694 [INFO]  Epoch[3] Batch [0-34]	Speed: 20896.61 samples/sec	cross-entropy=0.002891	gvh-accuracy=3.400000
2024-04-07 23:49:38,750 [INFO]  Epoch[3] Train-cross-entropy=0.001562
2024-04-07 23:49:38,750 [INFO]  Epoch[3] Train-gvh-accuracy=3.031250
2024-04-07 23:49:38,750 [INFO]  Epoch[3] Time cost=0.083
2024-04-07 23:49:38,752 [INFO]  Saved checkpoint to "./imputer_model/21_yeast/imputer_model_gvh/model-0003.params"
2024-04-07 23:49:38,777 [INFO]  Epoch[3] Validation-cross-entropy=0.001229
2024-04-07 23:49:38,777 [INFO]  Epoch[3] Validation-gvh-accuracy=0.000000
2024-04-07 23:49:38,813 [INFO]  Epoch[4] Batch [0-34]	Speed: 15764.25 samples/sec	cross-entropy=0.002978	gvh-accuracy=3.400000
2024-04-07 23:49:38,863 [INFO]  Epoch[4] Train-cross-entropy=0.001551
2024-04-07 23:49:38,863 [INFO]  Epoch[4] Train-gvh-accuracy=3.031250
2024-04-07 23:49:38,863 [INFO]  Epoch[4] Time cost=0.086
2024-04-07 23:49:38,865 [INFO]  Saved checkpoint to "./imputer_model/21_yeast/imputer_model_gvh/model-0004.params"
2024-04-07 23:49:38,869 [INFO]  Epoch[4] Validation-cross-entropy=0.001041
2024-04-07 23:49:38,870 [INFO]  Epoch[4] Validation-gvh-accuracy=0.000000
2024-04-07 23:49:38,870 [INFO]  
========== done (0.6114423274993896 s) fit model
2024-04-07 23:49:45,596 [INFO]  
========== start: fit model
2024-04-07 23:49:45,596 [WARNING]  Already bound, ignoring bind()
2024-04-07 23:49:45,641 [INFO]  Epoch[0] Batch [0-34]	Speed: 13415.38 samples/sec	cross-entropy=1.025185	gvh-accuracy=0.000000
2024-04-07 23:49:45,678 [INFO]  Epoch[0] Train-cross-entropy=0.045294
2024-04-07 23:49:45,678 [INFO]  Epoch[0] Train-gvh-accuracy=0.000000
2024-04-07 23:49:45,678 [INFO]  Epoch[0] Time cost=0.081
2024-04-07 23:49:45,680 [INFO]  Saved checkpoint to "./imputer_model/21_yeast/imputer_model_gvh/model-0000.params"
2024-04-07 23:49:45,682 [INFO]  Epoch[0] Validation-cross-entropy=0.033625
2024-04-07 23:49:45,683 [INFO]  Epoch[0] Validation-gvh-accuracy=0.000000
2024-04-07 23:49:45,778 [INFO]  Epoch[1] Batch [0-34]	Speed: 5784.13 samples/sec	cross-entropy=0.013034	gvh-accuracy=0.000000
2024-04-07 23:49:45,846 [INFO]  Epoch[1] Train-cross-entropy=0.006233
2024-04-07 23:49:45,846 [INFO]  Epoch[1] Train-gvh-accuracy=0.000000
2024-04-07 23:49:45,846 [INFO]  Epoch[1] Time cost=0.163
2024-04-07 23:49:45,848 [INFO]  Saved checkpoint to "./imputer_model/21_yeast/imputer_model_gvh/model-0001.params"
2024-04-07 23:49:45,851 [INFO]  Epoch[1] Validation-cross-entropy=0.006389
2024-04-07 23:49:45,852 [INFO]  Epoch[1] Validation-gvh-accuracy=0.000000
2024-04-07 23:49:45,891 [INFO]  Epoch[2] Batch [0-34]	Speed: 14274.46 samples/sec	cross-entropy=0.003238	gvh-accuracy=0.000000
2024-04-07 23:49:45,927 [INFO]  Epoch[2] Train-cross-entropy=0.002907
2024-04-07 23:49:45,927 [INFO]  Epoch[2] Train-gvh-accuracy=0.000000
2024-04-07 23:49:45,927 [INFO]  Epoch[2] Time cost=0.076
2024-04-07 23:49:45,929 [INFO]  Saved checkpoint to "./imputer_model/21_yeast/imputer_model_gvh/model-0002.params"
2024-04-07 23:49:45,933 [INFO]  Epoch[2] Validation-cross-entropy=0.002576
2024-04-07 23:49:45,933 [INFO]  Epoch[2] Validation-gvh-accuracy=0.000000
2024-04-07 23:49:45,972 [INFO]  Epoch[3] Batch [0-34]	Speed: 14388.06 samples/sec	cross-entropy=0.002209	gvh-accuracy=0.000000
2024-04-07 23:49:46,008 [INFO]  Epoch[3] Train-cross-entropy=0.001984
2024-04-07 23:49:46,008 [INFO]  Epoch[3] Train-gvh-accuracy=0.000000
2024-04-07 23:49:46,008 [INFO]  Epoch[3] Time cost=0.075
2024-04-07 23:49:46,010 [INFO]  Saved checkpoint to "./imputer_model/21_yeast/imputer_model_gvh/model-0003.params"
2024-04-07 23:49:46,013 [INFO]  Epoch[3] Validation-cross-entropy=0.002263
2024-04-07 23:49:46,013 [INFO]  Epoch[3] Validation-gvh-accuracy=0.000000
2024-04-07 23:49:46,053 [INFO]  Epoch[4] Batch [0-34]	Speed: 14243.19 samples/sec	cross-entropy=0.001815	gvh-accuracy=0.000000
2024-04-07 23:49:46,096 [INFO]  Epoch[4] Train-cross-entropy=0.002025
2024-04-07 23:49:46,096 [INFO]  Epoch[4] Train-gvh-accuracy=0.000000
2024-04-07 23:49:46,096 [INFO]  Epoch[4] Time cost=0.082
2024-04-07 23:49:46,098 [INFO]  Saved checkpoint to "./imputer_model/21_yeast/imputer_model_gvh/model-0004.params"
2024-04-07 23:49:46,121 [INFO]  Epoch[4] Validation-cross-entropy=0.002693
2024-04-07 23:49:46,121 [INFO]  Epoch[4] Validation-gvh-accuracy=0.000000
2024-04-07 23:49:46,121 [INFO]  
========== done (0.5255777835845947 s) fit model
2024-04-07 23:49:53,476 [INFO]  
========== start: fit model
2024-04-07 23:49:53,476 [WARNING]  Already bound, ignoring bind()
2024-04-07 23:49:53,617 [INFO]  Epoch[0] Batch [0-34]	Speed: 3941.24 samples/sec	cross-entropy=1.342817	gvh-accuracy=0.000000
2024-04-07 23:49:53,638 [INFO]  Epoch[0] Train-cross-entropy=0.106984
2024-04-07 23:49:53,638 [INFO]  Epoch[0] Train-gvh-accuracy=0.000000
2024-04-07 23:49:53,638 [INFO]  Epoch[0] Time cost=0.161
2024-04-07 23:49:53,640 [INFO]  Saved checkpoint to "./imputer_model/21_yeast/imputer_model_gvh/model-0000.params"
2024-04-07 23:49:53,642 [INFO]  Epoch[0] Validation-cross-entropy=0.051052
2024-04-07 23:49:53,642 [INFO]  Epoch[0] Validation-gvh-accuracy=0.000000
2024-04-07 23:49:53,662 [INFO]  Epoch[1] Batch [0-34]	Speed: 28076.26 samples/sec	cross-entropy=0.033256	gvh-accuracy=0.000000
2024-04-07 23:49:53,764 [INFO]  Epoch[1] Train-cross-entropy=0.008441
2024-04-07 23:49:53,764 [INFO]  Epoch[1] Train-gvh-accuracy=0.000000
2024-04-07 23:49:53,764 [INFO]  Epoch[1] Time cost=0.122
2024-04-07 23:49:53,766 [INFO]  Saved checkpoint to "./imputer_model/21_yeast/imputer_model_gvh/model-0001.params"
2024-04-07 23:49:53,770 [INFO]  Epoch[1] Validation-cross-entropy=0.008647
2024-04-07 23:49:53,770 [INFO]  Epoch[1] Validation-gvh-accuracy=0.000000
2024-04-07 23:49:53,929 [INFO]  Epoch[2] Batch [0-34]	Speed: 3436.52 samples/sec	cross-entropy=0.005631	gvh-accuracy=0.000000
2024-04-07 23:49:53,974 [INFO]  Epoch[2] Train-cross-entropy=0.009729
2024-04-07 23:49:53,974 [INFO]  Epoch[2] Train-gvh-accuracy=0.000000
2024-04-07 23:49:53,974 [INFO]  Epoch[2] Time cost=0.204
2024-04-07 23:49:53,976 [INFO]  Saved checkpoint to "./imputer_model/21_yeast/imputer_model_gvh/model-0002.params"
2024-04-07 23:49:53,980 [INFO]  Epoch[2] Validation-cross-entropy=0.007116
2024-04-07 23:49:53,980 [INFO]  Epoch[2] Validation-gvh-accuracy=0.000000
2024-04-07 23:49:54,023 [INFO]  Epoch[3] Batch [0-34]	Speed: 12991.60 samples/sec	cross-entropy=0.002880	gvh-accuracy=0.000000
2024-04-07 23:49:54,042 [INFO]  Epoch[3] Train-cross-entropy=0.003078
2024-04-07 23:49:54,042 [INFO]  Epoch[3] Train-gvh-accuracy=0.000000
2024-04-07 23:49:54,042 [INFO]  Epoch[3] Time cost=0.062
2024-04-07 23:49:54,043 [INFO]  Saved checkpoint to "./imputer_model/21_yeast/imputer_model_gvh/model-0003.params"
2024-04-07 23:49:54,049 [INFO]  Epoch[3] Validation-cross-entropy=0.002407
2024-04-07 23:49:54,049 [INFO]  Epoch[3] Validation-gvh-accuracy=0.000000
2024-04-07 23:49:54,263 [INFO]  Epoch[4] Batch [0-34]	Speed: 2551.60 samples/sec	cross-entropy=0.001560	gvh-accuracy=0.000000
2024-04-07 23:49:54,311 [INFO]  Epoch[4] Train-cross-entropy=0.001772
2024-04-07 23:49:54,311 [INFO]  Epoch[4] Train-gvh-accuracy=0.000000
2024-04-07 23:49:54,311 [INFO]  Epoch[4] Time cost=0.261
2024-04-07 23:49:54,313 [INFO]  Saved checkpoint to "./imputer_model/21_yeast/imputer_model_gvh/model-0004.params"
2024-04-07 23:49:54,316 [INFO]  Epoch[4] Validation-cross-entropy=0.002007
2024-04-07 23:49:54,317 [INFO]  Epoch[4] Validation-gvh-accuracy=0.000000
2024-04-07 23:49:54,317 [INFO]  
========== done (0.8405606746673584 s) fit model
2024-04-07 23:50:01,068 [INFO]  
========== start: fit model
2024-04-07 23:50:01,068 [WARNING]  Already bound, ignoring bind()
2024-04-07 23:50:01,214 [INFO]  Epoch[0] Batch [0-34]	Speed: 4683.85 samples/sec	cross-entropy=1.309951	gvh-accuracy=3.142857
2024-04-07 23:50:01,301 [INFO]  Epoch[0] Train-cross-entropy=0.052338
2024-04-07 23:50:01,301 [INFO]  Epoch[0] Train-gvh-accuracy=3.218750
2024-04-07 23:50:01,301 [INFO]  Epoch[0] Time cost=0.233
2024-04-07 23:50:01,304 [INFO]  Saved checkpoint to "./imputer_model/21_yeast/imputer_model_gvh/model-0000.params"
2024-04-07 23:50:01,389 [INFO]  Epoch[0] Validation-cross-entropy=0.021902
2024-04-07 23:50:01,389 [INFO]  Epoch[0] Validation-gvh-accuracy=0.000000
2024-04-07 23:50:01,410 [INFO]  Epoch[1] Batch [0-34]	Speed: 27761.64 samples/sec	cross-entropy=0.014181	gvh-accuracy=3.142857
2024-04-07 23:50:01,452 [INFO]  Epoch[1] Train-cross-entropy=0.005143
2024-04-07 23:50:01,452 [INFO]  Epoch[1] Train-gvh-accuracy=3.218750
2024-04-07 23:50:01,453 [INFO]  Epoch[1] Time cost=0.063
2024-04-07 23:50:01,455 [INFO]  Saved checkpoint to "./imputer_model/21_yeast/imputer_model_gvh/model-0001.params"
2024-04-07 23:50:01,459 [INFO]  Epoch[1] Validation-cross-entropy=0.005962
2024-04-07 23:50:01,459 [INFO]  Epoch[1] Validation-gvh-accuracy=0.000000
2024-04-07 23:50:01,499 [INFO]  Epoch[2] Batch [0-34]	Speed: 14308.57 samples/sec	cross-entropy=0.006979	gvh-accuracy=3.142857
2024-04-07 23:50:01,546 [INFO]  Epoch[2] Train-cross-entropy=0.003427
2024-04-07 23:50:01,547 [INFO]  Epoch[2] Train-gvh-accuracy=3.218750
2024-04-07 23:50:01,547 [INFO]  Epoch[2] Time cost=0.088
2024-04-07 23:50:01,548 [INFO]  Saved checkpoint to "./imputer_model/21_yeast/imputer_model_gvh/model-0002.params"
2024-04-07 23:50:01,550 [INFO]  Epoch[2] Validation-cross-entropy=0.003650
2024-04-07 23:50:01,550 [INFO]  Epoch[2] Validation-gvh-accuracy=0.000000
2024-04-07 23:50:01,571 [INFO]  Epoch[3] Batch [0-34]	Speed: 27643.58 samples/sec	cross-entropy=0.004705	gvh-accuracy=3.142857
2024-04-07 23:50:01,589 [INFO]  Epoch[3] Train-cross-entropy=0.002503
2024-04-07 23:50:01,589 [INFO]  Epoch[3] Train-gvh-accuracy=3.218750
2024-04-07 23:50:01,589 [INFO]  Epoch[3] Time cost=0.039
2024-04-07 23:50:01,591 [INFO]  Saved checkpoint to "./imputer_model/21_yeast/imputer_model_gvh/model-0003.params"
2024-04-07 23:50:01,593 [INFO]  Epoch[3] Validation-cross-entropy=0.002112
2024-04-07 23:50:01,593 [INFO]  Epoch[3] Validation-gvh-accuracy=0.000000
2024-04-07 23:50:01,763 [INFO]  Epoch[4] Batch [0-34]	Speed: 3222.10 samples/sec	cross-entropy=0.003131	gvh-accuracy=3.142857
2024-04-07 23:50:01,798 [INFO]  Epoch[4] Train-cross-entropy=0.001701
2024-04-07 23:50:01,798 [INFO]  Epoch[4] Train-gvh-accuracy=3.218750
2024-04-07 23:50:01,798 [INFO]  Epoch[4] Time cost=0.205
2024-04-07 23:50:01,800 [INFO]  Saved checkpoint to "./imputer_model/21_yeast/imputer_model_gvh/model-0004.params"
2024-04-07 23:50:01,803 [INFO]  Epoch[4] Validation-cross-entropy=0.000965
2024-04-07 23:50:01,804 [INFO]  Epoch[4] Validation-gvh-accuracy=0.000000
2024-04-07 23:50:01,804 [INFO]  
========== done (0.7360107898712158 s) fit model
2024-04-07 23:50:08,334 [INFO]  
========== start: fit model
2024-04-07 23:50:08,335 [WARNING]  Already bound, ignoring bind()
2024-04-07 23:50:08,365 [INFO]  Epoch[0] Batch [0-34]	Speed: 20073.56 samples/sec	cross-entropy=1.996515	gvh-accuracy=3.314286
2024-04-07 23:50:08,389 [INFO]  Epoch[0] Train-cross-entropy=0.041736
2024-04-07 23:50:08,389 [INFO]  Epoch[0] Train-gvh-accuracy=2.718750
2024-04-07 23:50:08,389 [INFO]  Epoch[0] Time cost=0.053
2024-04-07 23:50:08,392 [INFO]  Saved checkpoint to "./imputer_model/21_yeast/imputer_model_gvh/model-0000.params"
2024-04-07 23:50:08,394 [INFO]  Epoch[0] Validation-cross-entropy=0.016440
2024-04-07 23:50:08,394 [INFO]  Epoch[0] Validation-gvh-accuracy=0.000000
2024-04-07 23:50:08,424 [INFO]  Epoch[1] Batch [0-34]	Speed: 19212.71 samples/sec	cross-entropy=0.014362	gvh-accuracy=3.314286
2024-04-07 23:50:08,450 [INFO]  Epoch[1] Train-cross-entropy=0.006829
2024-04-07 23:50:08,451 [INFO]  Epoch[1] Train-gvh-accuracy=2.718750
2024-04-07 23:50:08,451 [INFO]  Epoch[1] Time cost=0.056
2024-04-07 23:50:08,453 [INFO]  Saved checkpoint to "./imputer_model/21_yeast/imputer_model_gvh/model-0001.params"
2024-04-07 23:50:08,455 [INFO]  Epoch[1] Validation-cross-entropy=0.004522
2024-04-07 23:50:08,455 [INFO]  Epoch[1] Validation-gvh-accuracy=0.000000
2024-04-07 23:50:08,485 [INFO]  Epoch[2] Batch [0-34]	Speed: 18985.54 samples/sec	cross-entropy=0.005625	gvh-accuracy=3.314286
2024-04-07 23:50:08,511 [INFO]  Epoch[2] Train-cross-entropy=0.002786
2024-04-07 23:50:08,511 [INFO]  Epoch[2] Train-gvh-accuracy=2.718750
2024-04-07 23:50:08,511 [INFO]  Epoch[2] Time cost=0.056
2024-04-07 23:50:08,513 [INFO]  Saved checkpoint to "./imputer_model/21_yeast/imputer_model_gvh/model-0002.params"
2024-04-07 23:50:08,516 [INFO]  Epoch[2] Validation-cross-entropy=0.002853
2024-04-07 23:50:08,516 [INFO]  Epoch[2] Validation-gvh-accuracy=0.000000
2024-04-07 23:50:08,567 [INFO]  Epoch[3] Batch [0-34]	Speed: 10821.19 samples/sec	cross-entropy=0.002926	gvh-accuracy=3.314286
2024-04-07 23:50:08,769 [INFO]  Epoch[3] Train-cross-entropy=0.001682
2024-04-07 23:50:08,769 [INFO]  Epoch[3] Train-gvh-accuracy=2.718750
2024-04-07 23:50:08,769 [INFO]  Epoch[3] Time cost=0.254
2024-04-07 23:50:08,773 [INFO]  Saved checkpoint to "./imputer_model/21_yeast/imputer_model_gvh/model-0003.params"
2024-04-07 23:50:08,787 [INFO]  Epoch[3] Validation-cross-entropy=0.001771
2024-04-07 23:50:08,787 [INFO]  Epoch[3] Validation-gvh-accuracy=0.000000
2024-04-07 23:50:09,014 [INFO]  Epoch[4] Batch [0-34]	Speed: 2818.62 samples/sec	cross-entropy=0.001947	gvh-accuracy=3.314286
2024-04-07 23:50:09,049 [INFO]  Epoch[4] Train-cross-entropy=0.001263
2024-04-07 23:50:09,049 [INFO]  Epoch[4] Train-gvh-accuracy=2.718750
2024-04-07 23:50:09,050 [INFO]  Epoch[4] Time cost=0.262
2024-04-07 23:50:09,051 [INFO]  Saved checkpoint to "./imputer_model/21_yeast/imputer_model_gvh/model-0004.params"
2024-04-07 23:50:09,058 [INFO]  Epoch[4] Validation-cross-entropy=0.001222
2024-04-07 23:50:09,059 [INFO]  Epoch[4] Validation-gvh-accuracy=0.000000
2024-04-07 23:50:09,059 [INFO]  
========== done (0.7242181301116943 s) fit model
2024-04-07 23:50:12,482 [INFO]  
========== start: fit model
2024-04-07 23:50:12,482 [WARNING]  Already bound, ignoring bind()
2024-04-07 23:50:12,528 [INFO]  Epoch[0] Batch [0-34]	Speed: 14231.81 samples/sec	cross-entropy=3.460991	gvh-accuracy=0.000000
2024-04-07 23:50:12,548 [INFO]  Epoch[0] Train-cross-entropy=0.073409
2024-04-07 23:50:12,548 [INFO]  Epoch[0] Train-gvh-accuracy=0.000000
2024-04-07 23:50:12,548 [INFO]  Epoch[0] Time cost=0.065
2024-04-07 23:50:12,550 [INFO]  Saved checkpoint to "./imputer_model/21_yeast/imputer_model_gvh/model-0000.params"
2024-04-07 23:50:12,552 [INFO]  Epoch[0] Validation-cross-entropy=0.049046
2024-04-07 23:50:12,552 [INFO]  Epoch[0] Validation-gvh-accuracy=0.000000
2024-04-07 23:50:12,574 [INFO]  Epoch[1] Batch [0-34]	Speed: 26209.88 samples/sec	cross-entropy=0.015479	gvh-accuracy=0.000000
2024-04-07 23:50:12,594 [INFO]  Epoch[1] Train-cross-entropy=0.013961
2024-04-07 23:50:12,594 [INFO]  Epoch[1] Train-gvh-accuracy=0.000000
2024-04-07 23:50:12,594 [INFO]  Epoch[1] Time cost=0.042
2024-04-07 23:50:12,596 [INFO]  Saved checkpoint to "./imputer_model/21_yeast/imputer_model_gvh/model-0001.params"
2024-04-07 23:50:12,599 [INFO]  Epoch[1] Validation-cross-entropy=0.012919
2024-04-07 23:50:12,599 [INFO]  Epoch[1] Validation-gvh-accuracy=0.000000
2024-04-07 23:50:12,620 [INFO]  Epoch[2] Batch [0-34]	Speed: 26972.38 samples/sec	cross-entropy=0.005216	gvh-accuracy=0.000000
2024-04-07 23:50:12,640 [INFO]  Epoch[2] Train-cross-entropy=0.004739
2024-04-07 23:50:12,640 [INFO]  Epoch[2] Train-gvh-accuracy=0.000000
2024-04-07 23:50:12,640 [INFO]  Epoch[2] Time cost=0.041
2024-04-07 23:50:12,642 [INFO]  Saved checkpoint to "./imputer_model/21_yeast/imputer_model_gvh/model-0002.params"
2024-04-07 23:50:12,645 [INFO]  Epoch[2] Validation-cross-entropy=0.005402
2024-04-07 23:50:12,645 [INFO]  Epoch[2] Validation-gvh-accuracy=0.000000
2024-04-07 23:50:12,665 [INFO]  Epoch[3] Batch [0-34]	Speed: 28514.50 samples/sec	cross-entropy=0.002831	gvh-accuracy=0.000000
2024-04-07 23:50:12,683 [INFO]  Epoch[3] Train-cross-entropy=0.002801
2024-04-07 23:50:12,683 [INFO]  Epoch[3] Train-gvh-accuracy=0.000000
2024-04-07 23:50:12,683 [INFO]  Epoch[3] Time cost=0.038
2024-04-07 23:50:12,684 [INFO]  Saved checkpoint to "./imputer_model/21_yeast/imputer_model_gvh/model-0003.params"
2024-04-07 23:50:12,687 [INFO]  Epoch[3] Validation-cross-entropy=0.003508
2024-04-07 23:50:12,687 [INFO]  Epoch[3] Validation-gvh-accuracy=0.000000
2024-04-07 23:50:12,709 [INFO]  Epoch[4] Batch [0-34]	Speed: 24954.90 samples/sec	cross-entropy=0.002271	gvh-accuracy=0.000000
2024-04-07 23:50:12,728 [INFO]  Epoch[4] Train-cross-entropy=0.002088
2024-04-07 23:50:12,728 [INFO]  Epoch[4] Train-gvh-accuracy=0.000000
2024-04-07 23:50:12,728 [INFO]  Epoch[4] Time cost=0.041
2024-04-07 23:50:12,730 [INFO]  Saved checkpoint to "./imputer_model/21_yeast/imputer_model_gvh/model-0004.params"
2024-04-07 23:50:12,732 [INFO]  Epoch[4] Validation-cross-entropy=0.002591
2024-04-07 23:50:12,732 [INFO]  Epoch[4] Validation-gvh-accuracy=0.000000
2024-04-07 23:50:12,732 [INFO]  
========== done (0.2503089904785156 s) fit model
2024-04-07 23:50:16,116 [INFO]  
========== start: fit model
2024-04-07 23:50:16,116 [WARNING]  Already bound, ignoring bind()
2024-04-07 23:50:16,144 [INFO]  Epoch[0] Batch [0-34]	Speed: 21972.39 samples/sec	cross-entropy=0.673121	gvh-accuracy=3.285714
2024-04-07 23:50:16,167 [INFO]  Epoch[0] Train-cross-entropy=0.046123
2024-04-07 23:50:16,167 [INFO]  Epoch[0] Train-gvh-accuracy=3.125000
2024-04-07 23:50:16,167 [INFO]  Epoch[0] Time cost=0.050
2024-04-07 23:50:16,169 [INFO]  Saved checkpoint to "./imputer_model/21_yeast/imputer_model_gvh/model-0000.params"
2024-04-07 23:50:16,172 [INFO]  Epoch[0] Validation-cross-entropy=0.015783
2024-04-07 23:50:16,172 [INFO]  Epoch[0] Validation-gvh-accuracy=0.000000
2024-04-07 23:50:16,198 [INFO]  Epoch[1] Batch [0-34]	Speed: 21772.38 samples/sec	cross-entropy=0.016135	gvh-accuracy=3.285714
2024-04-07 23:50:16,230 [INFO]  Epoch[1] Train-cross-entropy=0.011299
2024-04-07 23:50:16,230 [INFO]  Epoch[1] Train-gvh-accuracy=3.125000
2024-04-07 23:50:16,230 [INFO]  Epoch[1] Time cost=0.058
2024-04-07 23:50:16,232 [INFO]  Saved checkpoint to "./imputer_model/21_yeast/imputer_model_gvh/model-0001.params"
2024-04-07 23:50:16,235 [INFO]  Epoch[1] Validation-cross-entropy=0.006206
2024-04-07 23:50:16,235 [INFO]  Epoch[1] Validation-gvh-accuracy=0.000000
2024-04-07 23:50:16,276 [INFO]  Epoch[2] Batch [0-34]	Speed: 13727.66 samples/sec	cross-entropy=0.009497	gvh-accuracy=3.285714
2024-04-07 23:50:16,302 [INFO]  Epoch[2] Train-cross-entropy=0.006595
2024-04-07 23:50:16,302 [INFO]  Epoch[2] Train-gvh-accuracy=3.125000
2024-04-07 23:50:16,302 [INFO]  Epoch[2] Time cost=0.067
2024-04-07 23:50:16,304 [INFO]  Saved checkpoint to "./imputer_model/21_yeast/imputer_model_gvh/model-0002.params"
2024-04-07 23:50:16,308 [INFO]  Epoch[2] Validation-cross-entropy=0.003927
2024-04-07 23:50:16,308 [INFO]  Epoch[2] Validation-gvh-accuracy=0.000000
2024-04-07 23:50:16,336 [INFO]  Epoch[3] Batch [0-34]	Speed: 19990.37 samples/sec	cross-entropy=0.005015	gvh-accuracy=3.285714
2024-04-07 23:50:16,362 [INFO]  Epoch[3] Train-cross-entropy=0.002991
2024-04-07 23:50:16,362 [INFO]  Epoch[3] Train-gvh-accuracy=3.125000
2024-04-07 23:50:16,362 [INFO]  Epoch[3] Time cost=0.054
2024-04-07 23:50:16,364 [INFO]  Saved checkpoint to "./imputer_model/21_yeast/imputer_model_gvh/model-0003.params"
2024-04-07 23:50:16,367 [INFO]  Epoch[3] Validation-cross-entropy=0.002193
2024-04-07 23:50:16,367 [INFO]  Epoch[3] Validation-gvh-accuracy=0.000000
2024-04-07 23:50:16,395 [INFO]  Epoch[4] Batch [0-34]	Speed: 20170.63 samples/sec	cross-entropy=0.003096	gvh-accuracy=3.285714
2024-04-07 23:50:16,421 [INFO]  Epoch[4] Train-cross-entropy=0.002048
2024-04-07 23:50:16,421 [INFO]  Epoch[4] Train-gvh-accuracy=3.125000
2024-04-07 23:50:16,421 [INFO]  Epoch[4] Time cost=0.053
2024-04-07 23:50:16,423 [INFO]  Saved checkpoint to "./imputer_model/21_yeast/imputer_model_gvh/model-0004.params"
2024-04-07 23:50:16,426 [INFO]  Epoch[4] Validation-cross-entropy=0.001277
2024-04-07 23:50:16,426 [INFO]  Epoch[4] Validation-gvh-accuracy=0.000000
2024-04-07 23:50:16,426 [INFO]  
========== done (0.3095667362213135 s) fit model
2024-04-07 23:50:19,903 [INFO]  
========== start: fit model
2024-04-07 23:50:19,903 [WARNING]  Already bound, ignoring bind()
2024-04-07 23:50:19,928 [INFO]  Epoch[0] Batch [0-34]	Speed: 25031.83 samples/sec	cross-entropy=3.516439	gvh-accuracy=2.885714
2024-04-07 23:50:19,946 [INFO]  Epoch[0] Train-cross-entropy=0.098899
2024-04-07 23:50:19,946 [INFO]  Epoch[0] Train-gvh-accuracy=3.500000
2024-04-07 23:50:19,946 [INFO]  Epoch[0] Time cost=0.042
2024-04-07 23:50:19,948 [INFO]  Saved checkpoint to "./imputer_model/21_yeast/imputer_model_gvh/model-0000.params"
2024-04-07 23:50:19,950 [INFO]  Epoch[0] Validation-cross-entropy=0.041279
2024-04-07 23:50:19,950 [INFO]  Epoch[0] Validation-gvh-accuracy=0.000000
2024-04-07 23:50:19,970 [INFO]  Epoch[1] Batch [0-34]	Speed: 28243.07 samples/sec	cross-entropy=0.017069	gvh-accuracy=2.885714
2024-04-07 23:50:19,988 [INFO]  Epoch[1] Train-cross-entropy=0.009619
2024-04-07 23:50:19,988 [INFO]  Epoch[1] Train-gvh-accuracy=3.500000
2024-04-07 23:50:19,988 [INFO]  Epoch[1] Time cost=0.038
2024-04-07 23:50:19,989 [INFO]  Saved checkpoint to "./imputer_model/21_yeast/imputer_model_gvh/model-0001.params"
2024-04-07 23:50:19,991 [INFO]  Epoch[1] Validation-cross-entropy=0.007715
2024-04-07 23:50:19,992 [INFO]  Epoch[1] Validation-gvh-accuracy=0.000000
2024-04-07 23:50:20,011 [INFO]  Epoch[2] Batch [0-34]	Speed: 28300.52 samples/sec	cross-entropy=0.007052	gvh-accuracy=2.885714
2024-04-07 23:50:20,030 [INFO]  Epoch[2] Train-cross-entropy=0.004257
2024-04-07 23:50:20,030 [INFO]  Epoch[2] Train-gvh-accuracy=3.500000
2024-04-07 23:50:20,030 [INFO]  Epoch[2] Time cost=0.038
2024-04-07 23:50:20,031 [INFO]  Saved checkpoint to "./imputer_model/21_yeast/imputer_model_gvh/model-0002.params"
2024-04-07 23:50:20,033 [INFO]  Epoch[2] Validation-cross-entropy=0.002997
2024-04-07 23:50:20,034 [INFO]  Epoch[2] Validation-gvh-accuracy=0.000000
2024-04-07 23:50:20,054 [INFO]  Epoch[3] Batch [0-34]	Speed: 28088.70 samples/sec	cross-entropy=0.003026	gvh-accuracy=2.885714
2024-04-07 23:50:20,078 [INFO]  Epoch[3] Train-cross-entropy=0.002023
2024-04-07 23:50:20,078 [INFO]  Epoch[3] Train-gvh-accuracy=3.500000
2024-04-07 23:50:20,078 [INFO]  Epoch[3] Time cost=0.045
2024-04-07 23:50:20,080 [INFO]  Saved checkpoint to "./imputer_model/21_yeast/imputer_model_gvh/model-0003.params"
2024-04-07 23:50:20,082 [INFO]  Epoch[3] Validation-cross-entropy=0.001215
2024-04-07 23:50:20,082 [INFO]  Epoch[3] Validation-gvh-accuracy=0.000000
2024-04-07 23:50:20,101 [INFO]  Epoch[4] Batch [0-34]	Speed: 28664.95 samples/sec	cross-entropy=0.001921	gvh-accuracy=2.885714
2024-04-07 23:50:20,120 [INFO]  Epoch[4] Train-cross-entropy=0.001092
2024-04-07 23:50:20,120 [INFO]  Epoch[4] Train-gvh-accuracy=3.500000
2024-04-07 23:50:20,120 [INFO]  Epoch[4] Time cost=0.038
2024-04-07 23:50:20,122 [INFO]  Saved checkpoint to "./imputer_model/21_yeast/imputer_model_gvh/model-0004.params"
2024-04-07 23:50:20,123 [INFO]  Epoch[4] Validation-cross-entropy=0.001019
2024-04-07 23:50:20,124 [INFO]  Epoch[4] Validation-gvh-accuracy=0.000000
2024-04-07 23:50:20,124 [INFO]  
========== done (0.2206871509552002 s) fit model
2024-04-07 23:50:23,800 [INFO]  
========== start: fit model
2024-04-07 23:50:23,800 [WARNING]  Already bound, ignoring bind()
2024-04-07 23:50:23,825 [INFO]  Epoch[0] Batch [0-34]	Speed: 24469.43 samples/sec	cross-entropy=4.823001	gvh-accuracy=3.057143
2024-04-07 23:50:23,843 [INFO]  Epoch[0] Train-cross-entropy=0.167727
2024-04-07 23:50:23,843 [INFO]  Epoch[0] Train-gvh-accuracy=3.375000
2024-04-07 23:50:23,843 [INFO]  Epoch[0] Time cost=0.042
2024-04-07 23:50:23,845 [INFO]  Saved checkpoint to "./imputer_model/21_yeast/imputer_model_gvh/model-0000.params"
2024-04-07 23:50:23,847 [INFO]  Epoch[0] Validation-cross-entropy=0.064132
2024-04-07 23:50:23,847 [INFO]  Epoch[0] Validation-gvh-accuracy=0.000000
2024-04-07 23:50:23,867 [INFO]  Epoch[1] Batch [0-34]	Speed: 28288.24 samples/sec	cross-entropy=0.031946	gvh-accuracy=3.057143
2024-04-07 23:50:23,886 [INFO]  Epoch[1] Train-cross-entropy=0.017006
2024-04-07 23:50:23,886 [INFO]  Epoch[1] Train-gvh-accuracy=3.375000
2024-04-07 23:50:23,886 [INFO]  Epoch[1] Time cost=0.039
2024-04-07 23:50:23,887 [INFO]  Saved checkpoint to "./imputer_model/21_yeast/imputer_model_gvh/model-0001.params"
2024-04-07 23:50:23,890 [INFO]  Epoch[1] Validation-cross-entropy=0.019792
2024-04-07 23:50:23,890 [INFO]  Epoch[1] Validation-gvh-accuracy=0.000000
2024-04-07 23:50:23,910 [INFO]  Epoch[2] Batch [0-34]	Speed: 28541.60 samples/sec	cross-entropy=0.012515	gvh-accuracy=3.057143
2024-04-07 23:50:23,928 [INFO]  Epoch[2] Train-cross-entropy=0.008310
2024-04-07 23:50:23,928 [INFO]  Epoch[2] Train-gvh-accuracy=3.375000
2024-04-07 23:50:23,928 [INFO]  Epoch[2] Time cost=0.038
2024-04-07 23:50:23,929 [INFO]  Saved checkpoint to "./imputer_model/21_yeast/imputer_model_gvh/model-0002.params"
2024-04-07 23:50:23,932 [INFO]  Epoch[2] Validation-cross-entropy=0.009790
2024-04-07 23:50:23,932 [INFO]  Epoch[2] Validation-gvh-accuracy=0.000000
2024-04-07 23:50:23,951 [INFO]  Epoch[3] Batch [0-34]	Speed: 28578.07 samples/sec	cross-entropy=0.006727	gvh-accuracy=3.057143
2024-04-07 23:50:23,970 [INFO]  Epoch[3] Train-cross-entropy=0.005124
2024-04-07 23:50:23,970 [INFO]  Epoch[3] Train-gvh-accuracy=3.375000
2024-04-07 23:50:23,970 [INFO]  Epoch[3] Time cost=0.038
2024-04-07 23:50:23,971 [INFO]  Saved checkpoint to "./imputer_model/21_yeast/imputer_model_gvh/model-0003.params"
2024-04-07 23:50:23,973 [INFO]  Epoch[3] Validation-cross-entropy=0.005781
2024-04-07 23:50:23,973 [INFO]  Epoch[3] Validation-gvh-accuracy=0.000000
2024-04-07 23:50:23,993 [INFO]  Epoch[4] Batch [0-34]	Speed: 28564.47 samples/sec	cross-entropy=0.004323	gvh-accuracy=3.057143
2024-04-07 23:50:24,011 [INFO]  Epoch[4] Train-cross-entropy=0.004150
2024-04-07 23:50:24,011 [INFO]  Epoch[4] Train-gvh-accuracy=3.375000
2024-04-07 23:50:24,011 [INFO]  Epoch[4] Time cost=0.038
2024-04-07 23:50:24,013 [INFO]  Saved checkpoint to "./imputer_model/21_yeast/imputer_model_gvh/model-0004.params"
2024-04-07 23:50:24,015 [INFO]  Epoch[4] Validation-cross-entropy=0.004085
2024-04-07 23:50:24,015 [INFO]  Epoch[4] Validation-gvh-accuracy=0.000000
2024-04-07 23:50:24,015 [INFO]  
========== done (0.2148287296295166 s) fit model
2024-04-07 23:50:27,510 [INFO]  
========== start: fit model
2024-04-07 23:50:27,510 [WARNING]  Already bound, ignoring bind()
2024-04-07 23:50:27,551 [INFO]  Epoch[0] Batch [0-34]	Speed: 15104.30 samples/sec	cross-entropy=8.761881	gvh-accuracy=3.628571
2024-04-07 23:50:27,577 [INFO]  Epoch[0] Train-cross-entropy=0.249000
2024-04-07 23:50:27,577 [INFO]  Epoch[0] Train-gvh-accuracy=3.000000
2024-04-07 23:50:27,577 [INFO]  Epoch[0] Time cost=0.066
2024-04-07 23:50:27,579 [INFO]  Saved checkpoint to "./imputer_model/21_yeast/imputer_model_gvh/model-0000.params"
2024-04-07 23:50:27,582 [INFO]  Epoch[0] Validation-cross-entropy=0.075835
2024-04-07 23:50:27,582 [INFO]  Epoch[0] Validation-gvh-accuracy=0.000000
2024-04-07 23:50:27,612 [INFO]  Epoch[1] Batch [0-34]	Speed: 18902.65 samples/sec	cross-entropy=0.041925	gvh-accuracy=3.628571
2024-04-07 23:50:27,639 [INFO]  Epoch[1] Train-cross-entropy=0.014952
2024-04-07 23:50:27,639 [INFO]  Epoch[1] Train-gvh-accuracy=3.000000
2024-04-07 23:50:27,639 [INFO]  Epoch[1] Time cost=0.057
2024-04-07 23:50:27,641 [INFO]  Saved checkpoint to "./imputer_model/21_yeast/imputer_model_gvh/model-0001.params"
2024-04-07 23:50:27,644 [INFO]  Epoch[1] Validation-cross-entropy=0.007531
2024-04-07 23:50:27,644 [INFO]  Epoch[1] Validation-gvh-accuracy=0.000000
2024-04-07 23:50:27,674 [INFO]  Epoch[2] Batch [0-34]	Speed: 18587.74 samples/sec	cross-entropy=0.007166	gvh-accuracy=3.628571
2024-04-07 23:50:27,701 [INFO]  Epoch[2] Train-cross-entropy=0.004092
2024-04-07 23:50:27,701 [INFO]  Epoch[2] Train-gvh-accuracy=3.000000
2024-04-07 23:50:27,701 [INFO]  Epoch[2] Time cost=0.057
2024-04-07 23:50:27,704 [INFO]  Saved checkpoint to "./imputer_model/21_yeast/imputer_model_gvh/model-0002.params"
2024-04-07 23:50:27,707 [INFO]  Epoch[2] Validation-cross-entropy=0.002596
2024-04-07 23:50:27,707 [INFO]  Epoch[2] Validation-gvh-accuracy=0.000000
2024-04-07 23:50:27,735 [INFO]  Epoch[3] Batch [0-34]	Speed: 19985.82 samples/sec	cross-entropy=0.003026	gvh-accuracy=3.628571
2024-04-07 23:50:27,760 [INFO]  Epoch[3] Train-cross-entropy=0.001911
2024-04-07 23:50:27,760 [INFO]  Epoch[3] Train-gvh-accuracy=3.000000
2024-04-07 23:50:27,760 [INFO]  Epoch[3] Time cost=0.054
2024-04-07 23:50:27,762 [INFO]  Saved checkpoint to "./imputer_model/21_yeast/imputer_model_gvh/model-0003.params"
2024-04-07 23:50:27,765 [INFO]  Epoch[3] Validation-cross-entropy=0.001552
2024-04-07 23:50:27,765 [INFO]  Epoch[3] Validation-gvh-accuracy=0.000000
2024-04-07 23:50:27,793 [INFO]  Epoch[4] Batch [0-34]	Speed: 20596.88 samples/sec	cross-entropy=0.001795	gvh-accuracy=3.628571
2024-04-07 23:50:27,820 [INFO]  Epoch[4] Train-cross-entropy=0.001299
2024-04-07 23:50:27,820 [INFO]  Epoch[4] Train-gvh-accuracy=3.000000
2024-04-07 23:50:27,820 [INFO]  Epoch[4] Time cost=0.054
2024-04-07 23:50:27,822 [INFO]  Saved checkpoint to "./imputer_model/21_yeast/imputer_model_gvh/model-0004.params"
2024-04-07 23:50:27,825 [INFO]  Epoch[4] Validation-cross-entropy=0.000987
2024-04-07 23:50:27,825 [INFO]  Epoch[4] Validation-gvh-accuracy=0.000000
2024-04-07 23:50:27,825 [INFO]  
========== done (0.3148987293243408 s) fit model
2024-04-07 23:50:31,602 [INFO]  
========== start: fit model
2024-04-07 23:50:31,602 [WARNING]  Already bound, ignoring bind()
2024-04-07 23:50:31,640 [INFO]  Epoch[0] Batch [0-34]	Speed: 15482.07 samples/sec	cross-entropy=4.203907	gvh-accuracy=3.171429
2024-04-07 23:50:31,659 [INFO]  Epoch[0] Train-cross-entropy=0.127183
2024-04-07 23:50:31,659 [INFO]  Epoch[0] Train-gvh-accuracy=3.500000
2024-04-07 23:50:31,659 [INFO]  Epoch[0] Time cost=0.056
2024-04-07 23:50:31,661 [INFO]  Saved checkpoint to "./imputer_model/21_yeast/imputer_model_gvh/model-0000.params"
2024-04-07 23:50:31,663 [INFO]  Epoch[0] Validation-cross-entropy=0.035557
2024-04-07 23:50:31,663 [INFO]  Epoch[0] Validation-gvh-accuracy=0.000000
2024-04-07 23:50:31,684 [INFO]  Epoch[1] Batch [0-34]	Speed: 27158.91 samples/sec	cross-entropy=0.020563	gvh-accuracy=3.171429
2024-04-07 23:50:31,712 [INFO]  Epoch[1] Train-cross-entropy=0.011830
2024-04-07 23:50:31,712 [INFO]  Epoch[1] Train-gvh-accuracy=3.500000
2024-04-07 23:50:31,712 [INFO]  Epoch[1] Time cost=0.049
2024-04-07 23:50:31,714 [INFO]  Saved checkpoint to "./imputer_model/21_yeast/imputer_model_gvh/model-0001.params"
2024-04-07 23:50:31,716 [INFO]  Epoch[1] Validation-cross-entropy=0.009823
2024-04-07 23:50:31,716 [INFO]  Epoch[1] Validation-gvh-accuracy=0.000000
2024-04-07 23:50:31,745 [INFO]  Epoch[2] Batch [0-34]	Speed: 19095.81 samples/sec	cross-entropy=0.007002	gvh-accuracy=3.171429
2024-04-07 23:50:31,797 [INFO]  Epoch[2] Train-cross-entropy=0.005933
2024-04-07 23:50:31,797 [INFO]  Epoch[2] Train-gvh-accuracy=3.500000
2024-04-07 23:50:31,797 [INFO]  Epoch[2] Time cost=0.082
2024-04-07 23:50:31,801 [INFO]  Saved checkpoint to "./imputer_model/21_yeast/imputer_model_gvh/model-0002.params"
2024-04-07 23:50:31,807 [INFO]  Epoch[2] Validation-cross-entropy=0.005617
2024-04-07 23:50:31,807 [INFO]  Epoch[2] Validation-gvh-accuracy=0.000000
2024-04-07 23:50:31,833 [INFO]  Epoch[3] Batch [0-34]	Speed: 21375.65 samples/sec	cross-entropy=0.004204	gvh-accuracy=3.171429
2024-04-07 23:50:31,858 [INFO]  Epoch[3] Train-cross-entropy=0.004228
2024-04-07 23:50:31,858 [INFO]  Epoch[3] Train-gvh-accuracy=3.500000
2024-04-07 23:50:31,858 [INFO]  Epoch[3] Time cost=0.051
2024-04-07 23:50:31,860 [INFO]  Saved checkpoint to "./imputer_model/21_yeast/imputer_model_gvh/model-0003.params"
2024-04-07 23:50:31,862 [INFO]  Epoch[3] Validation-cross-entropy=0.004241
2024-04-07 23:50:31,862 [INFO]  Epoch[3] Validation-gvh-accuracy=0.000000
2024-04-07 23:50:31,888 [INFO]  Epoch[4] Batch [0-34]	Speed: 21211.51 samples/sec	cross-entropy=0.003064	gvh-accuracy=3.171429
2024-04-07 23:50:31,913 [INFO]  Epoch[4] Train-cross-entropy=0.003537
2024-04-07 23:50:31,913 [INFO]  Epoch[4] Train-gvh-accuracy=3.500000
2024-04-07 23:50:31,913 [INFO]  Epoch[4] Time cost=0.051
2024-04-07 23:50:31,915 [INFO]  Saved checkpoint to "./imputer_model/21_yeast/imputer_model_gvh/model-0004.params"
2024-04-07 23:50:31,917 [INFO]  Epoch[4] Validation-cross-entropy=0.003266
2024-04-07 23:50:31,917 [INFO]  Epoch[4] Validation-gvh-accuracy=0.000000
2024-04-07 23:50:31,917 [INFO]  
========== done (0.31557273864746094 s) fit model
2024-04-07 23:50:35,734 [INFO]  
========== start: fit model
2024-04-07 23:50:35,734 [WARNING]  Already bound, ignoring bind()
2024-04-07 23:50:35,773 [INFO]  Epoch[0] Batch [0-34]	Speed: 14794.72 samples/sec	cross-entropy=4.496626	gvh-accuracy=3.171429
2024-04-07 23:50:35,794 [INFO]  Epoch[0] Train-cross-entropy=0.164743
2024-04-07 23:50:35,794 [INFO]  Epoch[0] Train-gvh-accuracy=3.000000
2024-04-07 23:50:35,794 [INFO]  Epoch[0] Time cost=0.059
2024-04-07 23:50:35,795 [INFO]  Saved checkpoint to "./imputer_model/21_yeast/imputer_model_gvh/model-0000.params"
2024-04-07 23:50:35,797 [INFO]  Epoch[0] Validation-cross-entropy=0.239073
2024-04-07 23:50:35,797 [INFO]  Epoch[0] Validation-gvh-accuracy=0.000000
2024-04-07 23:50:35,817 [INFO]  Epoch[1] Batch [0-34]	Speed: 27898.43 samples/sec	cross-entropy=0.059827	gvh-accuracy=3.171429
2024-04-07 23:50:35,836 [INFO]  Epoch[1] Train-cross-entropy=0.026631
2024-04-07 23:50:35,836 [INFO]  Epoch[1] Train-gvh-accuracy=3.000000
2024-04-07 23:50:35,836 [INFO]  Epoch[1] Time cost=0.039
2024-04-07 23:50:35,837 [INFO]  Saved checkpoint to "./imputer_model/21_yeast/imputer_model_gvh/model-0001.params"
2024-04-07 23:50:35,839 [INFO]  Epoch[1] Validation-cross-entropy=0.062249
2024-04-07 23:50:35,839 [INFO]  Epoch[1] Validation-gvh-accuracy=0.000000
2024-04-07 23:50:35,860 [INFO]  Epoch[2] Batch [0-34]	Speed: 27958.26 samples/sec	cross-entropy=0.018994	gvh-accuracy=3.171429
2024-04-07 23:50:35,878 [INFO]  Epoch[2] Train-cross-entropy=0.012818
2024-04-07 23:50:35,879 [INFO]  Epoch[2] Train-gvh-accuracy=3.000000
2024-04-07 23:50:35,879 [INFO]  Epoch[2] Time cost=0.039
2024-04-07 23:50:35,880 [INFO]  Saved checkpoint to "./imputer_model/21_yeast/imputer_model_gvh/model-0002.params"
2024-04-07 23:50:35,882 [INFO]  Epoch[2] Validation-cross-entropy=0.025312
2024-04-07 23:50:35,882 [INFO]  Epoch[2] Validation-gvh-accuracy=0.000000
2024-04-07 23:50:35,918 [INFO]  Epoch[3] Batch [0-34]	Speed: 15299.26 samples/sec	cross-entropy=0.006904	gvh-accuracy=3.171429
2024-04-07 23:50:35,942 [INFO]  Epoch[3] Train-cross-entropy=0.006305
2024-04-07 23:50:35,943 [INFO]  Epoch[3] Train-gvh-accuracy=3.000000
2024-04-07 23:50:35,943 [INFO]  Epoch[3] Time cost=0.060
2024-04-07 23:50:35,944 [INFO]  Saved checkpoint to "./imputer_model/21_yeast/imputer_model_gvh/model-0003.params"
2024-04-07 23:50:35,946 [INFO]  Epoch[3] Validation-cross-entropy=0.010099
2024-04-07 23:50:35,946 [INFO]  Epoch[3] Validation-gvh-accuracy=0.000000
2024-04-07 23:50:35,998 [INFO]  Epoch[4] Batch [0-34]	Speed: 10574.74 samples/sec	cross-entropy=0.002598	gvh-accuracy=3.171429
2024-04-07 23:50:36,022 [INFO]  Epoch[4] Train-cross-entropy=0.002753
2024-04-07 23:50:36,022 [INFO]  Epoch[4] Train-gvh-accuracy=3.000000
2024-04-07 23:50:36,022 [INFO]  Epoch[4] Time cost=0.076
2024-04-07 23:50:36,024 [INFO]  Saved checkpoint to "./imputer_model/21_yeast/imputer_model_gvh/model-0004.params"
2024-04-07 23:50:36,026 [INFO]  Epoch[4] Validation-cross-entropy=0.002587
2024-04-07 23:50:36,026 [INFO]  Epoch[4] Validation-gvh-accuracy=0.000000
2024-04-07 23:50:36,026 [INFO]  
========== done (0.2926054000854492 s) fit model
2024-04-07 23:50:39,444 [INFO]  
========== start: fit model
2024-04-07 23:50:39,444 [WARNING]  Already bound, ignoring bind()
2024-04-07 23:50:39,473 [INFO]  Epoch[0] Batch [0-34]	Speed: 20735.77 samples/sec	cross-entropy=3.096590	gvh-accuracy=0.000000
2024-04-07 23:50:39,496 [INFO]  Epoch[0] Train-cross-entropy=0.083094
2024-04-07 23:50:39,497 [INFO]  Epoch[0] Train-gvh-accuracy=0.000000
2024-04-07 23:50:39,497 [INFO]  Epoch[0] Time cost=0.052
2024-04-07 23:50:39,498 [INFO]  Saved checkpoint to "./imputer_model/21_yeast/imputer_model_gvh/model-0000.params"
2024-04-07 23:50:39,501 [INFO]  Epoch[0] Validation-cross-entropy=0.033206
2024-04-07 23:50:39,501 [INFO]  Epoch[0] Validation-gvh-accuracy=0.000000
2024-04-07 23:50:39,527 [INFO]  Epoch[1] Batch [0-34]	Speed: 21509.45 samples/sec	cross-entropy=0.016251	gvh-accuracy=0.000000
2024-04-07 23:50:39,552 [INFO]  Epoch[1] Train-cross-entropy=0.008507
2024-04-07 23:50:39,552 [INFO]  Epoch[1] Train-gvh-accuracy=0.000000
2024-04-07 23:50:39,552 [INFO]  Epoch[1] Time cost=0.051
2024-04-07 23:50:39,553 [INFO]  Saved checkpoint to "./imputer_model/21_yeast/imputer_model_gvh/model-0001.params"
2024-04-07 23:50:39,556 [INFO]  Epoch[1] Validation-cross-entropy=0.013944
2024-04-07 23:50:39,556 [INFO]  Epoch[1] Validation-gvh-accuracy=0.000000
2024-04-07 23:50:39,582 [INFO]  Epoch[2] Batch [0-34]	Speed: 21827.57 samples/sec	cross-entropy=0.005866	gvh-accuracy=0.000000
2024-04-07 23:50:39,606 [INFO]  Epoch[2] Train-cross-entropy=0.003028
2024-04-07 23:50:39,606 [INFO]  Epoch[2] Train-gvh-accuracy=0.000000
2024-04-07 23:50:39,606 [INFO]  Epoch[2] Time cost=0.050
2024-04-07 23:50:39,608 [INFO]  Saved checkpoint to "./imputer_model/21_yeast/imputer_model_gvh/model-0002.params"
2024-04-07 23:50:39,611 [INFO]  Epoch[2] Validation-cross-entropy=0.005296
2024-04-07 23:50:39,611 [INFO]  Epoch[2] Validation-gvh-accuracy=0.000000
2024-04-07 23:50:39,637 [INFO]  Epoch[3] Batch [0-34]	Speed: 21609.48 samples/sec	cross-entropy=0.002243	gvh-accuracy=0.000000
2024-04-07 23:50:39,661 [INFO]  Epoch[3] Train-cross-entropy=0.001457
2024-04-07 23:50:39,661 [INFO]  Epoch[3] Train-gvh-accuracy=0.000000
2024-04-07 23:50:39,661 [INFO]  Epoch[3] Time cost=0.050
2024-04-07 23:50:39,663 [INFO]  Saved checkpoint to "./imputer_model/21_yeast/imputer_model_gvh/model-0003.params"
2024-04-07 23:50:39,665 [INFO]  Epoch[3] Validation-cross-entropy=0.002046
2024-04-07 23:50:39,665 [INFO]  Epoch[3] Validation-gvh-accuracy=0.000000
2024-04-07 23:50:39,691 [INFO]  Epoch[4] Batch [0-34]	Speed: 21698.05 samples/sec	cross-entropy=0.001115	gvh-accuracy=0.000000
2024-04-07 23:50:39,738 [INFO]  Epoch[4] Train-cross-entropy=0.000957
2024-04-07 23:50:39,739 [INFO]  Epoch[4] Train-gvh-accuracy=0.000000
2024-04-07 23:50:39,739 [INFO]  Epoch[4] Time cost=0.073
2024-04-07 23:50:39,740 [INFO]  Saved checkpoint to "./imputer_model/21_yeast/imputer_model_gvh/model-0004.params"
2024-04-07 23:50:39,756 [INFO]  Epoch[4] Validation-cross-entropy=0.000986
2024-04-07 23:50:39,756 [INFO]  Epoch[4] Validation-gvh-accuracy=0.000000
2024-04-07 23:50:39,756 [INFO]  
========== done (0.3121814727783203 s) fit model
2024-04-07 23:50:43,393 [INFO]  
========== start: fit model
2024-04-07 23:50:43,393 [WARNING]  Already bound, ignoring bind()
2024-04-07 23:50:43,463 [INFO]  Epoch[0] Batch [0-34]	Speed: 8088.13 samples/sec	cross-entropy=1.579813	gvh-accuracy=3.000000
2024-04-07 23:50:43,484 [INFO]  Epoch[0] Train-cross-entropy=0.066447
2024-04-07 23:50:43,485 [INFO]  Epoch[0] Train-gvh-accuracy=3.718750
2024-04-07 23:50:43,485 [INFO]  Epoch[0] Time cost=0.090
2024-04-07 23:50:43,486 [INFO]  Saved checkpoint to "./imputer_model/21_yeast/imputer_model_gvh/model-0000.params"
2024-04-07 23:50:43,489 [INFO]  Epoch[0] Validation-cross-entropy=0.015688
2024-04-07 23:50:43,489 [INFO]  Epoch[0] Validation-gvh-accuracy=0.000000
2024-04-07 23:50:43,511 [INFO]  Epoch[1] Batch [0-34]	Speed: 25035.95 samples/sec	cross-entropy=0.014287	gvh-accuracy=3.000000
2024-04-07 23:50:43,532 [INFO]  Epoch[1] Train-cross-entropy=0.009156
2024-04-07 23:50:43,533 [INFO]  Epoch[1] Train-gvh-accuracy=3.718750
2024-04-07 23:50:43,533 [INFO]  Epoch[1] Time cost=0.044
2024-04-07 23:50:43,534 [INFO]  Saved checkpoint to "./imputer_model/21_yeast/imputer_model_gvh/model-0001.params"
2024-04-07 23:50:43,538 [INFO]  Epoch[1] Validation-cross-entropy=0.004381
2024-04-07 23:50:43,538 [INFO]  Epoch[1] Validation-gvh-accuracy=0.000000
2024-04-07 23:50:43,574 [INFO]  Epoch[2] Batch [0-34]	Speed: 15481.34 samples/sec	cross-entropy=0.004096	gvh-accuracy=3.000000
2024-04-07 23:50:43,595 [INFO]  Epoch[2] Train-cross-entropy=0.003611
2024-04-07 23:50:43,595 [INFO]  Epoch[2] Train-gvh-accuracy=3.718750
2024-04-07 23:50:43,595 [INFO]  Epoch[2] Time cost=0.057
2024-04-07 23:50:43,597 [INFO]  Saved checkpoint to "./imputer_model/21_yeast/imputer_model_gvh/model-0002.params"
2024-04-07 23:50:43,599 [INFO]  Epoch[2] Validation-cross-entropy=0.002668
2024-04-07 23:50:43,599 [INFO]  Epoch[2] Validation-gvh-accuracy=0.000000
2024-04-07 23:50:43,620 [INFO]  Epoch[3] Batch [0-34]	Speed: 26909.08 samples/sec	cross-entropy=0.003140	gvh-accuracy=3.000000
2024-04-07 23:50:43,639 [INFO]  Epoch[3] Train-cross-entropy=0.002383
2024-04-07 23:50:43,639 [INFO]  Epoch[3] Train-gvh-accuracy=3.718750
2024-04-07 23:50:43,639 [INFO]  Epoch[3] Time cost=0.040
2024-04-07 23:50:43,641 [INFO]  Saved checkpoint to "./imputer_model/21_yeast/imputer_model_gvh/model-0003.params"
2024-04-07 23:50:43,643 [INFO]  Epoch[3] Validation-cross-entropy=0.001972
2024-04-07 23:50:43,643 [INFO]  Epoch[3] Validation-gvh-accuracy=0.000000
2024-04-07 23:50:43,664 [INFO]  Epoch[4] Batch [0-34]	Speed: 27627.52 samples/sec	cross-entropy=0.002858	gvh-accuracy=3.000000
2024-04-07 23:50:43,682 [INFO]  Epoch[4] Train-cross-entropy=0.001590
2024-04-07 23:50:43,682 [INFO]  Epoch[4] Train-gvh-accuracy=3.718750
2024-04-07 23:50:43,682 [INFO]  Epoch[4] Time cost=0.039
2024-04-07 23:50:43,684 [INFO]  Saved checkpoint to "./imputer_model/21_yeast/imputer_model_gvh/model-0004.params"
2024-04-07 23:50:43,686 [INFO]  Epoch[4] Validation-cross-entropy=0.002059
2024-04-07 23:50:43,686 [INFO]  Epoch[4] Validation-gvh-accuracy=0.000000
2024-04-07 23:50:43,686 [INFO]  
========== done (0.2934269905090332 s) fit model
2024-04-07 23:50:47,336 [INFO]  
========== start: fit model
2024-04-07 23:50:47,336 [WARNING]  Already bound, ignoring bind()
2024-04-07 23:50:47,357 [INFO]  Epoch[0] Batch [0-34]	Speed: 28413.65 samples/sec	cross-entropy=2.189140	gvh-accuracy=2.885714
2024-04-07 23:50:47,375 [INFO]  Epoch[0] Train-cross-entropy=0.070756
2024-04-07 23:50:47,375 [INFO]  Epoch[0] Train-gvh-accuracy=3.531250
2024-04-07 23:50:47,376 [INFO]  Epoch[0] Time cost=0.038
2024-04-07 23:50:47,377 [INFO]  Saved checkpoint to "./imputer_model/21_yeast/imputer_model_gvh/model-0000.params"
2024-04-07 23:50:47,379 [INFO]  Epoch[0] Validation-cross-entropy=0.023534
2024-04-07 23:50:47,379 [INFO]  Epoch[0] Validation-gvh-accuracy=0.000000
2024-04-07 23:50:47,399 [INFO]  Epoch[1] Batch [0-34]	Speed: 28669.99 samples/sec	cross-entropy=0.023812	gvh-accuracy=2.885714
2024-04-07 23:50:47,417 [INFO]  Epoch[1] Train-cross-entropy=0.014030
2024-04-07 23:50:47,417 [INFO]  Epoch[1] Train-gvh-accuracy=3.531250
2024-04-07 23:50:47,417 [INFO]  Epoch[1] Time cost=0.038
2024-04-07 23:50:47,419 [INFO]  Saved checkpoint to "./imputer_model/21_yeast/imputer_model_gvh/model-0001.params"
2024-04-07 23:50:47,421 [INFO]  Epoch[1] Validation-cross-entropy=0.012138
2024-04-07 23:50:47,421 [INFO]  Epoch[1] Validation-gvh-accuracy=0.000000
2024-04-07 23:50:47,442 [INFO]  Epoch[2] Batch [0-34]	Speed: 26943.71 samples/sec	cross-entropy=0.009879	gvh-accuracy=2.885714
2024-04-07 23:50:47,460 [INFO]  Epoch[2] Train-cross-entropy=0.006861
2024-04-07 23:50:47,460 [INFO]  Epoch[2] Train-gvh-accuracy=3.531250
2024-04-07 23:50:47,460 [INFO]  Epoch[2] Time cost=0.039
2024-04-07 23:50:47,462 [INFO]  Saved checkpoint to "./imputer_model/21_yeast/imputer_model_gvh/model-0002.params"
2024-04-07 23:50:47,464 [INFO]  Epoch[2] Validation-cross-entropy=0.005078
2024-04-07 23:50:47,464 [INFO]  Epoch[2] Validation-gvh-accuracy=0.000000
2024-04-07 23:50:47,484 [INFO]  Epoch[3] Batch [0-34]	Speed: 28429.94 samples/sec	cross-entropy=0.003580	gvh-accuracy=2.885714
2024-04-07 23:50:47,502 [INFO]  Epoch[3] Train-cross-entropy=0.003335
2024-04-07 23:50:47,502 [INFO]  Epoch[3] Train-gvh-accuracy=3.531250
2024-04-07 23:50:47,502 [INFO]  Epoch[3] Time cost=0.038
2024-04-07 23:50:47,504 [INFO]  Saved checkpoint to "./imputer_model/21_yeast/imputer_model_gvh/model-0003.params"
2024-04-07 23:50:47,505 [INFO]  Epoch[3] Validation-cross-entropy=0.002679
2024-04-07 23:50:47,506 [INFO]  Epoch[3] Validation-gvh-accuracy=0.000000
2024-04-07 23:50:47,525 [INFO]  Epoch[4] Batch [0-34]	Speed: 28307.19 samples/sec	cross-entropy=0.001971	gvh-accuracy=2.885714
2024-04-07 23:50:47,544 [INFO]  Epoch[4] Train-cross-entropy=0.002020
2024-04-07 23:50:47,544 [INFO]  Epoch[4] Train-gvh-accuracy=3.531250
2024-04-07 23:50:47,544 [INFO]  Epoch[4] Time cost=0.039
2024-04-07 23:50:47,546 [INFO]  Saved checkpoint to "./imputer_model/21_yeast/imputer_model_gvh/model-0004.params"
2024-04-07 23:50:47,548 [INFO]  Epoch[4] Validation-cross-entropy=0.002128
2024-04-07 23:50:47,548 [INFO]  Epoch[4] Validation-gvh-accuracy=0.000000
2024-04-07 23:50:47,548 [INFO]  
========== done (0.21239066123962402 s) fit model
2024-04-07 23:50:51,140 [INFO]  
========== start: fit model
2024-04-07 23:50:51,140 [WARNING]  Already bound, ignoring bind()
2024-04-07 23:50:51,185 [INFO]  Epoch[0] Batch [0-34]	Speed: 12675.84 samples/sec	cross-entropy=3.603751	gvh-accuracy=3.057143
2024-04-07 23:50:51,228 [INFO]  Epoch[0] Train-cross-entropy=0.105508
2024-04-07 23:50:51,228 [INFO]  Epoch[0] Train-gvh-accuracy=3.406250
2024-04-07 23:50:51,228 [INFO]  Epoch[0] Time cost=0.087
2024-04-07 23:50:51,230 [INFO]  Saved checkpoint to "./imputer_model/21_yeast/imputer_model_gvh/model-0000.params"
2024-04-07 23:50:51,232 [INFO]  Epoch[0] Validation-cross-entropy=0.021484
2024-04-07 23:50:51,232 [INFO]  Epoch[0] Validation-gvh-accuracy=0.000000
2024-04-07 23:50:51,252 [INFO]  Epoch[1] Batch [0-34]	Speed: 28083.52 samples/sec	cross-entropy=0.013651	gvh-accuracy=3.057143
2024-04-07 23:50:51,271 [INFO]  Epoch[1] Train-cross-entropy=0.008210
2024-04-07 23:50:51,271 [INFO]  Epoch[1] Train-gvh-accuracy=3.406250
2024-04-07 23:50:51,271 [INFO]  Epoch[1] Time cost=0.039
2024-04-07 23:50:51,272 [INFO]  Saved checkpoint to "./imputer_model/21_yeast/imputer_model_gvh/model-0001.params"
2024-04-07 23:50:51,275 [INFO]  Epoch[1] Validation-cross-entropy=0.006370
2024-04-07 23:50:51,275 [INFO]  Epoch[1] Validation-gvh-accuracy=0.000000
2024-04-07 23:50:51,298 [INFO]  Epoch[2] Batch [0-34]	Speed: 25170.17 samples/sec	cross-entropy=0.004409	gvh-accuracy=3.057143
2024-04-07 23:50:51,318 [INFO]  Epoch[2] Train-cross-entropy=0.003624
2024-04-07 23:50:51,318 [INFO]  Epoch[2] Train-gvh-accuracy=3.406250
2024-04-07 23:50:51,318 [INFO]  Epoch[2] Time cost=0.043
2024-04-07 23:50:51,319 [INFO]  Saved checkpoint to "./imputer_model/21_yeast/imputer_model_gvh/model-0002.params"
2024-04-07 23:50:51,322 [INFO]  Epoch[2] Validation-cross-entropy=0.003212
2024-04-07 23:50:51,322 [INFO]  Epoch[2] Validation-gvh-accuracy=0.000000
2024-04-07 23:50:51,349 [INFO]  Epoch[3] Batch [0-34]	Speed: 20956.88 samples/sec	cross-entropy=0.002460	gvh-accuracy=3.057143
2024-04-07 23:50:51,374 [INFO]  Epoch[3] Train-cross-entropy=0.002089
2024-04-07 23:50:51,374 [INFO]  Epoch[3] Train-gvh-accuracy=3.406250
2024-04-07 23:50:51,374 [INFO]  Epoch[3] Time cost=0.052
2024-04-07 23:50:51,376 [INFO]  Saved checkpoint to "./imputer_model/21_yeast/imputer_model_gvh/model-0003.params"
2024-04-07 23:50:51,378 [INFO]  Epoch[3] Validation-cross-entropy=0.002317
2024-04-07 23:50:51,378 [INFO]  Epoch[3] Validation-gvh-accuracy=0.000000
2024-04-07 23:50:51,405 [INFO]  Epoch[4] Batch [0-34]	Speed: 20951.69 samples/sec	cross-entropy=0.001606	gvh-accuracy=3.057143
2024-04-07 23:50:51,426 [INFO]  Epoch[4] Train-cross-entropy=0.001447
2024-04-07 23:50:51,426 [INFO]  Epoch[4] Train-gvh-accuracy=3.406250
2024-04-07 23:50:51,426 [INFO]  Epoch[4] Time cost=0.048
2024-04-07 23:50:51,428 [INFO]  Saved checkpoint to "./imputer_model/21_yeast/imputer_model_gvh/model-0004.params"
2024-04-07 23:50:51,430 [INFO]  Epoch[4] Validation-cross-entropy=0.001881
2024-04-07 23:50:51,430 [INFO]  Epoch[4] Validation-gvh-accuracy=0.000000
2024-04-07 23:50:51,430 [INFO]  
========== done (0.2906169891357422 s) fit model
2024-04-07 23:50:54,817 [INFO]  
========== start: fit model
2024-04-07 23:50:54,818 [WARNING]  Already bound, ignoring bind()
2024-04-07 23:50:54,839 [INFO]  Epoch[0] Batch [0-34]	Speed: 27514.25 samples/sec	cross-entropy=2.781000	gvh-accuracy=3.485714
2024-04-07 23:50:54,879 [INFO]  Epoch[0] Train-cross-entropy=0.119396
2024-04-07 23:50:54,879 [INFO]  Epoch[0] Train-gvh-accuracy=2.812500
2024-04-07 23:50:54,879 [INFO]  Epoch[0] Time cost=0.061
2024-04-07 23:50:54,881 [INFO]  Saved checkpoint to "./imputer_model/21_yeast/imputer_model_gvh/model-0000.params"
2024-04-07 23:50:54,893 [INFO]  Epoch[0] Validation-cross-entropy=0.022620
2024-04-07 23:50:54,893 [INFO]  Epoch[0] Validation-gvh-accuracy=0.000000
2024-04-07 23:50:54,914 [INFO]  Epoch[1] Batch [0-34]	Speed: 26982.27 samples/sec	cross-entropy=0.011251	gvh-accuracy=3.485714
2024-04-07 23:50:54,932 [INFO]  Epoch[1] Train-cross-entropy=0.005287
2024-04-07 23:50:54,932 [INFO]  Epoch[1] Train-gvh-accuracy=2.812500
2024-04-07 23:50:54,932 [INFO]  Epoch[1] Time cost=0.039
2024-04-07 23:50:54,933 [INFO]  Saved checkpoint to "./imputer_model/21_yeast/imputer_model_gvh/model-0001.params"
2024-04-07 23:50:54,935 [INFO]  Epoch[1] Validation-cross-entropy=0.005069
2024-04-07 23:50:54,936 [INFO]  Epoch[1] Validation-gvh-accuracy=0.000000
2024-04-07 23:50:54,955 [INFO]  Epoch[2] Batch [0-34]	Speed: 28747.65 samples/sec	cross-entropy=0.002490	gvh-accuracy=3.485714
2024-04-07 23:50:54,973 [INFO]  Epoch[2] Train-cross-entropy=0.002420
2024-04-07 23:50:54,973 [INFO]  Epoch[2] Train-gvh-accuracy=2.812500
2024-04-07 23:50:54,974 [INFO]  Epoch[2] Time cost=0.038
2024-04-07 23:50:54,975 [INFO]  Saved checkpoint to "./imputer_model/21_yeast/imputer_model_gvh/model-0002.params"
2024-04-07 23:50:54,977 [INFO]  Epoch[2] Validation-cross-entropy=0.002425
2024-04-07 23:50:54,977 [INFO]  Epoch[2] Validation-gvh-accuracy=0.000000
2024-04-07 23:50:54,997 [INFO]  Epoch[3] Batch [0-34]	Speed: 28979.14 samples/sec	cross-entropy=0.001369	gvh-accuracy=3.485714
2024-04-07 23:50:55,015 [INFO]  Epoch[3] Train-cross-entropy=0.001788
2024-04-07 23:50:55,015 [INFO]  Epoch[3] Train-gvh-accuracy=2.812500
2024-04-07 23:50:55,016 [INFO]  Epoch[3] Time cost=0.038
2024-04-07 23:50:55,018 [INFO]  Saved checkpoint to "./imputer_model/21_yeast/imputer_model_gvh/model-0003.params"
2024-04-07 23:50:55,020 [INFO]  Epoch[3] Validation-cross-entropy=0.001688
2024-04-07 23:50:55,020 [INFO]  Epoch[3] Validation-gvh-accuracy=0.000000
2024-04-07 23:50:55,044 [INFO]  Epoch[4] Batch [0-34]	Speed: 24155.47 samples/sec	cross-entropy=0.000943	gvh-accuracy=3.485714
2024-04-07 23:50:55,062 [INFO]  Epoch[4] Train-cross-entropy=0.001354
2024-04-07 23:50:55,062 [INFO]  Epoch[4] Train-gvh-accuracy=2.812500
2024-04-07 23:50:55,062 [INFO]  Epoch[4] Time cost=0.042
2024-04-07 23:50:55,064 [INFO]  Saved checkpoint to "./imputer_model/21_yeast/imputer_model_gvh/model-0004.params"
2024-04-07 23:50:55,066 [INFO]  Epoch[4] Validation-cross-entropy=0.001091
2024-04-07 23:50:55,066 [INFO]  Epoch[4] Validation-gvh-accuracy=0.000000
2024-04-07 23:50:55,066 [INFO]  
========== done (0.2484571933746338 s) fit model
2024-04-07 23:50:58,455 [INFO]  
========== start: fit model
2024-04-07 23:50:58,455 [WARNING]  Already bound, ignoring bind()
2024-04-07 23:50:58,496 [INFO]  Epoch[0] Batch [0-34]	Speed: 14333.83 samples/sec	cross-entropy=1.783419	gvh-accuracy=3.714286
2024-04-07 23:50:58,541 [INFO]  Epoch[0] Train-cross-entropy=0.042008
2024-04-07 23:50:58,541 [INFO]  Epoch[0] Train-gvh-accuracy=2.843750
2024-04-07 23:50:58,541 [INFO]  Epoch[0] Time cost=0.085
2024-04-07 23:50:58,543 [INFO]  Saved checkpoint to "./imputer_model/21_yeast/imputer_model_gvh/model-0000.params"
2024-04-07 23:50:58,545 [INFO]  Epoch[0] Validation-cross-entropy=0.024308
2024-04-07 23:50:58,546 [INFO]  Epoch[0] Validation-gvh-accuracy=0.000000
2024-04-07 23:50:58,571 [INFO]  Epoch[1] Batch [0-34]	Speed: 21851.61 samples/sec	cross-entropy=0.013119	gvh-accuracy=3.714286
2024-04-07 23:50:58,595 [INFO]  Epoch[1] Train-cross-entropy=0.005785
2024-04-07 23:50:58,595 [INFO]  Epoch[1] Train-gvh-accuracy=2.843750
2024-04-07 23:50:58,595 [INFO]  Epoch[1] Time cost=0.049
2024-04-07 23:50:58,596 [INFO]  Saved checkpoint to "./imputer_model/21_yeast/imputer_model_gvh/model-0001.params"
2024-04-07 23:50:58,599 [INFO]  Epoch[1] Validation-cross-entropy=0.008608
2024-04-07 23:50:58,599 [INFO]  Epoch[1] Validation-gvh-accuracy=0.000000
2024-04-07 23:50:58,625 [INFO]  Epoch[2] Batch [0-34]	Speed: 22057.36 samples/sec	cross-entropy=0.006324	gvh-accuracy=3.714286
2024-04-07 23:50:58,648 [INFO]  Epoch[2] Train-cross-entropy=0.004380
2024-04-07 23:50:58,648 [INFO]  Epoch[2] Train-gvh-accuracy=2.843750
2024-04-07 23:50:58,648 [INFO]  Epoch[2] Time cost=0.049
2024-04-07 23:50:58,650 [INFO]  Saved checkpoint to "./imputer_model/21_yeast/imputer_model_gvh/model-0002.params"
2024-04-07 23:50:58,653 [INFO]  Epoch[2] Validation-cross-entropy=0.005862
2024-04-07 23:50:58,653 [INFO]  Epoch[2] Validation-gvh-accuracy=0.000000
2024-04-07 23:50:58,678 [INFO]  Epoch[3] Batch [0-34]	Speed: 22354.72 samples/sec	cross-entropy=0.005763	gvh-accuracy=3.714286
2024-04-07 23:50:58,701 [INFO]  Epoch[3] Train-cross-entropy=0.005121
2024-04-07 23:50:58,702 [INFO]  Epoch[3] Train-gvh-accuracy=2.843750
2024-04-07 23:50:58,702 [INFO]  Epoch[3] Time cost=0.049
2024-04-07 23:50:58,703 [INFO]  Saved checkpoint to "./imputer_model/21_yeast/imputer_model_gvh/model-0003.params"
2024-04-07 23:50:58,706 [INFO]  Epoch[3] Validation-cross-entropy=0.003115
2024-04-07 23:50:58,706 [INFO]  Epoch[3] Validation-gvh-accuracy=0.000000
2024-04-07 23:50:58,732 [INFO]  Epoch[4] Batch [0-34]	Speed: 22163.85 samples/sec	cross-entropy=0.004292	gvh-accuracy=3.714286
2024-04-07 23:50:58,794 [INFO]  Epoch[4] Train-cross-entropy=0.002813
2024-04-07 23:50:58,794 [INFO]  Epoch[4] Train-gvh-accuracy=2.843750
2024-04-07 23:50:58,794 [INFO]  Epoch[4] Time cost=0.088
2024-04-07 23:50:58,796 [INFO]  Saved checkpoint to "./imputer_model/21_yeast/imputer_model_gvh/model-0004.params"
2024-04-07 23:50:58,801 [INFO]  Epoch[4] Validation-cross-entropy=0.001487
2024-04-07 23:50:58,801 [INFO]  Epoch[4] Validation-gvh-accuracy=0.000000
2024-04-07 23:50:58,801 [INFO]  
========== done (0.345611572265625 s) fit model
