2024-04-08 01:54:17,610 [INFO]  
========== start: fit model
2024-04-08 01:54:17,610 [WARNING]  Already bound, ignoring bind()
2024-04-08 01:54:17,824 [INFO]  Epoch[0] Batch [0-102]	Speed: 9732.20 samples/sec	cross-entropy=2.156712	age-accuracy=0.000000
2024-04-08 01:54:18,137 [INFO]  Epoch[0] Train-cross-entropy=0.176146
2024-04-08 01:54:18,137 [INFO]  Epoch[0] Train-age-accuracy=0.000000
2024-04-08 01:54:18,137 [INFO]  Epoch[0] Time cost=0.526
2024-04-08 01:54:18,139 [INFO]  Saved checkpoint to "./imputer_model/17_bank/imputer_model_age/model-0000.params"
2024-04-08 01:54:18,150 [INFO]  Epoch[0] Validation-cross-entropy=0.172009
2024-04-08 01:54:18,150 [INFO]  Epoch[0] Validation-age-accuracy=0.000000
2024-04-08 01:54:18,287 [INFO]  Epoch[1] Batch [0-102]	Speed: 12089.53 samples/sec	cross-entropy=0.108978	age-accuracy=0.000000
2024-04-08 01:54:18,820 [INFO]  Epoch[1] Train-cross-entropy=0.067925
2024-04-08 01:54:18,820 [INFO]  Epoch[1] Train-age-accuracy=0.000000
2024-04-08 01:54:18,820 [INFO]  Epoch[1] Time cost=0.670
2024-04-08 01:54:18,822 [INFO]  Saved checkpoint to "./imputer_model/17_bank/imputer_model_age/model-0001.params"
2024-04-08 01:54:18,833 [INFO]  Epoch[1] Validation-cross-entropy=0.127255
2024-04-08 01:54:18,833 [INFO]  Epoch[1] Validation-age-accuracy=0.000000
2024-04-08 01:54:19,494 [INFO]  Epoch[2] Batch [0-102]	Speed: 2472.54 samples/sec	cross-entropy=0.068985	age-accuracy=0.000000
2024-04-08 01:54:19,682 [INFO]  Epoch[2] Train-cross-entropy=0.052126
2024-04-08 01:54:19,682 [INFO]  Epoch[2] Train-age-accuracy=0.000000
2024-04-08 01:54:19,682 [INFO]  Epoch[2] Time cost=0.849
2024-04-08 01:54:19,684 [INFO]  Saved checkpoint to "./imputer_model/17_bank/imputer_model_age/model-0002.params"
2024-04-08 01:54:19,697 [INFO]  Epoch[2] Validation-cross-entropy=0.102034
2024-04-08 01:54:19,697 [INFO]  Epoch[2] Validation-age-accuracy=0.000000
2024-04-08 01:54:19,834 [INFO]  Epoch[3] Batch [0-102]	Speed: 12070.83 samples/sec	cross-entropy=0.055903	age-accuracy=0.000000
2024-04-08 01:54:19,946 [INFO]  Epoch[3] Train-cross-entropy=0.040848
2024-04-08 01:54:19,946 [INFO]  Epoch[3] Train-age-accuracy=0.000000
2024-04-08 01:54:19,946 [INFO]  Epoch[3] Time cost=0.249
2024-04-08 01:54:19,948 [INFO]  Saved checkpoint to "./imputer_model/17_bank/imputer_model_age/model-0003.params"
2024-04-08 01:54:19,959 [INFO]  Epoch[3] Validation-cross-entropy=0.072676
2024-04-08 01:54:19,959 [INFO]  Epoch[3] Validation-age-accuracy=0.000000
2024-04-08 01:54:20,647 [INFO]  Epoch[4] Batch [0-102]	Speed: 2376.38 samples/sec	cross-entropy=0.046343	age-accuracy=0.000000
2024-04-08 01:54:20,756 [INFO]  Epoch[4] Train-cross-entropy=0.037479
2024-04-08 01:54:20,756 [INFO]  Epoch[4] Train-age-accuracy=0.000000
2024-04-08 01:54:20,756 [INFO]  Epoch[4] Time cost=0.798
2024-04-08 01:54:20,758 [INFO]  Saved checkpoint to "./imputer_model/17_bank/imputer_model_age/model-0004.params"
2024-04-08 01:54:20,768 [INFO]  Epoch[4] Validation-cross-entropy=0.073410
2024-04-08 01:54:20,768 [INFO]  Epoch[4] Validation-age-accuracy=0.000000
2024-04-08 01:54:20,768 [INFO]  
========== done (3.1579105854034424 s) fit model
2024-04-08 01:55:16,921 [INFO]  
========== start: fit model
2024-04-08 01:55:16,921 [WARNING]  Already bound, ignoring bind()
2024-04-08 01:55:17,374 [INFO]  Epoch[0] Batch [0-102]	Speed: 3959.86 samples/sec	cross-entropy=2.113947	age-accuracy=0.000000
2024-04-08 01:55:17,492 [INFO]  Epoch[0] Train-cross-entropy=0.169167
2024-04-08 01:55:17,492 [INFO]  Epoch[0] Train-age-accuracy=0.000000
2024-04-08 01:55:17,492 [INFO]  Epoch[0] Time cost=0.569
2024-04-08 01:55:17,493 [INFO]  Saved checkpoint to "./imputer_model/17_bank/imputer_model_age/model-0000.params"
2024-04-08 01:55:17,503 [INFO]  Epoch[0] Validation-cross-entropy=0.160234
2024-04-08 01:55:17,503 [INFO]  Epoch[0] Validation-age-accuracy=0.000000
2024-04-08 01:55:17,614 [INFO]  Epoch[1] Batch [0-102]	Speed: 15030.34 samples/sec	cross-entropy=0.091592	age-accuracy=0.000000
2024-04-08 01:55:17,903 [INFO]  Epoch[1] Train-cross-entropy=0.074162
2024-04-08 01:55:17,903 [INFO]  Epoch[1] Train-age-accuracy=0.000000
2024-04-08 01:55:17,903 [INFO]  Epoch[1] Time cost=0.400
2024-04-08 01:55:17,906 [INFO]  Saved checkpoint to "./imputer_model/17_bank/imputer_model_age/model-0001.params"
2024-04-08 01:55:17,961 [INFO]  Epoch[1] Validation-cross-entropy=0.123607
2024-04-08 01:55:17,962 [INFO]  Epoch[1] Validation-age-accuracy=0.000000
2024-04-08 01:55:18,081 [INFO]  Epoch[2] Batch [0-102]	Speed: 13805.40 samples/sec	cross-entropy=0.060108	age-accuracy=0.000000
2024-04-08 01:55:18,477 [INFO]  Epoch[2] Train-cross-entropy=0.064325
2024-04-08 01:55:18,477 [INFO]  Epoch[2] Train-age-accuracy=0.000000
2024-04-08 01:55:18,477 [INFO]  Epoch[2] Time cost=0.516
2024-04-08 01:55:18,481 [INFO]  Saved checkpoint to "./imputer_model/17_bank/imputer_model_age/model-0002.params"
2024-04-08 01:55:18,518 [INFO]  Epoch[2] Validation-cross-entropy=0.108590
2024-04-08 01:55:18,518 [INFO]  Epoch[2] Validation-age-accuracy=0.000000
2024-04-08 01:55:18,631 [INFO]  Epoch[3] Batch [0-102]	Speed: 14599.28 samples/sec	cross-entropy=0.046586	age-accuracy=0.000000
2024-04-08 01:55:18,745 [INFO]  Epoch[3] Train-cross-entropy=0.056992
2024-04-08 01:55:18,745 [INFO]  Epoch[3] Train-age-accuracy=0.000000
2024-04-08 01:55:18,745 [INFO]  Epoch[3] Time cost=0.227
2024-04-08 01:55:18,747 [INFO]  Saved checkpoint to "./imputer_model/17_bank/imputer_model_age/model-0003.params"
2024-04-08 01:55:18,758 [INFO]  Epoch[3] Validation-cross-entropy=0.088607
2024-04-08 01:55:18,758 [INFO]  Epoch[3] Validation-age-accuracy=0.000000
2024-04-08 01:55:18,903 [INFO]  Epoch[4] Batch [0-102]	Speed: 11448.10 samples/sec	cross-entropy=0.037527	age-accuracy=0.000000
2024-04-08 01:55:19,260 [INFO]  Epoch[4] Train-cross-entropy=0.049041
2024-04-08 01:55:19,261 [INFO]  Epoch[4] Train-age-accuracy=0.000000
2024-04-08 01:55:19,261 [INFO]  Epoch[4] Time cost=0.502
2024-04-08 01:55:19,262 [INFO]  Saved checkpoint to "./imputer_model/17_bank/imputer_model_age/model-0004.params"
2024-04-08 01:55:19,277 [INFO]  Epoch[4] Validation-cross-entropy=0.060353
2024-04-08 01:55:19,277 [INFO]  Epoch[4] Validation-age-accuracy=0.000000
2024-04-08 01:55:19,277 [INFO]  
========== done (2.355590343475342 s) fit model
2024-04-08 01:56:14,318 [INFO]  
========== start: fit model
2024-04-08 01:56:14,318 [WARNING]  Already bound, ignoring bind()
2024-04-08 01:56:14,566 [INFO]  Epoch[0] Batch [0-102]	Speed: 6635.98 samples/sec	cross-entropy=1.686266	age-accuracy=3.213592
2024-04-08 01:56:14,682 [INFO]  Epoch[0] Train-cross-entropy=0.227579
2024-04-08 01:56:14,683 [INFO]  Epoch[0] Train-age-accuracy=3.356436
2024-04-08 01:56:14,683 [INFO]  Epoch[0] Time cost=0.363
2024-04-08 01:56:14,684 [INFO]  Saved checkpoint to "./imputer_model/17_bank/imputer_model_age/model-0000.params"
2024-04-08 01:56:14,711 [INFO]  Epoch[0] Validation-cross-entropy=0.231142
2024-04-08 01:56:14,711 [INFO]  Epoch[0] Validation-age-accuracy=0.000000
2024-04-08 01:56:15,433 [INFO]  Epoch[1] Batch [0-102]	Speed: 2265.24 samples/sec	cross-entropy=0.137933	age-accuracy=3.213592
2024-04-08 01:56:15,608 [INFO]  Epoch[1] Train-cross-entropy=0.090611
2024-04-08 01:56:15,609 [INFO]  Epoch[1] Train-age-accuracy=3.356436
2024-04-08 01:56:15,609 [INFO]  Epoch[1] Time cost=0.897
2024-04-08 01:56:15,610 [INFO]  Saved checkpoint to "./imputer_model/17_bank/imputer_model_age/model-0001.params"
2024-04-08 01:56:15,616 [INFO]  Epoch[1] Validation-cross-entropy=0.109551
2024-04-08 01:56:15,616 [INFO]  Epoch[1] Validation-age-accuracy=0.000000
2024-04-08 01:56:15,971 [INFO]  Epoch[2] Batch [0-102]	Speed: 4601.12 samples/sec	cross-entropy=0.067589	age-accuracy=3.213592
2024-04-08 01:56:16,499 [INFO]  Epoch[2] Train-cross-entropy=0.065468
2024-04-08 01:56:16,499 [INFO]  Epoch[2] Train-age-accuracy=3.356436
2024-04-08 01:56:16,499 [INFO]  Epoch[2] Time cost=0.883
2024-04-08 01:56:16,501 [INFO]  Saved checkpoint to "./imputer_model/17_bank/imputer_model_age/model-0002.params"
2024-04-08 01:56:16,511 [INFO]  Epoch[2] Validation-cross-entropy=0.073082
2024-04-08 01:56:16,511 [INFO]  Epoch[2] Validation-age-accuracy=0.000000
2024-04-08 01:56:16,620 [INFO]  Epoch[3] Batch [0-102]	Speed: 15101.27 samples/sec	cross-entropy=0.052152	age-accuracy=3.213592
2024-04-08 01:56:17,386 [INFO]  Epoch[3] Train-cross-entropy=0.052839
2024-04-08 01:56:17,386 [INFO]  Epoch[3] Train-age-accuracy=3.356436
2024-04-08 01:56:17,387 [INFO]  Epoch[3] Time cost=0.876
2024-04-08 01:56:17,389 [INFO]  Saved checkpoint to "./imputer_model/17_bank/imputer_model_age/model-0003.params"
2024-04-08 01:56:17,519 [INFO]  Epoch[3] Validation-cross-entropy=0.052526
2024-04-08 01:56:17,519 [INFO]  Epoch[3] Validation-age-accuracy=0.000000
2024-04-08 01:56:17,694 [INFO]  Epoch[4] Batch [0-102]	Speed: 9386.96 samples/sec	cross-entropy=0.043797	age-accuracy=3.213592
2024-04-08 01:56:17,812 [INFO]  Epoch[4] Train-cross-entropy=0.043659
2024-04-08 01:56:17,812 [INFO]  Epoch[4] Train-age-accuracy=3.356436
2024-04-08 01:56:17,812 [INFO]  Epoch[4] Time cost=0.293
2024-04-08 01:56:17,814 [INFO]  Saved checkpoint to "./imputer_model/17_bank/imputer_model_age/model-0004.params"
2024-04-08 01:56:17,823 [INFO]  Epoch[4] Validation-cross-entropy=0.039757
2024-04-08 01:56:17,824 [INFO]  Epoch[4] Validation-age-accuracy=0.000000
2024-04-08 01:56:17,824 [INFO]  
========== done (3.505615472793579 s) fit model
2024-04-08 01:57:11,987 [INFO]  
========== start: fit model
2024-04-08 01:57:11,987 [WARNING]  Already bound, ignoring bind()
2024-04-08 01:57:12,220 [INFO]  Epoch[0] Batch [0-102]	Speed: 7692.67 samples/sec	cross-entropy=2.278633	age-accuracy=0.000000
2024-04-08 01:57:12,420 [INFO]  Epoch[0] Train-cross-entropy=0.175332
2024-04-08 01:57:12,421 [INFO]  Epoch[0] Train-age-accuracy=0.000000
2024-04-08 01:57:12,421 [INFO]  Epoch[0] Time cost=0.432
2024-04-08 01:57:12,422 [INFO]  Saved checkpoint to "./imputer_model/17_bank/imputer_model_age/model-0000.params"
2024-04-08 01:57:12,433 [INFO]  Epoch[0] Validation-cross-entropy=0.091308
2024-04-08 01:57:12,433 [INFO]  Epoch[0] Validation-age-accuracy=0.000000
2024-04-08 01:57:12,553 [INFO]  Epoch[1] Batch [0-102]	Speed: 13733.25 samples/sec	cross-entropy=0.098672	age-accuracy=0.000000
2024-04-08 01:57:12,680 [INFO]  Epoch[1] Train-cross-entropy=0.111930
2024-04-08 01:57:12,680 [INFO]  Epoch[1] Train-age-accuracy=0.000000
2024-04-08 01:57:12,680 [INFO]  Epoch[1] Time cost=0.247
2024-04-08 01:57:12,682 [INFO]  Saved checkpoint to "./imputer_model/17_bank/imputer_model_age/model-0001.params"
2024-04-08 01:57:12,695 [INFO]  Epoch[1] Validation-cross-entropy=0.069722
2024-04-08 01:57:12,695 [INFO]  Epoch[1] Validation-age-accuracy=0.000000
2024-04-08 01:57:12,848 [INFO]  Epoch[2] Batch [0-102]	Speed: 10781.39 samples/sec	cross-entropy=0.074784	age-accuracy=0.000000
2024-04-08 01:57:13,038 [INFO]  Epoch[2] Train-cross-entropy=0.065620
2024-04-08 01:57:13,038 [INFO]  Epoch[2] Train-age-accuracy=0.000000
2024-04-08 01:57:13,038 [INFO]  Epoch[2] Time cost=0.343
2024-04-08 01:57:13,040 [INFO]  Saved checkpoint to "./imputer_model/17_bank/imputer_model_age/model-0002.params"
2024-04-08 01:57:13,051 [INFO]  Epoch[2] Validation-cross-entropy=0.052158
2024-04-08 01:57:13,051 [INFO]  Epoch[2] Validation-age-accuracy=0.000000
2024-04-08 01:57:13,165 [INFO]  Epoch[3] Batch [0-102]	Speed: 14595.32 samples/sec	cross-entropy=0.054629	age-accuracy=0.000000
2024-04-08 01:57:13,276 [INFO]  Epoch[3] Train-cross-entropy=0.054909
2024-04-08 01:57:13,276 [INFO]  Epoch[3] Train-age-accuracy=0.000000
2024-04-08 01:57:13,276 [INFO]  Epoch[3] Time cost=0.225
2024-04-08 01:57:13,278 [INFO]  Saved checkpoint to "./imputer_model/17_bank/imputer_model_age/model-0003.params"
2024-04-08 01:57:13,291 [INFO]  Epoch[3] Validation-cross-entropy=0.044205
2024-04-08 01:57:13,291 [INFO]  Epoch[3] Validation-age-accuracy=0.000000
2024-04-08 01:57:13,404 [INFO]  Epoch[4] Batch [0-102]	Speed: 14623.54 samples/sec	cross-entropy=0.046342	age-accuracy=0.000000
2024-04-08 01:57:13,593 [INFO]  Epoch[4] Train-cross-entropy=0.041352
2024-04-08 01:57:13,593 [INFO]  Epoch[4] Train-age-accuracy=0.000000
2024-04-08 01:57:13,593 [INFO]  Epoch[4] Time cost=0.302
2024-04-08 01:57:13,596 [INFO]  Saved checkpoint to "./imputer_model/17_bank/imputer_model_age/model-0004.params"
2024-04-08 01:57:13,605 [INFO]  Epoch[4] Validation-cross-entropy=0.039944
2024-04-08 01:57:13,605 [INFO]  Epoch[4] Validation-age-accuracy=0.000000
2024-04-08 01:57:13,605 [INFO]  
========== done (1.6182937622070312 s) fit model
2024-04-08 01:58:06,982 [INFO]  
========== start: fit model
2024-04-08 01:58:06,982 [WARNING]  Already bound, ignoring bind()
2024-04-08 01:58:07,200 [INFO]  Epoch[0] Batch [0-102]	Speed: 10473.66 samples/sec	cross-entropy=2.486114	age-accuracy=0.000000
2024-04-08 01:58:08,353 [INFO]  Epoch[0] Train-cross-entropy=0.179791
2024-04-08 01:58:08,353 [INFO]  Epoch[0] Train-age-accuracy=0.000000
2024-04-08 01:58:08,353 [INFO]  Epoch[0] Time cost=1.370
2024-04-08 01:58:08,354 [INFO]  Saved checkpoint to "./imputer_model/17_bank/imputer_model_age/model-0000.params"
2024-04-08 01:58:08,392 [INFO]  Epoch[0] Validation-cross-entropy=0.170030
2024-04-08 01:58:08,392 [INFO]  Epoch[0] Validation-age-accuracy=0.000000
2024-04-08 01:58:08,843 [INFO]  Epoch[1] Batch [0-102]	Speed: 3631.88 samples/sec	cross-entropy=0.119383	age-accuracy=0.000000
2024-04-08 01:58:09,232 [INFO]  Epoch[1] Train-cross-entropy=0.080235
2024-04-08 01:58:09,232 [INFO]  Epoch[1] Train-age-accuracy=0.000000
2024-04-08 01:58:09,232 [INFO]  Epoch[1] Time cost=0.840
2024-04-08 01:58:09,234 [INFO]  Saved checkpoint to "./imputer_model/17_bank/imputer_model_age/model-0001.params"
2024-04-08 01:58:09,301 [INFO]  Epoch[1] Validation-cross-entropy=0.083852
2024-04-08 01:58:09,301 [INFO]  Epoch[1] Validation-age-accuracy=0.000000
2024-04-08 01:58:09,411 [INFO]  Epoch[2] Batch [0-102]	Speed: 15031.50 samples/sec	cross-entropy=0.069416	age-accuracy=0.000000
2024-04-08 01:58:09,726 [INFO]  Epoch[2] Train-cross-entropy=0.053640
2024-04-08 01:58:09,726 [INFO]  Epoch[2] Train-age-accuracy=0.000000
2024-04-08 01:58:09,726 [INFO]  Epoch[2] Time cost=0.425
2024-04-08 01:58:09,728 [INFO]  Saved checkpoint to "./imputer_model/17_bank/imputer_model_age/model-0002.params"
2024-04-08 01:58:09,956 [INFO]  Epoch[2] Validation-cross-entropy=0.063570
2024-04-08 01:58:09,956 [INFO]  Epoch[2] Validation-age-accuracy=0.000000
2024-04-08 01:58:10,807 [INFO]  Epoch[3] Batch [0-102]	Speed: 1918.90 samples/sec	cross-entropy=0.055065	age-accuracy=0.000000
2024-04-08 01:58:11,005 [INFO]  Epoch[3] Train-cross-entropy=0.040634
2024-04-08 01:58:11,005 [INFO]  Epoch[3] Train-age-accuracy=0.000000
2024-04-08 01:58:11,005 [INFO]  Epoch[3] Time cost=1.050
2024-04-08 01:58:11,007 [INFO]  Saved checkpoint to "./imputer_model/17_bank/imputer_model_age/model-0003.params"
2024-04-08 01:58:11,019 [INFO]  Epoch[3] Validation-cross-entropy=0.051628
2024-04-08 01:58:11,019 [INFO]  Epoch[3] Validation-age-accuracy=0.000000
2024-04-08 01:58:11,251 [INFO]  Epoch[4] Batch [0-102]	Speed: 7077.60 samples/sec	cross-entropy=0.041131	age-accuracy=0.000000
2024-04-08 01:58:11,467 [INFO]  Epoch[4] Train-cross-entropy=0.035394
2024-04-08 01:58:11,467 [INFO]  Epoch[4] Train-age-accuracy=0.000000
2024-04-08 01:58:11,467 [INFO]  Epoch[4] Time cost=0.448
2024-04-08 01:58:11,468 [INFO]  Saved checkpoint to "./imputer_model/17_bank/imputer_model_age/model-0004.params"
2024-04-08 01:58:11,528 [INFO]  Epoch[4] Validation-cross-entropy=0.051325
2024-04-08 01:58:11,528 [INFO]  Epoch[4] Validation-age-accuracy=0.000000
2024-04-08 01:58:11,528 [INFO]  
========== done (4.546423435211182 s) fit model
2024-04-08 01:59:13,107 [INFO]  
========== start: fit model
2024-04-08 01:59:13,107 [WARNING]  Already bound, ignoring bind()
2024-04-08 01:59:13,481 [INFO]  Epoch[0] Batch [0-102]	Speed: 6398.95 samples/sec	cross-entropy=2.826895	age-accuracy=0.000000
2024-04-08 01:59:13,923 [INFO]  Epoch[0] Train-cross-entropy=0.191224
2024-04-08 01:59:13,923 [INFO]  Epoch[0] Train-age-accuracy=0.000000
2024-04-08 01:59:13,923 [INFO]  Epoch[0] Time cost=0.815
2024-04-08 01:59:13,925 [INFO]  Saved checkpoint to "./imputer_model/17_bank/imputer_model_age/model-0000.params"
2024-04-08 01:59:13,941 [INFO]  Epoch[0] Validation-cross-entropy=0.162623
2024-04-08 01:59:13,941 [INFO]  Epoch[0] Validation-age-accuracy=0.000000
2024-04-08 01:59:14,369 [INFO]  Epoch[1] Batch [0-102]	Speed: 3824.24 samples/sec	cross-entropy=0.126248	age-accuracy=0.000000
2024-04-08 01:59:14,859 [INFO]  Epoch[1] Train-cross-entropy=0.087322
2024-04-08 01:59:14,859 [INFO]  Epoch[1] Train-age-accuracy=0.000000
2024-04-08 01:59:14,859 [INFO]  Epoch[1] Time cost=0.919
2024-04-08 01:59:14,864 [INFO]  Saved checkpoint to "./imputer_model/17_bank/imputer_model_age/model-0001.params"
2024-04-08 01:59:14,902 [INFO]  Epoch[1] Validation-cross-entropy=0.098399
2024-04-08 01:59:14,902 [INFO]  Epoch[1] Validation-age-accuracy=0.000000
2024-04-08 01:59:15,133 [INFO]  Epoch[2] Batch [0-102]	Speed: 7261.49 samples/sec	cross-entropy=0.075895	age-accuracy=0.000000
2024-04-08 01:59:15,374 [INFO]  Epoch[2] Train-cross-entropy=0.058155
2024-04-08 01:59:15,374 [INFO]  Epoch[2] Train-age-accuracy=0.000000
2024-04-08 01:59:15,374 [INFO]  Epoch[2] Time cost=0.472
2024-04-08 01:59:15,376 [INFO]  Saved checkpoint to "./imputer_model/17_bank/imputer_model_age/model-0002.params"
2024-04-08 01:59:15,387 [INFO]  Epoch[2] Validation-cross-entropy=0.067993
2024-04-08 01:59:15,387 [INFO]  Epoch[2] Validation-age-accuracy=0.000000
2024-04-08 01:59:15,467 [INFO]  Epoch[3] Batch [0-102]	Speed: 20821.55 samples/sec	cross-entropy=0.054095	age-accuracy=0.000000
2024-04-08 01:59:15,760 [INFO]  Epoch[3] Train-cross-entropy=0.044592
2024-04-08 01:59:15,760 [INFO]  Epoch[3] Train-age-accuracy=0.000000
2024-04-08 01:59:15,760 [INFO]  Epoch[3] Time cost=0.373
2024-04-08 01:59:15,762 [INFO]  Saved checkpoint to "./imputer_model/17_bank/imputer_model_age/model-0003.params"
2024-04-08 01:59:15,786 [INFO]  Epoch[3] Validation-cross-entropy=0.053731
2024-04-08 01:59:15,787 [INFO]  Epoch[3] Validation-age-accuracy=0.000000
2024-04-08 01:59:16,272 [INFO]  Epoch[4] Batch [0-102]	Speed: 3368.03 samples/sec	cross-entropy=0.039801	age-accuracy=0.000000
2024-04-08 01:59:16,897 [INFO]  Epoch[4] Train-cross-entropy=0.035739
2024-04-08 01:59:16,897 [INFO]  Epoch[4] Train-age-accuracy=0.000000
2024-04-08 01:59:16,897 [INFO]  Epoch[4] Time cost=1.111
2024-04-08 01:59:16,900 [INFO]  Saved checkpoint to "./imputer_model/17_bank/imputer_model_age/model-0004.params"
2024-04-08 01:59:16,913 [INFO]  Epoch[4] Validation-cross-entropy=0.046448
2024-04-08 01:59:16,913 [INFO]  Epoch[4] Validation-age-accuracy=0.000000
2024-04-08 01:59:16,913 [INFO]  
========== done (3.806941032409668 s) fit model
2024-04-08 02:00:15,225 [INFO]  
========== start: fit model
2024-04-08 02:00:15,225 [WARNING]  Already bound, ignoring bind()
2024-04-08 02:00:15,709 [INFO]  Epoch[0] Batch [0-102]	Speed: 3428.46 samples/sec	cross-entropy=1.550826	age-accuracy=3.320388
2024-04-08 02:00:15,831 [INFO]  Epoch[0] Train-cross-entropy=0.142936
2024-04-08 02:00:15,831 [INFO]  Epoch[0] Train-age-accuracy=3.326733
2024-04-08 02:00:15,831 [INFO]  Epoch[0] Time cost=0.605
2024-04-08 02:00:15,833 [INFO]  Saved checkpoint to "./imputer_model/17_bank/imputer_model_age/model-0000.params"
2024-04-08 02:00:15,845 [INFO]  Epoch[0] Validation-cross-entropy=0.115667
2024-04-08 02:00:15,845 [INFO]  Epoch[0] Validation-age-accuracy=0.000000
2024-04-08 02:00:16,190 [INFO]  Epoch[1] Batch [0-102]	Speed: 4758.78 samples/sec	cross-entropy=0.094154	age-accuracy=3.320388
2024-04-08 02:00:16,529 [INFO]  Epoch[1] Train-cross-entropy=0.061747
2024-04-08 02:00:16,529 [INFO]  Epoch[1] Train-age-accuracy=3.326733
2024-04-08 02:00:16,530 [INFO]  Epoch[1] Time cost=0.684
2024-04-08 02:00:16,532 [INFO]  Saved checkpoint to "./imputer_model/17_bank/imputer_model_age/model-0001.params"
2024-04-08 02:00:16,541 [INFO]  Epoch[1] Validation-cross-entropy=0.073542
2024-04-08 02:00:16,541 [INFO]  Epoch[1] Validation-age-accuracy=0.000000
2024-04-08 02:00:16,763 [INFO]  Epoch[2] Batch [0-102]	Speed: 7394.90 samples/sec	cross-entropy=0.056556	age-accuracy=3.320388
2024-04-08 02:00:17,164 [INFO]  Epoch[2] Train-cross-entropy=0.049245
2024-04-08 02:00:17,164 [INFO]  Epoch[2] Train-age-accuracy=3.326733
2024-04-08 02:00:17,164 [INFO]  Epoch[2] Time cost=0.623
2024-04-08 02:00:17,166 [INFO]  Saved checkpoint to "./imputer_model/17_bank/imputer_model_age/model-0002.params"
2024-04-08 02:00:17,175 [INFO]  Epoch[2] Validation-cross-entropy=0.060817
2024-04-08 02:00:17,175 [INFO]  Epoch[2] Validation-age-accuracy=0.000000
2024-04-08 02:00:17,287 [INFO]  Epoch[3] Batch [0-102]	Speed: 14888.82 samples/sec	cross-entropy=0.048331	age-accuracy=3.320388
2024-04-08 02:00:18,517 [INFO]  Epoch[3] Train-cross-entropy=0.051467
2024-04-08 02:00:18,517 [INFO]  Epoch[3] Train-age-accuracy=3.326733
2024-04-08 02:00:18,517 [INFO]  Epoch[3] Time cost=1.341
2024-04-08 02:00:18,518 [INFO]  Saved checkpoint to "./imputer_model/17_bank/imputer_model_age/model-0003.params"
2024-04-08 02:00:18,525 [INFO]  Epoch[3] Validation-cross-entropy=0.063337
2024-04-08 02:00:18,525 [INFO]  Epoch[3] Validation-age-accuracy=0.000000
2024-04-08 02:00:18,865 [INFO]  Epoch[4] Batch [0-102]	Speed: 4817.85 samples/sec	cross-entropy=0.046434	age-accuracy=3.320388
2024-04-08 02:00:19,083 [INFO]  Epoch[4] Train-cross-entropy=0.038312
2024-04-08 02:00:19,083 [INFO]  Epoch[4] Train-age-accuracy=3.326733
2024-04-08 02:00:19,083 [INFO]  Epoch[4] Time cost=0.558
2024-04-08 02:00:19,085 [INFO]  Saved checkpoint to "./imputer_model/17_bank/imputer_model_age/model-0004.params"
2024-04-08 02:00:19,092 [INFO]  Epoch[4] Validation-cross-entropy=0.064794
2024-04-08 02:00:19,092 [INFO]  Epoch[4] Validation-age-accuracy=0.000000
2024-04-08 02:00:19,092 [INFO]  
========== done (3.8674182891845703 s) fit model
2024-04-08 02:01:25,896 [INFO]  
========== start: fit model
2024-04-08 02:01:25,896 [WARNING]  Already bound, ignoring bind()
2024-04-08 02:01:26,276 [INFO]  Epoch[0] Batch [0-102]	Speed: 6823.10 samples/sec	cross-entropy=3.856815	age-accuracy=0.000000
2024-04-08 02:01:26,388 [INFO]  Epoch[0] Train-cross-entropy=0.231225
2024-04-08 02:01:26,388 [INFO]  Epoch[0] Train-age-accuracy=0.000000
2024-04-08 02:01:26,389 [INFO]  Epoch[0] Time cost=0.492
2024-04-08 02:01:26,390 [INFO]  Saved checkpoint to "./imputer_model/17_bank/imputer_model_age/model-0000.params"
2024-04-08 02:01:26,400 [INFO]  Epoch[0] Validation-cross-entropy=0.137153
2024-04-08 02:01:26,401 [INFO]  Epoch[0] Validation-age-accuracy=0.000000
2024-04-08 02:01:26,513 [INFO]  Epoch[1] Batch [0-102]	Speed: 14693.98 samples/sec	cross-entropy=0.140127	age-accuracy=0.000000
2024-04-08 02:01:26,623 [INFO]  Epoch[1] Train-cross-entropy=0.099764
2024-04-08 02:01:26,623 [INFO]  Epoch[1] Train-age-accuracy=0.000000
2024-04-08 02:01:26,623 [INFO]  Epoch[1] Time cost=0.222
2024-04-08 02:01:26,625 [INFO]  Saved checkpoint to "./imputer_model/17_bank/imputer_model_age/model-0001.params"
2024-04-08 02:01:26,634 [INFO]  Epoch[1] Validation-cross-entropy=0.084887
2024-04-08 02:01:26,635 [INFO]  Epoch[1] Validation-age-accuracy=0.000000
2024-04-08 02:01:26,899 [INFO]  Epoch[2] Batch [0-102]	Speed: 6209.09 samples/sec	cross-entropy=0.072173	age-accuracy=0.000000
2024-04-08 02:01:26,995 [INFO]  Epoch[2] Train-cross-entropy=0.068722
2024-04-08 02:01:26,996 [INFO]  Epoch[2] Train-age-accuracy=0.000000
2024-04-08 02:01:26,996 [INFO]  Epoch[2] Time cost=0.361
2024-04-08 02:01:26,998 [INFO]  Saved checkpoint to "./imputer_model/17_bank/imputer_model_age/model-0002.params"
2024-04-08 02:01:27,009 [INFO]  Epoch[2] Validation-cross-entropy=0.066544
2024-04-08 02:01:27,009 [INFO]  Epoch[2] Validation-age-accuracy=0.000000
2024-04-08 02:01:27,179 [INFO]  Epoch[3] Batch [0-102]	Speed: 9695.64 samples/sec	cross-entropy=0.057634	age-accuracy=0.000000
2024-04-08 02:01:27,686 [INFO]  Epoch[3] Train-cross-entropy=0.053039
2024-04-08 02:01:27,686 [INFO]  Epoch[3] Train-age-accuracy=0.000000
2024-04-08 02:01:27,690 [INFO]  Epoch[3] Time cost=0.681
2024-04-08 02:01:27,692 [INFO]  Saved checkpoint to "./imputer_model/17_bank/imputer_model_age/model-0003.params"
2024-04-08 02:01:27,846 [INFO]  Epoch[3] Validation-cross-entropy=0.052016
2024-04-08 02:01:27,846 [INFO]  Epoch[3] Validation-age-accuracy=0.000000
2024-04-08 02:01:28,417 [INFO]  Epoch[4] Batch [0-102]	Speed: 2864.40 samples/sec	cross-entropy=0.051250	age-accuracy=0.000000
2024-04-08 02:01:28,875 [INFO]  Epoch[4] Train-cross-entropy=0.046069
2024-04-08 02:01:28,875 [INFO]  Epoch[4] Train-age-accuracy=0.000000
2024-04-08 02:01:28,876 [INFO]  Epoch[4] Time cost=1.029
2024-04-08 02:01:28,877 [INFO]  Saved checkpoint to "./imputer_model/17_bank/imputer_model_age/model-0004.params"
2024-04-08 02:01:28,913 [INFO]  Epoch[4] Validation-cross-entropy=0.040896
2024-04-08 02:01:28,913 [INFO]  Epoch[4] Validation-age-accuracy=0.000000
2024-04-08 02:01:28,913 [INFO]  
========== done (3.017380952835083 s) fit model
2024-04-08 02:02:31,751 [INFO]  
========== start: fit model
2024-04-08 02:02:31,751 [WARNING]  Already bound, ignoring bind()
2024-04-08 02:02:32,130 [INFO]  Epoch[0] Batch [0-102]	Speed: 6646.84 samples/sec	cross-entropy=2.887745	age-accuracy=3.097087
2024-04-08 02:02:32,577 [INFO]  Epoch[0] Train-cross-entropy=0.221100
2024-04-08 02:02:32,577 [INFO]  Epoch[0] Train-age-accuracy=3.455446
2024-04-08 02:02:32,577 [INFO]  Epoch[0] Time cost=0.825
2024-04-08 02:02:32,579 [INFO]  Saved checkpoint to "./imputer_model/17_bank/imputer_model_age/model-0000.params"
2024-04-08 02:02:32,589 [INFO]  Epoch[0] Validation-cross-entropy=0.184038
2024-04-08 02:02:32,589 [INFO]  Epoch[0] Validation-age-accuracy=0.000000
2024-04-08 02:02:32,666 [INFO]  Epoch[1] Batch [0-102]	Speed: 21429.99 samples/sec	cross-entropy=0.115319	age-accuracy=3.097087
2024-04-08 02:02:32,749 [INFO]  Epoch[1] Train-cross-entropy=0.081027
2024-04-08 02:02:32,749 [INFO]  Epoch[1] Train-age-accuracy=3.455446
2024-04-08 02:02:32,749 [INFO]  Epoch[1] Time cost=0.160
2024-04-08 02:02:32,751 [INFO]  Saved checkpoint to "./imputer_model/17_bank/imputer_model_age/model-0001.params"
2024-04-08 02:02:33,030 [INFO]  Epoch[1] Validation-cross-entropy=0.098383
2024-04-08 02:02:33,030 [INFO]  Epoch[1] Validation-age-accuracy=0.000000
2024-04-08 02:02:33,550 [INFO]  Epoch[2] Batch [0-102]	Speed: 3149.03 samples/sec	cross-entropy=0.067867	age-accuracy=3.097087
2024-04-08 02:02:33,777 [INFO]  Epoch[2] Train-cross-entropy=0.059901
2024-04-08 02:02:33,777 [INFO]  Epoch[2] Train-age-accuracy=3.455446
2024-04-08 02:02:33,777 [INFO]  Epoch[2] Time cost=0.747
2024-04-08 02:02:33,779 [INFO]  Saved checkpoint to "./imputer_model/17_bank/imputer_model_age/model-0002.params"
2024-04-08 02:02:33,834 [INFO]  Epoch[2] Validation-cross-entropy=0.080947
2024-04-08 02:02:33,834 [INFO]  Epoch[2] Validation-age-accuracy=0.000000
2024-04-08 02:02:33,949 [INFO]  Epoch[3] Batch [0-102]	Speed: 14392.63 samples/sec	cross-entropy=0.051537	age-accuracy=3.097087
2024-04-08 02:02:34,067 [INFO]  Epoch[3] Train-cross-entropy=0.050415
2024-04-08 02:02:34,068 [INFO]  Epoch[3] Train-age-accuracy=3.455446
2024-04-08 02:02:34,068 [INFO]  Epoch[3] Time cost=0.234
2024-04-08 02:02:34,069 [INFO]  Saved checkpoint to "./imputer_model/17_bank/imputer_model_age/model-0003.params"
2024-04-08 02:02:34,098 [INFO]  Epoch[3] Validation-cross-entropy=0.066765
2024-04-08 02:02:34,098 [INFO]  Epoch[3] Validation-age-accuracy=0.000000
2024-04-08 02:02:34,659 [INFO]  Epoch[4] Batch [0-102]	Speed: 2914.65 samples/sec	cross-entropy=0.039791	age-accuracy=3.097087
2024-04-08 02:02:35,051 [INFO]  Epoch[4] Train-cross-entropy=0.046980
2024-04-08 02:02:35,051 [INFO]  Epoch[4] Train-age-accuracy=3.455446
2024-04-08 02:02:35,051 [INFO]  Epoch[4] Time cost=0.953
2024-04-08 02:02:35,052 [INFO]  Saved checkpoint to "./imputer_model/17_bank/imputer_model_age/model-0004.params"
2024-04-08 02:02:35,059 [INFO]  Epoch[4] Validation-cross-entropy=0.072696
2024-04-08 02:02:35,059 [INFO]  Epoch[4] Validation-age-accuracy=0.000000
2024-04-08 02:02:35,059 [INFO]  
========== done (3.30770206451416 s) fit model
2024-04-08 02:03:34,639 [INFO]  
========== start: fit model
2024-04-08 02:03:34,639 [WARNING]  Already bound, ignoring bind()
2024-04-08 02:03:35,615 [INFO]  Epoch[0] Batch [0-102]	Speed: 2023.06 samples/sec	cross-entropy=2.357293	age-accuracy=0.000000
2024-04-08 02:03:35,726 [INFO]  Epoch[0] Train-cross-entropy=0.198793
2024-04-08 02:03:35,726 [INFO]  Epoch[0] Train-age-accuracy=0.000000
2024-04-08 02:03:35,726 [INFO]  Epoch[0] Time cost=1.086
2024-04-08 02:03:35,728 [INFO]  Saved checkpoint to "./imputer_model/17_bank/imputer_model_age/model-0000.params"
2024-04-08 02:03:35,737 [INFO]  Epoch[0] Validation-cross-entropy=0.109668
2024-04-08 02:03:35,738 [INFO]  Epoch[0] Validation-age-accuracy=0.000000
2024-04-08 02:03:36,169 [INFO]  Epoch[1] Batch [0-102]	Speed: 3796.75 samples/sec	cross-entropy=0.113994	age-accuracy=0.000000
2024-04-08 02:03:36,732 [INFO]  Epoch[1] Train-cross-entropy=0.118914
2024-04-08 02:03:36,732 [INFO]  Epoch[1] Train-age-accuracy=0.000000
2024-04-08 02:03:36,732 [INFO]  Epoch[1] Time cost=0.994
2024-04-08 02:03:36,734 [INFO]  Saved checkpoint to "./imputer_model/17_bank/imputer_model_age/model-0001.params"
2024-04-08 02:03:36,750 [INFO]  Epoch[1] Validation-cross-entropy=0.094319
2024-04-08 02:03:36,750 [INFO]  Epoch[1] Validation-age-accuracy=0.000000
2024-04-08 02:03:36,990 [INFO]  Epoch[2] Batch [0-102]	Speed: 6814.94 samples/sec	cross-entropy=0.080981	age-accuracy=0.000000
2024-04-08 02:03:37,101 [INFO]  Epoch[2] Train-cross-entropy=0.094201
2024-04-08 02:03:37,101 [INFO]  Epoch[2] Train-age-accuracy=0.000000
2024-04-08 02:03:37,101 [INFO]  Epoch[2] Time cost=0.351
2024-04-08 02:03:37,103 [INFO]  Saved checkpoint to "./imputer_model/17_bank/imputer_model_age/model-0002.params"
2024-04-08 02:03:37,117 [INFO]  Epoch[2] Validation-cross-entropy=0.097198
2024-04-08 02:03:37,117 [INFO]  Epoch[2] Validation-age-accuracy=0.000000
2024-04-08 02:03:37,586 [INFO]  Epoch[3] Batch [0-102]	Speed: 3486.66 samples/sec	cross-entropy=0.056649	age-accuracy=0.000000
2024-04-08 02:03:37,669 [INFO]  Epoch[3] Train-cross-entropy=0.072652
2024-04-08 02:03:37,669 [INFO]  Epoch[3] Train-age-accuracy=0.000000
2024-04-08 02:03:37,669 [INFO]  Epoch[3] Time cost=0.552
2024-04-08 02:03:37,671 [INFO]  Saved checkpoint to "./imputer_model/17_bank/imputer_model_age/model-0003.params"
2024-04-08 02:03:37,824 [INFO]  Epoch[3] Validation-cross-entropy=0.082839
2024-04-08 02:03:37,824 [INFO]  Epoch[3] Validation-age-accuracy=0.000000
2024-04-08 02:03:37,942 [INFO]  Epoch[4] Batch [0-102]	Speed: 14061.03 samples/sec	cross-entropy=0.047552	age-accuracy=0.000000
2024-04-08 02:03:38,395 [INFO]  Epoch[4] Train-cross-entropy=0.058186
2024-04-08 02:03:38,395 [INFO]  Epoch[4] Train-age-accuracy=0.000000
2024-04-08 02:03:38,395 [INFO]  Epoch[4] Time cost=0.570
2024-04-08 02:03:38,397 [INFO]  Saved checkpoint to "./imputer_model/17_bank/imputer_model_age/model-0004.params"
2024-04-08 02:03:38,434 [INFO]  Epoch[4] Validation-cross-entropy=0.054986
2024-04-08 02:03:38,434 [INFO]  Epoch[4] Validation-age-accuracy=0.000000
2024-04-08 02:03:38,434 [INFO]  
========== done (3.795180320739746 s) fit model
2024-04-08 02:04:39,407 [INFO]  
========== start: fit model
2024-04-08 02:04:39,408 [WARNING]  Already bound, ignoring bind()
2024-04-08 02:04:39,596 [INFO]  Epoch[0] Batch [0-102]	Speed: 9069.16 samples/sec	cross-entropy=1.790132	age-accuracy=3.330097
2024-04-08 02:04:39,950 [INFO]  Epoch[0] Train-cross-entropy=0.159542
2024-04-08 02:04:39,950 [INFO]  Epoch[0] Train-age-accuracy=3.366337
2024-04-08 02:04:39,950 [INFO]  Epoch[0] Time cost=0.542
2024-04-08 02:04:39,952 [INFO]  Saved checkpoint to "./imputer_model/17_bank/imputer_model_age/model-0000.params"
2024-04-08 02:04:39,963 [INFO]  Epoch[0] Validation-cross-entropy=0.094249
2024-04-08 02:04:39,963 [INFO]  Epoch[0] Validation-age-accuracy=0.000000
2024-04-08 02:04:40,305 [INFO]  Epoch[1] Batch [0-102]	Speed: 4792.23 samples/sec	cross-entropy=0.185649	age-accuracy=3.330097
2024-04-08 02:04:40,637 [INFO]  Epoch[1] Train-cross-entropy=0.080169
2024-04-08 02:04:40,637 [INFO]  Epoch[1] Train-age-accuracy=3.366337
2024-04-08 02:04:40,637 [INFO]  Epoch[1] Time cost=0.674
2024-04-08 02:04:40,640 [INFO]  Saved checkpoint to "./imputer_model/17_bank/imputer_model_age/model-0001.params"
2024-04-08 02:04:40,659 [INFO]  Epoch[1] Validation-cross-entropy=0.076108
2024-04-08 02:04:40,659 [INFO]  Epoch[1] Validation-age-accuracy=0.000000
2024-04-08 02:04:40,749 [INFO]  Epoch[2] Batch [0-102]	Speed: 18331.29 samples/sec	cross-entropy=0.101133	age-accuracy=3.330097
2024-04-08 02:04:40,853 [INFO]  Epoch[2] Train-cross-entropy=0.103626
2024-04-08 02:04:40,853 [INFO]  Epoch[2] Train-age-accuracy=3.366337
2024-04-08 02:04:40,853 [INFO]  Epoch[2] Time cost=0.194
2024-04-08 02:04:40,855 [INFO]  Saved checkpoint to "./imputer_model/17_bank/imputer_model_age/model-0002.params"
2024-04-08 02:04:40,865 [INFO]  Epoch[2] Validation-cross-entropy=0.074964
2024-04-08 02:04:40,865 [INFO]  Epoch[2] Validation-age-accuracy=0.000000
2024-04-08 02:04:40,960 [INFO]  Epoch[3] Batch [0-102]	Speed: 17491.94 samples/sec	cross-entropy=0.112273	age-accuracy=3.330097
2024-04-08 02:04:41,898 [INFO]  Epoch[3] Train-cross-entropy=0.083394
2024-04-08 02:04:41,898 [INFO]  Epoch[3] Train-age-accuracy=3.366337
2024-04-08 02:04:41,898 [INFO]  Epoch[3] Time cost=1.033
2024-04-08 02:04:41,900 [INFO]  Saved checkpoint to "./imputer_model/17_bank/imputer_model_age/model-0003.params"
2024-04-08 02:04:41,931 [INFO]  Epoch[3] Validation-cross-entropy=0.063226
2024-04-08 02:04:41,931 [INFO]  Epoch[3] Validation-age-accuracy=0.000000
2024-04-08 02:04:42,554 [INFO]  Epoch[4] Batch [0-102]	Speed: 2638.12 samples/sec	cross-entropy=0.083932	age-accuracy=3.330097
2024-04-08 02:04:42,760 [INFO]  Epoch[4] Train-cross-entropy=0.054631
2024-04-08 02:04:42,760 [INFO]  Epoch[4] Train-age-accuracy=3.366337
2024-04-08 02:04:42,760 [INFO]  Epoch[4] Time cost=0.829
2024-04-08 02:04:42,762 [INFO]  Saved checkpoint to "./imputer_model/17_bank/imputer_model_age/model-0004.params"
2024-04-08 02:04:42,773 [INFO]  Epoch[4] Validation-cross-entropy=0.053657
2024-04-08 02:04:42,773 [INFO]  Epoch[4] Validation-age-accuracy=0.000000
2024-04-08 02:04:42,773 [INFO]  
========== done (3.365299940109253 s) fit model
2024-04-08 02:05:41,921 [INFO]  
========== start: fit model
2024-04-08 02:05:41,922 [WARNING]  Already bound, ignoring bind()
2024-04-08 02:05:42,534 [INFO]  Epoch[0] Batch [0-102]	Speed: 2721.42 samples/sec	cross-entropy=3.289028	age-accuracy=3.339806
2024-04-08 02:05:42,654 [INFO]  Epoch[0] Train-cross-entropy=0.175354
2024-04-08 02:05:42,654 [INFO]  Epoch[0] Train-age-accuracy=3.445545
2024-04-08 02:05:42,654 [INFO]  Epoch[0] Time cost=0.731
2024-04-08 02:05:42,656 [INFO]  Saved checkpoint to "./imputer_model/17_bank/imputer_model_age/model-0000.params"
2024-04-08 02:05:42,667 [INFO]  Epoch[0] Validation-cross-entropy=0.186889
2024-04-08 02:05:42,667 [INFO]  Epoch[0] Validation-age-accuracy=0.000000
2024-04-08 02:05:42,858 [INFO]  Epoch[1] Batch [0-102]	Speed: 8608.10 samples/sec	cross-entropy=0.101494	age-accuracy=3.339806
2024-04-08 02:05:43,134 [INFO]  Epoch[1] Train-cross-entropy=0.077096
2024-04-08 02:05:43,134 [INFO]  Epoch[1] Train-age-accuracy=3.445545
2024-04-08 02:05:43,134 [INFO]  Epoch[1] Time cost=0.467
2024-04-08 02:05:43,136 [INFO]  Saved checkpoint to "./imputer_model/17_bank/imputer_model_age/model-0001.params"
2024-04-08 02:05:43,146 [INFO]  Epoch[1] Validation-cross-entropy=0.135707
2024-04-08 02:05:43,146 [INFO]  Epoch[1] Validation-age-accuracy=0.000000
2024-04-08 02:05:43,267 [INFO]  Epoch[2] Batch [0-102]	Speed: 13738.43 samples/sec	cross-entropy=0.082597	age-accuracy=3.339806
2024-04-08 02:05:43,387 [INFO]  Epoch[2] Train-cross-entropy=0.054620
2024-04-08 02:05:43,387 [INFO]  Epoch[2] Train-age-accuracy=3.445545
2024-04-08 02:05:43,387 [INFO]  Epoch[2] Time cost=0.241
2024-04-08 02:05:43,389 [INFO]  Saved checkpoint to "./imputer_model/17_bank/imputer_model_age/model-0002.params"
2024-04-08 02:05:43,399 [INFO]  Epoch[2] Validation-cross-entropy=0.111087
2024-04-08 02:05:43,399 [INFO]  Epoch[2] Validation-age-accuracy=0.000000
2024-04-08 02:05:43,607 [INFO]  Epoch[3] Batch [0-102]	Speed: 7925.09 samples/sec	cross-entropy=0.057843	age-accuracy=3.339806
2024-04-08 02:05:43,962 [INFO]  Epoch[3] Train-cross-entropy=0.046358
2024-04-08 02:05:43,962 [INFO]  Epoch[3] Train-age-accuracy=3.445545
2024-04-08 02:05:43,962 [INFO]  Epoch[3] Time cost=0.562
2024-04-08 02:05:43,964 [INFO]  Saved checkpoint to "./imputer_model/17_bank/imputer_model_age/model-0003.params"
2024-04-08 02:05:43,972 [INFO]  Epoch[3] Validation-cross-entropy=0.099251
2024-04-08 02:05:43,972 [INFO]  Epoch[3] Validation-age-accuracy=0.000000
2024-04-08 02:05:44,262 [INFO]  Epoch[4] Batch [0-102]	Speed: 5643.53 samples/sec	cross-entropy=0.045160	age-accuracy=3.339806
2024-04-08 02:05:44,561 [INFO]  Epoch[4] Train-cross-entropy=0.039580
2024-04-08 02:05:44,561 [INFO]  Epoch[4] Train-age-accuracy=3.445545
2024-04-08 02:05:44,561 [INFO]  Epoch[4] Time cost=0.589
2024-04-08 02:05:44,563 [INFO]  Saved checkpoint to "./imputer_model/17_bank/imputer_model_age/model-0004.params"
2024-04-08 02:05:44,569 [INFO]  Epoch[4] Validation-cross-entropy=0.082142
2024-04-08 02:05:44,569 [INFO]  Epoch[4] Validation-age-accuracy=0.000000
2024-04-08 02:05:44,569 [INFO]  
========== done (2.647735118865967 s) fit model
2024-04-08 02:06:42,864 [INFO]  
========== start: fit model
2024-04-08 02:06:42,865 [WARNING]  Already bound, ignoring bind()
2024-04-08 02:06:44,055 [INFO]  Epoch[0] Batch [0-102]	Speed: 1390.20 samples/sec	cross-entropy=1.833315	age-accuracy=3.466019
2024-04-08 02:06:44,240 [INFO]  Epoch[0] Train-cross-entropy=0.234216
2024-04-08 02:06:44,240 [INFO]  Epoch[0] Train-age-accuracy=3.425743
2024-04-08 02:06:44,240 [INFO]  Epoch[0] Time cost=1.374
2024-04-08 02:06:44,242 [INFO]  Saved checkpoint to "./imputer_model/17_bank/imputer_model_age/model-0000.params"
2024-04-08 02:06:44,252 [INFO]  Epoch[0] Validation-cross-entropy=0.509681
2024-04-08 02:06:44,252 [INFO]  Epoch[0] Validation-age-accuracy=0.000000
2024-04-08 02:06:44,376 [INFO]  Epoch[1] Batch [0-102]	Speed: 13264.73 samples/sec	cross-entropy=0.191807	age-accuracy=3.466019
2024-04-08 02:06:44,727 [INFO]  Epoch[1] Train-cross-entropy=0.087837
2024-04-08 02:06:44,727 [INFO]  Epoch[1] Train-age-accuracy=3.425743
2024-04-08 02:06:44,727 [INFO]  Epoch[1] Time cost=0.475
2024-04-08 02:06:44,729 [INFO]  Saved checkpoint to "./imputer_model/17_bank/imputer_model_age/model-0001.params"
2024-04-08 02:06:44,763 [INFO]  Epoch[1] Validation-cross-entropy=0.265598
2024-04-08 02:06:44,763 [INFO]  Epoch[1] Validation-age-accuracy=0.000000
2024-04-08 02:06:44,846 [INFO]  Epoch[2] Batch [0-102]	Speed: 24657.09 samples/sec	cross-entropy=0.099343	age-accuracy=3.466019
2024-04-08 02:06:45,196 [INFO]  Epoch[2] Train-cross-entropy=0.072942
2024-04-08 02:06:45,196 [INFO]  Epoch[2] Train-age-accuracy=3.425743
2024-04-08 02:06:45,196 [INFO]  Epoch[2] Time cost=0.433
2024-04-08 02:06:45,198 [INFO]  Saved checkpoint to "./imputer_model/17_bank/imputer_model_age/model-0002.params"
2024-04-08 02:06:45,208 [INFO]  Epoch[2] Validation-cross-entropy=0.277138
2024-04-08 02:06:45,208 [INFO]  Epoch[2] Validation-age-accuracy=0.000000
2024-04-08 02:06:45,320 [INFO]  Epoch[3] Batch [0-102]	Speed: 14674.45 samples/sec	cross-entropy=0.087462	age-accuracy=3.466019
2024-04-08 02:06:45,431 [INFO]  Epoch[3] Train-cross-entropy=0.058670
2024-04-08 02:06:45,431 [INFO]  Epoch[3] Train-age-accuracy=3.425743
2024-04-08 02:06:45,431 [INFO]  Epoch[3] Time cost=0.223
2024-04-08 02:06:45,433 [INFO]  Saved checkpoint to "./imputer_model/17_bank/imputer_model_age/model-0003.params"
2024-04-08 02:06:45,442 [INFO]  Epoch[3] Validation-cross-entropy=0.248268
2024-04-08 02:06:45,442 [INFO]  Epoch[3] Validation-age-accuracy=0.000000
2024-04-08 02:06:45,554 [INFO]  Epoch[4] Batch [0-102]	Speed: 14761.80 samples/sec	cross-entropy=0.070763	age-accuracy=3.466019
2024-04-08 02:06:45,681 [INFO]  Epoch[4] Train-cross-entropy=0.048265
2024-04-08 02:06:45,681 [INFO]  Epoch[4] Train-age-accuracy=3.425743
2024-04-08 02:06:45,681 [INFO]  Epoch[4] Time cost=0.239
2024-04-08 02:06:45,683 [INFO]  Saved checkpoint to "./imputer_model/17_bank/imputer_model_age/model-0004.params"
2024-04-08 02:06:45,692 [INFO]  Epoch[4] Validation-cross-entropy=0.222985
2024-04-08 02:06:45,692 [INFO]  Epoch[4] Validation-age-accuracy=0.000000
2024-04-08 02:06:45,692 [INFO]  
========== done (2.827798366546631 s) fit model
2024-04-08 02:07:43,648 [INFO]  
========== start: fit model
2024-04-08 02:07:43,648 [WARNING]  Already bound, ignoring bind()
2024-04-08 02:07:44,455 [INFO]  Epoch[0] Batch [0-102]	Speed: 2182.10 samples/sec	cross-entropy=2.087461	age-accuracy=3.135922
2024-04-08 02:07:44,688 [INFO]  Epoch[0] Train-cross-entropy=0.159881
2024-04-08 02:07:44,688 [INFO]  Epoch[0] Train-age-accuracy=3.297030
2024-04-08 02:07:44,688 [INFO]  Epoch[0] Time cost=1.039
2024-04-08 02:07:44,690 [INFO]  Saved checkpoint to "./imputer_model/17_bank/imputer_model_age/model-0000.params"
2024-04-08 02:07:44,699 [INFO]  Epoch[0] Validation-cross-entropy=0.098919
2024-04-08 02:07:44,699 [INFO]  Epoch[0] Validation-age-accuracy=0.000000
2024-04-08 02:07:44,844 [INFO]  Epoch[1] Batch [0-102]	Speed: 11369.45 samples/sec	cross-entropy=0.094217	age-accuracy=3.135922
2024-04-08 02:07:44,953 [INFO]  Epoch[1] Train-cross-entropy=0.087723
2024-04-08 02:07:44,953 [INFO]  Epoch[1] Train-age-accuracy=3.297030
2024-04-08 02:07:44,953 [INFO]  Epoch[1] Time cost=0.254
2024-04-08 02:07:44,955 [INFO]  Saved checkpoint to "./imputer_model/17_bank/imputer_model_age/model-0001.params"
2024-04-08 02:07:44,961 [INFO]  Epoch[1] Validation-cross-entropy=0.060686
2024-04-08 02:07:44,961 [INFO]  Epoch[1] Validation-age-accuracy=0.000000
2024-04-08 02:07:45,356 [INFO]  Epoch[2] Batch [0-102]	Speed: 4130.99 samples/sec	cross-entropy=0.073759	age-accuracy=3.135922
2024-04-08 02:07:45,800 [INFO]  Epoch[2] Train-cross-entropy=0.078889
2024-04-08 02:07:45,800 [INFO]  Epoch[2] Train-age-accuracy=3.297030
2024-04-08 02:07:45,800 [INFO]  Epoch[2] Time cost=0.839
2024-04-08 02:07:45,802 [INFO]  Saved checkpoint to "./imputer_model/17_bank/imputer_model_age/model-0002.params"
2024-04-08 02:07:45,812 [INFO]  Epoch[2] Validation-cross-entropy=0.047066
2024-04-08 02:07:45,812 [INFO]  Epoch[2] Validation-age-accuracy=0.000000
2024-04-08 02:07:45,968 [INFO]  Epoch[3] Batch [0-102]	Speed: 10521.14 samples/sec	cross-entropy=0.057935	age-accuracy=3.135922
2024-04-08 02:07:46,376 [INFO]  Epoch[3] Train-cross-entropy=0.056820
2024-04-08 02:07:46,377 [INFO]  Epoch[3] Train-age-accuracy=3.297030
2024-04-08 02:07:46,377 [INFO]  Epoch[3] Time cost=0.565
2024-04-08 02:07:46,378 [INFO]  Saved checkpoint to "./imputer_model/17_bank/imputer_model_age/model-0003.params"
2024-04-08 02:07:46,392 [INFO]  Epoch[3] Validation-cross-entropy=0.039193
2024-04-08 02:07:46,392 [INFO]  Epoch[3] Validation-age-accuracy=0.000000
2024-04-08 02:07:46,757 [INFO]  Epoch[4] Batch [0-102]	Speed: 4487.92 samples/sec	cross-entropy=0.041085	age-accuracy=3.135922
2024-04-08 02:07:46,865 [INFO]  Epoch[4] Train-cross-entropy=0.043371
2024-04-08 02:07:46,865 [INFO]  Epoch[4] Train-age-accuracy=3.297030
2024-04-08 02:07:46,865 [INFO]  Epoch[4] Time cost=0.472
2024-04-08 02:07:46,867 [INFO]  Saved checkpoint to "./imputer_model/17_bank/imputer_model_age/model-0004.params"
2024-04-08 02:07:46,877 [INFO]  Epoch[4] Validation-cross-entropy=0.033178
2024-04-08 02:07:46,877 [INFO]  Epoch[4] Validation-age-accuracy=0.000000
2024-04-08 02:07:46,877 [INFO]  
========== done (3.2288124561309814 s) fit model
2024-04-08 02:08:47,693 [INFO]  
========== start: fit model
2024-04-08 02:08:47,693 [WARNING]  Already bound, ignoring bind()
2024-04-08 02:08:47,974 [INFO]  Epoch[0] Batch [0-102]	Speed: 5956.51 samples/sec	cross-entropy=1.904869	age-accuracy=0.000000
2024-04-08 02:08:48,134 [INFO]  Epoch[0] Train-cross-entropy=0.166086
2024-04-08 02:08:48,135 [INFO]  Epoch[0] Train-age-accuracy=0.000000
2024-04-08 02:08:48,135 [INFO]  Epoch[0] Time cost=0.440
2024-04-08 02:08:48,136 [INFO]  Saved checkpoint to "./imputer_model/17_bank/imputer_model_age/model-0000.params"
2024-04-08 02:08:48,403 [INFO]  Epoch[0] Validation-cross-entropy=0.105595
2024-04-08 02:08:48,403 [INFO]  Epoch[0] Validation-age-accuracy=0.000000
2024-04-08 02:08:48,555 [INFO]  Epoch[1] Batch [0-102]	Speed: 10775.84 samples/sec	cross-entropy=0.087538	age-accuracy=0.000000
2024-04-08 02:08:48,668 [INFO]  Epoch[1] Train-cross-entropy=0.118548
2024-04-08 02:08:48,668 [INFO]  Epoch[1] Train-age-accuracy=0.000000
2024-04-08 02:08:48,668 [INFO]  Epoch[1] Time cost=0.265
2024-04-08 02:08:48,670 [INFO]  Saved checkpoint to "./imputer_model/17_bank/imputer_model_age/model-0001.params"
2024-04-08 02:08:48,682 [INFO]  Epoch[1] Validation-cross-entropy=0.064166
2024-04-08 02:08:48,682 [INFO]  Epoch[1] Validation-age-accuracy=0.000000
2024-04-08 02:08:48,865 [INFO]  Epoch[2] Batch [0-102]	Speed: 8972.34 samples/sec	cross-entropy=0.058270	age-accuracy=0.000000
2024-04-08 02:08:49,705 [INFO]  Epoch[2] Train-cross-entropy=0.077387
2024-04-08 02:08:49,705 [INFO]  Epoch[2] Train-age-accuracy=0.000000
2024-04-08 02:08:49,705 [INFO]  Epoch[2] Time cost=1.023
2024-04-08 02:08:49,707 [INFO]  Saved checkpoint to "./imputer_model/17_bank/imputer_model_age/model-0002.params"
2024-04-08 02:08:50,291 [INFO]  Epoch[2] Validation-cross-entropy=0.076686
2024-04-08 02:08:50,291 [INFO]  Epoch[2] Validation-age-accuracy=0.000000
2024-04-08 02:08:50,508 [INFO]  Epoch[3] Batch [0-102]	Speed: 7685.92 samples/sec	cross-entropy=0.050580	age-accuracy=0.000000
2024-04-08 02:08:50,742 [INFO]  Epoch[3] Train-cross-entropy=0.051171
2024-04-08 02:08:50,742 [INFO]  Epoch[3] Train-age-accuracy=0.000000
2024-04-08 02:08:50,742 [INFO]  Epoch[3] Time cost=0.450
2024-04-08 02:08:50,744 [INFO]  Saved checkpoint to "./imputer_model/17_bank/imputer_model_age/model-0003.params"
2024-04-08 02:08:50,806 [INFO]  Epoch[3] Validation-cross-entropy=0.066351
2024-04-08 02:08:50,806 [INFO]  Epoch[3] Validation-age-accuracy=0.000000
2024-04-08 02:08:51,077 [INFO]  Epoch[4] Batch [0-102]	Speed: 6052.30 samples/sec	cross-entropy=0.042921	age-accuracy=0.000000
2024-04-08 02:08:52,065 [INFO]  Epoch[4] Train-cross-entropy=0.040234
2024-04-08 02:08:52,065 [INFO]  Epoch[4] Train-age-accuracy=0.000000
2024-04-08 02:08:52,065 [INFO]  Epoch[4] Time cost=1.259
2024-04-08 02:08:52,067 [INFO]  Saved checkpoint to "./imputer_model/17_bank/imputer_model_age/model-0004.params"
2024-04-08 02:08:52,278 [INFO]  Epoch[4] Validation-cross-entropy=0.050638
2024-04-08 02:08:52,278 [INFO]  Epoch[4] Validation-age-accuracy=0.000000
2024-04-08 02:08:52,278 [INFO]  
========== done (4.585079669952393 s) fit model
2024-04-08 02:09:51,900 [INFO]  
========== start: fit model
2024-04-08 02:09:51,900 [WARNING]  Already bound, ignoring bind()
2024-04-08 02:09:52,280 [INFO]  Epoch[0] Batch [0-102]	Speed: 4879.37 samples/sec	cross-entropy=3.212671	age-accuracy=3.116505
2024-04-08 02:09:52,498 [INFO]  Epoch[0] Train-cross-entropy=0.183921
2024-04-08 02:09:52,498 [INFO]  Epoch[0] Train-age-accuracy=3.495050
2024-04-08 02:09:52,498 [INFO]  Epoch[0] Time cost=0.597
2024-04-08 02:09:52,500 [INFO]  Saved checkpoint to "./imputer_model/17_bank/imputer_model_age/model-0000.params"
2024-04-08 02:09:52,509 [INFO]  Epoch[0] Validation-cross-entropy=0.177705
2024-04-08 02:09:52,510 [INFO]  Epoch[0] Validation-age-accuracy=0.000000
2024-04-08 02:09:52,622 [INFO]  Epoch[1] Batch [0-102]	Speed: 14676.06 samples/sec	cross-entropy=0.124522	age-accuracy=3.116505
2024-04-08 02:09:52,735 [INFO]  Epoch[1] Train-cross-entropy=0.079297
2024-04-08 02:09:52,735 [INFO]  Epoch[1] Train-age-accuracy=3.495050
2024-04-08 02:09:52,735 [INFO]  Epoch[1] Time cost=0.226
2024-04-08 02:09:52,737 [INFO]  Saved checkpoint to "./imputer_model/17_bank/imputer_model_age/model-0001.params"
2024-04-08 02:09:52,746 [INFO]  Epoch[1] Validation-cross-entropy=0.133814
2024-04-08 02:09:52,746 [INFO]  Epoch[1] Validation-age-accuracy=0.000000
2024-04-08 02:09:52,860 [INFO]  Epoch[2] Batch [0-102]	Speed: 14623.98 samples/sec	cross-entropy=0.075498	age-accuracy=3.116505
2024-04-08 02:09:52,981 [INFO]  Epoch[2] Train-cross-entropy=0.057023
2024-04-08 02:09:52,981 [INFO]  Epoch[2] Train-age-accuracy=3.495050
2024-04-08 02:09:52,981 [INFO]  Epoch[2] Time cost=0.234
2024-04-08 02:09:52,983 [INFO]  Saved checkpoint to "./imputer_model/17_bank/imputer_model_age/model-0002.params"
2024-04-08 02:09:52,992 [INFO]  Epoch[2] Validation-cross-entropy=0.098267
2024-04-08 02:09:52,992 [INFO]  Epoch[2] Validation-age-accuracy=0.000000
2024-04-08 02:09:53,440 [INFO]  Epoch[3] Batch [0-102]	Speed: 3651.02 samples/sec	cross-entropy=0.059632	age-accuracy=3.116505
2024-04-08 02:09:53,612 [INFO]  Epoch[3] Train-cross-entropy=0.050034
2024-04-08 02:09:53,612 [INFO]  Epoch[3] Train-age-accuracy=3.495050
2024-04-08 02:09:53,612 [INFO]  Epoch[3] Time cost=0.620
2024-04-08 02:09:53,614 [INFO]  Saved checkpoint to "./imputer_model/17_bank/imputer_model_age/model-0003.params"
2024-04-08 02:09:53,652 [INFO]  Epoch[3] Validation-cross-entropy=0.078028
2024-04-08 02:09:53,652 [INFO]  Epoch[3] Validation-age-accuracy=0.000000
2024-04-08 02:09:53,923 [INFO]  Epoch[4] Batch [0-102]	Speed: 6041.25 samples/sec	cross-entropy=0.048541	age-accuracy=3.116505
2024-04-08 02:09:54,063 [INFO]  Epoch[4] Train-cross-entropy=0.042885
2024-04-08 02:09:54,063 [INFO]  Epoch[4] Train-age-accuracy=3.495050
2024-04-08 02:09:54,063 [INFO]  Epoch[4] Time cost=0.411
2024-04-08 02:09:54,065 [INFO]  Saved checkpoint to "./imputer_model/17_bank/imputer_model_age/model-0004.params"
2024-04-08 02:09:54,076 [INFO]  Epoch[4] Validation-cross-entropy=0.066793
2024-04-08 02:09:54,076 [INFO]  Epoch[4] Validation-age-accuracy=0.000000
2024-04-08 02:09:54,076 [INFO]  
========== done (2.176569938659668 s) fit model
2024-04-08 02:10:50,883 [INFO]  
========== start: fit model
2024-04-08 02:10:50,883 [WARNING]  Already bound, ignoring bind()
2024-04-08 02:10:51,164 [INFO]  Epoch[0] Batch [0-102]	Speed: 5983.95 samples/sec	cross-entropy=2.024035	age-accuracy=3.359223
2024-04-08 02:10:51,293 [INFO]  Epoch[0] Train-cross-entropy=0.204410
2024-04-08 02:10:51,293 [INFO]  Epoch[0] Train-age-accuracy=3.435644
2024-04-08 02:10:51,293 [INFO]  Epoch[0] Time cost=0.408
2024-04-08 02:10:51,295 [INFO]  Saved checkpoint to "./imputer_model/17_bank/imputer_model_age/model-0000.params"
2024-04-08 02:10:51,319 [INFO]  Epoch[0] Validation-cross-entropy=0.111162
2024-04-08 02:10:51,319 [INFO]  Epoch[0] Validation-age-accuracy=0.000000
2024-04-08 02:10:52,548 [INFO]  Epoch[1] Batch [0-102]	Speed: 1329.23 samples/sec	cross-entropy=0.105385	age-accuracy=3.359223
2024-04-08 02:10:52,890 [INFO]  Epoch[1] Train-cross-entropy=0.101431
2024-04-08 02:10:52,890 [INFO]  Epoch[1] Train-age-accuracy=3.435644
2024-04-08 02:10:52,890 [INFO]  Epoch[1] Time cost=1.571
2024-04-08 02:10:52,893 [INFO]  Saved checkpoint to "./imputer_model/17_bank/imputer_model_age/model-0001.params"
2024-04-08 02:10:52,903 [INFO]  Epoch[1] Validation-cross-entropy=0.085178
2024-04-08 02:10:52,903 [INFO]  Epoch[1] Validation-age-accuracy=0.000000
2024-04-08 02:10:53,019 [INFO]  Epoch[2] Batch [0-102]	Speed: 14316.50 samples/sec	cross-entropy=0.071612	age-accuracy=3.359223
2024-04-08 02:10:53,606 [INFO]  Epoch[2] Train-cross-entropy=0.070483
2024-04-08 02:10:53,606 [INFO]  Epoch[2] Train-age-accuracy=3.435644
2024-04-08 02:10:53,606 [INFO]  Epoch[2] Time cost=0.703
2024-04-08 02:10:53,608 [INFO]  Saved checkpoint to "./imputer_model/17_bank/imputer_model_age/model-0002.params"
2024-04-08 02:10:53,622 [INFO]  Epoch[2] Validation-cross-entropy=0.077617
2024-04-08 02:10:53,622 [INFO]  Epoch[2] Validation-age-accuracy=0.000000
2024-04-08 02:10:53,736 [INFO]  Epoch[3] Batch [0-102]	Speed: 14486.50 samples/sec	cross-entropy=0.056210	age-accuracy=3.359223
2024-04-08 02:10:54,013 [INFO]  Epoch[3] Train-cross-entropy=0.047619
2024-04-08 02:10:54,013 [INFO]  Epoch[3] Train-age-accuracy=3.435644
2024-04-08 02:10:54,013 [INFO]  Epoch[3] Time cost=0.391
2024-04-08 02:10:54,015 [INFO]  Saved checkpoint to "./imputer_model/17_bank/imputer_model_age/model-0003.params"
2024-04-08 02:10:54,024 [INFO]  Epoch[3] Validation-cross-entropy=0.062969
2024-04-08 02:10:54,024 [INFO]  Epoch[3] Validation-age-accuracy=0.000000
2024-04-08 02:10:54,162 [INFO]  Epoch[4] Batch [0-102]	Speed: 12002.01 samples/sec	cross-entropy=0.048880	age-accuracy=3.359223
2024-04-08 02:10:54,285 [INFO]  Epoch[4] Train-cross-entropy=0.037376
2024-04-08 02:10:54,285 [INFO]  Epoch[4] Train-age-accuracy=3.435644
2024-04-08 02:10:54,285 [INFO]  Epoch[4] Time cost=0.261
2024-04-08 02:10:54,288 [INFO]  Saved checkpoint to "./imputer_model/17_bank/imputer_model_age/model-0004.params"
2024-04-08 02:10:54,299 [INFO]  Epoch[4] Validation-cross-entropy=0.048785
2024-04-08 02:10:54,299 [INFO]  Epoch[4] Validation-age-accuracy=0.000000
2024-04-08 02:10:54,299 [INFO]  
========== done (3.415647268295288 s) fit model
2024-04-08 02:11:49,870 [INFO]  
========== start: fit model
2024-04-08 02:11:49,871 [WARNING]  Already bound, ignoring bind()
2024-04-08 02:11:51,019 [INFO]  Epoch[0] Batch [0-102]	Speed: 1755.34 samples/sec	cross-entropy=2.672980	age-accuracy=3.504854
2024-04-08 02:11:51,186 [INFO]  Epoch[0] Train-cross-entropy=0.186456
2024-04-08 02:11:51,186 [INFO]  Epoch[0] Train-age-accuracy=3.336634
2024-04-08 02:11:51,186 [INFO]  Epoch[0] Time cost=1.314
2024-04-08 02:11:51,189 [INFO]  Saved checkpoint to "./imputer_model/17_bank/imputer_model_age/model-0000.params"
2024-04-08 02:11:51,199 [INFO]  Epoch[0] Validation-cross-entropy=0.110719
2024-04-08 02:11:51,199 [INFO]  Epoch[0] Validation-age-accuracy=0.000000
2024-04-08 02:11:51,312 [INFO]  Epoch[1] Batch [0-102]	Speed: 14658.49 samples/sec	cross-entropy=0.108303	age-accuracy=3.504854
2024-04-08 02:11:51,422 [INFO]  Epoch[1] Train-cross-entropy=0.097489
2024-04-08 02:11:51,423 [INFO]  Epoch[1] Train-age-accuracy=3.336634
2024-04-08 02:11:51,423 [INFO]  Epoch[1] Time cost=0.224
2024-04-08 02:11:51,425 [INFO]  Saved checkpoint to "./imputer_model/17_bank/imputer_model_age/model-0001.params"
2024-04-08 02:11:51,435 [INFO]  Epoch[1] Validation-cross-entropy=0.095328
2024-04-08 02:11:51,435 [INFO]  Epoch[1] Validation-age-accuracy=0.000000
2024-04-08 02:11:51,758 [INFO]  Epoch[2] Batch [0-102]	Speed: 5069.52 samples/sec	cross-entropy=0.072281	age-accuracy=3.504854
2024-04-08 02:11:51,869 [INFO]  Epoch[2] Train-cross-entropy=0.069447
2024-04-08 02:11:51,870 [INFO]  Epoch[2] Train-age-accuracy=3.336634
2024-04-08 02:11:51,870 [INFO]  Epoch[2] Time cost=0.435
2024-04-08 02:11:51,872 [INFO]  Saved checkpoint to "./imputer_model/17_bank/imputer_model_age/model-0002.params"
2024-04-08 02:11:51,882 [INFO]  Epoch[2] Validation-cross-entropy=0.073460
2024-04-08 02:11:51,882 [INFO]  Epoch[2] Validation-age-accuracy=0.000000
2024-04-08 02:11:52,007 [INFO]  Epoch[3] Batch [0-102]	Speed: 13262.80 samples/sec	cross-entropy=0.057104	age-accuracy=3.504854
2024-04-08 02:11:52,128 [INFO]  Epoch[3] Train-cross-entropy=0.061079
2024-04-08 02:11:52,129 [INFO]  Epoch[3] Train-age-accuracy=3.336634
2024-04-08 02:11:52,129 [INFO]  Epoch[3] Time cost=0.246
2024-04-08 02:11:52,130 [INFO]  Saved checkpoint to "./imputer_model/17_bank/imputer_model_age/model-0003.params"
2024-04-08 02:11:52,229 [INFO]  Epoch[3] Validation-cross-entropy=0.073435
2024-04-08 02:11:52,229 [INFO]  Epoch[3] Validation-age-accuracy=0.000000
2024-04-08 02:11:52,582 [INFO]  Epoch[4] Batch [0-102]	Speed: 4642.95 samples/sec	cross-entropy=0.054367	age-accuracy=3.504854
2024-04-08 02:11:52,802 [INFO]  Epoch[4] Train-cross-entropy=0.055389
2024-04-08 02:11:52,803 [INFO]  Epoch[4] Train-age-accuracy=3.336634
2024-04-08 02:11:52,803 [INFO]  Epoch[4] Time cost=0.573
2024-04-08 02:11:52,808 [INFO]  Saved checkpoint to "./imputer_model/17_bank/imputer_model_age/model-0004.params"
2024-04-08 02:11:52,886 [INFO]  Epoch[4] Validation-cross-entropy=0.072319
2024-04-08 02:11:52,886 [INFO]  Epoch[4] Validation-age-accuracy=0.000000
2024-04-08 02:11:52,886 [INFO]  
========== done (3.015521764755249 s) fit model
2024-04-08 02:12:49,503 [INFO]  
========== start: fit model
2024-04-08 02:12:49,503 [WARNING]  Already bound, ignoring bind()
2024-04-08 02:12:50,374 [INFO]  Epoch[0] Batch [0-102]	Speed: 1911.88 samples/sec	cross-entropy=2.376219	age-accuracy=0.000000
2024-04-08 02:12:50,641 [INFO]  Epoch[0] Train-cross-entropy=0.202373
2024-04-08 02:12:50,642 [INFO]  Epoch[0] Train-age-accuracy=0.000000
2024-04-08 02:12:50,642 [INFO]  Epoch[0] Time cost=1.138
2024-04-08 02:12:50,644 [INFO]  Saved checkpoint to "./imputer_model/17_bank/imputer_model_age/model-0000.params"
2024-04-08 02:12:50,656 [INFO]  Epoch[0] Validation-cross-entropy=0.109993
2024-04-08 02:12:50,656 [INFO]  Epoch[0] Validation-age-accuracy=0.000000
2024-04-08 02:12:50,771 [INFO]  Epoch[1] Batch [0-102]	Speed: 14424.96 samples/sec	cross-entropy=0.108643	age-accuracy=0.000000
2024-04-08 02:12:51,089 [INFO]  Epoch[1] Train-cross-entropy=0.100391
2024-04-08 02:12:51,089 [INFO]  Epoch[1] Train-age-accuracy=0.000000
2024-04-08 02:12:51,089 [INFO]  Epoch[1] Time cost=0.433
2024-04-08 02:12:51,091 [INFO]  Saved checkpoint to "./imputer_model/17_bank/imputer_model_age/model-0001.params"
2024-04-08 02:12:51,102 [INFO]  Epoch[1] Validation-cross-entropy=0.069629
2024-04-08 02:12:51,103 [INFO]  Epoch[1] Validation-age-accuracy=0.000000
2024-04-08 02:12:51,331 [INFO]  Epoch[2] Batch [0-102]	Speed: 7187.96 samples/sec	cross-entropy=0.066595	age-accuracy=0.000000
2024-04-08 02:12:52,107 [INFO]  Epoch[2] Train-cross-entropy=0.071242
2024-04-08 02:12:52,108 [INFO]  Epoch[2] Train-age-accuracy=0.000000
2024-04-08 02:12:52,108 [INFO]  Epoch[2] Time cost=1.005
2024-04-08 02:12:52,109 [INFO]  Saved checkpoint to "./imputer_model/17_bank/imputer_model_age/model-0002.params"
2024-04-08 02:12:52,119 [INFO]  Epoch[2] Validation-cross-entropy=0.053927
2024-04-08 02:12:52,119 [INFO]  Epoch[2] Validation-age-accuracy=0.000000
2024-04-08 02:12:52,319 [INFO]  Epoch[3] Batch [0-102]	Speed: 8254.80 samples/sec	cross-entropy=0.047728	age-accuracy=0.000000
2024-04-08 02:12:52,582 [INFO]  Epoch[3] Train-cross-entropy=0.054094
2024-04-08 02:12:52,582 [INFO]  Epoch[3] Train-age-accuracy=0.000000
2024-04-08 02:12:52,582 [INFO]  Epoch[3] Time cost=0.463
2024-04-08 02:12:52,585 [INFO]  Saved checkpoint to "./imputer_model/17_bank/imputer_model_age/model-0003.params"
2024-04-08 02:12:52,598 [INFO]  Epoch[3] Validation-cross-entropy=0.044413
2024-04-08 02:12:52,598 [INFO]  Epoch[3] Validation-age-accuracy=0.000000
2024-04-08 02:12:52,796 [INFO]  Epoch[4] Batch [0-102]	Speed: 8293.15 samples/sec	cross-entropy=0.035650	age-accuracy=0.000000
2024-04-08 02:12:53,122 [INFO]  Epoch[4] Train-cross-entropy=0.041425
2024-04-08 02:12:53,122 [INFO]  Epoch[4] Train-age-accuracy=0.000000
2024-04-08 02:12:53,122 [INFO]  Epoch[4] Time cost=0.524
2024-04-08 02:12:53,124 [INFO]  Saved checkpoint to "./imputer_model/17_bank/imputer_model_age/model-0004.params"
2024-04-08 02:12:53,136 [INFO]  Epoch[4] Validation-cross-entropy=0.048712
2024-04-08 02:12:53,137 [INFO]  Epoch[4] Validation-age-accuracy=0.000000
2024-04-08 02:12:53,137 [INFO]  
========== done (3.6341116428375244 s) fit model
2024-04-08 02:13:51,006 [INFO]  
========== start: fit model
2024-04-08 02:13:51,006 [WARNING]  Already bound, ignoring bind()
2024-04-08 02:13:51,321 [INFO]  Epoch[0] Batch [0-102]	Speed: 5261.00 samples/sec	cross-entropy=2.390184	age-accuracy=3.320388
2024-04-08 02:13:51,540 [INFO]  Epoch[0] Train-cross-entropy=0.234427
2024-04-08 02:13:51,540 [INFO]  Epoch[0] Train-age-accuracy=3.514851
2024-04-08 02:13:51,540 [INFO]  Epoch[0] Time cost=0.533
2024-04-08 02:13:51,541 [INFO]  Saved checkpoint to "./imputer_model/17_bank/imputer_model_age/model-0000.params"
2024-04-08 02:13:51,547 [INFO]  Epoch[0] Validation-cross-entropy=0.128570
2024-04-08 02:13:51,547 [INFO]  Epoch[0] Validation-age-accuracy=0.000000
2024-04-08 02:13:51,708 [INFO]  Epoch[1] Batch [0-102]	Speed: 10202.44 samples/sec	cross-entropy=0.098696	age-accuracy=3.320388
2024-04-08 02:13:51,821 [INFO]  Epoch[1] Train-cross-entropy=0.085037
2024-04-08 02:13:51,821 [INFO]  Epoch[1] Train-age-accuracy=3.514851
2024-04-08 02:13:51,821 [INFO]  Epoch[1] Time cost=0.274
2024-04-08 02:13:51,824 [INFO]  Saved checkpoint to "./imputer_model/17_bank/imputer_model_age/model-0001.params"
2024-04-08 02:13:51,835 [INFO]  Epoch[1] Validation-cross-entropy=0.088536
2024-04-08 02:13:51,835 [INFO]  Epoch[1] Validation-age-accuracy=0.000000
2024-04-08 02:13:52,073 [INFO]  Epoch[2] Batch [0-102]	Speed: 6897.58 samples/sec	cross-entropy=0.063225	age-accuracy=3.320388
2024-04-08 02:13:52,183 [INFO]  Epoch[2] Train-cross-entropy=0.063488
2024-04-08 02:13:52,183 [INFO]  Epoch[2] Train-age-accuracy=3.514851
2024-04-08 02:13:52,183 [INFO]  Epoch[2] Time cost=0.348
2024-04-08 02:13:52,185 [INFO]  Saved checkpoint to "./imputer_model/17_bank/imputer_model_age/model-0002.params"
2024-04-08 02:13:52,195 [INFO]  Epoch[2] Validation-cross-entropy=0.065973
2024-04-08 02:13:52,195 [INFO]  Epoch[2] Validation-age-accuracy=0.000000
2024-04-08 02:13:52,309 [INFO]  Epoch[3] Batch [0-102]	Speed: 14577.29 samples/sec	cross-entropy=0.049027	age-accuracy=3.320388
2024-04-08 02:13:52,419 [INFO]  Epoch[3] Train-cross-entropy=0.065588
2024-04-08 02:13:52,420 [INFO]  Epoch[3] Train-age-accuracy=3.514851
2024-04-08 02:13:52,420 [INFO]  Epoch[3] Time cost=0.224
2024-04-08 02:13:52,421 [INFO]  Saved checkpoint to "./imputer_model/17_bank/imputer_model_age/model-0003.params"
2024-04-08 02:13:52,431 [INFO]  Epoch[3] Validation-cross-entropy=0.053427
2024-04-08 02:13:52,431 [INFO]  Epoch[3] Validation-age-accuracy=0.000000
2024-04-08 02:13:52,849 [INFO]  Epoch[4] Batch [0-102]	Speed: 3917.26 samples/sec	cross-entropy=0.040822	age-accuracy=3.320388
2024-04-08 02:13:53,416 [INFO]  Epoch[4] Train-cross-entropy=0.047521
2024-04-08 02:13:53,416 [INFO]  Epoch[4] Train-age-accuracy=3.514851
2024-04-08 02:13:53,416 [INFO]  Epoch[4] Time cost=0.985
2024-04-08 02:13:53,418 [INFO]  Saved checkpoint to "./imputer_model/17_bank/imputer_model_age/model-0004.params"
2024-04-08 02:13:53,433 [INFO]  Epoch[4] Validation-cross-entropy=0.052005
2024-04-08 02:13:53,433 [INFO]  Epoch[4] Validation-age-accuracy=0.000000
2024-04-08 02:13:53,433 [INFO]  
========== done (2.427558183670044 s) fit model
2024-04-08 02:14:50,630 [INFO]  
========== start: fit model
2024-04-08 02:14:50,630 [WARNING]  Already bound, ignoring bind()
2024-04-08 02:14:51,833 [INFO]  Epoch[0] Batch [0-102]	Speed: 1412.85 samples/sec	cross-entropy=2.329546	age-accuracy=3.097087
2024-04-08 02:14:52,015 [INFO]  Epoch[0] Train-cross-entropy=0.193845
2024-04-08 02:14:52,015 [INFO]  Epoch[0] Train-age-accuracy=3.465347
2024-04-08 02:14:52,015 [INFO]  Epoch[0] Time cost=1.384
2024-04-08 02:14:52,017 [INFO]  Saved checkpoint to "./imputer_model/17_bank/imputer_model_age/model-0000.params"
2024-04-08 02:14:52,135 [INFO]  Epoch[0] Validation-cross-entropy=0.117654
2024-04-08 02:14:52,135 [INFO]  Epoch[0] Validation-age-accuracy=0.000000
2024-04-08 02:14:52,605 [INFO]  Epoch[1] Batch [0-102]	Speed: 3481.01 samples/sec	cross-entropy=0.120569	age-accuracy=3.097087
2024-04-08 02:14:52,772 [INFO]  Epoch[1] Train-cross-entropy=0.103111
2024-04-08 02:14:52,772 [INFO]  Epoch[1] Train-age-accuracy=3.465347
2024-04-08 02:14:52,772 [INFO]  Epoch[1] Time cost=0.637
2024-04-08 02:14:52,774 [INFO]  Saved checkpoint to "./imputer_model/17_bank/imputer_model_age/model-0001.params"
2024-04-08 02:14:52,787 [INFO]  Epoch[1] Validation-cross-entropy=0.103643
2024-04-08 02:14:52,787 [INFO]  Epoch[1] Validation-age-accuracy=0.000000
2024-04-08 02:14:52,906 [INFO]  Epoch[2] Batch [0-102]	Speed: 13900.16 samples/sec	cross-entropy=0.104742	age-accuracy=3.097087
2024-04-08 02:14:53,043 [INFO]  Epoch[2] Train-cross-entropy=0.082761
2024-04-08 02:14:53,043 [INFO]  Epoch[2] Train-age-accuracy=3.465347
2024-04-08 02:14:53,043 [INFO]  Epoch[2] Time cost=0.256
2024-04-08 02:14:53,045 [INFO]  Saved checkpoint to "./imputer_model/17_bank/imputer_model_age/model-0002.params"
2024-04-08 02:14:53,113 [INFO]  Epoch[2] Validation-cross-entropy=0.087991
2024-04-08 02:14:53,113 [INFO]  Epoch[2] Validation-age-accuracy=0.000000
2024-04-08 02:14:53,358 [INFO]  Epoch[3] Batch [0-102]	Speed: 6711.57 samples/sec	cross-entropy=0.086318	age-accuracy=3.097087
2024-04-08 02:14:53,492 [INFO]  Epoch[3] Train-cross-entropy=0.066775
2024-04-08 02:14:53,492 [INFO]  Epoch[3] Train-age-accuracy=3.465347
2024-04-08 02:14:53,492 [INFO]  Epoch[3] Time cost=0.379
2024-04-08 02:14:53,495 [INFO]  Saved checkpoint to "./imputer_model/17_bank/imputer_model_age/model-0003.params"
2024-04-08 02:14:53,503 [INFO]  Epoch[3] Validation-cross-entropy=0.071251
2024-04-08 02:14:53,503 [INFO]  Epoch[3] Validation-age-accuracy=0.000000
2024-04-08 02:14:53,609 [INFO]  Epoch[4] Batch [0-102]	Speed: 15609.13 samples/sec	cross-entropy=0.058611	age-accuracy=3.097087
2024-04-08 02:14:54,420 [INFO]  Epoch[4] Train-cross-entropy=0.049856
2024-04-08 02:14:54,420 [INFO]  Epoch[4] Train-age-accuracy=3.465347
2024-04-08 02:14:54,420 [INFO]  Epoch[4] Time cost=0.917
2024-04-08 02:14:54,422 [INFO]  Saved checkpoint to "./imputer_model/17_bank/imputer_model_age/model-0004.params"
2024-04-08 02:14:54,433 [INFO]  Epoch[4] Validation-cross-entropy=0.060026
2024-04-08 02:14:54,433 [INFO]  Epoch[4] Validation-age-accuracy=0.000000
2024-04-08 02:14:54,433 [INFO]  
========== done (3.803316354751587 s) fit model
2024-04-08 02:15:53,777 [INFO]  
========== start: fit model
2024-04-08 02:15:53,777 [WARNING]  Already bound, ignoring bind()
2024-04-08 02:15:54,308 [INFO]  Epoch[0] Batch [0-102]	Speed: 3120.24 samples/sec	cross-entropy=2.572607	age-accuracy=0.000000
2024-04-08 02:15:54,423 [INFO]  Epoch[0] Train-cross-entropy=0.189055
2024-04-08 02:15:54,423 [INFO]  Epoch[0] Train-age-accuracy=0.000000
2024-04-08 02:15:54,423 [INFO]  Epoch[0] Time cost=0.645
2024-04-08 02:15:54,425 [INFO]  Saved checkpoint to "./imputer_model/17_bank/imputer_model_age/model-0000.params"
2024-04-08 02:15:54,434 [INFO]  Epoch[0] Validation-cross-entropy=0.191504
2024-04-08 02:15:54,435 [INFO]  Epoch[0] Validation-age-accuracy=0.000000
2024-04-08 02:15:54,552 [INFO]  Epoch[1] Batch [0-102]	Speed: 14025.04 samples/sec	cross-entropy=0.103982	age-accuracy=0.000000
2024-04-08 02:15:54,666 [INFO]  Epoch[1] Train-cross-entropy=0.095554
2024-04-08 02:15:54,666 [INFO]  Epoch[1] Train-age-accuracy=0.000000
2024-04-08 02:15:54,666 [INFO]  Epoch[1] Time cost=0.231
2024-04-08 02:15:54,668 [INFO]  Saved checkpoint to "./imputer_model/17_bank/imputer_model_age/model-0001.params"
2024-04-08 02:15:54,677 [INFO]  Epoch[1] Validation-cross-entropy=0.137354
2024-04-08 02:15:54,677 [INFO]  Epoch[1] Validation-age-accuracy=0.000000
2024-04-08 02:15:55,070 [INFO]  Epoch[2] Batch [0-102]	Speed: 4181.07 samples/sec	cross-entropy=0.066463	age-accuracy=0.000000
2024-04-08 02:15:55,256 [INFO]  Epoch[2] Train-cross-entropy=0.055330
2024-04-08 02:15:55,256 [INFO]  Epoch[2] Train-age-accuracy=0.000000
2024-04-08 02:15:55,256 [INFO]  Epoch[2] Time cost=0.579
2024-04-08 02:15:55,258 [INFO]  Saved checkpoint to "./imputer_model/17_bank/imputer_model_age/model-0002.params"
2024-04-08 02:15:55,852 [INFO]  Epoch[2] Validation-cross-entropy=0.081302
2024-04-08 02:15:55,852 [INFO]  Epoch[2] Validation-age-accuracy=0.000000
2024-04-08 02:15:56,013 [INFO]  Epoch[3] Batch [0-102]	Speed: 13634.47 samples/sec	cross-entropy=0.051196	age-accuracy=0.000000
2024-04-08 02:15:56,186 [INFO]  Epoch[3] Train-cross-entropy=0.040854
2024-04-08 02:15:56,186 [INFO]  Epoch[3] Train-age-accuracy=0.000000
2024-04-08 02:15:56,186 [INFO]  Epoch[3] Time cost=0.334
2024-04-08 02:15:56,188 [INFO]  Saved checkpoint to "./imputer_model/17_bank/imputer_model_age/model-0003.params"
2024-04-08 02:15:56,203 [INFO]  Epoch[3] Validation-cross-entropy=0.060623
2024-04-08 02:15:56,203 [INFO]  Epoch[3] Validation-age-accuracy=0.000000
2024-04-08 02:15:56,334 [INFO]  Epoch[4] Batch [0-102]	Speed: 12573.23 samples/sec	cross-entropy=0.040212	age-accuracy=0.000000
2024-04-08 02:15:56,651 [INFO]  Epoch[4] Train-cross-entropy=0.034644
2024-04-08 02:15:56,651 [INFO]  Epoch[4] Train-age-accuracy=0.000000
2024-04-08 02:15:56,651 [INFO]  Epoch[4] Time cost=0.448
2024-04-08 02:15:56,653 [INFO]  Saved checkpoint to "./imputer_model/17_bank/imputer_model_age/model-0004.params"
2024-04-08 02:15:56,663 [INFO]  Epoch[4] Validation-cross-entropy=0.052448
2024-04-08 02:15:56,663 [INFO]  Epoch[4] Validation-age-accuracy=0.000000
2024-04-08 02:15:56,663 [INFO]  
========== done (2.8859968185424805 s) fit model
2024-04-08 02:16:52,639 [INFO]  
========== start: fit model
2024-04-08 02:16:52,639 [WARNING]  Already bound, ignoring bind()
2024-04-08 02:16:54,005 [INFO]  Epoch[0] Batch [0-102]	Speed: 1255.19 samples/sec	cross-entropy=3.928892	age-accuracy=3.213592
2024-04-08 02:16:54,343 [INFO]  Epoch[0] Train-cross-entropy=0.167945
2024-04-08 02:16:54,343 [INFO]  Epoch[0] Train-age-accuracy=3.396040
2024-04-08 02:16:54,343 [INFO]  Epoch[0] Time cost=1.703
2024-04-08 02:16:54,345 [INFO]  Saved checkpoint to "./imputer_model/17_bank/imputer_model_age/model-0000.params"
2024-04-08 02:16:54,366 [INFO]  Epoch[0] Validation-cross-entropy=0.114343
2024-04-08 02:16:54,366 [INFO]  Epoch[0] Validation-age-accuracy=0.000000
2024-04-08 02:16:54,490 [INFO]  Epoch[1] Batch [0-102]	Speed: 13288.65 samples/sec	cross-entropy=0.114061	age-accuracy=3.213592
2024-04-08 02:16:54,961 [INFO]  Epoch[1] Train-cross-entropy=0.073567
2024-04-08 02:16:54,962 [INFO]  Epoch[1] Train-age-accuracy=3.396040
2024-04-08 02:16:54,962 [INFO]  Epoch[1] Time cost=0.595
2024-04-08 02:16:54,963 [INFO]  Saved checkpoint to "./imputer_model/17_bank/imputer_model_age/model-0001.params"
2024-04-08 02:16:54,973 [INFO]  Epoch[1] Validation-cross-entropy=0.097255
2024-04-08 02:16:54,973 [INFO]  Epoch[1] Validation-age-accuracy=0.000000
2024-04-08 02:16:55,152 [INFO]  Epoch[2] Batch [0-102]	Speed: 9200.50 samples/sec	cross-entropy=0.081618	age-accuracy=3.213592
2024-04-08 02:16:55,426 [INFO]  Epoch[2] Train-cross-entropy=0.065370
2024-04-08 02:16:55,426 [INFO]  Epoch[2] Train-age-accuracy=3.396040
2024-04-08 02:16:55,426 [INFO]  Epoch[2] Time cost=0.453
2024-04-08 02:16:55,428 [INFO]  Saved checkpoint to "./imputer_model/17_bank/imputer_model_age/model-0002.params"
2024-04-08 02:16:55,438 [INFO]  Epoch[2] Validation-cross-entropy=0.087491
2024-04-08 02:16:55,439 [INFO]  Epoch[2] Validation-age-accuracy=0.000000
2024-04-08 02:16:55,553 [INFO]  Epoch[3] Batch [0-102]	Speed: 14495.74 samples/sec	cross-entropy=0.054845	age-accuracy=3.213592
2024-04-08 02:16:55,665 [INFO]  Epoch[3] Train-cross-entropy=0.049429
2024-04-08 02:16:55,665 [INFO]  Epoch[3] Train-age-accuracy=3.396040
2024-04-08 02:16:55,665 [INFO]  Epoch[3] Time cost=0.226
2024-04-08 02:16:55,667 [INFO]  Saved checkpoint to "./imputer_model/17_bank/imputer_model_age/model-0003.params"
2024-04-08 02:16:55,677 [INFO]  Epoch[3] Validation-cross-entropy=0.072900
2024-04-08 02:16:55,677 [INFO]  Epoch[3] Validation-age-accuracy=0.000000
2024-04-08 02:16:55,858 [INFO]  Epoch[4] Batch [0-102]	Speed: 9077.40 samples/sec	cross-entropy=0.045561	age-accuracy=3.213592
2024-04-08 02:16:56,078 [INFO]  Epoch[4] Train-cross-entropy=0.040709
2024-04-08 02:16:56,078 [INFO]  Epoch[4] Train-age-accuracy=3.396040
2024-04-08 02:16:56,078 [INFO]  Epoch[4] Time cost=0.401
2024-04-08 02:16:56,080 [INFO]  Saved checkpoint to "./imputer_model/17_bank/imputer_model_age/model-0004.params"
2024-04-08 02:16:56,090 [INFO]  Epoch[4] Validation-cross-entropy=0.070062
2024-04-08 02:16:56,091 [INFO]  Epoch[4] Validation-age-accuracy=0.000000
2024-04-08 02:16:56,091 [INFO]  
========== done (3.452084541320801 s) fit model
2024-04-08 02:17:51,484 [INFO]  
========== start: fit model
2024-04-08 02:17:51,484 [WARNING]  Already bound, ignoring bind()
2024-04-08 02:17:51,734 [INFO]  Epoch[0] Batch [0-102]	Speed: 6681.97 samples/sec	cross-entropy=2.357978	age-accuracy=0.000000
2024-04-08 02:17:52,057 [INFO]  Epoch[0] Train-cross-entropy=0.195008
2024-04-08 02:17:52,057 [INFO]  Epoch[0] Train-age-accuracy=0.000000
2024-04-08 02:17:52,057 [INFO]  Epoch[0] Time cost=0.572
2024-04-08 02:17:52,059 [INFO]  Saved checkpoint to "./imputer_model/17_bank/imputer_model_age/model-0000.params"
2024-04-08 02:17:52,069 [INFO]  Epoch[0] Validation-cross-entropy=0.196067
2024-04-08 02:17:52,069 [INFO]  Epoch[0] Validation-age-accuracy=0.000000
2024-04-08 02:17:52,183 [INFO]  Epoch[1] Batch [0-102]	Speed: 14573.76 samples/sec	cross-entropy=0.119477	age-accuracy=0.000000
2024-04-08 02:17:52,297 [INFO]  Epoch[1] Train-cross-entropy=0.089096
2024-04-08 02:17:52,297 [INFO]  Epoch[1] Train-age-accuracy=0.000000
2024-04-08 02:17:52,297 [INFO]  Epoch[1] Time cost=0.228
2024-04-08 02:17:52,299 [INFO]  Saved checkpoint to "./imputer_model/17_bank/imputer_model_age/model-0001.params"
2024-04-08 02:17:52,310 [INFO]  Epoch[1] Validation-cross-entropy=0.120983
2024-04-08 02:17:52,311 [INFO]  Epoch[1] Validation-age-accuracy=0.000000
2024-04-08 02:17:52,664 [INFO]  Epoch[2] Batch [0-102]	Speed: 4707.39 samples/sec	cross-entropy=0.092433	age-accuracy=0.000000
2024-04-08 02:17:52,774 [INFO]  Epoch[2] Train-cross-entropy=0.059373
2024-04-08 02:17:52,774 [INFO]  Epoch[2] Train-age-accuracy=0.000000
2024-04-08 02:17:52,774 [INFO]  Epoch[2] Time cost=0.463
2024-04-08 02:17:52,776 [INFO]  Saved checkpoint to "./imputer_model/17_bank/imputer_model_age/model-0002.params"
2024-04-08 02:17:52,785 [INFO]  Epoch[2] Validation-cross-entropy=0.082170
2024-04-08 02:17:52,785 [INFO]  Epoch[2] Validation-age-accuracy=0.000000
2024-04-08 02:17:52,901 [INFO]  Epoch[3] Batch [0-102]	Speed: 14310.57 samples/sec	cross-entropy=0.064895	age-accuracy=0.000000
2024-04-08 02:17:53,020 [INFO]  Epoch[3] Train-cross-entropy=0.043639
2024-04-08 02:17:53,020 [INFO]  Epoch[3] Train-age-accuracy=0.000000
2024-04-08 02:17:53,020 [INFO]  Epoch[3] Time cost=0.235
2024-04-08 02:17:53,022 [INFO]  Saved checkpoint to "./imputer_model/17_bank/imputer_model_age/model-0003.params"
2024-04-08 02:17:53,055 [INFO]  Epoch[3] Validation-cross-entropy=0.061046
2024-04-08 02:17:53,055 [INFO]  Epoch[3] Validation-age-accuracy=0.000000
2024-04-08 02:17:53,408 [INFO]  Epoch[4] Batch [0-102]	Speed: 4635.45 samples/sec	cross-entropy=0.045933	age-accuracy=0.000000
2024-04-08 02:17:53,597 [INFO]  Epoch[4] Train-cross-entropy=0.033072
2024-04-08 02:17:53,597 [INFO]  Epoch[4] Train-age-accuracy=0.000000
2024-04-08 02:17:53,597 [INFO]  Epoch[4] Time cost=0.542
2024-04-08 02:17:53,599 [INFO]  Saved checkpoint to "./imputer_model/17_bank/imputer_model_age/model-0004.params"
2024-04-08 02:17:53,608 [INFO]  Epoch[4] Validation-cross-entropy=0.048441
2024-04-08 02:17:53,608 [INFO]  Epoch[4] Validation-age-accuracy=0.000000
2024-04-08 02:17:53,608 [INFO]  
========== done (2.124748706817627 s) fit model
2024-04-08 02:18:48,955 [INFO]  
========== start: fit model
2024-04-08 02:18:48,956 [WARNING]  Already bound, ignoring bind()
2024-04-08 02:18:49,860 [INFO]  Epoch[0] Batch [0-102]	Speed: 2293.82 samples/sec	cross-entropy=2.557029	age-accuracy=3.359223
2024-04-08 02:18:49,969 [INFO]  Epoch[0] Train-cross-entropy=0.230448
2024-04-08 02:18:49,969 [INFO]  Epoch[0] Train-age-accuracy=3.168317
2024-04-08 02:18:49,969 [INFO]  Epoch[0] Time cost=1.008
2024-04-08 02:18:49,971 [INFO]  Saved checkpoint to "./imputer_model/17_bank/imputer_model_age/model-0000.params"
2024-04-08 02:18:49,984 [INFO]  Epoch[0] Validation-cross-entropy=0.390546
2024-04-08 02:18:49,984 [INFO]  Epoch[0] Validation-age-accuracy=0.000000
2024-04-08 02:18:50,566 [INFO]  Epoch[1] Batch [0-102]	Speed: 2812.46 samples/sec	cross-entropy=0.135168	age-accuracy=3.359223
2024-04-08 02:18:50,804 [INFO]  Epoch[1] Train-cross-entropy=0.083143
2024-04-08 02:18:50,804 [INFO]  Epoch[1] Train-age-accuracy=3.168317
2024-04-08 02:18:50,804 [INFO]  Epoch[1] Time cost=0.820
2024-04-08 02:18:50,806 [INFO]  Saved checkpoint to "./imputer_model/17_bank/imputer_model_age/model-0001.params"
2024-04-08 02:18:50,853 [INFO]  Epoch[1] Validation-cross-entropy=0.178271
2024-04-08 02:18:50,853 [INFO]  Epoch[1] Validation-age-accuracy=0.000000
2024-04-08 02:18:50,966 [INFO]  Epoch[2] Batch [0-102]	Speed: 14592.30 samples/sec	cross-entropy=0.076046	age-accuracy=3.359223
2024-04-08 02:18:51,078 [INFO]  Epoch[2] Train-cross-entropy=0.075130
2024-04-08 02:18:51,078 [INFO]  Epoch[2] Train-age-accuracy=3.168317
2024-04-08 02:18:51,078 [INFO]  Epoch[2] Time cost=0.226
2024-04-08 02:18:51,080 [INFO]  Saved checkpoint to "./imputer_model/17_bank/imputer_model_age/model-0002.params"
2024-04-08 02:18:51,109 [INFO]  Epoch[2] Validation-cross-entropy=0.163537
2024-04-08 02:18:51,109 [INFO]  Epoch[2] Validation-age-accuracy=0.000000
2024-04-08 02:18:51,348 [INFO]  Epoch[3] Batch [0-102]	Speed: 6878.49 samples/sec	cross-entropy=0.062457	age-accuracy=3.359223
2024-04-08 02:18:52,161 [INFO]  Epoch[3] Train-cross-entropy=0.053039
2024-04-08 02:18:52,161 [INFO]  Epoch[3] Train-age-accuracy=3.168317
2024-04-08 02:18:52,161 [INFO]  Epoch[3] Time cost=1.052
2024-04-08 02:18:52,163 [INFO]  Saved checkpoint to "./imputer_model/17_bank/imputer_model_age/model-0003.params"
2024-04-08 02:18:52,173 [INFO]  Epoch[3] Validation-cross-entropy=0.133681
2024-04-08 02:18:52,173 [INFO]  Epoch[3] Validation-age-accuracy=0.000000
2024-04-08 02:18:52,292 [INFO]  Epoch[4] Batch [0-102]	Speed: 13971.57 samples/sec	cross-entropy=0.043550	age-accuracy=3.359223
2024-04-08 02:18:52,405 [INFO]  Epoch[4] Train-cross-entropy=0.043354
2024-04-08 02:18:52,405 [INFO]  Epoch[4] Train-age-accuracy=3.168317
2024-04-08 02:18:52,405 [INFO]  Epoch[4] Time cost=0.232
2024-04-08 02:18:52,407 [INFO]  Saved checkpoint to "./imputer_model/17_bank/imputer_model_age/model-0004.params"
2024-04-08 02:18:52,418 [INFO]  Epoch[4] Validation-cross-entropy=0.115295
2024-04-08 02:18:52,418 [INFO]  Epoch[4] Validation-age-accuracy=0.000000
2024-04-08 02:18:52,418 [INFO]  
========== done (3.4623444080352783 s) fit model
2024-04-08 02:19:54,924 [INFO]  
========== start: fit model
2024-04-08 02:19:54,924 [WARNING]  Already bound, ignoring bind()
2024-04-08 02:19:55,017 [INFO]  Epoch[0] Batch [0-102]	Speed: 18005.14 samples/sec	cross-entropy=2.556377	age-accuracy=3.194175
2024-04-08 02:19:55,104 [INFO]  Epoch[0] Train-cross-entropy=0.151067
2024-04-08 02:19:55,105 [INFO]  Epoch[0] Train-age-accuracy=3.435644
2024-04-08 02:19:55,105 [INFO]  Epoch[0] Time cost=0.180
2024-04-08 02:19:55,107 [INFO]  Saved checkpoint to "./imputer_model/17_bank/imputer_model_age/model-0000.params"
2024-04-08 02:19:55,118 [INFO]  Epoch[0] Validation-cross-entropy=0.153446
2024-04-08 02:19:55,118 [INFO]  Epoch[0] Validation-age-accuracy=0.000000
2024-04-08 02:19:55,380 [INFO]  Epoch[1] Batch [0-102]	Speed: 6272.14 samples/sec	cross-entropy=0.149868	age-accuracy=3.194175
2024-04-08 02:19:55,613 [INFO]  Epoch[1] Train-cross-entropy=0.096725
2024-04-08 02:19:55,613 [INFO]  Epoch[1] Train-age-accuracy=3.435644
2024-04-08 02:19:55,613 [INFO]  Epoch[1] Time cost=0.495
2024-04-08 02:19:55,615 [INFO]  Saved checkpoint to "./imputer_model/17_bank/imputer_model_age/model-0001.params"
2024-04-08 02:19:55,623 [INFO]  Epoch[1] Validation-cross-entropy=0.098751
2024-04-08 02:19:55,623 [INFO]  Epoch[1] Validation-age-accuracy=0.000000
2024-04-08 02:19:56,199 [INFO]  Epoch[2] Batch [0-102]	Speed: 2837.75 samples/sec	cross-entropy=0.078743	age-accuracy=3.194175
2024-04-08 02:19:56,348 [INFO]  Epoch[2] Train-cross-entropy=0.059222
2024-04-08 02:19:56,348 [INFO]  Epoch[2] Train-age-accuracy=3.435644
2024-04-08 02:19:56,348 [INFO]  Epoch[2] Time cost=0.726
2024-04-08 02:19:56,351 [INFO]  Saved checkpoint to "./imputer_model/17_bank/imputer_model_age/model-0002.params"
2024-04-08 02:19:56,361 [INFO]  Epoch[2] Validation-cross-entropy=0.066724
2024-04-08 02:19:56,361 [INFO]  Epoch[2] Validation-age-accuracy=0.000000
2024-04-08 02:19:56,622 [INFO]  Epoch[3] Batch [0-102]	Speed: 6287.87 samples/sec	cross-entropy=0.051712	age-accuracy=3.194175
2024-04-08 02:19:57,186 [INFO]  Epoch[3] Train-cross-entropy=0.049035
2024-04-08 02:19:57,186 [INFO]  Epoch[3] Train-age-accuracy=3.435644
2024-04-08 02:19:57,186 [INFO]  Epoch[3] Time cost=0.825
2024-04-08 02:19:57,188 [INFO]  Saved checkpoint to "./imputer_model/17_bank/imputer_model_age/model-0003.params"
2024-04-08 02:19:57,198 [INFO]  Epoch[3] Validation-cross-entropy=0.060706
2024-04-08 02:19:57,199 [INFO]  Epoch[3] Validation-age-accuracy=0.000000
2024-04-08 02:19:57,372 [INFO]  Epoch[4] Batch [0-102]	Speed: 9501.90 samples/sec	cross-entropy=0.041214	age-accuracy=3.194175
2024-04-08 02:19:57,605 [INFO]  Epoch[4] Train-cross-entropy=0.036041
2024-04-08 02:19:57,605 [INFO]  Epoch[4] Train-age-accuracy=3.435644
2024-04-08 02:19:57,605 [INFO]  Epoch[4] Time cost=0.407
2024-04-08 02:19:57,607 [INFO]  Saved checkpoint to "./imputer_model/17_bank/imputer_model_age/model-0004.params"
2024-04-08 02:19:57,618 [INFO]  Epoch[4] Validation-cross-entropy=0.046268
2024-04-08 02:19:57,618 [INFO]  Epoch[4] Validation-age-accuracy=0.000000
2024-04-08 02:19:57,619 [INFO]  
========== done (2.6947708129882812 s) fit model
2024-04-08 02:20:53,146 [INFO]  
========== start: fit model
2024-04-08 02:20:53,147 [WARNING]  Already bound, ignoring bind()
2024-04-08 02:20:53,235 [INFO]  Epoch[0] Batch [0-102]	Speed: 19434.17 samples/sec	cross-entropy=2.554488	age-accuracy=0.000000
2024-04-08 02:20:53,649 [INFO]  Epoch[0] Train-cross-entropy=0.228199
2024-04-08 02:20:53,649 [INFO]  Epoch[0] Train-age-accuracy=0.000000
2024-04-08 02:20:53,649 [INFO]  Epoch[0] Time cost=0.501
2024-04-08 02:20:53,651 [INFO]  Saved checkpoint to "./imputer_model/17_bank/imputer_model_age/model-0000.params"
2024-04-08 02:20:53,661 [INFO]  Epoch[0] Validation-cross-entropy=0.304702
2024-04-08 02:20:53,662 [INFO]  Epoch[0] Validation-age-accuracy=0.000000
2024-04-08 02:20:53,783 [INFO]  Epoch[1] Batch [0-102]	Speed: 13591.32 samples/sec	cross-entropy=0.160567	age-accuracy=0.000000
2024-04-08 02:20:53,935 [INFO]  Epoch[1] Train-cross-entropy=0.088946
2024-04-08 02:20:53,935 [INFO]  Epoch[1] Train-age-accuracy=0.000000
2024-04-08 02:20:53,935 [INFO]  Epoch[1] Time cost=0.273
2024-04-08 02:20:53,937 [INFO]  Saved checkpoint to "./imputer_model/17_bank/imputer_model_age/model-0001.params"
2024-04-08 02:20:53,944 [INFO]  Epoch[1] Validation-cross-entropy=0.267370
2024-04-08 02:20:53,944 [INFO]  Epoch[1] Validation-age-accuracy=0.000000
2024-04-08 02:20:54,108 [INFO]  Epoch[2] Batch [0-102]	Speed: 10055.03 samples/sec	cross-entropy=0.076983	age-accuracy=0.000000
2024-04-08 02:20:54,437 [INFO]  Epoch[2] Train-cross-entropy=0.056681
2024-04-08 02:20:54,438 [INFO]  Epoch[2] Train-age-accuracy=0.000000
2024-04-08 02:20:54,438 [INFO]  Epoch[2] Time cost=0.493
2024-04-08 02:20:54,440 [INFO]  Saved checkpoint to "./imputer_model/17_bank/imputer_model_age/model-0002.params"
2024-04-08 02:20:54,451 [INFO]  Epoch[2] Validation-cross-entropy=0.138134
2024-04-08 02:20:54,451 [INFO]  Epoch[2] Validation-age-accuracy=0.000000
2024-04-08 02:20:54,575 [INFO]  Epoch[3] Batch [0-102]	Speed: 13338.71 samples/sec	cross-entropy=0.050916	age-accuracy=0.000000
2024-04-08 02:20:54,799 [INFO]  Epoch[3] Train-cross-entropy=0.044361
2024-04-08 02:20:54,799 [INFO]  Epoch[3] Train-age-accuracy=0.000000
2024-04-08 02:20:54,799 [INFO]  Epoch[3] Time cost=0.348
2024-04-08 02:20:54,801 [INFO]  Saved checkpoint to "./imputer_model/17_bank/imputer_model_age/model-0003.params"
2024-04-08 02:20:54,810 [INFO]  Epoch[3] Validation-cross-entropy=0.072955
2024-04-08 02:20:54,810 [INFO]  Epoch[3] Validation-age-accuracy=0.000000
2024-04-08 02:20:55,058 [INFO]  Epoch[4] Batch [0-102]	Speed: 6618.71 samples/sec	cross-entropy=0.040332	age-accuracy=0.000000
2024-04-08 02:20:56,022 [INFO]  Epoch[4] Train-cross-entropy=0.037458
2024-04-08 02:20:56,022 [INFO]  Epoch[4] Train-age-accuracy=0.000000
2024-04-08 02:20:56,022 [INFO]  Epoch[4] Time cost=1.212
2024-04-08 02:20:56,024 [INFO]  Saved checkpoint to "./imputer_model/17_bank/imputer_model_age/model-0004.params"
2024-04-08 02:20:56,032 [INFO]  Epoch[4] Validation-cross-entropy=0.055255
2024-04-08 02:20:56,032 [INFO]  Epoch[4] Validation-age-accuracy=0.000000
2024-04-08 02:20:56,032 [INFO]  
========== done (2.886134386062622 s) fit model
2024-04-08 02:21:47,433 [INFO]  
========== start: fit model
2024-04-08 02:21:47,433 [WARNING]  Already bound, ignoring bind()
2024-04-08 02:21:47,868 [INFO]  Epoch[0] Batch [0-102]	Speed: 4923.12 samples/sec	cross-entropy=2.529257	age-accuracy=3.242718
2024-04-08 02:21:48,053 [INFO]  Epoch[0] Train-cross-entropy=0.194883
2024-04-08 02:21:48,053 [INFO]  Epoch[0] Train-age-accuracy=3.306931
2024-04-08 02:21:48,053 [INFO]  Epoch[0] Time cost=0.619
2024-04-08 02:21:48,055 [INFO]  Saved checkpoint to "./imputer_model/17_bank/imputer_model_age/model-0000.params"
2024-04-08 02:21:48,064 [INFO]  Epoch[0] Validation-cross-entropy=0.243383
2024-04-08 02:21:48,064 [INFO]  Epoch[0] Validation-age-accuracy=0.000000
2024-04-08 02:21:48,457 [INFO]  Epoch[1] Batch [0-102]	Speed: 4167.76 samples/sec	cross-entropy=0.142870	age-accuracy=3.242718
2024-04-08 02:21:48,669 [INFO]  Epoch[1] Train-cross-entropy=0.080778
2024-04-08 02:21:48,669 [INFO]  Epoch[1] Train-age-accuracy=3.306931
2024-04-08 02:21:48,670 [INFO]  Epoch[1] Time cost=0.605
2024-04-08 02:21:48,671 [INFO]  Saved checkpoint to "./imputer_model/17_bank/imputer_model_age/model-0001.params"
2024-04-08 02:21:48,679 [INFO]  Epoch[1] Validation-cross-entropy=0.121630
2024-04-08 02:21:48,679 [INFO]  Epoch[1] Validation-age-accuracy=0.000000
2024-04-08 02:21:48,992 [INFO]  Epoch[2] Batch [0-102]	Speed: 5357.44 samples/sec	cross-entropy=0.093585	age-accuracy=3.242718
2024-04-08 02:21:49,082 [INFO]  Epoch[2] Train-cross-entropy=0.065148
2024-04-08 02:21:49,082 [INFO]  Epoch[2] Train-age-accuracy=3.306931
2024-04-08 02:21:49,082 [INFO]  Epoch[2] Time cost=0.403
2024-04-08 02:21:49,084 [INFO]  Saved checkpoint to "./imputer_model/17_bank/imputer_model_age/model-0002.params"
2024-04-08 02:21:49,101 [INFO]  Epoch[2] Validation-cross-entropy=0.093826
2024-04-08 02:21:49,101 [INFO]  Epoch[2] Validation-age-accuracy=0.000000
2024-04-08 02:21:49,553 [INFO]  Epoch[3] Batch [0-102]	Speed: 3620.51 samples/sec	cross-entropy=0.064726	age-accuracy=3.242718
2024-04-08 02:21:49,702 [INFO]  Epoch[3] Train-cross-entropy=0.054797
2024-04-08 02:21:49,702 [INFO]  Epoch[3] Train-age-accuracy=3.306931
2024-04-08 02:21:49,702 [INFO]  Epoch[3] Time cost=0.601
2024-04-08 02:21:49,704 [INFO]  Saved checkpoint to "./imputer_model/17_bank/imputer_model_age/model-0003.params"
2024-04-08 02:21:49,718 [INFO]  Epoch[3] Validation-cross-entropy=0.086337
2024-04-08 02:21:49,718 [INFO]  Epoch[3] Validation-age-accuracy=0.000000
2024-04-08 02:21:49,834 [INFO]  Epoch[4] Batch [0-102]	Speed: 14312.28 samples/sec	cross-entropy=0.048736	age-accuracy=3.242718
2024-04-08 02:21:49,949 [INFO]  Epoch[4] Train-cross-entropy=0.045411
2024-04-08 02:21:49,949 [INFO]  Epoch[4] Train-age-accuracy=3.306931
2024-04-08 02:21:49,949 [INFO]  Epoch[4] Time cost=0.232
2024-04-08 02:21:49,951 [INFO]  Saved checkpoint to "./imputer_model/17_bank/imputer_model_age/model-0004.params"
2024-04-08 02:21:49,962 [INFO]  Epoch[4] Validation-cross-entropy=0.082957
2024-04-08 02:21:49,962 [INFO]  Epoch[4] Validation-age-accuracy=0.000000
2024-04-08 02:21:49,962 [INFO]  
========== done (2.529855251312256 s) fit model
2024-04-08 02:22:50,639 [INFO]  
========== start: fit model
2024-04-08 02:22:50,639 [WARNING]  Already bound, ignoring bind()
2024-04-08 02:22:50,810 [INFO]  Epoch[0] Batch [0-102]	Speed: 15438.29 samples/sec	cross-entropy=2.287410	age-accuracy=0.000000
2024-04-08 02:22:50,998 [INFO]  Epoch[0] Train-cross-entropy=0.196685
2024-04-08 02:22:50,998 [INFO]  Epoch[0] Train-age-accuracy=0.000000
2024-04-08 02:22:50,998 [INFO]  Epoch[0] Time cost=0.358
2024-04-08 02:22:51,001 [INFO]  Saved checkpoint to "./imputer_model/17_bank/imputer_model_age/model-0000.params"
2024-04-08 02:22:51,034 [INFO]  Epoch[0] Validation-cross-entropy=0.303078
2024-04-08 02:22:51,034 [INFO]  Epoch[0] Validation-age-accuracy=0.000000
2024-04-08 02:22:51,225 [INFO]  Epoch[1] Batch [0-102]	Speed: 8574.60 samples/sec	cross-entropy=0.133458	age-accuracy=0.000000
2024-04-08 02:22:51,397 [INFO]  Epoch[1] Train-cross-entropy=0.080040
2024-04-08 02:22:51,397 [INFO]  Epoch[1] Train-age-accuracy=0.000000
2024-04-08 02:22:51,397 [INFO]  Epoch[1] Time cost=0.364
2024-04-08 02:22:51,399 [INFO]  Saved checkpoint to "./imputer_model/17_bank/imputer_model_age/model-0001.params"
2024-04-08 02:22:51,408 [INFO]  Epoch[1] Validation-cross-entropy=0.114576
2024-04-08 02:22:51,409 [INFO]  Epoch[1] Validation-age-accuracy=0.000000
2024-04-08 02:22:51,522 [INFO]  Epoch[2] Batch [0-102]	Speed: 14520.61 samples/sec	cross-entropy=0.063380	age-accuracy=0.000000
2024-04-08 02:22:51,716 [INFO]  Epoch[2] Train-cross-entropy=0.049109
2024-04-08 02:22:51,716 [INFO]  Epoch[2] Train-age-accuracy=0.000000
2024-04-08 02:22:51,716 [INFO]  Epoch[2] Time cost=0.307
2024-04-08 02:22:51,718 [INFO]  Saved checkpoint to "./imputer_model/17_bank/imputer_model_age/model-0002.params"
2024-04-08 02:22:51,728 [INFO]  Epoch[2] Validation-cross-entropy=0.071105
2024-04-08 02:22:51,728 [INFO]  Epoch[2] Validation-age-accuracy=0.000000
2024-04-08 02:22:51,892 [INFO]  Epoch[3] Batch [0-102]	Speed: 10066.42 samples/sec	cross-entropy=0.043495	age-accuracy=0.000000
2024-04-08 02:22:52,197 [INFO]  Epoch[3] Train-cross-entropy=0.037255
2024-04-08 02:22:52,197 [INFO]  Epoch[3] Train-age-accuracy=0.000000
2024-04-08 02:22:52,197 [INFO]  Epoch[3] Time cost=0.469
2024-04-08 02:22:52,199 [INFO]  Saved checkpoint to "./imputer_model/17_bank/imputer_model_age/model-0003.params"
2024-04-08 02:22:52,210 [INFO]  Epoch[3] Validation-cross-entropy=0.054919
2024-04-08 02:22:52,210 [INFO]  Epoch[3] Validation-age-accuracy=0.000000
2024-04-08 02:22:52,470 [INFO]  Epoch[4] Batch [0-102]	Speed: 6303.00 samples/sec	cross-entropy=0.033573	age-accuracy=0.000000
2024-04-08 02:22:52,781 [INFO]  Epoch[4] Train-cross-entropy=0.032823
2024-04-08 02:22:52,782 [INFO]  Epoch[4] Train-age-accuracy=0.000000
2024-04-08 02:22:52,782 [INFO]  Epoch[4] Time cost=0.572
2024-04-08 02:22:52,784 [INFO]  Saved checkpoint to "./imputer_model/17_bank/imputer_model_age/model-0004.params"
2024-04-08 02:22:52,793 [INFO]  Epoch[4] Validation-cross-entropy=0.046224
2024-04-08 02:22:52,793 [INFO]  Epoch[4] Validation-age-accuracy=0.000000
2024-04-08 02:22:52,793 [INFO]  
========== done (2.1544222831726074 s) fit model
2024-04-08 02:23:50,218 [INFO]  
========== start: fit model
2024-04-08 02:23:50,218 [WARNING]  Already bound, ignoring bind()
2024-04-08 02:23:50,372 [INFO]  Epoch[0] Batch [0-102]	Speed: 13799.25 samples/sec	cross-entropy=1.720213	age-accuracy=3.320388
2024-04-08 02:23:50,488 [INFO]  Epoch[0] Train-cross-entropy=0.176469
2024-04-08 02:23:50,488 [INFO]  Epoch[0] Train-age-accuracy=3.287129
2024-04-08 02:23:50,488 [INFO]  Epoch[0] Time cost=0.268
2024-04-08 02:23:50,490 [INFO]  Saved checkpoint to "./imputer_model/17_bank/imputer_model_age/model-0000.params"
2024-04-08 02:23:50,499 [INFO]  Epoch[0] Validation-cross-entropy=0.184854
2024-04-08 02:23:50,499 [INFO]  Epoch[0] Validation-age-accuracy=0.000000
2024-04-08 02:23:50,917 [INFO]  Epoch[1] Batch [0-102]	Speed: 3917.54 samples/sec	cross-entropy=0.091402	age-accuracy=3.320388
2024-04-08 02:23:51,031 [INFO]  Epoch[1] Train-cross-entropy=0.070267
2024-04-08 02:23:51,031 [INFO]  Epoch[1] Train-age-accuracy=3.287129
2024-04-08 02:23:51,031 [INFO]  Epoch[1] Time cost=0.532
2024-04-08 02:23:51,033 [INFO]  Saved checkpoint to "./imputer_model/17_bank/imputer_model_age/model-0001.params"
2024-04-08 02:23:51,042 [INFO]  Epoch[1] Validation-cross-entropy=0.074672
2024-04-08 02:23:51,042 [INFO]  Epoch[1] Validation-age-accuracy=0.000000
2024-04-08 02:23:51,158 [INFO]  Epoch[2] Batch [0-102]	Speed: 14231.99 samples/sec	cross-entropy=0.057027	age-accuracy=3.320388
2024-04-08 02:23:51,411 [INFO]  Epoch[2] Train-cross-entropy=0.049325
2024-04-08 02:23:51,411 [INFO]  Epoch[2] Train-age-accuracy=3.287129
2024-04-08 02:23:51,412 [INFO]  Epoch[2] Time cost=0.369
2024-04-08 02:23:51,413 [INFO]  Saved checkpoint to "./imputer_model/17_bank/imputer_model_age/model-0002.params"
2024-04-08 02:23:51,421 [INFO]  Epoch[2] Validation-cross-entropy=0.069928
2024-04-08 02:23:51,421 [INFO]  Epoch[2] Validation-age-accuracy=0.000000
2024-04-08 02:23:51,631 [INFO]  Epoch[3] Batch [0-102]	Speed: 7846.67 samples/sec	cross-entropy=0.043240	age-accuracy=3.320388
2024-04-08 02:23:51,747 [INFO]  Epoch[3] Train-cross-entropy=0.036011
2024-04-08 02:23:51,747 [INFO]  Epoch[3] Train-age-accuracy=3.287129
2024-04-08 02:23:51,747 [INFO]  Epoch[3] Time cost=0.326
2024-04-08 02:23:51,750 [INFO]  Saved checkpoint to "./imputer_model/17_bank/imputer_model_age/model-0003.params"
2024-04-08 02:23:51,758 [INFO]  Epoch[3] Validation-cross-entropy=0.072178
2024-04-08 02:23:51,758 [INFO]  Epoch[3] Validation-age-accuracy=0.000000
2024-04-08 02:23:52,118 [INFO]  Epoch[4] Batch [0-102]	Speed: 4549.59 samples/sec	cross-entropy=0.035722	age-accuracy=3.320388
2024-04-08 02:23:52,413 [INFO]  Epoch[4] Train-cross-entropy=0.026294
2024-04-08 02:23:52,413 [INFO]  Epoch[4] Train-age-accuracy=3.287129
2024-04-08 02:23:52,413 [INFO]  Epoch[4] Time cost=0.655
2024-04-08 02:23:52,415 [INFO]  Saved checkpoint to "./imputer_model/17_bank/imputer_model_age/model-0004.params"
2024-04-08 02:23:52,441 [INFO]  Epoch[4] Validation-cross-entropy=0.055258
2024-04-08 02:23:52,441 [INFO]  Epoch[4] Validation-age-accuracy=0.000000
2024-04-08 02:23:52,442 [INFO]  
========== done (2.223290205001831 s) fit model
