2024-03-19 17:17:59,297 [INFO]  
========== start: fit model
2024-03-19 17:17:59,297 [WARNING]  Already bound, ignoring bind()
2024-03-19 17:17:59,313 [INFO]  Epoch[0] Batch [0-7]	Speed: 14041.61 samples/sec	cross-entropy=16.037422	fbs-accuracy=0.000000
2024-03-19 17:17:59,321 [INFO]  Epoch[0] Train-cross-entropy=2.494821
2024-03-19 17:17:59,321 [INFO]  Epoch[0] Train-fbs-accuracy=0.000000
2024-03-19 17:17:59,321 [INFO]  Epoch[0] Time cost=0.023
2024-03-19 17:17:59,322 [INFO]  Saved checkpoint to "./imputer_model/2_heart/imputer_model_fbs/model-0000.params"
2024-03-19 17:17:59,324 [INFO]  Epoch[0] Validation-cross-entropy=0.989871
2024-03-19 17:17:59,325 [INFO]  Epoch[0] Validation-fbs-accuracy=0.000000
2024-03-19 17:17:59,334 [INFO]  Epoch[1] Batch [0-7]	Speed: 13255.51 samples/sec	cross-entropy=0.768930	fbs-accuracy=0.000000
2024-03-19 17:17:59,342 [INFO]  Epoch[1] Train-cross-entropy=0.631686
2024-03-19 17:17:59,342 [INFO]  Epoch[1] Train-fbs-accuracy=0.000000
2024-03-19 17:17:59,342 [INFO]  Epoch[1] Time cost=0.017
2024-03-19 17:17:59,343 [INFO]  Saved checkpoint to "./imputer_model/2_heart/imputer_model_fbs/model-0001.params"
2024-03-19 17:17:59,345 [INFO]  Epoch[1] Validation-cross-entropy=0.358214
2024-03-19 17:17:59,345 [INFO]  Epoch[1] Validation-fbs-accuracy=0.000000
2024-03-19 17:17:59,354 [INFO]  Epoch[2] Batch [0-7]	Speed: 14174.22 samples/sec	cross-entropy=0.628733	fbs-accuracy=0.000000
2024-03-19 17:17:59,361 [INFO]  Epoch[2] Train-cross-entropy=0.180663
2024-03-19 17:17:59,361 [INFO]  Epoch[2] Train-fbs-accuracy=0.000000
2024-03-19 17:17:59,361 [INFO]  Epoch[2] Time cost=0.016
2024-03-19 17:17:59,363 [INFO]  Saved checkpoint to "./imputer_model/2_heart/imputer_model_fbs/model-0002.params"
2024-03-19 17:17:59,365 [INFO]  Epoch[2] Validation-cross-entropy=0.122103
2024-03-19 17:17:59,365 [INFO]  Epoch[2] Validation-fbs-accuracy=0.000000
2024-03-19 17:17:59,375 [INFO]  Epoch[3] Batch [0-7]	Speed: 12987.97 samples/sec	cross-entropy=0.071158	fbs-accuracy=0.000000
2024-03-19 17:17:59,382 [INFO]  Epoch[3] Train-cross-entropy=0.110853
2024-03-19 17:17:59,382 [INFO]  Epoch[3] Train-fbs-accuracy=0.000000
2024-03-19 17:17:59,382 [INFO]  Epoch[3] Time cost=0.017
2024-03-19 17:17:59,384 [INFO]  Saved checkpoint to "./imputer_model/2_heart/imputer_model_fbs/model-0003.params"
2024-03-19 17:17:59,385 [INFO]  Epoch[3] Validation-cross-entropy=0.156238
2024-03-19 17:17:59,385 [INFO]  Epoch[3] Validation-fbs-accuracy=0.000000
2024-03-19 17:17:59,394 [INFO]  Epoch[4] Batch [0-7]	Speed: 14111.63 samples/sec	cross-entropy=0.067825	fbs-accuracy=0.000000
2024-03-19 17:17:59,402 [INFO]  Epoch[4] Train-cross-entropy=0.044669
2024-03-19 17:17:59,402 [INFO]  Epoch[4] Train-fbs-accuracy=0.000000
2024-03-19 17:17:59,402 [INFO]  Epoch[4] Time cost=0.017
2024-03-19 17:17:59,404 [INFO]  Saved checkpoint to "./imputer_model/2_heart/imputer_model_fbs/model-0004.params"
2024-03-19 17:17:59,405 [INFO]  Epoch[4] Validation-cross-entropy=0.071771
2024-03-19 17:17:59,405 [INFO]  Epoch[4] Validation-fbs-accuracy=0.000000
2024-03-19 17:17:59,405 [INFO]  
========== done (0.10857725143432617 s) fit model
2024-03-19 17:18:04,092 [INFO]  
========== start: fit model
2024-03-19 17:18:04,092 [WARNING]  Already bound, ignoring bind()
2024-03-19 17:18:04,107 [INFO]  Epoch[0] Batch [0-7]	Speed: 10052.90 samples/sec	cross-entropy=15.564134	fbs-accuracy=3.125000
2024-03-19 17:18:04,116 [INFO]  Epoch[0] Train-cross-entropy=5.897393
2024-03-19 17:18:04,116 [INFO]  Epoch[0] Train-fbs-accuracy=2.666667
2024-03-19 17:18:04,116 [INFO]  Epoch[0] Time cost=0.023
2024-03-19 17:18:04,120 [INFO]  Saved checkpoint to "./imputer_model/2_heart/imputer_model_fbs/model-0000.params"
2024-03-19 17:18:04,120 [INFO]  Epoch[0] Validation-cross-entropy=2.619447
2024-03-19 17:18:04,121 [INFO]  Epoch[0] Validation-fbs-accuracy=0.000000
2024-03-19 17:18:04,152 [INFO]  Epoch[1] Batch [0-7]	Speed: 3818.83 samples/sec	cross-entropy=1.000020	fbs-accuracy=3.125000
2024-03-19 17:18:04,161 [INFO]  Epoch[1] Train-cross-entropy=0.590638
2024-03-19 17:18:04,161 [INFO]  Epoch[1] Train-fbs-accuracy=2.666667
2024-03-19 17:18:04,161 [INFO]  Epoch[1] Time cost=0.040
2024-03-19 17:18:04,164 [INFO]  Saved checkpoint to "./imputer_model/2_heart/imputer_model_fbs/model-0001.params"
2024-03-19 17:18:04,168 [INFO]  Epoch[1] Validation-cross-entropy=0.443638
2024-03-19 17:18:04,168 [INFO]  Epoch[1] Validation-fbs-accuracy=0.000000
2024-03-19 17:18:04,179 [INFO]  Epoch[2] Batch [0-7]	Speed: 11480.57 samples/sec	cross-entropy=0.731393	fbs-accuracy=3.125000
2024-03-19 17:18:04,188 [INFO]  Epoch[2] Train-cross-entropy=0.353954
2024-03-19 17:18:04,189 [INFO]  Epoch[2] Train-fbs-accuracy=2.666667
2024-03-19 17:18:04,189 [INFO]  Epoch[2] Time cost=0.020
2024-03-19 17:18:04,190 [INFO]  Saved checkpoint to "./imputer_model/2_heart/imputer_model_fbs/model-0002.params"
2024-03-19 17:18:04,191 [INFO]  Epoch[2] Validation-cross-entropy=0.131536
2024-03-19 17:18:04,191 [INFO]  Epoch[2] Validation-fbs-accuracy=0.000000
2024-03-19 17:18:04,204 [INFO]  Epoch[3] Batch [0-7]	Speed: 9832.39 samples/sec	cross-entropy=0.121477	fbs-accuracy=3.125000
2024-03-19 17:18:04,213 [INFO]  Epoch[3] Train-cross-entropy=0.081042
2024-03-19 17:18:04,213 [INFO]  Epoch[3] Train-fbs-accuracy=2.666667
2024-03-19 17:18:04,213 [INFO]  Epoch[3] Time cost=0.023
2024-03-19 17:18:04,215 [INFO]  Saved checkpoint to "./imputer_model/2_heart/imputer_model_fbs/model-0003.params"
2024-03-19 17:18:04,216 [INFO]  Epoch[3] Validation-cross-entropy=0.149324
2024-03-19 17:18:04,216 [INFO]  Epoch[3] Validation-fbs-accuracy=0.000000
2024-03-19 17:18:04,237 [INFO]  Epoch[4] Batch [0-7]	Speed: 5678.12 samples/sec	cross-entropy=0.088065	fbs-accuracy=3.125000
2024-03-19 17:18:04,244 [INFO]  Epoch[4] Train-cross-entropy=0.048031
2024-03-19 17:18:04,244 [INFO]  Epoch[4] Train-fbs-accuracy=2.666667
2024-03-19 17:18:04,244 [INFO]  Epoch[4] Time cost=0.028
2024-03-19 17:18:04,245 [INFO]  Saved checkpoint to "./imputer_model/2_heart/imputer_model_fbs/model-0004.params"
2024-03-19 17:18:04,246 [INFO]  Epoch[4] Validation-cross-entropy=0.065457
2024-03-19 17:18:04,246 [INFO]  Epoch[4] Validation-fbs-accuracy=0.000000
2024-03-19 17:18:04,246 [INFO]  
========== done (0.1545114517211914 s) fit model
2024-03-19 17:18:09,465 [INFO]  
========== start: fit model
2024-03-19 17:18:09,465 [WARNING]  Already bound, ignoring bind()
2024-03-19 17:18:09,488 [INFO]  Epoch[0] Batch [0-7]	Speed: 13621.03 samples/sec	cross-entropy=7.425463	fbs-accuracy=3.375000
2024-03-19 17:18:09,495 [INFO]  Epoch[0] Train-cross-entropy=1.484524
2024-03-19 17:18:09,495 [INFO]  Epoch[0] Train-fbs-accuracy=2.666667
2024-03-19 17:18:09,495 [INFO]  Epoch[0] Time cost=0.029
2024-03-19 17:18:09,497 [INFO]  Saved checkpoint to "./imputer_model/2_heart/imputer_model_fbs/model-0000.params"
2024-03-19 17:18:09,498 [INFO]  Epoch[0] Validation-cross-entropy=0.254835
2024-03-19 17:18:09,498 [INFO]  Epoch[0] Validation-fbs-accuracy=0.000000
2024-03-19 17:18:09,508 [INFO]  Epoch[1] Batch [0-7]	Speed: 12878.66 samples/sec	cross-entropy=0.662659	fbs-accuracy=3.375000
2024-03-19 17:18:09,515 [INFO]  Epoch[1] Train-cross-entropy=0.722322
2024-03-19 17:18:09,516 [INFO]  Epoch[1] Train-fbs-accuracy=2.666667
2024-03-19 17:18:09,516 [INFO]  Epoch[1] Time cost=0.017
2024-03-19 17:18:09,517 [INFO]  Saved checkpoint to "./imputer_model/2_heart/imputer_model_fbs/model-0001.params"
2024-03-19 17:18:09,519 [INFO]  Epoch[1] Validation-cross-entropy=0.181897
2024-03-19 17:18:09,519 [INFO]  Epoch[1] Validation-fbs-accuracy=0.000000
2024-03-19 17:18:09,528 [INFO]  Epoch[2] Batch [0-7]	Speed: 14031.54 samples/sec	cross-entropy=0.361885	fbs-accuracy=3.375000
2024-03-19 17:18:09,535 [INFO]  Epoch[2] Train-cross-entropy=0.172426
2024-03-19 17:18:09,535 [INFO]  Epoch[2] Train-fbs-accuracy=2.666667
2024-03-19 17:18:09,535 [INFO]  Epoch[2] Time cost=0.016
2024-03-19 17:18:09,537 [INFO]  Saved checkpoint to "./imputer_model/2_heart/imputer_model_fbs/model-0002.params"
2024-03-19 17:18:09,538 [INFO]  Epoch[2] Validation-cross-entropy=0.125856
2024-03-19 17:18:09,538 [INFO]  Epoch[2] Validation-fbs-accuracy=0.000000
2024-03-19 17:18:09,548 [INFO]  Epoch[3] Batch [0-7]	Speed: 13187.41 samples/sec	cross-entropy=0.099614	fbs-accuracy=3.375000
2024-03-19 17:18:09,555 [INFO]  Epoch[3] Train-cross-entropy=0.084045
2024-03-19 17:18:09,555 [INFO]  Epoch[3] Train-fbs-accuracy=2.666667
2024-03-19 17:18:09,555 [INFO]  Epoch[3] Time cost=0.017
2024-03-19 17:18:09,557 [INFO]  Saved checkpoint to "./imputer_model/2_heart/imputer_model_fbs/model-0003.params"
2024-03-19 17:18:09,558 [INFO]  Epoch[3] Validation-cross-entropy=0.041523
2024-03-19 17:18:09,558 [INFO]  Epoch[3] Validation-fbs-accuracy=0.000000
2024-03-19 17:18:09,568 [INFO]  Epoch[4] Batch [0-7]	Speed: 13541.71 samples/sec	cross-entropy=0.058692	fbs-accuracy=3.375000
2024-03-19 17:18:09,575 [INFO]  Epoch[4] Train-cross-entropy=0.043803
2024-03-19 17:18:09,575 [INFO]  Epoch[4] Train-fbs-accuracy=2.666667
2024-03-19 17:18:09,575 [INFO]  Epoch[4] Time cost=0.017
2024-03-19 17:18:09,577 [INFO]  Saved checkpoint to "./imputer_model/2_heart/imputer_model_fbs/model-0004.params"
2024-03-19 17:18:09,578 [INFO]  Epoch[4] Validation-cross-entropy=0.030573
2024-03-19 17:18:09,578 [INFO]  Epoch[4] Validation-fbs-accuracy=0.000000
2024-03-19 17:18:09,578 [INFO]  
========== done (0.11326956748962402 s) fit model
2024-03-19 17:18:14,847 [INFO]  
========== start: fit model
2024-03-19 17:18:14,847 [WARNING]  Already bound, ignoring bind()
2024-03-19 17:18:14,862 [INFO]  Epoch[0] Batch [0-7]	Speed: 14206.37 samples/sec	cross-entropy=12.925476	fbs-accuracy=3.500000
2024-03-19 17:18:14,869 [INFO]  Epoch[0] Train-cross-entropy=5.913542
2024-03-19 17:18:14,869 [INFO]  Epoch[0] Train-fbs-accuracy=3.333333
2024-03-19 17:18:14,869 [INFO]  Epoch[0] Time cost=0.021
2024-03-19 17:18:14,871 [INFO]  Saved checkpoint to "./imputer_model/2_heart/imputer_model_fbs/model-0000.params"
2024-03-19 17:18:14,872 [INFO]  Epoch[0] Validation-cross-entropy=5.528217
2024-03-19 17:18:14,872 [INFO]  Epoch[0] Validation-fbs-accuracy=0.000000
2024-03-19 17:18:14,882 [INFO]  Epoch[1] Batch [0-7]	Speed: 12545.72 samples/sec	cross-entropy=2.188077	fbs-accuracy=3.500000
2024-03-19 17:18:14,890 [INFO]  Epoch[1] Train-cross-entropy=1.431394
2024-03-19 17:18:14,890 [INFO]  Epoch[1] Train-fbs-accuracy=3.333333
2024-03-19 17:18:14,890 [INFO]  Epoch[1] Time cost=0.018
2024-03-19 17:18:14,892 [INFO]  Saved checkpoint to "./imputer_model/2_heart/imputer_model_fbs/model-0001.params"
2024-03-19 17:18:14,893 [INFO]  Epoch[1] Validation-cross-entropy=1.894478
2024-03-19 17:18:14,893 [INFO]  Epoch[1] Validation-fbs-accuracy=0.000000
2024-03-19 17:18:14,902 [INFO]  Epoch[2] Batch [0-7]	Speed: 14175.93 samples/sec	cross-entropy=0.579434	fbs-accuracy=3.500000
2024-03-19 17:18:14,909 [INFO]  Epoch[2] Train-cross-entropy=0.571011
2024-03-19 17:18:14,909 [INFO]  Epoch[2] Train-fbs-accuracy=3.333333
2024-03-19 17:18:14,909 [INFO]  Epoch[2] Time cost=0.016
2024-03-19 17:18:14,911 [INFO]  Saved checkpoint to "./imputer_model/2_heart/imputer_model_fbs/model-0002.params"
2024-03-19 17:18:14,912 [INFO]  Epoch[2] Validation-cross-entropy=0.815935
2024-03-19 17:18:14,912 [INFO]  Epoch[2] Validation-fbs-accuracy=0.000000
2024-03-19 17:18:14,922 [INFO]  Epoch[3] Batch [0-7]	Speed: 13588.72 samples/sec	cross-entropy=0.459201	fbs-accuracy=3.500000
2024-03-19 17:18:14,929 [INFO]  Epoch[3] Train-cross-entropy=0.298112
2024-03-19 17:18:14,930 [INFO]  Epoch[3] Train-fbs-accuracy=3.333333
2024-03-19 17:18:14,930 [INFO]  Epoch[3] Time cost=0.017
2024-03-19 17:18:14,931 [INFO]  Saved checkpoint to "./imputer_model/2_heart/imputer_model_fbs/model-0003.params"
2024-03-19 17:18:14,933 [INFO]  Epoch[3] Validation-cross-entropy=0.854608
2024-03-19 17:18:14,933 [INFO]  Epoch[3] Validation-fbs-accuracy=0.000000
2024-03-19 17:18:14,942 [INFO]  Epoch[4] Batch [0-7]	Speed: 14039.51 samples/sec	cross-entropy=0.278521	fbs-accuracy=3.500000
2024-03-19 17:18:14,949 [INFO]  Epoch[4] Train-cross-entropy=0.217045
2024-03-19 17:18:14,949 [INFO]  Epoch[4] Train-fbs-accuracy=3.333333
2024-03-19 17:18:14,949 [INFO]  Epoch[4] Time cost=0.016
2024-03-19 17:18:14,951 [INFO]  Saved checkpoint to "./imputer_model/2_heart/imputer_model_fbs/model-0004.params"
2024-03-19 17:18:14,952 [INFO]  Epoch[4] Validation-cross-entropy=0.848777
2024-03-19 17:18:14,952 [INFO]  Epoch[4] Validation-fbs-accuracy=0.000000
2024-03-19 17:18:14,952 [INFO]  
========== done (0.10485959053039551 s) fit model
2024-03-19 17:18:18,823 [INFO]  
========== start: fit model
2024-03-19 17:18:18,824 [WARNING]  Already bound, ignoring bind()
2024-03-19 17:18:18,831 [INFO]  Epoch[0] Batch [0-7]	Speed: 22166.95 samples/sec	cross-entropy=13.932260	fbs-accuracy=0.000000
2024-03-19 17:18:18,835 [INFO]  Epoch[0] Train-cross-entropy=6.171306
2024-03-19 17:18:18,835 [INFO]  Epoch[0] Train-fbs-accuracy=0.000000
2024-03-19 17:18:18,835 [INFO]  Epoch[0] Time cost=0.011
2024-03-19 17:18:18,836 [INFO]  Saved checkpoint to "./imputer_model/2_heart/imputer_model_fbs/model-0000.params"
2024-03-19 17:18:18,837 [INFO]  Epoch[0] Validation-cross-entropy=3.354615
2024-03-19 17:18:18,838 [INFO]  Epoch[0] Validation-fbs-accuracy=0.000000
2024-03-19 17:18:18,845 [INFO]  Epoch[1] Batch [0-7]	Speed: 17349.76 samples/sec	cross-entropy=2.237416	fbs-accuracy=0.000000
2024-03-19 17:18:18,851 [INFO]  Epoch[1] Train-cross-entropy=1.323947
2024-03-19 17:18:18,851 [INFO]  Epoch[1] Train-fbs-accuracy=0.000000
2024-03-19 17:18:18,851 [INFO]  Epoch[1] Time cost=0.013
2024-03-19 17:18:18,852 [INFO]  Saved checkpoint to "./imputer_model/2_heart/imputer_model_fbs/model-0001.params"
2024-03-19 17:18:18,853 [INFO]  Epoch[1] Validation-cross-entropy=0.803863
2024-03-19 17:18:18,853 [INFO]  Epoch[1] Validation-fbs-accuracy=0.000000
2024-03-19 17:18:18,858 [INFO]  Epoch[2] Batch [0-7]	Speed: 24348.83 samples/sec	cross-entropy=0.919048	fbs-accuracy=0.000000
2024-03-19 17:18:18,862 [INFO]  Epoch[2] Train-cross-entropy=0.629923
2024-03-19 17:18:18,863 [INFO]  Epoch[2] Train-fbs-accuracy=0.000000
2024-03-19 17:18:18,863 [INFO]  Epoch[2] Time cost=0.009
2024-03-19 17:18:18,864 [INFO]  Saved checkpoint to "./imputer_model/2_heart/imputer_model_fbs/model-0002.params"
2024-03-19 17:18:18,865 [INFO]  Epoch[2] Validation-cross-entropy=0.444466
2024-03-19 17:18:18,865 [INFO]  Epoch[2] Validation-fbs-accuracy=0.000000
2024-03-19 17:18:18,870 [INFO]  Epoch[3] Batch [0-7]	Speed: 24952.83 samples/sec	cross-entropy=0.507199	fbs-accuracy=0.000000
2024-03-19 17:18:18,876 [INFO]  Epoch[3] Train-cross-entropy=0.424710
2024-03-19 17:18:18,876 [INFO]  Epoch[3] Train-fbs-accuracy=0.000000
2024-03-19 17:18:18,876 [INFO]  Epoch[3] Time cost=0.012
2024-03-19 17:18:18,879 [INFO]  Saved checkpoint to "./imputer_model/2_heart/imputer_model_fbs/model-0003.params"
2024-03-19 17:18:18,880 [INFO]  Epoch[3] Validation-cross-entropy=0.364232
2024-03-19 17:18:18,880 [INFO]  Epoch[3] Validation-fbs-accuracy=0.000000
2024-03-19 17:18:18,886 [INFO]  Epoch[4] Batch [0-7]	Speed: 22064.92 samples/sec	cross-entropy=0.309329	fbs-accuracy=0.000000
2024-03-19 17:18:18,891 [INFO]  Epoch[4] Train-cross-entropy=0.238729
2024-03-19 17:18:18,891 [INFO]  Epoch[4] Train-fbs-accuracy=0.000000
2024-03-19 17:18:18,891 [INFO]  Epoch[4] Time cost=0.011
2024-03-19 17:18:18,892 [INFO]  Saved checkpoint to "./imputer_model/2_heart/imputer_model_fbs/model-0004.params"
2024-03-19 17:18:18,893 [INFO]  Epoch[4] Validation-cross-entropy=0.326110
2024-03-19 17:18:18,893 [INFO]  Epoch[4] Validation-fbs-accuracy=0.000000
2024-03-19 17:18:18,894 [INFO]  
========== done (0.07015395164489746 s) fit model
2024-03-19 17:18:20,982 [INFO]  
========== start: fit model
2024-03-19 17:18:20,982 [WARNING]  Already bound, ignoring bind()
2024-03-19 17:18:20,998 [INFO]  Epoch[0] Batch [0-7]	Speed: 9566.68 samples/sec	cross-entropy=18.627538	fbs-accuracy=0.000000
2024-03-19 17:18:21,003 [INFO]  Epoch[0] Train-cross-entropy=7.047884
2024-03-19 17:18:21,004 [INFO]  Epoch[0] Train-fbs-accuracy=0.000000
2024-03-19 17:18:21,004 [INFO]  Epoch[0] Time cost=0.021
2024-03-19 17:18:21,005 [INFO]  Saved checkpoint to "./imputer_model/2_heart/imputer_model_fbs/model-0000.params"
2024-03-19 17:18:21,006 [INFO]  Epoch[0] Validation-cross-entropy=5.101676
2024-03-19 17:18:21,006 [INFO]  Epoch[0] Validation-fbs-accuracy=0.000000
2024-03-19 17:18:21,012 [INFO]  Epoch[1] Batch [0-7]	Speed: 21030.67 samples/sec	cross-entropy=2.295758	fbs-accuracy=0.000000
2024-03-19 17:18:21,020 [INFO]  Epoch[1] Train-cross-entropy=0.734662
2024-03-19 17:18:21,020 [INFO]  Epoch[1] Train-fbs-accuracy=0.000000
2024-03-19 17:18:21,020 [INFO]  Epoch[1] Time cost=0.014
2024-03-19 17:18:21,022 [INFO]  Saved checkpoint to "./imputer_model/2_heart/imputer_model_fbs/model-0001.params"
2024-03-19 17:18:21,022 [INFO]  Epoch[1] Validation-cross-entropy=0.975684
2024-03-19 17:18:21,022 [INFO]  Epoch[1] Validation-fbs-accuracy=0.000000
2024-03-19 17:18:21,032 [INFO]  Epoch[2] Batch [0-7]	Speed: 13496.19 samples/sec	cross-entropy=0.747674	fbs-accuracy=0.000000
2024-03-19 17:18:21,039 [INFO]  Epoch[2] Train-cross-entropy=0.718477
2024-03-19 17:18:21,039 [INFO]  Epoch[2] Train-fbs-accuracy=0.000000
2024-03-19 17:18:21,039 [INFO]  Epoch[2] Time cost=0.016
2024-03-19 17:18:21,040 [INFO]  Saved checkpoint to "./imputer_model/2_heart/imputer_model_fbs/model-0002.params"
2024-03-19 17:18:21,042 [INFO]  Epoch[2] Validation-cross-entropy=0.550986
2024-03-19 17:18:21,042 [INFO]  Epoch[2] Validation-fbs-accuracy=0.000000
2024-03-19 17:18:21,051 [INFO]  Epoch[3] Batch [0-7]	Speed: 13927.54 samples/sec	cross-entropy=0.371545	fbs-accuracy=0.000000
2024-03-19 17:18:21,056 [INFO]  Epoch[3] Train-cross-entropy=0.267054
2024-03-19 17:18:21,056 [INFO]  Epoch[3] Train-fbs-accuracy=0.000000
2024-03-19 17:18:21,057 [INFO]  Epoch[3] Time cost=0.015
2024-03-19 17:18:21,058 [INFO]  Saved checkpoint to "./imputer_model/2_heart/imputer_model_fbs/model-0003.params"
2024-03-19 17:18:21,059 [INFO]  Epoch[3] Validation-cross-entropy=0.324182
2024-03-19 17:18:21,059 [INFO]  Epoch[3] Validation-fbs-accuracy=0.000000
2024-03-19 17:18:21,072 [INFO]  Epoch[4] Batch [0-7]	Speed: 14792.86 samples/sec	cross-entropy=0.199666	fbs-accuracy=0.000000
2024-03-19 17:18:21,078 [INFO]  Epoch[4] Train-cross-entropy=0.191998
2024-03-19 17:18:21,078 [INFO]  Epoch[4] Train-fbs-accuracy=0.000000
2024-03-19 17:18:21,078 [INFO]  Epoch[4] Time cost=0.019
2024-03-19 17:18:21,080 [INFO]  Saved checkpoint to "./imputer_model/2_heart/imputer_model_fbs/model-0004.params"
2024-03-19 17:18:21,082 [INFO]  Epoch[4] Validation-cross-entropy=0.276400
2024-03-19 17:18:21,082 [INFO]  Epoch[4] Validation-fbs-accuracy=0.000000
2024-03-19 17:18:21,082 [INFO]  
========== done (0.10072088241577148 s) fit model
2024-03-19 17:18:24,634 [INFO]  
========== start: fit model
2024-03-19 17:18:24,634 [WARNING]  Already bound, ignoring bind()
2024-03-19 17:18:24,675 [INFO]  Epoch[0] Batch [0-7]	Speed: 7522.81 samples/sec	cross-entropy=21.045687	fbs-accuracy=0.000000
2024-03-19 17:18:24,678 [INFO]  Epoch[0] Train-cross-entropy=9.595589
2024-03-19 17:18:24,679 [INFO]  Epoch[0] Train-fbs-accuracy=0.000000
2024-03-19 17:18:24,679 [INFO]  Epoch[0] Time cost=0.044
2024-03-19 17:18:24,680 [INFO]  Saved checkpoint to "./imputer_model/2_heart/imputer_model_fbs/model-0000.params"
2024-03-19 17:18:24,681 [INFO]  Epoch[0] Validation-cross-entropy=2.908160
2024-03-19 17:18:24,681 [INFO]  Epoch[0] Validation-fbs-accuracy=0.000000
2024-03-19 17:18:24,689 [INFO]  Epoch[1] Batch [0-7]	Speed: 13810.03 samples/sec	cross-entropy=4.258699	fbs-accuracy=0.000000
2024-03-19 17:18:24,694 [INFO]  Epoch[1] Train-cross-entropy=1.034034
2024-03-19 17:18:24,694 [INFO]  Epoch[1] Train-fbs-accuracy=0.000000
2024-03-19 17:18:24,694 [INFO]  Epoch[1] Time cost=0.014
2024-03-19 17:18:24,696 [INFO]  Saved checkpoint to "./imputer_model/2_heart/imputer_model_fbs/model-0001.params"
2024-03-19 17:18:24,697 [INFO]  Epoch[1] Validation-cross-entropy=0.374161
2024-03-19 17:18:24,697 [INFO]  Epoch[1] Validation-fbs-accuracy=0.000000
2024-03-19 17:18:24,703 [INFO]  Epoch[2] Batch [0-7]	Speed: 21946.37 samples/sec	cross-entropy=0.786156	fbs-accuracy=0.000000
2024-03-19 17:18:24,707 [INFO]  Epoch[2] Train-cross-entropy=0.909277
2024-03-19 17:18:24,707 [INFO]  Epoch[2] Train-fbs-accuracy=0.000000
2024-03-19 17:18:24,707 [INFO]  Epoch[2] Time cost=0.011
2024-03-19 17:18:24,709 [INFO]  Saved checkpoint to "./imputer_model/2_heart/imputer_model_fbs/model-0002.params"
2024-03-19 17:18:24,710 [INFO]  Epoch[2] Validation-cross-entropy=0.243274
2024-03-19 17:18:24,710 [INFO]  Epoch[2] Validation-fbs-accuracy=0.000000
2024-03-19 17:18:24,716 [INFO]  Epoch[3] Batch [0-7]	Speed: 21696.01 samples/sec	cross-entropy=0.501149	fbs-accuracy=0.000000
2024-03-19 17:18:24,720 [INFO]  Epoch[3] Train-cross-entropy=0.410618
2024-03-19 17:18:24,721 [INFO]  Epoch[3] Train-fbs-accuracy=0.000000
2024-03-19 17:18:24,721 [INFO]  Epoch[3] Time cost=0.011
2024-03-19 17:18:24,722 [INFO]  Saved checkpoint to "./imputer_model/2_heart/imputer_model_fbs/model-0003.params"
2024-03-19 17:18:24,723 [INFO]  Epoch[3] Validation-cross-entropy=0.098931
2024-03-19 17:18:24,723 [INFO]  Epoch[3] Validation-fbs-accuracy=0.000000
2024-03-19 17:18:24,736 [INFO]  Epoch[4] Batch [0-7]	Speed: 9217.17 samples/sec	cross-entropy=0.260950	fbs-accuracy=0.000000
2024-03-19 17:18:24,758 [INFO]  Epoch[4] Train-cross-entropy=0.186275
2024-03-19 17:18:24,758 [INFO]  Epoch[4] Train-fbs-accuracy=0.000000
2024-03-19 17:18:24,758 [INFO]  Epoch[4] Time cost=0.035
2024-03-19 17:18:24,762 [INFO]  Saved checkpoint to "./imputer_model/2_heart/imputer_model_fbs/model-0004.params"
2024-03-19 17:18:24,792 [INFO]  Epoch[4] Validation-cross-entropy=0.099580
2024-03-19 17:18:24,792 [INFO]  Epoch[4] Validation-fbs-accuracy=0.000000
2024-03-19 17:18:24,792 [INFO]  
========== done (0.1583268642425537 s) fit model
2024-03-19 17:18:27,580 [INFO]  
========== start: fit model
2024-03-19 17:18:27,581 [WARNING]  Already bound, ignoring bind()
2024-03-19 17:18:27,603 [INFO]  Epoch[0] Batch [0-7]	Speed: 6817.33 samples/sec	cross-entropy=6.981805	fbs-accuracy=3.875000
2024-03-19 17:18:27,613 [INFO]  Epoch[0] Train-cross-entropy=0.825159
2024-03-19 17:18:27,613 [INFO]  Epoch[0] Train-fbs-accuracy=4.000000
2024-03-19 17:18:27,613 [INFO]  Epoch[0] Time cost=0.031
2024-03-19 17:18:27,614 [INFO]  Saved checkpoint to "./imputer_model/2_heart/imputer_model_fbs/model-0000.params"
2024-03-19 17:18:27,615 [INFO]  Epoch[0] Validation-cross-entropy=0.411302
2024-03-19 17:18:27,616 [INFO]  Epoch[0] Validation-fbs-accuracy=0.000000
2024-03-19 17:18:27,626 [INFO]  Epoch[1] Batch [0-7]	Speed: 12624.96 samples/sec	cross-entropy=0.859459	fbs-accuracy=3.875000
2024-03-19 17:18:27,634 [INFO]  Epoch[1] Train-cross-entropy=0.205671
2024-03-19 17:18:27,634 [INFO]  Epoch[1] Train-fbs-accuracy=4.000000
2024-03-19 17:18:27,634 [INFO]  Epoch[1] Time cost=0.018
2024-03-19 17:18:27,635 [INFO]  Saved checkpoint to "./imputer_model/2_heart/imputer_model_fbs/model-0001.params"
2024-03-19 17:18:27,636 [INFO]  Epoch[1] Validation-cross-entropy=0.059503
2024-03-19 17:18:27,636 [INFO]  Epoch[1] Validation-fbs-accuracy=0.000000
2024-03-19 17:18:27,640 [INFO]  Epoch[2] Batch [0-7]	Speed: 28109.27 samples/sec	cross-entropy=0.160272	fbs-accuracy=3.875000
2024-03-19 17:18:27,644 [INFO]  Epoch[2] Train-cross-entropy=0.138838
2024-03-19 17:18:27,644 [INFO]  Epoch[2] Train-fbs-accuracy=4.000000
2024-03-19 17:18:27,644 [INFO]  Epoch[2] Time cost=0.008
2024-03-19 17:18:27,652 [INFO]  Saved checkpoint to "./imputer_model/2_heart/imputer_model_fbs/model-0002.params"
2024-03-19 17:18:27,669 [INFO]  Epoch[2] Validation-cross-entropy=0.065076
2024-03-19 17:18:27,669 [INFO]  Epoch[2] Validation-fbs-accuracy=0.000000
2024-03-19 17:18:27,682 [INFO]  Epoch[3] Batch [0-7]	Speed: 9618.19 samples/sec	cross-entropy=0.082653	fbs-accuracy=3.875000
2024-03-19 17:18:27,688 [INFO]  Epoch[3] Train-cross-entropy=0.045501
2024-03-19 17:18:27,688 [INFO]  Epoch[3] Train-fbs-accuracy=4.000000
2024-03-19 17:18:27,688 [INFO]  Epoch[3] Time cost=0.019
2024-03-19 17:18:27,690 [INFO]  Saved checkpoint to "./imputer_model/2_heart/imputer_model_fbs/model-0003.params"
2024-03-19 17:18:27,690 [INFO]  Epoch[3] Validation-cross-entropy=0.019979
2024-03-19 17:18:27,690 [INFO]  Epoch[3] Validation-fbs-accuracy=0.000000
2024-03-19 17:18:27,696 [INFO]  Epoch[4] Batch [0-7]	Speed: 21932.03 samples/sec	cross-entropy=0.050519	fbs-accuracy=3.875000
2024-03-19 17:18:27,701 [INFO]  Epoch[4] Train-cross-entropy=0.028137
2024-03-19 17:18:27,701 [INFO]  Epoch[4] Train-fbs-accuracy=4.000000
2024-03-19 17:18:27,701 [INFO]  Epoch[4] Time cost=0.011
2024-03-19 17:18:27,702 [INFO]  Saved checkpoint to "./imputer_model/2_heart/imputer_model_fbs/model-0004.params"
2024-03-19 17:18:27,703 [INFO]  Epoch[4] Validation-cross-entropy=0.010332
2024-03-19 17:18:27,703 [INFO]  Epoch[4] Validation-fbs-accuracy=0.000000
2024-03-19 17:18:27,703 [INFO]  
========== done (0.12294864654541016 s) fit model
2024-03-19 17:18:33,033 [INFO]  
========== start: fit model
2024-03-19 17:18:33,033 [WARNING]  Already bound, ignoring bind()
2024-03-19 17:18:33,065 [INFO]  Epoch[0] Batch [0-7]	Speed: 13782.48 samples/sec	cross-entropy=12.597060	fbs-accuracy=0.000000
2024-03-19 17:18:33,069 [INFO]  Epoch[0] Train-cross-entropy=10.507222
2024-03-19 17:18:33,069 [INFO]  Epoch[0] Train-fbs-accuracy=0.000000
2024-03-19 17:18:33,069 [INFO]  Epoch[0] Time cost=0.035
2024-03-19 17:18:33,070 [INFO]  Saved checkpoint to "./imputer_model/2_heart/imputer_model_fbs/model-0000.params"
2024-03-19 17:18:33,071 [INFO]  Epoch[0] Validation-cross-entropy=7.383192
2024-03-19 17:18:33,071 [INFO]  Epoch[0] Validation-fbs-accuracy=0.000000
2024-03-19 17:18:33,105 [INFO]  Epoch[1] Batch [0-7]	Speed: 3307.88 samples/sec	cross-entropy=2.571406	fbs-accuracy=0.000000
2024-03-19 17:18:33,113 [INFO]  Epoch[1] Train-cross-entropy=0.963518
2024-03-19 17:18:33,113 [INFO]  Epoch[1] Train-fbs-accuracy=0.000000
2024-03-19 17:18:33,113 [INFO]  Epoch[1] Time cost=0.043
2024-03-19 17:18:33,116 [INFO]  Saved checkpoint to "./imputer_model/2_heart/imputer_model_fbs/model-0001.params"
2024-03-19 17:18:33,117 [INFO]  Epoch[1] Validation-cross-entropy=1.940056
2024-03-19 17:18:33,117 [INFO]  Epoch[1] Validation-fbs-accuracy=0.000000
2024-03-19 17:18:33,126 [INFO]  Epoch[2] Batch [0-7]	Speed: 14917.34 samples/sec	cross-entropy=0.833569	fbs-accuracy=0.000000
2024-03-19 17:18:33,132 [INFO]  Epoch[2] Train-cross-entropy=0.692270
2024-03-19 17:18:33,133 [INFO]  Epoch[2] Train-fbs-accuracy=0.000000
2024-03-19 17:18:33,133 [INFO]  Epoch[2] Time cost=0.016
2024-03-19 17:18:33,135 [INFO]  Saved checkpoint to "./imputer_model/2_heart/imputer_model_fbs/model-0002.params"
2024-03-19 17:18:33,136 [INFO]  Epoch[2] Validation-cross-entropy=1.061245
2024-03-19 17:18:33,136 [INFO]  Epoch[2] Validation-fbs-accuracy=0.000000
2024-03-19 17:18:33,145 [INFO]  Epoch[3] Batch [0-7]	Speed: 14281.09 samples/sec	cross-entropy=0.590733	fbs-accuracy=0.000000
2024-03-19 17:18:33,152 [INFO]  Epoch[3] Train-cross-entropy=0.301989
2024-03-19 17:18:33,152 [INFO]  Epoch[3] Train-fbs-accuracy=0.000000
2024-03-19 17:18:33,152 [INFO]  Epoch[3] Time cost=0.016
2024-03-19 17:18:33,156 [INFO]  Saved checkpoint to "./imputer_model/2_heart/imputer_model_fbs/model-0003.params"
2024-03-19 17:18:33,156 [INFO]  Epoch[3] Validation-cross-entropy=0.599393
2024-03-19 17:18:33,157 [INFO]  Epoch[3] Validation-fbs-accuracy=0.000000
2024-03-19 17:18:33,166 [INFO]  Epoch[4] Batch [0-7]	Speed: 14169.52 samples/sec	cross-entropy=0.385316	fbs-accuracy=0.000000
2024-03-19 17:18:33,173 [INFO]  Epoch[4] Train-cross-entropy=0.191208
2024-03-19 17:18:33,173 [INFO]  Epoch[4] Train-fbs-accuracy=0.000000
2024-03-19 17:18:33,173 [INFO]  Epoch[4] Time cost=0.017
2024-03-19 17:18:33,176 [INFO]  Saved checkpoint to "./imputer_model/2_heart/imputer_model_fbs/model-0004.params"
2024-03-19 17:18:33,177 [INFO]  Epoch[4] Validation-cross-entropy=0.616329
2024-03-19 17:18:33,177 [INFO]  Epoch[4] Validation-fbs-accuracy=0.000000
2024-03-19 17:18:33,177 [INFO]  
========== done (0.14458656311035156 s) fit model
2024-03-19 17:18:36,095 [INFO]  
========== start: fit model
2024-03-19 17:18:36,096 [WARNING]  Already bound, ignoring bind()
2024-03-19 17:18:36,118 [INFO]  Epoch[0] Batch [0-7]	Speed: 14146.48 samples/sec	cross-entropy=8.797157	fbs-accuracy=3.750000
2024-03-19 17:18:36,125 [INFO]  Epoch[0] Train-cross-entropy=3.477314
2024-03-19 17:18:36,126 [INFO]  Epoch[0] Train-fbs-accuracy=3.000000
2024-03-19 17:18:36,126 [INFO]  Epoch[0] Time cost=0.029
2024-03-19 17:18:36,128 [INFO]  Saved checkpoint to "./imputer_model/2_heart/imputer_model_fbs/model-0000.params"
2024-03-19 17:18:36,129 [INFO]  Epoch[0] Validation-cross-entropy=1.133516
2024-03-19 17:18:36,130 [INFO]  Epoch[0] Validation-fbs-accuracy=0.000000
2024-03-19 17:18:36,139 [INFO]  Epoch[1] Batch [0-7]	Speed: 14304.57 samples/sec	cross-entropy=0.694804	fbs-accuracy=3.750000
2024-03-19 17:18:36,146 [INFO]  Epoch[1] Train-cross-entropy=1.067592
2024-03-19 17:18:36,146 [INFO]  Epoch[1] Train-fbs-accuracy=3.000000
2024-03-19 17:18:36,146 [INFO]  Epoch[1] Time cost=0.017
2024-03-19 17:18:36,149 [INFO]  Saved checkpoint to "./imputer_model/2_heart/imputer_model_fbs/model-0001.params"
2024-03-19 17:18:36,150 [INFO]  Epoch[1] Validation-cross-entropy=0.840167
2024-03-19 17:18:36,150 [INFO]  Epoch[1] Validation-fbs-accuracy=0.000000
2024-03-19 17:18:36,161 [INFO]  Epoch[2] Batch [0-7]	Speed: 12349.16 samples/sec	cross-entropy=0.721763	fbs-accuracy=3.750000
2024-03-19 17:18:36,168 [INFO]  Epoch[2] Train-cross-entropy=0.298385
2024-03-19 17:18:36,168 [INFO]  Epoch[2] Train-fbs-accuracy=3.000000
2024-03-19 17:18:36,168 [INFO]  Epoch[2] Time cost=0.018
2024-03-19 17:18:36,171 [INFO]  Saved checkpoint to "./imputer_model/2_heart/imputer_model_fbs/model-0002.params"
2024-03-19 17:18:36,172 [INFO]  Epoch[2] Validation-cross-entropy=0.504441
2024-03-19 17:18:36,172 [INFO]  Epoch[2] Validation-fbs-accuracy=0.000000
2024-03-19 17:18:36,182 [INFO]  Epoch[3] Batch [0-7]	Speed: 13720.09 samples/sec	cross-entropy=0.194371	fbs-accuracy=3.750000
2024-03-19 17:18:36,189 [INFO]  Epoch[3] Train-cross-entropy=0.191244
2024-03-19 17:18:36,189 [INFO]  Epoch[3] Train-fbs-accuracy=3.000000
2024-03-19 17:18:36,189 [INFO]  Epoch[3] Time cost=0.017
2024-03-19 17:18:36,192 [INFO]  Saved checkpoint to "./imputer_model/2_heart/imputer_model_fbs/model-0003.params"
2024-03-19 17:18:36,193 [INFO]  Epoch[3] Validation-cross-entropy=0.257656
2024-03-19 17:18:36,193 [INFO]  Epoch[3] Validation-fbs-accuracy=0.000000
2024-03-19 17:18:36,203 [INFO]  Epoch[4] Batch [0-7]	Speed: 13883.91 samples/sec	cross-entropy=0.117490	fbs-accuracy=3.750000
2024-03-19 17:18:36,210 [INFO]  Epoch[4] Train-cross-entropy=0.125051
2024-03-19 17:18:36,210 [INFO]  Epoch[4] Train-fbs-accuracy=3.000000
2024-03-19 17:18:36,210 [INFO]  Epoch[4] Time cost=0.017
2024-03-19 17:18:36,212 [INFO]  Saved checkpoint to "./imputer_model/2_heart/imputer_model_fbs/model-0004.params"
2024-03-19 17:18:36,214 [INFO]  Epoch[4] Validation-cross-entropy=0.148243
2024-03-19 17:18:36,214 [INFO]  Epoch[4] Validation-fbs-accuracy=0.000000
2024-03-19 17:18:36,214 [INFO]  
========== done (0.11866450309753418 s) fit model
2024-03-19 17:18:41,471 [INFO]  
========== start: fit model
2024-03-19 17:18:41,471 [WARNING]  Already bound, ignoring bind()
2024-03-19 17:18:41,486 [INFO]  Epoch[0] Batch [0-7]	Speed: 14444.88 samples/sec	cross-entropy=15.547970	fbs-accuracy=3.125000
2024-03-19 17:18:41,493 [INFO]  Epoch[0] Train-cross-entropy=7.415917
2024-03-19 17:18:41,493 [INFO]  Epoch[0] Train-fbs-accuracy=3.833333
2024-03-19 17:18:41,493 [INFO]  Epoch[0] Time cost=0.021
2024-03-19 17:18:41,495 [INFO]  Saved checkpoint to "./imputer_model/2_heart/imputer_model_fbs/model-0000.params"
2024-03-19 17:18:41,496 [INFO]  Epoch[0] Validation-cross-entropy=6.353549
2024-03-19 17:18:41,496 [INFO]  Epoch[0] Validation-fbs-accuracy=0.000000
2024-03-19 17:18:41,505 [INFO]  Epoch[1] Batch [0-7]	Speed: 13952.78 samples/sec	cross-entropy=2.667423	fbs-accuracy=3.125000
2024-03-19 17:18:41,512 [INFO]  Epoch[1] Train-cross-entropy=1.451091
2024-03-19 17:18:41,512 [INFO]  Epoch[1] Train-fbs-accuracy=3.833333
2024-03-19 17:18:41,512 [INFO]  Epoch[1] Time cost=0.016
2024-03-19 17:18:41,514 [INFO]  Saved checkpoint to "./imputer_model/2_heart/imputer_model_fbs/model-0001.params"
2024-03-19 17:18:41,515 [INFO]  Epoch[1] Validation-cross-entropy=0.872067
2024-03-19 17:18:41,515 [INFO]  Epoch[1] Validation-fbs-accuracy=0.000000
2024-03-19 17:18:41,524 [INFO]  Epoch[2] Batch [0-7]	Speed: 13971.87 samples/sec	cross-entropy=0.727694	fbs-accuracy=3.125000
2024-03-19 17:18:41,531 [INFO]  Epoch[2] Train-cross-entropy=0.835303
2024-03-19 17:18:41,532 [INFO]  Epoch[2] Train-fbs-accuracy=3.833333
2024-03-19 17:18:41,532 [INFO]  Epoch[2] Time cost=0.016
2024-03-19 17:18:41,533 [INFO]  Saved checkpoint to "./imputer_model/2_heart/imputer_model_fbs/model-0002.params"
2024-03-19 17:18:41,535 [INFO]  Epoch[2] Validation-cross-entropy=0.540024
2024-03-19 17:18:41,535 [INFO]  Epoch[2] Validation-fbs-accuracy=0.000000
2024-03-19 17:18:41,544 [INFO]  Epoch[3] Batch [0-7]	Speed: 14597.95 samples/sec	cross-entropy=0.562766	fbs-accuracy=3.125000
2024-03-19 17:18:41,550 [INFO]  Epoch[3] Train-cross-entropy=0.477510
2024-03-19 17:18:41,551 [INFO]  Epoch[3] Train-fbs-accuracy=3.833333
2024-03-19 17:18:41,551 [INFO]  Epoch[3] Time cost=0.016
2024-03-19 17:18:41,552 [INFO]  Saved checkpoint to "./imputer_model/2_heart/imputer_model_fbs/model-0003.params"
2024-03-19 17:18:41,554 [INFO]  Epoch[3] Validation-cross-entropy=0.376968
2024-03-19 17:18:41,554 [INFO]  Epoch[3] Validation-fbs-accuracy=0.000000
2024-03-19 17:18:41,563 [INFO]  Epoch[4] Batch [0-7]	Speed: 14406.79 samples/sec	cross-entropy=0.302191	fbs-accuracy=3.125000
2024-03-19 17:18:41,569 [INFO]  Epoch[4] Train-cross-entropy=0.259055
2024-03-19 17:18:41,569 [INFO]  Epoch[4] Train-fbs-accuracy=3.833333
2024-03-19 17:18:41,570 [INFO]  Epoch[4] Time cost=0.016
2024-03-19 17:18:41,571 [INFO]  Saved checkpoint to "./imputer_model/2_heart/imputer_model_fbs/model-0004.params"
2024-03-19 17:18:41,572 [INFO]  Epoch[4] Validation-cross-entropy=0.333638
2024-03-19 17:18:41,572 [INFO]  Epoch[4] Validation-fbs-accuracy=0.000000
2024-03-19 17:18:41,573 [INFO]  
========== done (0.10194921493530273 s) fit model
2024-03-19 17:18:44,472 [INFO]  
========== start: fit model
2024-03-19 17:18:44,472 [WARNING]  Already bound, ignoring bind()
2024-03-19 17:18:44,501 [INFO]  Epoch[0] Batch [0-7]	Speed: 15265.40 samples/sec	cross-entropy=14.305878	fbs-accuracy=2.875000
2024-03-19 17:18:44,508 [INFO]  Epoch[0] Train-cross-entropy=3.047832
2024-03-19 17:18:44,508 [INFO]  Epoch[0] Train-fbs-accuracy=3.666667
2024-03-19 17:18:44,508 [INFO]  Epoch[0] Time cost=0.034
2024-03-19 17:18:44,509 [INFO]  Saved checkpoint to "./imputer_model/2_heart/imputer_model_fbs/model-0000.params"
2024-03-19 17:18:44,520 [INFO]  Epoch[0] Validation-cross-entropy=2.714996
2024-03-19 17:18:44,521 [INFO]  Epoch[0] Validation-fbs-accuracy=0.000000
2024-03-19 17:18:44,529 [INFO]  Epoch[1] Batch [0-7]	Speed: 15187.42 samples/sec	cross-entropy=2.348114	fbs-accuracy=2.875000
2024-03-19 17:18:44,536 [INFO]  Epoch[1] Train-cross-entropy=0.779837
2024-03-19 17:18:44,536 [INFO]  Epoch[1] Train-fbs-accuracy=3.666667
2024-03-19 17:18:44,536 [INFO]  Epoch[1] Time cost=0.016
2024-03-19 17:18:44,538 [INFO]  Saved checkpoint to "./imputer_model/2_heart/imputer_model_fbs/model-0001.params"
2024-03-19 17:18:44,539 [INFO]  Epoch[1] Validation-cross-entropy=2.309284
2024-03-19 17:18:44,539 [INFO]  Epoch[1] Validation-fbs-accuracy=0.000000
2024-03-19 17:18:44,548 [INFO]  Epoch[2] Batch [0-7]	Speed: 15074.84 samples/sec	cross-entropy=0.554485	fbs-accuracy=2.875000
2024-03-19 17:18:44,555 [INFO]  Epoch[2] Train-cross-entropy=0.456413
2024-03-19 17:18:44,555 [INFO]  Epoch[2] Train-fbs-accuracy=3.666667
2024-03-19 17:18:44,555 [INFO]  Epoch[2] Time cost=0.016
2024-03-19 17:18:44,556 [INFO]  Saved checkpoint to "./imputer_model/2_heart/imputer_model_fbs/model-0002.params"
2024-03-19 17:18:44,560 [INFO]  Epoch[2] Validation-cross-entropy=0.351287
2024-03-19 17:18:44,560 [INFO]  Epoch[2] Validation-fbs-accuracy=0.000000
2024-03-19 17:18:44,570 [INFO]  Epoch[3] Batch [0-7]	Speed: 13708.88 samples/sec	cross-entropy=0.300440	fbs-accuracy=2.875000
2024-03-19 17:18:44,577 [INFO]  Epoch[3] Train-cross-entropy=0.162350
2024-03-19 17:18:44,577 [INFO]  Epoch[3] Train-fbs-accuracy=3.666667
2024-03-19 17:18:44,577 [INFO]  Epoch[3] Time cost=0.016
2024-03-19 17:18:44,579 [INFO]  Saved checkpoint to "./imputer_model/2_heart/imputer_model_fbs/model-0003.params"
2024-03-19 17:18:44,581 [INFO]  Epoch[3] Validation-cross-entropy=0.123115
2024-03-19 17:18:44,581 [INFO]  Epoch[3] Validation-fbs-accuracy=0.000000
2024-03-19 17:18:44,590 [INFO]  Epoch[4] Batch [0-7]	Speed: 14324.63 samples/sec	cross-entropy=0.153630	fbs-accuracy=2.875000
2024-03-19 17:18:44,597 [INFO]  Epoch[4] Train-cross-entropy=0.106872
2024-03-19 17:18:44,597 [INFO]  Epoch[4] Train-fbs-accuracy=3.666667
2024-03-19 17:18:44,597 [INFO]  Epoch[4] Time cost=0.016
2024-03-19 17:18:44,599 [INFO]  Saved checkpoint to "./imputer_model/2_heart/imputer_model_fbs/model-0004.params"
2024-03-19 17:18:44,612 [INFO]  Epoch[4] Validation-cross-entropy=0.222557
2024-03-19 17:18:44,612 [INFO]  Epoch[4] Validation-fbs-accuracy=0.000000
2024-03-19 17:18:44,612 [INFO]  
========== done (0.1400284767150879 s) fit model
2024-03-19 17:18:48,434 [INFO]  
========== start: fit model
2024-03-19 17:18:48,434 [WARNING]  Already bound, ignoring bind()
2024-03-19 17:18:48,453 [INFO]  Epoch[0] Batch [0-7]	Speed: 10881.93 samples/sec	cross-entropy=11.370466	fbs-accuracy=0.000000
2024-03-19 17:18:48,462 [INFO]  Epoch[0] Train-cross-entropy=4.193170
2024-03-19 17:18:48,462 [INFO]  Epoch[0] Train-fbs-accuracy=0.000000
2024-03-19 17:18:48,462 [INFO]  Epoch[0] Time cost=0.027
2024-03-19 17:18:48,465 [INFO]  Saved checkpoint to "./imputer_model/2_heart/imputer_model_fbs/model-0000.params"
2024-03-19 17:18:48,466 [INFO]  Epoch[0] Validation-cross-entropy=2.389819
2024-03-19 17:18:48,466 [INFO]  Epoch[0] Validation-fbs-accuracy=0.000000
2024-03-19 17:18:48,478 [INFO]  Epoch[1] Batch [0-7]	Speed: 10919.87 samples/sec	cross-entropy=0.959952	fbs-accuracy=0.000000
2024-03-19 17:18:48,489 [INFO]  Epoch[1] Train-cross-entropy=0.839921
2024-03-19 17:18:48,489 [INFO]  Epoch[1] Train-fbs-accuracy=0.000000
2024-03-19 17:18:48,489 [INFO]  Epoch[1] Time cost=0.023
2024-03-19 17:18:48,492 [INFO]  Saved checkpoint to "./imputer_model/2_heart/imputer_model_fbs/model-0001.params"
2024-03-19 17:18:48,493 [INFO]  Epoch[1] Validation-cross-entropy=2.358757
2024-03-19 17:18:48,493 [INFO]  Epoch[1] Validation-fbs-accuracy=0.000000
2024-03-19 17:18:48,509 [INFO]  Epoch[2] Batch [0-7]	Speed: 7836.42 samples/sec	cross-entropy=0.775308	fbs-accuracy=0.000000
2024-03-19 17:18:48,521 [INFO]  Epoch[2] Train-cross-entropy=0.338325
2024-03-19 17:18:48,521 [INFO]  Epoch[2] Train-fbs-accuracy=0.000000
2024-03-19 17:18:48,521 [INFO]  Epoch[2] Time cost=0.028
2024-03-19 17:18:48,523 [INFO]  Saved checkpoint to "./imputer_model/2_heart/imputer_model_fbs/model-0002.params"
2024-03-19 17:18:48,552 [INFO]  Epoch[2] Validation-cross-entropy=0.387519
2024-03-19 17:18:48,552 [INFO]  Epoch[2] Validation-fbs-accuracy=0.000000
2024-03-19 17:18:48,573 [INFO]  Epoch[3] Batch [0-7]	Speed: 14723.78 samples/sec	cross-entropy=0.224530	fbs-accuracy=0.000000
2024-03-19 17:18:48,580 [INFO]  Epoch[3] Train-cross-entropy=0.216880
2024-03-19 17:18:48,580 [INFO]  Epoch[3] Train-fbs-accuracy=0.000000
2024-03-19 17:18:48,580 [INFO]  Epoch[3] Time cost=0.028
2024-03-19 17:18:48,582 [INFO]  Saved checkpoint to "./imputer_model/2_heart/imputer_model_fbs/model-0003.params"
2024-03-19 17:18:48,583 [INFO]  Epoch[3] Validation-cross-entropy=0.348230
2024-03-19 17:18:48,583 [INFO]  Epoch[3] Validation-fbs-accuracy=0.000000
2024-03-19 17:18:48,592 [INFO]  Epoch[4] Batch [0-7]	Speed: 14707.64 samples/sec	cross-entropy=0.142636	fbs-accuracy=0.000000
2024-03-19 17:18:48,599 [INFO]  Epoch[4] Train-cross-entropy=0.089054
2024-03-19 17:18:48,599 [INFO]  Epoch[4] Train-fbs-accuracy=0.000000
2024-03-19 17:18:48,599 [INFO]  Epoch[4] Time cost=0.016
2024-03-19 17:18:48,600 [INFO]  Saved checkpoint to "./imputer_model/2_heart/imputer_model_fbs/model-0004.params"
2024-03-19 17:18:48,601 [INFO]  Epoch[4] Validation-cross-entropy=0.424177
2024-03-19 17:18:48,602 [INFO]  Epoch[4] Validation-fbs-accuracy=0.000000
2024-03-19 17:18:48,602 [INFO]  
========== done (0.1675574779510498 s) fit model
2024-03-19 17:18:52,258 [INFO]  
========== start: fit model
2024-03-19 17:18:52,258 [WARNING]  Already bound, ignoring bind()
2024-03-19 17:18:52,274 [INFO]  Epoch[0] Batch [0-7]	Speed: 13904.87 samples/sec	cross-entropy=11.787461	fbs-accuracy=3.750000
2024-03-19 17:18:52,281 [INFO]  Epoch[0] Train-cross-entropy=2.918867
2024-03-19 17:18:52,281 [INFO]  Epoch[0] Train-fbs-accuracy=4.000000
2024-03-19 17:18:52,281 [INFO]  Epoch[0] Time cost=0.022
2024-03-19 17:18:52,283 [INFO]  Saved checkpoint to "./imputer_model/2_heart/imputer_model_fbs/model-0000.params"
2024-03-19 17:18:52,283 [INFO]  Epoch[0] Validation-cross-entropy=0.810046
2024-03-19 17:18:52,283 [INFO]  Epoch[0] Validation-fbs-accuracy=0.000000
2024-03-19 17:18:52,293 [INFO]  Epoch[1] Batch [0-7]	Speed: 14134.98 samples/sec	cross-entropy=0.603934	fbs-accuracy=3.750000
2024-03-19 17:18:52,300 [INFO]  Epoch[1] Train-cross-entropy=0.456150
2024-03-19 17:18:52,300 [INFO]  Epoch[1] Train-fbs-accuracy=4.000000
2024-03-19 17:18:52,300 [INFO]  Epoch[1] Time cost=0.016
2024-03-19 17:18:52,301 [INFO]  Saved checkpoint to "./imputer_model/2_heart/imputer_model_fbs/model-0001.params"
2024-03-19 17:18:52,302 [INFO]  Epoch[1] Validation-cross-entropy=0.532170
2024-03-19 17:18:52,302 [INFO]  Epoch[1] Validation-fbs-accuracy=0.000000
2024-03-19 17:18:52,311 [INFO]  Epoch[2] Batch [0-7]	Speed: 14353.96 samples/sec	cross-entropy=0.714995	fbs-accuracy=3.750000
2024-03-19 17:18:52,318 [INFO]  Epoch[2] Train-cross-entropy=0.132472
2024-03-19 17:18:52,318 [INFO]  Epoch[2] Train-fbs-accuracy=4.000000
2024-03-19 17:18:52,318 [INFO]  Epoch[2] Time cost=0.016
2024-03-19 17:18:52,320 [INFO]  Saved checkpoint to "./imputer_model/2_heart/imputer_model_fbs/model-0002.params"
2024-03-19 17:18:52,320 [INFO]  Epoch[2] Validation-cross-entropy=0.036681
2024-03-19 17:18:52,321 [INFO]  Epoch[2] Validation-fbs-accuracy=0.000000
2024-03-19 17:18:52,341 [INFO]  Epoch[3] Batch [0-7]	Speed: 13198.90 samples/sec	cross-entropy=0.148495	fbs-accuracy=3.750000
2024-03-19 17:18:52,348 [INFO]  Epoch[3] Train-cross-entropy=0.101345
2024-03-19 17:18:52,348 [INFO]  Epoch[3] Train-fbs-accuracy=4.000000
2024-03-19 17:18:52,348 [INFO]  Epoch[3] Time cost=0.028
2024-03-19 17:18:52,350 [INFO]  Saved checkpoint to "./imputer_model/2_heart/imputer_model_fbs/model-0003.params"
2024-03-19 17:18:52,351 [INFO]  Epoch[3] Validation-cross-entropy=0.111908
2024-03-19 17:18:52,351 [INFO]  Epoch[3] Validation-fbs-accuracy=0.000000
2024-03-19 17:18:52,360 [INFO]  Epoch[4] Batch [0-7]	Speed: 14238.23 samples/sec	cross-entropy=0.092799	fbs-accuracy=3.750000
2024-03-19 17:18:52,367 [INFO]  Epoch[4] Train-cross-entropy=0.022092
2024-03-19 17:18:52,367 [INFO]  Epoch[4] Train-fbs-accuracy=4.000000
2024-03-19 17:18:52,367 [INFO]  Epoch[4] Time cost=0.016
2024-03-19 17:18:52,369 [INFO]  Saved checkpoint to "./imputer_model/2_heart/imputer_model_fbs/model-0004.params"
2024-03-19 17:18:52,370 [INFO]  Epoch[4] Validation-cross-entropy=0.032154
2024-03-19 17:18:52,370 [INFO]  Epoch[4] Validation-fbs-accuracy=0.000000
2024-03-19 17:18:52,370 [INFO]  
========== done (0.11177372932434082 s) fit model
2024-03-19 17:18:55,749 [INFO]  
========== start: fit model
2024-03-19 17:18:55,749 [WARNING]  Already bound, ignoring bind()
2024-03-19 17:18:55,792 [INFO]  Epoch[0] Batch [0-7]	Speed: 12105.09 samples/sec	cross-entropy=12.769606	fbs-accuracy=0.000000
2024-03-19 17:18:55,800 [INFO]  Epoch[0] Train-cross-entropy=0.646210
2024-03-19 17:18:55,800 [INFO]  Epoch[0] Train-fbs-accuracy=0.000000
2024-03-19 17:18:55,800 [INFO]  Epoch[0] Time cost=0.050
2024-03-19 17:18:55,801 [INFO]  Saved checkpoint to "./imputer_model/2_heart/imputer_model_fbs/model-0000.params"
2024-03-19 17:18:55,803 [INFO]  Epoch[0] Validation-cross-entropy=1.777069
2024-03-19 17:18:55,803 [INFO]  Epoch[0] Validation-fbs-accuracy=0.000000
2024-03-19 17:18:55,815 [INFO]  Epoch[1] Batch [0-7]	Speed: 10808.57 samples/sec	cross-entropy=2.558697	fbs-accuracy=0.000000
2024-03-19 17:18:55,831 [INFO]  Epoch[1] Train-cross-entropy=1.130195
2024-03-19 17:18:55,831 [INFO]  Epoch[1] Train-fbs-accuracy=0.000000
2024-03-19 17:18:55,831 [INFO]  Epoch[1] Time cost=0.028
2024-03-19 17:18:55,832 [INFO]  Saved checkpoint to "./imputer_model/2_heart/imputer_model_fbs/model-0001.params"
2024-03-19 17:18:55,842 [INFO]  Epoch[1] Validation-cross-entropy=0.024215
2024-03-19 17:18:55,842 [INFO]  Epoch[1] Validation-fbs-accuracy=0.000000
2024-03-19 17:18:55,851 [INFO]  Epoch[2] Batch [0-7]	Speed: 14989.22 samples/sec	cross-entropy=0.156581	fbs-accuracy=0.000000
2024-03-19 17:18:55,858 [INFO]  Epoch[2] Train-cross-entropy=0.349697
2024-03-19 17:18:55,858 [INFO]  Epoch[2] Train-fbs-accuracy=0.000000
2024-03-19 17:18:55,858 [INFO]  Epoch[2] Time cost=0.016
2024-03-19 17:18:55,859 [INFO]  Saved checkpoint to "./imputer_model/2_heart/imputer_model_fbs/model-0002.params"
2024-03-19 17:18:55,861 [INFO]  Epoch[2] Validation-cross-entropy=0.145372
2024-03-19 17:18:55,861 [INFO]  Epoch[2] Validation-fbs-accuracy=0.000000
2024-03-19 17:18:55,929 [INFO]  Epoch[3] Batch [0-7]	Speed: 1674.12 samples/sec	cross-entropy=0.046990	fbs-accuracy=0.000000
2024-03-19 17:18:55,936 [INFO]  Epoch[3] Train-cross-entropy=0.029592
2024-03-19 17:18:55,936 [INFO]  Epoch[3] Train-fbs-accuracy=0.000000
2024-03-19 17:18:55,936 [INFO]  Epoch[3] Time cost=0.075
2024-03-19 17:18:55,937 [INFO]  Saved checkpoint to "./imputer_model/2_heart/imputer_model_fbs/model-0003.params"
2024-03-19 17:18:55,938 [INFO]  Epoch[3] Validation-cross-entropy=0.053252
2024-03-19 17:18:55,938 [INFO]  Epoch[3] Validation-fbs-accuracy=0.000000
2024-03-19 17:18:55,947 [INFO]  Epoch[4] Batch [0-7]	Speed: 15343.68 samples/sec	cross-entropy=0.030278	fbs-accuracy=0.000000
2024-03-19 17:18:55,953 [INFO]  Epoch[4] Train-cross-entropy=0.001996
2024-03-19 17:18:55,953 [INFO]  Epoch[4] Train-fbs-accuracy=0.000000
2024-03-19 17:18:55,953 [INFO]  Epoch[4] Time cost=0.015
2024-03-19 17:18:55,955 [INFO]  Saved checkpoint to "./imputer_model/2_heart/imputer_model_fbs/model-0004.params"
2024-03-19 17:18:55,956 [INFO]  Epoch[4] Validation-cross-entropy=0.009944
2024-03-19 17:18:55,956 [INFO]  Epoch[4] Validation-fbs-accuracy=0.000000
2024-03-19 17:18:55,956 [INFO]  
========== done (0.20667195320129395 s) fit model
2024-03-19 17:19:02,124 [INFO]  
========== start: fit model
2024-03-19 17:19:02,124 [WARNING]  Already bound, ignoring bind()
2024-03-19 17:19:02,137 [INFO]  Epoch[0] Batch [0-7]	Speed: 14128.18 samples/sec	cross-entropy=17.842007	fbs-accuracy=3.125000
2024-03-19 17:19:02,141 [INFO]  Epoch[0] Train-cross-entropy=6.897496
2024-03-19 17:19:02,142 [INFO]  Epoch[0] Train-fbs-accuracy=2.833333
2024-03-19 17:19:02,142 [INFO]  Epoch[0] Time cost=0.017
2024-03-19 17:19:02,145 [INFO]  Saved checkpoint to "./imputer_model/2_heart/imputer_model_fbs/model-0000.params"
2024-03-19 17:19:02,154 [INFO]  Epoch[0] Validation-cross-entropy=5.380028
2024-03-19 17:19:02,154 [INFO]  Epoch[0] Validation-fbs-accuracy=0.000000
2024-03-19 17:19:02,161 [INFO]  Epoch[1] Batch [0-7]	Speed: 19890.00 samples/sec	cross-entropy=2.660211	fbs-accuracy=3.125000
2024-03-19 17:19:02,167 [INFO]  Epoch[1] Train-cross-entropy=0.803630
2024-03-19 17:19:02,167 [INFO]  Epoch[1] Train-fbs-accuracy=2.833333
2024-03-19 17:19:02,167 [INFO]  Epoch[1] Time cost=0.013
2024-03-19 17:19:02,169 [INFO]  Saved checkpoint to "./imputer_model/2_heart/imputer_model_fbs/model-0001.params"
2024-03-19 17:19:02,170 [INFO]  Epoch[1] Validation-cross-entropy=0.490963
2024-03-19 17:19:02,170 [INFO]  Epoch[1] Validation-fbs-accuracy=0.000000
2024-03-19 17:19:02,179 [INFO]  Epoch[2] Batch [0-7]	Speed: 14206.80 samples/sec	cross-entropy=0.899310	fbs-accuracy=3.125000
2024-03-19 17:19:02,186 [INFO]  Epoch[2] Train-cross-entropy=0.458147
2024-03-19 17:19:02,186 [INFO]  Epoch[2] Train-fbs-accuracy=2.833333
2024-03-19 17:19:02,186 [INFO]  Epoch[2] Time cost=0.016
2024-03-19 17:19:02,188 [INFO]  Saved checkpoint to "./imputer_model/2_heart/imputer_model_fbs/model-0002.params"
2024-03-19 17:19:02,193 [INFO]  Epoch[2] Validation-cross-entropy=0.807456
2024-03-19 17:19:02,193 [INFO]  Epoch[2] Validation-fbs-accuracy=0.000000
2024-03-19 17:19:02,208 [INFO]  Epoch[3] Batch [0-7]	Speed: 14196.92 samples/sec	cross-entropy=0.519525	fbs-accuracy=3.125000
2024-03-19 17:19:02,211 [INFO]  Epoch[3] Train-cross-entropy=0.314896
2024-03-19 17:19:02,211 [INFO]  Epoch[3] Train-fbs-accuracy=2.833333
2024-03-19 17:19:02,211 [INFO]  Epoch[3] Time cost=0.018
2024-03-19 17:19:02,213 [INFO]  Saved checkpoint to "./imputer_model/2_heart/imputer_model_fbs/model-0003.params"
2024-03-19 17:19:02,213 [INFO]  Epoch[3] Validation-cross-entropy=0.325567
2024-03-19 17:19:02,213 [INFO]  Epoch[3] Validation-fbs-accuracy=0.000000
2024-03-19 17:19:02,218 [INFO]  Epoch[4] Batch [0-7]	Speed: 28508.44 samples/sec	cross-entropy=0.263125	fbs-accuracy=3.125000
2024-03-19 17:19:02,221 [INFO]  Epoch[4] Train-cross-entropy=0.161547
2024-03-19 17:19:02,221 [INFO]  Epoch[4] Train-fbs-accuracy=2.833333
2024-03-19 17:19:02,221 [INFO]  Epoch[4] Time cost=0.008
2024-03-19 17:19:02,223 [INFO]  Saved checkpoint to "./imputer_model/2_heart/imputer_model_fbs/model-0004.params"
2024-03-19 17:19:02,223 [INFO]  Epoch[4] Validation-cross-entropy=0.158002
2024-03-19 17:19:02,223 [INFO]  Epoch[4] Validation-fbs-accuracy=0.000000
2024-03-19 17:19:02,223 [INFO]  
========== done (0.09949874877929688 s) fit model
2024-03-19 17:19:05,756 [INFO]  
========== start: fit model
2024-03-19 17:19:05,756 [WARNING]  Already bound, ignoring bind()
2024-03-19 17:19:05,767 [INFO]  Epoch[0] Batch [0-7]	Speed: 13072.91 samples/sec	cross-entropy=5.371095	fbs-accuracy=0.000000
2024-03-19 17:19:05,771 [INFO]  Epoch[0] Train-cross-entropy=1.720401
2024-03-19 17:19:05,771 [INFO]  Epoch[0] Train-fbs-accuracy=0.000000
2024-03-19 17:19:05,772 [INFO]  Epoch[0] Time cost=0.015
2024-03-19 17:19:05,773 [INFO]  Saved checkpoint to "./imputer_model/2_heart/imputer_model_fbs/model-0000.params"
2024-03-19 17:19:05,774 [INFO]  Epoch[0] Validation-cross-entropy=1.718806
2024-03-19 17:19:05,774 [INFO]  Epoch[0] Validation-fbs-accuracy=0.000000
2024-03-19 17:19:05,780 [INFO]  Epoch[1] Batch [0-7]	Speed: 21113.85 samples/sec	cross-entropy=1.253541	fbs-accuracy=0.000000
2024-03-19 17:19:05,789 [INFO]  Epoch[1] Train-cross-entropy=0.687341
2024-03-19 17:19:05,789 [INFO]  Epoch[1] Train-fbs-accuracy=0.000000
2024-03-19 17:19:05,789 [INFO]  Epoch[1] Time cost=0.015
2024-03-19 17:19:05,791 [INFO]  Saved checkpoint to "./imputer_model/2_heart/imputer_model_fbs/model-0001.params"
2024-03-19 17:19:05,792 [INFO]  Epoch[1] Validation-cross-entropy=0.572850
2024-03-19 17:19:05,792 [INFO]  Epoch[1] Validation-fbs-accuracy=0.000000
2024-03-19 17:19:05,802 [INFO]  Epoch[2] Batch [0-7]	Speed: 13548.35 samples/sec	cross-entropy=0.345049	fbs-accuracy=0.000000
2024-03-19 17:19:05,809 [INFO]  Epoch[2] Train-cross-entropy=0.247948
2024-03-19 17:19:05,809 [INFO]  Epoch[2] Train-fbs-accuracy=0.000000
2024-03-19 17:19:05,809 [INFO]  Epoch[2] Time cost=0.017
2024-03-19 17:19:05,811 [INFO]  Saved checkpoint to "./imputer_model/2_heart/imputer_model_fbs/model-0002.params"
2024-03-19 17:19:05,812 [INFO]  Epoch[2] Validation-cross-entropy=0.184162
2024-03-19 17:19:05,812 [INFO]  Epoch[2] Validation-fbs-accuracy=0.000000
2024-03-19 17:19:05,822 [INFO]  Epoch[3] Batch [0-7]	Speed: 13441.74 samples/sec	cross-entropy=0.167396	fbs-accuracy=0.000000
2024-03-19 17:19:05,829 [INFO]  Epoch[3] Train-cross-entropy=0.121149
2024-03-19 17:19:05,829 [INFO]  Epoch[3] Train-fbs-accuracy=0.000000
2024-03-19 17:19:05,829 [INFO]  Epoch[3] Time cost=0.017
2024-03-19 17:19:05,831 [INFO]  Saved checkpoint to "./imputer_model/2_heart/imputer_model_fbs/model-0003.params"
2024-03-19 17:19:05,832 [INFO]  Epoch[3] Validation-cross-entropy=0.072924
2024-03-19 17:19:05,832 [INFO]  Epoch[3] Validation-fbs-accuracy=0.000000
2024-03-19 17:19:05,841 [INFO]  Epoch[4] Batch [0-7]	Speed: 14238.67 samples/sec	cross-entropy=0.084353	fbs-accuracy=0.000000
2024-03-19 17:19:05,848 [INFO]  Epoch[4] Train-cross-entropy=0.062174
2024-03-19 17:19:05,848 [INFO]  Epoch[4] Train-fbs-accuracy=0.000000
2024-03-19 17:19:05,848 [INFO]  Epoch[4] Time cost=0.016
2024-03-19 17:19:05,850 [INFO]  Saved checkpoint to "./imputer_model/2_heart/imputer_model_fbs/model-0004.params"
2024-03-19 17:19:05,851 [INFO]  Epoch[4] Validation-cross-entropy=0.070678
2024-03-19 17:19:05,851 [INFO]  Epoch[4] Validation-fbs-accuracy=0.000000
2024-03-19 17:19:05,852 [INFO]  
========== done (0.09581851959228516 s) fit model
2024-03-19 17:19:10,080 [INFO]  
========== start: fit model
2024-03-19 17:19:10,080 [WARNING]  Already bound, ignoring bind()
2024-03-19 17:19:10,234 [INFO]  Epoch[0] Batch [0-7]	Speed: 765.08 samples/sec	cross-entropy=10.887677	fbs-accuracy=3.125000
2024-03-19 17:19:10,241 [INFO]  Epoch[0] Train-cross-entropy=1.675890
2024-03-19 17:19:10,242 [INFO]  Epoch[0] Train-fbs-accuracy=3.333333
2024-03-19 17:19:10,242 [INFO]  Epoch[0] Time cost=0.160
2024-03-19 17:19:10,243 [INFO]  Saved checkpoint to "./imputer_model/2_heart/imputer_model_fbs/model-0000.params"
2024-03-19 17:19:10,244 [INFO]  Epoch[0] Validation-cross-entropy=4.631527
2024-03-19 17:19:10,245 [INFO]  Epoch[0] Validation-fbs-accuracy=0.000000
2024-03-19 17:19:10,254 [INFO]  Epoch[1] Batch [0-7]	Speed: 13700.08 samples/sec	cross-entropy=1.102636	fbs-accuracy=3.125000
2024-03-19 17:19:10,294 [INFO]  Epoch[1] Train-cross-entropy=0.855963
2024-03-19 17:19:10,294 [INFO]  Epoch[1] Train-fbs-accuracy=3.333333
2024-03-19 17:19:10,294 [INFO]  Epoch[1] Time cost=0.050
2024-03-19 17:19:10,296 [INFO]  Saved checkpoint to "./imputer_model/2_heart/imputer_model_fbs/model-0001.params"
2024-03-19 17:19:10,297 [INFO]  Epoch[1] Validation-cross-entropy=0.557771
2024-03-19 17:19:10,297 [INFO]  Epoch[1] Validation-fbs-accuracy=0.000000
2024-03-19 17:19:10,348 [INFO]  Epoch[2] Batch [0-7]	Speed: 2277.00 samples/sec	cross-entropy=0.695468	fbs-accuracy=3.125000
2024-03-19 17:19:10,355 [INFO]  Epoch[2] Train-cross-entropy=0.287510
2024-03-19 17:19:10,355 [INFO]  Epoch[2] Train-fbs-accuracy=3.333333
2024-03-19 17:19:10,355 [INFO]  Epoch[2] Time cost=0.058
2024-03-19 17:19:10,357 [INFO]  Saved checkpoint to "./imputer_model/2_heart/imputer_model_fbs/model-0002.params"
2024-03-19 17:19:10,358 [INFO]  Epoch[2] Validation-cross-entropy=0.695182
2024-03-19 17:19:10,358 [INFO]  Epoch[2] Validation-fbs-accuracy=0.000000
2024-03-19 17:19:10,367 [INFO]  Epoch[3] Batch [0-7]	Speed: 14305.88 samples/sec	cross-entropy=0.284170	fbs-accuracy=3.125000
2024-03-19 17:19:10,374 [INFO]  Epoch[3] Train-cross-entropy=0.173615
2024-03-19 17:19:10,374 [INFO]  Epoch[3] Train-fbs-accuracy=3.333333
2024-03-19 17:19:10,375 [INFO]  Epoch[3] Time cost=0.016
2024-03-19 17:19:10,377 [INFO]  Saved checkpoint to "./imputer_model/2_heart/imputer_model_fbs/model-0003.params"
2024-03-19 17:19:10,378 [INFO]  Epoch[3] Validation-cross-entropy=0.569670
2024-03-19 17:19:10,378 [INFO]  Epoch[3] Validation-fbs-accuracy=0.000000
2024-03-19 17:19:10,388 [INFO]  Epoch[4] Batch [0-7]	Speed: 14302.83 samples/sec	cross-entropy=0.151823	fbs-accuracy=3.125000
2024-03-19 17:19:10,395 [INFO]  Epoch[4] Train-cross-entropy=0.102912
2024-03-19 17:19:10,395 [INFO]  Epoch[4] Train-fbs-accuracy=3.333333
2024-03-19 17:19:10,395 [INFO]  Epoch[4] Time cost=0.017
2024-03-19 17:19:10,397 [INFO]  Saved checkpoint to "./imputer_model/2_heart/imputer_model_fbs/model-0004.params"
2024-03-19 17:19:10,398 [INFO]  Epoch[4] Validation-cross-entropy=0.144843
2024-03-19 17:19:10,398 [INFO]  Epoch[4] Validation-fbs-accuracy=0.000000
2024-03-19 17:19:10,398 [INFO]  
========== done (0.3181576728820801 s) fit model
2024-03-19 17:19:14,056 [INFO]  
========== start: fit model
2024-03-19 17:19:14,056 [WARNING]  Already bound, ignoring bind()
2024-03-19 17:19:14,067 [INFO]  Epoch[0] Batch [0-7]	Speed: 17305.02 samples/sec	cross-entropy=11.215347	fbs-accuracy=0.000000
2024-03-19 17:19:14,071 [INFO]  Epoch[0] Train-cross-entropy=4.471006
2024-03-19 17:19:14,072 [INFO]  Epoch[0] Train-fbs-accuracy=0.000000
2024-03-19 17:19:14,072 [INFO]  Epoch[0] Time cost=0.014
2024-03-19 17:19:14,073 [INFO]  Saved checkpoint to "./imputer_model/2_heart/imputer_model_fbs/model-0000.params"
2024-03-19 17:19:14,074 [INFO]  Epoch[0] Validation-cross-entropy=0.791403
2024-03-19 17:19:14,074 [INFO]  Epoch[0] Validation-fbs-accuracy=0.000000
2024-03-19 17:19:14,081 [INFO]  Epoch[1] Batch [0-7]	Speed: 19928.82 samples/sec	cross-entropy=0.710298	fbs-accuracy=0.000000
2024-03-19 17:19:14,091 [INFO]  Epoch[1] Train-cross-entropy=0.564878
2024-03-19 17:19:14,091 [INFO]  Epoch[1] Train-fbs-accuracy=0.000000
2024-03-19 17:19:14,091 [INFO]  Epoch[1] Time cost=0.017
2024-03-19 17:19:14,096 [INFO]  Saved checkpoint to "./imputer_model/2_heart/imputer_model_fbs/model-0001.params"
2024-03-19 17:19:14,101 [INFO]  Epoch[1] Validation-cross-entropy=0.497191
2024-03-19 17:19:14,101 [INFO]  Epoch[1] Validation-fbs-accuracy=0.000000
2024-03-19 17:19:14,107 [INFO]  Epoch[2] Batch [0-7]	Speed: 23081.86 samples/sec	cross-entropy=0.637630	fbs-accuracy=0.000000
2024-03-19 17:19:14,157 [INFO]  Epoch[2] Train-cross-entropy=0.291592
2024-03-19 17:19:14,157 [INFO]  Epoch[2] Train-fbs-accuracy=0.000000
2024-03-19 17:19:14,158 [INFO]  Epoch[2] Time cost=0.056
2024-03-19 17:19:14,159 [INFO]  Saved checkpoint to "./imputer_model/2_heart/imputer_model_fbs/model-0002.params"
2024-03-19 17:19:14,160 [INFO]  Epoch[2] Validation-cross-entropy=0.096792
2024-03-19 17:19:14,160 [INFO]  Epoch[2] Validation-fbs-accuracy=0.000000
2024-03-19 17:19:14,167 [INFO]  Epoch[3] Batch [0-7]	Speed: 20472.50 samples/sec	cross-entropy=0.105638	fbs-accuracy=0.000000
2024-03-19 17:19:14,183 [INFO]  Epoch[3] Train-cross-entropy=0.142867
2024-03-19 17:19:14,184 [INFO]  Epoch[3] Train-fbs-accuracy=0.000000
2024-03-19 17:19:14,184 [INFO]  Epoch[3] Time cost=0.024
2024-03-19 17:19:14,186 [INFO]  Saved checkpoint to "./imputer_model/2_heart/imputer_model_fbs/model-0003.params"
2024-03-19 17:19:14,187 [INFO]  Epoch[3] Validation-cross-entropy=0.048350
2024-03-19 17:19:14,188 [INFO]  Epoch[3] Validation-fbs-accuracy=0.000000
2024-03-19 17:19:14,197 [INFO]  Epoch[4] Batch [0-7]	Speed: 14615.21 samples/sec	cross-entropy=0.074916	fbs-accuracy=0.000000
2024-03-19 17:19:14,203 [INFO]  Epoch[4] Train-cross-entropy=0.066699
2024-03-19 17:19:14,204 [INFO]  Epoch[4] Train-fbs-accuracy=0.000000
2024-03-19 17:19:14,204 [INFO]  Epoch[4] Time cost=0.016
2024-03-19 17:19:14,206 [INFO]  Saved checkpoint to "./imputer_model/2_heart/imputer_model_fbs/model-0004.params"
2024-03-19 17:19:14,207 [INFO]  Epoch[4] Validation-cross-entropy=0.024901
2024-03-19 17:19:14,207 [INFO]  Epoch[4] Validation-fbs-accuracy=0.000000
2024-03-19 17:19:14,207 [INFO]  
========== done (0.15123271942138672 s) fit model
2024-03-19 17:19:18,175 [INFO]  
========== start: fit model
2024-03-19 17:19:18,175 [WARNING]  Already bound, ignoring bind()
2024-03-19 17:19:18,240 [INFO]  Epoch[0] Batch [0-7]	Speed: 14724.24 samples/sec	cross-entropy=18.706228	fbs-accuracy=4.125000
2024-03-19 17:19:18,249 [INFO]  Epoch[0] Train-cross-entropy=6.683474
2024-03-19 17:19:18,249 [INFO]  Epoch[0] Train-fbs-accuracy=3.000000
2024-03-19 17:19:18,249 [INFO]  Epoch[0] Time cost=0.073
2024-03-19 17:19:18,251 [INFO]  Saved checkpoint to "./imputer_model/2_heart/imputer_model_fbs/model-0000.params"
2024-03-19 17:19:18,253 [INFO]  Epoch[0] Validation-cross-entropy=6.841801
2024-03-19 17:19:18,253 [INFO]  Epoch[0] Validation-fbs-accuracy=0.000000
2024-03-19 17:19:18,262 [INFO]  Epoch[1] Batch [0-7]	Speed: 14721.01 samples/sec	cross-entropy=3.098181	fbs-accuracy=4.125000
2024-03-19 17:19:18,269 [INFO]  Epoch[1] Train-cross-entropy=1.163390
2024-03-19 17:19:18,269 [INFO]  Epoch[1] Train-fbs-accuracy=3.000000
2024-03-19 17:19:18,269 [INFO]  Epoch[1] Time cost=0.016
2024-03-19 17:19:18,272 [INFO]  Saved checkpoint to "./imputer_model/2_heart/imputer_model_fbs/model-0001.params"
2024-03-19 17:19:18,273 [INFO]  Epoch[1] Validation-cross-entropy=0.943236
2024-03-19 17:19:18,273 [INFO]  Epoch[1] Validation-fbs-accuracy=0.000000
2024-03-19 17:19:18,283 [INFO]  Epoch[2] Batch [0-7]	Speed: 13842.18 samples/sec	cross-entropy=0.634660	fbs-accuracy=4.125000
2024-03-19 17:19:18,290 [INFO]  Epoch[2] Train-cross-entropy=0.529251
2024-03-19 17:19:18,290 [INFO]  Epoch[2] Train-fbs-accuracy=3.000000
2024-03-19 17:19:18,290 [INFO]  Epoch[2] Time cost=0.017
2024-03-19 17:19:18,304 [INFO]  Saved checkpoint to "./imputer_model/2_heart/imputer_model_fbs/model-0002.params"
2024-03-19 17:19:18,312 [INFO]  Epoch[2] Validation-cross-entropy=0.260165
2024-03-19 17:19:18,312 [INFO]  Epoch[2] Validation-fbs-accuracy=0.000000
2024-03-19 17:19:18,324 [INFO]  Epoch[3] Batch [0-7]	Speed: 10831.75 samples/sec	cross-entropy=0.396391	fbs-accuracy=4.125000
2024-03-19 17:19:18,333 [INFO]  Epoch[3] Train-cross-entropy=0.248132
2024-03-19 17:19:18,333 [INFO]  Epoch[3] Train-fbs-accuracy=3.000000
2024-03-19 17:19:18,333 [INFO]  Epoch[3] Time cost=0.021
2024-03-19 17:19:18,335 [INFO]  Saved checkpoint to "./imputer_model/2_heart/imputer_model_fbs/model-0003.params"
2024-03-19 17:19:18,336 [INFO]  Epoch[3] Validation-cross-entropy=0.247232
2024-03-19 17:19:18,336 [INFO]  Epoch[3] Validation-fbs-accuracy=0.000000
2024-03-19 17:19:18,348 [INFO]  Epoch[4] Batch [0-7]	Speed: 10751.92 samples/sec	cross-entropy=0.117224	fbs-accuracy=4.125000
2024-03-19 17:19:18,357 [INFO]  Epoch[4] Train-cross-entropy=0.141978
2024-03-19 17:19:18,357 [INFO]  Epoch[4] Train-fbs-accuracy=3.000000
2024-03-19 17:19:18,357 [INFO]  Epoch[4] Time cost=0.021
2024-03-19 17:19:18,359 [INFO]  Saved checkpoint to "./imputer_model/2_heart/imputer_model_fbs/model-0004.params"
2024-03-19 17:19:18,361 [INFO]  Epoch[4] Validation-cross-entropy=0.233208
2024-03-19 17:19:18,361 [INFO]  Epoch[4] Validation-fbs-accuracy=0.000000
2024-03-19 17:19:18,361 [INFO]  
========== done (0.18560266494750977 s) fit model
2024-03-19 17:19:23,890 [INFO]  
========== start: fit model
2024-03-19 17:19:23,890 [WARNING]  Already bound, ignoring bind()
2024-03-19 17:19:23,902 [INFO]  Epoch[0] Batch [0-7]	Speed: 12400.67 samples/sec	cross-entropy=11.665230	fbs-accuracy=4.000000
2024-03-19 17:19:23,910 [INFO]  Epoch[0] Train-cross-entropy=9.601857
2024-03-19 17:19:23,910 [INFO]  Epoch[0] Train-fbs-accuracy=2.833333
2024-03-19 17:19:23,910 [INFO]  Epoch[0] Time cost=0.019
2024-03-19 17:19:23,911 [INFO]  Saved checkpoint to "./imputer_model/2_heart/imputer_model_fbs/model-0000.params"
2024-03-19 17:19:23,913 [INFO]  Epoch[0] Validation-cross-entropy=5.724112
2024-03-19 17:19:23,913 [INFO]  Epoch[0] Validation-fbs-accuracy=0.000000
2024-03-19 17:19:23,922 [INFO]  Epoch[1] Batch [0-7]	Speed: 13887.19 samples/sec	cross-entropy=2.444895	fbs-accuracy=4.000000
2024-03-19 17:19:23,930 [INFO]  Epoch[1] Train-cross-entropy=1.703952
2024-03-19 17:19:23,930 [INFO]  Epoch[1] Train-fbs-accuracy=2.833333
2024-03-19 17:19:23,930 [INFO]  Epoch[1] Time cost=0.017
2024-03-19 17:19:23,932 [INFO]  Saved checkpoint to "./imputer_model/2_heart/imputer_model_fbs/model-0001.params"
2024-03-19 17:19:23,933 [INFO]  Epoch[1] Validation-cross-entropy=0.830525
2024-03-19 17:19:23,933 [INFO]  Epoch[1] Validation-fbs-accuracy=0.000000
2024-03-19 17:19:23,943 [INFO]  Epoch[2] Batch [0-7]	Speed: 13603.67 samples/sec	cross-entropy=1.120508	fbs-accuracy=4.000000
2024-03-19 17:19:23,950 [INFO]  Epoch[2] Train-cross-entropy=0.663702
2024-03-19 17:19:23,950 [INFO]  Epoch[2] Train-fbs-accuracy=2.833333
2024-03-19 17:19:23,950 [INFO]  Epoch[2] Time cost=0.017
2024-03-19 17:19:23,952 [INFO]  Saved checkpoint to "./imputer_model/2_heart/imputer_model_fbs/model-0002.params"
2024-03-19 17:19:23,953 [INFO]  Epoch[2] Validation-cross-entropy=0.648383
2024-03-19 17:19:23,953 [INFO]  Epoch[2] Validation-fbs-accuracy=0.000000
2024-03-19 17:19:23,963 [INFO]  Epoch[3] Batch [0-7]	Speed: 14031.54 samples/sec	cross-entropy=0.554445	fbs-accuracy=4.000000
2024-03-19 17:19:23,970 [INFO]  Epoch[3] Train-cross-entropy=0.473755
2024-03-19 17:19:23,970 [INFO]  Epoch[3] Train-fbs-accuracy=2.833333
2024-03-19 17:19:23,970 [INFO]  Epoch[3] Time cost=0.016
2024-03-19 17:19:23,972 [INFO]  Saved checkpoint to "./imputer_model/2_heart/imputer_model_fbs/model-0003.params"
2024-03-19 17:19:23,973 [INFO]  Epoch[3] Validation-cross-entropy=0.351688
2024-03-19 17:19:23,973 [INFO]  Epoch[3] Validation-fbs-accuracy=0.000000
2024-03-19 17:19:23,983 [INFO]  Epoch[4] Batch [0-7]	Speed: 13422.16 samples/sec	cross-entropy=0.339541	fbs-accuracy=4.000000
2024-03-19 17:19:23,990 [INFO]  Epoch[4] Train-cross-entropy=0.254635
2024-03-19 17:19:23,990 [INFO]  Epoch[4] Train-fbs-accuracy=2.833333
2024-03-19 17:19:23,990 [INFO]  Epoch[4] Time cost=0.017
2024-03-19 17:19:23,992 [INFO]  Saved checkpoint to "./imputer_model/2_heart/imputer_model_fbs/model-0004.params"
2024-03-19 17:19:23,993 [INFO]  Epoch[4] Validation-cross-entropy=0.290029
2024-03-19 17:19:23,993 [INFO]  Epoch[4] Validation-fbs-accuracy=0.000000
2024-03-19 17:19:23,993 [INFO]  
========== done (0.10324358940124512 s) fit model
2024-03-19 17:19:26,949 [INFO]  
========== start: fit model
2024-03-19 17:19:26,949 [WARNING]  Already bound, ignoring bind()
2024-03-19 17:19:27,124 [INFO]  Epoch[0] Batch [0-7]	Speed: 19727.13 samples/sec	cross-entropy=24.775065	fbs-accuracy=2.875000
2024-03-19 17:19:27,139 [INFO]  Epoch[0] Train-cross-entropy=14.519801
2024-03-19 17:19:27,139 [INFO]  Epoch[0] Train-fbs-accuracy=3.333333
2024-03-19 17:19:27,139 [INFO]  Epoch[0] Time cost=0.189
2024-03-19 17:19:27,142 [INFO]  Saved checkpoint to "./imputer_model/2_heart/imputer_model_fbs/model-0000.params"
2024-03-19 17:19:27,142 [INFO]  Epoch[0] Validation-cross-entropy=13.606987
2024-03-19 17:19:27,143 [INFO]  Epoch[0] Validation-fbs-accuracy=0.000000
2024-03-19 17:19:27,157 [INFO]  Epoch[1] Batch [0-7]	Speed: 8412.95 samples/sec	cross-entropy=6.140729	fbs-accuracy=2.875000
2024-03-19 17:19:27,164 [INFO]  Epoch[1] Train-cross-entropy=1.978070
2024-03-19 17:19:27,164 [INFO]  Epoch[1] Train-fbs-accuracy=3.333333
2024-03-19 17:19:27,164 [INFO]  Epoch[1] Time cost=0.021
2024-03-19 17:19:27,166 [INFO]  Saved checkpoint to "./imputer_model/2_heart/imputer_model_fbs/model-0001.params"
2024-03-19 17:19:27,167 [INFO]  Epoch[1] Validation-cross-entropy=3.295627
2024-03-19 17:19:27,167 [INFO]  Epoch[1] Validation-fbs-accuracy=0.000000
2024-03-19 17:19:27,176 [INFO]  Epoch[2] Batch [0-7]	Speed: 14457.33 samples/sec	cross-entropy=0.908243	fbs-accuracy=2.875000
2024-03-19 17:19:27,183 [INFO]  Epoch[2] Train-cross-entropy=0.998337
2024-03-19 17:19:27,183 [INFO]  Epoch[2] Train-fbs-accuracy=3.333333
2024-03-19 17:19:27,183 [INFO]  Epoch[2] Time cost=0.016
2024-03-19 17:19:27,185 [INFO]  Saved checkpoint to "./imputer_model/2_heart/imputer_model_fbs/model-0002.params"
2024-03-19 17:19:27,186 [INFO]  Epoch[2] Validation-cross-entropy=0.422668
2024-03-19 17:19:27,186 [INFO]  Epoch[2] Validation-fbs-accuracy=0.000000
2024-03-19 17:19:27,196 [INFO]  Epoch[3] Batch [0-7]	Speed: 13251.40 samples/sec	cross-entropy=0.427263	fbs-accuracy=2.875000
2024-03-19 17:19:27,200 [INFO]  Epoch[3] Train-cross-entropy=0.520193
2024-03-19 17:19:27,201 [INFO]  Epoch[3] Train-fbs-accuracy=3.333333
2024-03-19 17:19:27,201 [INFO]  Epoch[3] Time cost=0.015
2024-03-19 17:19:27,202 [INFO]  Saved checkpoint to "./imputer_model/2_heart/imputer_model_fbs/model-0003.params"
2024-03-19 17:19:27,203 [INFO]  Epoch[3] Validation-cross-entropy=0.281206
2024-03-19 17:19:27,203 [INFO]  Epoch[3] Validation-fbs-accuracy=0.000000
2024-03-19 17:19:27,209 [INFO]  Epoch[4] Batch [0-7]	Speed: 22130.40 samples/sec	cross-entropy=0.223905	fbs-accuracy=2.875000
2024-03-19 17:19:27,213 [INFO]  Epoch[4] Train-cross-entropy=0.232680
2024-03-19 17:19:27,213 [INFO]  Epoch[4] Train-fbs-accuracy=3.333333
2024-03-19 17:19:27,213 [INFO]  Epoch[4] Time cost=0.011
2024-03-19 17:19:27,215 [INFO]  Saved checkpoint to "./imputer_model/2_heart/imputer_model_fbs/model-0004.params"
2024-03-19 17:19:27,215 [INFO]  Epoch[4] Validation-cross-entropy=0.186323
2024-03-19 17:19:27,215 [INFO]  Epoch[4] Validation-fbs-accuracy=0.000000
2024-03-19 17:19:27,215 [INFO]  
========== done (0.2661120891571045 s) fit model
2024-03-19 17:19:31,025 [INFO]  
========== start: fit model
2024-03-19 17:19:31,026 [WARNING]  Already bound, ignoring bind()
2024-03-19 17:19:31,037 [INFO]  Epoch[0] Batch [0-7]	Speed: 13125.14 samples/sec	cross-entropy=13.268525	fbs-accuracy=0.000000
2024-03-19 17:19:31,044 [INFO]  Epoch[0] Train-cross-entropy=7.320228
2024-03-19 17:19:31,044 [INFO]  Epoch[0] Train-fbs-accuracy=0.000000
2024-03-19 17:19:31,044 [INFO]  Epoch[0] Time cost=0.017
2024-03-19 17:19:31,046 [INFO]  Saved checkpoint to "./imputer_model/2_heart/imputer_model_fbs/model-0000.params"
2024-03-19 17:19:31,047 [INFO]  Epoch[0] Validation-cross-entropy=3.878750
2024-03-19 17:19:31,047 [INFO]  Epoch[0] Validation-fbs-accuracy=0.000000
2024-03-19 17:19:31,057 [INFO]  Epoch[1] Batch [0-7]	Speed: 13930.02 samples/sec	cross-entropy=1.826831	fbs-accuracy=0.000000
2024-03-19 17:19:31,064 [INFO]  Epoch[1] Train-cross-entropy=1.428421
2024-03-19 17:19:31,064 [INFO]  Epoch[1] Train-fbs-accuracy=0.000000
2024-03-19 17:19:31,064 [INFO]  Epoch[1] Time cost=0.017
2024-03-19 17:19:31,066 [INFO]  Saved checkpoint to "./imputer_model/2_heart/imputer_model_fbs/model-0001.params"
2024-03-19 17:19:31,067 [INFO]  Epoch[1] Validation-cross-entropy=0.528742
2024-03-19 17:19:31,067 [INFO]  Epoch[1] Validation-fbs-accuracy=0.000000
2024-03-19 17:19:31,077 [INFO]  Epoch[2] Batch [0-7]	Speed: 13804.35 samples/sec	cross-entropy=0.695336	fbs-accuracy=0.000000
2024-03-19 17:19:31,084 [INFO]  Epoch[2] Train-cross-entropy=0.576198
2024-03-19 17:19:31,084 [INFO]  Epoch[2] Train-fbs-accuracy=0.000000
2024-03-19 17:19:31,084 [INFO]  Epoch[2] Time cost=0.016
2024-03-19 17:19:31,086 [INFO]  Saved checkpoint to "./imputer_model/2_heart/imputer_model_fbs/model-0002.params"
2024-03-19 17:19:31,087 [INFO]  Epoch[2] Validation-cross-entropy=0.150185
2024-03-19 17:19:31,087 [INFO]  Epoch[2] Validation-fbs-accuracy=0.000000
2024-03-19 17:19:31,101 [INFO]  Epoch[3] Batch [0-7]	Speed: 13239.82 samples/sec	cross-entropy=0.386514	fbs-accuracy=0.000000
2024-03-19 17:19:31,112 [INFO]  Epoch[3] Train-cross-entropy=0.366054
2024-03-19 17:19:31,112 [INFO]  Epoch[3] Train-fbs-accuracy=0.000000
2024-03-19 17:19:31,112 [INFO]  Epoch[3] Time cost=0.025
2024-03-19 17:19:31,114 [INFO]  Saved checkpoint to "./imputer_model/2_heart/imputer_model_fbs/model-0003.params"
2024-03-19 17:19:31,117 [INFO]  Epoch[3] Validation-cross-entropy=0.159332
2024-03-19 17:19:31,117 [INFO]  Epoch[3] Validation-fbs-accuracy=0.000000
2024-03-19 17:19:31,131 [INFO]  Epoch[4] Batch [0-7]	Speed: 8616.17 samples/sec	cross-entropy=0.198114	fbs-accuracy=0.000000
2024-03-19 17:19:31,149 [INFO]  Epoch[4] Train-cross-entropy=0.248587
2024-03-19 17:19:31,149 [INFO]  Epoch[4] Train-fbs-accuracy=0.000000
2024-03-19 17:19:31,149 [INFO]  Epoch[4] Time cost=0.033
2024-03-19 17:19:31,151 [INFO]  Saved checkpoint to "./imputer_model/2_heart/imputer_model_fbs/model-0004.params"
2024-03-19 17:19:31,152 [INFO]  Epoch[4] Validation-cross-entropy=0.105576
2024-03-19 17:19:31,153 [INFO]  Epoch[4] Validation-fbs-accuracy=0.000000
2024-03-19 17:19:31,153 [INFO]  
========== done (0.12741637229919434 s) fit model
2024-03-19 17:19:34,268 [INFO]  
========== start: fit model
2024-03-19 17:19:34,268 [WARNING]  Already bound, ignoring bind()
2024-03-19 17:19:34,280 [INFO]  Epoch[0] Batch [0-7]	Speed: 13109.03 samples/sec	cross-entropy=9.731360	fbs-accuracy=3.500000
2024-03-19 17:19:34,291 [INFO]  Epoch[0] Train-cross-entropy=2.922151
2024-03-19 17:19:34,291 [INFO]  Epoch[0] Train-fbs-accuracy=4.333333
2024-03-19 17:19:34,291 [INFO]  Epoch[0] Time cost=0.022
2024-03-19 17:19:34,295 [INFO]  Saved checkpoint to "./imputer_model/2_heart/imputer_model_fbs/model-0000.params"
2024-03-19 17:19:34,324 [INFO]  Epoch[0] Validation-cross-entropy=5.445386
2024-03-19 17:19:34,324 [INFO]  Epoch[0] Validation-fbs-accuracy=0.000000
2024-03-19 17:19:34,334 [INFO]  Epoch[1] Batch [0-7]	Speed: 12873.37 samples/sec	cross-entropy=1.056027	fbs-accuracy=3.500000
2024-03-19 17:19:34,341 [INFO]  Epoch[1] Train-cross-entropy=0.680890
2024-03-19 17:19:34,341 [INFO]  Epoch[1] Train-fbs-accuracy=4.333333
2024-03-19 17:19:34,341 [INFO]  Epoch[1] Time cost=0.017
2024-03-19 17:19:34,343 [INFO]  Saved checkpoint to "./imputer_model/2_heart/imputer_model_fbs/model-0001.params"
2024-03-19 17:19:34,344 [INFO]  Epoch[1] Validation-cross-entropy=0.453244
2024-03-19 17:19:34,345 [INFO]  Epoch[1] Validation-fbs-accuracy=0.000000
2024-03-19 17:19:34,354 [INFO]  Epoch[2] Batch [0-7]	Speed: 13899.93 samples/sec	cross-entropy=0.536401	fbs-accuracy=3.500000
2024-03-19 17:19:34,361 [INFO]  Epoch[2] Train-cross-entropy=0.134867
2024-03-19 17:19:34,361 [INFO]  Epoch[2] Train-fbs-accuracy=4.333333
2024-03-19 17:19:34,361 [INFO]  Epoch[2] Time cost=0.016
2024-03-19 17:19:34,363 [INFO]  Saved checkpoint to "./imputer_model/2_heart/imputer_model_fbs/model-0002.params"
2024-03-19 17:19:34,364 [INFO]  Epoch[2] Validation-cross-entropy=1.056807
2024-03-19 17:19:34,364 [INFO]  Epoch[2] Validation-fbs-accuracy=0.000000
2024-03-19 17:19:34,374 [INFO]  Epoch[3] Batch [0-7]	Speed: 13766.73 samples/sec	cross-entropy=0.066490	fbs-accuracy=3.500000
2024-03-19 17:19:34,382 [INFO]  Epoch[3] Train-cross-entropy=0.099601
2024-03-19 17:19:34,382 [INFO]  Epoch[3] Train-fbs-accuracy=4.333333
2024-03-19 17:19:34,382 [INFO]  Epoch[3] Time cost=0.018
2024-03-19 17:19:34,384 [INFO]  Saved checkpoint to "./imputer_model/2_heart/imputer_model_fbs/model-0003.params"
2024-03-19 17:19:34,386 [INFO]  Epoch[3] Validation-cross-entropy=2.282508
2024-03-19 17:19:34,386 [INFO]  Epoch[3] Validation-fbs-accuracy=0.000000
2024-03-19 17:19:34,396 [INFO]  Epoch[4] Batch [0-7]	Speed: 13432.13 samples/sec	cross-entropy=0.049000	fbs-accuracy=3.500000
2024-03-19 17:19:34,407 [INFO]  Epoch[4] Train-cross-entropy=0.028600
2024-03-19 17:19:34,407 [INFO]  Epoch[4] Train-fbs-accuracy=4.333333
2024-03-19 17:19:34,407 [INFO]  Epoch[4] Time cost=0.020
2024-03-19 17:19:34,408 [INFO]  Saved checkpoint to "./imputer_model/2_heart/imputer_model_fbs/model-0004.params"
2024-03-19 17:19:34,409 [INFO]  Epoch[4] Validation-cross-entropy=0.810961
2024-03-19 17:19:34,409 [INFO]  Epoch[4] Validation-fbs-accuracy=0.000000
2024-03-19 17:19:34,409 [INFO]  
========== done (0.14107847213745117 s) fit model
2024-03-19 17:19:39,324 [INFO]  
========== start: fit model
2024-03-19 17:19:39,324 [WARNING]  Already bound, ignoring bind()
2024-03-19 17:19:39,347 [INFO]  Epoch[0] Batch [0-7]	Speed: 8914.40 samples/sec	cross-entropy=15.027898	fbs-accuracy=3.500000
2024-03-19 17:19:39,354 [INFO]  Epoch[0] Train-cross-entropy=3.401492
2024-03-19 17:19:39,354 [INFO]  Epoch[0] Train-fbs-accuracy=3.833333
2024-03-19 17:19:39,354 [INFO]  Epoch[0] Time cost=0.029
2024-03-19 17:19:39,355 [INFO]  Saved checkpoint to "./imputer_model/2_heart/imputer_model_fbs/model-0000.params"
2024-03-19 17:19:39,357 [INFO]  Epoch[0] Validation-cross-entropy=1.553086
2024-03-19 17:19:39,357 [INFO]  Epoch[0] Validation-fbs-accuracy=0.000000
2024-03-19 17:19:39,367 [INFO]  Epoch[1] Batch [0-7]	Speed: 12833.98 samples/sec	cross-entropy=2.030970	fbs-accuracy=3.500000
2024-03-19 17:19:39,374 [INFO]  Epoch[1] Train-cross-entropy=1.320020
2024-03-19 17:19:39,374 [INFO]  Epoch[1] Train-fbs-accuracy=3.833333
2024-03-19 17:19:39,374 [INFO]  Epoch[1] Time cost=0.017
2024-03-19 17:19:39,376 [INFO]  Saved checkpoint to "./imputer_model/2_heart/imputer_model_fbs/model-0001.params"
2024-03-19 17:19:39,376 [INFO]  Epoch[1] Validation-cross-entropy=0.916087
2024-03-19 17:19:39,376 [INFO]  Epoch[1] Validation-fbs-accuracy=0.000000
2024-03-19 17:19:39,382 [INFO]  Epoch[2] Batch [0-7]	Speed: 21390.74 samples/sec	cross-entropy=0.835016	fbs-accuracy=3.500000
2024-03-19 17:19:39,387 [INFO]  Epoch[2] Train-cross-entropy=0.494477
2024-03-19 17:19:39,387 [INFO]  Epoch[2] Train-fbs-accuracy=3.833333
2024-03-19 17:19:39,387 [INFO]  Epoch[2] Time cost=0.011
2024-03-19 17:19:39,388 [INFO]  Saved checkpoint to "./imputer_model/2_heart/imputer_model_fbs/model-0002.params"
2024-03-19 17:19:39,389 [INFO]  Epoch[2] Validation-cross-entropy=0.938945
2024-03-19 17:19:39,389 [INFO]  Epoch[2] Validation-fbs-accuracy=0.000000
2024-03-19 17:19:39,395 [INFO]  Epoch[3] Batch [0-7]	Speed: 21228.35 samples/sec	cross-entropy=0.368376	fbs-accuracy=3.500000
2024-03-19 17:19:39,400 [INFO]  Epoch[3] Train-cross-entropy=0.226534
2024-03-19 17:19:39,400 [INFO]  Epoch[3] Train-fbs-accuracy=3.833333
2024-03-19 17:19:39,400 [INFO]  Epoch[3] Time cost=0.011
2024-03-19 17:19:39,404 [INFO]  Saved checkpoint to "./imputer_model/2_heart/imputer_model_fbs/model-0003.params"
2024-03-19 17:19:39,412 [INFO]  Epoch[3] Validation-cross-entropy=0.383082
2024-03-19 17:19:39,412 [INFO]  Epoch[3] Validation-fbs-accuracy=0.000000
2024-03-19 17:19:39,435 [INFO]  Epoch[4] Batch [0-7]	Speed: 15575.15 samples/sec	cross-entropy=0.279067	fbs-accuracy=3.500000
2024-03-19 17:19:39,439 [INFO]  Epoch[4] Train-cross-entropy=0.164664
2024-03-19 17:19:39,439 [INFO]  Epoch[4] Train-fbs-accuracy=3.833333
2024-03-19 17:19:39,439 [INFO]  Epoch[4] Time cost=0.027
2024-03-19 17:19:39,441 [INFO]  Saved checkpoint to "./imputer_model/2_heart/imputer_model_fbs/model-0004.params"
2024-03-19 17:19:39,441 [INFO]  Epoch[4] Validation-cross-entropy=0.353926
2024-03-19 17:19:39,441 [INFO]  Epoch[4] Validation-fbs-accuracy=0.000000
2024-03-19 17:19:39,441 [INFO]  
========== done (0.11705160140991211 s) fit model
2024-03-19 17:19:42,647 [INFO]  
========== start: fit model
2024-03-19 17:19:42,647 [WARNING]  Already bound, ignoring bind()
2024-03-19 17:19:42,657 [INFO]  Epoch[0] Batch [0-7]	Speed: 18383.83 samples/sec	cross-entropy=12.189238	fbs-accuracy=0.000000
2024-03-19 17:19:42,661 [INFO]  Epoch[0] Train-cross-entropy=5.882889
2024-03-19 17:19:42,661 [INFO]  Epoch[0] Train-fbs-accuracy=0.000000
2024-03-19 17:19:42,661 [INFO]  Epoch[0] Time cost=0.014
2024-03-19 17:19:42,663 [INFO]  Saved checkpoint to "./imputer_model/2_heart/imputer_model_fbs/model-0000.params"
2024-03-19 17:19:42,668 [INFO]  Epoch[0] Validation-cross-entropy=13.235594
2024-03-19 17:19:42,668 [INFO]  Epoch[0] Validation-fbs-accuracy=0.000000
2024-03-19 17:19:42,679 [INFO]  Epoch[1] Batch [0-7]	Speed: 17553.98 samples/sec	cross-entropy=1.240475	fbs-accuracy=0.000000
2024-03-19 17:19:42,686 [INFO]  Epoch[1] Train-cross-entropy=0.725084
2024-03-19 17:19:42,686 [INFO]  Epoch[1] Train-fbs-accuracy=0.000000
2024-03-19 17:19:42,686 [INFO]  Epoch[1] Time cost=0.018
2024-03-19 17:19:42,688 [INFO]  Saved checkpoint to "./imputer_model/2_heart/imputer_model_fbs/model-0001.params"
2024-03-19 17:19:42,689 [INFO]  Epoch[1] Validation-cross-entropy=0.291963
2024-03-19 17:19:42,689 [INFO]  Epoch[1] Validation-fbs-accuracy=0.000000
2024-03-19 17:19:42,698 [INFO]  Epoch[2] Batch [0-7]	Speed: 14614.30 samples/sec	cross-entropy=0.637631	fbs-accuracy=0.000000
2024-03-19 17:19:42,705 [INFO]  Epoch[2] Train-cross-entropy=0.489607
2024-03-19 17:19:42,705 [INFO]  Epoch[2] Train-fbs-accuracy=0.000000
2024-03-19 17:19:42,705 [INFO]  Epoch[2] Time cost=0.016
2024-03-19 17:19:42,706 [INFO]  Saved checkpoint to "./imputer_model/2_heart/imputer_model_fbs/model-0002.params"
2024-03-19 17:19:42,707 [INFO]  Epoch[2] Validation-cross-entropy=0.184919
2024-03-19 17:19:42,707 [INFO]  Epoch[2] Validation-fbs-accuracy=0.000000
2024-03-19 17:19:42,716 [INFO]  Epoch[3] Batch [0-7]	Speed: 14612.48 samples/sec	cross-entropy=0.353829	fbs-accuracy=0.000000
2024-03-19 17:19:42,723 [INFO]  Epoch[3] Train-cross-entropy=0.197293
2024-03-19 17:19:42,723 [INFO]  Epoch[3] Train-fbs-accuracy=0.000000
2024-03-19 17:19:42,723 [INFO]  Epoch[3] Time cost=0.016
2024-03-19 17:19:42,725 [INFO]  Saved checkpoint to "./imputer_model/2_heart/imputer_model_fbs/model-0003.params"
2024-03-19 17:19:42,726 [INFO]  Epoch[3] Validation-cross-entropy=0.672483
2024-03-19 17:19:42,726 [INFO]  Epoch[3] Validation-fbs-accuracy=0.000000
2024-03-19 17:19:42,733 [INFO]  Epoch[4] Batch [0-7]	Speed: 21093.94 samples/sec	cross-entropy=0.210993	fbs-accuracy=0.000000
2024-03-19 17:19:42,736 [INFO]  Epoch[4] Train-cross-entropy=0.149811
2024-03-19 17:19:42,737 [INFO]  Epoch[4] Train-fbs-accuracy=0.000000
2024-03-19 17:19:42,737 [INFO]  Epoch[4] Time cost=0.011
2024-03-19 17:19:42,738 [INFO]  Saved checkpoint to "./imputer_model/2_heart/imputer_model_fbs/model-0004.params"
2024-03-19 17:19:42,739 [INFO]  Epoch[4] Validation-cross-entropy=0.364938
2024-03-19 17:19:42,739 [INFO]  Epoch[4] Validation-fbs-accuracy=0.000000
2024-03-19 17:19:42,739 [INFO]  
========== done (0.09278345108032227 s) fit model
2024-03-19 17:19:44,847 [INFO]  
========== start: fit model
2024-03-19 17:19:44,847 [WARNING]  Already bound, ignoring bind()
2024-03-19 17:19:44,873 [INFO]  Epoch[0] Batch [0-7]	Speed: 8568.86 samples/sec	cross-entropy=2.077375	fbs-accuracy=0.000000
2024-03-19 17:19:44,881 [INFO]  Epoch[0] Train-cross-entropy=1.223772
2024-03-19 17:19:44,882 [INFO]  Epoch[0] Train-fbs-accuracy=0.000000
2024-03-19 17:19:44,882 [INFO]  Epoch[0] Time cost=0.034
2024-03-19 17:19:44,883 [INFO]  Saved checkpoint to "./imputer_model/2_heart/imputer_model_fbs/model-0000.params"
2024-03-19 17:19:44,884 [INFO]  Epoch[0] Validation-cross-entropy=0.327697
2024-03-19 17:19:44,884 [INFO]  Epoch[0] Validation-fbs-accuracy=0.000000
2024-03-19 17:19:44,896 [INFO]  Epoch[1] Batch [0-7]	Speed: 10170.87 samples/sec	cross-entropy=0.235723	fbs-accuracy=0.000000
2024-03-19 17:19:44,905 [INFO]  Epoch[1] Train-cross-entropy=0.320104
2024-03-19 17:19:44,905 [INFO]  Epoch[1] Train-fbs-accuracy=0.000000
2024-03-19 17:19:44,905 [INFO]  Epoch[1] Time cost=0.021
2024-03-19 17:19:44,908 [INFO]  Saved checkpoint to "./imputer_model/2_heart/imputer_model_fbs/model-0001.params"
2024-03-19 17:19:44,909 [INFO]  Epoch[1] Validation-cross-entropy=0.072962
2024-03-19 17:19:44,909 [INFO]  Epoch[1] Validation-fbs-accuracy=0.000000
2024-03-19 17:19:44,920 [INFO]  Epoch[2] Batch [0-7]	Speed: 11410.85 samples/sec	cross-entropy=0.080252	fbs-accuracy=0.000000
2024-03-19 17:19:44,930 [INFO]  Epoch[2] Train-cross-entropy=0.076579
2024-03-19 17:19:44,930 [INFO]  Epoch[2] Train-fbs-accuracy=0.000000
2024-03-19 17:19:44,930 [INFO]  Epoch[2] Time cost=0.021
2024-03-19 17:19:44,933 [INFO]  Saved checkpoint to "./imputer_model/2_heart/imputer_model_fbs/model-0002.params"
2024-03-19 17:19:44,934 [INFO]  Epoch[2] Validation-cross-entropy=0.020377
2024-03-19 17:19:44,934 [INFO]  Epoch[2] Validation-fbs-accuracy=0.000000
2024-03-19 17:19:44,943 [INFO]  Epoch[3] Batch [0-7]	Speed: 15933.32 samples/sec	cross-entropy=0.021050	fbs-accuracy=0.000000
2024-03-19 17:19:44,946 [INFO]  Epoch[3] Train-cross-entropy=0.011693
2024-03-19 17:19:44,946 [INFO]  Epoch[3] Train-fbs-accuracy=0.000000
2024-03-19 17:19:44,946 [INFO]  Epoch[3] Time cost=0.012
2024-03-19 17:19:44,948 [INFO]  Saved checkpoint to "./imputer_model/2_heart/imputer_model_fbs/model-0003.params"
2024-03-19 17:19:44,948 [INFO]  Epoch[3] Validation-cross-entropy=0.003643
2024-03-19 17:19:44,948 [INFO]  Epoch[3] Validation-fbs-accuracy=0.000000
2024-03-19 17:19:44,953 [INFO]  Epoch[4] Batch [0-7]	Speed: 27673.76 samples/sec	cross-entropy=0.004418	fbs-accuracy=0.000000
2024-03-19 17:19:44,957 [INFO]  Epoch[4] Train-cross-entropy=0.001437
2024-03-19 17:19:44,957 [INFO]  Epoch[4] Train-fbs-accuracy=0.000000
2024-03-19 17:19:44,957 [INFO]  Epoch[4] Time cost=0.008
2024-03-19 17:19:44,958 [INFO]  Saved checkpoint to "./imputer_model/2_heart/imputer_model_fbs/model-0004.params"
2024-03-19 17:19:44,959 [INFO]  Epoch[4] Validation-cross-entropy=0.001410
2024-03-19 17:19:44,959 [INFO]  Epoch[4] Validation-fbs-accuracy=0.000000
2024-03-19 17:19:44,959 [INFO]  
========== done (0.1120460033416748 s) fit model
2024-03-19 17:19:49,931 [INFO]  
========== start: fit model
2024-03-19 17:19:49,932 [WARNING]  Already bound, ignoring bind()
2024-03-19 17:19:49,974 [INFO]  Epoch[0] Batch [0-7]	Speed: 2855.14 samples/sec	cross-entropy=11.644608	fbs-accuracy=3.250000
2024-03-19 17:19:49,980 [INFO]  Epoch[0] Train-cross-entropy=3.191405
2024-03-19 17:19:49,980 [INFO]  Epoch[0] Train-fbs-accuracy=4.166667
2024-03-19 17:19:49,980 [INFO]  Epoch[0] Time cost=0.048
2024-03-19 17:19:49,982 [INFO]  Saved checkpoint to "./imputer_model/2_heart/imputer_model_fbs/model-0000.params"
2024-03-19 17:19:49,983 [INFO]  Epoch[0] Validation-cross-entropy=1.161305
2024-03-19 17:19:49,983 [INFO]  Epoch[0] Validation-fbs-accuracy=0.000000
2024-03-19 17:19:49,992 [INFO]  Epoch[1] Batch [0-7]	Speed: 15002.62 samples/sec	cross-entropy=1.722901	fbs-accuracy=3.250000
2024-03-19 17:19:49,998 [INFO]  Epoch[1] Train-cross-entropy=0.882797
2024-03-19 17:19:49,998 [INFO]  Epoch[1] Train-fbs-accuracy=4.166667
2024-03-19 17:19:49,998 [INFO]  Epoch[1] Time cost=0.015
2024-03-19 17:19:50,000 [INFO]  Saved checkpoint to "./imputer_model/2_heart/imputer_model_fbs/model-0001.params"
2024-03-19 17:19:50,001 [INFO]  Epoch[1] Validation-cross-entropy=0.424959
2024-03-19 17:19:50,001 [INFO]  Epoch[1] Validation-fbs-accuracy=0.000000
2024-03-19 17:19:50,031 [INFO]  Epoch[2] Batch [0-7]	Speed: 3891.46 samples/sec	cross-entropy=0.806528	fbs-accuracy=3.250000
2024-03-19 17:19:50,036 [INFO]  Epoch[2] Train-cross-entropy=0.556150
2024-03-19 17:19:50,036 [INFO]  Epoch[2] Train-fbs-accuracy=4.166667
2024-03-19 17:19:50,037 [INFO]  Epoch[2] Time cost=0.036
2024-03-19 17:19:50,038 [INFO]  Saved checkpoint to "./imputer_model/2_heart/imputer_model_fbs/model-0002.params"
2024-03-19 17:19:50,039 [INFO]  Epoch[2] Validation-cross-entropy=0.128358
2024-03-19 17:19:50,039 [INFO]  Epoch[2] Validation-fbs-accuracy=0.000000
2024-03-19 17:19:50,059 [INFO]  Epoch[3] Batch [0-7]	Speed: 5931.56 samples/sec	cross-entropy=0.311930	fbs-accuracy=3.250000
2024-03-19 17:19:50,064 [INFO]  Epoch[3] Train-cross-entropy=0.141825
2024-03-19 17:19:50,064 [INFO]  Epoch[3] Train-fbs-accuracy=4.166667
2024-03-19 17:19:50,064 [INFO]  Epoch[3] Time cost=0.025
2024-03-19 17:19:50,065 [INFO]  Saved checkpoint to "./imputer_model/2_heart/imputer_model_fbs/model-0003.params"
2024-03-19 17:19:50,066 [INFO]  Epoch[3] Validation-cross-entropy=0.119094
2024-03-19 17:19:50,066 [INFO]  Epoch[3] Validation-fbs-accuracy=0.000000
2024-03-19 17:19:50,071 [INFO]  Epoch[4] Batch [0-7]	Speed: 28448.01 samples/sec	cross-entropy=0.199852	fbs-accuracy=3.250000
2024-03-19 17:19:50,091 [INFO]  Epoch[4] Train-cross-entropy=0.074807
2024-03-19 17:19:50,091 [INFO]  Epoch[4] Train-fbs-accuracy=4.166667
2024-03-19 17:19:50,092 [INFO]  Epoch[4] Time cost=0.025
2024-03-19 17:19:50,093 [INFO]  Saved checkpoint to "./imputer_model/2_heart/imputer_model_fbs/model-0004.params"
2024-03-19 17:19:50,101 [INFO]  Epoch[4] Validation-cross-entropy=0.101449
2024-03-19 17:19:50,101 [INFO]  Epoch[4] Validation-fbs-accuracy=0.000000
2024-03-19 17:19:50,101 [INFO]  
========== done (0.16982316970825195 s) fit model
2024-03-19 17:19:53,519 [INFO]  
========== start: fit model
2024-03-19 17:19:53,519 [WARNING]  Already bound, ignoring bind()
2024-03-19 17:19:53,525 [INFO]  Epoch[0] Batch [0-7]	Speed: 28261.46 samples/sec	cross-entropy=14.199637	fbs-accuracy=0.000000
2024-03-19 17:19:53,528 [INFO]  Epoch[0] Train-cross-entropy=13.055880
2024-03-19 17:19:53,528 [INFO]  Epoch[0] Train-fbs-accuracy=0.000000
2024-03-19 17:19:53,528 [INFO]  Epoch[0] Time cost=0.009
2024-03-19 17:19:53,530 [INFO]  Saved checkpoint to "./imputer_model/2_heart/imputer_model_fbs/model-0000.params"
2024-03-19 17:19:53,530 [INFO]  Epoch[0] Validation-cross-entropy=18.090626
2024-03-19 17:19:53,530 [INFO]  Epoch[0] Validation-fbs-accuracy=0.000000
2024-03-19 17:19:53,535 [INFO]  Epoch[1] Batch [0-7]	Speed: 27052.23 samples/sec	cross-entropy=3.071368	fbs-accuracy=0.000000
2024-03-19 17:19:53,555 [INFO]  Epoch[1] Train-cross-entropy=1.769517
2024-03-19 17:19:53,555 [INFO]  Epoch[1] Train-fbs-accuracy=0.000000
2024-03-19 17:19:53,555 [INFO]  Epoch[1] Time cost=0.024
2024-03-19 17:19:53,556 [INFO]  Saved checkpoint to "./imputer_model/2_heart/imputer_model_fbs/model-0001.params"
2024-03-19 17:19:53,561 [INFO]  Epoch[1] Validation-cross-entropy=0.918692
2024-03-19 17:19:53,561 [INFO]  Epoch[1] Validation-fbs-accuracy=0.000000
2024-03-19 17:19:53,572 [INFO]  Epoch[2] Batch [0-7]	Speed: 19737.90 samples/sec	cross-entropy=0.704652	fbs-accuracy=0.000000
2024-03-19 17:19:53,575 [INFO]  Epoch[2] Train-cross-entropy=0.698187
2024-03-19 17:19:53,575 [INFO]  Epoch[2] Train-fbs-accuracy=0.000000
2024-03-19 17:19:53,575 [INFO]  Epoch[2] Time cost=0.014
2024-03-19 17:19:53,577 [INFO]  Saved checkpoint to "./imputer_model/2_heart/imputer_model_fbs/model-0002.params"
2024-03-19 17:19:53,577 [INFO]  Epoch[2] Validation-cross-entropy=0.418464
2024-03-19 17:19:53,577 [INFO]  Epoch[2] Validation-fbs-accuracy=0.000000
2024-03-19 17:19:53,582 [INFO]  Epoch[3] Batch [0-7]	Speed: 28121.04 samples/sec	cross-entropy=0.569199	fbs-accuracy=0.000000
2024-03-19 17:19:53,586 [INFO]  Epoch[3] Train-cross-entropy=0.445703
2024-03-19 17:19:53,586 [INFO]  Epoch[3] Train-fbs-accuracy=0.000000
2024-03-19 17:19:53,586 [INFO]  Epoch[3] Time cost=0.008
2024-03-19 17:19:53,587 [INFO]  Saved checkpoint to "./imputer_model/2_heart/imputer_model_fbs/model-0003.params"
2024-03-19 17:19:53,588 [INFO]  Epoch[3] Validation-cross-entropy=0.178427
2024-03-19 17:19:53,588 [INFO]  Epoch[3] Validation-fbs-accuracy=0.000000
2024-03-19 17:19:53,592 [INFO]  Epoch[4] Batch [0-7]	Speed: 28403.29 samples/sec	cross-entropy=0.312778	fbs-accuracy=0.000000
2024-03-19 17:19:53,596 [INFO]  Epoch[4] Train-cross-entropy=0.190813
2024-03-19 17:19:53,596 [INFO]  Epoch[4] Train-fbs-accuracy=0.000000
2024-03-19 17:19:53,596 [INFO]  Epoch[4] Time cost=0.008
2024-03-19 17:19:53,597 [INFO]  Saved checkpoint to "./imputer_model/2_heart/imputer_model_fbs/model-0004.params"
2024-03-19 17:19:53,598 [INFO]  Epoch[4] Validation-cross-entropy=0.205047
2024-03-19 17:19:53,598 [INFO]  Epoch[4] Validation-fbs-accuracy=0.000000
2024-03-19 17:19:53,598 [INFO]  
========== done (0.07933545112609863 s) fit model
2024-03-19 17:19:55,449 [INFO]  
========== start: fit model
2024-03-19 17:19:55,449 [WARNING]  Already bound, ignoring bind()
2024-03-19 17:19:55,456 [INFO]  Epoch[0] Batch [0-7]	Speed: 20332.50 samples/sec	cross-entropy=11.890217	fbs-accuracy=0.000000
2024-03-19 17:19:55,467 [INFO]  Epoch[0] Train-cross-entropy=3.604341
2024-03-19 17:19:55,467 [INFO]  Epoch[0] Train-fbs-accuracy=0.000000
2024-03-19 17:19:55,467 [INFO]  Epoch[0] Time cost=0.017
2024-03-19 17:19:55,471 [INFO]  Saved checkpoint to "./imputer_model/2_heart/imputer_model_fbs/model-0000.params"
2024-03-19 17:19:55,473 [INFO]  Epoch[0] Validation-cross-entropy=1.464088
2024-03-19 17:19:55,473 [INFO]  Epoch[0] Validation-fbs-accuracy=0.000000
2024-03-19 17:19:55,482 [INFO]  Epoch[1] Batch [0-7]	Speed: 14234.35 samples/sec	cross-entropy=0.521666	fbs-accuracy=0.000000
2024-03-19 17:19:55,487 [INFO]  Epoch[1] Train-cross-entropy=0.550752
2024-03-19 17:19:55,487 [INFO]  Epoch[1] Train-fbs-accuracy=0.000000
2024-03-19 17:19:55,487 [INFO]  Epoch[1] Time cost=0.014
2024-03-19 17:19:55,489 [INFO]  Saved checkpoint to "./imputer_model/2_heart/imputer_model_fbs/model-0001.params"
2024-03-19 17:19:55,490 [INFO]  Epoch[1] Validation-cross-entropy=0.453706
2024-03-19 17:19:55,490 [INFO]  Epoch[1] Validation-fbs-accuracy=0.000000
2024-03-19 17:19:55,496 [INFO]  Epoch[2] Batch [0-7]	Speed: 23032.07 samples/sec	cross-entropy=0.657591	fbs-accuracy=0.000000
2024-03-19 17:19:55,500 [INFO]  Epoch[2] Train-cross-entropy=0.230483
2024-03-19 17:19:55,500 [INFO]  Epoch[2] Train-fbs-accuracy=0.000000
2024-03-19 17:19:55,500 [INFO]  Epoch[2] Time cost=0.010
2024-03-19 17:19:55,501 [INFO]  Saved checkpoint to "./imputer_model/2_heart/imputer_model_fbs/model-0002.params"
2024-03-19 17:19:55,502 [INFO]  Epoch[2] Validation-cross-entropy=0.119053
2024-03-19 17:19:55,502 [INFO]  Epoch[2] Validation-fbs-accuracy=0.000000
2024-03-19 17:19:55,507 [INFO]  Epoch[3] Batch [0-7]	Speed: 25193.72 samples/sec	cross-entropy=0.122870	fbs-accuracy=0.000000
2024-03-19 17:19:55,511 [INFO]  Epoch[3] Train-cross-entropy=0.166761
2024-03-19 17:19:55,511 [INFO]  Epoch[3] Train-fbs-accuracy=0.000000
2024-03-19 17:19:55,511 [INFO]  Epoch[3] Time cost=0.009
2024-03-19 17:19:55,512 [INFO]  Saved checkpoint to "./imputer_model/2_heart/imputer_model_fbs/model-0003.params"
2024-03-19 17:19:55,513 [INFO]  Epoch[3] Validation-cross-entropy=0.052883
2024-03-19 17:19:55,513 [INFO]  Epoch[3] Validation-fbs-accuracy=0.000000
2024-03-19 17:19:55,518 [INFO]  Epoch[4] Batch [0-7]	Speed: 24917.10 samples/sec	cross-entropy=0.068807	fbs-accuracy=0.000000
2024-03-19 17:19:55,522 [INFO]  Epoch[4] Train-cross-entropy=0.040508
2024-03-19 17:19:55,522 [INFO]  Epoch[4] Train-fbs-accuracy=0.000000
2024-03-19 17:19:55,522 [INFO]  Epoch[4] Time cost=0.009
2024-03-19 17:19:55,524 [INFO]  Saved checkpoint to "./imputer_model/2_heart/imputer_model_fbs/model-0004.params"
2024-03-19 17:19:55,524 [INFO]  Epoch[4] Validation-cross-entropy=0.020113
2024-03-19 17:19:55,524 [INFO]  Epoch[4] Validation-fbs-accuracy=0.000000
2024-03-19 17:19:55,524 [INFO]  
========== done (0.07571601867675781 s) fit model
