2024-04-11 17:33:07,703 [INFO]  
========== start: fit model
2024-04-11 17:33:07,703 [WARNING]  Already bound, ignoring bind()
2024-04-11 17:33:07,717 [INFO]  Epoch[0] Batch [0-18]	Speed: 25345.89 samples/sec	cross-entropy=7.952267	CONTROL_RISK-accuracy=3.473684
2024-04-11 17:33:07,727 [INFO]  Epoch[0] Train-cross-entropy=3.576327
2024-04-11 17:33:07,727 [INFO]  Epoch[0] Train-CONTROL_RISK-accuracy=3.187500
2024-04-11 17:33:07,727 [INFO]  Epoch[0] Time cost=0.022
2024-04-11 17:33:07,728 [INFO]  Saved checkpoint to "./imputer_model/32_audit/imputer_model_CONTROL_RISK/model-0000.params"
2024-04-11 17:33:07,729 [INFO]  Epoch[0] Validation-cross-entropy=2.188585
2024-04-11 17:33:07,729 [INFO]  Epoch[0] Validation-CONTROL_RISK-accuracy=0.000000
2024-04-11 17:33:07,740 [INFO]  Epoch[1] Batch [0-18]	Speed: 28149.69 samples/sec	cross-entropy=2.121907	CONTROL_RISK-accuracy=3.473684
2024-04-11 17:33:07,750 [INFO]  Epoch[1] Train-cross-entropy=1.387381
2024-04-11 17:33:07,750 [INFO]  Epoch[1] Train-CONTROL_RISK-accuracy=3.187500
2024-04-11 17:33:07,750 [INFO]  Epoch[1] Time cost=0.020
2024-04-11 17:33:07,751 [INFO]  Saved checkpoint to "./imputer_model/32_audit/imputer_model_CONTROL_RISK/model-0001.params"
2024-04-11 17:33:07,752 [INFO]  Epoch[1] Validation-cross-entropy=2.445067
2024-04-11 17:33:07,752 [INFO]  Epoch[1] Validation-CONTROL_RISK-accuracy=0.000000
2024-04-11 17:33:07,764 [INFO]  Epoch[2] Batch [0-18]	Speed: 26474.67 samples/sec	cross-entropy=1.351485	CONTROL_RISK-accuracy=3.473684
2024-04-11 17:33:07,774 [INFO]  Epoch[2] Train-cross-entropy=0.782652
2024-04-11 17:33:07,774 [INFO]  Epoch[2] Train-CONTROL_RISK-accuracy=3.187500
2024-04-11 17:33:07,774 [INFO]  Epoch[2] Time cost=0.021
2024-04-11 17:33:07,775 [INFO]  Saved checkpoint to "./imputer_model/32_audit/imputer_model_CONTROL_RISK/model-0002.params"
2024-04-11 17:33:07,776 [INFO]  Epoch[2] Validation-cross-entropy=1.269482
2024-04-11 17:33:07,776 [INFO]  Epoch[2] Validation-CONTROL_RISK-accuracy=0.000000
2024-04-11 17:33:07,787 [INFO]  Epoch[3] Batch [0-18]	Speed: 28464.77 samples/sec	cross-entropy=0.862094	CONTROL_RISK-accuracy=3.473684
2024-04-11 17:33:07,796 [INFO]  Epoch[3] Train-cross-entropy=0.494248
2024-04-11 17:33:07,797 [INFO]  Epoch[3] Train-CONTROL_RISK-accuracy=3.187500
2024-04-11 17:33:07,797 [INFO]  Epoch[3] Time cost=0.020
2024-04-11 17:33:07,798 [INFO]  Saved checkpoint to "./imputer_model/32_audit/imputer_model_CONTROL_RISK/model-0003.params"
2024-04-11 17:33:07,799 [INFO]  Epoch[3] Validation-cross-entropy=1.244745
2024-04-11 17:33:07,799 [INFO]  Epoch[3] Validation-CONTROL_RISK-accuracy=0.000000
2024-04-11 17:33:07,811 [INFO]  Epoch[4] Batch [0-18]	Speed: 26297.15 samples/sec	cross-entropy=0.949116	CONTROL_RISK-accuracy=3.473684
2024-04-11 17:33:07,821 [INFO]  Epoch[4] Train-cross-entropy=0.472733
2024-04-11 17:33:07,821 [INFO]  Epoch[4] Train-CONTROL_RISK-accuracy=3.187500
2024-04-11 17:33:07,821 [INFO]  Epoch[4] Time cost=0.022
2024-04-11 17:33:07,823 [INFO]  Saved checkpoint to "./imputer_model/32_audit/imputer_model_CONTROL_RISK/model-0004.params"
2024-04-11 17:33:07,824 [INFO]  Epoch[4] Validation-cross-entropy=0.595627
2024-04-11 17:33:07,824 [INFO]  Epoch[4] Validation-CONTROL_RISK-accuracy=0.000000
2024-04-11 17:33:07,824 [INFO]  
========== done (0.12068843841552734 s) fit model
2024-04-11 17:33:15,354 [INFO]  
========== start: fit model
2024-04-11 17:33:15,354 [WARNING]  Already bound, ignoring bind()
2024-04-11 17:33:15,372 [INFO]  Epoch[0] Batch [0-18]	Speed: 19931.02 samples/sec	cross-entropy=21.218122	CONTROL_RISK-accuracy=3.473684
2024-04-11 17:33:15,385 [INFO]  Epoch[0] Train-cross-entropy=5.402748
2024-04-11 17:33:15,385 [INFO]  Epoch[0] Train-CONTROL_RISK-accuracy=3.937500
2024-04-11 17:33:15,385 [INFO]  Epoch[0] Time cost=0.030
2024-04-11 17:33:15,387 [INFO]  Saved checkpoint to "./imputer_model/32_audit/imputer_model_CONTROL_RISK/model-0000.params"
2024-04-11 17:33:15,388 [INFO]  Epoch[0] Validation-cross-entropy=16.974388
2024-04-11 17:33:15,389 [INFO]  Epoch[0] Validation-CONTROL_RISK-accuracy=0.000000
2024-04-11 17:33:15,403 [INFO]  Epoch[1] Batch [0-18]	Speed: 21185.58 samples/sec	cross-entropy=5.039279	CONTROL_RISK-accuracy=3.473684
2024-04-11 17:33:15,415 [INFO]  Epoch[1] Train-cross-entropy=3.137372
2024-04-11 17:33:15,415 [INFO]  Epoch[1] Train-CONTROL_RISK-accuracy=3.937500
2024-04-11 17:33:15,415 [INFO]  Epoch[1] Time cost=0.027
2024-04-11 17:33:15,417 [INFO]  Saved checkpoint to "./imputer_model/32_audit/imputer_model_CONTROL_RISK/model-0001.params"
2024-04-11 17:33:15,419 [INFO]  Epoch[1] Validation-cross-entropy=7.992253
2024-04-11 17:33:15,419 [INFO]  Epoch[1] Validation-CONTROL_RISK-accuracy=0.000000
2024-04-11 17:33:15,433 [INFO]  Epoch[2] Batch [0-18]	Speed: 21078.74 samples/sec	cross-entropy=2.757897	CONTROL_RISK-accuracy=3.473684
2024-04-11 17:33:15,446 [INFO]  Epoch[2] Train-cross-entropy=1.445527
2024-04-11 17:33:15,446 [INFO]  Epoch[2] Train-CONTROL_RISK-accuracy=3.937500
2024-04-11 17:33:15,446 [INFO]  Epoch[2] Time cost=0.027
2024-04-11 17:33:15,447 [INFO]  Saved checkpoint to "./imputer_model/32_audit/imputer_model_CONTROL_RISK/model-0002.params"
2024-04-11 17:33:15,449 [INFO]  Epoch[2] Validation-cross-entropy=8.263881
2024-04-11 17:33:15,449 [INFO]  Epoch[2] Validation-CONTROL_RISK-accuracy=0.000000
2024-04-11 17:33:15,464 [INFO]  Epoch[3] Batch [0-18]	Speed: 21014.21 samples/sec	cross-entropy=1.600718	CONTROL_RISK-accuracy=3.473684
2024-04-11 17:33:15,476 [INFO]  Epoch[3] Train-cross-entropy=0.922979
2024-04-11 17:33:15,476 [INFO]  Epoch[3] Train-CONTROL_RISK-accuracy=3.937500
2024-04-11 17:33:15,476 [INFO]  Epoch[3] Time cost=0.027
2024-04-11 17:33:15,478 [INFO]  Saved checkpoint to "./imputer_model/32_audit/imputer_model_CONTROL_RISK/model-0003.params"
2024-04-11 17:33:15,480 [INFO]  Epoch[3] Validation-cross-entropy=3.335132
2024-04-11 17:33:15,480 [INFO]  Epoch[3] Validation-CONTROL_RISK-accuracy=0.000000
2024-04-11 17:33:15,494 [INFO]  Epoch[4] Batch [0-18]	Speed: 21161.46 samples/sec	cross-entropy=1.226469	CONTROL_RISK-accuracy=3.473684
2024-04-11 17:33:15,507 [INFO]  Epoch[4] Train-cross-entropy=0.575003
2024-04-11 17:33:15,507 [INFO]  Epoch[4] Train-CONTROL_RISK-accuracy=3.937500
2024-04-11 17:33:15,507 [INFO]  Epoch[4] Time cost=0.027
2024-04-11 17:33:15,509 [INFO]  Saved checkpoint to "./imputer_model/32_audit/imputer_model_CONTROL_RISK/model-0004.params"
2024-04-11 17:33:15,510 [INFO]  Epoch[4] Validation-cross-entropy=6.796663
2024-04-11 17:33:15,511 [INFO]  Epoch[4] Validation-CONTROL_RISK-accuracy=0.000000
2024-04-11 17:33:15,511 [INFO]  
========== done (0.15669512748718262 s) fit model
2024-04-11 17:33:22,665 [INFO]  
========== start: fit model
2024-04-11 17:33:22,665 [WARNING]  Already bound, ignoring bind()
2024-04-11 17:33:22,688 [INFO]  Epoch[0] Batch [0-18]	Speed: 14172.94 samples/sec	cross-entropy=15.295343	CONTROL_RISK-accuracy=2.947368
2024-04-11 17:33:22,698 [INFO]  Epoch[0] Train-cross-entropy=5.075834
2024-04-11 17:33:22,698 [INFO]  Epoch[0] Train-CONTROL_RISK-accuracy=3.937500
2024-04-11 17:33:22,698 [INFO]  Epoch[0] Time cost=0.032
2024-04-11 17:33:22,700 [INFO]  Saved checkpoint to "./imputer_model/32_audit/imputer_model_CONTROL_RISK/model-0000.params"
2024-04-11 17:33:22,702 [INFO]  Epoch[0] Validation-cross-entropy=3.342643
2024-04-11 17:33:22,702 [INFO]  Epoch[0] Validation-CONTROL_RISK-accuracy=0.000000
2024-04-11 17:33:22,719 [INFO]  Epoch[1] Batch [0-18]	Speed: 19069.83 samples/sec	cross-entropy=2.046795	CONTROL_RISK-accuracy=2.947368
2024-04-11 17:33:22,728 [INFO]  Epoch[1] Train-cross-entropy=1.378814
2024-04-11 17:33:22,728 [INFO]  Epoch[1] Train-CONTROL_RISK-accuracy=3.937500
2024-04-11 17:33:22,728 [INFO]  Epoch[1] Time cost=0.026
2024-04-11 17:33:22,731 [INFO]  Saved checkpoint to "./imputer_model/32_audit/imputer_model_CONTROL_RISK/model-0001.params"
2024-04-11 17:33:22,733 [INFO]  Epoch[1] Validation-cross-entropy=1.147987
2024-04-11 17:33:22,733 [INFO]  Epoch[1] Validation-CONTROL_RISK-accuracy=0.000000
2024-04-11 17:33:22,744 [INFO]  Epoch[2] Batch [0-18]	Speed: 28315.98 samples/sec	cross-entropy=1.118459	CONTROL_RISK-accuracy=2.947368
2024-04-11 17:33:22,753 [INFO]  Epoch[2] Train-cross-entropy=0.871807
2024-04-11 17:33:22,753 [INFO]  Epoch[2] Train-CONTROL_RISK-accuracy=3.937500
2024-04-11 17:33:22,753 [INFO]  Epoch[2] Time cost=0.020
2024-04-11 17:33:22,755 [INFO]  Saved checkpoint to "./imputer_model/32_audit/imputer_model_CONTROL_RISK/model-0002.params"
2024-04-11 17:33:22,756 [INFO]  Epoch[2] Validation-cross-entropy=0.681552
2024-04-11 17:33:22,756 [INFO]  Epoch[2] Validation-CONTROL_RISK-accuracy=0.000000
2024-04-11 17:33:22,768 [INFO]  Epoch[3] Batch [0-18]	Speed: 25217.84 samples/sec	cross-entropy=0.615271	CONTROL_RISK-accuracy=2.947368
2024-04-11 17:33:22,778 [INFO]  Epoch[3] Train-cross-entropy=0.415814
2024-04-11 17:33:22,778 [INFO]  Epoch[3] Train-CONTROL_RISK-accuracy=3.937500
2024-04-11 17:33:22,778 [INFO]  Epoch[3] Time cost=0.022
2024-04-11 17:33:22,779 [INFO]  Saved checkpoint to "./imputer_model/32_audit/imputer_model_CONTROL_RISK/model-0003.params"
2024-04-11 17:33:22,781 [INFO]  Epoch[3] Validation-cross-entropy=0.369953
2024-04-11 17:33:22,781 [INFO]  Epoch[3] Validation-CONTROL_RISK-accuracy=0.000000
2024-04-11 17:33:22,792 [INFO]  Epoch[4] Batch [0-18]	Speed: 27763.44 samples/sec	cross-entropy=0.333920	CONTROL_RISK-accuracy=2.947368
2024-04-11 17:33:22,801 [INFO]  Epoch[4] Train-cross-entropy=0.231185
2024-04-11 17:33:22,801 [INFO]  Epoch[4] Train-CONTROL_RISK-accuracy=3.937500
2024-04-11 17:33:22,801 [INFO]  Epoch[4] Time cost=0.021
2024-04-11 17:33:22,803 [INFO]  Saved checkpoint to "./imputer_model/32_audit/imputer_model_CONTROL_RISK/model-0004.params"
2024-04-11 17:33:22,805 [INFO]  Epoch[4] Validation-cross-entropy=0.226286
2024-04-11 17:33:22,805 [INFO]  Epoch[4] Validation-CONTROL_RISK-accuracy=0.000000
2024-04-11 17:33:22,805 [INFO]  
========== done (0.1398000717163086 s) fit model
2024-04-11 17:33:30,055 [INFO]  
========== start: fit model
2024-04-11 17:33:30,055 [WARNING]  Already bound, ignoring bind()
2024-04-11 17:33:30,071 [INFO]  Epoch[0] Batch [0-18]	Speed: 20951.15 samples/sec	cross-entropy=5.069770	CONTROL_RISK-accuracy=3.631579
2024-04-11 17:33:30,089 [INFO]  Epoch[0] Train-cross-entropy=2.873181
2024-04-11 17:33:30,089 [INFO]  Epoch[0] Train-CONTROL_RISK-accuracy=3.187500
2024-04-11 17:33:30,089 [INFO]  Epoch[0] Time cost=0.033
2024-04-11 17:33:30,091 [INFO]  Saved checkpoint to "./imputer_model/32_audit/imputer_model_CONTROL_RISK/model-0000.params"
2024-04-11 17:33:30,093 [INFO]  Epoch[0] Validation-cross-entropy=0.786664
2024-04-11 17:33:30,093 [INFO]  Epoch[0] Validation-CONTROL_RISK-accuracy=0.000000
2024-04-11 17:33:30,108 [INFO]  Epoch[1] Batch [0-18]	Speed: 20595.72 samples/sec	cross-entropy=1.880725	CONTROL_RISK-accuracy=3.631579
2024-04-11 17:33:30,120 [INFO]  Epoch[1] Train-cross-entropy=1.448252
2024-04-11 17:33:30,121 [INFO]  Epoch[1] Train-CONTROL_RISK-accuracy=3.187500
2024-04-11 17:33:30,121 [INFO]  Epoch[1] Time cost=0.027
2024-04-11 17:33:30,122 [INFO]  Saved checkpoint to "./imputer_model/32_audit/imputer_model_CONTROL_RISK/model-0001.params"
2024-04-11 17:33:30,124 [INFO]  Epoch[1] Validation-cross-entropy=0.672964
2024-04-11 17:33:30,125 [INFO]  Epoch[1] Validation-CONTROL_RISK-accuracy=0.000000
2024-04-11 17:33:30,151 [INFO]  Epoch[2] Batch [0-18]	Speed: 12008.62 samples/sec	cross-entropy=0.638316	CONTROL_RISK-accuracy=3.631579
2024-04-11 17:33:30,163 [INFO]  Epoch[2] Train-cross-entropy=0.734081
2024-04-11 17:33:30,163 [INFO]  Epoch[2] Train-CONTROL_RISK-accuracy=3.187500
2024-04-11 17:33:30,163 [INFO]  Epoch[2] Time cost=0.038
2024-04-11 17:33:30,164 [INFO]  Saved checkpoint to "./imputer_model/32_audit/imputer_model_CONTROL_RISK/model-0002.params"
2024-04-11 17:33:30,166 [INFO]  Epoch[2] Validation-cross-entropy=0.224891
2024-04-11 17:33:30,166 [INFO]  Epoch[2] Validation-CONTROL_RISK-accuracy=0.000000
2024-04-11 17:33:30,176 [INFO]  Epoch[3] Batch [0-18]	Speed: 28632.10 samples/sec	cross-entropy=0.396744	CONTROL_RISK-accuracy=3.631579
2024-04-11 17:33:30,186 [INFO]  Epoch[3] Train-cross-entropy=1.149506
2024-04-11 17:33:30,186 [INFO]  Epoch[3] Train-CONTROL_RISK-accuracy=3.187500
2024-04-11 17:33:30,186 [INFO]  Epoch[3] Time cost=0.020
2024-04-11 17:33:30,187 [INFO]  Saved checkpoint to "./imputer_model/32_audit/imputer_model_CONTROL_RISK/model-0003.params"
2024-04-11 17:33:30,189 [INFO]  Epoch[3] Validation-cross-entropy=0.264219
2024-04-11 17:33:30,189 [INFO]  Epoch[3] Validation-CONTROL_RISK-accuracy=0.000000
2024-04-11 17:33:30,200 [INFO]  Epoch[4] Batch [0-18]	Speed: 28417.90 samples/sec	cross-entropy=0.697063	CONTROL_RISK-accuracy=3.631579
2024-04-11 17:33:30,209 [INFO]  Epoch[4] Train-cross-entropy=0.868992
2024-04-11 17:33:30,209 [INFO]  Epoch[4] Train-CONTROL_RISK-accuracy=3.187500
2024-04-11 17:33:30,209 [INFO]  Epoch[4] Time cost=0.020
2024-04-11 17:33:30,210 [INFO]  Saved checkpoint to "./imputer_model/32_audit/imputer_model_CONTROL_RISK/model-0004.params"
2024-04-11 17:33:30,212 [INFO]  Epoch[4] Validation-cross-entropy=0.772674
2024-04-11 17:33:30,212 [INFO]  Epoch[4] Validation-CONTROL_RISK-accuracy=0.000000
2024-04-11 17:33:30,212 [INFO]  
========== done (0.1571519374847412 s) fit model
2024-04-11 17:33:38,031 [INFO]  
========== start: fit model
2024-04-11 17:33:38,031 [WARNING]  Already bound, ignoring bind()
2024-04-11 17:33:38,045 [INFO]  Epoch[0] Batch [0-18]	Speed: 24390.90 samples/sec	cross-entropy=9.613523	CONTROL_RISK-accuracy=0.000000
2024-04-11 17:33:38,056 [INFO]  Epoch[0] Train-cross-entropy=7.851900
2024-04-11 17:33:38,056 [INFO]  Epoch[0] Train-CONTROL_RISK-accuracy=0.000000
2024-04-11 17:33:38,056 [INFO]  Epoch[0] Time cost=0.023
2024-04-11 17:33:38,057 [INFO]  Saved checkpoint to "./imputer_model/32_audit/imputer_model_CONTROL_RISK/model-0000.params"
2024-04-11 17:33:38,059 [INFO]  Epoch[0] Validation-cross-entropy=4.224720
2024-04-11 17:33:38,059 [INFO]  Epoch[0] Validation-CONTROL_RISK-accuracy=0.000000
2024-04-11 17:33:38,071 [INFO]  Epoch[1] Batch [0-18]	Speed: 26062.82 samples/sec	cross-entropy=3.597394	CONTROL_RISK-accuracy=0.000000
2024-04-11 17:33:38,081 [INFO]  Epoch[1] Train-cross-entropy=1.470302
2024-04-11 17:33:38,081 [INFO]  Epoch[1] Train-CONTROL_RISK-accuracy=0.000000
2024-04-11 17:33:38,081 [INFO]  Epoch[1] Time cost=0.023
2024-04-11 17:33:38,083 [INFO]  Saved checkpoint to "./imputer_model/32_audit/imputer_model_CONTROL_RISK/model-0001.params"
2024-04-11 17:33:38,085 [INFO]  Epoch[1] Validation-cross-entropy=3.785396
2024-04-11 17:33:38,085 [INFO]  Epoch[1] Validation-CONTROL_RISK-accuracy=0.000000
2024-04-11 17:33:38,100 [INFO]  Epoch[2] Batch [0-18]	Speed: 20401.97 samples/sec	cross-entropy=1.669622	CONTROL_RISK-accuracy=0.000000
2024-04-11 17:33:38,113 [INFO]  Epoch[2] Train-cross-entropy=0.644065
2024-04-11 17:33:38,113 [INFO]  Epoch[2] Train-CONTROL_RISK-accuracy=0.000000
2024-04-11 17:33:38,113 [INFO]  Epoch[2] Time cost=0.028
2024-04-11 17:33:38,115 [INFO]  Saved checkpoint to "./imputer_model/32_audit/imputer_model_CONTROL_RISK/model-0002.params"
2024-04-11 17:33:38,117 [INFO]  Epoch[2] Validation-cross-entropy=2.221646
2024-04-11 17:33:38,117 [INFO]  Epoch[2] Validation-CONTROL_RISK-accuracy=0.000000
2024-04-11 17:33:38,131 [INFO]  Epoch[3] Batch [0-18]	Speed: 20683.53 samples/sec	cross-entropy=1.704570	CONTROL_RISK-accuracy=0.000000
2024-04-11 17:33:38,144 [INFO]  Epoch[3] Train-cross-entropy=0.551571
2024-04-11 17:33:38,144 [INFO]  Epoch[3] Train-CONTROL_RISK-accuracy=0.000000
2024-04-11 17:33:38,145 [INFO]  Epoch[3] Time cost=0.028
2024-04-11 17:33:38,146 [INFO]  Saved checkpoint to "./imputer_model/32_audit/imputer_model_CONTROL_RISK/model-0003.params"
2024-04-11 17:33:38,148 [INFO]  Epoch[3] Validation-cross-entropy=3.534481
2024-04-11 17:33:38,148 [INFO]  Epoch[3] Validation-CONTROL_RISK-accuracy=0.000000
2024-04-11 17:33:38,163 [INFO]  Epoch[4] Batch [0-18]	Speed: 20407.14 samples/sec	cross-entropy=1.617881	CONTROL_RISK-accuracy=0.000000
2024-04-11 17:33:38,187 [INFO]  Epoch[4] Train-cross-entropy=0.402208
2024-04-11 17:33:38,188 [INFO]  Epoch[4] Train-CONTROL_RISK-accuracy=0.000000
2024-04-11 17:33:38,188 [INFO]  Epoch[4] Time cost=0.039
2024-04-11 17:33:38,189 [INFO]  Saved checkpoint to "./imputer_model/32_audit/imputer_model_CONTROL_RISK/model-0004.params"
2024-04-11 17:33:38,191 [INFO]  Epoch[4] Validation-cross-entropy=2.605277
2024-04-11 17:33:38,191 [INFO]  Epoch[4] Validation-CONTROL_RISK-accuracy=0.000000
2024-04-11 17:33:38,191 [INFO]  
========== done (0.15992355346679688 s) fit model
2024-04-11 17:33:54,649 [INFO]  
========== start: fit model
2024-04-11 17:33:54,649 [WARNING]  Already bound, ignoring bind()
2024-04-11 17:33:54,664 [INFO]  Epoch[0] Batch [0-18]	Speed: 21907.53 samples/sec	cross-entropy=10.106466	CONTROL_RISK-accuracy=3.684211
2024-04-11 17:33:54,688 [INFO]  Epoch[0] Train-cross-entropy=5.214432
2024-04-11 17:33:54,688 [INFO]  Epoch[0] Train-CONTROL_RISK-accuracy=3.125000
2024-04-11 17:33:54,688 [INFO]  Epoch[0] Time cost=0.038
2024-04-11 17:33:54,690 [INFO]  Saved checkpoint to "./imputer_model/32_audit/imputer_model_CONTROL_RISK/model-0000.params"
2024-04-11 17:33:54,692 [INFO]  Epoch[0] Validation-cross-entropy=2.956959
2024-04-11 17:33:54,692 [INFO]  Epoch[0] Validation-CONTROL_RISK-accuracy=0.000000
2024-04-11 17:33:54,722 [INFO]  Epoch[1] Batch [0-18]	Speed: 9997.60 samples/sec	cross-entropy=3.145674	CONTROL_RISK-accuracy=3.684211
2024-04-11 17:33:54,737 [INFO]  Epoch[1] Train-cross-entropy=1.862150
2024-04-11 17:33:54,737 [INFO]  Epoch[1] Train-CONTROL_RISK-accuracy=3.125000
2024-04-11 17:33:54,737 [INFO]  Epoch[1] Time cost=0.045
2024-04-11 17:33:54,739 [INFO]  Saved checkpoint to "./imputer_model/32_audit/imputer_model_CONTROL_RISK/model-0001.params"
2024-04-11 17:33:54,761 [INFO]  Epoch[1] Validation-cross-entropy=0.514456
2024-04-11 17:33:54,761 [INFO]  Epoch[1] Validation-CONTROL_RISK-accuracy=0.000000
2024-04-11 17:33:54,776 [INFO]  Epoch[2] Batch [0-18]	Speed: 21057.06 samples/sec	cross-entropy=0.811723	CONTROL_RISK-accuracy=3.684211
2024-04-11 17:33:54,810 [INFO]  Epoch[2] Train-cross-entropy=0.445048
2024-04-11 17:33:54,810 [INFO]  Epoch[2] Train-CONTROL_RISK-accuracy=3.125000
2024-04-11 17:33:54,810 [INFO]  Epoch[2] Time cost=0.049
2024-04-11 17:33:54,812 [INFO]  Saved checkpoint to "./imputer_model/32_audit/imputer_model_CONTROL_RISK/model-0002.params"
2024-04-11 17:33:54,813 [INFO]  Epoch[2] Validation-cross-entropy=0.268687
2024-04-11 17:33:54,813 [INFO]  Epoch[2] Validation-CONTROL_RISK-accuracy=0.000000
2024-04-11 17:33:54,828 [INFO]  Epoch[3] Batch [0-18]	Speed: 20356.58 samples/sec	cross-entropy=0.311786	CONTROL_RISK-accuracy=3.684211
2024-04-11 17:33:54,849 [INFO]  Epoch[3] Train-cross-entropy=0.233503
2024-04-11 17:33:54,849 [INFO]  Epoch[3] Train-CONTROL_RISK-accuracy=3.125000
2024-04-11 17:33:54,849 [INFO]  Epoch[3] Time cost=0.036
2024-04-11 17:33:54,851 [INFO]  Saved checkpoint to "./imputer_model/32_audit/imputer_model_CONTROL_RISK/model-0003.params"
2024-04-11 17:33:54,852 [INFO]  Epoch[3] Validation-cross-entropy=0.221446
2024-04-11 17:33:54,853 [INFO]  Epoch[3] Validation-CONTROL_RISK-accuracy=0.000000
2024-04-11 17:33:54,876 [INFO]  Epoch[4] Batch [0-18]	Speed: 12882.02 samples/sec	cross-entropy=0.751896	CONTROL_RISK-accuracy=3.684211
2024-04-11 17:33:54,903 [INFO]  Epoch[4] Train-cross-entropy=0.624324
2024-04-11 17:33:54,903 [INFO]  Epoch[4] Train-CONTROL_RISK-accuracy=3.125000
2024-04-11 17:33:54,903 [INFO]  Epoch[4] Time cost=0.050
2024-04-11 17:33:54,904 [INFO]  Saved checkpoint to "./imputer_model/32_audit/imputer_model_CONTROL_RISK/model-0004.params"
2024-04-11 17:33:54,905 [INFO]  Epoch[4] Validation-cross-entropy=0.513261
2024-04-11 17:33:54,905 [INFO]  Epoch[4] Validation-CONTROL_RISK-accuracy=0.000000
2024-04-11 17:33:54,905 [INFO]  
========== done (0.25670433044433594 s) fit model
2024-04-11 17:34:06,934 [INFO]  
========== start: fit model
2024-04-11 17:34:06,934 [WARNING]  Already bound, ignoring bind()
2024-04-11 17:34:06,962 [INFO]  Epoch[0] Batch [0-18]	Speed: 17185.12 samples/sec	cross-entropy=3.642891	CONTROL_RISK-accuracy=0.000000
2024-04-11 17:34:06,975 [INFO]  Epoch[0] Train-cross-entropy=4.577419
2024-04-11 17:34:06,975 [INFO]  Epoch[0] Train-CONTROL_RISK-accuracy=0.000000
2024-04-11 17:34:06,975 [INFO]  Epoch[0] Time cost=0.040
2024-04-11 17:34:06,977 [INFO]  Saved checkpoint to "./imputer_model/32_audit/imputer_model_CONTROL_RISK/model-0000.params"
2024-04-11 17:34:06,979 [INFO]  Epoch[0] Validation-cross-entropy=0.619368
2024-04-11 17:34:06,979 [INFO]  Epoch[0] Validation-CONTROL_RISK-accuracy=0.000000
2024-04-11 17:34:06,997 [INFO]  Epoch[1] Batch [0-18]	Speed: 17277.79 samples/sec	cross-entropy=1.345457	CONTROL_RISK-accuracy=0.000000
2024-04-11 17:34:07,013 [INFO]  Epoch[1] Train-cross-entropy=0.782204
2024-04-11 17:34:07,013 [INFO]  Epoch[1] Train-CONTROL_RISK-accuracy=0.000000
2024-04-11 17:34:07,013 [INFO]  Epoch[1] Time cost=0.034
2024-04-11 17:34:07,015 [INFO]  Saved checkpoint to "./imputer_model/32_audit/imputer_model_CONTROL_RISK/model-0001.params"
2024-04-11 17:34:07,018 [INFO]  Epoch[1] Validation-cross-entropy=0.373205
2024-04-11 17:34:07,018 [INFO]  Epoch[1] Validation-CONTROL_RISK-accuracy=0.000000
2024-04-11 17:34:07,041 [INFO]  Epoch[2] Batch [0-18]	Speed: 13714.03 samples/sec	cross-entropy=0.614277	CONTROL_RISK-accuracy=0.000000
2024-04-11 17:34:07,131 [INFO]  Epoch[2] Train-cross-entropy=0.323468
2024-04-11 17:34:07,132 [INFO]  Epoch[2] Train-CONTROL_RISK-accuracy=0.000000
2024-04-11 17:34:07,132 [INFO]  Epoch[2] Time cost=0.113
2024-04-11 17:34:07,134 [INFO]  Saved checkpoint to "./imputer_model/32_audit/imputer_model_CONTROL_RISK/model-0002.params"
2024-04-11 17:34:07,138 [INFO]  Epoch[2] Validation-cross-entropy=0.295482
2024-04-11 17:34:07,138 [INFO]  Epoch[2] Validation-CONTROL_RISK-accuracy=0.000000
2024-04-11 17:34:07,203 [INFO]  Epoch[3] Batch [0-18]	Speed: 4805.03 samples/sec	cross-entropy=0.264152	CONTROL_RISK-accuracy=0.000000
2024-04-11 17:34:07,228 [INFO]  Epoch[3] Train-cross-entropy=0.186318
2024-04-11 17:34:07,228 [INFO]  Epoch[3] Train-CONTROL_RISK-accuracy=0.000000
2024-04-11 17:34:07,228 [INFO]  Epoch[3] Time cost=0.090
2024-04-11 17:34:07,230 [INFO]  Saved checkpoint to "./imputer_model/32_audit/imputer_model_CONTROL_RISK/model-0003.params"
2024-04-11 17:34:07,232 [INFO]  Epoch[3] Validation-cross-entropy=0.396917
2024-04-11 17:34:07,232 [INFO]  Epoch[3] Validation-CONTROL_RISK-accuracy=0.000000
2024-04-11 17:34:07,256 [INFO]  Epoch[4] Batch [0-18]	Speed: 14162.80 samples/sec	cross-entropy=0.460114	CONTROL_RISK-accuracy=0.000000
2024-04-11 17:34:07,276 [INFO]  Epoch[4] Train-cross-entropy=0.313798
2024-04-11 17:34:07,276 [INFO]  Epoch[4] Train-CONTROL_RISK-accuracy=0.000000
2024-04-11 17:34:07,276 [INFO]  Epoch[4] Time cost=0.043
2024-04-11 17:34:07,278 [INFO]  Saved checkpoint to "./imputer_model/32_audit/imputer_model_CONTROL_RISK/model-0004.params"
2024-04-11 17:34:07,281 [INFO]  Epoch[4] Validation-cross-entropy=0.615578
2024-04-11 17:34:07,281 [INFO]  Epoch[4] Validation-CONTROL_RISK-accuracy=0.000000
2024-04-11 17:34:07,281 [INFO]  
========== done (0.34734177589416504 s) fit model
2024-04-11 17:34:23,193 [INFO]  
========== start: fit model
2024-04-11 17:34:23,193 [WARNING]  Already bound, ignoring bind()
2024-04-11 17:34:23,211 [INFO]  Epoch[0] Batch [0-18]	Speed: 19850.13 samples/sec	cross-entropy=6.595925	CONTROL_RISK-accuracy=0.000000
2024-04-11 17:34:23,224 [INFO]  Epoch[0] Train-cross-entropy=2.546923
2024-04-11 17:34:23,224 [INFO]  Epoch[0] Train-CONTROL_RISK-accuracy=0.000000
2024-04-11 17:34:23,224 [INFO]  Epoch[0] Time cost=0.029
2024-04-11 17:34:23,226 [INFO]  Saved checkpoint to "./imputer_model/32_audit/imputer_model_CONTROL_RISK/model-0000.params"
2024-04-11 17:34:23,227 [INFO]  Epoch[0] Validation-cross-entropy=0.698957
2024-04-11 17:34:23,227 [INFO]  Epoch[0] Validation-CONTROL_RISK-accuracy=0.000000
2024-04-11 17:34:23,243 [INFO]  Epoch[1] Batch [0-18]	Speed: 20437.17 samples/sec	cross-entropy=1.699224	CONTROL_RISK-accuracy=0.000000
2024-04-11 17:34:23,255 [INFO]  Epoch[1] Train-cross-entropy=1.629404
2024-04-11 17:34:23,255 [INFO]  Epoch[1] Train-CONTROL_RISK-accuracy=0.000000
2024-04-11 17:34:23,255 [INFO]  Epoch[1] Time cost=0.028
2024-04-11 17:34:23,268 [INFO]  Saved checkpoint to "./imputer_model/32_audit/imputer_model_CONTROL_RISK/model-0001.params"
2024-04-11 17:34:23,271 [INFO]  Epoch[1] Validation-cross-entropy=0.368992
2024-04-11 17:34:23,271 [INFO]  Epoch[1] Validation-CONTROL_RISK-accuracy=0.000000
2024-04-11 17:34:23,297 [INFO]  Epoch[2] Batch [0-18]	Speed: 11806.16 samples/sec	cross-entropy=1.166626	CONTROL_RISK-accuracy=0.000000
2024-04-11 17:34:23,313 [INFO]  Epoch[2] Train-cross-entropy=0.519491
2024-04-11 17:34:23,313 [INFO]  Epoch[2] Train-CONTROL_RISK-accuracy=0.000000
2024-04-11 17:34:23,313 [INFO]  Epoch[2] Time cost=0.042
2024-04-11 17:34:23,318 [INFO]  Saved checkpoint to "./imputer_model/32_audit/imputer_model_CONTROL_RISK/model-0002.params"
2024-04-11 17:34:23,322 [INFO]  Epoch[2] Validation-cross-entropy=0.379763
2024-04-11 17:34:23,322 [INFO]  Epoch[2] Validation-CONTROL_RISK-accuracy=0.000000
2024-04-11 17:34:23,337 [INFO]  Epoch[3] Batch [0-18]	Speed: 20845.94 samples/sec	cross-entropy=0.386834	CONTROL_RISK-accuracy=0.000000
2024-04-11 17:34:23,350 [INFO]  Epoch[3] Train-cross-entropy=0.320360
2024-04-11 17:34:23,350 [INFO]  Epoch[3] Train-CONTROL_RISK-accuracy=0.000000
2024-04-11 17:34:23,350 [INFO]  Epoch[3] Time cost=0.027
2024-04-11 17:34:23,351 [INFO]  Saved checkpoint to "./imputer_model/32_audit/imputer_model_CONTROL_RISK/model-0003.params"
2024-04-11 17:34:23,353 [INFO]  Epoch[3] Validation-cross-entropy=0.226993
2024-04-11 17:34:23,353 [INFO]  Epoch[3] Validation-CONTROL_RISK-accuracy=0.000000
2024-04-11 17:34:23,368 [INFO]  Epoch[4] Batch [0-18]	Speed: 20748.55 samples/sec	cross-entropy=0.445348	CONTROL_RISK-accuracy=0.000000
2024-04-11 17:34:23,380 [INFO]  Epoch[4] Train-cross-entropy=0.224967
2024-04-11 17:34:23,380 [INFO]  Epoch[4] Train-CONTROL_RISK-accuracy=0.000000
2024-04-11 17:34:23,380 [INFO]  Epoch[4] Time cost=0.027
2024-04-11 17:34:23,382 [INFO]  Saved checkpoint to "./imputer_model/32_audit/imputer_model_CONTROL_RISK/model-0004.params"
2024-04-11 17:34:23,384 [INFO]  Epoch[4] Validation-cross-entropy=0.168864
2024-04-11 17:34:23,384 [INFO]  Epoch[4] Validation-CONTROL_RISK-accuracy=0.000000
2024-04-11 17:34:23,384 [INFO]  
========== done (0.19063639640808105 s) fit model
2024-04-11 17:34:42,111 [INFO]  
========== start: fit model
2024-04-11 17:34:42,111 [WARNING]  Already bound, ignoring bind()
2024-04-11 17:34:42,131 [INFO]  Epoch[0] Batch [0-18]	Speed: 17861.56 samples/sec	cross-entropy=5.561204	CONTROL_RISK-accuracy=0.000000
2024-04-11 17:34:42,177 [INFO]  Epoch[0] Train-cross-entropy=3.667152
2024-04-11 17:34:42,177 [INFO]  Epoch[0] Train-CONTROL_RISK-accuracy=0.000000
2024-04-11 17:34:42,177 [INFO]  Epoch[0] Time cost=0.065
2024-04-11 17:34:42,179 [INFO]  Saved checkpoint to "./imputer_model/32_audit/imputer_model_CONTROL_RISK/model-0000.params"
2024-04-11 17:34:42,180 [INFO]  Epoch[0] Validation-cross-entropy=1.465743
2024-04-11 17:34:42,181 [INFO]  Epoch[0] Validation-CONTROL_RISK-accuracy=0.000000
2024-04-11 17:34:42,192 [INFO]  Epoch[1] Batch [0-18]	Speed: 26307.46 samples/sec	cross-entropy=1.918212	CONTROL_RISK-accuracy=0.000000
2024-04-11 17:34:42,271 [INFO]  Epoch[1] Train-cross-entropy=1.060968
2024-04-11 17:34:42,271 [INFO]  Epoch[1] Train-CONTROL_RISK-accuracy=0.000000
2024-04-11 17:34:42,271 [INFO]  Epoch[1] Time cost=0.091
2024-04-11 17:34:42,274 [INFO]  Saved checkpoint to "./imputer_model/32_audit/imputer_model_CONTROL_RISK/model-0001.params"
2024-04-11 17:34:42,275 [INFO]  Epoch[1] Validation-cross-entropy=3.352929
2024-04-11 17:34:42,275 [INFO]  Epoch[1] Validation-CONTROL_RISK-accuracy=0.000000
2024-04-11 17:34:42,295 [INFO]  Epoch[2] Batch [0-18]	Speed: 15192.55 samples/sec	cross-entropy=0.731788	CONTROL_RISK-accuracy=0.000000
2024-04-11 17:34:42,319 [INFO]  Epoch[2] Train-cross-entropy=0.409755
2024-04-11 17:34:42,319 [INFO]  Epoch[2] Train-CONTROL_RISK-accuracy=0.000000
2024-04-11 17:34:42,319 [INFO]  Epoch[2] Time cost=0.044
2024-04-11 17:34:42,321 [INFO]  Saved checkpoint to "./imputer_model/32_audit/imputer_model_CONTROL_RISK/model-0002.params"
2024-04-11 17:34:42,323 [INFO]  Epoch[2] Validation-cross-entropy=2.674470
2024-04-11 17:34:42,324 [INFO]  Epoch[2] Validation-CONTROL_RISK-accuracy=0.000000
2024-04-11 17:34:42,356 [INFO]  Epoch[3] Batch [0-18]	Speed: 9859.12 samples/sec	cross-entropy=0.263266	CONTROL_RISK-accuracy=0.000000
2024-04-11 17:34:42,375 [INFO]  Epoch[3] Train-cross-entropy=0.204736
2024-04-11 17:34:42,375 [INFO]  Epoch[3] Train-CONTROL_RISK-accuracy=0.000000
2024-04-11 17:34:42,375 [INFO]  Epoch[3] Time cost=0.051
2024-04-11 17:34:42,377 [INFO]  Saved checkpoint to "./imputer_model/32_audit/imputer_model_CONTROL_RISK/model-0003.params"
2024-04-11 17:34:42,379 [INFO]  Epoch[3] Validation-cross-entropy=0.396399
2024-04-11 17:34:42,379 [INFO]  Epoch[3] Validation-CONTROL_RISK-accuracy=0.000000
2024-04-11 17:34:42,401 [INFO]  Epoch[4] Batch [0-18]	Speed: 14207.28 samples/sec	cross-entropy=0.334157	CONTROL_RISK-accuracy=0.000000
2024-04-11 17:34:42,424 [INFO]  Epoch[4] Train-cross-entropy=0.398659
2024-04-11 17:34:42,424 [INFO]  Epoch[4] Train-CONTROL_RISK-accuracy=0.000000
2024-04-11 17:34:42,424 [INFO]  Epoch[4] Time cost=0.044
2024-04-11 17:34:42,426 [INFO]  Saved checkpoint to "./imputer_model/32_audit/imputer_model_CONTROL_RISK/model-0004.params"
2024-04-11 17:34:42,432 [INFO]  Epoch[4] Validation-cross-entropy=1.475343
2024-04-11 17:34:42,432 [INFO]  Epoch[4] Validation-CONTROL_RISK-accuracy=0.000000
2024-04-11 17:34:42,432 [INFO]  
========== done (0.32082414627075195 s) fit model
2024-04-11 17:34:58,661 [INFO]  
========== start: fit model
2024-04-11 17:34:58,661 [WARNING]  Already bound, ignoring bind()
2024-04-11 17:34:58,735 [INFO]  Epoch[0] Batch [0-18]	Speed: 4059.77 samples/sec	cross-entropy=6.746534	CONTROL_RISK-accuracy=0.000000
2024-04-11 17:34:58,781 [INFO]  Epoch[0] Train-cross-entropy=2.836480
2024-04-11 17:34:58,781 [INFO]  Epoch[0] Train-CONTROL_RISK-accuracy=0.000000
2024-04-11 17:34:58,781 [INFO]  Epoch[0] Time cost=0.118
2024-04-11 17:34:58,783 [INFO]  Saved checkpoint to "./imputer_model/32_audit/imputer_model_CONTROL_RISK/model-0000.params"
2024-04-11 17:34:58,785 [INFO]  Epoch[0] Validation-cross-entropy=2.001755
2024-04-11 17:34:58,785 [INFO]  Epoch[0] Validation-CONTROL_RISK-accuracy=0.000000
2024-04-11 17:34:59,005 [INFO]  Epoch[1] Batch [0-18]	Speed: 1315.63 samples/sec	cross-entropy=1.477971	CONTROL_RISK-accuracy=0.000000
2024-04-11 17:34:59,041 [INFO]  Epoch[1] Train-cross-entropy=2.714172
2024-04-11 17:34:59,042 [INFO]  Epoch[1] Train-CONTROL_RISK-accuracy=0.000000
2024-04-11 17:34:59,042 [INFO]  Epoch[1] Time cost=0.257
2024-04-11 17:34:59,045 [INFO]  Saved checkpoint to "./imputer_model/32_audit/imputer_model_CONTROL_RISK/model-0001.params"
2024-04-11 17:34:59,086 [INFO]  Epoch[1] Validation-cross-entropy=3.546723
2024-04-11 17:34:59,086 [INFO]  Epoch[1] Validation-CONTROL_RISK-accuracy=0.000000
2024-04-11 17:34:59,157 [INFO]  Epoch[2] Batch [0-18]	Speed: 4118.62 samples/sec	cross-entropy=1.873673	CONTROL_RISK-accuracy=0.000000
2024-04-11 17:34:59,185 [INFO]  Epoch[2] Train-cross-entropy=5.782180
2024-04-11 17:34:59,185 [INFO]  Epoch[2] Train-CONTROL_RISK-accuracy=0.000000
2024-04-11 17:34:59,185 [INFO]  Epoch[2] Time cost=0.099
2024-04-11 17:34:59,187 [INFO]  Saved checkpoint to "./imputer_model/32_audit/imputer_model_CONTROL_RISK/model-0002.params"
2024-04-11 17:34:59,194 [INFO]  Epoch[2] Validation-cross-entropy=2.390931
2024-04-11 17:34:59,194 [INFO]  Epoch[2] Validation-CONTROL_RISK-accuracy=0.000000
2024-04-11 17:34:59,209 [INFO]  Epoch[3] Batch [0-18]	Speed: 20605.91 samples/sec	cross-entropy=1.904225	CONTROL_RISK-accuracy=0.000000
2024-04-11 17:34:59,221 [INFO]  Epoch[3] Train-cross-entropy=8.477454
2024-04-11 17:34:59,222 [INFO]  Epoch[3] Train-CONTROL_RISK-accuracy=0.000000
2024-04-11 17:34:59,222 [INFO]  Epoch[3] Time cost=0.028
2024-04-11 17:34:59,223 [INFO]  Saved checkpoint to "./imputer_model/32_audit/imputer_model_CONTROL_RISK/model-0003.params"
2024-04-11 17:34:59,225 [INFO]  Epoch[3] Validation-cross-entropy=3.389552
2024-04-11 17:34:59,225 [INFO]  Epoch[3] Validation-CONTROL_RISK-accuracy=0.000000
2024-04-11 17:34:59,240 [INFO]  Epoch[4] Batch [0-18]	Speed: 20380.97 samples/sec	cross-entropy=0.954045	CONTROL_RISK-accuracy=0.000000
2024-04-11 17:34:59,253 [INFO]  Epoch[4] Train-cross-entropy=4.223971
2024-04-11 17:34:59,253 [INFO]  Epoch[4] Train-CONTROL_RISK-accuracy=0.000000
2024-04-11 17:34:59,253 [INFO]  Epoch[4] Time cost=0.028
2024-04-11 17:34:59,254 [INFO]  Saved checkpoint to "./imputer_model/32_audit/imputer_model_CONTROL_RISK/model-0004.params"
2024-04-11 17:34:59,256 [INFO]  Epoch[4] Validation-cross-entropy=1.342753
2024-04-11 17:34:59,256 [INFO]  Epoch[4] Validation-CONTROL_RISK-accuracy=0.000000
2024-04-11 17:34:59,256 [INFO]  
========== done (0.5946152210235596 s) fit model
2024-04-11 17:35:13,039 [INFO]  
========== start: fit model
2024-04-11 17:35:13,039 [WARNING]  Already bound, ignoring bind()
2024-04-11 17:35:13,105 [INFO]  Epoch[0] Batch [0-18]	Speed: 5377.58 samples/sec	cross-entropy=12.504260	CONTROL_RISK-accuracy=3.315789
2024-04-11 17:35:13,129 [INFO]  Epoch[0] Train-cross-entropy=4.445319
2024-04-11 17:35:13,129 [INFO]  Epoch[0] Train-CONTROL_RISK-accuracy=3.125000
2024-04-11 17:35:13,129 [INFO]  Epoch[0] Time cost=0.089
2024-04-11 17:35:13,131 [INFO]  Saved checkpoint to "./imputer_model/32_audit/imputer_model_CONTROL_RISK/model-0000.params"
2024-04-11 17:35:13,135 [INFO]  Epoch[0] Validation-cross-entropy=0.770110
2024-04-11 17:35:13,135 [INFO]  Epoch[0] Validation-CONTROL_RISK-accuracy=0.000000
2024-04-11 17:35:13,158 [INFO]  Epoch[1] Batch [0-18]	Speed: 13675.38 samples/sec	cross-entropy=2.583198	CONTROL_RISK-accuracy=3.315789
2024-04-11 17:35:13,195 [INFO]  Epoch[1] Train-cross-entropy=2.249117
2024-04-11 17:35:13,195 [INFO]  Epoch[1] Train-CONTROL_RISK-accuracy=3.125000
2024-04-11 17:35:13,195 [INFO]  Epoch[1] Time cost=0.060
2024-04-11 17:35:13,197 [INFO]  Saved checkpoint to "./imputer_model/32_audit/imputer_model_CONTROL_RISK/model-0001.params"
2024-04-11 17:35:13,198 [INFO]  Epoch[1] Validation-cross-entropy=0.360450
2024-04-11 17:35:13,198 [INFO]  Epoch[1] Validation-CONTROL_RISK-accuracy=0.000000
2024-04-11 17:35:13,209 [INFO]  Epoch[2] Batch [0-18]	Speed: 27364.69 samples/sec	cross-entropy=1.367291	CONTROL_RISK-accuracy=3.315789
2024-04-11 17:35:13,219 [INFO]  Epoch[2] Train-cross-entropy=1.273220
2024-04-11 17:35:13,219 [INFO]  Epoch[2] Train-CONTROL_RISK-accuracy=3.125000
2024-04-11 17:35:13,219 [INFO]  Epoch[2] Time cost=0.021
2024-04-11 17:35:13,220 [INFO]  Saved checkpoint to "./imputer_model/32_audit/imputer_model_CONTROL_RISK/model-0002.params"
2024-04-11 17:35:13,222 [INFO]  Epoch[2] Validation-cross-entropy=0.273402
2024-04-11 17:35:13,222 [INFO]  Epoch[2] Validation-CONTROL_RISK-accuracy=0.000000
2024-04-11 17:35:13,233 [INFO]  Epoch[3] Batch [0-18]	Speed: 27163.47 samples/sec	cross-entropy=2.513271	CONTROL_RISK-accuracy=3.315789
2024-04-11 17:35:13,247 [INFO]  Epoch[3] Train-cross-entropy=2.497827
2024-04-11 17:35:13,247 [INFO]  Epoch[3] Train-CONTROL_RISK-accuracy=3.125000
2024-04-11 17:35:13,247 [INFO]  Epoch[3] Time cost=0.026
2024-04-11 17:35:13,249 [INFO]  Saved checkpoint to "./imputer_model/32_audit/imputer_model_CONTROL_RISK/model-0003.params"
2024-04-11 17:35:13,251 [INFO]  Epoch[3] Validation-cross-entropy=0.451372
2024-04-11 17:35:13,251 [INFO]  Epoch[3] Validation-CONTROL_RISK-accuracy=0.000000
2024-04-11 17:35:13,267 [INFO]  Epoch[4] Batch [0-18]	Speed: 19135.08 samples/sec	cross-entropy=3.318222	CONTROL_RISK-accuracy=3.315789
2024-04-11 17:35:13,303 [INFO]  Epoch[4] Train-cross-entropy=2.997781
2024-04-11 17:35:13,303 [INFO]  Epoch[4] Train-CONTROL_RISK-accuracy=3.125000
2024-04-11 17:35:13,303 [INFO]  Epoch[4] Time cost=0.052
2024-04-11 17:35:13,305 [INFO]  Saved checkpoint to "./imputer_model/32_audit/imputer_model_CONTROL_RISK/model-0004.params"
2024-04-11 17:35:13,312 [INFO]  Epoch[4] Validation-cross-entropy=0.255885
2024-04-11 17:35:13,312 [INFO]  Epoch[4] Validation-CONTROL_RISK-accuracy=0.000000
2024-04-11 17:35:13,312 [INFO]  
========== done (0.27292537689208984 s) fit model
2024-04-11 17:35:26,368 [INFO]  
========== start: fit model
2024-04-11 17:35:26,368 [WARNING]  Already bound, ignoring bind()
2024-04-11 17:35:26,397 [INFO]  Epoch[0] Batch [0-18]	Speed: 11014.90 samples/sec	cross-entropy=8.577646	CONTROL_RISK-accuracy=0.000000
2024-04-11 17:35:26,410 [INFO]  Epoch[0] Train-cross-entropy=2.182958
2024-04-11 17:35:26,411 [INFO]  Epoch[0] Train-CONTROL_RISK-accuracy=0.000000
2024-04-11 17:35:26,411 [INFO]  Epoch[0] Time cost=0.041
2024-04-11 17:35:26,412 [INFO]  Saved checkpoint to "./imputer_model/32_audit/imputer_model_CONTROL_RISK/model-0000.params"
2024-04-11 17:35:26,414 [INFO]  Epoch[0] Validation-cross-entropy=6.010805
2024-04-11 17:35:26,414 [INFO]  Epoch[0] Validation-CONTROL_RISK-accuracy=0.000000
2024-04-11 17:35:26,432 [INFO]  Epoch[1] Batch [0-18]	Speed: 17030.31 samples/sec	cross-entropy=2.548085	CONTROL_RISK-accuracy=0.000000
2024-04-11 17:35:26,450 [INFO]  Epoch[1] Train-cross-entropy=1.693148
2024-04-11 17:35:26,450 [INFO]  Epoch[1] Train-CONTROL_RISK-accuracy=0.000000
2024-04-11 17:35:26,450 [INFO]  Epoch[1] Time cost=0.036
2024-04-11 17:35:26,452 [INFO]  Saved checkpoint to "./imputer_model/32_audit/imputer_model_CONTROL_RISK/model-0001.params"
2024-04-11 17:35:26,454 [INFO]  Epoch[1] Validation-cross-entropy=6.402243
2024-04-11 17:35:26,454 [INFO]  Epoch[1] Validation-CONTROL_RISK-accuracy=0.000000
2024-04-11 17:35:26,476 [INFO]  Epoch[2] Batch [0-18]	Speed: 14616.07 samples/sec	cross-entropy=1.341117	CONTROL_RISK-accuracy=0.000000
2024-04-11 17:35:26,489 [INFO]  Epoch[2] Train-cross-entropy=1.116528
2024-04-11 17:35:26,489 [INFO]  Epoch[2] Train-CONTROL_RISK-accuracy=0.000000
2024-04-11 17:35:26,489 [INFO]  Epoch[2] Time cost=0.035
2024-04-11 17:35:26,491 [INFO]  Saved checkpoint to "./imputer_model/32_audit/imputer_model_CONTROL_RISK/model-0002.params"
2024-04-11 17:35:26,494 [INFO]  Epoch[2] Validation-cross-entropy=4.660321
2024-04-11 17:35:26,494 [INFO]  Epoch[2] Validation-CONTROL_RISK-accuracy=0.000000
2024-04-11 17:35:26,515 [INFO]  Epoch[3] Batch [0-18]	Speed: 13973.41 samples/sec	cross-entropy=1.307439	CONTROL_RISK-accuracy=0.000000
2024-04-11 17:35:26,704 [INFO]  Epoch[3] Train-cross-entropy=0.997638
2024-04-11 17:35:26,705 [INFO]  Epoch[3] Train-CONTROL_RISK-accuracy=0.000000
2024-04-11 17:35:26,705 [INFO]  Epoch[3] Time cost=0.211
2024-04-11 17:35:26,707 [INFO]  Saved checkpoint to "./imputer_model/32_audit/imputer_model_CONTROL_RISK/model-0003.params"
2024-04-11 17:35:26,711 [INFO]  Epoch[3] Validation-cross-entropy=6.101828
2024-04-11 17:35:26,711 [INFO]  Epoch[3] Validation-CONTROL_RISK-accuracy=0.000000
2024-04-11 17:35:26,800 [INFO]  Epoch[4] Batch [0-18]	Speed: 3332.49 samples/sec	cross-entropy=1.249536	CONTROL_RISK-accuracy=0.000000
2024-04-11 17:35:26,809 [INFO]  Epoch[4] Train-cross-entropy=1.552480
2024-04-11 17:35:26,809 [INFO]  Epoch[4] Train-CONTROL_RISK-accuracy=0.000000
2024-04-11 17:35:26,809 [INFO]  Epoch[4] Time cost=0.098
2024-04-11 17:35:26,811 [INFO]  Saved checkpoint to "./imputer_model/32_audit/imputer_model_CONTROL_RISK/model-0004.params"
2024-04-11 17:35:26,812 [INFO]  Epoch[4] Validation-cross-entropy=5.548082
2024-04-11 17:35:26,812 [INFO]  Epoch[4] Validation-CONTROL_RISK-accuracy=0.000000
2024-04-11 17:35:26,812 [INFO]  
========== done (0.4444119930267334 s) fit model
2024-04-11 17:35:43,718 [INFO]  
========== start: fit model
2024-04-11 17:35:43,719 [WARNING]  Already bound, ignoring bind()
2024-04-11 17:35:43,746 [INFO]  Epoch[0] Batch [0-18]	Speed: 11786.47 samples/sec	cross-entropy=15.565807	CONTROL_RISK-accuracy=3.315789
2024-04-11 17:35:43,776 [INFO]  Epoch[0] Train-cross-entropy=4.338780
2024-04-11 17:35:43,776 [INFO]  Epoch[0] Train-CONTROL_RISK-accuracy=3.562500
2024-04-11 17:35:43,776 [INFO]  Epoch[0] Time cost=0.056
2024-04-11 17:35:43,778 [INFO]  Saved checkpoint to "./imputer_model/32_audit/imputer_model_CONTROL_RISK/model-0000.params"
2024-04-11 17:35:43,779 [INFO]  Epoch[0] Validation-cross-entropy=1.070158
2024-04-11 17:35:43,779 [INFO]  Epoch[0] Validation-CONTROL_RISK-accuracy=0.000000
2024-04-11 17:35:43,792 [INFO]  Epoch[1] Batch [0-18]	Speed: 23773.58 samples/sec	cross-entropy=2.415452	CONTROL_RISK-accuracy=3.315789
2024-04-11 17:35:43,806 [INFO]  Epoch[1] Train-cross-entropy=1.779862
2024-04-11 17:35:43,807 [INFO]  Epoch[1] Train-CONTROL_RISK-accuracy=3.562500
2024-04-11 17:35:43,807 [INFO]  Epoch[1] Time cost=0.027
2024-04-11 17:35:44,498 [INFO]  Saved checkpoint to "./imputer_model/32_audit/imputer_model_CONTROL_RISK/model-0001.params"
2024-04-11 17:35:44,504 [INFO]  Epoch[1] Validation-cross-entropy=1.024255
2024-04-11 17:35:44,504 [INFO]  Epoch[1] Validation-CONTROL_RISK-accuracy=0.000000
2024-04-11 17:35:44,529 [INFO]  Epoch[2] Batch [0-18]	Speed: 12676.27 samples/sec	cross-entropy=0.804836	CONTROL_RISK-accuracy=3.315789
2024-04-11 17:35:44,540 [INFO]  Epoch[2] Train-cross-entropy=1.319878
2024-04-11 17:35:44,540 [INFO]  Epoch[2] Train-CONTROL_RISK-accuracy=3.562500
2024-04-11 17:35:44,540 [INFO]  Epoch[2] Time cost=0.036
2024-04-11 17:35:44,542 [INFO]  Saved checkpoint to "./imputer_model/32_audit/imputer_model_CONTROL_RISK/model-0002.params"
2024-04-11 17:35:44,543 [INFO]  Epoch[2] Validation-cross-entropy=3.259225
2024-04-11 17:35:44,543 [INFO]  Epoch[2] Validation-CONTROL_RISK-accuracy=0.000000
2024-04-11 17:35:44,562 [INFO]  Epoch[3] Batch [0-18]	Speed: 15815.54 samples/sec	cross-entropy=1.713371	CONTROL_RISK-accuracy=3.315789
2024-04-11 17:35:44,575 [INFO]  Epoch[3] Train-cross-entropy=0.589311
2024-04-11 17:35:44,575 [INFO]  Epoch[3] Train-CONTROL_RISK-accuracy=3.562500
2024-04-11 17:35:44,575 [INFO]  Epoch[3] Time cost=0.032
2024-04-11 17:35:44,577 [INFO]  Saved checkpoint to "./imputer_model/32_audit/imputer_model_CONTROL_RISK/model-0003.params"
2024-04-11 17:35:44,578 [INFO]  Epoch[3] Validation-cross-entropy=0.995798
2024-04-11 17:35:44,578 [INFO]  Epoch[3] Validation-CONTROL_RISK-accuracy=0.000000
2024-04-11 17:35:44,597 [INFO]  Epoch[4] Batch [0-18]	Speed: 16056.03 samples/sec	cross-entropy=1.649732	CONTROL_RISK-accuracy=3.315789
2024-04-11 17:35:44,610 [INFO]  Epoch[4] Train-cross-entropy=1.224006
2024-04-11 17:35:44,610 [INFO]  Epoch[4] Train-CONTROL_RISK-accuracy=3.562500
2024-04-11 17:35:44,610 [INFO]  Epoch[4] Time cost=0.031
2024-04-11 17:35:44,612 [INFO]  Saved checkpoint to "./imputer_model/32_audit/imputer_model_CONTROL_RISK/model-0004.params"
2024-04-11 17:35:44,613 [INFO]  Epoch[4] Validation-cross-entropy=0.632356
2024-04-11 17:35:44,613 [INFO]  Epoch[4] Validation-CONTROL_RISK-accuracy=0.000000
2024-04-11 17:35:44,613 [INFO]  
========== done (0.8950128555297852 s) fit model
2024-04-11 17:36:00,068 [INFO]  
========== start: fit model
2024-04-11 17:36:00,068 [WARNING]  Already bound, ignoring bind()
2024-04-11 17:36:00,089 [INFO]  Epoch[0] Batch [0-18]	Speed: 15181.09 samples/sec	cross-entropy=10.131184	CONTROL_RISK-accuracy=0.000000
2024-04-11 17:36:00,111 [INFO]  Epoch[0] Train-cross-entropy=3.005216
2024-04-11 17:36:00,111 [INFO]  Epoch[0] Train-CONTROL_RISK-accuracy=0.000000
2024-04-11 17:36:00,111 [INFO]  Epoch[0] Time cost=0.042
2024-04-11 17:36:00,113 [INFO]  Saved checkpoint to "./imputer_model/32_audit/imputer_model_CONTROL_RISK/model-0000.params"
2024-04-11 17:36:00,115 [INFO]  Epoch[0] Validation-cross-entropy=1.973347
2024-04-11 17:36:00,115 [INFO]  Epoch[0] Validation-CONTROL_RISK-accuracy=0.000000
2024-04-11 17:36:00,155 [INFO]  Epoch[1] Batch [0-18]	Speed: 9344.32 samples/sec	cross-entropy=1.422816	CONTROL_RISK-accuracy=0.000000
2024-04-11 17:36:00,168 [INFO]  Epoch[1] Train-cross-entropy=1.315196
2024-04-11 17:36:00,168 [INFO]  Epoch[1] Train-CONTROL_RISK-accuracy=0.000000
2024-04-11 17:36:00,168 [INFO]  Epoch[1] Time cost=0.053
2024-04-11 17:36:00,170 [INFO]  Saved checkpoint to "./imputer_model/32_audit/imputer_model_CONTROL_RISK/model-0001.params"
2024-04-11 17:36:00,171 [INFO]  Epoch[1] Validation-cross-entropy=1.813173
2024-04-11 17:36:00,171 [INFO]  Epoch[1] Validation-CONTROL_RISK-accuracy=0.000000
2024-04-11 17:36:00,192 [INFO]  Epoch[2] Batch [0-18]	Speed: 14592.58 samples/sec	cross-entropy=1.467625	CONTROL_RISK-accuracy=0.000000
2024-04-11 17:36:00,220 [INFO]  Epoch[2] Train-cross-entropy=1.067799
2024-04-11 17:36:00,221 [INFO]  Epoch[2] Train-CONTROL_RISK-accuracy=0.000000
2024-04-11 17:36:00,221 [INFO]  Epoch[2] Time cost=0.049
2024-04-11 17:36:00,222 [INFO]  Saved checkpoint to "./imputer_model/32_audit/imputer_model_CONTROL_RISK/model-0002.params"
2024-04-11 17:36:00,224 [INFO]  Epoch[2] Validation-cross-entropy=4.739586
2024-04-11 17:36:00,224 [INFO]  Epoch[2] Validation-CONTROL_RISK-accuracy=0.000000
2024-04-11 17:36:00,248 [INFO]  Epoch[3] Batch [0-18]	Speed: 12704.13 samples/sec	cross-entropy=1.688538	CONTROL_RISK-accuracy=0.000000
2024-04-11 17:36:00,272 [INFO]  Epoch[3] Train-cross-entropy=0.589160
2024-04-11 17:36:00,272 [INFO]  Epoch[3] Train-CONTROL_RISK-accuracy=0.000000
2024-04-11 17:36:00,272 [INFO]  Epoch[3] Time cost=0.048
2024-04-11 17:36:00,274 [INFO]  Saved checkpoint to "./imputer_model/32_audit/imputer_model_CONTROL_RISK/model-0003.params"
2024-04-11 17:36:00,275 [INFO]  Epoch[3] Validation-cross-entropy=0.603724
2024-04-11 17:36:00,275 [INFO]  Epoch[3] Validation-CONTROL_RISK-accuracy=0.000000
2024-04-11 17:36:00,290 [INFO]  Epoch[4] Batch [0-18]	Speed: 20978.80 samples/sec	cross-entropy=0.352384	CONTROL_RISK-accuracy=0.000000
2024-04-11 17:36:00,305 [INFO]  Epoch[4] Train-cross-entropy=0.303296
2024-04-11 17:36:00,306 [INFO]  Epoch[4] Train-CONTROL_RISK-accuracy=0.000000
2024-04-11 17:36:00,306 [INFO]  Epoch[4] Time cost=0.030
2024-04-11 17:36:00,308 [INFO]  Saved checkpoint to "./imputer_model/32_audit/imputer_model_CONTROL_RISK/model-0004.params"
2024-04-11 17:36:00,310 [INFO]  Epoch[4] Validation-cross-entropy=0.585324
2024-04-11 17:36:00,310 [INFO]  Epoch[4] Validation-CONTROL_RISK-accuracy=0.000000
2024-04-11 17:36:00,310 [INFO]  
========== done (0.24196743965148926 s) fit model
2024-04-11 17:36:15,948 [INFO]  
========== start: fit model
2024-04-11 17:36:15,948 [WARNING]  Already bound, ignoring bind()
2024-04-11 17:36:15,975 [INFO]  Epoch[0] Batch [0-18]	Speed: 11952.89 samples/sec	cross-entropy=5.549386	CONTROL_RISK-accuracy=3.157895
2024-04-11 17:36:15,985 [INFO]  Epoch[0] Train-cross-entropy=6.124524
2024-04-11 17:36:15,985 [INFO]  Epoch[0] Train-CONTROL_RISK-accuracy=3.625000
2024-04-11 17:36:15,986 [INFO]  Epoch[0] Time cost=0.036
2024-04-11 17:36:15,988 [INFO]  Saved checkpoint to "./imputer_model/32_audit/imputer_model_CONTROL_RISK/model-0000.params"
2024-04-11 17:36:15,990 [INFO]  Epoch[0] Validation-cross-entropy=0.800419
2024-04-11 17:36:15,990 [INFO]  Epoch[0] Validation-CONTROL_RISK-accuracy=0.000000
2024-04-11 17:36:16,001 [INFO]  Epoch[1] Batch [0-18]	Speed: 26420.23 samples/sec	cross-entropy=0.921425	CONTROL_RISK-accuracy=3.157895
2024-04-11 17:36:16,014 [INFO]  Epoch[1] Train-cross-entropy=1.584481
2024-04-11 17:36:16,014 [INFO]  Epoch[1] Train-CONTROL_RISK-accuracy=3.625000
2024-04-11 17:36:16,014 [INFO]  Epoch[1] Time cost=0.024
2024-04-11 17:36:16,016 [INFO]  Saved checkpoint to "./imputer_model/32_audit/imputer_model_CONTROL_RISK/model-0001.params"
2024-04-11 17:36:16,034 [INFO]  Epoch[1] Validation-cross-entropy=0.846620
2024-04-11 17:36:16,034 [INFO]  Epoch[1] Validation-CONTROL_RISK-accuracy=0.000000
2024-04-11 17:36:16,124 [INFO]  Epoch[2] Batch [0-18]	Speed: 3237.86 samples/sec	cross-entropy=0.510978	CONTROL_RISK-accuracy=3.157895
2024-04-11 17:36:16,173 [INFO]  Epoch[2] Train-cross-entropy=0.952312
2024-04-11 17:36:16,173 [INFO]  Epoch[2] Train-CONTROL_RISK-accuracy=3.625000
2024-04-11 17:36:16,173 [INFO]  Epoch[2] Time cost=0.139
2024-04-11 17:36:16,175 [INFO]  Saved checkpoint to "./imputer_model/32_audit/imputer_model_CONTROL_RISK/model-0002.params"
2024-04-11 17:36:16,181 [INFO]  Epoch[2] Validation-cross-entropy=1.308413
2024-04-11 17:36:16,181 [INFO]  Epoch[2] Validation-CONTROL_RISK-accuracy=0.000000
2024-04-11 17:36:16,204 [INFO]  Epoch[3] Batch [0-18]	Speed: 13038.58 samples/sec	cross-entropy=0.380921	CONTROL_RISK-accuracy=3.157895
2024-04-11 17:36:16,220 [INFO]  Epoch[3] Train-cross-entropy=0.889808
2024-04-11 17:36:16,220 [INFO]  Epoch[3] Train-CONTROL_RISK-accuracy=3.625000
2024-04-11 17:36:16,220 [INFO]  Epoch[3] Time cost=0.039
2024-04-11 17:36:16,224 [INFO]  Saved checkpoint to "./imputer_model/32_audit/imputer_model_CONTROL_RISK/model-0003.params"
2024-04-11 17:36:16,243 [INFO]  Epoch[3] Validation-cross-entropy=0.539065
2024-04-11 17:36:16,243 [INFO]  Epoch[3] Validation-CONTROL_RISK-accuracy=0.000000
2024-04-11 17:36:16,549 [INFO]  Epoch[4] Batch [0-18]	Speed: 945.08 samples/sec	cross-entropy=0.235502	CONTROL_RISK-accuracy=3.157895
2024-04-11 17:36:16,561 [INFO]  Epoch[4] Train-cross-entropy=0.650972
2024-04-11 17:36:16,561 [INFO]  Epoch[4] Train-CONTROL_RISK-accuracy=3.625000
2024-04-11 17:36:16,561 [INFO]  Epoch[4] Time cost=0.319
2024-04-11 17:36:16,563 [INFO]  Saved checkpoint to "./imputer_model/32_audit/imputer_model_CONTROL_RISK/model-0004.params"
2024-04-11 17:36:16,565 [INFO]  Epoch[4] Validation-cross-entropy=0.561423
2024-04-11 17:36:16,565 [INFO]  Epoch[4] Validation-CONTROL_RISK-accuracy=0.000000
2024-04-11 17:36:16,565 [INFO]  
========== done (0.616936445236206 s) fit model
2024-04-11 17:36:29,925 [INFO]  
========== start: fit model
2024-04-11 17:36:29,925 [WARNING]  Already bound, ignoring bind()
2024-04-11 17:36:29,938 [INFO]  Epoch[0] Batch [0-18]	Speed: 25982.65 samples/sec	cross-entropy=7.731304	CONTROL_RISK-accuracy=3.263158
2024-04-11 17:36:29,948 [INFO]  Epoch[0] Train-cross-entropy=2.902315
2024-04-11 17:36:29,948 [INFO]  Epoch[0] Train-CONTROL_RISK-accuracy=3.187500
2024-04-11 17:36:29,948 [INFO]  Epoch[0] Time cost=0.022
2024-04-11 17:36:29,949 [INFO]  Saved checkpoint to "./imputer_model/32_audit/imputer_model_CONTROL_RISK/model-0000.params"
2024-04-11 17:36:29,950 [INFO]  Epoch[0] Validation-cross-entropy=0.712483
2024-04-11 17:36:29,950 [INFO]  Epoch[0] Validation-CONTROL_RISK-accuracy=0.000000
2024-04-11 17:36:29,964 [INFO]  Epoch[1] Batch [0-18]	Speed: 22685.96 samples/sec	cross-entropy=5.894280	CONTROL_RISK-accuracy=3.263158
2024-04-11 17:36:30,031 [INFO]  Epoch[1] Train-cross-entropy=2.051146
2024-04-11 17:36:30,031 [INFO]  Epoch[1] Train-CONTROL_RISK-accuracy=3.187500
2024-04-11 17:36:30,031 [INFO]  Epoch[1] Time cost=0.081
2024-04-11 17:36:30,033 [INFO]  Saved checkpoint to "./imputer_model/32_audit/imputer_model_CONTROL_RISK/model-0001.params"
2024-04-11 17:36:30,045 [INFO]  Epoch[1] Validation-cross-entropy=1.107169
2024-04-11 17:36:30,046 [INFO]  Epoch[1] Validation-CONTROL_RISK-accuracy=0.000000
2024-04-11 17:36:30,075 [INFO]  Epoch[2] Batch [0-18]	Speed: 10222.56 samples/sec	cross-entropy=0.838327	CONTROL_RISK-accuracy=3.263158
2024-04-11 17:36:30,089 [INFO]  Epoch[2] Train-cross-entropy=0.465740
2024-04-11 17:36:30,089 [INFO]  Epoch[2] Train-CONTROL_RISK-accuracy=3.187500
2024-04-11 17:36:30,089 [INFO]  Epoch[2] Time cost=0.044
2024-04-11 17:36:30,091 [INFO]  Saved checkpoint to "./imputer_model/32_audit/imputer_model_CONTROL_RISK/model-0002.params"
2024-04-11 17:36:30,092 [INFO]  Epoch[2] Validation-cross-entropy=0.364435
2024-04-11 17:36:30,092 [INFO]  Epoch[2] Validation-CONTROL_RISK-accuracy=0.000000
2024-04-11 17:36:30,110 [INFO]  Epoch[3] Batch [0-18]	Speed: 17255.58 samples/sec	cross-entropy=0.369261	CONTROL_RISK-accuracy=3.263158
2024-04-11 17:36:30,193 [INFO]  Epoch[3] Train-cross-entropy=0.289885
2024-04-11 17:36:30,193 [INFO]  Epoch[3] Train-CONTROL_RISK-accuracy=3.187500
2024-04-11 17:36:30,193 [INFO]  Epoch[3] Time cost=0.101
2024-04-11 17:36:30,197 [INFO]  Saved checkpoint to "./imputer_model/32_audit/imputer_model_CONTROL_RISK/model-0003.params"
2024-04-11 17:36:30,215 [INFO]  Epoch[3] Validation-cross-entropy=0.270888
2024-04-11 17:36:30,215 [INFO]  Epoch[3] Validation-CONTROL_RISK-accuracy=0.000000
2024-04-11 17:36:30,445 [INFO]  Epoch[4] Batch [0-18]	Speed: 3935.25 samples/sec	cross-entropy=0.241936	CONTROL_RISK-accuracy=3.263158
2024-04-11 17:36:30,459 [INFO]  Epoch[4] Train-cross-entropy=0.398309
2024-04-11 17:36:30,459 [INFO]  Epoch[4] Train-CONTROL_RISK-accuracy=3.187500
2024-04-11 17:36:30,459 [INFO]  Epoch[4] Time cost=0.244
2024-04-11 17:36:30,461 [INFO]  Saved checkpoint to "./imputer_model/32_audit/imputer_model_CONTROL_RISK/model-0004.params"
2024-04-11 17:36:30,462 [INFO]  Epoch[4] Validation-cross-entropy=0.280487
2024-04-11 17:36:30,462 [INFO]  Epoch[4] Validation-CONTROL_RISK-accuracy=0.000000
2024-04-11 17:36:30,462 [INFO]  
========== done (0.5370268821716309 s) fit model
2024-04-11 17:36:43,683 [INFO]  
========== start: fit model
2024-04-11 17:36:43,683 [WARNING]  Already bound, ignoring bind()
2024-04-11 17:36:43,696 [INFO]  Epoch[0] Batch [0-18]	Speed: 26544.48 samples/sec	cross-entropy=6.007918	CONTROL_RISK-accuracy=0.000000
2024-04-11 17:36:43,712 [INFO]  Epoch[0] Train-cross-entropy=4.420094
2024-04-11 17:36:43,712 [INFO]  Epoch[0] Train-CONTROL_RISK-accuracy=0.000000
2024-04-11 17:36:43,712 [INFO]  Epoch[0] Time cost=0.027
2024-04-11 17:36:43,713 [INFO]  Saved checkpoint to "./imputer_model/32_audit/imputer_model_CONTROL_RISK/model-0000.params"
2024-04-11 17:36:43,715 [INFO]  Epoch[0] Validation-cross-entropy=0.665127
2024-04-11 17:36:43,715 [INFO]  Epoch[0] Validation-CONTROL_RISK-accuracy=0.000000
2024-04-11 17:36:43,730 [INFO]  Epoch[1] Batch [0-18]	Speed: 20972.98 samples/sec	cross-entropy=1.112583	CONTROL_RISK-accuracy=0.000000
2024-04-11 17:36:43,743 [INFO]  Epoch[1] Train-cross-entropy=0.841971
2024-04-11 17:36:43,743 [INFO]  Epoch[1] Train-CONTROL_RISK-accuracy=0.000000
2024-04-11 17:36:43,743 [INFO]  Epoch[1] Time cost=0.027
2024-04-11 17:36:43,744 [INFO]  Saved checkpoint to "./imputer_model/32_audit/imputer_model_CONTROL_RISK/model-0001.params"
2024-04-11 17:36:43,746 [INFO]  Epoch[1] Validation-cross-entropy=0.287910
2024-04-11 17:36:43,746 [INFO]  Epoch[1] Validation-CONTROL_RISK-accuracy=0.000000
2024-04-11 17:36:43,757 [INFO]  Epoch[2] Batch [0-18]	Speed: 27613.03 samples/sec	cross-entropy=0.554456	CONTROL_RISK-accuracy=0.000000
2024-04-11 17:36:43,767 [INFO]  Epoch[2] Train-cross-entropy=0.321700
2024-04-11 17:36:43,767 [INFO]  Epoch[2] Train-CONTROL_RISK-accuracy=0.000000
2024-04-11 17:36:43,767 [INFO]  Epoch[2] Time cost=0.021
2024-04-11 17:36:43,768 [INFO]  Saved checkpoint to "./imputer_model/32_audit/imputer_model_CONTROL_RISK/model-0002.params"
2024-04-11 17:36:43,769 [INFO]  Epoch[2] Validation-cross-entropy=0.229530
2024-04-11 17:36:43,770 [INFO]  Epoch[2] Validation-CONTROL_RISK-accuracy=0.000000
2024-04-11 17:36:43,781 [INFO]  Epoch[3] Batch [0-18]	Speed: 27692.16 samples/sec	cross-entropy=0.754740	CONTROL_RISK-accuracy=0.000000
2024-04-11 17:36:43,790 [INFO]  Epoch[3] Train-cross-entropy=1.669127
2024-04-11 17:36:43,790 [INFO]  Epoch[3] Train-CONTROL_RISK-accuracy=0.000000
2024-04-11 17:36:43,790 [INFO]  Epoch[3] Time cost=0.020
2024-04-11 17:36:43,791 [INFO]  Saved checkpoint to "./imputer_model/32_audit/imputer_model_CONTROL_RISK/model-0003.params"
2024-04-11 17:36:43,793 [INFO]  Epoch[3] Validation-cross-entropy=0.239941
2024-04-11 17:36:43,793 [INFO]  Epoch[3] Validation-CONTROL_RISK-accuracy=0.000000
2024-04-11 17:36:43,804 [INFO]  Epoch[4] Batch [0-18]	Speed: 27678.20 samples/sec	cross-entropy=0.771467	CONTROL_RISK-accuracy=0.000000
2024-04-11 17:36:43,813 [INFO]  Epoch[4] Train-cross-entropy=1.849368
2024-04-11 17:36:43,813 [INFO]  Epoch[4] Train-CONTROL_RISK-accuracy=0.000000
2024-04-11 17:36:43,813 [INFO]  Epoch[4] Time cost=0.020
2024-04-11 17:36:43,815 [INFO]  Saved checkpoint to "./imputer_model/32_audit/imputer_model_CONTROL_RISK/model-0004.params"
2024-04-11 17:36:43,816 [INFO]  Epoch[4] Validation-cross-entropy=0.427024
2024-04-11 17:36:43,817 [INFO]  Epoch[4] Validation-CONTROL_RISK-accuracy=0.000000
2024-04-11 17:36:43,817 [INFO]  
========== done (0.13344693183898926 s) fit model
2024-04-11 17:37:01,733 [INFO]  
========== start: fit model
2024-04-11 17:37:01,734 [WARNING]  Already bound, ignoring bind()
2024-04-11 17:37:01,753 [INFO]  Epoch[0] Batch [0-18]	Speed: 19920.18 samples/sec	cross-entropy=10.285780	CONTROL_RISK-accuracy=0.000000
2024-04-11 17:37:01,786 [INFO]  Epoch[0] Train-cross-entropy=2.305758
2024-04-11 17:37:01,786 [INFO]  Epoch[0] Train-CONTROL_RISK-accuracy=0.000000
2024-04-11 17:37:01,786 [INFO]  Epoch[0] Time cost=0.051
2024-04-11 17:37:01,788 [INFO]  Saved checkpoint to "./imputer_model/32_audit/imputer_model_CONTROL_RISK/model-0000.params"
2024-04-11 17:37:01,790 [INFO]  Epoch[0] Validation-cross-entropy=2.236267
2024-04-11 17:37:01,790 [INFO]  Epoch[0] Validation-CONTROL_RISK-accuracy=0.000000
2024-04-11 17:37:01,805 [INFO]  Epoch[1] Batch [0-18]	Speed: 20701.96 samples/sec	cross-entropy=1.770394	CONTROL_RISK-accuracy=0.000000
2024-04-11 17:37:01,852 [INFO]  Epoch[1] Train-cross-entropy=0.788322
2024-04-11 17:37:01,853 [INFO]  Epoch[1] Train-CONTROL_RISK-accuracy=0.000000
2024-04-11 17:37:01,853 [INFO]  Epoch[1] Time cost=0.063
2024-04-11 17:37:01,854 [INFO]  Saved checkpoint to "./imputer_model/32_audit/imputer_model_CONTROL_RISK/model-0001.params"
2024-04-11 17:37:01,856 [INFO]  Epoch[1] Validation-cross-entropy=0.723136
2024-04-11 17:37:01,856 [INFO]  Epoch[1] Validation-CONTROL_RISK-accuracy=0.000000
2024-04-11 17:37:01,871 [INFO]  Epoch[2] Batch [0-18]	Speed: 20364.82 samples/sec	cross-entropy=0.759780	CONTROL_RISK-accuracy=0.000000
2024-04-11 17:37:01,887 [INFO]  Epoch[2] Train-cross-entropy=0.675805
2024-04-11 17:37:01,887 [INFO]  Epoch[2] Train-CONTROL_RISK-accuracy=0.000000
2024-04-11 17:37:01,887 [INFO]  Epoch[2] Time cost=0.031
2024-04-11 17:37:01,889 [INFO]  Saved checkpoint to "./imputer_model/32_audit/imputer_model_CONTROL_RISK/model-0002.params"
2024-04-11 17:37:01,890 [INFO]  Epoch[2] Validation-cross-entropy=1.988923
2024-04-11 17:37:01,890 [INFO]  Epoch[2] Validation-CONTROL_RISK-accuracy=0.000000
2024-04-11 17:37:01,915 [INFO]  Epoch[3] Batch [0-18]	Speed: 12037.82 samples/sec	cross-entropy=0.476940	CONTROL_RISK-accuracy=0.000000
2024-04-11 17:37:01,933 [INFO]  Epoch[3] Train-cross-entropy=0.383154
2024-04-11 17:37:01,933 [INFO]  Epoch[3] Train-CONTROL_RISK-accuracy=0.000000
2024-04-11 17:37:01,933 [INFO]  Epoch[3] Time cost=0.043
2024-04-11 17:37:01,935 [INFO]  Saved checkpoint to "./imputer_model/32_audit/imputer_model_CONTROL_RISK/model-0003.params"
2024-04-11 17:37:01,937 [INFO]  Epoch[3] Validation-cross-entropy=0.497010
2024-04-11 17:37:01,937 [INFO]  Epoch[3] Validation-CONTROL_RISK-accuracy=0.000000
2024-04-11 17:37:01,960 [INFO]  Epoch[4] Batch [0-18]	Speed: 13714.03 samples/sec	cross-entropy=0.311846	CONTROL_RISK-accuracy=0.000000
2024-04-11 17:37:01,980 [INFO]  Epoch[4] Train-cross-entropy=0.161531
2024-04-11 17:37:01,980 [INFO]  Epoch[4] Train-CONTROL_RISK-accuracy=0.000000
2024-04-11 17:37:01,980 [INFO]  Epoch[4] Time cost=0.042
2024-04-11 17:37:01,982 [INFO]  Saved checkpoint to "./imputer_model/32_audit/imputer_model_CONTROL_RISK/model-0004.params"
2024-04-11 17:37:01,984 [INFO]  Epoch[4] Validation-cross-entropy=0.427958
2024-04-11 17:37:01,984 [INFO]  Epoch[4] Validation-CONTROL_RISK-accuracy=0.000000
2024-04-11 17:37:01,984 [INFO]  
========== done (0.2508251667022705 s) fit model
2024-04-11 17:37:14,993 [INFO]  
========== start: fit model
2024-04-11 17:37:14,993 [WARNING]  Already bound, ignoring bind()
2024-04-11 17:37:15,076 [INFO]  Epoch[0] Batch [0-18]	Speed: 4341.74 samples/sec	cross-entropy=15.694021	CONTROL_RISK-accuracy=0.000000
2024-04-11 17:37:15,175 [INFO]  Epoch[0] Train-cross-entropy=8.175235
2024-04-11 17:37:15,176 [INFO]  Epoch[0] Train-CONTROL_RISK-accuracy=0.000000
2024-04-11 17:37:15,176 [INFO]  Epoch[0] Time cost=0.182
2024-04-11 17:37:15,178 [INFO]  Saved checkpoint to "./imputer_model/32_audit/imputer_model_CONTROL_RISK/model-0000.params"
2024-04-11 17:37:15,182 [INFO]  Epoch[0] Validation-cross-entropy=0.788115
2024-04-11 17:37:15,182 [INFO]  Epoch[0] Validation-CONTROL_RISK-accuracy=0.000000
2024-04-11 17:37:15,298 [INFO]  Epoch[1] Batch [0-18]	Speed: 2532.53 samples/sec	cross-entropy=2.233029	CONTROL_RISK-accuracy=0.000000
2024-04-11 17:37:15,321 [INFO]  Epoch[1] Train-cross-entropy=2.821428
2024-04-11 17:37:15,321 [INFO]  Epoch[1] Train-CONTROL_RISK-accuracy=0.000000
2024-04-11 17:37:15,321 [INFO]  Epoch[1] Time cost=0.139
2024-04-11 17:37:15,323 [INFO]  Saved checkpoint to "./imputer_model/32_audit/imputer_model_CONTROL_RISK/model-0001.params"
2024-04-11 17:37:15,325 [INFO]  Epoch[1] Validation-cross-entropy=0.482110
2024-04-11 17:37:15,325 [INFO]  Epoch[1] Validation-CONTROL_RISK-accuracy=0.000000
2024-04-11 17:37:15,339 [INFO]  Epoch[2] Batch [0-18]	Speed: 21755.24 samples/sec	cross-entropy=1.396365	CONTROL_RISK-accuracy=0.000000
2024-04-11 17:37:15,356 [INFO]  Epoch[2] Train-cross-entropy=1.020561
2024-04-11 17:37:15,356 [INFO]  Epoch[2] Train-CONTROL_RISK-accuracy=0.000000
2024-04-11 17:37:15,356 [INFO]  Epoch[2] Time cost=0.031
2024-04-11 17:37:15,358 [INFO]  Saved checkpoint to "./imputer_model/32_audit/imputer_model_CONTROL_RISK/model-0002.params"
2024-04-11 17:37:15,360 [INFO]  Epoch[2] Validation-cross-entropy=0.288943
2024-04-11 17:37:15,360 [INFO]  Epoch[2] Validation-CONTROL_RISK-accuracy=0.000000
2024-04-11 17:37:15,374 [INFO]  Epoch[3] Batch [0-18]	Speed: 21220.57 samples/sec	cross-entropy=0.573638	CONTROL_RISK-accuracy=0.000000
2024-04-11 17:37:15,394 [INFO]  Epoch[3] Train-cross-entropy=0.419343
2024-04-11 17:37:15,394 [INFO]  Epoch[3] Train-CONTROL_RISK-accuracy=0.000000
2024-04-11 17:37:15,394 [INFO]  Epoch[3] Time cost=0.035
2024-04-11 17:37:15,396 [INFO]  Saved checkpoint to "./imputer_model/32_audit/imputer_model_CONTROL_RISK/model-0003.params"
2024-04-11 17:37:15,399 [INFO]  Epoch[3] Validation-cross-entropy=0.187488
2024-04-11 17:37:15,399 [INFO]  Epoch[3] Validation-CONTROL_RISK-accuracy=0.000000
2024-04-11 17:37:15,422 [INFO]  Epoch[4] Batch [0-18]	Speed: 12905.96 samples/sec	cross-entropy=0.331434	CONTROL_RISK-accuracy=0.000000
2024-04-11 17:37:15,500 [INFO]  Epoch[4] Train-cross-entropy=0.204052
2024-04-11 17:37:15,500 [INFO]  Epoch[4] Train-CONTROL_RISK-accuracy=0.000000
2024-04-11 17:37:15,500 [INFO]  Epoch[4] Time cost=0.101
2024-04-11 17:37:15,502 [INFO]  Saved checkpoint to "./imputer_model/32_audit/imputer_model_CONTROL_RISK/model-0004.params"
2024-04-11 17:37:15,582 [INFO]  Epoch[4] Validation-cross-entropy=0.135646
2024-04-11 17:37:15,582 [INFO]  Epoch[4] Validation-CONTROL_RISK-accuracy=0.000000
2024-04-11 17:37:15,582 [INFO]  
========== done (0.5894894599914551 s) fit model
2024-04-11 17:37:30,046 [INFO]  
========== start: fit model
2024-04-11 17:37:30,046 [WARNING]  Already bound, ignoring bind()
2024-04-11 17:37:30,091 [INFO]  Epoch[0] Batch [0-18]	Speed: 7717.06 samples/sec	cross-entropy=13.422601	CONTROL_RISK-accuracy=3.368421
2024-04-11 17:37:30,185 [INFO]  Epoch[0] Train-cross-entropy=5.341417
2024-04-11 17:37:30,186 [INFO]  Epoch[0] Train-CONTROL_RISK-accuracy=3.437500
2024-04-11 17:37:30,186 [INFO]  Epoch[0] Time cost=0.139
2024-04-11 17:37:30,188 [INFO]  Saved checkpoint to "./imputer_model/32_audit/imputer_model_CONTROL_RISK/model-0000.params"
2024-04-11 17:37:30,190 [INFO]  Epoch[0] Validation-cross-entropy=1.233777
2024-04-11 17:37:30,190 [INFO]  Epoch[0] Validation-CONTROL_RISK-accuracy=0.000000
2024-04-11 17:37:30,234 [INFO]  Epoch[1] Batch [0-18]	Speed: 6784.73 samples/sec	cross-entropy=2.235416	CONTROL_RISK-accuracy=3.368421
2024-04-11 17:37:30,434 [INFO]  Epoch[1] Train-cross-entropy=2.488389
2024-04-11 17:37:30,434 [INFO]  Epoch[1] Train-CONTROL_RISK-accuracy=3.437500
2024-04-11 17:37:30,434 [INFO]  Epoch[1] Time cost=0.244
2024-04-11 17:37:30,437 [INFO]  Saved checkpoint to "./imputer_model/32_audit/imputer_model_CONTROL_RISK/model-0001.params"
2024-04-11 17:37:30,439 [INFO]  Epoch[1] Validation-cross-entropy=2.755650
2024-04-11 17:37:30,439 [INFO]  Epoch[1] Validation-CONTROL_RISK-accuracy=0.000000
2024-04-11 17:37:30,459 [INFO]  Epoch[2] Batch [0-18]	Speed: 15204.79 samples/sec	cross-entropy=1.480173	CONTROL_RISK-accuracy=3.368421
2024-04-11 17:37:30,477 [INFO]  Epoch[2] Train-cross-entropy=0.819439
2024-04-11 17:37:30,477 [INFO]  Epoch[2] Train-CONTROL_RISK-accuracy=3.437500
2024-04-11 17:37:30,477 [INFO]  Epoch[2] Time cost=0.038
2024-04-11 17:37:30,479 [INFO]  Saved checkpoint to "./imputer_model/32_audit/imputer_model_CONTROL_RISK/model-0002.params"
2024-04-11 17:37:30,482 [INFO]  Epoch[2] Validation-cross-entropy=1.106552
2024-04-11 17:37:30,482 [INFO]  Epoch[2] Validation-CONTROL_RISK-accuracy=0.000000
2024-04-11 17:37:30,503 [INFO]  Epoch[3] Batch [0-18]	Speed: 14673.77 samples/sec	cross-entropy=0.743743	CONTROL_RISK-accuracy=3.368421
2024-04-11 17:37:30,529 [INFO]  Epoch[3] Train-cross-entropy=0.395640
2024-04-11 17:37:30,529 [INFO]  Epoch[3] Train-CONTROL_RISK-accuracy=3.437500
2024-04-11 17:37:30,529 [INFO]  Epoch[3] Time cost=0.047
2024-04-11 17:37:30,531 [INFO]  Saved checkpoint to "./imputer_model/32_audit/imputer_model_CONTROL_RISK/model-0003.params"
2024-04-11 17:37:30,533 [INFO]  Epoch[3] Validation-cross-entropy=3.425823
2024-04-11 17:37:30,533 [INFO]  Epoch[3] Validation-CONTROL_RISK-accuracy=0.000000
2024-04-11 17:37:30,547 [INFO]  Epoch[4] Batch [0-18]	Speed: 21241.46 samples/sec	cross-entropy=0.533692	CONTROL_RISK-accuracy=3.368421
2024-04-11 17:37:30,560 [INFO]  Epoch[4] Train-cross-entropy=0.547807
2024-04-11 17:37:30,560 [INFO]  Epoch[4] Train-CONTROL_RISK-accuracy=3.437500
2024-04-11 17:37:30,560 [INFO]  Epoch[4] Time cost=0.027
2024-04-11 17:37:30,562 [INFO]  Saved checkpoint to "./imputer_model/32_audit/imputer_model_CONTROL_RISK/model-0004.params"
2024-04-11 17:37:30,564 [INFO]  Epoch[4] Validation-cross-entropy=2.838084
2024-04-11 17:37:30,564 [INFO]  Epoch[4] Validation-CONTROL_RISK-accuracy=0.000000
2024-04-11 17:37:30,564 [INFO]  
========== done (0.5180728435516357 s) fit model
2024-04-11 17:37:46,841 [INFO]  
========== start: fit model
2024-04-11 17:37:46,842 [WARNING]  Already bound, ignoring bind()
2024-04-11 17:37:46,868 [INFO]  Epoch[0] Batch [0-18]	Speed: 12153.73 samples/sec	cross-entropy=7.154383	CONTROL_RISK-accuracy=2.842105
2024-04-11 17:37:46,880 [INFO]  Epoch[0] Train-cross-entropy=2.908467
2024-04-11 17:37:46,880 [INFO]  Epoch[0] Train-CONTROL_RISK-accuracy=3.937500
2024-04-11 17:37:46,880 [INFO]  Epoch[0] Time cost=0.037
2024-04-11 17:37:46,881 [INFO]  Saved checkpoint to "./imputer_model/32_audit/imputer_model_CONTROL_RISK/model-0000.params"
2024-04-11 17:37:46,883 [INFO]  Epoch[0] Validation-cross-entropy=4.622063
2024-04-11 17:37:46,883 [INFO]  Epoch[0] Validation-CONTROL_RISK-accuracy=0.000000
2024-04-11 17:37:46,906 [INFO]  Epoch[1] Batch [0-18]	Speed: 12884.90 samples/sec	cross-entropy=2.876293	CONTROL_RISK-accuracy=2.842105
2024-04-11 17:37:46,920 [INFO]  Epoch[1] Train-cross-entropy=1.603018
2024-04-11 17:37:46,920 [INFO]  Epoch[1] Train-CONTROL_RISK-accuracy=3.937500
2024-04-11 17:37:46,920 [INFO]  Epoch[1] Time cost=0.038
2024-04-11 17:37:46,922 [INFO]  Saved checkpoint to "./imputer_model/32_audit/imputer_model_CONTROL_RISK/model-0001.params"
2024-04-11 17:37:46,923 [INFO]  Epoch[1] Validation-cross-entropy=1.585877
2024-04-11 17:37:46,923 [INFO]  Epoch[1] Validation-CONTROL_RISK-accuracy=0.000000
2024-04-11 17:37:46,935 [INFO]  Epoch[2] Batch [0-18]	Speed: 27313.33 samples/sec	cross-entropy=0.957551	CONTROL_RISK-accuracy=2.842105
2024-04-11 17:37:46,944 [INFO]  Epoch[2] Train-cross-entropy=1.199869
2024-04-11 17:37:46,944 [INFO]  Epoch[2] Train-CONTROL_RISK-accuracy=3.937500
2024-04-11 17:37:46,944 [INFO]  Epoch[2] Time cost=0.021
2024-04-11 17:37:46,945 [INFO]  Saved checkpoint to "./imputer_model/32_audit/imputer_model_CONTROL_RISK/model-0002.params"
2024-04-11 17:37:46,947 [INFO]  Epoch[2] Validation-cross-entropy=1.297934
2024-04-11 17:37:46,947 [INFO]  Epoch[2] Validation-CONTROL_RISK-accuracy=0.000000
2024-04-11 17:37:46,958 [INFO]  Epoch[3] Batch [0-18]	Speed: 28219.40 samples/sec	cross-entropy=0.622259	CONTROL_RISK-accuracy=2.842105
2024-04-11 17:37:46,967 [INFO]  Epoch[3] Train-cross-entropy=0.549293
2024-04-11 17:37:46,967 [INFO]  Epoch[3] Train-CONTROL_RISK-accuracy=3.937500
2024-04-11 17:37:46,967 [INFO]  Epoch[3] Time cost=0.020
2024-04-11 17:37:46,969 [INFO]  Saved checkpoint to "./imputer_model/32_audit/imputer_model_CONTROL_RISK/model-0003.params"
2024-04-11 17:37:46,970 [INFO]  Epoch[3] Validation-cross-entropy=0.929895
2024-04-11 17:37:46,970 [INFO]  Epoch[3] Validation-CONTROL_RISK-accuracy=0.000000
2024-04-11 17:37:46,981 [INFO]  Epoch[4] Batch [0-18]	Speed: 28322.62 samples/sec	cross-entropy=0.372130	CONTROL_RISK-accuracy=2.842105
2024-04-11 17:37:46,990 [INFO]  Epoch[4] Train-cross-entropy=0.531177
2024-04-11 17:37:46,990 [INFO]  Epoch[4] Train-CONTROL_RISK-accuracy=3.937500
2024-04-11 17:37:46,990 [INFO]  Epoch[4] Time cost=0.020
2024-04-11 17:37:46,992 [INFO]  Saved checkpoint to "./imputer_model/32_audit/imputer_model_CONTROL_RISK/model-0004.params"
2024-04-11 17:37:46,993 [INFO]  Epoch[4] Validation-cross-entropy=0.823234
2024-04-11 17:37:46,993 [INFO]  Epoch[4] Validation-CONTROL_RISK-accuracy=0.000000
2024-04-11 17:37:46,993 [INFO]  
========== done (0.1519463062286377 s) fit model
2024-04-11 17:38:03,524 [INFO]  
========== start: fit model
2024-04-11 17:38:03,524 [WARNING]  Already bound, ignoring bind()
2024-04-11 17:38:03,540 [INFO]  Epoch[0] Batch [0-18]	Speed: 21410.13 samples/sec	cross-entropy=10.538847	CONTROL_RISK-accuracy=3.631579
2024-04-11 17:38:03,592 [INFO]  Epoch[0] Train-cross-entropy=4.227636
2024-04-11 17:38:03,592 [INFO]  Epoch[0] Train-CONTROL_RISK-accuracy=3.250000
2024-04-11 17:38:03,592 [INFO]  Epoch[0] Time cost=0.067
2024-04-11 17:38:03,594 [INFO]  Saved checkpoint to "./imputer_model/32_audit/imputer_model_CONTROL_RISK/model-0000.params"
2024-04-11 17:38:03,595 [INFO]  Epoch[0] Validation-cross-entropy=1.493620
2024-04-11 17:38:03,595 [INFO]  Epoch[0] Validation-CONTROL_RISK-accuracy=0.000000
2024-04-11 17:38:03,615 [INFO]  Epoch[1] Batch [0-18]	Speed: 15033.91 samples/sec	cross-entropy=2.170373	CONTROL_RISK-accuracy=3.631579
2024-04-11 17:38:03,653 [INFO]  Epoch[1] Train-cross-entropy=1.172772
2024-04-11 17:38:03,653 [INFO]  Epoch[1] Train-CONTROL_RISK-accuracy=3.250000
2024-04-11 17:38:03,653 [INFO]  Epoch[1] Time cost=0.058
2024-04-11 17:38:03,656 [INFO]  Saved checkpoint to "./imputer_model/32_audit/imputer_model_CONTROL_RISK/model-0001.params"
2024-04-11 17:38:03,669 [INFO]  Epoch[1] Validation-cross-entropy=0.481973
2024-04-11 17:38:03,669 [INFO]  Epoch[1] Validation-CONTROL_RISK-accuracy=0.000000
2024-04-11 17:38:03,704 [INFO]  Epoch[2] Batch [0-18]	Speed: 8780.69 samples/sec	cross-entropy=0.936802	CONTROL_RISK-accuracy=3.631579
2024-04-11 17:38:03,716 [INFO]  Epoch[2] Train-cross-entropy=0.521387
2024-04-11 17:38:03,716 [INFO]  Epoch[2] Train-CONTROL_RISK-accuracy=3.250000
2024-04-11 17:38:03,716 [INFO]  Epoch[2] Time cost=0.047
2024-04-11 17:38:03,718 [INFO]  Saved checkpoint to "./imputer_model/32_audit/imputer_model_CONTROL_RISK/model-0002.params"
2024-04-11 17:38:03,737 [INFO]  Epoch[2] Validation-cross-entropy=0.354489
2024-04-11 17:38:03,737 [INFO]  Epoch[2] Validation-CONTROL_RISK-accuracy=0.000000
2024-04-11 17:38:03,752 [INFO]  Epoch[3] Batch [0-18]	Speed: 20862.86 samples/sec	cross-entropy=0.968481	CONTROL_RISK-accuracy=3.631579
2024-04-11 17:38:03,770 [INFO]  Epoch[3] Train-cross-entropy=0.593447
2024-04-11 17:38:03,770 [INFO]  Epoch[3] Train-CONTROL_RISK-accuracy=3.250000
2024-04-11 17:38:03,770 [INFO]  Epoch[3] Time cost=0.032
2024-04-11 17:38:03,771 [INFO]  Saved checkpoint to "./imputer_model/32_audit/imputer_model_CONTROL_RISK/model-0003.params"
2024-04-11 17:38:03,773 [INFO]  Epoch[3] Validation-cross-entropy=0.162927
2024-04-11 17:38:03,773 [INFO]  Epoch[3] Validation-CONTROL_RISK-accuracy=0.000000
2024-04-11 17:38:03,835 [INFO]  Epoch[4] Batch [0-18]	Speed: 4715.72 samples/sec	cross-entropy=0.464150	CONTROL_RISK-accuracy=3.631579
2024-04-11 17:38:03,849 [INFO]  Epoch[4] Train-cross-entropy=0.299365
2024-04-11 17:38:03,849 [INFO]  Epoch[4] Train-CONTROL_RISK-accuracy=3.250000
2024-04-11 17:38:03,850 [INFO]  Epoch[4] Time cost=0.076
2024-04-11 17:38:03,852 [INFO]  Saved checkpoint to "./imputer_model/32_audit/imputer_model_CONTROL_RISK/model-0004.params"
2024-04-11 17:38:03,858 [INFO]  Epoch[4] Validation-cross-entropy=0.519751
2024-04-11 17:38:03,859 [INFO]  Epoch[4] Validation-CONTROL_RISK-accuracy=0.000000
2024-04-11 17:38:03,859 [INFO]  
========== done (0.33441925048828125 s) fit model
2024-04-11 17:38:17,978 [INFO]  
========== start: fit model
2024-04-11 17:38:17,978 [WARNING]  Already bound, ignoring bind()
2024-04-11 17:38:18,031 [INFO]  Epoch[0] Batch [0-18]	Speed: 9811.48 samples/sec	cross-entropy=8.453147	CONTROL_RISK-accuracy=3.684211
2024-04-11 17:38:18,053 [INFO]  Epoch[0] Train-cross-entropy=3.293662
2024-04-11 17:38:18,053 [INFO]  Epoch[0] Train-CONTROL_RISK-accuracy=3.062500
2024-04-11 17:38:18,054 [INFO]  Epoch[0] Time cost=0.074
2024-04-11 17:38:18,056 [INFO]  Saved checkpoint to "./imputer_model/32_audit/imputer_model_CONTROL_RISK/model-0000.params"
2024-04-11 17:38:18,058 [INFO]  Epoch[0] Validation-cross-entropy=1.999800
2024-04-11 17:38:18,058 [INFO]  Epoch[0] Validation-CONTROL_RISK-accuracy=0.000000
2024-04-11 17:38:18,112 [INFO]  Epoch[1] Batch [0-18]	Speed: 5510.06 samples/sec	cross-entropy=4.123572	CONTROL_RISK-accuracy=3.684211
2024-04-11 17:38:18,136 [INFO]  Epoch[1] Train-cross-entropy=1.804426
2024-04-11 17:38:18,137 [INFO]  Epoch[1] Train-CONTROL_RISK-accuracy=3.062500
2024-04-11 17:38:18,137 [INFO]  Epoch[1] Time cost=0.078
2024-04-11 17:38:18,138 [INFO]  Saved checkpoint to "./imputer_model/32_audit/imputer_model_CONTROL_RISK/model-0001.params"
2024-04-11 17:38:18,140 [INFO]  Epoch[1] Validation-cross-entropy=1.332534
2024-04-11 17:38:18,140 [INFO]  Epoch[1] Validation-CONTROL_RISK-accuracy=0.000000
2024-04-11 17:38:18,155 [INFO]  Epoch[2] Batch [0-18]	Speed: 21214.98 samples/sec	cross-entropy=0.907199	CONTROL_RISK-accuracy=3.684211
2024-04-11 17:38:18,167 [INFO]  Epoch[2] Train-cross-entropy=1.370252
2024-04-11 17:38:18,167 [INFO]  Epoch[2] Train-CONTROL_RISK-accuracy=3.062500
2024-04-11 17:38:18,167 [INFO]  Epoch[2] Time cost=0.027
2024-04-11 17:38:18,169 [INFO]  Saved checkpoint to "./imputer_model/32_audit/imputer_model_CONTROL_RISK/model-0002.params"
2024-04-11 17:38:18,171 [INFO]  Epoch[2] Validation-cross-entropy=2.085218
2024-04-11 17:38:18,171 [INFO]  Epoch[2] Validation-CONTROL_RISK-accuracy=0.000000
2024-04-11 17:38:18,186 [INFO]  Epoch[3] Batch [0-18]	Speed: 20814.33 samples/sec	cross-entropy=0.653316	CONTROL_RISK-accuracy=3.684211
2024-04-11 17:38:18,198 [INFO]  Epoch[3] Train-cross-entropy=1.279831
2024-04-11 17:38:18,198 [INFO]  Epoch[3] Train-CONTROL_RISK-accuracy=3.062500
2024-04-11 17:38:18,198 [INFO]  Epoch[3] Time cost=0.028
2024-04-11 17:38:18,200 [INFO]  Saved checkpoint to "./imputer_model/32_audit/imputer_model_CONTROL_RISK/model-0003.params"
2024-04-11 17:38:18,203 [INFO]  Epoch[3] Validation-cross-entropy=0.673964
2024-04-11 17:38:18,203 [INFO]  Epoch[3] Validation-CONTROL_RISK-accuracy=0.000000
2024-04-11 17:38:18,246 [INFO]  Epoch[4] Batch [0-18]	Speed: 6995.28 samples/sec	cross-entropy=0.632529	CONTROL_RISK-accuracy=3.684211
2024-04-11 17:38:18,263 [INFO]  Epoch[4] Train-cross-entropy=1.240261
2024-04-11 17:38:18,263 [INFO]  Epoch[4] Train-CONTROL_RISK-accuracy=3.062500
2024-04-11 17:38:18,263 [INFO]  Epoch[4] Time cost=0.060
2024-04-11 17:38:18,265 [INFO]  Saved checkpoint to "./imputer_model/32_audit/imputer_model_CONTROL_RISK/model-0004.params"
2024-04-11 17:38:18,267 [INFO]  Epoch[4] Validation-cross-entropy=1.721412
2024-04-11 17:38:18,267 [INFO]  Epoch[4] Validation-CONTROL_RISK-accuracy=0.000000
2024-04-11 17:38:18,267 [INFO]  
========== done (0.28930044174194336 s) fit model
2024-04-11 17:38:30,247 [INFO]  
========== start: fit model
2024-04-11 17:38:30,247 [WARNING]  Already bound, ignoring bind()
2024-04-11 17:38:30,262 [INFO]  Epoch[0] Batch [0-18]	Speed: 22247.67 samples/sec	cross-entropy=6.652213	CONTROL_RISK-accuracy=0.000000
2024-04-11 17:38:30,274 [INFO]  Epoch[0] Train-cross-entropy=7.330640
2024-04-11 17:38:30,274 [INFO]  Epoch[0] Train-CONTROL_RISK-accuracy=0.000000
2024-04-11 17:38:30,274 [INFO]  Epoch[0] Time cost=0.026
2024-04-11 17:38:30,275 [INFO]  Saved checkpoint to "./imputer_model/32_audit/imputer_model_CONTROL_RISK/model-0000.params"
2024-04-11 17:38:30,277 [INFO]  Epoch[0] Validation-cross-entropy=0.578720
2024-04-11 17:38:30,277 [INFO]  Epoch[0] Validation-CONTROL_RISK-accuracy=0.000000
2024-04-11 17:38:30,292 [INFO]  Epoch[1] Batch [0-18]	Speed: 21856.40 samples/sec	cross-entropy=2.130968	CONTROL_RISK-accuracy=0.000000
2024-04-11 17:38:30,304 [INFO]  Epoch[1] Train-cross-entropy=1.573439
2024-04-11 17:38:30,304 [INFO]  Epoch[1] Train-CONTROL_RISK-accuracy=0.000000
2024-04-11 17:38:30,304 [INFO]  Epoch[1] Time cost=0.027
2024-04-11 17:38:30,306 [INFO]  Saved checkpoint to "./imputer_model/32_audit/imputer_model_CONTROL_RISK/model-0001.params"
2024-04-11 17:38:30,307 [INFO]  Epoch[1] Validation-cross-entropy=1.740903
2024-04-11 17:38:30,307 [INFO]  Epoch[1] Validation-CONTROL_RISK-accuracy=0.000000
2024-04-11 17:38:30,321 [INFO]  Epoch[2] Batch [0-18]	Speed: 22025.77 samples/sec	cross-entropy=0.704374	CONTROL_RISK-accuracy=0.000000
2024-04-11 17:38:30,332 [INFO]  Epoch[2] Train-cross-entropy=0.763158
2024-04-11 17:38:30,332 [INFO]  Epoch[2] Train-CONTROL_RISK-accuracy=0.000000
2024-04-11 17:38:30,332 [INFO]  Epoch[2] Time cost=0.025
2024-04-11 17:38:30,334 [INFO]  Saved checkpoint to "./imputer_model/32_audit/imputer_model_CONTROL_RISK/model-0002.params"
2024-04-11 17:38:30,336 [INFO]  Epoch[2] Validation-cross-entropy=0.347356
2024-04-11 17:38:30,336 [INFO]  Epoch[2] Validation-CONTROL_RISK-accuracy=0.000000
2024-04-11 17:38:30,350 [INFO]  Epoch[3] Batch [0-18]	Speed: 21472.55 samples/sec	cross-entropy=1.216281	CONTROL_RISK-accuracy=0.000000
2024-04-11 17:38:30,363 [INFO]  Epoch[3] Train-cross-entropy=0.839438
2024-04-11 17:38:30,363 [INFO]  Epoch[3] Train-CONTROL_RISK-accuracy=0.000000
2024-04-11 17:38:30,363 [INFO]  Epoch[3] Time cost=0.027
2024-04-11 17:38:30,364 [INFO]  Saved checkpoint to "./imputer_model/32_audit/imputer_model_CONTROL_RISK/model-0003.params"
2024-04-11 17:38:30,366 [INFO]  Epoch[3] Validation-cross-entropy=0.192955
2024-04-11 17:38:30,366 [INFO]  Epoch[3] Validation-CONTROL_RISK-accuracy=0.000000
2024-04-11 17:38:30,380 [INFO]  Epoch[4] Batch [0-18]	Speed: 22671.06 samples/sec	cross-entropy=0.415153	CONTROL_RISK-accuracy=0.000000
2024-04-11 17:38:30,391 [INFO]  Epoch[4] Train-cross-entropy=0.260271
2024-04-11 17:38:30,391 [INFO]  Epoch[4] Train-CONTROL_RISK-accuracy=0.000000
2024-04-11 17:38:30,391 [INFO]  Epoch[4] Time cost=0.025
2024-04-11 17:38:30,392 [INFO]  Saved checkpoint to "./imputer_model/32_audit/imputer_model_CONTROL_RISK/model-0004.params"
2024-04-11 17:38:30,394 [INFO]  Epoch[4] Validation-cross-entropy=0.160049
2024-04-11 17:38:30,394 [INFO]  Epoch[4] Validation-CONTROL_RISK-accuracy=0.000000
2024-04-11 17:38:30,394 [INFO]  
========== done (0.14740347862243652 s) fit model
2024-04-11 17:38:45,433 [INFO]  
========== start: fit model
2024-04-11 17:38:45,433 [WARNING]  Already bound, ignoring bind()
2024-04-11 17:38:45,460 [INFO]  Epoch[0] Batch [0-18]	Speed: 20302.86 samples/sec	cross-entropy=8.807226	CONTROL_RISK-accuracy=0.000000
2024-04-11 17:38:45,508 [INFO]  Epoch[0] Train-cross-entropy=2.597800
2024-04-11 17:38:45,508 [INFO]  Epoch[0] Train-CONTROL_RISK-accuracy=0.000000
2024-04-11 17:38:45,508 [INFO]  Epoch[0] Time cost=0.074
2024-04-11 17:38:45,510 [INFO]  Saved checkpoint to "./imputer_model/32_audit/imputer_model_CONTROL_RISK/model-0000.params"
2024-04-11 17:38:45,511 [INFO]  Epoch[0] Validation-cross-entropy=1.960184
2024-04-11 17:38:45,511 [INFO]  Epoch[0] Validation-CONTROL_RISK-accuracy=0.000000
2024-04-11 17:38:45,526 [INFO]  Epoch[1] Batch [0-18]	Speed: 20982.45 samples/sec	cross-entropy=4.037560	CONTROL_RISK-accuracy=0.000000
2024-04-11 17:38:45,540 [INFO]  Epoch[1] Train-cross-entropy=0.983988
2024-04-11 17:38:45,540 [INFO]  Epoch[1] Train-CONTROL_RISK-accuracy=0.000000
2024-04-11 17:38:45,540 [INFO]  Epoch[1] Time cost=0.029
2024-04-11 17:38:45,542 [INFO]  Saved checkpoint to "./imputer_model/32_audit/imputer_model_CONTROL_RISK/model-0001.params"
2024-04-11 17:38:45,544 [INFO]  Epoch[1] Validation-cross-entropy=1.392142
2024-04-11 17:38:45,544 [INFO]  Epoch[1] Validation-CONTROL_RISK-accuracy=0.000000
2024-04-11 17:38:45,581 [INFO]  Epoch[2] Batch [0-18]	Speed: 9027.76 samples/sec	cross-entropy=0.991861	CONTROL_RISK-accuracy=0.000000
2024-04-11 17:38:45,593 [INFO]  Epoch[2] Train-cross-entropy=0.646367
2024-04-11 17:38:45,593 [INFO]  Epoch[2] Train-CONTROL_RISK-accuracy=0.000000
2024-04-11 17:38:45,593 [INFO]  Epoch[2] Time cost=0.049
2024-04-11 17:38:45,595 [INFO]  Saved checkpoint to "./imputer_model/32_audit/imputer_model_CONTROL_RISK/model-0002.params"
2024-04-11 17:38:45,596 [INFO]  Epoch[2] Validation-cross-entropy=0.805080
2024-04-11 17:38:45,597 [INFO]  Epoch[2] Validation-CONTROL_RISK-accuracy=0.000000
2024-04-11 17:38:45,617 [INFO]  Epoch[3] Batch [0-18]	Speed: 14751.18 samples/sec	cross-entropy=1.122164	CONTROL_RISK-accuracy=0.000000
2024-04-11 17:38:45,653 [INFO]  Epoch[3] Train-cross-entropy=0.560160
2024-04-11 17:38:45,653 [INFO]  Epoch[3] Train-CONTROL_RISK-accuracy=0.000000
2024-04-11 17:38:45,653 [INFO]  Epoch[3] Time cost=0.057
2024-04-11 17:38:45,657 [INFO]  Saved checkpoint to "./imputer_model/32_audit/imputer_model_CONTROL_RISK/model-0003.params"
2024-04-11 17:38:45,671 [INFO]  Epoch[3] Validation-cross-entropy=0.584702
2024-04-11 17:38:45,671 [INFO]  Epoch[3] Validation-CONTROL_RISK-accuracy=0.000000
2024-04-11 17:38:45,687 [INFO]  Epoch[4] Batch [0-18]	Speed: 20262.00 samples/sec	cross-entropy=0.773499	CONTROL_RISK-accuracy=0.000000
2024-04-11 17:38:45,718 [INFO]  Epoch[4] Train-cross-entropy=0.350307
2024-04-11 17:38:45,718 [INFO]  Epoch[4] Train-CONTROL_RISK-accuracy=0.000000
2024-04-11 17:38:45,718 [INFO]  Epoch[4] Time cost=0.046
2024-04-11 17:38:45,719 [INFO]  Saved checkpoint to "./imputer_model/32_audit/imputer_model_CONTROL_RISK/model-0004.params"
2024-04-11 17:38:45,721 [INFO]  Epoch[4] Validation-cross-entropy=0.577591
2024-04-11 17:38:45,721 [INFO]  Epoch[4] Validation-CONTROL_RISK-accuracy=0.000000
2024-04-11 17:38:45,721 [INFO]  
========== done (0.2879352569580078 s) fit model
2024-04-11 17:39:02,912 [INFO]  
========== start: fit model
2024-04-11 17:39:02,912 [WARNING]  Already bound, ignoring bind()
2024-04-11 17:39:02,942 [INFO]  Epoch[0] Batch [0-18]	Speed: 10616.81 samples/sec	cross-entropy=12.152079	CONTROL_RISK-accuracy=3.315789
2024-04-11 17:39:02,955 [INFO]  Epoch[0] Train-cross-entropy=7.253846
2024-04-11 17:39:02,955 [INFO]  Epoch[0] Train-CONTROL_RISK-accuracy=3.187500
2024-04-11 17:39:02,955 [INFO]  Epoch[0] Time cost=0.041
2024-04-11 17:39:02,957 [INFO]  Saved checkpoint to "./imputer_model/32_audit/imputer_model_CONTROL_RISK/model-0000.params"
2024-04-11 17:39:02,959 [INFO]  Epoch[0] Validation-cross-entropy=1.943471
2024-04-11 17:39:02,959 [INFO]  Epoch[0] Validation-CONTROL_RISK-accuracy=0.000000
2024-04-11 17:39:02,974 [INFO]  Epoch[1] Batch [0-18]	Speed: 20755.68 samples/sec	cross-entropy=2.533954	CONTROL_RISK-accuracy=3.315789
2024-04-11 17:39:02,995 [INFO]  Epoch[1] Train-cross-entropy=1.839586
2024-04-11 17:39:02,995 [INFO]  Epoch[1] Train-CONTROL_RISK-accuracy=3.187500
2024-04-11 17:39:02,995 [INFO]  Epoch[1] Time cost=0.037
2024-04-11 17:39:02,997 [INFO]  Saved checkpoint to "./imputer_model/32_audit/imputer_model_CONTROL_RISK/model-0001.params"
2024-04-11 17:39:02,999 [INFO]  Epoch[1] Validation-cross-entropy=0.818963
2024-04-11 17:39:02,999 [INFO]  Epoch[1] Validation-CONTROL_RISK-accuracy=0.000000
2024-04-11 17:39:03,046 [INFO]  Epoch[2] Batch [0-18]	Speed: 6285.20 samples/sec	cross-entropy=0.787642	CONTROL_RISK-accuracy=3.315789
2024-04-11 17:39:03,065 [INFO]  Epoch[2] Train-cross-entropy=0.527830
2024-04-11 17:39:03,065 [INFO]  Epoch[2] Train-CONTROL_RISK-accuracy=3.187500
2024-04-11 17:39:03,065 [INFO]  Epoch[2] Time cost=0.066
2024-04-11 17:39:03,068 [INFO]  Saved checkpoint to "./imputer_model/32_audit/imputer_model_CONTROL_RISK/model-0002.params"
2024-04-11 17:39:03,070 [INFO]  Epoch[2] Validation-cross-entropy=0.472291
2024-04-11 17:39:03,070 [INFO]  Epoch[2] Validation-CONTROL_RISK-accuracy=0.000000
2024-04-11 17:39:03,097 [INFO]  Epoch[3] Batch [0-18]	Speed: 11070.01 samples/sec	cross-entropy=0.388673	CONTROL_RISK-accuracy=3.315789
2024-04-11 17:39:03,167 [INFO]  Epoch[3] Train-cross-entropy=0.236638
2024-04-11 17:39:03,167 [INFO]  Epoch[3] Train-CONTROL_RISK-accuracy=3.187500
2024-04-11 17:39:03,167 [INFO]  Epoch[3] Time cost=0.097
2024-04-11 17:39:03,169 [INFO]  Saved checkpoint to "./imputer_model/32_audit/imputer_model_CONTROL_RISK/model-0003.params"
2024-04-11 17:39:03,172 [INFO]  Epoch[3] Validation-cross-entropy=0.244625
2024-04-11 17:39:03,172 [INFO]  Epoch[3] Validation-CONTROL_RISK-accuracy=0.000000
2024-04-11 17:39:03,194 [INFO]  Epoch[4] Batch [0-18]	Speed: 13843.38 samples/sec	cross-entropy=0.309389	CONTROL_RISK-accuracy=3.315789
2024-04-11 17:39:03,235 [INFO]  Epoch[4] Train-cross-entropy=0.246641
2024-04-11 17:39:03,235 [INFO]  Epoch[4] Train-CONTROL_RISK-accuracy=3.187500
2024-04-11 17:39:03,235 [INFO]  Epoch[4] Time cost=0.063
2024-04-11 17:39:03,237 [INFO]  Saved checkpoint to "./imputer_model/32_audit/imputer_model_CONTROL_RISK/model-0004.params"
2024-04-11 17:39:03,239 [INFO]  Epoch[4] Validation-cross-entropy=0.268189
2024-04-11 17:39:03,239 [INFO]  Epoch[4] Validation-CONTROL_RISK-accuracy=0.000000
2024-04-11 17:39:03,239 [INFO]  
========== done (0.3267862796783447 s) fit model
2024-04-11 17:39:17,453 [INFO]  
========== start: fit model
2024-04-11 17:39:17,453 [WARNING]  Already bound, ignoring bind()
2024-04-11 17:39:17,468 [INFO]  Epoch[0] Batch [0-18]	Speed: 23816.71 samples/sec	cross-entropy=14.606912	CONTROL_RISK-accuracy=3.157895
2024-04-11 17:39:17,478 [INFO]  Epoch[0] Train-cross-entropy=3.190586
2024-04-11 17:39:17,478 [INFO]  Epoch[0] Train-CONTROL_RISK-accuracy=3.187500
2024-04-11 17:39:17,478 [INFO]  Epoch[0] Time cost=0.024
2024-04-11 17:39:17,480 [INFO]  Saved checkpoint to "./imputer_model/32_audit/imputer_model_CONTROL_RISK/model-0000.params"
2024-04-11 17:39:17,481 [INFO]  Epoch[0] Validation-cross-entropy=1.966332
2024-04-11 17:39:17,482 [INFO]  Epoch[0] Validation-CONTROL_RISK-accuracy=0.000000
2024-04-11 17:39:17,495 [INFO]  Epoch[1] Batch [0-18]	Speed: 22103.96 samples/sec	cross-entropy=2.518131	CONTROL_RISK-accuracy=3.157895
2024-04-11 17:39:17,508 [INFO]  Epoch[1] Train-cross-entropy=1.305421
2024-04-11 17:39:17,508 [INFO]  Epoch[1] Train-CONTROL_RISK-accuracy=3.187500
2024-04-11 17:39:17,508 [INFO]  Epoch[1] Time cost=0.026
2024-04-11 17:39:17,509 [INFO]  Saved checkpoint to "./imputer_model/32_audit/imputer_model_CONTROL_RISK/model-0001.params"
2024-04-11 17:39:17,511 [INFO]  Epoch[1] Validation-cross-entropy=0.655391
2024-04-11 17:39:17,511 [INFO]  Epoch[1] Validation-CONTROL_RISK-accuracy=0.000000
2024-04-11 17:39:17,523 [INFO]  Epoch[2] Batch [0-18]	Speed: 24813.78 samples/sec	cross-entropy=0.976146	CONTROL_RISK-accuracy=3.157895
2024-04-11 17:39:17,535 [INFO]  Epoch[2] Train-cross-entropy=0.625800
2024-04-11 17:39:17,536 [INFO]  Epoch[2] Train-CONTROL_RISK-accuracy=3.187500
2024-04-11 17:39:17,536 [INFO]  Epoch[2] Time cost=0.025
2024-04-11 17:39:17,538 [INFO]  Saved checkpoint to "./imputer_model/32_audit/imputer_model_CONTROL_RISK/model-0002.params"
2024-04-11 17:39:17,539 [INFO]  Epoch[2] Validation-cross-entropy=0.570989
2024-04-11 17:39:17,539 [INFO]  Epoch[2] Validation-CONTROL_RISK-accuracy=0.000000
2024-04-11 17:39:17,555 [INFO]  Epoch[3] Batch [0-18]	Speed: 19680.98 samples/sec	cross-entropy=0.830304	CONTROL_RISK-accuracy=3.157895
2024-04-11 17:39:17,568 [INFO]  Epoch[3] Train-cross-entropy=0.314003
2024-04-11 17:39:17,569 [INFO]  Epoch[3] Train-CONTROL_RISK-accuracy=3.187500
2024-04-11 17:39:17,569 [INFO]  Epoch[3] Time cost=0.029
2024-04-11 17:39:17,570 [INFO]  Saved checkpoint to "./imputer_model/32_audit/imputer_model_CONTROL_RISK/model-0003.params"
2024-04-11 17:39:17,572 [INFO]  Epoch[3] Validation-cross-entropy=0.470848
2024-04-11 17:39:17,572 [INFO]  Epoch[3] Validation-CONTROL_RISK-accuracy=0.000000
2024-04-11 17:39:17,587 [INFO]  Epoch[4] Batch [0-18]	Speed: 20273.22 samples/sec	cross-entropy=0.621607	CONTROL_RISK-accuracy=3.157895
2024-04-11 17:39:17,602 [INFO]  Epoch[4] Train-cross-entropy=0.268376
2024-04-11 17:39:17,602 [INFO]  Epoch[4] Train-CONTROL_RISK-accuracy=3.187500
2024-04-11 17:39:17,602 [INFO]  Epoch[4] Time cost=0.030
2024-04-11 17:39:17,604 [INFO]  Saved checkpoint to "./imputer_model/32_audit/imputer_model_CONTROL_RISK/model-0004.params"
2024-04-11 17:39:17,605 [INFO]  Epoch[4] Validation-cross-entropy=0.340819
2024-04-11 17:39:17,605 [INFO]  Epoch[4] Validation-CONTROL_RISK-accuracy=0.000000
2024-04-11 17:39:17,605 [INFO]  
========== done (0.15236854553222656 s) fit model
2024-04-11 17:39:38,864 [INFO]  
========== start: fit model
2024-04-11 17:39:38,864 [WARNING]  Already bound, ignoring bind()
2024-04-11 17:39:38,899 [INFO]  Epoch[0] Batch [0-18]	Speed: 23266.68 samples/sec	cross-entropy=10.486478	CONTROL_RISK-accuracy=0.000000
2024-04-11 17:39:38,912 [INFO]  Epoch[0] Train-cross-entropy=3.176410
2024-04-11 17:39:38,912 [INFO]  Epoch[0] Train-CONTROL_RISK-accuracy=0.000000
2024-04-11 17:39:38,912 [INFO]  Epoch[0] Time cost=0.047
2024-04-11 17:39:38,914 [INFO]  Saved checkpoint to "./imputer_model/32_audit/imputer_model_CONTROL_RISK/model-0000.params"
2024-04-11 17:39:38,916 [INFO]  Epoch[0] Validation-cross-entropy=5.487750
2024-04-11 17:39:38,916 [INFO]  Epoch[0] Validation-CONTROL_RISK-accuracy=0.000000
2024-04-11 17:39:38,958 [INFO]  Epoch[1] Batch [0-18]	Speed: 6909.58 samples/sec	cross-entropy=2.318291	CONTROL_RISK-accuracy=0.000000
2024-04-11 17:39:38,984 [INFO]  Epoch[1] Train-cross-entropy=1.379051
2024-04-11 17:39:38,984 [INFO]  Epoch[1] Train-CONTROL_RISK-accuracy=0.000000
2024-04-11 17:39:38,984 [INFO]  Epoch[1] Time cost=0.068
2024-04-11 17:39:38,986 [INFO]  Saved checkpoint to "./imputer_model/32_audit/imputer_model_CONTROL_RISK/model-0001.params"
2024-04-11 17:39:38,988 [INFO]  Epoch[1] Validation-cross-entropy=2.651119
2024-04-11 17:39:38,988 [INFO]  Epoch[1] Validation-CONTROL_RISK-accuracy=0.000000
2024-04-11 17:39:39,011 [INFO]  Epoch[2] Batch [0-18]	Speed: 12931.66 samples/sec	cross-entropy=1.198269	CONTROL_RISK-accuracy=0.000000
2024-04-11 17:39:39,057 [INFO]  Epoch[2] Train-cross-entropy=0.951476
2024-04-11 17:39:39,058 [INFO]  Epoch[2] Train-CONTROL_RISK-accuracy=0.000000
2024-04-11 17:39:39,058 [INFO]  Epoch[2] Time cost=0.070
2024-04-11 17:39:39,059 [INFO]  Saved checkpoint to "./imputer_model/32_audit/imputer_model_CONTROL_RISK/model-0002.params"
2024-04-11 17:39:39,076 [INFO]  Epoch[2] Validation-cross-entropy=6.456341
2024-04-11 17:39:39,076 [INFO]  Epoch[2] Validation-CONTROL_RISK-accuracy=0.000000
2024-04-11 17:39:39,091 [INFO]  Epoch[3] Batch [0-18]	Speed: 20331.23 samples/sec	cross-entropy=0.859291	CONTROL_RISK-accuracy=0.000000
2024-04-11 17:39:39,104 [INFO]  Epoch[3] Train-cross-entropy=0.613494
2024-04-11 17:39:39,104 [INFO]  Epoch[3] Train-CONTROL_RISK-accuracy=0.000000
2024-04-11 17:39:39,104 [INFO]  Epoch[3] Time cost=0.029
2024-04-11 17:39:39,106 [INFO]  Saved checkpoint to "./imputer_model/32_audit/imputer_model_CONTROL_RISK/model-0003.params"
2024-04-11 17:39:39,108 [INFO]  Epoch[3] Validation-cross-entropy=3.565205
2024-04-11 17:39:39,108 [INFO]  Epoch[3] Validation-CONTROL_RISK-accuracy=0.000000
2024-04-11 17:39:39,131 [INFO]  Epoch[4] Batch [0-18]	Speed: 13342.02 samples/sec	cross-entropy=0.892715	CONTROL_RISK-accuracy=0.000000
2024-04-11 17:39:39,159 [INFO]  Epoch[4] Train-cross-entropy=0.550674
2024-04-11 17:39:39,159 [INFO]  Epoch[4] Train-CONTROL_RISK-accuracy=0.000000
2024-04-11 17:39:39,159 [INFO]  Epoch[4] Time cost=0.051
2024-04-11 17:39:39,161 [INFO]  Saved checkpoint to "./imputer_model/32_audit/imputer_model_CONTROL_RISK/model-0004.params"
2024-04-11 17:39:39,164 [INFO]  Epoch[4] Validation-cross-entropy=9.930097
2024-04-11 17:39:39,164 [INFO]  Epoch[4] Validation-CONTROL_RISK-accuracy=0.000000
2024-04-11 17:39:39,164 [INFO]  
========== done (0.30019378662109375 s) fit model
2024-04-11 17:39:57,172 [INFO]  
========== start: fit model
2024-04-11 17:39:57,172 [WARNING]  Already bound, ignoring bind()
2024-04-11 17:39:57,209 [INFO]  Epoch[0] Batch [0-18]	Speed: 12049.23 samples/sec	cross-entropy=11.777949	CONTROL_RISK-accuracy=3.157895
2024-04-11 17:39:57,284 [INFO]  Epoch[0] Train-cross-entropy=4.731332
2024-04-11 17:39:57,285 [INFO]  Epoch[0] Train-CONTROL_RISK-accuracy=3.125000
2024-04-11 17:39:57,285 [INFO]  Epoch[0] Time cost=0.111
2024-04-11 17:39:57,287 [INFO]  Saved checkpoint to "./imputer_model/32_audit/imputer_model_CONTROL_RISK/model-0000.params"
2024-04-11 17:39:57,298 [INFO]  Epoch[0] Validation-cross-entropy=3.170447
2024-04-11 17:39:57,298 [INFO]  Epoch[0] Validation-CONTROL_RISK-accuracy=0.000000
2024-04-11 17:39:57,387 [INFO]  Epoch[1] Batch [0-18]	Speed: 3258.68 samples/sec	cross-entropy=2.679027	CONTROL_RISK-accuracy=3.157895
2024-04-11 17:39:57,549 [INFO]  Epoch[1] Train-cross-entropy=3.679410
2024-04-11 17:39:57,549 [INFO]  Epoch[1] Train-CONTROL_RISK-accuracy=3.125000
2024-04-11 17:39:57,549 [INFO]  Epoch[1] Time cost=0.251
2024-04-11 17:39:57,551 [INFO]  Saved checkpoint to "./imputer_model/32_audit/imputer_model_CONTROL_RISK/model-0001.params"
2024-04-11 17:39:57,552 [INFO]  Epoch[1] Validation-cross-entropy=1.153940
2024-04-11 17:39:57,552 [INFO]  Epoch[1] Validation-CONTROL_RISK-accuracy=0.000000
2024-04-11 17:39:57,568 [INFO]  Epoch[2] Batch [0-18]	Speed: 19599.87 samples/sec	cross-entropy=2.421452	CONTROL_RISK-accuracy=3.157895
2024-04-11 17:39:57,579 [INFO]  Epoch[2] Train-cross-entropy=1.206993
2024-04-11 17:39:57,579 [INFO]  Epoch[2] Train-CONTROL_RISK-accuracy=3.125000
2024-04-11 17:39:57,579 [INFO]  Epoch[2] Time cost=0.027
2024-04-11 17:39:57,582 [INFO]  Saved checkpoint to "./imputer_model/32_audit/imputer_model_CONTROL_RISK/model-0002.params"
2024-04-11 17:39:57,585 [INFO]  Epoch[2] Validation-cross-entropy=1.702015
2024-04-11 17:39:57,585 [INFO]  Epoch[2] Validation-CONTROL_RISK-accuracy=0.000000
2024-04-11 17:39:57,602 [INFO]  Epoch[3] Batch [0-18]	Speed: 17787.39 samples/sec	cross-entropy=1.090234	CONTROL_RISK-accuracy=3.157895
2024-04-11 17:39:57,673 [INFO]  Epoch[3] Train-cross-entropy=0.372623
2024-04-11 17:39:57,674 [INFO]  Epoch[3] Train-CONTROL_RISK-accuracy=3.125000
2024-04-11 17:39:57,674 [INFO]  Epoch[3] Time cost=0.089
2024-04-11 17:39:57,675 [INFO]  Saved checkpoint to "./imputer_model/32_audit/imputer_model_CONTROL_RISK/model-0003.params"
2024-04-11 17:39:57,717 [INFO]  Epoch[3] Validation-cross-entropy=0.702168
2024-04-11 17:39:57,718 [INFO]  Epoch[3] Validation-CONTROL_RISK-accuracy=0.000000
2024-04-11 17:39:57,760 [INFO]  Epoch[4] Batch [0-18]	Speed: 6927.33 samples/sec	cross-entropy=0.572356	CONTROL_RISK-accuracy=3.157895
2024-04-11 17:39:57,908 [INFO]  Epoch[4] Train-cross-entropy=0.245882
2024-04-11 17:39:57,908 [INFO]  Epoch[4] Train-CONTROL_RISK-accuracy=3.125000
2024-04-11 17:39:57,908 [INFO]  Epoch[4] Time cost=0.190
2024-04-11 17:39:57,910 [INFO]  Saved checkpoint to "./imputer_model/32_audit/imputer_model_CONTROL_RISK/model-0004.params"
2024-04-11 17:39:57,978 [INFO]  Epoch[4] Validation-cross-entropy=0.871964
2024-04-11 17:39:57,978 [INFO]  Epoch[4] Validation-CONTROL_RISK-accuracy=0.000000
2024-04-11 17:39:57,978 [INFO]  
========== done (0.8058149814605713 s) fit model
2024-04-11 17:40:14,885 [INFO]  
========== start: fit model
2024-04-11 17:40:14,885 [WARNING]  Already bound, ignoring bind()
2024-04-11 17:40:15,038 [INFO]  Epoch[0] Batch [0-18]	Speed: 2356.02 samples/sec	cross-entropy=8.406070	CONTROL_RISK-accuracy=0.000000
2024-04-11 17:40:15,112 [INFO]  Epoch[0] Train-cross-entropy=3.621501
2024-04-11 17:40:15,112 [INFO]  Epoch[0] Train-CONTROL_RISK-accuracy=0.000000
2024-04-11 17:40:15,112 [INFO]  Epoch[0] Time cost=0.226
2024-04-11 17:40:15,114 [INFO]  Saved checkpoint to "./imputer_model/32_audit/imputer_model_CONTROL_RISK/model-0000.params"
2024-04-11 17:40:15,117 [INFO]  Epoch[0] Validation-cross-entropy=1.019677
2024-04-11 17:40:15,118 [INFO]  Epoch[0] Validation-CONTROL_RISK-accuracy=0.000000
2024-04-11 17:40:15,461 [INFO]  Epoch[1] Batch [0-18]	Speed: 841.40 samples/sec	cross-entropy=1.524627	CONTROL_RISK-accuracy=0.000000
2024-04-11 17:40:15,484 [INFO]  Epoch[1] Train-cross-entropy=1.296809
2024-04-11 17:40:15,485 [INFO]  Epoch[1] Train-CONTROL_RISK-accuracy=0.000000
2024-04-11 17:40:15,485 [INFO]  Epoch[1] Time cost=0.367
2024-04-11 17:40:15,487 [INFO]  Saved checkpoint to "./imputer_model/32_audit/imputer_model_CONTROL_RISK/model-0001.params"
2024-04-11 17:40:15,493 [INFO]  Epoch[1] Validation-cross-entropy=1.007781
2024-04-11 17:40:15,493 [INFO]  Epoch[1] Validation-CONTROL_RISK-accuracy=0.000000
2024-04-11 17:40:15,570 [INFO]  Epoch[2] Batch [0-18]	Speed: 3813.17 samples/sec	cross-entropy=0.983880	CONTROL_RISK-accuracy=0.000000
2024-04-11 17:40:15,594 [INFO]  Epoch[2] Train-cross-entropy=0.598359
2024-04-11 17:40:15,594 [INFO]  Epoch[2] Train-CONTROL_RISK-accuracy=0.000000
2024-04-11 17:40:15,594 [INFO]  Epoch[2] Time cost=0.101
2024-04-11 17:40:15,595 [INFO]  Saved checkpoint to "./imputer_model/32_audit/imputer_model_CONTROL_RISK/model-0002.params"
2024-04-11 17:40:15,597 [INFO]  Epoch[2] Validation-cross-entropy=0.769222
2024-04-11 17:40:15,597 [INFO]  Epoch[2] Validation-CONTROL_RISK-accuracy=0.000000
2024-04-11 17:40:15,610 [INFO]  Epoch[3] Batch [0-18]	Speed: 23088.35 samples/sec	cross-entropy=0.426463	CONTROL_RISK-accuracy=0.000000
2024-04-11 17:40:15,622 [INFO]  Epoch[3] Train-cross-entropy=0.412707
2024-04-11 17:40:15,622 [INFO]  Epoch[3] Train-CONTROL_RISK-accuracy=0.000000
2024-04-11 17:40:15,622 [INFO]  Epoch[3] Time cost=0.025
2024-04-11 17:40:15,624 [INFO]  Saved checkpoint to "./imputer_model/32_audit/imputer_model_CONTROL_RISK/model-0003.params"
2024-04-11 17:40:15,625 [INFO]  Epoch[3] Validation-cross-entropy=1.380768
2024-04-11 17:40:15,625 [INFO]  Epoch[3] Validation-CONTROL_RISK-accuracy=0.000000
2024-04-11 17:40:15,640 [INFO]  Epoch[4] Batch [0-18]	Speed: 21459.58 samples/sec	cross-entropy=0.411296	CONTROL_RISK-accuracy=0.000000
2024-04-11 17:40:15,649 [INFO]  Epoch[4] Train-cross-entropy=0.296647
2024-04-11 17:40:15,649 [INFO]  Epoch[4] Train-CONTROL_RISK-accuracy=0.000000
2024-04-11 17:40:15,650 [INFO]  Epoch[4] Time cost=0.024
2024-04-11 17:40:15,651 [INFO]  Saved checkpoint to "./imputer_model/32_audit/imputer_model_CONTROL_RISK/model-0004.params"
2024-04-11 17:40:15,652 [INFO]  Epoch[4] Validation-cross-entropy=0.338789
2024-04-11 17:40:15,652 [INFO]  Epoch[4] Validation-CONTROL_RISK-accuracy=0.000000
2024-04-11 17:40:15,653 [INFO]  
========== done (0.7672076225280762 s) fit model
