2024-04-07 15:25:25,117 [INFO]  
========== start: fit model
2024-04-07 15:25:25,117 [WARNING]  Already bound, ignoring bind()
2024-04-07 15:25:25,135 [INFO]  Epoch[0] Batch [0-23]	Speed: 23356.70 samples/sec	cross-entropy=2.919264	SystolicBP-accuracy=0.000000
2024-04-07 15:25:25,162 [INFO]  Epoch[0] Train-cross-entropy=0.273088
2024-04-07 15:25:25,162 [INFO]  Epoch[0] Train-SystolicBP-accuracy=0.000000
2024-04-07 15:25:25,162 [INFO]  Epoch[0] Time cost=0.044
2024-04-07 15:25:25,164 [INFO]  Saved checkpoint to "./imputer_model/18_maternal/imputer_model_SystolicBP/model-0000.params"
2024-04-07 15:25:25,167 [INFO]  Epoch[0] Validation-cross-entropy=0.032806
2024-04-07 15:25:25,167 [INFO]  Epoch[0] Validation-SystolicBP-accuracy=0.000000
2024-04-07 15:25:25,184 [INFO]  Epoch[1] Batch [0-23]	Speed: 23204.30 samples/sec	cross-entropy=0.038222	SystolicBP-accuracy=0.000000
2024-04-07 15:25:25,198 [INFO]  Epoch[1] Train-cross-entropy=0.013798
2024-04-07 15:25:25,198 [INFO]  Epoch[1] Train-SystolicBP-accuracy=0.000000
2024-04-07 15:25:25,198 [INFO]  Epoch[1] Time cost=0.031
2024-04-07 15:25:25,200 [INFO]  Saved checkpoint to "./imputer_model/18_maternal/imputer_model_SystolicBP/model-0001.params"
2024-04-07 15:25:25,201 [INFO]  Epoch[1] Validation-cross-entropy=0.009795
2024-04-07 15:25:25,201 [INFO]  Epoch[1] Validation-SystolicBP-accuracy=0.000000
2024-04-07 15:25:25,216 [INFO]  Epoch[2] Batch [0-23]	Speed: 25757.26 samples/sec	cross-entropy=0.009728	SystolicBP-accuracy=0.000000
2024-04-07 15:25:25,230 [INFO]  Epoch[2] Train-cross-entropy=0.007845
2024-04-07 15:25:25,230 [INFO]  Epoch[2] Train-SystolicBP-accuracy=0.000000
2024-04-07 15:25:25,230 [INFO]  Epoch[2] Time cost=0.029
2024-04-07 15:25:25,232 [INFO]  Saved checkpoint to "./imputer_model/18_maternal/imputer_model_SystolicBP/model-0002.params"
2024-04-07 15:25:25,233 [INFO]  Epoch[2] Validation-cross-entropy=0.006392
2024-04-07 15:25:25,234 [INFO]  Epoch[2] Validation-SystolicBP-accuracy=0.000000
2024-04-07 15:25:25,248 [INFO]  Epoch[3] Batch [0-23]	Speed: 27049.12 samples/sec	cross-entropy=0.005640	SystolicBP-accuracy=0.000000
2024-04-07 15:25:25,260 [INFO]  Epoch[3] Train-cross-entropy=0.005690
2024-04-07 15:25:25,260 [INFO]  Epoch[3] Train-SystolicBP-accuracy=0.000000
2024-04-07 15:25:25,261 [INFO]  Epoch[3] Time cost=0.027
2024-04-07 15:25:25,262 [INFO]  Saved checkpoint to "./imputer_model/18_maternal/imputer_model_SystolicBP/model-0003.params"
2024-04-07 15:25:25,264 [INFO]  Epoch[3] Validation-cross-entropy=0.004479
2024-04-07 15:25:25,264 [INFO]  Epoch[3] Validation-SystolicBP-accuracy=0.000000
2024-04-07 15:25:25,277 [INFO]  Epoch[4] Batch [0-23]	Speed: 28721.16 samples/sec	cross-entropy=0.003623	SystolicBP-accuracy=0.000000
2024-04-07 15:25:25,290 [INFO]  Epoch[4] Train-cross-entropy=0.004365
2024-04-07 15:25:25,290 [INFO]  Epoch[4] Train-SystolicBP-accuracy=0.000000
2024-04-07 15:25:25,290 [INFO]  Epoch[4] Time cost=0.026
2024-04-07 15:25:25,292 [INFO]  Saved checkpoint to "./imputer_model/18_maternal/imputer_model_SystolicBP/model-0004.params"
2024-04-07 15:25:25,293 [INFO]  Epoch[4] Validation-cross-entropy=0.003452
2024-04-07 15:25:25,294 [INFO]  Epoch[4] Validation-SystolicBP-accuracy=0.000000
2024-04-07 15:25:25,294 [INFO]  
========== done (0.17701435089111328 s) fit model
2024-04-07 15:25:27,211 [INFO]  
========== start: fit model
2024-04-07 15:25:27,211 [WARNING]  Already bound, ignoring bind()
2024-04-07 15:25:27,230 [INFO]  Epoch[0] Batch [0-23]	Speed: 22033.06 samples/sec	cross-entropy=2.081857	SystolicBP-accuracy=0.000000
2024-04-07 15:25:27,258 [INFO]  Epoch[0] Train-cross-entropy=0.162784
2024-04-07 15:25:27,258 [INFO]  Epoch[0] Train-SystolicBP-accuracy=0.000000
2024-04-07 15:25:27,258 [INFO]  Epoch[0] Time cost=0.047
2024-04-07 15:25:27,260 [INFO]  Saved checkpoint to "./imputer_model/18_maternal/imputer_model_SystolicBP/model-0000.params"
2024-04-07 15:25:27,261 [INFO]  Epoch[0] Validation-cross-entropy=0.057983
2024-04-07 15:25:27,261 [INFO]  Epoch[0] Validation-SystolicBP-accuracy=0.000000
2024-04-07 15:25:27,275 [INFO]  Epoch[1] Batch [0-23]	Speed: 27768.35 samples/sec	cross-entropy=0.028948	SystolicBP-accuracy=0.000000
2024-04-07 15:25:27,308 [INFO]  Epoch[1] Train-cross-entropy=0.012457
2024-04-07 15:25:27,308 [INFO]  Epoch[1] Train-SystolicBP-accuracy=0.000000
2024-04-07 15:25:27,308 [INFO]  Epoch[1] Time cost=0.047
2024-04-07 15:25:27,310 [INFO]  Saved checkpoint to "./imputer_model/18_maternal/imputer_model_SystolicBP/model-0001.params"
2024-04-07 15:25:27,311 [INFO]  Epoch[1] Validation-cross-entropy=0.018944
2024-04-07 15:25:27,311 [INFO]  Epoch[1] Validation-SystolicBP-accuracy=0.000000
2024-04-07 15:25:27,325 [INFO]  Epoch[2] Batch [0-23]	Speed: 27255.46 samples/sec	cross-entropy=0.007926	SystolicBP-accuracy=0.000000
2024-04-07 15:25:27,338 [INFO]  Epoch[2] Train-cross-entropy=0.004488
2024-04-07 15:25:27,338 [INFO]  Epoch[2] Train-SystolicBP-accuracy=0.000000
2024-04-07 15:25:27,338 [INFO]  Epoch[2] Time cost=0.027
2024-04-07 15:25:27,340 [INFO]  Saved checkpoint to "./imputer_model/18_maternal/imputer_model_SystolicBP/model-0002.params"
2024-04-07 15:25:27,341 [INFO]  Epoch[2] Validation-cross-entropy=0.007783
2024-04-07 15:25:27,341 [INFO]  Epoch[2] Validation-SystolicBP-accuracy=0.000000
2024-04-07 15:25:27,355 [INFO]  Epoch[3] Batch [0-23]	Speed: 27155.24 samples/sec	cross-entropy=0.004028	SystolicBP-accuracy=0.000000
2024-04-07 15:25:27,370 [INFO]  Epoch[3] Train-cross-entropy=0.002604
2024-04-07 15:25:27,370 [INFO]  Epoch[3] Train-SystolicBP-accuracy=0.000000
2024-04-07 15:25:27,370 [INFO]  Epoch[3] Time cost=0.029
2024-04-07 15:25:27,371 [INFO]  Saved checkpoint to "./imputer_model/18_maternal/imputer_model_SystolicBP/model-0003.params"
2024-04-07 15:25:27,373 [INFO]  Epoch[3] Validation-cross-entropy=0.003476
2024-04-07 15:25:27,373 [INFO]  Epoch[3] Validation-SystolicBP-accuracy=0.000000
2024-04-07 15:25:27,389 [INFO]  Epoch[4] Batch [0-23]	Speed: 24140.26 samples/sec	cross-entropy=0.002947	SystolicBP-accuracy=0.000000
2024-04-07 15:25:27,406 [INFO]  Epoch[4] Train-cross-entropy=0.001961
2024-04-07 15:25:27,406 [INFO]  Epoch[4] Train-SystolicBP-accuracy=0.000000
2024-04-07 15:25:27,406 [INFO]  Epoch[4] Time cost=0.033
2024-04-07 15:25:27,408 [INFO]  Saved checkpoint to "./imputer_model/18_maternal/imputer_model_SystolicBP/model-0004.params"
2024-04-07 15:25:27,410 [INFO]  Epoch[4] Validation-cross-entropy=0.002674
2024-04-07 15:25:27,410 [INFO]  Epoch[4] Validation-SystolicBP-accuracy=0.000000
2024-04-07 15:25:27,410 [INFO]  
========== done (0.1997826099395752 s) fit model
2024-04-07 15:25:29,209 [INFO]  
========== start: fit model
2024-04-07 15:25:29,209 [WARNING]  Already bound, ignoring bind()
2024-04-07 15:25:29,227 [INFO]  Epoch[0] Batch [0-23]	Speed: 23848.58 samples/sec	cross-entropy=1.329623	SystolicBP-accuracy=0.000000
2024-04-07 15:25:29,240 [INFO]  Epoch[0] Train-cross-entropy=0.206772
2024-04-07 15:25:29,240 [INFO]  Epoch[0] Train-SystolicBP-accuracy=0.000000
2024-04-07 15:25:29,240 [INFO]  Epoch[0] Time cost=0.029
2024-04-07 15:25:29,241 [INFO]  Saved checkpoint to "./imputer_model/18_maternal/imputer_model_SystolicBP/model-0000.params"
2024-04-07 15:25:29,243 [INFO]  Epoch[0] Validation-cross-entropy=0.148753
2024-04-07 15:25:29,243 [INFO]  Epoch[0] Validation-SystolicBP-accuracy=0.000000
2024-04-07 15:25:29,256 [INFO]  Epoch[1] Batch [0-23]	Speed: 29140.86 samples/sec	cross-entropy=0.067506	SystolicBP-accuracy=0.000000
2024-04-07 15:25:29,336 [INFO]  Epoch[1] Train-cross-entropy=0.023571
2024-04-07 15:25:29,337 [INFO]  Epoch[1] Train-SystolicBP-accuracy=0.000000
2024-04-07 15:25:29,337 [INFO]  Epoch[1] Time cost=0.094
2024-04-07 15:25:29,338 [INFO]  Saved checkpoint to "./imputer_model/18_maternal/imputer_model_SystolicBP/model-0001.params"
2024-04-07 15:25:29,340 [INFO]  Epoch[1] Validation-cross-entropy=0.024706
2024-04-07 15:25:29,340 [INFO]  Epoch[1] Validation-SystolicBP-accuracy=0.000000
2024-04-07 15:25:29,365 [INFO]  Epoch[2] Batch [0-23]	Speed: 15310.26 samples/sec	cross-entropy=0.010605	SystolicBP-accuracy=0.000000
2024-04-07 15:25:29,381 [INFO]  Epoch[2] Train-cross-entropy=0.005549
2024-04-07 15:25:29,381 [INFO]  Epoch[2] Train-SystolicBP-accuracy=0.000000
2024-04-07 15:25:29,382 [INFO]  Epoch[2] Time cost=0.042
2024-04-07 15:25:29,383 [INFO]  Saved checkpoint to "./imputer_model/18_maternal/imputer_model_SystolicBP/model-0002.params"
2024-04-07 15:25:29,385 [INFO]  Epoch[2] Validation-cross-entropy=0.008135
2024-04-07 15:25:29,385 [INFO]  Epoch[2] Validation-SystolicBP-accuracy=0.000000
2024-04-07 15:25:29,404 [INFO]  Epoch[3] Batch [0-23]	Speed: 20977.22 samples/sec	cross-entropy=0.004199	SystolicBP-accuracy=0.000000
2024-04-07 15:25:29,420 [INFO]  Epoch[3] Train-cross-entropy=0.002549
2024-04-07 15:25:29,420 [INFO]  Epoch[3] Train-SystolicBP-accuracy=0.000000
2024-04-07 15:25:29,420 [INFO]  Epoch[3] Time cost=0.035
2024-04-07 15:25:29,422 [INFO]  Saved checkpoint to "./imputer_model/18_maternal/imputer_model_SystolicBP/model-0003.params"
2024-04-07 15:25:29,424 [INFO]  Epoch[3] Validation-cross-entropy=0.002343
2024-04-07 15:25:29,424 [INFO]  Epoch[3] Validation-SystolicBP-accuracy=0.000000
2024-04-07 15:25:29,442 [INFO]  Epoch[4] Batch [0-23]	Speed: 21020.07 samples/sec	cross-entropy=0.003236	SystolicBP-accuracy=0.000000
2024-04-07 15:25:29,460 [INFO]  Epoch[4] Train-cross-entropy=0.001829
2024-04-07 15:25:29,460 [INFO]  Epoch[4] Train-SystolicBP-accuracy=0.000000
2024-04-07 15:25:29,460 [INFO]  Epoch[4] Time cost=0.036
2024-04-07 15:25:29,461 [INFO]  Saved checkpoint to "./imputer_model/18_maternal/imputer_model_SystolicBP/model-0004.params"
2024-04-07 15:25:29,463 [INFO]  Epoch[4] Validation-cross-entropy=0.002495
2024-04-07 15:25:29,463 [INFO]  Epoch[4] Validation-SystolicBP-accuracy=0.000000
2024-04-07 15:25:29,463 [INFO]  
========== done (0.25380563735961914 s) fit model
2024-04-07 15:25:31,139 [INFO]  
========== start: fit model
2024-04-07 15:25:31,139 [WARNING]  Already bound, ignoring bind()
2024-04-07 15:25:31,159 [INFO]  Epoch[0] Batch [0-23]	Speed: 21317.64 samples/sec	cross-entropy=5.048546	SystolicBP-accuracy=0.000000
2024-04-07 15:25:31,176 [INFO]  Epoch[0] Train-cross-entropy=0.398590
2024-04-07 15:25:31,176 [INFO]  Epoch[0] Train-SystolicBP-accuracy=0.000000
2024-04-07 15:25:31,176 [INFO]  Epoch[0] Time cost=0.036
2024-04-07 15:25:31,178 [INFO]  Saved checkpoint to "./imputer_model/18_maternal/imputer_model_SystolicBP/model-0000.params"
2024-04-07 15:25:31,180 [INFO]  Epoch[0] Validation-cross-entropy=0.119622
2024-04-07 15:25:31,180 [INFO]  Epoch[0] Validation-SystolicBP-accuracy=0.000000
2024-04-07 15:25:31,198 [INFO]  Epoch[1] Batch [0-23]	Speed: 21297.35 samples/sec	cross-entropy=0.060331	SystolicBP-accuracy=0.000000
2024-04-07 15:25:31,214 [INFO]  Epoch[1] Train-cross-entropy=0.028713
2024-04-07 15:25:31,215 [INFO]  Epoch[1] Train-SystolicBP-accuracy=0.000000
2024-04-07 15:25:31,215 [INFO]  Epoch[1] Time cost=0.035
2024-04-07 15:25:31,216 [INFO]  Saved checkpoint to "./imputer_model/18_maternal/imputer_model_SystolicBP/model-0001.params"
2024-04-07 15:25:31,218 [INFO]  Epoch[1] Validation-cross-entropy=0.019308
2024-04-07 15:25:31,218 [INFO]  Epoch[1] Validation-SystolicBP-accuracy=0.000000
2024-04-07 15:25:31,236 [INFO]  Epoch[2] Batch [0-23]	Speed: 21158.38 samples/sec	cross-entropy=0.020394	SystolicBP-accuracy=0.000000
2024-04-07 15:25:31,253 [INFO]  Epoch[2] Train-cross-entropy=0.015307
2024-04-07 15:25:31,253 [INFO]  Epoch[2] Train-SystolicBP-accuracy=0.000000
2024-04-07 15:25:31,253 [INFO]  Epoch[2] Time cost=0.035
2024-04-07 15:25:31,255 [INFO]  Saved checkpoint to "./imputer_model/18_maternal/imputer_model_SystolicBP/model-0002.params"
2024-04-07 15:25:31,257 [INFO]  Epoch[2] Validation-cross-entropy=0.013742
2024-04-07 15:25:31,257 [INFO]  Epoch[2] Validation-SystolicBP-accuracy=0.000000
2024-04-07 15:25:31,275 [INFO]  Epoch[3] Batch [0-23]	Speed: 21523.35 samples/sec	cross-entropy=0.011813	SystolicBP-accuracy=0.000000
2024-04-07 15:25:31,292 [INFO]  Epoch[3] Train-cross-entropy=0.010340
2024-04-07 15:25:31,292 [INFO]  Epoch[3] Train-SystolicBP-accuracy=0.000000
2024-04-07 15:25:31,292 [INFO]  Epoch[3] Time cost=0.035
2024-04-07 15:25:31,293 [INFO]  Saved checkpoint to "./imputer_model/18_maternal/imputer_model_SystolicBP/model-0003.params"
2024-04-07 15:25:31,295 [INFO]  Epoch[3] Validation-cross-entropy=0.009759
2024-04-07 15:25:31,295 [INFO]  Epoch[3] Validation-SystolicBP-accuracy=0.000000
2024-04-07 15:25:31,314 [INFO]  Epoch[4] Batch [0-23]	Speed: 21239.03 samples/sec	cross-entropy=0.007414	SystolicBP-accuracy=0.000000
2024-04-07 15:25:31,330 [INFO]  Epoch[4] Train-cross-entropy=0.007669
2024-04-07 15:25:31,330 [INFO]  Epoch[4] Train-SystolicBP-accuracy=0.000000
2024-04-07 15:25:31,330 [INFO]  Epoch[4] Time cost=0.035
2024-04-07 15:25:31,332 [INFO]  Saved checkpoint to "./imputer_model/18_maternal/imputer_model_SystolicBP/model-0004.params"
2024-04-07 15:25:31,334 [INFO]  Epoch[4] Validation-cross-entropy=0.007715
2024-04-07 15:25:31,334 [INFO]  Epoch[4] Validation-SystolicBP-accuracy=0.000000
2024-04-07 15:25:31,334 [INFO]  
========== done (0.19469523429870605 s) fit model
2024-04-07 15:25:33,087 [INFO]  
========== start: fit model
2024-04-07 15:25:33,087 [WARNING]  Already bound, ignoring bind()
2024-04-07 15:25:33,115 [INFO]  Epoch[0] Batch [0-23]	Speed: 14410.32 samples/sec	cross-entropy=0.507567	SystolicBP-accuracy=0.000000
2024-04-07 15:25:33,131 [INFO]  Epoch[0] Train-cross-entropy=0.093659
2024-04-07 15:25:33,131 [INFO]  Epoch[0] Train-SystolicBP-accuracy=0.000000
2024-04-07 15:25:33,132 [INFO]  Epoch[0] Time cost=0.044
2024-04-07 15:25:33,133 [INFO]  Saved checkpoint to "./imputer_model/18_maternal/imputer_model_SystolicBP/model-0000.params"
2024-04-07 15:25:33,135 [INFO]  Epoch[0] Validation-cross-entropy=0.026869
2024-04-07 15:25:33,135 [INFO]  Epoch[0] Validation-SystolicBP-accuracy=0.000000
2024-04-07 15:25:33,150 [INFO]  Epoch[1] Batch [0-23]	Speed: 25359.05 samples/sec	cross-entropy=0.019280	SystolicBP-accuracy=0.000000
2024-04-07 15:25:33,166 [INFO]  Epoch[1] Train-cross-entropy=0.009075
2024-04-07 15:25:33,166 [INFO]  Epoch[1] Train-SystolicBP-accuracy=0.000000
2024-04-07 15:25:33,166 [INFO]  Epoch[1] Time cost=0.031
2024-04-07 15:25:33,167 [INFO]  Saved checkpoint to "./imputer_model/18_maternal/imputer_model_SystolicBP/model-0001.params"
2024-04-07 15:25:33,169 [INFO]  Epoch[1] Validation-cross-entropy=0.005040
2024-04-07 15:25:33,169 [INFO]  Epoch[1] Validation-SystolicBP-accuracy=0.000000
2024-04-07 15:25:33,184 [INFO]  Epoch[2] Batch [0-23]	Speed: 27527.18 samples/sec	cross-entropy=0.006213	SystolicBP-accuracy=0.000000
2024-04-07 15:25:33,196 [INFO]  Epoch[2] Train-cross-entropy=0.004612
2024-04-07 15:25:33,196 [INFO]  Epoch[2] Train-SystolicBP-accuracy=0.000000
2024-04-07 15:25:33,196 [INFO]  Epoch[2] Time cost=0.027
2024-04-07 15:25:33,198 [INFO]  Saved checkpoint to "./imputer_model/18_maternal/imputer_model_SystolicBP/model-0002.params"
2024-04-07 15:25:33,199 [INFO]  Epoch[2] Validation-cross-entropy=0.002634
2024-04-07 15:25:33,199 [INFO]  Epoch[2] Validation-SystolicBP-accuracy=0.000000
2024-04-07 15:25:33,214 [INFO]  Epoch[3] Batch [0-23]	Speed: 27301.26 samples/sec	cross-entropy=0.003994	SystolicBP-accuracy=0.000000
2024-04-07 15:25:33,227 [INFO]  Epoch[3] Train-cross-entropy=0.002967
2024-04-07 15:25:33,227 [INFO]  Epoch[3] Train-SystolicBP-accuracy=0.000000
2024-04-07 15:25:33,227 [INFO]  Epoch[3] Time cost=0.028
2024-04-07 15:25:33,228 [INFO]  Saved checkpoint to "./imputer_model/18_maternal/imputer_model_SystolicBP/model-0003.params"
2024-04-07 15:25:33,230 [INFO]  Epoch[3] Validation-cross-entropy=0.001974
2024-04-07 15:25:33,230 [INFO]  Epoch[3] Validation-SystolicBP-accuracy=0.000000
2024-04-07 15:25:33,252 [INFO]  Epoch[4] Batch [0-23]	Speed: 16927.35 samples/sec	cross-entropy=0.003114	SystolicBP-accuracy=0.000000
2024-04-07 15:25:33,268 [INFO]  Epoch[4] Train-cross-entropy=0.002075
2024-04-07 15:25:33,269 [INFO]  Epoch[4] Train-SystolicBP-accuracy=0.000000
2024-04-07 15:25:33,269 [INFO]  Epoch[4] Time cost=0.039
2024-04-07 15:25:33,270 [INFO]  Saved checkpoint to "./imputer_model/18_maternal/imputer_model_SystolicBP/model-0004.params"
2024-04-07 15:25:33,271 [INFO]  Epoch[4] Validation-cross-entropy=0.001674
2024-04-07 15:25:33,271 [INFO]  Epoch[4] Validation-SystolicBP-accuracy=0.000000
2024-04-07 15:25:33,272 [INFO]  
========== done (0.1848747730255127 s) fit model
2024-04-07 15:25:35,096 [INFO]  
========== start: fit model
2024-04-07 15:25:35,096 [WARNING]  Already bound, ignoring bind()
2024-04-07 15:25:35,111 [INFO]  Epoch[0] Batch [0-23]	Speed: 28856.47 samples/sec	cross-entropy=1.149012	SystolicBP-accuracy=0.000000
2024-04-07 15:25:35,124 [INFO]  Epoch[0] Train-cross-entropy=0.065290
2024-04-07 15:25:35,125 [INFO]  Epoch[0] Train-SystolicBP-accuracy=0.000000
2024-04-07 15:25:35,125 [INFO]  Epoch[0] Time cost=0.027
2024-04-07 15:25:35,126 [INFO]  Saved checkpoint to "./imputer_model/18_maternal/imputer_model_SystolicBP/model-0000.params"
2024-04-07 15:25:35,127 [INFO]  Epoch[0] Validation-cross-entropy=0.030675
2024-04-07 15:25:35,128 [INFO]  Epoch[0] Validation-SystolicBP-accuracy=0.000000
2024-04-07 15:25:35,141 [INFO]  Epoch[1] Batch [0-23]	Speed: 28499.49 samples/sec	cross-entropy=0.018430	SystolicBP-accuracy=0.000000
2024-04-07 15:25:35,153 [INFO]  Epoch[1] Train-cross-entropy=0.007576
2024-04-07 15:25:35,154 [INFO]  Epoch[1] Train-SystolicBP-accuracy=0.000000
2024-04-07 15:25:35,154 [INFO]  Epoch[1] Time cost=0.026
2024-04-07 15:25:35,155 [INFO]  Saved checkpoint to "./imputer_model/18_maternal/imputer_model_SystolicBP/model-0001.params"
2024-04-07 15:25:35,157 [INFO]  Epoch[1] Validation-cross-entropy=0.012155
2024-04-07 15:25:35,157 [INFO]  Epoch[1] Validation-SystolicBP-accuracy=0.000000
2024-04-07 15:25:35,170 [INFO]  Epoch[2] Batch [0-23]	Speed: 28575.47 samples/sec	cross-entropy=0.004574	SystolicBP-accuracy=0.000000
2024-04-07 15:25:35,182 [INFO]  Epoch[2] Train-cross-entropy=0.002452
2024-04-07 15:25:35,183 [INFO]  Epoch[2] Train-SystolicBP-accuracy=0.000000
2024-04-07 15:25:35,183 [INFO]  Epoch[2] Time cost=0.026
2024-04-07 15:25:35,184 [INFO]  Saved checkpoint to "./imputer_model/18_maternal/imputer_model_SystolicBP/model-0002.params"
2024-04-07 15:25:35,186 [INFO]  Epoch[2] Validation-cross-entropy=0.004338
2024-04-07 15:25:35,186 [INFO]  Epoch[2] Validation-SystolicBP-accuracy=0.000000
2024-04-07 15:25:35,210 [INFO]  Epoch[3] Batch [0-23]	Speed: 15639.76 samples/sec	cross-entropy=0.002673	SystolicBP-accuracy=0.000000
2024-04-07 15:25:35,223 [INFO]  Epoch[3] Train-cross-entropy=0.001639
2024-04-07 15:25:35,223 [INFO]  Epoch[3] Train-SystolicBP-accuracy=0.000000
2024-04-07 15:25:35,223 [INFO]  Epoch[3] Time cost=0.037
2024-04-07 15:25:35,248 [INFO]  Saved checkpoint to "./imputer_model/18_maternal/imputer_model_SystolicBP/model-0003.params"
2024-04-07 15:25:35,250 [INFO]  Epoch[3] Validation-cross-entropy=0.003692
2024-04-07 15:25:35,250 [INFO]  Epoch[3] Validation-SystolicBP-accuracy=0.000000
2024-04-07 15:25:35,270 [INFO]  Epoch[4] Batch [0-23]	Speed: 19477.86 samples/sec	cross-entropy=0.001961	SystolicBP-accuracy=0.000000
2024-04-07 15:25:35,284 [INFO]  Epoch[4] Train-cross-entropy=0.001030
2024-04-07 15:25:35,284 [INFO]  Epoch[4] Train-SystolicBP-accuracy=0.000000
2024-04-07 15:25:35,284 [INFO]  Epoch[4] Time cost=0.033
2024-04-07 15:25:35,285 [INFO]  Saved checkpoint to "./imputer_model/18_maternal/imputer_model_SystolicBP/model-0004.params"
2024-04-07 15:25:35,287 [INFO]  Epoch[4] Validation-cross-entropy=0.002744
2024-04-07 15:25:35,287 [INFO]  Epoch[4] Validation-SystolicBP-accuracy=0.000000
2024-04-07 15:25:35,287 [INFO]  
========== done (0.19074010848999023 s) fit model
2024-04-07 15:25:37,179 [INFO]  
========== start: fit model
2024-04-07 15:25:37,179 [WARNING]  Already bound, ignoring bind()
2024-04-07 15:25:37,197 [INFO]  Epoch[0] Batch [0-23]	Speed: 23507.52 samples/sec	cross-entropy=7.668907	SystolicBP-accuracy=2.958333
2024-04-07 15:25:37,214 [INFO]  Epoch[0] Train-cross-entropy=0.695714
2024-04-07 15:25:37,214 [INFO]  Epoch[0] Train-SystolicBP-accuracy=3.409091
2024-04-07 15:25:37,214 [INFO]  Epoch[0] Time cost=0.034
2024-04-07 15:25:37,216 [INFO]  Saved checkpoint to "./imputer_model/18_maternal/imputer_model_SystolicBP/model-0000.params"
2024-04-07 15:25:37,218 [INFO]  Epoch[0] Validation-cross-entropy=0.244843
2024-04-07 15:25:37,218 [INFO]  Epoch[0] Validation-SystolicBP-accuracy=0.000000
2024-04-07 15:25:37,237 [INFO]  Epoch[1] Batch [0-23]	Speed: 20603.13 samples/sec	cross-entropy=0.108074	SystolicBP-accuracy=2.958333
2024-04-07 15:25:37,258 [INFO]  Epoch[1] Train-cross-entropy=0.052011
2024-04-07 15:25:37,258 [INFO]  Epoch[1] Train-SystolicBP-accuracy=3.409091
2024-04-07 15:25:37,258 [INFO]  Epoch[1] Time cost=0.040
2024-04-07 15:25:37,260 [INFO]  Saved checkpoint to "./imputer_model/18_maternal/imputer_model_SystolicBP/model-0001.params"
2024-04-07 15:25:37,262 [INFO]  Epoch[1] Validation-cross-entropy=0.034142
2024-04-07 15:25:37,262 [INFO]  Epoch[1] Validation-SystolicBP-accuracy=0.000000
2024-04-07 15:25:37,280 [INFO]  Epoch[2] Batch [0-23]	Speed: 21529.35 samples/sec	cross-entropy=0.033405	SystolicBP-accuracy=2.958333
2024-04-07 15:25:37,296 [INFO]  Epoch[2] Train-cross-entropy=0.022132
2024-04-07 15:25:37,296 [INFO]  Epoch[2] Train-SystolicBP-accuracy=3.409091
2024-04-07 15:25:37,296 [INFO]  Epoch[2] Time cost=0.034
2024-04-07 15:25:37,298 [INFO]  Saved checkpoint to "./imputer_model/18_maternal/imputer_model_SystolicBP/model-0002.params"
2024-04-07 15:25:37,300 [INFO]  Epoch[2] Validation-cross-entropy=0.017340
2024-04-07 15:25:37,300 [INFO]  Epoch[2] Validation-SystolicBP-accuracy=0.000000
2024-04-07 15:25:37,317 [INFO]  Epoch[3] Batch [0-23]	Speed: 21732.76 samples/sec	cross-entropy=0.019433	SystolicBP-accuracy=2.958333
2024-04-07 15:25:37,343 [INFO]  Epoch[3] Train-cross-entropy=0.014172
2024-04-07 15:25:37,343 [INFO]  Epoch[3] Train-SystolicBP-accuracy=3.409091
2024-04-07 15:25:37,343 [INFO]  Epoch[3] Time cost=0.043
2024-04-07 15:25:37,345 [INFO]  Saved checkpoint to "./imputer_model/18_maternal/imputer_model_SystolicBP/model-0003.params"
2024-04-07 15:25:37,347 [INFO]  Epoch[3] Validation-cross-entropy=0.009655
2024-04-07 15:25:37,347 [INFO]  Epoch[3] Validation-SystolicBP-accuracy=0.000000
2024-04-07 15:25:37,397 [INFO]  Epoch[4] Batch [0-23]	Speed: 18094.16 samples/sec	cross-entropy=0.012966	SystolicBP-accuracy=2.958333
2024-04-07 15:25:37,416 [INFO]  Epoch[4] Train-cross-entropy=0.010079
2024-04-07 15:25:37,416 [INFO]  Epoch[4] Train-SystolicBP-accuracy=3.409091
2024-04-07 15:25:37,416 [INFO]  Epoch[4] Time cost=0.069
2024-04-07 15:25:37,418 [INFO]  Saved checkpoint to "./imputer_model/18_maternal/imputer_model_SystolicBP/model-0004.params"
2024-04-07 15:25:37,421 [INFO]  Epoch[4] Validation-cross-entropy=0.006515
2024-04-07 15:25:37,421 [INFO]  Epoch[4] Validation-SystolicBP-accuracy=0.000000
2024-04-07 15:25:37,421 [INFO]  
========== done (0.24174094200134277 s) fit model
2024-04-07 15:25:39,286 [INFO]  
========== start: fit model
2024-04-07 15:25:39,286 [WARNING]  Already bound, ignoring bind()
2024-04-07 15:25:39,306 [INFO]  Epoch[0] Batch [0-23]	Speed: 21623.46 samples/sec	cross-entropy=1.069209	SystolicBP-accuracy=0.000000
2024-04-07 15:25:39,322 [INFO]  Epoch[0] Train-cross-entropy=0.106472
2024-04-07 15:25:39,323 [INFO]  Epoch[0] Train-SystolicBP-accuracy=0.000000
2024-04-07 15:25:39,323 [INFO]  Epoch[0] Time cost=0.036
2024-04-07 15:25:39,324 [INFO]  Saved checkpoint to "./imputer_model/18_maternal/imputer_model_SystolicBP/model-0000.params"
2024-04-07 15:25:39,327 [INFO]  Epoch[0] Validation-cross-entropy=0.074319
2024-04-07 15:25:39,327 [INFO]  Epoch[0] Validation-SystolicBP-accuracy=0.000000
2024-04-07 15:25:39,353 [INFO]  Epoch[1] Batch [0-23]	Speed: 14621.36 samples/sec	cross-entropy=0.031140	SystolicBP-accuracy=0.000000
2024-04-07 15:25:39,378 [INFO]  Epoch[1] Train-cross-entropy=0.012446
2024-04-07 15:25:39,378 [INFO]  Epoch[1] Train-SystolicBP-accuracy=0.000000
2024-04-07 15:25:39,378 [INFO]  Epoch[1] Time cost=0.051
2024-04-07 15:25:39,379 [INFO]  Saved checkpoint to "./imputer_model/18_maternal/imputer_model_SystolicBP/model-0001.params"
2024-04-07 15:25:39,381 [INFO]  Epoch[1] Validation-cross-entropy=0.016211
2024-04-07 15:25:39,381 [INFO]  Epoch[1] Validation-SystolicBP-accuracy=0.000000
2024-04-07 15:25:39,398 [INFO]  Epoch[2] Batch [0-23]	Speed: 23664.30 samples/sec	cross-entropy=0.011834	SystolicBP-accuracy=0.000000
2024-04-07 15:25:39,445 [INFO]  Epoch[2] Train-cross-entropy=0.004821
2024-04-07 15:25:39,446 [INFO]  Epoch[2] Train-SystolicBP-accuracy=0.000000
2024-04-07 15:25:39,446 [INFO]  Epoch[2] Time cost=0.064
2024-04-07 15:25:39,448 [INFO]  Saved checkpoint to "./imputer_model/18_maternal/imputer_model_SystolicBP/model-0002.params"
2024-04-07 15:25:39,450 [INFO]  Epoch[2] Validation-cross-entropy=0.010770
2024-04-07 15:25:39,450 [INFO]  Epoch[2] Validation-SystolicBP-accuracy=0.000000
2024-04-07 15:25:39,467 [INFO]  Epoch[3] Batch [0-23]	Speed: 22337.57 samples/sec	cross-entropy=0.005862	SystolicBP-accuracy=0.000000
2024-04-07 15:25:39,484 [INFO]  Epoch[3] Train-cross-entropy=0.003485
2024-04-07 15:25:39,484 [INFO]  Epoch[3] Train-SystolicBP-accuracy=0.000000
2024-04-07 15:25:39,484 [INFO]  Epoch[3] Time cost=0.034
2024-04-07 15:25:39,485 [INFO]  Saved checkpoint to "./imputer_model/18_maternal/imputer_model_SystolicBP/model-0003.params"
2024-04-07 15:25:39,487 [INFO]  Epoch[3] Validation-cross-entropy=0.009737
2024-04-07 15:25:39,487 [INFO]  Epoch[3] Validation-SystolicBP-accuracy=0.000000
2024-04-07 15:25:39,505 [INFO]  Epoch[4] Batch [0-23]	Speed: 22208.05 samples/sec	cross-entropy=0.005510	SystolicBP-accuracy=0.000000
2024-04-07 15:25:39,521 [INFO]  Epoch[4] Train-cross-entropy=0.003619
2024-04-07 15:25:39,521 [INFO]  Epoch[4] Train-SystolicBP-accuracy=0.000000
2024-04-07 15:25:39,521 [INFO]  Epoch[4] Time cost=0.034
2024-04-07 15:25:39,523 [INFO]  Saved checkpoint to "./imputer_model/18_maternal/imputer_model_SystolicBP/model-0004.params"
2024-04-07 15:25:39,525 [INFO]  Epoch[4] Validation-cross-entropy=0.010296
2024-04-07 15:25:39,525 [INFO]  Epoch[4] Validation-SystolicBP-accuracy=0.000000
2024-04-07 15:25:39,525 [INFO]  
========== done (0.23945045471191406 s) fit model
2024-04-07 15:25:41,398 [INFO]  
========== start: fit model
2024-04-07 15:25:41,398 [WARNING]  Already bound, ignoring bind()
2024-04-07 15:25:41,429 [INFO]  Epoch[0] Batch [0-23]	Speed: 12995.96 samples/sec	cross-entropy=2.370740	SystolicBP-accuracy=0.000000
2024-04-07 15:25:41,446 [INFO]  Epoch[0] Train-cross-entropy=0.187763
2024-04-07 15:25:41,446 [INFO]  Epoch[0] Train-SystolicBP-accuracy=0.000000
2024-04-07 15:25:41,446 [INFO]  Epoch[0] Time cost=0.047
2024-04-07 15:25:41,448 [INFO]  Saved checkpoint to "./imputer_model/18_maternal/imputer_model_SystolicBP/model-0000.params"
2024-04-07 15:25:41,449 [INFO]  Epoch[0] Validation-cross-entropy=0.197453
2024-04-07 15:25:41,450 [INFO]  Epoch[0] Validation-SystolicBP-accuracy=0.000000
2024-04-07 15:25:41,467 [INFO]  Epoch[1] Batch [0-23]	Speed: 21885.60 samples/sec	cross-entropy=0.050292	SystolicBP-accuracy=0.000000
2024-04-07 15:25:41,483 [INFO]  Epoch[1] Train-cross-entropy=0.021849
2024-04-07 15:25:41,483 [INFO]  Epoch[1] Train-SystolicBP-accuracy=0.000000
2024-04-07 15:25:41,483 [INFO]  Epoch[1] Time cost=0.034
2024-04-07 15:25:41,485 [INFO]  Saved checkpoint to "./imputer_model/18_maternal/imputer_model_SystolicBP/model-0001.params"
2024-04-07 15:25:41,487 [INFO]  Epoch[1] Validation-cross-entropy=0.023961
2024-04-07 15:25:41,487 [INFO]  Epoch[1] Validation-SystolicBP-accuracy=0.000000
2024-04-07 15:25:41,526 [INFO]  Epoch[2] Batch [0-23]	Speed: 9626.56 samples/sec	cross-entropy=0.011594	SystolicBP-accuracy=0.000000
2024-04-07 15:25:41,546 [INFO]  Epoch[2] Train-cross-entropy=0.010290
2024-04-07 15:25:41,546 [INFO]  Epoch[2] Train-SystolicBP-accuracy=0.000000
2024-04-07 15:25:41,546 [INFO]  Epoch[2] Time cost=0.059
2024-04-07 15:25:41,548 [INFO]  Saved checkpoint to "./imputer_model/18_maternal/imputer_model_SystolicBP/model-0002.params"
2024-04-07 15:25:41,550 [INFO]  Epoch[2] Validation-cross-entropy=0.012749
2024-04-07 15:25:41,550 [INFO]  Epoch[2] Validation-SystolicBP-accuracy=0.000000
2024-04-07 15:25:41,563 [INFO]  Epoch[3] Batch [0-23]	Speed: 28580.23 samples/sec	cross-entropy=0.006150	SystolicBP-accuracy=0.000000
2024-04-07 15:25:41,576 [INFO]  Epoch[3] Train-cross-entropy=0.004564
2024-04-07 15:25:41,576 [INFO]  Epoch[3] Train-SystolicBP-accuracy=0.000000
2024-04-07 15:25:41,576 [INFO]  Epoch[3] Time cost=0.026
2024-04-07 15:25:41,577 [INFO]  Saved checkpoint to "./imputer_model/18_maternal/imputer_model_SystolicBP/model-0003.params"
2024-04-07 15:25:41,579 [INFO]  Epoch[3] Validation-cross-entropy=0.005800
2024-04-07 15:25:41,579 [INFO]  Epoch[3] Validation-SystolicBP-accuracy=0.000000
2024-04-07 15:25:41,592 [INFO]  Epoch[4] Batch [0-23]	Speed: 28824.14 samples/sec	cross-entropy=0.003430	SystolicBP-accuracy=0.000000
2024-04-07 15:25:41,612 [INFO]  Epoch[4] Train-cross-entropy=0.002442
2024-04-07 15:25:41,612 [INFO]  Epoch[4] Train-SystolicBP-accuracy=0.000000
2024-04-07 15:25:41,612 [INFO]  Epoch[4] Time cost=0.033
2024-04-07 15:25:41,613 [INFO]  Saved checkpoint to "./imputer_model/18_maternal/imputer_model_SystolicBP/model-0004.params"
2024-04-07 15:25:41,615 [INFO]  Epoch[4] Validation-cross-entropy=0.003453
2024-04-07 15:25:41,615 [INFO]  Epoch[4] Validation-SystolicBP-accuracy=0.000000
2024-04-07 15:25:41,615 [INFO]  
========== done (0.2169036865234375 s) fit model
2024-04-07 15:25:43,665 [INFO]  
========== start: fit model
2024-04-07 15:25:43,665 [WARNING]  Already bound, ignoring bind()
2024-04-07 15:25:43,702 [INFO]  Epoch[0] Batch [0-23]	Speed: 10616.74 samples/sec	cross-entropy=3.670095	SystolicBP-accuracy=3.041667
2024-04-07 15:25:43,724 [INFO]  Epoch[0] Train-cross-entropy=0.247895
2024-04-07 15:25:43,724 [INFO]  Epoch[0] Train-SystolicBP-accuracy=3.272727
2024-04-07 15:25:43,724 [INFO]  Epoch[0] Time cost=0.058
2024-04-07 15:25:43,726 [INFO]  Saved checkpoint to "./imputer_model/18_maternal/imputer_model_SystolicBP/model-0000.params"
2024-04-07 15:25:43,727 [INFO]  Epoch[0] Validation-cross-entropy=0.160954
2024-04-07 15:25:43,727 [INFO]  Epoch[0] Validation-SystolicBP-accuracy=0.000000
2024-04-07 15:25:43,741 [INFO]  Epoch[1] Batch [0-23]	Speed: 28568.06 samples/sec	cross-entropy=0.119357	SystolicBP-accuracy=3.041667
2024-04-07 15:25:43,753 [INFO]  Epoch[1] Train-cross-entropy=0.053811
2024-04-07 15:25:43,754 [INFO]  Epoch[1] Train-SystolicBP-accuracy=3.272727
2024-04-07 15:25:43,754 [INFO]  Epoch[1] Time cost=0.026
2024-04-07 15:25:43,755 [INFO]  Saved checkpoint to "./imputer_model/18_maternal/imputer_model_SystolicBP/model-0001.params"
2024-04-07 15:25:43,757 [INFO]  Epoch[1] Validation-cross-entropy=0.045602
2024-04-07 15:25:43,757 [INFO]  Epoch[1] Validation-SystolicBP-accuracy=0.000000
2024-04-07 15:25:43,809 [INFO]  Epoch[2] Batch [0-23]	Speed: 7189.12 samples/sec	cross-entropy=0.048952	SystolicBP-accuracy=3.041667
2024-04-07 15:25:43,829 [INFO]  Epoch[2] Train-cross-entropy=0.024523
2024-04-07 15:25:43,829 [INFO]  Epoch[2] Train-SystolicBP-accuracy=3.272727
2024-04-07 15:25:43,829 [INFO]  Epoch[2] Time cost=0.072
2024-04-07 15:25:43,830 [INFO]  Saved checkpoint to "./imputer_model/18_maternal/imputer_model_SystolicBP/model-0002.params"
2024-04-07 15:25:43,833 [INFO]  Epoch[2] Validation-cross-entropy=0.038265
2024-04-07 15:25:43,834 [INFO]  Epoch[2] Validation-SystolicBP-accuracy=0.000000
2024-04-07 15:25:44,303 [INFO]  Epoch[3] Batch [0-23]	Speed: 793.26 samples/sec	cross-entropy=0.026568	SystolicBP-accuracy=3.041667
2024-04-07 15:25:44,364 [INFO]  Epoch[3] Train-cross-entropy=0.013012
2024-04-07 15:25:44,364 [INFO]  Epoch[3] Train-SystolicBP-accuracy=3.272727
2024-04-07 15:25:44,364 [INFO]  Epoch[3] Time cost=0.530
2024-04-07 15:25:44,365 [INFO]  Saved checkpoint to "./imputer_model/18_maternal/imputer_model_SystolicBP/model-0003.params"
2024-04-07 15:25:44,376 [INFO]  Epoch[3] Validation-cross-entropy=0.019639
2024-04-07 15:25:44,376 [INFO]  Epoch[3] Validation-SystolicBP-accuracy=0.000000
2024-04-07 15:25:44,405 [INFO]  Epoch[4] Batch [0-23]	Speed: 13298.62 samples/sec	cross-entropy=0.015492	SystolicBP-accuracy=3.041667
2024-04-07 15:25:44,523 [INFO]  Epoch[4] Train-cross-entropy=0.008743
2024-04-07 15:25:44,523 [INFO]  Epoch[4] Train-SystolicBP-accuracy=3.272727
2024-04-07 15:25:44,523 [INFO]  Epoch[4] Time cost=0.147
2024-04-07 15:25:44,525 [INFO]  Saved checkpoint to "./imputer_model/18_maternal/imputer_model_SystolicBP/model-0004.params"
2024-04-07 15:25:44,527 [INFO]  Epoch[4] Validation-cross-entropy=0.012768
2024-04-07 15:25:44,528 [INFO]  Epoch[4] Validation-SystolicBP-accuracy=0.000000
2024-04-07 15:25:44,528 [INFO]  
========== done (0.8629021644592285 s) fit model
2024-04-07 15:25:51,021 [INFO]  
========== start: fit model
2024-04-07 15:25:51,022 [WARNING]  Already bound, ignoring bind()
2024-04-07 15:25:51,072 [INFO]  Epoch[0] Batch [0-23]	Speed: 13153.33 samples/sec	cross-entropy=1.827757	SystolicBP-accuracy=0.000000
2024-04-07 15:25:51,571 [INFO]  Epoch[0] Train-cross-entropy=0.154165
2024-04-07 15:25:51,571 [INFO]  Epoch[0] Train-SystolicBP-accuracy=0.000000
2024-04-07 15:25:51,571 [INFO]  Epoch[0] Time cost=0.549
2024-04-07 15:25:51,575 [INFO]  Saved checkpoint to "./imputer_model/18_maternal/imputer_model_SystolicBP/model-0000.params"
2024-04-07 15:25:51,601 [INFO]  Epoch[0] Validation-cross-entropy=0.096041
2024-04-07 15:25:51,601 [INFO]  Epoch[0] Validation-SystolicBP-accuracy=0.000000
2024-04-07 15:25:51,623 [INFO]  Epoch[1] Batch [0-23]	Speed: 17155.76 samples/sec	cross-entropy=0.057020	SystolicBP-accuracy=0.000000
2024-04-07 15:25:51,650 [INFO]  Epoch[1] Train-cross-entropy=0.025636
2024-04-07 15:25:51,651 [INFO]  Epoch[1] Train-SystolicBP-accuracy=0.000000
2024-04-07 15:25:51,651 [INFO]  Epoch[1] Time cost=0.050
2024-04-07 15:25:51,652 [INFO]  Saved checkpoint to "./imputer_model/18_maternal/imputer_model_SystolicBP/model-0001.params"
2024-04-07 15:25:51,655 [INFO]  Epoch[1] Validation-cross-entropy=0.040076
2024-04-07 15:25:51,655 [INFO]  Epoch[1] Validation-SystolicBP-accuracy=0.000000
2024-04-07 15:25:51,684 [INFO]  Epoch[2] Batch [0-23]	Speed: 15083.74 samples/sec	cross-entropy=0.018852	SystolicBP-accuracy=0.000000
2024-04-07 15:25:51,709 [INFO]  Epoch[2] Train-cross-entropy=0.012976
2024-04-07 15:25:51,709 [INFO]  Epoch[2] Train-SystolicBP-accuracy=0.000000
2024-04-07 15:25:51,709 [INFO]  Epoch[2] Time cost=0.054
2024-04-07 15:25:51,711 [INFO]  Saved checkpoint to "./imputer_model/18_maternal/imputer_model_SystolicBP/model-0002.params"
2024-04-07 15:25:51,714 [INFO]  Epoch[2] Validation-cross-entropy=0.023902
2024-04-07 15:25:51,714 [INFO]  Epoch[2] Validation-SystolicBP-accuracy=0.000000
2024-04-07 15:25:51,741 [INFO]  Epoch[3] Batch [0-23]	Speed: 14565.89 samples/sec	cross-entropy=0.010845	SystolicBP-accuracy=0.000000
2024-04-07 15:25:51,770 [INFO]  Epoch[3] Train-cross-entropy=0.007586
2024-04-07 15:25:51,771 [INFO]  Epoch[3] Train-SystolicBP-accuracy=0.000000
2024-04-07 15:25:51,771 [INFO]  Epoch[3] Time cost=0.057
2024-04-07 15:25:51,773 [INFO]  Saved checkpoint to "./imputer_model/18_maternal/imputer_model_SystolicBP/model-0003.params"
2024-04-07 15:25:51,775 [INFO]  Epoch[3] Validation-cross-entropy=0.016016
2024-04-07 15:25:51,775 [INFO]  Epoch[3] Validation-SystolicBP-accuracy=0.000000
2024-04-07 15:25:51,802 [INFO]  Epoch[4] Batch [0-23]	Speed: 14551.34 samples/sec	cross-entropy=0.007217	SystolicBP-accuracy=0.000000
2024-04-07 15:25:51,827 [INFO]  Epoch[4] Train-cross-entropy=0.005157
2024-04-07 15:25:51,827 [INFO]  Epoch[4] Train-SystolicBP-accuracy=0.000000
2024-04-07 15:25:51,827 [INFO]  Epoch[4] Time cost=0.052
2024-04-07 15:25:51,829 [INFO]  Saved checkpoint to "./imputer_model/18_maternal/imputer_model_SystolicBP/model-0004.params"
2024-04-07 15:25:51,832 [INFO]  Epoch[4] Validation-cross-entropy=0.011102
2024-04-07 15:25:51,832 [INFO]  Epoch[4] Validation-SystolicBP-accuracy=0.000000
2024-04-07 15:25:51,832 [INFO]  
========== done (0.8105959892272949 s) fit model
2024-04-07 15:25:57,293 [INFO]  
========== start: fit model
2024-04-07 15:25:57,293 [WARNING]  Already bound, ignoring bind()
2024-04-07 15:25:57,330 [INFO]  Epoch[0] Batch [0-23]	Speed: 11311.95 samples/sec	cross-entropy=8.263525	SystolicBP-accuracy=0.000000
2024-04-07 15:25:57,349 [INFO]  Epoch[0] Train-cross-entropy=0.481403
2024-04-07 15:25:57,349 [INFO]  Epoch[0] Train-SystolicBP-accuracy=0.000000
2024-04-07 15:25:57,349 [INFO]  Epoch[0] Time cost=0.055
2024-04-07 15:25:57,350 [INFO]  Saved checkpoint to "./imputer_model/18_maternal/imputer_model_SystolicBP/model-0000.params"
2024-04-07 15:25:57,352 [INFO]  Epoch[0] Validation-cross-entropy=0.129849
2024-04-07 15:25:57,352 [INFO]  Epoch[0] Validation-SystolicBP-accuracy=0.000000
2024-04-07 15:25:57,369 [INFO]  Epoch[1] Batch [0-23]	Speed: 22567.50 samples/sec	cross-entropy=0.065390	SystolicBP-accuracy=0.000000
2024-04-07 15:25:57,386 [INFO]  Epoch[1] Train-cross-entropy=0.031082
2024-04-07 15:25:57,386 [INFO]  Epoch[1] Train-SystolicBP-accuracy=0.000000
2024-04-07 15:25:57,386 [INFO]  Epoch[1] Time cost=0.034
2024-04-07 15:25:57,388 [INFO]  Saved checkpoint to "./imputer_model/18_maternal/imputer_model_SystolicBP/model-0001.params"
2024-04-07 15:25:57,390 [INFO]  Epoch[1] Validation-cross-entropy=0.036544
2024-04-07 15:25:57,390 [INFO]  Epoch[1] Validation-SystolicBP-accuracy=0.000000
2024-04-07 15:25:57,531 [INFO]  Epoch[2] Batch [0-23]	Speed: 3122.01 samples/sec	cross-entropy=0.019895	SystolicBP-accuracy=0.000000
2024-04-07 15:25:57,559 [INFO]  Epoch[2] Train-cross-entropy=0.017702
2024-04-07 15:25:57,559 [INFO]  Epoch[2] Train-SystolicBP-accuracy=0.000000
2024-04-07 15:25:57,559 [INFO]  Epoch[2] Time cost=0.169
2024-04-07 15:25:57,561 [INFO]  Saved checkpoint to "./imputer_model/18_maternal/imputer_model_SystolicBP/model-0002.params"
2024-04-07 15:25:57,564 [INFO]  Epoch[2] Validation-cross-entropy=0.020333
2024-04-07 15:25:57,564 [INFO]  Epoch[2] Validation-SystolicBP-accuracy=0.000000
2024-04-07 15:25:57,589 [INFO]  Epoch[3] Batch [0-23]	Speed: 15565.32 samples/sec	cross-entropy=0.013113	SystolicBP-accuracy=0.000000
2024-04-07 15:25:57,613 [INFO]  Epoch[3] Train-cross-entropy=0.011683
2024-04-07 15:25:57,613 [INFO]  Epoch[3] Train-SystolicBP-accuracy=0.000000
2024-04-07 15:25:57,613 [INFO]  Epoch[3] Time cost=0.049
2024-04-07 15:25:57,615 [INFO]  Saved checkpoint to "./imputer_model/18_maternal/imputer_model_SystolicBP/model-0003.params"
2024-04-07 15:25:57,643 [INFO]  Epoch[3] Validation-cross-entropy=0.012585
2024-04-07 15:25:57,643 [INFO]  Epoch[3] Validation-SystolicBP-accuracy=0.000000
2024-04-07 15:25:57,678 [INFO]  Epoch[4] Batch [0-23]	Speed: 10869.52 samples/sec	cross-entropy=0.008475	SystolicBP-accuracy=0.000000
2024-04-07 15:25:57,716 [INFO]  Epoch[4] Train-cross-entropy=0.007532
2024-04-07 15:25:57,716 [INFO]  Epoch[4] Train-SystolicBP-accuracy=0.000000
2024-04-07 15:25:57,716 [INFO]  Epoch[4] Time cost=0.074
2024-04-07 15:25:57,718 [INFO]  Saved checkpoint to "./imputer_model/18_maternal/imputer_model_SystolicBP/model-0004.params"
2024-04-07 15:25:57,720 [INFO]  Epoch[4] Validation-cross-entropy=0.008023
2024-04-07 15:25:57,720 [INFO]  Epoch[4] Validation-SystolicBP-accuracy=0.000000
2024-04-07 15:25:57,720 [INFO]  
========== done (0.42766904830932617 s) fit model
2024-04-07 15:26:03,193 [INFO]  
========== start: fit model
2024-04-07 15:26:03,193 [WARNING]  Already bound, ignoring bind()
2024-04-07 15:26:03,223 [INFO]  Epoch[0] Batch [0-23]	Speed: 16925.87 samples/sec	cross-entropy=5.208063	SystolicBP-accuracy=3.208333
2024-04-07 15:26:03,263 [INFO]  Epoch[0] Train-cross-entropy=0.568970
2024-04-07 15:26:03,263 [INFO]  Epoch[0] Train-SystolicBP-accuracy=3.090909
2024-04-07 15:26:03,263 [INFO]  Epoch[0] Time cost=0.068
2024-04-07 15:26:03,264 [INFO]  Saved checkpoint to "./imputer_model/18_maternal/imputer_model_SystolicBP/model-0000.params"
2024-04-07 15:26:03,266 [INFO]  Epoch[0] Validation-cross-entropy=0.427195
2024-04-07 15:26:03,266 [INFO]  Epoch[0] Validation-SystolicBP-accuracy=0.000000
2024-04-07 15:26:04,060 [INFO]  Epoch[1] Batch [0-23]	Speed: 463.84 samples/sec	cross-entropy=0.107409	SystolicBP-accuracy=3.208333
2024-04-07 15:26:04,105 [INFO]  Epoch[1] Train-cross-entropy=0.031291
2024-04-07 15:26:04,105 [INFO]  Epoch[1] Train-SystolicBP-accuracy=3.090909
2024-04-07 15:26:04,105 [INFO]  Epoch[1] Time cost=0.839
2024-04-07 15:26:04,106 [INFO]  Saved checkpoint to "./imputer_model/18_maternal/imputer_model_SystolicBP/model-0001.params"
2024-04-07 15:26:04,109 [INFO]  Epoch[1] Validation-cross-entropy=0.032544
2024-04-07 15:26:04,109 [INFO]  Epoch[1] Validation-SystolicBP-accuracy=0.000000
2024-04-07 15:26:04,135 [INFO]  Epoch[2] Batch [0-23]	Speed: 15230.19 samples/sec	cross-entropy=0.025952	SystolicBP-accuracy=3.208333
2024-04-07 15:26:04,159 [INFO]  Epoch[2] Train-cross-entropy=0.015181
2024-04-07 15:26:04,159 [INFO]  Epoch[2] Train-SystolicBP-accuracy=3.090909
2024-04-07 15:26:04,159 [INFO]  Epoch[2] Time cost=0.050
2024-04-07 15:26:04,161 [INFO]  Saved checkpoint to "./imputer_model/18_maternal/imputer_model_SystolicBP/model-0002.params"
2024-04-07 15:26:04,164 [INFO]  Epoch[2] Validation-cross-entropy=0.022315
2024-04-07 15:26:04,164 [INFO]  Epoch[2] Validation-SystolicBP-accuracy=0.000000
2024-04-07 15:26:04,192 [INFO]  Epoch[3] Batch [0-23]	Speed: 14296.07 samples/sec	cross-entropy=0.016598	SystolicBP-accuracy=3.208333
2024-04-07 15:26:04,217 [INFO]  Epoch[3] Train-cross-entropy=0.009831
2024-04-07 15:26:04,217 [INFO]  Epoch[3] Train-SystolicBP-accuracy=3.090909
2024-04-07 15:26:04,217 [INFO]  Epoch[3] Time cost=0.053
2024-04-07 15:26:04,219 [INFO]  Saved checkpoint to "./imputer_model/18_maternal/imputer_model_SystolicBP/model-0003.params"
2024-04-07 15:26:04,222 [INFO]  Epoch[3] Validation-cross-entropy=0.014599
2024-04-07 15:26:04,222 [INFO]  Epoch[3] Validation-SystolicBP-accuracy=0.000000
2024-04-07 15:26:04,249 [INFO]  Epoch[4] Batch [0-23]	Speed: 14749.62 samples/sec	cross-entropy=0.011071	SystolicBP-accuracy=3.208333
2024-04-07 15:26:04,273 [INFO]  Epoch[4] Train-cross-entropy=0.006785
2024-04-07 15:26:04,273 [INFO]  Epoch[4] Train-SystolicBP-accuracy=3.090909
2024-04-07 15:26:04,273 [INFO]  Epoch[4] Time cost=0.051
2024-04-07 15:26:04,275 [INFO]  Saved checkpoint to "./imputer_model/18_maternal/imputer_model_SystolicBP/model-0004.params"
2024-04-07 15:26:04,278 [INFO]  Epoch[4] Validation-cross-entropy=0.009819
2024-04-07 15:26:04,278 [INFO]  Epoch[4] Validation-SystolicBP-accuracy=0.000000
2024-04-07 15:26:04,278 [INFO]  
========== done (1.085129976272583 s) fit model
2024-04-07 15:26:10,402 [INFO]  
========== start: fit model
2024-04-07 15:26:10,402 [WARNING]  Already bound, ignoring bind()
2024-04-07 15:26:10,499 [INFO]  Epoch[0] Batch [0-23]	Speed: 5900.42 samples/sec	cross-entropy=10.097479	SystolicBP-accuracy=0.000000
2024-04-07 15:26:11,032 [INFO]  Epoch[0] Train-cross-entropy=0.610414
2024-04-07 15:26:11,032 [INFO]  Epoch[0] Train-SystolicBP-accuracy=0.000000
2024-04-07 15:26:11,032 [INFO]  Epoch[0] Time cost=0.629
2024-04-07 15:26:11,034 [INFO]  Saved checkpoint to "./imputer_model/18_maternal/imputer_model_SystolicBP/model-0000.params"
2024-04-07 15:26:11,037 [INFO]  Epoch[0] Validation-cross-entropy=0.091882
2024-04-07 15:26:11,037 [INFO]  Epoch[0] Validation-SystolicBP-accuracy=0.000000
2024-04-07 15:26:11,531 [INFO]  Epoch[1] Batch [0-23]	Speed: 746.13 samples/sec	cross-entropy=0.110826	SystolicBP-accuracy=0.000000
2024-04-07 15:26:11,693 [INFO]  Epoch[1] Train-cross-entropy=0.041140
2024-04-07 15:26:11,693 [INFO]  Epoch[1] Train-SystolicBP-accuracy=0.000000
2024-04-07 15:26:11,693 [INFO]  Epoch[1] Time cost=0.657
2024-04-07 15:26:11,695 [INFO]  Saved checkpoint to "./imputer_model/18_maternal/imputer_model_SystolicBP/model-0001.params"
2024-04-07 15:26:11,698 [INFO]  Epoch[1] Validation-cross-entropy=0.024478
2024-04-07 15:26:11,698 [INFO]  Epoch[1] Validation-SystolicBP-accuracy=0.000000
2024-04-07 15:26:11,753 [INFO]  Epoch[2] Batch [0-23]	Speed: 6899.17 samples/sec	cross-entropy=0.026823	SystolicBP-accuracy=0.000000
2024-04-07 15:26:11,836 [INFO]  Epoch[2] Train-cross-entropy=0.019807
2024-04-07 15:26:11,836 [INFO]  Epoch[2] Train-SystolicBP-accuracy=0.000000
2024-04-07 15:26:11,836 [INFO]  Epoch[2] Time cost=0.138
2024-04-07 15:26:11,838 [INFO]  Saved checkpoint to "./imputer_model/18_maternal/imputer_model_SystolicBP/model-0002.params"
2024-04-07 15:26:11,841 [INFO]  Epoch[2] Validation-cross-entropy=0.014314
2024-04-07 15:26:11,841 [INFO]  Epoch[2] Validation-SystolicBP-accuracy=0.000000
2024-04-07 15:26:11,868 [INFO]  Epoch[3] Batch [0-23]	Speed: 14519.31 samples/sec	cross-entropy=0.013873	SystolicBP-accuracy=0.000000
2024-04-07 15:26:11,892 [INFO]  Epoch[3] Train-cross-entropy=0.012129
2024-04-07 15:26:11,892 [INFO]  Epoch[3] Train-SystolicBP-accuracy=0.000000
2024-04-07 15:26:11,892 [INFO]  Epoch[3] Time cost=0.051
2024-04-07 15:26:11,894 [INFO]  Saved checkpoint to "./imputer_model/18_maternal/imputer_model_SystolicBP/model-0003.params"
2024-04-07 15:26:11,897 [INFO]  Epoch[3] Validation-cross-entropy=0.008580
2024-04-07 15:26:11,898 [INFO]  Epoch[3] Validation-SystolicBP-accuracy=0.000000
2024-04-07 15:26:11,924 [INFO]  Epoch[4] Batch [0-23]	Speed: 14772.49 samples/sec	cross-entropy=0.008687	SystolicBP-accuracy=0.000000
2024-04-07 15:26:12,008 [INFO]  Epoch[4] Train-cross-entropy=0.008239
2024-04-07 15:26:12,008 [INFO]  Epoch[4] Train-SystolicBP-accuracy=0.000000
2024-04-07 15:26:12,008 [INFO]  Epoch[4] Time cost=0.111
2024-04-07 15:26:12,010 [INFO]  Saved checkpoint to "./imputer_model/18_maternal/imputer_model_SystolicBP/model-0004.params"
2024-04-07 15:26:12,013 [INFO]  Epoch[4] Validation-cross-entropy=0.005947
2024-04-07 15:26:12,013 [INFO]  Epoch[4] Validation-SystolicBP-accuracy=0.000000
2024-04-07 15:26:12,013 [INFO]  
========== done (1.6108894348144531 s) fit model
2024-04-07 15:26:17,278 [INFO]  
========== start: fit model
2024-04-07 15:26:17,278 [WARNING]  Already bound, ignoring bind()
2024-04-07 15:26:17,626 [INFO]  Epoch[0] Batch [0-23]	Speed: 1350.84 samples/sec	cross-entropy=7.712208	SystolicBP-accuracy=0.000000
2024-04-07 15:26:17,685 [INFO]  Epoch[0] Train-cross-entropy=0.678135
2024-04-07 15:26:17,685 [INFO]  Epoch[0] Train-SystolicBP-accuracy=0.000000
2024-04-07 15:26:17,685 [INFO]  Epoch[0] Time cost=0.406
2024-04-07 15:26:17,687 [INFO]  Saved checkpoint to "./imputer_model/18_maternal/imputer_model_SystolicBP/model-0000.params"
2024-04-07 15:26:17,690 [INFO]  Epoch[0] Validation-cross-entropy=0.195865
2024-04-07 15:26:17,690 [INFO]  Epoch[0] Validation-SystolicBP-accuracy=0.000000
2024-04-07 15:26:17,716 [INFO]  Epoch[1] Batch [0-23]	Speed: 14676.14 samples/sec	cross-entropy=0.121826	SystolicBP-accuracy=0.000000
2024-04-07 15:26:17,740 [INFO]  Epoch[1] Train-cross-entropy=0.049451
2024-04-07 15:26:17,740 [INFO]  Epoch[1] Train-SystolicBP-accuracy=0.000000
2024-04-07 15:26:17,740 [INFO]  Epoch[1] Time cost=0.050
2024-04-07 15:26:17,742 [INFO]  Saved checkpoint to "./imputer_model/18_maternal/imputer_model_SystolicBP/model-0001.params"
2024-04-07 15:26:17,746 [INFO]  Epoch[1] Validation-cross-entropy=0.029749
2024-04-07 15:26:17,746 [INFO]  Epoch[1] Validation-SystolicBP-accuracy=0.000000
2024-04-07 15:26:17,798 [INFO]  Epoch[2] Batch [0-23]	Speed: 7277.01 samples/sec	cross-entropy=0.029110	SystolicBP-accuracy=0.000000
2024-04-07 15:26:17,821 [INFO]  Epoch[2] Train-cross-entropy=0.018243
2024-04-07 15:26:17,821 [INFO]  Epoch[2] Train-SystolicBP-accuracy=0.000000
2024-04-07 15:26:17,821 [INFO]  Epoch[2] Time cost=0.075
2024-04-07 15:26:17,823 [INFO]  Saved checkpoint to "./imputer_model/18_maternal/imputer_model_SystolicBP/model-0002.params"
2024-04-07 15:26:17,826 [INFO]  Epoch[2] Validation-cross-entropy=0.013995
2024-04-07 15:26:17,826 [INFO]  Epoch[2] Validation-SystolicBP-accuracy=0.000000
2024-04-07 15:26:17,853 [INFO]  Epoch[3] Batch [0-23]	Speed: 14678.37 samples/sec	cross-entropy=0.013043	SystolicBP-accuracy=0.000000
2024-04-07 15:26:17,880 [INFO]  Epoch[3] Train-cross-entropy=0.008097
2024-04-07 15:26:17,880 [INFO]  Epoch[3] Train-SystolicBP-accuracy=0.000000
2024-04-07 15:26:17,880 [INFO]  Epoch[3] Time cost=0.054
2024-04-07 15:26:17,882 [INFO]  Saved checkpoint to "./imputer_model/18_maternal/imputer_model_SystolicBP/model-0003.params"
2024-04-07 15:26:17,885 [INFO]  Epoch[3] Validation-cross-entropy=0.006324
2024-04-07 15:26:17,885 [INFO]  Epoch[3] Validation-SystolicBP-accuracy=0.000000
2024-04-07 15:26:17,912 [INFO]  Epoch[4] Batch [0-23]	Speed: 14680.88 samples/sec	cross-entropy=0.005520	SystolicBP-accuracy=0.000000
2024-04-07 15:26:17,936 [INFO]  Epoch[4] Train-cross-entropy=0.003453
2024-04-07 15:26:17,936 [INFO]  Epoch[4] Train-SystolicBP-accuracy=0.000000
2024-04-07 15:26:17,936 [INFO]  Epoch[4] Time cost=0.051
2024-04-07 15:26:17,939 [INFO]  Saved checkpoint to "./imputer_model/18_maternal/imputer_model_SystolicBP/model-0004.params"
2024-04-07 15:26:17,942 [INFO]  Epoch[4] Validation-cross-entropy=0.003164
2024-04-07 15:26:17,942 [INFO]  Epoch[4] Validation-SystolicBP-accuracy=0.000000
2024-04-07 15:26:17,942 [INFO]  
========== done (0.6642246246337891 s) fit model
2024-04-07 15:26:26,331 [INFO]  
========== start: fit model
2024-04-07 15:26:26,331 [WARNING]  Already bound, ignoring bind()
2024-04-07 15:26:26,365 [INFO]  Epoch[0] Batch [0-23]	Speed: 13505.51 samples/sec	cross-entropy=3.337472	SystolicBP-accuracy=0.000000
2024-04-07 15:26:26,380 [INFO]  Epoch[0] Train-cross-entropy=0.165760
2024-04-07 15:26:26,380 [INFO]  Epoch[0] Train-SystolicBP-accuracy=0.000000
2024-04-07 15:26:26,380 [INFO]  Epoch[0] Time cost=0.048
2024-04-07 15:26:26,384 [INFO]  Saved checkpoint to "./imputer_model/18_maternal/imputer_model_SystolicBP/model-0000.params"
2024-04-07 15:26:26,449 [INFO]  Epoch[0] Validation-cross-entropy=0.027798
2024-04-07 15:26:26,449 [INFO]  Epoch[0] Validation-SystolicBP-accuracy=0.000000
2024-04-07 15:26:26,526 [INFO]  Epoch[1] Batch [0-23]	Speed: 4890.96 samples/sec	cross-entropy=0.035880	SystolicBP-accuracy=0.000000
2024-04-07 15:26:26,553 [INFO]  Epoch[1] Train-cross-entropy=0.014444
2024-04-07 15:26:26,553 [INFO]  Epoch[1] Train-SystolicBP-accuracy=0.000000
2024-04-07 15:26:26,553 [INFO]  Epoch[1] Time cost=0.104
2024-04-07 15:26:26,557 [INFO]  Saved checkpoint to "./imputer_model/18_maternal/imputer_model_SystolicBP/model-0001.params"
2024-04-07 15:26:26,575 [INFO]  Epoch[1] Validation-cross-entropy=0.008624
2024-04-07 15:26:26,576 [INFO]  Epoch[1] Validation-SystolicBP-accuracy=0.000000
2024-04-07 15:26:26,591 [INFO]  Epoch[2] Batch [0-23]	Speed: 24650.31 samples/sec	cross-entropy=0.008271	SystolicBP-accuracy=0.000000
2024-04-07 15:26:26,608 [INFO]  Epoch[2] Train-cross-entropy=0.005457
2024-04-07 15:26:26,609 [INFO]  Epoch[2] Train-SystolicBP-accuracy=0.000000
2024-04-07 15:26:26,609 [INFO]  Epoch[2] Time cost=0.033
2024-04-07 15:26:26,610 [INFO]  Saved checkpoint to "./imputer_model/18_maternal/imputer_model_SystolicBP/model-0002.params"
2024-04-07 15:26:26,612 [INFO]  Epoch[2] Validation-cross-entropy=0.004182
2024-04-07 15:26:26,612 [INFO]  Epoch[2] Validation-SystolicBP-accuracy=0.000000
2024-04-07 15:26:26,661 [INFO]  Epoch[3] Batch [0-23]	Speed: 7606.95 samples/sec	cross-entropy=0.003928	SystolicBP-accuracy=0.000000
2024-04-07 15:26:26,678 [INFO]  Epoch[3] Train-cross-entropy=0.002826
2024-04-07 15:26:26,678 [INFO]  Epoch[3] Train-SystolicBP-accuracy=0.000000
2024-04-07 15:26:26,678 [INFO]  Epoch[3] Time cost=0.066
2024-04-07 15:26:26,680 [INFO]  Saved checkpoint to "./imputer_model/18_maternal/imputer_model_SystolicBP/model-0003.params"
2024-04-07 15:26:26,682 [INFO]  Epoch[3] Validation-cross-entropy=0.002490
2024-04-07 15:26:26,682 [INFO]  Epoch[3] Validation-SystolicBP-accuracy=0.000000
2024-04-07 15:26:26,701 [INFO]  Epoch[4] Batch [0-23]	Speed: 19912.32 samples/sec	cross-entropy=0.002068	SystolicBP-accuracy=0.000000
2024-04-07 15:26:26,717 [INFO]  Epoch[4] Train-cross-entropy=0.001750
2024-04-07 15:26:26,718 [INFO]  Epoch[4] Train-SystolicBP-accuracy=0.000000
2024-04-07 15:26:26,718 [INFO]  Epoch[4] Time cost=0.036
2024-04-07 15:26:26,719 [INFO]  Saved checkpoint to "./imputer_model/18_maternal/imputer_model_SystolicBP/model-0004.params"
2024-04-07 15:26:26,722 [INFO]  Epoch[4] Validation-cross-entropy=0.001919
2024-04-07 15:26:26,722 [INFO]  Epoch[4] Validation-SystolicBP-accuracy=0.000000
2024-04-07 15:26:26,722 [INFO]  
========== done (0.39050841331481934 s) fit model
2024-04-07 15:26:31,328 [INFO]  
========== start: fit model
2024-04-07 15:26:31,328 [WARNING]  Already bound, ignoring bind()
2024-04-07 15:26:31,400 [INFO]  Epoch[0] Batch [0-23]	Speed: 6710.80 samples/sec	cross-entropy=3.379780	SystolicBP-accuracy=3.083333
2024-04-07 15:26:31,466 [INFO]  Epoch[0] Train-cross-entropy=0.190793
2024-04-07 15:26:31,466 [INFO]  Epoch[0] Train-SystolicBP-accuracy=3.272727
2024-04-07 15:26:31,466 [INFO]  Epoch[0] Time cost=0.137
2024-04-07 15:26:31,468 [INFO]  Saved checkpoint to "./imputer_model/18_maternal/imputer_model_SystolicBP/model-0000.params"
2024-04-07 15:26:31,469 [INFO]  Epoch[0] Validation-cross-entropy=0.033845
2024-04-07 15:26:31,469 [INFO]  Epoch[0] Validation-SystolicBP-accuracy=0.000000
2024-04-07 15:26:31,629 [INFO]  Epoch[1] Batch [0-23]	Speed: 2307.48 samples/sec	cross-entropy=0.052501	SystolicBP-accuracy=3.083333
2024-04-07 15:26:31,653 [INFO]  Epoch[1] Train-cross-entropy=0.025931
2024-04-07 15:26:31,653 [INFO]  Epoch[1] Train-SystolicBP-accuracy=3.272727
2024-04-07 15:26:31,653 [INFO]  Epoch[1] Time cost=0.184
2024-04-07 15:26:31,655 [INFO]  Saved checkpoint to "./imputer_model/18_maternal/imputer_model_SystolicBP/model-0001.params"
2024-04-07 15:26:31,657 [INFO]  Epoch[1] Validation-cross-entropy=0.017275
2024-04-07 15:26:31,658 [INFO]  Epoch[1] Validation-SystolicBP-accuracy=0.000000
2024-04-07 15:26:31,686 [INFO]  Epoch[2] Batch [0-23]	Speed: 13345.99 samples/sec	cross-entropy=0.014488	SystolicBP-accuracy=3.083333
2024-04-07 15:26:31,711 [INFO]  Epoch[2] Train-cross-entropy=0.010201
2024-04-07 15:26:31,711 [INFO]  Epoch[2] Train-SystolicBP-accuracy=3.272727
2024-04-07 15:26:31,711 [INFO]  Epoch[2] Time cost=0.053
2024-04-07 15:26:31,713 [INFO]  Saved checkpoint to "./imputer_model/18_maternal/imputer_model_SystolicBP/model-0002.params"
2024-04-07 15:26:31,715 [INFO]  Epoch[2] Validation-cross-entropy=0.007723
2024-04-07 15:26:31,715 [INFO]  Epoch[2] Validation-SystolicBP-accuracy=0.000000
2024-04-07 15:26:31,742 [INFO]  Epoch[3] Batch [0-23]	Speed: 14481.16 samples/sec	cross-entropy=0.007087	SystolicBP-accuracy=3.083333
2024-04-07 15:26:31,784 [INFO]  Epoch[3] Train-cross-entropy=0.005422
2024-04-07 15:26:31,784 [INFO]  Epoch[3] Train-SystolicBP-accuracy=3.272727
2024-04-07 15:26:31,784 [INFO]  Epoch[3] Time cost=0.069
2024-04-07 15:26:31,786 [INFO]  Saved checkpoint to "./imputer_model/18_maternal/imputer_model_SystolicBP/model-0003.params"
2024-04-07 15:26:31,789 [INFO]  Epoch[3] Validation-cross-entropy=0.003682
2024-04-07 15:26:31,789 [INFO]  Epoch[3] Validation-SystolicBP-accuracy=0.000000
2024-04-07 15:26:31,815 [INFO]  Epoch[4] Batch [0-23]	Speed: 15123.35 samples/sec	cross-entropy=0.003837	SystolicBP-accuracy=3.083333
2024-04-07 15:26:31,840 [INFO]  Epoch[4] Train-cross-entropy=0.003117
2024-04-07 15:26:31,840 [INFO]  Epoch[4] Train-SystolicBP-accuracy=3.272727
2024-04-07 15:26:31,840 [INFO]  Epoch[4] Time cost=0.051
2024-04-07 15:26:31,842 [INFO]  Saved checkpoint to "./imputer_model/18_maternal/imputer_model_SystolicBP/model-0004.params"
2024-04-07 15:26:31,848 [INFO]  Epoch[4] Validation-cross-entropy=0.002282
2024-04-07 15:26:31,848 [INFO]  Epoch[4] Validation-SystolicBP-accuracy=0.000000
2024-04-07 15:26:31,849 [INFO]  
========== done (0.5210113525390625 s) fit model
2024-04-07 15:26:37,018 [INFO]  
========== start: fit model
2024-04-07 15:26:37,018 [WARNING]  Already bound, ignoring bind()
2024-04-07 15:26:37,085 [INFO]  Epoch[0] Batch [0-23]	Speed: 10191.84 samples/sec	cross-entropy=2.864000	SystolicBP-accuracy=3.250000
2024-04-07 15:26:37,102 [INFO]  Epoch[0] Train-cross-entropy=0.136210
2024-04-07 15:26:37,102 [INFO]  Epoch[0] Train-SystolicBP-accuracy=2.863636
2024-04-07 15:26:37,102 [INFO]  Epoch[0] Time cost=0.083
2024-04-07 15:26:37,104 [INFO]  Saved checkpoint to "./imputer_model/18_maternal/imputer_model_SystolicBP/model-0000.params"
2024-04-07 15:26:37,105 [INFO]  Epoch[0] Validation-cross-entropy=0.063519
2024-04-07 15:26:37,106 [INFO]  Epoch[0] Validation-SystolicBP-accuracy=0.000000
2024-04-07 15:26:37,157 [INFO]  Epoch[1] Batch [0-23]	Speed: 7295.48 samples/sec	cross-entropy=0.034492	SystolicBP-accuracy=3.250000
2024-04-07 15:26:37,170 [INFO]  Epoch[1] Train-cross-entropy=0.014724
2024-04-07 15:26:37,170 [INFO]  Epoch[1] Train-SystolicBP-accuracy=2.863636
2024-04-07 15:26:37,170 [INFO]  Epoch[1] Time cost=0.064
2024-04-07 15:26:37,172 [INFO]  Saved checkpoint to "./imputer_model/18_maternal/imputer_model_SystolicBP/model-0001.params"
2024-04-07 15:26:37,173 [INFO]  Epoch[1] Validation-cross-entropy=0.011449
2024-04-07 15:26:37,173 [INFO]  Epoch[1] Validation-SystolicBP-accuracy=0.000000
2024-04-07 15:26:37,192 [INFO]  Epoch[2] Batch [0-23]	Speed: 21335.32 samples/sec	cross-entropy=0.007564	SystolicBP-accuracy=3.250000
2024-04-07 15:26:37,208 [INFO]  Epoch[2] Train-cross-entropy=0.005554
2024-04-07 15:26:37,208 [INFO]  Epoch[2] Train-SystolicBP-accuracy=2.863636
2024-04-07 15:26:37,208 [INFO]  Epoch[2] Time cost=0.035
2024-04-07 15:26:37,210 [INFO]  Saved checkpoint to "./imputer_model/18_maternal/imputer_model_SystolicBP/model-0002.params"
2024-04-07 15:26:37,212 [INFO]  Epoch[2] Validation-cross-entropy=0.006854
2024-04-07 15:26:37,212 [INFO]  Epoch[2] Validation-SystolicBP-accuracy=0.000000
2024-04-07 15:26:37,235 [INFO]  Epoch[3] Batch [0-23]	Speed: 16390.79 samples/sec	cross-entropy=0.004056	SystolicBP-accuracy=3.250000
2024-04-07 15:26:37,331 [INFO]  Epoch[3] Train-cross-entropy=0.003071
2024-04-07 15:26:37,331 [INFO]  Epoch[3] Train-SystolicBP-accuracy=2.863636
2024-04-07 15:26:37,331 [INFO]  Epoch[3] Time cost=0.119
2024-04-07 15:26:37,332 [INFO]  Saved checkpoint to "./imputer_model/18_maternal/imputer_model_SystolicBP/model-0003.params"
2024-04-07 15:26:37,349 [INFO]  Epoch[3] Validation-cross-entropy=0.004452
2024-04-07 15:26:37,349 [INFO]  Epoch[3] Validation-SystolicBP-accuracy=0.000000
2024-04-07 15:26:37,521 [INFO]  Epoch[4] Batch [0-23]	Speed: 2170.28 samples/sec	cross-entropy=0.002450	SystolicBP-accuracy=3.250000
2024-04-07 15:26:37,552 [INFO]  Epoch[4] Train-cross-entropy=0.001885
2024-04-07 15:26:37,553 [INFO]  Epoch[4] Train-SystolicBP-accuracy=2.863636
2024-04-07 15:26:37,553 [INFO]  Epoch[4] Time cost=0.203
2024-04-07 15:26:37,555 [INFO]  Saved checkpoint to "./imputer_model/18_maternal/imputer_model_SystolicBP/model-0004.params"
2024-04-07 15:26:37,558 [INFO]  Epoch[4] Validation-cross-entropy=0.003164
2024-04-07 15:26:37,558 [INFO]  Epoch[4] Validation-SystolicBP-accuracy=0.000000
2024-04-07 15:26:37,558 [INFO]  
========== done (0.5400059223175049 s) fit model
2024-04-07 15:26:44,070 [INFO]  
========== start: fit model
2024-04-07 15:26:44,070 [WARNING]  Already bound, ignoring bind()
2024-04-07 15:26:44,121 [INFO]  Epoch[0] Batch [0-23]	Speed: 8396.73 samples/sec	cross-entropy=3.152874	SystolicBP-accuracy=3.666667
2024-04-07 15:26:44,146 [INFO]  Epoch[0] Train-cross-entropy=0.154593
2024-04-07 15:26:44,146 [INFO]  Epoch[0] Train-SystolicBP-accuracy=2.818182
2024-04-07 15:26:44,146 [INFO]  Epoch[0] Time cost=0.076
2024-04-07 15:26:44,148 [INFO]  Saved checkpoint to "./imputer_model/18_maternal/imputer_model_SystolicBP/model-0000.params"
2024-04-07 15:26:44,151 [INFO]  Epoch[0] Validation-cross-entropy=0.099909
2024-04-07 15:26:44,151 [INFO]  Epoch[0] Validation-SystolicBP-accuracy=0.000000
2024-04-07 15:26:44,178 [INFO]  Epoch[1] Batch [0-23]	Speed: 14862.10 samples/sec	cross-entropy=0.059021	SystolicBP-accuracy=3.666667
2024-04-07 15:26:44,203 [INFO]  Epoch[1] Train-cross-entropy=0.026974
2024-04-07 15:26:44,203 [INFO]  Epoch[1] Train-SystolicBP-accuracy=2.818182
2024-04-07 15:26:44,203 [INFO]  Epoch[1] Time cost=0.051
2024-04-07 15:26:44,204 [INFO]  Saved checkpoint to "./imputer_model/18_maternal/imputer_model_SystolicBP/model-0001.params"
2024-04-07 15:26:44,207 [INFO]  Epoch[1] Validation-cross-entropy=0.024977
2024-04-07 15:26:44,208 [INFO]  Epoch[1] Validation-SystolicBP-accuracy=0.000000
2024-04-07 15:26:44,234 [INFO]  Epoch[2] Batch [0-23]	Speed: 14696.82 samples/sec	cross-entropy=0.022015	SystolicBP-accuracy=3.666667
2024-04-07 15:26:44,258 [INFO]  Epoch[2] Train-cross-entropy=0.014517
2024-04-07 15:26:44,258 [INFO]  Epoch[2] Train-SystolicBP-accuracy=2.818182
2024-04-07 15:26:44,258 [INFO]  Epoch[2] Time cost=0.050
2024-04-07 15:26:44,260 [INFO]  Saved checkpoint to "./imputer_model/18_maternal/imputer_model_SystolicBP/model-0002.params"
2024-04-07 15:26:44,263 [INFO]  Epoch[2] Validation-cross-entropy=0.015832
2024-04-07 15:26:44,263 [INFO]  Epoch[2] Validation-SystolicBP-accuracy=0.000000
2024-04-07 15:26:44,289 [INFO]  Epoch[3] Batch [0-23]	Speed: 14723.74 samples/sec	cross-entropy=0.014028	SystolicBP-accuracy=3.666667
2024-04-07 15:26:44,313 [INFO]  Epoch[3] Train-cross-entropy=0.007954
2024-04-07 15:26:44,313 [INFO]  Epoch[3] Train-SystolicBP-accuracy=2.818182
2024-04-07 15:26:44,313 [INFO]  Epoch[3] Time cost=0.050
2024-04-07 15:26:44,315 [INFO]  Saved checkpoint to "./imputer_model/18_maternal/imputer_model_SystolicBP/model-0003.params"
2024-04-07 15:26:44,318 [INFO]  Epoch[3] Validation-cross-entropy=0.009238
2024-04-07 15:26:44,318 [INFO]  Epoch[3] Validation-SystolicBP-accuracy=0.000000
2024-04-07 15:26:44,345 [INFO]  Epoch[4] Batch [0-23]	Speed: 14541.05 samples/sec	cross-entropy=0.007917	SystolicBP-accuracy=3.666667
2024-04-07 15:26:44,369 [INFO]  Epoch[4] Train-cross-entropy=0.004395
2024-04-07 15:26:44,369 [INFO]  Epoch[4] Train-SystolicBP-accuracy=2.818182
2024-04-07 15:26:44,369 [INFO]  Epoch[4] Time cost=0.051
2024-04-07 15:26:44,371 [INFO]  Saved checkpoint to "./imputer_model/18_maternal/imputer_model_SystolicBP/model-0004.params"
2024-04-07 15:26:44,378 [INFO]  Epoch[4] Validation-cross-entropy=0.005811
2024-04-07 15:26:44,378 [INFO]  Epoch[4] Validation-SystolicBP-accuracy=0.000000
2024-04-07 15:26:44,378 [INFO]  
========== done (0.3078773021697998 s) fit model
2024-04-07 15:26:51,812 [INFO]  
========== start: fit model
2024-04-07 15:26:51,812 [WARNING]  Already bound, ignoring bind()
2024-04-07 15:26:52,334 [INFO]  Epoch[0] Batch [0-23]	Speed: 884.72 samples/sec	cross-entropy=7.468353	SystolicBP-accuracy=3.833333
2024-04-07 15:26:52,388 [INFO]  Epoch[0] Train-cross-entropy=0.659622
2024-04-07 15:26:52,388 [INFO]  Epoch[0] Train-SystolicBP-accuracy=2.545455
2024-04-07 15:26:52,388 [INFO]  Epoch[0] Time cost=0.575
2024-04-07 15:26:52,390 [INFO]  Saved checkpoint to "./imputer_model/18_maternal/imputer_model_SystolicBP/model-0000.params"
2024-04-07 15:26:52,393 [INFO]  Epoch[0] Validation-cross-entropy=0.221936
2024-04-07 15:26:52,393 [INFO]  Epoch[0] Validation-SystolicBP-accuracy=0.000000
2024-04-07 15:26:52,472 [INFO]  Epoch[1] Batch [0-23]	Speed: 4729.21 samples/sec	cross-entropy=0.073979	SystolicBP-accuracy=3.833333
2024-04-07 15:26:52,500 [INFO]  Epoch[1] Train-cross-entropy=0.049358
2024-04-07 15:26:52,500 [INFO]  Epoch[1] Train-SystolicBP-accuracy=2.545455
2024-04-07 15:26:52,501 [INFO]  Epoch[1] Time cost=0.108
2024-04-07 15:26:52,502 [INFO]  Saved checkpoint to "./imputer_model/18_maternal/imputer_model_SystolicBP/model-0001.params"
2024-04-07 15:26:52,508 [INFO]  Epoch[1] Validation-cross-entropy=0.042728
2024-04-07 15:26:52,509 [INFO]  Epoch[1] Validation-SystolicBP-accuracy=0.000000
2024-04-07 15:26:52,566 [INFO]  Epoch[2] Batch [0-23]	Speed: 10084.17 samples/sec	cross-entropy=0.031520	SystolicBP-accuracy=3.833333
2024-04-07 15:26:52,722 [INFO]  Epoch[2] Train-cross-entropy=0.028531
2024-04-07 15:26:52,722 [INFO]  Epoch[2] Train-SystolicBP-accuracy=2.545455
2024-04-07 15:26:52,722 [INFO]  Epoch[2] Time cost=0.214
2024-04-07 15:26:52,724 [INFO]  Saved checkpoint to "./imputer_model/18_maternal/imputer_model_SystolicBP/model-0002.params"
2024-04-07 15:26:52,732 [INFO]  Epoch[2] Validation-cross-entropy=0.023938
2024-04-07 15:26:52,733 [INFO]  Epoch[2] Validation-SystolicBP-accuracy=0.000000
2024-04-07 15:26:53,008 [INFO]  Epoch[3] Batch [0-23]	Speed: 1342.96 samples/sec	cross-entropy=0.022637	SystolicBP-accuracy=3.833333
2024-04-07 15:26:53,152 [INFO]  Epoch[3] Train-cross-entropy=0.019445
2024-04-07 15:26:53,152 [INFO]  Epoch[3] Train-SystolicBP-accuracy=2.545455
2024-04-07 15:26:53,152 [INFO]  Epoch[3] Time cost=0.419
2024-04-07 15:26:53,156 [INFO]  Saved checkpoint to "./imputer_model/18_maternal/imputer_model_SystolicBP/model-0003.params"
2024-04-07 15:26:53,175 [INFO]  Epoch[3] Validation-cross-entropy=0.015410
2024-04-07 15:26:53,175 [INFO]  Epoch[3] Validation-SystolicBP-accuracy=0.000000
2024-04-07 15:26:53,478 [INFO]  Epoch[4] Batch [0-23]	Speed: 1221.13 samples/sec	cross-entropy=0.015132	SystolicBP-accuracy=3.833333
2024-04-07 15:26:53,554 [INFO]  Epoch[4] Train-cross-entropy=0.013552
2024-04-07 15:26:53,555 [INFO]  Epoch[4] Train-SystolicBP-accuracy=2.545455
2024-04-07 15:26:53,555 [INFO]  Epoch[4] Time cost=0.379
2024-04-07 15:26:53,556 [INFO]  Saved checkpoint to "./imputer_model/18_maternal/imputer_model_SystolicBP/model-0004.params"
2024-04-07 15:26:53,559 [INFO]  Epoch[4] Validation-cross-entropy=0.009829
2024-04-07 15:26:53,559 [INFO]  Epoch[4] Validation-SystolicBP-accuracy=0.000000
2024-04-07 15:26:53,559 [INFO]  
========== done (1.7473046779632568 s) fit model
2024-04-07 15:26:58,698 [INFO]  
========== start: fit model
2024-04-07 15:26:58,698 [WARNING]  Already bound, ignoring bind()
2024-04-07 15:26:58,751 [INFO]  Epoch[0] Batch [0-23]	Speed: 9446.98 samples/sec	cross-entropy=1.312882	SystolicBP-accuracy=3.416667
2024-04-07 15:26:58,781 [INFO]  Epoch[0] Train-cross-entropy=0.072906
2024-04-07 15:26:58,781 [INFO]  Epoch[0] Train-SystolicBP-accuracy=3.318182
2024-04-07 15:26:58,781 [INFO]  Epoch[0] Time cost=0.082
2024-04-07 15:26:58,783 [INFO]  Saved checkpoint to "./imputer_model/18_maternal/imputer_model_SystolicBP/model-0000.params"
2024-04-07 15:26:58,784 [INFO]  Epoch[0] Validation-cross-entropy=0.024879
2024-04-07 15:26:58,784 [INFO]  Epoch[0] Validation-SystolicBP-accuracy=0.000000
2024-04-07 15:26:58,800 [INFO]  Epoch[1] Batch [0-23]	Speed: 24930.21 samples/sec	cross-entropy=0.019469	SystolicBP-accuracy=3.416667
2024-04-07 15:26:58,812 [INFO]  Epoch[1] Train-cross-entropy=0.006247
2024-04-07 15:26:58,812 [INFO]  Epoch[1] Train-SystolicBP-accuracy=3.318182
2024-04-07 15:26:58,812 [INFO]  Epoch[1] Time cost=0.028
2024-04-07 15:26:58,814 [INFO]  Saved checkpoint to "./imputer_model/18_maternal/imputer_model_SystolicBP/model-0001.params"
2024-04-07 15:26:58,816 [INFO]  Epoch[1] Validation-cross-entropy=0.006079
2024-04-07 15:26:58,816 [INFO]  Epoch[1] Validation-SystolicBP-accuracy=0.000000
2024-04-07 15:26:58,861 [INFO]  Epoch[2] Batch [0-23]	Speed: 9834.30 samples/sec	cross-entropy=0.003653	SystolicBP-accuracy=3.416667
2024-04-07 15:26:58,882 [INFO]  Epoch[2] Train-cross-entropy=0.003847
2024-04-07 15:26:58,882 [INFO]  Epoch[2] Train-SystolicBP-accuracy=3.318182
2024-04-07 15:26:58,882 [INFO]  Epoch[2] Time cost=0.067
2024-04-07 15:26:58,884 [INFO]  Saved checkpoint to "./imputer_model/18_maternal/imputer_model_SystolicBP/model-0002.params"
2024-04-07 15:26:58,886 [INFO]  Epoch[2] Validation-cross-entropy=0.003946
2024-04-07 15:26:58,886 [INFO]  Epoch[2] Validation-SystolicBP-accuracy=0.000000
2024-04-07 15:26:58,900 [INFO]  Epoch[3] Batch [0-23]	Speed: 28227.94 samples/sec	cross-entropy=0.002240	SystolicBP-accuracy=3.416667
2024-04-07 15:26:58,912 [INFO]  Epoch[3] Train-cross-entropy=0.002585
2024-04-07 15:26:58,912 [INFO]  Epoch[3] Train-SystolicBP-accuracy=3.318182
2024-04-07 15:26:58,912 [INFO]  Epoch[3] Time cost=0.027
2024-04-07 15:26:58,914 [INFO]  Saved checkpoint to "./imputer_model/18_maternal/imputer_model_SystolicBP/model-0003.params"
2024-04-07 15:26:58,915 [INFO]  Epoch[3] Validation-cross-entropy=0.002956
2024-04-07 15:26:58,916 [INFO]  Epoch[3] Validation-SystolicBP-accuracy=0.000000
2024-04-07 15:26:58,930 [INFO]  Epoch[4] Batch [0-23]	Speed: 26602.05 samples/sec	cross-entropy=0.001472	SystolicBP-accuracy=3.416667
2024-04-07 15:26:58,981 [INFO]  Epoch[4] Train-cross-entropy=0.001809
2024-04-07 15:26:58,981 [INFO]  Epoch[4] Train-SystolicBP-accuracy=3.318182
2024-04-07 15:26:58,981 [INFO]  Epoch[4] Time cost=0.065
2024-04-07 15:26:58,984 [INFO]  Saved checkpoint to "./imputer_model/18_maternal/imputer_model_SystolicBP/model-0004.params"
2024-04-07 15:26:58,994 [INFO]  Epoch[4] Validation-cross-entropy=0.001987
2024-04-07 15:26:58,994 [INFO]  Epoch[4] Validation-SystolicBP-accuracy=0.000000
2024-04-07 15:26:58,994 [INFO]  
========== done (0.29632043838500977 s) fit model
2024-04-07 15:27:03,968 [INFO]  
========== start: fit model
2024-04-07 15:27:03,968 [WARNING]  Already bound, ignoring bind()
2024-04-07 15:27:04,050 [INFO]  Epoch[0] Batch [0-23]	Speed: 19780.65 samples/sec	cross-entropy=4.223056	SystolicBP-accuracy=0.000000
2024-04-07 15:27:04,151 [INFO]  Epoch[0] Train-cross-entropy=0.269703
2024-04-07 15:27:04,151 [INFO]  Epoch[0] Train-SystolicBP-accuracy=0.000000
2024-04-07 15:27:04,152 [INFO]  Epoch[0] Time cost=0.182
2024-04-07 15:27:04,153 [INFO]  Saved checkpoint to "./imputer_model/18_maternal/imputer_model_SystolicBP/model-0000.params"
2024-04-07 15:27:04,156 [INFO]  Epoch[0] Validation-cross-entropy=0.183122
2024-04-07 15:27:04,156 [INFO]  Epoch[0] Validation-SystolicBP-accuracy=0.000000
2024-04-07 15:27:04,260 [INFO]  Epoch[1] Batch [0-23]	Speed: 3562.76 samples/sec	cross-entropy=0.077372	SystolicBP-accuracy=0.000000
2024-04-07 15:27:04,296 [INFO]  Epoch[1] Train-cross-entropy=0.034959
2024-04-07 15:27:04,296 [INFO]  Epoch[1] Train-SystolicBP-accuracy=0.000000
2024-04-07 15:27:04,296 [INFO]  Epoch[1] Time cost=0.140
2024-04-07 15:27:04,298 [INFO]  Saved checkpoint to "./imputer_model/18_maternal/imputer_model_SystolicBP/model-0001.params"
2024-04-07 15:27:04,301 [INFO]  Epoch[1] Validation-cross-entropy=0.022104
2024-04-07 15:27:04,301 [INFO]  Epoch[1] Validation-SystolicBP-accuracy=0.000000
2024-04-07 15:27:04,329 [INFO]  Epoch[2] Batch [0-23]	Speed: 14415.84 samples/sec	cross-entropy=0.026228	SystolicBP-accuracy=0.000000
2024-04-07 15:27:04,353 [INFO]  Epoch[2] Train-cross-entropy=0.020924
2024-04-07 15:27:04,353 [INFO]  Epoch[2] Train-SystolicBP-accuracy=0.000000
2024-04-07 15:27:04,353 [INFO]  Epoch[2] Time cost=0.051
2024-04-07 15:27:04,355 [INFO]  Saved checkpoint to "./imputer_model/18_maternal/imputer_model_SystolicBP/model-0002.params"
2024-04-07 15:27:04,358 [INFO]  Epoch[2] Validation-cross-entropy=0.012672
2024-04-07 15:27:04,358 [INFO]  Epoch[2] Validation-SystolicBP-accuracy=0.000000
2024-04-07 15:27:04,385 [INFO]  Epoch[3] Batch [0-23]	Speed: 14584.06 samples/sec	cross-entropy=0.012159	SystolicBP-accuracy=0.000000
2024-04-07 15:27:04,410 [INFO]  Epoch[3] Train-cross-entropy=0.013033
2024-04-07 15:27:04,410 [INFO]  Epoch[3] Train-SystolicBP-accuracy=0.000000
2024-04-07 15:27:04,410 [INFO]  Epoch[3] Time cost=0.052
2024-04-07 15:27:04,412 [INFO]  Saved checkpoint to "./imputer_model/18_maternal/imputer_model_SystolicBP/model-0003.params"
2024-04-07 15:27:04,415 [INFO]  Epoch[3] Validation-cross-entropy=0.007421
2024-04-07 15:27:04,415 [INFO]  Epoch[3] Validation-SystolicBP-accuracy=0.000000
2024-04-07 15:27:04,442 [INFO]  Epoch[4] Batch [0-23]	Speed: 14853.09 samples/sec	cross-entropy=0.006101	SystolicBP-accuracy=0.000000
2024-04-07 15:27:04,466 [INFO]  Epoch[4] Train-cross-entropy=0.005851
2024-04-07 15:27:04,467 [INFO]  Epoch[4] Train-SystolicBP-accuracy=0.000000
2024-04-07 15:27:04,467 [INFO]  Epoch[4] Time cost=0.051
2024-04-07 15:27:04,469 [INFO]  Saved checkpoint to "./imputer_model/18_maternal/imputer_model_SystolicBP/model-0004.params"
2024-04-07 15:27:04,472 [INFO]  Epoch[4] Validation-cross-entropy=0.004262
2024-04-07 15:27:04,472 [INFO]  Epoch[4] Validation-SystolicBP-accuracy=0.000000
2024-04-07 15:27:04,472 [INFO]  
========== done (0.5035445690155029 s) fit model
2024-04-07 15:27:10,281 [INFO]  
========== start: fit model
2024-04-07 15:27:10,281 [WARNING]  Already bound, ignoring bind()
2024-04-07 15:27:10,337 [INFO]  Epoch[0] Batch [0-23]	Speed: 23091.48 samples/sec	cross-entropy=3.674941	SystolicBP-accuracy=3.291667
2024-04-07 15:27:10,403 [INFO]  Epoch[0] Train-cross-entropy=0.293555
2024-04-07 15:27:10,404 [INFO]  Epoch[0] Train-SystolicBP-accuracy=2.909091
2024-04-07 15:27:10,404 [INFO]  Epoch[0] Time cost=0.121
2024-04-07 15:27:10,406 [INFO]  Saved checkpoint to "./imputer_model/18_maternal/imputer_model_SystolicBP/model-0000.params"
2024-04-07 15:27:10,409 [INFO]  Epoch[0] Validation-cross-entropy=0.156751
2024-04-07 15:27:10,409 [INFO]  Epoch[0] Validation-SystolicBP-accuracy=0.000000
2024-04-07 15:27:10,431 [INFO]  Epoch[1] Batch [0-23]	Speed: 18082.07 samples/sec	cross-entropy=0.069530	SystolicBP-accuracy=3.291667
2024-04-07 15:27:10,445 [INFO]  Epoch[1] Train-cross-entropy=0.030061
2024-04-07 15:27:10,445 [INFO]  Epoch[1] Train-SystolicBP-accuracy=2.909091
2024-04-07 15:27:10,445 [INFO]  Epoch[1] Time cost=0.036
2024-04-07 15:27:10,447 [INFO]  Saved checkpoint to "./imputer_model/18_maternal/imputer_model_SystolicBP/model-0001.params"
2024-04-07 15:27:10,508 [INFO]  Epoch[1] Validation-cross-entropy=0.029093
2024-04-07 15:27:10,508 [INFO]  Epoch[1] Validation-SystolicBP-accuracy=0.000000
2024-04-07 15:27:10,716 [INFO]  Epoch[2] Batch [0-23]	Speed: 1783.43 samples/sec	cross-entropy=0.022574	SystolicBP-accuracy=3.291667
2024-04-07 15:27:10,736 [INFO]  Epoch[2] Train-cross-entropy=0.016325
2024-04-07 15:27:10,737 [INFO]  Epoch[2] Train-SystolicBP-accuracy=2.909091
2024-04-07 15:27:10,737 [INFO]  Epoch[2] Time cost=0.228
2024-04-07 15:27:10,738 [INFO]  Saved checkpoint to "./imputer_model/18_maternal/imputer_model_SystolicBP/model-0002.params"
2024-04-07 15:27:10,745 [INFO]  Epoch[2] Validation-cross-entropy=0.015218
2024-04-07 15:27:10,745 [INFO]  Epoch[2] Validation-SystolicBP-accuracy=0.000000
2024-04-07 15:27:11,031 [INFO]  Epoch[3] Batch [0-23]	Speed: 1292.39 samples/sec	cross-entropy=0.013006	SystolicBP-accuracy=3.291667
2024-04-07 15:27:11,069 [INFO]  Epoch[3] Train-cross-entropy=0.008779
2024-04-07 15:27:11,070 [INFO]  Epoch[3] Train-SystolicBP-accuracy=2.909091
2024-04-07 15:27:11,070 [INFO]  Epoch[3] Time cost=0.324
2024-04-07 15:27:11,071 [INFO]  Saved checkpoint to "./imputer_model/18_maternal/imputer_model_SystolicBP/model-0003.params"
2024-04-07 15:27:11,073 [INFO]  Epoch[3] Validation-cross-entropy=0.009678
2024-04-07 15:27:11,073 [INFO]  Epoch[3] Validation-SystolicBP-accuracy=0.000000
2024-04-07 15:27:11,098 [INFO]  Epoch[4] Batch [0-23]	Speed: 14806.64 samples/sec	cross-entropy=0.008167	SystolicBP-accuracy=3.291667
2024-04-07 15:27:11,111 [INFO]  Epoch[4] Train-cross-entropy=0.004676
2024-04-07 15:27:11,111 [INFO]  Epoch[4] Train-SystolicBP-accuracy=2.909091
2024-04-07 15:27:11,111 [INFO]  Epoch[4] Time cost=0.038
2024-04-07 15:27:11,113 [INFO]  Saved checkpoint to "./imputer_model/18_maternal/imputer_model_SystolicBP/model-0004.params"
2024-04-07 15:27:11,118 [INFO]  Epoch[4] Validation-cross-entropy=0.005491
2024-04-07 15:27:11,118 [INFO]  Epoch[4] Validation-SystolicBP-accuracy=0.000000
2024-04-07 15:27:11,118 [INFO]  
========== done (0.8372242450714111 s) fit model
2024-04-07 15:27:17,330 [INFO]  
========== start: fit model
2024-04-07 15:27:17,330 [WARNING]  Already bound, ignoring bind()
2024-04-07 15:27:17,421 [INFO]  Epoch[0] Batch [0-23]	Speed: 4155.55 samples/sec	cross-entropy=2.181864	SystolicBP-accuracy=3.166667
2024-04-07 15:27:17,614 [INFO]  Epoch[0] Train-cross-entropy=0.113241
2024-04-07 15:27:17,614 [INFO]  Epoch[0] Train-SystolicBP-accuracy=3.454545
2024-04-07 15:27:17,614 [INFO]  Epoch[0] Time cost=0.283
2024-04-07 15:27:17,616 [INFO]  Saved checkpoint to "./imputer_model/18_maternal/imputer_model_SystolicBP/model-0000.params"
2024-04-07 15:27:17,619 [INFO]  Epoch[0] Validation-cross-entropy=0.128458
2024-04-07 15:27:17,619 [INFO]  Epoch[0] Validation-SystolicBP-accuracy=0.000000
2024-04-07 15:27:17,655 [INFO]  Epoch[1] Batch [0-23]	Speed: 11100.75 samples/sec	cross-entropy=0.049751	SystolicBP-accuracy=3.166667
2024-04-07 15:27:17,784 [INFO]  Epoch[1] Train-cross-entropy=0.021616
2024-04-07 15:27:17,784 [INFO]  Epoch[1] Train-SystolicBP-accuracy=3.454545
2024-04-07 15:27:17,784 [INFO]  Epoch[1] Time cost=0.165
2024-04-07 15:27:17,788 [INFO]  Saved checkpoint to "./imputer_model/18_maternal/imputer_model_SystolicBP/model-0001.params"
2024-04-07 15:27:17,797 [INFO]  Epoch[1] Validation-cross-entropy=0.012437
2024-04-07 15:27:17,797 [INFO]  Epoch[1] Validation-SystolicBP-accuracy=0.000000
2024-04-07 15:27:17,847 [INFO]  Epoch[2] Batch [0-23]	Speed: 7451.61 samples/sec	cross-entropy=0.012768	SystolicBP-accuracy=3.166667
2024-04-07 15:27:17,901 [INFO]  Epoch[2] Train-cross-entropy=0.013916
2024-04-07 15:27:17,901 [INFO]  Epoch[2] Train-SystolicBP-accuracy=3.454545
2024-04-07 15:27:17,901 [INFO]  Epoch[2] Time cost=0.104
2024-04-07 15:27:17,902 [INFO]  Saved checkpoint to "./imputer_model/18_maternal/imputer_model_SystolicBP/model-0002.params"
2024-04-07 15:27:17,904 [INFO]  Epoch[2] Validation-cross-entropy=0.011126
2024-04-07 15:27:17,904 [INFO]  Epoch[2] Validation-SystolicBP-accuracy=0.000000
2024-04-07 15:27:17,918 [INFO]  Epoch[3] Batch [0-23]	Speed: 28191.34 samples/sec	cross-entropy=0.007558	SystolicBP-accuracy=3.166667
2024-04-07 15:27:17,958 [INFO]  Epoch[3] Train-cross-entropy=0.009901
2024-04-07 15:27:17,958 [INFO]  Epoch[3] Train-SystolicBP-accuracy=3.454545
2024-04-07 15:27:17,958 [INFO]  Epoch[3] Time cost=0.054
2024-04-07 15:27:17,961 [INFO]  Saved checkpoint to "./imputer_model/18_maternal/imputer_model_SystolicBP/model-0003.params"
2024-04-07 15:27:17,964 [INFO]  Epoch[3] Validation-cross-entropy=0.009175
2024-04-07 15:27:17,964 [INFO]  Epoch[3] Validation-SystolicBP-accuracy=0.000000
2024-04-07 15:27:17,995 [INFO]  Epoch[4] Batch [0-23]	Speed: 12531.90 samples/sec	cross-entropy=0.004889	SystolicBP-accuracy=3.166667
2024-04-07 15:27:18,049 [INFO]  Epoch[4] Train-cross-entropy=0.005649
2024-04-07 15:27:18,049 [INFO]  Epoch[4] Train-SystolicBP-accuracy=3.454545
2024-04-07 15:27:18,049 [INFO]  Epoch[4] Time cost=0.085
2024-04-07 15:27:18,051 [INFO]  Saved checkpoint to "./imputer_model/18_maternal/imputer_model_SystolicBP/model-0004.params"
2024-04-07 15:27:18,053 [INFO]  Epoch[4] Validation-cross-entropy=0.003914
2024-04-07 15:27:18,053 [INFO]  Epoch[4] Validation-SystolicBP-accuracy=0.000000
2024-04-07 15:27:18,053 [INFO]  
========== done (0.7239131927490234 s) fit model
2024-04-07 15:27:25,006 [INFO]  
========== start: fit model
2024-04-07 15:27:25,006 [WARNING]  Already bound, ignoring bind()
2024-04-07 15:27:25,110 [INFO]  Epoch[0] Batch [0-23]	Speed: 3974.38 samples/sec	cross-entropy=5.782866	SystolicBP-accuracy=3.416667
2024-04-07 15:27:25,134 [INFO]  Epoch[0] Train-cross-entropy=0.401845
2024-04-07 15:27:25,135 [INFO]  Epoch[0] Train-SystolicBP-accuracy=2.909091
2024-04-07 15:27:25,135 [INFO]  Epoch[0] Time cost=0.127
2024-04-07 15:27:25,136 [INFO]  Saved checkpoint to "./imputer_model/18_maternal/imputer_model_SystolicBP/model-0000.params"
2024-04-07 15:27:25,155 [INFO]  Epoch[0] Validation-cross-entropy=0.189208
2024-04-07 15:27:25,155 [INFO]  Epoch[0] Validation-SystolicBP-accuracy=0.000000
2024-04-07 15:27:25,190 [INFO]  Epoch[1] Batch [0-23]	Speed: 11089.58 samples/sec	cross-entropy=0.076025	SystolicBP-accuracy=3.416667
2024-04-07 15:27:25,217 [INFO]  Epoch[1] Train-cross-entropy=0.030201
2024-04-07 15:27:25,217 [INFO]  Epoch[1] Train-SystolicBP-accuracy=2.909091
2024-04-07 15:27:25,217 [INFO]  Epoch[1] Time cost=0.062
2024-04-07 15:27:25,219 [INFO]  Saved checkpoint to "./imputer_model/18_maternal/imputer_model_SystolicBP/model-0001.params"
2024-04-07 15:27:25,225 [INFO]  Epoch[1] Validation-cross-entropy=0.013974
2024-04-07 15:27:25,225 [INFO]  Epoch[1] Validation-SystolicBP-accuracy=0.000000
2024-04-07 15:27:25,251 [INFO]  Epoch[2] Batch [0-23]	Speed: 14534.62 samples/sec	cross-entropy=0.016017	SystolicBP-accuracy=3.416667
2024-04-07 15:27:25,277 [INFO]  Epoch[2] Train-cross-entropy=0.010981
2024-04-07 15:27:25,277 [INFO]  Epoch[2] Train-SystolicBP-accuracy=2.909091
2024-04-07 15:27:25,277 [INFO]  Epoch[2] Time cost=0.052
2024-04-07 15:27:25,279 [INFO]  Saved checkpoint to "./imputer_model/18_maternal/imputer_model_SystolicBP/model-0002.params"
2024-04-07 15:27:25,282 [INFO]  Epoch[2] Validation-cross-entropy=0.008419
2024-04-07 15:27:25,282 [INFO]  Epoch[2] Validation-SystolicBP-accuracy=0.000000
2024-04-07 15:27:25,309 [INFO]  Epoch[3] Batch [0-23]	Speed: 14120.04 samples/sec	cross-entropy=0.006997	SystolicBP-accuracy=3.416667
2024-04-07 15:27:25,334 [INFO]  Epoch[3] Train-cross-entropy=0.005888
2024-04-07 15:27:25,335 [INFO]  Epoch[3] Train-SystolicBP-accuracy=2.909091
2024-04-07 15:27:25,335 [INFO]  Epoch[3] Time cost=0.053
2024-04-07 15:27:25,337 [INFO]  Saved checkpoint to "./imputer_model/18_maternal/imputer_model_SystolicBP/model-0003.params"
2024-04-07 15:27:25,340 [INFO]  Epoch[3] Validation-cross-entropy=0.004815
2024-04-07 15:27:25,340 [INFO]  Epoch[3] Validation-SystolicBP-accuracy=0.000000
2024-04-07 15:27:25,367 [INFO]  Epoch[4] Batch [0-23]	Speed: 14327.79 samples/sec	cross-entropy=0.003884	SystolicBP-accuracy=3.416667
2024-04-07 15:27:25,394 [INFO]  Epoch[4] Train-cross-entropy=0.003590
2024-04-07 15:27:25,394 [INFO]  Epoch[4] Train-SystolicBP-accuracy=2.909091
2024-04-07 15:27:25,394 [INFO]  Epoch[4] Time cost=0.054
2024-04-07 15:27:25,396 [INFO]  Saved checkpoint to "./imputer_model/18_maternal/imputer_model_SystolicBP/model-0004.params"
2024-04-07 15:27:25,399 [INFO]  Epoch[4] Validation-cross-entropy=0.002731
2024-04-07 15:27:25,399 [INFO]  Epoch[4] Validation-SystolicBP-accuracy=0.000000
2024-04-07 15:27:25,399 [INFO]  
========== done (0.3928523063659668 s) fit model
2024-04-07 15:27:32,922 [INFO]  
========== start: fit model
2024-04-07 15:27:32,922 [WARNING]  Already bound, ignoring bind()
2024-04-07 15:27:33,184 [INFO]  Epoch[0] Batch [0-23]	Speed: 3954.24 samples/sec	cross-entropy=5.252107	SystolicBP-accuracy=0.000000
2024-04-07 15:27:33,196 [INFO]  Epoch[0] Train-cross-entropy=0.457636
2024-04-07 15:27:33,196 [INFO]  Epoch[0] Train-SystolicBP-accuracy=0.000000
2024-04-07 15:27:33,196 [INFO]  Epoch[0] Time cost=0.273
2024-04-07 15:27:33,198 [INFO]  Saved checkpoint to "./imputer_model/18_maternal/imputer_model_SystolicBP/model-0000.params"
2024-04-07 15:27:33,199 [INFO]  Epoch[0] Validation-cross-entropy=0.157549
2024-04-07 15:27:33,203 [INFO]  Epoch[0] Validation-SystolicBP-accuracy=0.000000
2024-04-07 15:27:33,259 [INFO]  Epoch[1] Batch [0-23]	Speed: 6766.07 samples/sec	cross-entropy=0.061356	SystolicBP-accuracy=0.000000
2024-04-07 15:27:33,443 [INFO]  Epoch[1] Train-cross-entropy=0.016389
2024-04-07 15:27:33,443 [INFO]  Epoch[1] Train-SystolicBP-accuracy=0.000000
2024-04-07 15:27:33,443 [INFO]  Epoch[1] Time cost=0.239
2024-04-07 15:27:33,445 [INFO]  Saved checkpoint to "./imputer_model/18_maternal/imputer_model_SystolicBP/model-0001.params"
2024-04-07 15:27:33,447 [INFO]  Epoch[1] Validation-cross-entropy=0.014156
2024-04-07 15:27:33,447 [INFO]  Epoch[1] Validation-SystolicBP-accuracy=0.000000
2024-04-07 15:27:33,474 [INFO]  Epoch[2] Batch [0-23]	Speed: 14843.95 samples/sec	cross-entropy=0.011988	SystolicBP-accuracy=0.000000
2024-04-07 15:27:33,498 [INFO]  Epoch[2] Train-cross-entropy=0.008209
2024-04-07 15:27:33,498 [INFO]  Epoch[2] Train-SystolicBP-accuracy=0.000000
2024-04-07 15:27:33,498 [INFO]  Epoch[2] Time cost=0.051
2024-04-07 15:27:33,500 [INFO]  Saved checkpoint to "./imputer_model/18_maternal/imputer_model_SystolicBP/model-0002.params"
2024-04-07 15:27:33,502 [INFO]  Epoch[2] Validation-cross-entropy=0.009469
2024-04-07 15:27:33,502 [INFO]  Epoch[2] Validation-SystolicBP-accuracy=0.000000
2024-04-07 15:27:33,530 [INFO]  Epoch[3] Batch [0-23]	Speed: 13967.73 samples/sec	cross-entropy=0.007600	SystolicBP-accuracy=0.000000
2024-04-07 15:27:33,594 [INFO]  Epoch[3] Train-cross-entropy=0.005410
2024-04-07 15:27:33,594 [INFO]  Epoch[3] Train-SystolicBP-accuracy=0.000000
2024-04-07 15:27:33,594 [INFO]  Epoch[3] Time cost=0.092
2024-04-07 15:27:33,596 [INFO]  Saved checkpoint to "./imputer_model/18_maternal/imputer_model_SystolicBP/model-0003.params"
2024-04-07 15:27:33,627 [INFO]  Epoch[3] Validation-cross-entropy=0.006997
2024-04-07 15:27:33,627 [INFO]  Epoch[3] Validation-SystolicBP-accuracy=0.000000
2024-04-07 15:27:33,658 [INFO]  Epoch[4] Batch [0-23]	Speed: 13095.75 samples/sec	cross-entropy=0.005550	SystolicBP-accuracy=0.000000
2024-04-07 15:27:33,685 [INFO]  Epoch[4] Train-cross-entropy=0.003983
2024-04-07 15:27:33,685 [INFO]  Epoch[4] Train-SystolicBP-accuracy=0.000000
2024-04-07 15:27:33,685 [INFO]  Epoch[4] Time cost=0.058
2024-04-07 15:27:33,688 [INFO]  Saved checkpoint to "./imputer_model/18_maternal/imputer_model_SystolicBP/model-0004.params"
2024-04-07 15:27:33,758 [INFO]  Epoch[4] Validation-cross-entropy=0.005929
2024-04-07 15:27:33,759 [INFO]  Epoch[4] Validation-SystolicBP-accuracy=0.000000
2024-04-07 15:27:33,759 [INFO]  
========== done (0.8363916873931885 s) fit model
2024-04-07 15:27:41,813 [INFO]  
========== start: fit model
2024-04-07 15:27:41,813 [WARNING]  Already bound, ignoring bind()
2024-04-07 15:27:41,852 [INFO]  Epoch[0] Batch [0-23]	Speed: 10401.11 samples/sec	cross-entropy=3.068491	SystolicBP-accuracy=3.333333
2024-04-07 15:27:41,923 [INFO]  Epoch[0] Train-cross-entropy=0.174077
2024-04-07 15:27:41,923 [INFO]  Epoch[0] Train-SystolicBP-accuracy=2.863636
2024-04-07 15:27:41,923 [INFO]  Epoch[0] Time cost=0.109
2024-04-07 15:27:41,927 [INFO]  Saved checkpoint to "./imputer_model/18_maternal/imputer_model_SystolicBP/model-0000.params"
2024-04-07 15:27:41,934 [INFO]  Epoch[0] Validation-cross-entropy=0.137752
2024-04-07 15:27:41,934 [INFO]  Epoch[0] Validation-SystolicBP-accuracy=0.000000
2024-04-07 15:27:41,948 [INFO]  Epoch[1] Batch [0-23]	Speed: 28113.80 samples/sec	cross-entropy=0.043559	SystolicBP-accuracy=3.333333
2024-04-07 15:27:41,960 [INFO]  Epoch[1] Train-cross-entropy=0.009378
2024-04-07 15:27:41,960 [INFO]  Epoch[1] Train-SystolicBP-accuracy=2.863636
2024-04-07 15:27:41,960 [INFO]  Epoch[1] Time cost=0.026
2024-04-07 15:27:41,962 [INFO]  Saved checkpoint to "./imputer_model/18_maternal/imputer_model_SystolicBP/model-0001.params"
2024-04-07 15:27:41,963 [INFO]  Epoch[1] Validation-cross-entropy=0.010036
2024-04-07 15:27:41,963 [INFO]  Epoch[1] Validation-SystolicBP-accuracy=0.000000
2024-04-07 15:27:41,977 [INFO]  Epoch[2] Batch [0-23]	Speed: 28185.67 samples/sec	cross-entropy=0.006028	SystolicBP-accuracy=3.333333
2024-04-07 15:27:41,989 [INFO]  Epoch[2] Train-cross-entropy=0.004949
2024-04-07 15:27:41,989 [INFO]  Epoch[2] Train-SystolicBP-accuracy=2.863636
2024-04-07 15:27:41,990 [INFO]  Epoch[2] Time cost=0.026
2024-04-07 15:27:41,991 [INFO]  Saved checkpoint to "./imputer_model/18_maternal/imputer_model_SystolicBP/model-0002.params"
2024-04-07 15:27:42,028 [INFO]  Epoch[2] Validation-cross-entropy=0.008922
2024-04-07 15:27:42,028 [INFO]  Epoch[2] Validation-SystolicBP-accuracy=0.000000
2024-04-07 15:27:42,068 [INFO]  Epoch[3] Batch [0-23]	Speed: 9379.30 samples/sec	cross-entropy=0.004463	SystolicBP-accuracy=3.333333
2024-04-07 15:27:42,102 [INFO]  Epoch[3] Train-cross-entropy=0.004556
2024-04-07 15:27:42,102 [INFO]  Epoch[3] Train-SystolicBP-accuracy=2.863636
2024-04-07 15:27:42,102 [INFO]  Epoch[3] Time cost=0.074
2024-04-07 15:27:42,104 [INFO]  Saved checkpoint to "./imputer_model/18_maternal/imputer_model_SystolicBP/model-0003.params"
2024-04-07 15:27:42,120 [INFO]  Epoch[3] Validation-cross-entropy=0.010073
2024-04-07 15:27:42,120 [INFO]  Epoch[3] Validation-SystolicBP-accuracy=0.000000
2024-04-07 15:27:42,151 [INFO]  Epoch[4] Batch [0-23]	Speed: 12424.77 samples/sec	cross-entropy=0.003710	SystolicBP-accuracy=3.333333
2024-04-07 15:27:42,175 [INFO]  Epoch[4] Train-cross-entropy=0.003249
2024-04-07 15:27:42,175 [INFO]  Epoch[4] Train-SystolicBP-accuracy=2.863636
2024-04-07 15:27:42,175 [INFO]  Epoch[4] Time cost=0.055
2024-04-07 15:27:42,177 [INFO]  Saved checkpoint to "./imputer_model/18_maternal/imputer_model_SystolicBP/model-0004.params"
2024-04-07 15:27:42,179 [INFO]  Epoch[4] Validation-cross-entropy=0.007697
2024-04-07 15:27:42,180 [INFO]  Epoch[4] Validation-SystolicBP-accuracy=0.000000
2024-04-07 15:27:42,180 [INFO]  
========== done (0.36690783500671387 s) fit model
2024-04-07 15:27:48,497 [INFO]  
========== start: fit model
2024-04-07 15:27:48,498 [WARNING]  Already bound, ignoring bind()
2024-04-07 15:27:48,758 [INFO]  Epoch[0] Batch [0-23]	Speed: 1751.35 samples/sec	cross-entropy=2.447340	SystolicBP-accuracy=0.000000
2024-04-07 15:27:48,798 [INFO]  Epoch[0] Train-cross-entropy=0.123001
2024-04-07 15:27:48,799 [INFO]  Epoch[0] Train-SystolicBP-accuracy=0.000000
2024-04-07 15:27:48,799 [INFO]  Epoch[0] Time cost=0.300
2024-04-07 15:27:48,801 [INFO]  Saved checkpoint to "./imputer_model/18_maternal/imputer_model_SystolicBP/model-0000.params"
2024-04-07 15:27:48,804 [INFO]  Epoch[0] Validation-cross-entropy=0.056118
2024-04-07 15:27:48,804 [INFO]  Epoch[0] Validation-SystolicBP-accuracy=0.000000
2024-04-07 15:27:48,834 [INFO]  Epoch[1] Batch [0-23]	Speed: 12980.55 samples/sec	cross-entropy=0.057670	SystolicBP-accuracy=0.000000
2024-04-07 15:27:48,859 [INFO]  Epoch[1] Train-cross-entropy=0.021001
2024-04-07 15:27:48,859 [INFO]  Epoch[1] Train-SystolicBP-accuracy=0.000000
2024-04-07 15:27:48,859 [INFO]  Epoch[1] Time cost=0.055
2024-04-07 15:27:48,861 [INFO]  Saved checkpoint to "./imputer_model/18_maternal/imputer_model_SystolicBP/model-0001.params"
2024-04-07 15:27:48,865 [INFO]  Epoch[1] Validation-cross-entropy=0.020467
2024-04-07 15:27:48,865 [INFO]  Epoch[1] Validation-SystolicBP-accuracy=0.000000
2024-04-07 15:27:49,667 [INFO]  Epoch[2] Batch [0-23]	Speed: 459.45 samples/sec	cross-entropy=0.014636	SystolicBP-accuracy=0.000000
2024-04-07 15:27:49,740 [INFO]  Epoch[2] Train-cross-entropy=0.009727
2024-04-07 15:27:49,740 [INFO]  Epoch[2] Train-SystolicBP-accuracy=0.000000
2024-04-07 15:27:49,740 [INFO]  Epoch[2] Time cost=0.875
2024-04-07 15:27:49,742 [INFO]  Saved checkpoint to "./imputer_model/18_maternal/imputer_model_SystolicBP/model-0002.params"
2024-04-07 15:27:49,753 [INFO]  Epoch[2] Validation-cross-entropy=0.008625
2024-04-07 15:27:49,753 [INFO]  Epoch[2] Validation-SystolicBP-accuracy=0.000000
2024-04-07 15:27:49,775 [INFO]  Epoch[3] Batch [0-23]	Speed: 17817.20 samples/sec	cross-entropy=0.005871	SystolicBP-accuracy=0.000000
2024-04-07 15:27:49,834 [INFO]  Epoch[3] Train-cross-entropy=0.005998
2024-04-07 15:27:49,834 [INFO]  Epoch[3] Train-SystolicBP-accuracy=0.000000
2024-04-07 15:27:49,834 [INFO]  Epoch[3] Time cost=0.080
2024-04-07 15:27:49,836 [INFO]  Saved checkpoint to "./imputer_model/18_maternal/imputer_model_SystolicBP/model-0003.params"
2024-04-07 15:27:49,846 [INFO]  Epoch[3] Validation-cross-entropy=0.005556
2024-04-07 15:27:49,846 [INFO]  Epoch[3] Validation-SystolicBP-accuracy=0.000000
2024-04-07 15:27:50,023 [INFO]  Epoch[4] Batch [0-23]	Speed: 2205.93 samples/sec	cross-entropy=0.003481	SystolicBP-accuracy=0.000000
2024-04-07 15:27:50,149 [INFO]  Epoch[4] Train-cross-entropy=0.004427
2024-04-07 15:27:50,149 [INFO]  Epoch[4] Train-SystolicBP-accuracy=0.000000
2024-04-07 15:27:50,149 [INFO]  Epoch[4] Time cost=0.302
2024-04-07 15:27:50,150 [INFO]  Saved checkpoint to "./imputer_model/18_maternal/imputer_model_SystolicBP/model-0004.params"
2024-04-07 15:27:50,157 [INFO]  Epoch[4] Validation-cross-entropy=0.004793
2024-04-07 15:27:50,157 [INFO]  Epoch[4] Validation-SystolicBP-accuracy=0.000000
2024-04-07 15:27:50,157 [INFO]  
========== done (1.6597375869750977 s) fit model
2024-04-07 15:27:56,792 [INFO]  
========== start: fit model
2024-04-07 15:27:56,792 [WARNING]  Already bound, ignoring bind()
2024-04-07 15:27:56,979 [INFO]  Epoch[0] Batch [0-23]	Speed: 3996.55 samples/sec	cross-entropy=5.206389	SystolicBP-accuracy=3.375000
2024-04-07 15:27:57,602 [INFO]  Epoch[0] Train-cross-entropy=0.568394
2024-04-07 15:27:57,603 [INFO]  Epoch[0] Train-SystolicBP-accuracy=2.772727
2024-04-07 15:27:57,603 [INFO]  Epoch[0] Time cost=0.810
2024-04-07 15:27:57,604 [INFO]  Saved checkpoint to "./imputer_model/18_maternal/imputer_model_SystolicBP/model-0000.params"
2024-04-07 15:27:57,607 [INFO]  Epoch[0] Validation-cross-entropy=0.157649
2024-04-07 15:27:57,607 [INFO]  Epoch[0] Validation-SystolicBP-accuracy=0.000000
2024-04-07 15:27:57,704 [INFO]  Epoch[1] Batch [0-23]	Speed: 5559.75 samples/sec	cross-entropy=0.068615	SystolicBP-accuracy=3.375000
2024-04-07 15:27:57,730 [INFO]  Epoch[1] Train-cross-entropy=0.033592
2024-04-07 15:27:57,730 [INFO]  Epoch[1] Train-SystolicBP-accuracy=2.772727
2024-04-07 15:27:57,730 [INFO]  Epoch[1] Time cost=0.123
2024-04-07 15:27:57,732 [INFO]  Saved checkpoint to "./imputer_model/18_maternal/imputer_model_SystolicBP/model-0001.params"
2024-04-07 15:27:57,740 [INFO]  Epoch[1] Validation-cross-entropy=0.018677
2024-04-07 15:27:57,740 [INFO]  Epoch[1] Validation-SystolicBP-accuracy=0.000000
2024-04-07 15:27:57,816 [INFO]  Epoch[2] Batch [0-23]	Speed: 4912.05 samples/sec	cross-entropy=0.019821	SystolicBP-accuracy=3.375000
2024-04-07 15:27:57,848 [INFO]  Epoch[2] Train-cross-entropy=0.013022
2024-04-07 15:27:57,848 [INFO]  Epoch[2] Train-SystolicBP-accuracy=2.772727
2024-04-07 15:27:57,848 [INFO]  Epoch[2] Time cost=0.108
2024-04-07 15:27:57,850 [INFO]  Saved checkpoint to "./imputer_model/18_maternal/imputer_model_SystolicBP/model-0002.params"
2024-04-07 15:27:57,853 [INFO]  Epoch[2] Validation-cross-entropy=0.011238
2024-04-07 15:27:57,854 [INFO]  Epoch[2] Validation-SystolicBP-accuracy=0.000000
2024-04-07 15:27:57,881 [INFO]  Epoch[3] Batch [0-23]	Speed: 14449.58 samples/sec	cross-entropy=0.010917	SystolicBP-accuracy=3.375000
2024-04-07 15:27:57,905 [INFO]  Epoch[3] Train-cross-entropy=0.008064
2024-04-07 15:27:57,905 [INFO]  Epoch[3] Train-SystolicBP-accuracy=2.772727
2024-04-07 15:27:57,905 [INFO]  Epoch[3] Time cost=0.051
2024-04-07 15:27:57,907 [INFO]  Saved checkpoint to "./imputer_model/18_maternal/imputer_model_SystolicBP/model-0003.params"
2024-04-07 15:27:57,910 [INFO]  Epoch[3] Validation-cross-entropy=0.007853
2024-04-07 15:27:57,910 [INFO]  Epoch[3] Validation-SystolicBP-accuracy=0.000000
2024-04-07 15:27:58,035 [INFO]  Epoch[4] Batch [0-23]	Speed: 2982.43 samples/sec	cross-entropy=0.007056	SystolicBP-accuracy=3.375000
2024-04-07 15:27:58,075 [INFO]  Epoch[4] Train-cross-entropy=0.005889
2024-04-07 15:27:58,075 [INFO]  Epoch[4] Train-SystolicBP-accuracy=2.772727
2024-04-07 15:27:58,075 [INFO]  Epoch[4] Time cost=0.164
2024-04-07 15:27:58,077 [INFO]  Saved checkpoint to "./imputer_model/18_maternal/imputer_model_SystolicBP/model-0004.params"
2024-04-07 15:27:58,078 [INFO]  Epoch[4] Validation-cross-entropy=0.006185
2024-04-07 15:27:58,078 [INFO]  Epoch[4] Validation-SystolicBP-accuracy=0.000000
2024-04-07 15:27:58,078 [INFO]  
========== done (1.2864913940429688 s) fit model
2024-04-07 15:28:04,732 [INFO]  
========== start: fit model
2024-04-07 15:28:04,732 [WARNING]  Already bound, ignoring bind()
2024-04-07 15:28:04,824 [INFO]  Epoch[0] Batch [0-23]	Speed: 4171.11 samples/sec	cross-entropy=1.962003	SystolicBP-accuracy=3.583333
2024-04-07 15:28:04,927 [INFO]  Epoch[0] Train-cross-entropy=0.137533
2024-04-07 15:28:04,927 [INFO]  Epoch[0] Train-SystolicBP-accuracy=3.136364
2024-04-07 15:28:04,927 [INFO]  Epoch[0] Time cost=0.193
2024-04-07 15:28:04,928 [INFO]  Saved checkpoint to "./imputer_model/18_maternal/imputer_model_SystolicBP/model-0000.params"
2024-04-07 15:28:04,930 [INFO]  Epoch[0] Validation-cross-entropy=0.064621
2024-04-07 15:28:04,930 [INFO]  Epoch[0] Validation-SystolicBP-accuracy=0.000000
2024-04-07 15:28:04,948 [INFO]  Epoch[1] Batch [0-23]	Speed: 21859.26 samples/sec	cross-entropy=0.040062	SystolicBP-accuracy=3.583333
2024-04-07 15:28:04,965 [INFO]  Epoch[1] Train-cross-entropy=0.015888
2024-04-07 15:28:04,965 [INFO]  Epoch[1] Train-SystolicBP-accuracy=3.136364
2024-04-07 15:28:04,965 [INFO]  Epoch[1] Time cost=0.035
2024-04-07 15:28:04,966 [INFO]  Saved checkpoint to "./imputer_model/18_maternal/imputer_model_SystolicBP/model-0001.params"
2024-04-07 15:28:04,968 [INFO]  Epoch[1] Validation-cross-entropy=0.025149
2024-04-07 15:28:04,968 [INFO]  Epoch[1] Validation-SystolicBP-accuracy=0.000000
2024-04-07 15:28:04,997 [INFO]  Epoch[2] Batch [0-23]	Speed: 13426.56 samples/sec	cross-entropy=0.008535	SystolicBP-accuracy=3.583333
2024-04-07 15:28:05,090 [INFO]  Epoch[2] Train-cross-entropy=0.007891
2024-04-07 15:28:05,090 [INFO]  Epoch[2] Train-SystolicBP-accuracy=3.136364
2024-04-07 15:28:05,090 [INFO]  Epoch[2] Time cost=0.122
2024-04-07 15:28:05,092 [INFO]  Saved checkpoint to "./imputer_model/18_maternal/imputer_model_SystolicBP/model-0002.params"
2024-04-07 15:28:05,094 [INFO]  Epoch[2] Validation-cross-entropy=0.014914
2024-04-07 15:28:05,094 [INFO]  Epoch[2] Validation-SystolicBP-accuracy=0.000000
2024-04-07 15:28:05,152 [INFO]  Epoch[3] Batch [0-23]	Speed: 6462.23 samples/sec	cross-entropy=0.005460	SystolicBP-accuracy=3.583333
2024-04-07 15:28:05,176 [INFO]  Epoch[3] Train-cross-entropy=0.005365
2024-04-07 15:28:05,176 [INFO]  Epoch[3] Train-SystolicBP-accuracy=3.136364
2024-04-07 15:28:05,176 [INFO]  Epoch[3] Time cost=0.082
2024-04-07 15:28:05,178 [INFO]  Saved checkpoint to "./imputer_model/18_maternal/imputer_model_SystolicBP/model-0003.params"
2024-04-07 15:28:05,180 [INFO]  Epoch[3] Validation-cross-entropy=0.007014
2024-04-07 15:28:05,180 [INFO]  Epoch[3] Validation-SystolicBP-accuracy=0.000000
2024-04-07 15:28:05,206 [INFO]  Epoch[4] Batch [0-23]	Speed: 14936.17 samples/sec	cross-entropy=0.005911	SystolicBP-accuracy=3.583333
2024-04-07 15:28:05,230 [INFO]  Epoch[4] Train-cross-entropy=0.005512
2024-04-07 15:28:05,230 [INFO]  Epoch[4] Train-SystolicBP-accuracy=3.136364
2024-04-07 15:28:05,230 [INFO]  Epoch[4] Time cost=0.050
2024-04-07 15:28:05,232 [INFO]  Saved checkpoint to "./imputer_model/18_maternal/imputer_model_SystolicBP/model-0004.params"
2024-04-07 15:28:05,235 [INFO]  Epoch[4] Validation-cross-entropy=0.002888
2024-04-07 15:28:05,235 [INFO]  Epoch[4] Validation-SystolicBP-accuracy=0.000000
2024-04-07 15:28:05,235 [INFO]  
========== done (0.5026860237121582 s) fit model
