2024-04-08 22:08:07,380 [INFO]  
========== start: fit model
2024-04-08 22:08:07,380 [WARNING]  Already bound, ignoring bind()
2024-04-08 22:08:07,384 [INFO]  Epoch[0] Batch [0-3]	Speed: 24861.27 samples/sec	cross-entropy=7.427539	survival-accuracy=3.750000
2024-04-08 22:08:07,385 [INFO]  Epoch[0] Train-cross-entropy=4.023279
2024-04-08 22:08:07,386 [INFO]  Epoch[0] Train-survival-accuracy=3.000000
2024-04-08 22:08:07,386 [INFO]  Epoch[0] Time cost=0.005
2024-04-08 22:08:07,387 [INFO]  Saved checkpoint to "./imputer_model/29_echocardiogram/imputer_model_survival/model-0000.params"
2024-04-08 22:08:07,388 [INFO]  Epoch[0] Validation-cross-entropy=10.365948
2024-04-08 22:08:07,388 [INFO]  Epoch[0] Validation-survival-accuracy=0.000000
2024-04-08 22:08:07,396 [INFO]  Epoch[1] Batch [0-3]	Speed: 9879.61 samples/sec	cross-entropy=2.846052	survival-accuracy=3.750000
2024-04-08 22:08:07,398 [INFO]  Epoch[1] Train-cross-entropy=1.931836
2024-04-08 22:08:07,398 [INFO]  Epoch[1] Train-survival-accuracy=3.000000
2024-04-08 22:08:07,398 [INFO]  Epoch[1] Time cost=0.010
2024-04-08 22:08:07,401 [INFO]  Saved checkpoint to "./imputer_model/29_echocardiogram/imputer_model_survival/model-0001.params"
2024-04-08 22:08:07,402 [INFO]  Epoch[1] Validation-cross-entropy=6.433451
2024-04-08 22:08:07,402 [INFO]  Epoch[1] Validation-survival-accuracy=0.000000
2024-04-08 22:08:07,406 [INFO]  Epoch[2] Batch [0-3]	Speed: 17385.72 samples/sec	cross-entropy=1.436411	survival-accuracy=3.750000
2024-04-08 22:08:07,408 [INFO]  Epoch[2] Train-cross-entropy=0.816396
2024-04-08 22:08:07,408 [INFO]  Epoch[2] Train-survival-accuracy=3.000000
2024-04-08 22:08:07,408 [INFO]  Epoch[2] Time cost=0.006
2024-04-08 22:08:07,410 [INFO]  Saved checkpoint to "./imputer_model/29_echocardiogram/imputer_model_survival/model-0002.params"
2024-04-08 22:08:07,411 [INFO]  Epoch[2] Validation-cross-entropy=3.410050
2024-04-08 22:08:07,411 [INFO]  Epoch[2] Validation-survival-accuracy=0.000000
2024-04-08 22:08:07,415 [INFO]  Epoch[3] Batch [0-3]	Speed: 17604.63 samples/sec	cross-entropy=0.776036	survival-accuracy=3.750000
2024-04-08 22:08:07,417 [INFO]  Epoch[3] Train-cross-entropy=0.446365
2024-04-08 22:08:07,417 [INFO]  Epoch[3] Train-survival-accuracy=3.000000
2024-04-08 22:08:07,417 [INFO]  Epoch[3] Time cost=0.006
2024-04-08 22:08:07,418 [INFO]  Saved checkpoint to "./imputer_model/29_echocardiogram/imputer_model_survival/model-0003.params"
2024-04-08 22:08:07,419 [INFO]  Epoch[3] Validation-cross-entropy=2.221773
2024-04-08 22:08:07,419 [INFO]  Epoch[3] Validation-survival-accuracy=0.000000
2024-04-08 22:08:07,423 [INFO]  Epoch[4] Batch [0-3]	Speed: 14517.35 samples/sec	cross-entropy=0.499396	survival-accuracy=3.750000
2024-04-08 22:08:07,425 [INFO]  Epoch[4] Train-cross-entropy=0.321000
2024-04-08 22:08:07,426 [INFO]  Epoch[4] Train-survival-accuracy=3.000000
2024-04-08 22:08:07,426 [INFO]  Epoch[4] Time cost=0.007
2024-04-08 22:08:07,428 [INFO]  Saved checkpoint to "./imputer_model/29_echocardiogram/imputer_model_survival/model-0004.params"
2024-04-08 22:08:07,429 [INFO]  Epoch[4] Validation-cross-entropy=1.372688
2024-04-08 22:08:07,429 [INFO]  Epoch[4] Validation-survival-accuracy=0.000000
2024-04-08 22:08:07,429 [INFO]  
========== done (0.04943656921386719 s) fit model
2024-04-08 22:08:09,568 [INFO]  
========== start: fit model
2024-04-08 22:08:09,568 [WARNING]  Already bound, ignoring bind()
2024-04-08 22:08:09,588 [INFO]  Epoch[0] Batch [0-3]	Speed: 6976.70 samples/sec	cross-entropy=7.288464	survival-accuracy=4.000000
2024-04-08 22:08:09,592 [INFO]  Epoch[0] Train-cross-entropy=4.518135
2024-04-08 22:08:09,592 [INFO]  Epoch[0] Train-survival-accuracy=3.000000
2024-04-08 22:08:09,592 [INFO]  Epoch[0] Time cost=0.022
2024-04-08 22:08:09,595 [INFO]  Saved checkpoint to "./imputer_model/29_echocardiogram/imputer_model_survival/model-0000.params"
2024-04-08 22:08:09,596 [INFO]  Epoch[0] Validation-cross-entropy=8.237934
2024-04-08 22:08:09,596 [INFO]  Epoch[0] Validation-survival-accuracy=0.000000
2024-04-08 22:08:09,599 [INFO]  Epoch[1] Batch [0-3]	Speed: 17420.32 samples/sec	cross-entropy=3.505247	survival-accuracy=4.000000
2024-04-08 22:08:09,602 [INFO]  Epoch[1] Train-cross-entropy=1.667315
2024-04-08 22:08:09,602 [INFO]  Epoch[1] Train-survival-accuracy=3.000000
2024-04-08 22:08:09,602 [INFO]  Epoch[1] Time cost=0.007
2024-04-08 22:08:09,605 [INFO]  Saved checkpoint to "./imputer_model/29_echocardiogram/imputer_model_survival/model-0001.params"
2024-04-08 22:08:09,618 [INFO]  Epoch[1] Validation-cross-entropy=3.152208
2024-04-08 22:08:09,618 [INFO]  Epoch[1] Validation-survival-accuracy=0.000000
2024-04-08 22:08:09,620 [INFO]  Epoch[2] Batch [0-3]	Speed: 27962.03 samples/sec	cross-entropy=2.015791	survival-accuracy=4.000000
2024-04-08 22:08:09,622 [INFO]  Epoch[2] Train-cross-entropy=0.692991
2024-04-08 22:08:09,622 [INFO]  Epoch[2] Train-survival-accuracy=3.000000
2024-04-08 22:08:09,622 [INFO]  Epoch[2] Time cost=0.004
2024-04-08 22:08:09,623 [INFO]  Saved checkpoint to "./imputer_model/29_echocardiogram/imputer_model_survival/model-0002.params"
2024-04-08 22:08:09,623 [INFO]  Epoch[2] Validation-cross-entropy=1.251226
2024-04-08 22:08:09,623 [INFO]  Epoch[2] Validation-survival-accuracy=0.000000
2024-04-08 22:08:09,626 [INFO]  Epoch[3] Batch [0-3]	Speed: 28963.69 samples/sec	cross-entropy=0.934112	survival-accuracy=4.000000
2024-04-08 22:08:09,627 [INFO]  Epoch[3] Train-cross-entropy=0.616761
2024-04-08 22:08:09,627 [INFO]  Epoch[3] Train-survival-accuracy=3.000000
2024-04-08 22:08:09,627 [INFO]  Epoch[3] Time cost=0.004
2024-04-08 22:08:09,628 [INFO]  Saved checkpoint to "./imputer_model/29_echocardiogram/imputer_model_survival/model-0003.params"
2024-04-08 22:08:09,629 [INFO]  Epoch[3] Validation-cross-entropy=0.573741
2024-04-08 22:08:09,629 [INFO]  Epoch[3] Validation-survival-accuracy=0.000000
2024-04-08 22:08:09,631 [INFO]  Epoch[4] Batch [0-3]	Speed: 28431.94 samples/sec	cross-entropy=0.638811	survival-accuracy=4.000000
2024-04-08 22:08:09,632 [INFO]  Epoch[4] Train-cross-entropy=0.441026
2024-04-08 22:08:09,632 [INFO]  Epoch[4] Train-survival-accuracy=3.000000
2024-04-08 22:08:09,632 [INFO]  Epoch[4] Time cost=0.004
2024-04-08 22:08:09,634 [INFO]  Saved checkpoint to "./imputer_model/29_echocardiogram/imputer_model_survival/model-0004.params"
2024-04-08 22:08:09,634 [INFO]  Epoch[4] Validation-cross-entropy=0.198533
2024-04-08 22:08:09,634 [INFO]  Epoch[4] Validation-survival-accuracy=0.000000
2024-04-08 22:08:09,634 [INFO]  
========== done (0.0660407543182373 s) fit model
2024-04-08 22:08:11,490 [INFO]  
========== start: fit model
2024-04-08 22:08:11,490 [WARNING]  Already bound, ignoring bind()
2024-04-08 22:08:11,510 [INFO]  Epoch[0] Batch [0-3]	Speed: 5092.75 samples/sec	cross-entropy=21.400595	survival-accuracy=3.250000
2024-04-08 22:08:11,512 [INFO]  Epoch[0] Train-cross-entropy=14.058104
2024-04-08 22:08:11,512 [INFO]  Epoch[0] Train-survival-accuracy=2.500000
2024-04-08 22:08:11,512 [INFO]  Epoch[0] Time cost=0.021
2024-04-08 22:08:11,514 [INFO]  Saved checkpoint to "./imputer_model/29_echocardiogram/imputer_model_survival/model-0000.params"
2024-04-08 22:08:11,514 [INFO]  Epoch[0] Validation-cross-entropy=6.615679
2024-04-08 22:08:11,514 [INFO]  Epoch[0] Validation-survival-accuracy=0.000000
2024-04-08 22:08:11,519 [INFO]  Epoch[1] Batch [0-3]	Speed: 13595.80 samples/sec	cross-entropy=9.502547	survival-accuracy=3.250000
2024-04-08 22:08:11,521 [INFO]  Epoch[1] Train-cross-entropy=6.992184
2024-04-08 22:08:11,521 [INFO]  Epoch[1] Train-survival-accuracy=2.500000
2024-04-08 22:08:11,521 [INFO]  Epoch[1] Time cost=0.007
2024-04-08 22:08:11,523 [INFO]  Saved checkpoint to "./imputer_model/29_echocardiogram/imputer_model_survival/model-0001.params"
2024-04-08 22:08:11,524 [INFO]  Epoch[1] Validation-cross-entropy=4.637269
2024-04-08 22:08:11,524 [INFO]  Epoch[1] Validation-survival-accuracy=0.000000
2024-04-08 22:08:11,528 [INFO]  Epoch[2] Batch [0-3]	Speed: 14602.64 samples/sec	cross-entropy=4.831712	survival-accuracy=3.250000
2024-04-08 22:08:11,531 [INFO]  Epoch[2] Train-cross-entropy=3.645421
2024-04-08 22:08:11,531 [INFO]  Epoch[2] Train-survival-accuracy=2.500000
2024-04-08 22:08:11,531 [INFO]  Epoch[2] Time cost=0.007
2024-04-08 22:08:11,535 [INFO]  Saved checkpoint to "./imputer_model/29_echocardiogram/imputer_model_survival/model-0002.params"
2024-04-08 22:08:11,585 [INFO]  Epoch[2] Validation-cross-entropy=5.430241
2024-04-08 22:08:11,585 [INFO]  Epoch[2] Validation-survival-accuracy=0.000000
2024-04-08 22:08:11,600 [INFO]  Epoch[3] Batch [0-3]	Speed: 3405.39 samples/sec	cross-entropy=2.266643	survival-accuracy=3.250000
2024-04-08 22:08:11,602 [INFO]  Epoch[3] Train-cross-entropy=2.161906
2024-04-08 22:08:11,602 [INFO]  Epoch[3] Train-survival-accuracy=2.500000
2024-04-08 22:08:11,602 [INFO]  Epoch[3] Time cost=0.017
2024-04-08 22:08:11,604 [INFO]  Saved checkpoint to "./imputer_model/29_echocardiogram/imputer_model_survival/model-0003.params"
2024-04-08 22:08:11,604 [INFO]  Epoch[3] Validation-cross-entropy=5.324624
2024-04-08 22:08:11,604 [INFO]  Epoch[3] Validation-survival-accuracy=0.000000
2024-04-08 22:08:11,607 [INFO]  Epoch[4] Batch [0-3]	Speed: 21094.57 samples/sec	cross-entropy=1.188532	survival-accuracy=3.250000
2024-04-08 22:08:11,609 [INFO]  Epoch[4] Train-cross-entropy=1.456084
2024-04-08 22:08:11,609 [INFO]  Epoch[4] Train-survival-accuracy=2.500000
2024-04-08 22:08:11,609 [INFO]  Epoch[4] Time cost=0.005
2024-04-08 22:08:11,610 [INFO]  Saved checkpoint to "./imputer_model/29_echocardiogram/imputer_model_survival/model-0004.params"
2024-04-08 22:08:11,613 [INFO]  Epoch[4] Validation-cross-entropy=3.387944
2024-04-08 22:08:11,614 [INFO]  Epoch[4] Validation-survival-accuracy=0.000000
2024-04-08 22:08:11,614 [INFO]  
========== done (0.1240532398223877 s) fit model
2024-04-08 22:08:13,367 [INFO]  
========== start: fit model
2024-04-08 22:08:13,368 [WARNING]  Already bound, ignoring bind()
2024-04-08 22:08:13,372 [INFO]  Epoch[0] Batch [0-3]	Speed: 21030.67 samples/sec	cross-entropy=20.340375	survival-accuracy=0.000000
2024-04-08 22:08:13,377 [INFO]  Epoch[0] Train-cross-entropy=18.106748
2024-04-08 22:08:13,377 [INFO]  Epoch[0] Train-survival-accuracy=0.000000
2024-04-08 22:08:13,377 [INFO]  Epoch[0] Time cost=0.008
2024-04-08 22:08:13,378 [INFO]  Saved checkpoint to "./imputer_model/29_echocardiogram/imputer_model_survival/model-0000.params"
2024-04-08 22:08:13,379 [INFO]  Epoch[0] Validation-cross-entropy=7.790384
2024-04-08 22:08:13,379 [INFO]  Epoch[0] Validation-survival-accuracy=0.000000
2024-04-08 22:08:13,382 [INFO]  Epoch[1] Batch [0-3]	Speed: 21408.61 samples/sec	cross-entropy=8.308611	survival-accuracy=0.000000
2024-04-08 22:08:13,387 [INFO]  Epoch[1] Train-cross-entropy=3.880858
2024-04-08 22:08:13,387 [INFO]  Epoch[1] Train-survival-accuracy=0.000000
2024-04-08 22:08:13,388 [INFO]  Epoch[1] Time cost=0.008
2024-04-08 22:08:13,390 [INFO]  Saved checkpoint to "./imputer_model/29_echocardiogram/imputer_model_survival/model-0001.params"
2024-04-08 22:08:13,391 [INFO]  Epoch[1] Validation-cross-entropy=1.764300
2024-04-08 22:08:13,391 [INFO]  Epoch[1] Validation-survival-accuracy=0.000000
2024-04-08 22:08:13,396 [INFO]  Epoch[2] Batch [0-3]	Speed: 12697.99 samples/sec	cross-entropy=4.317490	survival-accuracy=0.000000
2024-04-08 22:08:13,399 [INFO]  Epoch[2] Train-cross-entropy=1.391748
2024-04-08 22:08:13,399 [INFO]  Epoch[2] Train-survival-accuracy=0.000000
2024-04-08 22:08:13,399 [INFO]  Epoch[2] Time cost=0.008
2024-04-08 22:08:13,401 [INFO]  Saved checkpoint to "./imputer_model/29_echocardiogram/imputer_model_survival/model-0002.params"
2024-04-08 22:08:13,402 [INFO]  Epoch[2] Validation-cross-entropy=0.351189
2024-04-08 22:08:13,402 [INFO]  Epoch[2] Validation-survival-accuracy=0.000000
2024-04-08 22:08:13,406 [INFO]  Epoch[3] Batch [0-3]	Speed: 14881.11 samples/sec	cross-entropy=2.253103	survival-accuracy=0.000000
2024-04-08 22:08:13,409 [INFO]  Epoch[3] Train-cross-entropy=0.977666
2024-04-08 22:08:13,409 [INFO]  Epoch[3] Train-survival-accuracy=0.000000
2024-04-08 22:08:13,409 [INFO]  Epoch[3] Time cost=0.007
2024-04-08 22:08:13,410 [INFO]  Saved checkpoint to "./imputer_model/29_echocardiogram/imputer_model_survival/model-0003.params"
2024-04-08 22:08:13,411 [INFO]  Epoch[3] Validation-cross-entropy=1.280055
2024-04-08 22:08:13,411 [INFO]  Epoch[3] Validation-survival-accuracy=0.000000
2024-04-08 22:08:13,416 [INFO]  Epoch[4] Batch [0-3]	Speed: 14905.35 samples/sec	cross-entropy=1.232958	survival-accuracy=0.000000
2024-04-08 22:08:13,419 [INFO]  Epoch[4] Train-cross-entropy=0.790843
2024-04-08 22:08:13,419 [INFO]  Epoch[4] Train-survival-accuracy=0.000000
2024-04-08 22:08:13,419 [INFO]  Epoch[4] Time cost=0.008
2024-04-08 22:08:13,420 [INFO]  Saved checkpoint to "./imputer_model/29_echocardiogram/imputer_model_survival/model-0004.params"
2024-04-08 22:08:13,421 [INFO]  Epoch[4] Validation-cross-entropy=1.367872
2024-04-08 22:08:13,421 [INFO]  Epoch[4] Validation-survival-accuracy=0.000000
2024-04-08 22:08:13,421 [INFO]  
========== done (0.05368328094482422 s) fit model
2024-04-08 22:08:15,127 [INFO]  
========== start: fit model
2024-04-08 22:08:15,127 [WARNING]  Already bound, ignoring bind()
2024-04-08 22:08:15,131 [INFO]  Epoch[0] Batch [0-3]	Speed: 22116.51 samples/sec	cross-entropy=17.160942	survival-accuracy=0.000000
2024-04-08 22:08:15,133 [INFO]  Epoch[0] Train-cross-entropy=7.640979
2024-04-08 22:08:15,133 [INFO]  Epoch[0] Train-survival-accuracy=0.000000
2024-04-08 22:08:15,133 [INFO]  Epoch[0] Time cost=0.005
2024-04-08 22:08:15,134 [INFO]  Saved checkpoint to "./imputer_model/29_echocardiogram/imputer_model_survival/model-0000.params"
2024-04-08 22:08:15,135 [INFO]  Epoch[0] Validation-cross-entropy=47.470680
2024-04-08 22:08:15,135 [INFO]  Epoch[0] Validation-survival-accuracy=0.000000
2024-04-08 22:08:15,138 [INFO]  Epoch[1] Batch [0-3]	Speed: 21212.37 samples/sec	cross-entropy=6.506178	survival-accuracy=0.000000
2024-04-08 22:08:15,139 [INFO]  Epoch[1] Train-cross-entropy=5.223995
2024-04-08 22:08:15,139 [INFO]  Epoch[1] Train-survival-accuracy=0.000000
2024-04-08 22:08:15,139 [INFO]  Epoch[1] Time cost=0.005
2024-04-08 22:08:15,141 [INFO]  Saved checkpoint to "./imputer_model/29_echocardiogram/imputer_model_survival/model-0001.params"
2024-04-08 22:08:15,141 [INFO]  Epoch[1] Validation-cross-entropy=26.778227
2024-04-08 22:08:15,141 [INFO]  Epoch[1] Validation-survival-accuracy=0.000000
2024-04-08 22:08:15,144 [INFO]  Epoch[2] Batch [0-3]	Speed: 26563.74 samples/sec	cross-entropy=2.495298	survival-accuracy=0.000000
2024-04-08 22:08:15,145 [INFO]  Epoch[2] Train-cross-entropy=3.080927
2024-04-08 22:08:15,145 [INFO]  Epoch[2] Train-survival-accuracy=0.000000
2024-04-08 22:08:15,145 [INFO]  Epoch[2] Time cost=0.004
2024-04-08 22:08:15,146 [INFO]  Saved checkpoint to "./imputer_model/29_echocardiogram/imputer_model_survival/model-0002.params"
2024-04-08 22:08:15,147 [INFO]  Epoch[2] Validation-cross-entropy=8.311077
2024-04-08 22:08:15,147 [INFO]  Epoch[2] Validation-survival-accuracy=0.000000
2024-04-08 22:08:15,149 [INFO]  Epoch[3] Batch [0-3]	Speed: 26248.58 samples/sec	cross-entropy=0.838690	survival-accuracy=0.000000
2024-04-08 22:08:15,151 [INFO]  Epoch[3] Train-cross-entropy=1.951369
2024-04-08 22:08:15,151 [INFO]  Epoch[3] Train-survival-accuracy=0.000000
2024-04-08 22:08:15,151 [INFO]  Epoch[3] Time cost=0.004
2024-04-08 22:08:15,152 [INFO]  Saved checkpoint to "./imputer_model/29_echocardiogram/imputer_model_survival/model-0003.params"
2024-04-08 22:08:15,152 [INFO]  Epoch[3] Validation-cross-entropy=2.197410
2024-04-08 22:08:15,152 [INFO]  Epoch[3] Validation-survival-accuracy=0.000000
2024-04-08 22:08:15,155 [INFO]  Epoch[4] Batch [0-3]	Speed: 28715.82 samples/sec	cross-entropy=0.874549	survival-accuracy=0.000000
2024-04-08 22:08:15,156 [INFO]  Epoch[4] Train-cross-entropy=1.277062
2024-04-08 22:08:15,156 [INFO]  Epoch[4] Train-survival-accuracy=0.000000
2024-04-08 22:08:15,156 [INFO]  Epoch[4] Time cost=0.004
2024-04-08 22:08:15,157 [INFO]  Saved checkpoint to "./imputer_model/29_echocardiogram/imputer_model_survival/model-0004.params"
2024-04-08 22:08:15,158 [INFO]  Epoch[4] Validation-cross-entropy=1.107628
2024-04-08 22:08:15,158 [INFO]  Epoch[4] Validation-survival-accuracy=0.000000
2024-04-08 22:08:15,158 [INFO]  
========== done (0.031102895736694336 s) fit model
2024-04-08 22:08:16,844 [INFO]  
========== start: fit model
2024-04-08 22:08:16,844 [WARNING]  Already bound, ignoring bind()
2024-04-08 22:08:16,847 [INFO]  Epoch[0] Batch [0-3]	Speed: 25519.91 samples/sec	cross-entropy=14.515363	survival-accuracy=3.750000
2024-04-08 22:08:16,849 [INFO]  Epoch[0] Train-cross-entropy=13.860559
2024-04-08 22:08:16,849 [INFO]  Epoch[0] Train-survival-accuracy=3.000000
2024-04-08 22:08:16,849 [INFO]  Epoch[0] Time cost=0.005
2024-04-08 22:08:16,850 [INFO]  Saved checkpoint to "./imputer_model/29_echocardiogram/imputer_model_survival/model-0000.params"
2024-04-08 22:08:16,851 [INFO]  Epoch[0] Validation-cross-entropy=6.273271
2024-04-08 22:08:16,851 [INFO]  Epoch[0] Validation-survival-accuracy=0.000000
2024-04-08 22:08:16,854 [INFO]  Epoch[1] Batch [0-3]	Speed: 25115.59 samples/sec	cross-entropy=6.717837	survival-accuracy=3.750000
2024-04-08 22:08:16,855 [INFO]  Epoch[1] Train-cross-entropy=4.744257
2024-04-08 22:08:16,855 [INFO]  Epoch[1] Train-survival-accuracy=3.000000
2024-04-08 22:08:16,855 [INFO]  Epoch[1] Time cost=0.004
2024-04-08 22:08:16,857 [INFO]  Saved checkpoint to "./imputer_model/29_echocardiogram/imputer_model_survival/model-0001.params"
2024-04-08 22:08:16,857 [INFO]  Epoch[1] Validation-cross-entropy=2.995988
2024-04-08 22:08:16,857 [INFO]  Epoch[1] Validation-survival-accuracy=0.000000
2024-04-08 22:08:16,860 [INFO]  Epoch[2] Batch [0-3]	Speed: 23663.21 samples/sec	cross-entropy=3.249502	survival-accuracy=3.750000
2024-04-08 22:08:16,862 [INFO]  Epoch[2] Train-cross-entropy=1.839887
2024-04-08 22:08:16,862 [INFO]  Epoch[2] Train-survival-accuracy=3.000000
2024-04-08 22:08:16,862 [INFO]  Epoch[2] Time cost=0.004
2024-04-08 22:08:16,863 [INFO]  Saved checkpoint to "./imputer_model/29_echocardiogram/imputer_model_survival/model-0002.params"
2024-04-08 22:08:16,863 [INFO]  Epoch[2] Validation-cross-entropy=1.500170
2024-04-08 22:08:16,863 [INFO]  Epoch[2] Validation-survival-accuracy=0.000000
2024-04-08 22:08:16,866 [INFO]  Epoch[3] Batch [0-3]	Speed: 23344.92 samples/sec	cross-entropy=1.506450	survival-accuracy=3.750000
2024-04-08 22:08:16,868 [INFO]  Epoch[3] Train-cross-entropy=1.770296
2024-04-08 22:08:16,868 [INFO]  Epoch[3] Train-survival-accuracy=3.000000
2024-04-08 22:08:16,868 [INFO]  Epoch[3] Time cost=0.004
2024-04-08 22:08:16,869 [INFO]  Saved checkpoint to "./imputer_model/29_echocardiogram/imputer_model_survival/model-0003.params"
2024-04-08 22:08:16,869 [INFO]  Epoch[3] Validation-cross-entropy=1.445436
2024-04-08 22:08:16,870 [INFO]  Epoch[3] Validation-survival-accuracy=0.000000
2024-04-08 22:08:16,872 [INFO]  Epoch[4] Batch [0-3]	Speed: 27578.99 samples/sec	cross-entropy=0.828879	survival-accuracy=3.750000
2024-04-08 22:08:16,873 [INFO]  Epoch[4] Train-cross-entropy=1.441098
2024-04-08 22:08:16,873 [INFO]  Epoch[4] Train-survival-accuracy=3.000000
2024-04-08 22:08:16,873 [INFO]  Epoch[4] Time cost=0.004
2024-04-08 22:08:16,875 [INFO]  Saved checkpoint to "./imputer_model/29_echocardiogram/imputer_model_survival/model-0004.params"
2024-04-08 22:08:16,875 [INFO]  Epoch[4] Validation-cross-entropy=0.893948
2024-04-08 22:08:16,875 [INFO]  Epoch[4] Validation-survival-accuracy=0.000000
2024-04-08 22:08:16,875 [INFO]  
========== done (0.03154802322387695 s) fit model
2024-04-08 22:08:18,534 [INFO]  
========== start: fit model
2024-04-08 22:08:18,534 [WARNING]  Already bound, ignoring bind()
2024-04-08 22:08:18,540 [INFO]  Epoch[0] Batch [0-3]	Speed: 20566.61 samples/sec	cross-entropy=23.735978	survival-accuracy=0.000000
2024-04-08 22:08:18,541 [INFO]  Epoch[0] Train-cross-entropy=24.922032
2024-04-08 22:08:18,541 [INFO]  Epoch[0] Train-survival-accuracy=0.000000
2024-04-08 22:08:18,541 [INFO]  Epoch[0] Time cost=0.006
2024-04-08 22:08:18,543 [INFO]  Saved checkpoint to "./imputer_model/29_echocardiogram/imputer_model_survival/model-0000.params"
2024-04-08 22:08:18,543 [INFO]  Epoch[0] Validation-cross-entropy=9.431214
2024-04-08 22:08:18,543 [INFO]  Epoch[0] Validation-survival-accuracy=0.000000
2024-04-08 22:08:18,546 [INFO]  Epoch[1] Batch [0-3]	Speed: 21284.13 samples/sec	cross-entropy=8.162510	survival-accuracy=0.000000
2024-04-08 22:08:18,548 [INFO]  Epoch[1] Train-cross-entropy=8.584907
2024-04-08 22:08:18,548 [INFO]  Epoch[1] Train-survival-accuracy=0.000000
2024-04-08 22:08:18,548 [INFO]  Epoch[1] Time cost=0.005
2024-04-08 22:08:18,549 [INFO]  Saved checkpoint to "./imputer_model/29_echocardiogram/imputer_model_survival/model-0001.params"
2024-04-08 22:08:18,550 [INFO]  Epoch[1] Validation-cross-entropy=5.770069
2024-04-08 22:08:18,550 [INFO]  Epoch[1] Validation-survival-accuracy=0.000000
2024-04-08 22:08:18,552 [INFO]  Epoch[2] Batch [0-3]	Speed: 28496.33 samples/sec	cross-entropy=3.238315	survival-accuracy=0.000000
2024-04-08 22:08:18,553 [INFO]  Epoch[2] Train-cross-entropy=3.238299
2024-04-08 22:08:18,553 [INFO]  Epoch[2] Train-survival-accuracy=0.000000
2024-04-08 22:08:18,553 [INFO]  Epoch[2] Time cost=0.004
2024-04-08 22:08:18,555 [INFO]  Saved checkpoint to "./imputer_model/29_echocardiogram/imputer_model_survival/model-0002.params"
2024-04-08 22:08:18,562 [INFO]  Epoch[2] Validation-cross-entropy=3.733101
2024-04-08 22:08:18,562 [INFO]  Epoch[2] Validation-survival-accuracy=0.000000
2024-04-08 22:08:18,566 [INFO]  Epoch[3] Batch [0-3]	Speed: 22204.32 samples/sec	cross-entropy=1.948936	survival-accuracy=0.000000
2024-04-08 22:08:18,567 [INFO]  Epoch[3] Train-cross-entropy=1.527936
2024-04-08 22:08:18,567 [INFO]  Epoch[3] Train-survival-accuracy=0.000000
2024-04-08 22:08:18,567 [INFO]  Epoch[3] Time cost=0.005
2024-04-08 22:08:18,569 [INFO]  Saved checkpoint to "./imputer_model/29_echocardiogram/imputer_model_survival/model-0003.params"
2024-04-08 22:08:18,569 [INFO]  Epoch[3] Validation-cross-entropy=2.206908
2024-04-08 22:08:18,569 [INFO]  Epoch[3] Validation-survival-accuracy=0.000000
2024-04-08 22:08:18,572 [INFO]  Epoch[4] Batch [0-3]	Speed: 22305.18 samples/sec	cross-entropy=1.222041	survival-accuracy=0.000000
2024-04-08 22:08:18,574 [INFO]  Epoch[4] Train-cross-entropy=0.565691
2024-04-08 22:08:18,574 [INFO]  Epoch[4] Train-survival-accuracy=0.000000
2024-04-08 22:08:18,574 [INFO]  Epoch[4] Time cost=0.005
2024-04-08 22:08:18,575 [INFO]  Saved checkpoint to "./imputer_model/29_echocardiogram/imputer_model_survival/model-0004.params"
2024-04-08 22:08:18,576 [INFO]  Epoch[4] Validation-cross-entropy=0.911171
2024-04-08 22:08:18,576 [INFO]  Epoch[4] Validation-survival-accuracy=0.000000
2024-04-08 22:08:18,576 [INFO]  
========== done (0.04135417938232422 s) fit model
2024-04-08 22:08:20,438 [INFO]  
========== start: fit model
2024-04-08 22:08:20,438 [WARNING]  Already bound, ignoring bind()
2024-04-08 22:08:20,501 [INFO]  Epoch[0] Batch [0-3]	Speed: 21004.34 samples/sec	cross-entropy=16.925051	survival-accuracy=2.750000
2024-04-08 22:08:20,503 [INFO]  Epoch[0] Train-cross-entropy=10.172716
2024-04-08 22:08:20,503 [INFO]  Epoch[0] Train-survival-accuracy=4.500000
2024-04-08 22:08:20,503 [INFO]  Epoch[0] Time cost=0.064
2024-04-08 22:08:20,504 [INFO]  Saved checkpoint to "./imputer_model/29_echocardiogram/imputer_model_survival/model-0000.params"
2024-04-08 22:08:20,505 [INFO]  Epoch[0] Validation-cross-entropy=13.302702
2024-04-08 22:08:20,505 [INFO]  Epoch[0] Validation-survival-accuracy=0.000000
2024-04-08 22:08:20,507 [INFO]  Epoch[1] Batch [0-3]	Speed: 27869.13 samples/sec	cross-entropy=5.713242	survival-accuracy=2.750000
2024-04-08 22:08:20,508 [INFO]  Epoch[1] Train-cross-entropy=3.561694
2024-04-08 22:08:20,509 [INFO]  Epoch[1] Train-survival-accuracy=4.500000
2024-04-08 22:08:20,509 [INFO]  Epoch[1] Time cost=0.004
2024-04-08 22:08:20,510 [INFO]  Saved checkpoint to "./imputer_model/29_echocardiogram/imputer_model_survival/model-0001.params"
2024-04-08 22:08:20,510 [INFO]  Epoch[1] Validation-cross-entropy=6.407919
2024-04-08 22:08:20,510 [INFO]  Epoch[1] Validation-survival-accuracy=0.000000
2024-04-08 22:08:20,513 [INFO]  Epoch[2] Batch [0-3]	Speed: 28593.47 samples/sec	cross-entropy=3.277194	survival-accuracy=2.750000
2024-04-08 22:08:20,514 [INFO]  Epoch[2] Train-cross-entropy=2.032838
2024-04-08 22:08:20,514 [INFO]  Epoch[2] Train-survival-accuracy=4.500000
2024-04-08 22:08:20,514 [INFO]  Epoch[2] Time cost=0.004
2024-04-08 22:08:20,515 [INFO]  Saved checkpoint to "./imputer_model/29_echocardiogram/imputer_model_survival/model-0002.params"
2024-04-08 22:08:20,516 [INFO]  Epoch[2] Validation-cross-entropy=1.725931
2024-04-08 22:08:20,516 [INFO]  Epoch[2] Validation-survival-accuracy=0.000000
2024-04-08 22:08:20,521 [INFO]  Epoch[3] Batch [0-3]	Speed: 14915.29 samples/sec	cross-entropy=1.880096	survival-accuracy=2.750000
2024-04-08 22:08:20,523 [INFO]  Epoch[3] Train-cross-entropy=0.947735
2024-04-08 22:08:20,523 [INFO]  Epoch[3] Train-survival-accuracy=4.500000
2024-04-08 22:08:20,523 [INFO]  Epoch[3] Time cost=0.007
2024-04-08 22:08:20,527 [INFO]  Saved checkpoint to "./imputer_model/29_echocardiogram/imputer_model_survival/model-0003.params"
2024-04-08 22:08:20,530 [INFO]  Epoch[3] Validation-cross-entropy=0.495833
2024-04-08 22:08:20,530 [INFO]  Epoch[3] Validation-survival-accuracy=0.000000
2024-04-08 22:08:20,532 [INFO]  Epoch[4] Batch [0-3]	Speed: 28508.44 samples/sec	cross-entropy=1.599131	survival-accuracy=2.750000
2024-04-08 22:08:20,533 [INFO]  Epoch[4] Train-cross-entropy=0.564254
2024-04-08 22:08:20,533 [INFO]  Epoch[4] Train-survival-accuracy=4.500000
2024-04-08 22:08:20,533 [INFO]  Epoch[4] Time cost=0.004
2024-04-08 22:08:20,535 [INFO]  Saved checkpoint to "./imputer_model/29_echocardiogram/imputer_model_survival/model-0004.params"
2024-04-08 22:08:20,535 [INFO]  Epoch[4] Validation-cross-entropy=0.304052
2024-04-08 22:08:20,535 [INFO]  Epoch[4] Validation-survival-accuracy=0.000000
2024-04-08 22:08:20,535 [INFO]  
========== done (0.09735298156738281 s) fit model
2024-04-08 22:08:22,278 [INFO]  
========== start: fit model
2024-04-08 22:08:22,278 [WARNING]  Already bound, ignoring bind()
2024-04-08 22:08:22,282 [INFO]  Epoch[0] Batch [0-3]	Speed: 25266.89 samples/sec	cross-entropy=13.471448	survival-accuracy=0.000000
2024-04-08 22:08:22,283 [INFO]  Epoch[0] Train-cross-entropy=10.923691
2024-04-08 22:08:22,283 [INFO]  Epoch[0] Train-survival-accuracy=0.000000
2024-04-08 22:08:22,283 [INFO]  Epoch[0] Time cost=0.005
2024-04-08 22:08:22,285 [INFO]  Saved checkpoint to "./imputer_model/29_echocardiogram/imputer_model_survival/model-0000.params"
2024-04-08 22:08:22,285 [INFO]  Epoch[0] Validation-cross-entropy=8.237175
2024-04-08 22:08:22,285 [INFO]  Epoch[0] Validation-survival-accuracy=0.000000
2024-04-08 22:08:22,288 [INFO]  Epoch[1] Batch [0-3]	Speed: 23853.86 samples/sec	cross-entropy=5.671788	survival-accuracy=0.000000
2024-04-08 22:08:22,289 [INFO]  Epoch[1] Train-cross-entropy=3.703369
2024-04-08 22:08:22,290 [INFO]  Epoch[1] Train-survival-accuracy=0.000000
2024-04-08 22:08:22,290 [INFO]  Epoch[1] Time cost=0.004
2024-04-08 22:08:22,291 [INFO]  Saved checkpoint to "./imputer_model/29_echocardiogram/imputer_model_survival/model-0001.params"
2024-04-08 22:08:22,291 [INFO]  Epoch[1] Validation-cross-entropy=2.483974
2024-04-08 22:08:22,291 [INFO]  Epoch[1] Validation-survival-accuracy=0.000000
2024-04-08 22:08:22,294 [INFO]  Epoch[2] Batch [0-3]	Speed: 28963.69 samples/sec	cross-entropy=2.537425	survival-accuracy=0.000000
2024-04-08 22:08:22,295 [INFO]  Epoch[2] Train-cross-entropy=1.271102
2024-04-08 22:08:22,295 [INFO]  Epoch[2] Train-survival-accuracy=0.000000
2024-04-08 22:08:22,295 [INFO]  Epoch[2] Time cost=0.004
2024-04-08 22:08:22,296 [INFO]  Saved checkpoint to "./imputer_model/29_echocardiogram/imputer_model_survival/model-0002.params"
2024-04-08 22:08:22,297 [INFO]  Epoch[2] Validation-cross-entropy=2.078833
2024-04-08 22:08:22,297 [INFO]  Epoch[2] Validation-survival-accuracy=0.000000
2024-04-08 22:08:22,299 [INFO]  Epoch[3] Batch [0-3]	Speed: 27861.42 samples/sec	cross-entropy=1.272030	survival-accuracy=0.000000
2024-04-08 22:08:22,300 [INFO]  Epoch[3] Train-cross-entropy=0.641558
2024-04-08 22:08:22,300 [INFO]  Epoch[3] Train-survival-accuracy=0.000000
2024-04-08 22:08:22,300 [INFO]  Epoch[3] Time cost=0.004
2024-04-08 22:08:22,301 [INFO]  Saved checkpoint to "./imputer_model/29_echocardiogram/imputer_model_survival/model-0003.params"
2024-04-08 22:08:22,302 [INFO]  Epoch[3] Validation-cross-entropy=1.131329
2024-04-08 22:08:22,302 [INFO]  Epoch[3] Validation-survival-accuracy=0.000000
2024-04-08 22:08:22,305 [INFO]  Epoch[4] Batch [0-3]	Speed: 21847.70 samples/sec	cross-entropy=0.835258	survival-accuracy=0.000000
2024-04-08 22:08:22,307 [INFO]  Epoch[4] Train-cross-entropy=0.695803
2024-04-08 22:08:22,307 [INFO]  Epoch[4] Train-survival-accuracy=0.000000
2024-04-08 22:08:22,307 [INFO]  Epoch[4] Time cost=0.005
2024-04-08 22:08:22,308 [INFO]  Saved checkpoint to "./imputer_model/29_echocardiogram/imputer_model_survival/model-0004.params"
2024-04-08 22:08:22,322 [INFO]  Epoch[4] Validation-cross-entropy=0.590472
2024-04-08 22:08:22,322 [INFO]  Epoch[4] Validation-survival-accuracy=0.000000
2024-04-08 22:08:22,322 [INFO]  
========== done (0.04446721076965332 s) fit model
2024-04-08 22:08:24,012 [INFO]  
========== start: fit model
2024-04-08 22:08:24,012 [WARNING]  Already bound, ignoring bind()
2024-04-08 22:08:24,023 [INFO]  Epoch[0] Batch [0-3]	Speed: 13138.85 samples/sec	cross-entropy=20.300962	survival-accuracy=4.250000
2024-04-08 22:08:24,038 [INFO]  Epoch[0] Train-cross-entropy=29.513558
2024-04-08 22:08:24,038 [INFO]  Epoch[0] Train-survival-accuracy=0.500000
2024-04-08 22:08:24,038 [INFO]  Epoch[0] Time cost=0.025
2024-04-08 22:08:24,043 [INFO]  Saved checkpoint to "./imputer_model/29_echocardiogram/imputer_model_survival/model-0000.params"
2024-04-08 22:08:24,047 [INFO]  Epoch[0] Validation-cross-entropy=8.586664
2024-04-08 22:08:24,048 [INFO]  Epoch[0] Validation-survival-accuracy=0.000000
2024-04-08 22:08:24,055 [INFO]  Epoch[1] Batch [0-3]	Speed: 15268.21 samples/sec	cross-entropy=8.323673	survival-accuracy=4.250000
2024-04-08 22:08:24,063 [INFO]  Epoch[1] Train-cross-entropy=15.793811
2024-04-08 22:08:24,063 [INFO]  Epoch[1] Train-survival-accuracy=0.500000
2024-04-08 22:08:24,063 [INFO]  Epoch[1] Time cost=0.015
2024-04-08 22:08:24,065 [INFO]  Saved checkpoint to "./imputer_model/29_echocardiogram/imputer_model_survival/model-0001.params"
2024-04-08 22:08:24,071 [INFO]  Epoch[1] Validation-cross-entropy=3.664267
2024-04-08 22:08:24,071 [INFO]  Epoch[1] Validation-survival-accuracy=0.000000
2024-04-08 22:08:24,074 [INFO]  Epoch[2] Batch [0-3]	Speed: 22157.89 samples/sec	cross-entropy=4.088136	survival-accuracy=4.250000
2024-04-08 22:08:24,077 [INFO]  Epoch[2] Train-cross-entropy=8.710645
2024-04-08 22:08:24,077 [INFO]  Epoch[2] Train-survival-accuracy=0.500000
2024-04-08 22:08:24,077 [INFO]  Epoch[2] Time cost=0.006
2024-04-08 22:08:24,080 [INFO]  Saved checkpoint to "./imputer_model/29_echocardiogram/imputer_model_survival/model-0002.params"
2024-04-08 22:08:24,106 [INFO]  Epoch[2] Validation-cross-entropy=1.961907
2024-04-08 22:08:24,106 [INFO]  Epoch[2] Validation-survival-accuracy=0.000000
2024-04-08 22:08:24,112 [INFO]  Epoch[3] Batch [0-3]	Speed: 8471.92 samples/sec	cross-entropy=2.545124	survival-accuracy=4.250000
2024-04-08 22:08:24,114 [INFO]  Epoch[3] Train-cross-entropy=4.564755
2024-04-08 22:08:24,114 [INFO]  Epoch[3] Train-survival-accuracy=0.500000
2024-04-08 22:08:24,114 [INFO]  Epoch[3] Time cost=0.008
2024-04-08 22:08:24,115 [INFO]  Saved checkpoint to "./imputer_model/29_echocardiogram/imputer_model_survival/model-0003.params"
2024-04-08 22:08:24,115 [INFO]  Epoch[3] Validation-cross-entropy=1.187417
2024-04-08 22:08:24,115 [INFO]  Epoch[3] Validation-survival-accuracy=0.000000
2024-04-08 22:08:24,118 [INFO]  Epoch[4] Batch [0-3]	Speed: 27973.68 samples/sec	cross-entropy=1.493749	survival-accuracy=4.250000
2024-04-08 22:08:24,119 [INFO]  Epoch[4] Train-cross-entropy=2.038795
2024-04-08 22:08:24,119 [INFO]  Epoch[4] Train-survival-accuracy=0.500000
2024-04-08 22:08:24,119 [INFO]  Epoch[4] Time cost=0.004
2024-04-08 22:08:24,120 [INFO]  Saved checkpoint to "./imputer_model/29_echocardiogram/imputer_model_survival/model-0004.params"
2024-04-08 22:08:24,121 [INFO]  Epoch[4] Validation-cross-entropy=0.826372
2024-04-08 22:08:24,121 [INFO]  Epoch[4] Validation-survival-accuracy=0.000000
2024-04-08 22:08:24,121 [INFO]  
========== done (0.10860228538513184 s) fit model
2024-04-08 22:08:25,892 [INFO]  
========== start: fit model
2024-04-08 22:08:25,892 [WARNING]  Already bound, ignoring bind()
2024-04-08 22:08:25,909 [INFO]  Epoch[0] Batch [0-3]	Speed: 5000.04 samples/sec	cross-entropy=17.769946	survival-accuracy=4.000000
2024-04-08 22:08:25,913 [INFO]  Epoch[0] Train-cross-entropy=10.393101
2024-04-08 22:08:25,913 [INFO]  Epoch[0] Train-survival-accuracy=6.500000
2024-04-08 22:08:25,913 [INFO]  Epoch[0] Time cost=0.020
2024-04-08 22:08:25,916 [INFO]  Saved checkpoint to "./imputer_model/29_echocardiogram/imputer_model_survival/model-0000.params"
2024-04-08 22:08:25,918 [INFO]  Epoch[0] Validation-cross-entropy=4.083300
2024-04-08 22:08:25,918 [INFO]  Epoch[0] Validation-survival-accuracy=0.000000
2024-04-08 22:08:25,922 [INFO]  Epoch[1] Batch [0-3]	Speed: 17287.19 samples/sec	cross-entropy=5.192817	survival-accuracy=4.000000
2024-04-08 22:08:25,928 [INFO]  Epoch[1] Train-cross-entropy=4.096464
2024-04-08 22:08:25,928 [INFO]  Epoch[1] Train-survival-accuracy=6.500000
2024-04-08 22:08:25,928 [INFO]  Epoch[1] Time cost=0.010
2024-04-08 22:08:25,929 [INFO]  Saved checkpoint to "./imputer_model/29_echocardiogram/imputer_model_survival/model-0001.params"
2024-04-08 22:08:25,930 [INFO]  Epoch[1] Validation-cross-entropy=3.301361
2024-04-08 22:08:25,930 [INFO]  Epoch[1] Validation-survival-accuracy=0.000000
2024-04-08 22:08:25,936 [INFO]  Epoch[2] Batch [0-3]	Speed: 10043.73 samples/sec	cross-entropy=3.455419	survival-accuracy=4.000000
2024-04-08 22:08:25,938 [INFO]  Epoch[2] Train-cross-entropy=2.264659
2024-04-08 22:08:25,938 [INFO]  Epoch[2] Train-survival-accuracy=6.500000
2024-04-08 22:08:25,938 [INFO]  Epoch[2] Time cost=0.008
2024-04-08 22:08:25,942 [INFO]  Saved checkpoint to "./imputer_model/29_echocardiogram/imputer_model_survival/model-0002.params"
2024-04-08 22:08:25,944 [INFO]  Epoch[2] Validation-cross-entropy=3.352242
2024-04-08 22:08:25,944 [INFO]  Epoch[2] Validation-survival-accuracy=0.000000
2024-04-08 22:08:25,947 [INFO]  Epoch[3] Batch [0-3]	Speed: 22065.61 samples/sec	cross-entropy=2.270792	survival-accuracy=4.000000
2024-04-08 22:08:25,949 [INFO]  Epoch[3] Train-cross-entropy=1.514854
2024-04-08 22:08:25,949 [INFO]  Epoch[3] Train-survival-accuracy=6.500000
2024-04-08 22:08:25,949 [INFO]  Epoch[3] Time cost=0.005
2024-04-08 22:08:25,950 [INFO]  Saved checkpoint to "./imputer_model/29_echocardiogram/imputer_model_survival/model-0003.params"
2024-04-08 22:08:25,951 [INFO]  Epoch[3] Validation-cross-entropy=2.140220
2024-04-08 22:08:25,951 [INFO]  Epoch[3] Validation-survival-accuracy=0.000000
2024-04-08 22:08:25,954 [INFO]  Epoch[4] Batch [0-3]	Speed: 22206.77 samples/sec	cross-entropy=1.194173	survival-accuracy=4.000000
2024-04-08 22:08:25,955 [INFO]  Epoch[4] Train-cross-entropy=0.760520
2024-04-08 22:08:25,955 [INFO]  Epoch[4] Train-survival-accuracy=6.500000
2024-04-08 22:08:25,956 [INFO]  Epoch[4] Time cost=0.005
2024-04-08 22:08:25,957 [INFO]  Saved checkpoint to "./imputer_model/29_echocardiogram/imputer_model_survival/model-0004.params"
2024-04-08 22:08:25,957 [INFO]  Epoch[4] Validation-cross-entropy=1.310926
2024-04-08 22:08:25,957 [INFO]  Epoch[4] Validation-survival-accuracy=0.000000
2024-04-08 22:08:25,958 [INFO]  
========== done (0.06561493873596191 s) fit model
2024-04-08 22:08:27,692 [INFO]  
========== start: fit model
2024-04-08 22:08:27,693 [WARNING]  Already bound, ignoring bind()
2024-04-08 22:08:27,725 [INFO]  Epoch[0] Batch [0-3]	Speed: 1635.05 samples/sec	cross-entropy=17.551342	survival-accuracy=2.750000
2024-04-08 22:08:27,730 [INFO]  Epoch[0] Train-cross-entropy=17.586010
2024-04-08 22:08:27,731 [INFO]  Epoch[0] Train-survival-accuracy=4.500000
2024-04-08 22:08:27,731 [INFO]  Epoch[0] Time cost=0.037
2024-04-08 22:08:27,734 [INFO]  Saved checkpoint to "./imputer_model/29_echocardiogram/imputer_model_survival/model-0000.params"
2024-04-08 22:08:27,768 [INFO]  Epoch[0] Validation-cross-entropy=10.788546
2024-04-08 22:08:27,769 [INFO]  Epoch[0] Validation-survival-accuracy=0.000000
2024-04-08 22:08:27,773 [INFO]  Epoch[1] Batch [0-3]	Speed: 15282.12 samples/sec	cross-entropy=7.016173	survival-accuracy=2.750000
2024-04-08 22:08:27,775 [INFO]  Epoch[1] Train-cross-entropy=7.664246
2024-04-08 22:08:27,776 [INFO]  Epoch[1] Train-survival-accuracy=4.500000
2024-04-08 22:08:27,776 [INFO]  Epoch[1] Time cost=0.007
2024-04-08 22:08:27,778 [INFO]  Saved checkpoint to "./imputer_model/29_echocardiogram/imputer_model_survival/model-0001.params"
2024-04-08 22:08:27,779 [INFO]  Epoch[1] Validation-cross-entropy=4.835072
2024-04-08 22:08:27,779 [INFO]  Epoch[1] Validation-survival-accuracy=0.000000
2024-04-08 22:08:27,789 [INFO]  Epoch[2] Batch [0-3]	Speed: 28288.13 samples/sec	cross-entropy=3.255230	survival-accuracy=2.750000
2024-04-08 22:08:27,791 [INFO]  Epoch[2] Train-cross-entropy=3.205779
2024-04-08 22:08:27,791 [INFO]  Epoch[2] Train-survival-accuracy=4.500000
2024-04-08 22:08:27,791 [INFO]  Epoch[2] Time cost=0.011
2024-04-08 22:08:27,792 [INFO]  Saved checkpoint to "./imputer_model/29_echocardiogram/imputer_model_survival/model-0002.params"
2024-04-08 22:08:27,793 [INFO]  Epoch[2] Validation-cross-entropy=2.235325
2024-04-08 22:08:27,793 [INFO]  Epoch[2] Validation-survival-accuracy=0.000000
2024-04-08 22:08:27,795 [INFO]  Epoch[3] Batch [0-3]	Speed: 28699.44 samples/sec	cross-entropy=1.566555	survival-accuracy=2.750000
2024-04-08 22:08:27,796 [INFO]  Epoch[3] Train-cross-entropy=1.228158
2024-04-08 22:08:27,796 [INFO]  Epoch[3] Train-survival-accuracy=4.500000
2024-04-08 22:08:27,796 [INFO]  Epoch[3] Time cost=0.004
2024-04-08 22:08:27,798 [INFO]  Saved checkpoint to "./imputer_model/29_echocardiogram/imputer_model_survival/model-0003.params"
2024-04-08 22:08:27,798 [INFO]  Epoch[3] Validation-cross-entropy=0.741466
2024-04-08 22:08:27,798 [INFO]  Epoch[3] Validation-survival-accuracy=0.000000
2024-04-08 22:08:27,801 [INFO]  Epoch[4] Batch [0-3]	Speed: 28464.10 samples/sec	cross-entropy=1.053061	survival-accuracy=2.750000
2024-04-08 22:08:27,806 [INFO]  Epoch[4] Train-cross-entropy=0.747832
2024-04-08 22:08:27,806 [INFO]  Epoch[4] Train-survival-accuracy=4.500000
2024-04-08 22:08:27,806 [INFO]  Epoch[4] Time cost=0.008
2024-04-08 22:08:27,808 [INFO]  Saved checkpoint to "./imputer_model/29_echocardiogram/imputer_model_survival/model-0004.params"
2024-04-08 22:08:27,808 [INFO]  Epoch[4] Validation-cross-entropy=0.466046
2024-04-08 22:08:27,808 [INFO]  Epoch[4] Validation-survival-accuracy=0.000000
2024-04-08 22:08:27,808 [INFO]  
========== done (0.11591863632202148 s) fit model
2024-04-08 22:08:29,569 [INFO]  
========== start: fit model
2024-04-08 22:08:29,569 [WARNING]  Already bound, ignoring bind()
2024-04-08 22:08:29,574 [INFO]  Epoch[0] Batch [0-3]	Speed: 19772.79 samples/sec	cross-entropy=15.312478	survival-accuracy=2.750000
2024-04-08 22:08:29,576 [INFO]  Epoch[0] Train-cross-entropy=9.846847
2024-04-08 22:08:29,576 [INFO]  Epoch[0] Train-survival-accuracy=4.000000
2024-04-08 22:08:29,576 [INFO]  Epoch[0] Time cost=0.006
2024-04-08 22:08:29,578 [INFO]  Saved checkpoint to "./imputer_model/29_echocardiogram/imputer_model_survival/model-0000.params"
2024-04-08 22:08:29,578 [INFO]  Epoch[0] Validation-cross-entropy=3.004970
2024-04-08 22:08:29,578 [INFO]  Epoch[0] Validation-survival-accuracy=0.000000
2024-04-08 22:08:29,582 [INFO]  Epoch[1] Batch [0-3]	Speed: 19959.02 samples/sec	cross-entropy=4.569755	survival-accuracy=2.750000
2024-04-08 22:08:29,584 [INFO]  Epoch[1] Train-cross-entropy=4.029238
2024-04-08 22:08:29,584 [INFO]  Epoch[1] Train-survival-accuracy=4.000000
2024-04-08 22:08:29,584 [INFO]  Epoch[1] Time cost=0.006
2024-04-08 22:08:29,586 [INFO]  Saved checkpoint to "./imputer_model/29_echocardiogram/imputer_model_survival/model-0001.params"
2024-04-08 22:08:29,592 [INFO]  Epoch[1] Validation-cross-entropy=1.657382
2024-04-08 22:08:29,592 [INFO]  Epoch[1] Validation-survival-accuracy=0.000000
2024-04-08 22:08:29,595 [INFO]  Epoch[2] Batch [0-3]	Speed: 21945.34 samples/sec	cross-entropy=2.739074	survival-accuracy=2.750000
2024-04-08 22:08:29,596 [INFO]  Epoch[2] Train-cross-entropy=2.000696
2024-04-08 22:08:29,597 [INFO]  Epoch[2] Train-survival-accuracy=4.000000
2024-04-08 22:08:29,597 [INFO]  Epoch[2] Time cost=0.005
2024-04-08 22:08:29,598 [INFO]  Saved checkpoint to "./imputer_model/29_echocardiogram/imputer_model_survival/model-0002.params"
2024-04-08 22:08:29,598 [INFO]  Epoch[2] Validation-cross-entropy=1.068698
2024-04-08 22:08:29,599 [INFO]  Epoch[2] Validation-survival-accuracy=0.000000
2024-04-08 22:08:29,602 [INFO]  Epoch[3] Batch [0-3]	Speed: 22148.14 samples/sec	cross-entropy=1.562577	survival-accuracy=2.750000
2024-04-08 22:08:29,603 [INFO]  Epoch[3] Train-cross-entropy=0.841952
2024-04-08 22:08:29,603 [INFO]  Epoch[3] Train-survival-accuracy=4.000000
2024-04-08 22:08:29,603 [INFO]  Epoch[3] Time cost=0.005
2024-04-08 22:08:29,604 [INFO]  Saved checkpoint to "./imputer_model/29_echocardiogram/imputer_model_survival/model-0003.params"
2024-04-08 22:08:29,605 [INFO]  Epoch[3] Validation-cross-entropy=0.572525
2024-04-08 22:08:29,605 [INFO]  Epoch[3] Validation-survival-accuracy=0.000000
2024-04-08 22:08:29,608 [INFO]  Epoch[4] Batch [0-3]	Speed: 21814.56 samples/sec	cross-entropy=0.767332	survival-accuracy=2.750000
2024-04-08 22:08:29,610 [INFO]  Epoch[4] Train-cross-entropy=0.384480
2024-04-08 22:08:29,610 [INFO]  Epoch[4] Train-survival-accuracy=4.000000
2024-04-08 22:08:29,610 [INFO]  Epoch[4] Time cost=0.005
2024-04-08 22:08:29,611 [INFO]  Saved checkpoint to "./imputer_model/29_echocardiogram/imputer_model_survival/model-0004.params"
2024-04-08 22:08:29,612 [INFO]  Epoch[4] Validation-cross-entropy=0.409459
2024-04-08 22:08:29,612 [INFO]  Epoch[4] Validation-survival-accuracy=0.000000
2024-04-08 22:08:29,612 [INFO]  
========== done (0.04246997833251953 s) fit model
2024-04-08 22:08:31,352 [INFO]  
========== start: fit model
2024-04-08 22:08:31,352 [WARNING]  Already bound, ignoring bind()
2024-04-08 22:08:31,356 [INFO]  Epoch[0] Batch [0-3]	Speed: 27339.30 samples/sec	cross-entropy=31.317958	survival-accuracy=0.000000
2024-04-08 22:08:31,357 [INFO]  Epoch[0] Train-cross-entropy=13.249422
2024-04-08 22:08:31,357 [INFO]  Epoch[0] Train-survival-accuracy=0.000000
2024-04-08 22:08:31,357 [INFO]  Epoch[0] Time cost=0.004
2024-04-08 22:08:31,359 [INFO]  Saved checkpoint to "./imputer_model/29_echocardiogram/imputer_model_survival/model-0000.params"
2024-04-08 22:08:31,359 [INFO]  Epoch[0] Validation-cross-entropy=23.709318
2024-04-08 22:08:31,359 [INFO]  Epoch[0] Validation-survival-accuracy=0.000000
2024-04-08 22:08:31,362 [INFO]  Epoch[1] Batch [0-3]	Speed: 22717.96 samples/sec	cross-entropy=13.144796	survival-accuracy=0.000000
2024-04-08 22:08:31,364 [INFO]  Epoch[1] Train-cross-entropy=6.883163
2024-04-08 22:08:31,364 [INFO]  Epoch[1] Train-survival-accuracy=0.000000
2024-04-08 22:08:31,364 [INFO]  Epoch[1] Time cost=0.004
2024-04-08 22:08:31,365 [INFO]  Saved checkpoint to "./imputer_model/29_echocardiogram/imputer_model_survival/model-0001.params"
2024-04-08 22:08:31,365 [INFO]  Epoch[1] Validation-cross-entropy=5.665135
2024-04-08 22:08:31,365 [INFO]  Epoch[1] Validation-survival-accuracy=0.000000
2024-04-08 22:08:31,368 [INFO]  Epoch[2] Batch [0-3]	Speed: 22434.43 samples/sec	cross-entropy=7.984680	survival-accuracy=0.000000
2024-04-08 22:08:31,370 [INFO]  Epoch[2] Train-cross-entropy=3.527342
2024-04-08 22:08:31,370 [INFO]  Epoch[2] Train-survival-accuracy=0.000000
2024-04-08 22:08:31,370 [INFO]  Epoch[2] Time cost=0.004
2024-04-08 22:08:31,371 [INFO]  Saved checkpoint to "./imputer_model/29_echocardiogram/imputer_model_survival/model-0002.params"
2024-04-08 22:08:31,372 [INFO]  Epoch[2] Validation-cross-entropy=2.402478
2024-04-08 22:08:31,372 [INFO]  Epoch[2] Validation-survival-accuracy=0.000000
2024-04-08 22:08:31,374 [INFO]  Epoch[3] Batch [0-3]	Speed: 25162.68 samples/sec	cross-entropy=4.134196	survival-accuracy=0.000000
2024-04-08 22:08:31,376 [INFO]  Epoch[3] Train-cross-entropy=1.897034
2024-04-08 22:08:31,376 [INFO]  Epoch[3] Train-survival-accuracy=0.000000
2024-04-08 22:08:31,376 [INFO]  Epoch[3] Time cost=0.004
2024-04-08 22:08:31,377 [INFO]  Saved checkpoint to "./imputer_model/29_echocardiogram/imputer_model_survival/model-0003.params"
2024-04-08 22:08:31,377 [INFO]  Epoch[3] Validation-cross-entropy=1.797401
2024-04-08 22:08:31,377 [INFO]  Epoch[3] Validation-survival-accuracy=0.000000
2024-04-08 22:08:31,381 [INFO]  Epoch[4] Batch [0-3]	Speed: 19225.23 samples/sec	cross-entropy=2.245555	survival-accuracy=0.000000
2024-04-08 22:08:31,387 [INFO]  Epoch[4] Train-cross-entropy=1.469687
2024-04-08 22:08:31,387 [INFO]  Epoch[4] Train-survival-accuracy=0.000000
2024-04-08 22:08:31,387 [INFO]  Epoch[4] Time cost=0.009
2024-04-08 22:08:31,388 [INFO]  Saved checkpoint to "./imputer_model/29_echocardiogram/imputer_model_survival/model-0004.params"
2024-04-08 22:08:31,389 [INFO]  Epoch[4] Validation-cross-entropy=1.884961
2024-04-08 22:08:31,389 [INFO]  Epoch[4] Validation-survival-accuracy=0.000000
2024-04-08 22:08:31,389 [INFO]  
========== done (0.037209510803222656 s) fit model
2024-04-08 22:08:33,204 [INFO]  
========== start: fit model
2024-04-08 22:08:33,204 [WARNING]  Already bound, ignoring bind()
2024-04-08 22:08:33,215 [INFO]  Epoch[0] Batch [0-3]	Speed: 13648.34 samples/sec	cross-entropy=13.702802	survival-accuracy=0.000000
2024-04-08 22:08:33,217 [INFO]  Epoch[0] Train-cross-entropy=5.699413
2024-04-08 22:08:33,217 [INFO]  Epoch[0] Train-survival-accuracy=0.000000
2024-04-08 22:08:33,217 [INFO]  Epoch[0] Time cost=0.012
2024-04-08 22:08:33,219 [INFO]  Saved checkpoint to "./imputer_model/29_echocardiogram/imputer_model_survival/model-0000.params"
2024-04-08 22:08:33,221 [INFO]  Epoch[0] Validation-cross-entropy=13.997138
2024-04-08 22:08:33,221 [INFO]  Epoch[0] Validation-survival-accuracy=0.000000
2024-04-08 22:08:33,226 [INFO]  Epoch[1] Batch [0-3]	Speed: 14587.83 samples/sec	cross-entropy=5.034868	survival-accuracy=0.000000
2024-04-08 22:08:33,228 [INFO]  Epoch[1] Train-cross-entropy=2.711617
2024-04-08 22:08:33,228 [INFO]  Epoch[1] Train-survival-accuracy=0.000000
2024-04-08 22:08:33,228 [INFO]  Epoch[1] Time cost=0.007
2024-04-08 22:08:33,230 [INFO]  Saved checkpoint to "./imputer_model/29_echocardiogram/imputer_model_survival/model-0001.params"
2024-04-08 22:08:33,230 [INFO]  Epoch[1] Validation-cross-entropy=3.409690
2024-04-08 22:08:33,231 [INFO]  Epoch[1] Validation-survival-accuracy=0.000000
2024-04-08 22:08:33,234 [INFO]  Epoch[2] Batch [0-3]	Speed: 19786.40 samples/sec	cross-entropy=2.562813	survival-accuracy=0.000000
2024-04-08 22:08:33,235 [INFO]  Epoch[2] Train-cross-entropy=1.263511
2024-04-08 22:08:33,235 [INFO]  Epoch[2] Train-survival-accuracy=0.000000
2024-04-08 22:08:33,235 [INFO]  Epoch[2] Time cost=0.005
2024-04-08 22:08:33,237 [INFO]  Saved checkpoint to "./imputer_model/29_echocardiogram/imputer_model_survival/model-0002.params"
2024-04-08 22:08:33,238 [INFO]  Epoch[2] Validation-cross-entropy=1.042258
2024-04-08 22:08:33,238 [INFO]  Epoch[2] Validation-survival-accuracy=0.000000
2024-04-08 22:08:33,241 [INFO]  Epoch[3] Batch [0-3]	Speed: 24256.22 samples/sec	cross-entropy=1.335756	survival-accuracy=0.000000
2024-04-08 22:08:33,242 [INFO]  Epoch[3] Train-cross-entropy=0.720571
2024-04-08 22:08:33,242 [INFO]  Epoch[3] Train-survival-accuracy=0.000000
2024-04-08 22:08:33,242 [INFO]  Epoch[3] Time cost=0.005
2024-04-08 22:08:33,244 [INFO]  Saved checkpoint to "./imputer_model/29_echocardiogram/imputer_model_survival/model-0003.params"
2024-04-08 22:08:33,245 [INFO]  Epoch[3] Validation-cross-entropy=0.479266
2024-04-08 22:08:33,245 [INFO]  Epoch[3] Validation-survival-accuracy=0.000000
2024-04-08 22:08:33,250 [INFO]  Epoch[4] Batch [0-3]	Speed: 13127.71 samples/sec	cross-entropy=0.727157	survival-accuracy=0.000000
2024-04-08 22:08:33,254 [INFO]  Epoch[4] Train-cross-entropy=0.491975
2024-04-08 22:08:33,255 [INFO]  Epoch[4] Train-survival-accuracy=0.000000
2024-04-08 22:08:33,255 [INFO]  Epoch[4] Time cost=0.010
2024-04-08 22:08:33,256 [INFO]  Saved checkpoint to "./imputer_model/29_echocardiogram/imputer_model_survival/model-0004.params"
2024-04-08 22:08:33,259 [INFO]  Epoch[4] Validation-cross-entropy=0.342221
2024-04-08 22:08:33,259 [INFO]  Epoch[4] Validation-survival-accuracy=0.000000
2024-04-08 22:08:33,259 [INFO]  
========== done (0.054981231689453125 s) fit model
2024-04-08 22:08:35,147 [INFO]  
========== start: fit model
2024-04-08 22:08:35,147 [WARNING]  Already bound, ignoring bind()
2024-04-08 22:08:35,152 [INFO]  Epoch[0] Batch [0-3]	Speed: 21809.84 samples/sec	cross-entropy=19.340608	survival-accuracy=2.250000
2024-04-08 22:08:35,153 [INFO]  Epoch[0] Train-cross-entropy=7.444593
2024-04-08 22:08:35,153 [INFO]  Epoch[0] Train-survival-accuracy=5.500000
2024-04-08 22:08:35,153 [INFO]  Epoch[0] Time cost=0.005
2024-04-08 22:08:35,155 [INFO]  Saved checkpoint to "./imputer_model/29_echocardiogram/imputer_model_survival/model-0000.params"
2024-04-08 22:08:35,155 [INFO]  Epoch[0] Validation-cross-entropy=10.415341
2024-04-08 22:08:35,155 [INFO]  Epoch[0] Validation-survival-accuracy=0.000000
2024-04-08 22:08:35,158 [INFO]  Epoch[1] Batch [0-3]	Speed: 23014.01 samples/sec	cross-entropy=8.568543	survival-accuracy=2.250000
2024-04-08 22:08:35,160 [INFO]  Epoch[1] Train-cross-entropy=4.684172
2024-04-08 22:08:35,160 [INFO]  Epoch[1] Train-survival-accuracy=5.500000
2024-04-08 22:08:35,160 [INFO]  Epoch[1] Time cost=0.004
2024-04-08 22:08:35,161 [INFO]  Saved checkpoint to "./imputer_model/29_echocardiogram/imputer_model_survival/model-0001.params"
2024-04-08 22:08:35,162 [INFO]  Epoch[1] Validation-cross-entropy=5.310278
2024-04-08 22:08:35,162 [INFO]  Epoch[1] Validation-survival-accuracy=0.000000
2024-04-08 22:08:35,165 [INFO]  Epoch[2] Batch [0-3]	Speed: 23682.70 samples/sec	cross-entropy=4.904624	survival-accuracy=2.250000
2024-04-08 22:08:35,166 [INFO]  Epoch[2] Train-cross-entropy=2.572348
2024-04-08 22:08:35,166 [INFO]  Epoch[2] Train-survival-accuracy=5.500000
2024-04-08 22:08:35,166 [INFO]  Epoch[2] Time cost=0.004
2024-04-08 22:08:35,168 [INFO]  Saved checkpoint to "./imputer_model/29_echocardiogram/imputer_model_survival/model-0002.params"
2024-04-08 22:08:35,168 [INFO]  Epoch[2] Validation-cross-entropy=3.522260
2024-04-08 22:08:35,168 [INFO]  Epoch[2] Validation-survival-accuracy=0.000000
2024-04-08 22:08:35,171 [INFO]  Epoch[3] Batch [0-3]	Speed: 24651.23 samples/sec	cross-entropy=2.863279	survival-accuracy=2.250000
2024-04-08 22:08:35,172 [INFO]  Epoch[3] Train-cross-entropy=1.538890
2024-04-08 22:08:35,172 [INFO]  Epoch[3] Train-survival-accuracy=5.500000
2024-04-08 22:08:35,172 [INFO]  Epoch[3] Time cost=0.004
2024-04-08 22:08:35,174 [INFO]  Saved checkpoint to "./imputer_model/29_echocardiogram/imputer_model_survival/model-0003.params"
2024-04-08 22:08:35,175 [INFO]  Epoch[3] Validation-cross-entropy=2.608112
2024-04-08 22:08:35,175 [INFO]  Epoch[3] Validation-survival-accuracy=0.000000
2024-04-08 22:08:35,179 [INFO]  Epoch[4] Batch [0-3]	Speed: 14797.99 samples/sec	cross-entropy=1.628216	survival-accuracy=2.250000
2024-04-08 22:08:35,181 [INFO]  Epoch[4] Train-cross-entropy=0.895395
2024-04-08 22:08:35,181 [INFO]  Epoch[4] Train-survival-accuracy=5.500000
2024-04-08 22:08:35,181 [INFO]  Epoch[4] Time cost=0.007
2024-04-08 22:08:35,183 [INFO]  Saved checkpoint to "./imputer_model/29_echocardiogram/imputer_model_survival/model-0004.params"
2024-04-08 22:08:35,184 [INFO]  Epoch[4] Validation-cross-entropy=1.873675
2024-04-08 22:08:35,184 [INFO]  Epoch[4] Validation-survival-accuracy=0.000000
2024-04-08 22:08:35,184 [INFO]  
========== done (0.03658771514892578 s) fit model
2024-04-08 22:08:36,992 [INFO]  
========== start: fit model
2024-04-08 22:08:36,992 [WARNING]  Already bound, ignoring bind()
2024-04-08 22:08:36,997 [INFO]  Epoch[0] Batch [0-3]	Speed: 19390.02 samples/sec	cross-entropy=26.781779	survival-accuracy=0.000000
2024-04-08 22:08:36,999 [INFO]  Epoch[0] Train-cross-entropy=15.760525
2024-04-08 22:08:36,999 [INFO]  Epoch[0] Train-survival-accuracy=0.000000
2024-04-08 22:08:36,999 [INFO]  Epoch[0] Time cost=0.006
2024-04-08 22:08:37,001 [INFO]  Saved checkpoint to "./imputer_model/29_echocardiogram/imputer_model_survival/model-0000.params"
2024-04-08 22:08:37,001 [INFO]  Epoch[0] Validation-cross-entropy=6.146063
2024-04-08 22:08:37,001 [INFO]  Epoch[0] Validation-survival-accuracy=0.000000
2024-04-08 22:08:37,005 [INFO]  Epoch[1] Batch [0-3]	Speed: 19260.17 samples/sec	cross-entropy=7.596875	survival-accuracy=0.000000
2024-04-08 22:08:37,006 [INFO]  Epoch[1] Train-cross-entropy=5.443564
2024-04-08 22:08:37,006 [INFO]  Epoch[1] Train-survival-accuracy=0.000000
2024-04-08 22:08:37,006 [INFO]  Epoch[1] Time cost=0.005
2024-04-08 22:08:37,011 [INFO]  Saved checkpoint to "./imputer_model/29_echocardiogram/imputer_model_survival/model-0001.params"
2024-04-08 22:08:37,021 [INFO]  Epoch[1] Validation-cross-entropy=0.399126
2024-04-08 22:08:37,021 [INFO]  Epoch[1] Validation-survival-accuracy=0.000000
2024-04-08 22:08:37,026 [INFO]  Epoch[2] Batch [0-3]	Speed: 12600.24 samples/sec	cross-entropy=2.573849	survival-accuracy=0.000000
2024-04-08 22:08:37,028 [INFO]  Epoch[2] Train-cross-entropy=2.526395
2024-04-08 22:08:37,029 [INFO]  Epoch[2] Train-survival-accuracy=0.000000
2024-04-08 22:08:37,029 [INFO]  Epoch[2] Time cost=0.008
2024-04-08 22:08:37,031 [INFO]  Saved checkpoint to "./imputer_model/29_echocardiogram/imputer_model_survival/model-0002.params"
2024-04-08 22:08:37,031 [INFO]  Epoch[2] Validation-cross-entropy=2.865190
2024-04-08 22:08:37,031 [INFO]  Epoch[2] Validation-survival-accuracy=0.000000
2024-04-08 22:08:37,035 [INFO]  Epoch[3] Batch [0-3]	Speed: 19306.35 samples/sec	cross-entropy=2.102990	survival-accuracy=0.000000
2024-04-08 22:08:37,038 [INFO]  Epoch[3] Train-cross-entropy=2.121142
2024-04-08 22:08:37,038 [INFO]  Epoch[3] Train-survival-accuracy=0.000000
2024-04-08 22:08:37,038 [INFO]  Epoch[3] Time cost=0.007
2024-04-08 22:08:37,041 [INFO]  Saved checkpoint to "./imputer_model/29_echocardiogram/imputer_model_survival/model-0003.params"
2024-04-08 22:08:37,050 [INFO]  Epoch[3] Validation-cross-entropy=2.211092
2024-04-08 22:08:37,051 [INFO]  Epoch[3] Validation-survival-accuracy=0.000000
2024-04-08 22:08:37,055 [INFO]  Epoch[4] Batch [0-3]	Speed: 15156.71 samples/sec	cross-entropy=1.312634	survival-accuracy=0.000000
2024-04-08 22:08:37,057 [INFO]  Epoch[4] Train-cross-entropy=1.210451
2024-04-08 22:08:37,057 [INFO]  Epoch[4] Train-survival-accuracy=0.000000
2024-04-08 22:08:37,057 [INFO]  Epoch[4] Time cost=0.007
2024-04-08 22:08:37,059 [INFO]  Saved checkpoint to "./imputer_model/29_echocardiogram/imputer_model_survival/model-0004.params"
2024-04-08 22:08:37,059 [INFO]  Epoch[4] Validation-cross-entropy=0.706567
2024-04-08 22:08:37,059 [INFO]  Epoch[4] Validation-survival-accuracy=0.000000
2024-04-08 22:08:37,059 [INFO]  
========== done (0.06728577613830566 s) fit model
2024-04-08 22:08:38,904 [INFO]  
========== start: fit model
2024-04-08 22:08:38,904 [WARNING]  Already bound, ignoring bind()
2024-04-08 22:08:38,909 [INFO]  Epoch[0] Batch [0-3]	Speed: 17488.41 samples/sec	cross-entropy=18.453994	survival-accuracy=3.500000
2024-04-08 22:08:38,919 [INFO]  Epoch[0] Train-cross-entropy=7.647527
2024-04-08 22:08:38,920 [INFO]  Epoch[0] Train-survival-accuracy=2.500000
2024-04-08 22:08:38,920 [INFO]  Epoch[0] Time cost=0.015
2024-04-08 22:08:38,921 [INFO]  Saved checkpoint to "./imputer_model/29_echocardiogram/imputer_model_survival/model-0000.params"
2024-04-08 22:08:38,922 [INFO]  Epoch[0] Validation-cross-entropy=17.526152
2024-04-08 22:08:38,922 [INFO]  Epoch[0] Validation-survival-accuracy=0.000000
2024-04-08 22:08:38,925 [INFO]  Epoch[1] Batch [0-3]	Speed: 21562.24 samples/sec	cross-entropy=5.904629	survival-accuracy=3.500000
2024-04-08 22:08:38,927 [INFO]  Epoch[1] Train-cross-entropy=4.590996
2024-04-08 22:08:38,927 [INFO]  Epoch[1] Train-survival-accuracy=2.500000
2024-04-08 22:08:38,927 [INFO]  Epoch[1] Time cost=0.005
2024-04-08 22:08:38,928 [INFO]  Saved checkpoint to "./imputer_model/29_echocardiogram/imputer_model_survival/model-0001.params"
2024-04-08 22:08:38,929 [INFO]  Epoch[1] Validation-cross-entropy=10.806805
2024-04-08 22:08:38,929 [INFO]  Epoch[1] Validation-survival-accuracy=0.000000
2024-04-08 22:08:38,932 [INFO]  Epoch[2] Batch [0-3]	Speed: 24642.18 samples/sec	cross-entropy=2.917796	survival-accuracy=3.500000
2024-04-08 22:08:38,933 [INFO]  Epoch[2] Train-cross-entropy=2.884041
2024-04-08 22:08:38,933 [INFO]  Epoch[2] Train-survival-accuracy=2.500000
2024-04-08 22:08:38,933 [INFO]  Epoch[2] Time cost=0.004
2024-04-08 22:08:38,935 [INFO]  Saved checkpoint to "./imputer_model/29_echocardiogram/imputer_model_survival/model-0002.params"
2024-04-08 22:08:38,935 [INFO]  Epoch[2] Validation-cross-entropy=9.115607
2024-04-08 22:08:38,935 [INFO]  Epoch[2] Validation-survival-accuracy=0.000000
2024-04-08 22:08:38,937 [INFO]  Epoch[3] Batch [0-3]	Speed: 28359.85 samples/sec	cross-entropy=1.693905	survival-accuracy=3.500000
2024-04-08 22:08:38,939 [INFO]  Epoch[3] Train-cross-entropy=1.276250
2024-04-08 22:08:38,939 [INFO]  Epoch[3] Train-survival-accuracy=2.500000
2024-04-08 22:08:38,939 [INFO]  Epoch[3] Time cost=0.004
2024-04-08 22:08:38,940 [INFO]  Saved checkpoint to "./imputer_model/29_echocardiogram/imputer_model_survival/model-0003.params"
2024-04-08 22:08:38,940 [INFO]  Epoch[3] Validation-cross-entropy=9.115465
2024-04-08 22:08:38,940 [INFO]  Epoch[3] Validation-survival-accuracy=0.000000
2024-04-08 22:08:38,943 [INFO]  Epoch[4] Batch [0-3]	Speed: 28781.50 samples/sec	cross-entropy=0.923017	survival-accuracy=3.500000
2024-04-08 22:08:38,944 [INFO]  Epoch[4] Train-cross-entropy=0.922827
2024-04-08 22:08:38,944 [INFO]  Epoch[4] Train-survival-accuracy=2.500000
2024-04-08 22:08:38,944 [INFO]  Epoch[4] Time cost=0.004
2024-04-08 22:08:38,945 [INFO]  Saved checkpoint to "./imputer_model/29_echocardiogram/imputer_model_survival/model-0004.params"
2024-04-08 22:08:38,946 [INFO]  Epoch[4] Validation-cross-entropy=7.712796
2024-04-08 22:08:38,946 [INFO]  Epoch[4] Validation-survival-accuracy=0.000000
2024-04-08 22:08:38,946 [INFO]  
========== done (0.04195141792297363 s) fit model
2024-04-08 22:08:40,758 [INFO]  
========== start: fit model
2024-04-08 22:08:40,758 [WARNING]  Already bound, ignoring bind()
2024-04-08 22:08:40,772 [INFO]  Epoch[0] Batch [0-3]	Speed: 7372.71 samples/sec	cross-entropy=16.204753	survival-accuracy=4.000000
2024-04-08 22:08:40,775 [INFO]  Epoch[0] Train-cross-entropy=10.383156
2024-04-08 22:08:40,775 [INFO]  Epoch[0] Train-survival-accuracy=3.000000
2024-04-08 22:08:40,775 [INFO]  Epoch[0] Time cost=0.016
2024-04-08 22:08:40,778 [INFO]  Saved checkpoint to "./imputer_model/29_echocardiogram/imputer_model_survival/model-0000.params"
2024-04-08 22:08:40,779 [INFO]  Epoch[0] Validation-cross-entropy=3.804254
2024-04-08 22:08:40,779 [INFO]  Epoch[0] Validation-survival-accuracy=0.000000
2024-04-08 22:08:40,784 [INFO]  Epoch[1] Batch [0-3]	Speed: 13851.16 samples/sec	cross-entropy=5.047398	survival-accuracy=4.000000
2024-04-08 22:08:40,786 [INFO]  Epoch[1] Train-cross-entropy=3.421373
2024-04-08 22:08:40,786 [INFO]  Epoch[1] Train-survival-accuracy=3.000000
2024-04-08 22:08:40,786 [INFO]  Epoch[1] Time cost=0.007
2024-04-08 22:08:40,788 [INFO]  Saved checkpoint to "./imputer_model/29_echocardiogram/imputer_model_survival/model-0001.params"
2024-04-08 22:08:40,789 [INFO]  Epoch[1] Validation-cross-entropy=1.225110
2024-04-08 22:08:40,789 [INFO]  Epoch[1] Validation-survival-accuracy=0.000000
2024-04-08 22:08:40,795 [INFO]  Epoch[2] Batch [0-3]	Speed: 13188.77 samples/sec	cross-entropy=2.484159	survival-accuracy=4.000000
2024-04-08 22:08:40,797 [INFO]  Epoch[2] Train-cross-entropy=2.695214
2024-04-08 22:08:40,797 [INFO]  Epoch[2] Train-survival-accuracy=3.000000
2024-04-08 22:08:40,797 [INFO]  Epoch[2] Time cost=0.008
2024-04-08 22:08:40,800 [INFO]  Saved checkpoint to "./imputer_model/29_echocardiogram/imputer_model_survival/model-0002.params"
2024-04-08 22:08:40,800 [INFO]  Epoch[2] Validation-cross-entropy=1.359605
2024-04-08 22:08:40,801 [INFO]  Epoch[2] Validation-survival-accuracy=0.000000
2024-04-08 22:08:40,805 [INFO]  Epoch[3] Batch [0-3]	Speed: 14917.50 samples/sec	cross-entropy=1.930166	survival-accuracy=4.000000
2024-04-08 22:08:40,808 [INFO]  Epoch[3] Train-cross-entropy=2.030788
2024-04-08 22:08:40,808 [INFO]  Epoch[3] Train-survival-accuracy=3.000000
2024-04-08 22:08:40,808 [INFO]  Epoch[3] Time cost=0.007
2024-04-08 22:08:40,810 [INFO]  Saved checkpoint to "./imputer_model/29_echocardiogram/imputer_model_survival/model-0003.params"
2024-04-08 22:08:40,811 [INFO]  Epoch[3] Validation-cross-entropy=1.331553
2024-04-08 22:08:40,811 [INFO]  Epoch[3] Validation-survival-accuracy=0.000000
2024-04-08 22:08:40,814 [INFO]  Epoch[4] Batch [0-3]	Speed: 25065.56 samples/sec	cross-entropy=1.062825	survival-accuracy=4.000000
2024-04-08 22:08:40,816 [INFO]  Epoch[4] Train-cross-entropy=1.113677
2024-04-08 22:08:40,816 [INFO]  Epoch[4] Train-survival-accuracy=3.000000
2024-04-08 22:08:40,816 [INFO]  Epoch[4] Time cost=0.004
2024-04-08 22:08:40,817 [INFO]  Saved checkpoint to "./imputer_model/29_echocardiogram/imputer_model_survival/model-0004.params"
2024-04-08 22:08:40,818 [INFO]  Epoch[4] Validation-cross-entropy=1.803668
2024-04-08 22:08:40,818 [INFO]  Epoch[4] Validation-survival-accuracy=0.000000
2024-04-08 22:08:40,818 [INFO]  
========== done (0.06005573272705078 s) fit model
2024-04-08 22:08:42,552 [INFO]  
========== start: fit model
2024-04-08 22:08:42,552 [WARNING]  Already bound, ignoring bind()
2024-04-08 22:08:42,595 [INFO]  Epoch[0] Batch [0-3]	Speed: 1843.58 samples/sec	cross-entropy=14.066052	survival-accuracy=3.250000
2024-04-08 22:08:42,597 [INFO]  Epoch[0] Train-cross-entropy=7.267900
2024-04-08 22:08:42,597 [INFO]  Epoch[0] Train-survival-accuracy=2.000000
2024-04-08 22:08:42,597 [INFO]  Epoch[0] Time cost=0.044
2024-04-08 22:08:42,600 [INFO]  Saved checkpoint to "./imputer_model/29_echocardiogram/imputer_model_survival/model-0000.params"
2024-04-08 22:08:42,601 [INFO]  Epoch[0] Validation-cross-entropy=8.662183
2024-04-08 22:08:42,601 [INFO]  Epoch[0] Validation-survival-accuracy=0.000000
2024-04-08 22:08:42,605 [INFO]  Epoch[1] Batch [0-3]	Speed: 15633.37 samples/sec	cross-entropy=5.161996	survival-accuracy=3.250000
2024-04-08 22:08:42,607 [INFO]  Epoch[1] Train-cross-entropy=3.309403
2024-04-08 22:08:42,608 [INFO]  Epoch[1] Train-survival-accuracy=2.000000
2024-04-08 22:08:42,608 [INFO]  Epoch[1] Time cost=0.007
2024-04-08 22:08:42,609 [INFO]  Saved checkpoint to "./imputer_model/29_echocardiogram/imputer_model_survival/model-0001.params"
2024-04-08 22:08:42,610 [INFO]  Epoch[1] Validation-cross-entropy=6.192137
2024-04-08 22:08:42,610 [INFO]  Epoch[1] Validation-survival-accuracy=0.000000
2024-04-08 22:08:42,614 [INFO]  Epoch[2] Batch [0-3]	Speed: 17288.67 samples/sec	cross-entropy=2.898776	survival-accuracy=3.250000
2024-04-08 22:08:42,617 [INFO]  Epoch[2] Train-cross-entropy=2.420829
2024-04-08 22:08:42,617 [INFO]  Epoch[2] Train-survival-accuracy=2.000000
2024-04-08 22:08:42,617 [INFO]  Epoch[2] Time cost=0.007
2024-04-08 22:08:42,618 [INFO]  Saved checkpoint to "./imputer_model/29_echocardiogram/imputer_model_survival/model-0002.params"
2024-04-08 22:08:42,619 [INFO]  Epoch[2] Validation-cross-entropy=3.367433
2024-04-08 22:08:42,619 [INFO]  Epoch[2] Validation-survival-accuracy=0.000000
2024-04-08 22:08:42,623 [INFO]  Epoch[3] Batch [0-3]	Speed: 22278.03 samples/sec	cross-entropy=1.339470	survival-accuracy=3.250000
2024-04-08 22:08:42,624 [INFO]  Epoch[3] Train-cross-entropy=1.556932
2024-04-08 22:08:42,624 [INFO]  Epoch[3] Train-survival-accuracy=2.000000
2024-04-08 22:08:42,625 [INFO]  Epoch[3] Time cost=0.005
2024-04-08 22:08:42,626 [INFO]  Saved checkpoint to "./imputer_model/29_echocardiogram/imputer_model_survival/model-0003.params"
2024-04-08 22:08:42,627 [INFO]  Epoch[3] Validation-cross-entropy=1.664214
2024-04-08 22:08:42,627 [INFO]  Epoch[3] Validation-survival-accuracy=0.000000
2024-04-08 22:08:42,631 [INFO]  Epoch[4] Batch [0-3]	Speed: 15163.56 samples/sec	cross-entropy=0.627541	survival-accuracy=3.250000
2024-04-08 22:08:42,633 [INFO]  Epoch[4] Train-cross-entropy=1.164740
2024-04-08 22:08:42,633 [INFO]  Epoch[4] Train-survival-accuracy=2.000000
2024-04-08 22:08:42,633 [INFO]  Epoch[4] Time cost=0.007
2024-04-08 22:08:42,635 [INFO]  Saved checkpoint to "./imputer_model/29_echocardiogram/imputer_model_survival/model-0004.params"
2024-04-08 22:08:42,636 [INFO]  Epoch[4] Validation-cross-entropy=1.049893
2024-04-08 22:08:42,636 [INFO]  Epoch[4] Validation-survival-accuracy=0.000000
2024-04-08 22:08:42,636 [INFO]  
========== done (0.0834500789642334 s) fit model
2024-04-08 22:08:44,360 [INFO]  
========== start: fit model
2024-04-08 22:08:44,360 [WARNING]  Already bound, ignoring bind()
2024-04-08 22:08:44,368 [INFO]  Epoch[0] Batch [0-3]	Speed: 12330.90 samples/sec	cross-entropy=10.323663	survival-accuracy=3.500000
2024-04-08 22:08:44,371 [INFO]  Epoch[0] Train-cross-entropy=7.428682
2024-04-08 22:08:44,371 [INFO]  Epoch[0] Train-survival-accuracy=5.500000
2024-04-08 22:08:44,371 [INFO]  Epoch[0] Time cost=0.010
2024-04-08 22:08:44,374 [INFO]  Saved checkpoint to "./imputer_model/29_echocardiogram/imputer_model_survival/model-0000.params"
2024-04-08 22:08:44,375 [INFO]  Epoch[0] Validation-cross-entropy=3.762063
2024-04-08 22:08:44,375 [INFO]  Epoch[0] Validation-survival-accuracy=0.000000
2024-04-08 22:08:44,379 [INFO]  Epoch[1] Batch [0-3]	Speed: 18247.67 samples/sec	cross-entropy=4.617088	survival-accuracy=3.500000
2024-04-08 22:08:44,381 [INFO]  Epoch[1] Train-cross-entropy=3.787530
2024-04-08 22:08:44,381 [INFO]  Epoch[1] Train-survival-accuracy=5.500000
2024-04-08 22:08:44,381 [INFO]  Epoch[1] Time cost=0.006
2024-04-08 22:08:44,383 [INFO]  Saved checkpoint to "./imputer_model/29_echocardiogram/imputer_model_survival/model-0001.params"
2024-04-08 22:08:44,383 [INFO]  Epoch[1] Validation-cross-entropy=1.291731
2024-04-08 22:08:44,383 [INFO]  Epoch[1] Validation-survival-accuracy=0.000000
2024-04-08 22:08:44,396 [INFO]  Epoch[2] Batch [0-3]	Speed: 4257.64 samples/sec	cross-entropy=2.326887	survival-accuracy=3.500000
2024-04-08 22:08:44,419 [INFO]  Epoch[2] Train-cross-entropy=2.072902
2024-04-08 22:08:44,419 [INFO]  Epoch[2] Train-survival-accuracy=5.500000
2024-04-08 22:08:44,419 [INFO]  Epoch[2] Time cost=0.035
2024-04-08 22:08:44,420 [INFO]  Saved checkpoint to "./imputer_model/29_echocardiogram/imputer_model_survival/model-0002.params"
2024-04-08 22:08:44,421 [INFO]  Epoch[2] Validation-cross-entropy=1.102870
2024-04-08 22:08:44,421 [INFO]  Epoch[2] Validation-survival-accuracy=0.000000
2024-04-08 22:08:44,425 [INFO]  Epoch[3] Batch [0-3]	Speed: 19765.03 samples/sec	cross-entropy=0.974544	survival-accuracy=3.500000
2024-04-08 22:08:44,426 [INFO]  Epoch[3] Train-cross-entropy=1.122599
2024-04-08 22:08:44,426 [INFO]  Epoch[3] Train-survival-accuracy=5.500000
2024-04-08 22:08:44,426 [INFO]  Epoch[3] Time cost=0.005
2024-04-08 22:08:44,428 [INFO]  Saved checkpoint to "./imputer_model/29_echocardiogram/imputer_model_survival/model-0003.params"
2024-04-08 22:08:44,428 [INFO]  Epoch[3] Validation-cross-entropy=1.323549
2024-04-08 22:08:44,429 [INFO]  Epoch[3] Validation-survival-accuracy=0.000000
2024-04-08 22:08:44,432 [INFO]  Epoch[4] Batch [0-3]	Speed: 20984.64 samples/sec	cross-entropy=0.585496	survival-accuracy=3.500000
2024-04-08 22:08:44,434 [INFO]  Epoch[4] Train-cross-entropy=0.672368
2024-04-08 22:08:44,434 [INFO]  Epoch[4] Train-survival-accuracy=5.500000
2024-04-08 22:08:44,434 [INFO]  Epoch[4] Time cost=0.006
2024-04-08 22:08:44,436 [INFO]  Saved checkpoint to "./imputer_model/29_echocardiogram/imputer_model_survival/model-0004.params"
2024-04-08 22:08:44,437 [INFO]  Epoch[4] Validation-cross-entropy=0.605413
2024-04-08 22:08:44,437 [INFO]  Epoch[4] Validation-survival-accuracy=0.000000
2024-04-08 22:08:44,438 [INFO]  
========== done (0.07769989967346191 s) fit model
2024-04-08 22:08:46,198 [INFO]  
========== start: fit model
2024-04-08 22:08:46,199 [WARNING]  Already bound, ignoring bind()
2024-04-08 22:08:46,204 [INFO]  Epoch[0] Batch [0-3]	Speed: 17553.98 samples/sec	cross-entropy=20.434617	survival-accuracy=0.000000
2024-04-08 22:08:46,206 [INFO]  Epoch[0] Train-cross-entropy=12.263741
2024-04-08 22:08:46,206 [INFO]  Epoch[0] Train-survival-accuracy=0.000000
2024-04-08 22:08:46,206 [INFO]  Epoch[0] Time cost=0.006
2024-04-08 22:08:46,208 [INFO]  Saved checkpoint to "./imputer_model/29_echocardiogram/imputer_model_survival/model-0000.params"
2024-04-08 22:08:46,209 [INFO]  Epoch[0] Validation-cross-entropy=9.704951
2024-04-08 22:08:46,209 [INFO]  Epoch[0] Validation-survival-accuracy=0.000000
2024-04-08 22:08:46,213 [INFO]  Epoch[1] Batch [0-3]	Speed: 16093.25 samples/sec	cross-entropy=9.614048	survival-accuracy=0.000000
2024-04-08 22:08:46,215 [INFO]  Epoch[1] Train-cross-entropy=4.075163
2024-04-08 22:08:46,215 [INFO]  Epoch[1] Train-survival-accuracy=0.000000
2024-04-08 22:08:46,215 [INFO]  Epoch[1] Time cost=0.006
2024-04-08 22:08:46,217 [INFO]  Saved checkpoint to "./imputer_model/29_echocardiogram/imputer_model_survival/model-0001.params"
2024-04-08 22:08:46,218 [INFO]  Epoch[1] Validation-cross-entropy=3.296907
2024-04-08 22:08:46,218 [INFO]  Epoch[1] Validation-survival-accuracy=0.000000
2024-04-08 22:08:46,222 [INFO]  Epoch[2] Batch [0-3]	Speed: 17717.73 samples/sec	cross-entropy=5.609750	survival-accuracy=0.000000
2024-04-08 22:08:46,224 [INFO]  Epoch[2] Train-cross-entropy=2.889141
2024-04-08 22:08:46,224 [INFO]  Epoch[2] Train-survival-accuracy=0.000000
2024-04-08 22:08:46,224 [INFO]  Epoch[2] Time cost=0.006
2024-04-08 22:08:46,226 [INFO]  Saved checkpoint to "./imputer_model/29_echocardiogram/imputer_model_survival/model-0002.params"
2024-04-08 22:08:46,226 [INFO]  Epoch[2] Validation-cross-entropy=1.661791
2024-04-08 22:08:46,226 [INFO]  Epoch[2] Validation-survival-accuracy=0.000000
2024-04-08 22:08:46,230 [INFO]  Epoch[3] Batch [0-3]	Speed: 17515.80 samples/sec	cross-entropy=3.500909	survival-accuracy=0.000000
2024-04-08 22:08:46,232 [INFO]  Epoch[3] Train-cross-entropy=1.906139
2024-04-08 22:08:46,232 [INFO]  Epoch[3] Train-survival-accuracy=0.000000
2024-04-08 22:08:46,232 [INFO]  Epoch[3] Time cost=0.006
2024-04-08 22:08:46,234 [INFO]  Saved checkpoint to "./imputer_model/29_echocardiogram/imputer_model_survival/model-0003.params"
2024-04-08 22:08:46,235 [INFO]  Epoch[3] Validation-cross-entropy=1.053475
2024-04-08 22:08:46,235 [INFO]  Epoch[3] Validation-survival-accuracy=0.000000
2024-04-08 22:08:46,268 [INFO]  Epoch[4] Batch [0-3]	Speed: 3208.39 samples/sec	cross-entropy=2.069643	survival-accuracy=0.000000
2024-04-08 22:08:46,270 [INFO]  Epoch[4] Train-cross-entropy=0.951299
2024-04-08 22:08:46,271 [INFO]  Epoch[4] Train-survival-accuracy=0.000000
2024-04-08 22:08:46,271 [INFO]  Epoch[4] Time cost=0.036
2024-04-08 22:08:46,275 [INFO]  Saved checkpoint to "./imputer_model/29_echocardiogram/imputer_model_survival/model-0004.params"
2024-04-08 22:08:46,295 [INFO]  Epoch[4] Validation-cross-entropy=0.562739
2024-04-08 22:08:46,295 [INFO]  Epoch[4] Validation-survival-accuracy=0.000000
2024-04-08 22:08:46,295 [INFO]  
========== done (0.09677243232727051 s) fit model
2024-04-08 22:08:48,071 [INFO]  
========== start: fit model
2024-04-08 22:08:48,071 [WARNING]  Already bound, ignoring bind()
2024-04-08 22:08:48,083 [INFO]  Epoch[0] Batch [0-3]	Speed: 17819.67 samples/sec	cross-entropy=12.814163	survival-accuracy=0.000000
2024-04-08 22:08:48,099 [INFO]  Epoch[0] Train-cross-entropy=9.148005
2024-04-08 22:08:48,099 [INFO]  Epoch[0] Train-survival-accuracy=0.000000
2024-04-08 22:08:48,099 [INFO]  Epoch[0] Time cost=0.026
2024-04-08 22:08:48,101 [INFO]  Saved checkpoint to "./imputer_model/29_echocardiogram/imputer_model_survival/model-0000.params"
2024-04-08 22:08:48,102 [INFO]  Epoch[0] Validation-cross-entropy=4.735572
2024-04-08 22:08:48,102 [INFO]  Epoch[0] Validation-survival-accuracy=0.000000
2024-04-08 22:08:48,106 [INFO]  Epoch[1] Batch [0-3]	Speed: 15311.17 samples/sec	cross-entropy=5.365382	survival-accuracy=0.000000
2024-04-08 22:08:48,108 [INFO]  Epoch[1] Train-cross-entropy=4.866507
2024-04-08 22:08:48,108 [INFO]  Epoch[1] Train-survival-accuracy=0.000000
2024-04-08 22:08:48,108 [INFO]  Epoch[1] Time cost=0.006
2024-04-08 22:08:48,110 [INFO]  Saved checkpoint to "./imputer_model/29_echocardiogram/imputer_model_survival/model-0001.params"
2024-04-08 22:08:48,110 [INFO]  Epoch[1] Validation-cross-entropy=2.166084
2024-04-08 22:08:48,110 [INFO]  Epoch[1] Validation-survival-accuracy=0.000000
2024-04-08 22:08:48,115 [INFO]  Epoch[2] Batch [0-3]	Speed: 15428.51 samples/sec	cross-entropy=2.720801	survival-accuracy=0.000000
2024-04-08 22:08:48,117 [INFO]  Epoch[2] Train-cross-entropy=2.654930
2024-04-08 22:08:48,117 [INFO]  Epoch[2] Train-survival-accuracy=0.000000
2024-04-08 22:08:48,117 [INFO]  Epoch[2] Time cost=0.007
2024-04-08 22:08:48,119 [INFO]  Saved checkpoint to "./imputer_model/29_echocardiogram/imputer_model_survival/model-0002.params"
2024-04-08 22:08:48,119 [INFO]  Epoch[2] Validation-cross-entropy=1.503320
2024-04-08 22:08:48,119 [INFO]  Epoch[2] Validation-survival-accuracy=0.000000
2024-04-08 22:08:48,124 [INFO]  Epoch[3] Batch [0-3]	Speed: 15518.89 samples/sec	cross-entropy=1.513181	survival-accuracy=0.000000
2024-04-08 22:08:48,125 [INFO]  Epoch[3] Train-cross-entropy=1.533554
2024-04-08 22:08:48,125 [INFO]  Epoch[3] Train-survival-accuracy=0.000000
2024-04-08 22:08:48,126 [INFO]  Epoch[3] Time cost=0.006
2024-04-08 22:08:48,128 [INFO]  Saved checkpoint to "./imputer_model/29_echocardiogram/imputer_model_survival/model-0003.params"
2024-04-08 22:08:48,128 [INFO]  Epoch[3] Validation-cross-entropy=1.514351
2024-04-08 22:08:48,129 [INFO]  Epoch[3] Validation-survival-accuracy=0.000000
2024-04-08 22:08:48,131 [INFO]  Epoch[4] Batch [0-3]	Speed: 25362.38 samples/sec	cross-entropy=0.928578	survival-accuracy=0.000000
2024-04-08 22:08:48,133 [INFO]  Epoch[4] Train-cross-entropy=0.970580
2024-04-08 22:08:48,133 [INFO]  Epoch[4] Train-survival-accuracy=0.000000
2024-04-08 22:08:48,133 [INFO]  Epoch[4] Time cost=0.005
2024-04-08 22:08:48,136 [INFO]  Saved checkpoint to "./imputer_model/29_echocardiogram/imputer_model_survival/model-0004.params"
2024-04-08 22:08:48,136 [INFO]  Epoch[4] Validation-cross-entropy=1.285871
2024-04-08 22:08:48,136 [INFO]  Epoch[4] Validation-survival-accuracy=0.000000
2024-04-08 22:08:48,136 [INFO]  
========== done (0.06572151184082031 s) fit model
2024-04-08 22:08:50,002 [INFO]  
========== start: fit model
2024-04-08 22:08:50,002 [WARNING]  Already bound, ignoring bind()
2024-04-08 22:08:50,007 [INFO]  Epoch[0] Batch [0-3]	Speed: 19519.74 samples/sec	cross-entropy=17.405205	survival-accuracy=3.750000
2024-04-08 22:08:50,008 [INFO]  Epoch[0] Train-cross-entropy=24.303557
2024-04-08 22:08:50,008 [INFO]  Epoch[0] Train-survival-accuracy=3.000000
2024-04-08 22:08:50,008 [INFO]  Epoch[0] Time cost=0.006
2024-04-08 22:08:50,010 [INFO]  Saved checkpoint to "./imputer_model/29_echocardiogram/imputer_model_survival/model-0000.params"
2024-04-08 22:08:50,010 [INFO]  Epoch[0] Validation-cross-entropy=10.943242
2024-04-08 22:08:50,011 [INFO]  Epoch[0] Validation-survival-accuracy=0.000000
2024-04-08 22:08:50,013 [INFO]  Epoch[1] Batch [0-3]	Speed: 22872.82 samples/sec	cross-entropy=5.966475	survival-accuracy=3.750000
2024-04-08 22:08:50,015 [INFO]  Epoch[1] Train-cross-entropy=13.306757
2024-04-08 22:08:50,015 [INFO]  Epoch[1] Train-survival-accuracy=3.000000
2024-04-08 22:08:50,015 [INFO]  Epoch[1] Time cost=0.005
2024-04-08 22:08:50,017 [INFO]  Saved checkpoint to "./imputer_model/29_echocardiogram/imputer_model_survival/model-0001.params"
2024-04-08 22:08:50,017 [INFO]  Epoch[1] Validation-cross-entropy=6.586826
2024-04-08 22:08:50,017 [INFO]  Epoch[1] Validation-survival-accuracy=0.000000
2024-04-08 22:08:50,020 [INFO]  Epoch[2] Batch [0-3]	Speed: 22017.34 samples/sec	cross-entropy=3.187880	survival-accuracy=3.750000
2024-04-08 22:08:50,022 [INFO]  Epoch[2] Train-cross-entropy=5.896477
2024-04-08 22:08:50,022 [INFO]  Epoch[2] Train-survival-accuracy=3.000000
2024-04-08 22:08:50,022 [INFO]  Epoch[2] Time cost=0.005
2024-04-08 22:08:50,026 [INFO]  Saved checkpoint to "./imputer_model/29_echocardiogram/imputer_model_survival/model-0002.params"
2024-04-08 22:08:50,027 [INFO]  Epoch[2] Validation-cross-entropy=3.488929
2024-04-08 22:08:50,027 [INFO]  Epoch[2] Validation-survival-accuracy=0.000000
2024-04-08 22:08:50,030 [INFO]  Epoch[3] Batch [0-3]	Speed: 22334.88 samples/sec	cross-entropy=1.984360	survival-accuracy=3.750000
2024-04-08 22:08:50,031 [INFO]  Epoch[3] Train-cross-entropy=1.933046
2024-04-08 22:08:50,031 [INFO]  Epoch[3] Train-survival-accuracy=3.000000
2024-04-08 22:08:50,031 [INFO]  Epoch[3] Time cost=0.005
2024-04-08 22:08:50,033 [INFO]  Saved checkpoint to "./imputer_model/29_echocardiogram/imputer_model_survival/model-0003.params"
2024-04-08 22:08:50,034 [INFO]  Epoch[3] Validation-cross-entropy=2.757163
2024-04-08 22:08:50,034 [INFO]  Epoch[3] Validation-survival-accuracy=0.000000
2024-04-08 22:08:50,037 [INFO]  Epoch[4] Batch [0-3]	Speed: 22575.31 samples/sec	cross-entropy=1.270037	survival-accuracy=3.750000
2024-04-08 22:08:50,038 [INFO]  Epoch[4] Train-cross-entropy=0.760833
2024-04-08 22:08:50,038 [INFO]  Epoch[4] Train-survival-accuracy=3.000000
2024-04-08 22:08:50,038 [INFO]  Epoch[4] Time cost=0.005
2024-04-08 22:08:50,040 [INFO]  Saved checkpoint to "./imputer_model/29_echocardiogram/imputer_model_survival/model-0004.params"
2024-04-08 22:08:50,101 [INFO]  Epoch[4] Validation-cross-entropy=3.084689
2024-04-08 22:08:50,101 [INFO]  Epoch[4] Validation-survival-accuracy=0.000000
2024-04-08 22:08:50,101 [INFO]  
========== done (0.09894919395446777 s) fit model
2024-04-08 22:08:51,847 [INFO]  
========== start: fit model
2024-04-08 22:08:51,847 [WARNING]  Already bound, ignoring bind()
2024-04-08 22:08:51,852 [INFO]  Epoch[0] Batch [0-3]	Speed: 20435.10 samples/sec	cross-entropy=10.961724	survival-accuracy=3.000000
2024-04-08 22:08:51,854 [INFO]  Epoch[0] Train-cross-entropy=10.998874
2024-04-08 22:08:51,854 [INFO]  Epoch[0] Train-survival-accuracy=1.500000
2024-04-08 22:08:51,854 [INFO]  Epoch[0] Time cost=0.006
2024-04-08 22:08:51,857 [INFO]  Saved checkpoint to "./imputer_model/29_echocardiogram/imputer_model_survival/model-0000.params"
2024-04-08 22:08:51,857 [INFO]  Epoch[0] Validation-cross-entropy=4.493984
2024-04-08 22:08:51,858 [INFO]  Epoch[0] Validation-survival-accuracy=0.000000
2024-04-08 22:08:51,862 [INFO]  Epoch[1] Batch [0-3]	Speed: 14666.47 samples/sec	cross-entropy=4.049907	survival-accuracy=3.000000
2024-04-08 22:08:51,865 [INFO]  Epoch[1] Train-cross-entropy=3.167663
2024-04-08 22:08:51,865 [INFO]  Epoch[1] Train-survival-accuracy=1.500000
2024-04-08 22:08:51,865 [INFO]  Epoch[1] Time cost=0.007
2024-04-08 22:08:51,867 [INFO]  Saved checkpoint to "./imputer_model/29_echocardiogram/imputer_model_survival/model-0001.params"
2024-04-08 22:08:51,868 [INFO]  Epoch[1] Validation-cross-entropy=2.101529
2024-04-08 22:08:51,868 [INFO]  Epoch[1] Validation-survival-accuracy=0.000000
2024-04-08 22:08:51,873 [INFO]  Epoch[2] Batch [0-3]	Speed: 14860.24 samples/sec	cross-entropy=2.259725	survival-accuracy=3.000000
2024-04-08 22:08:51,875 [INFO]  Epoch[2] Train-cross-entropy=2.188900
2024-04-08 22:08:51,876 [INFO]  Epoch[2] Train-survival-accuracy=1.500000
2024-04-08 22:08:51,876 [INFO]  Epoch[2] Time cost=0.007
2024-04-08 22:08:51,878 [INFO]  Saved checkpoint to "./imputer_model/29_echocardiogram/imputer_model_survival/model-0002.params"
2024-04-08 22:08:51,879 [INFO]  Epoch[2] Validation-cross-entropy=1.169827
2024-04-08 22:08:51,879 [INFO]  Epoch[2] Validation-survival-accuracy=0.000000
2024-04-08 22:08:51,884 [INFO]  Epoch[3] Batch [0-3]	Speed: 14861.34 samples/sec	cross-entropy=1.133318	survival-accuracy=3.000000
2024-04-08 22:08:51,886 [INFO]  Epoch[3] Train-cross-entropy=1.347922
2024-04-08 22:08:51,886 [INFO]  Epoch[3] Train-survival-accuracy=1.500000
2024-04-08 22:08:51,887 [INFO]  Epoch[3] Time cost=0.007
2024-04-08 22:08:51,889 [INFO]  Saved checkpoint to "./imputer_model/29_echocardiogram/imputer_model_survival/model-0003.params"
2024-04-08 22:08:51,890 [INFO]  Epoch[3] Validation-cross-entropy=0.441998
2024-04-08 22:08:51,890 [INFO]  Epoch[3] Validation-survival-accuracy=0.000000
2024-04-08 22:08:51,895 [INFO]  Epoch[4] Batch [0-3]	Speed: 14806.69 samples/sec	cross-entropy=0.503964	survival-accuracy=3.000000
2024-04-08 22:08:51,897 [INFO]  Epoch[4] Train-cross-entropy=0.704793
2024-04-08 22:08:51,897 [INFO]  Epoch[4] Train-survival-accuracy=1.500000
2024-04-08 22:08:51,897 [INFO]  Epoch[4] Time cost=0.007
2024-04-08 22:08:51,899 [INFO]  Saved checkpoint to "./imputer_model/29_echocardiogram/imputer_model_survival/model-0004.params"
2024-04-08 22:08:51,900 [INFO]  Epoch[4] Validation-cross-entropy=0.267562
2024-04-08 22:08:51,900 [INFO]  Epoch[4] Validation-survival-accuracy=0.000000
2024-04-08 22:08:51,900 [INFO]  
========== done (0.05299186706542969 s) fit model
2024-04-08 22:08:53,476 [INFO]  
========== start: fit model
2024-04-08 22:08:53,476 [WARNING]  Already bound, ignoring bind()
2024-04-08 22:08:53,493 [INFO]  Epoch[0] Batch [0-3]	Speed: 8042.13 samples/sec	cross-entropy=29.204184	survival-accuracy=3.250000
2024-04-08 22:08:53,496 [INFO]  Epoch[0] Train-cross-entropy=19.437344
2024-04-08 22:08:53,497 [INFO]  Epoch[0] Train-survival-accuracy=3.500000
2024-04-08 22:08:53,497 [INFO]  Epoch[0] Time cost=0.020
2024-04-08 22:08:53,500 [INFO]  Saved checkpoint to "./imputer_model/29_echocardiogram/imputer_model_survival/model-0000.params"
2024-04-08 22:08:53,509 [INFO]  Epoch[0] Validation-cross-entropy=12.276688
2024-04-08 22:08:53,509 [INFO]  Epoch[0] Validation-survival-accuracy=0.000000
2024-04-08 22:08:53,529 [INFO]  Epoch[1] Batch [0-3]	Speed: 3169.30 samples/sec	cross-entropy=10.201872	survival-accuracy=3.250000
2024-04-08 22:08:53,531 [INFO]  Epoch[1] Train-cross-entropy=6.214307
2024-04-08 22:08:53,532 [INFO]  Epoch[1] Train-survival-accuracy=3.500000
2024-04-08 22:08:53,532 [INFO]  Epoch[1] Time cost=0.022
2024-04-08 22:08:53,534 [INFO]  Saved checkpoint to "./imputer_model/29_echocardiogram/imputer_model_survival/model-0001.params"
2024-04-08 22:08:53,535 [INFO]  Epoch[1] Validation-cross-entropy=2.149688
2024-04-08 22:08:53,535 [INFO]  Epoch[1] Validation-survival-accuracy=0.000000
2024-04-08 22:08:53,539 [INFO]  Epoch[2] Batch [0-3]	Speed: 15748.33 samples/sec	cross-entropy=4.715918	survival-accuracy=3.250000
2024-04-08 22:08:53,542 [INFO]  Epoch[2] Train-cross-entropy=2.694101
2024-04-08 22:08:53,542 [INFO]  Epoch[2] Train-survival-accuracy=3.500000
2024-04-08 22:08:53,542 [INFO]  Epoch[2] Time cost=0.007
2024-04-08 22:08:53,545 [INFO]  Saved checkpoint to "./imputer_model/29_echocardiogram/imputer_model_survival/model-0002.params"
2024-04-08 22:08:53,545 [INFO]  Epoch[2] Validation-cross-entropy=2.579568
2024-04-08 22:08:53,546 [INFO]  Epoch[2] Validation-survival-accuracy=0.000000
2024-04-08 22:08:53,550 [INFO]  Epoch[3] Batch [0-3]	Speed: 15157.85 samples/sec	cross-entropy=3.712531	survival-accuracy=3.250000
2024-04-08 22:08:53,552 [INFO]  Epoch[3] Train-cross-entropy=1.905461
2024-04-08 22:08:53,552 [INFO]  Epoch[3] Train-survival-accuracy=3.500000
2024-04-08 22:08:53,553 [INFO]  Epoch[3] Time cost=0.007
2024-04-08 22:08:53,555 [INFO]  Saved checkpoint to "./imputer_model/29_echocardiogram/imputer_model_survival/model-0003.params"
2024-04-08 22:08:53,556 [INFO]  Epoch[3] Validation-cross-entropy=1.787006
2024-04-08 22:08:53,556 [INFO]  Epoch[3] Validation-survival-accuracy=0.000000
2024-04-08 22:08:53,560 [INFO]  Epoch[4] Batch [0-3]	Speed: 15327.49 samples/sec	cross-entropy=2.487782	survival-accuracy=3.250000
2024-04-08 22:08:53,562 [INFO]  Epoch[4] Train-cross-entropy=1.343483
2024-04-08 22:08:53,563 [INFO]  Epoch[4] Train-survival-accuracy=3.500000
2024-04-08 22:08:53,563 [INFO]  Epoch[4] Time cost=0.007
2024-04-08 22:08:53,565 [INFO]  Saved checkpoint to "./imputer_model/29_echocardiogram/imputer_model_survival/model-0004.params"
2024-04-08 22:08:53,566 [INFO]  Epoch[4] Validation-cross-entropy=0.703625
2024-04-08 22:08:53,566 [INFO]  Epoch[4] Validation-survival-accuracy=0.000000
2024-04-08 22:08:53,566 [INFO]  
========== done (0.09023213386535645 s) fit model
2024-04-08 22:08:55,505 [INFO]  
========== start: fit model
2024-04-08 22:08:55,505 [WARNING]  Already bound, ignoring bind()
2024-04-08 22:08:55,513 [INFO]  Epoch[0] Batch [0-3]	Speed: 7620.52 samples/sec	cross-entropy=32.919490	survival-accuracy=0.000000
2024-04-08 22:08:55,515 [INFO]  Epoch[0] Train-cross-entropy=16.714448
2024-04-08 22:08:55,515 [INFO]  Epoch[0] Train-survival-accuracy=0.000000
2024-04-08 22:08:55,515 [INFO]  Epoch[0] Time cost=0.009
2024-04-08 22:08:55,517 [INFO]  Saved checkpoint to "./imputer_model/29_echocardiogram/imputer_model_survival/model-0000.params"
2024-04-08 22:08:55,517 [INFO]  Epoch[0] Validation-cross-entropy=26.028126
2024-04-08 22:08:55,517 [INFO]  Epoch[0] Validation-survival-accuracy=0.000000
2024-04-08 22:08:55,520 [INFO]  Epoch[1] Batch [0-3]	Speed: 21675.99 samples/sec	cross-entropy=11.877301	survival-accuracy=0.000000
2024-04-08 22:08:55,522 [INFO]  Epoch[1] Train-cross-entropy=9.001008
2024-04-08 22:08:55,522 [INFO]  Epoch[1] Train-survival-accuracy=0.000000
2024-04-08 22:08:55,522 [INFO]  Epoch[1] Time cost=0.005
2024-04-08 22:08:55,523 [INFO]  Saved checkpoint to "./imputer_model/29_echocardiogram/imputer_model_survival/model-0001.params"
2024-04-08 22:08:55,524 [INFO]  Epoch[1] Validation-cross-entropy=17.621820
2024-04-08 22:08:55,524 [INFO]  Epoch[1] Validation-survival-accuracy=0.000000
2024-04-08 22:08:55,527 [INFO]  Epoch[2] Batch [0-3]	Speed: 22148.14 samples/sec	cross-entropy=6.791743	survival-accuracy=0.000000
2024-04-08 22:08:55,529 [INFO]  Epoch[2] Train-cross-entropy=6.375062
2024-04-08 22:08:55,529 [INFO]  Epoch[2] Train-survival-accuracy=0.000000
2024-04-08 22:08:55,529 [INFO]  Epoch[2] Time cost=0.005
2024-04-08 22:08:55,530 [INFO]  Saved checkpoint to "./imputer_model/29_echocardiogram/imputer_model_survival/model-0002.params"
2024-04-08 22:08:55,531 [INFO]  Epoch[2] Validation-cross-entropy=8.504155
2024-04-08 22:08:55,531 [INFO]  Epoch[2] Validation-survival-accuracy=0.000000
2024-04-08 22:08:55,534 [INFO]  Epoch[3] Batch [0-3]	Speed: 22270.64 samples/sec	cross-entropy=4.162652	survival-accuracy=0.000000
2024-04-08 22:08:55,536 [INFO]  Epoch[3] Train-cross-entropy=3.498915
2024-04-08 22:08:55,536 [INFO]  Epoch[3] Train-survival-accuracy=0.000000
2024-04-08 22:08:55,536 [INFO]  Epoch[3] Time cost=0.005
2024-04-08 22:08:55,537 [INFO]  Saved checkpoint to "./imputer_model/29_echocardiogram/imputer_model_survival/model-0003.params"
2024-04-08 22:08:55,538 [INFO]  Epoch[3] Validation-cross-entropy=5.768228
2024-04-08 22:08:55,538 [INFO]  Epoch[3] Validation-survival-accuracy=0.000000
2024-04-08 22:08:55,541 [INFO]  Epoch[4] Batch [0-3]	Speed: 21641.04 samples/sec	cross-entropy=2.898412	survival-accuracy=0.000000
2024-04-08 22:08:55,543 [INFO]  Epoch[4] Train-cross-entropy=2.163457
2024-04-08 22:08:55,543 [INFO]  Epoch[4] Train-survival-accuracy=0.000000
2024-04-08 22:08:55,543 [INFO]  Epoch[4] Time cost=0.005
2024-04-08 22:08:55,544 [INFO]  Saved checkpoint to "./imputer_model/29_echocardiogram/imputer_model_survival/model-0004.params"
2024-04-08 22:08:55,545 [INFO]  Epoch[4] Validation-cross-entropy=9.519165
2024-04-08 22:08:55,545 [INFO]  Epoch[4] Validation-survival-accuracy=0.000000
2024-04-08 22:08:55,545 [INFO]  
========== done (0.040435791015625 s) fit model
2024-04-08 22:08:56,847 [INFO]  
========== start: fit model
2024-04-08 22:08:56,847 [WARNING]  Already bound, ignoring bind()
2024-04-08 22:08:56,851 [INFO]  Epoch[0] Batch [0-3]	Speed: 20748.90 samples/sec	cross-entropy=19.270849	survival-accuracy=3.250000
2024-04-08 22:08:56,853 [INFO]  Epoch[0] Train-cross-entropy=10.490512
2024-04-08 22:08:56,853 [INFO]  Epoch[0] Train-survival-accuracy=3.500000
2024-04-08 22:08:56,853 [INFO]  Epoch[0] Time cost=0.005
2024-04-08 22:08:56,854 [INFO]  Saved checkpoint to "./imputer_model/29_echocardiogram/imputer_model_survival/model-0000.params"
2024-04-08 22:08:56,855 [INFO]  Epoch[0] Validation-cross-entropy=9.798822
2024-04-08 22:08:56,855 [INFO]  Epoch[0] Validation-survival-accuracy=0.000000
2024-04-08 22:08:56,858 [INFO]  Epoch[1] Batch [0-3]	Speed: 21553.00 samples/sec	cross-entropy=8.300991	survival-accuracy=3.250000
2024-04-08 22:08:56,860 [INFO]  Epoch[1] Train-cross-entropy=4.369355
2024-04-08 22:08:56,860 [INFO]  Epoch[1] Train-survival-accuracy=3.500000
2024-04-08 22:08:56,860 [INFO]  Epoch[1] Time cost=0.005
2024-04-08 22:08:56,861 [INFO]  Saved checkpoint to "./imputer_model/29_echocardiogram/imputer_model_survival/model-0001.params"
2024-04-08 22:08:56,861 [INFO]  Epoch[1] Validation-cross-entropy=6.061532
2024-04-08 22:08:56,861 [INFO]  Epoch[1] Validation-survival-accuracy=0.000000
2024-04-08 22:08:56,864 [INFO]  Epoch[2] Batch [0-3]	Speed: 26708.22 samples/sec	cross-entropy=4.693266	survival-accuracy=3.250000
2024-04-08 22:08:56,865 [INFO]  Epoch[2] Train-cross-entropy=2.180104
2024-04-08 22:08:56,865 [INFO]  Epoch[2] Train-survival-accuracy=3.500000
2024-04-08 22:08:56,865 [INFO]  Epoch[2] Time cost=0.004
2024-04-08 22:08:56,867 [INFO]  Saved checkpoint to "./imputer_model/29_echocardiogram/imputer_model_survival/model-0002.params"
2024-04-08 22:08:56,867 [INFO]  Epoch[2] Validation-cross-entropy=3.900812
2024-04-08 22:08:56,867 [INFO]  Epoch[2] Validation-survival-accuracy=0.000000
2024-04-08 22:08:56,870 [INFO]  Epoch[3] Batch [0-3]	Speed: 26843.55 samples/sec	cross-entropy=2.382728	survival-accuracy=3.250000
2024-04-08 22:08:56,871 [INFO]  Epoch[3] Train-cross-entropy=1.058242
2024-04-08 22:08:56,871 [INFO]  Epoch[3] Train-survival-accuracy=3.500000
2024-04-08 22:08:56,871 [INFO]  Epoch[3] Time cost=0.004
2024-04-08 22:08:56,872 [INFO]  Saved checkpoint to "./imputer_model/29_echocardiogram/imputer_model_survival/model-0003.params"
2024-04-08 22:08:56,873 [INFO]  Epoch[3] Validation-cross-entropy=2.515715
2024-04-08 22:08:56,873 [INFO]  Epoch[3] Validation-survival-accuracy=0.000000
2024-04-08 22:08:56,875 [INFO]  Epoch[4] Batch [0-3]	Speed: 29030.51 samples/sec	cross-entropy=1.318559	survival-accuracy=3.250000
2024-04-08 22:08:56,876 [INFO]  Epoch[4] Train-cross-entropy=0.667779
2024-04-08 22:08:56,876 [INFO]  Epoch[4] Train-survival-accuracy=3.500000
2024-04-08 22:08:56,876 [INFO]  Epoch[4] Time cost=0.004
2024-04-08 22:08:56,877 [INFO]  Saved checkpoint to "./imputer_model/29_echocardiogram/imputer_model_survival/model-0004.params"
2024-04-08 22:08:56,878 [INFO]  Epoch[4] Validation-cross-entropy=1.377810
2024-04-08 22:08:56,878 [INFO]  Epoch[4] Validation-survival-accuracy=0.000000
2024-04-08 22:08:56,878 [INFO]  
========== done (0.031101465225219727 s) fit model
2024-04-08 22:08:58,124 [INFO]  
========== start: fit model
2024-04-08 22:08:58,124 [WARNING]  Already bound, ignoring bind()
2024-04-08 22:08:58,129 [INFO]  Epoch[0] Batch [0-3]	Speed: 20307.30 samples/sec	cross-entropy=12.691717	survival-accuracy=3.750000
2024-04-08 22:08:58,130 [INFO]  Epoch[0] Train-cross-entropy=9.291530
2024-04-08 22:08:58,130 [INFO]  Epoch[0] Train-survival-accuracy=5.000000
2024-04-08 22:08:58,130 [INFO]  Epoch[0] Time cost=0.005
2024-04-08 22:08:58,132 [INFO]  Saved checkpoint to "./imputer_model/29_echocardiogram/imputer_model_survival/model-0000.params"
2024-04-08 22:08:58,133 [INFO]  Epoch[0] Validation-cross-entropy=9.886650
2024-04-08 22:08:58,133 [INFO]  Epoch[0] Validation-survival-accuracy=0.000000
2024-04-08 22:08:58,136 [INFO]  Epoch[1] Batch [0-3]	Speed: 22199.43 samples/sec	cross-entropy=5.255081	survival-accuracy=3.750000
2024-04-08 22:08:58,137 [INFO]  Epoch[1] Train-cross-entropy=4.102645
2024-04-08 22:08:58,137 [INFO]  Epoch[1] Train-survival-accuracy=5.000000
2024-04-08 22:08:58,137 [INFO]  Epoch[1] Time cost=0.004
2024-04-08 22:08:58,138 [INFO]  Saved checkpoint to "./imputer_model/29_echocardiogram/imputer_model_survival/model-0001.params"
2024-04-08 22:08:58,139 [INFO]  Epoch[1] Validation-cross-entropy=5.603424
2024-04-08 22:08:58,139 [INFO]  Epoch[1] Validation-survival-accuracy=0.000000
2024-04-08 22:08:58,142 [INFO]  Epoch[2] Batch [0-3]	Speed: 27081.87 samples/sec	cross-entropy=2.628403	survival-accuracy=3.750000
2024-04-08 22:08:58,143 [INFO]  Epoch[2] Train-cross-entropy=1.706692
2024-04-08 22:08:58,143 [INFO]  Epoch[2] Train-survival-accuracy=5.000000
2024-04-08 22:08:58,143 [INFO]  Epoch[2] Time cost=0.004
2024-04-08 22:08:58,145 [INFO]  Saved checkpoint to "./imputer_model/29_echocardiogram/imputer_model_survival/model-0002.params"
2024-04-08 22:08:58,146 [INFO]  Epoch[2] Validation-cross-entropy=2.388577
2024-04-08 22:08:58,146 [INFO]  Epoch[2] Validation-survival-accuracy=0.000000
2024-04-08 22:08:58,148 [INFO]  Epoch[3] Batch [0-3]	Speed: 28605.65 samples/sec	cross-entropy=1.425350	survival-accuracy=3.750000
2024-04-08 22:08:58,150 [INFO]  Epoch[3] Train-cross-entropy=0.797164
2024-04-08 22:08:58,150 [INFO]  Epoch[3] Train-survival-accuracy=5.000000
2024-04-08 22:08:58,150 [INFO]  Epoch[3] Time cost=0.004
2024-04-08 22:08:58,151 [INFO]  Saved checkpoint to "./imputer_model/29_echocardiogram/imputer_model_survival/model-0003.params"
2024-04-08 22:08:58,152 [INFO]  Epoch[3] Validation-cross-entropy=0.768550
2024-04-08 22:08:58,152 [INFO]  Epoch[3] Validation-survival-accuracy=0.000000
2024-04-08 22:08:58,154 [INFO]  Epoch[4] Batch [0-3]	Speed: 28609.72 samples/sec	cross-entropy=0.794474	survival-accuracy=3.750000
2024-04-08 22:08:58,155 [INFO]  Epoch[4] Train-cross-entropy=0.429116
2024-04-08 22:08:58,155 [INFO]  Epoch[4] Train-survival-accuracy=5.000000
2024-04-08 22:08:58,155 [INFO]  Epoch[4] Time cost=0.004
2024-04-08 22:08:58,157 [INFO]  Saved checkpoint to "./imputer_model/29_echocardiogram/imputer_model_survival/model-0004.params"
2024-04-08 22:08:58,157 [INFO]  Epoch[4] Validation-cross-entropy=0.357488
2024-04-08 22:08:58,157 [INFO]  Epoch[4] Validation-survival-accuracy=0.000000
2024-04-08 22:08:58,157 [INFO]  
========== done (0.0333712100982666 s) fit model
2024-04-08 22:08:59,348 [INFO]  
========== start: fit model
2024-04-08 22:08:59,348 [WARNING]  Already bound, ignoring bind()
2024-04-08 22:08:59,353 [INFO]  Epoch[0] Batch [0-3]	Speed: 22800.29 samples/sec	cross-entropy=12.644693	survival-accuracy=3.500000
2024-04-08 22:08:59,354 [INFO]  Epoch[0] Train-cross-entropy=10.833539
2024-04-08 22:08:59,354 [INFO]  Epoch[0] Train-survival-accuracy=7.000000
2024-04-08 22:08:59,354 [INFO]  Epoch[0] Time cost=0.005
2024-04-08 22:08:59,355 [INFO]  Saved checkpoint to "./imputer_model/29_echocardiogram/imputer_model_survival/model-0000.params"
2024-04-08 22:08:59,356 [INFO]  Epoch[0] Validation-cross-entropy=9.688049
2024-04-08 22:08:59,356 [INFO]  Epoch[0] Validation-survival-accuracy=0.000000
2024-04-08 22:08:59,359 [INFO]  Epoch[1] Batch [0-3]	Speed: 23207.68 samples/sec	cross-entropy=5.103280	survival-accuracy=3.500000
2024-04-08 22:08:59,360 [INFO]  Epoch[1] Train-cross-entropy=5.880517
2024-04-08 22:08:59,360 [INFO]  Epoch[1] Train-survival-accuracy=7.000000
2024-04-08 22:08:59,360 [INFO]  Epoch[1] Time cost=0.004
2024-04-08 22:08:59,361 [INFO]  Saved checkpoint to "./imputer_model/29_echocardiogram/imputer_model_survival/model-0001.params"
2024-04-08 22:08:59,362 [INFO]  Epoch[1] Validation-cross-entropy=4.578315
2024-04-08 22:08:59,362 [INFO]  Epoch[1] Validation-survival-accuracy=0.000000
2024-04-08 22:08:59,365 [INFO]  Epoch[2] Batch [0-3]	Speed: 24079.25 samples/sec	cross-entropy=2.532965	survival-accuracy=3.500000
2024-04-08 22:08:59,368 [INFO]  Epoch[2] Train-cross-entropy=3.201428
2024-04-08 22:08:59,368 [INFO]  Epoch[2] Train-survival-accuracy=7.000000
2024-04-08 22:08:59,368 [INFO]  Epoch[2] Time cost=0.006
2024-04-08 22:08:59,370 [INFO]  Saved checkpoint to "./imputer_model/29_echocardiogram/imputer_model_survival/model-0002.params"
2024-04-08 22:08:59,370 [INFO]  Epoch[2] Validation-cross-entropy=1.775081
2024-04-08 22:08:59,370 [INFO]  Epoch[2] Validation-survival-accuracy=0.000000
2024-04-08 22:08:59,373 [INFO]  Epoch[3] Batch [0-3]	Speed: 23682.70 samples/sec	cross-entropy=1.453801	survival-accuracy=3.500000
2024-04-08 22:08:59,375 [INFO]  Epoch[3] Train-cross-entropy=1.848114
2024-04-08 22:08:59,375 [INFO]  Epoch[3] Train-survival-accuracy=7.000000
2024-04-08 22:08:59,375 [INFO]  Epoch[3] Time cost=0.004
2024-04-08 22:08:59,376 [INFO]  Saved checkpoint to "./imputer_model/29_echocardiogram/imputer_model_survival/model-0003.params"
2024-04-08 22:08:59,376 [INFO]  Epoch[3] Validation-cross-entropy=1.118626
2024-04-08 22:08:59,376 [INFO]  Epoch[3] Validation-survival-accuracy=0.000000
2024-04-08 22:08:59,379 [INFO]  Epoch[4] Batch [0-3]	Speed: 24806.14 samples/sec	cross-entropy=0.988293	survival-accuracy=3.500000
2024-04-08 22:08:59,380 [INFO]  Epoch[4] Train-cross-entropy=1.010660
2024-04-08 22:08:59,381 [INFO]  Epoch[4] Train-survival-accuracy=7.000000
2024-04-08 22:08:59,381 [INFO]  Epoch[4] Time cost=0.004
2024-04-08 22:08:59,382 [INFO]  Saved checkpoint to "./imputer_model/29_echocardiogram/imputer_model_survival/model-0004.params"
2024-04-08 22:08:59,382 [INFO]  Epoch[4] Validation-cross-entropy=0.983934
2024-04-08 22:08:59,382 [INFO]  Epoch[4] Validation-survival-accuracy=0.000000
2024-04-08 22:08:59,382 [INFO]  
========== done (0.03406572341918945 s) fit model
