2024-04-08 21:09:39,055 [INFO]  
========== start: fit model
2024-04-08 21:09:39,055 [WARNING]  Already bound, ignoring bind()
2024-04-08 21:09:39,064 [INFO]  Epoch[0] Batch [0-4]	Speed: 16584.42 samples/sec	cross-entropy=12.071643	anorexia-accuracy=3.400000
2024-04-08 21:09:39,065 [INFO]  Epoch[0] Train-cross-entropy=9.380395
2024-04-08 21:09:39,066 [INFO]  Epoch[0] Train-anorexia-accuracy=5.000000
2024-04-08 21:09:39,066 [INFO]  Epoch[0] Time cost=0.010
2024-04-08 21:09:39,067 [INFO]  Saved checkpoint to "./imputer_model/25_hepatitis/imputer_model_anorexia/model-0000.params"
2024-04-08 21:09:39,068 [INFO]  Epoch[0] Validation-cross-entropy=16.786530
2024-04-08 21:09:39,068 [INFO]  Epoch[0] Validation-anorexia-accuracy=0.000000
2024-04-08 21:09:39,077 [INFO]  Epoch[1] Batch [0-4]	Speed: 12959.76 samples/sec	cross-entropy=2.926276	anorexia-accuracy=3.400000
2024-04-08 21:09:39,080 [INFO]  Epoch[1] Train-cross-entropy=3.889699
2024-04-08 21:09:39,080 [INFO]  Epoch[1] Train-anorexia-accuracy=5.000000
2024-04-08 21:09:39,080 [INFO]  Epoch[1] Time cost=0.012
2024-04-08 21:09:39,082 [INFO]  Saved checkpoint to "./imputer_model/25_hepatitis/imputer_model_anorexia/model-0001.params"
2024-04-08 21:09:39,083 [INFO]  Epoch[1] Validation-cross-entropy=20.365891
2024-04-08 21:09:39,083 [INFO]  Epoch[1] Validation-anorexia-accuracy=0.000000
2024-04-08 21:09:39,094 [INFO]  Epoch[2] Batch [0-4]	Speed: 10039.47 samples/sec	cross-entropy=2.182120	anorexia-accuracy=3.400000
2024-04-08 21:09:39,096 [INFO]  Epoch[2] Train-cross-entropy=2.204132
2024-04-08 21:09:39,096 [INFO]  Epoch[2] Train-anorexia-accuracy=5.000000
2024-04-08 21:09:39,096 [INFO]  Epoch[2] Time cost=0.013
2024-04-08 21:09:39,097 [INFO]  Saved checkpoint to "./imputer_model/25_hepatitis/imputer_model_anorexia/model-0002.params"
2024-04-08 21:09:39,098 [INFO]  Epoch[2] Validation-cross-entropy=7.980859
2024-04-08 21:09:39,098 [INFO]  Epoch[2] Validation-anorexia-accuracy=0.000000
2024-04-08 21:09:39,102 [INFO]  Epoch[3] Batch [0-4]	Speed: 24765.70 samples/sec	cross-entropy=1.433935	anorexia-accuracy=3.400000
2024-04-08 21:09:39,103 [INFO]  Epoch[3] Train-cross-entropy=1.318437
2024-04-08 21:09:39,104 [INFO]  Epoch[3] Train-anorexia-accuracy=5.000000
2024-04-08 21:09:39,104 [INFO]  Epoch[3] Time cost=0.005
2024-04-08 21:09:39,106 [INFO]  Saved checkpoint to "./imputer_model/25_hepatitis/imputer_model_anorexia/model-0003.params"
2024-04-08 21:09:39,107 [INFO]  Epoch[3] Validation-cross-entropy=2.157942
2024-04-08 21:09:39,107 [INFO]  Epoch[3] Validation-anorexia-accuracy=0.000000
2024-04-08 21:09:39,116 [INFO]  Epoch[4] Batch [0-4]	Speed: 9625.83 samples/sec	cross-entropy=0.852264	anorexia-accuracy=3.400000
2024-04-08 21:09:39,117 [INFO]  Epoch[4] Train-cross-entropy=0.953233
2024-04-08 21:09:39,118 [INFO]  Epoch[4] Train-anorexia-accuracy=5.000000
2024-04-08 21:09:39,118 [INFO]  Epoch[4] Time cost=0.011
2024-04-08 21:09:39,119 [INFO]  Saved checkpoint to "./imputer_model/25_hepatitis/imputer_model_anorexia/model-0004.params"
2024-04-08 21:09:39,123 [INFO]  Epoch[4] Validation-cross-entropy=1.314166
2024-04-08 21:09:39,123 [INFO]  Epoch[4] Validation-anorexia-accuracy=0.000000
2024-04-08 21:09:39,124 [INFO]  
========== done (0.06897473335266113 s) fit model
2024-04-08 21:09:42,317 [INFO]  
========== start: fit model
2024-04-08 21:09:42,318 [WARNING]  Already bound, ignoring bind()
2024-04-08 21:09:42,333 [INFO]  Epoch[0] Batch [0-4]	Speed: 21173.33 samples/sec	cross-entropy=11.039416	anorexia-accuracy=0.000000
2024-04-08 21:09:42,342 [INFO]  Epoch[0] Train-cross-entropy=9.694715
2024-04-08 21:09:42,342 [INFO]  Epoch[0] Train-anorexia-accuracy=0.000000
2024-04-08 21:09:42,342 [INFO]  Epoch[0] Time cost=0.024
2024-04-08 21:09:42,344 [INFO]  Saved checkpoint to "./imputer_model/25_hepatitis/imputer_model_anorexia/model-0000.params"
2024-04-08 21:09:42,346 [INFO]  Epoch[0] Validation-cross-entropy=3.751593
2024-04-08 21:09:42,346 [INFO]  Epoch[0] Validation-anorexia-accuracy=0.000000
2024-04-08 21:09:42,349 [INFO]  Epoch[1] Batch [0-4]	Speed: 27702.32 samples/sec	cross-entropy=4.065829	anorexia-accuracy=0.000000
2024-04-08 21:09:42,350 [INFO]  Epoch[1] Train-cross-entropy=3.065836
2024-04-08 21:09:42,350 [INFO]  Epoch[1] Train-anorexia-accuracy=0.000000
2024-04-08 21:09:42,350 [INFO]  Epoch[1] Time cost=0.004
2024-04-08 21:09:42,351 [INFO]  Saved checkpoint to "./imputer_model/25_hepatitis/imputer_model_anorexia/model-0001.params"
2024-04-08 21:09:42,352 [INFO]  Epoch[1] Validation-cross-entropy=4.014760
2024-04-08 21:09:42,352 [INFO]  Epoch[1] Validation-anorexia-accuracy=0.000000
2024-04-08 21:09:42,355 [INFO]  Epoch[2] Batch [0-4]	Speed: 27310.56 samples/sec	cross-entropy=1.747521	anorexia-accuracy=0.000000
2024-04-08 21:09:42,356 [INFO]  Epoch[2] Train-cross-entropy=1.656646
2024-04-08 21:09:42,356 [INFO]  Epoch[2] Train-anorexia-accuracy=0.000000
2024-04-08 21:09:42,356 [INFO]  Epoch[2] Time cost=0.004
2024-04-08 21:09:42,358 [INFO]  Saved checkpoint to "./imputer_model/25_hepatitis/imputer_model_anorexia/model-0002.params"
2024-04-08 21:09:42,358 [INFO]  Epoch[2] Validation-cross-entropy=4.746436
2024-04-08 21:09:42,358 [INFO]  Epoch[2] Validation-anorexia-accuracy=0.000000
2024-04-08 21:09:42,361 [INFO]  Epoch[3] Batch [0-4]	Speed: 28587.38 samples/sec	cross-entropy=1.056776	anorexia-accuracy=0.000000
2024-04-08 21:09:42,362 [INFO]  Epoch[3] Train-cross-entropy=1.298134
2024-04-08 21:09:42,362 [INFO]  Epoch[3] Train-anorexia-accuracy=0.000000
2024-04-08 21:09:42,362 [INFO]  Epoch[3] Time cost=0.004
2024-04-08 21:09:42,363 [INFO]  Saved checkpoint to "./imputer_model/25_hepatitis/imputer_model_anorexia/model-0003.params"
2024-04-08 21:09:42,364 [INFO]  Epoch[3] Validation-cross-entropy=2.161813
2024-04-08 21:09:42,364 [INFO]  Epoch[3] Validation-anorexia-accuracy=0.000000
2024-04-08 21:09:42,375 [INFO]  Epoch[4] Batch [0-4]	Speed: 22810.63 samples/sec	cross-entropy=0.712266	anorexia-accuracy=0.000000
2024-04-08 21:09:42,376 [INFO]  Epoch[4] Train-cross-entropy=0.746910
2024-04-08 21:09:42,376 [INFO]  Epoch[4] Train-anorexia-accuracy=0.000000
2024-04-08 21:09:42,376 [INFO]  Epoch[4] Time cost=0.012
2024-04-08 21:09:42,377 [INFO]  Saved checkpoint to "./imputer_model/25_hepatitis/imputer_model_anorexia/model-0004.params"
2024-04-08 21:09:42,378 [INFO]  Epoch[4] Validation-cross-entropy=0.853959
2024-04-08 21:09:42,378 [INFO]  Epoch[4] Validation-anorexia-accuracy=0.000000
2024-04-08 21:09:42,378 [INFO]  
========== done (0.06051445007324219 s) fit model
2024-04-08 21:09:45,571 [INFO]  
========== start: fit model
2024-04-08 21:09:45,571 [WARNING]  Already bound, ignoring bind()
2024-04-08 21:09:45,582 [INFO]  Epoch[0] Batch [0-4]	Speed: 8483.79 samples/sec	cross-entropy=18.268169	anorexia-accuracy=2.400000
2024-04-08 21:09:45,587 [INFO]  Epoch[0] Train-cross-entropy=7.159506
2024-04-08 21:09:45,588 [INFO]  Epoch[0] Train-anorexia-accuracy=4.000000
2024-04-08 21:09:45,588 [INFO]  Epoch[0] Time cost=0.015
2024-04-08 21:09:45,589 [INFO]  Saved checkpoint to "./imputer_model/25_hepatitis/imputer_model_anorexia/model-0000.params"
2024-04-08 21:09:45,590 [INFO]  Epoch[0] Validation-cross-entropy=16.448076
2024-04-08 21:09:45,590 [INFO]  Epoch[0] Validation-anorexia-accuracy=0.000000
2024-04-08 21:09:45,593 [INFO]  Epoch[1] Batch [0-4]	Speed: 26986.57 samples/sec	cross-entropy=6.016446	anorexia-accuracy=2.400000
2024-04-08 21:09:45,594 [INFO]  Epoch[1] Train-cross-entropy=3.950887
2024-04-08 21:09:45,594 [INFO]  Epoch[1] Train-anorexia-accuracy=4.000000
2024-04-08 21:09:45,594 [INFO]  Epoch[1] Time cost=0.005
2024-04-08 21:09:45,596 [INFO]  Saved checkpoint to "./imputer_model/25_hepatitis/imputer_model_anorexia/model-0001.params"
2024-04-08 21:09:45,596 [INFO]  Epoch[1] Validation-cross-entropy=6.859537
2024-04-08 21:09:45,596 [INFO]  Epoch[1] Validation-anorexia-accuracy=0.000000
2024-04-08 21:09:45,608 [INFO]  Epoch[2] Batch [0-4]	Speed: 5661.16 samples/sec	cross-entropy=2.859083	anorexia-accuracy=2.400000
2024-04-08 21:09:45,610 [INFO]  Epoch[2] Train-cross-entropy=2.327762
2024-04-08 21:09:45,610 [INFO]  Epoch[2] Train-anorexia-accuracy=4.000000
2024-04-08 21:09:45,610 [INFO]  Epoch[2] Time cost=0.013
2024-04-08 21:09:45,611 [INFO]  Saved checkpoint to "./imputer_model/25_hepatitis/imputer_model_anorexia/model-0002.params"
2024-04-08 21:09:45,612 [INFO]  Epoch[2] Validation-cross-entropy=2.880419
2024-04-08 21:09:45,612 [INFO]  Epoch[2] Validation-anorexia-accuracy=0.000000
2024-04-08 21:09:45,615 [INFO]  Epoch[3] Batch [0-4]	Speed: 28578.25 samples/sec	cross-entropy=1.682808	anorexia-accuracy=2.400000
2024-04-08 21:09:45,616 [INFO]  Epoch[3] Train-cross-entropy=1.206311
2024-04-08 21:09:45,616 [INFO]  Epoch[3] Train-anorexia-accuracy=4.000000
2024-04-08 21:09:45,616 [INFO]  Epoch[3] Time cost=0.004
2024-04-08 21:09:45,617 [INFO]  Saved checkpoint to "./imputer_model/25_hepatitis/imputer_model_anorexia/model-0003.params"
2024-04-08 21:09:45,617 [INFO]  Epoch[3] Validation-cross-entropy=1.269629
2024-04-08 21:09:45,618 [INFO]  Epoch[3] Validation-anorexia-accuracy=0.000000
2024-04-08 21:09:45,633 [INFO]  Epoch[4] Batch [0-4]	Speed: 6990.32 samples/sec	cross-entropy=0.870957	anorexia-accuracy=2.400000
2024-04-08 21:09:45,634 [INFO]  Epoch[4] Train-cross-entropy=0.572465
2024-04-08 21:09:45,634 [INFO]  Epoch[4] Train-anorexia-accuracy=4.000000
2024-04-08 21:09:45,634 [INFO]  Epoch[4] Time cost=0.016
2024-04-08 21:09:45,635 [INFO]  Saved checkpoint to "./imputer_model/25_hepatitis/imputer_model_anorexia/model-0004.params"
2024-04-08 21:09:45,636 [INFO]  Epoch[4] Validation-cross-entropy=0.645303
2024-04-08 21:09:45,636 [INFO]  Epoch[4] Validation-anorexia-accuracy=0.000000
2024-04-08 21:09:45,636 [INFO]  
========== done (0.06475615501403809 s) fit model
2024-04-08 21:09:49,043 [INFO]  
========== start: fit model
2024-04-08 21:09:49,043 [WARNING]  Already bound, ignoring bind()
2024-04-08 21:09:49,054 [INFO]  Epoch[0] Batch [0-4]	Speed: 22992.33 samples/sec	cross-entropy=21.442566	anorexia-accuracy=0.000000
2024-04-08 21:09:49,055 [INFO]  Epoch[0] Train-cross-entropy=5.558954
2024-04-08 21:09:49,056 [INFO]  Epoch[0] Train-anorexia-accuracy=0.000000
2024-04-08 21:09:49,056 [INFO]  Epoch[0] Time cost=0.012
2024-04-08 21:09:49,057 [INFO]  Saved checkpoint to "./imputer_model/25_hepatitis/imputer_model_anorexia/model-0000.params"
2024-04-08 21:09:49,061 [INFO]  Epoch[0] Validation-cross-entropy=8.435942
2024-04-08 21:09:49,061 [INFO]  Epoch[0] Validation-anorexia-accuracy=0.000000
2024-04-08 21:09:49,071 [INFO]  Epoch[1] Batch [0-4]	Speed: 21948.93 samples/sec	cross-entropy=6.890611	anorexia-accuracy=0.000000
2024-04-08 21:09:49,072 [INFO]  Epoch[1] Train-cross-entropy=3.587303
2024-04-08 21:09:49,073 [INFO]  Epoch[1] Train-anorexia-accuracy=0.000000
2024-04-08 21:09:49,073 [INFO]  Epoch[1] Time cost=0.011
2024-04-08 21:09:49,074 [INFO]  Saved checkpoint to "./imputer_model/25_hepatitis/imputer_model_anorexia/model-0001.params"
2024-04-08 21:09:49,075 [INFO]  Epoch[1] Validation-cross-entropy=4.241866
2024-04-08 21:09:49,075 [INFO]  Epoch[1] Validation-anorexia-accuracy=0.000000
2024-04-08 21:09:49,080 [INFO]  Epoch[2] Batch [0-4]	Speed: 14627.04 samples/sec	cross-entropy=2.639548	anorexia-accuracy=0.000000
2024-04-08 21:09:49,082 [INFO]  Epoch[2] Train-cross-entropy=2.109881
2024-04-08 21:09:49,083 [INFO]  Epoch[2] Train-anorexia-accuracy=0.000000
2024-04-08 21:09:49,083 [INFO]  Epoch[2] Time cost=0.008
2024-04-08 21:09:49,084 [INFO]  Saved checkpoint to "./imputer_model/25_hepatitis/imputer_model_anorexia/model-0002.params"
2024-04-08 21:09:49,085 [INFO]  Epoch[2] Validation-cross-entropy=1.542724
2024-04-08 21:09:49,085 [INFO]  Epoch[2] Validation-anorexia-accuracy=0.000000
2024-04-08 21:09:49,091 [INFO]  Epoch[3] Batch [0-4]	Speed: 14664.60 samples/sec	cross-entropy=1.499470	anorexia-accuracy=0.000000
2024-04-08 21:09:49,093 [INFO]  Epoch[3] Train-cross-entropy=1.387912
2024-04-08 21:09:49,093 [INFO]  Epoch[3] Train-anorexia-accuracy=0.000000
2024-04-08 21:09:49,093 [INFO]  Epoch[3] Time cost=0.008
2024-04-08 21:09:49,095 [INFO]  Saved checkpoint to "./imputer_model/25_hepatitis/imputer_model_anorexia/model-0003.params"
2024-04-08 21:09:49,095 [INFO]  Epoch[3] Validation-cross-entropy=1.051077
2024-04-08 21:09:49,095 [INFO]  Epoch[3] Validation-anorexia-accuracy=0.000000
2024-04-08 21:09:49,101 [INFO]  Epoch[4] Batch [0-4]	Speed: 14627.04 samples/sec	cross-entropy=1.008714	anorexia-accuracy=0.000000
2024-04-08 21:09:49,103 [INFO]  Epoch[4] Train-cross-entropy=0.939335
2024-04-08 21:09:49,103 [INFO]  Epoch[4] Train-anorexia-accuracy=0.000000
2024-04-08 21:09:49,103 [INFO]  Epoch[4] Time cost=0.008
2024-04-08 21:09:49,105 [INFO]  Saved checkpoint to "./imputer_model/25_hepatitis/imputer_model_anorexia/model-0004.params"
2024-04-08 21:09:49,106 [INFO]  Epoch[4] Validation-cross-entropy=0.660774
2024-04-08 21:09:49,106 [INFO]  Epoch[4] Validation-anorexia-accuracy=0.000000
2024-04-08 21:09:49,106 [INFO]  
========== done (0.06296205520629883 s) fit model
2024-04-08 21:09:52,536 [INFO]  
========== start: fit model
2024-04-08 21:09:52,536 [WARNING]  Already bound, ignoring bind()
2024-04-08 21:09:52,568 [INFO]  Epoch[0] Batch [0-4]	Speed: 3182.10 samples/sec	cross-entropy=12.930930	anorexia-accuracy=3.400000
2024-04-08 21:09:52,569 [INFO]  Epoch[0] Train-cross-entropy=6.089303
2024-04-08 21:09:52,570 [INFO]  Epoch[0] Train-anorexia-accuracy=3.500000
2024-04-08 21:09:52,570 [INFO]  Epoch[0] Time cost=0.032
2024-04-08 21:09:52,571 [INFO]  Saved checkpoint to "./imputer_model/25_hepatitis/imputer_model_anorexia/model-0000.params"
2024-04-08 21:09:52,571 [INFO]  Epoch[0] Validation-cross-entropy=18.134499
2024-04-08 21:09:52,572 [INFO]  Epoch[0] Validation-anorexia-accuracy=0.000000
2024-04-08 21:09:52,575 [INFO]  Epoch[1] Batch [0-4]	Speed: 21068.63 samples/sec	cross-entropy=4.450501	anorexia-accuracy=3.400000
2024-04-08 21:09:52,577 [INFO]  Epoch[1] Train-cross-entropy=2.799789
2024-04-08 21:09:52,577 [INFO]  Epoch[1] Train-anorexia-accuracy=3.500000
2024-04-08 21:09:52,577 [INFO]  Epoch[1] Time cost=0.006
2024-04-08 21:09:52,578 [INFO]  Saved checkpoint to "./imputer_model/25_hepatitis/imputer_model_anorexia/model-0001.params"
2024-04-08 21:09:52,579 [INFO]  Epoch[1] Validation-cross-entropy=6.214062
2024-04-08 21:09:52,579 [INFO]  Epoch[1] Validation-anorexia-accuracy=0.000000
2024-04-08 21:09:52,583 [INFO]  Epoch[2] Batch [0-4]	Speed: 20739.82 samples/sec	cross-entropy=2.199461	anorexia-accuracy=3.400000
2024-04-08 21:09:52,585 [INFO]  Epoch[2] Train-cross-entropy=1.053962
2024-04-08 21:09:52,585 [INFO]  Epoch[2] Train-anorexia-accuracy=3.500000
2024-04-08 21:09:52,585 [INFO]  Epoch[2] Time cost=0.006
2024-04-08 21:09:52,586 [INFO]  Saved checkpoint to "./imputer_model/25_hepatitis/imputer_model_anorexia/model-0002.params"
2024-04-08 21:09:52,587 [INFO]  Epoch[2] Validation-cross-entropy=3.924289
2024-04-08 21:09:52,587 [INFO]  Epoch[2] Validation-anorexia-accuracy=0.000000
2024-04-08 21:09:52,595 [INFO]  Epoch[3] Batch [0-4]	Speed: 9103.83 samples/sec	cross-entropy=1.240599	anorexia-accuracy=3.400000
2024-04-08 21:09:52,605 [INFO]  Epoch[3] Train-cross-entropy=0.807816
2024-04-08 21:09:52,605 [INFO]  Epoch[3] Train-anorexia-accuracy=3.500000
2024-04-08 21:09:52,605 [INFO]  Epoch[3] Time cost=0.018
2024-04-08 21:09:52,606 [INFO]  Saved checkpoint to "./imputer_model/25_hepatitis/imputer_model_anorexia/model-0003.params"
2024-04-08 21:09:52,607 [INFO]  Epoch[3] Validation-cross-entropy=4.175114
2024-04-08 21:09:52,607 [INFO]  Epoch[3] Validation-anorexia-accuracy=0.000000
2024-04-08 21:09:52,611 [INFO]  Epoch[4] Batch [0-4]	Speed: 22472.62 samples/sec	cross-entropy=0.644308	anorexia-accuracy=3.400000
2024-04-08 21:09:52,612 [INFO]  Epoch[4] Train-cross-entropy=0.523843
2024-04-08 21:09:52,612 [INFO]  Epoch[4] Train-anorexia-accuracy=3.500000
2024-04-08 21:09:52,612 [INFO]  Epoch[4] Time cost=0.005
2024-04-08 21:09:52,614 [INFO]  Saved checkpoint to "./imputer_model/25_hepatitis/imputer_model_anorexia/model-0004.params"
2024-04-08 21:09:52,614 [INFO]  Epoch[4] Validation-cross-entropy=4.298783
2024-04-08 21:09:52,614 [INFO]  Epoch[4] Validation-anorexia-accuracy=0.000000
2024-04-08 21:09:52,614 [INFO]  
========== done (0.0783536434173584 s) fit model
2024-04-08 21:09:55,960 [INFO]  
========== start: fit model
2024-04-08 21:09:55,960 [WARNING]  Already bound, ignoring bind()
2024-04-08 21:09:55,984 [INFO]  Epoch[0] Batch [0-4]	Speed: 4211.81 samples/sec	cross-entropy=11.117671	anorexia-accuracy=0.000000
2024-04-08 21:09:55,994 [INFO]  Epoch[0] Train-cross-entropy=4.706900
2024-04-08 21:09:55,994 [INFO]  Epoch[0] Train-anorexia-accuracy=0.000000
2024-04-08 21:09:55,994 [INFO]  Epoch[0] Time cost=0.033
2024-04-08 21:09:55,996 [INFO]  Saved checkpoint to "./imputer_model/25_hepatitis/imputer_model_anorexia/model-0000.params"
2024-04-08 21:09:56,005 [INFO]  Epoch[0] Validation-cross-entropy=5.786222
2024-04-08 21:09:56,005 [INFO]  Epoch[0] Validation-anorexia-accuracy=0.000000
2024-04-08 21:09:56,010 [INFO]  Epoch[1] Batch [0-4]	Speed: 15503.95 samples/sec	cross-entropy=4.252929	anorexia-accuracy=0.000000
2024-04-08 21:09:56,012 [INFO]  Epoch[1] Train-cross-entropy=1.276101
2024-04-08 21:09:56,012 [INFO]  Epoch[1] Train-anorexia-accuracy=0.000000
2024-04-08 21:09:56,012 [INFO]  Epoch[1] Time cost=0.008
2024-04-08 21:09:56,014 [INFO]  Saved checkpoint to "./imputer_model/25_hepatitis/imputer_model_anorexia/model-0001.params"
2024-04-08 21:09:56,015 [INFO]  Epoch[1] Validation-cross-entropy=6.157756
2024-04-08 21:09:56,015 [INFO]  Epoch[1] Validation-anorexia-accuracy=0.000000
2024-04-08 21:09:56,035 [INFO]  Epoch[2] Batch [0-4]	Speed: 15739.40 samples/sec	cross-entropy=1.679341	anorexia-accuracy=0.000000
2024-04-08 21:09:56,038 [INFO]  Epoch[2] Train-cross-entropy=0.709822
2024-04-08 21:09:56,038 [INFO]  Epoch[2] Train-anorexia-accuracy=0.000000
2024-04-08 21:09:56,038 [INFO]  Epoch[2] Time cost=0.023
2024-04-08 21:09:56,040 [INFO]  Saved checkpoint to "./imputer_model/25_hepatitis/imputer_model_anorexia/model-0002.params"
2024-04-08 21:09:56,041 [INFO]  Epoch[2] Validation-cross-entropy=2.785666
2024-04-08 21:09:56,041 [INFO]  Epoch[2] Validation-anorexia-accuracy=0.000000
2024-04-08 21:09:56,047 [INFO]  Epoch[3] Batch [0-4]	Speed: 14822.50 samples/sec	cross-entropy=1.043992	anorexia-accuracy=0.000000
2024-04-08 21:09:56,049 [INFO]  Epoch[3] Train-cross-entropy=0.666477
2024-04-08 21:09:56,049 [INFO]  Epoch[3] Train-anorexia-accuracy=0.000000
2024-04-08 21:09:56,049 [INFO]  Epoch[3] Time cost=0.008
2024-04-08 21:09:56,051 [INFO]  Saved checkpoint to "./imputer_model/25_hepatitis/imputer_model_anorexia/model-0003.params"
2024-04-08 21:09:56,052 [INFO]  Epoch[3] Validation-cross-entropy=1.190022
2024-04-08 21:09:56,052 [INFO]  Epoch[3] Validation-anorexia-accuracy=0.000000
2024-04-08 21:09:56,058 [INFO]  Epoch[4] Batch [0-4]	Speed: 15476.24 samples/sec	cross-entropy=0.623606	anorexia-accuracy=0.000000
2024-04-08 21:09:56,060 [INFO]  Epoch[4] Train-cross-entropy=0.384014
2024-04-08 21:09:56,060 [INFO]  Epoch[4] Train-anorexia-accuracy=0.000000
2024-04-08 21:09:56,060 [INFO]  Epoch[4] Time cost=0.008
2024-04-08 21:09:56,061 [INFO]  Saved checkpoint to "./imputer_model/25_hepatitis/imputer_model_anorexia/model-0004.params"
2024-04-08 21:09:56,062 [INFO]  Epoch[4] Validation-cross-entropy=1.845381
2024-04-08 21:09:56,062 [INFO]  Epoch[4] Validation-anorexia-accuracy=0.000000
2024-04-08 21:09:56,062 [INFO]  
========== done (0.10187125205993652 s) fit model
2024-04-08 21:09:59,475 [INFO]  
========== start: fit model
2024-04-08 21:09:59,475 [WARNING]  Already bound, ignoring bind()
2024-04-08 21:09:59,496 [INFO]  Epoch[0] Batch [0-4]	Speed: 3638.17 samples/sec	cross-entropy=16.403858	anorexia-accuracy=4.200000
2024-04-08 21:09:59,498 [INFO]  Epoch[0] Train-cross-entropy=23.543140
2024-04-08 21:09:59,498 [INFO]  Epoch[0] Train-anorexia-accuracy=1.500000
2024-04-08 21:09:59,498 [INFO]  Epoch[0] Time cost=0.022
2024-04-08 21:09:59,499 [INFO]  Saved checkpoint to "./imputer_model/25_hepatitis/imputer_model_anorexia/model-0000.params"
2024-04-08 21:09:59,500 [INFO]  Epoch[0] Validation-cross-entropy=19.501715
2024-04-08 21:09:59,500 [INFO]  Epoch[0] Validation-anorexia-accuracy=0.000000
2024-04-08 21:09:59,503 [INFO]  Epoch[1] Batch [0-4]	Speed: 28256.36 samples/sec	cross-entropy=7.266837	anorexia-accuracy=4.200000
2024-04-08 21:09:59,504 [INFO]  Epoch[1] Train-cross-entropy=10.006752
2024-04-08 21:09:59,504 [INFO]  Epoch[1] Train-anorexia-accuracy=1.500000
2024-04-08 21:09:59,504 [INFO]  Epoch[1] Time cost=0.004
2024-04-08 21:09:59,505 [INFO]  Saved checkpoint to "./imputer_model/25_hepatitis/imputer_model_anorexia/model-0001.params"
2024-04-08 21:09:59,506 [INFO]  Epoch[1] Validation-cross-entropy=10.222800
2024-04-08 21:09:59,506 [INFO]  Epoch[1] Validation-anorexia-accuracy=0.000000
2024-04-08 21:09:59,509 [INFO]  Epoch[2] Batch [0-4]	Speed: 26441.63 samples/sec	cross-entropy=3.209262	anorexia-accuracy=4.200000
2024-04-08 21:09:59,510 [INFO]  Epoch[2] Train-cross-entropy=2.580961
2024-04-08 21:09:59,510 [INFO]  Epoch[2] Train-anorexia-accuracy=1.500000
2024-04-08 21:09:59,510 [INFO]  Epoch[2] Time cost=0.004
2024-04-08 21:09:59,511 [INFO]  Saved checkpoint to "./imputer_model/25_hepatitis/imputer_model_anorexia/model-0002.params"
2024-04-08 21:09:59,512 [INFO]  Epoch[2] Validation-cross-entropy=4.747598
2024-04-08 21:09:59,512 [INFO]  Epoch[2] Validation-anorexia-accuracy=0.000000
2024-04-08 21:09:59,526 [INFO]  Epoch[3] Batch [0-4]	Speed: 4713.11 samples/sec	cross-entropy=1.695436	anorexia-accuracy=4.200000
2024-04-08 21:09:59,527 [INFO]  Epoch[3] Train-cross-entropy=0.891274
2024-04-08 21:09:59,527 [INFO]  Epoch[3] Train-anorexia-accuracy=1.500000
2024-04-08 21:09:59,527 [INFO]  Epoch[3] Time cost=0.016
2024-04-08 21:09:59,529 [INFO]  Saved checkpoint to "./imputer_model/25_hepatitis/imputer_model_anorexia/model-0003.params"
2024-04-08 21:09:59,529 [INFO]  Epoch[3] Validation-cross-entropy=2.522087
2024-04-08 21:09:59,529 [INFO]  Epoch[3] Validation-anorexia-accuracy=0.000000
2024-04-08 21:09:59,532 [INFO]  Epoch[4] Batch [0-4]	Speed: 28202.93 samples/sec	cross-entropy=1.104751	anorexia-accuracy=4.200000
2024-04-08 21:09:59,533 [INFO]  Epoch[4] Train-cross-entropy=0.826588
2024-04-08 21:09:59,533 [INFO]  Epoch[4] Train-anorexia-accuracy=1.500000
2024-04-08 21:09:59,533 [INFO]  Epoch[4] Time cost=0.004
2024-04-08 21:09:59,534 [INFO]  Saved checkpoint to "./imputer_model/25_hepatitis/imputer_model_anorexia/model-0004.params"
2024-04-08 21:09:59,535 [INFO]  Epoch[4] Validation-cross-entropy=1.729829
2024-04-08 21:09:59,535 [INFO]  Epoch[4] Validation-anorexia-accuracy=0.000000
2024-04-08 21:09:59,535 [INFO]  
========== done (0.06046485900878906 s) fit model
2024-04-08 21:10:03,141 [INFO]  
========== start: fit model
2024-04-08 21:10:03,141 [WARNING]  Already bound, ignoring bind()
2024-04-08 21:10:03,146 [INFO]  Epoch[0] Batch [0-4]	Speed: 21486.87 samples/sec	cross-entropy=18.995341	anorexia-accuracy=3.800000
2024-04-08 21:10:03,148 [INFO]  Epoch[0] Train-cross-entropy=13.214385
2024-04-08 21:10:03,148 [INFO]  Epoch[0] Train-anorexia-accuracy=1.500000
2024-04-08 21:10:03,148 [INFO]  Epoch[0] Time cost=0.006
2024-04-08 21:10:03,149 [INFO]  Saved checkpoint to "./imputer_model/25_hepatitis/imputer_model_anorexia/model-0000.params"
2024-04-08 21:10:03,150 [INFO]  Epoch[0] Validation-cross-entropy=13.627829
2024-04-08 21:10:03,150 [INFO]  Epoch[0] Validation-anorexia-accuracy=0.000000
2024-04-08 21:10:03,154 [INFO]  Epoch[1] Batch [0-4]	Speed: 21838.22 samples/sec	cross-entropy=8.020178	anorexia-accuracy=3.800000
2024-04-08 21:10:03,155 [INFO]  Epoch[1] Train-cross-entropy=4.827281
2024-04-08 21:10:03,155 [INFO]  Epoch[1] Train-anorexia-accuracy=1.500000
2024-04-08 21:10:03,155 [INFO]  Epoch[1] Time cost=0.006
2024-04-08 21:10:03,157 [INFO]  Saved checkpoint to "./imputer_model/25_hepatitis/imputer_model_anorexia/model-0001.params"
2024-04-08 21:10:03,157 [INFO]  Epoch[1] Validation-cross-entropy=6.780399
2024-04-08 21:10:03,157 [INFO]  Epoch[1] Validation-anorexia-accuracy=0.000000
2024-04-08 21:10:03,161 [INFO]  Epoch[2] Batch [0-4]	Speed: 20634.60 samples/sec	cross-entropy=4.286076	anorexia-accuracy=3.800000
2024-04-08 21:10:03,163 [INFO]  Epoch[2] Train-cross-entropy=2.251605
2024-04-08 21:10:03,163 [INFO]  Epoch[2] Train-anorexia-accuracy=1.500000
2024-04-08 21:10:03,163 [INFO]  Epoch[2] Time cost=0.006
2024-04-08 21:10:03,164 [INFO]  Saved checkpoint to "./imputer_model/25_hepatitis/imputer_model_anorexia/model-0002.params"
2024-04-08 21:10:03,165 [INFO]  Epoch[2] Validation-cross-entropy=3.708253
2024-04-08 21:10:03,165 [INFO]  Epoch[2] Validation-anorexia-accuracy=0.000000
2024-04-08 21:10:03,172 [INFO]  Epoch[3] Batch [0-4]	Speed: 10412.14 samples/sec	cross-entropy=2.398304	anorexia-accuracy=3.800000
2024-04-08 21:10:03,190 [INFO]  Epoch[3] Train-cross-entropy=1.497444
2024-04-08 21:10:03,190 [INFO]  Epoch[3] Train-anorexia-accuracy=1.500000
2024-04-08 21:10:03,190 [INFO]  Epoch[3] Time cost=0.025
2024-04-08 21:10:03,192 [INFO]  Saved checkpoint to "./imputer_model/25_hepatitis/imputer_model_anorexia/model-0003.params"
2024-04-08 21:10:03,192 [INFO]  Epoch[3] Validation-cross-entropy=2.330160
2024-04-08 21:10:03,192 [INFO]  Epoch[3] Validation-anorexia-accuracy=0.000000
2024-04-08 21:10:03,246 [INFO]  Epoch[4] Batch [0-4]	Speed: 1208.48 samples/sec	cross-entropy=1.198094	anorexia-accuracy=3.800000
2024-04-08 21:10:03,248 [INFO]  Epoch[4] Train-cross-entropy=0.786905
2024-04-08 21:10:03,248 [INFO]  Epoch[4] Train-anorexia-accuracy=1.500000
2024-04-08 21:10:03,248 [INFO]  Epoch[4] Time cost=0.056
2024-04-08 21:10:03,250 [INFO]  Saved checkpoint to "./imputer_model/25_hepatitis/imputer_model_anorexia/model-0004.params"
2024-04-08 21:10:03,250 [INFO]  Epoch[4] Validation-cross-entropy=1.397741
2024-04-08 21:10:03,250 [INFO]  Epoch[4] Validation-anorexia-accuracy=0.000000
2024-04-08 21:10:03,250 [INFO]  
========== done (0.1094818115234375 s) fit model
2024-04-08 21:10:06,475 [INFO]  
========== start: fit model
2024-04-08 21:10:06,475 [WARNING]  Already bound, ignoring bind()
2024-04-08 21:10:06,490 [INFO]  Epoch[0] Batch [0-4]	Speed: 5010.55 samples/sec	cross-entropy=22.312089	anorexia-accuracy=0.000000
2024-04-08 21:10:06,493 [INFO]  Epoch[0] Train-cross-entropy=26.622477
2024-04-08 21:10:06,493 [INFO]  Epoch[0] Train-anorexia-accuracy=0.000000
2024-04-08 21:10:06,493 [INFO]  Epoch[0] Time cost=0.017
2024-04-08 21:10:06,495 [INFO]  Saved checkpoint to "./imputer_model/25_hepatitis/imputer_model_anorexia/model-0000.params"
2024-04-08 21:10:06,496 [INFO]  Epoch[0] Validation-cross-entropy=14.127067
2024-04-08 21:10:06,496 [INFO]  Epoch[0] Validation-anorexia-accuracy=0.000000
2024-04-08 21:10:06,501 [INFO]  Epoch[1] Batch [0-4]	Speed: 15303.32 samples/sec	cross-entropy=9.503890	anorexia-accuracy=0.000000
2024-04-08 21:10:06,504 [INFO]  Epoch[1] Train-cross-entropy=10.298092
2024-04-08 21:10:06,504 [INFO]  Epoch[1] Train-anorexia-accuracy=0.000000
2024-04-08 21:10:06,504 [INFO]  Epoch[1] Time cost=0.008
2024-04-08 21:10:06,506 [INFO]  Saved checkpoint to "./imputer_model/25_hepatitis/imputer_model_anorexia/model-0001.params"
2024-04-08 21:10:06,506 [INFO]  Epoch[1] Validation-cross-entropy=5.457937
2024-04-08 21:10:06,507 [INFO]  Epoch[1] Validation-anorexia-accuracy=0.000000
2024-04-08 21:10:06,512 [INFO]  Epoch[2] Batch [0-4]	Speed: 14869.30 samples/sec	cross-entropy=5.325315	anorexia-accuracy=0.000000
2024-04-08 21:10:06,514 [INFO]  Epoch[2] Train-cross-entropy=3.118586
2024-04-08 21:10:06,515 [INFO]  Epoch[2] Train-anorexia-accuracy=0.000000
2024-04-08 21:10:06,515 [INFO]  Epoch[2] Time cost=0.008
2024-04-08 21:10:06,517 [INFO]  Saved checkpoint to "./imputer_model/25_hepatitis/imputer_model_anorexia/model-0002.params"
2024-04-08 21:10:06,518 [INFO]  Epoch[2] Validation-cross-entropy=2.572837
2024-04-08 21:10:06,518 [INFO]  Epoch[2] Validation-anorexia-accuracy=0.000000
2024-04-08 21:10:06,530 [INFO]  Epoch[3] Batch [0-4]	Speed: 5870.14 samples/sec	cross-entropy=3.278007	anorexia-accuracy=0.000000
2024-04-08 21:10:06,533 [INFO]  Epoch[3] Train-cross-entropy=1.523244
2024-04-08 21:10:06,533 [INFO]  Epoch[3] Train-anorexia-accuracy=0.000000
2024-04-08 21:10:06,533 [INFO]  Epoch[3] Time cost=0.015
2024-04-08 21:10:06,535 [INFO]  Saved checkpoint to "./imputer_model/25_hepatitis/imputer_model_anorexia/model-0003.params"
2024-04-08 21:10:06,536 [INFO]  Epoch[3] Validation-cross-entropy=1.270397
2024-04-08 21:10:06,536 [INFO]  Epoch[3] Validation-anorexia-accuracy=0.000000
2024-04-08 21:10:06,543 [INFO]  Epoch[4] Batch [0-4]	Speed: 11832.13 samples/sec	cross-entropy=1.924960	anorexia-accuracy=0.000000
2024-04-08 21:10:06,545 [INFO]  Epoch[4] Train-cross-entropy=1.468892
2024-04-08 21:10:06,545 [INFO]  Epoch[4] Train-anorexia-accuracy=0.000000
2024-04-08 21:10:06,546 [INFO]  Epoch[4] Time cost=0.009
2024-04-08 21:10:06,548 [INFO]  Saved checkpoint to "./imputer_model/25_hepatitis/imputer_model_anorexia/model-0004.params"
2024-04-08 21:10:06,549 [INFO]  Epoch[4] Validation-cross-entropy=0.618388
2024-04-08 21:10:06,549 [INFO]  Epoch[4] Validation-anorexia-accuracy=0.000000
2024-04-08 21:10:06,549 [INFO]  
========== done (0.07409238815307617 s) fit model
2024-04-08 21:10:10,176 [INFO]  
========== start: fit model
2024-04-08 21:10:10,177 [WARNING]  Already bound, ignoring bind()
2024-04-08 21:10:10,192 [INFO]  Epoch[0] Batch [0-4]	Speed: 4624.69 samples/sec	cross-entropy=16.412246	anorexia-accuracy=0.000000
2024-04-08 21:10:10,194 [INFO]  Epoch[0] Train-cross-entropy=12.537910
2024-04-08 21:10:10,194 [INFO]  Epoch[0] Train-anorexia-accuracy=0.000000
2024-04-08 21:10:10,194 [INFO]  Epoch[0] Time cost=0.016
2024-04-08 21:10:10,195 [INFO]  Saved checkpoint to "./imputer_model/25_hepatitis/imputer_model_anorexia/model-0000.params"
2024-04-08 21:10:10,195 [INFO]  Epoch[0] Validation-cross-entropy=16.804733
2024-04-08 21:10:10,195 [INFO]  Epoch[0] Validation-anorexia-accuracy=0.000000
2024-04-08 21:10:10,198 [INFO]  Epoch[1] Batch [0-4]	Speed: 28648.39 samples/sec	cross-entropy=5.970820	anorexia-accuracy=0.000000
2024-04-08 21:10:10,204 [INFO]  Epoch[1] Train-cross-entropy=6.201351
2024-04-08 21:10:10,204 [INFO]  Epoch[1] Train-anorexia-accuracy=0.000000
2024-04-08 21:10:10,204 [INFO]  Epoch[1] Time cost=0.008
2024-04-08 21:10:10,205 [INFO]  Saved checkpoint to "./imputer_model/25_hepatitis/imputer_model_anorexia/model-0001.params"
2024-04-08 21:10:10,209 [INFO]  Epoch[1] Validation-cross-entropy=10.476901
2024-04-08 21:10:10,209 [INFO]  Epoch[1] Validation-anorexia-accuracy=0.000000
2024-04-08 21:10:10,215 [INFO]  Epoch[2] Batch [0-4]	Speed: 14613.50 samples/sec	cross-entropy=3.248926	anorexia-accuracy=0.000000
2024-04-08 21:10:10,217 [INFO]  Epoch[2] Train-cross-entropy=2.165733
2024-04-08 21:10:10,217 [INFO]  Epoch[2] Train-anorexia-accuracy=0.000000
2024-04-08 21:10:10,217 [INFO]  Epoch[2] Time cost=0.008
2024-04-08 21:10:10,221 [INFO]  Saved checkpoint to "./imputer_model/25_hepatitis/imputer_model_anorexia/model-0002.params"
2024-04-08 21:10:10,225 [INFO]  Epoch[2] Validation-cross-entropy=5.139360
2024-04-08 21:10:10,226 [INFO]  Epoch[2] Validation-anorexia-accuracy=0.000000
2024-04-08 21:10:10,229 [INFO]  Epoch[3] Batch [0-4]	Speed: 28194.04 samples/sec	cross-entropy=1.654146	anorexia-accuracy=0.000000
2024-04-08 21:10:10,230 [INFO]  Epoch[3] Train-cross-entropy=0.973660
2024-04-08 21:10:10,230 [INFO]  Epoch[3] Train-anorexia-accuracy=0.000000
2024-04-08 21:10:10,230 [INFO]  Epoch[3] Time cost=0.004
2024-04-08 21:10:10,231 [INFO]  Saved checkpoint to "./imputer_model/25_hepatitis/imputer_model_anorexia/model-0003.params"
2024-04-08 21:10:10,231 [INFO]  Epoch[3] Validation-cross-entropy=2.567963
2024-04-08 21:10:10,231 [INFO]  Epoch[3] Validation-anorexia-accuracy=0.000000
2024-04-08 21:10:10,234 [INFO]  Epoch[4] Batch [0-4]	Speed: 28490.28 samples/sec	cross-entropy=0.803494	anorexia-accuracy=0.000000
2024-04-08 21:10:10,236 [INFO]  Epoch[4] Train-cross-entropy=0.665200
2024-04-08 21:10:10,236 [INFO]  Epoch[4] Train-anorexia-accuracy=0.000000
2024-04-08 21:10:10,236 [INFO]  Epoch[4] Time cost=0.004
2024-04-08 21:10:10,237 [INFO]  Saved checkpoint to "./imputer_model/25_hepatitis/imputer_model_anorexia/model-0004.params"
2024-04-08 21:10:10,237 [INFO]  Epoch[4] Validation-cross-entropy=1.628906
2024-04-08 21:10:10,237 [INFO]  Epoch[4] Validation-anorexia-accuracy=0.000000
2024-04-08 21:10:10,237 [INFO]  
========== done (0.061081647872924805 s) fit model
2024-04-08 21:10:13,783 [INFO]  
========== start: fit model
2024-04-08 21:10:13,783 [WARNING]  Already bound, ignoring bind()
2024-04-08 21:10:13,792 [INFO]  Epoch[0] Batch [0-4]	Speed: 27756.74 samples/sec	cross-entropy=10.571786	anorexia-accuracy=0.000000
2024-04-08 21:10:13,793 [INFO]  Epoch[0] Train-cross-entropy=10.907377
2024-04-08 21:10:13,793 [INFO]  Epoch[0] Train-anorexia-accuracy=0.000000
2024-04-08 21:10:13,793 [INFO]  Epoch[0] Time cost=0.010
2024-04-08 21:10:13,795 [INFO]  Saved checkpoint to "./imputer_model/25_hepatitis/imputer_model_anorexia/model-0000.params"
2024-04-08 21:10:13,795 [INFO]  Epoch[0] Validation-cross-entropy=8.022531
2024-04-08 21:10:13,795 [INFO]  Epoch[0] Validation-anorexia-accuracy=0.000000
2024-04-08 21:10:13,803 [INFO]  Epoch[1] Batch [0-4]	Speed: 21562.81 samples/sec	cross-entropy=3.954491	anorexia-accuracy=0.000000
2024-04-08 21:10:13,817 [INFO]  Epoch[1] Train-cross-entropy=3.546611
2024-04-08 21:10:13,817 [INFO]  Epoch[1] Train-anorexia-accuracy=0.000000
2024-04-08 21:10:13,817 [INFO]  Epoch[1] Time cost=0.022
2024-04-08 21:10:13,818 [INFO]  Saved checkpoint to "./imputer_model/25_hepatitis/imputer_model_anorexia/model-0001.params"
2024-04-08 21:10:13,818 [INFO]  Epoch[1] Validation-cross-entropy=3.898425
2024-04-08 21:10:13,819 [INFO]  Epoch[1] Validation-anorexia-accuracy=0.000000
2024-04-08 21:10:13,826 [INFO]  Epoch[2] Batch [0-4]	Speed: 8785.03 samples/sec	cross-entropy=2.319805	anorexia-accuracy=0.000000
2024-04-08 21:10:13,836 [INFO]  Epoch[2] Train-cross-entropy=1.929498
2024-04-08 21:10:13,836 [INFO]  Epoch[2] Train-anorexia-accuracy=0.000000
2024-04-08 21:10:13,836 [INFO]  Epoch[2] Time cost=0.018
2024-04-08 21:10:13,838 [INFO]  Saved checkpoint to "./imputer_model/25_hepatitis/imputer_model_anorexia/model-0002.params"
2024-04-08 21:10:13,838 [INFO]  Epoch[2] Validation-cross-entropy=2.107745
2024-04-08 21:10:13,839 [INFO]  Epoch[2] Validation-anorexia-accuracy=0.000000
2024-04-08 21:10:13,846 [INFO]  Epoch[3] Batch [0-4]	Speed: 10298.69 samples/sec	cross-entropy=1.305486	anorexia-accuracy=0.000000
2024-04-08 21:10:13,847 [INFO]  Epoch[3] Train-cross-entropy=1.152470
2024-04-08 21:10:13,847 [INFO]  Epoch[3] Train-anorexia-accuracy=0.000000
2024-04-08 21:10:13,847 [INFO]  Epoch[3] Time cost=0.008
2024-04-08 21:10:13,848 [INFO]  Saved checkpoint to "./imputer_model/25_hepatitis/imputer_model_anorexia/model-0003.params"
2024-04-08 21:10:13,849 [INFO]  Epoch[3] Validation-cross-entropy=1.432759
2024-04-08 21:10:13,849 [INFO]  Epoch[3] Validation-anorexia-accuracy=0.000000
2024-04-08 21:10:13,851 [INFO]  Epoch[4] Batch [0-4]	Speed: 28484.24 samples/sec	cross-entropy=0.824643	anorexia-accuracy=0.000000
2024-04-08 21:10:13,853 [INFO]  Epoch[4] Train-cross-entropy=0.637485
2024-04-08 21:10:13,853 [INFO]  Epoch[4] Train-anorexia-accuracy=0.000000
2024-04-08 21:10:13,853 [INFO]  Epoch[4] Time cost=0.004
2024-04-08 21:10:13,854 [INFO]  Saved checkpoint to "./imputer_model/25_hepatitis/imputer_model_anorexia/model-0004.params"
2024-04-08 21:10:13,855 [INFO]  Epoch[4] Validation-cross-entropy=1.071712
2024-04-08 21:10:13,855 [INFO]  Epoch[4] Validation-anorexia-accuracy=0.000000
2024-04-08 21:10:13,855 [INFO]  
========== done (0.07224917411804199 s) fit model
2024-04-08 21:10:17,296 [INFO]  
========== start: fit model
2024-04-08 21:10:17,296 [WARNING]  Already bound, ignoring bind()
2024-04-08 21:10:17,301 [INFO]  Epoch[0] Batch [0-4]	Speed: 22719.89 samples/sec	cross-entropy=12.469910	anorexia-accuracy=2.800000
2024-04-08 21:10:17,302 [INFO]  Epoch[0] Train-cross-entropy=7.412179
2024-04-08 21:10:17,302 [INFO]  Epoch[0] Train-anorexia-accuracy=4.500000
2024-04-08 21:10:17,302 [INFO]  Epoch[0] Time cost=0.006
2024-04-08 21:10:17,304 [INFO]  Saved checkpoint to "./imputer_model/25_hepatitis/imputer_model_anorexia/model-0000.params"
2024-04-08 21:10:17,304 [INFO]  Epoch[0] Validation-cross-entropy=3.668800
2024-04-08 21:10:17,304 [INFO]  Epoch[0] Validation-anorexia-accuracy=0.000000
2024-04-08 21:10:17,308 [INFO]  Epoch[1] Batch [0-4]	Speed: 23127.03 samples/sec	cross-entropy=4.621534	anorexia-accuracy=2.800000
2024-04-08 21:10:17,309 [INFO]  Epoch[1] Train-cross-entropy=4.008462
2024-04-08 21:10:17,309 [INFO]  Epoch[1] Train-anorexia-accuracy=4.500000
2024-04-08 21:10:17,309 [INFO]  Epoch[1] Time cost=0.005
2024-04-08 21:10:17,313 [INFO]  Saved checkpoint to "./imputer_model/25_hepatitis/imputer_model_anorexia/model-0001.params"
2024-04-08 21:10:17,319 [INFO]  Epoch[1] Validation-cross-entropy=3.260698
2024-04-08 21:10:17,319 [INFO]  Epoch[1] Validation-anorexia-accuracy=0.000000
2024-04-08 21:10:17,322 [INFO]  Epoch[2] Batch [0-4]	Speed: 27324.46 samples/sec	cross-entropy=2.443965	anorexia-accuracy=2.800000
2024-04-08 21:10:17,323 [INFO]  Epoch[2] Train-cross-entropy=2.157424
2024-04-08 21:10:17,323 [INFO]  Epoch[2] Train-anorexia-accuracy=4.500000
2024-04-08 21:10:17,323 [INFO]  Epoch[2] Time cost=0.004
2024-04-08 21:10:17,324 [INFO]  Saved checkpoint to "./imputer_model/25_hepatitis/imputer_model_anorexia/model-0002.params"
2024-04-08 21:10:17,330 [INFO]  Epoch[2] Validation-cross-entropy=3.511541
2024-04-08 21:10:17,330 [INFO]  Epoch[2] Validation-anorexia-accuracy=0.000000
2024-04-08 21:10:17,333 [INFO]  Epoch[3] Batch [0-4]	Speed: 28602.61 samples/sec	cross-entropy=1.374881	anorexia-accuracy=2.800000
2024-04-08 21:10:17,334 [INFO]  Epoch[3] Train-cross-entropy=1.284779
2024-04-08 21:10:17,334 [INFO]  Epoch[3] Train-anorexia-accuracy=4.500000
2024-04-08 21:10:17,334 [INFO]  Epoch[3] Time cost=0.004
2024-04-08 21:10:17,335 [INFO]  Saved checkpoint to "./imputer_model/25_hepatitis/imputer_model_anorexia/model-0003.params"
2024-04-08 21:10:17,336 [INFO]  Epoch[3] Validation-cross-entropy=3.782237
2024-04-08 21:10:17,336 [INFO]  Epoch[3] Validation-anorexia-accuracy=0.000000
2024-04-08 21:10:17,339 [INFO]  Epoch[4] Batch [0-4]	Speed: 28547.85 samples/sec	cross-entropy=0.790252	anorexia-accuracy=2.800000
2024-04-08 21:10:17,340 [INFO]  Epoch[4] Train-cross-entropy=0.725289
2024-04-08 21:10:17,340 [INFO]  Epoch[4] Train-anorexia-accuracy=4.500000
2024-04-08 21:10:17,340 [INFO]  Epoch[4] Time cost=0.004
2024-04-08 21:10:17,341 [INFO]  Saved checkpoint to "./imputer_model/25_hepatitis/imputer_model_anorexia/model-0004.params"
2024-04-08 21:10:17,342 [INFO]  Epoch[4] Validation-cross-entropy=2.308570
2024-04-08 21:10:17,342 [INFO]  Epoch[4] Validation-anorexia-accuracy=0.000000
2024-04-08 21:10:17,342 [INFO]  
========== done (0.046161651611328125 s) fit model
2024-04-08 21:10:20,879 [INFO]  
========== start: fit model
2024-04-08 21:10:20,879 [WARNING]  Already bound, ignoring bind()
2024-04-08 21:10:20,890 [INFO]  Epoch[0] Batch [0-4]	Speed: 14073.37 samples/sec	cross-entropy=13.166035	anorexia-accuracy=3.200000
2024-04-08 21:10:20,892 [INFO]  Epoch[0] Train-cross-entropy=8.737564
2024-04-08 21:10:20,892 [INFO]  Epoch[0] Train-anorexia-accuracy=4.000000
2024-04-08 21:10:20,892 [INFO]  Epoch[0] Time cost=0.012
2024-04-08 21:10:20,894 [INFO]  Saved checkpoint to "./imputer_model/25_hepatitis/imputer_model_anorexia/model-0000.params"
2024-04-08 21:10:20,895 [INFO]  Epoch[0] Validation-cross-entropy=10.669396
2024-04-08 21:10:20,895 [INFO]  Epoch[0] Validation-anorexia-accuracy=0.000000
2024-04-08 21:10:20,899 [INFO]  Epoch[1] Batch [0-4]	Speed: 21030.67 samples/sec	cross-entropy=4.137496	anorexia-accuracy=3.200000
2024-04-08 21:10:20,901 [INFO]  Epoch[1] Train-cross-entropy=5.370710
2024-04-08 21:10:20,901 [INFO]  Epoch[1] Train-anorexia-accuracy=4.000000
2024-04-08 21:10:20,901 [INFO]  Epoch[1] Time cost=0.006
2024-04-08 21:10:20,902 [INFO]  Saved checkpoint to "./imputer_model/25_hepatitis/imputer_model_anorexia/model-0001.params"
2024-04-08 21:10:20,903 [INFO]  Epoch[1] Validation-cross-entropy=3.540553
2024-04-08 21:10:20,903 [INFO]  Epoch[1] Validation-anorexia-accuracy=0.000000
2024-04-08 21:10:20,908 [INFO]  Epoch[2] Batch [0-4]	Speed: 14272.41 samples/sec	cross-entropy=1.771269	anorexia-accuracy=3.200000
2024-04-08 21:10:20,910 [INFO]  Epoch[2] Train-cross-entropy=2.368982
2024-04-08 21:10:20,910 [INFO]  Epoch[2] Train-anorexia-accuracy=4.000000
2024-04-08 21:10:20,910 [INFO]  Epoch[2] Time cost=0.007
2024-04-08 21:10:20,912 [INFO]  Saved checkpoint to "./imputer_model/25_hepatitis/imputer_model_anorexia/model-0002.params"
2024-04-08 21:10:20,912 [INFO]  Epoch[2] Validation-cross-entropy=1.956819
2024-04-08 21:10:20,912 [INFO]  Epoch[2] Validation-anorexia-accuracy=0.000000
2024-04-08 21:10:20,916 [INFO]  Epoch[3] Batch [0-4]	Speed: 21777.99 samples/sec	cross-entropy=0.879271	anorexia-accuracy=3.200000
2024-04-08 21:10:20,917 [INFO]  Epoch[3] Train-cross-entropy=0.977118
2024-04-08 21:10:20,917 [INFO]  Epoch[3] Train-anorexia-accuracy=4.000000
2024-04-08 21:10:20,918 [INFO]  Epoch[3] Time cost=0.005
2024-04-08 21:10:20,919 [INFO]  Saved checkpoint to "./imputer_model/25_hepatitis/imputer_model_anorexia/model-0003.params"
2024-04-08 21:10:20,919 [INFO]  Epoch[3] Validation-cross-entropy=1.980545
2024-04-08 21:10:20,919 [INFO]  Epoch[3] Validation-anorexia-accuracy=0.000000
2024-04-08 21:10:20,923 [INFO]  Epoch[4] Batch [0-4]	Speed: 21478.27 samples/sec	cross-entropy=0.646630	anorexia-accuracy=3.200000
2024-04-08 21:10:20,925 [INFO]  Epoch[4] Train-cross-entropy=0.719477
2024-04-08 21:10:20,925 [INFO]  Epoch[4] Train-anorexia-accuracy=4.000000
2024-04-08 21:10:20,925 [INFO]  Epoch[4] Time cost=0.005
2024-04-08 21:10:20,929 [INFO]  Saved checkpoint to "./imputer_model/25_hepatitis/imputer_model_anorexia/model-0004.params"
2024-04-08 21:10:20,995 [INFO]  Epoch[4] Validation-cross-entropy=2.039317
2024-04-08 21:10:20,995 [INFO]  Epoch[4] Validation-anorexia-accuracy=0.000000
2024-04-08 21:10:20,995 [INFO]  
========== done (0.11661791801452637 s) fit model
2024-04-08 21:10:24,207 [INFO]  
========== start: fit model
2024-04-08 21:10:24,207 [WARNING]  Already bound, ignoring bind()
2024-04-08 21:10:24,212 [INFO]  Epoch[0] Batch [0-4]	Speed: 22011.93 samples/sec	cross-entropy=13.680040	anorexia-accuracy=3.600000
2024-04-08 21:10:24,214 [INFO]  Epoch[0] Train-cross-entropy=10.386469
2024-04-08 21:10:24,214 [INFO]  Epoch[0] Train-anorexia-accuracy=2.500000
2024-04-08 21:10:24,214 [INFO]  Epoch[0] Time cost=0.006
2024-04-08 21:10:24,215 [INFO]  Saved checkpoint to "./imputer_model/25_hepatitis/imputer_model_anorexia/model-0000.params"
2024-04-08 21:10:24,216 [INFO]  Epoch[0] Validation-cross-entropy=7.548090
2024-04-08 21:10:24,216 [INFO]  Epoch[0] Validation-anorexia-accuracy=0.000000
2024-04-08 21:10:24,220 [INFO]  Epoch[1] Batch [0-4]	Speed: 21070.29 samples/sec	cross-entropy=4.088540	anorexia-accuracy=3.600000
2024-04-08 21:10:24,221 [INFO]  Epoch[1] Train-cross-entropy=2.500038
2024-04-08 21:10:24,221 [INFO]  Epoch[1] Train-anorexia-accuracy=2.500000
2024-04-08 21:10:24,221 [INFO]  Epoch[1] Time cost=0.005
2024-04-08 21:10:24,223 [INFO]  Saved checkpoint to "./imputer_model/25_hepatitis/imputer_model_anorexia/model-0001.params"
2024-04-08 21:10:24,223 [INFO]  Epoch[1] Validation-cross-entropy=6.381939
2024-04-08 21:10:24,223 [INFO]  Epoch[1] Validation-anorexia-accuracy=0.000000
2024-04-08 21:10:24,227 [INFO]  Epoch[2] Batch [0-4]	Speed: 21218.52 samples/sec	cross-entropy=2.180091	anorexia-accuracy=3.600000
2024-04-08 21:10:24,229 [INFO]  Epoch[2] Train-cross-entropy=1.299181
2024-04-08 21:10:24,229 [INFO]  Epoch[2] Train-anorexia-accuracy=2.500000
2024-04-08 21:10:24,229 [INFO]  Epoch[2] Time cost=0.005
2024-04-08 21:10:24,230 [INFO]  Saved checkpoint to "./imputer_model/25_hepatitis/imputer_model_anorexia/model-0002.params"
2024-04-08 21:10:24,231 [INFO]  Epoch[2] Validation-cross-entropy=4.814806
2024-04-08 21:10:24,231 [INFO]  Epoch[2] Validation-anorexia-accuracy=0.000000
2024-04-08 21:10:24,238 [INFO]  Epoch[3] Batch [0-4]	Speed: 9253.20 samples/sec	cross-entropy=1.772504	anorexia-accuracy=3.600000
2024-04-08 21:10:24,241 [INFO]  Epoch[3] Train-cross-entropy=0.745271
2024-04-08 21:10:24,241 [INFO]  Epoch[3] Train-anorexia-accuracy=2.500000
2024-04-08 21:10:24,241 [INFO]  Epoch[3] Time cost=0.010
2024-04-08 21:10:24,242 [INFO]  Saved checkpoint to "./imputer_model/25_hepatitis/imputer_model_anorexia/model-0003.params"
2024-04-08 21:10:24,243 [INFO]  Epoch[3] Validation-cross-entropy=2.899707
2024-04-08 21:10:24,243 [INFO]  Epoch[3] Validation-anorexia-accuracy=0.000000
2024-04-08 21:10:24,248 [INFO]  Epoch[4] Batch [0-4]	Speed: 15645.83 samples/sec	cross-entropy=0.893233	anorexia-accuracy=3.600000
2024-04-08 21:10:24,250 [INFO]  Epoch[4] Train-cross-entropy=0.388626
2024-04-08 21:10:24,250 [INFO]  Epoch[4] Train-anorexia-accuracy=2.500000
2024-04-08 21:10:24,250 [INFO]  Epoch[4] Time cost=0.007
2024-04-08 21:10:24,252 [INFO]  Saved checkpoint to "./imputer_model/25_hepatitis/imputer_model_anorexia/model-0004.params"
2024-04-08 21:10:24,252 [INFO]  Epoch[4] Validation-cross-entropy=1.544396
2024-04-08 21:10:24,252 [INFO]  Epoch[4] Validation-anorexia-accuracy=0.000000
2024-04-08 21:10:24,252 [INFO]  
========== done (0.045537710189819336 s) fit model
2024-04-08 21:10:27,498 [INFO]  
========== start: fit model
2024-04-08 21:10:27,498 [WARNING]  Already bound, ignoring bind()
2024-04-08 21:10:27,504 [INFO]  Epoch[0] Batch [0-4]	Speed: 27991.18 samples/sec	cross-entropy=17.594807	anorexia-accuracy=0.000000
2024-04-08 21:10:27,505 [INFO]  Epoch[0] Train-cross-entropy=9.294060
2024-04-08 21:10:27,506 [INFO]  Epoch[0] Train-anorexia-accuracy=0.000000
2024-04-08 21:10:27,506 [INFO]  Epoch[0] Time cost=0.006
2024-04-08 21:10:27,507 [INFO]  Saved checkpoint to "./imputer_model/25_hepatitis/imputer_model_anorexia/model-0000.params"
2024-04-08 21:10:27,507 [INFO]  Epoch[0] Validation-cross-entropy=10.301842
2024-04-08 21:10:27,507 [INFO]  Epoch[0] Validation-anorexia-accuracy=0.000000
2024-04-08 21:10:27,510 [INFO]  Epoch[1] Batch [0-4]	Speed: 28096.66 samples/sec	cross-entropy=5.792012	anorexia-accuracy=0.000000
2024-04-08 21:10:27,512 [INFO]  Epoch[1] Train-cross-entropy=3.565322
2024-04-08 21:10:27,512 [INFO]  Epoch[1] Train-anorexia-accuracy=0.000000
2024-04-08 21:10:27,512 [INFO]  Epoch[1] Time cost=0.004
2024-04-08 21:10:27,513 [INFO]  Saved checkpoint to "./imputer_model/25_hepatitis/imputer_model_anorexia/model-0001.params"
2024-04-08 21:10:27,513 [INFO]  Epoch[1] Validation-cross-entropy=4.052135
2024-04-08 21:10:27,513 [INFO]  Epoch[1] Validation-anorexia-accuracy=0.000000
2024-04-08 21:10:27,516 [INFO]  Epoch[2] Batch [0-4]	Speed: 26008.67 samples/sec	cross-entropy=2.163102	anorexia-accuracy=0.000000
2024-04-08 21:10:27,521 [INFO]  Epoch[2] Train-cross-entropy=1.897503
2024-04-08 21:10:27,521 [INFO]  Epoch[2] Train-anorexia-accuracy=0.000000
2024-04-08 21:10:27,521 [INFO]  Epoch[2] Time cost=0.008
2024-04-08 21:10:27,524 [INFO]  Saved checkpoint to "./imputer_model/25_hepatitis/imputer_model_anorexia/model-0002.params"
2024-04-08 21:10:27,524 [INFO]  Epoch[2] Validation-cross-entropy=1.870038
2024-04-08 21:10:27,525 [INFO]  Epoch[2] Validation-anorexia-accuracy=0.000000
2024-04-08 21:10:27,530 [INFO]  Epoch[3] Batch [0-4]	Speed: 14758.12 samples/sec	cross-entropy=1.193901	anorexia-accuracy=0.000000
2024-04-08 21:10:27,533 [INFO]  Epoch[3] Train-cross-entropy=1.002573
2024-04-08 21:10:27,533 [INFO]  Epoch[3] Train-anorexia-accuracy=0.000000
2024-04-08 21:10:27,533 [INFO]  Epoch[3] Time cost=0.008
2024-04-08 21:10:27,535 [INFO]  Saved checkpoint to "./imputer_model/25_hepatitis/imputer_model_anorexia/model-0003.params"
2024-04-08 21:10:27,536 [INFO]  Epoch[3] Validation-cross-entropy=1.145258
2024-04-08 21:10:27,536 [INFO]  Epoch[3] Validation-anorexia-accuracy=0.000000
2024-04-08 21:10:27,542 [INFO]  Epoch[4] Batch [0-4]	Speed: 14497.49 samples/sec	cross-entropy=0.807009	anorexia-accuracy=0.000000
2024-04-08 21:10:27,545 [INFO]  Epoch[4] Train-cross-entropy=0.603065
2024-04-08 21:10:27,545 [INFO]  Epoch[4] Train-anorexia-accuracy=0.000000
2024-04-08 21:10:27,545 [INFO]  Epoch[4] Time cost=0.008
2024-04-08 21:10:27,547 [INFO]  Saved checkpoint to "./imputer_model/25_hepatitis/imputer_model_anorexia/model-0004.params"
2024-04-08 21:10:27,549 [INFO]  Epoch[4] Validation-cross-entropy=0.464752
2024-04-08 21:10:27,549 [INFO]  Epoch[4] Validation-anorexia-accuracy=0.000000
2024-04-08 21:10:27,549 [INFO]  
========== done (0.0509648323059082 s) fit model
2024-04-08 21:10:30,990 [INFO]  
========== start: fit model
2024-04-08 21:10:30,991 [WARNING]  Already bound, ignoring bind()
2024-04-08 21:10:30,995 [INFO]  Epoch[0] Batch [0-4]	Speed: 27892.30 samples/sec	cross-entropy=23.299168	anorexia-accuracy=0.000000
2024-04-08 21:10:30,996 [INFO]  Epoch[0] Train-cross-entropy=16.793215
2024-04-08 21:10:30,996 [INFO]  Epoch[0] Train-anorexia-accuracy=0.000000
2024-04-08 21:10:30,996 [INFO]  Epoch[0] Time cost=0.005
2024-04-08 21:10:30,997 [INFO]  Saved checkpoint to "./imputer_model/25_hepatitis/imputer_model_anorexia/model-0000.params"
2024-04-08 21:10:30,998 [INFO]  Epoch[0] Validation-cross-entropy=9.999497
2024-04-08 21:10:30,998 [INFO]  Epoch[0] Validation-anorexia-accuracy=0.000000
2024-04-08 21:10:31,001 [INFO]  Epoch[1] Batch [0-4]	Speed: 28348.87 samples/sec	cross-entropy=9.847371	anorexia-accuracy=0.000000
2024-04-08 21:10:31,002 [INFO]  Epoch[1] Train-cross-entropy=7.077894
2024-04-08 21:10:31,002 [INFO]  Epoch[1] Train-anorexia-accuracy=0.000000
2024-04-08 21:10:31,002 [INFO]  Epoch[1] Time cost=0.004
2024-04-08 21:10:31,003 [INFO]  Saved checkpoint to "./imputer_model/25_hepatitis/imputer_model_anorexia/model-0001.params"
2024-04-08 21:10:31,004 [INFO]  Epoch[1] Validation-cross-entropy=7.543616
2024-04-08 21:10:31,004 [INFO]  Epoch[1] Validation-anorexia-accuracy=0.000000
2024-04-08 21:10:31,008 [INFO]  Epoch[2] Batch [0-4]	Speed: 17517.32 samples/sec	cross-entropy=4.477736	anorexia-accuracy=0.000000
2024-04-08 21:10:31,009 [INFO]  Epoch[2] Train-cross-entropy=2.547848
2024-04-08 21:10:31,009 [INFO]  Epoch[2] Train-anorexia-accuracy=0.000000
2024-04-08 21:10:31,009 [INFO]  Epoch[2] Time cost=0.006
2024-04-08 21:10:31,011 [INFO]  Saved checkpoint to "./imputer_model/25_hepatitis/imputer_model_anorexia/model-0002.params"
2024-04-08 21:10:31,011 [INFO]  Epoch[2] Validation-cross-entropy=6.833641
2024-04-08 21:10:31,011 [INFO]  Epoch[2] Validation-anorexia-accuracy=0.000000
2024-04-08 21:10:31,014 [INFO]  Epoch[3] Batch [0-4]	Speed: 28842.32 samples/sec	cross-entropy=2.106826	anorexia-accuracy=0.000000
2024-04-08 21:10:31,015 [INFO]  Epoch[3] Train-cross-entropy=1.478695
2024-04-08 21:10:31,015 [INFO]  Epoch[3] Train-anorexia-accuracy=0.000000
2024-04-08 21:10:31,015 [INFO]  Epoch[3] Time cost=0.004
2024-04-08 21:10:31,017 [INFO]  Saved checkpoint to "./imputer_model/25_hepatitis/imputer_model_anorexia/model-0003.params"
2024-04-08 21:10:31,017 [INFO]  Epoch[3] Validation-cross-entropy=4.883456
2024-04-08 21:10:31,017 [INFO]  Epoch[3] Validation-anorexia-accuracy=0.000000
2024-04-08 21:10:31,020 [INFO]  Epoch[4] Batch [0-4]	Speed: 28405.87 samples/sec	cross-entropy=1.280724	anorexia-accuracy=0.000000
2024-04-08 21:10:31,021 [INFO]  Epoch[4] Train-cross-entropy=1.013038
2024-04-08 21:10:31,021 [INFO]  Epoch[4] Train-anorexia-accuracy=0.000000
2024-04-08 21:10:31,021 [INFO]  Epoch[4] Time cost=0.004
2024-04-08 21:10:31,022 [INFO]  Saved checkpoint to "./imputer_model/25_hepatitis/imputer_model_anorexia/model-0004.params"
2024-04-08 21:10:31,023 [INFO]  Epoch[4] Validation-cross-entropy=2.306812
2024-04-08 21:10:31,023 [INFO]  Epoch[4] Validation-anorexia-accuracy=0.000000
2024-04-08 21:10:31,023 [INFO]  
========== done (0.03255772590637207 s) fit model
2024-04-08 21:10:34,463 [INFO]  
========== start: fit model
2024-04-08 21:10:34,463 [WARNING]  Already bound, ignoring bind()
2024-04-08 21:10:34,474 [INFO]  Epoch[0] Batch [0-4]	Speed: 9258.31 samples/sec	cross-entropy=27.349273	anorexia-accuracy=0.000000
2024-04-08 21:10:34,497 [INFO]  Epoch[0] Train-cross-entropy=5.889443
2024-04-08 21:10:34,497 [INFO]  Epoch[0] Train-anorexia-accuracy=0.000000
2024-04-08 21:10:34,497 [INFO]  Epoch[0] Time cost=0.033
2024-04-08 21:10:34,498 [INFO]  Saved checkpoint to "./imputer_model/25_hepatitis/imputer_model_anorexia/model-0000.params"
2024-04-08 21:10:34,499 [INFO]  Epoch[0] Validation-cross-entropy=11.363278
2024-04-08 21:10:34,499 [INFO]  Epoch[0] Validation-anorexia-accuracy=0.000000
2024-04-08 21:10:34,502 [INFO]  Epoch[1] Batch [0-4]	Speed: 27472.67 samples/sec	cross-entropy=10.402927	anorexia-accuracy=0.000000
2024-04-08 21:10:34,503 [INFO]  Epoch[1] Train-cross-entropy=4.665769
2024-04-08 21:10:34,503 [INFO]  Epoch[1] Train-anorexia-accuracy=0.000000
2024-04-08 21:10:34,503 [INFO]  Epoch[1] Time cost=0.004
2024-04-08 21:10:34,504 [INFO]  Saved checkpoint to "./imputer_model/25_hepatitis/imputer_model_anorexia/model-0001.params"
2024-04-08 21:10:34,505 [INFO]  Epoch[1] Validation-cross-entropy=7.965579
2024-04-08 21:10:34,505 [INFO]  Epoch[1] Validation-anorexia-accuracy=0.000000
2024-04-08 21:10:34,508 [INFO]  Epoch[2] Batch [0-4]	Speed: 25453.77 samples/sec	cross-entropy=5.666974	anorexia-accuracy=0.000000
2024-04-08 21:10:34,509 [INFO]  Epoch[2] Train-cross-entropy=2.747920
2024-04-08 21:10:34,509 [INFO]  Epoch[2] Train-anorexia-accuracy=0.000000
2024-04-08 21:10:34,510 [INFO]  Epoch[2] Time cost=0.005
2024-04-08 21:10:34,511 [INFO]  Saved checkpoint to "./imputer_model/25_hepatitis/imputer_model_anorexia/model-0002.params"
2024-04-08 21:10:34,511 [INFO]  Epoch[2] Validation-cross-entropy=5.240105
2024-04-08 21:10:34,511 [INFO]  Epoch[2] Validation-anorexia-accuracy=0.000000
2024-04-08 21:10:34,514 [INFO]  Epoch[3] Batch [0-4]	Speed: 28029.18 samples/sec	cross-entropy=3.200026	anorexia-accuracy=0.000000
2024-04-08 21:10:34,515 [INFO]  Epoch[3] Train-cross-entropy=1.333226
2024-04-08 21:10:34,515 [INFO]  Epoch[3] Train-anorexia-accuracy=0.000000
2024-04-08 21:10:34,516 [INFO]  Epoch[3] Time cost=0.004
2024-04-08 21:10:34,517 [INFO]  Saved checkpoint to "./imputer_model/25_hepatitis/imputer_model_anorexia/model-0003.params"
2024-04-08 21:10:34,528 [INFO]  Epoch[3] Validation-cross-entropy=2.911275
2024-04-08 21:10:34,528 [INFO]  Epoch[3] Validation-anorexia-accuracy=0.000000
2024-04-08 21:10:34,536 [INFO]  Epoch[4] Batch [0-4]	Speed: 21843.56 samples/sec	cross-entropy=1.833650	anorexia-accuracy=0.000000
2024-04-08 21:10:34,538 [INFO]  Epoch[4] Train-cross-entropy=0.690294
2024-04-08 21:10:34,538 [INFO]  Epoch[4] Train-anorexia-accuracy=0.000000
2024-04-08 21:10:34,538 [INFO]  Epoch[4] Time cost=0.010
2024-04-08 21:10:34,539 [INFO]  Saved checkpoint to "./imputer_model/25_hepatitis/imputer_model_anorexia/model-0004.params"
2024-04-08 21:10:34,540 [INFO]  Epoch[4] Validation-cross-entropy=1.765187
2024-04-08 21:10:34,540 [INFO]  Epoch[4] Validation-anorexia-accuracy=0.000000
2024-04-08 21:10:34,540 [INFO]  
========== done (0.07663869857788086 s) fit model
2024-04-08 21:10:38,064 [INFO]  
========== start: fit model
2024-04-08 21:10:38,064 [WARNING]  Already bound, ignoring bind()
2024-04-08 21:10:38,070 [INFO]  Epoch[0] Batch [0-4]	Speed: 21562.81 samples/sec	cross-entropy=13.799350	anorexia-accuracy=0.000000
2024-04-08 21:10:38,071 [INFO]  Epoch[0] Train-cross-entropy=6.373052
2024-04-08 21:10:38,071 [INFO]  Epoch[0] Train-anorexia-accuracy=0.000000
2024-04-08 21:10:38,071 [INFO]  Epoch[0] Time cost=0.006
2024-04-08 21:10:38,073 [INFO]  Saved checkpoint to "./imputer_model/25_hepatitis/imputer_model_anorexia/model-0000.params"
2024-04-08 21:10:38,073 [INFO]  Epoch[0] Validation-cross-entropy=6.549895
2024-04-08 21:10:38,073 [INFO]  Epoch[0] Validation-anorexia-accuracy=0.000000
2024-04-08 21:10:38,078 [INFO]  Epoch[1] Batch [0-4]	Speed: 18170.68 samples/sec	cross-entropy=4.212482	anorexia-accuracy=0.000000
2024-04-08 21:10:38,080 [INFO]  Epoch[1] Train-cross-entropy=1.888595
2024-04-08 21:10:38,080 [INFO]  Epoch[1] Train-anorexia-accuracy=0.000000
2024-04-08 21:10:38,080 [INFO]  Epoch[1] Time cost=0.007
2024-04-08 21:10:38,081 [INFO]  Saved checkpoint to "./imputer_model/25_hepatitis/imputer_model_anorexia/model-0001.params"
2024-04-08 21:10:38,082 [INFO]  Epoch[1] Validation-cross-entropy=3.940543
2024-04-08 21:10:38,082 [INFO]  Epoch[1] Validation-anorexia-accuracy=0.000000
2024-04-08 21:10:38,087 [INFO]  Epoch[2] Batch [0-4]	Speed: 15661.35 samples/sec	cross-entropy=1.384883	anorexia-accuracy=0.000000
2024-04-08 21:10:38,090 [INFO]  Epoch[2] Train-cross-entropy=1.003951
2024-04-08 21:10:38,090 [INFO]  Epoch[2] Train-anorexia-accuracy=0.000000
2024-04-08 21:10:38,090 [INFO]  Epoch[2] Time cost=0.008
2024-04-08 21:10:38,092 [INFO]  Saved checkpoint to "./imputer_model/25_hepatitis/imputer_model_anorexia/model-0002.params"
2024-04-08 21:10:38,093 [INFO]  Epoch[2] Validation-cross-entropy=3.019943
2024-04-08 21:10:38,093 [INFO]  Epoch[2] Validation-anorexia-accuracy=0.000000
2024-04-08 21:10:38,099 [INFO]  Epoch[3] Batch [0-4]	Speed: 14758.12 samples/sec	cross-entropy=0.879102	anorexia-accuracy=0.000000
2024-04-08 21:10:38,101 [INFO]  Epoch[3] Train-cross-entropy=0.824869
2024-04-08 21:10:38,101 [INFO]  Epoch[3] Train-anorexia-accuracy=0.000000
2024-04-08 21:10:38,101 [INFO]  Epoch[3] Time cost=0.008
2024-04-08 21:10:38,104 [INFO]  Saved checkpoint to "./imputer_model/25_hepatitis/imputer_model_anorexia/model-0003.params"
2024-04-08 21:10:38,104 [INFO]  Epoch[3] Validation-cross-entropy=2.584427
2024-04-08 21:10:38,104 [INFO]  Epoch[3] Validation-anorexia-accuracy=0.000000
2024-04-08 21:10:38,108 [INFO]  Epoch[4] Batch [0-4]	Speed: 24259.87 samples/sec	cross-entropy=0.573352	anorexia-accuracy=0.000000
2024-04-08 21:10:38,110 [INFO]  Epoch[4] Train-cross-entropy=0.518829
2024-04-08 21:10:38,110 [INFO]  Epoch[4] Train-anorexia-accuracy=0.000000
2024-04-08 21:10:38,110 [INFO]  Epoch[4] Time cost=0.005
2024-04-08 21:10:38,112 [INFO]  Saved checkpoint to "./imputer_model/25_hepatitis/imputer_model_anorexia/model-0004.params"
2024-04-08 21:10:38,113 [INFO]  Epoch[4] Validation-cross-entropy=1.986915
2024-04-08 21:10:38,113 [INFO]  Epoch[4] Validation-anorexia-accuracy=0.000000
2024-04-08 21:10:38,113 [INFO]  
========== done (0.04885220527648926 s) fit model
2024-04-08 21:10:41,652 [INFO]  
========== start: fit model
2024-04-08 21:10:41,652 [WARNING]  Already bound, ignoring bind()
2024-04-08 21:10:41,657 [INFO]  Epoch[0] Batch [0-4]	Speed: 24942.90 samples/sec	cross-entropy=16.726243	anorexia-accuracy=3.600000
2024-04-08 21:10:41,661 [INFO]  Epoch[0] Train-cross-entropy=13.285417
2024-04-08 21:10:41,661 [INFO]  Epoch[0] Train-anorexia-accuracy=3.000000
2024-04-08 21:10:41,661 [INFO]  Epoch[0] Time cost=0.008
2024-04-08 21:10:41,663 [INFO]  Saved checkpoint to "./imputer_model/25_hepatitis/imputer_model_anorexia/model-0000.params"
2024-04-08 21:10:41,664 [INFO]  Epoch[0] Validation-cross-entropy=5.075236
2024-04-08 21:10:41,664 [INFO]  Epoch[0] Validation-anorexia-accuracy=0.000000
2024-04-08 21:10:41,669 [INFO]  Epoch[1] Batch [0-4]	Speed: 18272.10 samples/sec	cross-entropy=5.539295	anorexia-accuracy=3.600000
2024-04-08 21:10:41,671 [INFO]  Epoch[1] Train-cross-entropy=6.902859
2024-04-08 21:10:41,671 [INFO]  Epoch[1] Train-anorexia-accuracy=3.000000
2024-04-08 21:10:41,671 [INFO]  Epoch[1] Time cost=0.007
2024-04-08 21:10:41,673 [INFO]  Saved checkpoint to "./imputer_model/25_hepatitis/imputer_model_anorexia/model-0001.params"
2024-04-08 21:10:41,674 [INFO]  Epoch[1] Validation-cross-entropy=4.128675
2024-04-08 21:10:41,674 [INFO]  Epoch[1] Validation-anorexia-accuracy=0.000000
2024-04-08 21:10:41,680 [INFO]  Epoch[2] Batch [0-4]	Speed: 14747.58 samples/sec	cross-entropy=2.969665	anorexia-accuracy=3.600000
2024-04-08 21:10:41,683 [INFO]  Epoch[2] Train-cross-entropy=3.034934
2024-04-08 21:10:41,684 [INFO]  Epoch[2] Train-anorexia-accuracy=3.000000
2024-04-08 21:10:41,684 [INFO]  Epoch[2] Time cost=0.009
2024-04-08 21:10:41,686 [INFO]  Saved checkpoint to "./imputer_model/25_hepatitis/imputer_model_anorexia/model-0002.params"
2024-04-08 21:10:41,687 [INFO]  Epoch[2] Validation-cross-entropy=1.549368
2024-04-08 21:10:41,687 [INFO]  Epoch[2] Validation-anorexia-accuracy=0.000000
2024-04-08 21:10:41,693 [INFO]  Epoch[3] Batch [0-4]	Speed: 14741.10 samples/sec	cross-entropy=1.713037	anorexia-accuracy=3.600000
2024-04-08 21:10:41,695 [INFO]  Epoch[3] Train-cross-entropy=1.002408
2024-04-08 21:10:41,695 [INFO]  Epoch[3] Train-anorexia-accuracy=3.000000
2024-04-08 21:10:41,696 [INFO]  Epoch[3] Time cost=0.008
2024-04-08 21:10:41,698 [INFO]  Saved checkpoint to "./imputer_model/25_hepatitis/imputer_model_anorexia/model-0003.params"
2024-04-08 21:10:41,699 [INFO]  Epoch[3] Validation-cross-entropy=1.264419
2024-04-08 21:10:41,699 [INFO]  Epoch[3] Validation-anorexia-accuracy=0.000000
2024-04-08 21:10:41,705 [INFO]  Epoch[4] Batch [0-4]	Speed: 14836.43 samples/sec	cross-entropy=1.086540	anorexia-accuracy=3.600000
2024-04-08 21:10:41,707 [INFO]  Epoch[4] Train-cross-entropy=0.607635
2024-04-08 21:10:41,707 [INFO]  Epoch[4] Train-anorexia-accuracy=3.000000
2024-04-08 21:10:41,707 [INFO]  Epoch[4] Time cost=0.008
2024-04-08 21:10:41,710 [INFO]  Saved checkpoint to "./imputer_model/25_hepatitis/imputer_model_anorexia/model-0004.params"
2024-04-08 21:10:41,710 [INFO]  Epoch[4] Validation-cross-entropy=0.856890
2024-04-08 21:10:41,711 [INFO]  Epoch[4] Validation-anorexia-accuracy=0.000000
2024-04-08 21:10:41,711 [INFO]  
========== done (0.05847430229187012 s) fit model
2024-04-08 21:10:44,946 [INFO]  
========== start: fit model
2024-04-08 21:10:44,946 [WARNING]  Already bound, ignoring bind()
2024-04-08 21:10:44,950 [INFO]  Epoch[0] Batch [0-4]	Speed: 28749.65 samples/sec	cross-entropy=23.717451	anorexia-accuracy=3.400000
2024-04-08 21:10:44,952 [INFO]  Epoch[0] Train-cross-entropy=11.051797
2024-04-08 21:10:44,952 [INFO]  Epoch[0] Train-anorexia-accuracy=3.000000
2024-04-08 21:10:44,952 [INFO]  Epoch[0] Time cost=0.005
2024-04-08 21:10:44,953 [INFO]  Saved checkpoint to "./imputer_model/25_hepatitis/imputer_model_anorexia/model-0000.params"
2024-04-08 21:10:44,953 [INFO]  Epoch[0] Validation-cross-entropy=15.496087
2024-04-08 21:10:44,953 [INFO]  Epoch[0] Validation-anorexia-accuracy=0.000000
2024-04-08 21:10:44,958 [INFO]  Epoch[1] Batch [0-4]	Speed: 16769.88 samples/sec	cross-entropy=9.991663	anorexia-accuracy=3.400000
2024-04-08 21:10:44,960 [INFO]  Epoch[1] Train-cross-entropy=5.459237
2024-04-08 21:10:44,960 [INFO]  Epoch[1] Train-anorexia-accuracy=3.000000
2024-04-08 21:10:44,960 [INFO]  Epoch[1] Time cost=0.007
2024-04-08 21:10:44,962 [INFO]  Saved checkpoint to "./imputer_model/25_hepatitis/imputer_model_anorexia/model-0001.params"
2024-04-08 21:10:44,962 [INFO]  Epoch[1] Validation-cross-entropy=9.025236
2024-04-08 21:10:44,962 [INFO]  Epoch[1] Validation-anorexia-accuracy=0.000000
2024-04-08 21:10:44,968 [INFO]  Epoch[2] Batch [0-4]	Speed: 14308.16 samples/sec	cross-entropy=5.627858	anorexia-accuracy=3.400000
2024-04-08 21:10:44,970 [INFO]  Epoch[2] Train-cross-entropy=4.474088
2024-04-08 21:10:44,970 [INFO]  Epoch[2] Train-anorexia-accuracy=3.000000
2024-04-08 21:10:44,970 [INFO]  Epoch[2] Time cost=0.008
2024-04-08 21:10:44,972 [INFO]  Saved checkpoint to "./imputer_model/25_hepatitis/imputer_model_anorexia/model-0002.params"
2024-04-08 21:10:44,973 [INFO]  Epoch[2] Validation-cross-entropy=5.092581
2024-04-08 21:10:44,973 [INFO]  Epoch[2] Validation-anorexia-accuracy=0.000000
2024-04-08 21:10:44,979 [INFO]  Epoch[3] Batch [0-4]	Speed: 12820.49 samples/sec	cross-entropy=3.300592	anorexia-accuracy=3.400000
2024-04-08 21:10:44,981 [INFO]  Epoch[3] Train-cross-entropy=2.246348
2024-04-08 21:10:44,981 [INFO]  Epoch[3] Train-anorexia-accuracy=3.000000
2024-04-08 21:10:44,981 [INFO]  Epoch[3] Time cost=0.008
2024-04-08 21:10:44,983 [INFO]  Saved checkpoint to "./imputer_model/25_hepatitis/imputer_model_anorexia/model-0003.params"
2024-04-08 21:10:44,983 [INFO]  Epoch[3] Validation-cross-entropy=3.402939
2024-04-08 21:10:44,983 [INFO]  Epoch[3] Validation-anorexia-accuracy=0.000000
2024-04-08 21:10:44,989 [INFO]  Epoch[4] Batch [0-4]	Speed: 13744.07 samples/sec	cross-entropy=1.884063	anorexia-accuracy=3.400000
2024-04-08 21:10:44,991 [INFO]  Epoch[4] Train-cross-entropy=0.849401
2024-04-08 21:10:44,992 [INFO]  Epoch[4] Train-anorexia-accuracy=3.000000
2024-04-08 21:10:44,992 [INFO]  Epoch[4] Time cost=0.008
2024-04-08 21:10:44,993 [INFO]  Saved checkpoint to "./imputer_model/25_hepatitis/imputer_model_anorexia/model-0004.params"
2024-04-08 21:10:44,994 [INFO]  Epoch[4] Validation-cross-entropy=2.565536
2024-04-08 21:10:44,994 [INFO]  Epoch[4] Validation-anorexia-accuracy=0.000000
2024-04-08 21:10:44,994 [INFO]  
========== done (0.04761505126953125 s) fit model
2024-04-08 21:10:48,538 [INFO]  
========== start: fit model
2024-04-08 21:10:48,538 [WARNING]  Already bound, ignoring bind()
2024-04-08 21:10:48,564 [INFO]  Epoch[0] Batch [0-4]	Speed: 8507.72 samples/sec	cross-entropy=17.057314	anorexia-accuracy=0.000000
2024-04-08 21:10:48,569 [INFO]  Epoch[0] Train-cross-entropy=16.139318
2024-04-08 21:10:48,569 [INFO]  Epoch[0] Train-anorexia-accuracy=0.000000
2024-04-08 21:10:48,569 [INFO]  Epoch[0] Time cost=0.030
2024-04-08 21:10:48,573 [INFO]  Saved checkpoint to "./imputer_model/25_hepatitis/imputer_model_anorexia/model-0000.params"
2024-04-08 21:10:48,583 [INFO]  Epoch[0] Validation-cross-entropy=1.030718
2024-04-08 21:10:48,583 [INFO]  Epoch[0] Validation-anorexia-accuracy=0.000000
2024-04-08 21:10:48,587 [INFO]  Epoch[1] Batch [0-4]	Speed: 21257.16 samples/sec	cross-entropy=7.104997	anorexia-accuracy=0.000000
2024-04-08 21:10:48,589 [INFO]  Epoch[1] Train-cross-entropy=7.507637
2024-04-08 21:10:48,589 [INFO]  Epoch[1] Train-anorexia-accuracy=0.000000
2024-04-08 21:10:48,589 [INFO]  Epoch[1] Time cost=0.006
2024-04-08 21:10:48,591 [INFO]  Saved checkpoint to "./imputer_model/25_hepatitis/imputer_model_anorexia/model-0001.params"
2024-04-08 21:10:48,592 [INFO]  Epoch[1] Validation-cross-entropy=0.784974
2024-04-08 21:10:48,592 [INFO]  Epoch[1] Validation-anorexia-accuracy=0.000000
2024-04-08 21:10:48,596 [INFO]  Epoch[2] Batch [0-4]	Speed: 20032.50 samples/sec	cross-entropy=4.003239	anorexia-accuracy=0.000000
2024-04-08 21:10:48,598 [INFO]  Epoch[2] Train-cross-entropy=3.709680
2024-04-08 21:10:48,598 [INFO]  Epoch[2] Train-anorexia-accuracy=0.000000
2024-04-08 21:10:48,599 [INFO]  Epoch[2] Time cost=0.006
2024-04-08 21:10:48,601 [INFO]  Saved checkpoint to "./imputer_model/25_hepatitis/imputer_model_anorexia/model-0002.params"
2024-04-08 21:10:48,602 [INFO]  Epoch[2] Validation-cross-entropy=1.721687
2024-04-08 21:10:48,602 [INFO]  Epoch[2] Validation-anorexia-accuracy=0.000000
2024-04-08 21:10:48,606 [INFO]  Epoch[3] Batch [0-4]	Speed: 21200.08 samples/sec	cross-entropy=1.924757	anorexia-accuracy=0.000000
2024-04-08 21:10:48,608 [INFO]  Epoch[3] Train-cross-entropy=1.692864
2024-04-08 21:10:48,608 [INFO]  Epoch[3] Train-anorexia-accuracy=0.000000
2024-04-08 21:10:48,608 [INFO]  Epoch[3] Time cost=0.006
2024-04-08 21:10:48,610 [INFO]  Saved checkpoint to "./imputer_model/25_hepatitis/imputer_model_anorexia/model-0003.params"
2024-04-08 21:10:48,611 [INFO]  Epoch[3] Validation-cross-entropy=2.270330
2024-04-08 21:10:48,611 [INFO]  Epoch[3] Validation-anorexia-accuracy=0.000000
2024-04-08 21:10:48,615 [INFO]  Epoch[4] Batch [0-4]	Speed: 21171.66 samples/sec	cross-entropy=0.962331	anorexia-accuracy=0.000000
2024-04-08 21:10:48,617 [INFO]  Epoch[4] Train-cross-entropy=0.944085
2024-04-08 21:10:48,617 [INFO]  Epoch[4] Train-anorexia-accuracy=0.000000
2024-04-08 21:10:48,617 [INFO]  Epoch[4] Time cost=0.006
2024-04-08 21:10:48,620 [INFO]  Saved checkpoint to "./imputer_model/25_hepatitis/imputer_model_anorexia/model-0004.params"
2024-04-08 21:10:48,620 [INFO]  Epoch[4] Validation-cross-entropy=1.705295
2024-04-08 21:10:48,620 [INFO]  Epoch[4] Validation-anorexia-accuracy=0.000000
2024-04-08 21:10:48,621 [INFO]  
========== done (0.08299612998962402 s) fit model
2024-04-08 21:10:51,845 [INFO]  
========== start: fit model
2024-04-08 21:10:51,845 [WARNING]  Already bound, ignoring bind()
2024-04-08 21:10:51,881 [INFO]  Epoch[0] Batch [0-4]	Speed: 2045.77 samples/sec	cross-entropy=11.215097	anorexia-accuracy=2.600000
2024-04-08 21:10:51,883 [INFO]  Epoch[0] Train-cross-entropy=12.945995
2024-04-08 21:10:51,883 [INFO]  Epoch[0] Train-anorexia-accuracy=3.500000
2024-04-08 21:10:51,883 [INFO]  Epoch[0] Time cost=0.038
2024-04-08 21:10:51,887 [INFO]  Saved checkpoint to "./imputer_model/25_hepatitis/imputer_model_anorexia/model-0000.params"
2024-04-08 21:10:51,914 [INFO]  Epoch[0] Validation-cross-entropy=21.795387
2024-04-08 21:10:51,914 [INFO]  Epoch[0] Validation-anorexia-accuracy=0.000000
2024-04-08 21:10:51,919 [INFO]  Epoch[1] Batch [0-4]	Speed: 20263.87 samples/sec	cross-entropy=3.875625	anorexia-accuracy=2.600000
2024-04-08 21:10:51,920 [INFO]  Epoch[1] Train-cross-entropy=4.013323
2024-04-08 21:10:51,920 [INFO]  Epoch[1] Train-anorexia-accuracy=3.500000
2024-04-08 21:10:51,920 [INFO]  Epoch[1] Time cost=0.006
2024-04-08 21:10:51,922 [INFO]  Saved checkpoint to "./imputer_model/25_hepatitis/imputer_model_anorexia/model-0001.params"
2024-04-08 21:10:51,922 [INFO]  Epoch[1] Validation-cross-entropy=10.193848
2024-04-08 21:10:51,922 [INFO]  Epoch[1] Validation-anorexia-accuracy=0.000000
2024-04-08 21:10:51,926 [INFO]  Epoch[2] Batch [0-4]	Speed: 20366.88 samples/sec	cross-entropy=2.233016	anorexia-accuracy=2.600000
2024-04-08 21:10:51,942 [INFO]  Epoch[2] Train-cross-entropy=1.698922
2024-04-08 21:10:51,942 [INFO]  Epoch[2] Train-anorexia-accuracy=3.500000
2024-04-08 21:10:51,942 [INFO]  Epoch[2] Time cost=0.020
2024-04-08 21:10:51,943 [INFO]  Saved checkpoint to "./imputer_model/25_hepatitis/imputer_model_anorexia/model-0002.params"
2024-04-08 21:10:51,944 [INFO]  Epoch[2] Validation-cross-entropy=4.306573
2024-04-08 21:10:51,944 [INFO]  Epoch[2] Validation-anorexia-accuracy=0.000000
2024-04-08 21:10:51,948 [INFO]  Epoch[3] Batch [0-4]	Speed: 21020.79 samples/sec	cross-entropy=1.127722	anorexia-accuracy=2.600000
2024-04-08 21:10:51,949 [INFO]  Epoch[3] Train-cross-entropy=0.911479
2024-04-08 21:10:51,950 [INFO]  Epoch[3] Train-anorexia-accuracy=3.500000
2024-04-08 21:10:51,950 [INFO]  Epoch[3] Time cost=0.006
2024-04-08 21:10:51,951 [INFO]  Saved checkpoint to "./imputer_model/25_hepatitis/imputer_model_anorexia/model-0003.params"
2024-04-08 21:10:51,951 [INFO]  Epoch[3] Validation-cross-entropy=2.055396
2024-04-08 21:10:51,951 [INFO]  Epoch[3] Validation-anorexia-accuracy=0.000000
2024-04-08 21:10:51,955 [INFO]  Epoch[4] Batch [0-4]	Speed: 20644.12 samples/sec	cross-entropy=0.528329	anorexia-accuracy=2.600000
2024-04-08 21:10:51,957 [INFO]  Epoch[4] Train-cross-entropy=0.529201
2024-04-08 21:10:51,957 [INFO]  Epoch[4] Train-anorexia-accuracy=3.500000
2024-04-08 21:10:51,957 [INFO]  Epoch[4] Time cost=0.006
2024-04-08 21:10:51,958 [INFO]  Saved checkpoint to "./imputer_model/25_hepatitis/imputer_model_anorexia/model-0004.params"
2024-04-08 21:10:51,959 [INFO]  Epoch[4] Validation-cross-entropy=1.424229
2024-04-08 21:10:51,959 [INFO]  Epoch[4] Validation-anorexia-accuracy=0.000000
2024-04-08 21:10:51,959 [INFO]  
========== done (0.11436009407043457 s) fit model
2024-04-08 21:10:55,295 [INFO]  
========== start: fit model
2024-04-08 21:10:55,295 [WARNING]  Already bound, ignoring bind()
2024-04-08 21:10:55,320 [INFO]  Epoch[0] Batch [0-4]	Speed: 3838.58 samples/sec	cross-entropy=13.918491	anorexia-accuracy=3.000000
2024-04-08 21:10:55,322 [INFO]  Epoch[0] Train-cross-entropy=3.459902
2024-04-08 21:10:55,322 [INFO]  Epoch[0] Train-anorexia-accuracy=4.500000
2024-04-08 21:10:55,322 [INFO]  Epoch[0] Time cost=0.025
2024-04-08 21:10:55,323 [INFO]  Saved checkpoint to "./imputer_model/25_hepatitis/imputer_model_anorexia/model-0000.params"
2024-04-08 21:10:55,324 [INFO]  Epoch[0] Validation-cross-entropy=2.984580
2024-04-08 21:10:55,324 [INFO]  Epoch[0] Validation-anorexia-accuracy=0.000000
2024-04-08 21:10:55,328 [INFO]  Epoch[1] Batch [0-4]	Speed: 20544.58 samples/sec	cross-entropy=5.034933	anorexia-accuracy=3.000000
2024-04-08 21:10:55,329 [INFO]  Epoch[1] Train-cross-entropy=1.685105
2024-04-08 21:10:55,329 [INFO]  Epoch[1] Train-anorexia-accuracy=4.500000
2024-04-08 21:10:55,329 [INFO]  Epoch[1] Time cost=0.006
2024-04-08 21:10:55,331 [INFO]  Saved checkpoint to "./imputer_model/25_hepatitis/imputer_model_anorexia/model-0001.params"
2024-04-08 21:10:55,331 [INFO]  Epoch[1] Validation-cross-entropy=1.972527
2024-04-08 21:10:55,331 [INFO]  Epoch[1] Validation-anorexia-accuracy=0.000000
2024-04-08 21:10:55,345 [INFO]  Epoch[2] Batch [0-4]	Speed: 4996.29 samples/sec	cross-entropy=3.200881	anorexia-accuracy=3.000000
2024-04-08 21:10:55,347 [INFO]  Epoch[2] Train-cross-entropy=0.995276
2024-04-08 21:10:55,347 [INFO]  Epoch[2] Train-anorexia-accuracy=4.500000
2024-04-08 21:10:55,347 [INFO]  Epoch[2] Time cost=0.016
2024-04-08 21:10:55,348 [INFO]  Saved checkpoint to "./imputer_model/25_hepatitis/imputer_model_anorexia/model-0002.params"
2024-04-08 21:10:55,349 [INFO]  Epoch[2] Validation-cross-entropy=0.485425
2024-04-08 21:10:55,349 [INFO]  Epoch[2] Validation-anorexia-accuracy=0.000000
2024-04-08 21:10:55,352 [INFO]  Epoch[3] Batch [0-4]	Speed: 28292.10 samples/sec	cross-entropy=1.541090	anorexia-accuracy=3.000000
2024-04-08 21:10:55,353 [INFO]  Epoch[3] Train-cross-entropy=0.410261
2024-04-08 21:10:55,353 [INFO]  Epoch[3] Train-anorexia-accuracy=4.500000
2024-04-08 21:10:55,353 [INFO]  Epoch[3] Time cost=0.004
2024-04-08 21:10:55,354 [INFO]  Saved checkpoint to "./imputer_model/25_hepatitis/imputer_model_anorexia/model-0003.params"
2024-04-08 21:10:55,355 [INFO]  Epoch[3] Validation-cross-entropy=0.374240
2024-04-08 21:10:55,355 [INFO]  Epoch[3] Validation-anorexia-accuracy=0.000000
2024-04-08 21:10:55,358 [INFO]  Epoch[4] Batch [0-4]	Speed: 27805.62 samples/sec	cross-entropy=0.818693	anorexia-accuracy=3.000000
2024-04-08 21:10:55,359 [INFO]  Epoch[4] Train-cross-entropy=0.448437
2024-04-08 21:10:55,359 [INFO]  Epoch[4] Train-anorexia-accuracy=4.500000
2024-04-08 21:10:55,359 [INFO]  Epoch[4] Time cost=0.004
2024-04-08 21:10:55,363 [INFO]  Saved checkpoint to "./imputer_model/25_hepatitis/imputer_model_anorexia/model-0004.params"
2024-04-08 21:10:55,368 [INFO]  Epoch[4] Validation-cross-entropy=0.479920
2024-04-08 21:10:55,368 [INFO]  Epoch[4] Validation-anorexia-accuracy=0.000000
2024-04-08 21:10:55,368 [INFO]  
========== done (0.07264280319213867 s) fit model
2024-04-08 21:10:58,837 [INFO]  
========== start: fit model
2024-04-08 21:10:58,837 [WARNING]  Already bound, ignoring bind()
2024-04-08 21:10:58,846 [INFO]  Epoch[0] Batch [0-4]	Speed: 20036.98 samples/sec	cross-entropy=18.577518	anorexia-accuracy=3.400000
2024-04-08 21:10:58,847 [INFO]  Epoch[0] Train-cross-entropy=13.329481
2024-04-08 21:10:58,847 [INFO]  Epoch[0] Train-anorexia-accuracy=2.500000
2024-04-08 21:10:58,847 [INFO]  Epoch[0] Time cost=0.009
2024-04-08 21:10:58,849 [INFO]  Saved checkpoint to "./imputer_model/25_hepatitis/imputer_model_anorexia/model-0000.params"
2024-04-08 21:10:58,850 [INFO]  Epoch[0] Validation-cross-entropy=14.204818
2024-04-08 21:10:58,851 [INFO]  Epoch[0] Validation-anorexia-accuracy=0.000000
2024-04-08 21:10:58,855 [INFO]  Epoch[1] Batch [0-4]	Speed: 19346.70 samples/sec	cross-entropy=7.616551	anorexia-accuracy=3.400000
2024-04-08 21:10:58,857 [INFO]  Epoch[1] Train-cross-entropy=6.910878
2024-04-08 21:10:58,857 [INFO]  Epoch[1] Train-anorexia-accuracy=2.500000
2024-04-08 21:10:58,857 [INFO]  Epoch[1] Time cost=0.006
2024-04-08 21:10:58,858 [INFO]  Saved checkpoint to "./imputer_model/25_hepatitis/imputer_model_anorexia/model-0001.params"
2024-04-08 21:10:58,859 [INFO]  Epoch[1] Validation-cross-entropy=6.165133
2024-04-08 21:10:58,859 [INFO]  Epoch[1] Validation-anorexia-accuracy=0.000000
2024-04-08 21:10:58,864 [INFO]  Epoch[2] Batch [0-4]	Speed: 18767.77 samples/sec	cross-entropy=3.560647	anorexia-accuracy=3.400000
2024-04-08 21:10:58,866 [INFO]  Epoch[2] Train-cross-entropy=4.019011
2024-04-08 21:10:58,866 [INFO]  Epoch[2] Train-anorexia-accuracy=2.500000
2024-04-08 21:10:58,866 [INFO]  Epoch[2] Time cost=0.006
2024-04-08 21:10:58,870 [INFO]  Saved checkpoint to "./imputer_model/25_hepatitis/imputer_model_anorexia/model-0002.params"
2024-04-08 21:10:58,887 [INFO]  Epoch[2] Validation-cross-entropy=2.228167
2024-04-08 21:10:58,887 [INFO]  Epoch[2] Validation-anorexia-accuracy=0.000000
2024-04-08 21:10:58,893 [INFO]  Epoch[3] Batch [0-4]	Speed: 15814.51 samples/sec	cross-entropy=1.686984	anorexia-accuracy=3.400000
2024-04-08 21:10:58,894 [INFO]  Epoch[3] Train-cross-entropy=1.994113
2024-04-08 21:10:58,894 [INFO]  Epoch[3] Train-anorexia-accuracy=2.500000
2024-04-08 21:10:58,895 [INFO]  Epoch[3] Time cost=0.007
2024-04-08 21:10:58,896 [INFO]  Saved checkpoint to "./imputer_model/25_hepatitis/imputer_model_anorexia/model-0003.params"
2024-04-08 21:10:58,907 [INFO]  Epoch[3] Validation-cross-entropy=1.181268
2024-04-08 21:10:58,907 [INFO]  Epoch[3] Validation-anorexia-accuracy=0.000000
2024-04-08 21:10:58,929 [INFO]  Epoch[4] Batch [0-4]	Speed: 3200.19 samples/sec	cross-entropy=0.874281	anorexia-accuracy=3.400000
2024-04-08 21:10:58,930 [INFO]  Epoch[4] Train-cross-entropy=0.833729
2024-04-08 21:10:58,930 [INFO]  Epoch[4] Train-anorexia-accuracy=2.500000
2024-04-08 21:10:58,930 [INFO]  Epoch[4] Time cost=0.023
2024-04-08 21:10:58,932 [INFO]  Saved checkpoint to "./imputer_model/25_hepatitis/imputer_model_anorexia/model-0004.params"
2024-04-08 21:10:58,953 [INFO]  Epoch[4] Validation-cross-entropy=0.884989
2024-04-08 21:10:58,953 [INFO]  Epoch[4] Validation-anorexia-accuracy=0.000000
2024-04-08 21:10:58,953 [INFO]  
========== done (0.11587357521057129 s) fit model
2024-04-08 21:11:02,907 [INFO]  
========== start: fit model
2024-04-08 21:11:02,907 [WARNING]  Already bound, ignoring bind()
2024-04-08 21:11:02,913 [INFO]  Epoch[0] Batch [0-4]	Speed: 19105.73 samples/sec	cross-entropy=11.369529	anorexia-accuracy=0.000000
2024-04-08 21:11:02,914 [INFO]  Epoch[0] Train-cross-entropy=27.325770
2024-04-08 21:11:02,915 [INFO]  Epoch[0] Train-anorexia-accuracy=0.000000
2024-04-08 21:11:02,915 [INFO]  Epoch[0] Time cost=0.006
2024-04-08 21:11:02,916 [INFO]  Saved checkpoint to "./imputer_model/25_hepatitis/imputer_model_anorexia/model-0000.params"
2024-04-08 21:11:02,917 [INFO]  Epoch[0] Validation-cross-entropy=117.944366
2024-04-08 21:11:02,917 [INFO]  Epoch[0] Validation-anorexia-accuracy=0.000000
2024-04-08 21:11:02,921 [INFO]  Epoch[1] Batch [0-4]	Speed: 21240.34 samples/sec	cross-entropy=4.220066	anorexia-accuracy=0.000000
2024-04-08 21:11:02,922 [INFO]  Epoch[1] Train-cross-entropy=9.412923
2024-04-08 21:11:02,922 [INFO]  Epoch[1] Train-anorexia-accuracy=0.000000
2024-04-08 21:11:02,922 [INFO]  Epoch[1] Time cost=0.006
2024-04-08 21:11:02,924 [INFO]  Saved checkpoint to "./imputer_model/25_hepatitis/imputer_model_anorexia/model-0001.params"
2024-04-08 21:11:02,924 [INFO]  Epoch[1] Validation-cross-entropy=16.543665
2024-04-08 21:11:02,924 [INFO]  Epoch[1] Validation-anorexia-accuracy=0.000000
2024-04-08 21:11:02,928 [INFO]  Epoch[2] Batch [0-4]	Speed: 21449.10 samples/sec	cross-entropy=3.137597	anorexia-accuracy=0.000000
2024-04-08 21:11:02,930 [INFO]  Epoch[2] Train-cross-entropy=3.156575
2024-04-08 21:11:02,930 [INFO]  Epoch[2] Train-anorexia-accuracy=0.000000
2024-04-08 21:11:02,930 [INFO]  Epoch[2] Time cost=0.006
2024-04-08 21:11:02,932 [INFO]  Saved checkpoint to "./imputer_model/25_hepatitis/imputer_model_anorexia/model-0002.params"
2024-04-08 21:11:02,932 [INFO]  Epoch[2] Validation-cross-entropy=0.525991
2024-04-08 21:11:02,932 [INFO]  Epoch[2] Validation-anorexia-accuracy=0.000000
2024-04-08 21:11:02,936 [INFO]  Epoch[3] Batch [0-4]	Speed: 21804.52 samples/sec	cross-entropy=1.993888	anorexia-accuracy=0.000000
2024-04-08 21:11:02,942 [INFO]  Epoch[3] Train-cross-entropy=1.620559
2024-04-08 21:11:02,942 [INFO]  Epoch[3] Train-anorexia-accuracy=0.000000
2024-04-08 21:11:02,942 [INFO]  Epoch[3] Time cost=0.009
2024-04-08 21:11:02,945 [INFO]  Saved checkpoint to "./imputer_model/25_hepatitis/imputer_model_anorexia/model-0003.params"
2024-04-08 21:11:02,955 [INFO]  Epoch[3] Validation-cross-entropy=0.548825
2024-04-08 21:11:02,955 [INFO]  Epoch[3] Validation-anorexia-accuracy=0.000000
2024-04-08 21:11:02,961 [INFO]  Epoch[4] Batch [0-4]	Speed: 15662.26 samples/sec	cross-entropy=1.080066	anorexia-accuracy=0.000000
2024-04-08 21:11:02,963 [INFO]  Epoch[4] Train-cross-entropy=1.104326
2024-04-08 21:11:02,963 [INFO]  Epoch[4] Train-anorexia-accuracy=0.000000
2024-04-08 21:11:02,963 [INFO]  Epoch[4] Time cost=0.007
2024-04-08 21:11:02,964 [INFO]  Saved checkpoint to "./imputer_model/25_hepatitis/imputer_model_anorexia/model-0004.params"
2024-04-08 21:11:02,965 [INFO]  Epoch[4] Validation-cross-entropy=0.680360
2024-04-08 21:11:02,965 [INFO]  Epoch[4] Validation-anorexia-accuracy=0.000000
2024-04-08 21:11:02,965 [INFO]  
========== done (0.05791163444519043 s) fit model
2024-04-08 21:11:06,318 [INFO]  
========== start: fit model
2024-04-08 21:11:06,318 [WARNING]  Already bound, ignoring bind()
2024-04-08 21:11:06,345 [INFO]  Epoch[0] Batch [0-4]	Speed: 6424.67 samples/sec	cross-entropy=9.701653	anorexia-accuracy=3.200000
2024-04-08 21:11:06,346 [INFO]  Epoch[0] Train-cross-entropy=27.181715
2024-04-08 21:11:06,346 [INFO]  Epoch[0] Train-anorexia-accuracy=2.000000
2024-04-08 21:11:06,346 [INFO]  Epoch[0] Time cost=0.027
2024-04-08 21:11:06,348 [INFO]  Saved checkpoint to "./imputer_model/25_hepatitis/imputer_model_anorexia/model-0000.params"
2024-04-08 21:11:06,348 [INFO]  Epoch[0] Validation-cross-entropy=3.584420
2024-04-08 21:11:06,348 [INFO]  Epoch[0] Validation-anorexia-accuracy=0.000000
2024-04-08 21:11:06,351 [INFO]  Epoch[1] Batch [0-4]	Speed: 28481.22 samples/sec	cross-entropy=5.125700	anorexia-accuracy=3.200000
2024-04-08 21:11:06,353 [INFO]  Epoch[1] Train-cross-entropy=6.573611
2024-04-08 21:11:06,353 [INFO]  Epoch[1] Train-anorexia-accuracy=2.000000
2024-04-08 21:11:06,353 [INFO]  Epoch[1] Time cost=0.004
2024-04-08 21:11:06,354 [INFO]  Saved checkpoint to "./imputer_model/25_hepatitis/imputer_model_anorexia/model-0001.params"
2024-04-08 21:11:06,354 [INFO]  Epoch[1] Validation-cross-entropy=3.132190
2024-04-08 21:11:06,354 [INFO]  Epoch[1] Validation-anorexia-accuracy=0.000000
2024-04-08 21:11:06,357 [INFO]  Epoch[2] Batch [0-4]	Speed: 28390.85 samples/sec	cross-entropy=4.476144	anorexia-accuracy=3.200000
2024-04-08 21:11:06,359 [INFO]  Epoch[2] Train-cross-entropy=2.499638
2024-04-08 21:11:06,359 [INFO]  Epoch[2] Train-anorexia-accuracy=2.000000
2024-04-08 21:11:06,359 [INFO]  Epoch[2] Time cost=0.004
2024-04-08 21:11:06,360 [INFO]  Saved checkpoint to "./imputer_model/25_hepatitis/imputer_model_anorexia/model-0002.params"
2024-04-08 21:11:06,361 [INFO]  Epoch[2] Validation-cross-entropy=2.112513
2024-04-08 21:11:06,361 [INFO]  Epoch[2] Validation-anorexia-accuracy=0.000000
2024-04-08 21:11:06,386 [INFO]  Epoch[3] Batch [0-4]	Speed: 3833.64 samples/sec	cross-entropy=2.400836	anorexia-accuracy=3.200000
2024-04-08 21:11:06,388 [INFO]  Epoch[3] Train-cross-entropy=1.660403
2024-04-08 21:11:06,388 [INFO]  Epoch[3] Train-anorexia-accuracy=2.000000
2024-04-08 21:11:06,388 [INFO]  Epoch[3] Time cost=0.027
2024-04-08 21:11:06,389 [INFO]  Saved checkpoint to "./imputer_model/25_hepatitis/imputer_model_anorexia/model-0003.params"
2024-04-08 21:11:06,390 [INFO]  Epoch[3] Validation-cross-entropy=1.569045
2024-04-08 21:11:06,390 [INFO]  Epoch[3] Validation-anorexia-accuracy=0.000000
2024-04-08 21:11:06,399 [INFO]  Epoch[4] Batch [0-4]	Speed: 15007.29 samples/sec	cross-entropy=1.211141	anorexia-accuracy=3.200000
2024-04-08 21:11:06,408 [INFO]  Epoch[4] Train-cross-entropy=1.121542
2024-04-08 21:11:06,408 [INFO]  Epoch[4] Train-anorexia-accuracy=2.000000
2024-04-08 21:11:06,408 [INFO]  Epoch[4] Time cost=0.018
2024-04-08 21:11:06,410 [INFO]  Saved checkpoint to "./imputer_model/25_hepatitis/imputer_model_anorexia/model-0004.params"
2024-04-08 21:11:06,410 [INFO]  Epoch[4] Validation-cross-entropy=0.950991
2024-04-08 21:11:06,410 [INFO]  Epoch[4] Validation-anorexia-accuracy=0.000000
2024-04-08 21:11:06,410 [INFO]  
========== done (0.09197235107421875 s) fit model
2024-04-08 21:11:09,858 [INFO]  
========== start: fit model
2024-04-08 21:11:09,859 [WARNING]  Already bound, ignoring bind()
2024-04-08 21:11:09,872 [INFO]  Epoch[0] Batch [0-4]	Speed: 7350.77 samples/sec	cross-entropy=29.861160	anorexia-accuracy=0.000000
2024-04-08 21:11:09,875 [INFO]  Epoch[0] Train-cross-entropy=4.317232
2024-04-08 21:11:09,876 [INFO]  Epoch[0] Train-anorexia-accuracy=0.000000
2024-04-08 21:11:09,876 [INFO]  Epoch[0] Time cost=0.016
2024-04-08 21:11:09,879 [INFO]  Saved checkpoint to "./imputer_model/25_hepatitis/imputer_model_anorexia/model-0000.params"
2024-04-08 21:11:09,885 [INFO]  Epoch[0] Validation-cross-entropy=7.943729
2024-04-08 21:11:09,885 [INFO]  Epoch[0] Validation-anorexia-accuracy=0.000000
2024-04-08 21:11:09,891 [INFO]  Epoch[1] Batch [0-4]	Speed: 14411.87 samples/sec	cross-entropy=11.333688	anorexia-accuracy=0.000000
2024-04-08 21:11:09,893 [INFO]  Epoch[1] Train-cross-entropy=4.187026
2024-04-08 21:11:09,893 [INFO]  Epoch[1] Train-anorexia-accuracy=0.000000
2024-04-08 21:11:09,893 [INFO]  Epoch[1] Time cost=0.008
2024-04-08 21:11:09,895 [INFO]  Saved checkpoint to "./imputer_model/25_hepatitis/imputer_model_anorexia/model-0001.params"
2024-04-08 21:11:09,895 [INFO]  Epoch[1] Validation-cross-entropy=4.570634
2024-04-08 21:11:09,895 [INFO]  Epoch[1] Validation-anorexia-accuracy=0.000000
2024-04-08 21:11:09,901 [INFO]  Epoch[2] Batch [0-4]	Speed: 14334.91 samples/sec	cross-entropy=5.621366	anorexia-accuracy=0.000000
2024-04-08 21:11:09,906 [INFO]  Epoch[2] Train-cross-entropy=3.179311
2024-04-08 21:11:09,906 [INFO]  Epoch[2] Train-anorexia-accuracy=0.000000
2024-04-08 21:11:09,906 [INFO]  Epoch[2] Time cost=0.010
2024-04-08 21:11:09,907 [INFO]  Saved checkpoint to "./imputer_model/25_hepatitis/imputer_model_anorexia/model-0002.params"
2024-04-08 21:11:09,908 [INFO]  Epoch[2] Validation-cross-entropy=2.697856
2024-04-08 21:11:09,908 [INFO]  Epoch[2] Validation-anorexia-accuracy=0.000000
2024-04-08 21:11:09,915 [INFO]  Epoch[3] Batch [0-4]	Speed: 11002.35 samples/sec	cross-entropy=3.112124	anorexia-accuracy=0.000000
2024-04-08 21:11:09,918 [INFO]  Epoch[3] Train-cross-entropy=2.371435
2024-04-08 21:11:09,918 [INFO]  Epoch[3] Train-anorexia-accuracy=0.000000
2024-04-08 21:11:09,918 [INFO]  Epoch[3] Time cost=0.010
2024-04-08 21:11:09,920 [INFO]  Saved checkpoint to "./imputer_model/25_hepatitis/imputer_model_anorexia/model-0003.params"
2024-04-08 21:11:09,920 [INFO]  Epoch[3] Validation-cross-entropy=1.871177
2024-04-08 21:11:09,920 [INFO]  Epoch[3] Validation-anorexia-accuracy=0.000000
2024-04-08 21:11:09,926 [INFO]  Epoch[4] Batch [0-4]	Speed: 14752.44 samples/sec	cross-entropy=1.567785	anorexia-accuracy=0.000000
2024-04-08 21:11:09,928 [INFO]  Epoch[4] Train-cross-entropy=1.637877
2024-04-08 21:11:09,929 [INFO]  Epoch[4] Train-anorexia-accuracy=0.000000
2024-04-08 21:11:09,929 [INFO]  Epoch[4] Time cost=0.008
2024-04-08 21:11:09,930 [INFO]  Saved checkpoint to "./imputer_model/25_hepatitis/imputer_model_anorexia/model-0004.params"
2024-04-08 21:11:09,931 [INFO]  Epoch[4] Validation-cross-entropy=2.477900
2024-04-08 21:11:09,931 [INFO]  Epoch[4] Validation-anorexia-accuracy=0.000000
2024-04-08 21:11:09,931 [INFO]  
========== done (0.07234001159667969 s) fit model
2024-04-08 21:11:13,498 [INFO]  
========== start: fit model
2024-04-08 21:11:13,498 [WARNING]  Already bound, ignoring bind()
2024-04-08 21:11:13,513 [INFO]  Epoch[0] Batch [0-4]	Speed: 7617.14 samples/sec	cross-entropy=15.614238	anorexia-accuracy=3.600000
2024-04-08 21:11:13,519 [INFO]  Epoch[0] Train-cross-entropy=25.535527
2024-04-08 21:11:13,519 [INFO]  Epoch[0] Train-anorexia-accuracy=3.000000
2024-04-08 21:11:13,519 [INFO]  Epoch[0] Time cost=0.020
2024-04-08 21:11:13,522 [INFO]  Saved checkpoint to "./imputer_model/25_hepatitis/imputer_model_anorexia/model-0000.params"
2024-04-08 21:11:13,523 [INFO]  Epoch[0] Validation-cross-entropy=67.974648
2024-04-08 21:11:13,523 [INFO]  Epoch[0] Validation-anorexia-accuracy=0.000000
2024-04-08 21:11:13,551 [INFO]  Epoch[1] Batch [0-4]	Speed: 2657.72 samples/sec	cross-entropy=7.883445	anorexia-accuracy=3.600000
2024-04-08 21:11:13,564 [INFO]  Epoch[1] Train-cross-entropy=13.138782
2024-04-08 21:11:13,564 [INFO]  Epoch[1] Train-anorexia-accuracy=3.000000
2024-04-08 21:11:13,564 [INFO]  Epoch[1] Time cost=0.041
2024-04-08 21:11:13,568 [INFO]  Saved checkpoint to "./imputer_model/25_hepatitis/imputer_model_anorexia/model-0001.params"
2024-04-08 21:11:13,573 [INFO]  Epoch[1] Validation-cross-entropy=31.515463
2024-04-08 21:11:13,573 [INFO]  Epoch[1] Validation-anorexia-accuracy=0.000000
2024-04-08 21:11:13,579 [INFO]  Epoch[2] Batch [0-4]	Speed: 15381.36 samples/sec	cross-entropy=4.819069	anorexia-accuracy=3.600000
2024-04-08 21:11:13,581 [INFO]  Epoch[2] Train-cross-entropy=6.222160
2024-04-08 21:11:13,581 [INFO]  Epoch[2] Train-anorexia-accuracy=3.000000
2024-04-08 21:11:13,581 [INFO]  Epoch[2] Time cost=0.008
2024-04-08 21:11:13,583 [INFO]  Saved checkpoint to "./imputer_model/25_hepatitis/imputer_model_anorexia/model-0002.params"
2024-04-08 21:11:13,583 [INFO]  Epoch[2] Validation-cross-entropy=20.601398
2024-04-08 21:11:13,583 [INFO]  Epoch[2] Validation-anorexia-accuracy=0.000000
2024-04-08 21:11:13,589 [INFO]  Epoch[3] Batch [0-4]	Speed: 15506.64 samples/sec	cross-entropy=2.929088	anorexia-accuracy=3.600000
2024-04-08 21:11:13,591 [INFO]  Epoch[3] Train-cross-entropy=3.114268
2024-04-08 21:11:13,591 [INFO]  Epoch[3] Train-anorexia-accuracy=3.000000
2024-04-08 21:11:13,591 [INFO]  Epoch[3] Time cost=0.008
2024-04-08 21:11:13,592 [INFO]  Saved checkpoint to "./imputer_model/25_hepatitis/imputer_model_anorexia/model-0003.params"
2024-04-08 21:11:13,593 [INFO]  Epoch[3] Validation-cross-entropy=17.645287
2024-04-08 21:11:13,593 [INFO]  Epoch[3] Validation-anorexia-accuracy=0.000000
2024-04-08 21:11:13,606 [INFO]  Epoch[4] Batch [0-4]	Speed: 5341.04 samples/sec	cross-entropy=1.768951	anorexia-accuracy=3.600000
2024-04-08 21:11:13,608 [INFO]  Epoch[4] Train-cross-entropy=1.519450
2024-04-08 21:11:13,608 [INFO]  Epoch[4] Train-anorexia-accuracy=3.000000
2024-04-08 21:11:13,608 [INFO]  Epoch[4] Time cost=0.016
2024-04-08 21:11:13,610 [INFO]  Saved checkpoint to "./imputer_model/25_hepatitis/imputer_model_anorexia/model-0004.params"
2024-04-08 21:11:13,610 [INFO]  Epoch[4] Validation-cross-entropy=11.135421
2024-04-08 21:11:13,610 [INFO]  Epoch[4] Validation-anorexia-accuracy=0.000000
2024-04-08 21:11:13,611 [INFO]  
========== done (0.11261129379272461 s) fit model
2024-04-08 21:11:16,767 [INFO]  
========== start: fit model
2024-04-08 21:11:16,767 [WARNING]  Already bound, ignoring bind()
2024-04-08 21:11:16,772 [INFO]  Epoch[0] Batch [0-4]	Speed: 20633.01 samples/sec	cross-entropy=12.772857	anorexia-accuracy=0.000000
2024-04-08 21:11:16,774 [INFO]  Epoch[0] Train-cross-entropy=10.991386
2024-04-08 21:11:16,774 [INFO]  Epoch[0] Train-anorexia-accuracy=0.000000
2024-04-08 21:11:16,774 [INFO]  Epoch[0] Time cost=0.006
2024-04-08 21:11:16,775 [INFO]  Saved checkpoint to "./imputer_model/25_hepatitis/imputer_model_anorexia/model-0000.params"
2024-04-08 21:11:16,776 [INFO]  Epoch[0] Validation-cross-entropy=7.754299
2024-04-08 21:11:16,776 [INFO]  Epoch[0] Validation-anorexia-accuracy=0.000000
2024-04-08 21:11:16,785 [INFO]  Epoch[1] Batch [0-4]	Speed: 9499.11 samples/sec	cross-entropy=3.562894	anorexia-accuracy=0.000000
2024-04-08 21:11:16,788 [INFO]  Epoch[1] Train-cross-entropy=4.931853
2024-04-08 21:11:16,789 [INFO]  Epoch[1] Train-anorexia-accuracy=0.000000
2024-04-08 21:11:16,789 [INFO]  Epoch[1] Time cost=0.012
2024-04-08 21:11:16,791 [INFO]  Saved checkpoint to "./imputer_model/25_hepatitis/imputer_model_anorexia/model-0001.params"
2024-04-08 21:11:16,792 [INFO]  Epoch[1] Validation-cross-entropy=3.225154
2024-04-08 21:11:16,792 [INFO]  Epoch[1] Validation-anorexia-accuracy=0.000000
2024-04-08 21:11:16,798 [INFO]  Epoch[2] Batch [0-4]	Speed: 14033.64 samples/sec	cross-entropy=1.529858	anorexia-accuracy=0.000000
2024-04-08 21:11:16,800 [INFO]  Epoch[2] Train-cross-entropy=1.872229
2024-04-08 21:11:16,800 [INFO]  Epoch[2] Train-anorexia-accuracy=0.000000
2024-04-08 21:11:16,800 [INFO]  Epoch[2] Time cost=0.008
2024-04-08 21:11:16,802 [INFO]  Saved checkpoint to "./imputer_model/25_hepatitis/imputer_model_anorexia/model-0002.params"
2024-04-08 21:11:16,802 [INFO]  Epoch[2] Validation-cross-entropy=0.875516
2024-04-08 21:11:16,802 [INFO]  Epoch[2] Validation-anorexia-accuracy=0.000000
2024-04-08 21:11:16,806 [INFO]  Epoch[3] Batch [0-4]	Speed: 21587.09 samples/sec	cross-entropy=0.927135	anorexia-accuracy=0.000000
2024-04-08 21:11:16,808 [INFO]  Epoch[3] Train-cross-entropy=1.274973
2024-04-08 21:11:16,808 [INFO]  Epoch[3] Train-anorexia-accuracy=0.000000
2024-04-08 21:11:16,808 [INFO]  Epoch[3] Time cost=0.005
2024-04-08 21:11:16,809 [INFO]  Saved checkpoint to "./imputer_model/25_hepatitis/imputer_model_anorexia/model-0003.params"
2024-04-08 21:11:16,810 [INFO]  Epoch[3] Validation-cross-entropy=0.360972
2024-04-08 21:11:16,810 [INFO]  Epoch[3] Validation-anorexia-accuracy=0.000000
2024-04-08 21:11:16,813 [INFO]  Epoch[4] Batch [0-4]	Speed: 28084.90 samples/sec	cross-entropy=0.614504	anorexia-accuracy=0.000000
2024-04-08 21:11:16,814 [INFO]  Epoch[4] Train-cross-entropy=0.769768
2024-04-08 21:11:16,814 [INFO]  Epoch[4] Train-anorexia-accuracy=0.000000
2024-04-08 21:11:16,814 [INFO]  Epoch[4] Time cost=0.004
2024-04-08 21:11:16,815 [INFO]  Saved checkpoint to "./imputer_model/25_hepatitis/imputer_model_anorexia/model-0004.params"
2024-04-08 21:11:16,816 [INFO]  Epoch[4] Validation-cross-entropy=0.218268
2024-04-08 21:11:16,816 [INFO]  Epoch[4] Validation-anorexia-accuracy=0.000000
2024-04-08 21:11:16,816 [INFO]  
========== done (0.04902458190917969 s) fit model
2024-04-08 21:11:19,236 [INFO]  
========== start: fit model
2024-04-08 21:11:19,236 [WARNING]  Already bound, ignoring bind()
2024-04-08 21:11:19,241 [INFO]  Epoch[0] Batch [0-4]	Speed: 22250.95 samples/sec	cross-entropy=12.608539	anorexia-accuracy=3.200000
2024-04-08 21:11:19,243 [INFO]  Epoch[0] Train-cross-entropy=2.954378
2024-04-08 21:11:19,243 [INFO]  Epoch[0] Train-anorexia-accuracy=3.500000
2024-04-08 21:11:19,243 [INFO]  Epoch[0] Time cost=0.006
2024-04-08 21:11:19,244 [INFO]  Saved checkpoint to "./imputer_model/25_hepatitis/imputer_model_anorexia/model-0000.params"
2024-04-08 21:11:19,245 [INFO]  Epoch[0] Validation-cross-entropy=2.556139
2024-04-08 21:11:19,245 [INFO]  Epoch[0] Validation-anorexia-accuracy=0.000000
2024-04-08 21:11:19,248 [INFO]  Epoch[1] Batch [0-4]	Speed: 23561.44 samples/sec	cross-entropy=4.659181	anorexia-accuracy=3.200000
2024-04-08 21:11:19,250 [INFO]  Epoch[1] Train-cross-entropy=1.706950
2024-04-08 21:11:19,250 [INFO]  Epoch[1] Train-anorexia-accuracy=3.500000
2024-04-08 21:11:19,250 [INFO]  Epoch[1] Time cost=0.005
2024-04-08 21:11:19,251 [INFO]  Saved checkpoint to "./imputer_model/25_hepatitis/imputer_model_anorexia/model-0001.params"
2024-04-08 21:11:19,252 [INFO]  Epoch[1] Validation-cross-entropy=1.873719
2024-04-08 21:11:19,252 [INFO]  Epoch[1] Validation-anorexia-accuracy=0.000000
2024-04-08 21:11:19,261 [INFO]  Epoch[2] Batch [0-4]	Speed: 9155.68 samples/sec	cross-entropy=2.213527	anorexia-accuracy=3.200000
2024-04-08 21:11:19,265 [INFO]  Epoch[2] Train-cross-entropy=0.679298
2024-04-08 21:11:19,265 [INFO]  Epoch[2] Train-anorexia-accuracy=3.500000
2024-04-08 21:11:19,265 [INFO]  Epoch[2] Time cost=0.013
2024-04-08 21:11:19,267 [INFO]  Saved checkpoint to "./imputer_model/25_hepatitis/imputer_model_anorexia/model-0002.params"
2024-04-08 21:11:19,268 [INFO]  Epoch[2] Validation-cross-entropy=1.217963
2024-04-08 21:11:19,268 [INFO]  Epoch[2] Validation-anorexia-accuracy=0.000000
2024-04-08 21:11:19,274 [INFO]  Epoch[3] Batch [0-4]	Speed: 15209.67 samples/sec	cross-entropy=1.094612	anorexia-accuracy=3.200000
2024-04-08 21:11:19,276 [INFO]  Epoch[3] Train-cross-entropy=0.534402
2024-04-08 21:11:19,276 [INFO]  Epoch[3] Train-anorexia-accuracy=3.500000
2024-04-08 21:11:19,276 [INFO]  Epoch[3] Time cost=0.008
2024-04-08 21:11:19,277 [INFO]  Saved checkpoint to "./imputer_model/25_hepatitis/imputer_model_anorexia/model-0003.params"
2024-04-08 21:11:19,278 [INFO]  Epoch[3] Validation-cross-entropy=0.606364
2024-04-08 21:11:19,278 [INFO]  Epoch[3] Validation-anorexia-accuracy=0.000000
2024-04-08 21:11:19,282 [INFO]  Epoch[4] Batch [0-4]	Speed: 21380.76 samples/sec	cross-entropy=0.672439	anorexia-accuracy=3.200000
2024-04-08 21:11:19,284 [INFO]  Epoch[4] Train-cross-entropy=0.551449
2024-04-08 21:11:19,284 [INFO]  Epoch[4] Train-anorexia-accuracy=3.500000
2024-04-08 21:11:19,284 [INFO]  Epoch[4] Time cost=0.006
2024-04-08 21:11:19,285 [INFO]  Saved checkpoint to "./imputer_model/25_hepatitis/imputer_model_anorexia/model-0004.params"
2024-04-08 21:11:19,286 [INFO]  Epoch[4] Validation-cross-entropy=0.420726
2024-04-08 21:11:19,286 [INFO]  Epoch[4] Validation-anorexia-accuracy=0.000000
2024-04-08 21:11:19,286 [INFO]  
========== done (0.04947400093078613 s) fit model
