2024-04-08 21:09:37,045 [INFO]  
========== start: fit model
2024-04-08 21:09:37,045 [WARNING]  Already bound, ignoring bind()
2024-04-08 21:09:37,082 [INFO]  Epoch[0] Batch [0-4]	Speed: 2505.39 samples/sec	cross-entropy=11.056176	ascites-accuracy=2.000000
2024-04-08 21:09:37,084 [INFO]  Epoch[0] Train-cross-entropy=0.825928
2024-04-08 21:09:37,085 [INFO]  Epoch[0] Train-ascites-accuracy=2.000000
2024-04-08 21:09:37,085 [INFO]  Epoch[0] Time cost=0.038
2024-04-08 21:09:37,088 [INFO]  Saved checkpoint to "./imputer_model/25_hepatitis/imputer_model_ascites/model-0000.params"
2024-04-08 21:09:37,108 [INFO]  Epoch[0] Validation-cross-entropy=7.690182
2024-04-08 21:09:37,108 [INFO]  Epoch[0] Validation-ascites-accuracy=0.000000
2024-04-08 21:09:37,113 [INFO]  Epoch[1] Batch [0-4]	Speed: 15275.45 samples/sec	cross-entropy=0.632300	ascites-accuracy=2.000000
2024-04-08 21:09:37,116 [INFO]  Epoch[1] Train-cross-entropy=0.619751
2024-04-08 21:09:37,116 [INFO]  Epoch[1] Train-ascites-accuracy=2.000000
2024-04-08 21:09:37,116 [INFO]  Epoch[1] Time cost=0.008
2024-04-08 21:09:37,117 [INFO]  Saved checkpoint to "./imputer_model/25_hepatitis/imputer_model_ascites/model-0001.params"
2024-04-08 21:09:37,118 [INFO]  Epoch[1] Validation-cross-entropy=4.304698
2024-04-08 21:09:37,118 [INFO]  Epoch[1] Validation-ascites-accuracy=0.000000
2024-04-08 21:09:37,123 [INFO]  Epoch[2] Batch [0-4]	Speed: 15330.41 samples/sec	cross-entropy=1.371091	ascites-accuracy=2.000000
2024-04-08 21:09:37,125 [INFO]  Epoch[2] Train-cross-entropy=0.500269
2024-04-08 21:09:37,125 [INFO]  Epoch[2] Train-ascites-accuracy=2.000000
2024-04-08 21:09:37,126 [INFO]  Epoch[2] Time cost=0.008
2024-04-08 21:09:37,127 [INFO]  Saved checkpoint to "./imputer_model/25_hepatitis/imputer_model_ascites/model-0002.params"
2024-04-08 21:09:37,128 [INFO]  Epoch[2] Validation-cross-entropy=2.469040
2024-04-08 21:09:37,128 [INFO]  Epoch[2] Validation-ascites-accuracy=0.000000
2024-04-08 21:09:37,133 [INFO]  Epoch[3] Batch [0-4]	Speed: 15251.15 samples/sec	cross-entropy=0.479793	ascites-accuracy=2.000000
2024-04-08 21:09:37,135 [INFO]  Epoch[3] Train-cross-entropy=0.086937
2024-04-08 21:09:37,135 [INFO]  Epoch[3] Train-ascites-accuracy=2.000000
2024-04-08 21:09:37,135 [INFO]  Epoch[3] Time cost=0.008
2024-04-08 21:09:37,137 [INFO]  Saved checkpoint to "./imputer_model/25_hepatitis/imputer_model_ascites/model-0003.params"
2024-04-08 21:09:37,137 [INFO]  Epoch[3] Validation-cross-entropy=0.031502
2024-04-08 21:09:37,137 [INFO]  Epoch[3] Validation-ascites-accuracy=0.000000
2024-04-08 21:09:37,143 [INFO]  Epoch[4] Batch [0-4]	Speed: 14611.12 samples/sec	cross-entropy=0.101199	ascites-accuracy=2.000000
2024-04-08 21:09:37,145 [INFO]  Epoch[4] Train-cross-entropy=0.100501
2024-04-08 21:09:37,145 [INFO]  Epoch[4] Train-ascites-accuracy=2.000000
2024-04-08 21:09:37,145 [INFO]  Epoch[4] Time cost=0.008
2024-04-08 21:09:37,147 [INFO]  Saved checkpoint to "./imputer_model/25_hepatitis/imputer_model_ascites/model-0004.params"
2024-04-08 21:09:37,148 [INFO]  Epoch[4] Validation-cross-entropy=0.310008
2024-04-08 21:09:37,148 [INFO]  Epoch[4] Validation-ascites-accuracy=0.000000
2024-04-08 21:09:37,148 [INFO]  
========== done (0.10270452499389648 s) fit model
2024-04-08 21:09:40,502 [INFO]  
========== start: fit model
2024-04-08 21:09:40,502 [WARNING]  Already bound, ignoring bind()
2024-04-08 21:09:40,532 [INFO]  Epoch[0] Batch [0-4]	Speed: 14518.66 samples/sec	cross-entropy=10.866153	ascites-accuracy=2.200000
2024-04-08 21:09:40,534 [INFO]  Epoch[0] Train-cross-entropy=10.120156
2024-04-08 21:09:40,534 [INFO]  Epoch[0] Train-ascites-accuracy=1.000000
2024-04-08 21:09:40,534 [INFO]  Epoch[0] Time cost=0.031
2024-04-08 21:09:40,535 [INFO]  Saved checkpoint to "./imputer_model/25_hepatitis/imputer_model_ascites/model-0000.params"
2024-04-08 21:09:40,536 [INFO]  Epoch[0] Validation-cross-entropy=2.404840
2024-04-08 21:09:40,536 [INFO]  Epoch[0] Validation-ascites-accuracy=0.000000
2024-04-08 21:09:40,541 [INFO]  Epoch[1] Batch [0-4]	Speed: 16909.32 samples/sec	cross-entropy=1.537945	ascites-accuracy=2.200000
2024-04-08 21:09:40,544 [INFO]  Epoch[1] Train-cross-entropy=0.704737
2024-04-08 21:09:40,544 [INFO]  Epoch[1] Train-ascites-accuracy=1.000000
2024-04-08 21:09:40,544 [INFO]  Epoch[1] Time cost=0.008
2024-04-08 21:09:40,546 [INFO]  Saved checkpoint to "./imputer_model/25_hepatitis/imputer_model_ascites/model-0001.params"
2024-04-08 21:09:40,547 [INFO]  Epoch[1] Validation-cross-entropy=1.794738
2024-04-08 21:09:40,547 [INFO]  Epoch[1] Validation-ascites-accuracy=0.000000
2024-04-08 21:09:40,553 [INFO]  Epoch[2] Batch [0-4]	Speed: 13560.09 samples/sec	cross-entropy=0.845201	ascites-accuracy=2.200000
2024-04-08 21:09:40,555 [INFO]  Epoch[2] Train-cross-entropy=1.681868
2024-04-08 21:09:40,556 [INFO]  Epoch[2] Train-ascites-accuracy=1.000000
2024-04-08 21:09:40,556 [INFO]  Epoch[2] Time cost=0.009
2024-04-08 21:09:40,557 [INFO]  Saved checkpoint to "./imputer_model/25_hepatitis/imputer_model_ascites/model-0002.params"
2024-04-08 21:09:40,558 [INFO]  Epoch[2] Validation-cross-entropy=4.308633
2024-04-08 21:09:40,558 [INFO]  Epoch[2] Validation-ascites-accuracy=0.000000
2024-04-08 21:09:40,563 [INFO]  Epoch[3] Batch [0-4]	Speed: 14688.67 samples/sec	cross-entropy=0.672073	ascites-accuracy=2.200000
2024-04-08 21:09:40,566 [INFO]  Epoch[3] Train-cross-entropy=0.586822
2024-04-08 21:09:40,566 [INFO]  Epoch[3] Train-ascites-accuracy=1.000000
2024-04-08 21:09:40,566 [INFO]  Epoch[3] Time cost=0.008
2024-04-08 21:09:40,567 [INFO]  Saved checkpoint to "./imputer_model/25_hepatitis/imputer_model_ascites/model-0003.params"
2024-04-08 21:09:40,568 [INFO]  Epoch[3] Validation-cross-entropy=0.546396
2024-04-08 21:09:40,568 [INFO]  Epoch[3] Validation-ascites-accuracy=0.000000
2024-04-08 21:09:40,573 [INFO]  Epoch[4] Batch [0-4]	Speed: 18879.97 samples/sec	cross-entropy=0.128634	ascites-accuracy=2.200000
2024-04-08 21:09:40,574 [INFO]  Epoch[4] Train-cross-entropy=0.095031
2024-04-08 21:09:40,574 [INFO]  Epoch[4] Train-ascites-accuracy=1.000000
2024-04-08 21:09:40,574 [INFO]  Epoch[4] Time cost=0.006
2024-04-08 21:09:40,576 [INFO]  Saved checkpoint to "./imputer_model/25_hepatitis/imputer_model_ascites/model-0004.params"
2024-04-08 21:09:40,576 [INFO]  Epoch[4] Validation-cross-entropy=0.540506
2024-04-08 21:09:40,576 [INFO]  Epoch[4] Validation-ascites-accuracy=0.000000
2024-04-08 21:09:40,576 [INFO]  
========== done (0.07444453239440918 s) fit model
2024-04-08 21:09:43,683 [INFO]  
========== start: fit model
2024-04-08 21:09:43,683 [WARNING]  Already bound, ignoring bind()
2024-04-08 21:09:43,689 [INFO]  Epoch[0] Batch [0-4]	Speed: 18685.47 samples/sec	cross-entropy=5.438492	ascites-accuracy=0.000000
2024-04-08 21:09:43,691 [INFO]  Epoch[0] Train-cross-entropy=1.782551
2024-04-08 21:09:43,691 [INFO]  Epoch[0] Train-ascites-accuracy=0.000000
2024-04-08 21:09:43,691 [INFO]  Epoch[0] Time cost=0.007
2024-04-08 21:09:43,692 [INFO]  Saved checkpoint to "./imputer_model/25_hepatitis/imputer_model_ascites/model-0000.params"
2024-04-08 21:09:43,693 [INFO]  Epoch[0] Validation-cross-entropy=2.030967
2024-04-08 21:09:43,693 [INFO]  Epoch[0] Validation-ascites-accuracy=0.000000
2024-04-08 21:09:43,697 [INFO]  Epoch[1] Batch [0-4]	Speed: 22221.48 samples/sec	cross-entropy=0.896534	ascites-accuracy=0.000000
2024-04-08 21:09:43,699 [INFO]  Epoch[1] Train-cross-entropy=0.325319
2024-04-08 21:09:43,699 [INFO]  Epoch[1] Train-ascites-accuracy=0.000000
2024-04-08 21:09:43,699 [INFO]  Epoch[1] Time cost=0.006
2024-04-08 21:09:43,700 [INFO]  Saved checkpoint to "./imputer_model/25_hepatitis/imputer_model_ascites/model-0001.params"
2024-04-08 21:09:43,702 [INFO]  Epoch[1] Validation-cross-entropy=0.164673
2024-04-08 21:09:43,702 [INFO]  Epoch[1] Validation-ascites-accuracy=0.000000
2024-04-08 21:09:43,705 [INFO]  Epoch[2] Batch [0-4]	Speed: 24220.47 samples/sec	cross-entropy=0.349237	ascites-accuracy=0.000000
2024-04-08 21:09:43,707 [INFO]  Epoch[2] Train-cross-entropy=0.381319
2024-04-08 21:09:43,707 [INFO]  Epoch[2] Train-ascites-accuracy=0.000000
2024-04-08 21:09:43,707 [INFO]  Epoch[2] Time cost=0.005
2024-04-08 21:09:43,713 [INFO]  Saved checkpoint to "./imputer_model/25_hepatitis/imputer_model_ascites/model-0002.params"
2024-04-08 21:09:43,718 [INFO]  Epoch[2] Validation-cross-entropy=0.506516
2024-04-08 21:09:43,718 [INFO]  Epoch[2] Validation-ascites-accuracy=0.000000
2024-04-08 21:09:43,724 [INFO]  Epoch[3] Batch [0-4]	Speed: 14731.39 samples/sec	cross-entropy=0.402779	ascites-accuracy=0.000000
2024-04-08 21:09:43,726 [INFO]  Epoch[3] Train-cross-entropy=0.243555
2024-04-08 21:09:43,726 [INFO]  Epoch[3] Train-ascites-accuracy=0.000000
2024-04-08 21:09:43,726 [INFO]  Epoch[3] Time cost=0.009
2024-04-08 21:09:43,728 [INFO]  Saved checkpoint to "./imputer_model/25_hepatitis/imputer_model_ascites/model-0003.params"
2024-04-08 21:09:43,729 [INFO]  Epoch[3] Validation-cross-entropy=0.258743
2024-04-08 21:09:43,729 [INFO]  Epoch[3] Validation-ascites-accuracy=0.000000
2024-04-08 21:09:43,734 [INFO]  Epoch[4] Batch [0-4]	Speed: 14712.82 samples/sec	cross-entropy=0.108857	ascites-accuracy=0.000000
2024-04-08 21:09:43,737 [INFO]  Epoch[4] Train-cross-entropy=0.042657
2024-04-08 21:09:43,737 [INFO]  Epoch[4] Train-ascites-accuracy=0.000000
2024-04-08 21:09:43,737 [INFO]  Epoch[4] Time cost=0.008
2024-04-08 21:09:43,739 [INFO]  Saved checkpoint to "./imputer_model/25_hepatitis/imputer_model_ascites/model-0004.params"
2024-04-08 21:09:43,740 [INFO]  Epoch[4] Validation-cross-entropy=0.048088
2024-04-08 21:09:43,740 [INFO]  Epoch[4] Validation-ascites-accuracy=0.000000
2024-04-08 21:09:43,741 [INFO]  
========== done (0.05734825134277344 s) fit model
2024-04-08 21:09:47,201 [INFO]  
========== start: fit model
2024-04-08 21:09:47,201 [WARNING]  Already bound, ignoring bind()
2024-04-08 21:09:47,207 [INFO]  Epoch[0] Batch [0-4]	Speed: 21911.31 samples/sec	cross-entropy=36.791286	ascites-accuracy=1.400000
2024-04-08 21:09:47,209 [INFO]  Epoch[0] Train-cross-entropy=14.273234
2024-04-08 21:09:47,209 [INFO]  Epoch[0] Train-ascites-accuracy=5.000000
2024-04-08 21:09:47,209 [INFO]  Epoch[0] Time cost=0.007
2024-04-08 21:09:47,210 [INFO]  Saved checkpoint to "./imputer_model/25_hepatitis/imputer_model_ascites/model-0000.params"
2024-04-08 21:09:47,211 [INFO]  Epoch[0] Validation-cross-entropy=23.168037
2024-04-08 21:09:47,211 [INFO]  Epoch[0] Validation-ascites-accuracy=0.000000
2024-04-08 21:09:47,215 [INFO]  Epoch[1] Batch [0-4]	Speed: 22771.93 samples/sec	cross-entropy=11.198158	ascites-accuracy=1.400000
2024-04-08 21:09:47,216 [INFO]  Epoch[1] Train-cross-entropy=3.137009
2024-04-08 21:09:47,216 [INFO]  Epoch[1] Train-ascites-accuracy=5.000000
2024-04-08 21:09:47,216 [INFO]  Epoch[1] Time cost=0.005
2024-04-08 21:09:47,218 [INFO]  Saved checkpoint to "./imputer_model/25_hepatitis/imputer_model_ascites/model-0001.params"
2024-04-08 21:09:47,218 [INFO]  Epoch[1] Validation-cross-entropy=3.443585
2024-04-08 21:09:47,218 [INFO]  Epoch[1] Validation-ascites-accuracy=0.000000
2024-04-08 21:09:47,222 [INFO]  Epoch[2] Batch [0-4]	Speed: 20857.46 samples/sec	cross-entropy=1.823087	ascites-accuracy=1.400000
2024-04-08 21:09:47,224 [INFO]  Epoch[2] Train-cross-entropy=0.748406
2024-04-08 21:09:47,224 [INFO]  Epoch[2] Train-ascites-accuracy=5.000000
2024-04-08 21:09:47,224 [INFO]  Epoch[2] Time cost=0.006
2024-04-08 21:09:47,226 [INFO]  Saved checkpoint to "./imputer_model/25_hepatitis/imputer_model_ascites/model-0002.params"
2024-04-08 21:09:47,226 [INFO]  Epoch[2] Validation-cross-entropy=0.668975
2024-04-08 21:09:47,226 [INFO]  Epoch[2] Validation-ascites-accuracy=0.000000
2024-04-08 21:09:47,232 [INFO]  Epoch[3] Batch [0-4]	Speed: 15283.28 samples/sec	cross-entropy=0.761688	ascites-accuracy=1.400000
2024-04-08 21:09:47,237 [INFO]  Epoch[3] Train-cross-entropy=1.015585
2024-04-08 21:09:47,238 [INFO]  Epoch[3] Train-ascites-accuracy=5.000000
2024-04-08 21:09:47,238 [INFO]  Epoch[3] Time cost=0.011
2024-04-08 21:09:47,239 [INFO]  Saved checkpoint to "./imputer_model/25_hepatitis/imputer_model_ascites/model-0003.params"
2024-04-08 21:09:47,240 [INFO]  Epoch[3] Validation-cross-entropy=1.541889
2024-04-08 21:09:47,240 [INFO]  Epoch[3] Validation-ascites-accuracy=0.000000
2024-04-08 21:09:47,245 [INFO]  Epoch[4] Batch [0-4]	Speed: 14931.33 samples/sec	cross-entropy=0.966475	ascites-accuracy=1.400000
2024-04-08 21:09:47,248 [INFO]  Epoch[4] Train-cross-entropy=0.902216
2024-04-08 21:09:47,248 [INFO]  Epoch[4] Train-ascites-accuracy=5.000000
2024-04-08 21:09:47,248 [INFO]  Epoch[4] Time cost=0.008
2024-04-08 21:09:47,249 [INFO]  Saved checkpoint to "./imputer_model/25_hepatitis/imputer_model_ascites/model-0004.params"
2024-04-08 21:09:47,251 [INFO]  Epoch[4] Validation-cross-entropy=0.975703
2024-04-08 21:09:47,251 [INFO]  Epoch[4] Validation-ascites-accuracy=0.000000
2024-04-08 21:09:47,251 [INFO]  
========== done (0.05022454261779785 s) fit model
2024-04-08 21:09:50,444 [INFO]  
========== start: fit model
2024-04-08 21:09:50,444 [WARNING]  Already bound, ignoring bind()
2024-04-08 21:09:50,450 [INFO]  Epoch[0] Batch [0-4]	Speed: 21873.81 samples/sec	cross-entropy=13.492447	ascites-accuracy=2.200000
2024-04-08 21:09:50,451 [INFO]  Epoch[0] Train-cross-entropy=10.622822
2024-04-08 21:09:50,451 [INFO]  Epoch[0] Train-ascites-accuracy=2.000000
2024-04-08 21:09:50,451 [INFO]  Epoch[0] Time cost=0.006
2024-04-08 21:09:50,453 [INFO]  Saved checkpoint to "./imputer_model/25_hepatitis/imputer_model_ascites/model-0000.params"
2024-04-08 21:09:50,453 [INFO]  Epoch[0] Validation-cross-entropy=7.589359
2024-04-08 21:09:50,454 [INFO]  Epoch[0] Validation-ascites-accuracy=0.000000
2024-04-08 21:09:50,457 [INFO]  Epoch[1] Batch [0-4]	Speed: 22097.09 samples/sec	cross-entropy=1.767325	ascites-accuracy=2.200000
2024-04-08 21:09:50,459 [INFO]  Epoch[1] Train-cross-entropy=1.306707
2024-04-08 21:09:50,459 [INFO]  Epoch[1] Train-ascites-accuracy=2.000000
2024-04-08 21:09:50,459 [INFO]  Epoch[1] Time cost=0.006
2024-04-08 21:09:50,461 [INFO]  Saved checkpoint to "./imputer_model/25_hepatitis/imputer_model_ascites/model-0001.params"
2024-04-08 21:09:50,461 [INFO]  Epoch[1] Validation-cross-entropy=0.781086
2024-04-08 21:09:50,461 [INFO]  Epoch[1] Validation-ascites-accuracy=0.000000
2024-04-08 21:09:50,466 [INFO]  Epoch[2] Batch [0-4]	Speed: 16770.93 samples/sec	cross-entropy=0.999406	ascites-accuracy=2.200000
2024-04-08 21:09:50,467 [INFO]  Epoch[2] Train-cross-entropy=0.992825
2024-04-08 21:09:50,468 [INFO]  Epoch[2] Train-ascites-accuracy=2.000000
2024-04-08 21:09:50,468 [INFO]  Epoch[2] Time cost=0.006
2024-04-08 21:09:50,469 [INFO]  Saved checkpoint to "./imputer_model/25_hepatitis/imputer_model_ascites/model-0002.params"
2024-04-08 21:09:50,469 [INFO]  Epoch[2] Validation-cross-entropy=1.046876
2024-04-08 21:09:50,470 [INFO]  Epoch[2] Validation-ascites-accuracy=0.000000
2024-04-08 21:09:50,473 [INFO]  Epoch[3] Batch [0-4]	Speed: 22135.36 samples/sec	cross-entropy=1.117809	ascites-accuracy=2.200000
2024-04-08 21:09:50,475 [INFO]  Epoch[3] Train-cross-entropy=0.606744
2024-04-08 21:09:50,475 [INFO]  Epoch[3] Train-ascites-accuracy=2.000000
2024-04-08 21:09:50,475 [INFO]  Epoch[3] Time cost=0.005
2024-04-08 21:09:50,476 [INFO]  Saved checkpoint to "./imputer_model/25_hepatitis/imputer_model_ascites/model-0003.params"
2024-04-08 21:09:50,477 [INFO]  Epoch[3] Validation-cross-entropy=0.422904
2024-04-08 21:09:50,477 [INFO]  Epoch[3] Validation-ascites-accuracy=0.000000
2024-04-08 21:09:50,480 [INFO]  Epoch[4] Batch [0-4]	Speed: 22131.71 samples/sec	cross-entropy=0.468525	ascites-accuracy=2.200000
2024-04-08 21:09:50,482 [INFO]  Epoch[4] Train-cross-entropy=0.284129
2024-04-08 21:09:50,482 [INFO]  Epoch[4] Train-ascites-accuracy=2.000000
2024-04-08 21:09:50,482 [INFO]  Epoch[4] Time cost=0.005
2024-04-08 21:09:50,483 [INFO]  Saved checkpoint to "./imputer_model/25_hepatitis/imputer_model_ascites/model-0004.params"
2024-04-08 21:09:50,484 [INFO]  Epoch[4] Validation-cross-entropy=0.101776
2024-04-08 21:09:50,484 [INFO]  Epoch[4] Validation-ascites-accuracy=0.000000
2024-04-08 21:09:50,484 [INFO]  
========== done (0.04011273384094238 s) fit model
2024-04-08 21:09:54,045 [INFO]  
========== start: fit model
2024-04-08 21:09:54,045 [WARNING]  Already bound, ignoring bind()
2024-04-08 21:09:54,058 [INFO]  Epoch[0] Batch [0-4]	Speed: 7126.73 samples/sec	cross-entropy=21.882994	ascites-accuracy=2.000000
2024-04-08 21:09:54,063 [INFO]  Epoch[0] Train-cross-entropy=4.926215
2024-04-08 21:09:54,063 [INFO]  Epoch[0] Train-ascites-accuracy=2.500000
2024-04-08 21:09:54,063 [INFO]  Epoch[0] Time cost=0.017
2024-04-08 21:09:54,065 [INFO]  Saved checkpoint to "./imputer_model/25_hepatitis/imputer_model_ascites/model-0000.params"
2024-04-08 21:09:54,066 [INFO]  Epoch[0] Validation-cross-entropy=8.590733
2024-04-08 21:09:54,066 [INFO]  Epoch[0] Validation-ascites-accuracy=0.000000
2024-04-08 21:09:54,074 [INFO]  Epoch[1] Batch [0-4]	Speed: 11606.51 samples/sec	cross-entropy=2.751053	ascites-accuracy=2.000000
2024-04-08 21:09:54,076 [INFO]  Epoch[1] Train-cross-entropy=0.978941
2024-04-08 21:09:54,076 [INFO]  Epoch[1] Train-ascites-accuracy=2.500000
2024-04-08 21:09:54,076 [INFO]  Epoch[1] Time cost=0.010
2024-04-08 21:09:54,078 [INFO]  Saved checkpoint to "./imputer_model/25_hepatitis/imputer_model_ascites/model-0001.params"
2024-04-08 21:09:54,078 [INFO]  Epoch[1] Validation-cross-entropy=1.270218
2024-04-08 21:09:54,078 [INFO]  Epoch[1] Validation-ascites-accuracy=0.000000
2024-04-08 21:09:54,084 [INFO]  Epoch[2] Batch [0-4]	Speed: 14504.54 samples/sec	cross-entropy=1.229926	ascites-accuracy=2.000000
2024-04-08 21:09:54,086 [INFO]  Epoch[2] Train-cross-entropy=1.367522
2024-04-08 21:09:54,086 [INFO]  Epoch[2] Train-ascites-accuracy=2.500000
2024-04-08 21:09:54,087 [INFO]  Epoch[2] Time cost=0.008
2024-04-08 21:09:54,088 [INFO]  Saved checkpoint to "./imputer_model/25_hepatitis/imputer_model_ascites/model-0002.params"
2024-04-08 21:09:54,089 [INFO]  Epoch[2] Validation-cross-entropy=0.770009
2024-04-08 21:09:54,089 [INFO]  Epoch[2] Validation-ascites-accuracy=0.000000
2024-04-08 21:09:54,094 [INFO]  Epoch[3] Batch [0-4]	Speed: 14769.49 samples/sec	cross-entropy=1.224168	ascites-accuracy=2.000000
2024-04-08 21:09:54,097 [INFO]  Epoch[3] Train-cross-entropy=0.797882
2024-04-08 21:09:54,097 [INFO]  Epoch[3] Train-ascites-accuracy=2.500000
2024-04-08 21:09:54,097 [INFO]  Epoch[3] Time cost=0.008
2024-04-08 21:09:54,098 [INFO]  Saved checkpoint to "./imputer_model/25_hepatitis/imputer_model_ascites/model-0003.params"
2024-04-08 21:09:54,099 [INFO]  Epoch[3] Validation-cross-entropy=0.401399
2024-04-08 21:09:54,099 [INFO]  Epoch[3] Validation-ascites-accuracy=0.000000
2024-04-08 21:09:54,104 [INFO]  Epoch[4] Batch [0-4]	Speed: 14765.43 samples/sec	cross-entropy=0.375171	ascites-accuracy=2.000000
2024-04-08 21:09:54,107 [INFO]  Epoch[4] Train-cross-entropy=0.206173
2024-04-08 21:09:54,107 [INFO]  Epoch[4] Train-ascites-accuracy=2.500000
2024-04-08 21:09:54,107 [INFO]  Epoch[4] Time cost=0.008
2024-04-08 21:09:54,108 [INFO]  Saved checkpoint to "./imputer_model/25_hepatitis/imputer_model_ascites/model-0004.params"
2024-04-08 21:09:54,109 [INFO]  Epoch[4] Validation-cross-entropy=0.259318
2024-04-08 21:09:54,109 [INFO]  Epoch[4] Validation-ascites-accuracy=0.000000
2024-04-08 21:09:54,109 [INFO]  
========== done (0.06432342529296875 s) fit model
2024-04-08 21:09:57,512 [INFO]  
========== start: fit model
2024-04-08 21:09:57,512 [WARNING]  Already bound, ignoring bind()
2024-04-08 21:09:57,533 [INFO]  Epoch[0] Batch [0-4]	Speed: 4492.64 samples/sec	cross-entropy=25.326158	ascites-accuracy=0.000000
2024-04-08 21:09:57,539 [INFO]  Epoch[0] Train-cross-entropy=3.855600
2024-04-08 21:09:57,539 [INFO]  Epoch[0] Train-ascites-accuracy=0.000000
2024-04-08 21:09:57,539 [INFO]  Epoch[0] Time cost=0.026
2024-04-08 21:09:57,542 [INFO]  Saved checkpoint to "./imputer_model/25_hepatitis/imputer_model_ascites/model-0000.params"
2024-04-08 21:09:57,543 [INFO]  Epoch[0] Validation-cross-entropy=1.899729
2024-04-08 21:09:57,543 [INFO]  Epoch[0] Validation-ascites-accuracy=0.000000
2024-04-08 21:09:57,549 [INFO]  Epoch[1] Batch [0-4]	Speed: 15329.53 samples/sec	cross-entropy=3.261771	ascites-accuracy=0.000000
2024-04-08 21:09:57,551 [INFO]  Epoch[1] Train-cross-entropy=1.705398
2024-04-08 21:09:57,551 [INFO]  Epoch[1] Train-ascites-accuracy=0.000000
2024-04-08 21:09:57,551 [INFO]  Epoch[1] Time cost=0.008
2024-04-08 21:09:57,553 [INFO]  Saved checkpoint to "./imputer_model/25_hepatitis/imputer_model_ascites/model-0001.params"
2024-04-08 21:09:57,554 [INFO]  Epoch[1] Validation-cross-entropy=2.030020
2024-04-08 21:09:57,554 [INFO]  Epoch[1] Validation-ascites-accuracy=0.000000
2024-04-08 21:09:57,560 [INFO]  Epoch[2] Batch [0-4]	Speed: 14425.03 samples/sec	cross-entropy=1.469275	ascites-accuracy=0.000000
2024-04-08 21:09:57,562 [INFO]  Epoch[2] Train-cross-entropy=1.665876
2024-04-08 21:09:57,562 [INFO]  Epoch[2] Train-ascites-accuracy=0.000000
2024-04-08 21:09:57,562 [INFO]  Epoch[2] Time cost=0.008
2024-04-08 21:09:57,564 [INFO]  Saved checkpoint to "./imputer_model/25_hepatitis/imputer_model_ascites/model-0002.params"
2024-04-08 21:09:57,565 [INFO]  Epoch[2] Validation-cross-entropy=1.255396
2024-04-08 21:09:57,565 [INFO]  Epoch[2] Validation-ascites-accuracy=0.000000
2024-04-08 21:09:57,571 [INFO]  Epoch[3] Batch [0-4]	Speed: 14890.74 samples/sec	cross-entropy=1.457511	ascites-accuracy=0.000000
2024-04-08 21:09:57,573 [INFO]  Epoch[3] Train-cross-entropy=0.553030
2024-04-08 21:09:57,573 [INFO]  Epoch[3] Train-ascites-accuracy=0.000000
2024-04-08 21:09:57,573 [INFO]  Epoch[3] Time cost=0.008
2024-04-08 21:09:57,576 [INFO]  Saved checkpoint to "./imputer_model/25_hepatitis/imputer_model_ascites/model-0003.params"
2024-04-08 21:09:57,576 [INFO]  Epoch[3] Validation-cross-entropy=0.134057
2024-04-08 21:09:57,576 [INFO]  Epoch[3] Validation-ascites-accuracy=0.000000
2024-04-08 21:09:57,582 [INFO]  Epoch[4] Batch [0-4]	Speed: 14903.15 samples/sec	cross-entropy=0.393600	ascites-accuracy=0.000000
2024-04-08 21:09:57,584 [INFO]  Epoch[4] Train-cross-entropy=0.149287
2024-04-08 21:09:57,585 [INFO]  Epoch[4] Train-ascites-accuracy=0.000000
2024-04-08 21:09:57,585 [INFO]  Epoch[4] Time cost=0.008
2024-04-08 21:09:57,587 [INFO]  Saved checkpoint to "./imputer_model/25_hepatitis/imputer_model_ascites/model-0004.params"
2024-04-08 21:09:57,588 [INFO]  Epoch[4] Validation-cross-entropy=0.080293
2024-04-08 21:09:57,588 [INFO]  Epoch[4] Validation-ascites-accuracy=0.000000
2024-04-08 21:09:57,588 [INFO]  
========== done (0.07609915733337402 s) fit model
2024-04-08 21:10:00,993 [INFO]  
========== start: fit model
2024-04-08 21:10:00,993 [WARNING]  Already bound, ignoring bind()
2024-04-08 21:10:00,999 [INFO]  Epoch[0] Batch [0-4]	Speed: 21938.17 samples/sec	cross-entropy=8.194152	ascites-accuracy=1.600000
2024-04-08 21:10:01,000 [INFO]  Epoch[0] Train-cross-entropy=1.865139
2024-04-08 21:10:01,000 [INFO]  Epoch[0] Train-ascites-accuracy=2.000000
2024-04-08 21:10:01,000 [INFO]  Epoch[0] Time cost=0.006
2024-04-08 21:10:01,002 [INFO]  Saved checkpoint to "./imputer_model/25_hepatitis/imputer_model_ascites/model-0000.params"
2024-04-08 21:10:01,002 [INFO]  Epoch[0] Validation-cross-entropy=0.590011
2024-04-08 21:10:01,003 [INFO]  Epoch[0] Validation-ascites-accuracy=0.000000
2024-04-08 21:10:01,006 [INFO]  Epoch[1] Batch [0-4]	Speed: 22120.76 samples/sec	cross-entropy=1.043015	ascites-accuracy=1.600000
2024-04-08 21:10:01,008 [INFO]  Epoch[1] Train-cross-entropy=1.159539
2024-04-08 21:10:01,008 [INFO]  Epoch[1] Train-ascites-accuracy=2.000000
2024-04-08 21:10:01,008 [INFO]  Epoch[1] Time cost=0.005
2024-04-08 21:10:01,009 [INFO]  Saved checkpoint to "./imputer_model/25_hepatitis/imputer_model_ascites/model-0001.params"
2024-04-08 21:10:01,010 [INFO]  Epoch[1] Validation-cross-entropy=0.237557
2024-04-08 21:10:01,010 [INFO]  Epoch[1] Validation-ascites-accuracy=0.000000
2024-04-08 21:10:01,014 [INFO]  Epoch[2] Batch [0-4]	Speed: 22245.42 samples/sec	cross-entropy=0.933969	ascites-accuracy=1.600000
2024-04-08 21:10:01,018 [INFO]  Epoch[2] Train-cross-entropy=0.592368
2024-04-08 21:10:01,018 [INFO]  Epoch[2] Train-ascites-accuracy=2.000000
2024-04-08 21:10:01,018 [INFO]  Epoch[2] Time cost=0.008
2024-04-08 21:10:01,019 [INFO]  Saved checkpoint to "./imputer_model/25_hepatitis/imputer_model_ascites/model-0002.params"
2024-04-08 21:10:01,020 [INFO]  Epoch[2] Validation-cross-entropy=0.331781
2024-04-08 21:10:01,020 [INFO]  Epoch[2] Validation-ascites-accuracy=0.000000
2024-04-08 21:10:01,023 [INFO]  Epoch[3] Batch [0-4]	Speed: 22111.65 samples/sec	cross-entropy=0.414061	ascites-accuracy=1.600000
2024-04-08 21:10:01,025 [INFO]  Epoch[3] Train-cross-entropy=0.261824
2024-04-08 21:10:01,025 [INFO]  Epoch[3] Train-ascites-accuracy=2.000000
2024-04-08 21:10:01,025 [INFO]  Epoch[3] Time cost=0.005
2024-04-08 21:10:01,026 [INFO]  Saved checkpoint to "./imputer_model/25_hepatitis/imputer_model_ascites/model-0003.params"
2024-04-08 21:10:01,027 [INFO]  Epoch[3] Validation-cross-entropy=0.250050
2024-04-08 21:10:01,027 [INFO]  Epoch[3] Validation-ascites-accuracy=0.000000
2024-04-08 21:10:01,031 [INFO]  Epoch[4] Batch [0-4]	Speed: 22062.58 samples/sec	cross-entropy=0.151243	ascites-accuracy=1.600000
2024-04-08 21:10:01,032 [INFO]  Epoch[4] Train-cross-entropy=0.059388
2024-04-08 21:10:01,032 [INFO]  Epoch[4] Train-ascites-accuracy=2.000000
2024-04-08 21:10:01,032 [INFO]  Epoch[4] Time cost=0.005
2024-04-08 21:10:01,034 [INFO]  Saved checkpoint to "./imputer_model/25_hepatitis/imputer_model_ascites/model-0004.params"
2024-04-08 21:10:01,034 [INFO]  Epoch[4] Validation-cross-entropy=0.042550
2024-04-08 21:10:01,035 [INFO]  Epoch[4] Validation-ascites-accuracy=0.000000
2024-04-08 21:10:01,035 [INFO]  
========== done (0.041228532791137695 s) fit model
2024-04-08 21:10:04,726 [INFO]  
========== start: fit model
2024-04-08 21:10:04,726 [WARNING]  Already bound, ignoring bind()
2024-04-08 21:10:04,731 [INFO]  Epoch[0] Batch [0-4]	Speed: 24061.98 samples/sec	cross-entropy=2.541503	ascites-accuracy=0.000000
2024-04-08 21:10:04,733 [INFO]  Epoch[0] Train-cross-entropy=1.284541
2024-04-08 21:10:04,733 [INFO]  Epoch[0] Train-ascites-accuracy=0.000000
2024-04-08 21:10:04,733 [INFO]  Epoch[0] Time cost=0.006
2024-04-08 21:10:04,734 [INFO]  Saved checkpoint to "./imputer_model/25_hepatitis/imputer_model_ascites/model-0000.params"
2024-04-08 21:10:04,735 [INFO]  Epoch[0] Validation-cross-entropy=0.086256
2024-04-08 21:10:04,735 [INFO]  Epoch[0] Validation-ascites-accuracy=0.000000
2024-04-08 21:10:04,740 [INFO]  Epoch[1] Batch [0-4]	Speed: 14548.56 samples/sec	cross-entropy=0.641348	ascites-accuracy=0.000000
2024-04-08 21:10:04,742 [INFO]  Epoch[1] Train-cross-entropy=0.746006
2024-04-08 21:10:04,743 [INFO]  Epoch[1] Train-ascites-accuracy=0.000000
2024-04-08 21:10:04,743 [INFO]  Epoch[1] Time cost=0.008
2024-04-08 21:10:04,744 [INFO]  Saved checkpoint to "./imputer_model/25_hepatitis/imputer_model_ascites/model-0001.params"
2024-04-08 21:10:04,745 [INFO]  Epoch[1] Validation-cross-entropy=0.277949
2024-04-08 21:10:04,745 [INFO]  Epoch[1] Validation-ascites-accuracy=0.000000
2024-04-08 21:10:04,751 [INFO]  Epoch[2] Batch [0-4]	Speed: 14780.06 samples/sec	cross-entropy=0.332931	ascites-accuracy=0.000000
2024-04-08 21:10:04,753 [INFO]  Epoch[2] Train-cross-entropy=0.342565
2024-04-08 21:10:04,753 [INFO]  Epoch[2] Train-ascites-accuracy=0.000000
2024-04-08 21:10:04,753 [INFO]  Epoch[2] Time cost=0.008
2024-04-08 21:10:04,755 [INFO]  Saved checkpoint to "./imputer_model/25_hepatitis/imputer_model_ascites/model-0002.params"
2024-04-08 21:10:04,755 [INFO]  Epoch[2] Validation-cross-entropy=0.048079
2024-04-08 21:10:04,755 [INFO]  Epoch[2] Validation-ascites-accuracy=0.000000
2024-04-08 21:10:04,761 [INFO]  Epoch[3] Batch [0-4]	Speed: 14811.05 samples/sec	cross-entropy=0.042345	ascites-accuracy=0.000000
2024-04-08 21:10:04,763 [INFO]  Epoch[3] Train-cross-entropy=0.142665
2024-04-08 21:10:04,763 [INFO]  Epoch[3] Train-ascites-accuracy=0.000000
2024-04-08 21:10:04,763 [INFO]  Epoch[3] Time cost=0.008
2024-04-08 21:10:04,765 [INFO]  Saved checkpoint to "./imputer_model/25_hepatitis/imputer_model_ascites/model-0003.params"
2024-04-08 21:10:04,766 [INFO]  Epoch[3] Validation-cross-entropy=0.046915
2024-04-08 21:10:04,766 [INFO]  Epoch[3] Validation-ascites-accuracy=0.000000
2024-04-08 21:10:04,771 [INFO]  Epoch[4] Batch [0-4]	Speed: 14885.79 samples/sec	cross-entropy=0.082157	ascites-accuracy=0.000000
2024-04-08 21:10:04,774 [INFO]  Epoch[4] Train-cross-entropy=0.112010
2024-04-08 21:10:04,774 [INFO]  Epoch[4] Train-ascites-accuracy=0.000000
2024-04-08 21:10:04,774 [INFO]  Epoch[4] Time cost=0.008
2024-04-08 21:10:04,775 [INFO]  Saved checkpoint to "./imputer_model/25_hepatitis/imputer_model_ascites/model-0004.params"
2024-04-08 21:10:04,776 [INFO]  Epoch[4] Validation-cross-entropy=0.017874
2024-04-08 21:10:04,776 [INFO]  Epoch[4] Validation-ascites-accuracy=0.000000
2024-04-08 21:10:04,776 [INFO]  
========== done (0.04986119270324707 s) fit model
2024-04-08 21:10:08,031 [INFO]  
========== start: fit model
2024-04-08 21:10:08,032 [WARNING]  Already bound, ignoring bind()
2024-04-08 21:10:08,036 [INFO]  Epoch[0] Batch [0-4]	Speed: 28099.60 samples/sec	cross-entropy=16.111172	ascites-accuracy=2.200000
2024-04-08 21:10:08,037 [INFO]  Epoch[0] Train-cross-entropy=9.040042
2024-04-08 21:10:08,037 [INFO]  Epoch[0] Train-ascites-accuracy=1.500000
2024-04-08 21:10:08,037 [INFO]  Epoch[0] Time cost=0.005
2024-04-08 21:10:08,038 [INFO]  Saved checkpoint to "./imputer_model/25_hepatitis/imputer_model_ascites/model-0000.params"
2024-04-08 21:10:08,039 [INFO]  Epoch[0] Validation-cross-entropy=0.859111
2024-04-08 21:10:08,039 [INFO]  Epoch[0] Validation-ascites-accuracy=0.000000
2024-04-08 21:10:08,042 [INFO]  Epoch[1] Batch [0-4]	Speed: 29095.54 samples/sec	cross-entropy=3.797469	ascites-accuracy=2.200000
2024-04-08 21:10:08,043 [INFO]  Epoch[1] Train-cross-entropy=0.774833
2024-04-08 21:10:08,043 [INFO]  Epoch[1] Train-ascites-accuracy=1.500000
2024-04-08 21:10:08,043 [INFO]  Epoch[1] Time cost=0.004
2024-04-08 21:10:08,044 [INFO]  Saved checkpoint to "./imputer_model/25_hepatitis/imputer_model_ascites/model-0001.params"
2024-04-08 21:10:08,045 [INFO]  Epoch[1] Validation-cross-entropy=0.849100
2024-04-08 21:10:08,045 [INFO]  Epoch[1] Validation-ascites-accuracy=0.000000
2024-04-08 21:10:08,056 [INFO]  Epoch[2] Batch [0-4]	Speed: 5963.91 samples/sec	cross-entropy=1.503489	ascites-accuracy=2.200000
2024-04-08 21:10:08,058 [INFO]  Epoch[2] Train-cross-entropy=0.872610
2024-04-08 21:10:08,058 [INFO]  Epoch[2] Train-ascites-accuracy=1.500000
2024-04-08 21:10:08,058 [INFO]  Epoch[2] Time cost=0.013
2024-04-08 21:10:08,059 [INFO]  Saved checkpoint to "./imputer_model/25_hepatitis/imputer_model_ascites/model-0002.params"
2024-04-08 21:10:08,059 [INFO]  Epoch[2] Validation-cross-entropy=0.068455
2024-04-08 21:10:08,059 [INFO]  Epoch[2] Validation-ascites-accuracy=0.000000
2024-04-08 21:10:08,062 [INFO]  Epoch[3] Batch [0-4]	Speed: 28829.93 samples/sec	cross-entropy=0.808912	ascites-accuracy=2.200000
2024-04-08 21:10:08,067 [INFO]  Epoch[3] Train-cross-entropy=0.389632
2024-04-08 21:10:08,067 [INFO]  Epoch[3] Train-ascites-accuracy=1.500000
2024-04-08 21:10:08,067 [INFO]  Epoch[3] Time cost=0.008
2024-04-08 21:10:08,069 [INFO]  Saved checkpoint to "./imputer_model/25_hepatitis/imputer_model_ascites/model-0003.params"
2024-04-08 21:10:08,069 [INFO]  Epoch[3] Validation-cross-entropy=0.033385
2024-04-08 21:10:08,069 [INFO]  Epoch[3] Validation-ascites-accuracy=0.000000
2024-04-08 21:10:08,072 [INFO]  Epoch[4] Batch [0-4]	Speed: 28469.13 samples/sec	cross-entropy=0.361122	ascites-accuracy=2.200000
2024-04-08 21:10:08,073 [INFO]  Epoch[4] Train-cross-entropy=0.273423
2024-04-08 21:10:08,073 [INFO]  Epoch[4] Train-ascites-accuracy=1.500000
2024-04-08 21:10:08,073 [INFO]  Epoch[4] Time cost=0.004
2024-04-08 21:10:08,074 [INFO]  Saved checkpoint to "./imputer_model/25_hepatitis/imputer_model_ascites/model-0004.params"
2024-04-08 21:10:08,075 [INFO]  Epoch[4] Validation-cross-entropy=0.067534
2024-04-08 21:10:08,075 [INFO]  Epoch[4] Validation-ascites-accuracy=0.000000
2024-04-08 21:10:08,075 [INFO]  
========== done (0.043526411056518555 s) fit model
2024-04-08 21:10:11,740 [INFO]  
========== start: fit model
2024-04-08 21:10:11,740 [WARNING]  Already bound, ignoring bind()
2024-04-08 21:10:11,750 [INFO]  Epoch[0] Batch [0-4]	Speed: 10771.02 samples/sec	cross-entropy=3.595986	ascites-accuracy=2.200000
2024-04-08 21:10:11,757 [INFO]  Epoch[0] Train-cross-entropy=0.911692
2024-04-08 21:10:11,757 [INFO]  Epoch[0] Train-ascites-accuracy=2.500000
2024-04-08 21:10:11,757 [INFO]  Epoch[0] Time cost=0.016
2024-04-08 21:10:11,760 [INFO]  Saved checkpoint to "./imputer_model/25_hepatitis/imputer_model_ascites/model-0000.params"
2024-04-08 21:10:11,765 [INFO]  Epoch[0] Validation-cross-entropy=0.787644
2024-04-08 21:10:11,765 [INFO]  Epoch[0] Validation-ascites-accuracy=0.000000
2024-04-08 21:10:11,793 [INFO]  Epoch[1] Batch [0-4]	Speed: 23043.65 samples/sec	cross-entropy=0.775573	ascites-accuracy=2.200000
2024-04-08 21:10:11,794 [INFO]  Epoch[1] Train-cross-entropy=0.504306
2024-04-08 21:10:11,794 [INFO]  Epoch[1] Train-ascites-accuracy=2.500000
2024-04-08 21:10:11,794 [INFO]  Epoch[1] Time cost=0.029
2024-04-08 21:10:11,795 [INFO]  Saved checkpoint to "./imputer_model/25_hepatitis/imputer_model_ascites/model-0001.params"
2024-04-08 21:10:11,796 [INFO]  Epoch[1] Validation-cross-entropy=0.489756
2024-04-08 21:10:11,796 [INFO]  Epoch[1] Validation-ascites-accuracy=0.000000
2024-04-08 21:10:11,799 [INFO]  Epoch[2] Batch [0-4]	Speed: 26163.30 samples/sec	cross-entropy=0.360476	ascites-accuracy=2.200000
2024-04-08 21:10:11,803 [INFO]  Epoch[2] Train-cross-entropy=0.120465
2024-04-08 21:10:11,803 [INFO]  Epoch[2] Train-ascites-accuracy=2.500000
2024-04-08 21:10:11,803 [INFO]  Epoch[2] Time cost=0.007
2024-04-08 21:10:11,804 [INFO]  Saved checkpoint to "./imputer_model/25_hepatitis/imputer_model_ascites/model-0002.params"
2024-04-08 21:10:11,805 [INFO]  Epoch[2] Validation-cross-entropy=0.053229
2024-04-08 21:10:11,805 [INFO]  Epoch[2] Validation-ascites-accuracy=0.000000
2024-04-08 21:10:11,808 [INFO]  Epoch[3] Batch [0-4]	Speed: 28614.80 samples/sec	cross-entropy=0.092447	ascites-accuracy=2.200000
2024-04-08 21:10:11,809 [INFO]  Epoch[3] Train-cross-entropy=0.105873
2024-04-08 21:10:11,809 [INFO]  Epoch[3] Train-ascites-accuracy=2.500000
2024-04-08 21:10:11,809 [INFO]  Epoch[3] Time cost=0.004
2024-04-08 21:10:11,813 [INFO]  Saved checkpoint to "./imputer_model/25_hepatitis/imputer_model_ascites/model-0003.params"
2024-04-08 21:10:11,819 [INFO]  Epoch[3] Validation-cross-entropy=0.199918
2024-04-08 21:10:11,820 [INFO]  Epoch[3] Validation-ascites-accuracy=0.000000
2024-04-08 21:10:11,823 [INFO]  Epoch[4] Batch [0-4]	Speed: 21718.08 samples/sec	cross-entropy=0.176984	ascites-accuracy=2.200000
2024-04-08 21:10:11,825 [INFO]  Epoch[4] Train-cross-entropy=0.055182
2024-04-08 21:10:11,825 [INFO]  Epoch[4] Train-ascites-accuracy=2.500000
2024-04-08 21:10:11,825 [INFO]  Epoch[4] Time cost=0.005
2024-04-08 21:10:11,826 [INFO]  Saved checkpoint to "./imputer_model/25_hepatitis/imputer_model_ascites/model-0004.params"
2024-04-08 21:10:11,827 [INFO]  Epoch[4] Validation-cross-entropy=0.058374
2024-04-08 21:10:11,827 [INFO]  Epoch[4] Validation-ascites-accuracy=0.000000
2024-04-08 21:10:11,827 [INFO]  
========== done (0.08701133728027344 s) fit model
2024-04-08 21:10:15,403 [INFO]  
========== start: fit model
2024-04-08 21:10:15,404 [WARNING]  Already bound, ignoring bind()
2024-04-08 21:10:15,419 [INFO]  Epoch[0] Batch [0-4]	Speed: 10307.39 samples/sec	cross-entropy=35.677939	ascites-accuracy=1.400000
2024-04-08 21:10:15,424 [INFO]  Epoch[0] Train-cross-entropy=5.908002
2024-04-08 21:10:15,424 [INFO]  Epoch[0] Train-ascites-accuracy=3.500000
2024-04-08 21:10:15,424 [INFO]  Epoch[0] Time cost=0.020
2024-04-08 21:10:15,426 [INFO]  Saved checkpoint to "./imputer_model/25_hepatitis/imputer_model_ascites/model-0000.params"
2024-04-08 21:10:15,426 [INFO]  Epoch[0] Validation-cross-entropy=0.916892
2024-04-08 21:10:15,427 [INFO]  Epoch[0] Validation-ascites-accuracy=0.000000
2024-04-08 21:10:15,459 [INFO]  Epoch[1] Batch [0-4]	Speed: 2023.56 samples/sec	cross-entropy=4.921249	ascites-accuracy=1.400000
2024-04-08 21:10:15,461 [INFO]  Epoch[1] Train-cross-entropy=0.963295
2024-04-08 21:10:15,461 [INFO]  Epoch[1] Train-ascites-accuracy=3.500000
2024-04-08 21:10:15,461 [INFO]  Epoch[1] Time cost=0.035
2024-04-08 21:10:15,463 [INFO]  Saved checkpoint to "./imputer_model/25_hepatitis/imputer_model_ascites/model-0001.params"
2024-04-08 21:10:15,463 [INFO]  Epoch[1] Validation-cross-entropy=0.798354
2024-04-08 21:10:15,463 [INFO]  Epoch[1] Validation-ascites-accuracy=0.000000
2024-04-08 21:10:15,467 [INFO]  Epoch[2] Batch [0-4]	Speed: 22135.36 samples/sec	cross-entropy=1.007051	ascites-accuracy=1.400000
2024-04-08 21:10:15,469 [INFO]  Epoch[2] Train-cross-entropy=0.465633
2024-04-08 21:10:15,469 [INFO]  Epoch[2] Train-ascites-accuracy=3.500000
2024-04-08 21:10:15,469 [INFO]  Epoch[2] Time cost=0.006
2024-04-08 21:10:15,470 [INFO]  Saved checkpoint to "./imputer_model/25_hepatitis/imputer_model_ascites/model-0002.params"
2024-04-08 21:10:15,471 [INFO]  Epoch[2] Validation-cross-entropy=0.915793
2024-04-08 21:10:15,471 [INFO]  Epoch[2] Validation-ascites-accuracy=0.000000
2024-04-08 21:10:15,475 [INFO]  Epoch[3] Batch [0-4]	Speed: 21888.08 samples/sec	cross-entropy=2.271534	ascites-accuracy=1.400000
2024-04-08 21:10:15,476 [INFO]  Epoch[3] Train-cross-entropy=0.462926
2024-04-08 21:10:15,476 [INFO]  Epoch[3] Train-ascites-accuracy=3.500000
2024-04-08 21:10:15,476 [INFO]  Epoch[3] Time cost=0.005
2024-04-08 21:10:15,478 [INFO]  Saved checkpoint to "./imputer_model/25_hepatitis/imputer_model_ascites/model-0003.params"
2024-04-08 21:10:15,478 [INFO]  Epoch[3] Validation-cross-entropy=0.422627
2024-04-08 21:10:15,478 [INFO]  Epoch[3] Validation-ascites-accuracy=0.000000
2024-04-08 21:10:15,491 [INFO]  Epoch[4] Batch [0-4]	Speed: 5524.05 samples/sec	cross-entropy=1.128970	ascites-accuracy=1.400000
2024-04-08 21:10:15,493 [INFO]  Epoch[4] Train-cross-entropy=0.243599
2024-04-08 21:10:15,493 [INFO]  Epoch[4] Train-ascites-accuracy=3.500000
2024-04-08 21:10:15,493 [INFO]  Epoch[4] Time cost=0.015
2024-04-08 21:10:15,495 [INFO]  Saved checkpoint to "./imputer_model/25_hepatitis/imputer_model_ascites/model-0004.params"
2024-04-08 21:10:15,495 [INFO]  Epoch[4] Validation-cross-entropy=0.280618
2024-04-08 21:10:15,495 [INFO]  Epoch[4] Validation-ascites-accuracy=0.000000
2024-04-08 21:10:15,496 [INFO]  
========== done (0.0921168327331543 s) fit model
2024-04-08 21:10:18,757 [INFO]  
========== start: fit model
2024-04-08 21:10:18,757 [WARNING]  Already bound, ignoring bind()
2024-04-08 21:10:18,769 [INFO]  Epoch[0] Batch [0-4]	Speed: 10791.38 samples/sec	cross-entropy=8.745316	ascites-accuracy=0.000000
2024-04-08 21:10:18,773 [INFO]  Epoch[0] Train-cross-entropy=1.524081
2024-04-08 21:10:18,773 [INFO]  Epoch[0] Train-ascites-accuracy=0.000000
2024-04-08 21:10:18,773 [INFO]  Epoch[0] Time cost=0.015
2024-04-08 21:10:18,775 [INFO]  Saved checkpoint to "./imputer_model/25_hepatitis/imputer_model_ascites/model-0000.params"
2024-04-08 21:10:18,776 [INFO]  Epoch[0] Validation-cross-entropy=0.665575
2024-04-08 21:10:18,776 [INFO]  Epoch[0] Validation-ascites-accuracy=0.000000
2024-04-08 21:10:18,782 [INFO]  Epoch[1] Batch [0-4]	Speed: 14122.24 samples/sec	cross-entropy=0.748010	ascites-accuracy=0.000000
2024-04-08 21:10:18,784 [INFO]  Epoch[1] Train-cross-entropy=1.330939
2024-04-08 21:10:18,784 [INFO]  Epoch[1] Train-ascites-accuracy=0.000000
2024-04-08 21:10:18,784 [INFO]  Epoch[1] Time cost=0.008
2024-04-08 21:10:18,786 [INFO]  Saved checkpoint to "./imputer_model/25_hepatitis/imputer_model_ascites/model-0001.params"
2024-04-08 21:10:18,787 [INFO]  Epoch[1] Validation-cross-entropy=0.757558
2024-04-08 21:10:18,787 [INFO]  Epoch[1] Validation-ascites-accuracy=0.000000
2024-04-08 21:10:18,791 [INFO]  Epoch[2] Batch [0-4]	Speed: 24885.09 samples/sec	cross-entropy=0.834488	ascites-accuracy=0.000000
2024-04-08 21:10:18,792 [INFO]  Epoch[2] Train-cross-entropy=0.843010
2024-04-08 21:10:18,792 [INFO]  Epoch[2] Train-ascites-accuracy=0.000000
2024-04-08 21:10:18,792 [INFO]  Epoch[2] Time cost=0.005
2024-04-08 21:10:18,794 [INFO]  Saved checkpoint to "./imputer_model/25_hepatitis/imputer_model_ascites/model-0002.params"
2024-04-08 21:10:18,796 [INFO]  Epoch[2] Validation-cross-entropy=0.519431
2024-04-08 21:10:18,797 [INFO]  Epoch[2] Validation-ascites-accuracy=0.000000
2024-04-08 21:10:18,800 [INFO]  Epoch[3] Batch [0-4]	Speed: 25186.29 samples/sec	cross-entropy=0.285603	ascites-accuracy=0.000000
2024-04-08 21:10:18,801 [INFO]  Epoch[3] Train-cross-entropy=0.020159
2024-04-08 21:10:18,801 [INFO]  Epoch[3] Train-ascites-accuracy=0.000000
2024-04-08 21:10:18,801 [INFO]  Epoch[3] Time cost=0.005
2024-04-08 21:10:18,803 [INFO]  Saved checkpoint to "./imputer_model/25_hepatitis/imputer_model_ascites/model-0003.params"
2024-04-08 21:10:18,803 [INFO]  Epoch[3] Validation-cross-entropy=0.034655
2024-04-08 21:10:18,804 [INFO]  Epoch[3] Validation-ascites-accuracy=0.000000
2024-04-08 21:10:18,809 [INFO]  Epoch[4] Batch [0-4]	Speed: 14873.42 samples/sec	cross-entropy=0.149959	ascites-accuracy=0.000000
2024-04-08 21:10:18,811 [INFO]  Epoch[4] Train-cross-entropy=0.210177
2024-04-08 21:10:18,811 [INFO]  Epoch[4] Train-ascites-accuracy=0.000000
2024-04-08 21:10:18,811 [INFO]  Epoch[4] Time cost=0.008
2024-04-08 21:10:18,813 [INFO]  Saved checkpoint to "./imputer_model/25_hepatitis/imputer_model_ascites/model-0004.params"
2024-04-08 21:10:18,817 [INFO]  Epoch[4] Validation-cross-entropy=0.044708
2024-04-08 21:10:18,817 [INFO]  Epoch[4] Validation-ascites-accuracy=0.000000
2024-04-08 21:10:18,817 [INFO]  
========== done (0.059789419174194336 s) fit model
2024-04-08 21:10:22,223 [INFO]  
========== start: fit model
2024-04-08 21:10:22,223 [WARNING]  Already bound, ignoring bind()
2024-04-08 21:10:22,229 [INFO]  Epoch[0] Batch [0-4]	Speed: 20002.64 samples/sec	cross-entropy=6.720793	ascites-accuracy=0.000000
2024-04-08 21:10:22,231 [INFO]  Epoch[0] Train-cross-entropy=0.968709
2024-04-08 21:10:22,231 [INFO]  Epoch[0] Train-ascites-accuracy=0.000000
2024-04-08 21:10:22,231 [INFO]  Epoch[0] Time cost=0.007
2024-04-08 21:10:22,232 [INFO]  Saved checkpoint to "./imputer_model/25_hepatitis/imputer_model_ascites/model-0000.params"
2024-04-08 21:10:22,234 [INFO]  Epoch[0] Validation-cross-entropy=0.132646
2024-04-08 21:10:22,234 [INFO]  Epoch[0] Validation-ascites-accuracy=0.000000
2024-04-08 21:10:22,293 [INFO]  Epoch[1] Batch [0-4]	Speed: 1266.28 samples/sec	cross-entropy=1.300593	ascites-accuracy=0.000000
2024-04-08 21:10:22,295 [INFO]  Epoch[1] Train-cross-entropy=0.659483
2024-04-08 21:10:22,295 [INFO]  Epoch[1] Train-ascites-accuracy=0.000000
2024-04-08 21:10:22,295 [INFO]  Epoch[1] Time cost=0.061
2024-04-08 21:10:22,298 [INFO]  Saved checkpoint to "./imputer_model/25_hepatitis/imputer_model_ascites/model-0001.params"
2024-04-08 21:10:22,298 [INFO]  Epoch[1] Validation-cross-entropy=0.457451
2024-04-08 21:10:22,298 [INFO]  Epoch[1] Validation-ascites-accuracy=0.000000
2024-04-08 21:10:22,304 [INFO]  Epoch[2] Batch [0-4]	Speed: 15118.01 samples/sec	cross-entropy=0.566254	ascites-accuracy=0.000000
2024-04-08 21:10:22,306 [INFO]  Epoch[2] Train-cross-entropy=0.540241
2024-04-08 21:10:22,307 [INFO]  Epoch[2] Train-ascites-accuracy=0.000000
2024-04-08 21:10:22,307 [INFO]  Epoch[2] Time cost=0.008
2024-04-08 21:10:22,309 [INFO]  Saved checkpoint to "./imputer_model/25_hepatitis/imputer_model_ascites/model-0002.params"
2024-04-08 21:10:22,310 [INFO]  Epoch[2] Validation-cross-entropy=0.524854
2024-04-08 21:10:22,310 [INFO]  Epoch[2] Validation-ascites-accuracy=0.000000
2024-04-08 21:10:22,317 [INFO]  Epoch[3] Batch [0-4]	Speed: 12071.03 samples/sec	cross-entropy=0.291172	ascites-accuracy=0.000000
2024-04-08 21:10:22,319 [INFO]  Epoch[3] Train-cross-entropy=0.063906
2024-04-08 21:10:22,319 [INFO]  Epoch[3] Train-ascites-accuracy=0.000000
2024-04-08 21:10:22,319 [INFO]  Epoch[3] Time cost=0.009
2024-04-08 21:10:22,321 [INFO]  Saved checkpoint to "./imputer_model/25_hepatitis/imputer_model_ascites/model-0003.params"
2024-04-08 21:10:22,322 [INFO]  Epoch[3] Validation-cross-entropy=0.054271
2024-04-08 21:10:22,322 [INFO]  Epoch[3] Validation-ascites-accuracy=0.000000
2024-04-08 21:10:22,328 [INFO]  Epoch[4] Batch [0-4]	Speed: 15127.39 samples/sec	cross-entropy=0.097386	ascites-accuracy=0.000000
2024-04-08 21:10:22,330 [INFO]  Epoch[4] Train-cross-entropy=0.108292
2024-04-08 21:10:22,331 [INFO]  Epoch[4] Train-ascites-accuracy=0.000000
2024-04-08 21:10:22,331 [INFO]  Epoch[4] Time cost=0.008
2024-04-08 21:10:22,333 [INFO]  Saved checkpoint to "./imputer_model/25_hepatitis/imputer_model_ascites/model-0004.params"
2024-04-08 21:10:22,334 [INFO]  Epoch[4] Validation-cross-entropy=0.111285
2024-04-08 21:10:22,334 [INFO]  Epoch[4] Validation-ascites-accuracy=0.000000
2024-04-08 21:10:22,334 [INFO]  
========== done (0.11126303672790527 s) fit model
2024-04-08 21:10:25,615 [INFO]  
========== start: fit model
2024-04-08 21:10:25,615 [WARNING]  Already bound, ignoring bind()
2024-04-08 21:10:25,620 [INFO]  Epoch[0] Batch [0-4]	Speed: 21514.42 samples/sec	cross-entropy=10.647241	ascites-accuracy=1.800000
2024-04-08 21:10:25,622 [INFO]  Epoch[0] Train-cross-entropy=3.422257
2024-04-08 21:10:25,622 [INFO]  Epoch[0] Train-ascites-accuracy=2.000000
2024-04-08 21:10:25,622 [INFO]  Epoch[0] Time cost=0.006
2024-04-08 21:10:25,624 [INFO]  Saved checkpoint to "./imputer_model/25_hepatitis/imputer_model_ascites/model-0000.params"
2024-04-08 21:10:25,627 [INFO]  Epoch[0] Validation-cross-entropy=0.730082
2024-04-08 21:10:25,627 [INFO]  Epoch[0] Validation-ascites-accuracy=0.000000
2024-04-08 21:10:25,631 [INFO]  Epoch[1] Batch [0-4]	Speed: 25352.80 samples/sec	cross-entropy=0.531811	ascites-accuracy=1.800000
2024-04-08 21:10:25,632 [INFO]  Epoch[1] Train-cross-entropy=0.617372
2024-04-08 21:10:25,632 [INFO]  Epoch[1] Train-ascites-accuracy=2.000000
2024-04-08 21:10:25,632 [INFO]  Epoch[1] Time cost=0.005
2024-04-08 21:10:25,634 [INFO]  Saved checkpoint to "./imputer_model/25_hepatitis/imputer_model_ascites/model-0001.params"
2024-04-08 21:10:25,634 [INFO]  Epoch[1] Validation-cross-entropy=2.337633
2024-04-08 21:10:25,634 [INFO]  Epoch[1] Validation-ascites-accuracy=0.000000
2024-04-08 21:10:25,638 [INFO]  Epoch[2] Batch [0-4]	Speed: 25828.49 samples/sec	cross-entropy=1.384265	ascites-accuracy=1.800000
2024-04-08 21:10:25,639 [INFO]  Epoch[2] Train-cross-entropy=1.066233
2024-04-08 21:10:25,639 [INFO]  Epoch[2] Train-ascites-accuracy=2.000000
2024-04-08 21:10:25,639 [INFO]  Epoch[2] Time cost=0.005
2024-04-08 21:10:25,640 [INFO]  Saved checkpoint to "./imputer_model/25_hepatitis/imputer_model_ascites/model-0002.params"
2024-04-08 21:10:25,643 [INFO]  Epoch[2] Validation-cross-entropy=0.896295
2024-04-08 21:10:25,643 [INFO]  Epoch[2] Validation-ascites-accuracy=0.000000
2024-04-08 21:10:25,650 [INFO]  Epoch[3] Batch [0-4]	Speed: 21889.87 samples/sec	cross-entropy=0.695945	ascites-accuracy=1.800000
2024-04-08 21:10:25,652 [INFO]  Epoch[3] Train-cross-entropy=0.232039
2024-04-08 21:10:25,652 [INFO]  Epoch[3] Train-ascites-accuracy=2.000000
2024-04-08 21:10:25,652 [INFO]  Epoch[3] Time cost=0.008
2024-04-08 21:10:25,653 [INFO]  Saved checkpoint to "./imputer_model/25_hepatitis/imputer_model_ascites/model-0003.params"
2024-04-08 21:10:25,654 [INFO]  Epoch[3] Validation-cross-entropy=0.044745
2024-04-08 21:10:25,654 [INFO]  Epoch[3] Validation-ascites-accuracy=0.000000
2024-04-08 21:10:25,657 [INFO]  Epoch[4] Batch [0-4]	Speed: 22297.16 samples/sec	cross-entropy=0.078483	ascites-accuracy=1.800000
2024-04-08 21:10:25,659 [INFO]  Epoch[4] Train-cross-entropy=0.207837
2024-04-08 21:10:25,659 [INFO]  Epoch[4] Train-ascites-accuracy=2.000000
2024-04-08 21:10:25,659 [INFO]  Epoch[4] Time cost=0.005
2024-04-08 21:10:25,660 [INFO]  Saved checkpoint to "./imputer_model/25_hepatitis/imputer_model_ascites/model-0004.params"
2024-04-08 21:10:25,661 [INFO]  Epoch[4] Validation-cross-entropy=0.127189
2024-04-08 21:10:25,661 [INFO]  Epoch[4] Validation-ascites-accuracy=0.000000
2024-04-08 21:10:25,661 [INFO]  
========== done (0.045836687088012695 s) fit model
2024-04-08 21:10:28,893 [INFO]  
========== start: fit model
2024-04-08 21:10:28,893 [WARNING]  Already bound, ignoring bind()
2024-04-08 21:10:28,913 [INFO]  Epoch[0] Batch [0-4]	Speed: 21297.64 samples/sec	cross-entropy=10.538537	ascites-accuracy=1.200000
2024-04-08 21:10:28,916 [INFO]  Epoch[0] Train-cross-entropy=2.576062
2024-04-08 21:10:28,916 [INFO]  Epoch[0] Train-ascites-accuracy=2.000000
2024-04-08 21:10:28,916 [INFO]  Epoch[0] Time cost=0.022
2024-04-08 21:10:28,917 [INFO]  Saved checkpoint to "./imputer_model/25_hepatitis/imputer_model_ascites/model-0000.params"
2024-04-08 21:10:28,919 [INFO]  Epoch[0] Validation-cross-entropy=1.112032
2024-04-08 21:10:28,919 [INFO]  Epoch[0] Validation-ascites-accuracy=0.000000
2024-04-08 21:10:28,975 [INFO]  Epoch[1] Batch [0-4]	Speed: 1331.70 samples/sec	cross-entropy=1.199893	ascites-accuracy=1.200000
2024-04-08 21:10:28,977 [INFO]  Epoch[1] Train-cross-entropy=0.950261
2024-04-08 21:10:28,977 [INFO]  Epoch[1] Train-ascites-accuracy=2.000000
2024-04-08 21:10:28,977 [INFO]  Epoch[1] Time cost=0.059
2024-04-08 21:10:28,979 [INFO]  Saved checkpoint to "./imputer_model/25_hepatitis/imputer_model_ascites/model-0001.params"
2024-04-08 21:10:28,979 [INFO]  Epoch[1] Validation-cross-entropy=0.382173
2024-04-08 21:10:28,979 [INFO]  Epoch[1] Validation-ascites-accuracy=0.000000
2024-04-08 21:10:28,985 [INFO]  Epoch[2] Batch [0-4]	Speed: 15387.53 samples/sec	cross-entropy=0.787555	ascites-accuracy=1.200000
2024-04-08 21:10:28,989 [INFO]  Epoch[2] Train-cross-entropy=0.553915
2024-04-08 21:10:28,989 [INFO]  Epoch[2] Train-ascites-accuracy=2.000000
2024-04-08 21:10:28,990 [INFO]  Epoch[2] Time cost=0.010
2024-04-08 21:10:28,992 [INFO]  Saved checkpoint to "./imputer_model/25_hepatitis/imputer_model_ascites/model-0002.params"
2024-04-08 21:10:28,992 [INFO]  Epoch[2] Validation-cross-entropy=0.493506
2024-04-08 21:10:28,993 [INFO]  Epoch[2] Validation-ascites-accuracy=0.000000
2024-04-08 21:10:29,034 [INFO]  Epoch[3] Batch [0-4]	Speed: 21886.30 samples/sec	cross-entropy=0.698251	ascites-accuracy=1.200000
2024-04-08 21:10:29,036 [INFO]  Epoch[3] Train-cross-entropy=0.361711
2024-04-08 21:10:29,036 [INFO]  Epoch[3] Train-ascites-accuracy=2.000000
2024-04-08 21:10:29,036 [INFO]  Epoch[3] Time cost=0.043
2024-04-08 21:10:29,037 [INFO]  Saved checkpoint to "./imputer_model/25_hepatitis/imputer_model_ascites/model-0003.params"
2024-04-08 21:10:29,038 [INFO]  Epoch[3] Validation-cross-entropy=0.275147
2024-04-08 21:10:29,038 [INFO]  Epoch[3] Validation-ascites-accuracy=0.000000
2024-04-08 21:10:29,041 [INFO]  Epoch[4] Batch [0-4]	Speed: 27745.27 samples/sec	cross-entropy=0.241836	ascites-accuracy=1.200000
2024-04-08 21:10:29,042 [INFO]  Epoch[4] Train-cross-entropy=0.082811
2024-04-08 21:10:29,042 [INFO]  Epoch[4] Train-ascites-accuracy=2.000000
2024-04-08 21:10:29,042 [INFO]  Epoch[4] Time cost=0.004
2024-04-08 21:10:29,043 [INFO]  Saved checkpoint to "./imputer_model/25_hepatitis/imputer_model_ascites/model-0004.params"
2024-04-08 21:10:29,044 [INFO]  Epoch[4] Validation-cross-entropy=0.053630
2024-04-08 21:10:29,044 [INFO]  Epoch[4] Validation-ascites-accuracy=0.000000
2024-04-08 21:10:29,044 [INFO]  
========== done (0.1507248878479004 s) fit model
2024-04-08 21:10:32,429 [INFO]  
========== start: fit model
2024-04-08 21:10:32,429 [WARNING]  Already bound, ignoring bind()
2024-04-08 21:10:32,435 [INFO]  Epoch[0] Batch [0-4]	Speed: 21030.67 samples/sec	cross-entropy=9.419367	ascites-accuracy=0.000000
2024-04-08 21:10:32,436 [INFO]  Epoch[0] Train-cross-entropy=2.506834
2024-04-08 21:10:32,436 [INFO]  Epoch[0] Train-ascites-accuracy=0.000000
2024-04-08 21:10:32,436 [INFO]  Epoch[0] Time cost=0.006
2024-04-08 21:10:32,438 [INFO]  Saved checkpoint to "./imputer_model/25_hepatitis/imputer_model_ascites/model-0000.params"
2024-04-08 21:10:32,443 [INFO]  Epoch[0] Validation-cross-entropy=0.010312
2024-04-08 21:10:32,444 [INFO]  Epoch[0] Validation-ascites-accuracy=0.000000
2024-04-08 21:10:32,453 [INFO]  Epoch[1] Batch [0-4]	Speed: 21786.82 samples/sec	cross-entropy=1.241657	ascites-accuracy=0.000000
2024-04-08 21:10:32,454 [INFO]  Epoch[1] Train-cross-entropy=0.596325
2024-04-08 21:10:32,454 [INFO]  Epoch[1] Train-ascites-accuracy=0.000000
2024-04-08 21:10:32,454 [INFO]  Epoch[1] Time cost=0.010
2024-04-08 21:10:32,456 [INFO]  Saved checkpoint to "./imputer_model/25_hepatitis/imputer_model_ascites/model-0001.params"
2024-04-08 21:10:32,456 [INFO]  Epoch[1] Validation-cross-entropy=0.061852
2024-04-08 21:10:32,456 [INFO]  Epoch[1] Validation-ascites-accuracy=0.000000
2024-04-08 21:10:32,460 [INFO]  Epoch[2] Batch [0-4]	Speed: 20634.60 samples/sec	cross-entropy=1.381485	ascites-accuracy=0.000000
2024-04-08 21:10:32,462 [INFO]  Epoch[2] Train-cross-entropy=0.538469
2024-04-08 21:10:32,462 [INFO]  Epoch[2] Train-ascites-accuracy=0.000000
2024-04-08 21:10:32,462 [INFO]  Epoch[2] Time cost=0.006
2024-04-08 21:10:32,464 [INFO]  Saved checkpoint to "./imputer_model/25_hepatitis/imputer_model_ascites/model-0002.params"
2024-04-08 21:10:32,465 [INFO]  Epoch[2] Validation-cross-entropy=0.006611
2024-04-08 21:10:32,465 [INFO]  Epoch[2] Validation-ascites-accuracy=0.000000
2024-04-08 21:10:32,470 [INFO]  Epoch[3] Batch [0-4]	Speed: 15175.28 samples/sec	cross-entropy=0.206006	ascites-accuracy=0.000000
2024-04-08 21:10:32,473 [INFO]  Epoch[3] Train-cross-entropy=0.027220
2024-04-08 21:10:32,473 [INFO]  Epoch[3] Train-ascites-accuracy=0.000000
2024-04-08 21:10:32,473 [INFO]  Epoch[3] Time cost=0.008
2024-04-08 21:10:32,475 [INFO]  Saved checkpoint to "./imputer_model/25_hepatitis/imputer_model_ascites/model-0003.params"
2024-04-08 21:10:32,476 [INFO]  Epoch[3] Validation-cross-entropy=0.005314
2024-04-08 21:10:32,476 [INFO]  Epoch[3] Validation-ascites-accuracy=0.000000
2024-04-08 21:10:32,488 [INFO]  Epoch[4] Batch [0-4]	Speed: 21607.94 samples/sec	cross-entropy=0.214713	ascites-accuracy=0.000000
2024-04-08 21:10:32,489 [INFO]  Epoch[4] Train-cross-entropy=0.102363
2024-04-08 21:10:32,489 [INFO]  Epoch[4] Train-ascites-accuracy=0.000000
2024-04-08 21:10:32,489 [INFO]  Epoch[4] Time cost=0.014
2024-04-08 21:10:32,491 [INFO]  Saved checkpoint to "./imputer_model/25_hepatitis/imputer_model_ascites/model-0004.params"
2024-04-08 21:10:32,491 [INFO]  Epoch[4] Validation-cross-entropy=0.003567
2024-04-08 21:10:32,491 [INFO]  Epoch[4] Validation-ascites-accuracy=0.000000
2024-04-08 21:10:32,492 [INFO]  
========== done (0.06261134147644043 s) fit model
2024-04-08 21:10:36,005 [INFO]  
========== start: fit model
2024-04-08 21:10:36,005 [WARNING]  Already bound, ignoring bind()
2024-04-08 21:10:36,014 [INFO]  Epoch[0] Batch [0-4]	Speed: 12012.15 samples/sec	cross-entropy=31.501525	ascites-accuracy=1.800000
2024-04-08 21:10:36,016 [INFO]  Epoch[0] Train-cross-entropy=6.317707
2024-04-08 21:10:36,016 [INFO]  Epoch[0] Train-ascites-accuracy=3.500000
2024-04-08 21:10:36,016 [INFO]  Epoch[0] Time cost=0.011
2024-04-08 21:10:36,018 [INFO]  Saved checkpoint to "./imputer_model/25_hepatitis/imputer_model_ascites/model-0000.params"
2024-04-08 21:10:36,019 [INFO]  Epoch[0] Validation-cross-entropy=31.517633
2024-04-08 21:10:36,019 [INFO]  Epoch[0] Validation-ascites-accuracy=0.000000
2024-04-08 21:10:36,025 [INFO]  Epoch[1] Batch [0-4]	Speed: 14880.84 samples/sec	cross-entropy=6.568853	ascites-accuracy=1.800000
2024-04-08 21:10:36,026 [INFO]  Epoch[1] Train-cross-entropy=0.498027
2024-04-08 21:10:36,026 [INFO]  Epoch[1] Train-ascites-accuracy=3.500000
2024-04-08 21:10:36,026 [INFO]  Epoch[1] Time cost=0.007
2024-04-08 21:10:36,027 [INFO]  Saved checkpoint to "./imputer_model/25_hepatitis/imputer_model_ascites/model-0001.params"
2024-04-08 21:10:36,028 [INFO]  Epoch[1] Validation-cross-entropy=1.170685
2024-04-08 21:10:36,028 [INFO]  Epoch[1] Validation-ascites-accuracy=0.000000
2024-04-08 21:10:36,034 [INFO]  Epoch[2] Batch [0-4]	Speed: 14837.25 samples/sec	cross-entropy=0.355973	ascites-accuracy=1.800000
2024-04-08 21:10:36,036 [INFO]  Epoch[2] Train-cross-entropy=0.453263
2024-04-08 21:10:36,036 [INFO]  Epoch[2] Train-ascites-accuracy=3.500000
2024-04-08 21:10:36,036 [INFO]  Epoch[2] Time cost=0.008
2024-04-08 21:10:36,038 [INFO]  Saved checkpoint to "./imputer_model/25_hepatitis/imputer_model_ascites/model-0002.params"
2024-04-08 21:10:36,038 [INFO]  Epoch[2] Validation-cross-entropy=3.546239
2024-04-08 21:10:36,038 [INFO]  Epoch[2] Validation-ascites-accuracy=0.000000
2024-04-08 21:10:36,044 [INFO]  Epoch[3] Batch [0-4]	Speed: 14997.23 samples/sec	cross-entropy=1.433104	ascites-accuracy=1.800000
2024-04-08 21:10:36,046 [INFO]  Epoch[3] Train-cross-entropy=0.776606
2024-04-08 21:10:36,046 [INFO]  Epoch[3] Train-ascites-accuracy=3.500000
2024-04-08 21:10:36,046 [INFO]  Epoch[3] Time cost=0.008
2024-04-08 21:10:36,048 [INFO]  Saved checkpoint to "./imputer_model/25_hepatitis/imputer_model_ascites/model-0003.params"
2024-04-08 21:10:36,048 [INFO]  Epoch[3] Validation-cross-entropy=4.620126
2024-04-08 21:10:36,048 [INFO]  Epoch[3] Validation-ascites-accuracy=0.000000
2024-04-08 21:10:36,054 [INFO]  Epoch[4] Batch [0-4]	Speed: 14963.79 samples/sec	cross-entropy=1.187263	ascites-accuracy=1.800000
2024-04-08 21:10:36,056 [INFO]  Epoch[4] Train-cross-entropy=0.266943
2024-04-08 21:10:36,056 [INFO]  Epoch[4] Train-ascites-accuracy=3.500000
2024-04-08 21:10:36,056 [INFO]  Epoch[4] Time cost=0.008
2024-04-08 21:10:36,058 [INFO]  Saved checkpoint to "./imputer_model/25_hepatitis/imputer_model_ascites/model-0004.params"
2024-04-08 21:10:36,058 [INFO]  Epoch[4] Validation-cross-entropy=0.880300
2024-04-08 21:10:36,058 [INFO]  Epoch[4] Validation-ascites-accuracy=0.000000
2024-04-08 21:10:36,058 [INFO]  
========== done (0.05369305610656738 s) fit model
2024-04-08 21:10:39,542 [INFO]  
========== start: fit model
2024-04-08 21:10:39,542 [WARNING]  Already bound, ignoring bind()
2024-04-08 21:10:39,548 [INFO]  Epoch[0] Batch [0-4]	Speed: 21510.97 samples/sec	cross-entropy=12.083543	ascites-accuracy=2.200000
2024-04-08 21:10:39,549 [INFO]  Epoch[0] Train-cross-entropy=8.934233
2024-04-08 21:10:39,549 [INFO]  Epoch[0] Train-ascites-accuracy=1.500000
2024-04-08 21:10:39,549 [INFO]  Epoch[0] Time cost=0.006
2024-04-08 21:10:39,551 [INFO]  Saved checkpoint to "./imputer_model/25_hepatitis/imputer_model_ascites/model-0000.params"
2024-04-08 21:10:39,551 [INFO]  Epoch[0] Validation-cross-entropy=12.868055
2024-04-08 21:10:39,551 [INFO]  Epoch[0] Validation-ascites-accuracy=0.000000
2024-04-08 21:10:39,555 [INFO]  Epoch[1] Batch [0-4]	Speed: 21856.01 samples/sec	cross-entropy=0.762981	ascites-accuracy=2.200000
2024-04-08 21:10:39,557 [INFO]  Epoch[1] Train-cross-entropy=0.447503
2024-04-08 21:10:39,557 [INFO]  Epoch[1] Train-ascites-accuracy=1.500000
2024-04-08 21:10:39,557 [INFO]  Epoch[1] Time cost=0.006
2024-04-08 21:10:39,559 [INFO]  Saved checkpoint to "./imputer_model/25_hepatitis/imputer_model_ascites/model-0001.params"
2024-04-08 21:10:39,559 [INFO]  Epoch[1] Validation-cross-entropy=0.635134
2024-04-08 21:10:39,559 [INFO]  Epoch[1] Validation-ascites-accuracy=0.000000
2024-04-08 21:10:39,563 [INFO]  Epoch[2] Batch [0-4]	Speed: 21859.56 samples/sec	cross-entropy=0.998702	ascites-accuracy=2.200000
2024-04-08 21:10:39,565 [INFO]  Epoch[2] Train-cross-entropy=2.027902
2024-04-08 21:10:39,565 [INFO]  Epoch[2] Train-ascites-accuracy=1.500000
2024-04-08 21:10:39,565 [INFO]  Epoch[2] Time cost=0.006
2024-04-08 21:10:39,566 [INFO]  Saved checkpoint to "./imputer_model/25_hepatitis/imputer_model_ascites/model-0002.params"
2024-04-08 21:10:39,567 [INFO]  Epoch[2] Validation-cross-entropy=2.459809
2024-04-08 21:10:39,567 [INFO]  Epoch[2] Validation-ascites-accuracy=0.000000
2024-04-08 21:10:39,630 [INFO]  Epoch[3] Batch [0-4]	Speed: 1034.20 samples/sec	cross-entropy=0.809533	ascites-accuracy=2.200000
2024-04-08 21:10:39,632 [INFO]  Epoch[3] Train-cross-entropy=0.643335
2024-04-08 21:10:39,632 [INFO]  Epoch[3] Train-ascites-accuracy=1.500000
2024-04-08 21:10:39,632 [INFO]  Epoch[3] Time cost=0.065
2024-04-08 21:10:39,633 [INFO]  Saved checkpoint to "./imputer_model/25_hepatitis/imputer_model_ascites/model-0003.params"
2024-04-08 21:10:39,634 [INFO]  Epoch[3] Validation-cross-entropy=0.750264
2024-04-08 21:10:39,634 [INFO]  Epoch[3] Validation-ascites-accuracy=0.000000
2024-04-08 21:10:39,639 [INFO]  Epoch[4] Batch [0-4]	Speed: 16092.29 samples/sec	cross-entropy=0.153444	ascites-accuracy=2.200000
2024-04-08 21:10:39,644 [INFO]  Epoch[4] Train-cross-entropy=0.055577
2024-04-08 21:10:39,644 [INFO]  Epoch[4] Train-ascites-accuracy=1.500000
2024-04-08 21:10:39,645 [INFO]  Epoch[4] Time cost=0.011
2024-04-08 21:10:39,647 [INFO]  Saved checkpoint to "./imputer_model/25_hepatitis/imputer_model_ascites/model-0004.params"
2024-04-08 21:10:39,647 [INFO]  Epoch[4] Validation-cross-entropy=0.110846
2024-04-08 21:10:39,648 [INFO]  Epoch[4] Validation-ascites-accuracy=0.000000
2024-04-08 21:10:39,648 [INFO]  
========== done (0.10578370094299316 s) fit model
2024-04-08 21:10:43,123 [INFO]  
========== start: fit model
2024-04-08 21:10:43,123 [WARNING]  Already bound, ignoring bind()
2024-04-08 21:10:43,142 [INFO]  Epoch[0] Batch [0-4]	Speed: 16111.61 samples/sec	cross-entropy=16.656771	ascites-accuracy=2.000000
2024-04-08 21:10:43,143 [INFO]  Epoch[0] Train-cross-entropy=13.231868
2024-04-08 21:10:43,143 [INFO]  Epoch[0] Train-ascites-accuracy=2.500000
2024-04-08 21:10:43,143 [INFO]  Epoch[0] Time cost=0.019
2024-04-08 21:10:43,144 [INFO]  Saved checkpoint to "./imputer_model/25_hepatitis/imputer_model_ascites/model-0000.params"
2024-04-08 21:10:43,145 [INFO]  Epoch[0] Validation-cross-entropy=1.072003
2024-04-08 21:10:43,145 [INFO]  Epoch[0] Validation-ascites-accuracy=0.000000
2024-04-08 21:10:43,151 [INFO]  Epoch[1] Batch [0-4]	Speed: 11800.92 samples/sec	cross-entropy=3.416049	ascites-accuracy=2.000000
2024-04-08 21:10:43,161 [INFO]  Epoch[1] Train-cross-entropy=1.976667
2024-04-08 21:10:43,161 [INFO]  Epoch[1] Train-ascites-accuracy=2.500000
2024-04-08 21:10:43,161 [INFO]  Epoch[1] Time cost=0.016
2024-04-08 21:10:43,163 [INFO]  Saved checkpoint to "./imputer_model/25_hepatitis/imputer_model_ascites/model-0001.params"
2024-04-08 21:10:43,164 [INFO]  Epoch[1] Validation-cross-entropy=1.180615
2024-04-08 21:10:43,164 [INFO]  Epoch[1] Validation-ascites-accuracy=0.000000
2024-04-08 21:10:43,192 [INFO]  Epoch[2] Batch [0-4]	Speed: 2462.69 samples/sec	cross-entropy=1.776790	ascites-accuracy=2.000000
2024-04-08 21:10:43,194 [INFO]  Epoch[2] Train-cross-entropy=1.136879
2024-04-08 21:10:43,194 [INFO]  Epoch[2] Train-ascites-accuracy=2.500000
2024-04-08 21:10:43,194 [INFO]  Epoch[2] Time cost=0.030
2024-04-08 21:10:43,196 [INFO]  Saved checkpoint to "./imputer_model/25_hepatitis/imputer_model_ascites/model-0002.params"
2024-04-08 21:10:43,197 [INFO]  Epoch[2] Validation-cross-entropy=0.164278
2024-04-08 21:10:43,197 [INFO]  Epoch[2] Validation-ascites-accuracy=0.000000
2024-04-08 21:10:43,235 [INFO]  Epoch[3] Batch [0-4]	Speed: 1738.04 samples/sec	cross-entropy=0.981864	ascites-accuracy=2.000000
2024-04-08 21:10:43,237 [INFO]  Epoch[3] Train-cross-entropy=0.240861
2024-04-08 21:10:43,237 [INFO]  Epoch[3] Train-ascites-accuracy=2.500000
2024-04-08 21:10:43,237 [INFO]  Epoch[3] Time cost=0.040
2024-04-08 21:10:43,238 [INFO]  Saved checkpoint to "./imputer_model/25_hepatitis/imputer_model_ascites/model-0003.params"
2024-04-08 21:10:43,239 [INFO]  Epoch[3] Validation-cross-entropy=0.090317
2024-04-08 21:10:43,239 [INFO]  Epoch[3] Validation-ascites-accuracy=0.000000
2024-04-08 21:10:43,242 [INFO]  Epoch[4] Batch [0-4]	Speed: 22212.28 samples/sec	cross-entropy=0.201501	ascites-accuracy=2.000000
2024-04-08 21:10:43,244 [INFO]  Epoch[4] Train-cross-entropy=0.233969
2024-04-08 21:10:43,244 [INFO]  Epoch[4] Train-ascites-accuracy=2.500000
2024-04-08 21:10:43,244 [INFO]  Epoch[4] Time cost=0.005
2024-04-08 21:10:43,245 [INFO]  Saved checkpoint to "./imputer_model/25_hepatitis/imputer_model_ascites/model-0004.params"
2024-04-08 21:10:43,246 [INFO]  Epoch[4] Validation-cross-entropy=0.138563
2024-04-08 21:10:43,246 [INFO]  Epoch[4] Validation-ascites-accuracy=0.000000
2024-04-08 21:10:43,246 [INFO]  
========== done (0.12288141250610352 s) fit model
2024-04-08 21:10:46,544 [INFO]  
========== start: fit model
2024-04-08 21:10:46,544 [WARNING]  Already bound, ignoring bind()
2024-04-08 21:10:46,550 [INFO]  Epoch[0] Batch [0-4]	Speed: 21038.91 samples/sec	cross-entropy=5.999815	ascites-accuracy=0.000000
2024-04-08 21:10:46,551 [INFO]  Epoch[0] Train-cross-entropy=0.646180
2024-04-08 21:10:46,552 [INFO]  Epoch[0] Train-ascites-accuracy=0.000000
2024-04-08 21:10:46,552 [INFO]  Epoch[0] Time cost=0.006
2024-04-08 21:10:46,553 [INFO]  Saved checkpoint to "./imputer_model/25_hepatitis/imputer_model_ascites/model-0000.params"
2024-04-08 21:10:46,553 [INFO]  Epoch[0] Validation-cross-entropy=0.283283
2024-04-08 21:10:46,553 [INFO]  Epoch[0] Validation-ascites-accuracy=0.000000
2024-04-08 21:10:46,557 [INFO]  Epoch[1] Batch [0-4]	Speed: 21285.82 samples/sec	cross-entropy=1.738313	ascites-accuracy=0.000000
2024-04-08 21:10:46,559 [INFO]  Epoch[1] Train-cross-entropy=1.013535
2024-04-08 21:10:46,559 [INFO]  Epoch[1] Train-ascites-accuracy=0.000000
2024-04-08 21:10:46,559 [INFO]  Epoch[1] Time cost=0.006
2024-04-08 21:10:46,560 [INFO]  Saved checkpoint to "./imputer_model/25_hepatitis/imputer_model_ascites/model-0001.params"
2024-04-08 21:10:46,561 [INFO]  Epoch[1] Validation-cross-entropy=0.031581
2024-04-08 21:10:46,561 [INFO]  Epoch[1] Validation-ascites-accuracy=0.000000
2024-04-08 21:10:46,565 [INFO]  Epoch[2] Batch [0-4]	Speed: 21200.08 samples/sec	cross-entropy=0.722354	ascites-accuracy=0.000000
2024-04-08 21:10:46,567 [INFO]  Epoch[2] Train-cross-entropy=0.332198
2024-04-08 21:10:46,567 [INFO]  Epoch[2] Train-ascites-accuracy=0.000000
2024-04-08 21:10:46,567 [INFO]  Epoch[2] Time cost=0.006
2024-04-08 21:10:46,568 [INFO]  Saved checkpoint to "./imputer_model/25_hepatitis/imputer_model_ascites/model-0002.params"
2024-04-08 21:10:46,568 [INFO]  Epoch[2] Validation-cross-entropy=0.041527
2024-04-08 21:10:46,569 [INFO]  Epoch[2] Validation-ascites-accuracy=0.000000
2024-04-08 21:10:46,572 [INFO]  Epoch[3] Batch [0-4]	Speed: 21267.27 samples/sec	cross-entropy=0.276707	ascites-accuracy=0.000000
2024-04-08 21:10:46,574 [INFO]  Epoch[3] Train-cross-entropy=0.103595
2024-04-08 21:10:46,574 [INFO]  Epoch[3] Train-ascites-accuracy=0.000000
2024-04-08 21:10:46,574 [INFO]  Epoch[3] Time cost=0.006
2024-04-08 21:10:46,575 [INFO]  Saved checkpoint to "./imputer_model/25_hepatitis/imputer_model_ascites/model-0003.params"
2024-04-08 21:10:46,576 [INFO]  Epoch[3] Validation-cross-entropy=0.006156
2024-04-08 21:10:46,576 [INFO]  Epoch[3] Validation-ascites-accuracy=0.000000
2024-04-08 21:10:46,585 [INFO]  Epoch[4] Batch [0-4]	Speed: 8321.00 samples/sec	cross-entropy=0.094813	ascites-accuracy=0.000000
2024-04-08 21:10:46,587 [INFO]  Epoch[4] Train-cross-entropy=0.141845
2024-04-08 21:10:46,587 [INFO]  Epoch[4] Train-ascites-accuracy=0.000000
2024-04-08 21:10:46,588 [INFO]  Epoch[4] Time cost=0.012
2024-04-08 21:10:46,590 [INFO]  Saved checkpoint to "./imputer_model/25_hepatitis/imputer_model_ascites/model-0004.params"
2024-04-08 21:10:46,590 [INFO]  Epoch[4] Validation-cross-entropy=0.010275
2024-04-08 21:10:46,591 [INFO]  Epoch[4] Validation-ascites-accuracy=0.000000
2024-04-08 21:10:46,591 [INFO]  
========== done (0.046552181243896484 s) fit model
2024-04-08 21:10:50,016 [INFO]  
========== start: fit model
2024-04-08 21:10:50,016 [WARNING]  Already bound, ignoring bind()
2024-04-08 21:10:50,023 [INFO]  Epoch[0] Batch [0-4]	Speed: 18368.38 samples/sec	cross-entropy=30.917543	ascites-accuracy=2.600000
2024-04-08 21:10:50,024 [INFO]  Epoch[0] Train-cross-entropy=12.059961
2024-04-08 21:10:50,024 [INFO]  Epoch[0] Train-ascites-accuracy=0.500000
2024-04-08 21:10:50,024 [INFO]  Epoch[0] Time cost=0.007
2024-04-08 21:10:50,026 [INFO]  Saved checkpoint to "./imputer_model/25_hepatitis/imputer_model_ascites/model-0000.params"
2024-04-08 21:10:50,027 [INFO]  Epoch[0] Validation-cross-entropy=10.257668
2024-04-08 21:10:50,027 [INFO]  Epoch[0] Validation-ascites-accuracy=0.000000
2024-04-08 21:10:50,030 [INFO]  Epoch[1] Batch [0-4]	Speed: 27388.58 samples/sec	cross-entropy=8.493134	ascites-accuracy=2.600000
2024-04-08 21:10:50,031 [INFO]  Epoch[1] Train-cross-entropy=3.447554
2024-04-08 21:10:50,031 [INFO]  Epoch[1] Train-ascites-accuracy=0.500000
2024-04-08 21:10:50,031 [INFO]  Epoch[1] Time cost=0.004
2024-04-08 21:10:50,032 [INFO]  Saved checkpoint to "./imputer_model/25_hepatitis/imputer_model_ascites/model-0001.params"
2024-04-08 21:10:50,033 [INFO]  Epoch[1] Validation-cross-entropy=8.961599
2024-04-08 21:10:50,033 [INFO]  Epoch[1] Validation-ascites-accuracy=0.000000
2024-04-08 21:10:50,036 [INFO]  Epoch[2] Batch [0-4]	Speed: 27999.94 samples/sec	cross-entropy=1.686519	ascites-accuracy=2.600000
2024-04-08 21:10:50,039 [INFO]  Epoch[2] Train-cross-entropy=1.727369
2024-04-08 21:10:50,039 [INFO]  Epoch[2] Train-ascites-accuracy=0.500000
2024-04-08 21:10:50,039 [INFO]  Epoch[2] Time cost=0.006
2024-04-08 21:10:50,041 [INFO]  Saved checkpoint to "./imputer_model/25_hepatitis/imputer_model_ascites/model-0002.params"
2024-04-08 21:10:50,041 [INFO]  Epoch[2] Validation-cross-entropy=4.319279
2024-04-08 21:10:50,041 [INFO]  Epoch[2] Validation-ascites-accuracy=0.000000
2024-04-08 21:10:50,044 [INFO]  Epoch[3] Batch [0-4]	Speed: 29042.03 samples/sec	cross-entropy=0.984038	ascites-accuracy=2.600000
2024-04-08 21:10:50,045 [INFO]  Epoch[3] Train-cross-entropy=0.857362
2024-04-08 21:10:50,045 [INFO]  Epoch[3] Train-ascites-accuracy=0.500000
2024-04-08 21:10:50,045 [INFO]  Epoch[3] Time cost=0.004
2024-04-08 21:10:50,046 [INFO]  Saved checkpoint to "./imputer_model/25_hepatitis/imputer_model_ascites/model-0003.params"
2024-04-08 21:10:50,047 [INFO]  Epoch[3] Validation-cross-entropy=0.450836
2024-04-08 21:10:50,047 [INFO]  Epoch[3] Validation-ascites-accuracy=0.000000
2024-04-08 21:10:50,050 [INFO]  Epoch[4] Batch [0-4]	Speed: 28651.45 samples/sec	cross-entropy=0.503463	ascites-accuracy=2.600000
2024-04-08 21:10:50,051 [INFO]  Epoch[4] Train-cross-entropy=0.259867
2024-04-08 21:10:50,051 [INFO]  Epoch[4] Train-ascites-accuracy=0.500000
2024-04-08 21:10:50,051 [INFO]  Epoch[4] Time cost=0.004
2024-04-08 21:10:50,052 [INFO]  Saved checkpoint to "./imputer_model/25_hepatitis/imputer_model_ascites/model-0004.params"
2024-04-08 21:10:50,053 [INFO]  Epoch[4] Validation-cross-entropy=0.391349
2024-04-08 21:10:50,053 [INFO]  Epoch[4] Validation-ascites-accuracy=0.000000
2024-04-08 21:10:50,053 [INFO]  
========== done (0.03646707534790039 s) fit model
2024-04-08 21:10:53,345 [INFO]  
========== start: fit model
2024-04-08 21:10:53,345 [WARNING]  Already bound, ignoring bind()
2024-04-08 21:10:53,364 [INFO]  Epoch[0] Batch [0-4]	Speed: 5649.85 samples/sec	cross-entropy=5.843403	ascites-accuracy=2.200000
2024-04-08 21:10:53,370 [INFO]  Epoch[0] Train-cross-entropy=1.211419
2024-04-08 21:10:53,370 [INFO]  Epoch[0] Train-ascites-accuracy=2.500000
2024-04-08 21:10:53,370 [INFO]  Epoch[0] Time cost=0.025
2024-04-08 21:10:53,373 [INFO]  Saved checkpoint to "./imputer_model/25_hepatitis/imputer_model_ascites/model-0000.params"
2024-04-08 21:10:53,388 [INFO]  Epoch[0] Validation-cross-entropy=0.321263
2024-04-08 21:10:53,388 [INFO]  Epoch[0] Validation-ascites-accuracy=0.000000
2024-04-08 21:10:53,391 [INFO]  Epoch[1] Batch [0-4]	Speed: 27785.47 samples/sec	cross-entropy=0.346762	ascites-accuracy=2.200000
2024-04-08 21:10:53,392 [INFO]  Epoch[1] Train-cross-entropy=1.086799
2024-04-08 21:10:53,392 [INFO]  Epoch[1] Train-ascites-accuracy=2.500000
2024-04-08 21:10:53,392 [INFO]  Epoch[1] Time cost=0.004
2024-04-08 21:10:53,393 [INFO]  Saved checkpoint to "./imputer_model/25_hepatitis/imputer_model_ascites/model-0001.params"
2024-04-08 21:10:53,394 [INFO]  Epoch[1] Validation-cross-entropy=0.410310
2024-04-08 21:10:53,394 [INFO]  Epoch[1] Validation-ascites-accuracy=0.000000
2024-04-08 21:10:53,397 [INFO]  Epoch[2] Batch [0-4]	Speed: 28758.89 samples/sec	cross-entropy=0.905373	ascites-accuracy=2.200000
2024-04-08 21:10:53,398 [INFO]  Epoch[2] Train-cross-entropy=0.311691
2024-04-08 21:10:53,398 [INFO]  Epoch[2] Train-ascites-accuracy=2.500000
2024-04-08 21:10:53,398 [INFO]  Epoch[2] Time cost=0.004
2024-04-08 21:10:53,399 [INFO]  Saved checkpoint to "./imputer_model/25_hepatitis/imputer_model_ascites/model-0002.params"
2024-04-08 21:10:53,400 [INFO]  Epoch[2] Validation-cross-entropy=0.209841
2024-04-08 21:10:53,400 [INFO]  Epoch[2] Validation-ascites-accuracy=0.000000
2024-04-08 21:10:53,403 [INFO]  Epoch[3] Batch [0-4]	Speed: 29146.09 samples/sec	cross-entropy=0.223136	ascites-accuracy=2.200000
2024-04-08 21:10:53,404 [INFO]  Epoch[3] Train-cross-entropy=0.261601
2024-04-08 21:10:53,404 [INFO]  Epoch[3] Train-ascites-accuracy=2.500000
2024-04-08 21:10:53,404 [INFO]  Epoch[3] Time cost=0.004
2024-04-08 21:10:53,408 [INFO]  Saved checkpoint to "./imputer_model/25_hepatitis/imputer_model_ascites/model-0003.params"
2024-04-08 21:10:53,413 [INFO]  Epoch[3] Validation-cross-entropy=0.189593
2024-04-08 21:10:53,413 [INFO]  Epoch[3] Validation-ascites-accuracy=0.000000
2024-04-08 21:10:53,416 [INFO]  Epoch[4] Batch [0-4]	Speed: 28532.68 samples/sec	cross-entropy=0.170290	ascites-accuracy=2.200000
2024-04-08 21:10:53,418 [INFO]  Epoch[4] Train-cross-entropy=0.072211
2024-04-08 21:10:53,418 [INFO]  Epoch[4] Train-ascites-accuracy=2.500000
2024-04-08 21:10:53,418 [INFO]  Epoch[4] Time cost=0.004
2024-04-08 21:10:53,419 [INFO]  Saved checkpoint to "./imputer_model/25_hepatitis/imputer_model_ascites/model-0004.params"
2024-04-08 21:10:53,419 [INFO]  Epoch[4] Validation-cross-entropy=0.040172
2024-04-08 21:10:53,419 [INFO]  Epoch[4] Validation-ascites-accuracy=0.000000
2024-04-08 21:10:53,419 [INFO]  
========== done (0.07479071617126465 s) fit model
2024-04-08 21:10:56,815 [INFO]  
========== start: fit model
2024-04-08 21:10:56,815 [WARNING]  Already bound, ignoring bind()
2024-04-08 21:10:56,820 [INFO]  Epoch[0] Batch [0-4]	Speed: 22095.27 samples/sec	cross-entropy=25.661224	ascites-accuracy=1.400000
2024-04-08 21:10:56,822 [INFO]  Epoch[0] Train-cross-entropy=4.582918
2024-04-08 21:10:56,822 [INFO]  Epoch[0] Train-ascites-accuracy=3.500000
2024-04-08 21:10:56,822 [INFO]  Epoch[0] Time cost=0.006
2024-04-08 21:10:56,824 [INFO]  Saved checkpoint to "./imputer_model/25_hepatitis/imputer_model_ascites/model-0000.params"
2024-04-08 21:10:56,824 [INFO]  Epoch[0] Validation-cross-entropy=2.039819
2024-04-08 21:10:56,824 [INFO]  Epoch[0] Validation-ascites-accuracy=0.000000
2024-04-08 21:10:56,828 [INFO]  Epoch[1] Batch [0-4]	Speed: 22173.75 samples/sec	cross-entropy=4.475989	ascites-accuracy=1.400000
2024-04-08 21:10:56,829 [INFO]  Epoch[1] Train-cross-entropy=0.979918
2024-04-08 21:10:56,829 [INFO]  Epoch[1] Train-ascites-accuracy=3.500000
2024-04-08 21:10:56,830 [INFO]  Epoch[1] Time cost=0.005
2024-04-08 21:10:56,831 [INFO]  Saved checkpoint to "./imputer_model/25_hepatitis/imputer_model_ascites/model-0001.params"
2024-04-08 21:10:56,831 [INFO]  Epoch[1] Validation-cross-entropy=2.425005
2024-04-08 21:10:56,832 [INFO]  Epoch[1] Validation-ascites-accuracy=0.000000
2024-04-08 21:10:56,835 [INFO]  Epoch[2] Batch [0-4]	Speed: 21004.34 samples/sec	cross-entropy=1.602171	ascites-accuracy=1.400000
2024-04-08 21:10:56,837 [INFO]  Epoch[2] Train-cross-entropy=0.993775
2024-04-08 21:10:56,837 [INFO]  Epoch[2] Train-ascites-accuracy=3.500000
2024-04-08 21:10:56,837 [INFO]  Epoch[2] Time cost=0.006
2024-04-08 21:10:56,839 [INFO]  Saved checkpoint to "./imputer_model/25_hepatitis/imputer_model_ascites/model-0002.params"
2024-04-08 21:10:56,839 [INFO]  Epoch[2] Validation-cross-entropy=1.237274
2024-04-08 21:10:56,839 [INFO]  Epoch[2] Validation-ascites-accuracy=0.000000
2024-04-08 21:10:56,843 [INFO]  Epoch[3] Batch [0-4]	Speed: 22173.75 samples/sec	cross-entropy=1.257123	ascites-accuracy=1.400000
2024-04-08 21:10:56,845 [INFO]  Epoch[3] Train-cross-entropy=0.391932
2024-04-08 21:10:56,845 [INFO]  Epoch[3] Train-ascites-accuracy=3.500000
2024-04-08 21:10:56,845 [INFO]  Epoch[3] Time cost=0.005
2024-04-08 21:10:56,846 [INFO]  Saved checkpoint to "./imputer_model/25_hepatitis/imputer_model_ascites/model-0003.params"
2024-04-08 21:10:56,847 [INFO]  Epoch[3] Validation-cross-entropy=0.062496
2024-04-08 21:10:56,847 [INFO]  Epoch[3] Validation-ascites-accuracy=0.000000
2024-04-08 21:10:56,850 [INFO]  Epoch[4] Batch [0-4]	Speed: 22104.37 samples/sec	cross-entropy=0.274324	ascites-accuracy=1.400000
2024-04-08 21:10:56,852 [INFO]  Epoch[4] Train-cross-entropy=0.146649
2024-04-08 21:10:56,852 [INFO]  Epoch[4] Train-ascites-accuracy=3.500000
2024-04-08 21:10:56,852 [INFO]  Epoch[4] Time cost=0.005
2024-04-08 21:10:56,854 [INFO]  Saved checkpoint to "./imputer_model/25_hepatitis/imputer_model_ascites/model-0004.params"
2024-04-08 21:10:56,854 [INFO]  Epoch[4] Validation-cross-entropy=0.194613
2024-04-08 21:10:56,854 [INFO]  Epoch[4] Validation-ascites-accuracy=0.000000
2024-04-08 21:10:56,854 [INFO]  
========== done (0.039139509201049805 s) fit model
2024-04-08 21:11:00,696 [INFO]  
========== start: fit model
2024-04-08 21:11:00,697 [WARNING]  Already bound, ignoring bind()
2024-04-08 21:11:00,778 [INFO]  Epoch[0] Batch [0-4]	Speed: 942.13 samples/sec	cross-entropy=13.913217	ascites-accuracy=0.000000
2024-04-08 21:11:00,779 [INFO]  Epoch[0] Train-cross-entropy=5.317641
2024-04-08 21:11:00,779 [INFO]  Epoch[0] Train-ascites-accuracy=0.000000
2024-04-08 21:11:00,779 [INFO]  Epoch[0] Time cost=0.082
2024-04-08 21:11:00,781 [INFO]  Saved checkpoint to "./imputer_model/25_hepatitis/imputer_model_ascites/model-0000.params"
2024-04-08 21:11:00,781 [INFO]  Epoch[0] Validation-cross-entropy=1.611651
2024-04-08 21:11:00,781 [INFO]  Epoch[0] Validation-ascites-accuracy=0.000000
2024-04-08 21:11:00,784 [INFO]  Epoch[1] Batch [0-4]	Speed: 28268.27 samples/sec	cross-entropy=1.472874	ascites-accuracy=0.000000
2024-04-08 21:11:00,785 [INFO]  Epoch[1] Train-cross-entropy=1.549442
2024-04-08 21:11:00,785 [INFO]  Epoch[1] Train-ascites-accuracy=0.000000
2024-04-08 21:11:00,785 [INFO]  Epoch[1] Time cost=0.004
2024-04-08 21:11:00,787 [INFO]  Saved checkpoint to "./imputer_model/25_hepatitis/imputer_model_ascites/model-0001.params"
2024-04-08 21:11:00,787 [INFO]  Epoch[1] Validation-cross-entropy=7.059175
2024-04-08 21:11:00,787 [INFO]  Epoch[1] Validation-ascites-accuracy=0.000000
2024-04-08 21:11:00,790 [INFO]  Epoch[2] Batch [0-4]	Speed: 29142.92 samples/sec	cross-entropy=0.935937	ascites-accuracy=0.000000
2024-04-08 21:11:00,794 [INFO]  Epoch[2] Train-cross-entropy=0.495309
2024-04-08 21:11:00,794 [INFO]  Epoch[2] Train-ascites-accuracy=0.000000
2024-04-08 21:11:00,794 [INFO]  Epoch[2] Time cost=0.006
2024-04-08 21:11:00,795 [INFO]  Saved checkpoint to "./imputer_model/25_hepatitis/imputer_model_ascites/model-0002.params"
2024-04-08 21:11:00,795 [INFO]  Epoch[2] Validation-cross-entropy=0.547411
2024-04-08 21:11:00,795 [INFO]  Epoch[2] Validation-ascites-accuracy=0.000000
2024-04-08 21:11:00,803 [INFO]  Epoch[3] Batch [0-4]	Speed: 21675.99 samples/sec	cross-entropy=0.470821	ascites-accuracy=0.000000
2024-04-08 21:11:00,808 [INFO]  Epoch[3] Train-cross-entropy=0.847603
2024-04-08 21:11:00,808 [INFO]  Epoch[3] Train-ascites-accuracy=0.000000
2024-04-08 21:11:00,808 [INFO]  Epoch[3] Time cost=0.013
2024-04-08 21:11:00,810 [INFO]  Saved checkpoint to "./imputer_model/25_hepatitis/imputer_model_ascites/model-0003.params"
2024-04-08 21:11:00,811 [INFO]  Epoch[3] Validation-cross-entropy=0.958756
2024-04-08 21:11:00,811 [INFO]  Epoch[3] Validation-ascites-accuracy=0.000000
2024-04-08 21:11:00,823 [INFO]  Epoch[4] Batch [0-4]	Speed: 27869.13 samples/sec	cross-entropy=0.310946	ascites-accuracy=0.000000
2024-04-08 21:11:00,824 [INFO]  Epoch[4] Train-cross-entropy=0.219093
2024-04-08 21:11:00,824 [INFO]  Epoch[4] Train-ascites-accuracy=0.000000
2024-04-08 21:11:00,824 [INFO]  Epoch[4] Time cost=0.013
2024-04-08 21:11:00,825 [INFO]  Saved checkpoint to "./imputer_model/25_hepatitis/imputer_model_ascites/model-0004.params"
2024-04-08 21:11:00,826 [INFO]  Epoch[4] Validation-cross-entropy=0.061039
2024-04-08 21:11:00,826 [INFO]  Epoch[4] Validation-ascites-accuracy=0.000000
2024-04-08 21:11:00,826 [INFO]  
========== done (0.12938880920410156 s) fit model
2024-04-08 21:11:04,437 [INFO]  
========== start: fit model
2024-04-08 21:11:04,437 [WARNING]  Already bound, ignoring bind()
2024-04-08 21:11:04,448 [INFO]  Epoch[0] Batch [0-4]	Speed: 24483.35 samples/sec	cross-entropy=24.479990	ascites-accuracy=0.000000
2024-04-08 21:11:04,449 [INFO]  Epoch[0] Train-cross-entropy=26.715554
2024-04-08 21:11:04,449 [INFO]  Epoch[0] Train-ascites-accuracy=0.000000
2024-04-08 21:11:04,449 [INFO]  Epoch[0] Time cost=0.011
2024-04-08 21:11:04,454 [INFO]  Saved checkpoint to "./imputer_model/25_hepatitis/imputer_model_ascites/model-0000.params"
2024-04-08 21:11:04,458 [INFO]  Epoch[0] Validation-cross-entropy=5.371603
2024-04-08 21:11:04,458 [INFO]  Epoch[0] Validation-ascites-accuracy=0.000000
2024-04-08 21:11:04,466 [INFO]  Epoch[1] Batch [0-4]	Speed: 15177.85 samples/sec	cross-entropy=6.022585	ascites-accuracy=0.000000
2024-04-08 21:11:04,469 [INFO]  Epoch[1] Train-cross-entropy=4.497431
2024-04-08 21:11:04,469 [INFO]  Epoch[1] Train-ascites-accuracy=0.000000
2024-04-08 21:11:04,469 [INFO]  Epoch[1] Time cost=0.011
2024-04-08 21:11:04,471 [INFO]  Saved checkpoint to "./imputer_model/25_hepatitis/imputer_model_ascites/model-0001.params"
2024-04-08 21:11:04,476 [INFO]  Epoch[1] Validation-cross-entropy=0.802148
2024-04-08 21:11:04,476 [INFO]  Epoch[1] Validation-ascites-accuracy=0.000000
2024-04-08 21:11:04,487 [INFO]  Epoch[2] Batch [0-4]	Speed: 7719.65 samples/sec	cross-entropy=0.476158	ascites-accuracy=0.000000
2024-04-08 21:11:04,489 [INFO]  Epoch[2] Train-cross-entropy=0.544515
2024-04-08 21:11:04,489 [INFO]  Epoch[2] Train-ascites-accuracy=0.000000
2024-04-08 21:11:04,489 [INFO]  Epoch[2] Time cost=0.013
2024-04-08 21:11:04,491 [INFO]  Saved checkpoint to "./imputer_model/25_hepatitis/imputer_model_ascites/model-0002.params"
2024-04-08 21:11:04,492 [INFO]  Epoch[2] Validation-cross-entropy=0.299759
2024-04-08 21:11:04,492 [INFO]  Epoch[2] Validation-ascites-accuracy=0.000000
2024-04-08 21:11:04,497 [INFO]  Epoch[3] Batch [0-4]	Speed: 15401.66 samples/sec	cross-entropy=0.869400	ascites-accuracy=0.000000
2024-04-08 21:11:04,499 [INFO]  Epoch[3] Train-cross-entropy=1.724891
2024-04-08 21:11:04,499 [INFO]  Epoch[3] Train-ascites-accuracy=0.000000
2024-04-08 21:11:04,499 [INFO]  Epoch[3] Time cost=0.008
2024-04-08 21:11:04,501 [INFO]  Saved checkpoint to "./imputer_model/25_hepatitis/imputer_model_ascites/model-0003.params"
2024-04-08 21:11:04,501 [INFO]  Epoch[3] Validation-cross-entropy=0.604694
2024-04-08 21:11:04,501 [INFO]  Epoch[3] Validation-ascites-accuracy=0.000000
2024-04-08 21:11:04,506 [INFO]  Epoch[4] Batch [0-4]	Speed: 16202.04 samples/sec	cross-entropy=0.998817	ascites-accuracy=0.000000
2024-04-08 21:11:04,508 [INFO]  Epoch[4] Train-cross-entropy=1.062324
2024-04-08 21:11:04,508 [INFO]  Epoch[4] Train-ascites-accuracy=0.000000
2024-04-08 21:11:04,508 [INFO]  Epoch[4] Time cost=0.007
2024-04-08 21:11:04,510 [INFO]  Saved checkpoint to "./imputer_model/25_hepatitis/imputer_model_ascites/model-0004.params"
2024-04-08 21:11:04,513 [INFO]  Epoch[4] Validation-cross-entropy=0.308929
2024-04-08 21:11:04,513 [INFO]  Epoch[4] Validation-ascites-accuracy=0.000000
2024-04-08 21:11:04,513 [INFO]  
========== done (0.07603907585144043 s) fit model
2024-04-08 21:11:07,905 [INFO]  
========== start: fit model
2024-04-08 21:11:07,906 [WARNING]  Already bound, ignoring bind()
2024-04-08 21:11:07,948 [INFO]  Epoch[0] Batch [0-4]	Speed: 27863.34 samples/sec	cross-entropy=10.260599	ascites-accuracy=0.000000
2024-04-08 21:11:07,950 [INFO]  Epoch[0] Train-cross-entropy=0.866474
2024-04-08 21:11:07,950 [INFO]  Epoch[0] Train-ascites-accuracy=0.000000
2024-04-08 21:11:07,950 [INFO]  Epoch[0] Time cost=0.043
2024-04-08 21:11:07,951 [INFO]  Saved checkpoint to "./imputer_model/25_hepatitis/imputer_model_ascites/model-0000.params"
2024-04-08 21:11:07,951 [INFO]  Epoch[0] Validation-cross-entropy=0.336678
2024-04-08 21:11:07,951 [INFO]  Epoch[0] Validation-ascites-accuracy=0.000000
2024-04-08 21:11:07,954 [INFO]  Epoch[1] Batch [0-4]	Speed: 28973.07 samples/sec	cross-entropy=0.531757	ascites-accuracy=0.000000
2024-04-08 21:11:07,955 [INFO]  Epoch[1] Train-cross-entropy=0.520079
2024-04-08 21:11:07,955 [INFO]  Epoch[1] Train-ascites-accuracy=0.000000
2024-04-08 21:11:07,956 [INFO]  Epoch[1] Time cost=0.004
2024-04-08 21:11:07,957 [INFO]  Saved checkpoint to "./imputer_model/25_hepatitis/imputer_model_ascites/model-0001.params"
2024-04-08 21:11:07,957 [INFO]  Epoch[1] Validation-cross-entropy=1.438867
2024-04-08 21:11:07,957 [INFO]  Epoch[1] Validation-ascites-accuracy=0.000000
2024-04-08 21:11:07,960 [INFO]  Epoch[2] Batch [0-4]	Speed: 28633.12 samples/sec	cross-entropy=1.324094	ascites-accuracy=0.000000
2024-04-08 21:11:07,961 [INFO]  Epoch[2] Train-cross-entropy=0.355218
2024-04-08 21:11:07,961 [INFO]  Epoch[2] Train-ascites-accuracy=0.000000
2024-04-08 21:11:07,961 [INFO]  Epoch[2] Time cost=0.004
2024-04-08 21:11:07,963 [INFO]  Saved checkpoint to "./imputer_model/25_hepatitis/imputer_model_ascites/model-0002.params"
2024-04-08 21:11:07,963 [INFO]  Epoch[2] Validation-cross-entropy=0.418122
2024-04-08 21:11:07,963 [INFO]  Epoch[2] Validation-ascites-accuracy=0.000000
2024-04-08 21:11:07,969 [INFO]  Epoch[3] Batch [0-4]	Speed: 15206.22 samples/sec	cross-entropy=0.506862	ascites-accuracy=0.000000
2024-04-08 21:11:07,971 [INFO]  Epoch[3] Train-cross-entropy=0.243496
2024-04-08 21:11:07,971 [INFO]  Epoch[3] Train-ascites-accuracy=0.000000
2024-04-08 21:11:07,971 [INFO]  Epoch[3] Time cost=0.008
2024-04-08 21:11:07,972 [INFO]  Saved checkpoint to "./imputer_model/25_hepatitis/imputer_model_ascites/model-0003.params"
2024-04-08 21:11:07,973 [INFO]  Epoch[3] Validation-cross-entropy=0.105595
2024-04-08 21:11:07,973 [INFO]  Epoch[3] Validation-ascites-accuracy=0.000000
2024-04-08 21:11:07,979 [INFO]  Epoch[4] Batch [0-4]	Speed: 14712.02 samples/sec	cross-entropy=0.131929	ascites-accuracy=0.000000
2024-04-08 21:11:07,981 [INFO]  Epoch[4] Train-cross-entropy=0.099883
2024-04-08 21:11:07,981 [INFO]  Epoch[4] Train-ascites-accuracy=0.000000
2024-04-08 21:11:07,981 [INFO]  Epoch[4] Time cost=0.008
2024-04-08 21:11:07,982 [INFO]  Saved checkpoint to "./imputer_model/25_hepatitis/imputer_model_ascites/model-0004.params"
2024-04-08 21:11:07,983 [INFO]  Epoch[4] Validation-cross-entropy=0.051159
2024-04-08 21:11:07,983 [INFO]  Epoch[4] Validation-ascites-accuracy=0.000000
2024-04-08 21:11:07,983 [INFO]  
========== done (0.07774639129638672 s) fit model
2024-04-08 21:11:11,301 [INFO]  
========== start: fit model
2024-04-08 21:11:11,301 [WARNING]  Already bound, ignoring bind()
2024-04-08 21:11:11,310 [INFO]  Epoch[0] Batch [0-4]	Speed: 21363.75 samples/sec	cross-entropy=13.303393	ascites-accuracy=0.000000
2024-04-08 21:11:11,312 [INFO]  Epoch[0] Train-cross-entropy=5.412155
2024-04-08 21:11:11,312 [INFO]  Epoch[0] Train-ascites-accuracy=0.000000
2024-04-08 21:11:11,312 [INFO]  Epoch[0] Time cost=0.010
2024-04-08 21:11:11,313 [INFO]  Saved checkpoint to "./imputer_model/25_hepatitis/imputer_model_ascites/model-0000.params"
2024-04-08 21:11:11,314 [INFO]  Epoch[0] Validation-cross-entropy=8.472880
2024-04-08 21:11:11,314 [INFO]  Epoch[0] Validation-ascites-accuracy=0.000000
2024-04-08 21:11:11,318 [INFO]  Epoch[1] Batch [0-4]	Speed: 21704.03 samples/sec	cross-entropy=2.069010	ascites-accuracy=0.000000
2024-04-08 21:11:11,319 [INFO]  Epoch[1] Train-cross-entropy=0.712566
2024-04-08 21:11:11,319 [INFO]  Epoch[1] Train-ascites-accuracy=0.000000
2024-04-08 21:11:11,319 [INFO]  Epoch[1] Time cost=0.005
2024-04-08 21:11:11,321 [INFO]  Saved checkpoint to "./imputer_model/25_hepatitis/imputer_model_ascites/model-0001.params"
2024-04-08 21:11:11,321 [INFO]  Epoch[1] Validation-cross-entropy=2.643541
2024-04-08 21:11:11,322 [INFO]  Epoch[1] Validation-ascites-accuracy=0.000000
2024-04-08 21:11:11,326 [INFO]  Epoch[2] Batch [0-4]	Speed: 17353.12 samples/sec	cross-entropy=0.444409	ascites-accuracy=0.000000
2024-04-08 21:11:11,328 [INFO]  Epoch[2] Train-cross-entropy=0.405689
2024-04-08 21:11:11,328 [INFO]  Epoch[2] Train-ascites-accuracy=0.000000
2024-04-08 21:11:11,328 [INFO]  Epoch[2] Time cost=0.007
2024-04-08 21:11:11,330 [INFO]  Saved checkpoint to "./imputer_model/25_hepatitis/imputer_model_ascites/model-0002.params"
2024-04-08 21:11:11,330 [INFO]  Epoch[2] Validation-cross-entropy=7.792353
2024-04-08 21:11:11,330 [INFO]  Epoch[2] Validation-ascites-accuracy=0.000000
2024-04-08 21:11:11,334 [INFO]  Epoch[3] Batch [0-4]	Speed: 21043.86 samples/sec	cross-entropy=0.787058	ascites-accuracy=0.000000
2024-04-08 21:11:11,336 [INFO]  Epoch[3] Train-cross-entropy=0.549412
2024-04-08 21:11:11,336 [INFO]  Epoch[3] Train-ascites-accuracy=0.000000
2024-04-08 21:11:11,336 [INFO]  Epoch[3] Time cost=0.006
2024-04-08 21:11:11,337 [INFO]  Saved checkpoint to "./imputer_model/25_hepatitis/imputer_model_ascites/model-0003.params"
2024-04-08 21:11:11,338 [INFO]  Epoch[3] Validation-cross-entropy=3.653734
2024-04-08 21:11:11,338 [INFO]  Epoch[3] Validation-ascites-accuracy=0.000000
2024-04-08 21:11:11,342 [INFO]  Epoch[4] Batch [0-4]	Speed: 21406.34 samples/sec	cross-entropy=0.462923	ascites-accuracy=0.000000
2024-04-08 21:11:11,349 [INFO]  Epoch[4] Train-cross-entropy=0.114084
2024-04-08 21:11:11,349 [INFO]  Epoch[4] Train-ascites-accuracy=0.000000
2024-04-08 21:11:11,350 [INFO]  Epoch[4] Time cost=0.012
2024-04-08 21:11:11,353 [INFO]  Saved checkpoint to "./imputer_model/25_hepatitis/imputer_model_ascites/model-0004.params"
2024-04-08 21:11:11,377 [INFO]  Epoch[4] Validation-cross-entropy=0.210253
2024-04-08 21:11:11,377 [INFO]  Epoch[4] Validation-ascites-accuracy=0.000000
2024-04-08 21:11:11,377 [INFO]  
========== done (0.07594490051269531 s) fit model
2024-04-08 21:11:14,971 [INFO]  
========== start: fit model
2024-04-08 21:11:14,972 [WARNING]  Already bound, ignoring bind()
2024-04-08 21:11:14,978 [INFO]  Epoch[0] Batch [0-4]	Speed: 15517.40 samples/sec	cross-entropy=55.198924	ascites-accuracy=2.400000
2024-04-08 21:11:14,979 [INFO]  Epoch[0] Train-cross-entropy=20.985164
2024-04-08 21:11:14,979 [INFO]  Epoch[0] Train-ascites-accuracy=1.500000
2024-04-08 21:11:14,979 [INFO]  Epoch[0] Time cost=0.007
2024-04-08 21:11:14,981 [INFO]  Saved checkpoint to "./imputer_model/25_hepatitis/imputer_model_ascites/model-0000.params"
2024-04-08 21:11:14,985 [INFO]  Epoch[0] Validation-cross-entropy=3.219632
2024-04-08 21:11:14,985 [INFO]  Epoch[0] Validation-ascites-accuracy=0.000000
2024-04-08 21:11:14,988 [INFO]  Epoch[1] Batch [0-4]	Speed: 22382.68 samples/sec	cross-entropy=12.395348	ascites-accuracy=2.400000
2024-04-08 21:11:14,990 [INFO]  Epoch[1] Train-cross-entropy=4.498652
2024-04-08 21:11:14,990 [INFO]  Epoch[1] Train-ascites-accuracy=1.500000
2024-04-08 21:11:14,990 [INFO]  Epoch[1] Time cost=0.005
2024-04-08 21:11:14,991 [INFO]  Saved checkpoint to "./imputer_model/25_hepatitis/imputer_model_ascites/model-0001.params"
2024-04-08 21:11:14,996 [INFO]  Epoch[1] Validation-cross-entropy=1.050655
2024-04-08 21:11:14,996 [INFO]  Epoch[1] Validation-ascites-accuracy=0.000000
2024-04-08 21:11:15,022 [INFO]  Epoch[2] Batch [0-4]	Speed: 19355.07 samples/sec	cross-entropy=1.989920	ascites-accuracy=2.400000
2024-04-08 21:11:15,024 [INFO]  Epoch[2] Train-cross-entropy=2.627854
2024-04-08 21:11:15,025 [INFO]  Epoch[2] Train-ascites-accuracy=1.500000
2024-04-08 21:11:15,025 [INFO]  Epoch[2] Time cost=0.028
2024-04-08 21:11:15,026 [INFO]  Saved checkpoint to "./imputer_model/25_hepatitis/imputer_model_ascites/model-0002.params"
2024-04-08 21:11:15,027 [INFO]  Epoch[2] Validation-cross-entropy=0.744257
2024-04-08 21:11:15,027 [INFO]  Epoch[2] Validation-ascites-accuracy=0.000000
2024-04-08 21:11:15,049 [INFO]  Epoch[3] Batch [0-4]	Speed: 3165.36 samples/sec	cross-entropy=2.013008	ascites-accuracy=2.400000
2024-04-08 21:11:15,050 [INFO]  Epoch[3] Train-cross-entropy=1.385012
2024-04-08 21:11:15,050 [INFO]  Epoch[3] Train-ascites-accuracy=1.500000
2024-04-08 21:11:15,050 [INFO]  Epoch[3] Time cost=0.023
2024-04-08 21:11:15,051 [INFO]  Saved checkpoint to "./imputer_model/25_hepatitis/imputer_model_ascites/model-0003.params"
2024-04-08 21:11:15,052 [INFO]  Epoch[3] Validation-cross-entropy=0.401081
2024-04-08 21:11:15,052 [INFO]  Epoch[3] Validation-ascites-accuracy=0.000000
2024-04-08 21:11:15,055 [INFO]  Epoch[4] Batch [0-4]	Speed: 28898.21 samples/sec	cross-entropy=0.973544	ascites-accuracy=2.400000
2024-04-08 21:11:15,056 [INFO]  Epoch[4] Train-cross-entropy=0.424451
2024-04-08 21:11:15,056 [INFO]  Epoch[4] Train-ascites-accuracy=1.500000
2024-04-08 21:11:15,056 [INFO]  Epoch[4] Time cost=0.004
2024-04-08 21:11:15,057 [INFO]  Saved checkpoint to "./imputer_model/25_hepatitis/imputer_model_ascites/model-0004.params"
2024-04-08 21:11:15,058 [INFO]  Epoch[4] Validation-cross-entropy=0.113130
2024-04-08 21:11:15,058 [INFO]  Epoch[4] Validation-ascites-accuracy=0.000000
2024-04-08 21:11:15,058 [INFO]  
========== done (0.08619236946105957 s) fit model
2024-04-08 21:11:17,869 [INFO]  
========== start: fit model
2024-04-08 21:11:17,869 [WARNING]  Already bound, ignoring bind()
2024-04-08 21:11:17,877 [INFO]  Epoch[0] Batch [0-4]	Speed: 9860.61 samples/sec	cross-entropy=6.085829	ascites-accuracy=1.600000
2024-04-08 21:11:17,881 [INFO]  Epoch[0] Train-cross-entropy=0.607796
2024-04-08 21:11:17,881 [INFO]  Epoch[0] Train-ascites-accuracy=3.500000
2024-04-08 21:11:17,881 [INFO]  Epoch[0] Time cost=0.012
2024-04-08 21:11:17,885 [INFO]  Saved checkpoint to "./imputer_model/25_hepatitis/imputer_model_ascites/model-0000.params"
2024-04-08 21:11:17,885 [INFO]  Epoch[0] Validation-cross-entropy=0.170883
2024-04-08 21:11:17,886 [INFO]  Epoch[0] Validation-ascites-accuracy=0.000000
2024-04-08 21:11:17,891 [INFO]  Epoch[1] Batch [0-4]	Speed: 15058.65 samples/sec	cross-entropy=0.344429	ascites-accuracy=1.600000
2024-04-08 21:11:17,893 [INFO]  Epoch[1] Train-cross-entropy=0.903513
2024-04-08 21:11:17,893 [INFO]  Epoch[1] Train-ascites-accuracy=3.500000
2024-04-08 21:11:17,893 [INFO]  Epoch[1] Time cost=0.008
2024-04-08 21:11:17,896 [INFO]  Saved checkpoint to "./imputer_model/25_hepatitis/imputer_model_ascites/model-0001.params"
2024-04-08 21:11:17,896 [INFO]  Epoch[1] Validation-cross-entropy=0.861658
2024-04-08 21:11:17,896 [INFO]  Epoch[1] Validation-ascites-accuracy=0.000000
2024-04-08 21:11:17,900 [INFO]  Epoch[2] Batch [0-4]	Speed: 20821.86 samples/sec	cross-entropy=0.982097	ascites-accuracy=1.600000
2024-04-08 21:11:17,902 [INFO]  Epoch[2] Train-cross-entropy=0.426193
2024-04-08 21:11:17,902 [INFO]  Epoch[2] Train-ascites-accuracy=3.500000
2024-04-08 21:11:17,902 [INFO]  Epoch[2] Time cost=0.005
2024-04-08 21:11:17,903 [INFO]  Saved checkpoint to "./imputer_model/25_hepatitis/imputer_model_ascites/model-0002.params"
2024-04-08 21:11:17,904 [INFO]  Epoch[2] Validation-cross-entropy=0.177698
2024-04-08 21:11:17,904 [INFO]  Epoch[2] Validation-ascites-accuracy=0.000000
2024-04-08 21:11:17,907 [INFO]  Epoch[3] Batch [0-4]	Speed: 26158.20 samples/sec	cross-entropy=0.119129	ascites-accuracy=1.600000
2024-04-08 21:11:17,908 [INFO]  Epoch[3] Train-cross-entropy=0.059778
2024-04-08 21:11:17,908 [INFO]  Epoch[3] Train-ascites-accuracy=3.500000
2024-04-08 21:11:17,908 [INFO]  Epoch[3] Time cost=0.005
2024-04-08 21:11:17,910 [INFO]  Saved checkpoint to "./imputer_model/25_hepatitis/imputer_model_ascites/model-0003.params"
2024-04-08 21:11:17,910 [INFO]  Epoch[3] Validation-cross-entropy=0.142358
2024-04-08 21:11:17,910 [INFO]  Epoch[3] Validation-ascites-accuracy=0.000000
2024-04-08 21:11:17,913 [INFO]  Epoch[4] Batch [0-4]	Speed: 27788.35 samples/sec	cross-entropy=0.177302	ascites-accuracy=1.600000
2024-04-08 21:11:17,914 [INFO]  Epoch[4] Train-cross-entropy=0.124155
2024-04-08 21:11:17,914 [INFO]  Epoch[4] Train-ascites-accuracy=3.500000
2024-04-08 21:11:17,914 [INFO]  Epoch[4] Time cost=0.004
2024-04-08 21:11:17,916 [INFO]  Saved checkpoint to "./imputer_model/25_hepatitis/imputer_model_ascites/model-0004.params"
2024-04-08 21:11:17,916 [INFO]  Epoch[4] Validation-cross-entropy=0.114608
2024-04-08 21:11:17,916 [INFO]  Epoch[4] Validation-ascites-accuracy=0.000000
2024-04-08 21:11:17,916 [INFO]  
========== done (0.04754447937011719 s) fit model
