2024-04-08 00:10:31,639 [INFO]  
========== start: fit model
2024-04-08 00:10:31,639 [WARNING]  Already bound, ignoring bind()
2024-04-08 00:10:31,652 [INFO]  Epoch[0] Batch [0-16]	Speed: 24419.32 samples/sec	cross-entropy=4.697570	A7-accuracy=0.000000
2024-04-08 00:10:31,661 [INFO]  Epoch[0] Train-cross-entropy=0.951997
2024-04-08 00:10:31,661 [INFO]  Epoch[0] Train-A7-accuracy=0.000000
2024-04-08 00:10:31,661 [INFO]  Epoch[0] Time cost=0.021
2024-04-08 00:10:31,662 [INFO]  Saved checkpoint to "./imputer_model/24_credit/imputer_model_A7/model-0000.params"
2024-04-08 00:10:31,664 [INFO]  Epoch[0] Validation-cross-entropy=0.638298
2024-04-08 00:10:31,664 [INFO]  Epoch[0] Validation-A7-accuracy=0.000000
2024-04-08 00:10:31,674 [INFO]  Epoch[1] Batch [0-16]	Speed: 25228.30 samples/sec	cross-entropy=0.331149	A7-accuracy=0.000000
2024-04-08 00:10:31,683 [INFO]  Epoch[1] Train-cross-entropy=0.168350
2024-04-08 00:10:31,683 [INFO]  Epoch[1] Train-A7-accuracy=0.000000
2024-04-08 00:10:31,683 [INFO]  Epoch[1] Time cost=0.020
2024-04-08 00:10:31,684 [INFO]  Saved checkpoint to "./imputer_model/24_credit/imputer_model_A7/model-0001.params"
2024-04-08 00:10:31,686 [INFO]  Epoch[1] Validation-cross-entropy=0.162215
2024-04-08 00:10:31,686 [INFO]  Epoch[1] Validation-A7-accuracy=0.000000
2024-04-08 00:10:31,696 [INFO]  Epoch[2] Batch [0-16]	Speed: 26317.20 samples/sec	cross-entropy=0.113111	A7-accuracy=0.000000
2024-04-08 00:10:31,705 [INFO]  Epoch[2] Train-cross-entropy=0.074951
2024-04-08 00:10:31,705 [INFO]  Epoch[2] Train-A7-accuracy=0.000000
2024-04-08 00:10:31,705 [INFO]  Epoch[2] Time cost=0.019
2024-04-08 00:10:31,706 [INFO]  Saved checkpoint to "./imputer_model/24_credit/imputer_model_A7/model-0002.params"
2024-04-08 00:10:31,707 [INFO]  Epoch[2] Validation-cross-entropy=0.079787
2024-04-08 00:10:31,707 [INFO]  Epoch[2] Validation-A7-accuracy=0.000000
2024-04-08 00:10:31,726 [INFO]  Epoch[3] Batch [0-16]	Speed: 13963.38 samples/sec	cross-entropy=0.069239	A7-accuracy=0.000000
2024-04-08 00:10:31,741 [INFO]  Epoch[3] Train-cross-entropy=0.059962
2024-04-08 00:10:31,741 [INFO]  Epoch[3] Train-A7-accuracy=0.000000
2024-04-08 00:10:31,741 [INFO]  Epoch[3] Time cost=0.033
2024-04-08 00:10:31,742 [INFO]  Saved checkpoint to "./imputer_model/24_credit/imputer_model_A7/model-0003.params"
2024-04-08 00:10:31,744 [INFO]  Epoch[3] Validation-cross-entropy=0.060448
2024-04-08 00:10:31,744 [INFO]  Epoch[3] Validation-A7-accuracy=0.000000
2024-04-08 00:10:31,758 [INFO]  Epoch[4] Batch [0-16]	Speed: 19619.96 samples/sec	cross-entropy=0.054624	A7-accuracy=0.000000
2024-04-08 00:10:31,769 [INFO]  Epoch[4] Train-cross-entropy=0.048469
2024-04-08 00:10:31,769 [INFO]  Epoch[4] Train-A7-accuracy=0.000000
2024-04-08 00:10:31,769 [INFO]  Epoch[4] Time cost=0.025
2024-04-08 00:10:31,770 [INFO]  Saved checkpoint to "./imputer_model/24_credit/imputer_model_A7/model-0004.params"
2024-04-08 00:10:31,772 [INFO]  Epoch[4] Validation-cross-entropy=0.053050
2024-04-08 00:10:31,772 [INFO]  Epoch[4] Validation-A7-accuracy=0.000000
2024-04-08 00:10:31,772 [INFO]  
========== done (0.13304829597473145 s) fit model
2024-04-08 00:10:35,293 [INFO]  
========== start: fit model
2024-04-08 00:10:35,293 [WARNING]  Already bound, ignoring bind()
2024-04-08 00:10:35,304 [INFO]  Epoch[0] Batch [0-16]	Speed: 27431.96 samples/sec	cross-entropy=5.826410	A7-accuracy=0.000000
2024-04-08 00:10:35,312 [INFO]  Epoch[0] Train-cross-entropy=1.009871
2024-04-08 00:10:35,312 [INFO]  Epoch[0] Train-A7-accuracy=0.000000
2024-04-08 00:10:35,312 [INFO]  Epoch[0] Time cost=0.019
2024-04-08 00:10:35,314 [INFO]  Saved checkpoint to "./imputer_model/24_credit/imputer_model_A7/model-0000.params"
2024-04-08 00:10:35,315 [INFO]  Epoch[0] Validation-cross-entropy=0.809459
2024-04-08 00:10:35,315 [INFO]  Epoch[0] Validation-A7-accuracy=0.000000
2024-04-08 00:10:35,325 [INFO]  Epoch[1] Batch [0-16]	Speed: 28610.99 samples/sec	cross-entropy=0.351801	A7-accuracy=0.000000
2024-04-08 00:10:35,333 [INFO]  Epoch[1] Train-cross-entropy=0.179465
2024-04-08 00:10:35,333 [INFO]  Epoch[1] Train-A7-accuracy=0.000000
2024-04-08 00:10:35,333 [INFO]  Epoch[1] Time cost=0.018
2024-04-08 00:10:35,334 [INFO]  Saved checkpoint to "./imputer_model/24_credit/imputer_model_A7/model-0001.params"
2024-04-08 00:10:35,336 [INFO]  Epoch[1] Validation-cross-entropy=0.140942
2024-04-08 00:10:35,336 [INFO]  Epoch[1] Validation-A7-accuracy=0.000000
2024-04-08 00:10:35,345 [INFO]  Epoch[2] Batch [0-16]	Speed: 28478.95 samples/sec	cross-entropy=0.113742	A7-accuracy=0.000000
2024-04-08 00:10:35,353 [INFO]  Epoch[2] Train-cross-entropy=0.076363
2024-04-08 00:10:35,354 [INFO]  Epoch[2] Train-A7-accuracy=0.000000
2024-04-08 00:10:35,354 [INFO]  Epoch[2] Time cost=0.018
2024-04-08 00:10:35,355 [INFO]  Saved checkpoint to "./imputer_model/24_credit/imputer_model_A7/model-0002.params"
2024-04-08 00:10:35,356 [INFO]  Epoch[2] Validation-cross-entropy=0.086455
2024-04-08 00:10:35,356 [INFO]  Epoch[2] Validation-A7-accuracy=0.000000
2024-04-08 00:10:35,366 [INFO]  Epoch[3] Batch [0-16]	Speed: 28728.11 samples/sec	cross-entropy=0.071023	A7-accuracy=0.000000
2024-04-08 00:10:35,374 [INFO]  Epoch[3] Train-cross-entropy=0.061258
2024-04-08 00:10:35,374 [INFO]  Epoch[3] Train-A7-accuracy=0.000000
2024-04-08 00:10:35,374 [INFO]  Epoch[3] Time cost=0.018
2024-04-08 00:10:35,376 [INFO]  Saved checkpoint to "./imputer_model/24_credit/imputer_model_A7/model-0003.params"
2024-04-08 00:10:35,377 [INFO]  Epoch[3] Validation-cross-entropy=0.072908
2024-04-08 00:10:35,377 [INFO]  Epoch[3] Validation-A7-accuracy=0.000000
2024-04-08 00:10:35,387 [INFO]  Epoch[4] Batch [0-16]	Speed: 28594.99 samples/sec	cross-entropy=0.060451	A7-accuracy=0.000000
2024-04-08 00:10:35,395 [INFO]  Epoch[4] Train-cross-entropy=0.052929
2024-04-08 00:10:35,395 [INFO]  Epoch[4] Train-A7-accuracy=0.000000
2024-04-08 00:10:35,395 [INFO]  Epoch[4] Time cost=0.018
2024-04-08 00:10:35,396 [INFO]  Saved checkpoint to "./imputer_model/24_credit/imputer_model_A7/model-0004.params"
2024-04-08 00:10:35,398 [INFO]  Epoch[4] Validation-cross-entropy=0.066609
2024-04-08 00:10:35,398 [INFO]  Epoch[4] Validation-A7-accuracy=0.000000
2024-04-08 00:10:35,398 [INFO]  
========== done (0.10504794120788574 s) fit model
2024-04-08 00:10:39,247 [INFO]  
========== start: fit model
2024-04-08 00:10:39,247 [WARNING]  Already bound, ignoring bind()
2024-04-08 00:10:39,259 [INFO]  Epoch[0] Batch [0-16]	Speed: 24755.43 samples/sec	cross-entropy=10.099063	A7-accuracy=0.000000
2024-04-08 00:10:39,271 [INFO]  Epoch[0] Train-cross-entropy=0.934416
2024-04-08 00:10:39,271 [INFO]  Epoch[0] Train-A7-accuracy=0.000000
2024-04-08 00:10:39,271 [INFO]  Epoch[0] Time cost=0.023
2024-04-08 00:10:39,272 [INFO]  Saved checkpoint to "./imputer_model/24_credit/imputer_model_A7/model-0000.params"
2024-04-08 00:10:39,274 [INFO]  Epoch[0] Validation-cross-entropy=0.851089
2024-04-08 00:10:39,274 [INFO]  Epoch[0] Validation-A7-accuracy=0.000000
2024-04-08 00:10:39,285 [INFO]  Epoch[1] Batch [0-16]	Speed: 24284.56 samples/sec	cross-entropy=0.484016	A7-accuracy=0.000000
2024-04-08 00:10:39,299 [INFO]  Epoch[1] Train-cross-entropy=0.236015
2024-04-08 00:10:39,299 [INFO]  Epoch[1] Train-A7-accuracy=0.000000
2024-04-08 00:10:39,299 [INFO]  Epoch[1] Time cost=0.026
2024-04-08 00:10:39,303 [INFO]  Saved checkpoint to "./imputer_model/24_credit/imputer_model_A7/model-0001.params"
2024-04-08 00:10:39,306 [INFO]  Epoch[1] Validation-cross-entropy=0.167388
2024-04-08 00:10:39,306 [INFO]  Epoch[1] Validation-A7-accuracy=0.000000
2024-04-08 00:10:39,322 [INFO]  Epoch[2] Batch [0-16]	Speed: 17735.78 samples/sec	cross-entropy=0.129403	A7-accuracy=0.000000
2024-04-08 00:10:39,353 [INFO]  Epoch[2] Train-cross-entropy=0.109664
2024-04-08 00:10:39,353 [INFO]  Epoch[2] Train-A7-accuracy=0.000000
2024-04-08 00:10:39,353 [INFO]  Epoch[2] Time cost=0.047
2024-04-08 00:10:39,355 [INFO]  Saved checkpoint to "./imputer_model/24_credit/imputer_model_A7/model-0002.params"
2024-04-08 00:10:39,356 [INFO]  Epoch[2] Validation-cross-entropy=0.121451
2024-04-08 00:10:39,356 [INFO]  Epoch[2] Validation-A7-accuracy=0.000000
2024-04-08 00:10:39,366 [INFO]  Epoch[3] Batch [0-16]	Speed: 28506.17 samples/sec	cross-entropy=0.071187	A7-accuracy=0.000000
2024-04-08 00:10:39,374 [INFO]  Epoch[3] Train-cross-entropy=0.076466
2024-04-08 00:10:39,374 [INFO]  Epoch[3] Train-A7-accuracy=0.000000
2024-04-08 00:10:39,374 [INFO]  Epoch[3] Time cost=0.018
2024-04-08 00:10:39,378 [INFO]  Saved checkpoint to "./imputer_model/24_credit/imputer_model_A7/model-0003.params"
2024-04-08 00:10:39,397 [INFO]  Epoch[3] Validation-cross-entropy=0.091771
2024-04-08 00:10:39,397 [INFO]  Epoch[3] Validation-A7-accuracy=0.000000
2024-04-08 00:10:39,409 [INFO]  Epoch[4] Batch [0-16]	Speed: 21360.35 samples/sec	cross-entropy=0.055081	A7-accuracy=0.000000
2024-04-08 00:10:39,420 [INFO]  Epoch[4] Train-cross-entropy=0.060204
2024-04-08 00:10:39,420 [INFO]  Epoch[4] Train-A7-accuracy=0.000000
2024-04-08 00:10:39,420 [INFO]  Epoch[4] Time cost=0.023
2024-04-08 00:10:39,422 [INFO]  Saved checkpoint to "./imputer_model/24_credit/imputer_model_A7/model-0004.params"
2024-04-08 00:10:39,423 [INFO]  Epoch[4] Validation-cross-entropy=0.079466
2024-04-08 00:10:39,423 [INFO]  Epoch[4] Validation-A7-accuracy=0.000000
2024-04-08 00:10:39,423 [INFO]  
========== done (0.1763601303100586 s) fit model
2024-04-08 00:10:43,100 [INFO]  
========== start: fit model
2024-04-08 00:10:43,101 [WARNING]  Already bound, ignoring bind()
2024-04-08 00:10:43,115 [INFO]  Epoch[0] Batch [0-16]	Speed: 21321.75 samples/sec	cross-entropy=12.003742	A7-accuracy=4.411765
2024-04-08 00:10:43,124 [INFO]  Epoch[0] Train-cross-entropy=1.280969
2024-04-08 00:10:43,124 [INFO]  Epoch[0] Train-A7-accuracy=2.857143
2024-04-08 00:10:43,124 [INFO]  Epoch[0] Time cost=0.023
2024-04-08 00:10:43,126 [INFO]  Saved checkpoint to "./imputer_model/24_credit/imputer_model_A7/model-0000.params"
2024-04-08 00:10:43,127 [INFO]  Epoch[0] Validation-cross-entropy=0.581196
2024-04-08 00:10:43,127 [INFO]  Epoch[0] Validation-A7-accuracy=0.000000
2024-04-08 00:10:43,137 [INFO]  Epoch[1] Batch [0-16]	Speed: 28514.50 samples/sec	cross-entropy=1.230972	A7-accuracy=4.411765
2024-04-08 00:10:43,145 [INFO]  Epoch[1] Train-cross-entropy=0.350544
2024-04-08 00:10:43,145 [INFO]  Epoch[1] Train-A7-accuracy=2.857143
2024-04-08 00:10:43,145 [INFO]  Epoch[1] Time cost=0.018
2024-04-08 00:10:43,146 [INFO]  Saved checkpoint to "./imputer_model/24_credit/imputer_model_A7/model-0001.params"
2024-04-08 00:10:43,147 [INFO]  Epoch[1] Validation-cross-entropy=0.508315
2024-04-08 00:10:43,147 [INFO]  Epoch[1] Validation-A7-accuracy=0.000000
2024-04-08 00:10:43,157 [INFO]  Epoch[2] Batch [0-16]	Speed: 28587.38 samples/sec	cross-entropy=0.274053	A7-accuracy=4.411765
2024-04-08 00:10:43,165 [INFO]  Epoch[2] Train-cross-entropy=0.159749
2024-04-08 00:10:43,165 [INFO]  Epoch[2] Train-A7-accuracy=2.857143
2024-04-08 00:10:43,165 [INFO]  Epoch[2] Time cost=0.018
2024-04-08 00:10:43,167 [INFO]  Saved checkpoint to "./imputer_model/24_credit/imputer_model_A7/model-0002.params"
2024-04-08 00:10:43,168 [INFO]  Epoch[2] Validation-cross-entropy=0.139348
2024-04-08 00:10:43,168 [INFO]  Epoch[2] Validation-A7-accuracy=0.000000
2024-04-08 00:10:43,178 [INFO]  Epoch[3] Batch [0-16]	Speed: 28610.23 samples/sec	cross-entropy=0.156043	A7-accuracy=4.411765
2024-04-08 00:10:43,186 [INFO]  Epoch[3] Train-cross-entropy=0.100644
2024-04-08 00:10:43,186 [INFO]  Epoch[3] Train-A7-accuracy=2.857143
2024-04-08 00:10:43,186 [INFO]  Epoch[3] Time cost=0.018
2024-04-08 00:10:43,187 [INFO]  Saved checkpoint to "./imputer_model/24_credit/imputer_model_A7/model-0003.params"
2024-04-08 00:10:43,188 [INFO]  Epoch[3] Validation-cross-entropy=0.120528
2024-04-08 00:10:43,188 [INFO]  Epoch[3] Validation-A7-accuracy=0.000000
2024-04-08 00:10:43,198 [INFO]  Epoch[4] Batch [0-16]	Speed: 27301.53 samples/sec	cross-entropy=0.107118	A7-accuracy=4.411765
2024-04-08 00:10:43,206 [INFO]  Epoch[4] Train-cross-entropy=0.077259
2024-04-08 00:10:43,206 [INFO]  Epoch[4] Train-A7-accuracy=2.857143
2024-04-08 00:10:43,206 [INFO]  Epoch[4] Time cost=0.018
2024-04-08 00:10:43,208 [INFO]  Saved checkpoint to "./imputer_model/24_credit/imputer_model_A7/model-0004.params"
2024-04-08 00:10:43,209 [INFO]  Epoch[4] Validation-cross-entropy=0.099010
2024-04-08 00:10:43,209 [INFO]  Epoch[4] Validation-A7-accuracy=0.000000
2024-04-08 00:10:43,209 [INFO]  
========== done (0.1086277961730957 s) fit model
2024-04-08 00:10:46,976 [INFO]  
========== start: fit model
2024-04-08 00:10:46,976 [WARNING]  Already bound, ignoring bind()
2024-04-08 00:10:46,990 [INFO]  Epoch[0] Batch [0-16]	Speed: 21756.80 samples/sec	cross-entropy=15.963077	A7-accuracy=3.529412
2024-04-08 00:10:46,999 [INFO]  Epoch[0] Train-cross-entropy=2.372225
2024-04-08 00:10:46,999 [INFO]  Epoch[0] Train-A7-accuracy=3.428571
2024-04-08 00:10:46,999 [INFO]  Epoch[0] Time cost=0.022
2024-04-08 00:10:47,001 [INFO]  Saved checkpoint to "./imputer_model/24_credit/imputer_model_A7/model-0000.params"
2024-04-08 00:10:47,002 [INFO]  Epoch[0] Validation-cross-entropy=1.206649
2024-04-08 00:10:47,002 [INFO]  Epoch[0] Validation-A7-accuracy=0.000000
2024-04-08 00:10:47,012 [INFO]  Epoch[1] Batch [0-16]	Speed: 28089.31 samples/sec	cross-entropy=0.893452	A7-accuracy=3.529412
2024-04-08 00:10:47,020 [INFO]  Epoch[1] Train-cross-entropy=0.481049
2024-04-08 00:10:47,020 [INFO]  Epoch[1] Train-A7-accuracy=3.428571
2024-04-08 00:10:47,020 [INFO]  Epoch[1] Time cost=0.018
2024-04-08 00:10:47,022 [INFO]  Saved checkpoint to "./imputer_model/24_credit/imputer_model_A7/model-0001.params"
2024-04-08 00:10:47,023 [INFO]  Epoch[1] Validation-cross-entropy=0.378850
2024-04-08 00:10:47,023 [INFO]  Epoch[1] Validation-A7-accuracy=0.000000
2024-04-08 00:10:47,033 [INFO]  Epoch[2] Batch [0-16]	Speed: 28360.85 samples/sec	cross-entropy=0.326914	A7-accuracy=3.529412
2024-04-08 00:10:47,138 [INFO]  Epoch[2] Train-cross-entropy=0.186696
2024-04-08 00:10:47,138 [INFO]  Epoch[2] Train-A7-accuracy=3.428571
2024-04-08 00:10:47,138 [INFO]  Epoch[2] Time cost=0.115
2024-04-08 00:10:47,140 [INFO]  Saved checkpoint to "./imputer_model/24_credit/imputer_model_A7/model-0002.params"
2024-04-08 00:10:47,141 [INFO]  Epoch[2] Validation-cross-entropy=0.206603
2024-04-08 00:10:47,142 [INFO]  Epoch[2] Validation-A7-accuracy=0.000000
2024-04-08 00:10:47,192 [INFO]  Epoch[3] Batch [0-16]	Speed: 5188.61 samples/sec	cross-entropy=0.173805	A7-accuracy=3.529412
2024-04-08 00:10:47,210 [INFO]  Epoch[3] Train-cross-entropy=0.109216
2024-04-08 00:10:47,210 [INFO]  Epoch[3] Train-A7-accuracy=3.428571
2024-04-08 00:10:47,211 [INFO]  Epoch[3] Time cost=0.069
2024-04-08 00:10:47,213 [INFO]  Saved checkpoint to "./imputer_model/24_credit/imputer_model_A7/model-0003.params"
2024-04-08 00:10:47,214 [INFO]  Epoch[3] Validation-cross-entropy=0.114671
2024-04-08 00:10:47,214 [INFO]  Epoch[3] Validation-A7-accuracy=0.000000
2024-04-08 00:10:47,229 [INFO]  Epoch[4] Batch [0-16]	Speed: 18248.50 samples/sec	cross-entropy=0.113318	A7-accuracy=3.529412
2024-04-08 00:10:47,348 [INFO]  Epoch[4] Train-cross-entropy=0.078865
2024-04-08 00:10:47,348 [INFO]  Epoch[4] Train-A7-accuracy=3.428571
2024-04-08 00:10:47,348 [INFO]  Epoch[4] Time cost=0.133
2024-04-08 00:10:47,350 [INFO]  Saved checkpoint to "./imputer_model/24_credit/imputer_model_A7/model-0004.params"
2024-04-08 00:10:47,351 [INFO]  Epoch[4] Validation-cross-entropy=0.078381
2024-04-08 00:10:47,351 [INFO]  Epoch[4] Validation-A7-accuracy=0.000000
2024-04-08 00:10:47,351 [INFO]  
========== done (0.3749113082885742 s) fit model
2024-04-08 00:10:54,386 [INFO]  
========== start: fit model
2024-04-08 00:10:54,386 [WARNING]  Already bound, ignoring bind()
2024-04-08 00:10:54,406 [INFO]  Epoch[0] Batch [0-16]	Speed: 24988.17 samples/sec	cross-entropy=7.135773	A7-accuracy=3.000000
2024-04-08 00:10:54,510 [INFO]  Epoch[0] Train-cross-entropy=1.298539
2024-04-08 00:10:54,510 [INFO]  Epoch[0] Train-A7-accuracy=3.500000
2024-04-08 00:10:54,510 [INFO]  Epoch[0] Time cost=0.123
2024-04-08 00:10:54,512 [INFO]  Saved checkpoint to "./imputer_model/24_credit/imputer_model_A7/model-0000.params"
2024-04-08 00:10:54,513 [INFO]  Epoch[0] Validation-cross-entropy=0.790062
2024-04-08 00:10:54,513 [INFO]  Epoch[0] Validation-A7-accuracy=0.000000
2024-04-08 00:10:54,523 [INFO]  Epoch[1] Batch [0-16]	Speed: 27852.50 samples/sec	cross-entropy=0.684300	A7-accuracy=3.000000
2024-04-08 00:10:54,532 [INFO]  Epoch[1] Train-cross-entropy=0.392861
2024-04-08 00:10:54,532 [INFO]  Epoch[1] Train-A7-accuracy=3.500000
2024-04-08 00:10:54,532 [INFO]  Epoch[1] Time cost=0.019
2024-04-08 00:10:54,533 [INFO]  Saved checkpoint to "./imputer_model/24_credit/imputer_model_A7/model-0001.params"
2024-04-08 00:10:54,534 [INFO]  Epoch[1] Validation-cross-entropy=0.272896
2024-04-08 00:10:54,534 [INFO]  Epoch[1] Validation-A7-accuracy=0.000000
2024-04-08 00:10:54,607 [INFO]  Epoch[2] Batch [0-16]	Speed: 3575.80 samples/sec	cross-entropy=0.253076	A7-accuracy=3.000000
2024-04-08 00:10:54,623 [INFO]  Epoch[2] Train-cross-entropy=0.207271
2024-04-08 00:10:54,624 [INFO]  Epoch[2] Train-A7-accuracy=3.500000
2024-04-08 00:10:54,624 [INFO]  Epoch[2] Time cost=0.089
2024-04-08 00:10:54,625 [INFO]  Saved checkpoint to "./imputer_model/24_credit/imputer_model_A7/model-0002.params"
2024-04-08 00:10:54,626 [INFO]  Epoch[2] Validation-cross-entropy=0.166643
2024-04-08 00:10:54,626 [INFO]  Epoch[2] Validation-A7-accuracy=0.000000
2024-04-08 00:10:54,639 [INFO]  Epoch[3] Batch [0-16]	Speed: 21847.11 samples/sec	cross-entropy=0.147954	A7-accuracy=3.000000
2024-04-08 00:10:54,650 [INFO]  Epoch[3] Train-cross-entropy=0.145322
2024-04-08 00:10:54,650 [INFO]  Epoch[3] Train-A7-accuracy=3.500000
2024-04-08 00:10:54,650 [INFO]  Epoch[3] Time cost=0.024
2024-04-08 00:10:54,652 [INFO]  Saved checkpoint to "./imputer_model/24_credit/imputer_model_A7/model-0003.params"
2024-04-08 00:10:54,653 [INFO]  Epoch[3] Validation-cross-entropy=0.167310
2024-04-08 00:10:54,653 [INFO]  Epoch[3] Validation-A7-accuracy=0.000000
2024-04-08 00:10:54,666 [INFO]  Epoch[4] Batch [0-16]	Speed: 21172.08 samples/sec	cross-entropy=0.102934	A7-accuracy=3.000000
2024-04-08 00:10:54,679 [INFO]  Epoch[4] Train-cross-entropy=0.114566
2024-04-08 00:10:54,679 [INFO]  Epoch[4] Train-A7-accuracy=3.500000
2024-04-08 00:10:54,679 [INFO]  Epoch[4] Time cost=0.026
2024-04-08 00:10:54,681 [INFO]  Saved checkpoint to "./imputer_model/24_credit/imputer_model_A7/model-0004.params"
2024-04-08 00:10:54,683 [INFO]  Epoch[4] Validation-cross-entropy=0.171834
2024-04-08 00:10:54,683 [INFO]  Epoch[4] Validation-A7-accuracy=0.000000
2024-04-08 00:10:54,683 [INFO]  
========== done (0.2969698905944824 s) fit model
2024-04-08 00:11:02,309 [INFO]  
========== start: fit model
2024-04-08 00:11:02,309 [WARNING]  Already bound, ignoring bind()
2024-04-08 00:11:02,358 [INFO]  Epoch[0] Batch [0-16]	Speed: 5702.14 samples/sec	cross-entropy=11.586997	A7-accuracy=0.000000
2024-04-08 00:11:02,369 [INFO]  Epoch[0] Train-cross-entropy=1.218609
2024-04-08 00:11:02,369 [INFO]  Epoch[0] Train-A7-accuracy=0.000000
2024-04-08 00:11:02,369 [INFO]  Epoch[0] Time cost=0.058
2024-04-08 00:11:02,371 [INFO]  Saved checkpoint to "./imputer_model/24_credit/imputer_model_A7/model-0000.params"
2024-04-08 00:11:02,372 [INFO]  Epoch[0] Validation-cross-entropy=1.767166
2024-04-08 00:11:02,372 [INFO]  Epoch[0] Validation-A7-accuracy=0.000000
2024-04-08 00:11:02,395 [INFO]  Epoch[1] Batch [0-16]	Speed: 11733.22 samples/sec	cross-entropy=0.835263	A7-accuracy=0.000000
2024-04-08 00:11:02,407 [INFO]  Epoch[1] Train-cross-entropy=0.337775
2024-04-08 00:11:02,407 [INFO]  Epoch[1] Train-A7-accuracy=0.000000
2024-04-08 00:11:02,407 [INFO]  Epoch[1] Time cost=0.035
2024-04-08 00:11:02,410 [INFO]  Saved checkpoint to "./imputer_model/24_credit/imputer_model_A7/model-0001.params"
2024-04-08 00:11:02,411 [INFO]  Epoch[1] Validation-cross-entropy=0.262898
2024-04-08 00:11:02,411 [INFO]  Epoch[1] Validation-A7-accuracy=0.000000
2024-04-08 00:11:02,426 [INFO]  Epoch[2] Batch [0-16]	Speed: 19597.41 samples/sec	cross-entropy=0.261891	A7-accuracy=0.000000
2024-04-08 00:11:02,436 [INFO]  Epoch[2] Train-cross-entropy=0.130334
2024-04-08 00:11:02,436 [INFO]  Epoch[2] Train-A7-accuracy=0.000000
2024-04-08 00:11:02,436 [INFO]  Epoch[2] Time cost=0.024
2024-04-08 00:11:02,437 [INFO]  Saved checkpoint to "./imputer_model/24_credit/imputer_model_A7/model-0002.params"
2024-04-08 00:11:02,448 [INFO]  Epoch[2] Validation-cross-entropy=0.143189
2024-04-08 00:11:02,449 [INFO]  Epoch[2] Validation-A7-accuracy=0.000000
2024-04-08 00:11:02,459 [INFO]  Epoch[3] Batch [0-16]	Speed: 28012.36 samples/sec	cross-entropy=0.116387	A7-accuracy=0.000000
2024-04-08 00:11:02,467 [INFO]  Epoch[3] Train-cross-entropy=0.077859
2024-04-08 00:11:02,467 [INFO]  Epoch[3] Train-A7-accuracy=0.000000
2024-04-08 00:11:02,467 [INFO]  Epoch[3] Time cost=0.018
2024-04-08 00:11:02,469 [INFO]  Saved checkpoint to "./imputer_model/24_credit/imputer_model_A7/model-0003.params"
2024-04-08 00:11:02,470 [INFO]  Epoch[3] Validation-cross-entropy=0.111088
2024-04-08 00:11:02,470 [INFO]  Epoch[3] Validation-A7-accuracy=0.000000
2024-04-08 00:11:02,480 [INFO]  Epoch[4] Batch [0-16]	Speed: 27631.74 samples/sec	cross-entropy=0.080557	A7-accuracy=0.000000
2024-04-08 00:11:02,488 [INFO]  Epoch[4] Train-cross-entropy=0.063290
2024-04-08 00:11:02,488 [INFO]  Epoch[4] Train-A7-accuracy=0.000000
2024-04-08 00:11:02,488 [INFO]  Epoch[4] Time cost=0.018
2024-04-08 00:11:02,489 [INFO]  Saved checkpoint to "./imputer_model/24_credit/imputer_model_A7/model-0004.params"
2024-04-08 00:11:02,490 [INFO]  Epoch[4] Validation-cross-entropy=0.105430
2024-04-08 00:11:02,490 [INFO]  Epoch[4] Validation-A7-accuracy=0.000000
2024-04-08 00:11:02,490 [INFO]  
========== done (0.1811971664428711 s) fit model
2024-04-08 00:11:10,376 [INFO]  
========== start: fit model
2024-04-08 00:11:10,377 [WARNING]  Already bound, ignoring bind()
2024-04-08 00:11:10,394 [INFO]  Epoch[0] Batch [0-16]	Speed: 17741.35 samples/sec	cross-entropy=8.668649	A7-accuracy=2.823529
2024-04-08 00:11:10,513 [INFO]  Epoch[0] Train-cross-entropy=0.766143
2024-04-08 00:11:10,513 [INFO]  Epoch[0] Train-A7-accuracy=4.000000
2024-04-08 00:11:10,513 [INFO]  Epoch[0] Time cost=0.136
2024-04-08 00:11:10,515 [INFO]  Saved checkpoint to "./imputer_model/24_credit/imputer_model_A7/model-0000.params"
2024-04-08 00:11:10,525 [INFO]  Epoch[0] Validation-cross-entropy=0.967672
2024-04-08 00:11:10,526 [INFO]  Epoch[0] Validation-A7-accuracy=0.000000
2024-04-08 00:11:10,543 [INFO]  Epoch[1] Batch [0-16]	Speed: 15584.29 samples/sec	cross-entropy=0.506128	A7-accuracy=2.823529
2024-04-08 00:11:10,565 [INFO]  Epoch[1] Train-cross-entropy=0.202064
2024-04-08 00:11:10,566 [INFO]  Epoch[1] Train-A7-accuracy=4.000000
2024-04-08 00:11:10,566 [INFO]  Epoch[1] Time cost=0.040
2024-04-08 00:11:10,570 [INFO]  Saved checkpoint to "./imputer_model/24_credit/imputer_model_A7/model-0001.params"
2024-04-08 00:11:10,580 [INFO]  Epoch[1] Validation-cross-entropy=0.185546
2024-04-08 00:11:10,581 [INFO]  Epoch[1] Validation-A7-accuracy=0.000000
2024-04-08 00:11:10,593 [INFO]  Epoch[2] Batch [0-16]	Speed: 21997.05 samples/sec	cross-entropy=0.148462	A7-accuracy=2.823529
2024-04-08 00:11:10,603 [INFO]  Epoch[2] Train-cross-entropy=0.083915
2024-04-08 00:11:10,604 [INFO]  Epoch[2] Train-A7-accuracy=4.000000
2024-04-08 00:11:10,604 [INFO]  Epoch[2] Time cost=0.023
2024-04-08 00:11:10,605 [INFO]  Saved checkpoint to "./imputer_model/24_credit/imputer_model_A7/model-0002.params"
2024-04-08 00:11:10,606 [INFO]  Epoch[2] Validation-cross-entropy=0.088370
2024-04-08 00:11:10,606 [INFO]  Epoch[2] Validation-A7-accuracy=0.000000
2024-04-08 00:11:10,619 [INFO]  Epoch[3] Batch [0-16]	Speed: 21834.23 samples/sec	cross-entropy=0.072209	A7-accuracy=2.823529
2024-04-08 00:11:10,639 [INFO]  Epoch[3] Train-cross-entropy=0.060902
2024-04-08 00:11:10,639 [INFO]  Epoch[3] Train-A7-accuracy=4.000000
2024-04-08 00:11:10,639 [INFO]  Epoch[3] Time cost=0.032
2024-04-08 00:11:10,641 [INFO]  Saved checkpoint to "./imputer_model/24_credit/imputer_model_A7/model-0003.params"
2024-04-08 00:11:10,643 [INFO]  Epoch[3] Validation-cross-entropy=0.068433
2024-04-08 00:11:10,643 [INFO]  Epoch[3] Validation-A7-accuracy=0.000000
2024-04-08 00:11:10,658 [INFO]  Epoch[4] Batch [0-16]	Speed: 17446.73 samples/sec	cross-entropy=0.056480	A7-accuracy=2.823529
2024-04-08 00:11:10,668 [INFO]  Epoch[4] Train-cross-entropy=0.053863
2024-04-08 00:11:10,668 [INFO]  Epoch[4] Train-A7-accuracy=4.000000
2024-04-08 00:11:10,668 [INFO]  Epoch[4] Time cost=0.025
2024-04-08 00:11:10,670 [INFO]  Saved checkpoint to "./imputer_model/24_credit/imputer_model_A7/model-0004.params"
2024-04-08 00:11:10,672 [INFO]  Epoch[4] Validation-cross-entropy=0.061515
2024-04-08 00:11:10,672 [INFO]  Epoch[4] Validation-A7-accuracy=0.000000
2024-04-08 00:11:10,672 [INFO]  
========== done (0.29581427574157715 s) fit model
2024-04-08 00:11:17,160 [INFO]  
========== start: fit model
2024-04-08 00:11:17,160 [WARNING]  Already bound, ignoring bind()
2024-04-08 00:11:17,186 [INFO]  Epoch[0] Batch [0-16]	Speed: 20091.35 samples/sec	cross-entropy=7.460202	A7-accuracy=0.000000
2024-04-08 00:11:17,197 [INFO]  Epoch[0] Train-cross-entropy=0.963740
2024-04-08 00:11:17,198 [INFO]  Epoch[0] Train-A7-accuracy=0.000000
2024-04-08 00:11:17,198 [INFO]  Epoch[0] Time cost=0.036
2024-04-08 00:11:17,200 [INFO]  Saved checkpoint to "./imputer_model/24_credit/imputer_model_A7/model-0000.params"
2024-04-08 00:11:17,201 [INFO]  Epoch[0] Validation-cross-entropy=0.641332
2024-04-08 00:11:17,201 [INFO]  Epoch[0] Validation-A7-accuracy=0.000000
2024-04-08 00:11:17,218 [INFO]  Epoch[1] Batch [0-16]	Speed: 15713.60 samples/sec	cross-entropy=0.503506	A7-accuracy=0.000000
2024-04-08 00:11:17,264 [INFO]  Epoch[1] Train-cross-entropy=0.228436
2024-04-08 00:11:17,265 [INFO]  Epoch[1] Train-A7-accuracy=0.000000
2024-04-08 00:11:17,265 [INFO]  Epoch[1] Time cost=0.063
2024-04-08 00:11:17,266 [INFO]  Saved checkpoint to "./imputer_model/24_credit/imputer_model_A7/model-0001.params"
2024-04-08 00:11:17,268 [INFO]  Epoch[1] Validation-cross-entropy=0.152905
2024-04-08 00:11:17,268 [INFO]  Epoch[1] Validation-A7-accuracy=0.000000
2024-04-08 00:11:17,280 [INFO]  Epoch[2] Batch [0-16]	Speed: 22132.16 samples/sec	cross-entropy=0.153492	A7-accuracy=0.000000
2024-04-08 00:11:17,429 [INFO]  Epoch[2] Train-cross-entropy=0.114783
2024-04-08 00:11:17,430 [INFO]  Epoch[2] Train-A7-accuracy=0.000000
2024-04-08 00:11:17,430 [INFO]  Epoch[2] Time cost=0.162
2024-04-08 00:11:17,431 [INFO]  Saved checkpoint to "./imputer_model/24_credit/imputer_model_A7/model-0002.params"
2024-04-08 00:11:17,476 [INFO]  Epoch[2] Validation-cross-entropy=0.078969
2024-04-08 00:11:17,476 [INFO]  Epoch[2] Validation-A7-accuracy=0.000000
2024-04-08 00:11:17,486 [INFO]  Epoch[3] Batch [0-16]	Speed: 28659.10 samples/sec	cross-entropy=0.088793	A7-accuracy=0.000000
2024-04-08 00:11:17,532 [INFO]  Epoch[3] Train-cross-entropy=0.072554
2024-04-08 00:11:17,532 [INFO]  Epoch[3] Train-A7-accuracy=0.000000
2024-04-08 00:11:17,532 [INFO]  Epoch[3] Time cost=0.056
2024-04-08 00:11:17,534 [INFO]  Saved checkpoint to "./imputer_model/24_credit/imputer_model_A7/model-0003.params"
2024-04-08 00:11:17,535 [INFO]  Epoch[3] Validation-cross-entropy=0.065508
2024-04-08 00:11:17,535 [INFO]  Epoch[3] Validation-A7-accuracy=0.000000
2024-04-08 00:11:17,549 [INFO]  Epoch[4] Batch [0-16]	Speed: 19068.07 samples/sec	cross-entropy=0.064904	A7-accuracy=0.000000
2024-04-08 00:11:17,561 [INFO]  Epoch[4] Train-cross-entropy=0.054660
2024-04-08 00:11:17,561 [INFO]  Epoch[4] Train-A7-accuracy=0.000000
2024-04-08 00:11:17,561 [INFO]  Epoch[4] Time cost=0.026
2024-04-08 00:11:17,562 [INFO]  Saved checkpoint to "./imputer_model/24_credit/imputer_model_A7/model-0004.params"
2024-04-08 00:11:17,564 [INFO]  Epoch[4] Validation-cross-entropy=0.055672
2024-04-08 00:11:17,564 [INFO]  Epoch[4] Validation-A7-accuracy=0.000000
2024-04-08 00:11:17,564 [INFO]  
========== done (0.4039437770843506 s) fit model
2024-04-08 00:11:25,671 [INFO]  
========== start: fit model
2024-04-08 00:11:25,671 [WARNING]  Already bound, ignoring bind()
2024-04-08 00:11:25,737 [INFO]  Epoch[0] Batch [0-16]	Speed: 4032.38 samples/sec	cross-entropy=8.305958	A7-accuracy=3.470588
2024-04-08 00:11:25,823 [INFO]  Epoch[0] Train-cross-entropy=1.478226
2024-04-08 00:11:25,823 [INFO]  Epoch[0] Train-A7-accuracy=3.857143
2024-04-08 00:11:25,823 [INFO]  Epoch[0] Time cost=0.151
2024-04-08 00:11:25,827 [INFO]  Saved checkpoint to "./imputer_model/24_credit/imputer_model_A7/model-0000.params"
2024-04-08 00:11:25,886 [INFO]  Epoch[0] Validation-cross-entropy=1.550147
2024-04-08 00:11:25,886 [INFO]  Epoch[0] Validation-A7-accuracy=0.000000
2024-04-08 00:11:25,950 [INFO]  Epoch[1] Batch [0-16]	Speed: 8352.33 samples/sec	cross-entropy=0.803430	A7-accuracy=3.470588
2024-04-08 00:11:25,961 [INFO]  Epoch[1] Train-cross-entropy=0.317209
2024-04-08 00:11:25,961 [INFO]  Epoch[1] Train-A7-accuracy=3.857143
2024-04-08 00:11:25,961 [INFO]  Epoch[1] Time cost=0.075
2024-04-08 00:11:25,963 [INFO]  Saved checkpoint to "./imputer_model/24_credit/imputer_model_A7/model-0001.params"
2024-04-08 00:11:25,964 [INFO]  Epoch[1] Validation-cross-entropy=0.354049
2024-04-08 00:11:25,964 [INFO]  Epoch[1] Validation-A7-accuracy=0.000000
2024-04-08 00:11:25,981 [INFO]  Epoch[2] Batch [0-16]	Speed: 16638.91 samples/sec	cross-entropy=0.177542	A7-accuracy=3.470588
2024-04-08 00:11:26,028 [INFO]  Epoch[2] Train-cross-entropy=0.160633
2024-04-08 00:11:26,028 [INFO]  Epoch[2] Train-A7-accuracy=3.857143
2024-04-08 00:11:26,028 [INFO]  Epoch[2] Time cost=0.063
2024-04-08 00:11:26,029 [INFO]  Saved checkpoint to "./imputer_model/24_credit/imputer_model_A7/model-0002.params"
2024-04-08 00:11:26,031 [INFO]  Epoch[2] Validation-cross-entropy=0.215050
2024-04-08 00:11:26,031 [INFO]  Epoch[2] Validation-A7-accuracy=0.000000
2024-04-08 00:11:26,060 [INFO]  Epoch[3] Batch [0-16]	Speed: 10639.85 samples/sec	cross-entropy=0.117254	A7-accuracy=3.470588
2024-04-08 00:11:26,073 [INFO]  Epoch[3] Train-cross-entropy=0.105074
2024-04-08 00:11:26,073 [INFO]  Epoch[3] Train-A7-accuracy=3.857143
2024-04-08 00:11:26,073 [INFO]  Epoch[3] Time cost=0.042
2024-04-08 00:11:26,075 [INFO]  Saved checkpoint to "./imputer_model/24_credit/imputer_model_A7/model-0003.params"
2024-04-08 00:11:26,078 [INFO]  Epoch[3] Validation-cross-entropy=0.172925
2024-04-08 00:11:26,078 [INFO]  Epoch[3] Validation-A7-accuracy=0.000000
2024-04-08 00:11:26,098 [INFO]  Epoch[4] Batch [0-16]	Speed: 13764.16 samples/sec	cross-entropy=0.086471	A7-accuracy=3.470588
2024-04-08 00:11:26,113 [INFO]  Epoch[4] Train-cross-entropy=0.083805
2024-04-08 00:11:26,113 [INFO]  Epoch[4] Train-A7-accuracy=3.857143
2024-04-08 00:11:26,113 [INFO]  Epoch[4] Time cost=0.036
2024-04-08 00:11:26,115 [INFO]  Saved checkpoint to "./imputer_model/24_credit/imputer_model_A7/model-0004.params"
2024-04-08 00:11:26,118 [INFO]  Epoch[4] Validation-cross-entropy=0.156298
2024-04-08 00:11:26,118 [INFO]  Epoch[4] Validation-A7-accuracy=0.000000
2024-04-08 00:11:26,118 [INFO]  
========== done (0.4468104839324951 s) fit model
2024-04-08 00:11:32,486 [INFO]  
========== start: fit model
2024-04-08 00:11:32,486 [WARNING]  Already bound, ignoring bind()
2024-04-08 00:11:32,498 [INFO]  Epoch[0] Batch [0-16]	Speed: 27083.23 samples/sec	cross-entropy=8.604938	A7-accuracy=3.176471
2024-04-08 00:11:32,525 [INFO]  Epoch[0] Train-cross-entropy=0.947567
2024-04-08 00:11:32,525 [INFO]  Epoch[0] Train-A7-accuracy=3.571429
2024-04-08 00:11:32,525 [INFO]  Epoch[0] Time cost=0.038
2024-04-08 00:11:32,527 [INFO]  Saved checkpoint to "./imputer_model/24_credit/imputer_model_A7/model-0000.params"
2024-04-08 00:11:32,528 [INFO]  Epoch[0] Validation-cross-entropy=1.024055
2024-04-08 00:11:32,528 [INFO]  Epoch[0] Validation-A7-accuracy=0.000000
2024-04-08 00:11:32,541 [INFO]  Epoch[1] Batch [0-16]	Speed: 22035.42 samples/sec	cross-entropy=0.746090	A7-accuracy=3.176471
2024-04-08 00:11:32,551 [INFO]  Epoch[1] Train-cross-entropy=0.230295
2024-04-08 00:11:32,552 [INFO]  Epoch[1] Train-A7-accuracy=3.571429
2024-04-08 00:11:32,552 [INFO]  Epoch[1] Time cost=0.023
2024-04-08 00:11:32,553 [INFO]  Saved checkpoint to "./imputer_model/24_credit/imputer_model_A7/model-0001.params"
2024-04-08 00:11:32,555 [INFO]  Epoch[1] Validation-cross-entropy=0.264662
2024-04-08 00:11:32,555 [INFO]  Epoch[1] Validation-A7-accuracy=0.000000
2024-04-08 00:11:32,571 [INFO]  Epoch[2] Batch [0-16]	Speed: 18011.27 samples/sec	cross-entropy=0.198843	A7-accuracy=3.176471
2024-04-08 00:11:32,582 [INFO]  Epoch[2] Train-cross-entropy=0.079314
2024-04-08 00:11:32,582 [INFO]  Epoch[2] Train-A7-accuracy=3.571429
2024-04-08 00:11:32,582 [INFO]  Epoch[2] Time cost=0.026
2024-04-08 00:11:32,584 [INFO]  Saved checkpoint to "./imputer_model/24_credit/imputer_model_A7/model-0002.params"
2024-04-08 00:11:32,585 [INFO]  Epoch[2] Validation-cross-entropy=0.127574
2024-04-08 00:11:32,585 [INFO]  Epoch[2] Validation-A7-accuracy=0.000000
2024-04-08 00:11:32,598 [INFO]  Epoch[3] Batch [0-16]	Speed: 22044.47 samples/sec	cross-entropy=0.107100	A7-accuracy=3.176471
2024-04-08 00:11:32,608 [INFO]  Epoch[3] Train-cross-entropy=0.057812
2024-04-08 00:11:32,608 [INFO]  Epoch[3] Train-A7-accuracy=3.571429
2024-04-08 00:11:32,608 [INFO]  Epoch[3] Time cost=0.023
2024-04-08 00:11:32,610 [INFO]  Saved checkpoint to "./imputer_model/24_credit/imputer_model_A7/model-0003.params"
2024-04-08 00:11:32,611 [INFO]  Epoch[3] Validation-cross-entropy=0.110740
2024-04-08 00:11:32,611 [INFO]  Epoch[3] Validation-A7-accuracy=0.000000
2024-04-08 00:11:32,624 [INFO]  Epoch[4] Batch [0-16]	Speed: 22120.31 samples/sec	cross-entropy=0.083343	A7-accuracy=3.176471
2024-04-08 00:11:32,634 [INFO]  Epoch[4] Train-cross-entropy=0.045637
2024-04-08 00:11:32,635 [INFO]  Epoch[4] Train-A7-accuracy=3.571429
2024-04-08 00:11:32,635 [INFO]  Epoch[4] Time cost=0.023
2024-04-08 00:11:32,636 [INFO]  Saved checkpoint to "./imputer_model/24_credit/imputer_model_A7/model-0004.params"
2024-04-08 00:11:32,638 [INFO]  Epoch[4] Validation-cross-entropy=0.096148
2024-04-08 00:11:32,638 [INFO]  Epoch[4] Validation-A7-accuracy=0.000000
2024-04-08 00:11:32,638 [INFO]  
========== done (0.152144193649292 s) fit model
2024-04-08 00:11:36,487 [INFO]  
========== start: fit model
2024-04-08 00:11:36,487 [WARNING]  Already bound, ignoring bind()
2024-04-08 00:11:36,500 [INFO]  Epoch[0] Batch [0-16]	Speed: 24188.82 samples/sec	cross-entropy=10.154648	A7-accuracy=0.000000
2024-04-08 00:11:36,508 [INFO]  Epoch[0] Train-cross-entropy=1.457129
2024-04-08 00:11:36,509 [INFO]  Epoch[0] Train-A7-accuracy=0.000000
2024-04-08 00:11:36,509 [INFO]  Epoch[0] Time cost=0.021
2024-04-08 00:11:36,510 [INFO]  Saved checkpoint to "./imputer_model/24_credit/imputer_model_A7/model-0000.params"
2024-04-08 00:11:36,511 [INFO]  Epoch[0] Validation-cross-entropy=0.662070
2024-04-08 00:11:36,511 [INFO]  Epoch[0] Validation-A7-accuracy=0.000000
2024-04-08 00:11:36,521 [INFO]  Epoch[1] Batch [0-16]	Speed: 28330.17 samples/sec	cross-entropy=0.756624	A7-accuracy=0.000000
2024-04-08 00:11:36,529 [INFO]  Epoch[1] Train-cross-entropy=0.282728
2024-04-08 00:11:36,529 [INFO]  Epoch[1] Train-A7-accuracy=0.000000
2024-04-08 00:11:36,529 [INFO]  Epoch[1] Time cost=0.018
2024-04-08 00:11:36,531 [INFO]  Saved checkpoint to "./imputer_model/24_credit/imputer_model_A7/model-0001.params"
2024-04-08 00:11:36,532 [INFO]  Epoch[1] Validation-cross-entropy=0.138750
2024-04-08 00:11:36,532 [INFO]  Epoch[1] Validation-A7-accuracy=0.000000
2024-04-08 00:11:36,551 [INFO]  Epoch[2] Batch [0-16]	Speed: 13816.05 samples/sec	cross-entropy=0.175279	A7-accuracy=0.000000
2024-04-08 00:11:36,562 [INFO]  Epoch[2] Train-cross-entropy=0.123930
2024-04-08 00:11:36,562 [INFO]  Epoch[2] Train-A7-accuracy=0.000000
2024-04-08 00:11:36,562 [INFO]  Epoch[2] Time cost=0.030
2024-04-08 00:11:36,564 [INFO]  Saved checkpoint to "./imputer_model/24_credit/imputer_model_A7/model-0002.params"
2024-04-08 00:11:36,565 [INFO]  Epoch[2] Validation-cross-entropy=0.077997
2024-04-08 00:11:36,565 [INFO]  Epoch[2] Validation-A7-accuracy=0.000000
2024-04-08 00:11:36,593 [INFO]  Epoch[3] Batch [0-16]	Speed: 9478.49 samples/sec	cross-entropy=0.101919	A7-accuracy=0.000000
2024-04-08 00:11:36,603 [INFO]  Epoch[3] Train-cross-entropy=0.089017
2024-04-08 00:11:36,604 [INFO]  Epoch[3] Train-A7-accuracy=0.000000
2024-04-08 00:11:36,604 [INFO]  Epoch[3] Time cost=0.038
2024-04-08 00:11:36,605 [INFO]  Saved checkpoint to "./imputer_model/24_credit/imputer_model_A7/model-0003.params"
2024-04-08 00:11:36,607 [INFO]  Epoch[3] Validation-cross-entropy=0.071015
2024-04-08 00:11:36,607 [INFO]  Epoch[3] Validation-A7-accuracy=0.000000
2024-04-08 00:11:36,620 [INFO]  Epoch[4] Batch [0-16]	Speed: 19939.13 samples/sec	cross-entropy=0.080526	A7-accuracy=0.000000
2024-04-08 00:11:36,631 [INFO]  Epoch[4] Train-cross-entropy=0.071584
2024-04-08 00:11:36,631 [INFO]  Epoch[4] Train-A7-accuracy=0.000000
2024-04-08 00:11:36,631 [INFO]  Epoch[4] Time cost=0.025
2024-04-08 00:11:36,633 [INFO]  Saved checkpoint to "./imputer_model/24_credit/imputer_model_A7/model-0004.params"
2024-04-08 00:11:36,634 [INFO]  Epoch[4] Validation-cross-entropy=0.064476
2024-04-08 00:11:36,635 [INFO]  Epoch[4] Validation-A7-accuracy=0.000000
2024-04-08 00:11:36,635 [INFO]  
========== done (0.14787673950195312 s) fit model
2024-04-08 00:11:40,282 [INFO]  
========== start: fit model
2024-04-08 00:11:40,282 [WARNING]  Already bound, ignoring bind()
2024-04-08 00:11:40,297 [INFO]  Epoch[0] Batch [0-16]	Speed: 20634.20 samples/sec	cross-entropy=9.916371	A7-accuracy=0.000000
2024-04-08 00:11:40,308 [INFO]  Epoch[0] Train-cross-entropy=1.529391
2024-04-08 00:11:40,308 [INFO]  Epoch[0] Train-A7-accuracy=0.000000
2024-04-08 00:11:40,308 [INFO]  Epoch[0] Time cost=0.024
2024-04-08 00:11:40,309 [INFO]  Saved checkpoint to "./imputer_model/24_credit/imputer_model_A7/model-0000.params"
2024-04-08 00:11:40,311 [INFO]  Epoch[0] Validation-cross-entropy=1.450705
2024-04-08 00:11:40,311 [INFO]  Epoch[0] Validation-A7-accuracy=0.000000
2024-04-08 00:11:40,324 [INFO]  Epoch[1] Batch [0-16]	Speed: 21479.56 samples/sec	cross-entropy=1.048736	A7-accuracy=0.000000
2024-04-08 00:11:40,334 [INFO]  Epoch[1] Train-cross-entropy=0.342793
2024-04-08 00:11:40,335 [INFO]  Epoch[1] Train-A7-accuracy=0.000000
2024-04-08 00:11:40,335 [INFO]  Epoch[1] Time cost=0.024
2024-04-08 00:11:40,336 [INFO]  Saved checkpoint to "./imputer_model/24_credit/imputer_model_A7/model-0001.params"
2024-04-08 00:11:40,338 [INFO]  Epoch[1] Validation-cross-entropy=0.485935
2024-04-08 00:11:40,338 [INFO]  Epoch[1] Validation-A7-accuracy=0.000000
2024-04-08 00:11:40,351 [INFO]  Epoch[2] Batch [0-16]	Speed: 21081.46 samples/sec	cross-entropy=0.202990	A7-accuracy=0.000000
2024-04-08 00:11:40,362 [INFO]  Epoch[2] Train-cross-entropy=0.153242
2024-04-08 00:11:40,362 [INFO]  Epoch[2] Train-A7-accuracy=0.000000
2024-04-08 00:11:40,362 [INFO]  Epoch[2] Time cost=0.024
2024-04-08 00:11:40,363 [INFO]  Saved checkpoint to "./imputer_model/24_credit/imputer_model_A7/model-0002.params"
2024-04-08 00:11:40,365 [INFO]  Epoch[2] Validation-cross-entropy=0.193506
2024-04-08 00:11:40,365 [INFO]  Epoch[2] Validation-A7-accuracy=0.000000
2024-04-08 00:11:40,378 [INFO]  Epoch[3] Batch [0-16]	Speed: 21733.02 samples/sec	cross-entropy=0.105860	A7-accuracy=0.000000
2024-04-08 00:11:40,388 [INFO]  Epoch[3] Train-cross-entropy=0.110784
2024-04-08 00:11:40,389 [INFO]  Epoch[3] Train-A7-accuracy=0.000000
2024-04-08 00:11:40,389 [INFO]  Epoch[3] Time cost=0.024
2024-04-08 00:11:40,390 [INFO]  Saved checkpoint to "./imputer_model/24_credit/imputer_model_A7/model-0003.params"
2024-04-08 00:11:40,392 [INFO]  Epoch[3] Validation-cross-entropy=0.139848
2024-04-08 00:11:40,392 [INFO]  Epoch[3] Validation-A7-accuracy=0.000000
2024-04-08 00:11:40,404 [INFO]  Epoch[4] Batch [0-16]	Speed: 21773.57 samples/sec	cross-entropy=0.078504	A7-accuracy=0.000000
2024-04-08 00:11:40,415 [INFO]  Epoch[4] Train-cross-entropy=0.087687
2024-04-08 00:11:40,415 [INFO]  Epoch[4] Train-A7-accuracy=0.000000
2024-04-08 00:11:40,415 [INFO]  Epoch[4] Time cost=0.023
2024-04-08 00:11:40,417 [INFO]  Saved checkpoint to "./imputer_model/24_credit/imputer_model_A7/model-0004.params"
2024-04-08 00:11:40,418 [INFO]  Epoch[4] Validation-cross-entropy=0.108602
2024-04-08 00:11:40,418 [INFO]  Epoch[4] Validation-A7-accuracy=0.000000
2024-04-08 00:11:40,418 [INFO]  
========== done (0.13628268241882324 s) fit model
2024-04-08 00:11:44,065 [INFO]  
========== start: fit model
2024-04-08 00:11:44,065 [WARNING]  Already bound, ignoring bind()
2024-04-08 00:11:44,089 [INFO]  Epoch[0] Batch [0-16]	Speed: 11654.26 samples/sec	cross-entropy=9.132890	A7-accuracy=3.000000
2024-04-08 00:11:44,101 [INFO]  Epoch[0] Train-cross-entropy=1.777302
2024-04-08 00:11:44,102 [INFO]  Epoch[0] Train-A7-accuracy=3.714286
2024-04-08 00:11:44,102 [INFO]  Epoch[0] Time cost=0.036
2024-04-08 00:11:44,103 [INFO]  Saved checkpoint to "./imputer_model/24_credit/imputer_model_A7/model-0000.params"
2024-04-08 00:11:44,105 [INFO]  Epoch[0] Validation-cross-entropy=1.500414
2024-04-08 00:11:44,105 [INFO]  Epoch[0] Validation-A7-accuracy=0.000000
2024-04-08 00:11:44,114 [INFO]  Epoch[1] Batch [0-16]	Speed: 28424.67 samples/sec	cross-entropy=1.061124	A7-accuracy=3.000000
2024-04-08 00:11:44,123 [INFO]  Epoch[1] Train-cross-entropy=0.388896
2024-04-08 00:11:44,123 [INFO]  Epoch[1] Train-A7-accuracy=3.714286
2024-04-08 00:11:44,123 [INFO]  Epoch[1] Time cost=0.018
2024-04-08 00:11:44,124 [INFO]  Saved checkpoint to "./imputer_model/24_credit/imputer_model_A7/model-0001.params"
2024-04-08 00:11:44,125 [INFO]  Epoch[1] Validation-cross-entropy=0.330859
2024-04-08 00:11:44,125 [INFO]  Epoch[1] Validation-A7-accuracy=0.000000
2024-04-08 00:11:44,135 [INFO]  Epoch[2] Batch [0-16]	Speed: 26489.25 samples/sec	cross-entropy=0.216102	A7-accuracy=3.000000
2024-04-08 00:11:44,158 [INFO]  Epoch[2] Train-cross-entropy=0.116548
2024-04-08 00:11:44,158 [INFO]  Epoch[2] Train-A7-accuracy=3.714286
2024-04-08 00:11:44,158 [INFO]  Epoch[2] Time cost=0.033
2024-04-08 00:11:44,160 [INFO]  Saved checkpoint to "./imputer_model/24_credit/imputer_model_A7/model-0002.params"
2024-04-08 00:11:44,161 [INFO]  Epoch[2] Validation-cross-entropy=0.139475
2024-04-08 00:11:44,161 [INFO]  Epoch[2] Validation-A7-accuracy=0.000000
2024-04-08 00:11:44,173 [INFO]  Epoch[3] Batch [0-16]	Speed: 22129.88 samples/sec	cross-entropy=0.102661	A7-accuracy=3.000000
2024-04-08 00:11:44,192 [INFO]  Epoch[3] Train-cross-entropy=0.081337
2024-04-08 00:11:44,192 [INFO]  Epoch[3] Train-A7-accuracy=3.714286
2024-04-08 00:11:44,193 [INFO]  Epoch[3] Time cost=0.032
2024-04-08 00:11:44,194 [INFO]  Saved checkpoint to "./imputer_model/24_credit/imputer_model_A7/model-0003.params"
2024-04-08 00:11:44,196 [INFO]  Epoch[3] Validation-cross-entropy=0.112010
2024-04-08 00:11:44,196 [INFO]  Epoch[3] Validation-A7-accuracy=0.000000
2024-04-08 00:11:44,213 [INFO]  Epoch[4] Batch [0-16]	Speed: 15465.54 samples/sec	cross-entropy=0.075271	A7-accuracy=3.000000
2024-04-08 00:11:44,227 [INFO]  Epoch[4] Train-cross-entropy=0.063564
2024-04-08 00:11:44,228 [INFO]  Epoch[4] Train-A7-accuracy=3.714286
2024-04-08 00:11:44,228 [INFO]  Epoch[4] Time cost=0.032
2024-04-08 00:11:44,230 [INFO]  Saved checkpoint to "./imputer_model/24_credit/imputer_model_A7/model-0004.params"
2024-04-08 00:11:44,232 [INFO]  Epoch[4] Validation-cross-entropy=0.101964
2024-04-08 00:11:44,232 [INFO]  Epoch[4] Validation-A7-accuracy=0.000000
2024-04-08 00:11:44,232 [INFO]  
========== done (0.16732573509216309 s) fit model
2024-04-08 00:11:48,142 [INFO]  
========== start: fit model
2024-04-08 00:11:48,142 [WARNING]  Already bound, ignoring bind()
2024-04-08 00:11:48,156 [INFO]  Epoch[0] Batch [0-16]	Speed: 21470.54 samples/sec	cross-entropy=5.750886	A7-accuracy=3.823529
2024-04-08 00:11:48,165 [INFO]  Epoch[0] Train-cross-entropy=1.354732
2024-04-08 00:11:48,165 [INFO]  Epoch[0] Train-A7-accuracy=3.214286
2024-04-08 00:11:48,165 [INFO]  Epoch[0] Time cost=0.022
2024-04-08 00:11:48,167 [INFO]  Saved checkpoint to "./imputer_model/24_credit/imputer_model_A7/model-0000.params"
2024-04-08 00:11:48,168 [INFO]  Epoch[0] Validation-cross-entropy=0.998070
2024-04-08 00:11:48,168 [INFO]  Epoch[0] Validation-A7-accuracy=0.000000
2024-04-08 00:11:48,177 [INFO]  Epoch[1] Batch [0-16]	Speed: 28488.77 samples/sec	cross-entropy=0.417659	A7-accuracy=3.823529
2024-04-08 00:11:48,186 [INFO]  Epoch[1] Train-cross-entropy=0.242342
2024-04-08 00:11:48,186 [INFO]  Epoch[1] Train-A7-accuracy=3.214286
2024-04-08 00:11:48,186 [INFO]  Epoch[1] Time cost=0.018
2024-04-08 00:11:48,187 [INFO]  Saved checkpoint to "./imputer_model/24_credit/imputer_model_A7/model-0001.params"
2024-04-08 00:11:48,188 [INFO]  Epoch[1] Validation-cross-entropy=0.291723
2024-04-08 00:11:48,188 [INFO]  Epoch[1] Validation-A7-accuracy=0.000000
2024-04-08 00:11:48,198 [INFO]  Epoch[2] Batch [0-16]	Speed: 28424.67 samples/sec	cross-entropy=0.105914	A7-accuracy=3.823529
2024-04-08 00:11:48,206 [INFO]  Epoch[2] Train-cross-entropy=0.104029
2024-04-08 00:11:48,206 [INFO]  Epoch[2] Train-A7-accuracy=3.214286
2024-04-08 00:11:48,206 [INFO]  Epoch[2] Time cost=0.018
2024-04-08 00:11:48,207 [INFO]  Saved checkpoint to "./imputer_model/24_credit/imputer_model_A7/model-0002.params"
2024-04-08 00:11:48,209 [INFO]  Epoch[2] Validation-cross-entropy=0.150732
2024-04-08 00:11:48,209 [INFO]  Epoch[2] Validation-A7-accuracy=0.000000
2024-04-08 00:11:48,218 [INFO]  Epoch[3] Batch [0-16]	Speed: 28426.17 samples/sec	cross-entropy=0.064996	A7-accuracy=3.823529
2024-04-08 00:11:48,226 [INFO]  Epoch[3] Train-cross-entropy=0.072525
2024-04-08 00:11:48,226 [INFO]  Epoch[3] Train-A7-accuracy=3.214286
2024-04-08 00:11:48,226 [INFO]  Epoch[3] Time cost=0.018
2024-04-08 00:11:48,228 [INFO]  Saved checkpoint to "./imputer_model/24_credit/imputer_model_A7/model-0003.params"
2024-04-08 00:11:48,229 [INFO]  Epoch[3] Validation-cross-entropy=0.120489
2024-04-08 00:11:48,229 [INFO]  Epoch[3] Validation-A7-accuracy=0.000000
2024-04-08 00:11:48,260 [INFO]  Epoch[4] Batch [0-16]	Speed: 14209.14 samples/sec	cross-entropy=0.045879	A7-accuracy=3.823529
2024-04-08 00:11:48,268 [INFO]  Epoch[4] Train-cross-entropy=0.057944
2024-04-08 00:11:48,268 [INFO]  Epoch[4] Train-A7-accuracy=3.214286
2024-04-08 00:11:48,268 [INFO]  Epoch[4] Time cost=0.039
2024-04-08 00:11:48,269 [INFO]  Saved checkpoint to "./imputer_model/24_credit/imputer_model_A7/model-0004.params"
2024-04-08 00:11:48,271 [INFO]  Epoch[4] Validation-cross-entropy=0.100316
2024-04-08 00:11:48,271 [INFO]  Epoch[4] Validation-A7-accuracy=0.000000
2024-04-08 00:11:48,271 [INFO]  
========== done (0.12908196449279785 s) fit model
2024-04-08 00:11:52,129 [INFO]  
========== start: fit model
2024-04-08 00:11:52,129 [WARNING]  Already bound, ignoring bind()
2024-04-08 00:11:52,144 [INFO]  Epoch[0] Batch [0-16]	Speed: 21379.48 samples/sec	cross-entropy=5.461118	A7-accuracy=3.000000
2024-04-08 00:11:52,152 [INFO]  Epoch[0] Train-cross-entropy=0.991790
2024-04-08 00:11:52,153 [INFO]  Epoch[0] Train-A7-accuracy=4.142857
2024-04-08 00:11:52,153 [INFO]  Epoch[0] Time cost=0.022
2024-04-08 00:11:52,154 [INFO]  Saved checkpoint to "./imputer_model/24_credit/imputer_model_A7/model-0000.params"
2024-04-08 00:11:52,155 [INFO]  Epoch[0] Validation-cross-entropy=0.735017
2024-04-08 00:11:52,155 [INFO]  Epoch[0] Validation-A7-accuracy=0.000000
2024-04-08 00:11:52,165 [INFO]  Epoch[1] Batch [0-16]	Speed: 28115.05 samples/sec	cross-entropy=0.412129	A7-accuracy=3.000000
2024-04-08 00:11:52,174 [INFO]  Epoch[1] Train-cross-entropy=0.192018
2024-04-08 00:11:52,174 [INFO]  Epoch[1] Train-A7-accuracy=4.142857
2024-04-08 00:11:52,174 [INFO]  Epoch[1] Time cost=0.019
2024-04-08 00:11:52,176 [INFO]  Saved checkpoint to "./imputer_model/24_credit/imputer_model_A7/model-0001.params"
2024-04-08 00:11:52,177 [INFO]  Epoch[1] Validation-cross-entropy=0.339006
2024-04-08 00:11:52,177 [INFO]  Epoch[1] Validation-A7-accuracy=0.000000
2024-04-08 00:11:52,187 [INFO]  Epoch[2] Batch [0-16]	Speed: 28425.42 samples/sec	cross-entropy=0.136414	A7-accuracy=3.000000
2024-04-08 00:11:52,195 [INFO]  Epoch[2] Train-cross-entropy=0.107416
2024-04-08 00:11:52,195 [INFO]  Epoch[2] Train-A7-accuracy=4.142857
2024-04-08 00:11:52,195 [INFO]  Epoch[2] Time cost=0.018
2024-04-08 00:11:52,197 [INFO]  Saved checkpoint to "./imputer_model/24_credit/imputer_model_A7/model-0002.params"
2024-04-08 00:11:52,198 [INFO]  Epoch[2] Validation-cross-entropy=0.271870
2024-04-08 00:11:52,198 [INFO]  Epoch[2] Validation-A7-accuracy=0.000000
2024-04-08 00:11:52,208 [INFO]  Epoch[3] Batch [0-16]	Speed: 27903.17 samples/sec	cross-entropy=0.078419	A7-accuracy=3.000000
2024-04-08 00:11:52,216 [INFO]  Epoch[3] Train-cross-entropy=0.076577
2024-04-08 00:11:52,216 [INFO]  Epoch[3] Train-A7-accuracy=4.142857
2024-04-08 00:11:52,216 [INFO]  Epoch[3] Time cost=0.018
2024-04-08 00:11:52,217 [INFO]  Saved checkpoint to "./imputer_model/24_credit/imputer_model_A7/model-0003.params"
2024-04-08 00:11:52,219 [INFO]  Epoch[3] Validation-cross-entropy=0.220997
2024-04-08 00:11:52,219 [INFO]  Epoch[3] Validation-A7-accuracy=0.000000
2024-04-08 00:11:52,229 [INFO]  Epoch[4] Batch [0-16]	Speed: 27460.73 samples/sec	cross-entropy=0.062742	A7-accuracy=3.000000
2024-04-08 00:11:52,237 [INFO]  Epoch[4] Train-cross-entropy=0.062191
2024-04-08 00:11:52,237 [INFO]  Epoch[4] Train-A7-accuracy=4.142857
2024-04-08 00:11:52,237 [INFO]  Epoch[4] Time cost=0.018
2024-04-08 00:11:52,238 [INFO]  Saved checkpoint to "./imputer_model/24_credit/imputer_model_A7/model-0004.params"
2024-04-08 00:11:52,239 [INFO]  Epoch[4] Validation-cross-entropy=0.214540
2024-04-08 00:11:52,240 [INFO]  Epoch[4] Validation-A7-accuracy=0.000000
2024-04-08 00:11:52,240 [INFO]  
========== done (0.11063194274902344 s) fit model
2024-04-08 00:11:56,037 [INFO]  
========== start: fit model
2024-04-08 00:11:56,037 [WARNING]  Already bound, ignoring bind()
2024-04-08 00:11:56,048 [INFO]  Epoch[0] Batch [0-16]	Speed: 27295.28 samples/sec	cross-entropy=4.321040	A7-accuracy=3.705882
2024-04-08 00:11:56,057 [INFO]  Epoch[0] Train-cross-entropy=0.932027
2024-04-08 00:11:56,057 [INFO]  Epoch[0] Train-A7-accuracy=3.357143
2024-04-08 00:11:56,057 [INFO]  Epoch[0] Time cost=0.019
2024-04-08 00:11:56,059 [INFO]  Saved checkpoint to "./imputer_model/24_credit/imputer_model_A7/model-0000.params"
2024-04-08 00:11:56,060 [INFO]  Epoch[0] Validation-cross-entropy=0.486329
2024-04-08 00:11:56,060 [INFO]  Epoch[0] Validation-A7-accuracy=0.000000
2024-04-08 00:11:56,070 [INFO]  Epoch[1] Batch [0-16]	Speed: 27888.67 samples/sec	cross-entropy=0.388684	A7-accuracy=3.705882
2024-04-08 00:11:56,078 [INFO]  Epoch[1] Train-cross-entropy=0.248947
2024-04-08 00:11:56,078 [INFO]  Epoch[1] Train-A7-accuracy=3.357143
2024-04-08 00:11:56,078 [INFO]  Epoch[1] Time cost=0.018
2024-04-08 00:11:56,080 [INFO]  Saved checkpoint to "./imputer_model/24_credit/imputer_model_A7/model-0001.params"
2024-04-08 00:11:56,081 [INFO]  Epoch[1] Validation-cross-entropy=0.147349
2024-04-08 00:11:56,081 [INFO]  Epoch[1] Validation-A7-accuracy=0.000000
2024-04-08 00:11:56,091 [INFO]  Epoch[2] Batch [0-16]	Speed: 28232.59 samples/sec	cross-entropy=0.111981	A7-accuracy=3.705882
2024-04-08 00:11:56,099 [INFO]  Epoch[2] Train-cross-entropy=0.085884
2024-04-08 00:11:56,099 [INFO]  Epoch[2] Train-A7-accuracy=3.357143
2024-04-08 00:11:56,099 [INFO]  Epoch[2] Time cost=0.018
2024-04-08 00:11:56,100 [INFO]  Saved checkpoint to "./imputer_model/24_credit/imputer_model_A7/model-0002.params"
2024-04-08 00:11:56,101 [INFO]  Epoch[2] Validation-cross-entropy=0.088541
2024-04-08 00:11:56,101 [INFO]  Epoch[2] Validation-A7-accuracy=0.000000
2024-04-08 00:11:56,111 [INFO]  Epoch[3] Batch [0-16]	Speed: 28310.00 samples/sec	cross-entropy=0.064708	A7-accuracy=3.705882
2024-04-08 00:11:56,119 [INFO]  Epoch[3] Train-cross-entropy=0.053681
2024-04-08 00:11:56,119 [INFO]  Epoch[3] Train-A7-accuracy=3.357143
2024-04-08 00:11:56,119 [INFO]  Epoch[3] Time cost=0.018
2024-04-08 00:11:56,121 [INFO]  Saved checkpoint to "./imputer_model/24_credit/imputer_model_A7/model-0003.params"
2024-04-08 00:11:56,122 [INFO]  Epoch[3] Validation-cross-entropy=0.061779
2024-04-08 00:11:56,122 [INFO]  Epoch[3] Validation-A7-accuracy=0.000000
2024-04-08 00:11:56,132 [INFO]  Epoch[4] Batch [0-16]	Speed: 27594.81 samples/sec	cross-entropy=0.049314	A7-accuracy=3.705882
2024-04-08 00:11:56,140 [INFO]  Epoch[4] Train-cross-entropy=0.041734
2024-04-08 00:11:56,140 [INFO]  Epoch[4] Train-A7-accuracy=3.357143
2024-04-08 00:11:56,140 [INFO]  Epoch[4] Time cost=0.018
2024-04-08 00:11:56,141 [INFO]  Saved checkpoint to "./imputer_model/24_credit/imputer_model_A7/model-0004.params"
2024-04-08 00:11:56,143 [INFO]  Epoch[4] Validation-cross-entropy=0.048913
2024-04-08 00:11:56,143 [INFO]  Epoch[4] Validation-A7-accuracy=0.000000
2024-04-08 00:11:56,143 [INFO]  
========== done (0.1059563159942627 s) fit model
2024-04-08 00:11:59,833 [INFO]  
========== start: fit model
2024-04-08 00:11:59,833 [WARNING]  Already bound, ignoring bind()
2024-04-08 00:11:59,852 [INFO]  Epoch[0] Batch [0-16]	Speed: 17166.41 samples/sec	cross-entropy=13.143292	A7-accuracy=0.000000
2024-04-08 00:11:59,861 [INFO]  Epoch[0] Train-cross-entropy=2.035625
2024-04-08 00:11:59,861 [INFO]  Epoch[0] Train-A7-accuracy=0.000000
2024-04-08 00:11:59,861 [INFO]  Epoch[0] Time cost=0.026
2024-04-08 00:11:59,862 [INFO]  Saved checkpoint to "./imputer_model/24_credit/imputer_model_A7/model-0000.params"
2024-04-08 00:11:59,863 [INFO]  Epoch[0] Validation-cross-entropy=0.563472
2024-04-08 00:11:59,863 [INFO]  Epoch[0] Validation-A7-accuracy=0.000000
2024-04-08 00:11:59,873 [INFO]  Epoch[1] Batch [0-16]	Speed: 28482.73 samples/sec	cross-entropy=0.736491	A7-accuracy=0.000000
2024-04-08 00:11:59,881 [INFO]  Epoch[1] Train-cross-entropy=0.373316
2024-04-08 00:11:59,881 [INFO]  Epoch[1] Train-A7-accuracy=0.000000
2024-04-08 00:11:59,881 [INFO]  Epoch[1] Time cost=0.018
2024-04-08 00:11:59,883 [INFO]  Saved checkpoint to "./imputer_model/24_credit/imputer_model_A7/model-0001.params"
2024-04-08 00:11:59,884 [INFO]  Epoch[1] Validation-cross-entropy=0.173692
2024-04-08 00:11:59,884 [INFO]  Epoch[1] Validation-A7-accuracy=0.000000
2024-04-08 00:11:59,893 [INFO]  Epoch[2] Batch [0-16]	Speed: 28480.46 samples/sec	cross-entropy=0.175961	A7-accuracy=0.000000
2024-04-08 00:11:59,901 [INFO]  Epoch[2] Train-cross-entropy=0.129620
2024-04-08 00:11:59,902 [INFO]  Epoch[2] Train-A7-accuracy=0.000000
2024-04-08 00:11:59,902 [INFO]  Epoch[2] Time cost=0.018
2024-04-08 00:11:59,903 [INFO]  Saved checkpoint to "./imputer_model/24_credit/imputer_model_A7/model-0002.params"
2024-04-08 00:11:59,904 [INFO]  Epoch[2] Validation-cross-entropy=0.118002
2024-04-08 00:11:59,904 [INFO]  Epoch[2] Validation-A7-accuracy=0.000000
2024-04-08 00:11:59,914 [INFO]  Epoch[3] Batch [0-16]	Speed: 28778.93 samples/sec	cross-entropy=0.097693	A7-accuracy=0.000000
2024-04-08 00:11:59,922 [INFO]  Epoch[3] Train-cross-entropy=0.086907
2024-04-08 00:11:59,922 [INFO]  Epoch[3] Train-A7-accuracy=0.000000
2024-04-08 00:11:59,922 [INFO]  Epoch[3] Time cost=0.018
2024-04-08 00:11:59,923 [INFO]  Saved checkpoint to "./imputer_model/24_credit/imputer_model_A7/model-0003.params"
2024-04-08 00:11:59,924 [INFO]  Epoch[3] Validation-cross-entropy=0.097695
2024-04-08 00:11:59,924 [INFO]  Epoch[3] Validation-A7-accuracy=0.000000
2024-04-08 00:11:59,940 [INFO]  Epoch[4] Batch [0-16]	Speed: 16999.54 samples/sec	cross-entropy=0.073226	A7-accuracy=0.000000
2024-04-08 00:11:59,955 [INFO]  Epoch[4] Train-cross-entropy=0.067263
2024-04-08 00:11:59,955 [INFO]  Epoch[4] Train-A7-accuracy=0.000000
2024-04-08 00:11:59,955 [INFO]  Epoch[4] Time cost=0.031
2024-04-08 00:11:59,957 [INFO]  Saved checkpoint to "./imputer_model/24_credit/imputer_model_A7/model-0004.params"
2024-04-08 00:11:59,959 [INFO]  Epoch[4] Validation-cross-entropy=0.086807
2024-04-08 00:11:59,959 [INFO]  Epoch[4] Validation-A7-accuracy=0.000000
2024-04-08 00:11:59,959 [INFO]  
========== done (0.12662315368652344 s) fit model
2024-04-08 00:12:03,707 [INFO]  
========== start: fit model
2024-04-08 00:12:03,708 [WARNING]  Already bound, ignoring bind()
2024-04-08 00:12:03,721 [INFO]  Epoch[0] Batch [0-16]	Speed: 22468.39 samples/sec	cross-entropy=12.019963	A7-accuracy=3.058824
2024-04-08 00:12:03,730 [INFO]  Epoch[0] Train-cross-entropy=0.997635
2024-04-08 00:12:03,730 [INFO]  Epoch[0] Train-A7-accuracy=4.214286
2024-04-08 00:12:03,730 [INFO]  Epoch[0] Time cost=0.021
2024-04-08 00:12:03,731 [INFO]  Saved checkpoint to "./imputer_model/24_credit/imputer_model_A7/model-0000.params"
2024-04-08 00:12:03,733 [INFO]  Epoch[0] Validation-cross-entropy=0.864181
2024-04-08 00:12:03,733 [INFO]  Epoch[0] Validation-A7-accuracy=0.000000
2024-04-08 00:12:03,742 [INFO]  Epoch[1] Batch [0-16]	Speed: 28342.88 samples/sec	cross-entropy=0.625623	A7-accuracy=3.058824
2024-04-08 00:12:03,751 [INFO]  Epoch[1] Train-cross-entropy=0.295910
2024-04-08 00:12:03,751 [INFO]  Epoch[1] Train-A7-accuracy=4.214286
2024-04-08 00:12:03,751 [INFO]  Epoch[1] Time cost=0.018
2024-04-08 00:12:03,752 [INFO]  Saved checkpoint to "./imputer_model/24_credit/imputer_model_A7/model-0001.params"
2024-04-08 00:12:03,754 [INFO]  Epoch[1] Validation-cross-entropy=0.327051
2024-04-08 00:12:03,754 [INFO]  Epoch[1] Validation-A7-accuracy=0.000000
2024-04-08 00:12:03,763 [INFO]  Epoch[2] Batch [0-16]	Speed: 28308.51 samples/sec	cross-entropy=0.209124	A7-accuracy=3.058824
2024-04-08 00:12:03,772 [INFO]  Epoch[2] Train-cross-entropy=0.162029
2024-04-08 00:12:03,772 [INFO]  Epoch[2] Train-A7-accuracy=4.214286
2024-04-08 00:12:03,772 [INFO]  Epoch[2] Time cost=0.018
2024-04-08 00:12:03,773 [INFO]  Saved checkpoint to "./imputer_model/24_credit/imputer_model_A7/model-0002.params"
2024-04-08 00:12:03,774 [INFO]  Epoch[2] Validation-cross-entropy=0.168295
2024-04-08 00:12:03,774 [INFO]  Epoch[2] Validation-A7-accuracy=0.000000
2024-04-08 00:12:03,785 [INFO]  Epoch[3] Batch [0-16]	Speed: 25642.21 samples/sec	cross-entropy=0.129997	A7-accuracy=3.058824
2024-04-08 00:12:03,808 [INFO]  Epoch[3] Train-cross-entropy=0.110338
2024-04-08 00:12:03,808 [INFO]  Epoch[3] Train-A7-accuracy=4.214286
2024-04-08 00:12:03,809 [INFO]  Epoch[3] Time cost=0.034
2024-04-08 00:12:03,810 [INFO]  Saved checkpoint to "./imputer_model/24_credit/imputer_model_A7/model-0003.params"
2024-04-08 00:12:03,811 [INFO]  Epoch[3] Validation-cross-entropy=0.127124
2024-04-08 00:12:03,811 [INFO]  Epoch[3] Validation-A7-accuracy=0.000000
2024-04-08 00:12:03,826 [INFO]  Epoch[4] Batch [0-16]	Speed: 18628.41 samples/sec	cross-entropy=0.097436	A7-accuracy=3.058824
2024-04-08 00:12:03,840 [INFO]  Epoch[4] Train-cross-entropy=0.086016
2024-04-08 00:12:03,840 [INFO]  Epoch[4] Train-A7-accuracy=4.214286
2024-04-08 00:12:03,840 [INFO]  Epoch[4] Time cost=0.029
2024-04-08 00:12:03,842 [INFO]  Saved checkpoint to "./imputer_model/24_credit/imputer_model_A7/model-0004.params"
2024-04-08 00:12:03,844 [INFO]  Epoch[4] Validation-cross-entropy=0.101752
2024-04-08 00:12:03,844 [INFO]  Epoch[4] Validation-A7-accuracy=0.000000
2024-04-08 00:12:03,844 [INFO]  
========== done (0.13641571998596191 s) fit model
2024-04-08 00:12:07,832 [INFO]  
========== start: fit model
2024-04-08 00:12:07,832 [WARNING]  Already bound, ignoring bind()
2024-04-08 00:12:07,847 [INFO]  Epoch[0] Batch [0-16]	Speed: 20655.63 samples/sec	cross-entropy=5.491116	A7-accuracy=0.000000
2024-04-08 00:12:07,859 [INFO]  Epoch[0] Train-cross-entropy=0.829781
2024-04-08 00:12:07,859 [INFO]  Epoch[0] Train-A7-accuracy=0.000000
2024-04-08 00:12:07,859 [INFO]  Epoch[0] Time cost=0.026
2024-04-08 00:12:07,860 [INFO]  Saved checkpoint to "./imputer_model/24_credit/imputer_model_A7/model-0000.params"
2024-04-08 00:12:07,862 [INFO]  Epoch[0] Validation-cross-entropy=0.347689
2024-04-08 00:12:07,862 [INFO]  Epoch[0] Validation-A7-accuracy=0.000000
2024-04-08 00:12:07,875 [INFO]  Epoch[1] Batch [0-16]	Speed: 21220.19 samples/sec	cross-entropy=0.442966	A7-accuracy=0.000000
2024-04-08 00:12:07,886 [INFO]  Epoch[1] Train-cross-entropy=0.261696
2024-04-08 00:12:07,886 [INFO]  Epoch[1] Train-A7-accuracy=0.000000
2024-04-08 00:12:07,886 [INFO]  Epoch[1] Time cost=0.024
2024-04-08 00:12:07,888 [INFO]  Saved checkpoint to "./imputer_model/24_credit/imputer_model_A7/model-0001.params"
2024-04-08 00:12:07,889 [INFO]  Epoch[1] Validation-cross-entropy=0.211010
2024-04-08 00:12:07,889 [INFO]  Epoch[1] Validation-A7-accuracy=0.000000
2024-04-08 00:12:07,903 [INFO]  Epoch[2] Batch [0-16]	Speed: 20332.94 samples/sec	cross-entropy=0.155328	A7-accuracy=0.000000
2024-04-08 00:12:07,914 [INFO]  Epoch[2] Train-cross-entropy=0.100018
2024-04-08 00:12:07,914 [INFO]  Epoch[2] Train-A7-accuracy=0.000000
2024-04-08 00:12:07,914 [INFO]  Epoch[2] Time cost=0.024
2024-04-08 00:12:07,915 [INFO]  Saved checkpoint to "./imputer_model/24_credit/imputer_model_A7/model-0002.params"
2024-04-08 00:12:07,917 [INFO]  Epoch[2] Validation-cross-entropy=0.085696
2024-04-08 00:12:07,917 [INFO]  Epoch[2] Validation-A7-accuracy=0.000000
2024-04-08 00:12:07,930 [INFO]  Epoch[3] Batch [0-16]	Speed: 20597.39 samples/sec	cross-entropy=0.086102	A7-accuracy=0.000000
2024-04-08 00:12:07,941 [INFO]  Epoch[3] Train-cross-entropy=0.069519
2024-04-08 00:12:07,941 [INFO]  Epoch[3] Train-A7-accuracy=0.000000
2024-04-08 00:12:07,941 [INFO]  Epoch[3] Time cost=0.024
2024-04-08 00:12:07,943 [INFO]  Saved checkpoint to "./imputer_model/24_credit/imputer_model_A7/model-0003.params"
2024-04-08 00:12:07,944 [INFO]  Epoch[3] Validation-cross-entropy=0.052288
2024-04-08 00:12:07,944 [INFO]  Epoch[3] Validation-A7-accuracy=0.000000
2024-04-08 00:12:07,957 [INFO]  Epoch[4] Batch [0-16]	Speed: 21161.23 samples/sec	cross-entropy=0.063399	A7-accuracy=0.000000
2024-04-08 00:12:07,968 [INFO]  Epoch[4] Train-cross-entropy=0.050580
2024-04-08 00:12:07,968 [INFO]  Epoch[4] Train-A7-accuracy=0.000000
2024-04-08 00:12:07,968 [INFO]  Epoch[4] Time cost=0.024
2024-04-08 00:12:07,970 [INFO]  Saved checkpoint to "./imputer_model/24_credit/imputer_model_A7/model-0004.params"
2024-04-08 00:12:07,971 [INFO]  Epoch[4] Validation-cross-entropy=0.042749
2024-04-08 00:12:07,971 [INFO]  Epoch[4] Validation-A7-accuracy=0.000000
2024-04-08 00:12:07,971 [INFO]  
========== done (0.13981962203979492 s) fit model
2024-04-08 00:12:11,498 [INFO]  
========== start: fit model
2024-04-08 00:12:11,498 [WARNING]  Already bound, ignoring bind()
2024-04-08 00:12:11,513 [INFO]  Epoch[0] Batch [0-16]	Speed: 20997.36 samples/sec	cross-entropy=10.876394	A7-accuracy=0.000000
2024-04-08 00:12:11,524 [INFO]  Epoch[0] Train-cross-entropy=0.893254
2024-04-08 00:12:11,524 [INFO]  Epoch[0] Train-A7-accuracy=0.000000
2024-04-08 00:12:11,524 [INFO]  Epoch[0] Time cost=0.025
2024-04-08 00:12:11,525 [INFO]  Saved checkpoint to "./imputer_model/24_credit/imputer_model_A7/model-0000.params"
2024-04-08 00:12:11,527 [INFO]  Epoch[0] Validation-cross-entropy=0.877445
2024-04-08 00:12:11,527 [INFO]  Epoch[0] Validation-A7-accuracy=0.000000
2024-04-08 00:12:11,540 [INFO]  Epoch[1] Batch [0-16]	Speed: 21489.45 samples/sec	cross-entropy=0.604307	A7-accuracy=0.000000
2024-04-08 00:12:11,550 [INFO]  Epoch[1] Train-cross-entropy=0.331740
2024-04-08 00:12:11,551 [INFO]  Epoch[1] Train-A7-accuracy=0.000000
2024-04-08 00:12:11,551 [INFO]  Epoch[1] Time cost=0.024
2024-04-08 00:12:11,552 [INFO]  Saved checkpoint to "./imputer_model/24_credit/imputer_model_A7/model-0001.params"
2024-04-08 00:12:11,554 [INFO]  Epoch[1] Validation-cross-entropy=0.202522
2024-04-08 00:12:11,554 [INFO]  Epoch[1] Validation-A7-accuracy=0.000000
2024-04-08 00:12:11,567 [INFO]  Epoch[2] Batch [0-16]	Speed: 21582.32 samples/sec	cross-entropy=0.184272	A7-accuracy=0.000000
2024-04-08 00:12:11,577 [INFO]  Epoch[2] Train-cross-entropy=0.162990
2024-04-08 00:12:11,577 [INFO]  Epoch[2] Train-A7-accuracy=0.000000
2024-04-08 00:12:11,577 [INFO]  Epoch[2] Time cost=0.024
2024-04-08 00:12:11,579 [INFO]  Saved checkpoint to "./imputer_model/24_credit/imputer_model_A7/model-0002.params"
2024-04-08 00:12:11,580 [INFO]  Epoch[2] Validation-cross-entropy=0.134383
2024-04-08 00:12:11,580 [INFO]  Epoch[2] Validation-A7-accuracy=0.000000
2024-04-08 00:12:11,593 [INFO]  Epoch[3] Batch [0-16]	Speed: 21644.09 samples/sec	cross-entropy=0.108734	A7-accuracy=0.000000
2024-04-08 00:12:11,604 [INFO]  Epoch[3] Train-cross-entropy=0.111042
2024-04-08 00:12:11,604 [INFO]  Epoch[3] Train-A7-accuracy=0.000000
2024-04-08 00:12:11,604 [INFO]  Epoch[3] Time cost=0.024
2024-04-08 00:12:11,606 [INFO]  Saved checkpoint to "./imputer_model/24_credit/imputer_model_A7/model-0003.params"
2024-04-08 00:12:11,607 [INFO]  Epoch[3] Validation-cross-entropy=0.098953
2024-04-08 00:12:11,607 [INFO]  Epoch[3] Validation-A7-accuracy=0.000000
2024-04-08 00:12:11,628 [INFO]  Epoch[4] Batch [0-16]	Speed: 12895.32 samples/sec	cross-entropy=0.075539	A7-accuracy=0.000000
2024-04-08 00:12:11,642 [INFO]  Epoch[4] Train-cross-entropy=0.084975
2024-04-08 00:12:11,642 [INFO]  Epoch[4] Train-A7-accuracy=0.000000
2024-04-08 00:12:11,642 [INFO]  Epoch[4] Time cost=0.035
2024-04-08 00:12:11,644 [INFO]  Saved checkpoint to "./imputer_model/24_credit/imputer_model_A7/model-0004.params"
2024-04-08 00:12:11,646 [INFO]  Epoch[4] Validation-cross-entropy=0.090595
2024-04-08 00:12:11,646 [INFO]  Epoch[4] Validation-A7-accuracy=0.000000
2024-04-08 00:12:11,646 [INFO]  
========== done (0.14778399467468262 s) fit model
2024-04-08 00:12:15,435 [INFO]  
========== start: fit model
2024-04-08 00:12:15,435 [WARNING]  Already bound, ignoring bind()
2024-04-08 00:12:15,448 [INFO]  Epoch[0] Batch [0-16]	Speed: 24336.85 samples/sec	cross-entropy=5.275451	A7-accuracy=0.000000
2024-04-08 00:12:15,457 [INFO]  Epoch[0] Train-cross-entropy=0.621398
2024-04-08 00:12:15,457 [INFO]  Epoch[0] Train-A7-accuracy=0.000000
2024-04-08 00:12:15,457 [INFO]  Epoch[0] Time cost=0.021
2024-04-08 00:12:15,459 [INFO]  Saved checkpoint to "./imputer_model/24_credit/imputer_model_A7/model-0000.params"
2024-04-08 00:12:15,460 [INFO]  Epoch[0] Validation-cross-entropy=0.659227
2024-04-08 00:12:15,460 [INFO]  Epoch[0] Validation-A7-accuracy=0.000000
2024-04-08 00:12:15,471 [INFO]  Epoch[1] Batch [0-16]	Speed: 24766.27 samples/sec	cross-entropy=0.367315	A7-accuracy=0.000000
2024-04-08 00:12:15,480 [INFO]  Epoch[1] Train-cross-entropy=0.155066
2024-04-08 00:12:15,480 [INFO]  Epoch[1] Train-A7-accuracy=0.000000
2024-04-08 00:12:15,480 [INFO]  Epoch[1] Time cost=0.020
2024-04-08 00:12:15,481 [INFO]  Saved checkpoint to "./imputer_model/24_credit/imputer_model_A7/model-0001.params"
2024-04-08 00:12:15,482 [INFO]  Epoch[1] Validation-cross-entropy=0.137402
2024-04-08 00:12:15,483 [INFO]  Epoch[1] Validation-A7-accuracy=0.000000
2024-04-08 00:12:15,493 [INFO]  Epoch[2] Batch [0-16]	Speed: 26580.40 samples/sec	cross-entropy=0.094205	A7-accuracy=0.000000
2024-04-08 00:12:15,501 [INFO]  Epoch[2] Train-cross-entropy=0.067749
2024-04-08 00:12:15,502 [INFO]  Epoch[2] Train-A7-accuracy=0.000000
2024-04-08 00:12:15,502 [INFO]  Epoch[2] Time cost=0.019
2024-04-08 00:12:15,503 [INFO]  Saved checkpoint to "./imputer_model/24_credit/imputer_model_A7/model-0002.params"
2024-04-08 00:12:15,504 [INFO]  Epoch[2] Validation-cross-entropy=0.091174
2024-04-08 00:12:15,504 [INFO]  Epoch[2] Validation-A7-accuracy=0.000000
2024-04-08 00:12:15,514 [INFO]  Epoch[3] Batch [0-16]	Speed: 28559.24 samples/sec	cross-entropy=0.063222	A7-accuracy=0.000000
2024-04-08 00:12:15,522 [INFO]  Epoch[3] Train-cross-entropy=0.053648
2024-04-08 00:12:15,522 [INFO]  Epoch[3] Train-A7-accuracy=0.000000
2024-04-08 00:12:15,522 [INFO]  Epoch[3] Time cost=0.018
2024-04-08 00:12:15,524 [INFO]  Saved checkpoint to "./imputer_model/24_credit/imputer_model_A7/model-0003.params"
2024-04-08 00:12:15,525 [INFO]  Epoch[3] Validation-cross-entropy=0.077750
2024-04-08 00:12:15,525 [INFO]  Epoch[3] Validation-A7-accuracy=0.000000
2024-04-08 00:12:15,552 [INFO]  Epoch[4] Batch [0-16]	Speed: 9869.04 samples/sec	cross-entropy=0.048571	A7-accuracy=0.000000
2024-04-08 00:12:15,562 [INFO]  Epoch[4] Train-cross-entropy=0.043850
2024-04-08 00:12:15,562 [INFO]  Epoch[4] Train-A7-accuracy=0.000000
2024-04-08 00:12:15,562 [INFO]  Epoch[4] Time cost=0.037
2024-04-08 00:12:15,564 [INFO]  Saved checkpoint to "./imputer_model/24_credit/imputer_model_A7/model-0004.params"
2024-04-08 00:12:15,566 [INFO]  Epoch[4] Validation-cross-entropy=0.067853
2024-04-08 00:12:15,566 [INFO]  Epoch[4] Validation-A7-accuracy=0.000000
2024-04-08 00:12:15,566 [INFO]  
========== done (0.1312565803527832 s) fit model
2024-04-08 00:12:19,567 [INFO]  
========== start: fit model
2024-04-08 00:12:19,567 [WARNING]  Already bound, ignoring bind()
2024-04-08 00:12:19,583 [INFO]  Epoch[0] Batch [0-16]	Speed: 19683.27 samples/sec	cross-entropy=4.385772	A7-accuracy=3.176471
2024-04-08 00:12:19,594 [INFO]  Epoch[0] Train-cross-entropy=0.801418
2024-04-08 00:12:19,594 [INFO]  Epoch[0] Train-A7-accuracy=3.500000
2024-04-08 00:12:19,594 [INFO]  Epoch[0] Time cost=0.026
2024-04-08 00:12:19,596 [INFO]  Saved checkpoint to "./imputer_model/24_credit/imputer_model_A7/model-0000.params"
2024-04-08 00:12:19,597 [INFO]  Epoch[0] Validation-cross-entropy=1.415492
2024-04-08 00:12:19,597 [INFO]  Epoch[0] Validation-A7-accuracy=0.000000
2024-04-08 00:12:19,610 [INFO]  Epoch[1] Batch [0-16]	Speed: 21439.68 samples/sec	cross-entropy=0.303562	A7-accuracy=3.176471
2024-04-08 00:12:19,621 [INFO]  Epoch[1] Train-cross-entropy=0.194598
2024-04-08 00:12:19,621 [INFO]  Epoch[1] Train-A7-accuracy=3.500000
2024-04-08 00:12:19,621 [INFO]  Epoch[1] Time cost=0.024
2024-04-08 00:12:19,623 [INFO]  Saved checkpoint to "./imputer_model/24_credit/imputer_model_A7/model-0001.params"
2024-04-08 00:12:19,624 [INFO]  Epoch[1] Validation-cross-entropy=0.285277
2024-04-08 00:12:19,624 [INFO]  Epoch[1] Validation-A7-accuracy=0.000000
2024-04-08 00:12:19,637 [INFO]  Epoch[2] Batch [0-16]	Speed: 21498.92 samples/sec	cross-entropy=0.111162	A7-accuracy=3.176471
2024-04-08 00:12:19,648 [INFO]  Epoch[2] Train-cross-entropy=0.086870
2024-04-08 00:12:19,648 [INFO]  Epoch[2] Train-A7-accuracy=3.500000
2024-04-08 00:12:19,648 [INFO]  Epoch[2] Time cost=0.024
2024-04-08 00:12:19,650 [INFO]  Saved checkpoint to "./imputer_model/24_credit/imputer_model_A7/model-0002.params"
2024-04-08 00:12:19,651 [INFO]  Epoch[2] Validation-cross-entropy=0.178264
2024-04-08 00:12:19,651 [INFO]  Epoch[2] Validation-A7-accuracy=0.000000
2024-04-08 00:12:19,664 [INFO]  Epoch[3] Batch [0-16]	Speed: 21796.11 samples/sec	cross-entropy=0.071963	A7-accuracy=3.176471
2024-04-08 00:12:19,675 [INFO]  Epoch[3] Train-cross-entropy=0.065015
2024-04-08 00:12:19,675 [INFO]  Epoch[3] Train-A7-accuracy=3.500000
2024-04-08 00:12:19,675 [INFO]  Epoch[3] Time cost=0.024
2024-04-08 00:12:19,677 [INFO]  Saved checkpoint to "./imputer_model/24_credit/imputer_model_A7/model-0003.params"
2024-04-08 00:12:19,678 [INFO]  Epoch[3] Validation-cross-entropy=0.120583
2024-04-08 00:12:19,678 [INFO]  Epoch[3] Validation-A7-accuracy=0.000000
2024-04-08 00:12:19,691 [INFO]  Epoch[4] Batch [0-16]	Speed: 21139.15 samples/sec	cross-entropy=0.063164	A7-accuracy=3.176471
2024-04-08 00:12:19,702 [INFO]  Epoch[4] Train-cross-entropy=0.054145
2024-04-08 00:12:19,702 [INFO]  Epoch[4] Train-A7-accuracy=3.500000
2024-04-08 00:12:19,702 [INFO]  Epoch[4] Time cost=0.024
2024-04-08 00:12:19,704 [INFO]  Saved checkpoint to "./imputer_model/24_credit/imputer_model_A7/model-0004.params"
2024-04-08 00:12:19,705 [INFO]  Epoch[4] Validation-cross-entropy=0.100703
2024-04-08 00:12:19,705 [INFO]  Epoch[4] Validation-A7-accuracy=0.000000
2024-04-08 00:12:19,705 [INFO]  
========== done (0.13799691200256348 s) fit model
2024-04-08 00:12:23,370 [INFO]  
========== start: fit model
2024-04-08 00:12:23,370 [WARNING]  Already bound, ignoring bind()
2024-04-08 00:12:23,394 [INFO]  Epoch[0] Batch [0-16]	Speed: 11998.05 samples/sec	cross-entropy=8.857138	A7-accuracy=3.529412
2024-04-08 00:12:23,406 [INFO]  Epoch[0] Train-cross-entropy=0.902253
2024-04-08 00:12:23,406 [INFO]  Epoch[0] Train-A7-accuracy=3.571429
2024-04-08 00:12:23,407 [INFO]  Epoch[0] Time cost=0.035
2024-04-08 00:12:23,408 [INFO]  Saved checkpoint to "./imputer_model/24_credit/imputer_model_A7/model-0000.params"
2024-04-08 00:12:23,410 [INFO]  Epoch[0] Validation-cross-entropy=1.444194
2024-04-08 00:12:23,410 [INFO]  Epoch[0] Validation-A7-accuracy=0.000000
2024-04-08 00:12:23,421 [INFO]  Epoch[1] Batch [0-16]	Speed: 24220.47 samples/sec	cross-entropy=0.553368	A7-accuracy=3.529412
2024-04-08 00:12:23,430 [INFO]  Epoch[1] Train-cross-entropy=0.214048
2024-04-08 00:12:23,431 [INFO]  Epoch[1] Train-A7-accuracy=3.571429
2024-04-08 00:12:23,431 [INFO]  Epoch[1] Time cost=0.021
2024-04-08 00:12:23,432 [INFO]  Saved checkpoint to "./imputer_model/24_credit/imputer_model_A7/model-0001.params"
2024-04-08 00:12:23,433 [INFO]  Epoch[1] Validation-cross-entropy=0.339207
2024-04-08 00:12:23,433 [INFO]  Epoch[1] Validation-A7-accuracy=0.000000
2024-04-08 00:12:23,444 [INFO]  Epoch[2] Batch [0-16]	Speed: 25382.17 samples/sec	cross-entropy=0.150059	A7-accuracy=3.529412
2024-04-08 00:12:23,453 [INFO]  Epoch[2] Train-cross-entropy=0.110286
2024-04-08 00:12:23,453 [INFO]  Epoch[2] Train-A7-accuracy=3.571429
2024-04-08 00:12:23,453 [INFO]  Epoch[2] Time cost=0.020
2024-04-08 00:12:23,455 [INFO]  Saved checkpoint to "./imputer_model/24_credit/imputer_model_A7/model-0002.params"
2024-04-08 00:12:23,456 [INFO]  Epoch[2] Validation-cross-entropy=0.134198
2024-04-08 00:12:23,456 [INFO]  Epoch[2] Validation-A7-accuracy=0.000000
2024-04-08 00:12:23,467 [INFO]  Epoch[3] Batch [0-16]	Speed: 25338.44 samples/sec	cross-entropy=0.089988	A7-accuracy=3.529412
2024-04-08 00:12:23,476 [INFO]  Epoch[3] Train-cross-entropy=0.080459
2024-04-08 00:12:23,476 [INFO]  Epoch[3] Train-A7-accuracy=3.571429
2024-04-08 00:12:23,476 [INFO]  Epoch[3] Time cost=0.020
2024-04-08 00:12:23,478 [INFO]  Saved checkpoint to "./imputer_model/24_credit/imputer_model_A7/model-0003.params"
2024-04-08 00:12:23,479 [INFO]  Epoch[3] Validation-cross-entropy=0.106779
2024-04-08 00:12:23,479 [INFO]  Epoch[3] Validation-A7-accuracy=0.000000
2024-04-08 00:12:23,490 [INFO]  Epoch[4] Batch [0-16]	Speed: 24952.75 samples/sec	cross-entropy=0.069329	A7-accuracy=3.529412
2024-04-08 00:12:23,499 [INFO]  Epoch[4] Train-cross-entropy=0.066928
2024-04-08 00:12:23,499 [INFO]  Epoch[4] Train-A7-accuracy=3.571429
2024-04-08 00:12:23,499 [INFO]  Epoch[4] Time cost=0.020
2024-04-08 00:12:23,501 [INFO]  Saved checkpoint to "./imputer_model/24_credit/imputer_model_A7/model-0004.params"
2024-04-08 00:12:23,502 [INFO]  Epoch[4] Validation-cross-entropy=0.092818
2024-04-08 00:12:23,502 [INFO]  Epoch[4] Validation-A7-accuracy=0.000000
2024-04-08 00:12:23,502 [INFO]  
========== done (0.13182926177978516 s) fit model
2024-04-08 00:12:27,323 [INFO]  
========== start: fit model
2024-04-08 00:12:27,323 [WARNING]  Already bound, ignoring bind()
2024-04-08 00:12:27,338 [INFO]  Epoch[0] Batch [0-16]	Speed: 21840.00 samples/sec	cross-entropy=9.627102	A7-accuracy=0.000000
2024-04-08 00:12:27,349 [INFO]  Epoch[0] Train-cross-entropy=1.403113
2024-04-08 00:12:27,349 [INFO]  Epoch[0] Train-A7-accuracy=0.000000
2024-04-08 00:12:27,349 [INFO]  Epoch[0] Time cost=0.024
2024-04-08 00:12:27,350 [INFO]  Saved checkpoint to "./imputer_model/24_credit/imputer_model_A7/model-0000.params"
2024-04-08 00:12:27,352 [INFO]  Epoch[0] Validation-cross-entropy=0.430399
2024-04-08 00:12:27,352 [INFO]  Epoch[0] Validation-A7-accuracy=0.000000
2024-04-08 00:12:27,364 [INFO]  Epoch[1] Batch [0-16]	Speed: 22072.56 samples/sec	cross-entropy=0.513298	A7-accuracy=0.000000
2024-04-08 00:12:27,375 [INFO]  Epoch[1] Train-cross-entropy=0.188840
2024-04-08 00:12:27,375 [INFO]  Epoch[1] Train-A7-accuracy=0.000000
2024-04-08 00:12:27,375 [INFO]  Epoch[1] Time cost=0.023
2024-04-08 00:12:27,377 [INFO]  Saved checkpoint to "./imputer_model/24_credit/imputer_model_A7/model-0001.params"
2024-04-08 00:12:27,378 [INFO]  Epoch[1] Validation-cross-entropy=0.158144
2024-04-08 00:12:27,378 [INFO]  Epoch[1] Validation-A7-accuracy=0.000000
2024-04-08 00:12:27,391 [INFO]  Epoch[2] Batch [0-16]	Speed: 21793.01 samples/sec	cross-entropy=0.140287	A7-accuracy=0.000000
2024-04-08 00:12:27,402 [INFO]  Epoch[2] Train-cross-entropy=0.103165
2024-04-08 00:12:27,402 [INFO]  Epoch[2] Train-A7-accuracy=0.000000
2024-04-08 00:12:27,402 [INFO]  Epoch[2] Time cost=0.023
2024-04-08 00:12:27,403 [INFO]  Saved checkpoint to "./imputer_model/24_credit/imputer_model_A7/model-0002.params"
2024-04-08 00:12:27,405 [INFO]  Epoch[2] Validation-cross-entropy=0.081732
2024-04-08 00:12:27,405 [INFO]  Epoch[2] Validation-A7-accuracy=0.000000
2024-04-08 00:12:27,418 [INFO]  Epoch[3] Batch [0-16]	Speed: 21448.24 samples/sec	cross-entropy=0.080810	A7-accuracy=0.000000
2024-04-08 00:12:27,428 [INFO]  Epoch[3] Train-cross-entropy=0.075770
2024-04-08 00:12:27,429 [INFO]  Epoch[3] Train-A7-accuracy=0.000000
2024-04-08 00:12:27,429 [INFO]  Epoch[3] Time cost=0.024
2024-04-08 00:12:27,430 [INFO]  Saved checkpoint to "./imputer_model/24_credit/imputer_model_A7/model-0003.params"
2024-04-08 00:12:27,432 [INFO]  Epoch[3] Validation-cross-entropy=0.053146
2024-04-08 00:12:27,432 [INFO]  Epoch[3] Validation-A7-accuracy=0.000000
2024-04-08 00:12:27,446 [INFO]  Epoch[4] Batch [0-16]	Speed: 19796.86 samples/sec	cross-entropy=0.065719	A7-accuracy=0.000000
2024-04-08 00:12:27,456 [INFO]  Epoch[4] Train-cross-entropy=0.063552
2024-04-08 00:12:27,456 [INFO]  Epoch[4] Train-A7-accuracy=0.000000
2024-04-08 00:12:27,456 [INFO]  Epoch[4] Time cost=0.025
2024-04-08 00:12:27,458 [INFO]  Saved checkpoint to "./imputer_model/24_credit/imputer_model_A7/model-0004.params"
2024-04-08 00:12:27,459 [INFO]  Epoch[4] Validation-cross-entropy=0.046930
2024-04-08 00:12:27,460 [INFO]  Epoch[4] Validation-A7-accuracy=0.000000
2024-04-08 00:12:27,460 [INFO]  
========== done (0.13638687133789062 s) fit model
2024-04-08 00:12:31,252 [INFO]  
========== start: fit model
2024-04-08 00:12:31,252 [WARNING]  Already bound, ignoring bind()
2024-04-08 00:12:31,267 [INFO]  Epoch[0] Batch [0-16]	Speed: 21167.90 samples/sec	cross-entropy=8.000933	A7-accuracy=0.000000
2024-04-08 00:12:31,288 [INFO]  Epoch[0] Train-cross-entropy=1.009516
2024-04-08 00:12:31,288 [INFO]  Epoch[0] Train-A7-accuracy=0.000000
2024-04-08 00:12:31,288 [INFO]  Epoch[0] Time cost=0.034
2024-04-08 00:12:31,289 [INFO]  Saved checkpoint to "./imputer_model/24_credit/imputer_model_A7/model-0000.params"
2024-04-08 00:12:31,292 [INFO]  Epoch[0] Validation-cross-entropy=0.562094
2024-04-08 00:12:31,292 [INFO]  Epoch[0] Validation-A7-accuracy=0.000000
2024-04-08 00:12:31,302 [INFO]  Epoch[1] Batch [0-16]	Speed: 28469.89 samples/sec	cross-entropy=0.553120	A7-accuracy=0.000000
2024-04-08 00:12:31,318 [INFO]  Epoch[1] Train-cross-entropy=0.275247
2024-04-08 00:12:31,318 [INFO]  Epoch[1] Train-A7-accuracy=0.000000
2024-04-08 00:12:31,318 [INFO]  Epoch[1] Time cost=0.026
2024-04-08 00:12:31,320 [INFO]  Saved checkpoint to "./imputer_model/24_credit/imputer_model_A7/model-0001.params"
2024-04-08 00:12:31,321 [INFO]  Epoch[1] Validation-cross-entropy=0.169910
2024-04-08 00:12:31,321 [INFO]  Epoch[1] Validation-A7-accuracy=0.000000
2024-04-08 00:12:31,330 [INFO]  Epoch[2] Batch [0-16]	Speed: 29375.73 samples/sec	cross-entropy=0.161583	A7-accuracy=0.000000
2024-04-08 00:12:31,338 [INFO]  Epoch[2] Train-cross-entropy=0.104395
2024-04-08 00:12:31,339 [INFO]  Epoch[2] Train-A7-accuracy=0.000000
2024-04-08 00:12:31,339 [INFO]  Epoch[2] Time cost=0.017
2024-04-08 00:12:31,340 [INFO]  Saved checkpoint to "./imputer_model/24_credit/imputer_model_A7/model-0002.params"
2024-04-08 00:12:31,341 [INFO]  Epoch[2] Validation-cross-entropy=0.078125
2024-04-08 00:12:31,341 [INFO]  Epoch[2] Validation-A7-accuracy=0.000000
2024-04-08 00:12:31,351 [INFO]  Epoch[3] Batch [0-16]	Speed: 26806.69 samples/sec	cross-entropy=0.093149	A7-accuracy=0.000000
2024-04-08 00:12:31,384 [INFO]  Epoch[3] Train-cross-entropy=0.072944
2024-04-08 00:12:31,384 [INFO]  Epoch[3] Train-A7-accuracy=0.000000
2024-04-08 00:12:31,384 [INFO]  Epoch[3] Time cost=0.043
2024-04-08 00:12:31,386 [INFO]  Saved checkpoint to "./imputer_model/24_credit/imputer_model_A7/model-0003.params"
2024-04-08 00:12:31,387 [INFO]  Epoch[3] Validation-cross-entropy=0.058033
2024-04-08 00:12:31,387 [INFO]  Epoch[3] Validation-A7-accuracy=0.000000
2024-04-08 00:12:31,402 [INFO]  Epoch[4] Batch [0-16]	Speed: 18508.96 samples/sec	cross-entropy=0.070024	A7-accuracy=0.000000
2024-04-08 00:12:31,426 [INFO]  Epoch[4] Train-cross-entropy=0.059344
2024-04-08 00:12:31,426 [INFO]  Epoch[4] Train-A7-accuracy=0.000000
2024-04-08 00:12:31,426 [INFO]  Epoch[4] Time cost=0.039
2024-04-08 00:12:31,427 [INFO]  Saved checkpoint to "./imputer_model/24_credit/imputer_model_A7/model-0004.params"
2024-04-08 00:12:31,428 [INFO]  Epoch[4] Validation-cross-entropy=0.058613
2024-04-08 00:12:31,428 [INFO]  Epoch[4] Validation-A7-accuracy=0.000000
2024-04-08 00:12:31,428 [INFO]  
========== done (0.17633676528930664 s) fit model
2024-04-08 00:12:34,853 [INFO]  
========== start: fit model
2024-04-08 00:12:34,854 [WARNING]  Already bound, ignoring bind()
2024-04-08 00:12:34,865 [INFO]  Epoch[0] Batch [0-16]	Speed: 28008.71 samples/sec	cross-entropy=10.493763	A7-accuracy=0.000000
2024-04-08 00:12:34,873 [INFO]  Epoch[0] Train-cross-entropy=1.088122
2024-04-08 00:12:34,873 [INFO]  Epoch[0] Train-A7-accuracy=0.000000
2024-04-08 00:12:34,873 [INFO]  Epoch[0] Time cost=0.019
2024-04-08 00:12:34,875 [INFO]  Saved checkpoint to "./imputer_model/24_credit/imputer_model_A7/model-0000.params"
2024-04-08 00:12:34,876 [INFO]  Epoch[0] Validation-cross-entropy=0.717998
2024-04-08 00:12:34,876 [INFO]  Epoch[0] Validation-A7-accuracy=0.000000
2024-04-08 00:12:34,886 [INFO]  Epoch[1] Batch [0-16]	Speed: 28441.23 samples/sec	cross-entropy=0.560543	A7-accuracy=0.000000
2024-04-08 00:12:34,894 [INFO]  Epoch[1] Train-cross-entropy=0.288538
2024-04-08 00:12:34,894 [INFO]  Epoch[1] Train-A7-accuracy=0.000000
2024-04-08 00:12:34,894 [INFO]  Epoch[1] Time cost=0.018
2024-04-08 00:12:34,895 [INFO]  Saved checkpoint to "./imputer_model/24_credit/imputer_model_A7/model-0001.params"
2024-04-08 00:12:34,896 [INFO]  Epoch[1] Validation-cross-entropy=0.392868
2024-04-08 00:12:34,896 [INFO]  Epoch[1] Validation-A7-accuracy=0.000000
2024-04-08 00:12:34,906 [INFO]  Epoch[2] Batch [0-16]	Speed: 27993.37 samples/sec	cross-entropy=0.148115	A7-accuracy=0.000000
2024-04-08 00:12:34,914 [INFO]  Epoch[2] Train-cross-entropy=0.131489
2024-04-08 00:12:34,914 [INFO]  Epoch[2] Train-A7-accuracy=0.000000
2024-04-08 00:12:34,915 [INFO]  Epoch[2] Time cost=0.018
2024-04-08 00:12:34,916 [INFO]  Saved checkpoint to "./imputer_model/24_credit/imputer_model_A7/model-0002.params"
2024-04-08 00:12:34,917 [INFO]  Epoch[2] Validation-cross-entropy=0.258908
2024-04-08 00:12:34,917 [INFO]  Epoch[2] Validation-A7-accuracy=0.000000
2024-04-08 00:12:34,929 [INFO]  Epoch[3] Batch [0-16]	Speed: 23115.08 samples/sec	cross-entropy=0.082482	A7-accuracy=0.000000
2024-04-08 00:12:34,940 [INFO]  Epoch[3] Train-cross-entropy=0.089139
2024-04-08 00:12:34,940 [INFO]  Epoch[3] Train-A7-accuracy=0.000000
2024-04-08 00:12:34,940 [INFO]  Epoch[3] Time cost=0.023
2024-04-08 00:12:34,941 [INFO]  Saved checkpoint to "./imputer_model/24_credit/imputer_model_A7/model-0003.params"
2024-04-08 00:12:34,942 [INFO]  Epoch[3] Validation-cross-entropy=0.190490
2024-04-08 00:12:34,943 [INFO]  Epoch[3] Validation-A7-accuracy=0.000000
2024-04-08 00:12:34,956 [INFO]  Epoch[4] Batch [0-16]	Speed: 20682.29 samples/sec	cross-entropy=0.063621	A7-accuracy=0.000000
2024-04-08 00:12:34,966 [INFO]  Epoch[4] Train-cross-entropy=0.072769
2024-04-08 00:12:34,967 [INFO]  Epoch[4] Train-A7-accuracy=0.000000
2024-04-08 00:12:34,967 [INFO]  Epoch[4] Time cost=0.024
2024-04-08 00:12:34,968 [INFO]  Saved checkpoint to "./imputer_model/24_credit/imputer_model_A7/model-0004.params"
2024-04-08 00:12:34,969 [INFO]  Epoch[4] Validation-cross-entropy=0.163512
2024-04-08 00:12:34,969 [INFO]  Epoch[4] Validation-A7-accuracy=0.000000
2024-04-08 00:12:34,969 [INFO]  
========== done (0.11589717864990234 s) fit model
2024-04-08 00:12:38,561 [INFO]  
========== start: fit model
2024-04-08 00:12:38,561 [WARNING]  Already bound, ignoring bind()
2024-04-08 00:12:38,578 [INFO]  Epoch[0] Batch [0-16]	Speed: 18155.93 samples/sec	cross-entropy=8.413979	A7-accuracy=3.705882
2024-04-08 00:12:38,590 [INFO]  Epoch[0] Train-cross-entropy=1.078540
2024-04-08 00:12:38,590 [INFO]  Epoch[0] Train-A7-accuracy=2.928571
2024-04-08 00:12:38,590 [INFO]  Epoch[0] Time cost=0.028
2024-04-08 00:12:38,592 [INFO]  Saved checkpoint to "./imputer_model/24_credit/imputer_model_A7/model-0000.params"
2024-04-08 00:12:38,594 [INFO]  Epoch[0] Validation-cross-entropy=1.008111
2024-04-08 00:12:38,594 [INFO]  Epoch[0] Validation-A7-accuracy=0.000000
2024-04-08 00:12:38,617 [INFO]  Epoch[1] Batch [0-16]	Speed: 11546.85 samples/sec	cross-entropy=0.588115	A7-accuracy=3.705882
2024-04-08 00:12:38,629 [INFO]  Epoch[1] Train-cross-entropy=0.322020
2024-04-08 00:12:38,629 [INFO]  Epoch[1] Train-A7-accuracy=2.928571
2024-04-08 00:12:38,629 [INFO]  Epoch[1] Time cost=0.035
2024-04-08 00:12:38,630 [INFO]  Saved checkpoint to "./imputer_model/24_credit/imputer_model_A7/model-0001.params"
2024-04-08 00:12:38,632 [INFO]  Epoch[1] Validation-cross-entropy=0.256544
2024-04-08 00:12:38,632 [INFO]  Epoch[1] Validation-A7-accuracy=0.000000
2024-04-08 00:12:38,642 [INFO]  Epoch[2] Batch [0-16]	Speed: 27894.47 samples/sec	cross-entropy=0.209940	A7-accuracy=3.705882
2024-04-08 00:12:38,650 [INFO]  Epoch[2] Train-cross-entropy=0.131539
2024-04-08 00:12:38,650 [INFO]  Epoch[2] Train-A7-accuracy=2.928571
2024-04-08 00:12:38,650 [INFO]  Epoch[2] Time cost=0.018
2024-04-08 00:12:38,651 [INFO]  Saved checkpoint to "./imputer_model/24_credit/imputer_model_A7/model-0002.params"
2024-04-08 00:12:38,653 [INFO]  Epoch[2] Validation-cross-entropy=0.137730
2024-04-08 00:12:38,653 [INFO]  Epoch[2] Validation-A7-accuracy=0.000000
2024-04-08 00:12:38,663 [INFO]  Epoch[3] Batch [0-16]	Speed: 28034.30 samples/sec	cross-entropy=0.135090	A7-accuracy=3.705882
2024-04-08 00:12:38,671 [INFO]  Epoch[3] Train-cross-entropy=0.093865
2024-04-08 00:12:38,671 [INFO]  Epoch[3] Train-A7-accuracy=2.928571
2024-04-08 00:12:38,671 [INFO]  Epoch[3] Time cost=0.018
2024-04-08 00:12:38,673 [INFO]  Saved checkpoint to "./imputer_model/24_credit/imputer_model_A7/model-0003.params"
2024-04-08 00:12:38,674 [INFO]  Epoch[3] Validation-cross-entropy=0.100817
2024-04-08 00:12:38,674 [INFO]  Epoch[3] Validation-A7-accuracy=0.000000
2024-04-08 00:12:38,684 [INFO]  Epoch[4] Batch [0-16]	Speed: 27668.77 samples/sec	cross-entropy=0.094679	A7-accuracy=3.705882
2024-04-08 00:12:38,692 [INFO]  Epoch[4] Train-cross-entropy=0.066781
2024-04-08 00:12:38,692 [INFO]  Epoch[4] Train-A7-accuracy=2.928571
2024-04-08 00:12:38,692 [INFO]  Epoch[4] Time cost=0.018
2024-04-08 00:12:38,694 [INFO]  Saved checkpoint to "./imputer_model/24_credit/imputer_model_A7/model-0004.params"
2024-04-08 00:12:38,695 [INFO]  Epoch[4] Validation-cross-entropy=0.084301
2024-04-08 00:12:38,695 [INFO]  Epoch[4] Validation-A7-accuracy=0.000000
2024-04-08 00:12:38,695 [INFO]  
========== done (0.13395953178405762 s) fit model
2024-04-08 00:12:42,858 [INFO]  
========== start: fit model
2024-04-08 00:12:42,859 [WARNING]  Already bound, ignoring bind()
2024-04-08 00:12:42,874 [INFO]  Epoch[0] Batch [0-16]	Speed: 20404.81 samples/sec	cross-entropy=6.484168	A7-accuracy=0.000000
2024-04-08 00:12:42,885 [INFO]  Epoch[0] Train-cross-entropy=1.053912
2024-04-08 00:12:42,885 [INFO]  Epoch[0] Train-A7-accuracy=0.000000
2024-04-08 00:12:42,885 [INFO]  Epoch[0] Time cost=0.026
2024-04-08 00:12:42,887 [INFO]  Saved checkpoint to "./imputer_model/24_credit/imputer_model_A7/model-0000.params"
2024-04-08 00:12:42,888 [INFO]  Epoch[0] Validation-cross-entropy=0.660594
2024-04-08 00:12:42,888 [INFO]  Epoch[0] Validation-A7-accuracy=0.000000
2024-04-08 00:12:42,901 [INFO]  Epoch[1] Batch [0-16]	Speed: 21493.75 samples/sec	cross-entropy=0.613483	A7-accuracy=0.000000
2024-04-08 00:12:42,912 [INFO]  Epoch[1] Train-cross-entropy=0.284321
2024-04-08 00:12:42,912 [INFO]  Epoch[1] Train-A7-accuracy=0.000000
2024-04-08 00:12:42,912 [INFO]  Epoch[1] Time cost=0.024
2024-04-08 00:12:42,914 [INFO]  Saved checkpoint to "./imputer_model/24_credit/imputer_model_A7/model-0001.params"
2024-04-08 00:12:42,915 [INFO]  Epoch[1] Validation-cross-entropy=0.212432
2024-04-08 00:12:42,915 [INFO]  Epoch[1] Validation-A7-accuracy=0.000000
2024-04-08 00:12:42,928 [INFO]  Epoch[2] Batch [0-16]	Speed: 21287.51 samples/sec	cross-entropy=0.168697	A7-accuracy=0.000000
2024-04-08 00:12:42,961 [INFO]  Epoch[2] Train-cross-entropy=0.127035
2024-04-08 00:12:42,961 [INFO]  Epoch[2] Train-A7-accuracy=0.000000
2024-04-08 00:12:42,961 [INFO]  Epoch[2] Time cost=0.046
2024-04-08 00:12:42,963 [INFO]  Saved checkpoint to "./imputer_model/24_credit/imputer_model_A7/model-0002.params"
2024-04-08 00:12:42,964 [INFO]  Epoch[2] Validation-cross-entropy=0.144708
2024-04-08 00:12:42,964 [INFO]  Epoch[2] Validation-A7-accuracy=0.000000
2024-04-08 00:12:42,977 [INFO]  Epoch[3] Batch [0-16]	Speed: 21624.48 samples/sec	cross-entropy=0.092473	A7-accuracy=0.000000
2024-04-08 00:12:42,989 [INFO]  Epoch[3] Train-cross-entropy=0.090685
2024-04-08 00:12:42,989 [INFO]  Epoch[3] Train-A7-accuracy=0.000000
2024-04-08 00:12:42,989 [INFO]  Epoch[3] Time cost=0.024
2024-04-08 00:12:42,991 [INFO]  Saved checkpoint to "./imputer_model/24_credit/imputer_model_A7/model-0003.params"
2024-04-08 00:12:42,993 [INFO]  Epoch[3] Validation-cross-entropy=0.085306
2024-04-08 00:12:42,993 [INFO]  Epoch[3] Validation-A7-accuracy=0.000000
2024-04-08 00:12:43,008 [INFO]  Epoch[4] Batch [0-16]	Speed: 17467.74 samples/sec	cross-entropy=0.067095	A7-accuracy=0.000000
2024-04-08 00:12:43,020 [INFO]  Epoch[4] Train-cross-entropy=0.072700
2024-04-08 00:12:43,020 [INFO]  Epoch[4] Train-A7-accuracy=0.000000
2024-04-08 00:12:43,021 [INFO]  Epoch[4] Time cost=0.028
2024-04-08 00:12:43,023 [INFO]  Saved checkpoint to "./imputer_model/24_credit/imputer_model_A7/model-0004.params"
2024-04-08 00:12:43,024 [INFO]  Epoch[4] Validation-cross-entropy=0.068689
2024-04-08 00:12:43,024 [INFO]  Epoch[4] Validation-A7-accuracy=0.000000
2024-04-08 00:12:43,024 [INFO]  
========== done (0.1658461093902588 s) fit model
2024-04-08 00:12:46,540 [INFO]  
========== start: fit model
2024-04-08 00:12:46,540 [WARNING]  Already bound, ignoring bind()
2024-04-08 00:12:46,555 [INFO]  Epoch[0] Batch [0-16]	Speed: 21075.66 samples/sec	cross-entropy=6.812088	A7-accuracy=3.529412
2024-04-08 00:12:46,566 [INFO]  Epoch[0] Train-cross-entropy=0.829755
2024-04-08 00:12:46,566 [INFO]  Epoch[0] Train-A7-accuracy=3.500000
2024-04-08 00:12:46,566 [INFO]  Epoch[0] Time cost=0.025
2024-04-08 00:12:46,568 [INFO]  Saved checkpoint to "./imputer_model/24_credit/imputer_model_A7/model-0000.params"
2024-04-08 00:12:46,569 [INFO]  Epoch[0] Validation-cross-entropy=0.798678
2024-04-08 00:12:46,569 [INFO]  Epoch[0] Validation-A7-accuracy=0.000000
2024-04-08 00:12:46,582 [INFO]  Epoch[1] Batch [0-16]	Speed: 21362.89 samples/sec	cross-entropy=0.544340	A7-accuracy=3.529412
2024-04-08 00:12:46,593 [INFO]  Epoch[1] Train-cross-entropy=0.299490
2024-04-08 00:12:46,593 [INFO]  Epoch[1] Train-A7-accuracy=3.500000
2024-04-08 00:12:46,593 [INFO]  Epoch[1] Time cost=0.024
2024-04-08 00:12:46,594 [INFO]  Saved checkpoint to "./imputer_model/24_credit/imputer_model_A7/model-0001.params"
2024-04-08 00:12:46,596 [INFO]  Epoch[1] Validation-cross-entropy=0.206683
2024-04-08 00:12:46,596 [INFO]  Epoch[1] Validation-A7-accuracy=0.000000
2024-04-08 00:12:46,608 [INFO]  Epoch[2] Batch [0-16]	Speed: 22031.35 samples/sec	cross-entropy=0.190833	A7-accuracy=3.529412
2024-04-08 00:12:46,619 [INFO]  Epoch[2] Train-cross-entropy=0.159981
2024-04-08 00:12:46,619 [INFO]  Epoch[2] Train-A7-accuracy=3.500000
2024-04-08 00:12:46,619 [INFO]  Epoch[2] Time cost=0.023
2024-04-08 00:12:46,621 [INFO]  Saved checkpoint to "./imputer_model/24_credit/imputer_model_A7/model-0002.params"
2024-04-08 00:12:46,622 [INFO]  Epoch[2] Validation-cross-entropy=0.116193
2024-04-08 00:12:46,622 [INFO]  Epoch[2] Validation-A7-accuracy=0.000000
2024-04-08 00:12:46,635 [INFO]  Epoch[3] Batch [0-16]	Speed: 21852.45 samples/sec	cross-entropy=0.111513	A7-accuracy=3.529412
2024-04-08 00:12:46,646 [INFO]  Epoch[3] Train-cross-entropy=0.103771
2024-04-08 00:12:46,646 [INFO]  Epoch[3] Train-A7-accuracy=3.500000
2024-04-08 00:12:46,646 [INFO]  Epoch[3] Time cost=0.024
2024-04-08 00:12:46,647 [INFO]  Saved checkpoint to "./imputer_model/24_credit/imputer_model_A7/model-0003.params"
2024-04-08 00:12:46,649 [INFO]  Epoch[3] Validation-cross-entropy=0.074044
2024-04-08 00:12:46,649 [INFO]  Epoch[3] Validation-A7-accuracy=0.000000
2024-04-08 00:12:46,662 [INFO]  Epoch[4] Batch [0-16]	Speed: 21571.48 samples/sec	cross-entropy=0.079398	A7-accuracy=3.529412
2024-04-08 00:12:46,672 [INFO]  Epoch[4] Train-cross-entropy=0.073932
2024-04-08 00:12:46,672 [INFO]  Epoch[4] Train-A7-accuracy=3.500000
2024-04-08 00:12:46,672 [INFO]  Epoch[4] Time cost=0.024
2024-04-08 00:12:46,674 [INFO]  Saved checkpoint to "./imputer_model/24_credit/imputer_model_A7/model-0004.params"
2024-04-08 00:12:46,676 [INFO]  Epoch[4] Validation-cross-entropy=0.053038
2024-04-08 00:12:46,676 [INFO]  Epoch[4] Validation-A7-accuracy=0.000000
2024-04-08 00:12:46,676 [INFO]  
========== done (0.13550949096679688 s) fit model
