2024-04-07 11:55:09,886 [INFO]  
========== start: fit model
2024-04-07 11:55:09,886 [WARNING]  Already bound, ignoring bind()
2024-04-07 11:55:09,892 [INFO]  Epoch[0] Batch [0-4]	Speed: 21538.59 samples/sec	cross-entropy=9.946039	Hue-accuracy=3.600000
2024-04-07 11:55:09,894 [INFO]  Epoch[0] Train-cross-entropy=1.639199
2024-04-07 11:55:09,894 [INFO]  Epoch[0] Train-Hue-accuracy=4.000000
2024-04-07 11:55:09,894 [INFO]  Epoch[0] Time cost=0.007
2024-04-07 11:55:09,896 [INFO]  Saved checkpoint to "./imputer_model/4_wine/imputer_model_Hue/model-0000.params"
2024-04-07 11:55:09,896 [INFO]  Epoch[0] Validation-cross-entropy=1.735425
2024-04-07 11:55:09,896 [INFO]  Epoch[0] Validation-Hue-accuracy=0.000000
2024-04-07 11:55:09,900 [INFO]  Epoch[1] Batch [0-4]	Speed: 21864.91 samples/sec	cross-entropy=1.217442	Hue-accuracy=3.600000
2024-04-07 11:55:09,902 [INFO]  Epoch[1] Train-cross-entropy=0.919970
2024-04-07 11:55:09,902 [INFO]  Epoch[1] Train-Hue-accuracy=4.000000
2024-04-07 11:55:09,902 [INFO]  Epoch[1] Time cost=0.006
2024-04-07 11:55:09,904 [INFO]  Saved checkpoint to "./imputer_model/4_wine/imputer_model_Hue/model-0001.params"
2024-04-07 11:55:09,905 [INFO]  Epoch[1] Validation-cross-entropy=0.749967
2024-04-07 11:55:09,905 [INFO]  Epoch[1] Validation-Hue-accuracy=0.000000
2024-04-07 11:55:09,908 [INFO]  Epoch[2] Batch [0-4]	Speed: 22299.01 samples/sec	cross-entropy=0.628374	Hue-accuracy=3.600000
2024-04-07 11:55:09,911 [INFO]  Epoch[2] Train-cross-entropy=0.700953
2024-04-07 11:55:09,911 [INFO]  Epoch[2] Train-Hue-accuracy=4.000000
2024-04-07 11:55:09,911 [INFO]  Epoch[2] Time cost=0.006
2024-04-07 11:55:09,912 [INFO]  Saved checkpoint to "./imputer_model/4_wine/imputer_model_Hue/model-0002.params"
2024-04-07 11:55:09,913 [INFO]  Epoch[2] Validation-cross-entropy=0.612412
2024-04-07 11:55:09,913 [INFO]  Epoch[2] Validation-Hue-accuracy=0.000000
2024-04-07 11:55:09,916 [INFO]  Epoch[3] Batch [0-4]	Speed: 22142.66 samples/sec	cross-entropy=0.438862	Hue-accuracy=3.600000
2024-04-07 11:55:09,919 [INFO]  Epoch[3] Train-cross-entropy=0.201154
2024-04-07 11:55:09,919 [INFO]  Epoch[3] Train-Hue-accuracy=4.000000
2024-04-07 11:55:09,919 [INFO]  Epoch[3] Time cost=0.006
2024-04-07 11:55:09,920 [INFO]  Saved checkpoint to "./imputer_model/4_wine/imputer_model_Hue/model-0003.params"
2024-04-07 11:55:09,921 [INFO]  Epoch[3] Validation-cross-entropy=0.128746
2024-04-07 11:55:09,921 [INFO]  Epoch[3] Validation-Hue-accuracy=0.000000
2024-04-07 11:55:09,924 [INFO]  Epoch[4] Batch [0-4]	Speed: 21923.84 samples/sec	cross-entropy=0.057401	Hue-accuracy=3.600000
2024-04-07 11:55:09,927 [INFO]  Epoch[4] Train-cross-entropy=0.064702
2024-04-07 11:55:09,927 [INFO]  Epoch[4] Train-Hue-accuracy=4.000000
2024-04-07 11:55:09,927 [INFO]  Epoch[4] Time cost=0.006
2024-04-07 11:55:09,928 [INFO]  Saved checkpoint to "./imputer_model/4_wine/imputer_model_Hue/model-0004.params"
2024-04-07 11:55:09,929 [INFO]  Epoch[4] Validation-cross-entropy=0.099225
2024-04-07 11:55:09,929 [INFO]  Epoch[4] Validation-Hue-accuracy=0.000000
2024-04-07 11:55:09,929 [INFO]  
========== done (0.04262351989746094 s) fit model
2024-04-07 11:55:12,151 [INFO]  
========== start: fit model
2024-04-07 11:55:12,151 [WARNING]  Already bound, ignoring bind()
2024-04-07 11:55:12,160 [INFO]  Epoch[0] Batch [0-4]	Speed: 10736.56 samples/sec	cross-entropy=18.935279	Hue-accuracy=0.000000
2024-04-07 11:55:12,166 [INFO]  Epoch[0] Train-cross-entropy=5.825996
2024-04-07 11:55:12,166 [INFO]  Epoch[0] Train-Hue-accuracy=0.000000
2024-04-07 11:55:12,166 [INFO]  Epoch[0] Time cost=0.014
2024-04-07 11:55:12,169 [INFO]  Saved checkpoint to "./imputer_model/4_wine/imputer_model_Hue/model-0000.params"
2024-04-07 11:55:12,170 [INFO]  Epoch[0] Validation-cross-entropy=6.865624
2024-04-07 11:55:12,170 [INFO]  Epoch[0] Validation-Hue-accuracy=0.000000
2024-04-07 11:55:12,177 [INFO]  Epoch[1] Batch [0-4]	Speed: 13662.23 samples/sec	cross-entropy=2.257939	Hue-accuracy=0.000000
2024-04-07 11:55:12,180 [INFO]  Epoch[1] Train-cross-entropy=1.184734
2024-04-07 11:55:12,180 [INFO]  Epoch[1] Train-Hue-accuracy=0.000000
2024-04-07 11:55:12,180 [INFO]  Epoch[1] Time cost=0.010
2024-04-07 11:55:12,182 [INFO]  Saved checkpoint to "./imputer_model/4_wine/imputer_model_Hue/model-0001.params"
2024-04-07 11:55:12,183 [INFO]  Epoch[1] Validation-cross-entropy=2.917395
2024-04-07 11:55:12,183 [INFO]  Epoch[1] Validation-Hue-accuracy=0.000000
2024-04-07 11:55:12,188 [INFO]  Epoch[2] Batch [0-4]	Speed: 15743.09 samples/sec	cross-entropy=2.146171	Hue-accuracy=0.000000
2024-04-07 11:55:12,191 [INFO]  Epoch[2] Train-cross-entropy=1.127246
2024-04-07 11:55:12,191 [INFO]  Epoch[2] Train-Hue-accuracy=0.000000
2024-04-07 11:55:12,191 [INFO]  Epoch[2] Time cost=0.008
2024-04-07 11:55:12,193 [INFO]  Saved checkpoint to "./imputer_model/4_wine/imputer_model_Hue/model-0002.params"
2024-04-07 11:55:12,193 [INFO]  Epoch[2] Validation-cross-entropy=1.480918
2024-04-07 11:55:12,193 [INFO]  Epoch[2] Validation-Hue-accuracy=0.000000
2024-04-07 11:55:12,198 [INFO]  Epoch[3] Batch [0-4]	Speed: 17536.78 samples/sec	cross-entropy=0.929582	Hue-accuracy=0.000000
2024-04-07 11:55:12,201 [INFO]  Epoch[3] Train-cross-entropy=0.324245
2024-04-07 11:55:12,201 [INFO]  Epoch[3] Train-Hue-accuracy=0.000000
2024-04-07 11:55:12,201 [INFO]  Epoch[3] Time cost=0.007
2024-04-07 11:55:12,202 [INFO]  Saved checkpoint to "./imputer_model/4_wine/imputer_model_Hue/model-0003.params"
2024-04-07 11:55:12,203 [INFO]  Epoch[3] Validation-cross-entropy=0.318087
2024-04-07 11:55:12,203 [INFO]  Epoch[3] Validation-Hue-accuracy=0.000000
2024-04-07 11:55:12,206 [INFO]  Epoch[4] Batch [0-4]	Speed: 26061.69 samples/sec	cross-entropy=0.504829	Hue-accuracy=0.000000
2024-04-07 11:55:12,208 [INFO]  Epoch[4] Train-cross-entropy=0.315255
2024-04-07 11:55:12,208 [INFO]  Epoch[4] Train-Hue-accuracy=0.000000
2024-04-07 11:55:12,208 [INFO]  Epoch[4] Time cost=0.005
2024-04-07 11:55:12,209 [INFO]  Saved checkpoint to "./imputer_model/4_wine/imputer_model_Hue/model-0004.params"
2024-04-07 11:55:12,210 [INFO]  Epoch[4] Validation-cross-entropy=0.478084
2024-04-07 11:55:12,210 [INFO]  Epoch[4] Validation-Hue-accuracy=0.000000
2024-04-07 11:55:12,210 [INFO]  
========== done (0.05889630317687988 s) fit model
2024-04-07 11:55:14,499 [INFO]  
========== start: fit model
2024-04-07 11:55:14,499 [WARNING]  Already bound, ignoring bind()
2024-04-07 11:55:14,506 [INFO]  Epoch[0] Batch [0-4]	Speed: 18421.32 samples/sec	cross-entropy=14.091331	Hue-accuracy=0.000000
2024-04-07 11:55:14,508 [INFO]  Epoch[0] Train-cross-entropy=5.876763
2024-04-07 11:55:14,508 [INFO]  Epoch[0] Train-Hue-accuracy=0.000000
2024-04-07 11:55:14,508 [INFO]  Epoch[0] Time cost=0.008
2024-04-07 11:55:14,510 [INFO]  Saved checkpoint to "./imputer_model/4_wine/imputer_model_Hue/model-0000.params"
2024-04-07 11:55:14,510 [INFO]  Epoch[0] Validation-cross-entropy=1.801032
2024-04-07 11:55:14,511 [INFO]  Epoch[0] Validation-Hue-accuracy=0.000000
2024-04-07 11:55:14,515 [INFO]  Epoch[1] Batch [0-4]	Speed: 19949.13 samples/sec	cross-entropy=2.065134	Hue-accuracy=0.000000
2024-04-07 11:55:14,517 [INFO]  Epoch[1] Train-cross-entropy=2.146235
2024-04-07 11:55:14,517 [INFO]  Epoch[1] Train-Hue-accuracy=0.000000
2024-04-07 11:55:14,517 [INFO]  Epoch[1] Time cost=0.007
2024-04-07 11:55:14,519 [INFO]  Saved checkpoint to "./imputer_model/4_wine/imputer_model_Hue/model-0001.params"
2024-04-07 11:55:14,519 [INFO]  Epoch[1] Validation-cross-entropy=1.178202
2024-04-07 11:55:14,519 [INFO]  Epoch[1] Validation-Hue-accuracy=0.000000
2024-04-07 11:55:14,523 [INFO]  Epoch[2] Batch [0-4]	Speed: 19837.09 samples/sec	cross-entropy=1.273703	Hue-accuracy=0.000000
2024-04-07 11:55:14,526 [INFO]  Epoch[2] Train-cross-entropy=1.151713
2024-04-07 11:55:14,526 [INFO]  Epoch[2] Train-Hue-accuracy=0.000000
2024-04-07 11:55:14,526 [INFO]  Epoch[2] Time cost=0.006
2024-04-07 11:55:14,527 [INFO]  Saved checkpoint to "./imputer_model/4_wine/imputer_model_Hue/model-0002.params"
2024-04-07 11:55:14,528 [INFO]  Epoch[2] Validation-cross-entropy=1.921077
2024-04-07 11:55:14,528 [INFO]  Epoch[2] Validation-Hue-accuracy=0.000000
2024-04-07 11:55:14,532 [INFO]  Epoch[3] Batch [0-4]	Speed: 22031.80 samples/sec	cross-entropy=0.696885	Hue-accuracy=0.000000
2024-04-07 11:55:14,534 [INFO]  Epoch[3] Train-cross-entropy=0.556368
2024-04-07 11:55:14,534 [INFO]  Epoch[3] Train-Hue-accuracy=0.000000
2024-04-07 11:55:14,534 [INFO]  Epoch[3] Time cost=0.006
2024-04-07 11:55:14,536 [INFO]  Saved checkpoint to "./imputer_model/4_wine/imputer_model_Hue/model-0003.params"
2024-04-07 11:55:14,536 [INFO]  Epoch[3] Validation-cross-entropy=0.795517
2024-04-07 11:55:14,536 [INFO]  Epoch[3] Validation-Hue-accuracy=0.000000
2024-04-07 11:55:14,540 [INFO]  Epoch[4] Batch [0-4]	Speed: 21843.56 samples/sec	cross-entropy=0.312119	Hue-accuracy=0.000000
2024-04-07 11:55:14,542 [INFO]  Epoch[4] Train-cross-entropy=0.087598
2024-04-07 11:55:14,542 [INFO]  Epoch[4] Train-Hue-accuracy=0.000000
2024-04-07 11:55:14,542 [INFO]  Epoch[4] Time cost=0.006
2024-04-07 11:55:14,544 [INFO]  Saved checkpoint to "./imputer_model/4_wine/imputer_model_Hue/model-0004.params"
2024-04-07 11:55:14,544 [INFO]  Epoch[4] Validation-cross-entropy=0.084628
2024-04-07 11:55:14,544 [INFO]  Epoch[4] Validation-Hue-accuracy=0.000000
2024-04-07 11:55:14,544 [INFO]  
========== done (0.045194149017333984 s) fit model
2024-04-07 11:55:16,933 [INFO]  
========== start: fit model
2024-04-07 11:55:16,933 [WARNING]  Already bound, ignoring bind()
2024-04-07 11:55:16,939 [INFO]  Epoch[0] Batch [0-4]	Speed: 22241.73 samples/sec	cross-entropy=15.136251	Hue-accuracy=0.000000
2024-04-07 11:55:16,941 [INFO]  Epoch[0] Train-cross-entropy=9.609043
2024-04-07 11:55:16,941 [INFO]  Epoch[0] Train-Hue-accuracy=0.000000
2024-04-07 11:55:16,941 [INFO]  Epoch[0] Time cost=0.007
2024-04-07 11:55:16,942 [INFO]  Saved checkpoint to "./imputer_model/4_wine/imputer_model_Hue/model-0000.params"
2024-04-07 11:55:16,943 [INFO]  Epoch[0] Validation-cross-entropy=0.672592
2024-04-07 11:55:16,943 [INFO]  Epoch[0] Validation-Hue-accuracy=0.000000
2024-04-07 11:55:16,946 [INFO]  Epoch[1] Batch [0-4]	Speed: 24220.47 samples/sec	cross-entropy=1.809351	Hue-accuracy=0.000000
2024-04-07 11:55:16,948 [INFO]  Epoch[1] Train-cross-entropy=2.627908
2024-04-07 11:55:16,949 [INFO]  Epoch[1] Train-Hue-accuracy=0.000000
2024-04-07 11:55:16,949 [INFO]  Epoch[1] Time cost=0.006
2024-04-07 11:55:16,950 [INFO]  Saved checkpoint to "./imputer_model/4_wine/imputer_model_Hue/model-0001.params"
2024-04-07 11:55:16,951 [INFO]  Epoch[1] Validation-cross-entropy=1.290593
2024-04-07 11:55:16,951 [INFO]  Epoch[1] Validation-Hue-accuracy=0.000000
2024-04-07 11:55:16,954 [INFO]  Epoch[2] Batch [0-4]	Speed: 23918.33 samples/sec	cross-entropy=1.405193	Hue-accuracy=0.000000
2024-04-07 11:55:16,956 [INFO]  Epoch[2] Train-cross-entropy=0.943369
2024-04-07 11:55:16,956 [INFO]  Epoch[2] Train-Hue-accuracy=0.000000
2024-04-07 11:55:16,956 [INFO]  Epoch[2] Time cost=0.006
2024-04-07 11:55:16,958 [INFO]  Saved checkpoint to "./imputer_model/4_wine/imputer_model_Hue/model-0002.params"
2024-04-07 11:55:16,958 [INFO]  Epoch[2] Validation-cross-entropy=0.427103
2024-04-07 11:55:16,958 [INFO]  Epoch[2] Validation-Hue-accuracy=0.000000
2024-04-07 11:55:16,962 [INFO]  Epoch[3] Batch [0-4]	Speed: 25441.71 samples/sec	cross-entropy=0.639897	Hue-accuracy=0.000000
2024-04-07 11:55:16,964 [INFO]  Epoch[3] Train-cross-entropy=0.390932
2024-04-07 11:55:16,964 [INFO]  Epoch[3] Train-Hue-accuracy=0.000000
2024-04-07 11:55:16,964 [INFO]  Epoch[3] Time cost=0.005
2024-04-07 11:55:16,965 [INFO]  Saved checkpoint to "./imputer_model/4_wine/imputer_model_Hue/model-0003.params"
2024-04-07 11:55:16,966 [INFO]  Epoch[3] Validation-cross-entropy=0.262114
2024-04-07 11:55:16,966 [INFO]  Epoch[3] Validation-Hue-accuracy=0.000000
2024-04-07 11:55:16,969 [INFO]  Epoch[4] Batch [0-4]	Speed: 25531.24 samples/sec	cross-entropy=0.510678	Hue-accuracy=0.000000
2024-04-07 11:55:16,971 [INFO]  Epoch[4] Train-cross-entropy=0.154212
2024-04-07 11:55:16,971 [INFO]  Epoch[4] Train-Hue-accuracy=0.000000
2024-04-07 11:55:16,971 [INFO]  Epoch[4] Time cost=0.005
2024-04-07 11:55:16,972 [INFO]  Saved checkpoint to "./imputer_model/4_wine/imputer_model_Hue/model-0004.params"
2024-04-07 11:55:16,973 [INFO]  Epoch[4] Validation-cross-entropy=0.079681
2024-04-07 11:55:16,973 [INFO]  Epoch[4] Validation-Hue-accuracy=0.000000
2024-04-07 11:55:16,973 [INFO]  
========== done (0.039830684661865234 s) fit model
2024-04-07 11:55:20,483 [INFO]  
========== start: fit model
2024-04-07 11:55:20,483 [WARNING]  Already bound, ignoring bind()
2024-04-07 11:55:20,491 [INFO]  Epoch[0] Batch [0-4]	Speed: 12162.91 samples/sec	cross-entropy=7.486346	Hue-accuracy=0.000000
2024-04-07 11:55:20,494 [INFO]  Epoch[0] Train-cross-entropy=4.993649
2024-04-07 11:55:20,494 [INFO]  Epoch[0] Train-Hue-accuracy=0.000000
2024-04-07 11:55:20,494 [INFO]  Epoch[0] Time cost=0.009
2024-04-07 11:55:20,500 [INFO]  Saved checkpoint to "./imputer_model/4_wine/imputer_model_Hue/model-0000.params"
2024-04-07 11:55:20,517 [INFO]  Epoch[0] Validation-cross-entropy=3.185295
2024-04-07 11:55:20,518 [INFO]  Epoch[0] Validation-Hue-accuracy=0.000000
2024-04-07 11:55:20,521 [INFO]  Epoch[1] Batch [0-4]	Speed: 26940.53 samples/sec	cross-entropy=1.074566	Hue-accuracy=0.000000
2024-04-07 11:55:20,523 [INFO]  Epoch[1] Train-cross-entropy=0.522976
2024-04-07 11:55:20,523 [INFO]  Epoch[1] Train-Hue-accuracy=0.000000
2024-04-07 11:55:20,523 [INFO]  Epoch[1] Time cost=0.005
2024-04-07 11:55:20,524 [INFO]  Saved checkpoint to "./imputer_model/4_wine/imputer_model_Hue/model-0001.params"
2024-04-07 11:55:20,525 [INFO]  Epoch[1] Validation-cross-entropy=0.719122
2024-04-07 11:55:20,525 [INFO]  Epoch[1] Validation-Hue-accuracy=0.000000
2024-04-07 11:55:20,528 [INFO]  Epoch[2] Batch [0-4]	Speed: 25731.93 samples/sec	cross-entropy=0.605151	Hue-accuracy=0.000000
2024-04-07 11:55:20,530 [INFO]  Epoch[2] Train-cross-entropy=0.611693
2024-04-07 11:55:20,530 [INFO]  Epoch[2] Train-Hue-accuracy=0.000000
2024-04-07 11:55:20,530 [INFO]  Epoch[2] Time cost=0.005
2024-04-07 11:55:20,531 [INFO]  Saved checkpoint to "./imputer_model/4_wine/imputer_model_Hue/model-0002.params"
2024-04-07 11:55:20,532 [INFO]  Epoch[2] Validation-cross-entropy=0.335659
2024-04-07 11:55:20,532 [INFO]  Epoch[2] Validation-Hue-accuracy=0.000000
2024-04-07 11:55:20,547 [INFO]  Epoch[3] Batch [0-4]	Speed: 4422.33 samples/sec	cross-entropy=0.472311	Hue-accuracy=0.000000
2024-04-07 11:55:20,551 [INFO]  Epoch[3] Train-cross-entropy=0.373317
2024-04-07 11:55:20,551 [INFO]  Epoch[3] Train-Hue-accuracy=0.000000
2024-04-07 11:55:20,551 [INFO]  Epoch[3] Time cost=0.019
2024-04-07 11:55:20,553 [INFO]  Saved checkpoint to "./imputer_model/4_wine/imputer_model_Hue/model-0003.params"
2024-04-07 11:55:20,554 [INFO]  Epoch[3] Validation-cross-entropy=0.123885
2024-04-07 11:55:20,554 [INFO]  Epoch[3] Validation-Hue-accuracy=0.000000
2024-04-07 11:55:20,559 [INFO]  Epoch[4] Batch [0-4]	Speed: 14518.66 samples/sec	cross-entropy=0.115216	Hue-accuracy=0.000000
2024-04-07 11:55:20,563 [INFO]  Epoch[4] Train-cross-entropy=0.040470
2024-04-07 11:55:20,563 [INFO]  Epoch[4] Train-Hue-accuracy=0.000000
2024-04-07 11:55:20,563 [INFO]  Epoch[4] Time cost=0.009
2024-04-07 11:55:20,564 [INFO]  Saved checkpoint to "./imputer_model/4_wine/imputer_model_Hue/model-0004.params"
2024-04-07 11:55:20,565 [INFO]  Epoch[4] Validation-cross-entropy=0.094189
2024-04-07 11:55:20,565 [INFO]  Epoch[4] Validation-Hue-accuracy=0.000000
2024-04-07 11:55:20,565 [INFO]  
========== done (0.08172369003295898 s) fit model
2024-04-07 11:55:29,387 [INFO]  
========== start: fit model
2024-04-07 11:55:29,387 [WARNING]  Already bound, ignoring bind()
2024-04-07 11:55:29,652 [INFO]  Epoch[0] Batch [0-4]	Speed: 849.45 samples/sec	cross-entropy=5.046312	Hue-accuracy=0.000000
2024-04-07 11:55:29,656 [INFO]  Epoch[0] Train-cross-entropy=0.892449
2024-04-07 11:55:29,656 [INFO]  Epoch[0] Train-Hue-accuracy=0.000000
2024-04-07 11:55:29,656 [INFO]  Epoch[0] Time cost=0.268
2024-04-07 11:55:29,658 [INFO]  Saved checkpoint to "./imputer_model/4_wine/imputer_model_Hue/model-0000.params"
2024-04-07 11:55:29,659 [INFO]  Epoch[0] Validation-cross-entropy=0.623694
2024-04-07 11:55:29,659 [INFO]  Epoch[0] Validation-Hue-accuracy=0.000000
2024-04-07 11:55:29,666 [INFO]  Epoch[1] Batch [0-4]	Speed: 11609.53 samples/sec	cross-entropy=1.036661	Hue-accuracy=0.000000
2024-04-07 11:55:29,670 [INFO]  Epoch[1] Train-cross-entropy=1.111773
2024-04-07 11:55:29,670 [INFO]  Epoch[1] Train-Hue-accuracy=0.000000
2024-04-07 11:55:29,670 [INFO]  Epoch[1] Time cost=0.011
2024-04-07 11:55:29,672 [INFO]  Saved checkpoint to "./imputer_model/4_wine/imputer_model_Hue/model-0001.params"
2024-04-07 11:55:29,673 [INFO]  Epoch[1] Validation-cross-entropy=0.452955
2024-04-07 11:55:29,673 [INFO]  Epoch[1] Validation-Hue-accuracy=0.000000
2024-04-07 11:55:29,734 [INFO]  Epoch[2] Batch [0-4]	Speed: 1083.97 samples/sec	cross-entropy=0.441017	Hue-accuracy=0.000000
2024-04-07 11:55:29,738 [INFO]  Epoch[2] Train-cross-entropy=0.148208
2024-04-07 11:55:29,738 [INFO]  Epoch[2] Train-Hue-accuracy=0.000000
2024-04-07 11:55:29,738 [INFO]  Epoch[2] Time cost=0.065
2024-04-07 11:55:29,740 [INFO]  Saved checkpoint to "./imputer_model/4_wine/imputer_model_Hue/model-0002.params"
2024-04-07 11:55:29,741 [INFO]  Epoch[2] Validation-cross-entropy=0.043675
2024-04-07 11:55:29,741 [INFO]  Epoch[2] Validation-Hue-accuracy=0.000000
2024-04-07 11:55:29,748 [INFO]  Epoch[3] Batch [0-4]	Speed: 9720.29 samples/sec	cross-entropy=0.229929	Hue-accuracy=0.000000
2024-04-07 11:55:29,754 [INFO]  Epoch[3] Train-cross-entropy=0.122868
2024-04-07 11:55:29,754 [INFO]  Epoch[3] Train-Hue-accuracy=0.000000
2024-04-07 11:55:29,754 [INFO]  Epoch[3] Time cost=0.013
2024-04-07 11:55:29,756 [INFO]  Saved checkpoint to "./imputer_model/4_wine/imputer_model_Hue/model-0003.params"
2024-04-07 11:55:29,757 [INFO]  Epoch[3] Validation-cross-entropy=0.098703
2024-04-07 11:55:29,757 [INFO]  Epoch[3] Validation-Hue-accuracy=0.000000
2024-04-07 11:55:29,761 [INFO]  Epoch[4] Batch [0-4]	Speed: 20090.97 samples/sec	cross-entropy=0.091596	Hue-accuracy=0.000000
2024-04-07 11:55:29,763 [INFO]  Epoch[4] Train-cross-entropy=0.070129
2024-04-07 11:55:29,763 [INFO]  Epoch[4] Train-Hue-accuracy=0.000000
2024-04-07 11:55:29,763 [INFO]  Epoch[4] Time cost=0.007
2024-04-07 11:55:29,766 [INFO]  Saved checkpoint to "./imputer_model/4_wine/imputer_model_Hue/model-0004.params"
2024-04-07 11:55:29,766 [INFO]  Epoch[4] Validation-cross-entropy=0.068083
2024-04-07 11:55:29,767 [INFO]  Epoch[4] Validation-Hue-accuracy=0.000000
2024-04-07 11:55:29,767 [INFO]  
========== done (0.37941598892211914 s) fit model
2024-04-07 11:55:37,556 [INFO]  
========== start: fit model
2024-04-07 11:55:37,556 [WARNING]  Already bound, ignoring bind()
2024-04-07 11:55:37,588 [INFO]  Epoch[0] Batch [0-4]	Speed: 8824.89 samples/sec	cross-entropy=29.661314	Hue-accuracy=0.000000
2024-04-07 11:55:37,590 [INFO]  Epoch[0] Train-cross-entropy=7.247643
2024-04-07 11:55:37,590 [INFO]  Epoch[0] Train-Hue-accuracy=0.000000
2024-04-07 11:55:37,590 [INFO]  Epoch[0] Time cost=0.033
2024-04-07 11:55:37,592 [INFO]  Saved checkpoint to "./imputer_model/4_wine/imputer_model_Hue/model-0000.params"
2024-04-07 11:55:37,596 [INFO]  Epoch[0] Validation-cross-entropy=9.581939
2024-04-07 11:55:37,596 [INFO]  Epoch[0] Validation-Hue-accuracy=0.000000
2024-04-07 11:55:37,614 [INFO]  Epoch[1] Batch [0-4]	Speed: 14893.22 samples/sec	cross-entropy=3.465726	Hue-accuracy=0.000000
2024-04-07 11:55:37,616 [INFO]  Epoch[1] Train-cross-entropy=1.651271
2024-04-07 11:55:37,616 [INFO]  Epoch[1] Train-Hue-accuracy=0.000000
2024-04-07 11:55:37,616 [INFO]  Epoch[1] Time cost=0.020
2024-04-07 11:55:37,618 [INFO]  Saved checkpoint to "./imputer_model/4_wine/imputer_model_Hue/model-0001.params"
2024-04-07 11:55:37,632 [INFO]  Epoch[1] Validation-cross-entropy=1.044582
2024-04-07 11:55:37,632 [INFO]  Epoch[1] Validation-Hue-accuracy=0.000000
2024-04-07 11:55:37,649 [INFO]  Epoch[2] Batch [0-4]	Speed: 18926.56 samples/sec	cross-entropy=2.167325	Hue-accuracy=0.000000
2024-04-07 11:55:37,651 [INFO]  Epoch[2] Train-cross-entropy=1.042162
2024-04-07 11:55:37,651 [INFO]  Epoch[2] Train-Hue-accuracy=0.000000
2024-04-07 11:55:37,651 [INFO]  Epoch[2] Time cost=0.019
2024-04-07 11:55:37,653 [INFO]  Saved checkpoint to "./imputer_model/4_wine/imputer_model_Hue/model-0002.params"
2024-04-07 11:55:37,653 [INFO]  Epoch[2] Validation-cross-entropy=0.280935
2024-04-07 11:55:37,653 [INFO]  Epoch[2] Validation-Hue-accuracy=0.000000
2024-04-07 11:55:37,657 [INFO]  Epoch[3] Batch [0-4]	Speed: 21981.29 samples/sec	cross-entropy=1.008055	Hue-accuracy=0.000000
2024-04-07 11:55:37,659 [INFO]  Epoch[3] Train-cross-entropy=0.444642
2024-04-07 11:55:37,659 [INFO]  Epoch[3] Train-Hue-accuracy=0.000000
2024-04-07 11:55:37,659 [INFO]  Epoch[3] Time cost=0.006
2024-04-07 11:55:37,661 [INFO]  Saved checkpoint to "./imputer_model/4_wine/imputer_model_Hue/model-0003.params"
2024-04-07 11:55:37,661 [INFO]  Epoch[3] Validation-cross-entropy=0.156542
2024-04-07 11:55:37,661 [INFO]  Epoch[3] Validation-Hue-accuracy=0.000000
2024-04-07 11:55:37,670 [INFO]  Epoch[4] Batch [0-4]	Speed: 8516.08 samples/sec	cross-entropy=0.433882	Hue-accuracy=0.000000
2024-04-07 11:55:37,731 [INFO]  Epoch[4] Train-cross-entropy=0.432538
2024-04-07 11:55:37,731 [INFO]  Epoch[4] Train-Hue-accuracy=0.000000
2024-04-07 11:55:37,731 [INFO]  Epoch[4] Time cost=0.070
2024-04-07 11:55:37,735 [INFO]  Saved checkpoint to "./imputer_model/4_wine/imputer_model_Hue/model-0004.params"
2024-04-07 11:55:37,757 [INFO]  Epoch[4] Validation-cross-entropy=0.222319
2024-04-07 11:55:37,757 [INFO]  Epoch[4] Validation-Hue-accuracy=0.000000
2024-04-07 11:55:37,757 [INFO]  
========== done (0.20111989974975586 s) fit model
2024-04-07 11:55:45,952 [INFO]  
========== start: fit model
2024-04-07 11:55:45,953 [WARNING]  Already bound, ignoring bind()
2024-04-07 11:55:45,981 [INFO]  Epoch[0] Batch [0-4]	Speed: 15712.68 samples/sec	cross-entropy=15.723685	Hue-accuracy=2.800000
2024-04-07 11:55:45,983 [INFO]  Epoch[0] Train-cross-entropy=1.585965
2024-04-07 11:55:45,983 [INFO]  Epoch[0] Train-Hue-accuracy=4.666667
2024-04-07 11:55:45,983 [INFO]  Epoch[0] Time cost=0.030
2024-04-07 11:55:45,985 [INFO]  Saved checkpoint to "./imputer_model/4_wine/imputer_model_Hue/model-0000.params"
2024-04-07 11:55:45,986 [INFO]  Epoch[0] Validation-cross-entropy=1.866266
2024-04-07 11:55:45,987 [INFO]  Epoch[0] Validation-Hue-accuracy=0.000000
2024-04-07 11:55:45,990 [INFO]  Epoch[1] Batch [0-4]	Speed: 27027.33 samples/sec	cross-entropy=1.615471	Hue-accuracy=2.800000
2024-04-07 11:55:45,992 [INFO]  Epoch[1] Train-cross-entropy=2.674577
2024-04-07 11:55:45,992 [INFO]  Epoch[1] Train-Hue-accuracy=4.666667
2024-04-07 11:55:45,992 [INFO]  Epoch[1] Time cost=0.006
2024-04-07 11:55:45,994 [INFO]  Saved checkpoint to "./imputer_model/4_wine/imputer_model_Hue/model-0001.params"
2024-04-07 11:55:45,995 [INFO]  Epoch[1] Validation-cross-entropy=4.265192
2024-04-07 11:55:45,995 [INFO]  Epoch[1] Validation-Hue-accuracy=0.000000
2024-04-07 11:55:46,008 [INFO]  Epoch[2] Batch [0-4]	Speed: 14767.05 samples/sec	cross-entropy=1.846008	Hue-accuracy=2.800000
2024-04-07 11:55:46,011 [INFO]  Epoch[2] Train-cross-entropy=1.324828
2024-04-07 11:55:46,011 [INFO]  Epoch[2] Train-Hue-accuracy=4.666667
2024-04-07 11:55:46,011 [INFO]  Epoch[2] Time cost=0.016
2024-04-07 11:55:46,013 [INFO]  Saved checkpoint to "./imputer_model/4_wine/imputer_model_Hue/model-0002.params"
2024-04-07 11:55:46,013 [INFO]  Epoch[2] Validation-cross-entropy=0.816472
2024-04-07 11:55:46,014 [INFO]  Epoch[2] Validation-Hue-accuracy=0.000000
2024-04-07 11:55:46,019 [INFO]  Epoch[3] Batch [0-4]	Speed: 13578.61 samples/sec	cross-entropy=0.434002	Hue-accuracy=2.800000
2024-04-07 11:55:46,098 [INFO]  Epoch[3] Train-cross-entropy=0.267217
2024-04-07 11:55:46,098 [INFO]  Epoch[3] Train-Hue-accuracy=4.666667
2024-04-07 11:55:46,098 [INFO]  Epoch[3] Time cost=0.085
2024-04-07 11:55:46,104 [INFO]  Saved checkpoint to "./imputer_model/4_wine/imputer_model_Hue/model-0003.params"
2024-04-07 11:55:46,167 [INFO]  Epoch[3] Validation-cross-entropy=0.404007
2024-04-07 11:55:46,167 [INFO]  Epoch[3] Validation-Hue-accuracy=0.000000
2024-04-07 11:55:46,238 [INFO]  Epoch[4] Batch [0-4]	Speed: 11564.01 samples/sec	cross-entropy=0.466867	Hue-accuracy=2.800000
2024-04-07 11:55:46,243 [INFO]  Epoch[4] Train-cross-entropy=0.115299
2024-04-07 11:55:46,243 [INFO]  Epoch[4] Train-Hue-accuracy=4.666667
2024-04-07 11:55:46,243 [INFO]  Epoch[4] Time cost=0.076
2024-04-07 11:55:46,245 [INFO]  Saved checkpoint to "./imputer_model/4_wine/imputer_model_Hue/model-0004.params"
2024-04-07 11:55:46,248 [INFO]  Epoch[4] Validation-cross-entropy=0.057957
2024-04-07 11:55:46,248 [INFO]  Epoch[4] Validation-Hue-accuracy=0.000000
2024-04-07 11:55:46,249 [INFO]  
========== done (0.29618048667907715 s) fit model
2024-04-07 11:55:52,943 [INFO]  
========== start: fit model
2024-04-07 11:55:52,943 [WARNING]  Already bound, ignoring bind()
2024-04-07 11:55:53,010 [INFO]  Epoch[0] Batch [0-4]	Speed: 1843.42 samples/sec	cross-entropy=16.244673	Hue-accuracy=4.000000
2024-04-07 11:55:53,012 [INFO]  Epoch[0] Train-cross-entropy=6.062876
2024-04-07 11:55:53,013 [INFO]  Epoch[0] Train-Hue-accuracy=3.666667
2024-04-07 11:55:53,013 [INFO]  Epoch[0] Time cost=0.069
2024-04-07 11:55:53,015 [INFO]  Saved checkpoint to "./imputer_model/4_wine/imputer_model_Hue/model-0000.params"
2024-04-07 11:55:53,015 [INFO]  Epoch[0] Validation-cross-entropy=2.199298
2024-04-07 11:55:53,015 [INFO]  Epoch[0] Validation-Hue-accuracy=0.000000
2024-04-07 11:55:53,023 [INFO]  Epoch[1] Batch [0-4]	Speed: 8977.17 samples/sec	cross-entropy=2.108288	Hue-accuracy=4.000000
2024-04-07 11:55:53,027 [INFO]  Epoch[1] Train-cross-entropy=0.722697
2024-04-07 11:55:53,027 [INFO]  Epoch[1] Train-Hue-accuracy=3.666667
2024-04-07 11:55:53,028 [INFO]  Epoch[1] Time cost=0.012
2024-04-07 11:55:53,029 [INFO]  Saved checkpoint to "./imputer_model/4_wine/imputer_model_Hue/model-0001.params"
2024-04-07 11:55:53,030 [INFO]  Epoch[1] Validation-cross-entropy=0.394419
2024-04-07 11:55:53,030 [INFO]  Epoch[1] Validation-Hue-accuracy=0.000000
2024-04-07 11:55:53,036 [INFO]  Epoch[2] Batch [0-4]	Speed: 13439.92 samples/sec	cross-entropy=0.583719	Hue-accuracy=4.000000
2024-04-07 11:55:53,039 [INFO]  Epoch[2] Train-cross-entropy=0.673446
2024-04-07 11:55:53,039 [INFO]  Epoch[2] Train-Hue-accuracy=3.666667
2024-04-07 11:55:53,039 [INFO]  Epoch[2] Time cost=0.009
2024-04-07 11:55:53,041 [INFO]  Saved checkpoint to "./imputer_model/4_wine/imputer_model_Hue/model-0002.params"
2024-04-07 11:55:53,043 [INFO]  Epoch[2] Validation-cross-entropy=0.578002
2024-04-07 11:55:53,043 [INFO]  Epoch[2] Validation-Hue-accuracy=0.000000
2024-04-07 11:55:53,047 [INFO]  Epoch[3] Batch [0-4]	Speed: 19671.37 samples/sec	cross-entropy=0.965792	Hue-accuracy=4.000000
2024-04-07 11:55:53,050 [INFO]  Epoch[3] Train-cross-entropy=0.519953
2024-04-07 11:55:53,050 [INFO]  Epoch[3] Train-Hue-accuracy=3.666667
2024-04-07 11:55:53,050 [INFO]  Epoch[3] Time cost=0.008
2024-04-07 11:55:53,052 [INFO]  Saved checkpoint to "./imputer_model/4_wine/imputer_model_Hue/model-0003.params"
2024-04-07 11:55:53,053 [INFO]  Epoch[3] Validation-cross-entropy=0.224582
2024-04-07 11:55:53,053 [INFO]  Epoch[3] Validation-Hue-accuracy=0.000000
2024-04-07 11:55:53,060 [INFO]  Epoch[4] Batch [0-4]	Speed: 11998.72 samples/sec	cross-entropy=0.286781	Hue-accuracy=4.000000
2024-04-07 11:55:53,065 [INFO]  Epoch[4] Train-cross-entropy=0.089258
2024-04-07 11:55:53,065 [INFO]  Epoch[4] Train-Hue-accuracy=3.666667
2024-04-07 11:55:53,065 [INFO]  Epoch[4] Time cost=0.012
2024-04-07 11:55:53,067 [INFO]  Saved checkpoint to "./imputer_model/4_wine/imputer_model_Hue/model-0004.params"
2024-04-07 11:55:53,068 [INFO]  Epoch[4] Validation-cross-entropy=0.032384
2024-04-07 11:55:53,068 [INFO]  Epoch[4] Validation-Hue-accuracy=0.000000
2024-04-07 11:55:53,068 [INFO]  
========== done (0.12552905082702637 s) fit model
2024-04-07 11:56:01,090 [INFO]  
========== start: fit model
2024-04-07 11:56:01,090 [WARNING]  Already bound, ignoring bind()
2024-04-07 11:56:01,106 [INFO]  Epoch[0] Batch [0-4]	Speed: 15012.33 samples/sec	cross-entropy=21.608702	Hue-accuracy=4.400000
2024-04-07 11:56:01,184 [INFO]  Epoch[0] Train-cross-entropy=9.705673
2024-04-07 11:56:01,184 [INFO]  Epoch[0] Train-Hue-accuracy=2.000000
2024-04-07 11:56:01,184 [INFO]  Epoch[0] Time cost=0.093
2024-04-07 11:56:01,188 [INFO]  Saved checkpoint to "./imputer_model/4_wine/imputer_model_Hue/model-0000.params"
2024-04-07 11:56:01,193 [INFO]  Epoch[0] Validation-cross-entropy=3.177345
2024-04-07 11:56:01,193 [INFO]  Epoch[0] Validation-Hue-accuracy=0.000000
2024-04-07 11:56:01,211 [INFO]  Epoch[1] Batch [0-4]	Speed: 4045.69 samples/sec	cross-entropy=2.440587	Hue-accuracy=4.400000
2024-04-07 11:56:01,213 [INFO]  Epoch[1] Train-cross-entropy=1.502198
2024-04-07 11:56:01,214 [INFO]  Epoch[1] Train-Hue-accuracy=2.000000
2024-04-07 11:56:01,214 [INFO]  Epoch[1] Time cost=0.020
2024-04-07 11:56:01,215 [INFO]  Saved checkpoint to "./imputer_model/4_wine/imputer_model_Hue/model-0001.params"
2024-04-07 11:56:01,216 [INFO]  Epoch[1] Validation-cross-entropy=1.613282
2024-04-07 11:56:01,216 [INFO]  Epoch[1] Validation-Hue-accuracy=0.000000
2024-04-07 11:56:01,220 [INFO]  Epoch[2] Batch [0-4]	Speed: 19149.34 samples/sec	cross-entropy=2.060834	Hue-accuracy=4.400000
2024-04-07 11:56:01,223 [INFO]  Epoch[2] Train-cross-entropy=1.196554
2024-04-07 11:56:01,223 [INFO]  Epoch[2] Train-Hue-accuracy=2.000000
2024-04-07 11:56:01,223 [INFO]  Epoch[2] Time cost=0.007
2024-04-07 11:56:01,225 [INFO]  Saved checkpoint to "./imputer_model/4_wine/imputer_model_Hue/model-0002.params"
2024-04-07 11:56:01,228 [INFO]  Epoch[2] Validation-cross-entropy=1.066313
2024-04-07 11:56:01,228 [INFO]  Epoch[2] Validation-Hue-accuracy=0.000000
2024-04-07 11:56:01,291 [INFO]  Epoch[3] Batch [0-4]	Speed: 1196.59 samples/sec	cross-entropy=0.536263	Hue-accuracy=4.400000
2024-04-07 11:56:01,293 [INFO]  Epoch[3] Train-cross-entropy=0.560887
2024-04-07 11:56:01,293 [INFO]  Epoch[3] Train-Hue-accuracy=2.000000
2024-04-07 11:56:01,293 [INFO]  Epoch[3] Time cost=0.065
2024-04-07 11:56:01,294 [INFO]  Saved checkpoint to "./imputer_model/4_wine/imputer_model_Hue/model-0003.params"
2024-04-07 11:56:01,295 [INFO]  Epoch[3] Validation-cross-entropy=0.890339
2024-04-07 11:56:01,295 [INFO]  Epoch[3] Validation-Hue-accuracy=0.000000
2024-04-07 11:56:01,300 [INFO]  Epoch[4] Batch [0-4]	Speed: 17411.65 samples/sec	cross-entropy=0.596400	Hue-accuracy=4.400000
2024-04-07 11:56:01,303 [INFO]  Epoch[4] Train-cross-entropy=0.251612
2024-04-07 11:56:01,303 [INFO]  Epoch[4] Train-Hue-accuracy=2.000000
2024-04-07 11:56:01,303 [INFO]  Epoch[4] Time cost=0.008
2024-04-07 11:56:01,305 [INFO]  Saved checkpoint to "./imputer_model/4_wine/imputer_model_Hue/model-0004.params"
2024-04-07 11:56:01,306 [INFO]  Epoch[4] Validation-cross-entropy=0.383277
2024-04-07 11:56:01,306 [INFO]  Epoch[4] Validation-Hue-accuracy=0.000000
2024-04-07 11:56:01,306 [INFO]  
========== done (0.216599702835083 s) fit model
2024-04-07 11:56:09,006 [INFO]  
========== start: fit model
2024-04-07 11:56:09,006 [WARNING]  Already bound, ignoring bind()
2024-04-07 11:56:09,033 [INFO]  Epoch[0] Batch [0-4]	Speed: 18708.91 samples/sec	cross-entropy=18.711299	Hue-accuracy=3.000000
2024-04-07 11:56:09,035 [INFO]  Epoch[0] Train-cross-entropy=7.116477
2024-04-07 11:56:09,035 [INFO]  Epoch[0] Train-Hue-accuracy=4.000000
2024-04-07 11:56:09,035 [INFO]  Epoch[0] Time cost=0.028
2024-04-07 11:56:09,036 [INFO]  Saved checkpoint to "./imputer_model/4_wine/imputer_model_Hue/model-0000.params"
2024-04-07 11:56:09,037 [INFO]  Epoch[0] Validation-cross-entropy=0.480692
2024-04-07 11:56:09,037 [INFO]  Epoch[0] Validation-Hue-accuracy=0.000000
2024-04-07 11:56:09,040 [INFO]  Epoch[1] Batch [0-4]	Speed: 28304.03 samples/sec	cross-entropy=1.783366	Hue-accuracy=3.000000
2024-04-07 11:56:09,042 [INFO]  Epoch[1] Train-cross-entropy=1.357563
2024-04-07 11:56:09,042 [INFO]  Epoch[1] Train-Hue-accuracy=4.000000
2024-04-07 11:56:09,042 [INFO]  Epoch[1] Time cost=0.005
2024-04-07 11:56:09,043 [INFO]  Saved checkpoint to "./imputer_model/4_wine/imputer_model_Hue/model-0001.params"
2024-04-07 11:56:09,044 [INFO]  Epoch[1] Validation-cross-entropy=1.957840
2024-04-07 11:56:09,044 [INFO]  Epoch[1] Validation-Hue-accuracy=0.000000
2024-04-07 11:56:09,048 [INFO]  Epoch[2] Batch [0-4]	Speed: 20016.07 samples/sec	cross-entropy=1.573861	Hue-accuracy=3.000000
2024-04-07 11:56:09,092 [INFO]  Epoch[2] Train-cross-entropy=1.355780
2024-04-07 11:56:09,092 [INFO]  Epoch[2] Train-Hue-accuracy=4.000000
2024-04-07 11:56:09,092 [INFO]  Epoch[2] Time cost=0.048
2024-04-07 11:56:09,094 [INFO]  Saved checkpoint to "./imputer_model/4_wine/imputer_model_Hue/model-0002.params"
2024-04-07 11:56:09,094 [INFO]  Epoch[2] Validation-cross-entropy=0.684764
2024-04-07 11:56:09,094 [INFO]  Epoch[2] Validation-Hue-accuracy=0.000000
2024-04-07 11:56:09,116 [INFO]  Epoch[3] Batch [0-4]	Speed: 3066.82 samples/sec	cross-entropy=0.761736	Hue-accuracy=3.000000
2024-04-07 11:56:09,120 [INFO]  Epoch[3] Train-cross-entropy=0.353613
2024-04-07 11:56:09,120 [INFO]  Epoch[3] Train-Hue-accuracy=4.000000
2024-04-07 11:56:09,120 [INFO]  Epoch[3] Time cost=0.025
2024-04-07 11:56:09,121 [INFO]  Saved checkpoint to "./imputer_model/4_wine/imputer_model_Hue/model-0003.params"
2024-04-07 11:56:09,122 [INFO]  Epoch[3] Validation-cross-entropy=0.244908
2024-04-07 11:56:09,122 [INFO]  Epoch[3] Validation-Hue-accuracy=0.000000
2024-04-07 11:56:09,128 [INFO]  Epoch[4] Batch [0-4]	Speed: 15089.97 samples/sec	cross-entropy=0.305302	Hue-accuracy=3.000000
2024-04-07 11:56:09,131 [INFO]  Epoch[4] Train-cross-entropy=0.291754
2024-04-07 11:56:09,131 [INFO]  Epoch[4] Train-Hue-accuracy=4.000000
2024-04-07 11:56:09,131 [INFO]  Epoch[4] Time cost=0.009
2024-04-07 11:56:09,133 [INFO]  Saved checkpoint to "./imputer_model/4_wine/imputer_model_Hue/model-0004.params"
2024-04-07 11:56:09,133 [INFO]  Epoch[4] Validation-cross-entropy=0.211518
2024-04-07 11:56:09,133 [INFO]  Epoch[4] Validation-Hue-accuracy=0.000000
2024-04-07 11:56:09,133 [INFO]  
========== done (0.12746500968933105 s) fit model
2024-04-07 11:56:16,681 [INFO]  
========== start: fit model
2024-04-07 11:56:16,681 [WARNING]  Already bound, ignoring bind()
2024-04-07 11:56:16,748 [INFO]  Epoch[0] Batch [0-4]	Speed: 10247.19 samples/sec	cross-entropy=47.975994	Hue-accuracy=0.000000
2024-04-07 11:56:16,750 [INFO]  Epoch[0] Train-cross-entropy=33.205554
2024-04-07 11:56:16,750 [INFO]  Epoch[0] Train-Hue-accuracy=0.000000
2024-04-07 11:56:16,750 [INFO]  Epoch[0] Time cost=0.068
2024-04-07 11:56:16,752 [INFO]  Saved checkpoint to "./imputer_model/4_wine/imputer_model_Hue/model-0000.params"
2024-04-07 11:56:16,753 [INFO]  Epoch[0] Validation-cross-entropy=52.855511
2024-04-07 11:56:16,753 [INFO]  Epoch[0] Validation-Hue-accuracy=0.000000
2024-04-07 11:56:16,758 [INFO]  Epoch[1] Batch [0-4]	Speed: 19885.58 samples/sec	cross-entropy=11.214513	Hue-accuracy=0.000000
2024-04-07 11:56:16,944 [INFO]  Epoch[1] Train-cross-entropy=7.140773
2024-04-07 11:56:16,944 [INFO]  Epoch[1] Train-Hue-accuracy=0.000000
2024-04-07 11:56:16,944 [INFO]  Epoch[1] Time cost=0.191
2024-04-07 11:56:16,948 [INFO]  Saved checkpoint to "./imputer_model/4_wine/imputer_model_Hue/model-0001.params"
2024-04-07 11:56:16,969 [INFO]  Epoch[1] Validation-cross-entropy=10.377919
2024-04-07 11:56:16,969 [INFO]  Epoch[1] Validation-Hue-accuracy=0.000000
2024-04-07 11:56:16,975 [INFO]  Epoch[2] Batch [0-4]	Speed: 15670.49 samples/sec	cross-entropy=1.626470	Hue-accuracy=0.000000
2024-04-07 11:56:16,977 [INFO]  Epoch[2] Train-cross-entropy=1.396290
2024-04-07 11:56:16,977 [INFO]  Epoch[2] Train-Hue-accuracy=0.000000
2024-04-07 11:56:16,977 [INFO]  Epoch[2] Time cost=0.008
2024-04-07 11:56:16,979 [INFO]  Saved checkpoint to "./imputer_model/4_wine/imputer_model_Hue/model-0002.params"
2024-04-07 11:56:16,980 [INFO]  Epoch[2] Validation-cross-entropy=1.393545
2024-04-07 11:56:16,980 [INFO]  Epoch[2] Validation-Hue-accuracy=0.000000
2024-04-07 11:56:17,260 [INFO]  Epoch[3] Batch [0-4]	Speed: 229.01 samples/sec	cross-entropy=1.091728	Hue-accuracy=0.000000
2024-04-07 11:56:17,597 [INFO]  Epoch[3] Train-cross-entropy=1.423106
2024-04-07 11:56:17,597 [INFO]  Epoch[3] Train-Hue-accuracy=0.000000
2024-04-07 11:56:17,597 [INFO]  Epoch[3] Time cost=0.617
2024-04-07 11:56:17,598 [INFO]  Saved checkpoint to "./imputer_model/4_wine/imputer_model_Hue/model-0003.params"
2024-04-07 11:56:17,627 [INFO]  Epoch[3] Validation-cross-entropy=1.815039
2024-04-07 11:56:17,627 [INFO]  Epoch[3] Validation-Hue-accuracy=0.000000
2024-04-07 11:56:17,636 [INFO]  Epoch[4] Batch [0-4]	Speed: 14994.72 samples/sec	cross-entropy=1.536288	Hue-accuracy=0.000000
2024-04-07 11:56:17,639 [INFO]  Epoch[4] Train-cross-entropy=0.981174
2024-04-07 11:56:17,639 [INFO]  Epoch[4] Train-Hue-accuracy=0.000000
2024-04-07 11:56:17,639 [INFO]  Epoch[4] Time cost=0.012
2024-04-07 11:56:17,641 [INFO]  Saved checkpoint to "./imputer_model/4_wine/imputer_model_Hue/model-0004.params"
2024-04-07 11:56:17,642 [INFO]  Epoch[4] Validation-cross-entropy=0.761861
2024-04-07 11:56:17,642 [INFO]  Epoch[4] Validation-Hue-accuracy=0.000000
2024-04-07 11:56:17,642 [INFO]  
========== done (0.9609708786010742 s) fit model
2024-04-07 11:56:23,654 [INFO]  
========== start: fit model
2024-04-07 11:56:23,655 [WARNING]  Already bound, ignoring bind()
2024-04-07 11:56:24,143 [INFO]  Epoch[0] Batch [0-4]	Speed: 703.48 samples/sec	cross-entropy=5.520523	Hue-accuracy=0.000000
2024-04-07 11:56:24,145 [INFO]  Epoch[0] Train-cross-entropy=1.533369
2024-04-07 11:56:24,145 [INFO]  Epoch[0] Train-Hue-accuracy=0.000000
2024-04-07 11:56:24,145 [INFO]  Epoch[0] Time cost=0.489
2024-04-07 11:56:24,147 [INFO]  Saved checkpoint to "./imputer_model/4_wine/imputer_model_Hue/model-0000.params"
2024-04-07 11:56:24,147 [INFO]  Epoch[0] Validation-cross-entropy=0.328789
2024-04-07 11:56:24,148 [INFO]  Epoch[0] Validation-Hue-accuracy=0.000000
2024-04-07 11:56:24,179 [INFO]  Epoch[1] Batch [0-4]	Speed: 5843.68 samples/sec	cross-entropy=0.937600	Hue-accuracy=0.000000
2024-04-07 11:56:24,182 [INFO]  Epoch[1] Train-cross-entropy=0.695005
2024-04-07 11:56:24,183 [INFO]  Epoch[1] Train-Hue-accuracy=0.000000
2024-04-07 11:56:24,183 [INFO]  Epoch[1] Time cost=0.035
2024-04-07 11:56:24,185 [INFO]  Saved checkpoint to "./imputer_model/4_wine/imputer_model_Hue/model-0001.params"
2024-04-07 11:56:24,186 [INFO]  Epoch[1] Validation-cross-entropy=0.486159
2024-04-07 11:56:24,186 [INFO]  Epoch[1] Validation-Hue-accuracy=0.000000
2024-04-07 11:56:24,196 [INFO]  Epoch[2] Batch [0-4]	Speed: 7253.25 samples/sec	cross-entropy=0.665452	Hue-accuracy=0.000000
2024-04-07 11:56:24,201 [INFO]  Epoch[2] Train-cross-entropy=0.472750
2024-04-07 11:56:24,201 [INFO]  Epoch[2] Train-Hue-accuracy=0.000000
2024-04-07 11:56:24,201 [INFO]  Epoch[2] Time cost=0.015
2024-04-07 11:56:24,203 [INFO]  Saved checkpoint to "./imputer_model/4_wine/imputer_model_Hue/model-0002.params"
2024-04-07 11:56:24,204 [INFO]  Epoch[2] Validation-cross-entropy=0.233777
2024-04-07 11:56:24,205 [INFO]  Epoch[2] Validation-Hue-accuracy=0.000000
2024-04-07 11:56:24,213 [INFO]  Epoch[3] Batch [0-4]	Speed: 17018.67 samples/sec	cross-entropy=0.286283	Hue-accuracy=0.000000
2024-04-07 11:56:24,217 [INFO]  Epoch[3] Train-cross-entropy=0.046803
2024-04-07 11:56:24,217 [INFO]  Epoch[3] Train-Hue-accuracy=0.000000
2024-04-07 11:56:24,217 [INFO]  Epoch[3] Time cost=0.012
2024-04-07 11:56:24,220 [INFO]  Saved checkpoint to "./imputer_model/4_wine/imputer_model_Hue/model-0003.params"
2024-04-07 11:56:24,221 [INFO]  Epoch[3] Validation-cross-entropy=0.024513
2024-04-07 11:56:24,221 [INFO]  Epoch[3] Validation-Hue-accuracy=0.000000
2024-04-07 11:56:24,229 [INFO]  Epoch[4] Batch [0-4]	Speed: 11362.83 samples/sec	cross-entropy=0.038959	Hue-accuracy=0.000000
2024-04-07 11:56:24,233 [INFO]  Epoch[4] Train-cross-entropy=0.170430
2024-04-07 11:56:24,233 [INFO]  Epoch[4] Train-Hue-accuracy=0.000000
2024-04-07 11:56:24,233 [INFO]  Epoch[4] Time cost=0.012
2024-04-07 11:56:24,235 [INFO]  Saved checkpoint to "./imputer_model/4_wine/imputer_model_Hue/model-0004.params"
2024-04-07 11:56:24,238 [INFO]  Epoch[4] Validation-cross-entropy=0.061232
2024-04-07 11:56:24,238 [INFO]  Epoch[4] Validation-Hue-accuracy=0.000000
2024-04-07 11:56:24,238 [INFO]  
========== done (0.5836033821105957 s) fit model
2024-04-07 11:56:31,462 [INFO]  
========== start: fit model
2024-04-07 11:56:31,462 [WARNING]  Already bound, ignoring bind()
2024-04-07 11:56:31,467 [INFO]  Epoch[0] Batch [0-4]	Speed: 27424.95 samples/sec	cross-entropy=7.654099	Hue-accuracy=3.800000
2024-04-07 11:56:31,474 [INFO]  Epoch[0] Train-cross-entropy=1.238363
2024-04-07 11:56:31,474 [INFO]  Epoch[0] Train-Hue-accuracy=4.000000
2024-04-07 11:56:31,474 [INFO]  Epoch[0] Time cost=0.011
2024-04-07 11:56:31,476 [INFO]  Saved checkpoint to "./imputer_model/4_wine/imputer_model_Hue/model-0000.params"
2024-04-07 11:56:31,484 [INFO]  Epoch[0] Validation-cross-entropy=0.461336
2024-04-07 11:56:31,484 [INFO]  Epoch[0] Validation-Hue-accuracy=0.000000
2024-04-07 11:56:31,503 [INFO]  Epoch[1] Batch [0-4]	Speed: 4453.96 samples/sec	cross-entropy=0.974765	Hue-accuracy=3.800000
2024-04-07 11:56:31,513 [INFO]  Epoch[1] Train-cross-entropy=1.110656
2024-04-07 11:56:31,513 [INFO]  Epoch[1] Train-Hue-accuracy=4.000000
2024-04-07 11:56:31,513 [INFO]  Epoch[1] Time cost=0.029
2024-04-07 11:56:31,514 [INFO]  Saved checkpoint to "./imputer_model/4_wine/imputer_model_Hue/model-0001.params"
2024-04-07 11:56:31,515 [INFO]  Epoch[1] Validation-cross-entropy=0.998828
2024-04-07 11:56:31,515 [INFO]  Epoch[1] Validation-Hue-accuracy=0.000000
2024-04-07 11:56:31,670 [INFO]  Epoch[2] Batch [0-4]	Speed: 416.00 samples/sec	cross-entropy=0.585110	Hue-accuracy=3.800000
2024-04-07 11:56:31,674 [INFO]  Epoch[2] Train-cross-entropy=0.264262
2024-04-07 11:56:31,674 [INFO]  Epoch[2] Train-Hue-accuracy=4.000000
2024-04-07 11:56:31,674 [INFO]  Epoch[2] Time cost=0.159
2024-04-07 11:56:31,676 [INFO]  Saved checkpoint to "./imputer_model/4_wine/imputer_model_Hue/model-0002.params"
2024-04-07 11:56:31,676 [INFO]  Epoch[2] Validation-cross-entropy=0.117697
2024-04-07 11:56:31,676 [INFO]  Epoch[2] Validation-Hue-accuracy=0.000000
2024-04-07 11:56:31,682 [INFO]  Epoch[3] Batch [0-4]	Speed: 15295.47 samples/sec	cross-entropy=0.448241	Hue-accuracy=3.800000
2024-04-07 11:56:31,685 [INFO]  Epoch[3] Train-cross-entropy=0.141861
2024-04-07 11:56:31,685 [INFO]  Epoch[3] Train-Hue-accuracy=4.000000
2024-04-07 11:56:31,685 [INFO]  Epoch[3] Time cost=0.009
2024-04-07 11:56:31,686 [INFO]  Saved checkpoint to "./imputer_model/4_wine/imputer_model_Hue/model-0003.params"
2024-04-07 11:56:31,687 [INFO]  Epoch[3] Validation-cross-entropy=0.048074
2024-04-07 11:56:31,687 [INFO]  Epoch[3] Validation-Hue-accuracy=0.000000
2024-04-07 11:56:31,693 [INFO]  Epoch[4] Batch [0-4]	Speed: 15267.63 samples/sec	cross-entropy=0.047675	Hue-accuracy=3.800000
2024-04-07 11:56:31,696 [INFO]  Epoch[4] Train-cross-entropy=0.096389
2024-04-07 11:56:31,696 [INFO]  Epoch[4] Train-Hue-accuracy=4.000000
2024-04-07 11:56:31,696 [INFO]  Epoch[4] Time cost=0.009
2024-04-07 11:56:31,697 [INFO]  Saved checkpoint to "./imputer_model/4_wine/imputer_model_Hue/model-0004.params"
2024-04-07 11:56:31,698 [INFO]  Epoch[4] Validation-cross-entropy=0.101030
2024-04-07 11:56:31,698 [INFO]  Epoch[4] Validation-Hue-accuracy=0.000000
2024-04-07 11:56:31,698 [INFO]  
========== done (0.2359175682067871 s) fit model
2024-04-07 11:56:37,931 [INFO]  
========== start: fit model
2024-04-07 11:56:37,931 [WARNING]  Already bound, ignoring bind()
2024-04-07 11:56:38,315 [INFO]  Epoch[0] Batch [0-4]	Speed: 558.34 samples/sec	cross-entropy=18.193219	Hue-accuracy=0.000000
2024-04-07 11:56:38,404 [INFO]  Epoch[0] Train-cross-entropy=10.608527
2024-04-07 11:56:38,405 [INFO]  Epoch[0] Train-Hue-accuracy=0.000000
2024-04-07 11:56:38,405 [INFO]  Epoch[0] Time cost=0.473
2024-04-07 11:56:38,407 [INFO]  Saved checkpoint to "./imputer_model/4_wine/imputer_model_Hue/model-0000.params"
2024-04-07 11:56:38,409 [INFO]  Epoch[0] Validation-cross-entropy=0.960319
2024-04-07 11:56:38,409 [INFO]  Epoch[0] Validation-Hue-accuracy=0.000000
2024-04-07 11:56:38,415 [INFO]  Epoch[1] Batch [0-4]	Speed: 14533.59 samples/sec	cross-entropy=1.737326	Hue-accuracy=0.000000
2024-04-07 11:56:38,427 [INFO]  Epoch[1] Train-cross-entropy=1.979731
2024-04-07 11:56:38,427 [INFO]  Epoch[1] Train-Hue-accuracy=0.000000
2024-04-07 11:56:38,428 [INFO]  Epoch[1] Time cost=0.018
2024-04-07 11:56:38,429 [INFO]  Saved checkpoint to "./imputer_model/4_wine/imputer_model_Hue/model-0001.params"
2024-04-07 11:56:38,430 [INFO]  Epoch[1] Validation-cross-entropy=7.046935
2024-04-07 11:56:38,430 [INFO]  Epoch[1] Validation-Hue-accuracy=0.000000
2024-04-07 11:56:38,434 [INFO]  Epoch[2] Batch [0-4]	Speed: 25290.70 samples/sec	cross-entropy=1.557886	Hue-accuracy=0.000000
2024-04-07 11:56:38,436 [INFO]  Epoch[2] Train-cross-entropy=2.101745
2024-04-07 11:56:38,436 [INFO]  Epoch[2] Train-Hue-accuracy=0.000000
2024-04-07 11:56:38,436 [INFO]  Epoch[2] Time cost=0.005
2024-04-07 11:56:38,437 [INFO]  Saved checkpoint to "./imputer_model/4_wine/imputer_model_Hue/model-0002.params"
2024-04-07 11:56:38,438 [INFO]  Epoch[2] Validation-cross-entropy=1.974427
2024-04-07 11:56:38,438 [INFO]  Epoch[2] Validation-Hue-accuracy=0.000000
2024-04-07 11:56:38,444 [INFO]  Epoch[3] Batch [0-4]	Speed: 12906.79 samples/sec	cross-entropy=0.712429	Hue-accuracy=0.000000
2024-04-07 11:56:38,448 [INFO]  Epoch[3] Train-cross-entropy=0.467059
2024-04-07 11:56:38,448 [INFO]  Epoch[3] Train-Hue-accuracy=0.000000
2024-04-07 11:56:38,448 [INFO]  Epoch[3] Time cost=0.010
2024-04-07 11:56:38,450 [INFO]  Saved checkpoint to "./imputer_model/4_wine/imputer_model_Hue/model-0003.params"
2024-04-07 11:56:38,451 [INFO]  Epoch[3] Validation-cross-entropy=0.471349
2024-04-07 11:56:38,451 [INFO]  Epoch[3] Validation-Hue-accuracy=0.000000
2024-04-07 11:56:38,457 [INFO]  Epoch[4] Batch [0-4]	Speed: 14444.44 samples/sec	cross-entropy=0.310067	Hue-accuracy=0.000000
2024-04-07 11:56:38,461 [INFO]  Epoch[4] Train-cross-entropy=0.389584
2024-04-07 11:56:38,461 [INFO]  Epoch[4] Train-Hue-accuracy=0.000000
2024-04-07 11:56:38,461 [INFO]  Epoch[4] Time cost=0.011
2024-04-07 11:56:38,463 [INFO]  Saved checkpoint to "./imputer_model/4_wine/imputer_model_Hue/model-0004.params"
2024-04-07 11:56:38,467 [INFO]  Epoch[4] Validation-cross-entropy=0.436506
2024-04-07 11:56:38,467 [INFO]  Epoch[4] Validation-Hue-accuracy=0.000000
2024-04-07 11:56:38,467 [INFO]  
========== done (0.5361077785491943 s) fit model
2024-04-07 11:56:45,844 [INFO]  
========== start: fit model
2024-04-07 11:56:45,844 [WARNING]  Already bound, ignoring bind()
2024-04-07 11:56:46,112 [INFO]  Epoch[0] Batch [0-4]	Speed: 22336.12 samples/sec	cross-entropy=18.151772	Hue-accuracy=0.000000
2024-04-07 11:56:46,114 [INFO]  Epoch[0] Train-cross-entropy=3.768637
2024-04-07 11:56:46,114 [INFO]  Epoch[0] Train-Hue-accuracy=0.000000
2024-04-07 11:56:46,114 [INFO]  Epoch[0] Time cost=0.269
2024-04-07 11:56:46,115 [INFO]  Saved checkpoint to "./imputer_model/4_wine/imputer_model_Hue/model-0000.params"
2024-04-07 11:56:46,116 [INFO]  Epoch[0] Validation-cross-entropy=2.143893
2024-04-07 11:56:46,116 [INFO]  Epoch[0] Validation-Hue-accuracy=0.000000
2024-04-07 11:56:46,119 [INFO]  Epoch[1] Batch [0-4]	Speed: 28140.84 samples/sec	cross-entropy=1.447947	Hue-accuracy=0.000000
2024-04-07 11:56:46,121 [INFO]  Epoch[1] Train-cross-entropy=0.875738
2024-04-07 11:56:46,121 [INFO]  Epoch[1] Train-Hue-accuracy=0.000000
2024-04-07 11:56:46,121 [INFO]  Epoch[1] Time cost=0.005
2024-04-07 11:56:46,122 [INFO]  Saved checkpoint to "./imputer_model/4_wine/imputer_model_Hue/model-0001.params"
2024-04-07 11:56:46,123 [INFO]  Epoch[1] Validation-cross-entropy=2.247729
2024-04-07 11:56:46,123 [INFO]  Epoch[1] Validation-Hue-accuracy=0.000000
2024-04-07 11:56:46,211 [INFO]  Epoch[2] Batch [0-4]	Speed: 774.66 samples/sec	cross-entropy=1.483047	Hue-accuracy=0.000000
2024-04-07 11:56:46,213 [INFO]  Epoch[2] Train-cross-entropy=1.035529
2024-04-07 11:56:46,213 [INFO]  Epoch[2] Train-Hue-accuracy=0.000000
2024-04-07 11:56:46,213 [INFO]  Epoch[2] Time cost=0.090
2024-04-07 11:56:46,215 [INFO]  Saved checkpoint to "./imputer_model/4_wine/imputer_model_Hue/model-0002.params"
2024-04-07 11:56:46,215 [INFO]  Epoch[2] Validation-cross-entropy=2.122765
2024-04-07 11:56:46,216 [INFO]  Epoch[2] Validation-Hue-accuracy=0.000000
2024-04-07 11:56:46,225 [INFO]  Epoch[3] Batch [0-4]	Speed: 7875.24 samples/sec	cross-entropy=0.588984	Hue-accuracy=0.000000
2024-04-07 11:56:46,242 [INFO]  Epoch[3] Train-cross-entropy=0.349335
2024-04-07 11:56:46,242 [INFO]  Epoch[3] Train-Hue-accuracy=0.000000
2024-04-07 11:56:46,242 [INFO]  Epoch[3] Time cost=0.027
2024-04-07 11:56:46,244 [INFO]  Saved checkpoint to "./imputer_model/4_wine/imputer_model_Hue/model-0003.params"
2024-04-07 11:56:46,314 [INFO]  Epoch[3] Validation-cross-entropy=0.313820
2024-04-07 11:56:46,314 [INFO]  Epoch[3] Validation-Hue-accuracy=0.000000
2024-04-07 11:56:46,322 [INFO]  Epoch[4] Batch [0-4]	Speed: 9564.10 samples/sec	cross-entropy=0.286937	Hue-accuracy=0.000000
2024-04-07 11:56:46,328 [INFO]  Epoch[4] Train-cross-entropy=0.118227
2024-04-07 11:56:46,328 [INFO]  Epoch[4] Train-Hue-accuracy=0.000000
2024-04-07 11:56:46,328 [INFO]  Epoch[4] Time cost=0.014
2024-04-07 11:56:46,330 [INFO]  Saved checkpoint to "./imputer_model/4_wine/imputer_model_Hue/model-0004.params"
2024-04-07 11:56:46,331 [INFO]  Epoch[4] Validation-cross-entropy=0.024292
2024-04-07 11:56:46,331 [INFO]  Epoch[4] Validation-Hue-accuracy=0.000000
2024-04-07 11:56:46,331 [INFO]  
========== done (0.4870274066925049 s) fit model
2024-04-07 11:56:53,259 [INFO]  
========== start: fit model
2024-04-07 11:56:53,259 [WARNING]  Already bound, ignoring bind()
2024-04-07 11:56:53,403 [INFO]  Epoch[0] Batch [0-4]	Speed: 1650.06 samples/sec	cross-entropy=16.415559	Hue-accuracy=3.200000
2024-04-07 11:56:53,528 [INFO]  Epoch[0] Train-cross-entropy=5.995356
2024-04-07 11:56:53,528 [INFO]  Epoch[0] Train-Hue-accuracy=3.000000
2024-04-07 11:56:53,528 [INFO]  Epoch[0] Time cost=0.268
2024-04-07 11:56:53,531 [INFO]  Saved checkpoint to "./imputer_model/4_wine/imputer_model_Hue/model-0000.params"
2024-04-07 11:56:53,536 [INFO]  Epoch[0] Validation-cross-entropy=8.893889
2024-04-07 11:56:53,536 [INFO]  Epoch[0] Validation-Hue-accuracy=0.000000
2024-04-07 11:56:53,540 [INFO]  Epoch[1] Batch [0-4]	Speed: 24418.76 samples/sec	cross-entropy=1.396460	Hue-accuracy=3.200000
2024-04-07 11:56:53,542 [INFO]  Epoch[1] Train-cross-entropy=1.602500
2024-04-07 11:56:53,542 [INFO]  Epoch[1] Train-Hue-accuracy=3.000000
2024-04-07 11:56:53,542 [INFO]  Epoch[1] Time cost=0.006
2024-04-07 11:56:53,543 [INFO]  Saved checkpoint to "./imputer_model/4_wine/imputer_model_Hue/model-0001.params"
2024-04-07 11:56:53,544 [INFO]  Epoch[1] Validation-cross-entropy=1.548628
2024-04-07 11:56:53,544 [INFO]  Epoch[1] Validation-Hue-accuracy=0.000000
2024-04-07 11:56:53,558 [INFO]  Epoch[2] Batch [0-4]	Speed: 4930.76 samples/sec	cross-entropy=1.746543	Hue-accuracy=3.200000
2024-04-07 11:56:53,601 [INFO]  Epoch[2] Train-cross-entropy=1.103141
2024-04-07 11:56:53,601 [INFO]  Epoch[2] Train-Hue-accuracy=3.000000
2024-04-07 11:56:53,601 [INFO]  Epoch[2] Time cost=0.056
2024-04-07 11:56:53,603 [INFO]  Saved checkpoint to "./imputer_model/4_wine/imputer_model_Hue/model-0002.params"
2024-04-07 11:56:53,634 [INFO]  Epoch[2] Validation-cross-entropy=0.618690
2024-04-07 11:56:53,634 [INFO]  Epoch[2] Validation-Hue-accuracy=0.000000
2024-04-07 11:56:53,722 [INFO]  Epoch[3] Batch [0-4]	Speed: 743.22 samples/sec	cross-entropy=0.764236	Hue-accuracy=3.200000
2024-04-07 11:56:53,788 [INFO]  Epoch[3] Train-cross-entropy=0.369801
2024-04-07 11:56:53,788 [INFO]  Epoch[3] Train-Hue-accuracy=3.000000
2024-04-07 11:56:53,788 [INFO]  Epoch[3] Time cost=0.154
2024-04-07 11:56:53,790 [INFO]  Saved checkpoint to "./imputer_model/4_wine/imputer_model_Hue/model-0003.params"
2024-04-07 11:56:53,791 [INFO]  Epoch[3] Validation-cross-entropy=0.343093
2024-04-07 11:56:53,791 [INFO]  Epoch[3] Validation-Hue-accuracy=0.000000
2024-04-07 11:56:53,797 [INFO]  Epoch[4] Batch [0-4]	Speed: 14941.30 samples/sec	cross-entropy=0.201691	Hue-accuracy=3.200000
2024-04-07 11:56:53,801 [INFO]  Epoch[4] Train-cross-entropy=0.162694
2024-04-07 11:56:53,801 [INFO]  Epoch[4] Train-Hue-accuracy=3.000000
2024-04-07 11:56:53,801 [INFO]  Epoch[4] Time cost=0.010
2024-04-07 11:56:53,803 [INFO]  Saved checkpoint to "./imputer_model/4_wine/imputer_model_Hue/model-0004.params"
2024-04-07 11:56:53,803 [INFO]  Epoch[4] Validation-cross-entropy=0.660400
2024-04-07 11:56:53,803 [INFO]  Epoch[4] Validation-Hue-accuracy=0.000000
2024-04-07 11:56:53,803 [INFO]  
========== done (0.5445163249969482 s) fit model
2024-04-07 11:57:00,529 [INFO]  
========== start: fit model
2024-04-07 11:57:00,530 [WARNING]  Already bound, ignoring bind()
2024-04-07 11:57:00,535 [INFO]  Epoch[0] Batch [0-4]	Speed: 21681.24 samples/sec	cross-entropy=6.794916	Hue-accuracy=3.200000
2024-04-07 11:57:00,953 [INFO]  Epoch[0] Train-cross-entropy=0.483114
2024-04-07 11:57:00,953 [INFO]  Epoch[0] Train-Hue-accuracy=3.000000
2024-04-07 11:57:00,953 [INFO]  Epoch[0] Time cost=0.422
2024-04-07 11:57:00,954 [INFO]  Saved checkpoint to "./imputer_model/4_wine/imputer_model_Hue/model-0000.params"
2024-04-07 11:57:00,955 [INFO]  Epoch[0] Validation-cross-entropy=0.801394
2024-04-07 11:57:00,955 [INFO]  Epoch[0] Validation-Hue-accuracy=0.000000
2024-04-07 11:57:00,959 [INFO]  Epoch[1] Batch [0-4]	Speed: 28217.75 samples/sec	cross-entropy=1.931932	Hue-accuracy=3.200000
2024-04-07 11:57:00,961 [INFO]  Epoch[1] Train-cross-entropy=0.630607
2024-04-07 11:57:00,961 [INFO]  Epoch[1] Train-Hue-accuracy=3.000000
2024-04-07 11:57:00,961 [INFO]  Epoch[1] Time cost=0.006
2024-04-07 11:57:00,962 [INFO]  Saved checkpoint to "./imputer_model/4_wine/imputer_model_Hue/model-0001.params"
2024-04-07 11:57:00,963 [INFO]  Epoch[1] Validation-cross-entropy=0.823991
2024-04-07 11:57:00,963 [INFO]  Epoch[1] Validation-Hue-accuracy=0.000000
2024-04-07 11:57:00,978 [INFO]  Epoch[2] Batch [0-4]	Speed: 4306.96 samples/sec	cross-entropy=0.578437	Hue-accuracy=3.200000
2024-04-07 11:57:00,981 [INFO]  Epoch[2] Train-cross-entropy=0.087542
2024-04-07 11:57:00,982 [INFO]  Epoch[2] Train-Hue-accuracy=3.000000
2024-04-07 11:57:00,982 [INFO]  Epoch[2] Time cost=0.019
2024-04-07 11:57:00,983 [INFO]  Saved checkpoint to "./imputer_model/4_wine/imputer_model_Hue/model-0002.params"
2024-04-07 11:57:00,984 [INFO]  Epoch[2] Validation-cross-entropy=0.041165
2024-04-07 11:57:00,984 [INFO]  Epoch[2] Validation-Hue-accuracy=0.000000
2024-04-07 11:57:00,991 [INFO]  Epoch[3] Batch [0-4]	Speed: 10955.65 samples/sec	cross-entropy=0.246437	Hue-accuracy=3.200000
2024-04-07 11:57:00,994 [INFO]  Epoch[3] Train-cross-entropy=0.112579
2024-04-07 11:57:00,994 [INFO]  Epoch[3] Train-Hue-accuracy=3.000000
2024-04-07 11:57:00,994 [INFO]  Epoch[3] Time cost=0.010
2024-04-07 11:57:00,995 [INFO]  Saved checkpoint to "./imputer_model/4_wine/imputer_model_Hue/model-0003.params"
2024-04-07 11:57:00,996 [INFO]  Epoch[3] Validation-cross-entropy=0.081420
2024-04-07 11:57:00,996 [INFO]  Epoch[3] Validation-Hue-accuracy=0.000000
2024-04-07 11:57:01,002 [INFO]  Epoch[4] Batch [0-4]	Speed: 14492.01 samples/sec	cross-entropy=0.092990	Hue-accuracy=3.200000
2024-04-07 11:57:01,005 [INFO]  Epoch[4] Train-cross-entropy=0.052876
2024-04-07 11:57:01,005 [INFO]  Epoch[4] Train-Hue-accuracy=3.000000
2024-04-07 11:57:01,005 [INFO]  Epoch[4] Time cost=0.009
2024-04-07 11:57:01,007 [INFO]  Saved checkpoint to "./imputer_model/4_wine/imputer_model_Hue/model-0004.params"
2024-04-07 11:57:01,007 [INFO]  Epoch[4] Validation-cross-entropy=0.162197
2024-04-07 11:57:01,007 [INFO]  Epoch[4] Validation-Hue-accuracy=0.000000
2024-04-07 11:57:01,008 [INFO]  
========== done (0.47810935974121094 s) fit model
2024-04-07 11:57:08,786 [INFO]  
========== start: fit model
2024-04-07 11:57:08,786 [WARNING]  Already bound, ignoring bind()
2024-04-07 11:57:08,803 [INFO]  Epoch[0] Batch [0-4]	Speed: 25407.99 samples/sec	cross-entropy=12.311858	Hue-accuracy=2.800000
2024-04-07 11:57:08,805 [INFO]  Epoch[0] Train-cross-entropy=4.697904
2024-04-07 11:57:08,805 [INFO]  Epoch[0] Train-Hue-accuracy=4.000000
2024-04-07 11:57:08,805 [INFO]  Epoch[0] Time cost=0.018
2024-04-07 11:57:08,807 [INFO]  Saved checkpoint to "./imputer_model/4_wine/imputer_model_Hue/model-0000.params"
2024-04-07 11:57:08,807 [INFO]  Epoch[0] Validation-cross-entropy=0.824392
2024-04-07 11:57:08,807 [INFO]  Epoch[0] Validation-Hue-accuracy=0.000000
2024-04-07 11:57:08,908 [INFO]  Epoch[1] Batch [0-4]	Speed: 640.88 samples/sec	cross-entropy=1.559468	Hue-accuracy=2.800000
2024-04-07 11:57:09,114 [INFO]  Epoch[1] Train-cross-entropy=0.618835
2024-04-07 11:57:09,114 [INFO]  Epoch[1] Train-Hue-accuracy=4.000000
2024-04-07 11:57:09,114 [INFO]  Epoch[1] Time cost=0.307
2024-04-07 11:57:09,116 [INFO]  Saved checkpoint to "./imputer_model/4_wine/imputer_model_Hue/model-0001.params"
2024-04-07 11:57:09,116 [INFO]  Epoch[1] Validation-cross-entropy=0.709089
2024-04-07 11:57:09,117 [INFO]  Epoch[1] Validation-Hue-accuracy=0.000000
2024-04-07 11:57:09,122 [INFO]  Epoch[2] Batch [0-4]	Speed: 14931.33 samples/sec	cross-entropy=0.674725	Hue-accuracy=2.800000
2024-04-07 11:57:09,129 [INFO]  Epoch[2] Train-cross-entropy=0.850918
2024-04-07 11:57:09,130 [INFO]  Epoch[2] Train-Hue-accuracy=4.000000
2024-04-07 11:57:09,130 [INFO]  Epoch[2] Time cost=0.013
2024-04-07 11:57:09,131 [INFO]  Saved checkpoint to "./imputer_model/4_wine/imputer_model_Hue/model-0002.params"
2024-04-07 11:57:09,137 [INFO]  Epoch[2] Validation-cross-entropy=0.255552
2024-04-07 11:57:09,137 [INFO]  Epoch[2] Validation-Hue-accuracy=0.000000
2024-04-07 11:57:09,165 [INFO]  Epoch[3] Batch [0-4]	Speed: 2741.60 samples/sec	cross-entropy=0.661139	Hue-accuracy=2.800000
2024-04-07 11:57:09,169 [INFO]  Epoch[3] Train-cross-entropy=0.392748
2024-04-07 11:57:09,170 [INFO]  Epoch[3] Train-Hue-accuracy=4.000000
2024-04-07 11:57:09,170 [INFO]  Epoch[3] Time cost=0.032
2024-04-07 11:57:09,172 [INFO]  Saved checkpoint to "./imputer_model/4_wine/imputer_model_Hue/model-0003.params"
2024-04-07 11:57:09,285 [INFO]  Epoch[3] Validation-cross-entropy=0.079131
2024-04-07 11:57:09,285 [INFO]  Epoch[3] Validation-Hue-accuracy=0.000000
2024-04-07 11:57:09,489 [INFO]  Epoch[4] Batch [0-4]	Speed: 8675.72 samples/sec	cross-entropy=0.123346	Hue-accuracy=2.800000
2024-04-07 11:57:09,493 [INFO]  Epoch[4] Train-cross-entropy=0.025765
2024-04-07 11:57:09,493 [INFO]  Epoch[4] Train-Hue-accuracy=4.000000
2024-04-07 11:57:09,493 [INFO]  Epoch[4] Time cost=0.208
2024-04-07 11:57:09,495 [INFO]  Saved checkpoint to "./imputer_model/4_wine/imputer_model_Hue/model-0004.params"
2024-04-07 11:57:09,496 [INFO]  Epoch[4] Validation-cross-entropy=0.027232
2024-04-07 11:57:09,496 [INFO]  Epoch[4] Validation-Hue-accuracy=0.000000
2024-04-07 11:57:09,496 [INFO]  
========== done (0.7101068496704102 s) fit model
2024-04-07 11:57:18,080 [INFO]  
========== start: fit model
2024-04-07 11:57:18,081 [WARNING]  Already bound, ignoring bind()
2024-04-07 11:57:18,164 [INFO]  Epoch[0] Batch [0-4]	Speed: 1150.06 samples/sec	cross-entropy=5.141455	Hue-accuracy=0.000000
2024-04-07 11:57:18,301 [INFO]  Epoch[0] Train-cross-entropy=1.692233
2024-04-07 11:57:18,301 [INFO]  Epoch[0] Train-Hue-accuracy=0.000000
2024-04-07 11:57:18,301 [INFO]  Epoch[0] Time cost=0.219
2024-04-07 11:57:18,304 [INFO]  Saved checkpoint to "./imputer_model/4_wine/imputer_model_Hue/model-0000.params"
2024-04-07 11:57:18,316 [INFO]  Epoch[0] Validation-cross-entropy=0.257453
2024-04-07 11:57:18,316 [INFO]  Epoch[0] Validation-Hue-accuracy=0.000000
2024-04-07 11:57:18,347 [INFO]  Epoch[1] Batch [0-4]	Speed: 2195.36 samples/sec	cross-entropy=0.657170	Hue-accuracy=0.000000
2024-04-07 11:57:18,350 [INFO]  Epoch[1] Train-cross-entropy=1.167114
2024-04-07 11:57:18,350 [INFO]  Epoch[1] Train-Hue-accuracy=0.000000
2024-04-07 11:57:18,350 [INFO]  Epoch[1] Time cost=0.034
2024-04-07 11:57:18,352 [INFO]  Saved checkpoint to "./imputer_model/4_wine/imputer_model_Hue/model-0001.params"
2024-04-07 11:57:18,353 [INFO]  Epoch[1] Validation-cross-entropy=0.384672
2024-04-07 11:57:18,353 [INFO]  Epoch[1] Validation-Hue-accuracy=0.000000
2024-04-07 11:57:18,372 [INFO]  Epoch[2] Batch [0-4]	Speed: 3620.75 samples/sec	cross-entropy=0.656006	Hue-accuracy=0.000000
2024-04-07 11:57:18,374 [INFO]  Epoch[2] Train-cross-entropy=0.391227
2024-04-07 11:57:18,374 [INFO]  Epoch[2] Train-Hue-accuracy=0.000000
2024-04-07 11:57:18,374 [INFO]  Epoch[2] Time cost=0.021
2024-04-07 11:57:18,376 [INFO]  Saved checkpoint to "./imputer_model/4_wine/imputer_model_Hue/model-0002.params"
2024-04-07 11:57:18,377 [INFO]  Epoch[2] Validation-cross-entropy=0.120029
2024-04-07 11:57:18,377 [INFO]  Epoch[2] Validation-Hue-accuracy=0.000000
2024-04-07 11:57:18,381 [INFO]  Epoch[3] Batch [0-4]	Speed: 20792.83 samples/sec	cross-entropy=0.086211	Hue-accuracy=0.000000
2024-04-07 11:57:18,383 [INFO]  Epoch[3] Train-cross-entropy=0.059700
2024-04-07 11:57:18,383 [INFO]  Epoch[3] Train-Hue-accuracy=0.000000
2024-04-07 11:57:18,383 [INFO]  Epoch[3] Time cost=0.007
2024-04-07 11:57:18,385 [INFO]  Saved checkpoint to "./imputer_model/4_wine/imputer_model_Hue/model-0003.params"
2024-04-07 11:57:18,386 [INFO]  Epoch[3] Validation-cross-entropy=0.045508
2024-04-07 11:57:18,386 [INFO]  Epoch[3] Validation-Hue-accuracy=0.000000
2024-04-07 11:57:18,391 [INFO]  Epoch[4] Batch [0-4]	Speed: 16750.00 samples/sec	cross-entropy=0.100455	Hue-accuracy=0.000000
2024-04-07 11:57:18,394 [INFO]  Epoch[4] Train-cross-entropy=0.158531
2024-04-07 11:57:18,394 [INFO]  Epoch[4] Train-Hue-accuracy=0.000000
2024-04-07 11:57:18,394 [INFO]  Epoch[4] Time cost=0.008
2024-04-07 11:57:18,396 [INFO]  Saved checkpoint to "./imputer_model/4_wine/imputer_model_Hue/model-0004.params"
2024-04-07 11:57:18,397 [INFO]  Epoch[4] Validation-cross-entropy=0.053856
2024-04-07 11:57:18,397 [INFO]  Epoch[4] Validation-Hue-accuracy=0.000000
2024-04-07 11:57:18,397 [INFO]  
========== done (0.3170468807220459 s) fit model
2024-04-07 11:57:26,298 [INFO]  
========== start: fit model
2024-04-07 11:57:26,298 [WARNING]  Already bound, ignoring bind()
2024-04-07 11:57:26,355 [INFO]  Epoch[0] Batch [0-4]	Speed: 26013.71 samples/sec	cross-entropy=6.309851	Hue-accuracy=0.000000
2024-04-07 11:57:26,357 [INFO]  Epoch[0] Train-cross-entropy=1.996632
2024-04-07 11:57:26,357 [INFO]  Epoch[0] Train-Hue-accuracy=0.000000
2024-04-07 11:57:26,357 [INFO]  Epoch[0] Time cost=0.058
2024-04-07 11:57:26,358 [INFO]  Saved checkpoint to "./imputer_model/4_wine/imputer_model_Hue/model-0000.params"
2024-04-07 11:57:26,359 [INFO]  Epoch[0] Validation-cross-entropy=0.962001
2024-04-07 11:57:26,359 [INFO]  Epoch[0] Validation-Hue-accuracy=0.000000
2024-04-07 11:57:26,399 [INFO]  Epoch[1] Batch [0-4]	Speed: 1655.46 samples/sec	cross-entropy=2.190979	Hue-accuracy=0.000000
2024-04-07 11:57:26,409 [INFO]  Epoch[1] Train-cross-entropy=1.115632
2024-04-07 11:57:26,409 [INFO]  Epoch[1] Train-Hue-accuracy=0.000000
2024-04-07 11:57:26,409 [INFO]  Epoch[1] Time cost=0.050
2024-04-07 11:57:26,411 [INFO]  Saved checkpoint to "./imputer_model/4_wine/imputer_model_Hue/model-0001.params"
2024-04-07 11:57:26,412 [INFO]  Epoch[1] Validation-cross-entropy=2.908997
2024-04-07 11:57:26,412 [INFO]  Epoch[1] Validation-Hue-accuracy=0.000000
2024-04-07 11:57:26,420 [INFO]  Epoch[2] Batch [0-4]	Speed: 9269.82 samples/sec	cross-entropy=0.935478	Hue-accuracy=0.000000
2024-04-07 11:57:26,423 [INFO]  Epoch[2] Train-cross-entropy=0.477526
2024-04-07 11:57:26,423 [INFO]  Epoch[2] Train-Hue-accuracy=0.000000
2024-04-07 11:57:26,423 [INFO]  Epoch[2] Time cost=0.011
2024-04-07 11:57:26,425 [INFO]  Saved checkpoint to "./imputer_model/4_wine/imputer_model_Hue/model-0002.params"
2024-04-07 11:57:26,428 [INFO]  Epoch[2] Validation-cross-entropy=0.445457
2024-04-07 11:57:26,428 [INFO]  Epoch[2] Validation-Hue-accuracy=0.000000
2024-04-07 11:57:26,433 [INFO]  Epoch[3] Batch [0-4]	Speed: 15561.48 samples/sec	cross-entropy=0.457476	Hue-accuracy=0.000000
2024-04-07 11:57:26,437 [INFO]  Epoch[3] Train-cross-entropy=0.214656
2024-04-07 11:57:26,437 [INFO]  Epoch[3] Train-Hue-accuracy=0.000000
2024-04-07 11:57:26,437 [INFO]  Epoch[3] Time cost=0.009
2024-04-07 11:57:26,439 [INFO]  Saved checkpoint to "./imputer_model/4_wine/imputer_model_Hue/model-0003.params"
2024-04-07 11:57:26,440 [INFO]  Epoch[3] Validation-cross-entropy=0.037713
2024-04-07 11:57:26,440 [INFO]  Epoch[3] Validation-Hue-accuracy=0.000000
2024-04-07 11:57:26,447 [INFO]  Epoch[4] Batch [0-4]	Speed: 13246.26 samples/sec	cross-entropy=0.051651	Hue-accuracy=0.000000
2024-04-07 11:57:26,451 [INFO]  Epoch[4] Train-cross-entropy=0.099589
2024-04-07 11:57:26,451 [INFO]  Epoch[4] Train-Hue-accuracy=0.000000
2024-04-07 11:57:26,451 [INFO]  Epoch[4] Time cost=0.011
2024-04-07 11:57:26,453 [INFO]  Saved checkpoint to "./imputer_model/4_wine/imputer_model_Hue/model-0004.params"
2024-04-07 11:57:26,454 [INFO]  Epoch[4] Validation-cross-entropy=0.046838
2024-04-07 11:57:26,454 [INFO]  Epoch[4] Validation-Hue-accuracy=0.000000
2024-04-07 11:57:26,454 [INFO]  
========== done (0.15561795234680176 s) fit model
2024-04-07 11:57:34,076 [INFO]  
========== start: fit model
2024-04-07 11:57:34,076 [WARNING]  Already bound, ignoring bind()
2024-04-07 11:57:34,200 [INFO]  Epoch[0] Batch [0-4]	Speed: 19381.62 samples/sec	cross-entropy=9.327211	Hue-accuracy=4.000000
2024-04-07 11:57:34,203 [INFO]  Epoch[0] Train-cross-entropy=2.869998
2024-04-07 11:57:34,203 [INFO]  Epoch[0] Train-Hue-accuracy=3.000000
2024-04-07 11:57:34,203 [INFO]  Epoch[0] Time cost=0.126
2024-04-07 11:57:34,205 [INFO]  Saved checkpoint to "./imputer_model/4_wine/imputer_model_Hue/model-0000.params"
2024-04-07 11:57:34,206 [INFO]  Epoch[0] Validation-cross-entropy=0.356219
2024-04-07 11:57:34,206 [INFO]  Epoch[0] Validation-Hue-accuracy=0.000000
2024-04-07 11:57:34,212 [INFO]  Epoch[1] Batch [0-4]	Speed: 12951.63 samples/sec	cross-entropy=1.098983	Hue-accuracy=4.000000
2024-04-07 11:57:34,215 [INFO]  Epoch[1] Train-cross-entropy=1.811966
2024-04-07 11:57:34,215 [INFO]  Epoch[1] Train-Hue-accuracy=3.000000
2024-04-07 11:57:34,215 [INFO]  Epoch[1] Time cost=0.010
2024-04-07 11:57:34,217 [INFO]  Saved checkpoint to "./imputer_model/4_wine/imputer_model_Hue/model-0001.params"
2024-04-07 11:57:34,221 [INFO]  Epoch[1] Validation-cross-entropy=1.727729
2024-04-07 11:57:34,221 [INFO]  Epoch[1] Validation-Hue-accuracy=0.000000
2024-04-07 11:57:34,227 [INFO]  Epoch[2] Batch [0-4]	Speed: 14052.74 samples/sec	cross-entropy=0.774093	Hue-accuracy=4.000000
2024-04-07 11:57:34,234 [INFO]  Epoch[2] Train-cross-entropy=0.296105
2024-04-07 11:57:34,234 [INFO]  Epoch[2] Train-Hue-accuracy=3.000000
2024-04-07 11:57:34,234 [INFO]  Epoch[2] Time cost=0.013
2024-04-07 11:57:34,236 [INFO]  Saved checkpoint to "./imputer_model/4_wine/imputer_model_Hue/model-0002.params"
2024-04-07 11:57:34,240 [INFO]  Epoch[2] Validation-cross-entropy=0.432688
2024-04-07 11:57:34,240 [INFO]  Epoch[2] Validation-Hue-accuracy=0.000000
2024-04-07 11:57:34,246 [INFO]  Epoch[3] Batch [0-4]	Speed: 13880.52 samples/sec	cross-entropy=0.485572	Hue-accuracy=4.000000
2024-04-07 11:57:34,249 [INFO]  Epoch[3] Train-cross-entropy=0.392827
2024-04-07 11:57:34,250 [INFO]  Epoch[3] Train-Hue-accuracy=3.000000
2024-04-07 11:57:34,250 [INFO]  Epoch[3] Time cost=0.009
2024-04-07 11:57:34,251 [INFO]  Saved checkpoint to "./imputer_model/4_wine/imputer_model_Hue/model-0003.params"
2024-04-07 11:57:34,257 [INFO]  Epoch[3] Validation-cross-entropy=0.601651
2024-04-07 11:57:34,257 [INFO]  Epoch[3] Validation-Hue-accuracy=0.000000
2024-04-07 11:57:34,263 [INFO]  Epoch[4] Batch [0-4]	Speed: 14572.25 samples/sec	cross-entropy=0.108570	Hue-accuracy=4.000000
2024-04-07 11:57:34,571 [INFO]  Epoch[4] Train-cross-entropy=0.084524
2024-04-07 11:57:34,571 [INFO]  Epoch[4] Train-Hue-accuracy=3.000000
2024-04-07 11:57:34,571 [INFO]  Epoch[4] Time cost=0.314
2024-04-07 11:57:34,573 [INFO]  Saved checkpoint to "./imputer_model/4_wine/imputer_model_Hue/model-0004.params"
2024-04-07 11:57:34,574 [INFO]  Epoch[4] Validation-cross-entropy=0.050326
2024-04-07 11:57:34,574 [INFO]  Epoch[4] Validation-Hue-accuracy=0.000000
2024-04-07 11:57:34,574 [INFO]  
========== done (0.4983377456665039 s) fit model
2024-04-07 11:57:42,102 [INFO]  
========== start: fit model
2024-04-07 11:57:42,102 [WARNING]  Already bound, ignoring bind()
2024-04-07 11:57:42,119 [INFO]  Epoch[0] Batch [0-4]	Speed: 13589.60 samples/sec	cross-entropy=16.516356	Hue-accuracy=0.000000
2024-04-07 11:57:42,122 [INFO]  Epoch[0] Train-cross-entropy=3.981435
2024-04-07 11:57:42,122 [INFO]  Epoch[0] Train-Hue-accuracy=0.000000
2024-04-07 11:57:42,122 [INFO]  Epoch[0] Time cost=0.010
2024-04-07 11:57:42,123 [INFO]  Saved checkpoint to "./imputer_model/4_wine/imputer_model_Hue/model-0000.params"
2024-04-07 11:57:42,124 [INFO]  Epoch[0] Validation-cross-entropy=2.599448
2024-04-07 11:57:42,124 [INFO]  Epoch[0] Validation-Hue-accuracy=0.000000
2024-04-07 11:57:42,128 [INFO]  Epoch[1] Batch [0-4]	Speed: 21240.34 samples/sec	cross-entropy=2.116111	Hue-accuracy=0.000000
2024-04-07 11:57:42,130 [INFO]  Epoch[1] Train-cross-entropy=1.197354
2024-04-07 11:57:42,130 [INFO]  Epoch[1] Train-Hue-accuracy=0.000000
2024-04-07 11:57:42,130 [INFO]  Epoch[1] Time cost=0.006
2024-04-07 11:57:42,132 [INFO]  Saved checkpoint to "./imputer_model/4_wine/imputer_model_Hue/model-0001.params"
2024-04-07 11:57:42,137 [INFO]  Epoch[1] Validation-cross-entropy=2.547049
2024-04-07 11:57:42,137 [INFO]  Epoch[1] Validation-Hue-accuracy=0.000000
2024-04-07 11:57:42,141 [INFO]  Epoch[2] Batch [0-4]	Speed: 19259.25 samples/sec	cross-entropy=1.299689	Hue-accuracy=0.000000
2024-04-07 11:57:42,143 [INFO]  Epoch[2] Train-cross-entropy=0.804259
2024-04-07 11:57:42,144 [INFO]  Epoch[2] Train-Hue-accuracy=0.000000
2024-04-07 11:57:42,144 [INFO]  Epoch[2] Time cost=0.007
2024-04-07 11:57:42,145 [INFO]  Saved checkpoint to "./imputer_model/4_wine/imputer_model_Hue/model-0002.params"
2024-04-07 11:57:42,146 [INFO]  Epoch[2] Validation-cross-entropy=4.055184
2024-04-07 11:57:42,146 [INFO]  Epoch[2] Validation-Hue-accuracy=0.000000
2024-04-07 11:57:42,150 [INFO]  Epoch[3] Batch [0-4]	Speed: 21233.62 samples/sec	cross-entropy=0.700160	Hue-accuracy=0.000000
2024-04-07 11:57:42,153 [INFO]  Epoch[3] Train-cross-entropy=0.498308
2024-04-07 11:57:42,153 [INFO]  Epoch[3] Train-Hue-accuracy=0.000000
2024-04-07 11:57:42,153 [INFO]  Epoch[3] Time cost=0.006
2024-04-07 11:57:42,154 [INFO]  Saved checkpoint to "./imputer_model/4_wine/imputer_model_Hue/model-0003.params"
2024-04-07 11:57:42,156 [INFO]  Epoch[3] Validation-cross-entropy=0.843628
2024-04-07 11:57:42,156 [INFO]  Epoch[3] Validation-Hue-accuracy=0.000000
2024-04-07 11:57:42,160 [INFO]  Epoch[4] Batch [0-4]	Speed: 20218.08 samples/sec	cross-entropy=0.257763	Hue-accuracy=0.000000
2024-04-07 11:57:42,162 [INFO]  Epoch[4] Train-cross-entropy=0.069588
2024-04-07 11:57:42,162 [INFO]  Epoch[4] Train-Hue-accuracy=0.000000
2024-04-07 11:57:42,162 [INFO]  Epoch[4] Time cost=0.006
2024-04-07 11:57:42,164 [INFO]  Saved checkpoint to "./imputer_model/4_wine/imputer_model_Hue/model-0004.params"
2024-04-07 11:57:42,164 [INFO]  Epoch[4] Validation-cross-entropy=0.063017
2024-04-07 11:57:42,164 [INFO]  Epoch[4] Validation-Hue-accuracy=0.000000
2024-04-07 11:57:42,164 [INFO]  
========== done (0.06240200996398926 s) fit model
2024-04-07 11:57:48,527 [INFO]  
========== start: fit model
2024-04-07 11:57:48,527 [WARNING]  Already bound, ignoring bind()
2024-04-07 11:57:48,655 [INFO]  Epoch[0] Batch [0-4]	Speed: 772.11 samples/sec	cross-entropy=24.236763	Hue-accuracy=0.000000
2024-04-07 11:57:48,658 [INFO]  Epoch[0] Train-cross-entropy=8.884340
2024-04-07 11:57:48,658 [INFO]  Epoch[0] Train-Hue-accuracy=0.000000
2024-04-07 11:57:48,658 [INFO]  Epoch[0] Time cost=0.130
2024-04-07 11:57:48,660 [INFO]  Saved checkpoint to "./imputer_model/4_wine/imputer_model_Hue/model-0000.params"
2024-04-07 11:57:48,665 [INFO]  Epoch[0] Validation-cross-entropy=22.940441
2024-04-07 11:57:48,665 [INFO]  Epoch[0] Validation-Hue-accuracy=0.000000
2024-04-07 11:57:48,677 [INFO]  Epoch[1] Batch [0-4]	Speed: 5598.94 samples/sec	cross-entropy=2.734173	Hue-accuracy=0.000000
2024-04-07 11:57:48,679 [INFO]  Epoch[1] Train-cross-entropy=0.591061
2024-04-07 11:57:48,679 [INFO]  Epoch[1] Train-Hue-accuracy=0.000000
2024-04-07 11:57:48,679 [INFO]  Epoch[1] Time cost=0.015
2024-04-07 11:57:48,681 [INFO]  Saved checkpoint to "./imputer_model/4_wine/imputer_model_Hue/model-0001.params"
2024-04-07 11:57:48,681 [INFO]  Epoch[1] Validation-cross-entropy=0.693136
2024-04-07 11:57:48,681 [INFO]  Epoch[1] Validation-Hue-accuracy=0.000000
2024-04-07 11:57:48,686 [INFO]  Epoch[2] Batch [0-4]	Speed: 19860.57 samples/sec	cross-entropy=0.934963	Hue-accuracy=0.000000
2024-04-07 11:57:48,732 [INFO]  Epoch[2] Train-cross-entropy=1.553221
2024-04-07 11:57:48,732 [INFO]  Epoch[2] Train-Hue-accuracy=0.000000
2024-04-07 11:57:48,732 [INFO]  Epoch[2] Time cost=0.051
2024-04-07 11:57:48,734 [INFO]  Saved checkpoint to "./imputer_model/4_wine/imputer_model_Hue/model-0002.params"
2024-04-07 11:57:48,736 [INFO]  Epoch[2] Validation-cross-entropy=3.441023
2024-04-07 11:57:48,736 [INFO]  Epoch[2] Validation-Hue-accuracy=0.000000
2024-04-07 11:57:48,741 [INFO]  Epoch[3] Batch [0-4]	Speed: 15196.75 samples/sec	cross-entropy=1.302017	Hue-accuracy=0.000000
2024-04-07 11:57:48,745 [INFO]  Epoch[3] Train-cross-entropy=0.819633
2024-04-07 11:57:48,745 [INFO]  Epoch[3] Train-Hue-accuracy=0.000000
2024-04-07 11:57:48,745 [INFO]  Epoch[3] Time cost=0.009
2024-04-07 11:57:48,747 [INFO]  Saved checkpoint to "./imputer_model/4_wine/imputer_model_Hue/model-0003.params"
2024-04-07 11:57:48,747 [INFO]  Epoch[3] Validation-cross-entropy=0.754072
2024-04-07 11:57:48,747 [INFO]  Epoch[3] Validation-Hue-accuracy=0.000000
2024-04-07 11:57:48,753 [INFO]  Epoch[4] Batch [0-4]	Speed: 15159.85 samples/sec	cross-entropy=0.272285	Hue-accuracy=0.000000
2024-04-07 11:57:48,756 [INFO]  Epoch[4] Train-cross-entropy=0.103217
2024-04-07 11:57:48,756 [INFO]  Epoch[4] Train-Hue-accuracy=0.000000
2024-04-07 11:57:48,756 [INFO]  Epoch[4] Time cost=0.009
2024-04-07 11:57:48,765 [INFO]  Saved checkpoint to "./imputer_model/4_wine/imputer_model_Hue/model-0004.params"
2024-04-07 11:57:48,812 [INFO]  Epoch[4] Validation-cross-entropy=0.482847
2024-04-07 11:57:48,812 [INFO]  Epoch[4] Validation-Hue-accuracy=0.000000
2024-04-07 11:57:48,812 [INFO]  
========== done (0.28528714179992676 s) fit model
2024-04-07 11:57:56,491 [INFO]  
========== start: fit model
2024-04-07 11:57:56,491 [WARNING]  Already bound, ignoring bind()
2024-04-07 11:57:56,517 [INFO]  Epoch[0] Batch [0-4]	Speed: 10306.60 samples/sec	cross-entropy=31.668430	Hue-accuracy=0.000000
2024-04-07 11:57:56,521 [INFO]  Epoch[0] Train-cross-entropy=19.876056
2024-04-07 11:57:56,522 [INFO]  Epoch[0] Train-Hue-accuracy=0.000000
2024-04-07 11:57:56,522 [INFO]  Epoch[0] Time cost=0.029
2024-04-07 11:57:56,523 [INFO]  Saved checkpoint to "./imputer_model/4_wine/imputer_model_Hue/model-0000.params"
2024-04-07 11:57:56,554 [INFO]  Epoch[0] Validation-cross-entropy=6.874684
2024-04-07 11:57:56,554 [INFO]  Epoch[0] Validation-Hue-accuracy=0.000000
2024-04-07 11:57:56,562 [INFO]  Epoch[1] Batch [0-4]	Speed: 10326.82 samples/sec	cross-entropy=6.393766	Hue-accuracy=0.000000
2024-04-07 11:57:56,575 [INFO]  Epoch[1] Train-cross-entropy=2.482915
2024-04-07 11:57:56,575 [INFO]  Epoch[1] Train-Hue-accuracy=0.000000
2024-04-07 11:57:56,575 [INFO]  Epoch[1] Time cost=0.021
2024-04-07 11:57:56,579 [INFO]  Saved checkpoint to "./imputer_model/4_wine/imputer_model_Hue/model-0001.params"
2024-04-07 11:57:56,588 [INFO]  Epoch[1] Validation-cross-entropy=2.566967
2024-04-07 11:57:56,588 [INFO]  Epoch[1] Validation-Hue-accuracy=0.000000
2024-04-07 11:57:56,594 [INFO]  Epoch[2] Batch [0-4]	Speed: 13859.74 samples/sec	cross-entropy=2.870506	Hue-accuracy=0.000000
2024-04-07 11:57:56,598 [INFO]  Epoch[2] Train-cross-entropy=1.565324
2024-04-07 11:57:56,598 [INFO]  Epoch[2] Train-Hue-accuracy=0.000000
2024-04-07 11:57:56,598 [INFO]  Epoch[2] Time cost=0.010
2024-04-07 11:57:56,600 [INFO]  Saved checkpoint to "./imputer_model/4_wine/imputer_model_Hue/model-0002.params"
2024-04-07 11:57:56,600 [INFO]  Epoch[2] Validation-cross-entropy=1.431616
2024-04-07 11:57:56,601 [INFO]  Epoch[2] Validation-Hue-accuracy=0.000000
2024-04-07 11:57:56,606 [INFO]  Epoch[3] Batch [0-4]	Speed: 14323.43 samples/sec	cross-entropy=0.713867	Hue-accuracy=0.000000
2024-04-07 11:57:56,610 [INFO]  Epoch[3] Train-cross-entropy=0.460267
2024-04-07 11:57:56,610 [INFO]  Epoch[3] Train-Hue-accuracy=0.000000
2024-04-07 11:57:56,610 [INFO]  Epoch[3] Time cost=0.009
2024-04-07 11:57:56,612 [INFO]  Saved checkpoint to "./imputer_model/4_wine/imputer_model_Hue/model-0003.params"
2024-04-07 11:57:56,612 [INFO]  Epoch[3] Validation-cross-entropy=0.362931
2024-04-07 11:57:56,612 [INFO]  Epoch[3] Validation-Hue-accuracy=0.000000
2024-04-07 11:57:56,618 [INFO]  Epoch[4] Batch [0-4]	Speed: 14505.32 samples/sec	cross-entropy=0.543265	Hue-accuracy=0.000000
2024-04-07 11:57:56,622 [INFO]  Epoch[4] Train-cross-entropy=0.480924
2024-04-07 11:57:56,622 [INFO]  Epoch[4] Train-Hue-accuracy=0.000000
2024-04-07 11:57:56,622 [INFO]  Epoch[4] Time cost=0.010
2024-04-07 11:57:56,624 [INFO]  Saved checkpoint to "./imputer_model/4_wine/imputer_model_Hue/model-0004.params"
2024-04-07 11:57:56,625 [INFO]  Epoch[4] Validation-cross-entropy=0.692672
2024-04-07 11:57:56,625 [INFO]  Epoch[4] Validation-Hue-accuracy=0.000000
2024-04-07 11:57:56,625 [INFO]  
========== done (0.13383936882019043 s) fit model
2024-04-07 11:58:03,477 [INFO]  
========== start: fit model
2024-04-07 11:58:03,477 [WARNING]  Already bound, ignoring bind()
2024-04-07 11:58:03,562 [INFO]  Epoch[0] Batch [0-4]	Speed: 6100.94 samples/sec	cross-entropy=8.841687	Hue-accuracy=0.000000
2024-04-07 11:58:03,566 [INFO]  Epoch[0] Train-cross-entropy=3.285636
2024-04-07 11:58:03,566 [INFO]  Epoch[0] Train-Hue-accuracy=0.000000
2024-04-07 11:58:03,566 [INFO]  Epoch[0] Time cost=0.088
2024-04-07 11:58:03,567 [INFO]  Saved checkpoint to "./imputer_model/4_wine/imputer_model_Hue/model-0000.params"
2024-04-07 11:58:03,568 [INFO]  Epoch[0] Validation-cross-entropy=2.081088
2024-04-07 11:58:03,568 [INFO]  Epoch[0] Validation-Hue-accuracy=0.000000
2024-04-07 11:58:03,574 [INFO]  Epoch[1] Batch [0-4]	Speed: 15349.69 samples/sec	cross-entropy=1.456125	Hue-accuracy=0.000000
2024-04-07 11:58:03,577 [INFO]  Epoch[1] Train-cross-entropy=1.201762
2024-04-07 11:58:03,577 [INFO]  Epoch[1] Train-Hue-accuracy=0.000000
2024-04-07 11:58:03,577 [INFO]  Epoch[1] Time cost=0.009
2024-04-07 11:58:03,579 [INFO]  Saved checkpoint to "./imputer_model/4_wine/imputer_model_Hue/model-0001.params"
2024-04-07 11:58:03,579 [INFO]  Epoch[1] Validation-cross-entropy=0.780329
2024-04-07 11:58:03,579 [INFO]  Epoch[1] Validation-Hue-accuracy=0.000000
2024-04-07 11:58:03,585 [INFO]  Epoch[2] Batch [0-4]	Speed: 14660.59 samples/sec	cross-entropy=1.500180	Hue-accuracy=0.000000
2024-04-07 11:58:03,589 [INFO]  Epoch[2] Train-cross-entropy=0.682769
2024-04-07 11:58:03,589 [INFO]  Epoch[2] Train-Hue-accuracy=0.000000
2024-04-07 11:58:03,589 [INFO]  Epoch[2] Time cost=0.009
2024-04-07 11:58:03,590 [INFO]  Saved checkpoint to "./imputer_model/4_wine/imputer_model_Hue/model-0002.params"
2024-04-07 11:58:03,591 [INFO]  Epoch[2] Validation-cross-entropy=0.159790
2024-04-07 11:58:03,591 [INFO]  Epoch[2] Validation-Hue-accuracy=0.000000
2024-04-07 11:58:03,596 [INFO]  Epoch[3] Batch [0-4]	Speed: 15255.48 samples/sec	cross-entropy=0.233760	Hue-accuracy=0.000000
2024-04-07 11:58:03,599 [INFO]  Epoch[3] Train-cross-entropy=0.167952
2024-04-07 11:58:03,599 [INFO]  Epoch[3] Train-Hue-accuracy=0.000000
2024-04-07 11:58:03,600 [INFO]  Epoch[3] Time cost=0.009
2024-04-07 11:58:03,601 [INFO]  Saved checkpoint to "./imputer_model/4_wine/imputer_model_Hue/model-0003.params"
2024-04-07 11:58:03,602 [INFO]  Epoch[3] Validation-cross-entropy=0.236446
2024-04-07 11:58:03,602 [INFO]  Epoch[3] Validation-Hue-accuracy=0.000000
2024-04-07 11:58:03,611 [INFO]  Epoch[4] Batch [0-4]	Speed: 9196.77 samples/sec	cross-entropy=0.234543	Hue-accuracy=0.000000
2024-04-07 11:58:03,614 [INFO]  Epoch[4] Train-cross-entropy=0.166825
2024-04-07 11:58:03,614 [INFO]  Epoch[4] Train-Hue-accuracy=0.000000
2024-04-07 11:58:03,614 [INFO]  Epoch[4] Time cost=0.012
2024-04-07 11:58:03,616 [INFO]  Saved checkpoint to "./imputer_model/4_wine/imputer_model_Hue/model-0004.params"
2024-04-07 11:58:03,617 [INFO]  Epoch[4] Validation-cross-entropy=0.116253
2024-04-07 11:58:03,617 [INFO]  Epoch[4] Validation-Hue-accuracy=0.000000
2024-04-07 11:58:03,617 [INFO]  
========== done (0.14043831825256348 s) fit model
2024-04-07 11:58:11,678 [INFO]  
========== start: fit model
2024-04-07 11:58:11,678 [WARNING]  Already bound, ignoring bind()
2024-04-07 11:58:11,814 [INFO]  Epoch[0] Batch [0-4]	Speed: 885.05 samples/sec	cross-entropy=20.451079	Hue-accuracy=4.400000
2024-04-07 11:58:11,817 [INFO]  Epoch[0] Train-cross-entropy=4.988836
2024-04-07 11:58:11,817 [INFO]  Epoch[0] Train-Hue-accuracy=2.666667
2024-04-07 11:58:11,817 [INFO]  Epoch[0] Time cost=0.138
2024-04-07 11:58:11,819 [INFO]  Saved checkpoint to "./imputer_model/4_wine/imputer_model_Hue/model-0000.params"
2024-04-07 11:58:11,819 [INFO]  Epoch[0] Validation-cross-entropy=0.501135
2024-04-07 11:58:11,819 [INFO]  Epoch[0] Validation-Hue-accuracy=0.000000
2024-04-07 11:58:11,823 [INFO]  Epoch[1] Batch [0-4]	Speed: 22011.93 samples/sec	cross-entropy=1.241845	Hue-accuracy=4.400000
2024-04-07 11:58:11,825 [INFO]  Epoch[1] Train-cross-entropy=1.711459
2024-04-07 11:58:11,826 [INFO]  Epoch[1] Train-Hue-accuracy=2.666667
2024-04-07 11:58:11,826 [INFO]  Epoch[1] Time cost=0.006
2024-04-07 11:58:11,827 [INFO]  Saved checkpoint to "./imputer_model/4_wine/imputer_model_Hue/model-0001.params"
2024-04-07 11:58:11,828 [INFO]  Epoch[1] Validation-cross-entropy=1.079739
2024-04-07 11:58:11,828 [INFO]  Epoch[1] Validation-Hue-accuracy=0.000000
2024-04-07 11:58:11,832 [INFO]  Epoch[2] Batch [0-4]	Speed: 19823.90 samples/sec	cross-entropy=2.080908	Hue-accuracy=4.400000
2024-04-07 11:58:11,850 [INFO]  Epoch[2] Train-cross-entropy=1.017111
2024-04-07 11:58:11,851 [INFO]  Epoch[2] Train-Hue-accuracy=2.666667
2024-04-07 11:58:11,851 [INFO]  Epoch[2] Time cost=0.023
2024-04-07 11:58:11,852 [INFO]  Saved checkpoint to "./imputer_model/4_wine/imputer_model_Hue/model-0002.params"
2024-04-07 11:58:11,853 [INFO]  Epoch[2] Validation-cross-entropy=0.636373
2024-04-07 11:58:11,853 [INFO]  Epoch[2] Validation-Hue-accuracy=0.000000
2024-04-07 11:58:11,857 [INFO]  Epoch[3] Batch [0-4]	Speed: 18202.72 samples/sec	cross-entropy=0.630360	Hue-accuracy=4.400000
2024-04-07 11:58:11,860 [INFO]  Epoch[3] Train-cross-entropy=0.493687
2024-04-07 11:58:11,861 [INFO]  Epoch[3] Train-Hue-accuracy=2.666667
2024-04-07 11:58:11,861 [INFO]  Epoch[3] Time cost=0.008
2024-04-07 11:58:11,865 [INFO]  Saved checkpoint to "./imputer_model/4_wine/imputer_model_Hue/model-0003.params"
2024-04-07 11:58:11,880 [INFO]  Epoch[3] Validation-cross-entropy=0.048653
2024-04-07 11:58:11,880 [INFO]  Epoch[3] Validation-Hue-accuracy=0.000000
2024-04-07 11:58:11,915 [INFO]  Epoch[4] Batch [0-4]	Speed: 1920.63 samples/sec	cross-entropy=0.247816	Hue-accuracy=4.400000
2024-04-07 11:58:11,918 [INFO]  Epoch[4] Train-cross-entropy=0.379162
2024-04-07 11:58:11,918 [INFO]  Epoch[4] Train-Hue-accuracy=2.666667
2024-04-07 11:58:11,918 [INFO]  Epoch[4] Time cost=0.038
2024-04-07 11:58:11,919 [INFO]  Saved checkpoint to "./imputer_model/4_wine/imputer_model_Hue/model-0004.params"
2024-04-07 11:58:11,920 [INFO]  Epoch[4] Validation-cross-entropy=0.068161
2024-04-07 11:58:11,920 [INFO]  Epoch[4] Validation-Hue-accuracy=0.000000
2024-04-07 11:58:11,920 [INFO]  
========== done (0.2422020435333252 s) fit model
2024-04-07 11:58:21,049 [INFO]  
========== start: fit model
2024-04-07 11:58:21,049 [WARNING]  Already bound, ignoring bind()
2024-04-07 11:58:21,079 [INFO]  Epoch[0] Batch [0-4]	Speed: 21136.65 samples/sec	cross-entropy=13.757666	Hue-accuracy=0.000000
2024-04-07 11:58:21,082 [INFO]  Epoch[0] Train-cross-entropy=5.976406
2024-04-07 11:58:21,082 [INFO]  Epoch[0] Train-Hue-accuracy=0.000000
2024-04-07 11:58:21,082 [INFO]  Epoch[0] Time cost=0.032
2024-04-07 11:58:21,083 [INFO]  Saved checkpoint to "./imputer_model/4_wine/imputer_model_Hue/model-0000.params"
2024-04-07 11:58:21,113 [INFO]  Epoch[0] Validation-cross-entropy=4.267860
2024-04-07 11:58:21,113 [INFO]  Epoch[0] Validation-Hue-accuracy=0.000000
2024-04-07 11:58:21,116 [INFO]  Epoch[1] Batch [0-4]	Speed: 27918.40 samples/sec	cross-entropy=2.056066	Hue-accuracy=0.000000
2024-04-07 11:58:21,118 [INFO]  Epoch[1] Train-cross-entropy=2.086868
2024-04-07 11:58:21,118 [INFO]  Epoch[1] Train-Hue-accuracy=0.000000
2024-04-07 11:58:21,118 [INFO]  Epoch[1] Time cost=0.005
2024-04-07 11:58:21,120 [INFO]  Saved checkpoint to "./imputer_model/4_wine/imputer_model_Hue/model-0001.params"
2024-04-07 11:58:21,120 [INFO]  Epoch[1] Validation-cross-entropy=3.951323
2024-04-07 11:58:21,120 [INFO]  Epoch[1] Validation-Hue-accuracy=0.000000
2024-04-07 11:58:21,123 [INFO]  Epoch[2] Batch [0-4]	Speed: 27008.30 samples/sec	cross-entropy=1.427111	Hue-accuracy=0.000000
2024-04-07 11:58:21,125 [INFO]  Epoch[2] Train-cross-entropy=0.923065
2024-04-07 11:58:21,125 [INFO]  Epoch[2] Train-Hue-accuracy=0.000000
2024-04-07 11:58:21,125 [INFO]  Epoch[2] Time cost=0.005
2024-04-07 11:58:21,126 [INFO]  Saved checkpoint to "./imputer_model/4_wine/imputer_model_Hue/model-0002.params"
2024-04-07 11:58:21,127 [INFO]  Epoch[2] Validation-cross-entropy=0.511023
2024-04-07 11:58:21,127 [INFO]  Epoch[2] Validation-Hue-accuracy=0.000000
2024-04-07 11:58:21,130 [INFO]  Epoch[3] Batch [0-4]	Speed: 28998.10 samples/sec	cross-entropy=0.545687	Hue-accuracy=0.000000
2024-04-07 11:58:21,132 [INFO]  Epoch[3] Train-cross-entropy=0.483104
2024-04-07 11:58:21,132 [INFO]  Epoch[3] Train-Hue-accuracy=0.000000
2024-04-07 11:58:21,132 [INFO]  Epoch[3] Time cost=0.005
2024-04-07 11:58:21,136 [INFO]  Saved checkpoint to "./imputer_model/4_wine/imputer_model_Hue/model-0003.params"
2024-04-07 11:58:21,211 [INFO]  Epoch[3] Validation-cross-entropy=0.631065
2024-04-07 11:58:21,211 [INFO]  Epoch[3] Validation-Hue-accuracy=0.000000
2024-04-07 11:58:21,245 [INFO]  Epoch[4] Batch [0-4]	Speed: 1994.10 samples/sec	cross-entropy=0.335963	Hue-accuracy=0.000000
2024-04-07 11:58:21,247 [INFO]  Epoch[4] Train-cross-entropy=0.169002
2024-04-07 11:58:21,247 [INFO]  Epoch[4] Train-Hue-accuracy=0.000000
2024-04-07 11:58:21,247 [INFO]  Epoch[4] Time cost=0.036
2024-04-07 11:58:21,249 [INFO]  Saved checkpoint to "./imputer_model/4_wine/imputer_model_Hue/model-0004.params"
2024-04-07 11:58:21,249 [INFO]  Epoch[4] Validation-cross-entropy=0.099098
2024-04-07 11:58:21,250 [INFO]  Epoch[4] Validation-Hue-accuracy=0.000000
2024-04-07 11:58:21,250 [INFO]  
========== done (0.20104622840881348 s) fit model
2024-04-07 11:58:28,895 [INFO]  
========== start: fit model
2024-04-07 11:58:28,895 [WARNING]  Already bound, ignoring bind()
2024-04-07 11:58:28,910 [INFO]  Epoch[0] Batch [0-4]	Speed: 16910.39 samples/sec	cross-entropy=4.099190	Hue-accuracy=4.200000
2024-04-07 11:58:28,913 [INFO]  Epoch[0] Train-cross-entropy=1.309447
2024-04-07 11:58:28,913 [INFO]  Epoch[0] Train-Hue-accuracy=2.333333
2024-04-07 11:58:28,913 [INFO]  Epoch[0] Time cost=0.017
2024-04-07 11:58:28,915 [INFO]  Saved checkpoint to "./imputer_model/4_wine/imputer_model_Hue/model-0000.params"
2024-04-07 11:58:28,916 [INFO]  Epoch[0] Validation-cross-entropy=0.697431
2024-04-07 11:58:28,916 [INFO]  Epoch[0] Validation-Hue-accuracy=0.000000
2024-04-07 11:58:28,920 [INFO]  Epoch[1] Batch [0-4]	Speed: 18392.29 samples/sec	cross-entropy=0.796092	Hue-accuracy=4.200000
2024-04-07 11:58:28,944 [INFO]  Epoch[1] Train-cross-entropy=0.454078
2024-04-07 11:58:28,944 [INFO]  Epoch[1] Train-Hue-accuracy=2.333333
2024-04-07 11:58:28,944 [INFO]  Epoch[1] Time cost=0.028
2024-04-07 11:58:29,023 [INFO]  Saved checkpoint to "./imputer_model/4_wine/imputer_model_Hue/model-0001.params"
2024-04-07 11:58:29,120 [INFO]  Epoch[1] Validation-cross-entropy=0.223068
2024-04-07 11:58:29,120 [INFO]  Epoch[1] Validation-Hue-accuracy=0.000000
2024-04-07 11:58:29,285 [INFO]  Epoch[2] Batch [0-4]	Speed: 1918.48 samples/sec	cross-entropy=0.607750	Hue-accuracy=4.200000
2024-04-07 11:58:29,296 [INFO]  Epoch[2] Train-cross-entropy=0.162510
2024-04-07 11:58:29,296 [INFO]  Epoch[2] Train-Hue-accuracy=2.333333
2024-04-07 11:58:29,296 [INFO]  Epoch[2] Time cost=0.176
2024-04-07 11:58:29,298 [INFO]  Saved checkpoint to "./imputer_model/4_wine/imputer_model_Hue/model-0002.params"
2024-04-07 11:58:29,299 [INFO]  Epoch[2] Validation-cross-entropy=0.019488
2024-04-07 11:58:29,299 [INFO]  Epoch[2] Validation-Hue-accuracy=0.000000
2024-04-07 11:58:29,304 [INFO]  Epoch[3] Batch [0-4]	Speed: 15351.45 samples/sec	cross-entropy=0.047037	Hue-accuracy=4.200000
2024-04-07 11:58:29,307 [INFO]  Epoch[3] Train-cross-entropy=0.036243
2024-04-07 11:58:29,307 [INFO]  Epoch[3] Train-Hue-accuracy=2.333333
2024-04-07 11:58:29,307 [INFO]  Epoch[3] Time cost=0.009
2024-04-07 11:58:29,309 [INFO]  Saved checkpoint to "./imputer_model/4_wine/imputer_model_Hue/model-0003.params"
2024-04-07 11:58:29,309 [INFO]  Epoch[3] Validation-cross-entropy=0.065402
2024-04-07 11:58:29,310 [INFO]  Epoch[3] Validation-Hue-accuracy=0.000000
2024-04-07 11:58:29,315 [INFO]  Epoch[4] Batch [0-4]	Speed: 15414.04 samples/sec	cross-entropy=0.122813	Hue-accuracy=4.200000
2024-04-07 11:58:29,318 [INFO]  Epoch[4] Train-cross-entropy=0.044302
2024-04-07 11:58:29,318 [INFO]  Epoch[4] Train-Hue-accuracy=2.333333
2024-04-07 11:58:29,318 [INFO]  Epoch[4] Time cost=0.009
2024-04-07 11:58:29,320 [INFO]  Saved checkpoint to "./imputer_model/4_wine/imputer_model_Hue/model-0004.params"
2024-04-07 11:58:29,320 [INFO]  Epoch[4] Validation-cross-entropy=0.026353
2024-04-07 11:58:29,320 [INFO]  Epoch[4] Validation-Hue-accuracy=0.000000
2024-04-07 11:58:29,320 [INFO]  
========== done (0.42514824867248535 s) fit model
2024-04-07 11:58:36,376 [INFO]  
========== start: fit model
2024-04-07 11:58:36,377 [WARNING]  Already bound, ignoring bind()
2024-04-07 11:58:36,721 [INFO]  Epoch[0] Batch [0-4]	Speed: 234.76 samples/sec	cross-entropy=25.674881	Hue-accuracy=0.000000
2024-04-07 11:58:36,805 [INFO]  Epoch[0] Train-cross-entropy=7.724314
2024-04-07 11:58:36,806 [INFO]  Epoch[0] Train-Hue-accuracy=0.000000
2024-04-07 11:58:36,806 [INFO]  Epoch[0] Time cost=0.428
2024-04-07 11:58:36,816 [INFO]  Saved checkpoint to "./imputer_model/4_wine/imputer_model_Hue/model-0000.params"
2024-04-07 11:58:36,818 [INFO]  Epoch[0] Validation-cross-entropy=2.280267
2024-04-07 11:58:36,818 [INFO]  Epoch[0] Validation-Hue-accuracy=0.000000
2024-04-07 11:58:36,822 [INFO]  Epoch[1] Batch [0-4]	Speed: 21153.31 samples/sec	cross-entropy=3.901034	Hue-accuracy=0.000000
2024-04-07 11:58:36,824 [INFO]  Epoch[1] Train-cross-entropy=2.533130
2024-04-07 11:58:36,824 [INFO]  Epoch[1] Train-Hue-accuracy=0.000000
2024-04-07 11:58:36,824 [INFO]  Epoch[1] Time cost=0.007
2024-04-07 11:58:36,826 [INFO]  Saved checkpoint to "./imputer_model/4_wine/imputer_model_Hue/model-0001.params"
2024-04-07 11:58:36,831 [INFO]  Epoch[1] Validation-cross-entropy=1.049682
2024-04-07 11:58:36,831 [INFO]  Epoch[1] Validation-Hue-accuracy=0.000000
2024-04-07 11:58:36,849 [INFO]  Epoch[2] Batch [0-4]	Speed: 13862.60 samples/sec	cross-entropy=1.443098	Hue-accuracy=0.000000
2024-04-07 11:58:36,852 [INFO]  Epoch[2] Train-cross-entropy=0.647608
2024-04-07 11:58:36,852 [INFO]  Epoch[2] Train-Hue-accuracy=0.000000
2024-04-07 11:58:36,852 [INFO]  Epoch[2] Time cost=0.022
2024-04-07 11:58:36,854 [INFO]  Saved checkpoint to "./imputer_model/4_wine/imputer_model_Hue/model-0002.params"
2024-04-07 11:58:36,857 [INFO]  Epoch[2] Validation-cross-entropy=0.760929
2024-04-07 11:58:36,857 [INFO]  Epoch[2] Validation-Hue-accuracy=0.000000
2024-04-07 11:58:37,085 [INFO]  Epoch[3] Batch [0-4]	Speed: 1971.24 samples/sec	cross-entropy=0.578078	Hue-accuracy=0.000000
2024-04-07 11:58:37,088 [INFO]  Epoch[3] Train-cross-entropy=0.449457
2024-04-07 11:58:37,088 [INFO]  Epoch[3] Train-Hue-accuracy=0.000000
2024-04-07 11:58:37,089 [INFO]  Epoch[3] Time cost=0.231
2024-04-07 11:58:37,090 [INFO]  Saved checkpoint to "./imputer_model/4_wine/imputer_model_Hue/model-0003.params"
2024-04-07 11:58:37,091 [INFO]  Epoch[3] Validation-cross-entropy=0.144018
2024-04-07 11:58:37,091 [INFO]  Epoch[3] Validation-Hue-accuracy=0.000000
2024-04-07 11:58:37,095 [INFO]  Epoch[4] Batch [0-4]	Speed: 21594.04 samples/sec	cross-entropy=0.455162	Hue-accuracy=0.000000
2024-04-07 11:58:37,149 [INFO]  Epoch[4] Train-cross-entropy=0.435711
2024-04-07 11:58:37,150 [INFO]  Epoch[4] Train-Hue-accuracy=0.000000
2024-04-07 11:58:37,150 [INFO]  Epoch[4] Time cost=0.059
2024-04-07 11:58:37,151 [INFO]  Saved checkpoint to "./imputer_model/4_wine/imputer_model_Hue/model-0004.params"
2024-04-07 11:58:37,152 [INFO]  Epoch[4] Validation-cross-entropy=0.170634
2024-04-07 11:58:37,152 [INFO]  Epoch[4] Validation-Hue-accuracy=0.000000
2024-04-07 11:58:37,152 [INFO]  
========== done (0.7760715484619141 s) fit model
