2024-03-19 17:20:35,147 [INFO]  
========== start: fit model
2024-03-19 17:20:35,147 [WARNING]  Already bound, ignoring bind()
2024-03-19 17:20:35,571 [INFO]  Epoch[0] Batch [0-733]	Speed: 27807.56 samples/sec	cross-entropy=0.291554	marital-status-accuracy=0.000000
2024-03-19 17:20:35,974 [INFO]  Epoch[0] Train-cross-entropy=0.188957
2024-03-19 17:20:35,975 [INFO]  Epoch[0] Train-marital-status-accuracy=0.000000
2024-03-19 17:20:35,975 [INFO]  Epoch[0] Time cost=0.826
2024-03-19 17:20:35,976 [INFO]  Saved checkpoint to "./imputer_model/3_adult/imputer_model_marital-status/model-0000.params"
2024-03-19 17:20:36,013 [INFO]  Epoch[0] Validation-cross-entropy=0.006802
2024-03-19 17:20:36,013 [INFO]  Epoch[0] Validation-marital-status-accuracy=0.000000
2024-03-19 17:20:36,419 [INFO]  Epoch[1] Batch [0-733]	Speed: 28948.98 samples/sec	cross-entropy=0.001743	marital-status-accuracy=0.000000
2024-03-19 17:20:36,826 [INFO]  Epoch[1] Train-cross-entropy=0.110151
2024-03-19 17:20:36,826 [INFO]  Epoch[1] Train-marital-status-accuracy=0.000000
2024-03-19 17:20:36,826 [INFO]  Epoch[1] Time cost=0.813
2024-03-19 17:20:36,827 [INFO]  Saved checkpoint to "./imputer_model/3_adult/imputer_model_marital-status/model-0001.params"
2024-03-19 17:20:36,863 [INFO]  Epoch[1] Validation-cross-entropy=0.019342
2024-03-19 17:20:36,863 [INFO]  Epoch[1] Validation-marital-status-accuracy=0.000000
2024-03-19 17:20:37,282 [INFO]  Epoch[2] Batch [0-733]	Speed: 28095.09 samples/sec	cross-entropy=0.006022	marital-status-accuracy=0.000000
2024-03-19 17:20:37,686 [INFO]  Epoch[2] Train-cross-entropy=0.030180
2024-03-19 17:20:37,686 [INFO]  Epoch[2] Train-marital-status-accuracy=0.000000
2024-03-19 17:20:37,686 [INFO]  Epoch[2] Time cost=0.823
2024-03-19 17:20:37,688 [INFO]  Saved checkpoint to "./imputer_model/3_adult/imputer_model_marital-status/model-0002.params"
2024-03-19 17:20:37,724 [INFO]  Epoch[2] Validation-cross-entropy=0.067587
2024-03-19 17:20:37,724 [INFO]  Epoch[2] Validation-marital-status-accuracy=0.000000
2024-03-19 17:20:38,129 [INFO]  Epoch[3] Batch [0-733]	Speed: 29024.73 samples/sec	cross-entropy=0.012964	marital-status-accuracy=0.000000
2024-03-19 17:20:38,536 [INFO]  Epoch[3] Train-cross-entropy=0.039863
2024-03-19 17:20:38,536 [INFO]  Epoch[3] Train-marital-status-accuracy=0.000000
2024-03-19 17:20:38,537 [INFO]  Epoch[3] Time cost=0.812
2024-03-19 17:20:38,538 [INFO]  Saved checkpoint to "./imputer_model/3_adult/imputer_model_marital-status/model-0003.params"
2024-03-19 17:20:38,574 [INFO]  Epoch[3] Validation-cross-entropy=0.006312
2024-03-19 17:20:38,574 [INFO]  Epoch[3] Validation-marital-status-accuracy=0.000000
2024-03-19 17:20:38,982 [INFO]  Epoch[4] Batch [0-733]	Speed: 28840.13 samples/sec	cross-entropy=0.004237	marital-status-accuracy=0.000000
2024-03-19 17:20:39,408 [INFO]  Epoch[4] Train-cross-entropy=0.022866
2024-03-19 17:20:39,408 [INFO]  Epoch[4] Train-marital-status-accuracy=0.000000
2024-03-19 17:20:39,408 [INFO]  Epoch[4] Time cost=0.833
2024-03-19 17:20:39,409 [INFO]  Saved checkpoint to "./imputer_model/3_adult/imputer_model_marital-status/model-0004.params"
2024-03-19 17:20:39,454 [INFO]  Epoch[4] Validation-cross-entropy=0.016635
2024-03-19 17:20:39,455 [INFO]  Epoch[4] Validation-marital-status-accuracy=0.000000
2024-03-19 17:20:39,455 [INFO]  
========== done (4.307427644729614 s) fit model
2024-03-19 17:22:18,673 [INFO]  
========== start: fit model
2024-03-19 17:22:18,673 [WARNING]  Already bound, ignoring bind()
2024-03-19 17:22:19,132 [INFO]  Epoch[0] Batch [0-733]	Speed: 25970.31 samples/sec	cross-entropy=0.327719	marital-status-accuracy=3.170300
2024-03-19 17:22:19,548 [INFO]  Epoch[0] Train-cross-entropy=0.118870
2024-03-19 17:22:19,548 [INFO]  Epoch[0] Train-marital-status-accuracy=3.234973
2024-03-19 17:22:19,548 [INFO]  Epoch[0] Time cost=0.874
2024-03-19 17:22:19,550 [INFO]  Saved checkpoint to "./imputer_model/3_adult/imputer_model_marital-status/model-0000.params"
2024-03-19 17:22:19,590 [INFO]  Epoch[0] Validation-cross-entropy=0.847333
2024-03-19 17:22:19,590 [INFO]  Epoch[0] Validation-marital-status-accuracy=0.000000
2024-03-19 17:22:20,049 [INFO]  Epoch[1] Batch [0-733]	Speed: 25619.38 samples/sec	cross-entropy=0.050122	marital-status-accuracy=3.170300
2024-03-19 17:22:20,472 [INFO]  Epoch[1] Train-cross-entropy=0.019079
2024-03-19 17:22:20,472 [INFO]  Epoch[1] Train-marital-status-accuracy=3.234973
2024-03-19 17:22:20,472 [INFO]  Epoch[1] Time cost=0.882
2024-03-19 17:22:20,473 [INFO]  Saved checkpoint to "./imputer_model/3_adult/imputer_model_marital-status/model-0001.params"
2024-03-19 17:22:20,511 [INFO]  Epoch[1] Validation-cross-entropy=1.112297
2024-03-19 17:22:20,511 [INFO]  Epoch[1] Validation-marital-status-accuracy=0.000000
2024-03-19 17:22:20,930 [INFO]  Epoch[2] Batch [0-733]	Speed: 28053.10 samples/sec	cross-entropy=0.048896	marital-status-accuracy=3.170300
2024-03-19 17:22:21,350 [INFO]  Epoch[2] Train-cross-entropy=0.005529
2024-03-19 17:22:21,350 [INFO]  Epoch[2] Train-marital-status-accuracy=3.234973
2024-03-19 17:22:21,350 [INFO]  Epoch[2] Time cost=0.838
2024-03-19 17:22:21,351 [INFO]  Saved checkpoint to "./imputer_model/3_adult/imputer_model_marital-status/model-0002.params"
2024-03-19 17:22:21,389 [INFO]  Epoch[2] Validation-cross-entropy=0.136056
2024-03-19 17:22:21,389 [INFO]  Epoch[2] Validation-marital-status-accuracy=0.000000
2024-03-19 17:22:21,838 [INFO]  Epoch[3] Batch [0-733]	Speed: 26182.81 samples/sec	cross-entropy=0.028806	marital-status-accuracy=3.170300
2024-03-19 17:22:22,256 [INFO]  Epoch[3] Train-cross-entropy=0.003079
2024-03-19 17:22:22,256 [INFO]  Epoch[3] Train-marital-status-accuracy=3.234973
2024-03-19 17:22:22,256 [INFO]  Epoch[3] Time cost=0.867
2024-03-19 17:22:22,258 [INFO]  Saved checkpoint to "./imputer_model/3_adult/imputer_model_marital-status/model-0003.params"
2024-03-19 17:22:22,296 [INFO]  Epoch[3] Validation-cross-entropy=0.052119
2024-03-19 17:22:22,296 [INFO]  Epoch[3] Validation-marital-status-accuracy=0.000000
2024-03-19 17:22:22,712 [INFO]  Epoch[4] Batch [0-733]	Speed: 28242.72 samples/sec	cross-entropy=0.012637	marital-status-accuracy=3.170300
2024-03-19 17:22:23,140 [INFO]  Epoch[4] Train-cross-entropy=0.012920
2024-03-19 17:22:23,140 [INFO]  Epoch[4] Train-marital-status-accuracy=3.234973
2024-03-19 17:22:23,140 [INFO]  Epoch[4] Time cost=0.844
2024-03-19 17:22:23,141 [INFO]  Saved checkpoint to "./imputer_model/3_adult/imputer_model_marital-status/model-0004.params"
2024-03-19 17:22:23,179 [INFO]  Epoch[4] Validation-cross-entropy=0.268966
2024-03-19 17:22:23,179 [INFO]  Epoch[4] Validation-marital-status-accuracy=0.000000
2024-03-19 17:22:23,179 [INFO]  
========== done (4.505924701690674 s) fit model
2024-03-19 17:23:47,008 [INFO]  
========== start: fit model
2024-03-19 17:23:47,008 [WARNING]  Already bound, ignoring bind()
2024-03-19 17:23:47,437 [INFO]  Epoch[0] Batch [0-733]	Speed: 27486.13 samples/sec	cross-entropy=0.378137	marital-status-accuracy=3.163488
2024-03-19 17:23:47,853 [INFO]  Epoch[0] Train-cross-entropy=0.042113
2024-03-19 17:23:47,854 [INFO]  Epoch[0] Train-marital-status-accuracy=3.243169
2024-03-19 17:23:47,854 [INFO]  Epoch[0] Time cost=0.845
2024-03-19 17:23:47,855 [INFO]  Saved checkpoint to "./imputer_model/3_adult/imputer_model_marital-status/model-0000.params"
2024-03-19 17:23:47,895 [INFO]  Epoch[0] Validation-cross-entropy=0.021978
2024-03-19 17:23:47,895 [INFO]  Epoch[0] Validation-marital-status-accuracy=0.000000
2024-03-19 17:23:48,311 [INFO]  Epoch[1] Batch [0-733]	Speed: 28220.28 samples/sec	cross-entropy=0.027095	marital-status-accuracy=3.163488
2024-03-19 17:23:48,726 [INFO]  Epoch[1] Train-cross-entropy=0.014928
2024-03-19 17:23:48,726 [INFO]  Epoch[1] Train-marital-status-accuracy=3.243169
2024-03-19 17:23:48,726 [INFO]  Epoch[1] Time cost=0.831
2024-03-19 17:23:48,728 [INFO]  Saved checkpoint to "./imputer_model/3_adult/imputer_model_marital-status/model-0001.params"
2024-03-19 17:23:48,766 [INFO]  Epoch[1] Validation-cross-entropy=0.012508
2024-03-19 17:23:48,766 [INFO]  Epoch[1] Validation-marital-status-accuracy=0.000000
2024-03-19 17:23:49,179 [INFO]  Epoch[2] Batch [0-733]	Speed: 28443.57 samples/sec	cross-entropy=0.012886	marital-status-accuracy=3.163488
2024-03-19 17:23:49,592 [INFO]  Epoch[2] Train-cross-entropy=0.010199
2024-03-19 17:23:49,592 [INFO]  Epoch[2] Train-marital-status-accuracy=3.243169
2024-03-19 17:23:49,592 [INFO]  Epoch[2] Time cost=0.826
2024-03-19 17:23:49,593 [INFO]  Saved checkpoint to "./imputer_model/3_adult/imputer_model_marital-status/model-0002.params"
2024-03-19 17:23:49,632 [INFO]  Epoch[2] Validation-cross-entropy=0.012814
2024-03-19 17:23:49,632 [INFO]  Epoch[2] Validation-marital-status-accuracy=0.000000
2024-03-19 17:23:50,045 [INFO]  Epoch[3] Batch [0-733]	Speed: 28456.85 samples/sec	cross-entropy=0.013470	marital-status-accuracy=3.163488
2024-03-19 17:23:50,458 [INFO]  Epoch[3] Train-cross-entropy=0.008578
2024-03-19 17:23:50,458 [INFO]  Epoch[3] Train-marital-status-accuracy=3.243169
2024-03-19 17:23:50,458 [INFO]  Epoch[3] Time cost=0.825
2024-03-19 17:23:50,459 [INFO]  Saved checkpoint to "./imputer_model/3_adult/imputer_model_marital-status/model-0003.params"
2024-03-19 17:23:50,498 [INFO]  Epoch[3] Validation-cross-entropy=0.010927
2024-03-19 17:23:50,498 [INFO]  Epoch[3] Validation-marital-status-accuracy=0.000000
2024-03-19 17:23:50,911 [INFO]  Epoch[4] Batch [0-733]	Speed: 28452.24 samples/sec	cross-entropy=0.009245	marital-status-accuracy=3.163488
2024-03-19 17:23:51,323 [INFO]  Epoch[4] Train-cross-entropy=0.003745
2024-03-19 17:23:51,323 [INFO]  Epoch[4] Train-marital-status-accuracy=3.243169
2024-03-19 17:23:51,323 [INFO]  Epoch[4] Time cost=0.825
2024-03-19 17:23:51,324 [INFO]  Saved checkpoint to "./imputer_model/3_adult/imputer_model_marital-status/model-0004.params"
2024-03-19 17:23:51,363 [INFO]  Epoch[4] Validation-cross-entropy=0.001385
2024-03-19 17:23:51,363 [INFO]  Epoch[4] Validation-marital-status-accuracy=0.000000
2024-03-19 17:23:51,363 [INFO]  
========== done (4.355520009994507 s) fit model
2024-03-19 17:24:40,681 [INFO]  
========== start: fit model
2024-03-19 17:24:40,682 [WARNING]  Already bound, ignoring bind()
2024-03-19 17:24:41,138 [INFO]  Epoch[0] Batch [0-733]	Speed: 26015.20 samples/sec	cross-entropy=0.273481	marital-status-accuracy=0.000000
2024-03-19 17:24:41,553 [INFO]  Epoch[0] Train-cross-entropy=0.006279
2024-03-19 17:24:41,554 [INFO]  Epoch[0] Train-marital-status-accuracy=0.000000
2024-03-19 17:24:41,554 [INFO]  Epoch[0] Time cost=0.871
2024-03-19 17:24:41,555 [INFO]  Saved checkpoint to "./imputer_model/3_adult/imputer_model_marital-status/model-0000.params"
2024-03-19 17:24:41,591 [INFO]  Epoch[0] Validation-cross-entropy=0.004173
2024-03-19 17:24:41,591 [INFO]  Epoch[0] Validation-marital-status-accuracy=0.000000
2024-03-19 17:24:42,007 [INFO]  Epoch[1] Batch [0-733]	Speed: 28275.66 samples/sec	cross-entropy=0.005335	marital-status-accuracy=0.000000
2024-03-19 17:24:42,434 [INFO]  Epoch[1] Train-cross-entropy=0.011369
2024-03-19 17:24:42,434 [INFO]  Epoch[1] Train-marital-status-accuracy=0.000000
2024-03-19 17:24:42,434 [INFO]  Epoch[1] Time cost=0.842
2024-03-19 17:24:42,435 [INFO]  Saved checkpoint to "./imputer_model/3_adult/imputer_model_marital-status/model-0001.params"
2024-03-19 17:24:42,472 [INFO]  Epoch[1] Validation-cross-entropy=0.003224
2024-03-19 17:24:42,472 [INFO]  Epoch[1] Validation-marital-status-accuracy=0.000000
2024-03-19 17:24:42,886 [INFO]  Epoch[2] Batch [0-733]	Speed: 28361.77 samples/sec	cross-entropy=0.006501	marital-status-accuracy=0.000000
2024-03-19 17:24:43,300 [INFO]  Epoch[2] Train-cross-entropy=0.013997
2024-03-19 17:24:43,300 [INFO]  Epoch[2] Train-marital-status-accuracy=0.000000
2024-03-19 17:24:43,300 [INFO]  Epoch[2] Time cost=0.828
2024-03-19 17:24:43,301 [INFO]  Saved checkpoint to "./imputer_model/3_adult/imputer_model_marital-status/model-0002.params"
2024-03-19 17:24:43,338 [INFO]  Epoch[2] Validation-cross-entropy=0.005614
2024-03-19 17:24:43,338 [INFO]  Epoch[2] Validation-marital-status-accuracy=0.000000
2024-03-19 17:24:43,752 [INFO]  Epoch[3] Batch [0-733]	Speed: 28357.62 samples/sec	cross-entropy=0.002367	marital-status-accuracy=0.000000
2024-03-19 17:24:44,165 [INFO]  Epoch[3] Train-cross-entropy=0.004988
2024-03-19 17:24:44,165 [INFO]  Epoch[3] Train-marital-status-accuracy=0.000000
2024-03-19 17:24:44,165 [INFO]  Epoch[3] Time cost=0.827
2024-03-19 17:24:44,166 [INFO]  Saved checkpoint to "./imputer_model/3_adult/imputer_model_marital-status/model-0003.params"
2024-03-19 17:24:44,203 [INFO]  Epoch[3] Validation-cross-entropy=0.008305
2024-03-19 17:24:44,203 [INFO]  Epoch[3] Validation-marital-status-accuracy=0.000000
2024-03-19 17:24:44,620 [INFO]  Epoch[4] Batch [0-733]	Speed: 28182.66 samples/sec	cross-entropy=0.004203	marital-status-accuracy=0.000000
2024-03-19 17:24:45,112 [INFO]  Epoch[4] Train-cross-entropy=0.003008
2024-03-19 17:24:45,112 [INFO]  Epoch[4] Train-marital-status-accuracy=0.000000
2024-03-19 17:24:45,112 [INFO]  Epoch[4] Time cost=0.909
2024-03-19 17:24:45,114 [INFO]  Saved checkpoint to "./imputer_model/3_adult/imputer_model_marital-status/model-0004.params"
2024-03-19 17:24:45,150 [INFO]  Epoch[4] Validation-cross-entropy=0.009649
2024-03-19 17:24:45,150 [INFO]  Epoch[4] Validation-marital-status-accuracy=0.000000
2024-03-19 17:24:45,150 [INFO]  
========== done (4.4686808586120605 s) fit model
2024-03-19 17:26:43,774 [INFO]  
========== start: fit model
2024-03-19 17:26:43,775 [WARNING]  Already bound, ignoring bind()
2024-03-19 17:26:44,196 [INFO]  Epoch[0] Batch [0-733]	Speed: 28005.38 samples/sec	cross-entropy=0.464586	marital-status-accuracy=3.260218
2024-03-19 17:26:44,607 [INFO]  Epoch[0] Train-cross-entropy=0.089030
2024-03-19 17:26:44,607 [INFO]  Epoch[0] Train-marital-status-accuracy=3.213115
2024-03-19 17:26:44,607 [INFO]  Epoch[0] Time cost=0.832
2024-03-19 17:26:44,609 [INFO]  Saved checkpoint to "./imputer_model/3_adult/imputer_model_marital-status/model-0000.params"
2024-03-19 17:26:44,664 [INFO]  Epoch[0] Validation-cross-entropy=0.058059
2024-03-19 17:26:44,664 [INFO]  Epoch[0] Validation-marital-status-accuracy=0.000000
2024-03-19 17:26:45,188 [INFO]  Epoch[1] Batch [0-733]	Speed: 22401.73 samples/sec	cross-entropy=0.029339	marital-status-accuracy=3.260218
2024-03-19 17:26:45,733 [INFO]  Epoch[1] Train-cross-entropy=0.024824
2024-03-19 17:26:45,733 [INFO]  Epoch[1] Train-marital-status-accuracy=3.213115
2024-03-19 17:26:45,733 [INFO]  Epoch[1] Time cost=1.069
2024-03-19 17:26:45,734 [INFO]  Saved checkpoint to "./imputer_model/3_adult/imputer_model_marital-status/model-0001.params"
2024-03-19 17:26:45,784 [INFO]  Epoch[1] Validation-cross-entropy=0.013632
2024-03-19 17:26:45,784 [INFO]  Epoch[1] Validation-marital-status-accuracy=0.000000
2024-03-19 17:26:46,276 [INFO]  Epoch[2] Batch [0-733]	Speed: 23922.26 samples/sec	cross-entropy=0.046639	marital-status-accuracy=3.260218
2024-03-19 17:26:46,688 [INFO]  Epoch[2] Train-cross-entropy=0.006959
2024-03-19 17:26:46,688 [INFO]  Epoch[2] Train-marital-status-accuracy=3.213115
2024-03-19 17:26:46,688 [INFO]  Epoch[2] Time cost=0.904
2024-03-19 17:26:46,690 [INFO]  Saved checkpoint to "./imputer_model/3_adult/imputer_model_marital-status/model-0002.params"
2024-03-19 17:26:46,729 [INFO]  Epoch[2] Validation-cross-entropy=0.004717
2024-03-19 17:26:46,729 [INFO]  Epoch[2] Validation-marital-status-accuracy=0.000000
2024-03-19 17:26:47,140 [INFO]  Epoch[3] Batch [0-733]	Speed: 28579.26 samples/sec	cross-entropy=0.010805	marital-status-accuracy=3.260218
2024-03-19 17:26:47,562 [INFO]  Epoch[3] Train-cross-entropy=0.008782
2024-03-19 17:26:47,562 [INFO]  Epoch[3] Train-marital-status-accuracy=3.213115
2024-03-19 17:26:47,562 [INFO]  Epoch[3] Time cost=0.833
2024-03-19 17:26:47,564 [INFO]  Saved checkpoint to "./imputer_model/3_adult/imputer_model_marital-status/model-0003.params"
2024-03-19 17:26:47,604 [INFO]  Epoch[3] Validation-cross-entropy=0.008388
2024-03-19 17:26:47,604 [INFO]  Epoch[3] Validation-marital-status-accuracy=0.000000
2024-03-19 17:26:48,015 [INFO]  Epoch[4] Batch [0-733]	Speed: 28557.43 samples/sec	cross-entropy=0.013408	marital-status-accuracy=3.260218
2024-03-19 17:26:48,426 [INFO]  Epoch[4] Train-cross-entropy=0.006516
2024-03-19 17:26:48,426 [INFO]  Epoch[4] Train-marital-status-accuracy=3.213115
2024-03-19 17:26:48,426 [INFO]  Epoch[4] Time cost=0.822
2024-03-19 17:26:48,428 [INFO]  Saved checkpoint to "./imputer_model/3_adult/imputer_model_marital-status/model-0004.params"
2024-03-19 17:26:48,468 [INFO]  Epoch[4] Validation-cross-entropy=0.001980
2024-03-19 17:26:48,468 [INFO]  Epoch[4] Validation-marital-status-accuracy=0.000000
2024-03-19 17:26:48,468 [INFO]  
========== done (4.6933629512786865 s) fit model
2024-03-19 17:28:12,893 [INFO]  
========== start: fit model
2024-03-19 17:28:12,893 [WARNING]  Already bound, ignoring bind()
2024-03-19 17:28:13,437 [INFO]  Epoch[0] Batch [0-733]	Speed: 21641.01 samples/sec	cross-entropy=0.435265	marital-status-accuracy=0.000000
2024-03-19 17:28:13,848 [INFO]  Epoch[0] Train-cross-entropy=0.072987
2024-03-19 17:28:13,848 [INFO]  Epoch[0] Train-marital-status-accuracy=0.000000
2024-03-19 17:28:13,848 [INFO]  Epoch[0] Time cost=0.954
2024-03-19 17:28:13,849 [INFO]  Saved checkpoint to "./imputer_model/3_adult/imputer_model_marital-status/model-0000.params"
2024-03-19 17:28:13,891 [INFO]  Epoch[0] Validation-cross-entropy=0.026170
2024-03-19 17:28:13,891 [INFO]  Epoch[0] Validation-marital-status-accuracy=0.000000
2024-03-19 17:28:14,373 [INFO]  Epoch[1] Batch [0-733]	Speed: 24376.56 samples/sec	cross-entropy=0.023071	marital-status-accuracy=0.000000
2024-03-19 17:28:14,787 [INFO]  Epoch[1] Train-cross-entropy=0.040167
2024-03-19 17:28:14,787 [INFO]  Epoch[1] Train-marital-status-accuracy=0.000000
2024-03-19 17:28:14,787 [INFO]  Epoch[1] Time cost=0.896
2024-03-19 17:28:14,789 [INFO]  Saved checkpoint to "./imputer_model/3_adult/imputer_model_marital-status/model-0001.params"
2024-03-19 17:28:14,829 [INFO]  Epoch[1] Validation-cross-entropy=0.006867
2024-03-19 17:28:14,829 [INFO]  Epoch[1] Validation-marital-status-accuracy=0.000000
2024-03-19 17:28:15,264 [INFO]  Epoch[2] Batch [0-733]	Speed: 27027.69 samples/sec	cross-entropy=0.010575	marital-status-accuracy=0.000000
2024-03-19 17:28:15,676 [INFO]  Epoch[2] Train-cross-entropy=0.018538
2024-03-19 17:28:15,676 [INFO]  Epoch[2] Train-marital-status-accuracy=0.000000
2024-03-19 17:28:15,676 [INFO]  Epoch[2] Time cost=0.847
2024-03-19 17:28:15,678 [INFO]  Saved checkpoint to "./imputer_model/3_adult/imputer_model_marital-status/model-0002.params"
2024-03-19 17:28:15,721 [INFO]  Epoch[2] Validation-cross-entropy=0.058339
2024-03-19 17:28:15,721 [INFO]  Epoch[2] Validation-marital-status-accuracy=0.000000
2024-03-19 17:28:16,171 [INFO]  Epoch[3] Batch [0-733]	Speed: 26086.49 samples/sec	cross-entropy=0.018786	marital-status-accuracy=0.000000
2024-03-19 17:28:16,586 [INFO]  Epoch[3] Train-cross-entropy=0.016552
2024-03-19 17:28:16,586 [INFO]  Epoch[3] Train-marital-status-accuracy=0.000000
2024-03-19 17:28:16,586 [INFO]  Epoch[3] Time cost=0.866
2024-03-19 17:28:16,588 [INFO]  Saved checkpoint to "./imputer_model/3_adult/imputer_model_marital-status/model-0003.params"
2024-03-19 17:28:16,626 [INFO]  Epoch[3] Validation-cross-entropy=0.005648
2024-03-19 17:28:16,626 [INFO]  Epoch[3] Validation-marital-status-accuracy=0.000000
2024-03-19 17:28:17,038 [INFO]  Epoch[4] Batch [0-733]	Speed: 28508.83 samples/sec	cross-entropy=0.006951	marital-status-accuracy=0.000000
2024-03-19 17:28:17,535 [INFO]  Epoch[4] Train-cross-entropy=0.010759
2024-03-19 17:28:17,535 [INFO]  Epoch[4] Train-marital-status-accuracy=0.000000
2024-03-19 17:28:17,536 [INFO]  Epoch[4] Time cost=0.909
2024-03-19 17:28:17,537 [INFO]  Saved checkpoint to "./imputer_model/3_adult/imputer_model_marital-status/model-0004.params"
2024-03-19 17:28:17,582 [INFO]  Epoch[4] Validation-cross-entropy=0.014086
2024-03-19 17:28:17,582 [INFO]  Epoch[4] Validation-marital-status-accuracy=0.000000
2024-03-19 17:28:17,582 [INFO]  
========== done (4.689884424209595 s) fit model
2024-03-19 17:29:27,910 [INFO]  
========== start: fit model
2024-03-19 17:29:27,910 [WARNING]  Already bound, ignoring bind()
2024-03-19 17:29:28,329 [INFO]  Epoch[0] Batch [0-733]	Speed: 28191.30 samples/sec	cross-entropy=0.425413	marital-status-accuracy=3.234332
2024-03-19 17:29:28,740 [INFO]  Epoch[0] Train-cross-entropy=0.104546
2024-03-19 17:29:28,740 [INFO]  Epoch[0] Train-marital-status-accuracy=3.214481
2024-03-19 17:29:28,740 [INFO]  Epoch[0] Time cost=0.829
2024-03-19 17:29:28,742 [INFO]  Saved checkpoint to "./imputer_model/3_adult/imputer_model_marital-status/model-0000.params"
2024-03-19 17:29:28,781 [INFO]  Epoch[0] Validation-cross-entropy=0.102335
2024-03-19 17:29:28,781 [INFO]  Epoch[0] Validation-marital-status-accuracy=0.000000
2024-03-19 17:29:29,193 [INFO]  Epoch[1] Batch [0-733]	Speed: 28501.60 samples/sec	cross-entropy=0.039755	marital-status-accuracy=3.234332
2024-03-19 17:29:29,605 [INFO]  Epoch[1] Train-cross-entropy=0.027139
2024-03-19 17:29:29,605 [INFO]  Epoch[1] Train-marital-status-accuracy=3.214481
2024-03-19 17:29:29,605 [INFO]  Epoch[1] Time cost=0.824
2024-03-19 17:29:29,607 [INFO]  Saved checkpoint to "./imputer_model/3_adult/imputer_model_marital-status/model-0001.params"
2024-03-19 17:29:29,647 [INFO]  Epoch[1] Validation-cross-entropy=0.014376
2024-03-19 17:29:29,647 [INFO]  Epoch[1] Validation-marital-status-accuracy=0.000000
2024-03-19 17:29:30,058 [INFO]  Epoch[2] Batch [0-733]	Speed: 28612.61 samples/sec	cross-entropy=0.068461	marital-status-accuracy=3.234332
2024-03-19 17:29:30,467 [INFO]  Epoch[2] Train-cross-entropy=0.005092
2024-03-19 17:29:30,467 [INFO]  Epoch[2] Train-marital-status-accuracy=3.214481
2024-03-19 17:29:30,467 [INFO]  Epoch[2] Time cost=0.820
2024-03-19 17:29:30,468 [INFO]  Saved checkpoint to "./imputer_model/3_adult/imputer_model_marital-status/model-0002.params"
2024-03-19 17:29:30,507 [INFO]  Epoch[2] Validation-cross-entropy=0.003552
2024-03-19 17:29:30,507 [INFO]  Epoch[2] Validation-marital-status-accuracy=0.000000
2024-03-19 17:29:30,919 [INFO]  Epoch[3] Batch [0-733]	Speed: 28555.47 samples/sec	cross-entropy=0.011690	marital-status-accuracy=3.234332
2024-03-19 17:29:31,337 [INFO]  Epoch[3] Train-cross-entropy=0.004933
2024-03-19 17:29:31,337 [INFO]  Epoch[3] Train-marital-status-accuracy=3.214481
2024-03-19 17:29:31,337 [INFO]  Epoch[3] Time cost=0.830
2024-03-19 17:29:31,338 [INFO]  Saved checkpoint to "./imputer_model/3_adult/imputer_model_marital-status/model-0003.params"
2024-03-19 17:29:31,378 [INFO]  Epoch[3] Validation-cross-entropy=0.006345
2024-03-19 17:29:31,378 [INFO]  Epoch[3] Validation-marital-status-accuracy=0.000000
2024-03-19 17:29:31,790 [INFO]  Epoch[4] Batch [0-733]	Speed: 28526.97 samples/sec	cross-entropy=0.029035	marital-status-accuracy=3.234332
2024-03-19 17:29:32,202 [INFO]  Epoch[4] Train-cross-entropy=0.002933
2024-03-19 17:29:32,202 [INFO]  Epoch[4] Train-marital-status-accuracy=3.214481
2024-03-19 17:29:32,202 [INFO]  Epoch[4] Time cost=0.824
2024-03-19 17:29:32,203 [INFO]  Saved checkpoint to "./imputer_model/3_adult/imputer_model_marital-status/model-0004.params"
2024-03-19 17:29:32,252 [INFO]  Epoch[4] Validation-cross-entropy=0.004384
2024-03-19 17:29:32,252 [INFO]  Epoch[4] Validation-marital-status-accuracy=0.000000
2024-03-19 17:29:32,252 [INFO]  
========== done (4.341525077819824 s) fit model
2024-03-19 17:30:22,013 [INFO]  
========== start: fit model
2024-03-19 17:30:22,013 [WARNING]  Already bound, ignoring bind()
2024-03-19 17:30:22,508 [INFO]  Epoch[0] Batch [0-733]	Speed: 23824.68 samples/sec	cross-entropy=0.496779	marital-status-accuracy=0.000000
2024-03-19 17:30:22,921 [INFO]  Epoch[0] Train-cross-entropy=0.016194
2024-03-19 17:30:22,921 [INFO]  Epoch[0] Train-marital-status-accuracy=0.000000
2024-03-19 17:30:22,921 [INFO]  Epoch[0] Time cost=0.907
2024-03-19 17:30:22,923 [INFO]  Saved checkpoint to "./imputer_model/3_adult/imputer_model_marital-status/model-0000.params"
2024-03-19 17:30:22,968 [INFO]  Epoch[0] Validation-cross-entropy=0.009297
2024-03-19 17:30:22,968 [INFO]  Epoch[0] Validation-marital-status-accuracy=0.000000
2024-03-19 17:30:23,399 [INFO]  Epoch[1] Batch [0-733]	Speed: 27257.16 samples/sec	cross-entropy=0.037542	marital-status-accuracy=0.000000
2024-03-19 17:30:23,812 [INFO]  Epoch[1] Train-cross-entropy=0.024513
2024-03-19 17:30:23,812 [INFO]  Epoch[1] Train-marital-status-accuracy=0.000000
2024-03-19 17:30:23,813 [INFO]  Epoch[1] Time cost=0.844
2024-03-19 17:30:23,814 [INFO]  Saved checkpoint to "./imputer_model/3_adult/imputer_model_marital-status/model-0001.params"
2024-03-19 17:30:23,852 [INFO]  Epoch[1] Validation-cross-entropy=0.005464
2024-03-19 17:30:23,852 [INFO]  Epoch[1] Validation-marital-status-accuracy=0.000000
2024-03-19 17:30:24,272 [INFO]  Epoch[2] Batch [0-733]	Speed: 27976.85 samples/sec	cross-entropy=0.083051	marital-status-accuracy=0.000000
2024-03-19 17:30:24,683 [INFO]  Epoch[2] Train-cross-entropy=0.013004
2024-03-19 17:30:24,683 [INFO]  Epoch[2] Train-marital-status-accuracy=0.000000
2024-03-19 17:30:24,683 [INFO]  Epoch[2] Time cost=0.831
2024-03-19 17:30:24,685 [INFO]  Saved checkpoint to "./imputer_model/3_adult/imputer_model_marital-status/model-0002.params"
2024-03-19 17:30:24,735 [INFO]  Epoch[2] Validation-cross-entropy=0.003534
2024-03-19 17:30:24,735 [INFO]  Epoch[2] Validation-marital-status-accuracy=0.000000
2024-03-19 17:30:25,148 [INFO]  Epoch[3] Batch [0-733]	Speed: 28452.31 samples/sec	cross-entropy=0.005124	marital-status-accuracy=0.000000
2024-03-19 17:30:25,565 [INFO]  Epoch[3] Train-cross-entropy=0.031202
2024-03-19 17:30:25,565 [INFO]  Epoch[3] Train-marital-status-accuracy=0.000000
2024-03-19 17:30:25,565 [INFO]  Epoch[3] Time cost=0.831
2024-03-19 17:30:25,567 [INFO]  Saved checkpoint to "./imputer_model/3_adult/imputer_model_marital-status/model-0003.params"
2024-03-19 17:30:25,605 [INFO]  Epoch[3] Validation-cross-entropy=0.053847
2024-03-19 17:30:25,605 [INFO]  Epoch[3] Validation-marital-status-accuracy=0.000000
2024-03-19 17:30:26,040 [INFO]  Epoch[4] Batch [0-733]	Speed: 27008.93 samples/sec	cross-entropy=0.006848	marital-status-accuracy=0.000000
2024-03-19 17:30:26,454 [INFO]  Epoch[4] Train-cross-entropy=0.015849
2024-03-19 17:30:26,454 [INFO]  Epoch[4] Train-marital-status-accuracy=0.000000
2024-03-19 17:30:26,454 [INFO]  Epoch[4] Time cost=0.849
2024-03-19 17:30:26,455 [INFO]  Saved checkpoint to "./imputer_model/3_adult/imputer_model_marital-status/model-0004.params"
2024-03-19 17:30:26,493 [INFO]  Epoch[4] Validation-cross-entropy=0.063644
2024-03-19 17:30:26,493 [INFO]  Epoch[4] Validation-marital-status-accuracy=0.000000
2024-03-19 17:30:26,493 [INFO]  
========== done (4.479614973068237 s) fit model
2024-03-19 17:31:40,715 [INFO]  
========== start: fit model
2024-03-19 17:31:40,715 [WARNING]  Already bound, ignoring bind()
2024-03-19 17:31:41,160 [INFO]  Epoch[0] Batch [0-733]	Speed: 26485.27 samples/sec	cross-entropy=0.256398	marital-status-accuracy=3.243869
2024-03-19 17:31:41,573 [INFO]  Epoch[0] Train-cross-entropy=0.013654
2024-03-19 17:31:41,573 [INFO]  Epoch[0] Train-marital-status-accuracy=3.076503
2024-03-19 17:31:41,573 [INFO]  Epoch[0] Time cost=0.857
2024-03-19 17:31:41,574 [INFO]  Saved checkpoint to "./imputer_model/3_adult/imputer_model_marital-status/model-0000.params"
2024-03-19 17:31:41,611 [INFO]  Epoch[0] Validation-cross-entropy=0.005183
2024-03-19 17:31:41,611 [INFO]  Epoch[0] Validation-marital-status-accuracy=0.000000
2024-03-19 17:31:42,050 [INFO]  Epoch[1] Batch [0-733]	Speed: 26793.12 samples/sec	cross-entropy=0.009035	marital-status-accuracy=3.243869
2024-03-19 17:31:42,464 [INFO]  Epoch[1] Train-cross-entropy=0.028944
2024-03-19 17:31:42,464 [INFO]  Epoch[1] Train-marital-status-accuracy=3.076503
2024-03-19 17:31:42,464 [INFO]  Epoch[1] Time cost=0.853
2024-03-19 17:31:42,466 [INFO]  Saved checkpoint to "./imputer_model/3_adult/imputer_model_marital-status/model-0001.params"
2024-03-19 17:31:42,503 [INFO]  Epoch[1] Validation-cross-entropy=0.004575
2024-03-19 17:31:42,503 [INFO]  Epoch[1] Validation-marital-status-accuracy=0.000000
2024-03-19 17:31:42,952 [INFO]  Epoch[2] Batch [0-733]	Speed: 26139.72 samples/sec	cross-entropy=0.005941	marital-status-accuracy=3.243869
2024-03-19 17:31:43,364 [INFO]  Epoch[2] Train-cross-entropy=0.019372
2024-03-19 17:31:43,365 [INFO]  Epoch[2] Train-marital-status-accuracy=3.076503
2024-03-19 17:31:43,365 [INFO]  Epoch[2] Time cost=0.862
2024-03-19 17:31:43,366 [INFO]  Saved checkpoint to "./imputer_model/3_adult/imputer_model_marital-status/model-0002.params"
2024-03-19 17:31:43,406 [INFO]  Epoch[2] Validation-cross-entropy=0.001896
2024-03-19 17:31:43,406 [INFO]  Epoch[2] Validation-marital-status-accuracy=0.000000
2024-03-19 17:31:43,840 [INFO]  Epoch[3] Batch [0-733]	Speed: 27088.29 samples/sec	cross-entropy=0.003768	marital-status-accuracy=3.243869
2024-03-19 17:31:44,254 [INFO]  Epoch[3] Train-cross-entropy=0.013688
2024-03-19 17:31:44,254 [INFO]  Epoch[3] Train-marital-status-accuracy=3.076503
2024-03-19 17:31:44,254 [INFO]  Epoch[3] Time cost=0.848
2024-03-19 17:31:44,256 [INFO]  Saved checkpoint to "./imputer_model/3_adult/imputer_model_marital-status/model-0003.params"
2024-03-19 17:31:44,293 [INFO]  Epoch[3] Validation-cross-entropy=0.000641
2024-03-19 17:31:44,293 [INFO]  Epoch[3] Validation-marital-status-accuracy=0.000000
2024-03-19 17:31:44,705 [INFO]  Epoch[4] Batch [0-733]	Speed: 28512.31 samples/sec	cross-entropy=0.001631	marital-status-accuracy=3.243869
2024-03-19 17:31:45,118 [INFO]  Epoch[4] Train-cross-entropy=0.003799
2024-03-19 17:31:45,118 [INFO]  Epoch[4] Train-marital-status-accuracy=3.076503
2024-03-19 17:31:45,118 [INFO]  Epoch[4] Time cost=0.825
2024-03-19 17:31:45,120 [INFO]  Saved checkpoint to "./imputer_model/3_adult/imputer_model_marital-status/model-0004.params"
2024-03-19 17:31:45,157 [INFO]  Epoch[4] Validation-cross-entropy=0.000862
2024-03-19 17:31:45,158 [INFO]  Epoch[4] Validation-marital-status-accuracy=0.000000
2024-03-19 17:31:45,158 [INFO]  
========== done (4.442824125289917 s) fit model
2024-03-19 17:33:47,200 [INFO]  
========== start: fit model
2024-03-19 17:33:47,200 [WARNING]  Already bound, ignoring bind()
2024-03-19 17:33:47,686 [INFO]  Epoch[0] Batch [0-733]	Speed: 24276.27 samples/sec	cross-entropy=0.452645	marital-status-accuracy=0.000000
2024-03-19 17:33:48,098 [INFO]  Epoch[0] Train-cross-entropy=0.057440
2024-03-19 17:33:48,098 [INFO]  Epoch[0] Train-marital-status-accuracy=0.000000
2024-03-19 17:33:48,098 [INFO]  Epoch[0] Time cost=0.897
2024-03-19 17:33:48,100 [INFO]  Saved checkpoint to "./imputer_model/3_adult/imputer_model_marital-status/model-0000.params"
2024-03-19 17:33:48,137 [INFO]  Epoch[0] Validation-cross-entropy=0.025621
2024-03-19 17:33:48,137 [INFO]  Epoch[0] Validation-marital-status-accuracy=0.000000
2024-03-19 17:33:48,552 [INFO]  Epoch[1] Batch [0-733]	Speed: 28310.45 samples/sec	cross-entropy=0.034920	marital-status-accuracy=0.000000
2024-03-19 17:33:48,965 [INFO]  Epoch[1] Train-cross-entropy=0.024062
2024-03-19 17:33:48,965 [INFO]  Epoch[1] Train-marital-status-accuracy=0.000000
2024-03-19 17:33:48,965 [INFO]  Epoch[1] Time cost=0.828
2024-03-19 17:33:48,967 [INFO]  Saved checkpoint to "./imputer_model/3_adult/imputer_model_marital-status/model-0001.params"
2024-03-19 17:33:49,004 [INFO]  Epoch[1] Validation-cross-entropy=0.008628
2024-03-19 17:33:49,004 [INFO]  Epoch[1] Validation-marital-status-accuracy=0.000000
2024-03-19 17:33:49,571 [INFO]  Epoch[2] Batch [0-733]	Speed: 20735.60 samples/sec	cross-entropy=0.028620	marital-status-accuracy=0.000000
2024-03-19 17:33:50,001 [INFO]  Epoch[2] Train-cross-entropy=0.010158
2024-03-19 17:33:50,001 [INFO]  Epoch[2] Train-marital-status-accuracy=0.000000
2024-03-19 17:33:50,001 [INFO]  Epoch[2] Time cost=0.997
2024-03-19 17:33:50,003 [INFO]  Saved checkpoint to "./imputer_model/3_adult/imputer_model_marital-status/model-0002.params"
2024-03-19 17:33:50,041 [INFO]  Epoch[2] Validation-cross-entropy=0.009329
2024-03-19 17:33:50,041 [INFO]  Epoch[2] Validation-marital-status-accuracy=0.000000
2024-03-19 17:33:50,451 [INFO]  Epoch[3] Batch [0-733]	Speed: 28633.64 samples/sec	cross-entropy=0.024877	marital-status-accuracy=0.000000
2024-03-19 17:33:50,891 [INFO]  Epoch[3] Train-cross-entropy=0.012516
2024-03-19 17:33:50,891 [INFO]  Epoch[3] Train-marital-status-accuracy=0.000000
2024-03-19 17:33:50,891 [INFO]  Epoch[3] Time cost=0.851
2024-03-19 17:33:50,893 [INFO]  Saved checkpoint to "./imputer_model/3_adult/imputer_model_marital-status/model-0003.params"
2024-03-19 17:33:50,937 [INFO]  Epoch[3] Validation-cross-entropy=0.022896
2024-03-19 17:33:50,937 [INFO]  Epoch[3] Validation-marital-status-accuracy=0.000000
2024-03-19 17:33:51,456 [INFO]  Epoch[4] Batch [0-733]	Speed: 22623.31 samples/sec	cross-entropy=0.007567	marital-status-accuracy=0.000000
2024-03-19 17:33:51,869 [INFO]  Epoch[4] Train-cross-entropy=0.017965
2024-03-19 17:33:51,869 [INFO]  Epoch[4] Train-marital-status-accuracy=0.000000
2024-03-19 17:33:51,869 [INFO]  Epoch[4] Time cost=0.932
2024-03-19 17:33:51,870 [INFO]  Saved checkpoint to "./imputer_model/3_adult/imputer_model_marital-status/model-0004.params"
2024-03-19 17:33:51,908 [INFO]  Epoch[4] Validation-cross-entropy=0.012658
2024-03-19 17:33:51,908 [INFO]  Epoch[4] Validation-marital-status-accuracy=0.000000
2024-03-19 17:33:51,908 [INFO]  
========== done (4.707793951034546 s) fit model
2024-03-19 17:34:50,808 [INFO]  
========== start: fit model
2024-03-19 17:34:50,808 [WARNING]  Already bound, ignoring bind()
2024-03-19 17:34:51,230 [INFO]  Epoch[0] Batch [0-733]	Speed: 27928.43 samples/sec	cross-entropy=0.757367	marital-status-accuracy=3.174387
2024-03-19 17:34:51,645 [INFO]  Epoch[0] Train-cross-entropy=0.025274
2024-03-19 17:34:51,645 [INFO]  Epoch[0] Train-marital-status-accuracy=3.323770
2024-03-19 17:34:51,645 [INFO]  Epoch[0] Time cost=0.836
2024-03-19 17:34:51,647 [INFO]  Saved checkpoint to "./imputer_model/3_adult/imputer_model_marital-status/model-0000.params"
2024-03-19 17:34:51,686 [INFO]  Epoch[0] Validation-cross-entropy=0.023961
2024-03-19 17:34:51,686 [INFO]  Epoch[0] Validation-marital-status-accuracy=0.000000
2024-03-19 17:34:52,104 [INFO]  Epoch[1] Batch [0-733]	Speed: 28098.24 samples/sec	cross-entropy=0.030486	marital-status-accuracy=3.174387
2024-03-19 17:34:52,522 [INFO]  Epoch[1] Train-cross-entropy=0.047505
2024-03-19 17:34:52,522 [INFO]  Epoch[1] Train-marital-status-accuracy=3.323770
2024-03-19 17:34:52,522 [INFO]  Epoch[1] Time cost=0.836
2024-03-19 17:34:52,524 [INFO]  Saved checkpoint to "./imputer_model/3_adult/imputer_model_marital-status/model-0001.params"
2024-03-19 17:34:52,563 [INFO]  Epoch[1] Validation-cross-entropy=0.065590
2024-03-19 17:34:52,563 [INFO]  Epoch[1] Validation-marital-status-accuracy=0.000000
2024-03-19 17:34:52,996 [INFO]  Epoch[2] Batch [0-733]	Speed: 27189.16 samples/sec	cross-entropy=0.037445	marital-status-accuracy=3.174387
2024-03-19 17:34:53,428 [INFO]  Epoch[2] Train-cross-entropy=0.019765
2024-03-19 17:34:53,428 [INFO]  Epoch[2] Train-marital-status-accuracy=3.323770
2024-03-19 17:34:53,428 [INFO]  Epoch[2] Time cost=0.865
2024-03-19 17:34:53,430 [INFO]  Saved checkpoint to "./imputer_model/3_adult/imputer_model_marital-status/model-0002.params"
2024-03-19 17:34:53,469 [INFO]  Epoch[2] Validation-cross-entropy=0.010187
2024-03-19 17:34:53,469 [INFO]  Epoch[2] Validation-marital-status-accuracy=0.000000
2024-03-19 17:34:53,882 [INFO]  Epoch[3] Batch [0-733]	Speed: 28388.25 samples/sec	cross-entropy=0.011608	marital-status-accuracy=3.174387
2024-03-19 17:34:54,296 [INFO]  Epoch[3] Train-cross-entropy=0.018551
2024-03-19 17:34:54,296 [INFO]  Epoch[3] Train-marital-status-accuracy=3.323770
2024-03-19 17:34:54,296 [INFO]  Epoch[3] Time cost=0.828
2024-03-19 17:34:54,298 [INFO]  Saved checkpoint to "./imputer_model/3_adult/imputer_model_marital-status/model-0003.params"
2024-03-19 17:34:54,337 [INFO]  Epoch[3] Validation-cross-entropy=0.065306
2024-03-19 17:34:54,337 [INFO]  Epoch[3] Validation-marital-status-accuracy=0.000000
2024-03-19 17:34:54,751 [INFO]  Epoch[4] Batch [0-733]	Speed: 28385.26 samples/sec	cross-entropy=0.012034	marital-status-accuracy=3.174387
2024-03-19 17:34:55,163 [INFO]  Epoch[4] Train-cross-entropy=0.010080
2024-03-19 17:34:55,163 [INFO]  Epoch[4] Train-marital-status-accuracy=3.323770
2024-03-19 17:34:55,163 [INFO]  Epoch[4] Time cost=0.827
2024-03-19 17:34:55,165 [INFO]  Saved checkpoint to "./imputer_model/3_adult/imputer_model_marital-status/model-0004.params"
2024-03-19 17:34:55,203 [INFO]  Epoch[4] Validation-cross-entropy=0.037186
2024-03-19 17:34:55,204 [INFO]  Epoch[4] Validation-marital-status-accuracy=0.000000
2024-03-19 17:34:55,204 [INFO]  
========== done (4.395988464355469 s) fit model
2024-03-19 17:36:33,334 [INFO]  
========== start: fit model
2024-03-19 17:36:33,335 [WARNING]  Already bound, ignoring bind()
2024-03-19 17:36:33,754 [INFO]  Epoch[0] Batch [0-733]	Speed: 28119.66 samples/sec	cross-entropy=0.401654	marital-status-accuracy=0.000000
2024-03-19 17:36:34,168 [INFO]  Epoch[0] Train-cross-entropy=0.063863
2024-03-19 17:36:34,168 [INFO]  Epoch[0] Train-marital-status-accuracy=0.000000
2024-03-19 17:36:34,168 [INFO]  Epoch[0] Time cost=0.832
2024-03-19 17:36:34,169 [INFO]  Saved checkpoint to "./imputer_model/3_adult/imputer_model_marital-status/model-0000.params"
2024-03-19 17:36:34,208 [INFO]  Epoch[0] Validation-cross-entropy=0.025933
2024-03-19 17:36:34,208 [INFO]  Epoch[0] Validation-marital-status-accuracy=0.000000
2024-03-19 17:36:34,745 [INFO]  Epoch[1] Batch [0-733]	Speed: 21878.90 samples/sec	cross-entropy=0.043469	marital-status-accuracy=0.000000
2024-03-19 17:36:35,159 [INFO]  Epoch[1] Train-cross-entropy=0.022438
2024-03-19 17:36:35,159 [INFO]  Epoch[1] Train-marital-status-accuracy=0.000000
2024-03-19 17:36:35,159 [INFO]  Epoch[1] Time cost=0.951
2024-03-19 17:36:35,160 [INFO]  Saved checkpoint to "./imputer_model/3_adult/imputer_model_marital-status/model-0001.params"
2024-03-19 17:36:35,202 [INFO]  Epoch[1] Validation-cross-entropy=0.013198
2024-03-19 17:36:35,202 [INFO]  Epoch[1] Validation-marital-status-accuracy=0.000000
2024-03-19 17:36:35,646 [INFO]  Epoch[2] Batch [0-733]	Speed: 26451.23 samples/sec	cross-entropy=0.046146	marital-status-accuracy=0.000000
2024-03-19 17:36:36,060 [INFO]  Epoch[2] Train-cross-entropy=0.008224
2024-03-19 17:36:36,061 [INFO]  Epoch[2] Train-marital-status-accuracy=0.000000
2024-03-19 17:36:36,061 [INFO]  Epoch[2] Time cost=0.859
2024-03-19 17:36:36,062 [INFO]  Saved checkpoint to "./imputer_model/3_adult/imputer_model_marital-status/model-0002.params"
2024-03-19 17:36:36,101 [INFO]  Epoch[2] Validation-cross-entropy=0.007892
2024-03-19 17:36:36,101 [INFO]  Epoch[2] Validation-marital-status-accuracy=0.000000
2024-03-19 17:36:36,554 [INFO]  Epoch[3] Batch [0-733]	Speed: 25895.36 samples/sec	cross-entropy=0.013046	marital-status-accuracy=0.000000
2024-03-19 17:36:36,967 [INFO]  Epoch[3] Train-cross-entropy=0.007780
2024-03-19 17:36:36,967 [INFO]  Epoch[3] Train-marital-status-accuracy=0.000000
2024-03-19 17:36:36,967 [INFO]  Epoch[3] Time cost=0.866
2024-03-19 17:36:36,969 [INFO]  Saved checkpoint to "./imputer_model/3_adult/imputer_model_marital-status/model-0003.params"
2024-03-19 17:36:37,014 [INFO]  Epoch[3] Validation-cross-entropy=0.027602
2024-03-19 17:36:37,014 [INFO]  Epoch[3] Validation-marital-status-accuracy=0.000000
2024-03-19 17:36:37,514 [INFO]  Epoch[4] Batch [0-733]	Speed: 23512.17 samples/sec	cross-entropy=0.009924	marital-status-accuracy=0.000000
2024-03-19 17:36:37,964 [INFO]  Epoch[4] Train-cross-entropy=0.009299
2024-03-19 17:36:37,965 [INFO]  Epoch[4] Train-marital-status-accuracy=0.000000
2024-03-19 17:36:37,965 [INFO]  Epoch[4] Time cost=0.951
2024-03-19 17:36:37,966 [INFO]  Saved checkpoint to "./imputer_model/3_adult/imputer_model_marital-status/model-0004.params"
2024-03-19 17:36:38,010 [INFO]  Epoch[4] Validation-cross-entropy=0.009784
2024-03-19 17:36:38,011 [INFO]  Epoch[4] Validation-marital-status-accuracy=0.000000
2024-03-19 17:36:38,011 [INFO]  
========== done (4.676240921020508 s) fit model
2024-03-19 17:37:47,245 [INFO]  
========== start: fit model
2024-03-19 17:37:47,245 [WARNING]  Already bound, ignoring bind()
2024-03-19 17:37:47,698 [INFO]  Epoch[0] Batch [0-733]	Speed: 26015.31 samples/sec	cross-entropy=0.357500	marital-status-accuracy=3.145777
2024-03-19 17:37:48,156 [INFO]  Epoch[0] Train-cross-entropy=0.077428
2024-03-19 17:37:48,157 [INFO]  Epoch[0] Train-marital-status-accuracy=3.277322
2024-03-19 17:37:48,157 [INFO]  Epoch[0] Time cost=0.911
2024-03-19 17:37:48,158 [INFO]  Saved checkpoint to "./imputer_model/3_adult/imputer_model_marital-status/model-0000.params"
2024-03-19 17:37:48,197 [INFO]  Epoch[0] Validation-cross-entropy=0.028226
2024-03-19 17:37:48,197 [INFO]  Epoch[0] Validation-marital-status-accuracy=0.000000
2024-03-19 17:37:48,613 [INFO]  Epoch[1] Batch [0-733]	Speed: 28243.16 samples/sec	cross-entropy=0.059908	marital-status-accuracy=3.145777
2024-03-19 17:37:49,033 [INFO]  Epoch[1] Train-cross-entropy=0.038663
2024-03-19 17:37:49,033 [INFO]  Epoch[1] Train-marital-status-accuracy=3.277322
2024-03-19 17:37:49,033 [INFO]  Epoch[1] Time cost=0.836
2024-03-19 17:37:49,034 [INFO]  Saved checkpoint to "./imputer_model/3_adult/imputer_model_marital-status/model-0001.params"
2024-03-19 17:37:49,080 [INFO]  Epoch[1] Validation-cross-entropy=0.008393
2024-03-19 17:37:49,080 [INFO]  Epoch[1] Validation-marital-status-accuracy=0.000000
2024-03-19 17:37:49,525 [INFO]  Epoch[2] Batch [0-733]	Speed: 26374.80 samples/sec	cross-entropy=0.007100	marital-status-accuracy=3.145777
2024-03-19 17:37:49,937 [INFO]  Epoch[2] Train-cross-entropy=0.013573
2024-03-19 17:37:49,937 [INFO]  Epoch[2] Train-marital-status-accuracy=3.277322
2024-03-19 17:37:49,937 [INFO]  Epoch[2] Time cost=0.857
2024-03-19 17:37:49,938 [INFO]  Saved checkpoint to "./imputer_model/3_adult/imputer_model_marital-status/model-0002.params"
2024-03-19 17:37:49,977 [INFO]  Epoch[2] Validation-cross-entropy=0.009468
2024-03-19 17:37:49,977 [INFO]  Epoch[2] Validation-marital-status-accuracy=0.000000
2024-03-19 17:37:50,388 [INFO]  Epoch[3] Batch [0-733]	Speed: 28624.60 samples/sec	cross-entropy=0.015291	marital-status-accuracy=3.145777
2024-03-19 17:37:50,797 [INFO]  Epoch[3] Train-cross-entropy=0.020613
2024-03-19 17:37:50,797 [INFO]  Epoch[3] Train-marital-status-accuracy=3.277322
2024-03-19 17:37:50,797 [INFO]  Epoch[3] Time cost=0.819
2024-03-19 17:37:50,798 [INFO]  Saved checkpoint to "./imputer_model/3_adult/imputer_model_marital-status/model-0003.params"
2024-03-19 17:37:50,837 [INFO]  Epoch[3] Validation-cross-entropy=0.007746
2024-03-19 17:37:50,837 [INFO]  Epoch[3] Validation-marital-status-accuracy=0.000000
2024-03-19 17:37:51,247 [INFO]  Epoch[4] Batch [0-733]	Speed: 28628.20 samples/sec	cross-entropy=0.006424	marital-status-accuracy=3.145777
2024-03-19 17:37:51,657 [INFO]  Epoch[4] Train-cross-entropy=0.012238
2024-03-19 17:37:51,657 [INFO]  Epoch[4] Train-marital-status-accuracy=3.277322
2024-03-19 17:37:51,657 [INFO]  Epoch[4] Time cost=0.820
2024-03-19 17:37:51,658 [INFO]  Saved checkpoint to "./imputer_model/3_adult/imputer_model_marital-status/model-0004.params"
2024-03-19 17:37:51,697 [INFO]  Epoch[4] Validation-cross-entropy=0.086650
2024-03-19 17:37:51,697 [INFO]  Epoch[4] Validation-marital-status-accuracy=0.000000
2024-03-19 17:37:51,697 [INFO]  
========== done (4.452627420425415 s) fit model
2024-03-19 17:39:06,939 [INFO]  
========== start: fit model
2024-03-19 17:39:06,939 [WARNING]  Already bound, ignoring bind()
2024-03-19 17:39:07,415 [INFO]  Epoch[0] Batch [0-733]	Speed: 24779.86 samples/sec	cross-entropy=0.421450	marital-status-accuracy=0.000000
2024-03-19 17:39:07,836 [INFO]  Epoch[0] Train-cross-entropy=0.045282
2024-03-19 17:39:07,836 [INFO]  Epoch[0] Train-marital-status-accuracy=0.000000
2024-03-19 17:39:07,836 [INFO]  Epoch[0] Time cost=0.895
2024-03-19 17:39:07,838 [INFO]  Saved checkpoint to "./imputer_model/3_adult/imputer_model_marital-status/model-0000.params"
2024-03-19 17:39:07,877 [INFO]  Epoch[0] Validation-cross-entropy=0.021523
2024-03-19 17:39:07,878 [INFO]  Epoch[0] Validation-marital-status-accuracy=0.000000
2024-03-19 17:39:08,292 [INFO]  Epoch[1] Batch [0-733]	Speed: 28355.57 samples/sec	cross-entropy=0.122449	marital-status-accuracy=0.000000
2024-03-19 17:39:08,702 [INFO]  Epoch[1] Train-cross-entropy=0.011533
2024-03-19 17:39:08,702 [INFO]  Epoch[1] Train-marital-status-accuracy=0.000000
2024-03-19 17:39:08,702 [INFO]  Epoch[1] Time cost=0.825
2024-03-19 17:39:08,704 [INFO]  Saved checkpoint to "./imputer_model/3_adult/imputer_model_marital-status/model-0001.params"
2024-03-19 17:39:08,746 [INFO]  Epoch[1] Validation-cross-entropy=0.005764
2024-03-19 17:39:08,746 [INFO]  Epoch[1] Validation-marital-status-accuracy=0.000000
2024-03-19 17:39:09,206 [INFO]  Epoch[2] Batch [0-733]	Speed: 25576.73 samples/sec	cross-entropy=0.010610	marital-status-accuracy=0.000000
2024-03-19 17:39:09,615 [INFO]  Epoch[2] Train-cross-entropy=0.010894
2024-03-19 17:39:09,615 [INFO]  Epoch[2] Train-marital-status-accuracy=0.000000
2024-03-19 17:39:09,615 [INFO]  Epoch[2] Time cost=0.869
2024-03-19 17:39:09,617 [INFO]  Saved checkpoint to "./imputer_model/3_adult/imputer_model_marital-status/model-0002.params"
2024-03-19 17:39:09,655 [INFO]  Epoch[2] Validation-cross-entropy=0.006423
2024-03-19 17:39:09,655 [INFO]  Epoch[2] Validation-marital-status-accuracy=0.000000
2024-03-19 17:39:10,066 [INFO]  Epoch[3] Batch [0-733]	Speed: 28628.68 samples/sec	cross-entropy=0.031206	marital-status-accuracy=0.000000
2024-03-19 17:39:10,485 [INFO]  Epoch[3] Train-cross-entropy=0.011161
2024-03-19 17:39:10,485 [INFO]  Epoch[3] Train-marital-status-accuracy=0.000000
2024-03-19 17:39:10,485 [INFO]  Epoch[3] Time cost=0.830
2024-03-19 17:39:10,487 [INFO]  Saved checkpoint to "./imputer_model/3_adult/imputer_model_marital-status/model-0003.params"
2024-03-19 17:39:10,525 [INFO]  Epoch[3] Validation-cross-entropy=0.002293
2024-03-19 17:39:10,525 [INFO]  Epoch[3] Validation-marital-status-accuracy=0.000000
2024-03-19 17:39:10,951 [INFO]  Epoch[4] Batch [0-733]	Speed: 27581.94 samples/sec	cross-entropy=0.006174	marital-status-accuracy=0.000000
2024-03-19 17:39:11,363 [INFO]  Epoch[4] Train-cross-entropy=0.007829
2024-03-19 17:39:11,363 [INFO]  Epoch[4] Train-marital-status-accuracy=0.000000
2024-03-19 17:39:11,363 [INFO]  Epoch[4] Time cost=0.838
2024-03-19 17:39:11,365 [INFO]  Saved checkpoint to "./imputer_model/3_adult/imputer_model_marital-status/model-0004.params"
2024-03-19 17:39:11,406 [INFO]  Epoch[4] Validation-cross-entropy=0.005194
2024-03-19 17:39:11,406 [INFO]  Epoch[4] Validation-marital-status-accuracy=0.000000
2024-03-19 17:39:11,406 [INFO]  
========== done (4.466635704040527 s) fit model
2024-03-19 17:40:01,272 [INFO]  
========== start: fit model
2024-03-19 17:40:01,272 [WARNING]  Already bound, ignoring bind()
2024-03-19 17:40:01,695 [INFO]  Epoch[0] Batch [0-733]	Speed: 27865.15 samples/sec	cross-entropy=0.122809	marital-status-accuracy=3.286104
2024-03-19 17:40:02,105 [INFO]  Epoch[0] Train-cross-entropy=0.013504
2024-03-19 17:40:02,105 [INFO]  Epoch[0] Train-marital-status-accuracy=3.107923
2024-03-19 17:40:02,105 [INFO]  Epoch[0] Time cost=0.833
2024-03-19 17:40:02,107 [INFO]  Saved checkpoint to "./imputer_model/3_adult/imputer_model_marital-status/model-0000.params"
2024-03-19 17:40:02,144 [INFO]  Epoch[0] Validation-cross-entropy=0.109111
2024-03-19 17:40:02,144 [INFO]  Epoch[0] Validation-marital-status-accuracy=0.000000
2024-03-19 17:40:02,566 [INFO]  Epoch[1] Batch [0-733]	Speed: 27852.92 samples/sec	cross-entropy=0.011799	marital-status-accuracy=3.286104
2024-03-19 17:40:02,978 [INFO]  Epoch[1] Train-cross-entropy=0.012777
2024-03-19 17:40:02,978 [INFO]  Epoch[1] Train-marital-status-accuracy=3.107923
2024-03-19 17:40:02,978 [INFO]  Epoch[1] Time cost=0.834
2024-03-19 17:40:02,979 [INFO]  Saved checkpoint to "./imputer_model/3_adult/imputer_model_marital-status/model-0001.params"
2024-03-19 17:40:03,016 [INFO]  Epoch[1] Validation-cross-entropy=0.048035
2024-03-19 17:40:03,016 [INFO]  Epoch[1] Validation-marital-status-accuracy=0.000000
2024-03-19 17:40:03,429 [INFO]  Epoch[2] Batch [0-733]	Speed: 28500.36 samples/sec	cross-entropy=0.007882	marital-status-accuracy=3.286104
2024-03-19 17:40:03,838 [INFO]  Epoch[2] Train-cross-entropy=0.006733
2024-03-19 17:40:03,838 [INFO]  Epoch[2] Train-marital-status-accuracy=3.107923
2024-03-19 17:40:03,838 [INFO]  Epoch[2] Time cost=0.822
2024-03-19 17:40:03,840 [INFO]  Saved checkpoint to "./imputer_model/3_adult/imputer_model_marital-status/model-0002.params"
2024-03-19 17:40:03,886 [INFO]  Epoch[2] Validation-cross-entropy=0.003821
2024-03-19 17:40:03,886 [INFO]  Epoch[2] Validation-marital-status-accuracy=0.000000
2024-03-19 17:40:04,312 [INFO]  Epoch[3] Batch [0-733]	Speed: 27678.24 samples/sec	cross-entropy=0.007043	marital-status-accuracy=3.286104
2024-03-19 17:40:04,722 [INFO]  Epoch[3] Train-cross-entropy=0.008613
2024-03-19 17:40:04,722 [INFO]  Epoch[3] Train-marital-status-accuracy=3.107923
2024-03-19 17:40:04,722 [INFO]  Epoch[3] Time cost=0.836
2024-03-19 17:40:04,724 [INFO]  Saved checkpoint to "./imputer_model/3_adult/imputer_model_marital-status/model-0003.params"
2024-03-19 17:40:04,761 [INFO]  Epoch[3] Validation-cross-entropy=0.010829
2024-03-19 17:40:04,761 [INFO]  Epoch[3] Validation-marital-status-accuracy=0.000000
2024-03-19 17:40:05,183 [INFO]  Epoch[4] Batch [0-733]	Speed: 27832.58 samples/sec	cross-entropy=0.003309	marital-status-accuracy=3.286104
2024-03-19 17:40:05,598 [INFO]  Epoch[4] Train-cross-entropy=0.004448
2024-03-19 17:40:05,598 [INFO]  Epoch[4] Train-marital-status-accuracy=3.107923
2024-03-19 17:40:05,598 [INFO]  Epoch[4] Time cost=0.837
2024-03-19 17:40:05,599 [INFO]  Saved checkpoint to "./imputer_model/3_adult/imputer_model_marital-status/model-0004.params"
2024-03-19 17:40:05,638 [INFO]  Epoch[4] Validation-cross-entropy=0.020175
2024-03-19 17:40:05,638 [INFO]  Epoch[4] Validation-marital-status-accuracy=0.000000
2024-03-19 17:40:05,638 [INFO]  
========== done (4.366689920425415 s) fit model
2024-03-19 17:42:03,796 [INFO]  
========== start: fit model
2024-03-19 17:42:03,796 [WARNING]  Already bound, ignoring bind()
2024-03-19 17:42:04,251 [INFO]  Epoch[0] Batch [0-733]	Speed: 25917.79 samples/sec	cross-entropy=0.490263	marital-status-accuracy=3.181199
2024-03-19 17:42:04,680 [INFO]  Epoch[0] Train-cross-entropy=0.076032
2024-03-19 17:42:04,681 [INFO]  Epoch[0] Train-marital-status-accuracy=3.281421
2024-03-19 17:42:04,681 [INFO]  Epoch[0] Time cost=0.883
2024-03-19 17:42:04,682 [INFO]  Saved checkpoint to "./imputer_model/3_adult/imputer_model_marital-status/model-0000.params"
2024-03-19 17:42:04,730 [INFO]  Epoch[0] Validation-cross-entropy=0.035435
2024-03-19 17:42:04,730 [INFO]  Epoch[0] Validation-marital-status-accuracy=0.000000
2024-03-19 17:42:05,162 [INFO]  Epoch[1] Batch [0-733]	Speed: 27194.44 samples/sec	cross-entropy=0.033730	marital-status-accuracy=3.181199
2024-03-19 17:42:05,574 [INFO]  Epoch[1] Train-cross-entropy=0.021368
2024-03-19 17:42:05,574 [INFO]  Epoch[1] Train-marital-status-accuracy=3.281421
2024-03-19 17:42:05,574 [INFO]  Epoch[1] Time cost=0.845
2024-03-19 17:42:05,576 [INFO]  Saved checkpoint to "./imputer_model/3_adult/imputer_model_marital-status/model-0001.params"
2024-03-19 17:42:05,614 [INFO]  Epoch[1] Validation-cross-entropy=0.044357
2024-03-19 17:42:05,614 [INFO]  Epoch[1] Validation-marital-status-accuracy=0.000000
2024-03-19 17:42:06,025 [INFO]  Epoch[2] Batch [0-733]	Speed: 28642.50 samples/sec	cross-entropy=0.027376	marital-status-accuracy=3.181199
2024-03-19 17:42:06,434 [INFO]  Epoch[2] Train-cross-entropy=0.031765
2024-03-19 17:42:06,434 [INFO]  Epoch[2] Train-marital-status-accuracy=3.281421
2024-03-19 17:42:06,434 [INFO]  Epoch[2] Time cost=0.819
2024-03-19 17:42:06,435 [INFO]  Saved checkpoint to "./imputer_model/3_adult/imputer_model_marital-status/model-0002.params"
2024-03-19 17:42:06,474 [INFO]  Epoch[2] Validation-cross-entropy=0.012819
2024-03-19 17:42:06,474 [INFO]  Epoch[2] Validation-marital-status-accuracy=0.000000
2024-03-19 17:42:06,884 [INFO]  Epoch[3] Batch [0-733]	Speed: 28694.86 samples/sec	cross-entropy=0.009820	marital-status-accuracy=3.181199
2024-03-19 17:42:07,294 [INFO]  Epoch[3] Train-cross-entropy=0.009525
2024-03-19 17:42:07,295 [INFO]  Epoch[3] Train-marital-status-accuracy=3.281421
2024-03-19 17:42:07,295 [INFO]  Epoch[3] Time cost=0.820
2024-03-19 17:42:07,296 [INFO]  Saved checkpoint to "./imputer_model/3_adult/imputer_model_marital-status/model-0003.params"
2024-03-19 17:42:07,335 [INFO]  Epoch[3] Validation-cross-entropy=0.017896
2024-03-19 17:42:07,335 [INFO]  Epoch[3] Validation-marital-status-accuracy=0.000000
2024-03-19 17:42:07,745 [INFO]  Epoch[4] Batch [0-733]	Speed: 28630.74 samples/sec	cross-entropy=0.012411	marital-status-accuracy=3.181199
2024-03-19 17:42:08,191 [INFO]  Epoch[4] Train-cross-entropy=0.010611
2024-03-19 17:42:08,191 [INFO]  Epoch[4] Train-marital-status-accuracy=3.281421
2024-03-19 17:42:08,191 [INFO]  Epoch[4] Time cost=0.856
2024-03-19 17:42:08,192 [INFO]  Saved checkpoint to "./imputer_model/3_adult/imputer_model_marital-status/model-0004.params"
2024-03-19 17:42:08,231 [INFO]  Epoch[4] Validation-cross-entropy=0.008396
2024-03-19 17:42:08,231 [INFO]  Epoch[4] Validation-marital-status-accuracy=0.000000
2024-03-19 17:42:08,231 [INFO]  
========== done (4.435050964355469 s) fit model
2024-03-19 17:42:38,192 [INFO]  
========== start: fit model
2024-03-19 17:42:38,192 [WARNING]  Already bound, ignoring bind()
2024-03-19 17:42:38,617 [INFO]  Epoch[0] Batch [0-733]	Speed: 27766.56 samples/sec	cross-entropy=0.042021	marital-status-accuracy=3.202997
2024-03-19 17:42:39,027 [INFO]  Epoch[0] Train-cross-entropy=0.004352
2024-03-19 17:42:39,027 [INFO]  Epoch[0] Train-marital-status-accuracy=3.198087
2024-03-19 17:42:39,027 [INFO]  Epoch[0] Time cost=0.834
2024-03-19 17:42:39,028 [INFO]  Saved checkpoint to "./imputer_model/3_adult/imputer_model_marital-status/model-0000.params"
2024-03-19 17:42:39,064 [INFO]  Epoch[0] Validation-cross-entropy=0.002228
2024-03-19 17:42:39,064 [INFO]  Epoch[0] Validation-marital-status-accuracy=0.000000
2024-03-19 17:42:39,483 [INFO]  Epoch[1] Batch [0-733]	Speed: 28059.95 samples/sec	cross-entropy=0.009049	marital-status-accuracy=3.202997
2024-03-19 17:42:39,894 [INFO]  Epoch[1] Train-cross-entropy=0.026840
2024-03-19 17:42:39,894 [INFO]  Epoch[1] Train-marital-status-accuracy=3.198087
2024-03-19 17:42:39,894 [INFO]  Epoch[1] Time cost=0.829
2024-03-19 17:42:39,895 [INFO]  Saved checkpoint to "./imputer_model/3_adult/imputer_model_marital-status/model-0001.params"
2024-03-19 17:42:39,932 [INFO]  Epoch[1] Validation-cross-entropy=0.015374
2024-03-19 17:42:39,932 [INFO]  Epoch[1] Validation-marital-status-accuracy=0.000000
2024-03-19 17:42:40,350 [INFO]  Epoch[2] Batch [0-733]	Speed: 28062.56 samples/sec	cross-entropy=0.001033	marital-status-accuracy=3.202997
2024-03-19 17:42:40,761 [INFO]  Epoch[2] Train-cross-entropy=0.004248
2024-03-19 17:42:40,761 [INFO]  Epoch[2] Train-marital-status-accuracy=3.198087
2024-03-19 17:42:40,761 [INFO]  Epoch[2] Time cost=0.829
2024-03-19 17:42:40,763 [INFO]  Saved checkpoint to "./imputer_model/3_adult/imputer_model_marital-status/model-0002.params"
2024-03-19 17:42:40,805 [INFO]  Epoch[2] Validation-cross-entropy=0.010800
2024-03-19 17:42:40,805 [INFO]  Epoch[2] Validation-marital-status-accuracy=0.000000
2024-03-19 17:42:41,241 [INFO]  Epoch[3] Batch [0-733]	Speed: 26963.60 samples/sec	cross-entropy=0.012871	marital-status-accuracy=3.202997
2024-03-19 17:42:41,655 [INFO]  Epoch[3] Train-cross-entropy=0.002058
2024-03-19 17:42:41,655 [INFO]  Epoch[3] Train-marital-status-accuracy=3.198087
2024-03-19 17:42:41,655 [INFO]  Epoch[3] Time cost=0.850
2024-03-19 17:42:41,656 [INFO]  Saved checkpoint to "./imputer_model/3_adult/imputer_model_marital-status/model-0003.params"
2024-03-19 17:42:41,693 [INFO]  Epoch[3] Validation-cross-entropy=0.021121
2024-03-19 17:42:41,693 [INFO]  Epoch[3] Validation-marital-status-accuracy=0.000000
2024-03-19 17:42:42,106 [INFO]  Epoch[4] Batch [0-733]	Speed: 28426.82 samples/sec	cross-entropy=0.011235	marital-status-accuracy=3.202997
2024-03-19 17:42:42,520 [INFO]  Epoch[4] Train-cross-entropy=0.001427
2024-03-19 17:42:42,520 [INFO]  Epoch[4] Train-marital-status-accuracy=3.198087
2024-03-19 17:42:42,520 [INFO]  Epoch[4] Time cost=0.827
2024-03-19 17:42:42,521 [INFO]  Saved checkpoint to "./imputer_model/3_adult/imputer_model_marital-status/model-0004.params"
2024-03-19 17:42:42,562 [INFO]  Epoch[4] Validation-cross-entropy=0.001568
2024-03-19 17:42:42,562 [INFO]  Epoch[4] Validation-marital-status-accuracy=0.000000
2024-03-19 17:42:42,562 [INFO]  
========== done (4.370201349258423 s) fit model
2024-03-19 17:44:12,099 [INFO]  
========== start: fit model
2024-03-19 17:44:12,099 [WARNING]  Already bound, ignoring bind()
2024-03-19 17:44:12,530 [INFO]  Epoch[0] Batch [0-733]	Speed: 27363.70 samples/sec	cross-entropy=0.348357	marital-status-accuracy=0.000000
2024-03-19 17:44:12,944 [INFO]  Epoch[0] Train-cross-entropy=0.027962
2024-03-19 17:44:12,944 [INFO]  Epoch[0] Train-marital-status-accuracy=0.000000
2024-03-19 17:44:12,944 [INFO]  Epoch[0] Time cost=0.844
2024-03-19 17:44:12,946 [INFO]  Saved checkpoint to "./imputer_model/3_adult/imputer_model_marital-status/model-0000.params"
2024-03-19 17:44:12,983 [INFO]  Epoch[0] Validation-cross-entropy=0.098180
2024-03-19 17:44:12,983 [INFO]  Epoch[0] Validation-marital-status-accuracy=0.000000
2024-03-19 17:44:13,399 [INFO]  Epoch[1] Batch [0-733]	Speed: 28247.89 samples/sec	cross-entropy=0.053879	marital-status-accuracy=0.000000
2024-03-19 17:44:13,813 [INFO]  Epoch[1] Train-cross-entropy=0.004608
2024-03-19 17:44:13,813 [INFO]  Epoch[1] Train-marital-status-accuracy=0.000000
2024-03-19 17:44:13,813 [INFO]  Epoch[1] Time cost=0.830
2024-03-19 17:44:13,814 [INFO]  Saved checkpoint to "./imputer_model/3_adult/imputer_model_marital-status/model-0001.params"
2024-03-19 17:44:13,852 [INFO]  Epoch[1] Validation-cross-entropy=0.001096
2024-03-19 17:44:13,852 [INFO]  Epoch[1] Validation-marital-status-accuracy=0.000000
2024-03-19 17:44:14,266 [INFO]  Epoch[2] Batch [0-733]	Speed: 28373.07 samples/sec	cross-entropy=0.015960	marital-status-accuracy=0.000000
2024-03-19 17:44:14,679 [INFO]  Epoch[2] Train-cross-entropy=0.011402
2024-03-19 17:44:14,679 [INFO]  Epoch[2] Train-marital-status-accuracy=0.000000
2024-03-19 17:44:14,679 [INFO]  Epoch[2] Time cost=0.827
2024-03-19 17:44:14,680 [INFO]  Saved checkpoint to "./imputer_model/3_adult/imputer_model_marital-status/model-0002.params"
2024-03-19 17:44:14,718 [INFO]  Epoch[2] Validation-cross-entropy=0.003848
2024-03-19 17:44:14,718 [INFO]  Epoch[2] Validation-marital-status-accuracy=0.000000
2024-03-19 17:44:15,133 [INFO]  Epoch[3] Batch [0-733]	Speed: 28307.13 samples/sec	cross-entropy=0.040349	marital-status-accuracy=0.000000
2024-03-19 17:44:15,551 [INFO]  Epoch[3] Train-cross-entropy=0.001157
2024-03-19 17:44:15,551 [INFO]  Epoch[3] Train-marital-status-accuracy=0.000000
2024-03-19 17:44:15,551 [INFO]  Epoch[3] Time cost=0.833
2024-03-19 17:44:15,552 [INFO]  Saved checkpoint to "./imputer_model/3_adult/imputer_model_marital-status/model-0003.params"
2024-03-19 17:44:15,590 [INFO]  Epoch[3] Validation-cross-entropy=0.000330
2024-03-19 17:44:15,590 [INFO]  Epoch[3] Validation-marital-status-accuracy=0.000000
2024-03-19 17:44:16,003 [INFO]  Epoch[4] Batch [0-733]	Speed: 28448.72 samples/sec	cross-entropy=0.002062	marital-status-accuracy=0.000000
2024-03-19 17:44:16,424 [INFO]  Epoch[4] Train-cross-entropy=0.007114
2024-03-19 17:44:16,424 [INFO]  Epoch[4] Train-marital-status-accuracy=0.000000
2024-03-19 17:44:16,424 [INFO]  Epoch[4] Time cost=0.834
2024-03-19 17:44:16,425 [INFO]  Saved checkpoint to "./imputer_model/3_adult/imputer_model_marital-status/model-0004.params"
2024-03-19 17:44:16,462 [INFO]  Epoch[4] Validation-cross-entropy=0.005738
2024-03-19 17:44:16,462 [INFO]  Epoch[4] Validation-marital-status-accuracy=0.000000
2024-03-19 17:44:16,462 [INFO]  
========== done (4.363657474517822 s) fit model
2024-03-19 17:47:41,127 [INFO]  
========== start: fit model
2024-03-19 17:47:41,127 [WARNING]  Already bound, ignoring bind()
2024-03-19 17:47:42,228 [INFO]  Epoch[0] Batch [0-733]	Speed: 11366.22 samples/sec	cross-entropy=0.499542	marital-status-accuracy=3.181199
2024-03-19 17:47:43,093 [INFO]  Epoch[0] Train-cross-entropy=0.073447
2024-03-19 17:47:43,093 [INFO]  Epoch[0] Train-marital-status-accuracy=3.232240
2024-03-19 17:47:43,093 [INFO]  Epoch[0] Time cost=1.964
2024-03-19 17:47:43,096 [INFO]  Saved checkpoint to "./imputer_model/3_adult/imputer_model_marital-status/model-0000.params"
2024-03-19 17:47:43,169 [INFO]  Epoch[0] Validation-cross-entropy=0.036610
2024-03-19 17:47:43,169 [INFO]  Epoch[0] Validation-marital-status-accuracy=0.000000
2024-03-19 17:47:44,303 [INFO]  Epoch[1] Batch [0-733]	Speed: 10358.66 samples/sec	cross-entropy=0.038518	marital-status-accuracy=3.181199
2024-03-19 17:47:45,129 [INFO]  Epoch[1] Train-cross-entropy=0.024451
2024-03-19 17:47:45,130 [INFO]  Epoch[1] Train-marital-status-accuracy=3.232240
2024-03-19 17:47:45,130 [INFO]  Epoch[1] Time cost=1.961
2024-03-19 17:47:45,133 [INFO]  Saved checkpoint to "./imputer_model/3_adult/imputer_model_marital-status/model-0001.params"
2024-03-19 17:47:45,200 [INFO]  Epoch[1] Validation-cross-entropy=0.045019
2024-03-19 17:47:45,200 [INFO]  Epoch[1] Validation-marital-status-accuracy=0.000000
2024-03-19 17:47:46,322 [INFO]  Epoch[2] Batch [0-733]	Speed: 10464.18 samples/sec	cross-entropy=0.031560	marital-status-accuracy=3.181199
2024-03-19 17:47:47,345 [INFO]  Epoch[2] Train-cross-entropy=0.019423
2024-03-19 17:47:47,345 [INFO]  Epoch[2] Train-marital-status-accuracy=3.232240
2024-03-19 17:47:47,345 [INFO]  Epoch[2] Time cost=2.145
2024-03-19 17:47:47,347 [INFO]  Saved checkpoint to "./imputer_model/3_adult/imputer_model_marital-status/model-0002.params"
2024-03-19 17:47:47,410 [INFO]  Epoch[2] Validation-cross-entropy=0.014303
2024-03-19 17:47:47,410 [INFO]  Epoch[2] Validation-marital-status-accuracy=0.000000
2024-03-19 17:47:48,209 [INFO]  Epoch[3] Batch [0-733]	Speed: 14715.44 samples/sec	cross-entropy=0.010640	marital-status-accuracy=3.181199
2024-03-19 17:47:49,258 [INFO]  Epoch[3] Train-cross-entropy=0.012291
2024-03-19 17:47:49,258 [INFO]  Epoch[3] Train-marital-status-accuracy=3.232240
2024-03-19 17:47:49,258 [INFO]  Epoch[3] Time cost=1.848
2024-03-19 17:47:49,261 [INFO]  Saved checkpoint to "./imputer_model/3_adult/imputer_model_marital-status/model-0003.params"
2024-03-19 17:47:49,312 [INFO]  Epoch[3] Validation-cross-entropy=0.010552
2024-03-19 17:47:49,312 [INFO]  Epoch[3] Validation-marital-status-accuracy=0.000000
2024-03-19 17:47:50,124 [INFO]  Epoch[4] Batch [0-733]	Speed: 14476.86 samples/sec	cross-entropy=0.012754	marital-status-accuracy=3.181199
2024-03-19 17:47:50,943 [INFO]  Epoch[4] Train-cross-entropy=0.014366
2024-03-19 17:47:50,943 [INFO]  Epoch[4] Train-marital-status-accuracy=3.232240
2024-03-19 17:47:50,943 [INFO]  Epoch[4] Time cost=1.631
2024-03-19 17:47:50,945 [INFO]  Saved checkpoint to "./imputer_model/3_adult/imputer_model_marital-status/model-0004.params"
2024-03-19 17:47:51,009 [INFO]  Epoch[4] Validation-cross-entropy=0.003982
2024-03-19 17:47:51,009 [INFO]  Epoch[4] Validation-marital-status-accuracy=0.000000
2024-03-19 17:47:51,009 [INFO]  
========== done (9.881588459014893 s) fit model
2024-03-19 17:48:51,747 [INFO]  
========== start: fit model
2024-03-19 17:48:51,747 [WARNING]  Already bound, ignoring bind()
2024-03-19 17:48:52,670 [INFO]  Epoch[0] Batch [0-733]	Speed: 12893.92 samples/sec	cross-entropy=0.352382	marital-status-accuracy=3.144414
2024-03-19 17:48:53,805 [INFO]  Epoch[0] Train-cross-entropy=0.013902
2024-03-19 17:48:53,805 [INFO]  Epoch[0] Train-marital-status-accuracy=3.297814
2024-03-19 17:48:53,805 [INFO]  Epoch[0] Time cost=2.057
2024-03-19 17:48:53,807 [INFO]  Saved checkpoint to "./imputer_model/3_adult/imputer_model_marital-status/model-0000.params"
2024-03-19 17:48:53,897 [INFO]  Epoch[0] Validation-cross-entropy=0.013552
2024-03-19 17:48:53,897 [INFO]  Epoch[0] Validation-marital-status-accuracy=0.000000
2024-03-19 17:48:54,822 [INFO]  Epoch[1] Batch [0-733]	Speed: 12688.67 samples/sec	cross-entropy=0.012762	marital-status-accuracy=3.144414
2024-03-19 17:48:55,759 [INFO]  Epoch[1] Train-cross-entropy=0.011306
2024-03-19 17:48:55,759 [INFO]  Epoch[1] Train-marital-status-accuracy=3.297814
2024-03-19 17:48:55,759 [INFO]  Epoch[1] Time cost=1.862
2024-03-19 17:48:55,760 [INFO]  Saved checkpoint to "./imputer_model/3_adult/imputer_model_marital-status/model-0001.params"
2024-03-19 17:48:55,826 [INFO]  Epoch[1] Validation-cross-entropy=0.003683
2024-03-19 17:48:55,827 [INFO]  Epoch[1] Validation-marital-status-accuracy=0.000000
2024-03-19 17:48:56,802 [INFO]  Epoch[2] Batch [0-733]	Speed: 12046.35 samples/sec	cross-entropy=0.015423	marital-status-accuracy=3.144414
2024-03-19 17:48:57,686 [INFO]  Epoch[2] Train-cross-entropy=0.008685
2024-03-19 17:48:57,687 [INFO]  Epoch[2] Train-marital-status-accuracy=3.297814
2024-03-19 17:48:57,687 [INFO]  Epoch[2] Time cost=1.860
2024-03-19 17:48:57,689 [INFO]  Saved checkpoint to "./imputer_model/3_adult/imputer_model_marital-status/model-0002.params"
2024-03-19 17:48:57,764 [INFO]  Epoch[2] Validation-cross-entropy=0.003940
2024-03-19 17:48:57,765 [INFO]  Epoch[2] Validation-marital-status-accuracy=0.000000
2024-03-19 17:48:58,585 [INFO]  Epoch[3] Batch [0-733]	Speed: 14327.82 samples/sec	cross-entropy=0.011251	marital-status-accuracy=3.144414
2024-03-19 17:48:59,754 [INFO]  Epoch[3] Train-cross-entropy=0.009315
2024-03-19 17:48:59,754 [INFO]  Epoch[3] Train-marital-status-accuracy=3.297814
2024-03-19 17:48:59,754 [INFO]  Epoch[3] Time cost=1.989
2024-03-19 17:48:59,756 [INFO]  Saved checkpoint to "./imputer_model/3_adult/imputer_model_marital-status/model-0003.params"
2024-03-19 17:48:59,822 [INFO]  Epoch[3] Validation-cross-entropy=0.002512
2024-03-19 17:48:59,823 [INFO]  Epoch[3] Validation-marital-status-accuracy=0.000000
2024-03-19 17:49:00,705 [INFO]  Epoch[4] Batch [0-733]	Speed: 13309.27 samples/sec	cross-entropy=0.003534	marital-status-accuracy=3.144414
2024-03-19 17:49:01,576 [INFO]  Epoch[4] Train-cross-entropy=0.008161
2024-03-19 17:49:01,576 [INFO]  Epoch[4] Train-marital-status-accuracy=3.297814
2024-03-19 17:49:01,576 [INFO]  Epoch[4] Time cost=1.753
2024-03-19 17:49:01,578 [INFO]  Saved checkpoint to "./imputer_model/3_adult/imputer_model_marital-status/model-0004.params"
2024-03-19 17:49:01,647 [INFO]  Epoch[4] Validation-cross-entropy=0.000437
2024-03-19 17:49:01,647 [INFO]  Epoch[4] Validation-marital-status-accuracy=0.000000
2024-03-19 17:49:01,648 [INFO]  
========== done (9.901043891906738 s) fit model
2024-03-19 17:50:54,924 [INFO]  
========== start: fit model
2024-03-19 17:50:54,924 [WARNING]  Already bound, ignoring bind()
2024-03-19 17:50:55,863 [INFO]  Epoch[0] Batch [0-733]	Speed: 12716.72 samples/sec	cross-entropy=0.041238	marital-status-accuracy=3.114441
2024-03-19 17:50:56,675 [INFO]  Epoch[0] Train-cross-entropy=0.000000
2024-03-19 17:50:56,676 [INFO]  Epoch[0] Train-marital-status-accuracy=3.228142
2024-03-19 17:50:56,676 [INFO]  Epoch[0] Time cost=1.750
2024-03-19 17:50:56,678 [INFO]  Saved checkpoint to "./imputer_model/3_adult/imputer_model_marital-status/model-0000.params"
2024-03-19 17:50:56,742 [INFO]  Epoch[0] Validation-cross-entropy=0.000000
2024-03-19 17:50:56,742 [INFO]  Epoch[0] Validation-marital-status-accuracy=0.000000
2024-03-19 17:50:57,585 [INFO]  Epoch[1] Batch [0-733]	Speed: 13928.84 samples/sec	cross-entropy=0.001397	marital-status-accuracy=3.114441
2024-03-19 17:50:58,465 [INFO]  Epoch[1] Train-cross-entropy=0.009535
2024-03-19 17:50:58,465 [INFO]  Epoch[1] Train-marital-status-accuracy=3.228142
2024-03-19 17:50:58,466 [INFO]  Epoch[1] Time cost=1.724
2024-03-19 17:50:58,468 [INFO]  Saved checkpoint to "./imputer_model/3_adult/imputer_model_marital-status/model-0001.params"
2024-03-19 17:50:58,532 [INFO]  Epoch[1] Validation-cross-entropy=0.000000
2024-03-19 17:50:58,532 [INFO]  Epoch[1] Validation-marital-status-accuracy=0.000000
2024-03-19 17:50:59,445 [INFO]  Epoch[2] Batch [0-733]	Speed: 12868.13 samples/sec	cross-entropy=0.001402	marital-status-accuracy=3.114441
2024-03-19 17:51:00,428 [INFO]  Epoch[2] Train-cross-entropy=0.009112
2024-03-19 17:51:00,428 [INFO]  Epoch[2] Train-marital-status-accuracy=3.228142
2024-03-19 17:51:00,428 [INFO]  Epoch[2] Time cost=1.896
2024-03-19 17:51:00,430 [INFO]  Saved checkpoint to "./imputer_model/3_adult/imputer_model_marital-status/model-0002.params"
2024-03-19 17:51:00,495 [INFO]  Epoch[2] Validation-cross-entropy=0.001117
2024-03-19 17:51:00,496 [INFO]  Epoch[2] Validation-marital-status-accuracy=0.000000
2024-03-19 17:51:01,448 [INFO]  Epoch[3] Batch [0-733]	Speed: 12333.04 samples/sec	cross-entropy=0.003221	marital-status-accuracy=3.114441
2024-03-19 17:51:02,169 [INFO]  Epoch[3] Train-cross-entropy=0.018361
2024-03-19 17:51:02,169 [INFO]  Epoch[3] Train-marital-status-accuracy=3.228142
2024-03-19 17:51:02,169 [INFO]  Epoch[3] Time cost=1.673
2024-03-19 17:51:02,171 [INFO]  Saved checkpoint to "./imputer_model/3_adult/imputer_model_marital-status/model-0003.params"
2024-03-19 17:51:02,260 [INFO]  Epoch[3] Validation-cross-entropy=0.007318
2024-03-19 17:51:02,260 [INFO]  Epoch[3] Validation-marital-status-accuracy=0.000000
2024-03-19 17:51:03,601 [INFO]  Epoch[4] Batch [0-733]	Speed: 8755.71 samples/sec	cross-entropy=0.000280	marital-status-accuracy=3.114441
2024-03-19 17:51:04,443 [INFO]  Epoch[4] Train-cross-entropy=0.000033
2024-03-19 17:51:04,444 [INFO]  Epoch[4] Train-marital-status-accuracy=3.228142
2024-03-19 17:51:04,444 [INFO]  Epoch[4] Time cost=2.184
2024-03-19 17:51:04,447 [INFO]  Saved checkpoint to "./imputer_model/3_adult/imputer_model_marital-status/model-0004.params"
2024-03-19 17:51:04,512 [INFO]  Epoch[4] Validation-cross-entropy=0.000004
2024-03-19 17:51:04,512 [INFO]  Epoch[4] Validation-marital-status-accuracy=0.000000
2024-03-19 17:51:04,512 [INFO]  
========== done (9.587970495223999 s) fit model
2024-03-19 17:54:47,189 [INFO]  
========== start: fit model
2024-03-19 17:54:47,189 [WARNING]  Already bound, ignoring bind()
2024-03-19 17:54:47,911 [INFO]  Epoch[0] Batch [0-733]	Speed: 16342.60 samples/sec	cross-entropy=0.273069	marital-status-accuracy=3.134877
2024-03-19 17:54:48,795 [INFO]  Epoch[0] Train-cross-entropy=0.045719
2024-03-19 17:54:48,795 [INFO]  Epoch[0] Train-marital-status-accuracy=3.236339
2024-03-19 17:54:48,795 [INFO]  Epoch[0] Time cost=1.605
2024-03-19 17:54:48,797 [INFO]  Saved checkpoint to "./imputer_model/3_adult/imputer_model_marital-status/model-0000.params"
2024-03-19 17:54:48,837 [INFO]  Epoch[0] Validation-cross-entropy=0.025281
2024-03-19 17:54:48,837 [INFO]  Epoch[0] Validation-marital-status-accuracy=0.000000
2024-03-19 17:54:49,627 [INFO]  Epoch[1] Batch [0-733]	Speed: 14864.24 samples/sec	cross-entropy=0.024760	marital-status-accuracy=3.134877
2024-03-19 17:54:50,590 [INFO]  Epoch[1] Train-cross-entropy=0.027353
2024-03-19 17:54:50,590 [INFO]  Epoch[1] Train-marital-status-accuracy=3.236339
2024-03-19 17:54:50,590 [INFO]  Epoch[1] Time cost=1.753
2024-03-19 17:54:50,592 [INFO]  Saved checkpoint to "./imputer_model/3_adult/imputer_model_marital-status/model-0001.params"
2024-03-19 17:54:50,661 [INFO]  Epoch[1] Validation-cross-entropy=0.015206
2024-03-19 17:54:50,661 [INFO]  Epoch[1] Validation-marital-status-accuracy=0.000000
2024-03-19 17:54:51,245 [INFO]  Epoch[2] Batch [0-733]	Speed: 20146.37 samples/sec	cross-entropy=0.013210	marital-status-accuracy=3.134877
2024-03-19 17:54:52,233 [INFO]  Epoch[2] Train-cross-entropy=0.013122
2024-03-19 17:54:52,233 [INFO]  Epoch[2] Train-marital-status-accuracy=3.236339
2024-03-19 17:54:52,233 [INFO]  Epoch[2] Time cost=1.572
2024-03-19 17:54:52,234 [INFO]  Saved checkpoint to "./imputer_model/3_adult/imputer_model_marital-status/model-0002.params"
2024-03-19 17:54:52,324 [INFO]  Epoch[2] Validation-cross-entropy=0.009718
2024-03-19 17:54:52,324 [INFO]  Epoch[2] Validation-marital-status-accuracy=0.000000
2024-03-19 17:54:53,095 [INFO]  Epoch[3] Batch [0-733]	Speed: 15228.72 samples/sec	cross-entropy=0.007906	marital-status-accuracy=3.134877
2024-03-19 17:54:53,823 [INFO]  Epoch[3] Train-cross-entropy=0.014206
2024-03-19 17:54:53,823 [INFO]  Epoch[3] Train-marital-status-accuracy=3.236339
2024-03-19 17:54:53,823 [INFO]  Epoch[3] Time cost=1.499
2024-03-19 17:54:53,825 [INFO]  Saved checkpoint to "./imputer_model/3_adult/imputer_model_marital-status/model-0003.params"
2024-03-19 17:54:53,893 [INFO]  Epoch[3] Validation-cross-entropy=0.003608
2024-03-19 17:54:53,893 [INFO]  Epoch[3] Validation-marital-status-accuracy=0.000000
2024-03-19 17:54:54,803 [INFO]  Epoch[4] Batch [0-733]	Speed: 12913.23 samples/sec	cross-entropy=0.005374	marital-status-accuracy=3.134877
2024-03-19 17:54:55,705 [INFO]  Epoch[4] Train-cross-entropy=0.007076
2024-03-19 17:54:55,706 [INFO]  Epoch[4] Train-marital-status-accuracy=3.236339
2024-03-19 17:54:55,706 [INFO]  Epoch[4] Time cost=1.812
2024-03-19 17:54:55,709 [INFO]  Saved checkpoint to "./imputer_model/3_adult/imputer_model_marital-status/model-0004.params"
2024-03-19 17:54:55,777 [INFO]  Epoch[4] Validation-cross-entropy=0.008160
2024-03-19 17:54:55,777 [INFO]  Epoch[4] Validation-marital-status-accuracy=0.000000
2024-03-19 17:54:55,777 [INFO]  
========== done (8.588205337524414 s) fit model
2024-03-19 17:56:48,852 [INFO]  
========== start: fit model
2024-03-19 17:56:48,852 [WARNING]  Already bound, ignoring bind()
2024-03-19 17:56:49,681 [INFO]  Epoch[0] Batch [0-733]	Speed: 14289.71 samples/sec	cross-entropy=0.304059	marital-status-accuracy=0.000000
2024-03-19 17:56:50,495 [INFO]  Epoch[0] Train-cross-entropy=0.009048
2024-03-19 17:56:50,495 [INFO]  Epoch[0] Train-marital-status-accuracy=0.000000
2024-03-19 17:56:50,495 [INFO]  Epoch[0] Time cost=1.642
2024-03-19 17:56:50,497 [INFO]  Saved checkpoint to "./imputer_model/3_adult/imputer_model_marital-status/model-0000.params"
2024-03-19 17:56:50,664 [INFO]  Epoch[0] Validation-cross-entropy=0.004692
2024-03-19 17:56:50,664 [INFO]  Epoch[0] Validation-marital-status-accuracy=0.000000
2024-03-19 17:56:51,572 [INFO]  Epoch[1] Batch [0-733]	Speed: 12952.67 samples/sec	cross-entropy=0.022015	marital-status-accuracy=0.000000
2024-03-19 17:56:52,769 [INFO]  Epoch[1] Train-cross-entropy=0.040584
2024-03-19 17:56:52,770 [INFO]  Epoch[1] Train-marital-status-accuracy=0.000000
2024-03-19 17:56:52,770 [INFO]  Epoch[1] Time cost=2.106
2024-03-19 17:56:52,772 [INFO]  Saved checkpoint to "./imputer_model/3_adult/imputer_model_marital-status/model-0001.params"
2024-03-19 17:56:52,854 [INFO]  Epoch[1] Validation-cross-entropy=0.002267
2024-03-19 17:56:52,854 [INFO]  Epoch[1] Validation-marital-status-accuracy=0.000000
2024-03-19 17:56:53,807 [INFO]  Epoch[2] Batch [0-733]	Speed: 12308.22 samples/sec	cross-entropy=0.003614	marital-status-accuracy=0.000000
2024-03-19 17:56:54,647 [INFO]  Epoch[2] Train-cross-entropy=0.008422
2024-03-19 17:56:54,647 [INFO]  Epoch[2] Train-marital-status-accuracy=0.000000
2024-03-19 17:56:54,647 [INFO]  Epoch[2] Time cost=1.793
2024-03-19 17:56:54,649 [INFO]  Saved checkpoint to "./imputer_model/3_adult/imputer_model_marital-status/model-0002.params"
2024-03-19 17:56:54,713 [INFO]  Epoch[2] Validation-cross-entropy=0.001763
2024-03-19 17:56:54,713 [INFO]  Epoch[2] Validation-marital-status-accuracy=0.000000
2024-03-19 17:56:55,608 [INFO]  Epoch[3] Batch [0-733]	Speed: 13126.88 samples/sec	cross-entropy=0.014709	marital-status-accuracy=0.000000
2024-03-19 17:56:56,520 [INFO]  Epoch[3] Train-cross-entropy=0.021792
2024-03-19 17:56:56,520 [INFO]  Epoch[3] Train-marital-status-accuracy=0.000000
2024-03-19 17:56:56,520 [INFO]  Epoch[3] Time cost=1.807
2024-03-19 17:56:56,522 [INFO]  Saved checkpoint to "./imputer_model/3_adult/imputer_model_marital-status/model-0003.params"
2024-03-19 17:56:56,593 [INFO]  Epoch[3] Validation-cross-entropy=0.003622
2024-03-19 17:56:56,593 [INFO]  Epoch[3] Validation-marital-status-accuracy=0.000000
2024-03-19 17:56:57,551 [INFO]  Epoch[4] Batch [0-733]	Speed: 12258.05 samples/sec	cross-entropy=0.003062	marital-status-accuracy=0.000000
2024-03-19 17:56:58,549 [INFO]  Epoch[4] Train-cross-entropy=0.017798
2024-03-19 17:56:58,549 [INFO]  Epoch[4] Train-marital-status-accuracy=0.000000
2024-03-19 17:56:58,549 [INFO]  Epoch[4] Time cost=1.956
2024-03-19 17:56:58,551 [INFO]  Saved checkpoint to "./imputer_model/3_adult/imputer_model_marital-status/model-0004.params"
2024-03-19 17:56:58,621 [INFO]  Epoch[4] Validation-cross-entropy=0.001484
2024-03-19 17:56:58,622 [INFO]  Epoch[4] Validation-marital-status-accuracy=0.000000
2024-03-19 17:56:58,622 [INFO]  
========== done (9.769915342330933 s) fit model
2024-03-19 17:58:59,732 [INFO]  
========== start: fit model
2024-03-19 17:58:59,732 [WARNING]  Already bound, ignoring bind()
2024-03-19 17:59:00,423 [INFO]  Epoch[0] Batch [0-733]	Speed: 17111.02 samples/sec	cross-entropy=0.037524	marital-status-accuracy=3.220708
2024-03-19 17:59:01,277 [INFO]  Epoch[0] Train-cross-entropy=0.000000
2024-03-19 17:59:01,277 [INFO]  Epoch[0] Train-marital-status-accuracy=3.195355
2024-03-19 17:59:01,277 [INFO]  Epoch[0] Time cost=1.544
2024-03-19 17:59:01,280 [INFO]  Saved checkpoint to "./imputer_model/3_adult/imputer_model_marital-status/model-0000.params"
2024-03-19 17:59:01,351 [INFO]  Epoch[0] Validation-cross-entropy=0.000000
2024-03-19 17:59:01,351 [INFO]  Epoch[0] Validation-marital-status-accuracy=0.000000
2024-03-19 17:59:02,221 [INFO]  Epoch[1] Batch [0-733]	Speed: 13503.62 samples/sec	cross-entropy=0.000000	marital-status-accuracy=3.220708
2024-03-19 17:59:03,114 [INFO]  Epoch[1] Train-cross-entropy=0.003600
2024-03-19 17:59:03,115 [INFO]  Epoch[1] Train-marital-status-accuracy=3.195355
2024-03-19 17:59:03,115 [INFO]  Epoch[1] Time cost=1.764
2024-03-19 17:59:03,118 [INFO]  Saved checkpoint to "./imputer_model/3_adult/imputer_model_marital-status/model-0001.params"
2024-03-19 17:59:03,183 [INFO]  Epoch[1] Validation-cross-entropy=0.027534
2024-03-19 17:59:03,184 [INFO]  Epoch[1] Validation-marital-status-accuracy=0.000000
2024-03-19 17:59:04,630 [INFO]  Epoch[2] Batch [0-733]	Speed: 8117.19 samples/sec	cross-entropy=0.022295	marital-status-accuracy=3.220708
2024-03-19 17:59:05,491 [INFO]  Epoch[2] Train-cross-entropy=0.000032
2024-03-19 17:59:05,491 [INFO]  Epoch[2] Train-marital-status-accuracy=3.195355
2024-03-19 17:59:05,491 [INFO]  Epoch[2] Time cost=2.308
2024-03-19 17:59:05,494 [INFO]  Saved checkpoint to "./imputer_model/3_adult/imputer_model_marital-status/model-0002.params"
2024-03-19 17:59:05,558 [INFO]  Epoch[2] Validation-cross-entropy=0.000015
2024-03-19 17:59:05,559 [INFO]  Epoch[2] Validation-marital-status-accuracy=0.000000
2024-03-19 17:59:06,397 [INFO]  Epoch[3] Batch [0-733]	Speed: 14008.80 samples/sec	cross-entropy=0.012342	marital-status-accuracy=3.220708
2024-03-19 17:59:07,267 [INFO]  Epoch[3] Train-cross-entropy=0.000004
2024-03-19 17:59:07,267 [INFO]  Epoch[3] Train-marital-status-accuracy=3.195355
2024-03-19 17:59:07,267 [INFO]  Epoch[3] Time cost=1.708
2024-03-19 17:59:07,269 [INFO]  Saved checkpoint to "./imputer_model/3_adult/imputer_model_marital-status/model-0003.params"
2024-03-19 17:59:07,359 [INFO]  Epoch[3] Validation-cross-entropy=0.000006
2024-03-19 17:59:07,359 [INFO]  Epoch[3] Validation-marital-status-accuracy=0.000000
2024-03-19 17:59:08,377 [INFO]  Epoch[4] Batch [0-733]	Speed: 11536.63 samples/sec	cross-entropy=0.010246	marital-status-accuracy=3.220708
2024-03-19 17:59:09,082 [INFO]  Epoch[4] Train-cross-entropy=0.000133
2024-03-19 17:59:09,083 [INFO]  Epoch[4] Train-marital-status-accuracy=3.195355
2024-03-19 17:59:09,083 [INFO]  Epoch[4] Time cost=1.723
2024-03-19 17:59:09,085 [INFO]  Saved checkpoint to "./imputer_model/3_adult/imputer_model_marital-status/model-0004.params"
2024-03-19 17:59:09,178 [INFO]  Epoch[4] Validation-cross-entropy=0.000142
2024-03-19 17:59:09,178 [INFO]  Epoch[4] Validation-marital-status-accuracy=0.000000
2024-03-19 17:59:09,178 [INFO]  
========== done (9.446337461471558 s) fit model
2024-03-19 18:03:16,434 [INFO]  
========== start: fit model
2024-03-19 18:03:16,434 [WARNING]  Already bound, ignoring bind()
2024-03-19 18:03:17,467 [INFO]  Epoch[0] Batch [0-733]	Speed: 11391.61 samples/sec	cross-entropy=0.543926	marital-status-accuracy=0.000000
2024-03-19 18:03:18,448 [INFO]  Epoch[0] Train-cross-entropy=0.094200
2024-03-19 18:03:18,448 [INFO]  Epoch[0] Train-marital-status-accuracy=0.000000
2024-03-19 18:03:18,448 [INFO]  Epoch[0] Time cost=2.013
2024-03-19 18:03:18,450 [INFO]  Saved checkpoint to "./imputer_model/3_adult/imputer_model_marital-status/model-0000.params"
2024-03-19 18:03:18,518 [INFO]  Epoch[0] Validation-cross-entropy=0.078812
2024-03-19 18:03:18,518 [INFO]  Epoch[0] Validation-marital-status-accuracy=0.000000
2024-03-19 18:03:19,415 [INFO]  Epoch[1] Batch [0-733]	Speed: 13089.37 samples/sec	cross-entropy=0.024556	marital-status-accuracy=0.000000
2024-03-19 18:03:20,240 [INFO]  Epoch[1] Train-cross-entropy=0.038135
2024-03-19 18:03:20,241 [INFO]  Epoch[1] Train-marital-status-accuracy=0.000000
2024-03-19 18:03:20,241 [INFO]  Epoch[1] Time cost=1.723
2024-03-19 18:03:20,243 [INFO]  Saved checkpoint to "./imputer_model/3_adult/imputer_model_marital-status/model-0001.params"
2024-03-19 18:03:20,315 [INFO]  Epoch[1] Validation-cross-entropy=0.019047
2024-03-19 18:03:20,316 [INFO]  Epoch[1] Validation-marital-status-accuracy=0.000000
2024-03-19 18:03:21,158 [INFO]  Epoch[2] Batch [0-733]	Speed: 13942.97 samples/sec	cross-entropy=0.015120	marital-status-accuracy=0.000000
2024-03-19 18:03:22,035 [INFO]  Epoch[2] Train-cross-entropy=0.032453
2024-03-19 18:03:22,035 [INFO]  Epoch[2] Train-marital-status-accuracy=0.000000
2024-03-19 18:03:22,035 [INFO]  Epoch[2] Time cost=1.720
2024-03-19 18:03:22,037 [INFO]  Saved checkpoint to "./imputer_model/3_adult/imputer_model_marital-status/model-0002.params"
2024-03-19 18:03:22,104 [INFO]  Epoch[2] Validation-cross-entropy=0.005001
2024-03-19 18:03:22,104 [INFO]  Epoch[2] Validation-marital-status-accuracy=0.000000
2024-03-19 18:03:22,963 [INFO]  Epoch[3] Batch [0-733]	Speed: 13665.31 samples/sec	cross-entropy=0.007439	marital-status-accuracy=0.000000
2024-03-19 18:03:23,890 [INFO]  Epoch[3] Train-cross-entropy=0.022037
2024-03-19 18:03:23,890 [INFO]  Epoch[3] Train-marital-status-accuracy=0.000000
2024-03-19 18:03:23,890 [INFO]  Epoch[3] Time cost=1.786
2024-03-19 18:03:23,893 [INFO]  Saved checkpoint to "./imputer_model/3_adult/imputer_model_marital-status/model-0003.params"
2024-03-19 18:03:23,958 [INFO]  Epoch[3] Validation-cross-entropy=0.005830
2024-03-19 18:03:23,959 [INFO]  Epoch[3] Validation-marital-status-accuracy=0.000000
2024-03-19 18:03:24,738 [INFO]  Epoch[4] Batch [0-733]	Speed: 15073.19 samples/sec	cross-entropy=0.012589	marital-status-accuracy=0.000000
2024-03-19 18:03:25,744 [INFO]  Epoch[4] Train-cross-entropy=0.007516
2024-03-19 18:03:25,744 [INFO]  Epoch[4] Train-marital-status-accuracy=0.000000
2024-03-19 18:03:25,744 [INFO]  Epoch[4] Time cost=1.786
2024-03-19 18:03:25,747 [INFO]  Saved checkpoint to "./imputer_model/3_adult/imputer_model_marital-status/model-0004.params"
2024-03-19 18:03:25,813 [INFO]  Epoch[4] Validation-cross-entropy=0.014636
2024-03-19 18:03:25,813 [INFO]  Epoch[4] Validation-marital-status-accuracy=0.000000
2024-03-19 18:03:25,813 [INFO]  
========== done (9.379307746887207 s) fit model
2024-03-19 18:04:17,017 [INFO]  
========== start: fit model
2024-03-19 18:04:17,017 [WARNING]  Already bound, ignoring bind()
2024-03-19 18:04:18,097 [INFO]  Epoch[0] Batch [0-733]	Speed: 10902.51 samples/sec	cross-entropy=0.079626	marital-status-accuracy=0.000000
2024-03-19 18:04:18,997 [INFO]  Epoch[0] Train-cross-entropy=0.000000
2024-03-19 18:04:18,998 [INFO]  Epoch[0] Train-marital-status-accuracy=0.000000
2024-03-19 18:04:18,998 [INFO]  Epoch[0] Time cost=1.979
2024-03-19 18:04:19,000 [INFO]  Saved checkpoint to "./imputer_model/3_adult/imputer_model_marital-status/model-0000.params"
2024-03-19 18:04:19,067 [INFO]  Epoch[0] Validation-cross-entropy=0.000000
2024-03-19 18:04:19,067 [INFO]  Epoch[0] Validation-marital-status-accuracy=0.000000
2024-03-19 18:04:19,988 [INFO]  Epoch[1] Batch [0-733]	Speed: 12751.88 samples/sec	cross-entropy=0.000003	marital-status-accuracy=0.000000
2024-03-19 18:04:21,052 [INFO]  Epoch[1] Train-cross-entropy=0.007651
2024-03-19 18:04:21,052 [INFO]  Epoch[1] Train-marital-status-accuracy=0.000000
2024-03-19 18:04:21,052 [INFO]  Epoch[1] Time cost=1.985
2024-03-19 18:04:21,054 [INFO]  Saved checkpoint to "./imputer_model/3_adult/imputer_model_marital-status/model-0001.params"
2024-03-19 18:04:21,117 [INFO]  Epoch[1] Validation-cross-entropy=0.000000
2024-03-19 18:04:21,118 [INFO]  Epoch[1] Validation-marital-status-accuracy=0.000000
2024-03-19 18:04:22,024 [INFO]  Epoch[2] Batch [0-733]	Speed: 12959.26 samples/sec	cross-entropy=0.000005	marital-status-accuracy=0.000000
2024-03-19 18:04:22,719 [INFO]  Epoch[2] Train-cross-entropy=0.030952
2024-03-19 18:04:22,719 [INFO]  Epoch[2] Train-marital-status-accuracy=0.000000
2024-03-19 18:04:22,719 [INFO]  Epoch[2] Time cost=1.602
2024-03-19 18:04:22,722 [INFO]  Saved checkpoint to "./imputer_model/3_adult/imputer_model_marital-status/model-0002.params"
2024-03-19 18:04:22,787 [INFO]  Epoch[2] Validation-cross-entropy=0.000001
2024-03-19 18:04:22,787 [INFO]  Epoch[2] Validation-marital-status-accuracy=0.000000
2024-03-19 18:04:23,651 [INFO]  Epoch[3] Batch [0-733]	Speed: 13595.58 samples/sec	cross-entropy=0.000031	marital-status-accuracy=0.000000
2024-03-19 18:04:24,350 [INFO]  Epoch[3] Train-cross-entropy=0.000009
2024-03-19 18:04:24,350 [INFO]  Epoch[3] Train-marital-status-accuracy=0.000000
2024-03-19 18:04:24,350 [INFO]  Epoch[3] Time cost=1.563
2024-03-19 18:04:24,351 [INFO]  Saved checkpoint to "./imputer_model/3_adult/imputer_model_marital-status/model-0003.params"
2024-03-19 18:04:24,408 [INFO]  Epoch[3] Validation-cross-entropy=0.000003
2024-03-19 18:04:24,408 [INFO]  Epoch[3] Validation-marital-status-accuracy=0.000000
2024-03-19 18:04:25,344 [INFO]  Epoch[4] Batch [0-733]	Speed: 12559.19 samples/sec	cross-entropy=0.010618	marital-status-accuracy=0.000000
2024-03-19 18:04:26,255 [INFO]  Epoch[4] Train-cross-entropy=0.001458
2024-03-19 18:04:26,256 [INFO]  Epoch[4] Train-marital-status-accuracy=0.000000
2024-03-19 18:04:26,256 [INFO]  Epoch[4] Time cost=1.847
2024-03-19 18:04:26,258 [INFO]  Saved checkpoint to "./imputer_model/3_adult/imputer_model_marital-status/model-0004.params"
2024-03-19 18:04:26,582 [INFO]  Epoch[4] Validation-cross-entropy=0.000000
2024-03-19 18:04:26,582 [INFO]  Epoch[4] Validation-marital-status-accuracy=0.000000
2024-03-19 18:04:26,582 [INFO]  
========== done (9.565310001373291 s) fit model
2024-03-19 18:07:38,554 [INFO]  
========== start: fit model
2024-03-19 18:07:38,554 [WARNING]  Already bound, ignoring bind()
2024-03-19 18:07:39,565 [INFO]  Epoch[0] Batch [0-733]	Speed: 11622.83 samples/sec	cross-entropy=0.341899	marital-status-accuracy=3.192098
2024-03-19 18:07:40,451 [INFO]  Epoch[0] Train-cross-entropy=0.013298
2024-03-19 18:07:40,451 [INFO]  Epoch[0] Train-marital-status-accuracy=3.187158
2024-03-19 18:07:40,451 [INFO]  Epoch[0] Time cost=1.896
2024-03-19 18:07:40,453 [INFO]  Saved checkpoint to "./imputer_model/3_adult/imputer_model_marital-status/model-0000.params"
2024-03-19 18:07:40,517 [INFO]  Epoch[0] Validation-cross-entropy=0.008809
2024-03-19 18:07:40,517 [INFO]  Epoch[0] Validation-marital-status-accuracy=0.000000
2024-03-19 18:07:41,430 [INFO]  Epoch[1] Batch [0-733]	Speed: 12862.19 samples/sec	cross-entropy=0.022195	marital-status-accuracy=3.192098
2024-03-19 18:07:42,283 [INFO]  Epoch[1] Train-cross-entropy=0.020274
2024-03-19 18:07:42,283 [INFO]  Epoch[1] Train-marital-status-accuracy=3.187158
2024-03-19 18:07:42,283 [INFO]  Epoch[1] Time cost=1.766
2024-03-19 18:07:42,284 [INFO]  Saved checkpoint to "./imputer_model/3_adult/imputer_model_marital-status/model-0001.params"
2024-03-19 18:07:42,356 [INFO]  Epoch[1] Validation-cross-entropy=0.004312
2024-03-19 18:07:42,356 [INFO]  Epoch[1] Validation-marital-status-accuracy=0.000000
2024-03-19 18:07:43,237 [INFO]  Epoch[2] Batch [0-733]	Speed: 13334.07 samples/sec	cross-entropy=0.022797	marital-status-accuracy=3.192098
2024-03-19 18:07:43,996 [INFO]  Epoch[2] Train-cross-entropy=0.008495
2024-03-19 18:07:43,996 [INFO]  Epoch[2] Train-marital-status-accuracy=3.187158
2024-03-19 18:07:43,996 [INFO]  Epoch[2] Time cost=1.640
2024-03-19 18:07:43,998 [INFO]  Saved checkpoint to "./imputer_model/3_adult/imputer_model_marital-status/model-0002.params"
2024-03-19 18:07:44,061 [INFO]  Epoch[2] Validation-cross-entropy=0.014039
2024-03-19 18:07:44,061 [INFO]  Epoch[2] Validation-marital-status-accuracy=0.000000
2024-03-19 18:07:44,889 [INFO]  Epoch[3] Batch [0-733]	Speed: 14200.89 samples/sec	cross-entropy=0.011979	marital-status-accuracy=3.192098
2024-03-19 18:07:45,722 [INFO]  Epoch[3] Train-cross-entropy=0.006409
2024-03-19 18:07:45,722 [INFO]  Epoch[3] Train-marital-status-accuracy=3.187158
2024-03-19 18:07:45,722 [INFO]  Epoch[3] Time cost=1.660
2024-03-19 18:07:45,723 [INFO]  Saved checkpoint to "./imputer_model/3_adult/imputer_model_marital-status/model-0003.params"
2024-03-19 18:07:45,789 [INFO]  Epoch[3] Validation-cross-entropy=0.019985
2024-03-19 18:07:45,789 [INFO]  Epoch[3] Validation-marital-status-accuracy=0.000000
2024-03-19 18:07:46,578 [INFO]  Epoch[4] Batch [0-733]	Speed: 14870.77 samples/sec	cross-entropy=0.009732	marital-status-accuracy=3.192098
2024-03-19 18:07:47,465 [INFO]  Epoch[4] Train-cross-entropy=0.004094
2024-03-19 18:07:47,465 [INFO]  Epoch[4] Train-marital-status-accuracy=3.187158
2024-03-19 18:07:47,465 [INFO]  Epoch[4] Time cost=1.676
2024-03-19 18:07:47,467 [INFO]  Saved checkpoint to "./imputer_model/3_adult/imputer_model_marital-status/model-0004.params"
2024-03-19 18:07:47,532 [INFO]  Epoch[4] Validation-cross-entropy=0.030577
2024-03-19 18:07:47,532 [INFO]  Epoch[4] Validation-marital-status-accuracy=0.000000
2024-03-19 18:07:47,532 [INFO]  
========== done (8.978621482849121 s) fit model
2024-03-19 18:09:50,221 [INFO]  
========== start: fit model
2024-03-19 18:09:50,222 [WARNING]  Already bound, ignoring bind()
2024-03-19 18:09:50,997 [INFO]  Epoch[0] Batch [0-733]	Speed: 15159.77 samples/sec	cross-entropy=0.241916	marital-status-accuracy=3.247956
2024-03-19 18:09:51,988 [INFO]  Epoch[0] Train-cross-entropy=0.000255
2024-03-19 18:09:51,988 [INFO]  Epoch[0] Train-marital-status-accuracy=3.124317
2024-03-19 18:09:51,988 [INFO]  Epoch[0] Time cost=1.766
2024-03-19 18:09:51,991 [INFO]  Saved checkpoint to "./imputer_model/3_adult/imputer_model_marital-status/model-0000.params"
2024-03-19 18:09:52,078 [INFO]  Epoch[0] Validation-cross-entropy=0.000172
2024-03-19 18:09:52,078 [INFO]  Epoch[0] Validation-marital-status-accuracy=0.000000
2024-03-19 18:09:52,970 [INFO]  Epoch[1] Batch [0-733]	Speed: 13166.96 samples/sec	cross-entropy=0.005938	marital-status-accuracy=3.247956
2024-03-19 18:09:53,755 [INFO]  Epoch[1] Train-cross-entropy=0.005724
2024-03-19 18:09:53,755 [INFO]  Epoch[1] Train-marital-status-accuracy=3.124317
2024-03-19 18:09:53,755 [INFO]  Epoch[1] Time cost=1.677
2024-03-19 18:09:53,757 [INFO]  Saved checkpoint to "./imputer_model/3_adult/imputer_model_marital-status/model-0001.params"
2024-03-19 18:09:53,822 [INFO]  Epoch[1] Validation-cross-entropy=0.005364
2024-03-19 18:09:53,822 [INFO]  Epoch[1] Validation-marital-status-accuracy=0.000000
2024-03-19 18:09:54,681 [INFO]  Epoch[2] Batch [0-733]	Speed: 13683.85 samples/sec	cross-entropy=0.034922	marital-status-accuracy=3.247956
2024-03-19 18:09:55,644 [INFO]  Epoch[2] Train-cross-entropy=0.000922
2024-03-19 18:09:55,644 [INFO]  Epoch[2] Train-marital-status-accuracy=3.124317
2024-03-19 18:09:55,644 [INFO]  Epoch[2] Time cost=1.822
2024-03-19 18:09:55,646 [INFO]  Saved checkpoint to "./imputer_model/3_adult/imputer_model_marital-status/model-0002.params"
2024-03-19 18:09:55,733 [INFO]  Epoch[2] Validation-cross-entropy=0.000349
2024-03-19 18:09:55,733 [INFO]  Epoch[2] Validation-marital-status-accuracy=0.000000
2024-03-19 18:09:56,664 [INFO]  Epoch[3] Batch [0-733]	Speed: 12627.08 samples/sec	cross-entropy=0.000500	marital-status-accuracy=3.247956
2024-03-19 18:09:57,498 [INFO]  Epoch[3] Train-cross-entropy=0.008321
2024-03-19 18:09:57,498 [INFO]  Epoch[3] Train-marital-status-accuracy=3.124317
2024-03-19 18:09:57,498 [INFO]  Epoch[3] Time cost=1.765
2024-03-19 18:09:57,500 [INFO]  Saved checkpoint to "./imputer_model/3_adult/imputer_model_marital-status/model-0003.params"
2024-03-19 18:09:57,565 [INFO]  Epoch[3] Validation-cross-entropy=0.008749
2024-03-19 18:09:57,565 [INFO]  Epoch[3] Validation-marital-status-accuracy=0.000000
2024-03-19 18:09:58,425 [INFO]  Epoch[4] Batch [0-733]	Speed: 13663.68 samples/sec	cross-entropy=0.006439	marital-status-accuracy=3.247956
2024-03-19 18:09:59,269 [INFO]  Epoch[4] Train-cross-entropy=0.010030
2024-03-19 18:09:59,269 [INFO]  Epoch[4] Train-marital-status-accuracy=3.124317
2024-03-19 18:09:59,270 [INFO]  Epoch[4] Time cost=1.705
2024-03-19 18:09:59,271 [INFO]  Saved checkpoint to "./imputer_model/3_adult/imputer_model_marital-status/model-0004.params"
2024-03-19 18:09:59,308 [INFO]  Epoch[4] Validation-cross-entropy=0.000522
2024-03-19 18:09:59,308 [INFO]  Epoch[4] Validation-marital-status-accuracy=0.000000
2024-03-19 18:09:59,308 [INFO]  
========== done (9.086883544921875 s) fit model
