2024-03-24 17:38:18,507 [INFO]  
========== start: fit model
2024-03-24 17:38:18,507 [WARNING]  Already bound, ignoring bind()
2024-03-24 17:38:18,532 [INFO]  Epoch[0] Batch [0-7]	Speed: 14612.48 samples/sec	cross-entropy=9.076393	cp-accuracy=2.625000
2024-03-24 17:38:18,538 [INFO]  Epoch[0] Train-cross-entropy=4.535930
2024-03-24 17:38:18,538 [INFO]  Epoch[0] Train-cp-accuracy=2.666667
2024-03-24 17:38:18,538 [INFO]  Epoch[0] Time cost=0.029
2024-03-24 17:38:18,539 [INFO]  Saved checkpoint to "./imputer_model/2_heart/imputer_model_cp/model-0000.params"
2024-03-24 17:38:18,540 [INFO]  Epoch[0] Validation-cross-entropy=1.504489
2024-03-24 17:38:18,540 [INFO]  Epoch[0] Validation-cp-accuracy=0.000000
2024-03-24 17:38:18,551 [INFO]  Epoch[1] Batch [0-7]	Speed: 10953.48 samples/sec	cross-entropy=1.296785	cp-accuracy=2.625000
2024-03-24 17:38:18,558 [INFO]  Epoch[1] Train-cross-entropy=0.573637
2024-03-24 17:38:18,559 [INFO]  Epoch[1] Train-cp-accuracy=2.666667
2024-03-24 17:38:18,559 [INFO]  Epoch[1] Time cost=0.018
2024-03-24 17:38:18,560 [INFO]  Saved checkpoint to "./imputer_model/2_heart/imputer_model_cp/model-0001.params"
2024-03-24 17:38:18,561 [INFO]  Epoch[1] Validation-cross-entropy=0.652026
2024-03-24 17:38:18,561 [INFO]  Epoch[1] Validation-cp-accuracy=0.000000
2024-03-24 17:38:18,566 [INFO]  Epoch[2] Batch [0-7]	Speed: 27450.60 samples/sec	cross-entropy=0.729518	cp-accuracy=2.625000
2024-03-24 17:38:18,570 [INFO]  Epoch[2] Train-cross-entropy=0.336339
2024-03-24 17:38:18,570 [INFO]  Epoch[2] Train-cp-accuracy=2.666667
2024-03-24 17:38:18,570 [INFO]  Epoch[2] Time cost=0.009
2024-03-24 17:38:18,571 [INFO]  Saved checkpoint to "./imputer_model/2_heart/imputer_model_cp/model-0002.params"
2024-03-24 17:38:18,572 [INFO]  Epoch[2] Validation-cross-entropy=0.234999
2024-03-24 17:38:18,572 [INFO]  Epoch[2] Validation-cp-accuracy=0.000000
2024-03-24 17:38:18,579 [INFO]  Epoch[3] Batch [0-7]	Speed: 19151.29 samples/sec	cross-entropy=0.285577	cp-accuracy=2.625000
2024-03-24 17:38:18,583 [INFO]  Epoch[3] Train-cross-entropy=0.195809
2024-03-24 17:38:18,583 [INFO]  Epoch[3] Train-cp-accuracy=2.666667
2024-03-24 17:38:18,583 [INFO]  Epoch[3] Time cost=0.011
2024-03-24 17:38:18,584 [INFO]  Saved checkpoint to "./imputer_model/2_heart/imputer_model_cp/model-0003.params"
2024-03-24 17:38:18,585 [INFO]  Epoch[3] Validation-cross-entropy=0.162930
2024-03-24 17:38:18,585 [INFO]  Epoch[3] Validation-cp-accuracy=0.000000
2024-03-24 17:38:18,590 [INFO]  Epoch[4] Batch [0-7]	Speed: 22795.13 samples/sec	cross-entropy=0.179196	cp-accuracy=2.625000
2024-03-24 17:38:18,596 [INFO]  Epoch[4] Train-cross-entropy=0.109768
2024-03-24 17:38:18,596 [INFO]  Epoch[4] Train-cp-accuracy=2.666667
2024-03-24 17:38:18,596 [INFO]  Epoch[4] Time cost=0.011
2024-03-24 17:38:18,597 [INFO]  Saved checkpoint to "./imputer_model/2_heart/imputer_model_cp/model-0004.params"
2024-03-24 17:38:18,598 [INFO]  Epoch[4] Validation-cross-entropy=0.141006
2024-03-24 17:38:18,598 [INFO]  Epoch[4] Validation-cp-accuracy=0.000000
2024-03-24 17:38:18,598 [INFO]  
========== done (0.09098291397094727 s) fit model
2024-03-24 17:38:22,170 [INFO]  
========== start: fit model
2024-03-24 17:38:22,171 [WARNING]  Already bound, ignoring bind()
2024-03-24 17:38:22,178 [INFO]  Epoch[0] Batch [0-7]	Speed: 21169.03 samples/sec	cross-entropy=17.676421	cp-accuracy=2.750000
2024-03-24 17:38:22,182 [INFO]  Epoch[0] Train-cross-entropy=9.558783
2024-03-24 17:38:22,182 [INFO]  Epoch[0] Train-cp-accuracy=2.500000
2024-03-24 17:38:22,182 [INFO]  Epoch[0] Time cost=0.010
2024-03-24 17:38:22,183 [INFO]  Saved checkpoint to "./imputer_model/2_heart/imputer_model_cp/model-0000.params"
2024-03-24 17:38:22,184 [INFO]  Epoch[0] Validation-cross-entropy=4.096687
2024-03-24 17:38:22,184 [INFO]  Epoch[0] Validation-cp-accuracy=0.000000
2024-03-24 17:38:22,189 [INFO]  Epoch[1] Batch [0-7]	Speed: 28784.44 samples/sec	cross-entropy=3.493015	cp-accuracy=2.750000
2024-03-24 17:38:22,192 [INFO]  Epoch[1] Train-cross-entropy=1.780653
2024-03-24 17:38:22,192 [INFO]  Epoch[1] Train-cp-accuracy=2.500000
2024-03-24 17:38:22,192 [INFO]  Epoch[1] Time cost=0.008
2024-03-24 17:38:22,194 [INFO]  Saved checkpoint to "./imputer_model/2_heart/imputer_model_cp/model-0001.params"
2024-03-24 17:38:22,195 [INFO]  Epoch[1] Validation-cross-entropy=0.552243
2024-03-24 17:38:22,195 [INFO]  Epoch[1] Validation-cp-accuracy=0.000000
2024-03-24 17:38:22,217 [INFO]  Epoch[2] Batch [0-7]	Speed: 7054.54 samples/sec	cross-entropy=0.770675	cp-accuracy=2.750000
2024-03-24 17:38:22,224 [INFO]  Epoch[2] Train-cross-entropy=0.784635
2024-03-24 17:38:22,224 [INFO]  Epoch[2] Train-cp-accuracy=2.500000
2024-03-24 17:38:22,224 [INFO]  Epoch[2] Time cost=0.030
2024-03-24 17:38:22,226 [INFO]  Saved checkpoint to "./imputer_model/2_heart/imputer_model_cp/model-0002.params"
2024-03-24 17:38:22,227 [INFO]  Epoch[2] Validation-cross-entropy=0.296800
2024-03-24 17:38:22,227 [INFO]  Epoch[2] Validation-cp-accuracy=0.000000
2024-03-24 17:38:22,236 [INFO]  Epoch[3] Batch [0-7]	Speed: 14403.69 samples/sec	cross-entropy=0.434435	cp-accuracy=2.750000
2024-03-24 17:38:22,243 [INFO]  Epoch[3] Train-cross-entropy=0.580239
2024-03-24 17:38:22,243 [INFO]  Epoch[3] Train-cp-accuracy=2.500000
2024-03-24 17:38:22,243 [INFO]  Epoch[3] Time cost=0.016
2024-03-24 17:38:22,245 [INFO]  Saved checkpoint to "./imputer_model/2_heart/imputer_model_cp/model-0003.params"
2024-03-24 17:38:22,246 [INFO]  Epoch[3] Validation-cross-entropy=0.349236
2024-03-24 17:38:22,246 [INFO]  Epoch[3] Validation-cp-accuracy=0.000000
2024-03-24 17:38:22,255 [INFO]  Epoch[4] Batch [0-7]	Speed: 14682.36 samples/sec	cross-entropy=0.238957	cp-accuracy=2.750000
2024-03-24 17:38:22,262 [INFO]  Epoch[4] Train-cross-entropy=0.344449
2024-03-24 17:38:22,262 [INFO]  Epoch[4] Train-cp-accuracy=2.500000
2024-03-24 17:38:22,262 [INFO]  Epoch[4] Time cost=0.016
2024-03-24 17:38:22,264 [INFO]  Saved checkpoint to "./imputer_model/2_heart/imputer_model_cp/model-0004.params"
2024-03-24 17:38:22,265 [INFO]  Epoch[4] Validation-cross-entropy=0.278192
2024-03-24 17:38:22,265 [INFO]  Epoch[4] Validation-cp-accuracy=0.000000
2024-03-24 17:38:22,265 [INFO]  
========== done (0.09471344947814941 s) fit model
2024-03-24 17:38:26,191 [INFO]  
========== start: fit model
2024-03-24 17:38:26,191 [WARNING]  Already bound, ignoring bind()
2024-03-24 17:38:26,198 [INFO]  Epoch[0] Batch [0-7]	Speed: 21235.06 samples/sec	cross-entropy=15.919683	cp-accuracy=2.250000
2024-03-24 17:38:26,202 [INFO]  Epoch[0] Train-cross-entropy=5.146634
2024-03-24 17:38:26,202 [INFO]  Epoch[0] Train-cp-accuracy=2.833333
2024-03-24 17:38:26,202 [INFO]  Epoch[0] Time cost=0.010
2024-03-24 17:38:26,203 [INFO]  Saved checkpoint to "./imputer_model/2_heart/imputer_model_cp/model-0000.params"
2024-03-24 17:38:26,204 [INFO]  Epoch[0] Validation-cross-entropy=5.149874
2024-03-24 17:38:26,204 [INFO]  Epoch[0] Validation-cp-accuracy=0.000000
2024-03-24 17:38:26,209 [INFO]  Epoch[1] Batch [0-7]	Speed: 28638.79 samples/sec	cross-entropy=2.470587	cp-accuracy=2.250000
2024-03-24 17:38:26,212 [INFO]  Epoch[1] Train-cross-entropy=0.845972
2024-03-24 17:38:26,212 [INFO]  Epoch[1] Train-cp-accuracy=2.833333
2024-03-24 17:38:26,212 [INFO]  Epoch[1] Time cost=0.008
2024-03-24 17:38:26,214 [INFO]  Saved checkpoint to "./imputer_model/2_heart/imputer_model_cp/model-0001.params"
2024-03-24 17:38:26,214 [INFO]  Epoch[1] Validation-cross-entropy=0.483876
2024-03-24 17:38:26,214 [INFO]  Epoch[1] Validation-cp-accuracy=0.000000
2024-03-24 17:38:26,224 [INFO]  Epoch[2] Batch [0-7]	Speed: 12701.42 samples/sec	cross-entropy=0.689046	cp-accuracy=2.250000
2024-03-24 17:38:26,228 [INFO]  Epoch[2] Train-cross-entropy=0.416974
2024-03-24 17:38:26,229 [INFO]  Epoch[2] Train-cp-accuracy=2.833333
2024-03-24 17:38:26,229 [INFO]  Epoch[2] Time cost=0.014
2024-03-24 17:38:26,230 [INFO]  Saved checkpoint to "./imputer_model/2_heart/imputer_model_cp/model-0002.params"
2024-03-24 17:38:26,231 [INFO]  Epoch[2] Validation-cross-entropy=0.486327
2024-03-24 17:38:26,231 [INFO]  Epoch[2] Validation-cp-accuracy=0.000000
2024-03-24 17:38:26,239 [INFO]  Epoch[3] Batch [0-7]	Speed: 15695.36 samples/sec	cross-entropy=0.409309	cp-accuracy=2.250000
2024-03-24 17:38:26,245 [INFO]  Epoch[3] Train-cross-entropy=0.236050
2024-03-24 17:38:26,245 [INFO]  Epoch[3] Train-cp-accuracy=2.833333
2024-03-24 17:38:26,245 [INFO]  Epoch[3] Time cost=0.014
2024-03-24 17:38:26,247 [INFO]  Saved checkpoint to "./imputer_model/2_heart/imputer_model_cp/model-0003.params"
2024-03-24 17:38:26,248 [INFO]  Epoch[3] Validation-cross-entropy=0.256150
2024-03-24 17:38:26,248 [INFO]  Epoch[3] Validation-cp-accuracy=0.000000
2024-03-24 17:38:26,257 [INFO]  Epoch[4] Batch [0-7]	Speed: 14354.84 samples/sec	cross-entropy=0.218501	cp-accuracy=2.250000
2024-03-24 17:38:26,264 [INFO]  Epoch[4] Train-cross-entropy=0.128463
2024-03-24 17:38:26,264 [INFO]  Epoch[4] Train-cp-accuracy=2.833333
2024-03-24 17:38:26,264 [INFO]  Epoch[4] Time cost=0.016
2024-03-24 17:38:26,266 [INFO]  Saved checkpoint to "./imputer_model/2_heart/imputer_model_cp/model-0004.params"
2024-03-24 17:38:26,267 [INFO]  Epoch[4] Validation-cross-entropy=0.171217
2024-03-24 17:38:26,267 [INFO]  Epoch[4] Validation-cp-accuracy=0.000000
2024-03-24 17:38:26,267 [INFO]  
========== done (0.07649970054626465 s) fit model
2024-03-24 17:38:29,424 [INFO]  
========== start: fit model
2024-03-24 17:38:29,424 [WARNING]  Already bound, ignoring bind()
2024-03-24 17:38:29,430 [INFO]  Epoch[0] Batch [0-7]	Speed: 28251.27 samples/sec	cross-entropy=23.334051	cp-accuracy=2.500000
2024-03-24 17:38:29,433 [INFO]  Epoch[0] Train-cross-entropy=7.480316
2024-03-24 17:38:29,433 [INFO]  Epoch[0] Train-cp-accuracy=2.166667
2024-03-24 17:38:29,434 [INFO]  Epoch[0] Time cost=0.009
2024-03-24 17:38:29,435 [INFO]  Saved checkpoint to "./imputer_model/2_heart/imputer_model_cp/model-0000.params"
2024-03-24 17:38:29,435 [INFO]  Epoch[0] Validation-cross-entropy=4.183112
2024-03-24 17:38:29,436 [INFO]  Epoch[0] Validation-cp-accuracy=0.000000
2024-03-24 17:38:29,440 [INFO]  Epoch[1] Batch [0-7]	Speed: 27786.71 samples/sec	cross-entropy=2.928205	cp-accuracy=2.500000
2024-03-24 17:38:29,444 [INFO]  Epoch[1] Train-cross-entropy=2.337725
2024-03-24 17:38:29,444 [INFO]  Epoch[1] Train-cp-accuracy=2.166667
2024-03-24 17:38:29,444 [INFO]  Epoch[1] Time cost=0.008
2024-03-24 17:38:29,445 [INFO]  Saved checkpoint to "./imputer_model/2_heart/imputer_model_cp/model-0001.params"
2024-03-24 17:38:29,450 [INFO]  Epoch[1] Validation-cross-entropy=0.924944
2024-03-24 17:38:29,450 [INFO]  Epoch[1] Validation-cp-accuracy=0.000000
2024-03-24 17:38:29,463 [INFO]  Epoch[2] Batch [0-7]	Speed: 9525.55 samples/sec	cross-entropy=0.871201	cp-accuracy=2.500000
2024-03-24 17:38:29,471 [INFO]  Epoch[2] Train-cross-entropy=0.507063
2024-03-24 17:38:29,471 [INFO]  Epoch[2] Train-cp-accuracy=2.166667
2024-03-24 17:38:29,471 [INFO]  Epoch[2] Time cost=0.021
2024-03-24 17:38:29,473 [INFO]  Saved checkpoint to "./imputer_model/2_heart/imputer_model_cp/model-0002.params"
2024-03-24 17:38:29,474 [INFO]  Epoch[2] Validation-cross-entropy=0.873362
2024-03-24 17:38:29,474 [INFO]  Epoch[2] Validation-cp-accuracy=0.000000
2024-03-24 17:38:29,483 [INFO]  Epoch[3] Batch [0-7]	Speed: 14331.19 samples/sec	cross-entropy=0.513242	cp-accuracy=2.500000
2024-03-24 17:38:29,490 [INFO]  Epoch[3] Train-cross-entropy=0.299335
2024-03-24 17:38:29,490 [INFO]  Epoch[3] Train-cp-accuracy=2.166667
2024-03-24 17:38:29,490 [INFO]  Epoch[3] Time cost=0.016
2024-03-24 17:38:29,492 [INFO]  Saved checkpoint to "./imputer_model/2_heart/imputer_model_cp/model-0003.params"
2024-03-24 17:38:29,493 [INFO]  Epoch[3] Validation-cross-entropy=0.468523
2024-03-24 17:38:29,493 [INFO]  Epoch[3] Validation-cp-accuracy=0.000000
2024-03-24 17:38:29,502 [INFO]  Epoch[4] Batch [0-7]	Speed: 14409.44 samples/sec	cross-entropy=0.295888	cp-accuracy=2.500000
2024-03-24 17:38:29,509 [INFO]  Epoch[4] Train-cross-entropy=0.227100
2024-03-24 17:38:29,509 [INFO]  Epoch[4] Train-cp-accuracy=2.166667
2024-03-24 17:38:29,509 [INFO]  Epoch[4] Time cost=0.016
2024-03-24 17:38:29,511 [INFO]  Saved checkpoint to "./imputer_model/2_heart/imputer_model_cp/model-0004.params"
2024-03-24 17:38:29,512 [INFO]  Epoch[4] Validation-cross-entropy=0.329494
2024-03-24 17:38:29,512 [INFO]  Epoch[4] Validation-cp-accuracy=0.000000
2024-03-24 17:38:29,512 [INFO]  
========== done (0.08844423294067383 s) fit model
2024-03-24 17:38:33,213 [INFO]  
========== start: fit model
2024-03-24 17:38:33,214 [WARNING]  Already bound, ignoring bind()
2024-03-24 17:38:33,225 [INFO]  Epoch[0] Batch [0-7]	Speed: 16504.89 samples/sec	cross-entropy=14.404554	cp-accuracy=2.625000
2024-03-24 17:38:33,251 [INFO]  Epoch[0] Train-cross-entropy=7.658153
2024-03-24 17:38:33,251 [INFO]  Epoch[0] Train-cp-accuracy=2.000000
2024-03-24 17:38:33,251 [INFO]  Epoch[0] Time cost=0.036
2024-03-24 17:38:33,252 [INFO]  Saved checkpoint to "./imputer_model/2_heart/imputer_model_cp/model-0000.params"
2024-03-24 17:38:33,253 [INFO]  Epoch[0] Validation-cross-entropy=3.073392
2024-03-24 17:38:33,253 [INFO]  Epoch[0] Validation-cp-accuracy=0.000000
2024-03-24 17:38:33,278 [INFO]  Epoch[1] Batch [0-7]	Speed: 4794.27 samples/sec	cross-entropy=2.476253	cp-accuracy=2.625000
2024-03-24 17:38:33,284 [INFO]  Epoch[1] Train-cross-entropy=1.200914
2024-03-24 17:38:33,284 [INFO]  Epoch[1] Train-cp-accuracy=2.000000
2024-03-24 17:38:33,284 [INFO]  Epoch[1] Time cost=0.031
2024-03-24 17:38:33,286 [INFO]  Saved checkpoint to "./imputer_model/2_heart/imputer_model_cp/model-0001.params"
2024-03-24 17:38:33,287 [INFO]  Epoch[1] Validation-cross-entropy=0.472971
2024-03-24 17:38:33,287 [INFO]  Epoch[1] Validation-cp-accuracy=0.000000
2024-03-24 17:38:33,296 [INFO]  Epoch[2] Batch [0-7]	Speed: 15213.98 samples/sec	cross-entropy=0.696882	cp-accuracy=2.625000
2024-03-24 17:38:33,313 [INFO]  Epoch[2] Train-cross-entropy=0.742633
2024-03-24 17:38:33,313 [INFO]  Epoch[2] Train-cp-accuracy=2.000000
2024-03-24 17:38:33,313 [INFO]  Epoch[2] Time cost=0.026
2024-03-24 17:38:33,315 [INFO]  Saved checkpoint to "./imputer_model/2_heart/imputer_model_cp/model-0002.params"
2024-03-24 17:38:33,316 [INFO]  Epoch[2] Validation-cross-entropy=0.308672
2024-03-24 17:38:33,316 [INFO]  Epoch[2] Validation-cp-accuracy=0.000000
2024-03-24 17:38:33,322 [INFO]  Epoch[3] Batch [0-7]	Speed: 21799.71 samples/sec	cross-entropy=0.385993	cp-accuracy=2.625000
2024-03-24 17:38:33,326 [INFO]  Epoch[3] Train-cross-entropy=0.258489
2024-03-24 17:38:33,327 [INFO]  Epoch[3] Train-cp-accuracy=2.000000
2024-03-24 17:38:33,327 [INFO]  Epoch[3] Time cost=0.011
2024-03-24 17:38:33,328 [INFO]  Saved checkpoint to "./imputer_model/2_heart/imputer_model_cp/model-0003.params"
2024-03-24 17:38:33,329 [INFO]  Epoch[3] Validation-cross-entropy=0.134024
2024-03-24 17:38:33,329 [INFO]  Epoch[3] Validation-cp-accuracy=0.000000
2024-03-24 17:38:33,335 [INFO]  Epoch[4] Batch [0-7]	Speed: 21450.32 samples/sec	cross-entropy=0.238681	cp-accuracy=2.625000
2024-03-24 17:38:33,340 [INFO]  Epoch[4] Train-cross-entropy=0.155938
2024-03-24 17:38:33,340 [INFO]  Epoch[4] Train-cp-accuracy=2.000000
2024-03-24 17:38:33,340 [INFO]  Epoch[4] Time cost=0.011
2024-03-24 17:38:33,341 [INFO]  Saved checkpoint to "./imputer_model/2_heart/imputer_model_cp/model-0004.params"
2024-03-24 17:38:33,342 [INFO]  Epoch[4] Validation-cross-entropy=0.168685
2024-03-24 17:38:33,342 [INFO]  Epoch[4] Validation-cp-accuracy=0.000000
2024-03-24 17:38:33,342 [INFO]  
========== done (0.1287212371826172 s) fit model
2024-03-24 17:38:36,529 [INFO]  
========== start: fit model
2024-03-24 17:38:36,529 [WARNING]  Already bound, ignoring bind()
2024-03-24 17:38:36,542 [INFO]  Epoch[0] Batch [0-7]	Speed: 10907.20 samples/sec	cross-entropy=6.208552	cp-accuracy=2.875000
2024-03-24 17:38:36,546 [INFO]  Epoch[0] Train-cross-entropy=2.471769
2024-03-24 17:38:36,546 [INFO]  Epoch[0] Train-cp-accuracy=1.833333
2024-03-24 17:38:36,546 [INFO]  Epoch[0] Time cost=0.015
2024-03-24 17:38:36,547 [INFO]  Saved checkpoint to "./imputer_model/2_heart/imputer_model_cp/model-0000.params"
2024-03-24 17:38:36,548 [INFO]  Epoch[0] Validation-cross-entropy=0.589717
2024-03-24 17:38:36,548 [INFO]  Epoch[0] Validation-cp-accuracy=0.000000
2024-03-24 17:38:36,566 [INFO]  Epoch[1] Batch [0-7]	Speed: 6313.50 samples/sec	cross-entropy=0.918295	cp-accuracy=2.875000
2024-03-24 17:38:36,583 [INFO]  Epoch[1] Train-cross-entropy=0.841077
2024-03-24 17:38:36,583 [INFO]  Epoch[1] Train-cp-accuracy=1.833333
2024-03-24 17:38:36,583 [INFO]  Epoch[1] Time cost=0.036
2024-03-24 17:38:36,585 [INFO]  Saved checkpoint to "./imputer_model/2_heart/imputer_model_cp/model-0001.params"
2024-03-24 17:38:36,585 [INFO]  Epoch[1] Validation-cross-entropy=0.810128
2024-03-24 17:38:36,586 [INFO]  Epoch[1] Validation-cp-accuracy=0.000000
2024-03-24 17:38:36,590 [INFO]  Epoch[2] Batch [0-7]	Speed: 26951.35 samples/sec	cross-entropy=0.787825	cp-accuracy=2.875000
2024-03-24 17:38:36,594 [INFO]  Epoch[2] Train-cross-entropy=0.445457
2024-03-24 17:38:36,594 [INFO]  Epoch[2] Train-cp-accuracy=1.833333
2024-03-24 17:38:36,595 [INFO]  Epoch[2] Time cost=0.009
2024-03-24 17:38:36,596 [INFO]  Saved checkpoint to "./imputer_model/2_heart/imputer_model_cp/model-0002.params"
2024-03-24 17:38:36,597 [INFO]  Epoch[2] Validation-cross-entropy=0.633816
2024-03-24 17:38:36,597 [INFO]  Epoch[2] Validation-cp-accuracy=0.000000
2024-03-24 17:38:36,604 [INFO]  Epoch[3] Batch [0-7]	Speed: 20209.17 samples/sec	cross-entropy=0.292018	cp-accuracy=2.875000
2024-03-24 17:38:36,612 [INFO]  Epoch[3] Train-cross-entropy=0.280905
2024-03-24 17:38:36,613 [INFO]  Epoch[3] Train-cp-accuracy=1.833333
2024-03-24 17:38:36,613 [INFO]  Epoch[3] Time cost=0.015
2024-03-24 17:38:36,614 [INFO]  Saved checkpoint to "./imputer_model/2_heart/imputer_model_cp/model-0003.params"
2024-03-24 17:38:36,615 [INFO]  Epoch[3] Validation-cross-entropy=0.215457
2024-03-24 17:38:36,615 [INFO]  Epoch[3] Validation-cp-accuracy=0.000000
2024-03-24 17:38:36,621 [INFO]  Epoch[4] Batch [0-7]	Speed: 21277.38 samples/sec	cross-entropy=0.145328	cp-accuracy=2.875000
2024-03-24 17:38:36,627 [INFO]  Epoch[4] Train-cross-entropy=0.130367
2024-03-24 17:38:36,627 [INFO]  Epoch[4] Train-cp-accuracy=1.833333
2024-03-24 17:38:36,627 [INFO]  Epoch[4] Time cost=0.012
2024-03-24 17:38:36,629 [INFO]  Saved checkpoint to "./imputer_model/2_heart/imputer_model_cp/model-0004.params"
2024-03-24 17:38:36,630 [INFO]  Epoch[4] Validation-cross-entropy=0.087544
2024-03-24 17:38:36,630 [INFO]  Epoch[4] Validation-cp-accuracy=0.000000
2024-03-24 17:38:36,630 [INFO]  
========== done (0.10050368309020996 s) fit model
2024-03-24 17:38:39,731 [INFO]  
========== start: fit model
2024-03-24 17:38:39,731 [WARNING]  Already bound, ignoring bind()
2024-03-24 17:38:39,746 [INFO]  Epoch[0] Batch [0-7]	Speed: 8864.44 samples/sec	cross-entropy=21.860831	cp-accuracy=2.625000
2024-03-24 17:38:39,753 [INFO]  Epoch[0] Train-cross-entropy=7.064000
2024-03-24 17:38:39,753 [INFO]  Epoch[0] Train-cp-accuracy=2.333333
2024-03-24 17:38:39,753 [INFO]  Epoch[0] Time cost=0.021
2024-03-24 17:38:39,755 [INFO]  Saved checkpoint to "./imputer_model/2_heart/imputer_model_cp/model-0000.params"
2024-03-24 17:38:39,756 [INFO]  Epoch[0] Validation-cross-entropy=3.616440
2024-03-24 17:38:39,756 [INFO]  Epoch[0] Validation-cp-accuracy=0.000000
2024-03-24 17:38:39,763 [INFO]  Epoch[1] Batch [0-7]	Speed: 20170.12 samples/sec	cross-entropy=3.991578	cp-accuracy=2.625000
2024-03-24 17:38:39,766 [INFO]  Epoch[1] Train-cross-entropy=2.054111
2024-03-24 17:38:39,766 [INFO]  Epoch[1] Train-cp-accuracy=2.333333
2024-03-24 17:38:39,766 [INFO]  Epoch[1] Time cost=0.010
2024-03-24 17:38:39,767 [INFO]  Saved checkpoint to "./imputer_model/2_heart/imputer_model_cp/model-0001.params"
2024-03-24 17:38:39,768 [INFO]  Epoch[1] Validation-cross-entropy=0.787037
2024-03-24 17:38:39,768 [INFO]  Epoch[1] Validation-cp-accuracy=0.000000
2024-03-24 17:38:39,773 [INFO]  Epoch[2] Batch [0-7]	Speed: 26532.73 samples/sec	cross-entropy=0.718741	cp-accuracy=2.625000
2024-03-24 17:38:39,777 [INFO]  Epoch[2] Train-cross-entropy=0.369585
2024-03-24 17:38:39,777 [INFO]  Epoch[2] Train-cp-accuracy=2.333333
2024-03-24 17:38:39,778 [INFO]  Epoch[2] Time cost=0.009
2024-03-24 17:38:39,779 [INFO]  Saved checkpoint to "./imputer_model/2_heart/imputer_model_cp/model-0002.params"
2024-03-24 17:38:39,780 [INFO]  Epoch[2] Validation-cross-entropy=0.336763
2024-03-24 17:38:39,780 [INFO]  Epoch[2] Validation-cp-accuracy=0.000000
2024-03-24 17:38:39,784 [INFO]  Epoch[3] Batch [0-7]	Speed: 28644.03 samples/sec	cross-entropy=0.483033	cp-accuracy=2.625000
2024-03-24 17:38:39,788 [INFO]  Epoch[3] Train-cross-entropy=0.276900
2024-03-24 17:38:39,788 [INFO]  Epoch[3] Train-cp-accuracy=2.333333
2024-03-24 17:38:39,788 [INFO]  Epoch[3] Time cost=0.008
2024-03-24 17:38:39,789 [INFO]  Saved checkpoint to "./imputer_model/2_heart/imputer_model_cp/model-0003.params"
2024-03-24 17:38:39,790 [INFO]  Epoch[3] Validation-cross-entropy=0.114796
2024-03-24 17:38:39,790 [INFO]  Epoch[3] Validation-cp-accuracy=0.000000
2024-03-24 17:38:39,797 [INFO]  Epoch[4] Batch [0-7]	Speed: 18890.98 samples/sec	cross-entropy=0.200725	cp-accuracy=2.625000
2024-03-24 17:38:39,803 [INFO]  Epoch[4] Train-cross-entropy=0.159388
2024-03-24 17:38:39,804 [INFO]  Epoch[4] Train-cp-accuracy=2.333333
2024-03-24 17:38:39,804 [INFO]  Epoch[4] Time cost=0.014
2024-03-24 17:38:39,806 [INFO]  Saved checkpoint to "./imputer_model/2_heart/imputer_model_cp/model-0004.params"
2024-03-24 17:38:39,807 [INFO]  Epoch[4] Validation-cross-entropy=0.052967
2024-03-24 17:38:39,807 [INFO]  Epoch[4] Validation-cp-accuracy=0.000000
2024-03-24 17:38:39,807 [INFO]  
========== done (0.07598662376403809 s) fit model
2024-03-24 17:38:43,122 [INFO]  
========== start: fit model
2024-03-24 17:38:43,122 [WARNING]  Already bound, ignoring bind()
2024-03-24 17:38:43,130 [INFO]  Epoch[0] Batch [0-7]	Speed: 18176.13 samples/sec	cross-entropy=18.005884	cp-accuracy=2.375000
2024-03-24 17:38:43,136 [INFO]  Epoch[0] Train-cross-entropy=5.958952
2024-03-24 17:38:43,136 [INFO]  Epoch[0] Train-cp-accuracy=2.166667
2024-03-24 17:38:43,136 [INFO]  Epoch[0] Time cost=0.014
2024-03-24 17:38:43,138 [INFO]  Saved checkpoint to "./imputer_model/2_heart/imputer_model_cp/model-0000.params"
2024-03-24 17:38:43,139 [INFO]  Epoch[0] Validation-cross-entropy=3.327229
2024-03-24 17:38:43,139 [INFO]  Epoch[0] Validation-cp-accuracy=0.000000
2024-03-24 17:38:43,163 [INFO]  Epoch[1] Batch [0-7]	Speed: 4901.93 samples/sec	cross-entropy=3.950604	cp-accuracy=2.375000
2024-03-24 17:38:43,271 [INFO]  Epoch[1] Train-cross-entropy=1.151835
2024-03-24 17:38:43,272 [INFO]  Epoch[1] Train-cp-accuracy=2.166667
2024-03-24 17:38:43,272 [INFO]  Epoch[1] Time cost=0.132
2024-03-24 17:38:43,273 [INFO]  Saved checkpoint to "./imputer_model/2_heart/imputer_model_cp/model-0001.params"
2024-03-24 17:38:43,274 [INFO]  Epoch[1] Validation-cross-entropy=0.888552
2024-03-24 17:38:43,274 [INFO]  Epoch[1] Validation-cp-accuracy=0.000000
2024-03-24 17:38:43,280 [INFO]  Epoch[2] Batch [0-7]	Speed: 21606.20 samples/sec	cross-entropy=0.842576	cp-accuracy=2.375000
2024-03-24 17:38:43,285 [INFO]  Epoch[2] Train-cross-entropy=0.453044
2024-03-24 17:38:43,285 [INFO]  Epoch[2] Train-cp-accuracy=2.166667
2024-03-24 17:38:43,285 [INFO]  Epoch[2] Time cost=0.011
2024-03-24 17:38:43,287 [INFO]  Saved checkpoint to "./imputer_model/2_heart/imputer_model_cp/model-0002.params"
2024-03-24 17:38:43,287 [INFO]  Epoch[2] Validation-cross-entropy=0.641144
2024-03-24 17:38:43,288 [INFO]  Epoch[2] Validation-cp-accuracy=0.000000
2024-03-24 17:38:43,294 [INFO]  Epoch[3] Batch [0-7]	Speed: 20679.79 samples/sec	cross-entropy=0.516221	cp-accuracy=2.375000
2024-03-24 17:38:43,299 [INFO]  Epoch[3] Train-cross-entropy=0.289011
2024-03-24 17:38:43,299 [INFO]  Epoch[3] Train-cp-accuracy=2.166667
2024-03-24 17:38:43,299 [INFO]  Epoch[3] Time cost=0.011
2024-03-24 17:38:43,300 [INFO]  Saved checkpoint to "./imputer_model/2_heart/imputer_model_cp/model-0003.params"
2024-03-24 17:38:43,301 [INFO]  Epoch[3] Validation-cross-entropy=0.382460
2024-03-24 17:38:43,301 [INFO]  Epoch[3] Validation-cp-accuracy=0.000000
2024-03-24 17:38:43,308 [INFO]  Epoch[4] Batch [0-7]	Speed: 21623.11 samples/sec	cross-entropy=0.280625	cp-accuracy=2.375000
2024-03-24 17:38:43,316 [INFO]  Epoch[4] Train-cross-entropy=0.159739
2024-03-24 17:38:43,316 [INFO]  Epoch[4] Train-cp-accuracy=2.166667
2024-03-24 17:38:43,316 [INFO]  Epoch[4] Time cost=0.015
2024-03-24 17:38:43,318 [INFO]  Saved checkpoint to "./imputer_model/2_heart/imputer_model_cp/model-0004.params"
2024-03-24 17:38:43,319 [INFO]  Epoch[4] Validation-cross-entropy=0.251224
2024-03-24 17:38:43,319 [INFO]  Epoch[4] Validation-cp-accuracy=0.000000
2024-03-24 17:38:43,319 [INFO]  
========== done (0.19736123085021973 s) fit model
2024-03-24 17:38:46,665 [INFO]  
========== start: fit model
2024-03-24 17:38:46,665 [WARNING]  Already bound, ignoring bind()
2024-03-24 17:38:46,679 [INFO]  Epoch[0] Batch [0-7]	Speed: 14173.37 samples/sec	cross-entropy=6.807905	cp-accuracy=2.125000
2024-03-24 17:38:46,685 [INFO]  Epoch[0] Train-cross-entropy=1.457797
2024-03-24 17:38:46,686 [INFO]  Epoch[0] Train-cp-accuracy=1.833333
2024-03-24 17:38:46,686 [INFO]  Epoch[0] Time cost=0.019
2024-03-24 17:38:46,688 [INFO]  Saved checkpoint to "./imputer_model/2_heart/imputer_model_cp/model-0000.params"
2024-03-24 17:38:46,689 [INFO]  Epoch[0] Validation-cross-entropy=1.115244
2024-03-24 17:38:46,690 [INFO]  Epoch[0] Validation-cp-accuracy=0.000000
2024-03-24 17:38:46,699 [INFO]  Epoch[1] Batch [0-7]	Speed: 13472.20 samples/sec	cross-entropy=0.945959	cp-accuracy=2.125000
2024-03-24 17:38:46,706 [INFO]  Epoch[1] Train-cross-entropy=0.850573
2024-03-24 17:38:46,707 [INFO]  Epoch[1] Train-cp-accuracy=1.833333
2024-03-24 17:38:46,707 [INFO]  Epoch[1] Time cost=0.017
2024-03-24 17:38:46,709 [INFO]  Saved checkpoint to "./imputer_model/2_heart/imputer_model_cp/model-0001.params"
2024-03-24 17:38:46,715 [INFO]  Epoch[1] Validation-cross-entropy=0.515665
2024-03-24 17:38:46,715 [INFO]  Epoch[1] Validation-cp-accuracy=0.000000
2024-03-24 17:38:46,725 [INFO]  Epoch[2] Batch [0-7]	Speed: 13602.89 samples/sec	cross-entropy=0.603334	cp-accuracy=2.125000
2024-03-24 17:38:46,732 [INFO]  Epoch[2] Train-cross-entropy=0.440952
2024-03-24 17:38:46,732 [INFO]  Epoch[2] Train-cp-accuracy=1.833333
2024-03-24 17:38:46,732 [INFO]  Epoch[2] Time cost=0.017
2024-03-24 17:38:46,735 [INFO]  Saved checkpoint to "./imputer_model/2_heart/imputer_model_cp/model-0002.params"
2024-03-24 17:38:46,736 [INFO]  Epoch[2] Validation-cross-entropy=0.490890
2024-03-24 17:38:46,736 [INFO]  Epoch[2] Validation-cp-accuracy=0.000000
2024-03-24 17:38:46,744 [INFO]  Epoch[3] Batch [0-7]	Speed: 19393.22 samples/sec	cross-entropy=0.233734	cp-accuracy=2.125000
2024-03-24 17:38:46,748 [INFO]  Epoch[3] Train-cross-entropy=0.266139
2024-03-24 17:38:46,748 [INFO]  Epoch[3] Train-cp-accuracy=1.833333
2024-03-24 17:38:46,748 [INFO]  Epoch[3] Time cost=0.012
2024-03-24 17:38:46,750 [INFO]  Saved checkpoint to "./imputer_model/2_heart/imputer_model_cp/model-0003.params"
2024-03-24 17:38:46,751 [INFO]  Epoch[3] Validation-cross-entropy=0.263621
2024-03-24 17:38:46,751 [INFO]  Epoch[3] Validation-cp-accuracy=0.000000
2024-03-24 17:38:46,757 [INFO]  Epoch[4] Batch [0-7]	Speed: 21954.58 samples/sec	cross-entropy=0.132007	cp-accuracy=2.125000
2024-03-24 17:38:46,761 [INFO]  Epoch[4] Train-cross-entropy=0.161014
2024-03-24 17:38:46,761 [INFO]  Epoch[4] Train-cp-accuracy=1.833333
2024-03-24 17:38:46,761 [INFO]  Epoch[4] Time cost=0.011
2024-03-24 17:38:46,763 [INFO]  Saved checkpoint to "./imputer_model/2_heart/imputer_model_cp/model-0004.params"
2024-03-24 17:38:46,764 [INFO]  Epoch[4] Validation-cross-entropy=0.272501
2024-03-24 17:38:46,764 [INFO]  Epoch[4] Validation-cp-accuracy=0.000000
2024-03-24 17:38:46,764 [INFO]  
========== done (0.09838747978210449 s) fit model
2024-03-24 17:38:50,180 [INFO]  
========== start: fit model
2024-03-24 17:38:50,180 [WARNING]  Already bound, ignoring bind()
2024-03-24 17:38:50,195 [INFO]  Epoch[0] Batch [0-7]	Speed: 17064.26 samples/sec	cross-entropy=9.219848	cp-accuracy=0.000000
2024-03-24 17:38:50,201 [INFO]  Epoch[0] Train-cross-entropy=2.343765
2024-03-24 17:38:50,201 [INFO]  Epoch[0] Train-cp-accuracy=0.000000
2024-03-24 17:38:50,201 [INFO]  Epoch[0] Time cost=0.020
2024-03-24 17:38:50,204 [INFO]  Saved checkpoint to "./imputer_model/2_heart/imputer_model_cp/model-0000.params"
2024-03-24 17:38:50,205 [INFO]  Epoch[0] Validation-cross-entropy=0.993753
2024-03-24 17:38:50,205 [INFO]  Epoch[0] Validation-cp-accuracy=0.000000
2024-03-24 17:38:50,215 [INFO]  Epoch[1] Batch [0-7]	Speed: 13835.25 samples/sec	cross-entropy=1.170662	cp-accuracy=0.000000
2024-03-24 17:38:50,222 [INFO]  Epoch[1] Train-cross-entropy=0.611579
2024-03-24 17:38:50,223 [INFO]  Epoch[1] Train-cp-accuracy=0.000000
2024-03-24 17:38:50,223 [INFO]  Epoch[1] Time cost=0.017
2024-03-24 17:38:50,225 [INFO]  Saved checkpoint to "./imputer_model/2_heart/imputer_model_cp/model-0001.params"
2024-03-24 17:38:50,226 [INFO]  Epoch[1] Validation-cross-entropy=0.754517
2024-03-24 17:38:50,227 [INFO]  Epoch[1] Validation-cp-accuracy=0.000000
2024-03-24 17:38:50,236 [INFO]  Epoch[2] Batch [0-7]	Speed: 14253.35 samples/sec	cross-entropy=0.642499	cp-accuracy=0.000000
2024-03-24 17:38:50,243 [INFO]  Epoch[2] Train-cross-entropy=0.364796
2024-03-24 17:38:50,243 [INFO]  Epoch[2] Train-cp-accuracy=0.000000
2024-03-24 17:38:50,243 [INFO]  Epoch[2] Time cost=0.016
2024-03-24 17:38:50,246 [INFO]  Saved checkpoint to "./imputer_model/2_heart/imputer_model_cp/model-0002.params"
2024-03-24 17:38:50,247 [INFO]  Epoch[2] Validation-cross-entropy=0.235597
2024-03-24 17:38:50,247 [INFO]  Epoch[2] Validation-cp-accuracy=0.000000
2024-03-24 17:38:50,257 [INFO]  Epoch[3] Batch [0-7]	Speed: 13763.90 samples/sec	cross-entropy=0.296856	cp-accuracy=0.000000
2024-03-24 17:38:50,262 [INFO]  Epoch[3] Train-cross-entropy=0.158514
2024-03-24 17:38:50,262 [INFO]  Epoch[3] Train-cp-accuracy=0.000000
2024-03-24 17:38:50,262 [INFO]  Epoch[3] Time cost=0.015
2024-03-24 17:38:50,263 [INFO]  Saved checkpoint to "./imputer_model/2_heart/imputer_model_cp/model-0003.params"
2024-03-24 17:38:50,264 [INFO]  Epoch[3] Validation-cross-entropy=0.131481
2024-03-24 17:38:50,264 [INFO]  Epoch[3] Validation-cp-accuracy=0.000000
2024-03-24 17:38:50,269 [INFO]  Epoch[4] Batch [0-7]	Speed: 28343.31 samples/sec	cross-entropy=0.178167	cp-accuracy=0.000000
2024-03-24 17:38:50,272 [INFO]  Epoch[4] Train-cross-entropy=0.115810
2024-03-24 17:38:50,272 [INFO]  Epoch[4] Train-cp-accuracy=0.000000
2024-03-24 17:38:50,272 [INFO]  Epoch[4] Time cost=0.008
2024-03-24 17:38:50,274 [INFO]  Saved checkpoint to "./imputer_model/2_heart/imputer_model_cp/model-0004.params"
2024-03-24 17:38:50,275 [INFO]  Epoch[4] Validation-cross-entropy=0.132021
2024-03-24 17:38:50,275 [INFO]  Epoch[4] Validation-cp-accuracy=0.000000
2024-03-24 17:38:50,275 [INFO]  
========== done (0.09467077255249023 s) fit model
2024-03-24 17:38:53,335 [INFO]  
========== start: fit model
2024-03-24 17:38:53,336 [WARNING]  Already bound, ignoring bind()
2024-03-24 17:38:53,354 [INFO]  Epoch[0] Batch [0-7]	Speed: 7659.95 samples/sec	cross-entropy=13.652980	cp-accuracy=3.000000
2024-03-24 17:38:53,363 [INFO]  Epoch[0] Train-cross-entropy=7.131600
2024-03-24 17:38:53,363 [INFO]  Epoch[0] Train-cp-accuracy=2.833333
2024-03-24 17:38:53,363 [INFO]  Epoch[0] Time cost=0.027
2024-03-24 17:38:53,366 [INFO]  Saved checkpoint to "./imputer_model/2_heart/imputer_model_cp/model-0000.params"
2024-03-24 17:38:53,367 [INFO]  Epoch[0] Validation-cross-entropy=5.096859
2024-03-24 17:38:53,367 [INFO]  Epoch[0] Validation-cp-accuracy=0.000000
2024-03-24 17:38:53,379 [INFO]  Epoch[1] Batch [0-7]	Speed: 10906.94 samples/sec	cross-entropy=2.089353	cp-accuracy=3.000000
2024-03-24 17:38:53,387 [INFO]  Epoch[1] Train-cross-entropy=1.260159
2024-03-24 17:38:53,387 [INFO]  Epoch[1] Train-cp-accuracy=2.833333
2024-03-24 17:38:53,387 [INFO]  Epoch[1] Time cost=0.020
2024-03-24 17:38:53,388 [INFO]  Saved checkpoint to "./imputer_model/2_heart/imputer_model_cp/model-0001.params"
2024-03-24 17:38:53,389 [INFO]  Epoch[1] Validation-cross-entropy=0.956179
2024-03-24 17:38:53,389 [INFO]  Epoch[1] Validation-cp-accuracy=0.000000
2024-03-24 17:38:53,394 [INFO]  Epoch[2] Batch [0-7]	Speed: 28375.84 samples/sec	cross-entropy=0.663392	cp-accuracy=3.000000
2024-03-24 17:38:53,397 [INFO]  Epoch[2] Train-cross-entropy=0.451661
2024-03-24 17:38:53,398 [INFO]  Epoch[2] Train-cp-accuracy=2.833333
2024-03-24 17:38:53,398 [INFO]  Epoch[2] Time cost=0.008
2024-03-24 17:38:53,399 [INFO]  Saved checkpoint to "./imputer_model/2_heart/imputer_model_cp/model-0002.params"
2024-03-24 17:38:53,400 [INFO]  Epoch[2] Validation-cross-entropy=0.440044
2024-03-24 17:38:53,400 [INFO]  Epoch[2] Validation-cp-accuracy=0.000000
2024-03-24 17:38:53,408 [INFO]  Epoch[3] Batch [0-7]	Speed: 14526.18 samples/sec	cross-entropy=0.464857	cp-accuracy=3.000000
2024-03-24 17:38:53,413 [INFO]  Epoch[3] Train-cross-entropy=0.219537
2024-03-24 17:38:53,413 [INFO]  Epoch[3] Train-cp-accuracy=2.833333
2024-03-24 17:38:53,413 [INFO]  Epoch[3] Time cost=0.013
2024-03-24 17:38:53,414 [INFO]  Saved checkpoint to "./imputer_model/2_heart/imputer_model_cp/model-0003.params"
2024-03-24 17:38:53,415 [INFO]  Epoch[3] Validation-cross-entropy=0.243183
2024-03-24 17:38:53,416 [INFO]  Epoch[3] Validation-cp-accuracy=0.000000
2024-03-24 17:38:53,424 [INFO]  Epoch[4] Batch [0-7]	Speed: 15636.84 samples/sec	cross-entropy=0.208420	cp-accuracy=3.000000
2024-03-24 17:38:53,431 [INFO]  Epoch[4] Train-cross-entropy=0.167531
2024-03-24 17:38:53,431 [INFO]  Epoch[4] Train-cp-accuracy=2.833333
2024-03-24 17:38:53,431 [INFO]  Epoch[4] Time cost=0.015
2024-03-24 17:38:53,432 [INFO]  Saved checkpoint to "./imputer_model/2_heart/imputer_model_cp/model-0004.params"
2024-03-24 17:38:53,433 [INFO]  Epoch[4] Validation-cross-entropy=0.278244
2024-03-24 17:38:53,434 [INFO]  Epoch[4] Validation-cp-accuracy=0.000000
2024-03-24 17:38:53,434 [INFO]  
========== done (0.09818458557128906 s) fit model
2024-03-24 17:38:56,345 [INFO]  
========== start: fit model
2024-03-24 17:38:56,345 [WARNING]  Already bound, ignoring bind()
2024-03-24 17:38:56,352 [INFO]  Epoch[0] Batch [0-7]	Speed: 22583.63 samples/sec	cross-entropy=12.892661	cp-accuracy=0.000000
2024-03-24 17:38:56,357 [INFO]  Epoch[0] Train-cross-entropy=6.404113
2024-03-24 17:38:56,357 [INFO]  Epoch[0] Train-cp-accuracy=0.000000
2024-03-24 17:38:56,357 [INFO]  Epoch[0] Time cost=0.010
2024-03-24 17:38:56,358 [INFO]  Saved checkpoint to "./imputer_model/2_heart/imputer_model_cp/model-0000.params"
2024-03-24 17:38:56,359 [INFO]  Epoch[0] Validation-cross-entropy=2.337105
2024-03-24 17:38:56,359 [INFO]  Epoch[0] Validation-cp-accuracy=0.000000
2024-03-24 17:38:56,364 [INFO]  Epoch[1] Batch [0-7]	Speed: 23342.21 samples/sec	cross-entropy=1.842858	cp-accuracy=0.000000
2024-03-24 17:38:56,368 [INFO]  Epoch[1] Train-cross-entropy=1.241610
2024-03-24 17:38:56,369 [INFO]  Epoch[1] Train-cp-accuracy=0.000000
2024-03-24 17:38:56,369 [INFO]  Epoch[1] Time cost=0.010
2024-03-24 17:38:56,370 [INFO]  Saved checkpoint to "./imputer_model/2_heart/imputer_model_cp/model-0001.params"
2024-03-24 17:38:56,371 [INFO]  Epoch[1] Validation-cross-entropy=1.632050
2024-03-24 17:38:56,371 [INFO]  Epoch[1] Validation-cp-accuracy=0.000000
2024-03-24 17:38:56,376 [INFO]  Epoch[2] Batch [0-7]	Speed: 23268.22 samples/sec	cross-entropy=0.854954	cp-accuracy=0.000000
2024-03-24 17:38:56,386 [INFO]  Epoch[2] Train-cross-entropy=0.824397
2024-03-24 17:38:56,386 [INFO]  Epoch[2] Train-cp-accuracy=0.000000
2024-03-24 17:38:56,386 [INFO]  Epoch[2] Time cost=0.016
2024-03-24 17:38:56,390 [INFO]  Saved checkpoint to "./imputer_model/2_heart/imputer_model_cp/model-0002.params"
2024-03-24 17:38:56,391 [INFO]  Epoch[2] Validation-cross-entropy=1.075289
2024-03-24 17:38:56,391 [INFO]  Epoch[2] Validation-cp-accuracy=0.000000
2024-03-24 17:38:56,400 [INFO]  Epoch[3] Batch [0-7]	Speed: 15085.97 samples/sec	cross-entropy=0.476526	cp-accuracy=0.000000
2024-03-24 17:38:56,405 [INFO]  Epoch[3] Train-cross-entropy=0.424399
2024-03-24 17:38:56,405 [INFO]  Epoch[3] Train-cp-accuracy=0.000000
2024-03-24 17:38:56,405 [INFO]  Epoch[3] Time cost=0.013
2024-03-24 17:38:56,406 [INFO]  Saved checkpoint to "./imputer_model/2_heart/imputer_model_cp/model-0003.params"
2024-03-24 17:38:56,407 [INFO]  Epoch[3] Validation-cross-entropy=0.882173
2024-03-24 17:38:56,407 [INFO]  Epoch[3] Validation-cp-accuracy=0.000000
2024-03-24 17:38:56,413 [INFO]  Epoch[4] Batch [0-7]	Speed: 25133.06 samples/sec	cross-entropy=0.257610	cp-accuracy=0.000000
2024-03-24 17:38:56,417 [INFO]  Epoch[4] Train-cross-entropy=0.301319
2024-03-24 17:38:56,417 [INFO]  Epoch[4] Train-cp-accuracy=0.000000
2024-03-24 17:38:56,418 [INFO]  Epoch[4] Time cost=0.010
2024-03-24 17:38:56,420 [INFO]  Saved checkpoint to "./imputer_model/2_heart/imputer_model_cp/model-0004.params"
2024-03-24 17:38:56,422 [INFO]  Epoch[4] Validation-cross-entropy=0.772445
2024-03-24 17:38:56,422 [INFO]  Epoch[4] Validation-cp-accuracy=0.000000
2024-03-24 17:38:56,422 [INFO]  
========== done (0.07654905319213867 s) fit model
2024-03-24 17:38:58,916 [INFO]  
========== start: fit model
2024-03-24 17:38:58,916 [WARNING]  Already bound, ignoring bind()
2024-03-24 17:38:58,923 [INFO]  Epoch[0] Batch [0-7]	Speed: 22873.94 samples/sec	cross-entropy=24.543774	cp-accuracy=2.625000
2024-03-24 17:38:58,933 [INFO]  Epoch[0] Train-cross-entropy=8.019120
2024-03-24 17:38:58,933 [INFO]  Epoch[0] Train-cp-accuracy=2.000000
2024-03-24 17:38:58,933 [INFO]  Epoch[0] Time cost=0.016
2024-03-24 17:38:58,937 [INFO]  Saved checkpoint to "./imputer_model/2_heart/imputer_model_cp/model-0000.params"
2024-03-24 17:38:58,938 [INFO]  Epoch[0] Validation-cross-entropy=2.836454
2024-03-24 17:38:58,939 [INFO]  Epoch[0] Validation-cp-accuracy=0.000000
2024-03-24 17:38:58,948 [INFO]  Epoch[1] Batch [0-7]	Speed: 14643.00 samples/sec	cross-entropy=5.352600	cp-accuracy=2.625000
2024-03-24 17:38:58,953 [INFO]  Epoch[1] Train-cross-entropy=1.831181
2024-03-24 17:38:58,953 [INFO]  Epoch[1] Train-cp-accuracy=2.000000
2024-03-24 17:38:58,953 [INFO]  Epoch[1] Time cost=0.015
2024-03-24 17:38:58,955 [INFO]  Saved checkpoint to "./imputer_model/2_heart/imputer_model_cp/model-0001.params"
2024-03-24 17:38:58,956 [INFO]  Epoch[1] Validation-cross-entropy=0.930242
2024-03-24 17:38:58,956 [INFO]  Epoch[1] Validation-cp-accuracy=0.000000
2024-03-24 17:38:58,965 [INFO]  Epoch[2] Batch [0-7]	Speed: 14374.16 samples/sec	cross-entropy=1.413584	cp-accuracy=2.625000
2024-03-24 17:38:58,973 [INFO]  Epoch[2] Train-cross-entropy=0.651045
2024-03-24 17:38:58,973 [INFO]  Epoch[2] Train-cp-accuracy=2.000000
2024-03-24 17:38:58,973 [INFO]  Epoch[2] Time cost=0.017
2024-03-24 17:38:58,975 [INFO]  Saved checkpoint to "./imputer_model/2_heart/imputer_model_cp/model-0002.params"
2024-03-24 17:38:58,976 [INFO]  Epoch[2] Validation-cross-entropy=0.568479
2024-03-24 17:38:58,976 [INFO]  Epoch[2] Validation-cp-accuracy=0.000000
2024-03-24 17:38:58,984 [INFO]  Epoch[3] Batch [0-7]	Speed: 19184.14 samples/sec	cross-entropy=0.670816	cp-accuracy=2.625000
2024-03-24 17:38:58,988 [INFO]  Epoch[3] Train-cross-entropy=0.460012
2024-03-24 17:38:58,988 [INFO]  Epoch[3] Train-cp-accuracy=2.000000
2024-03-24 17:38:58,988 [INFO]  Epoch[3] Time cost=0.012
2024-03-24 17:38:58,990 [INFO]  Saved checkpoint to "./imputer_model/2_heart/imputer_model_cp/model-0003.params"
2024-03-24 17:38:58,991 [INFO]  Epoch[3] Validation-cross-entropy=0.480577
2024-03-24 17:38:58,991 [INFO]  Epoch[3] Validation-cp-accuracy=0.000000
2024-03-24 17:38:58,996 [INFO]  Epoch[4] Batch [0-7]	Speed: 24938.26 samples/sec	cross-entropy=0.373600	cp-accuracy=2.625000
2024-03-24 17:38:59,000 [INFO]  Epoch[4] Train-cross-entropy=0.256844
2024-03-24 17:38:59,000 [INFO]  Epoch[4] Train-cp-accuracy=2.000000
2024-03-24 17:38:59,000 [INFO]  Epoch[4] Time cost=0.009
2024-03-24 17:38:59,001 [INFO]  Saved checkpoint to "./imputer_model/2_heart/imputer_model_cp/model-0004.params"
2024-03-24 17:38:59,002 [INFO]  Epoch[4] Validation-cross-entropy=0.254454
2024-03-24 17:38:59,002 [INFO]  Epoch[4] Validation-cp-accuracy=0.000000
2024-03-24 17:38:59,002 [INFO]  
========== done (0.08622360229492188 s) fit model
2024-03-24 17:39:01,460 [INFO]  
========== start: fit model
2024-03-24 17:39:01,460 [WARNING]  Already bound, ignoring bind()
2024-03-24 17:39:01,467 [INFO]  Epoch[0] Batch [0-7]	Speed: 23019.65 samples/sec	cross-entropy=9.519278	cp-accuracy=3.375000
2024-03-24 17:39:01,471 [INFO]  Epoch[0] Train-cross-entropy=3.593687
2024-03-24 17:39:01,471 [INFO]  Epoch[0] Train-cp-accuracy=1.333333
2024-03-24 17:39:01,471 [INFO]  Epoch[0] Time cost=0.010
2024-03-24 17:39:01,472 [INFO]  Saved checkpoint to "./imputer_model/2_heart/imputer_model_cp/model-0000.params"
2024-03-24 17:39:01,473 [INFO]  Epoch[0] Validation-cross-entropy=2.006578
2024-03-24 17:39:01,473 [INFO]  Epoch[0] Validation-cp-accuracy=0.000000
2024-03-24 17:39:01,479 [INFO]  Epoch[1] Batch [0-7]	Speed: 23537.53 samples/sec	cross-entropy=1.506381	cp-accuracy=3.375000
2024-03-24 17:39:01,483 [INFO]  Epoch[1] Train-cross-entropy=1.092086
2024-03-24 17:39:01,483 [INFO]  Epoch[1] Train-cp-accuracy=1.333333
2024-03-24 17:39:01,483 [INFO]  Epoch[1] Time cost=0.010
2024-03-24 17:39:01,484 [INFO]  Saved checkpoint to "./imputer_model/2_heart/imputer_model_cp/model-0001.params"
2024-03-24 17:39:01,485 [INFO]  Epoch[1] Validation-cross-entropy=0.660822
2024-03-24 17:39:01,485 [INFO]  Epoch[1] Validation-cp-accuracy=0.000000
2024-03-24 17:39:01,490 [INFO]  Epoch[2] Batch [0-7]	Speed: 24329.92 samples/sec	cross-entropy=0.865886	cp-accuracy=3.375000
2024-03-24 17:39:01,494 [INFO]  Epoch[2] Train-cross-entropy=0.492987
2024-03-24 17:39:01,494 [INFO]  Epoch[2] Train-cp-accuracy=1.333333
2024-03-24 17:39:01,494 [INFO]  Epoch[2] Time cost=0.009
2024-03-24 17:39:01,496 [INFO]  Saved checkpoint to "./imputer_model/2_heart/imputer_model_cp/model-0002.params"
2024-03-24 17:39:01,497 [INFO]  Epoch[2] Validation-cross-entropy=0.235558
2024-03-24 17:39:01,497 [INFO]  Epoch[2] Validation-cp-accuracy=0.000000
2024-03-24 17:39:01,502 [INFO]  Epoch[3] Batch [0-7]	Speed: 24303.48 samples/sec	cross-entropy=0.295093	cp-accuracy=3.375000
2024-03-24 17:39:01,506 [INFO]  Epoch[3] Train-cross-entropy=0.321968
2024-03-24 17:39:01,506 [INFO]  Epoch[3] Train-cp-accuracy=1.333333
2024-03-24 17:39:01,506 [INFO]  Epoch[3] Time cost=0.009
2024-03-24 17:39:01,507 [INFO]  Saved checkpoint to "./imputer_model/2_heart/imputer_model_cp/model-0003.params"
2024-03-24 17:39:01,509 [INFO]  Epoch[3] Validation-cross-entropy=0.578771
2024-03-24 17:39:01,509 [INFO]  Epoch[3] Validation-cp-accuracy=0.000000
2024-03-24 17:39:01,522 [INFO]  Epoch[4] Batch [0-7]	Speed: 10428.26 samples/sec	cross-entropy=0.187091	cp-accuracy=3.375000
2024-03-24 17:39:01,528 [INFO]  Epoch[4] Train-cross-entropy=0.186456
2024-03-24 17:39:01,529 [INFO]  Epoch[4] Train-cp-accuracy=1.333333
2024-03-24 17:39:01,529 [INFO]  Epoch[4] Time cost=0.019
2024-03-24 17:39:01,531 [INFO]  Saved checkpoint to "./imputer_model/2_heart/imputer_model_cp/model-0004.params"
2024-03-24 17:39:01,532 [INFO]  Epoch[4] Validation-cross-entropy=0.122236
2024-03-24 17:39:01,532 [INFO]  Epoch[4] Validation-cp-accuracy=0.000000
2024-03-24 17:39:01,532 [INFO]  
========== done (0.07207751274108887 s) fit model
2024-03-24 17:39:04,110 [INFO]  
========== start: fit model
2024-03-24 17:39:04,110 [WARNING]  Already bound, ignoring bind()
2024-03-24 17:39:04,117 [INFO]  Epoch[0] Batch [0-7]	Speed: 22745.46 samples/sec	cross-entropy=10.796667	cp-accuracy=2.250000
2024-03-24 17:39:04,121 [INFO]  Epoch[0] Train-cross-entropy=2.822622
2024-03-24 17:39:04,121 [INFO]  Epoch[0] Train-cp-accuracy=4.333333
2024-03-24 17:39:04,121 [INFO]  Epoch[0] Time cost=0.010
2024-03-24 17:39:04,122 [INFO]  Saved checkpoint to "./imputer_model/2_heart/imputer_model_cp/model-0000.params"
2024-03-24 17:39:04,123 [INFO]  Epoch[0] Validation-cross-entropy=1.680540
2024-03-24 17:39:04,123 [INFO]  Epoch[0] Validation-cp-accuracy=0.000000
2024-03-24 17:39:04,128 [INFO]  Epoch[1] Batch [0-7]	Speed: 23988.26 samples/sec	cross-entropy=1.414200	cp-accuracy=2.250000
2024-03-24 17:39:04,132 [INFO]  Epoch[1] Train-cross-entropy=0.725407
2024-03-24 17:39:04,133 [INFO]  Epoch[1] Train-cp-accuracy=4.333333
2024-03-24 17:39:04,133 [INFO]  Epoch[1] Time cost=0.009
2024-03-24 17:39:04,134 [INFO]  Saved checkpoint to "./imputer_model/2_heart/imputer_model_cp/model-0001.params"
2024-03-24 17:39:04,135 [INFO]  Epoch[1] Validation-cross-entropy=0.325521
2024-03-24 17:39:04,135 [INFO]  Epoch[1] Validation-cp-accuracy=0.000000
2024-03-24 17:39:04,140 [INFO]  Epoch[2] Batch [0-7]	Speed: 24249.54 samples/sec	cross-entropy=0.491547	cp-accuracy=2.250000
2024-03-24 17:39:04,144 [INFO]  Epoch[2] Train-cross-entropy=0.277793
2024-03-24 17:39:04,144 [INFO]  Epoch[2] Train-cp-accuracy=4.333333
2024-03-24 17:39:04,144 [INFO]  Epoch[2] Time cost=0.009
2024-03-24 17:39:04,145 [INFO]  Saved checkpoint to "./imputer_model/2_heart/imputer_model_cp/model-0002.params"
2024-03-24 17:39:04,146 [INFO]  Epoch[2] Validation-cross-entropy=0.350072
2024-03-24 17:39:04,146 [INFO]  Epoch[2] Validation-cp-accuracy=0.000000
2024-03-24 17:39:04,152 [INFO]  Epoch[3] Batch [0-7]	Speed: 24684.04 samples/sec	cross-entropy=0.305004	cp-accuracy=2.250000
2024-03-24 17:39:04,156 [INFO]  Epoch[3] Train-cross-entropy=0.179507
2024-03-24 17:39:04,156 [INFO]  Epoch[3] Train-cp-accuracy=4.333333
2024-03-24 17:39:04,156 [INFO]  Epoch[3] Time cost=0.009
2024-03-24 17:39:04,157 [INFO]  Saved checkpoint to "./imputer_model/2_heart/imputer_model_cp/model-0003.params"
2024-03-24 17:39:04,158 [INFO]  Epoch[3] Validation-cross-entropy=0.166480
2024-03-24 17:39:04,158 [INFO]  Epoch[3] Validation-cp-accuracy=0.000000
2024-03-24 17:39:04,163 [INFO]  Epoch[4] Batch [0-7]	Speed: 24710.01 samples/sec	cross-entropy=0.176691	cp-accuracy=2.250000
2024-03-24 17:39:04,167 [INFO]  Epoch[4] Train-cross-entropy=0.121358
2024-03-24 17:39:04,167 [INFO]  Epoch[4] Train-cp-accuracy=4.333333
2024-03-24 17:39:04,167 [INFO]  Epoch[4] Time cost=0.009
2024-03-24 17:39:04,169 [INFO]  Saved checkpoint to "./imputer_model/2_heart/imputer_model_cp/model-0004.params"
2024-03-24 17:39:04,169 [INFO]  Epoch[4] Validation-cross-entropy=0.190948
2024-03-24 17:39:04,169 [INFO]  Epoch[4] Validation-cp-accuracy=0.000000
2024-03-24 17:39:04,169 [INFO]  
========== done (0.05973935127258301 s) fit model
2024-03-24 17:39:06,610 [INFO]  
========== start: fit model
2024-03-24 17:39:06,610 [WARNING]  Already bound, ignoring bind()
2024-03-24 17:39:06,618 [INFO]  Epoch[0] Batch [0-7]	Speed: 21026.90 samples/sec	cross-entropy=16.995683	cp-accuracy=2.125000
2024-03-24 17:39:06,623 [INFO]  Epoch[0] Train-cross-entropy=8.538609
2024-03-24 17:39:06,623 [INFO]  Epoch[0] Train-cp-accuracy=2.500000
2024-03-24 17:39:06,623 [INFO]  Epoch[0] Time cost=0.011
2024-03-24 17:39:06,624 [INFO]  Saved checkpoint to "./imputer_model/2_heart/imputer_model_cp/model-0000.params"
2024-03-24 17:39:06,625 [INFO]  Epoch[0] Validation-cross-entropy=3.532276
2024-03-24 17:39:06,625 [INFO]  Epoch[0] Validation-cp-accuracy=0.000000
2024-03-24 17:39:06,631 [INFO]  Epoch[1] Batch [0-7]	Speed: 21123.34 samples/sec	cross-entropy=3.175694	cp-accuracy=2.125000
2024-03-24 17:39:06,636 [INFO]  Epoch[1] Train-cross-entropy=1.633962
2024-03-24 17:39:06,636 [INFO]  Epoch[1] Train-cp-accuracy=2.500000
2024-03-24 17:39:06,636 [INFO]  Epoch[1] Time cost=0.011
2024-03-24 17:39:06,638 [INFO]  Saved checkpoint to "./imputer_model/2_heart/imputer_model_cp/model-0001.params"
2024-03-24 17:39:06,639 [INFO]  Epoch[1] Validation-cross-entropy=1.318886
2024-03-24 17:39:06,639 [INFO]  Epoch[1] Validation-cp-accuracy=0.000000
2024-03-24 17:39:06,645 [INFO]  Epoch[2] Batch [0-7]	Speed: 21483.68 samples/sec	cross-entropy=1.017495	cp-accuracy=2.125000
2024-03-24 17:39:06,649 [INFO]  Epoch[2] Train-cross-entropy=0.531385
2024-03-24 17:39:06,650 [INFO]  Epoch[2] Train-cp-accuracy=2.500000
2024-03-24 17:39:06,650 [INFO]  Epoch[2] Time cost=0.011
2024-03-24 17:39:06,651 [INFO]  Saved checkpoint to "./imputer_model/2_heart/imputer_model_cp/model-0002.params"
2024-03-24 17:39:06,652 [INFO]  Epoch[2] Validation-cross-entropy=1.071104
2024-03-24 17:39:06,652 [INFO]  Epoch[2] Validation-cp-accuracy=0.000000
2024-03-24 17:39:06,658 [INFO]  Epoch[3] Batch [0-7]	Speed: 21293.78 samples/sec	cross-entropy=0.549519	cp-accuracy=2.125000
2024-03-24 17:39:06,662 [INFO]  Epoch[3] Train-cross-entropy=0.306600
2024-03-24 17:39:06,662 [INFO]  Epoch[3] Train-cp-accuracy=2.500000
2024-03-24 17:39:06,662 [INFO]  Epoch[3] Time cost=0.010
2024-03-24 17:39:06,664 [INFO]  Saved checkpoint to "./imputer_model/2_heart/imputer_model_cp/model-0003.params"
2024-03-24 17:39:06,665 [INFO]  Epoch[3] Validation-cross-entropy=0.637072
2024-03-24 17:39:06,665 [INFO]  Epoch[3] Validation-cp-accuracy=0.000000
2024-03-24 17:39:06,670 [INFO]  Epoch[4] Batch [0-7]	Speed: 24743.85 samples/sec	cross-entropy=0.297075	cp-accuracy=2.125000
2024-03-24 17:39:06,674 [INFO]  Epoch[4] Train-cross-entropy=0.180656
2024-03-24 17:39:06,674 [INFO]  Epoch[4] Train-cp-accuracy=2.500000
2024-03-24 17:39:06,674 [INFO]  Epoch[4] Time cost=0.009
2024-03-24 17:39:06,675 [INFO]  Saved checkpoint to "./imputer_model/2_heart/imputer_model_cp/model-0004.params"
2024-03-24 17:39:06,676 [INFO]  Epoch[4] Validation-cross-entropy=0.338105
2024-03-24 17:39:06,676 [INFO]  Epoch[4] Validation-cp-accuracy=0.000000
2024-03-24 17:39:06,676 [INFO]  
========== done (0.06586194038391113 s) fit model
2024-03-24 17:39:09,199 [INFO]  
========== start: fit model
2024-03-24 17:39:09,199 [WARNING]  Already bound, ignoring bind()
2024-03-24 17:39:09,207 [INFO]  Epoch[0] Batch [0-7]	Speed: 20103.65 samples/sec	cross-entropy=10.483149	cp-accuracy=0.000000
2024-03-24 17:39:09,211 [INFO]  Epoch[0] Train-cross-entropy=4.193683
2024-03-24 17:39:09,211 [INFO]  Epoch[0] Train-cp-accuracy=0.000000
2024-03-24 17:39:09,211 [INFO]  Epoch[0] Time cost=0.012
2024-03-24 17:39:09,213 [INFO]  Saved checkpoint to "./imputer_model/2_heart/imputer_model_cp/model-0000.params"
2024-03-24 17:39:09,214 [INFO]  Epoch[0] Validation-cross-entropy=0.783874
2024-03-24 17:39:09,214 [INFO]  Epoch[0] Validation-cp-accuracy=0.000000
2024-03-24 17:39:09,219 [INFO]  Epoch[1] Batch [0-7]	Speed: 24704.81 samples/sec	cross-entropy=1.932888	cp-accuracy=0.000000
2024-03-24 17:39:09,223 [INFO]  Epoch[1] Train-cross-entropy=1.074971
2024-03-24 17:39:09,223 [INFO]  Epoch[1] Train-cp-accuracy=0.000000
2024-03-24 17:39:09,223 [INFO]  Epoch[1] Time cost=0.009
2024-03-24 17:39:09,224 [INFO]  Saved checkpoint to "./imputer_model/2_heart/imputer_model_cp/model-0001.params"
2024-03-24 17:39:09,225 [INFO]  Epoch[1] Validation-cross-entropy=0.892098
2024-03-24 17:39:09,225 [INFO]  Epoch[1] Validation-cp-accuracy=0.000000
2024-03-24 17:39:09,230 [INFO]  Epoch[2] Batch [0-7]	Speed: 28110.95 samples/sec	cross-entropy=0.807153	cp-accuracy=0.000000
2024-03-24 17:39:09,233 [INFO]  Epoch[2] Train-cross-entropy=0.482814
2024-03-24 17:39:09,233 [INFO]  Epoch[2] Train-cp-accuracy=0.000000
2024-03-24 17:39:09,233 [INFO]  Epoch[2] Time cost=0.008
2024-03-24 17:39:09,234 [INFO]  Saved checkpoint to "./imputer_model/2_heart/imputer_model_cp/model-0002.params"
2024-03-24 17:39:09,235 [INFO]  Epoch[2] Validation-cross-entropy=0.744974
2024-03-24 17:39:09,235 [INFO]  Epoch[2] Validation-cp-accuracy=0.000000
2024-03-24 17:39:09,240 [INFO]  Epoch[3] Batch [0-7]	Speed: 24375.37 samples/sec	cross-entropy=0.307983	cp-accuracy=0.000000
2024-03-24 17:39:09,244 [INFO]  Epoch[3] Train-cross-entropy=0.306655
2024-03-24 17:39:09,244 [INFO]  Epoch[3] Train-cp-accuracy=0.000000
2024-03-24 17:39:09,244 [INFO]  Epoch[3] Time cost=0.009
2024-03-24 17:39:09,246 [INFO]  Saved checkpoint to "./imputer_model/2_heart/imputer_model_cp/model-0003.params"
2024-03-24 17:39:09,246 [INFO]  Epoch[3] Validation-cross-entropy=0.205227
2024-03-24 17:39:09,247 [INFO]  Epoch[3] Validation-cp-accuracy=0.000000
2024-03-24 17:39:09,252 [INFO]  Epoch[4] Batch [0-7]	Speed: 24207.05 samples/sec	cross-entropy=0.224175	cp-accuracy=0.000000
2024-03-24 17:39:09,256 [INFO]  Epoch[4] Train-cross-entropy=0.188638
2024-03-24 17:39:09,256 [INFO]  Epoch[4] Train-cp-accuracy=0.000000
2024-03-24 17:39:09,256 [INFO]  Epoch[4] Time cost=0.009
2024-03-24 17:39:09,257 [INFO]  Saved checkpoint to "./imputer_model/2_heart/imputer_model_cp/model-0004.params"
2024-03-24 17:39:09,258 [INFO]  Epoch[4] Validation-cross-entropy=0.352974
2024-03-24 17:39:09,258 [INFO]  Epoch[4] Validation-cp-accuracy=0.000000
2024-03-24 17:39:09,258 [INFO]  
========== done (0.059348344802856445 s) fit model
2024-03-24 17:39:13,026 [INFO]  
========== start: fit model
2024-03-24 17:39:13,027 [WARNING]  Already bound, ignoring bind()
2024-03-24 17:39:13,105 [INFO]  Epoch[0] Batch [0-7]	Speed: 1865.20 samples/sec	cross-entropy=17.742126	cp-accuracy=2.750000
2024-03-24 17:39:13,110 [INFO]  Epoch[0] Train-cross-entropy=7.510757
2024-03-24 17:39:13,110 [INFO]  Epoch[0] Train-cp-accuracy=3.666667
2024-03-24 17:39:13,110 [INFO]  Epoch[0] Time cost=0.082
2024-03-24 17:39:13,112 [INFO]  Saved checkpoint to "./imputer_model/2_heart/imputer_model_cp/model-0000.params"
2024-03-24 17:39:13,113 [INFO]  Epoch[0] Validation-cross-entropy=4.776456
2024-03-24 17:39:13,113 [INFO]  Epoch[0] Validation-cp-accuracy=0.000000
2024-03-24 17:39:13,118 [INFO]  Epoch[1] Batch [0-7]	Speed: 27364.25 samples/sec	cross-entropy=3.593095	cp-accuracy=2.750000
2024-03-24 17:39:13,126 [INFO]  Epoch[1] Train-cross-entropy=2.190043
2024-03-24 17:39:13,126 [INFO]  Epoch[1] Train-cp-accuracy=3.666667
2024-03-24 17:39:13,126 [INFO]  Epoch[1] Time cost=0.013
2024-03-24 17:39:13,129 [INFO]  Saved checkpoint to "./imputer_model/2_heart/imputer_model_cp/model-0001.params"
2024-03-24 17:39:13,130 [INFO]  Epoch[1] Validation-cross-entropy=0.885479
2024-03-24 17:39:13,130 [INFO]  Epoch[1] Validation-cp-accuracy=0.000000
2024-03-24 17:39:13,139 [INFO]  Epoch[2] Batch [0-7]	Speed: 14905.51 samples/sec	cross-entropy=0.883987	cp-accuracy=2.750000
2024-03-24 17:39:13,146 [INFO]  Epoch[2] Train-cross-entropy=0.631448
2024-03-24 17:39:13,146 [INFO]  Epoch[2] Train-cp-accuracy=3.666667
2024-03-24 17:39:13,146 [INFO]  Epoch[2] Time cost=0.016
2024-03-24 17:39:13,148 [INFO]  Saved checkpoint to "./imputer_model/2_heart/imputer_model_cp/model-0002.params"
2024-03-24 17:39:13,149 [INFO]  Epoch[2] Validation-cross-entropy=0.333250
2024-03-24 17:39:13,150 [INFO]  Epoch[2] Validation-cp-accuracy=0.000000
2024-03-24 17:39:13,159 [INFO]  Epoch[3] Batch [0-7]	Speed: 14007.69 samples/sec	cross-entropy=0.446960	cp-accuracy=2.750000
2024-03-24 17:39:13,166 [INFO]  Epoch[3] Train-cross-entropy=0.366636
2024-03-24 17:39:13,166 [INFO]  Epoch[3] Train-cp-accuracy=3.666667
2024-03-24 17:39:13,166 [INFO]  Epoch[3] Time cost=0.017
2024-03-24 17:39:13,169 [INFO]  Saved checkpoint to "./imputer_model/2_heart/imputer_model_cp/model-0003.params"
2024-03-24 17:39:13,170 [INFO]  Epoch[3] Validation-cross-entropy=0.342183
2024-03-24 17:39:13,170 [INFO]  Epoch[3] Validation-cp-accuracy=0.000000
2024-03-24 17:39:13,179 [INFO]  Epoch[4] Batch [0-7]	Speed: 14525.73 samples/sec	cross-entropy=0.289484	cp-accuracy=2.750000
2024-03-24 17:39:13,186 [INFO]  Epoch[4] Train-cross-entropy=0.242734
2024-03-24 17:39:13,186 [INFO]  Epoch[4] Train-cp-accuracy=3.666667
2024-03-24 17:39:13,186 [INFO]  Epoch[4] Time cost=0.016
2024-03-24 17:39:13,188 [INFO]  Saved checkpoint to "./imputer_model/2_heart/imputer_model_cp/model-0004.params"
2024-03-24 17:39:13,190 [INFO]  Epoch[4] Validation-cross-entropy=0.274107
2024-03-24 17:39:13,190 [INFO]  Epoch[4] Validation-cp-accuracy=0.000000
2024-03-24 17:39:13,190 [INFO]  
========== done (0.16361641883850098 s) fit model
2024-03-24 17:39:17,610 [INFO]  
========== start: fit model
2024-03-24 17:39:17,610 [WARNING]  Already bound, ignoring bind()
2024-03-24 17:39:17,624 [INFO]  Epoch[0] Batch [0-7]	Speed: 14119.26 samples/sec	cross-entropy=8.262079	cp-accuracy=0.000000
2024-03-24 17:39:17,631 [INFO]  Epoch[0] Train-cross-entropy=2.376612
2024-03-24 17:39:17,631 [INFO]  Epoch[0] Train-cp-accuracy=0.000000
2024-03-24 17:39:17,632 [INFO]  Epoch[0] Time cost=0.020
2024-03-24 17:39:17,634 [INFO]  Saved checkpoint to "./imputer_model/2_heart/imputer_model_cp/model-0000.params"
2024-03-24 17:39:17,635 [INFO]  Epoch[0] Validation-cross-entropy=1.845519
2024-03-24 17:39:17,636 [INFO]  Epoch[0] Validation-cp-accuracy=0.000000
2024-03-24 17:39:17,645 [INFO]  Epoch[1] Batch [0-7]	Speed: 14257.68 samples/sec	cross-entropy=1.118155	cp-accuracy=0.000000
2024-03-24 17:39:17,652 [INFO]  Epoch[1] Train-cross-entropy=0.814223
2024-03-24 17:39:17,652 [INFO]  Epoch[1] Train-cp-accuracy=0.000000
2024-03-24 17:39:17,653 [INFO]  Epoch[1] Time cost=0.017
2024-03-24 17:39:17,655 [INFO]  Saved checkpoint to "./imputer_model/2_heart/imputer_model_cp/model-0001.params"
2024-03-24 17:39:17,657 [INFO]  Epoch[1] Validation-cross-entropy=0.357517
2024-03-24 17:39:17,657 [INFO]  Epoch[1] Validation-cp-accuracy=0.000000
2024-03-24 17:39:17,666 [INFO]  Epoch[2] Batch [0-7]	Speed: 14249.46 samples/sec	cross-entropy=0.661731	cp-accuracy=0.000000
2024-03-24 17:39:17,673 [INFO]  Epoch[2] Train-cross-entropy=0.293505
2024-03-24 17:39:17,673 [INFO]  Epoch[2] Train-cp-accuracy=0.000000
2024-03-24 17:39:17,673 [INFO]  Epoch[2] Time cost=0.016
2024-03-24 17:39:17,676 [INFO]  Saved checkpoint to "./imputer_model/2_heart/imputer_model_cp/model-0002.params"
2024-03-24 17:39:17,677 [INFO]  Epoch[2] Validation-cross-entropy=0.396571
2024-03-24 17:39:17,677 [INFO]  Epoch[2] Validation-cp-accuracy=0.000000
2024-03-24 17:39:17,687 [INFO]  Epoch[3] Batch [0-7]	Speed: 14137.96 samples/sec	cross-entropy=0.206753	cp-accuracy=0.000000
2024-03-24 17:39:17,694 [INFO]  Epoch[3] Train-cross-entropy=0.181076
2024-03-24 17:39:17,694 [INFO]  Epoch[3] Train-cp-accuracy=0.000000
2024-03-24 17:39:17,694 [INFO]  Epoch[3] Time cost=0.017
2024-03-24 17:39:17,697 [INFO]  Saved checkpoint to "./imputer_model/2_heart/imputer_model_cp/model-0003.params"
2024-03-24 17:39:17,698 [INFO]  Epoch[3] Validation-cross-entropy=0.148555
2024-03-24 17:39:17,698 [INFO]  Epoch[3] Validation-cp-accuracy=0.000000
2024-03-24 17:39:17,708 [INFO]  Epoch[4] Batch [0-7]	Speed: 14365.37 samples/sec	cross-entropy=0.132726	cp-accuracy=0.000000
2024-03-24 17:39:17,714 [INFO]  Epoch[4] Train-cross-entropy=0.116612
2024-03-24 17:39:17,715 [INFO]  Epoch[4] Train-cp-accuracy=0.000000
2024-03-24 17:39:17,715 [INFO]  Epoch[4] Time cost=0.016
2024-03-24 17:39:17,717 [INFO]  Saved checkpoint to "./imputer_model/2_heart/imputer_model_cp/model-0004.params"
2024-03-24 17:39:17,719 [INFO]  Epoch[4] Validation-cross-entropy=0.111223
2024-03-24 17:39:17,719 [INFO]  Epoch[4] Validation-cp-accuracy=0.000000
2024-03-24 17:39:17,719 [INFO]  
========== done (0.1089625358581543 s) fit model
2024-03-24 17:39:22,194 [INFO]  
========== start: fit model
2024-03-24 17:39:22,195 [WARNING]  Already bound, ignoring bind()
2024-03-24 17:39:22,215 [INFO]  Epoch[0] Batch [0-7]	Speed: 14639.80 samples/sec	cross-entropy=13.260538	cp-accuracy=2.500000
2024-03-24 17:39:22,222 [INFO]  Epoch[0] Train-cross-entropy=8.066507
2024-03-24 17:39:22,222 [INFO]  Epoch[0] Train-cp-accuracy=2.333333
2024-03-24 17:39:22,222 [INFO]  Epoch[0] Time cost=0.027
2024-03-24 17:39:22,224 [INFO]  Saved checkpoint to "./imputer_model/2_heart/imputer_model_cp/model-0000.params"
2024-03-24 17:39:22,226 [INFO]  Epoch[0] Validation-cross-entropy=3.302846
2024-03-24 17:39:22,226 [INFO]  Epoch[0] Validation-cp-accuracy=0.000000
2024-03-24 17:39:22,235 [INFO]  Epoch[1] Batch [0-7]	Speed: 14607.94 samples/sec	cross-entropy=2.058957	cp-accuracy=2.500000
2024-03-24 17:39:22,242 [INFO]  Epoch[1] Train-cross-entropy=1.082104
2024-03-24 17:39:22,242 [INFO]  Epoch[1] Train-cp-accuracy=2.333333
2024-03-24 17:39:22,242 [INFO]  Epoch[1] Time cost=0.016
2024-03-24 17:39:22,244 [INFO]  Saved checkpoint to "./imputer_model/2_heart/imputer_model_cp/model-0001.params"
2024-03-24 17:39:22,246 [INFO]  Epoch[1] Validation-cross-entropy=1.520210
2024-03-24 17:39:22,246 [INFO]  Epoch[1] Validation-cp-accuracy=0.000000
2024-03-24 17:39:22,255 [INFO]  Epoch[2] Batch [0-7]	Speed: 14330.75 samples/sec	cross-entropy=0.714351	cp-accuracy=2.500000
2024-03-24 17:39:22,263 [INFO]  Epoch[2] Train-cross-entropy=0.542006
2024-03-24 17:39:22,263 [INFO]  Epoch[2] Train-cp-accuracy=2.333333
2024-03-24 17:39:22,263 [INFO]  Epoch[2] Time cost=0.017
2024-03-24 17:39:22,265 [INFO]  Saved checkpoint to "./imputer_model/2_heart/imputer_model_cp/model-0002.params"
2024-03-24 17:39:22,266 [INFO]  Epoch[2] Validation-cross-entropy=0.450082
2024-03-24 17:39:22,267 [INFO]  Epoch[2] Validation-cp-accuracy=0.000000
2024-03-24 17:39:22,276 [INFO]  Epoch[3] Batch [0-7]	Speed: 14527.08 samples/sec	cross-entropy=0.401508	cp-accuracy=2.500000
2024-03-24 17:39:22,283 [INFO]  Epoch[3] Train-cross-entropy=0.348531
2024-03-24 17:39:22,283 [INFO]  Epoch[3] Train-cp-accuracy=2.333333
2024-03-24 17:39:22,283 [INFO]  Epoch[3] Time cost=0.016
2024-03-24 17:39:22,285 [INFO]  Saved checkpoint to "./imputer_model/2_heart/imputer_model_cp/model-0003.params"
2024-03-24 17:39:22,286 [INFO]  Epoch[3] Validation-cross-entropy=0.212590
2024-03-24 17:39:22,287 [INFO]  Epoch[3] Validation-cp-accuracy=0.000000
2024-03-24 17:39:22,296 [INFO]  Epoch[4] Batch [0-7]	Speed: 14318.96 samples/sec	cross-entropy=0.210302	cp-accuracy=2.500000
2024-03-24 17:39:22,303 [INFO]  Epoch[4] Train-cross-entropy=0.182710
2024-03-24 17:39:22,303 [INFO]  Epoch[4] Train-cp-accuracy=2.333333
2024-03-24 17:39:22,303 [INFO]  Epoch[4] Time cost=0.016
2024-03-24 17:39:22,305 [INFO]  Saved checkpoint to "./imputer_model/2_heart/imputer_model_cp/model-0004.params"
2024-03-24 17:39:22,306 [INFO]  Epoch[4] Validation-cross-entropy=0.193043
2024-03-24 17:39:22,307 [INFO]  Epoch[4] Validation-cp-accuracy=0.000000
2024-03-24 17:39:22,307 [INFO]  
========== done (0.11253690719604492 s) fit model
2024-03-24 17:39:26,535 [INFO]  
========== start: fit model
2024-03-24 17:39:26,535 [WARNING]  Already bound, ignoring bind()
2024-03-24 17:39:26,551 [INFO]  Epoch[0] Batch [0-7]	Speed: 14488.54 samples/sec	cross-entropy=10.029454	cp-accuracy=2.625000
2024-03-24 17:39:26,558 [INFO]  Epoch[0] Train-cross-entropy=7.358418
2024-03-24 17:39:26,558 [INFO]  Epoch[0] Train-cp-accuracy=1.833333
2024-03-24 17:39:26,558 [INFO]  Epoch[0] Time cost=0.022
2024-03-24 17:39:26,560 [INFO]  Saved checkpoint to "./imputer_model/2_heart/imputer_model_cp/model-0000.params"
2024-03-24 17:39:26,561 [INFO]  Epoch[0] Validation-cross-entropy=1.840209
2024-03-24 17:39:26,562 [INFO]  Epoch[0] Validation-cp-accuracy=0.000000
2024-03-24 17:39:26,571 [INFO]  Epoch[1] Batch [0-7]	Speed: 13926.72 samples/sec	cross-entropy=2.279309	cp-accuracy=2.625000
2024-03-24 17:39:26,578 [INFO]  Epoch[1] Train-cross-entropy=1.204785
2024-03-24 17:39:26,578 [INFO]  Epoch[1] Train-cp-accuracy=1.833333
2024-03-24 17:39:26,578 [INFO]  Epoch[1] Time cost=0.017
2024-03-24 17:39:26,581 [INFO]  Saved checkpoint to "./imputer_model/2_heart/imputer_model_cp/model-0001.params"
2024-03-24 17:39:26,582 [INFO]  Epoch[1] Validation-cross-entropy=1.073693
2024-03-24 17:39:26,582 [INFO]  Epoch[1] Validation-cp-accuracy=0.000000
2024-03-24 17:39:26,591 [INFO]  Epoch[2] Batch [0-7]	Speed: 14597.95 samples/sec	cross-entropy=0.812611	cp-accuracy=2.625000
2024-03-24 17:39:26,598 [INFO]  Epoch[2] Train-cross-entropy=0.733764
2024-03-24 17:39:26,598 [INFO]  Epoch[2] Train-cp-accuracy=1.833333
2024-03-24 17:39:26,598 [INFO]  Epoch[2] Time cost=0.016
2024-03-24 17:39:26,600 [INFO]  Saved checkpoint to "./imputer_model/2_heart/imputer_model_cp/model-0002.params"
2024-03-24 17:39:26,602 [INFO]  Epoch[2] Validation-cross-entropy=1.448952
2024-03-24 17:39:26,602 [INFO]  Epoch[2] Validation-cp-accuracy=0.000000
2024-03-24 17:39:26,611 [INFO]  Epoch[3] Batch [0-7]	Speed: 14602.03 samples/sec	cross-entropy=0.501272	cp-accuracy=2.625000
2024-03-24 17:39:26,618 [INFO]  Epoch[3] Train-cross-entropy=0.356813
2024-03-24 17:39:26,618 [INFO]  Epoch[3] Train-cp-accuracy=1.833333
2024-03-24 17:39:26,618 [INFO]  Epoch[3] Time cost=0.016
2024-03-24 17:39:26,620 [INFO]  Saved checkpoint to "./imputer_model/2_heart/imputer_model_cp/model-0003.params"
2024-03-24 17:39:26,622 [INFO]  Epoch[3] Validation-cross-entropy=0.564600
2024-03-24 17:39:26,622 [INFO]  Epoch[3] Validation-cp-accuracy=0.000000
2024-03-24 17:39:26,631 [INFO]  Epoch[4] Batch [0-7]	Speed: 14590.70 samples/sec	cross-entropy=0.254719	cp-accuracy=2.625000
2024-03-24 17:39:26,638 [INFO]  Epoch[4] Train-cross-entropy=0.236125
2024-03-24 17:39:26,638 [INFO]  Epoch[4] Train-cp-accuracy=1.833333
2024-03-24 17:39:26,638 [INFO]  Epoch[4] Time cost=0.016
2024-03-24 17:39:26,640 [INFO]  Saved checkpoint to "./imputer_model/2_heart/imputer_model_cp/model-0004.params"
2024-03-24 17:39:26,642 [INFO]  Epoch[4] Validation-cross-entropy=0.230185
2024-03-24 17:39:26,642 [INFO]  Epoch[4] Validation-cp-accuracy=0.000000
2024-03-24 17:39:26,642 [INFO]  
========== done (0.10700178146362305 s) fit model
2024-03-24 17:39:30,612 [INFO]  
========== start: fit model
2024-03-24 17:39:30,613 [WARNING]  Already bound, ignoring bind()
2024-03-24 17:39:30,639 [INFO]  Epoch[0] Batch [0-7]	Speed: 4862.26 samples/sec	cross-entropy=19.346956	cp-accuracy=0.000000
2024-03-24 17:39:30,643 [INFO]  Epoch[0] Train-cross-entropy=8.026028
2024-03-24 17:39:30,643 [INFO]  Epoch[0] Train-cp-accuracy=0.000000
2024-03-24 17:39:30,643 [INFO]  Epoch[0] Time cost=0.029
2024-03-24 17:39:30,644 [INFO]  Saved checkpoint to "./imputer_model/2_heart/imputer_model_cp/model-0000.params"
2024-03-24 17:39:30,651 [INFO]  Epoch[0] Validation-cross-entropy=3.007199
2024-03-24 17:39:30,651 [INFO]  Epoch[0] Validation-cp-accuracy=0.000000
2024-03-24 17:39:30,662 [INFO]  Epoch[1] Batch [0-7]	Speed: 19251.75 samples/sec	cross-entropy=3.393171	cp-accuracy=0.000000
2024-03-24 17:39:30,669 [INFO]  Epoch[1] Train-cross-entropy=1.483440
2024-03-24 17:39:30,669 [INFO]  Epoch[1] Train-cp-accuracy=0.000000
2024-03-24 17:39:30,669 [INFO]  Epoch[1] Time cost=0.018
2024-03-24 17:39:30,853 [INFO]  Saved checkpoint to "./imputer_model/2_heart/imputer_model_cp/model-0001.params"
2024-03-24 17:39:30,863 [INFO]  Epoch[1] Validation-cross-entropy=1.076496
2024-03-24 17:39:30,863 [INFO]  Epoch[1] Validation-cp-accuracy=0.000000
2024-03-24 17:39:30,881 [INFO]  Epoch[2] Batch [0-7]	Speed: 13078.74 samples/sec	cross-entropy=0.901091	cp-accuracy=0.000000
2024-03-24 17:39:30,887 [INFO]  Epoch[2] Train-cross-entropy=0.566686
2024-03-24 17:39:30,887 [INFO]  Epoch[2] Train-cp-accuracy=0.000000
2024-03-24 17:39:30,887 [INFO]  Epoch[2] Time cost=0.024
2024-03-24 17:39:30,889 [INFO]  Saved checkpoint to "./imputer_model/2_heart/imputer_model_cp/model-0002.params"
2024-03-24 17:39:30,890 [INFO]  Epoch[2] Validation-cross-entropy=1.002414
2024-03-24 17:39:30,890 [INFO]  Epoch[2] Validation-cp-accuracy=0.000000
2024-03-24 17:39:30,910 [INFO]  Epoch[3] Batch [0-7]	Speed: 5930.81 samples/sec	cross-entropy=0.422147	cp-accuracy=0.000000
2024-03-24 17:39:30,917 [INFO]  Epoch[3] Train-cross-entropy=0.292763
2024-03-24 17:39:30,917 [INFO]  Epoch[3] Train-cp-accuracy=0.000000
2024-03-24 17:39:30,918 [INFO]  Epoch[3] Time cost=0.027
2024-03-24 17:39:30,920 [INFO]  Saved checkpoint to "./imputer_model/2_heart/imputer_model_cp/model-0003.params"
2024-03-24 17:39:30,921 [INFO]  Epoch[3] Validation-cross-entropy=0.250248
2024-03-24 17:39:30,921 [INFO]  Epoch[3] Validation-cp-accuracy=0.000000
2024-03-24 17:39:30,931 [INFO]  Epoch[4] Batch [0-7]	Speed: 13157.13 samples/sec	cross-entropy=0.196954	cp-accuracy=0.000000
2024-03-24 17:39:30,935 [INFO]  Epoch[4] Train-cross-entropy=0.201028
2024-03-24 17:39:30,935 [INFO]  Epoch[4] Train-cp-accuracy=0.000000
2024-03-24 17:39:30,935 [INFO]  Epoch[4] Time cost=0.013
2024-03-24 17:39:30,936 [INFO]  Saved checkpoint to "./imputer_model/2_heart/imputer_model_cp/model-0004.params"
2024-03-24 17:39:30,937 [INFO]  Epoch[4] Validation-cross-entropy=0.192172
2024-03-24 17:39:30,937 [INFO]  Epoch[4] Validation-cp-accuracy=0.000000
2024-03-24 17:39:30,937 [INFO]  
========== done (0.3249964714050293 s) fit model
2024-03-24 17:39:35,056 [INFO]  
========== start: fit model
2024-03-24 17:39:35,056 [WARNING]  Already bound, ignoring bind()
2024-03-24 17:39:35,110 [INFO]  Epoch[0] Batch [0-7]	Speed: 12165.27 samples/sec	cross-entropy=12.644929	cp-accuracy=0.000000
2024-03-24 17:39:35,118 [INFO]  Epoch[0] Train-cross-entropy=4.777883
2024-03-24 17:39:35,118 [INFO]  Epoch[0] Train-cp-accuracy=0.000000
2024-03-24 17:39:35,119 [INFO]  Epoch[0] Time cost=0.062
2024-03-24 17:39:35,121 [INFO]  Saved checkpoint to "./imputer_model/2_heart/imputer_model_cp/model-0000.params"
2024-03-24 17:39:35,123 [INFO]  Epoch[0] Validation-cross-entropy=0.733020
2024-03-24 17:39:35,123 [INFO]  Epoch[0] Validation-cp-accuracy=0.000000
2024-03-24 17:39:35,135 [INFO]  Epoch[1] Batch [0-7]	Speed: 11206.42 samples/sec	cross-entropy=2.355145	cp-accuracy=0.000000
2024-03-24 17:39:35,144 [INFO]  Epoch[1] Train-cross-entropy=0.702264
2024-03-24 17:39:35,144 [INFO]  Epoch[1] Train-cp-accuracy=0.000000
2024-03-24 17:39:35,144 [INFO]  Epoch[1] Time cost=0.021
2024-03-24 17:39:35,147 [INFO]  Saved checkpoint to "./imputer_model/2_heart/imputer_model_cp/model-0001.params"
2024-03-24 17:39:35,184 [INFO]  Epoch[1] Validation-cross-entropy=0.388532
2024-03-24 17:39:35,185 [INFO]  Epoch[1] Validation-cp-accuracy=0.000000
2024-03-24 17:39:35,194 [INFO]  Epoch[2] Batch [0-7]	Speed: 14782.62 samples/sec	cross-entropy=0.705475	cp-accuracy=0.000000
2024-03-24 17:39:35,200 [INFO]  Epoch[2] Train-cross-entropy=0.472012
2024-03-24 17:39:35,201 [INFO]  Epoch[2] Train-cp-accuracy=0.000000
2024-03-24 17:39:35,201 [INFO]  Epoch[2] Time cost=0.016
2024-03-24 17:39:35,203 [INFO]  Saved checkpoint to "./imputer_model/2_heart/imputer_model_cp/model-0002.params"
2024-03-24 17:39:35,204 [INFO]  Epoch[2] Validation-cross-entropy=0.286695
2024-03-24 17:39:35,205 [INFO]  Epoch[2] Validation-cp-accuracy=0.000000
2024-03-24 17:39:35,214 [INFO]  Epoch[3] Batch [0-7]	Speed: 14934.42 samples/sec	cross-entropy=0.456243	cp-accuracy=0.000000
2024-03-24 17:39:35,220 [INFO]  Epoch[3] Train-cross-entropy=0.204726
2024-03-24 17:39:35,220 [INFO]  Epoch[3] Train-cp-accuracy=0.000000
2024-03-24 17:39:35,221 [INFO]  Epoch[3] Time cost=0.016
2024-03-24 17:39:35,223 [INFO]  Saved checkpoint to "./imputer_model/2_heart/imputer_model_cp/model-0003.params"
2024-03-24 17:39:35,225 [INFO]  Epoch[3] Validation-cross-entropy=0.110145
2024-03-24 17:39:35,225 [INFO]  Epoch[3] Validation-cp-accuracy=0.000000
2024-03-24 17:39:35,234 [INFO]  Epoch[4] Batch [0-7]	Speed: 14392.22 samples/sec	cross-entropy=0.238612	cp-accuracy=0.000000
2024-03-24 17:39:35,242 [INFO]  Epoch[4] Train-cross-entropy=0.115269
2024-03-24 17:39:35,242 [INFO]  Epoch[4] Train-cp-accuracy=0.000000
2024-03-24 17:39:35,242 [INFO]  Epoch[4] Time cost=0.017
2024-03-24 17:39:35,245 [INFO]  Saved checkpoint to "./imputer_model/2_heart/imputer_model_cp/model-0004.params"
2024-03-24 17:39:35,246 [INFO]  Epoch[4] Validation-cross-entropy=0.061517
2024-03-24 17:39:35,246 [INFO]  Epoch[4] Validation-cp-accuracy=0.000000
2024-03-24 17:39:35,247 [INFO]  
========== done (0.19091510772705078 s) fit model
2024-03-24 17:39:39,450 [INFO]  
========== start: fit model
2024-03-24 17:39:39,450 [WARNING]  Already bound, ignoring bind()
2024-03-24 17:39:39,486 [INFO]  Epoch[0] Batch [0-7]	Speed: 13068.91 samples/sec	cross-entropy=12.858160	cp-accuracy=2.500000
2024-03-24 17:39:39,490 [INFO]  Epoch[0] Train-cross-entropy=4.012627
2024-03-24 17:39:39,490 [INFO]  Epoch[0] Train-cp-accuracy=2.833333
2024-03-24 17:39:39,490 [INFO]  Epoch[0] Time cost=0.039
2024-03-24 17:39:39,492 [INFO]  Saved checkpoint to "./imputer_model/2_heart/imputer_model_cp/model-0000.params"
2024-03-24 17:39:39,497 [INFO]  Epoch[0] Validation-cross-entropy=2.203221
2024-03-24 17:39:39,497 [INFO]  Epoch[0] Validation-cp-accuracy=0.000000
2024-03-24 17:39:39,506 [INFO]  Epoch[1] Batch [0-7]	Speed: 14061.36 samples/sec	cross-entropy=1.422609	cp-accuracy=2.500000
2024-03-24 17:39:39,515 [INFO]  Epoch[1] Train-cross-entropy=0.682997
2024-03-24 17:39:39,515 [INFO]  Epoch[1] Train-cp-accuracy=2.833333
2024-03-24 17:39:39,515 [INFO]  Epoch[1] Time cost=0.018
2024-03-24 17:39:39,517 [INFO]  Saved checkpoint to "./imputer_model/2_heart/imputer_model_cp/model-0001.params"
2024-03-24 17:39:39,518 [INFO]  Epoch[1] Validation-cross-entropy=0.725079
2024-03-24 17:39:39,518 [INFO]  Epoch[1] Validation-cp-accuracy=0.000000
2024-03-24 17:39:39,525 [INFO]  Epoch[2] Batch [0-7]	Speed: 20572.92 samples/sec	cross-entropy=0.896732	cp-accuracy=2.500000
2024-03-24 17:39:39,528 [INFO]  Epoch[2] Train-cross-entropy=0.509466
2024-03-24 17:39:39,528 [INFO]  Epoch[2] Train-cp-accuracy=2.833333
2024-03-24 17:39:39,529 [INFO]  Epoch[2] Time cost=0.010
2024-03-24 17:39:39,532 [INFO]  Saved checkpoint to "./imputer_model/2_heart/imputer_model_cp/model-0002.params"
2024-03-24 17:39:39,587 [INFO]  Epoch[2] Validation-cross-entropy=0.364645
2024-03-24 17:39:39,588 [INFO]  Epoch[2] Validation-cp-accuracy=0.000000
2024-03-24 17:39:39,595 [INFO]  Epoch[3] Batch [0-7]	Speed: 18912.28 samples/sec	cross-entropy=0.395732	cp-accuracy=2.500000
2024-03-24 17:39:39,742 [INFO]  Epoch[3] Train-cross-entropy=0.232125
2024-03-24 17:39:39,742 [INFO]  Epoch[3] Train-cp-accuracy=2.833333
2024-03-24 17:39:39,742 [INFO]  Epoch[3] Time cost=0.155
2024-03-24 17:39:39,745 [INFO]  Saved checkpoint to "./imputer_model/2_heart/imputer_model_cp/model-0003.params"
2024-03-24 17:39:39,746 [INFO]  Epoch[3] Validation-cross-entropy=0.247267
2024-03-24 17:39:39,747 [INFO]  Epoch[3] Validation-cp-accuracy=0.000000
2024-03-24 17:39:39,757 [INFO]  Epoch[4] Batch [0-7]	Speed: 12811.58 samples/sec	cross-entropy=0.250394	cp-accuracy=2.500000
2024-03-24 17:39:39,765 [INFO]  Epoch[4] Train-cross-entropy=0.132274
2024-03-24 17:39:39,765 [INFO]  Epoch[4] Train-cp-accuracy=2.833333
2024-03-24 17:39:39,765 [INFO]  Epoch[4] Time cost=0.018
2024-03-24 17:39:39,767 [INFO]  Saved checkpoint to "./imputer_model/2_heart/imputer_model_cp/model-0004.params"
2024-03-24 17:39:39,769 [INFO]  Epoch[4] Validation-cross-entropy=0.139378
2024-03-24 17:39:39,769 [INFO]  Epoch[4] Validation-cp-accuracy=0.000000
2024-03-24 17:39:39,769 [INFO]  
========== done (0.31937456130981445 s) fit model
2024-03-24 17:39:44,234 [INFO]  
========== start: fit model
2024-03-24 17:39:44,235 [WARNING]  Already bound, ignoring bind()
2024-03-24 17:39:44,381 [INFO]  Epoch[0] Batch [0-7]	Speed: 3034.68 samples/sec	cross-entropy=11.461562	cp-accuracy=1.750000
2024-03-24 17:39:44,390 [INFO]  Epoch[0] Train-cross-entropy=3.110879
2024-03-24 17:39:44,390 [INFO]  Epoch[0] Train-cp-accuracy=5.000000
2024-03-24 17:39:44,391 [INFO]  Epoch[0] Time cost=0.155
2024-03-24 17:39:44,393 [INFO]  Saved checkpoint to "./imputer_model/2_heart/imputer_model_cp/model-0000.params"
2024-03-24 17:39:44,394 [INFO]  Epoch[0] Validation-cross-entropy=1.894267
2024-03-24 17:39:44,394 [INFO]  Epoch[0] Validation-cp-accuracy=0.000000
2024-03-24 17:39:44,403 [INFO]  Epoch[1] Batch [0-7]	Speed: 15015.57 samples/sec	cross-entropy=1.767607	cp-accuracy=1.750000
2024-03-24 17:39:44,441 [INFO]  Epoch[1] Train-cross-entropy=0.617033
2024-03-24 17:39:44,441 [INFO]  Epoch[1] Train-cp-accuracy=5.000000
2024-03-24 17:39:44,442 [INFO]  Epoch[1] Time cost=0.047
2024-03-24 17:39:44,444 [INFO]  Saved checkpoint to "./imputer_model/2_heart/imputer_model_cp/model-0001.params"
2024-03-24 17:39:44,445 [INFO]  Epoch[1] Validation-cross-entropy=0.429524
2024-03-24 17:39:44,446 [INFO]  Epoch[1] Validation-cp-accuracy=0.000000
2024-03-24 17:39:44,455 [INFO]  Epoch[2] Batch [0-7]	Speed: 14516.30 samples/sec	cross-entropy=0.613186	cp-accuracy=1.750000
2024-03-24 17:39:44,574 [INFO]  Epoch[2] Train-cross-entropy=0.354898
2024-03-24 17:39:44,574 [INFO]  Epoch[2] Train-cp-accuracy=5.000000
2024-03-24 17:39:44,574 [INFO]  Epoch[2] Time cost=0.128
2024-03-24 17:39:44,576 [INFO]  Saved checkpoint to "./imputer_model/2_heart/imputer_model_cp/model-0002.params"
2024-03-24 17:39:44,577 [INFO]  Epoch[2] Validation-cross-entropy=0.327589
2024-03-24 17:39:44,577 [INFO]  Epoch[2] Validation-cp-accuracy=0.000000
2024-03-24 17:39:44,636 [INFO]  Epoch[3] Batch [0-7]	Speed: 1949.57 samples/sec	cross-entropy=0.369257	cp-accuracy=1.750000
2024-03-24 17:39:44,664 [INFO]  Epoch[3] Train-cross-entropy=0.180689
2024-03-24 17:39:44,664 [INFO]  Epoch[3] Train-cp-accuracy=5.000000
2024-03-24 17:39:44,664 [INFO]  Epoch[3] Time cost=0.087
2024-03-24 17:39:44,666 [INFO]  Saved checkpoint to "./imputer_model/2_heart/imputer_model_cp/model-0003.params"
2024-03-24 17:39:44,668 [INFO]  Epoch[3] Validation-cross-entropy=0.222939
2024-03-24 17:39:44,668 [INFO]  Epoch[3] Validation-cp-accuracy=0.000000
2024-03-24 17:39:44,677 [INFO]  Epoch[4] Batch [0-7]	Speed: 15098.09 samples/sec	cross-entropy=0.188009	cp-accuracy=1.750000
2024-03-24 17:39:44,684 [INFO]  Epoch[4] Train-cross-entropy=0.125628
2024-03-24 17:39:44,684 [INFO]  Epoch[4] Train-cp-accuracy=5.000000
2024-03-24 17:39:44,684 [INFO]  Epoch[4] Time cost=0.015
2024-03-24 17:39:44,686 [INFO]  Saved checkpoint to "./imputer_model/2_heart/imputer_model_cp/model-0004.params"
2024-03-24 17:39:44,687 [INFO]  Epoch[4] Validation-cross-entropy=0.165015
2024-03-24 17:39:44,687 [INFO]  Epoch[4] Validation-cp-accuracy=0.000000
2024-03-24 17:39:44,687 [INFO]  
========== done (0.45281553268432617 s) fit model
2024-03-24 17:39:48,950 [INFO]  
========== start: fit model
2024-03-24 17:39:48,950 [WARNING]  Already bound, ignoring bind()
2024-03-24 17:39:48,968 [INFO]  Epoch[0] Batch [0-7]	Speed: 16366.30 samples/sec	cross-entropy=12.020805	cp-accuracy=0.000000
2024-03-24 17:39:48,972 [INFO]  Epoch[0] Train-cross-entropy=4.172418
2024-03-24 17:39:48,973 [INFO]  Epoch[0] Train-cp-accuracy=0.000000
2024-03-24 17:39:48,973 [INFO]  Epoch[0] Time cost=0.022
2024-03-24 17:39:48,975 [INFO]  Saved checkpoint to "./imputer_model/2_heart/imputer_model_cp/model-0000.params"
2024-03-24 17:39:48,977 [INFO]  Epoch[0] Validation-cross-entropy=3.059316
2024-03-24 17:39:48,977 [INFO]  Epoch[0] Validation-cp-accuracy=0.000000
2024-03-24 17:39:48,988 [INFO]  Epoch[1] Batch [0-7]	Speed: 20241.38 samples/sec	cross-entropy=1.936013	cp-accuracy=0.000000
2024-03-24 17:39:48,995 [INFO]  Epoch[1] Train-cross-entropy=1.120232
2024-03-24 17:39:48,995 [INFO]  Epoch[1] Train-cp-accuracy=0.000000
2024-03-24 17:39:48,995 [INFO]  Epoch[1] Time cost=0.018
2024-03-24 17:39:48,997 [INFO]  Saved checkpoint to "./imputer_model/2_heart/imputer_model_cp/model-0001.params"
2024-03-24 17:39:48,997 [INFO]  Epoch[1] Validation-cross-entropy=1.228854
2024-03-24 17:39:48,998 [INFO]  Epoch[1] Validation-cp-accuracy=0.000000
2024-03-24 17:39:49,007 [INFO]  Epoch[2] Batch [0-7]	Speed: 12799.01 samples/sec	cross-entropy=0.661447	cp-accuracy=0.000000
2024-03-24 17:39:49,024 [INFO]  Epoch[2] Train-cross-entropy=0.614538
2024-03-24 17:39:49,024 [INFO]  Epoch[2] Train-cp-accuracy=0.000000
2024-03-24 17:39:49,024 [INFO]  Epoch[2] Time cost=0.026
2024-03-24 17:39:49,025 [INFO]  Saved checkpoint to "./imputer_model/2_heart/imputer_model_cp/model-0002.params"
2024-03-24 17:39:49,027 [INFO]  Epoch[2] Validation-cross-entropy=1.470466
2024-03-24 17:39:49,027 [INFO]  Epoch[2] Validation-cp-accuracy=0.000000
2024-03-24 17:39:49,036 [INFO]  Epoch[3] Batch [0-7]	Speed: 14656.70 samples/sec	cross-entropy=0.285086	cp-accuracy=0.000000
2024-03-24 17:39:49,042 [INFO]  Epoch[3] Train-cross-entropy=0.239646
2024-03-24 17:39:49,042 [INFO]  Epoch[3] Train-cp-accuracy=0.000000
2024-03-24 17:39:49,042 [INFO]  Epoch[3] Time cost=0.016
2024-03-24 17:39:49,044 [INFO]  Saved checkpoint to "./imputer_model/2_heart/imputer_model_cp/model-0003.params"
2024-03-24 17:39:49,046 [INFO]  Epoch[3] Validation-cross-entropy=0.763085
2024-03-24 17:39:49,046 [INFO]  Epoch[3] Validation-cp-accuracy=0.000000
2024-03-24 17:39:49,055 [INFO]  Epoch[4] Batch [0-7]	Speed: 14342.13 samples/sec	cross-entropy=0.149762	cp-accuracy=0.000000
2024-03-24 17:39:49,062 [INFO]  Epoch[4] Train-cross-entropy=0.133035
2024-03-24 17:39:49,062 [INFO]  Epoch[4] Train-cp-accuracy=0.000000
2024-03-24 17:39:49,062 [INFO]  Epoch[4] Time cost=0.016
2024-03-24 17:39:49,064 [INFO]  Saved checkpoint to "./imputer_model/2_heart/imputer_model_cp/model-0004.params"
2024-03-24 17:39:49,065 [INFO]  Epoch[4] Validation-cross-entropy=0.623478
2024-03-24 17:39:49,065 [INFO]  Epoch[4] Validation-cp-accuracy=0.000000
2024-03-24 17:39:49,065 [INFO]  
========== done (0.11498451232910156 s) fit model
2024-03-24 17:39:53,521 [INFO]  
========== start: fit model
2024-03-24 17:39:53,521 [WARNING]  Already bound, ignoring bind()
2024-03-24 17:39:53,532 [INFO]  Epoch[0] Batch [0-7]	Speed: 13271.24 samples/sec	cross-entropy=6.622835	cp-accuracy=0.000000
2024-03-24 17:39:53,541 [INFO]  Epoch[0] Train-cross-entropy=4.099508
2024-03-24 17:39:53,541 [INFO]  Epoch[0] Train-cp-accuracy=0.000000
2024-03-24 17:39:53,541 [INFO]  Epoch[0] Time cost=0.019
2024-03-24 17:39:53,543 [INFO]  Saved checkpoint to "./imputer_model/2_heart/imputer_model_cp/model-0000.params"
2024-03-24 17:39:53,544 [INFO]  Epoch[0] Validation-cross-entropy=1.328017
2024-03-24 17:39:53,544 [INFO]  Epoch[0] Validation-cp-accuracy=0.000000
2024-03-24 17:39:53,553 [INFO]  Epoch[1] Batch [0-7]	Speed: 14099.35 samples/sec	cross-entropy=1.803934	cp-accuracy=0.000000
2024-03-24 17:39:53,561 [INFO]  Epoch[1] Train-cross-entropy=0.825066
2024-03-24 17:39:53,561 [INFO]  Epoch[1] Train-cp-accuracy=0.000000
2024-03-24 17:39:53,561 [INFO]  Epoch[1] Time cost=0.016
2024-03-24 17:39:53,563 [INFO]  Saved checkpoint to "./imputer_model/2_heart/imputer_model_cp/model-0001.params"
2024-03-24 17:39:53,564 [INFO]  Epoch[1] Validation-cross-entropy=0.619233
2024-03-24 17:39:53,564 [INFO]  Epoch[1] Validation-cp-accuracy=0.000000
2024-03-24 17:39:53,573 [INFO]  Epoch[2] Batch [0-7]	Speed: 13944.91 samples/sec	cross-entropy=0.895495	cp-accuracy=0.000000
2024-03-24 17:39:53,580 [INFO]  Epoch[2] Train-cross-entropy=0.405138
2024-03-24 17:39:53,580 [INFO]  Epoch[2] Train-cp-accuracy=0.000000
2024-03-24 17:39:53,580 [INFO]  Epoch[2] Time cost=0.016
2024-03-24 17:39:53,582 [INFO]  Saved checkpoint to "./imputer_model/2_heart/imputer_model_cp/model-0002.params"
2024-03-24 17:39:53,583 [INFO]  Epoch[2] Validation-cross-entropy=0.301105
2024-03-24 17:39:53,583 [INFO]  Epoch[2] Validation-cp-accuracy=0.000000
2024-03-24 17:39:53,593 [INFO]  Epoch[3] Batch [0-7]	Speed: 14123.93 samples/sec	cross-entropy=0.480951	cp-accuracy=0.000000
2024-03-24 17:39:53,600 [INFO]  Epoch[3] Train-cross-entropy=0.314258
2024-03-24 17:39:53,600 [INFO]  Epoch[3] Train-cp-accuracy=0.000000
2024-03-24 17:39:53,600 [INFO]  Epoch[3] Time cost=0.016
2024-03-24 17:39:53,602 [INFO]  Saved checkpoint to "./imputer_model/2_heart/imputer_model_cp/model-0003.params"
2024-03-24 17:39:53,603 [INFO]  Epoch[3] Validation-cross-entropy=0.159568
2024-03-24 17:39:53,603 [INFO]  Epoch[3] Validation-cp-accuracy=0.000000
2024-03-24 17:39:53,615 [INFO]  Epoch[4] Batch [0-7]	Speed: 10115.68 samples/sec	cross-entropy=0.233300	cp-accuracy=0.000000
2024-03-24 17:39:53,622 [INFO]  Epoch[4] Train-cross-entropy=0.169456
2024-03-24 17:39:53,622 [INFO]  Epoch[4] Train-cp-accuracy=0.000000
2024-03-24 17:39:53,622 [INFO]  Epoch[4] Time cost=0.019
2024-03-24 17:39:53,624 [INFO]  Saved checkpoint to "./imputer_model/2_heart/imputer_model_cp/model-0004.params"
2024-03-24 17:39:53,625 [INFO]  Epoch[4] Validation-cross-entropy=0.152578
2024-03-24 17:39:53,625 [INFO]  Epoch[4] Validation-cp-accuracy=0.000000
2024-03-24 17:39:53,625 [INFO]  
========== done (0.10466885566711426 s) fit model
2024-03-24 17:39:58,241 [INFO]  
========== start: fit model
2024-03-24 17:39:58,241 [WARNING]  Already bound, ignoring bind()
2024-03-24 17:39:58,286 [INFO]  Epoch[0] Batch [0-7]	Speed: 26834.35 samples/sec	cross-entropy=9.829817	cp-accuracy=0.000000
2024-03-24 17:39:58,291 [INFO]  Epoch[0] Train-cross-entropy=5.511158
2024-03-24 17:39:58,291 [INFO]  Epoch[0] Train-cp-accuracy=0.000000
2024-03-24 17:39:58,291 [INFO]  Epoch[0] Time cost=0.049
2024-03-24 17:39:58,293 [INFO]  Saved checkpoint to "./imputer_model/2_heart/imputer_model_cp/model-0000.params"
2024-03-24 17:39:58,296 [INFO]  Epoch[0] Validation-cross-entropy=3.035601
2024-03-24 17:39:58,297 [INFO]  Epoch[0] Validation-cp-accuracy=0.000000
2024-03-24 17:39:58,373 [INFO]  Epoch[1] Batch [0-7]	Speed: 2019.53 samples/sec	cross-entropy=1.356612	cp-accuracy=0.000000
2024-03-24 17:39:58,380 [INFO]  Epoch[1] Train-cross-entropy=0.856403
2024-03-24 17:39:58,380 [INFO]  Epoch[1] Train-cp-accuracy=0.000000
2024-03-24 17:39:58,380 [INFO]  Epoch[1] Time cost=0.083
2024-03-24 17:39:58,382 [INFO]  Saved checkpoint to "./imputer_model/2_heart/imputer_model_cp/model-0001.params"
2024-03-24 17:39:58,383 [INFO]  Epoch[1] Validation-cross-entropy=0.770871
2024-03-24 17:39:58,383 [INFO]  Epoch[1] Validation-cp-accuracy=0.000000
2024-03-24 17:39:58,391 [INFO]  Epoch[2] Batch [0-7]	Speed: 15365.76 samples/sec	cross-entropy=0.643739	cp-accuracy=0.000000
2024-03-24 17:39:58,398 [INFO]  Epoch[2] Train-cross-entropy=0.574995
2024-03-24 17:39:58,398 [INFO]  Epoch[2] Train-cp-accuracy=0.000000
2024-03-24 17:39:58,398 [INFO]  Epoch[2] Time cost=0.015
2024-03-24 17:39:58,399 [INFO]  Saved checkpoint to "./imputer_model/2_heart/imputer_model_cp/model-0002.params"
2024-03-24 17:39:58,400 [INFO]  Epoch[2] Validation-cross-entropy=0.365426
2024-03-24 17:39:58,401 [INFO]  Epoch[2] Validation-cp-accuracy=0.000000
2024-03-24 17:39:58,409 [INFO]  Epoch[3] Batch [0-7]	Speed: 14982.05 samples/sec	cross-entropy=0.330888	cp-accuracy=0.000000
2024-03-24 17:39:58,416 [INFO]  Epoch[3] Train-cross-entropy=0.292153
2024-03-24 17:39:58,416 [INFO]  Epoch[3] Train-cp-accuracy=0.000000
2024-03-24 17:39:58,416 [INFO]  Epoch[3] Time cost=0.015
2024-03-24 17:39:58,418 [INFO]  Saved checkpoint to "./imputer_model/2_heart/imputer_model_cp/model-0003.params"
2024-03-24 17:39:58,419 [INFO]  Epoch[3] Validation-cross-entropy=0.292416
2024-03-24 17:39:58,419 [INFO]  Epoch[3] Validation-cp-accuracy=0.000000
2024-03-24 17:39:58,428 [INFO]  Epoch[4] Batch [0-7]	Speed: 14085.82 samples/sec	cross-entropy=0.212632	cp-accuracy=0.000000
2024-03-24 17:39:58,435 [INFO]  Epoch[4] Train-cross-entropy=0.155328
2024-03-24 17:39:58,435 [INFO]  Epoch[4] Train-cp-accuracy=0.000000
2024-03-24 17:39:58,435 [INFO]  Epoch[4] Time cost=0.016
2024-03-24 17:39:58,437 [INFO]  Saved checkpoint to "./imputer_model/2_heart/imputer_model_cp/model-0004.params"
2024-03-24 17:39:58,438 [INFO]  Epoch[4] Validation-cross-entropy=0.288198
2024-03-24 17:39:58,438 [INFO]  Epoch[4] Validation-cp-accuracy=0.000000
2024-03-24 17:39:58,438 [INFO]  
========== done (0.1975538730621338 s) fit model
2024-03-24 17:40:02,229 [INFO]  
========== start: fit model
2024-03-24 17:40:02,229 [WARNING]  Already bound, ignoring bind()
2024-03-24 17:40:02,406 [INFO]  Epoch[0] Batch [0-7]	Speed: 766.02 samples/sec	cross-entropy=8.976634	cp-accuracy=2.500000
2024-03-24 17:40:02,410 [INFO]  Epoch[0] Train-cross-entropy=4.634334
2024-03-24 17:40:02,411 [INFO]  Epoch[0] Train-cp-accuracy=1.500000
2024-03-24 17:40:02,411 [INFO]  Epoch[0] Time cost=0.181
2024-03-24 17:40:02,413 [INFO]  Saved checkpoint to "./imputer_model/2_heart/imputer_model_cp/model-0000.params"
2024-03-24 17:40:02,414 [INFO]  Epoch[0] Validation-cross-entropy=8.418766
2024-03-24 17:40:02,414 [INFO]  Epoch[0] Validation-cp-accuracy=0.000000
2024-03-24 17:40:02,421 [INFO]  Epoch[1] Batch [0-7]	Speed: 20282.46 samples/sec	cross-entropy=1.428515	cp-accuracy=2.500000
2024-03-24 17:40:02,428 [INFO]  Epoch[1] Train-cross-entropy=0.892506
2024-03-24 17:40:02,428 [INFO]  Epoch[1] Train-cp-accuracy=1.500000
2024-03-24 17:40:02,428 [INFO]  Epoch[1] Time cost=0.014
2024-03-24 17:40:02,563 [INFO]  Saved checkpoint to "./imputer_model/2_heart/imputer_model_cp/model-0001.params"
2024-03-24 17:40:02,580 [INFO]  Epoch[1] Validation-cross-entropy=0.637448
2024-03-24 17:40:02,580 [INFO]  Epoch[1] Validation-cp-accuracy=0.000000
2024-03-24 17:40:02,591 [INFO]  Epoch[2] Batch [0-7]	Speed: 12662.05 samples/sec	cross-entropy=0.726138	cp-accuracy=2.500000
2024-03-24 17:40:02,598 [INFO]  Epoch[2] Train-cross-entropy=0.451093
2024-03-24 17:40:02,598 [INFO]  Epoch[2] Train-cp-accuracy=1.500000
2024-03-24 17:40:02,598 [INFO]  Epoch[2] Time cost=0.018
2024-03-24 17:40:02,599 [INFO]  Saved checkpoint to "./imputer_model/2_heart/imputer_model_cp/model-0002.params"
2024-03-24 17:40:02,600 [INFO]  Epoch[2] Validation-cross-entropy=0.185210
2024-03-24 17:40:02,601 [INFO]  Epoch[2] Validation-cp-accuracy=0.000000
2024-03-24 17:40:02,606 [INFO]  Epoch[3] Batch [0-7]	Speed: 24607.76 samples/sec	cross-entropy=0.292427	cp-accuracy=2.500000
2024-03-24 17:40:02,613 [INFO]  Epoch[3] Train-cross-entropy=0.217058
2024-03-24 17:40:02,613 [INFO]  Epoch[3] Train-cp-accuracy=1.500000
2024-03-24 17:40:02,613 [INFO]  Epoch[3] Time cost=0.013
2024-03-24 17:40:02,616 [INFO]  Saved checkpoint to "./imputer_model/2_heart/imputer_model_cp/model-0003.params"
2024-03-24 17:40:02,617 [INFO]  Epoch[3] Validation-cross-entropy=0.151323
2024-03-24 17:40:02,617 [INFO]  Epoch[3] Validation-cp-accuracy=0.000000
2024-03-24 17:40:02,626 [INFO]  Epoch[4] Batch [0-7]	Speed: 14630.69 samples/sec	cross-entropy=0.186082	cp-accuracy=2.500000
2024-03-24 17:40:02,633 [INFO]  Epoch[4] Train-cross-entropy=0.122402
2024-03-24 17:40:02,633 [INFO]  Epoch[4] Train-cp-accuracy=1.500000
2024-03-24 17:40:02,633 [INFO]  Epoch[4] Time cost=0.016
2024-03-24 17:40:02,635 [INFO]  Saved checkpoint to "./imputer_model/2_heart/imputer_model_cp/model-0004.params"
2024-03-24 17:40:02,728 [INFO]  Epoch[4] Validation-cross-entropy=0.140605
2024-03-24 17:40:02,728 [INFO]  Epoch[4] Validation-cp-accuracy=0.000000
2024-03-24 17:40:02,729 [INFO]  
========== done (0.4995872974395752 s) fit model
2024-03-24 17:40:07,263 [INFO]  
========== start: fit model
2024-03-24 17:40:07,264 [WARNING]  Already bound, ignoring bind()
2024-03-24 17:40:07,380 [INFO]  Epoch[0] Batch [0-7]	Speed: 15180.55 samples/sec	cross-entropy=10.171321	cp-accuracy=0.000000
2024-03-24 17:40:07,386 [INFO]  Epoch[0] Train-cross-entropy=5.177524
2024-03-24 17:40:07,387 [INFO]  Epoch[0] Train-cp-accuracy=0.000000
2024-03-24 17:40:07,387 [INFO]  Epoch[0] Time cost=0.121
2024-03-24 17:40:07,389 [INFO]  Saved checkpoint to "./imputer_model/2_heart/imputer_model_cp/model-0000.params"
2024-03-24 17:40:07,390 [INFO]  Epoch[0] Validation-cross-entropy=1.619435
2024-03-24 17:40:07,390 [INFO]  Epoch[0] Validation-cp-accuracy=0.000000
2024-03-24 17:40:07,399 [INFO]  Epoch[1] Batch [0-7]	Speed: 14425.81 samples/sec	cross-entropy=2.041032	cp-accuracy=0.000000
2024-03-24 17:40:07,406 [INFO]  Epoch[1] Train-cross-entropy=0.894231
2024-03-24 17:40:07,406 [INFO]  Epoch[1] Train-cp-accuracy=0.000000
2024-03-24 17:40:07,407 [INFO]  Epoch[1] Time cost=0.016
2024-03-24 17:40:07,409 [INFO]  Saved checkpoint to "./imputer_model/2_heart/imputer_model_cp/model-0001.params"
2024-03-24 17:40:07,410 [INFO]  Epoch[1] Validation-cross-entropy=0.814454
2024-03-24 17:40:07,410 [INFO]  Epoch[1] Validation-cp-accuracy=0.000000
2024-03-24 17:40:07,419 [INFO]  Epoch[2] Batch [0-7]	Speed: 14327.26 samples/sec	cross-entropy=0.696584	cp-accuracy=0.000000
2024-03-24 17:40:07,426 [INFO]  Epoch[2] Train-cross-entropy=0.565608
2024-03-24 17:40:07,426 [INFO]  Epoch[2] Train-cp-accuracy=0.000000
2024-03-24 17:40:07,427 [INFO]  Epoch[2] Time cost=0.016
2024-03-24 17:40:07,429 [INFO]  Saved checkpoint to "./imputer_model/2_heart/imputer_model_cp/model-0002.params"
2024-03-24 17:40:07,430 [INFO]  Epoch[2] Validation-cross-entropy=0.568510
2024-03-24 17:40:07,430 [INFO]  Epoch[2] Validation-cp-accuracy=0.000000
2024-03-24 17:40:07,440 [INFO]  Epoch[3] Batch [0-7]	Speed: 14442.22 samples/sec	cross-entropy=0.465667	cp-accuracy=0.000000
2024-03-24 17:40:07,446 [INFO]  Epoch[3] Train-cross-entropy=0.271370
2024-03-24 17:40:07,447 [INFO]  Epoch[3] Train-cp-accuracy=0.000000
2024-03-24 17:40:07,447 [INFO]  Epoch[3] Time cost=0.016
2024-03-24 17:40:07,449 [INFO]  Saved checkpoint to "./imputer_model/2_heart/imputer_model_cp/model-0003.params"
2024-03-24 17:40:07,450 [INFO]  Epoch[3] Validation-cross-entropy=0.167871
2024-03-24 17:40:07,450 [INFO]  Epoch[3] Validation-cp-accuracy=0.000000
2024-03-24 17:40:07,459 [INFO]  Epoch[4] Batch [0-7]	Speed: 14304.13 samples/sec	cross-entropy=0.205009	cp-accuracy=0.000000
2024-03-24 17:40:07,466 [INFO]  Epoch[4] Train-cross-entropy=0.199571
2024-03-24 17:40:07,467 [INFO]  Epoch[4] Train-cp-accuracy=0.000000
2024-03-24 17:40:07,467 [INFO]  Epoch[4] Time cost=0.016
2024-03-24 17:40:07,469 [INFO]  Saved checkpoint to "./imputer_model/2_heart/imputer_model_cp/model-0004.params"
2024-03-24 17:40:07,470 [INFO]  Epoch[4] Validation-cross-entropy=0.213329
2024-03-24 17:40:07,471 [INFO]  Epoch[4] Validation-cp-accuracy=0.000000
2024-03-24 17:40:07,471 [INFO]  
========== done (0.2072310447692871 s) fit model
