2024-04-08 00:21:38,329 [INFO]  
========== start: fit model
2024-04-08 00:21:38,329 [WARNING]  Already bound, ignoring bind()
2024-04-08 00:21:38,450 [INFO]  Epoch[0] Batch [0-3]	Speed: 18596.58 samples/sec	cross-entropy=7.466430	epss-accuracy=0.000000
2024-04-08 00:21:38,452 [INFO]  Epoch[0] Train-cross-entropy=7.257851
2024-04-08 00:21:38,452 [INFO]  Epoch[0] Train-epss-accuracy=0.000000
2024-04-08 00:21:38,452 [INFO]  Epoch[0] Time cost=0.122
2024-04-08 00:21:38,454 [INFO]  Saved checkpoint to "./imputer_model/29_echocardiogram/imputer_model_epss/model-0000.params"
2024-04-08 00:21:38,476 [INFO]  Epoch[0] Validation-cross-entropy=2.109883
2024-04-08 00:21:38,476 [INFO]  Epoch[0] Validation-epss-accuracy=0.000000
2024-04-08 00:21:38,479 [INFO]  Epoch[1] Batch [0-3]	Speed: 20466.26 samples/sec	cross-entropy=2.374550	epss-accuracy=0.000000
2024-04-08 00:21:38,481 [INFO]  Epoch[1] Train-cross-entropy=2.367322
2024-04-08 00:21:38,481 [INFO]  Epoch[1] Train-epss-accuracy=0.000000
2024-04-08 00:21:38,481 [INFO]  Epoch[1] Time cost=0.005
2024-04-08 00:21:38,483 [INFO]  Saved checkpoint to "./imputer_model/29_echocardiogram/imputer_model_epss/model-0001.params"
2024-04-08 00:21:38,484 [INFO]  Epoch[1] Validation-cross-entropy=1.763111
2024-04-08 00:21:38,484 [INFO]  Epoch[1] Validation-epss-accuracy=0.000000
2024-04-08 00:21:38,487 [INFO]  Epoch[2] Batch [0-3]	Speed: 22043.86 samples/sec	cross-entropy=0.958225	epss-accuracy=0.000000
2024-04-08 00:21:38,489 [INFO]  Epoch[2] Train-cross-entropy=1.107537
2024-04-08 00:21:38,489 [INFO]  Epoch[2] Train-epss-accuracy=0.000000
2024-04-08 00:21:38,489 [INFO]  Epoch[2] Time cost=0.005
2024-04-08 00:21:38,491 [INFO]  Saved checkpoint to "./imputer_model/29_echocardiogram/imputer_model_epss/model-0002.params"
2024-04-08 00:21:38,498 [INFO]  Epoch[2] Validation-cross-entropy=1.267233
2024-04-08 00:21:38,498 [INFO]  Epoch[2] Validation-epss-accuracy=0.000000
2024-04-08 00:21:38,511 [INFO]  Epoch[3] Batch [0-3]	Speed: 14440.29 samples/sec	cross-entropy=0.693735	epss-accuracy=0.000000
2024-04-08 00:21:38,525 [INFO]  Epoch[3] Train-cross-entropy=0.846705
2024-04-08 00:21:38,526 [INFO]  Epoch[3] Train-epss-accuracy=0.000000
2024-04-08 00:21:38,526 [INFO]  Epoch[3] Time cost=0.027
2024-04-08 00:21:38,528 [INFO]  Saved checkpoint to "./imputer_model/29_echocardiogram/imputer_model_epss/model-0003.params"
2024-04-08 00:21:38,529 [INFO]  Epoch[3] Validation-cross-entropy=1.192373
2024-04-08 00:21:38,529 [INFO]  Epoch[3] Validation-epss-accuracy=0.000000
2024-04-08 00:21:38,534 [INFO]  Epoch[4] Batch [0-3]	Speed: 14071.89 samples/sec	cross-entropy=0.715464	epss-accuracy=0.000000
2024-04-08 00:21:38,536 [INFO]  Epoch[4] Train-cross-entropy=0.528584
2024-04-08 00:21:38,536 [INFO]  Epoch[4] Train-epss-accuracy=0.000000
2024-04-08 00:21:38,536 [INFO]  Epoch[4] Time cost=0.007
2024-04-08 00:21:38,538 [INFO]  Saved checkpoint to "./imputer_model/29_echocardiogram/imputer_model_epss/model-0004.params"
2024-04-08 00:21:38,539 [INFO]  Epoch[4] Validation-cross-entropy=1.139065
2024-04-08 00:21:38,539 [INFO]  Epoch[4] Validation-epss-accuracy=0.000000
2024-04-08 00:21:38,539 [INFO]  
========== done (0.2099471092224121 s) fit model
2024-04-08 00:21:43,239 [INFO]  
========== start: fit model
2024-04-08 00:21:43,239 [WARNING]  Already bound, ignoring bind()
2024-04-08 00:21:43,300 [INFO]  Epoch[0] Batch [0-3]	Speed: 13674.29 samples/sec	cross-entropy=13.213309	epss-accuracy=0.000000
2024-04-08 00:21:43,302 [INFO]  Epoch[0] Train-cross-entropy=6.585334
2024-04-08 00:21:43,302 [INFO]  Epoch[0] Train-epss-accuracy=0.000000
2024-04-08 00:21:43,302 [INFO]  Epoch[0] Time cost=0.062
2024-04-08 00:21:43,304 [INFO]  Saved checkpoint to "./imputer_model/29_echocardiogram/imputer_model_epss/model-0000.params"
2024-04-08 00:21:43,304 [INFO]  Epoch[0] Validation-cross-entropy=5.381151
2024-04-08 00:21:43,305 [INFO]  Epoch[0] Validation-epss-accuracy=0.000000
2024-04-08 00:21:43,307 [INFO]  Epoch[1] Batch [0-3]	Speed: 24895.09 samples/sec	cross-entropy=4.756298	epss-accuracy=0.000000
2024-04-08 00:21:43,333 [INFO]  Epoch[1] Train-cross-entropy=1.653574
2024-04-08 00:21:43,333 [INFO]  Epoch[1] Train-epss-accuracy=0.000000
2024-04-08 00:21:43,333 [INFO]  Epoch[1] Time cost=0.029
2024-04-08 00:21:43,335 [INFO]  Saved checkpoint to "./imputer_model/29_echocardiogram/imputer_model_epss/model-0001.params"
2024-04-08 00:21:43,336 [INFO]  Epoch[1] Validation-cross-entropy=1.253681
2024-04-08 00:21:43,336 [INFO]  Epoch[1] Validation-epss-accuracy=0.000000
2024-04-08 00:21:43,345 [INFO]  Epoch[2] Batch [0-3]	Speed: 9847.23 samples/sec	cross-entropy=1.317548	epss-accuracy=0.000000
2024-04-08 00:21:43,347 [INFO]  Epoch[2] Train-cross-entropy=0.278098
2024-04-08 00:21:43,347 [INFO]  Epoch[2] Train-epss-accuracy=0.000000
2024-04-08 00:21:43,347 [INFO]  Epoch[2] Time cost=0.011
2024-04-08 00:21:43,349 [INFO]  Saved checkpoint to "./imputer_model/29_echocardiogram/imputer_model_epss/model-0002.params"
2024-04-08 00:21:43,350 [INFO]  Epoch[2] Validation-cross-entropy=0.892289
2024-04-08 00:21:43,350 [INFO]  Epoch[2] Validation-epss-accuracy=0.000000
2024-04-08 00:21:43,354 [INFO]  Epoch[3] Batch [0-3]	Speed: 17778.75 samples/sec	cross-entropy=0.636622	epss-accuracy=0.000000
2024-04-08 00:21:43,355 [INFO]  Epoch[3] Train-cross-entropy=0.506125
2024-04-08 00:21:43,356 [INFO]  Epoch[3] Train-epss-accuracy=0.000000
2024-04-08 00:21:43,356 [INFO]  Epoch[3] Time cost=0.006
2024-04-08 00:21:43,360 [INFO]  Saved checkpoint to "./imputer_model/29_echocardiogram/imputer_model_epss/model-0003.params"
2024-04-08 00:21:43,369 [INFO]  Epoch[3] Validation-cross-entropy=1.116233
2024-04-08 00:21:43,369 [INFO]  Epoch[3] Validation-epss-accuracy=0.000000
2024-04-08 00:21:43,401 [INFO]  Epoch[4] Batch [0-3]	Speed: 3473.42 samples/sec	cross-entropy=0.807593	epss-accuracy=0.000000
2024-04-08 00:21:43,403 [INFO]  Epoch[4] Train-cross-entropy=0.498622
2024-04-08 00:21:43,403 [INFO]  Epoch[4] Train-epss-accuracy=0.000000
2024-04-08 00:21:43,403 [INFO]  Epoch[4] Time cost=0.034
2024-04-08 00:21:43,406 [INFO]  Saved checkpoint to "./imputer_model/29_echocardiogram/imputer_model_epss/model-0004.params"
2024-04-08 00:21:43,407 [INFO]  Epoch[4] Validation-cross-entropy=0.817295
2024-04-08 00:21:43,407 [INFO]  Epoch[4] Validation-epss-accuracy=0.000000
2024-04-08 00:21:43,407 [INFO]  
========== done (0.16815471649169922 s) fit model
2024-04-08 00:21:47,233 [INFO]  
========== start: fit model
2024-04-08 00:21:47,233 [WARNING]  Already bound, ignoring bind()
2024-04-08 00:21:47,284 [INFO]  Epoch[0] Batch [0-3]	Speed: 18857.87 samples/sec	cross-entropy=21.503676	epss-accuracy=2.500000
2024-04-08 00:21:47,286 [INFO]  Epoch[0] Train-cross-entropy=12.496050
2024-04-08 00:21:47,286 [INFO]  Epoch[0] Train-epss-accuracy=2.000000
2024-04-08 00:21:47,286 [INFO]  Epoch[0] Time cost=0.051
2024-04-08 00:21:47,287 [INFO]  Saved checkpoint to "./imputer_model/29_echocardiogram/imputer_model_epss/model-0000.params"
2024-04-08 00:21:47,307 [INFO]  Epoch[0] Validation-cross-entropy=11.469383
2024-04-08 00:21:47,307 [INFO]  Epoch[0] Validation-epss-accuracy=0.000000
2024-04-08 00:21:47,322 [INFO]  Epoch[1] Batch [0-3]	Speed: 3638.45 samples/sec	cross-entropy=8.045743	epss-accuracy=2.500000
2024-04-08 00:21:47,324 [INFO]  Epoch[1] Train-cross-entropy=4.619890
2024-04-08 00:21:47,324 [INFO]  Epoch[1] Train-epss-accuracy=2.000000
2024-04-08 00:21:47,324 [INFO]  Epoch[1] Time cost=0.017
2024-04-08 00:21:47,326 [INFO]  Saved checkpoint to "./imputer_model/29_echocardiogram/imputer_model_epss/model-0001.params"
2024-04-08 00:21:47,327 [INFO]  Epoch[1] Validation-cross-entropy=3.621596
2024-04-08 00:21:47,327 [INFO]  Epoch[1] Validation-epss-accuracy=0.000000
2024-04-08 00:21:47,331 [INFO]  Epoch[2] Batch [0-3]	Speed: 17624.67 samples/sec	cross-entropy=3.152637	epss-accuracy=2.500000
2024-04-08 00:21:47,333 [INFO]  Epoch[2] Train-cross-entropy=1.171451
2024-04-08 00:21:47,333 [INFO]  Epoch[2] Train-epss-accuracy=2.000000
2024-04-08 00:21:47,333 [INFO]  Epoch[2] Time cost=0.006
2024-04-08 00:21:47,335 [INFO]  Saved checkpoint to "./imputer_model/29_echocardiogram/imputer_model_epss/model-0002.params"
2024-04-08 00:21:47,335 [INFO]  Epoch[2] Validation-cross-entropy=1.342314
2024-04-08 00:21:47,335 [INFO]  Epoch[2] Validation-epss-accuracy=0.000000
2024-04-08 00:21:47,339 [INFO]  Epoch[3] Batch [0-3]	Speed: 15795.28 samples/sec	cross-entropy=1.206870	epss-accuracy=2.500000
2024-04-08 00:21:47,342 [INFO]  Epoch[3] Train-cross-entropy=0.379079
2024-04-08 00:21:47,342 [INFO]  Epoch[3] Train-epss-accuracy=2.000000
2024-04-08 00:21:47,342 [INFO]  Epoch[3] Time cost=0.006
2024-04-08 00:21:47,344 [INFO]  Saved checkpoint to "./imputer_model/29_echocardiogram/imputer_model_epss/model-0003.params"
2024-04-08 00:21:47,344 [INFO]  Epoch[3] Validation-cross-entropy=0.860972
2024-04-08 00:21:47,344 [INFO]  Epoch[3] Validation-epss-accuracy=0.000000
2024-04-08 00:21:47,351 [INFO]  Epoch[4] Batch [0-3]	Speed: 8621.75 samples/sec	cross-entropy=0.625612	epss-accuracy=2.500000
2024-04-08 00:21:47,354 [INFO]  Epoch[4] Train-cross-entropy=0.556060
2024-04-08 00:21:47,354 [INFO]  Epoch[4] Train-epss-accuracy=2.000000
2024-04-08 00:21:47,354 [INFO]  Epoch[4] Time cost=0.009
2024-04-08 00:21:47,355 [INFO]  Saved checkpoint to "./imputer_model/29_echocardiogram/imputer_model_epss/model-0004.params"
2024-04-08 00:21:47,356 [INFO]  Epoch[4] Validation-cross-entropy=0.761846
2024-04-08 00:21:47,356 [INFO]  Epoch[4] Validation-epss-accuracy=0.000000
2024-04-08 00:21:47,356 [INFO]  
========== done (0.1235501766204834 s) fit model
2024-04-08 00:21:53,027 [INFO]  
========== start: fit model
2024-04-08 00:21:53,027 [WARNING]  Already bound, ignoring bind()
2024-04-08 00:21:53,058 [INFO]  Epoch[0] Batch [0-3]	Speed: 22985.11 samples/sec	cross-entropy=23.882541	epss-accuracy=3.000000
2024-04-08 00:21:53,059 [INFO]  Epoch[0] Train-cross-entropy=10.244894
2024-04-08 00:21:53,059 [INFO]  Epoch[0] Train-epss-accuracy=2.000000
2024-04-08 00:21:53,059 [INFO]  Epoch[0] Time cost=0.031
2024-04-08 00:21:53,061 [INFO]  Saved checkpoint to "./imputer_model/29_echocardiogram/imputer_model_epss/model-0000.params"
2024-04-08 00:21:53,061 [INFO]  Epoch[0] Validation-cross-entropy=1.914072
2024-04-08 00:21:53,061 [INFO]  Epoch[0] Validation-epss-accuracy=0.000000
2024-04-08 00:21:53,064 [INFO]  Epoch[1] Batch [0-3]	Speed: 21239.22 samples/sec	cross-entropy=8.932946	epss-accuracy=3.000000
2024-04-08 00:21:53,066 [INFO]  Epoch[1] Train-cross-entropy=3.831589
2024-04-08 00:21:53,066 [INFO]  Epoch[1] Train-epss-accuracy=2.000000
2024-04-08 00:21:53,066 [INFO]  Epoch[1] Time cost=0.004
2024-04-08 00:21:53,068 [INFO]  Saved checkpoint to "./imputer_model/29_echocardiogram/imputer_model_epss/model-0001.params"
2024-04-08 00:21:53,089 [INFO]  Epoch[1] Validation-cross-entropy=2.016444
2024-04-08 00:21:53,089 [INFO]  Epoch[1] Validation-epss-accuracy=0.000000
2024-04-08 00:21:53,093 [INFO]  Epoch[2] Batch [0-3]	Speed: 19232.57 samples/sec	cross-entropy=3.394994	epss-accuracy=3.000000
2024-04-08 00:21:53,095 [INFO]  Epoch[2] Train-cross-entropy=1.914971
2024-04-08 00:21:53,095 [INFO]  Epoch[2] Train-epss-accuracy=2.000000
2024-04-08 00:21:53,095 [INFO]  Epoch[2] Time cost=0.006
2024-04-08 00:21:53,096 [INFO]  Saved checkpoint to "./imputer_model/29_echocardiogram/imputer_model_epss/model-0002.params"
2024-04-08 00:21:53,097 [INFO]  Epoch[2] Validation-cross-entropy=1.798392
2024-04-08 00:21:53,097 [INFO]  Epoch[2] Validation-epss-accuracy=0.000000
2024-04-08 00:21:53,100 [INFO]  Epoch[3] Batch [0-3]	Speed: 20352.47 samples/sec	cross-entropy=1.531450	epss-accuracy=3.000000
2024-04-08 00:21:53,102 [INFO]  Epoch[3] Train-cross-entropy=0.746685
2024-04-08 00:21:53,102 [INFO]  Epoch[3] Train-epss-accuracy=2.000000
2024-04-08 00:21:53,102 [INFO]  Epoch[3] Time cost=0.005
2024-04-08 00:21:53,104 [INFO]  Saved checkpoint to "./imputer_model/29_echocardiogram/imputer_model_epss/model-0003.params"
2024-04-08 00:21:53,104 [INFO]  Epoch[3] Validation-cross-entropy=0.784151
2024-04-08 00:21:53,104 [INFO]  Epoch[3] Validation-epss-accuracy=0.000000
2024-04-08 00:21:53,108 [INFO]  Epoch[4] Batch [0-3]	Speed: 20191.21 samples/sec	cross-entropy=0.611399	epss-accuracy=3.000000
2024-04-08 00:21:53,109 [INFO]  Epoch[4] Train-cross-entropy=0.228080
2024-04-08 00:21:53,109 [INFO]  Epoch[4] Train-epss-accuracy=2.000000
2024-04-08 00:21:53,109 [INFO]  Epoch[4] Time cost=0.005
2024-04-08 00:21:53,111 [INFO]  Saved checkpoint to "./imputer_model/29_echocardiogram/imputer_model_epss/model-0004.params"
2024-04-08 00:21:53,112 [INFO]  Epoch[4] Validation-cross-entropy=0.613297
2024-04-08 00:21:53,112 [INFO]  Epoch[4] Validation-epss-accuracy=0.000000
2024-04-08 00:21:53,112 [INFO]  
========== done (0.08499550819396973 s) fit model
2024-04-08 00:21:57,726 [INFO]  
========== start: fit model
2024-04-08 00:21:57,727 [WARNING]  Already bound, ignoring bind()
2024-04-08 00:21:57,763 [INFO]  Epoch[0] Batch [0-3]	Speed: 1490.06 samples/sec	cross-entropy=10.882334	epss-accuracy=3.250000
2024-04-08 00:21:57,765 [INFO]  Epoch[0] Train-cross-entropy=3.145137
2024-04-08 00:21:57,765 [INFO]  Epoch[0] Train-epss-accuracy=3.000000
2024-04-08 00:21:57,766 [INFO]  Epoch[0] Time cost=0.038
2024-04-08 00:21:57,767 [INFO]  Saved checkpoint to "./imputer_model/29_echocardiogram/imputer_model_epss/model-0000.params"
2024-04-08 00:21:57,768 [INFO]  Epoch[0] Validation-cross-entropy=2.374839
2024-04-08 00:21:57,768 [INFO]  Epoch[0] Validation-epss-accuracy=0.000000
2024-04-08 00:21:57,772 [INFO]  Epoch[1] Batch [0-3]	Speed: 14445.48 samples/sec	cross-entropy=3.914530	epss-accuracy=3.250000
2024-04-08 00:21:57,774 [INFO]  Epoch[1] Train-cross-entropy=1.720748
2024-04-08 00:21:57,775 [INFO]  Epoch[1] Train-epss-accuracy=3.000000
2024-04-08 00:21:57,775 [INFO]  Epoch[1] Time cost=0.007
2024-04-08 00:21:57,776 [INFO]  Saved checkpoint to "./imputer_model/29_echocardiogram/imputer_model_epss/model-0001.params"
2024-04-08 00:21:57,778 [INFO]  Epoch[1] Validation-cross-entropy=1.036619
2024-04-08 00:21:57,778 [INFO]  Epoch[1] Validation-epss-accuracy=0.000000
2024-04-08 00:21:57,784 [INFO]  Epoch[2] Batch [0-3]	Speed: 12164.75 samples/sec	cross-entropy=1.383748	epss-accuracy=3.250000
2024-04-08 00:21:57,787 [INFO]  Epoch[2] Train-cross-entropy=0.852077
2024-04-08 00:21:57,787 [INFO]  Epoch[2] Train-epss-accuracy=3.000000
2024-04-08 00:21:57,787 [INFO]  Epoch[2] Time cost=0.008
2024-04-08 00:21:57,789 [INFO]  Saved checkpoint to "./imputer_model/29_echocardiogram/imputer_model_epss/model-0002.params"
2024-04-08 00:21:57,791 [INFO]  Epoch[2] Validation-cross-entropy=0.474126
2024-04-08 00:21:57,791 [INFO]  Epoch[2] Validation-epss-accuracy=0.000000
2024-04-08 00:21:57,797 [INFO]  Epoch[3] Batch [0-3]	Speed: 11095.43 samples/sec	cross-entropy=0.819218	epss-accuracy=3.250000
2024-04-08 00:21:57,799 [INFO]  Epoch[3] Train-cross-entropy=0.525495
2024-04-08 00:21:57,799 [INFO]  Epoch[3] Train-epss-accuracy=3.000000
2024-04-08 00:21:57,800 [INFO]  Epoch[3] Time cost=0.009
2024-04-08 00:21:57,802 [INFO]  Saved checkpoint to "./imputer_model/29_echocardiogram/imputer_model_epss/model-0003.params"
2024-04-08 00:21:57,803 [INFO]  Epoch[3] Validation-cross-entropy=0.189633
2024-04-08 00:21:57,803 [INFO]  Epoch[3] Validation-epss-accuracy=0.000000
2024-04-08 00:21:57,806 [INFO]  Epoch[4] Batch [0-3]	Speed: 18582.85 samples/sec	cross-entropy=0.630733	epss-accuracy=3.250000
2024-04-08 00:21:57,808 [INFO]  Epoch[4] Train-cross-entropy=0.364902
2024-04-08 00:21:57,809 [INFO]  Epoch[4] Train-epss-accuracy=3.000000
2024-04-08 00:21:57,809 [INFO]  Epoch[4] Time cost=0.006
2024-04-08 00:21:57,811 [INFO]  Saved checkpoint to "./imputer_model/29_echocardiogram/imputer_model_epss/model-0004.params"
2024-04-08 00:21:57,811 [INFO]  Epoch[4] Validation-cross-entropy=0.252590
2024-04-08 00:21:57,811 [INFO]  Epoch[4] Validation-epss-accuracy=0.000000
2024-04-08 00:21:57,811 [INFO]  
========== done (0.08491706848144531 s) fit model
2024-04-08 00:22:02,520 [INFO]  
========== start: fit model
2024-04-08 00:22:02,520 [WARNING]  Already bound, ignoring bind()
2024-04-08 00:22:02,527 [INFO]  Epoch[0] Batch [0-3]	Speed: 17731.78 samples/sec	cross-entropy=7.472007	epss-accuracy=0.000000
2024-04-08 00:22:02,537 [INFO]  Epoch[0] Train-cross-entropy=7.578003
2024-04-08 00:22:02,537 [INFO]  Epoch[0] Train-epss-accuracy=0.000000
2024-04-08 00:22:02,537 [INFO]  Epoch[0] Time cost=0.015
2024-04-08 00:22:02,544 [INFO]  Saved checkpoint to "./imputer_model/29_echocardiogram/imputer_model_epss/model-0000.params"
2024-04-08 00:22:02,562 [INFO]  Epoch[0] Validation-cross-entropy=1.830554
2024-04-08 00:22:02,562 [INFO]  Epoch[0] Validation-epss-accuracy=0.000000
2024-04-08 00:22:02,591 [INFO]  Epoch[1] Batch [0-3]	Speed: 16148.76 samples/sec	cross-entropy=1.385495	epss-accuracy=0.000000
2024-04-08 00:22:02,593 [INFO]  Epoch[1] Train-cross-entropy=0.906521
2024-04-08 00:22:02,593 [INFO]  Epoch[1] Train-epss-accuracy=0.000000
2024-04-08 00:22:02,593 [INFO]  Epoch[1] Time cost=0.030
2024-04-08 00:22:02,595 [INFO]  Saved checkpoint to "./imputer_model/29_echocardiogram/imputer_model_epss/model-0001.params"
2024-04-08 00:22:02,595 [INFO]  Epoch[1] Validation-cross-entropy=0.369607
2024-04-08 00:22:02,595 [INFO]  Epoch[1] Validation-epss-accuracy=0.000000
2024-04-08 00:22:02,615 [INFO]  Epoch[2] Batch [0-3]	Speed: 2610.60 samples/sec	cross-entropy=0.444630	epss-accuracy=0.000000
2024-04-08 00:22:02,618 [INFO]  Epoch[2] Train-cross-entropy=0.579525
2024-04-08 00:22:02,618 [INFO]  Epoch[2] Train-epss-accuracy=0.000000
2024-04-08 00:22:02,618 [INFO]  Epoch[2] Time cost=0.022
2024-04-08 00:22:02,620 [INFO]  Saved checkpoint to "./imputer_model/29_echocardiogram/imputer_model_epss/model-0002.params"
2024-04-08 00:22:02,620 [INFO]  Epoch[2] Validation-cross-entropy=0.147057
2024-04-08 00:22:02,621 [INFO]  Epoch[2] Validation-epss-accuracy=0.000000
2024-04-08 00:22:02,625 [INFO]  Epoch[3] Batch [0-3]	Speed: 14903.15 samples/sec	cross-entropy=0.605094	epss-accuracy=0.000000
2024-04-08 00:22:02,642 [INFO]  Epoch[3] Train-cross-entropy=1.058202
2024-04-08 00:22:02,642 [INFO]  Epoch[3] Train-epss-accuracy=0.000000
2024-04-08 00:22:02,642 [INFO]  Epoch[3] Time cost=0.022
2024-04-08 00:22:02,644 [INFO]  Saved checkpoint to "./imputer_model/29_echocardiogram/imputer_model_epss/model-0003.params"
2024-04-08 00:22:02,645 [INFO]  Epoch[3] Validation-cross-entropy=0.312697
2024-04-08 00:22:02,645 [INFO]  Epoch[3] Validation-epss-accuracy=0.000000
2024-04-08 00:22:02,648 [INFO]  Epoch[4] Batch [0-3]	Speed: 21664.33 samples/sec	cross-entropy=0.392611	epss-accuracy=0.000000
2024-04-08 00:22:02,650 [INFO]  Epoch[4] Train-cross-entropy=0.443010
2024-04-08 00:22:02,650 [INFO]  Epoch[4] Train-epss-accuracy=0.000000
2024-04-08 00:22:02,650 [INFO]  Epoch[4] Time cost=0.005
2024-04-08 00:22:02,651 [INFO]  Saved checkpoint to "./imputer_model/29_echocardiogram/imputer_model_epss/model-0004.params"
2024-04-08 00:22:02,652 [INFO]  Epoch[4] Validation-cross-entropy=0.223487
2024-04-08 00:22:02,652 [INFO]  Epoch[4] Validation-epss-accuracy=0.000000
2024-04-08 00:22:02,652 [INFO]  
========== done (0.13190317153930664 s) fit model
2024-04-08 00:22:06,401 [INFO]  
========== start: fit model
2024-04-08 00:22:06,402 [WARNING]  Already bound, ignoring bind()
2024-04-08 00:22:06,453 [INFO]  Epoch[0] Batch [0-3]	Speed: 13928.78 samples/sec	cross-entropy=15.051672	epss-accuracy=2.500000
2024-04-08 00:22:06,458 [INFO]  Epoch[0] Train-cross-entropy=10.214433
2024-04-08 00:22:06,458 [INFO]  Epoch[0] Train-epss-accuracy=3.000000
2024-04-08 00:22:06,458 [INFO]  Epoch[0] Time cost=0.056
2024-04-08 00:22:06,462 [INFO]  Saved checkpoint to "./imputer_model/29_echocardiogram/imputer_model_epss/model-0000.params"
2024-04-08 00:22:06,596 [INFO]  Epoch[0] Validation-cross-entropy=1.354573
2024-04-08 00:22:06,596 [INFO]  Epoch[0] Validation-epss-accuracy=0.000000
2024-04-08 00:22:06,701 [INFO]  Epoch[1] Batch [0-3]	Speed: 874.34 samples/sec	cross-entropy=5.748499	epss-accuracy=2.500000
2024-04-08 00:22:06,704 [INFO]  Epoch[1] Train-cross-entropy=4.026799
2024-04-08 00:22:06,704 [INFO]  Epoch[1] Train-epss-accuracy=3.000000
2024-04-08 00:22:06,704 [INFO]  Epoch[1] Time cost=0.108
2024-04-08 00:22:06,708 [INFO]  Saved checkpoint to "./imputer_model/29_echocardiogram/imputer_model_epss/model-0001.params"
2024-04-08 00:22:06,721 [INFO]  Epoch[1] Validation-cross-entropy=0.469925
2024-04-08 00:22:06,721 [INFO]  Epoch[1] Validation-epss-accuracy=0.000000
2024-04-08 00:22:06,741 [INFO]  Epoch[2] Batch [0-3]	Speed: 18553.74 samples/sec	cross-entropy=1.686141	epss-accuracy=2.500000
2024-04-08 00:22:06,743 [INFO]  Epoch[2] Train-cross-entropy=1.535569
2024-04-08 00:22:06,743 [INFO]  Epoch[2] Train-epss-accuracy=3.000000
2024-04-08 00:22:06,743 [INFO]  Epoch[2] Time cost=0.021
2024-04-08 00:22:06,745 [INFO]  Saved checkpoint to "./imputer_model/29_echocardiogram/imputer_model_epss/model-0002.params"
2024-04-08 00:22:06,746 [INFO]  Epoch[2] Validation-cross-entropy=0.337673
2024-04-08 00:22:06,746 [INFO]  Epoch[2] Validation-epss-accuracy=0.000000
2024-04-08 00:22:06,778 [INFO]  Epoch[3] Batch [0-3]	Speed: 1585.16 samples/sec	cross-entropy=0.634679	epss-accuracy=2.500000
2024-04-08 00:22:06,781 [INFO]  Epoch[3] Train-cross-entropy=0.866868
2024-04-08 00:22:06,781 [INFO]  Epoch[3] Train-epss-accuracy=3.000000
2024-04-08 00:22:06,781 [INFO]  Epoch[3] Time cost=0.036
2024-04-08 00:22:06,783 [INFO]  Saved checkpoint to "./imputer_model/29_echocardiogram/imputer_model_epss/model-0003.params"
2024-04-08 00:22:06,784 [INFO]  Epoch[3] Validation-cross-entropy=0.244435
2024-04-08 00:22:06,784 [INFO]  Epoch[3] Validation-epss-accuracy=0.000000
2024-04-08 00:22:06,788 [INFO]  Epoch[4] Batch [0-3]	Speed: 14950.73 samples/sec	cross-entropy=0.792934	epss-accuracy=2.500000
2024-04-08 00:22:06,791 [INFO]  Epoch[4] Train-cross-entropy=0.661748
2024-04-08 00:22:06,791 [INFO]  Epoch[4] Train-epss-accuracy=3.000000
2024-04-08 00:22:06,791 [INFO]  Epoch[4] Time cost=0.007
2024-04-08 00:22:06,793 [INFO]  Saved checkpoint to "./imputer_model/29_echocardiogram/imputer_model_epss/model-0004.params"
2024-04-08 00:22:06,794 [INFO]  Epoch[4] Validation-cross-entropy=0.153932
2024-04-08 00:22:06,794 [INFO]  Epoch[4] Validation-epss-accuracy=0.000000
2024-04-08 00:22:06,794 [INFO]  
========== done (0.39270544052124023 s) fit model
2024-04-08 00:22:11,716 [INFO]  
========== start: fit model
2024-04-08 00:22:11,716 [WARNING]  Already bound, ignoring bind()
2024-04-08 00:22:11,726 [INFO]  Epoch[0] Batch [0-3]	Speed: 25006.41 samples/sec	cross-entropy=9.548944	epss-accuracy=3.000000
2024-04-08 00:22:11,728 [INFO]  Epoch[0] Train-cross-entropy=6.010533
2024-04-08 00:22:11,728 [INFO]  Epoch[0] Train-epss-accuracy=3.500000
2024-04-08 00:22:11,728 [INFO]  Epoch[0] Time cost=0.011
2024-04-08 00:22:11,729 [INFO]  Saved checkpoint to "./imputer_model/29_echocardiogram/imputer_model_epss/model-0000.params"
2024-04-08 00:22:11,730 [INFO]  Epoch[0] Validation-cross-entropy=3.281074
2024-04-08 00:22:11,730 [INFO]  Epoch[0] Validation-epss-accuracy=0.000000
2024-04-08 00:22:12,017 [INFO]  Epoch[1] Batch [0-3]	Speed: 167.80 samples/sec	cross-entropy=3.113772	epss-accuracy=3.000000
2024-04-08 00:22:12,190 [INFO]  Epoch[1] Train-cross-entropy=1.588442
2024-04-08 00:22:12,190 [INFO]  Epoch[1] Train-epss-accuracy=3.500000
2024-04-08 00:22:12,190 [INFO]  Epoch[1] Time cost=0.460
2024-04-08 00:22:12,192 [INFO]  Saved checkpoint to "./imputer_model/29_echocardiogram/imputer_model_epss/model-0001.params"
2024-04-08 00:22:12,193 [INFO]  Epoch[1] Validation-cross-entropy=2.598614
2024-04-08 00:22:12,193 [INFO]  Epoch[1] Validation-epss-accuracy=0.000000
2024-04-08 00:22:12,220 [INFO]  Epoch[2] Batch [0-3]	Speed: 16559.19 samples/sec	cross-entropy=0.958117	epss-accuracy=3.000000
2024-04-08 00:22:12,222 [INFO]  Epoch[2] Train-cross-entropy=0.618321
2024-04-08 00:22:12,222 [INFO]  Epoch[2] Train-epss-accuracy=3.500000
2024-04-08 00:22:12,222 [INFO]  Epoch[2] Time cost=0.029
2024-04-08 00:22:12,224 [INFO]  Saved checkpoint to "./imputer_model/29_echocardiogram/imputer_model_epss/model-0002.params"
2024-04-08 00:22:12,245 [INFO]  Epoch[2] Validation-cross-entropy=0.498158
2024-04-08 00:22:12,245 [INFO]  Epoch[2] Validation-epss-accuracy=0.000000
2024-04-08 00:22:12,250 [INFO]  Epoch[3] Batch [0-3]	Speed: 19935.30 samples/sec	cross-entropy=0.637122	epss-accuracy=3.000000
2024-04-08 00:22:12,268 [INFO]  Epoch[3] Train-cross-entropy=0.561828
2024-04-08 00:22:12,268 [INFO]  Epoch[3] Train-epss-accuracy=3.500000
2024-04-08 00:22:12,268 [INFO]  Epoch[3] Time cost=0.023
2024-04-08 00:22:12,276 [INFO]  Saved checkpoint to "./imputer_model/29_echocardiogram/imputer_model_epss/model-0003.params"
2024-04-08 00:22:12,284 [INFO]  Epoch[3] Validation-cross-entropy=0.387144
2024-04-08 00:22:12,284 [INFO]  Epoch[3] Validation-epss-accuracy=0.000000
2024-04-08 00:22:12,287 [INFO]  Epoch[4] Batch [0-3]	Speed: 20203.37 samples/sec	cross-entropy=0.638463	epss-accuracy=3.000000
2024-04-08 00:22:12,289 [INFO]  Epoch[4] Train-cross-entropy=0.416120
2024-04-08 00:22:12,289 [INFO]  Epoch[4] Train-epss-accuracy=3.500000
2024-04-08 00:22:12,289 [INFO]  Epoch[4] Time cost=0.005
2024-04-08 00:22:12,291 [INFO]  Saved checkpoint to "./imputer_model/29_echocardiogram/imputer_model_epss/model-0004.params"
2024-04-08 00:22:12,291 [INFO]  Epoch[4] Validation-cross-entropy=0.568813
2024-04-08 00:22:12,291 [INFO]  Epoch[4] Validation-epss-accuracy=0.000000
2024-04-08 00:22:12,291 [INFO]  
========== done (0.575465202331543 s) fit model
2024-04-08 00:22:17,252 [INFO]  
========== start: fit model
2024-04-08 00:22:17,252 [WARNING]  Already bound, ignoring bind()
2024-04-08 00:22:17,260 [INFO]  Epoch[0] Batch [0-3]	Speed: 14367.13 samples/sec	cross-entropy=20.153707	epss-accuracy=0.000000
2024-04-08 00:22:17,262 [INFO]  Epoch[0] Train-cross-entropy=19.319337
2024-04-08 00:22:17,262 [INFO]  Epoch[0] Train-epss-accuracy=0.000000
2024-04-08 00:22:17,262 [INFO]  Epoch[0] Time cost=0.009
2024-04-08 00:22:17,264 [INFO]  Saved checkpoint to "./imputer_model/29_echocardiogram/imputer_model_epss/model-0000.params"
2024-04-08 00:22:17,264 [INFO]  Epoch[0] Validation-cross-entropy=110.589783
2024-04-08 00:22:17,265 [INFO]  Epoch[0] Validation-epss-accuracy=0.000000
2024-04-08 00:22:17,273 [INFO]  Epoch[1] Batch [0-3]	Speed: 6862.55 samples/sec	cross-entropy=7.562900	epss-accuracy=0.000000
2024-04-08 00:22:17,275 [INFO]  Epoch[1] Train-cross-entropy=5.332421
2024-04-08 00:22:17,275 [INFO]  Epoch[1] Train-epss-accuracy=0.000000
2024-04-08 00:22:17,275 [INFO]  Epoch[1] Time cost=0.010
2024-04-08 00:22:17,277 [INFO]  Saved checkpoint to "./imputer_model/29_echocardiogram/imputer_model_epss/model-0001.params"
2024-04-08 00:22:17,277 [INFO]  Epoch[1] Validation-cross-entropy=35.698925
2024-04-08 00:22:17,277 [INFO]  Epoch[1] Validation-epss-accuracy=0.000000
2024-04-08 00:22:17,282 [INFO]  Epoch[2] Batch [0-3]	Speed: 12859.39 samples/sec	cross-entropy=3.327416	epss-accuracy=0.000000
2024-04-08 00:22:17,285 [INFO]  Epoch[2] Train-cross-entropy=1.665617
2024-04-08 00:22:17,285 [INFO]  Epoch[2] Train-epss-accuracy=0.000000
2024-04-08 00:22:17,285 [INFO]  Epoch[2] Time cost=0.007
2024-04-08 00:22:17,286 [INFO]  Saved checkpoint to "./imputer_model/29_echocardiogram/imputer_model_epss/model-0002.params"
2024-04-08 00:22:17,393 [INFO]  Epoch[2] Validation-cross-entropy=9.548733
2024-04-08 00:22:17,393 [INFO]  Epoch[2] Validation-epss-accuracy=0.000000
2024-04-08 00:22:17,526 [INFO]  Epoch[3] Batch [0-3]	Speed: 557.52 samples/sec	cross-entropy=1.590764	epss-accuracy=0.000000
2024-04-08 00:22:17,580 [INFO]  Epoch[3] Train-cross-entropy=0.917708
2024-04-08 00:22:17,581 [INFO]  Epoch[3] Train-epss-accuracy=0.000000
2024-04-08 00:22:17,581 [INFO]  Epoch[3] Time cost=0.188
2024-04-08 00:22:17,582 [INFO]  Saved checkpoint to "./imputer_model/29_echocardiogram/imputer_model_epss/model-0003.params"
2024-04-08 00:22:17,694 [INFO]  Epoch[3] Validation-cross-entropy=4.160858
2024-04-08 00:22:17,694 [INFO]  Epoch[3] Validation-epss-accuracy=0.000000
2024-04-08 00:22:17,708 [INFO]  Epoch[4] Batch [0-3]	Speed: 12952.05 samples/sec	cross-entropy=0.757467	epss-accuracy=0.000000
2024-04-08 00:22:17,710 [INFO]  Epoch[4] Train-cross-entropy=0.762675
2024-04-08 00:22:17,710 [INFO]  Epoch[4] Train-epss-accuracy=0.000000
2024-04-08 00:22:17,710 [INFO]  Epoch[4] Time cost=0.016
2024-04-08 00:22:17,711 [INFO]  Saved checkpoint to "./imputer_model/29_echocardiogram/imputer_model_epss/model-0004.params"
2024-04-08 00:22:17,712 [INFO]  Epoch[4] Validation-cross-entropy=4.078679
2024-04-08 00:22:17,712 [INFO]  Epoch[4] Validation-epss-accuracy=0.000000
2024-04-08 00:22:17,712 [INFO]  
========== done (0.4595947265625 s) fit model
2024-04-08 00:22:23,091 [INFO]  
========== start: fit model
2024-04-08 00:22:23,091 [WARNING]  Already bound, ignoring bind()
2024-04-08 00:22:23,107 [INFO]  Epoch[0] Batch [0-3]	Speed: 13720.89 samples/sec	cross-entropy=21.177445	epss-accuracy=3.000000
2024-04-08 00:22:23,109 [INFO]  Epoch[0] Train-cross-entropy=14.596203
2024-04-08 00:22:23,109 [INFO]  Epoch[0] Train-epss-accuracy=2.000000
2024-04-08 00:22:23,109 [INFO]  Epoch[0] Time cost=0.017
2024-04-08 00:22:23,110 [INFO]  Saved checkpoint to "./imputer_model/29_echocardiogram/imputer_model_epss/model-0000.params"
2024-04-08 00:22:23,111 [INFO]  Epoch[0] Validation-cross-entropy=10.521860
2024-04-08 00:22:23,111 [INFO]  Epoch[0] Validation-epss-accuracy=0.000000
2024-04-08 00:22:23,116 [INFO]  Epoch[1] Batch [0-3]	Speed: 15090.82 samples/sec	cross-entropy=8.157236	epss-accuracy=3.000000
2024-04-08 00:22:23,121 [INFO]  Epoch[1] Train-cross-entropy=5.695690
2024-04-08 00:22:23,121 [INFO]  Epoch[1] Train-epss-accuracy=2.000000
2024-04-08 00:22:23,121 [INFO]  Epoch[1] Time cost=0.010
2024-04-08 00:22:23,123 [INFO]  Saved checkpoint to "./imputer_model/29_echocardiogram/imputer_model_epss/model-0001.params"
2024-04-08 00:22:23,128 [INFO]  Epoch[1] Validation-cross-entropy=2.531572
2024-04-08 00:22:23,128 [INFO]  Epoch[1] Validation-epss-accuracy=0.000000
2024-04-08 00:22:23,146 [INFO]  Epoch[2] Batch [0-3]	Speed: 10071.37 samples/sec	cross-entropy=2.531006	epss-accuracy=3.000000
2024-04-08 00:22:23,148 [INFO]  Epoch[2] Train-cross-entropy=1.645027
2024-04-08 00:22:23,149 [INFO]  Epoch[2] Train-epss-accuracy=2.000000
2024-04-08 00:22:23,149 [INFO]  Epoch[2] Time cost=0.021
2024-04-08 00:22:23,150 [INFO]  Saved checkpoint to "./imputer_model/29_echocardiogram/imputer_model_epss/model-0002.params"
2024-04-08 00:22:23,151 [INFO]  Epoch[2] Validation-cross-entropy=0.305821
2024-04-08 00:22:23,151 [INFO]  Epoch[2] Validation-epss-accuracy=0.000000
2024-04-08 00:22:23,157 [INFO]  Epoch[3] Batch [0-3]	Speed: 13273.11 samples/sec	cross-entropy=0.611620	epss-accuracy=3.000000
2024-04-08 00:22:23,160 [INFO]  Epoch[3] Train-cross-entropy=0.767901
2024-04-08 00:22:23,160 [INFO]  Epoch[3] Train-epss-accuracy=2.000000
2024-04-08 00:22:23,160 [INFO]  Epoch[3] Time cost=0.008
2024-04-08 00:22:23,162 [INFO]  Saved checkpoint to "./imputer_model/29_echocardiogram/imputer_model_epss/model-0003.params"
2024-04-08 00:22:23,164 [INFO]  Epoch[3] Validation-cross-entropy=0.296084
2024-04-08 00:22:23,164 [INFO]  Epoch[3] Validation-epss-accuracy=0.000000
2024-04-08 00:22:23,172 [INFO]  Epoch[4] Batch [0-3]	Speed: 7884.03 samples/sec	cross-entropy=0.657590	epss-accuracy=3.000000
2024-04-08 00:22:23,174 [INFO]  Epoch[4] Train-cross-entropy=0.997523
2024-04-08 00:22:23,174 [INFO]  Epoch[4] Train-epss-accuracy=2.000000
2024-04-08 00:22:23,174 [INFO]  Epoch[4] Time cost=0.010
2024-04-08 00:22:23,176 [INFO]  Saved checkpoint to "./imputer_model/29_echocardiogram/imputer_model_epss/model-0004.params"
2024-04-08 00:22:23,176 [INFO]  Epoch[4] Validation-cross-entropy=0.796420
2024-04-08 00:22:23,176 [INFO]  Epoch[4] Validation-epss-accuracy=0.000000
2024-04-08 00:22:23,176 [INFO]  
========== done (0.08572840690612793 s) fit model
2024-04-08 00:22:27,546 [INFO]  
========== start: fit model
2024-04-08 00:22:27,546 [WARNING]  Already bound, ignoring bind()
2024-04-08 00:22:27,550 [INFO]  Epoch[0] Batch [0-3]	Speed: 24206.64 samples/sec	cross-entropy=31.732070	epss-accuracy=3.500000
2024-04-08 00:22:27,552 [INFO]  Epoch[0] Train-cross-entropy=9.610218
2024-04-08 00:22:27,552 [INFO]  Epoch[0] Train-epss-accuracy=3.500000
2024-04-08 00:22:27,552 [INFO]  Epoch[0] Time cost=0.005
2024-04-08 00:22:27,553 [INFO]  Saved checkpoint to "./imputer_model/29_echocardiogram/imputer_model_epss/model-0000.params"
2024-04-08 00:22:27,554 [INFO]  Epoch[0] Validation-cross-entropy=18.114290
2024-04-08 00:22:27,554 [INFO]  Epoch[0] Validation-epss-accuracy=0.000000
2024-04-08 00:22:27,558 [INFO]  Epoch[1] Batch [0-3]	Speed: 16720.09 samples/sec	cross-entropy=11.570649	epss-accuracy=3.500000
2024-04-08 00:22:27,560 [INFO]  Epoch[1] Train-cross-entropy=3.483240
2024-04-08 00:22:27,560 [INFO]  Epoch[1] Train-epss-accuracy=3.500000
2024-04-08 00:22:27,560 [INFO]  Epoch[1] Time cost=0.006
2024-04-08 00:22:27,565 [INFO]  Saved checkpoint to "./imputer_model/29_echocardiogram/imputer_model_epss/model-0001.params"
2024-04-08 00:22:27,651 [INFO]  Epoch[1] Validation-cross-entropy=4.698997
2024-04-08 00:22:27,651 [INFO]  Epoch[1] Validation-epss-accuracy=0.000000
2024-04-08 00:22:27,672 [INFO]  Epoch[2] Batch [0-3]	Speed: 2525.33 samples/sec	cross-entropy=3.980298	epss-accuracy=3.500000
2024-04-08 00:22:27,675 [INFO]  Epoch[2] Train-cross-entropy=1.283184
2024-04-08 00:22:27,675 [INFO]  Epoch[2] Train-epss-accuracy=3.500000
2024-04-08 00:22:27,675 [INFO]  Epoch[2] Time cost=0.023
2024-04-08 00:22:27,676 [INFO]  Saved checkpoint to "./imputer_model/29_echocardiogram/imputer_model_epss/model-0002.params"
2024-04-08 00:22:27,680 [INFO]  Epoch[2] Validation-cross-entropy=1.031706
2024-04-08 00:22:27,680 [INFO]  Epoch[2] Validation-epss-accuracy=0.000000
2024-04-08 00:22:27,734 [INFO]  Epoch[3] Batch [0-3]	Speed: 913.53 samples/sec	cross-entropy=1.760134	epss-accuracy=3.500000
2024-04-08 00:22:27,735 [INFO]  Epoch[3] Train-cross-entropy=0.786038
2024-04-08 00:22:27,735 [INFO]  Epoch[3] Train-epss-accuracy=3.500000
2024-04-08 00:22:27,735 [INFO]  Epoch[3] Time cost=0.055
2024-04-08 00:22:27,737 [INFO]  Saved checkpoint to "./imputer_model/29_echocardiogram/imputer_model_epss/model-0003.params"
2024-04-08 00:22:27,737 [INFO]  Epoch[3] Validation-cross-entropy=0.842212
2024-04-08 00:22:27,737 [INFO]  Epoch[3] Validation-epss-accuracy=0.000000
2024-04-08 00:22:27,761 [INFO]  Epoch[4] Batch [0-3]	Speed: 2059.29 samples/sec	cross-entropy=1.227142	epss-accuracy=3.500000
2024-04-08 00:22:27,764 [INFO]  Epoch[4] Train-cross-entropy=0.586803
2024-04-08 00:22:27,764 [INFO]  Epoch[4] Train-epss-accuracy=3.500000
2024-04-08 00:22:27,764 [INFO]  Epoch[4] Time cost=0.027
2024-04-08 00:22:27,767 [INFO]  Saved checkpoint to "./imputer_model/29_echocardiogram/imputer_model_epss/model-0004.params"
2024-04-08 00:22:27,768 [INFO]  Epoch[4] Validation-cross-entropy=1.012915
2024-04-08 00:22:27,768 [INFO]  Epoch[4] Validation-epss-accuracy=0.000000
2024-04-08 00:22:27,768 [INFO]  
========== done (0.22238779067993164 s) fit model
2024-04-08 00:22:31,703 [INFO]  
========== start: fit model
2024-04-08 00:22:31,703 [WARNING]  Already bound, ignoring bind()
2024-04-08 00:22:31,810 [INFO]  Epoch[0] Batch [0-3]	Speed: 572.56 samples/sec	cross-entropy=14.358049	epss-accuracy=2.750000
2024-04-08 00:22:31,813 [INFO]  Epoch[0] Train-cross-entropy=9.278518
2024-04-08 00:22:31,813 [INFO]  Epoch[0] Train-epss-accuracy=2.500000
2024-04-08 00:22:31,813 [INFO]  Epoch[0] Time cost=0.109
2024-04-08 00:22:31,815 [INFO]  Saved checkpoint to "./imputer_model/29_echocardiogram/imputer_model_epss/model-0000.params"
2024-04-08 00:22:31,815 [INFO]  Epoch[0] Validation-cross-entropy=8.005127
2024-04-08 00:22:31,815 [INFO]  Epoch[0] Validation-epss-accuracy=0.000000
2024-04-08 00:22:31,818 [INFO]  Epoch[1] Batch [0-3]	Speed: 20278.67 samples/sec	cross-entropy=5.639938	epss-accuracy=2.750000
2024-04-08 00:22:31,820 [INFO]  Epoch[1] Train-cross-entropy=2.155417
2024-04-08 00:22:31,820 [INFO]  Epoch[1] Train-epss-accuracy=2.500000
2024-04-08 00:22:31,820 [INFO]  Epoch[1] Time cost=0.005
2024-04-08 00:22:31,821 [INFO]  Saved checkpoint to "./imputer_model/29_echocardiogram/imputer_model_epss/model-0001.params"
2024-04-08 00:22:31,823 [INFO]  Epoch[1] Validation-cross-entropy=1.940389
2024-04-08 00:22:31,823 [INFO]  Epoch[1] Validation-epss-accuracy=0.000000
2024-04-08 00:22:31,826 [INFO]  Epoch[2] Batch [0-3]	Speed: 18966.24 samples/sec	cross-entropy=2.507216	epss-accuracy=2.750000
2024-04-08 00:22:31,828 [INFO]  Epoch[2] Train-cross-entropy=1.035262
2024-04-08 00:22:31,828 [INFO]  Epoch[2] Train-epss-accuracy=2.500000
2024-04-08 00:22:31,828 [INFO]  Epoch[2] Time cost=0.006
2024-04-08 00:22:31,830 [INFO]  Saved checkpoint to "./imputer_model/29_echocardiogram/imputer_model_epss/model-0002.params"
2024-04-08 00:22:31,831 [INFO]  Epoch[2] Validation-cross-entropy=0.455307
2024-04-08 00:22:31,831 [INFO]  Epoch[2] Validation-epss-accuracy=0.000000
2024-04-08 00:22:31,835 [INFO]  Epoch[3] Batch [0-3]	Speed: 20114.56 samples/sec	cross-entropy=0.928972	epss-accuracy=2.750000
2024-04-08 00:22:31,836 [INFO]  Epoch[3] Train-cross-entropy=1.106762
2024-04-08 00:22:31,837 [INFO]  Epoch[3] Train-epss-accuracy=2.500000
2024-04-08 00:22:31,837 [INFO]  Epoch[3] Time cost=0.006
2024-04-08 00:22:31,838 [INFO]  Saved checkpoint to "./imputer_model/29_echocardiogram/imputer_model_epss/model-0003.params"
2024-04-08 00:22:31,839 [INFO]  Epoch[3] Validation-cross-entropy=0.248465
2024-04-08 00:22:31,839 [INFO]  Epoch[3] Validation-epss-accuracy=0.000000
2024-04-08 00:22:31,844 [INFO]  Epoch[4] Batch [0-3]	Speed: 14299.78 samples/sec	cross-entropy=0.537989	epss-accuracy=2.750000
2024-04-08 00:22:31,846 [INFO]  Epoch[4] Train-cross-entropy=0.792920
2024-04-08 00:22:31,846 [INFO]  Epoch[4] Train-epss-accuracy=2.500000
2024-04-08 00:22:31,846 [INFO]  Epoch[4] Time cost=0.007
2024-04-08 00:22:31,848 [INFO]  Saved checkpoint to "./imputer_model/29_echocardiogram/imputer_model_epss/model-0004.params"
2024-04-08 00:22:31,849 [INFO]  Epoch[4] Validation-cross-entropy=0.555265
2024-04-08 00:22:31,849 [INFO]  Epoch[4] Validation-epss-accuracy=0.000000
2024-04-08 00:22:31,849 [INFO]  
========== done (0.14551091194152832 s) fit model
2024-04-08 00:22:36,381 [INFO]  
========== start: fit model
2024-04-08 00:22:36,381 [WARNING]  Already bound, ignoring bind()
2024-04-08 00:22:36,398 [INFO]  Epoch[0] Batch [0-3]	Speed: 25096.81 samples/sec	cross-entropy=17.487148	epss-accuracy=0.000000
2024-04-08 00:22:36,400 [INFO]  Epoch[0] Train-cross-entropy=10.035428
2024-04-08 00:22:36,400 [INFO]  Epoch[0] Train-epss-accuracy=0.000000
2024-04-08 00:22:36,400 [INFO]  Epoch[0] Time cost=0.018
2024-04-08 00:22:36,401 [INFO]  Saved checkpoint to "./imputer_model/29_echocardiogram/imputer_model_epss/model-0000.params"
2024-04-08 00:22:36,402 [INFO]  Epoch[0] Validation-cross-entropy=8.434880
2024-04-08 00:22:36,402 [INFO]  Epoch[0] Validation-epss-accuracy=0.000000
2024-04-08 00:22:36,421 [INFO]  Epoch[1] Batch [0-3]	Speed: 2622.33 samples/sec	cross-entropy=7.313487	epss-accuracy=0.000000
2024-04-08 00:22:36,422 [INFO]  Epoch[1] Train-cross-entropy=4.295508
2024-04-08 00:22:36,422 [INFO]  Epoch[1] Train-epss-accuracy=0.000000
2024-04-08 00:22:36,422 [INFO]  Epoch[1] Time cost=0.020
2024-04-08 00:22:36,424 [INFO]  Saved checkpoint to "./imputer_model/29_echocardiogram/imputer_model_epss/model-0001.params"
2024-04-08 00:22:36,424 [INFO]  Epoch[1] Validation-cross-entropy=1.415658
2024-04-08 00:22:36,425 [INFO]  Epoch[1] Validation-epss-accuracy=0.000000
2024-04-08 00:22:36,427 [INFO]  Epoch[2] Batch [0-3]	Speed: 28082.94 samples/sec	cross-entropy=3.111183	epss-accuracy=0.000000
2024-04-08 00:22:36,428 [INFO]  Epoch[2] Train-cross-entropy=1.546923
2024-04-08 00:22:36,428 [INFO]  Epoch[2] Train-epss-accuracy=0.000000
2024-04-08 00:22:36,428 [INFO]  Epoch[2] Time cost=0.004
2024-04-08 00:22:36,430 [INFO]  Saved checkpoint to "./imputer_model/29_echocardiogram/imputer_model_epss/model-0002.params"
2024-04-08 00:22:36,430 [INFO]  Epoch[2] Validation-cross-entropy=0.350522
2024-04-08 00:22:36,430 [INFO]  Epoch[2] Validation-epss-accuracy=0.000000
2024-04-08 00:22:36,433 [INFO]  Epoch[3] Batch [0-3]	Speed: 27268.94 samples/sec	cross-entropy=0.930626	epss-accuracy=0.000000
2024-04-08 00:22:36,464 [INFO]  Epoch[3] Train-cross-entropy=0.601145
2024-04-08 00:22:36,464 [INFO]  Epoch[3] Train-epss-accuracy=0.000000
2024-04-08 00:22:36,464 [INFO]  Epoch[3] Time cost=0.034
2024-04-08 00:22:36,465 [INFO]  Saved checkpoint to "./imputer_model/29_echocardiogram/imputer_model_epss/model-0003.params"
2024-04-08 00:22:36,466 [INFO]  Epoch[3] Validation-cross-entropy=0.582271
2024-04-08 00:22:36,466 [INFO]  Epoch[3] Validation-epss-accuracy=0.000000
2024-04-08 00:22:36,473 [INFO]  Epoch[4] Batch [0-3]	Speed: 8215.06 samples/sec	cross-entropy=0.376291	epss-accuracy=0.000000
2024-04-08 00:22:36,474 [INFO]  Epoch[4] Train-cross-entropy=0.647451
2024-04-08 00:22:36,474 [INFO]  Epoch[4] Train-epss-accuracy=0.000000
2024-04-08 00:22:36,474 [INFO]  Epoch[4] Time cost=0.008
2024-04-08 00:22:36,476 [INFO]  Saved checkpoint to "./imputer_model/29_echocardiogram/imputer_model_epss/model-0004.params"
2024-04-08 00:22:36,477 [INFO]  Epoch[4] Validation-cross-entropy=0.649382
2024-04-08 00:22:36,477 [INFO]  Epoch[4] Validation-epss-accuracy=0.000000
2024-04-08 00:22:36,477 [INFO]  
========== done (0.09596371650695801 s) fit model
2024-04-08 00:22:40,594 [INFO]  
========== start: fit model
2024-04-08 00:22:40,594 [WARNING]  Already bound, ignoring bind()
2024-04-08 00:22:40,602 [INFO]  Epoch[0] Batch [0-3]	Speed: 20323.70 samples/sec	cross-entropy=15.547079	epss-accuracy=0.000000
2024-04-08 00:22:40,604 [INFO]  Epoch[0] Train-cross-entropy=11.846531
2024-04-08 00:22:40,604 [INFO]  Epoch[0] Train-epss-accuracy=0.000000
2024-04-08 00:22:40,604 [INFO]  Epoch[0] Time cost=0.009
2024-04-08 00:22:40,605 [INFO]  Saved checkpoint to "./imputer_model/29_echocardiogram/imputer_model_epss/model-0000.params"
2024-04-08 00:22:40,608 [INFO]  Epoch[0] Validation-cross-entropy=19.419006
2024-04-08 00:22:40,608 [INFO]  Epoch[0] Validation-epss-accuracy=0.000000
2024-04-08 00:22:40,613 [INFO]  Epoch[1] Batch [0-3]	Speed: 13390.53 samples/sec	cross-entropy=5.618462	epss-accuracy=0.000000
2024-04-08 00:22:40,616 [INFO]  Epoch[1] Train-cross-entropy=4.422499
2024-04-08 00:22:40,616 [INFO]  Epoch[1] Train-epss-accuracy=0.000000
2024-04-08 00:22:40,616 [INFO]  Epoch[1] Time cost=0.008
2024-04-08 00:22:40,618 [INFO]  Saved checkpoint to "./imputer_model/29_echocardiogram/imputer_model_epss/model-0001.params"
2024-04-08 00:22:40,623 [INFO]  Epoch[1] Validation-cross-entropy=6.951827
2024-04-08 00:22:40,623 [INFO]  Epoch[1] Validation-epss-accuracy=0.000000
2024-04-08 00:22:40,675 [INFO]  Epoch[2] Batch [0-3]	Speed: 1479.32 samples/sec	cross-entropy=1.953106	epss-accuracy=0.000000
2024-04-08 00:22:40,676 [INFO]  Epoch[2] Train-cross-entropy=0.847487
2024-04-08 00:22:40,677 [INFO]  Epoch[2] Train-epss-accuracy=0.000000
2024-04-08 00:22:40,677 [INFO]  Epoch[2] Time cost=0.053
2024-04-08 00:22:40,678 [INFO]  Saved checkpoint to "./imputer_model/29_echocardiogram/imputer_model_epss/model-0002.params"
2024-04-08 00:22:40,679 [INFO]  Epoch[2] Validation-cross-entropy=1.458887
2024-04-08 00:22:40,679 [INFO]  Epoch[2] Validation-epss-accuracy=0.000000
2024-04-08 00:22:40,682 [INFO]  Epoch[3] Batch [0-3]	Speed: 20445.47 samples/sec	cross-entropy=0.532570	epss-accuracy=0.000000
2024-04-08 00:22:40,684 [INFO]  Epoch[3] Train-cross-entropy=0.382243
2024-04-08 00:22:40,684 [INFO]  Epoch[3] Train-epss-accuracy=0.000000
2024-04-08 00:22:40,684 [INFO]  Epoch[3] Time cost=0.005
2024-04-08 00:22:40,686 [INFO]  Saved checkpoint to "./imputer_model/29_echocardiogram/imputer_model_epss/model-0003.params"
2024-04-08 00:22:40,686 [INFO]  Epoch[3] Validation-cross-entropy=0.371000
2024-04-08 00:22:40,687 [INFO]  Epoch[3] Validation-epss-accuracy=0.000000
2024-04-08 00:22:40,690 [INFO]  Epoch[4] Batch [0-3]	Speed: 21198.97 samples/sec	cross-entropy=0.574991	epss-accuracy=0.000000
2024-04-08 00:22:40,713 [INFO]  Epoch[4] Train-cross-entropy=0.726805
2024-04-08 00:22:40,713 [INFO]  Epoch[4] Train-epss-accuracy=0.000000
2024-04-08 00:22:40,713 [INFO]  Epoch[4] Time cost=0.026
2024-04-08 00:22:40,714 [INFO]  Saved checkpoint to "./imputer_model/29_echocardiogram/imputer_model_epss/model-0004.params"
2024-04-08 00:22:40,715 [INFO]  Epoch[4] Validation-cross-entropy=0.413469
2024-04-08 00:22:40,715 [INFO]  Epoch[4] Validation-epss-accuracy=0.000000
2024-04-08 00:22:40,715 [INFO]  
========== done (0.12150835990905762 s) fit model
2024-04-08 00:22:45,413 [INFO]  
========== start: fit model
2024-04-08 00:22:45,413 [WARNING]  Already bound, ignoring bind()
2024-04-08 00:22:45,807 [INFO]  Epoch[0] Batch [0-3]	Speed: 493.55 samples/sec	cross-entropy=15.602441	epss-accuracy=3.000000
2024-04-08 00:22:45,809 [INFO]  Epoch[0] Train-cross-entropy=13.012158
2024-04-08 00:22:45,809 [INFO]  Epoch[0] Train-epss-accuracy=2.000000
2024-04-08 00:22:45,809 [INFO]  Epoch[0] Time cost=0.395
2024-04-08 00:22:45,811 [INFO]  Saved checkpoint to "./imputer_model/29_echocardiogram/imputer_model_epss/model-0000.params"
2024-04-08 00:22:45,812 [INFO]  Epoch[0] Validation-cross-entropy=2.336894
2024-04-08 00:22:45,812 [INFO]  Epoch[0] Validation-epss-accuracy=0.000000
2024-04-08 00:22:45,815 [INFO]  Epoch[1] Batch [0-3]	Speed: 22593.04 samples/sec	cross-entropy=5.469001	epss-accuracy=3.000000
2024-04-08 00:22:45,817 [INFO]  Epoch[1] Train-cross-entropy=5.737948
2024-04-08 00:22:45,817 [INFO]  Epoch[1] Train-epss-accuracy=2.000000
2024-04-08 00:22:45,817 [INFO]  Epoch[1] Time cost=0.005
2024-04-08 00:22:45,819 [INFO]  Saved checkpoint to "./imputer_model/29_echocardiogram/imputer_model_epss/model-0001.params"
2024-04-08 00:22:45,820 [INFO]  Epoch[1] Validation-cross-entropy=1.744059
2024-04-08 00:22:45,820 [INFO]  Epoch[1] Validation-epss-accuracy=0.000000
2024-04-08 00:22:45,823 [INFO]  Epoch[2] Batch [0-3]	Speed: 25295.46 samples/sec	cross-entropy=2.191037	epss-accuracy=3.000000
2024-04-08 00:22:45,824 [INFO]  Epoch[2] Train-cross-entropy=2.691484
2024-04-08 00:22:45,825 [INFO]  Epoch[2] Train-epss-accuracy=2.000000
2024-04-08 00:22:45,825 [INFO]  Epoch[2] Time cost=0.004
2024-04-08 00:22:45,826 [INFO]  Saved checkpoint to "./imputer_model/29_echocardiogram/imputer_model_epss/model-0002.params"
2024-04-08 00:22:45,827 [INFO]  Epoch[2] Validation-cross-entropy=0.442181
2024-04-08 00:22:45,827 [INFO]  Epoch[2] Validation-epss-accuracy=0.000000
2024-04-08 00:22:45,834 [INFO]  Epoch[3] Batch [0-3]	Speed: 15473.57 samples/sec	cross-entropy=0.958524	epss-accuracy=3.000000
2024-04-08 00:22:46,083 [INFO]  Epoch[3] Train-cross-entropy=0.999619
2024-04-08 00:22:46,083 [INFO]  Epoch[3] Train-epss-accuracy=2.000000
2024-04-08 00:22:46,083 [INFO]  Epoch[3] Time cost=0.257
2024-04-08 00:22:46,087 [INFO]  Saved checkpoint to "./imputer_model/29_echocardiogram/imputer_model_epss/model-0003.params"
2024-04-08 00:22:46,098 [INFO]  Epoch[3] Validation-cross-entropy=0.305114
2024-04-08 00:22:46,098 [INFO]  Epoch[3] Validation-epss-accuracy=0.000000
2024-04-08 00:22:46,103 [INFO]  Epoch[4] Batch [0-3]	Speed: 14837.25 samples/sec	cross-entropy=1.001388	epss-accuracy=3.000000
2024-04-08 00:22:46,121 [INFO]  Epoch[4] Train-cross-entropy=0.805100
2024-04-08 00:22:46,121 [INFO]  Epoch[4] Train-epss-accuracy=2.000000
2024-04-08 00:22:46,122 [INFO]  Epoch[4] Time cost=0.024
2024-04-08 00:22:46,123 [INFO]  Saved checkpoint to "./imputer_model/29_echocardiogram/imputer_model_epss/model-0004.params"
2024-04-08 00:22:46,124 [INFO]  Epoch[4] Validation-cross-entropy=0.660777
2024-04-08 00:22:46,124 [INFO]  Epoch[4] Validation-epss-accuracy=0.000000
2024-04-08 00:22:46,124 [INFO]  
========== done (0.7106931209564209 s) fit model
2024-04-08 00:22:50,987 [INFO]  
========== start: fit model
2024-04-08 00:22:50,987 [WARNING]  Already bound, ignoring bind()
2024-04-08 00:22:51,027 [INFO]  Epoch[0] Batch [0-3]	Speed: 23035.08 samples/sec	cross-entropy=11.213032	epss-accuracy=2.000000
2024-04-08 00:22:51,029 [INFO]  Epoch[0] Train-cross-entropy=1.239325
2024-04-08 00:22:51,029 [INFO]  Epoch[0] Train-epss-accuracy=5.000000
2024-04-08 00:22:51,029 [INFO]  Epoch[0] Time cost=0.040
2024-04-08 00:22:51,033 [INFO]  Saved checkpoint to "./imputer_model/29_echocardiogram/imputer_model_epss/model-0000.params"
2024-04-08 00:22:51,145 [INFO]  Epoch[0] Validation-cross-entropy=1.949996
2024-04-08 00:22:51,145 [INFO]  Epoch[0] Validation-epss-accuracy=0.000000
2024-04-08 00:22:51,311 [INFO]  Epoch[1] Batch [0-3]	Speed: 3695.08 samples/sec	cross-entropy=2.879404	epss-accuracy=2.000000
2024-04-08 00:22:51,315 [INFO]  Epoch[1] Train-cross-entropy=0.878628
2024-04-08 00:22:51,315 [INFO]  Epoch[1] Train-epss-accuracy=5.000000
2024-04-08 00:22:51,315 [INFO]  Epoch[1] Time cost=0.170
2024-04-08 00:22:51,317 [INFO]  Saved checkpoint to "./imputer_model/29_echocardiogram/imputer_model_epss/model-0001.params"
2024-04-08 00:22:51,326 [INFO]  Epoch[1] Validation-cross-entropy=0.504549
2024-04-08 00:22:51,326 [INFO]  Epoch[1] Validation-epss-accuracy=0.000000
2024-04-08 00:22:51,331 [INFO]  Epoch[2] Batch [0-3]	Speed: 15527.27 samples/sec	cross-entropy=0.806983	epss-accuracy=2.000000
2024-04-08 00:22:51,333 [INFO]  Epoch[2] Train-cross-entropy=0.741957
2024-04-08 00:22:51,333 [INFO]  Epoch[2] Train-epss-accuracy=5.000000
2024-04-08 00:22:51,333 [INFO]  Epoch[2] Time cost=0.007
2024-04-08 00:22:51,335 [INFO]  Saved checkpoint to "./imputer_model/29_echocardiogram/imputer_model_epss/model-0002.params"
2024-04-08 00:22:51,336 [INFO]  Epoch[2] Validation-cross-entropy=0.766490
2024-04-08 00:22:51,336 [INFO]  Epoch[2] Validation-epss-accuracy=0.000000
2024-04-08 00:22:51,341 [INFO]  Epoch[3] Batch [0-3]	Speed: 15336.83 samples/sec	cross-entropy=0.755667	epss-accuracy=2.000000
2024-04-08 00:22:51,343 [INFO]  Epoch[3] Train-cross-entropy=0.460196
2024-04-08 00:22:51,343 [INFO]  Epoch[3] Train-epss-accuracy=5.000000
2024-04-08 00:22:51,343 [INFO]  Epoch[3] Time cost=0.007
2024-04-08 00:22:51,345 [INFO]  Saved checkpoint to "./imputer_model/29_echocardiogram/imputer_model_epss/model-0003.params"
2024-04-08 00:22:51,346 [INFO]  Epoch[3] Validation-cross-entropy=0.698959
2024-04-08 00:22:51,346 [INFO]  Epoch[3] Validation-epss-accuracy=0.000000
2024-04-08 00:22:51,350 [INFO]  Epoch[4] Batch [0-3]	Speed: 15689.42 samples/sec	cross-entropy=0.599426	epss-accuracy=2.000000
2024-04-08 00:22:51,353 [INFO]  Epoch[4] Train-cross-entropy=0.301826
2024-04-08 00:22:51,353 [INFO]  Epoch[4] Train-epss-accuracy=5.000000
2024-04-08 00:22:51,353 [INFO]  Epoch[4] Time cost=0.007
2024-04-08 00:22:51,355 [INFO]  Saved checkpoint to "./imputer_model/29_echocardiogram/imputer_model_epss/model-0004.params"
2024-04-08 00:22:51,357 [INFO]  Epoch[4] Validation-cross-entropy=0.426503
2024-04-08 00:22:51,357 [INFO]  Epoch[4] Validation-epss-accuracy=0.000000
2024-04-08 00:22:51,358 [INFO]  
========== done (0.3704380989074707 s) fit model
2024-04-08 00:22:55,843 [INFO]  
========== start: fit model
2024-04-08 00:22:55,843 [WARNING]  Already bound, ignoring bind()
2024-04-08 00:22:55,861 [INFO]  Epoch[0] Batch [0-3]	Speed: 8915.36 samples/sec	cross-entropy=19.685068	epss-accuracy=0.000000
2024-04-08 00:22:55,863 [INFO]  Epoch[0] Train-cross-entropy=13.277514
2024-04-08 00:22:55,863 [INFO]  Epoch[0] Train-epss-accuracy=0.000000
2024-04-08 00:22:55,863 [INFO]  Epoch[0] Time cost=0.019
2024-04-08 00:22:55,867 [INFO]  Saved checkpoint to "./imputer_model/29_echocardiogram/imputer_model_epss/model-0000.params"
2024-04-08 00:22:55,878 [INFO]  Epoch[0] Validation-cross-entropy=4.813234
2024-04-08 00:22:55,878 [INFO]  Epoch[0] Validation-epss-accuracy=0.000000
2024-04-08 00:22:55,881 [INFO]  Epoch[1] Batch [0-3]	Speed: 22307.66 samples/sec	cross-entropy=7.995310	epss-accuracy=0.000000
2024-04-08 00:22:55,883 [INFO]  Epoch[1] Train-cross-entropy=4.658093
2024-04-08 00:22:55,883 [INFO]  Epoch[1] Train-epss-accuracy=0.000000
2024-04-08 00:22:55,883 [INFO]  Epoch[1] Time cost=0.005
2024-04-08 00:22:55,884 [INFO]  Saved checkpoint to "./imputer_model/29_echocardiogram/imputer_model_epss/model-0001.params"
2024-04-08 00:22:56,003 [INFO]  Epoch[1] Validation-cross-entropy=3.165204
2024-04-08 00:22:56,003 [INFO]  Epoch[1] Validation-epss-accuracy=0.000000
2024-04-08 00:22:56,087 [INFO]  Epoch[2] Batch [0-3]	Speed: 16695.13 samples/sec	cross-entropy=3.089898	epss-accuracy=0.000000
2024-04-08 00:22:56,102 [INFO]  Epoch[2] Train-cross-entropy=1.430184
2024-04-08 00:22:56,102 [INFO]  Epoch[2] Train-epss-accuracy=0.000000
2024-04-08 00:22:56,102 [INFO]  Epoch[2] Time cost=0.099
2024-04-08 00:22:56,103 [INFO]  Saved checkpoint to "./imputer_model/29_echocardiogram/imputer_model_epss/model-0002.params"
2024-04-08 00:22:56,104 [INFO]  Epoch[2] Validation-cross-entropy=2.070606
2024-04-08 00:22:56,104 [INFO]  Epoch[2] Validation-epss-accuracy=0.000000
2024-04-08 00:22:56,109 [INFO]  Epoch[3] Batch [0-3]	Speed: 14398.98 samples/sec	cross-entropy=1.354651	epss-accuracy=0.000000
2024-04-08 00:22:56,111 [INFO]  Epoch[3] Train-cross-entropy=0.707578
2024-04-08 00:22:56,111 [INFO]  Epoch[3] Train-epss-accuracy=0.000000
2024-04-08 00:22:56,111 [INFO]  Epoch[3] Time cost=0.007
2024-04-08 00:22:56,113 [INFO]  Saved checkpoint to "./imputer_model/29_echocardiogram/imputer_model_epss/model-0003.params"
2024-04-08 00:22:56,113 [INFO]  Epoch[3] Validation-cross-entropy=0.744523
2024-04-08 00:22:56,114 [INFO]  Epoch[3] Validation-epss-accuracy=0.000000
2024-04-08 00:22:56,119 [INFO]  Epoch[4] Batch [0-3]	Speed: 12689.18 samples/sec	cross-entropy=0.832367	epss-accuracy=0.000000
2024-04-08 00:22:56,121 [INFO]  Epoch[4] Train-cross-entropy=0.676335
2024-04-08 00:22:56,121 [INFO]  Epoch[4] Train-epss-accuracy=0.000000
2024-04-08 00:22:56,121 [INFO]  Epoch[4] Time cost=0.007
2024-04-08 00:22:56,123 [INFO]  Saved checkpoint to "./imputer_model/29_echocardiogram/imputer_model_epss/model-0004.params"
2024-04-08 00:22:56,123 [INFO]  Epoch[4] Validation-cross-entropy=0.369231
2024-04-08 00:22:56,123 [INFO]  Epoch[4] Validation-epss-accuracy=0.000000
2024-04-08 00:22:56,123 [INFO]  
========== done (0.2807495594024658 s) fit model
2024-04-08 00:23:00,838 [INFO]  
========== start: fit model
2024-04-08 00:23:00,838 [WARNING]  Already bound, ignoring bind()
2024-04-08 00:23:00,842 [INFO]  Epoch[0] Batch [0-3]	Speed: 28204.90 samples/sec	cross-entropy=21.830120	epss-accuracy=3.500000
2024-04-08 00:23:00,843 [INFO]  Epoch[0] Train-cross-entropy=11.158958
2024-04-08 00:23:00,843 [INFO]  Epoch[0] Train-epss-accuracy=2.000000
2024-04-08 00:23:00,844 [INFO]  Epoch[0] Time cost=0.004
2024-04-08 00:23:00,845 [INFO]  Saved checkpoint to "./imputer_model/29_echocardiogram/imputer_model_epss/model-0000.params"
2024-04-08 00:23:00,845 [INFO]  Epoch[0] Validation-cross-entropy=13.446699
2024-04-08 00:23:00,845 [INFO]  Epoch[0] Validation-epss-accuracy=0.000000
2024-04-08 00:23:00,848 [INFO]  Epoch[1] Batch [0-3]	Speed: 24376.63 samples/sec	cross-entropy=11.227334	epss-accuracy=3.500000
2024-04-08 00:23:00,849 [INFO]  Epoch[1] Train-cross-entropy=4.826258
2024-04-08 00:23:00,849 [INFO]  Epoch[1] Train-epss-accuracy=2.000000
2024-04-08 00:23:00,849 [INFO]  Epoch[1] Time cost=0.004
2024-04-08 00:23:00,851 [INFO]  Saved checkpoint to "./imputer_model/29_echocardiogram/imputer_model_epss/model-0001.params"
2024-04-08 00:23:00,852 [INFO]  Epoch[1] Validation-cross-entropy=19.814205
2024-04-08 00:23:00,852 [INFO]  Epoch[1] Validation-epss-accuracy=0.000000
2024-04-08 00:23:00,856 [INFO]  Epoch[2] Batch [0-3]	Speed: 18927.01 samples/sec	cross-entropy=5.875550	epss-accuracy=3.500000
2024-04-08 00:23:00,857 [INFO]  Epoch[2] Train-cross-entropy=2.011501
2024-04-08 00:23:00,857 [INFO]  Epoch[2] Train-epss-accuracy=2.000000
2024-04-08 00:23:00,857 [INFO]  Epoch[2] Time cost=0.005
2024-04-08 00:23:00,859 [INFO]  Saved checkpoint to "./imputer_model/29_echocardiogram/imputer_model_epss/model-0002.params"
2024-04-08 00:23:00,860 [INFO]  Epoch[2] Validation-cross-entropy=10.500797
2024-04-08 00:23:00,860 [INFO]  Epoch[2] Validation-epss-accuracy=0.000000
2024-04-08 00:23:00,863 [INFO]  Epoch[3] Batch [0-3]	Speed: 26334.41 samples/sec	cross-entropy=2.603610	epss-accuracy=3.500000
2024-04-08 00:23:00,864 [INFO]  Epoch[3] Train-cross-entropy=1.172203
2024-04-08 00:23:00,864 [INFO]  Epoch[3] Train-epss-accuracy=2.000000
2024-04-08 00:23:00,864 [INFO]  Epoch[3] Time cost=0.004
2024-04-08 00:23:00,866 [INFO]  Saved checkpoint to "./imputer_model/29_echocardiogram/imputer_model_epss/model-0003.params"
2024-04-08 00:23:00,866 [INFO]  Epoch[3] Validation-cross-entropy=3.459824
2024-04-08 00:23:00,866 [INFO]  Epoch[3] Validation-epss-accuracy=0.000000
2024-04-08 00:23:00,870 [INFO]  Epoch[4] Batch [0-3]	Speed: 19514.06 samples/sec	cross-entropy=1.399451	epss-accuracy=3.500000
2024-04-08 00:23:00,871 [INFO]  Epoch[4] Train-cross-entropy=0.891099
2024-04-08 00:23:00,871 [INFO]  Epoch[4] Train-epss-accuracy=2.000000
2024-04-08 00:23:00,871 [INFO]  Epoch[4] Time cost=0.005
2024-04-08 00:23:00,873 [INFO]  Saved checkpoint to "./imputer_model/29_echocardiogram/imputer_model_epss/model-0004.params"
2024-04-08 00:23:00,874 [INFO]  Epoch[4] Validation-cross-entropy=1.833980
2024-04-08 00:23:00,874 [INFO]  Epoch[4] Validation-epss-accuracy=0.000000
2024-04-08 00:23:00,874 [INFO]  
========== done (0.036057233810424805 s) fit model
2024-04-08 00:23:04,443 [INFO]  
========== start: fit model
2024-04-08 00:23:04,443 [WARNING]  Already bound, ignoring bind()
2024-04-08 00:23:04,458 [INFO]  Epoch[0] Batch [0-3]	Speed: 14236.08 samples/sec	cross-entropy=25.152065	epss-accuracy=2.750000
2024-04-08 00:23:04,461 [INFO]  Epoch[0] Train-cross-entropy=11.919455
2024-04-08 00:23:04,461 [INFO]  Epoch[0] Train-epss-accuracy=2.000000
2024-04-08 00:23:04,461 [INFO]  Epoch[0] Time cost=0.017
2024-04-08 00:23:04,462 [INFO]  Saved checkpoint to "./imputer_model/29_echocardiogram/imputer_model_epss/model-0000.params"
2024-04-08 00:23:04,463 [INFO]  Epoch[0] Validation-cross-entropy=14.615072
2024-04-08 00:23:04,463 [INFO]  Epoch[0] Validation-epss-accuracy=0.000000
2024-04-08 00:23:04,466 [INFO]  Epoch[1] Batch [0-3]	Speed: 21141.09 samples/sec	cross-entropy=11.683337	epss-accuracy=2.750000
2024-04-08 00:23:04,468 [INFO]  Epoch[1] Train-cross-entropy=4.090432
2024-04-08 00:23:04,468 [INFO]  Epoch[1] Train-epss-accuracy=2.000000
2024-04-08 00:23:04,468 [INFO]  Epoch[1] Time cost=0.005
2024-04-08 00:23:04,469 [INFO]  Saved checkpoint to "./imputer_model/29_echocardiogram/imputer_model_epss/model-0001.params"
2024-04-08 00:23:04,470 [INFO]  Epoch[1] Validation-cross-entropy=5.481174
2024-04-08 00:23:04,470 [INFO]  Epoch[1] Validation-epss-accuracy=0.000000
2024-04-08 00:23:04,532 [INFO]  Epoch[2] Batch [0-3]	Speed: 800.11 samples/sec	cross-entropy=5.275249	epss-accuracy=2.750000
2024-04-08 00:23:04,580 [INFO]  Epoch[2] Train-cross-entropy=1.856750
2024-04-08 00:23:04,580 [INFO]  Epoch[2] Train-epss-accuracy=2.000000
2024-04-08 00:23:04,580 [INFO]  Epoch[2] Time cost=0.110
2024-04-08 00:23:04,582 [INFO]  Saved checkpoint to "./imputer_model/29_echocardiogram/imputer_model_epss/model-0002.params"
2024-04-08 00:23:04,583 [INFO]  Epoch[2] Validation-cross-entropy=1.682315
2024-04-08 00:23:04,583 [INFO]  Epoch[2] Validation-epss-accuracy=0.000000
2024-04-08 00:23:04,613 [INFO]  Epoch[3] Batch [0-3]	Speed: 1729.06 samples/sec	cross-entropy=2.223413	epss-accuracy=2.750000
2024-04-08 00:23:04,640 [INFO]  Epoch[3] Train-cross-entropy=1.341169
2024-04-08 00:23:04,640 [INFO]  Epoch[3] Train-epss-accuracy=2.000000
2024-04-08 00:23:04,640 [INFO]  Epoch[3] Time cost=0.057
2024-04-08 00:23:04,643 [INFO]  Saved checkpoint to "./imputer_model/29_echocardiogram/imputer_model_epss/model-0003.params"
2024-04-08 00:23:04,643 [INFO]  Epoch[3] Validation-cross-entropy=0.677574
2024-04-08 00:23:04,643 [INFO]  Epoch[3] Validation-epss-accuracy=0.000000
2024-04-08 00:23:04,650 [INFO]  Epoch[4] Batch [0-3]	Speed: 8609.96 samples/sec	cross-entropy=0.923350	epss-accuracy=2.750000
2024-04-08 00:23:04,652 [INFO]  Epoch[4] Train-cross-entropy=1.099661
2024-04-08 00:23:04,652 [INFO]  Epoch[4] Train-epss-accuracy=2.000000
2024-04-08 00:23:04,652 [INFO]  Epoch[4] Time cost=0.009
2024-04-08 00:23:04,654 [INFO]  Saved checkpoint to "./imputer_model/29_echocardiogram/imputer_model_epss/model-0004.params"
2024-04-08 00:23:04,655 [INFO]  Epoch[4] Validation-cross-entropy=0.430040
2024-04-08 00:23:04,655 [INFO]  Epoch[4] Validation-epss-accuracy=0.000000
2024-04-08 00:23:04,655 [INFO]  
========== done (0.21204233169555664 s) fit model
2024-04-08 00:23:08,086 [INFO]  
========== start: fit model
2024-04-08 00:23:08,086 [WARNING]  Already bound, ignoring bind()
2024-04-08 00:23:08,140 [INFO]  Epoch[0] Batch [0-3]	Speed: 1250.90 samples/sec	cross-entropy=13.724012	epss-accuracy=2.500000
2024-04-08 00:23:08,143 [INFO]  Epoch[0] Train-cross-entropy=11.164426
2024-04-08 00:23:08,143 [INFO]  Epoch[0] Train-epss-accuracy=3.000000
2024-04-08 00:23:08,143 [INFO]  Epoch[0] Time cost=0.056
2024-04-08 00:23:08,145 [INFO]  Saved checkpoint to "./imputer_model/29_echocardiogram/imputer_model_epss/model-0000.params"
2024-04-08 00:23:08,146 [INFO]  Epoch[0] Validation-cross-entropy=25.249681
2024-04-08 00:23:08,146 [INFO]  Epoch[0] Validation-epss-accuracy=0.000000
2024-04-08 00:23:08,151 [INFO]  Epoch[1] Batch [0-3]	Speed: 13233.85 samples/sec	cross-entropy=5.446455	epss-accuracy=2.500000
2024-04-08 00:23:08,153 [INFO]  Epoch[1] Train-cross-entropy=3.779531
2024-04-08 00:23:08,153 [INFO]  Epoch[1] Train-epss-accuracy=3.000000
2024-04-08 00:23:08,153 [INFO]  Epoch[1] Time cost=0.007
2024-04-08 00:23:08,155 [INFO]  Saved checkpoint to "./imputer_model/29_echocardiogram/imputer_model_epss/model-0001.params"
2024-04-08 00:23:08,156 [INFO]  Epoch[1] Validation-cross-entropy=10.861783
2024-04-08 00:23:08,156 [INFO]  Epoch[1] Validation-epss-accuracy=0.000000
2024-04-08 00:23:08,161 [INFO]  Epoch[2] Batch [0-3]	Speed: 15409.61 samples/sec	cross-entropy=2.106957	epss-accuracy=2.500000
2024-04-08 00:23:08,163 [INFO]  Epoch[2] Train-cross-entropy=1.295538
2024-04-08 00:23:08,163 [INFO]  Epoch[2] Train-epss-accuracy=3.000000
2024-04-08 00:23:08,163 [INFO]  Epoch[2] Time cost=0.007
2024-04-08 00:23:08,165 [INFO]  Saved checkpoint to "./imputer_model/29_echocardiogram/imputer_model_epss/model-0002.params"
2024-04-08 00:23:08,166 [INFO]  Epoch[2] Validation-cross-entropy=3.639666
2024-04-08 00:23:08,166 [INFO]  Epoch[2] Validation-epss-accuracy=0.000000
2024-04-08 00:23:08,170 [INFO]  Epoch[3] Batch [0-3]	Speed: 15410.79 samples/sec	cross-entropy=0.940770	epss-accuracy=2.500000
2024-04-08 00:23:08,172 [INFO]  Epoch[3] Train-cross-entropy=0.732211
2024-04-08 00:23:08,172 [INFO]  Epoch[3] Train-epss-accuracy=3.000000
2024-04-08 00:23:08,172 [INFO]  Epoch[3] Time cost=0.006
2024-04-08 00:23:08,174 [INFO]  Saved checkpoint to "./imputer_model/29_echocardiogram/imputer_model_epss/model-0003.params"
2024-04-08 00:23:08,174 [INFO]  Epoch[3] Validation-cross-entropy=1.380035
2024-04-08 00:23:08,174 [INFO]  Epoch[3] Validation-epss-accuracy=0.000000
2024-04-08 00:23:08,179 [INFO]  Epoch[4] Batch [0-3]	Speed: 15005.34 samples/sec	cross-entropy=0.678708	epss-accuracy=2.500000
2024-04-08 00:23:08,181 [INFO]  Epoch[4] Train-cross-entropy=0.493576
2024-04-08 00:23:08,181 [INFO]  Epoch[4] Train-epss-accuracy=3.000000
2024-04-08 00:23:08,181 [INFO]  Epoch[4] Time cost=0.007
2024-04-08 00:23:08,183 [INFO]  Saved checkpoint to "./imputer_model/29_echocardiogram/imputer_model_epss/model-0004.params"
2024-04-08 00:23:08,184 [INFO]  Epoch[4] Validation-cross-entropy=0.848970
2024-04-08 00:23:08,184 [INFO]  Epoch[4] Validation-epss-accuracy=0.000000
2024-04-08 00:23:08,184 [INFO]  
========== done (0.09772515296936035 s) fit model
2024-04-08 00:23:13,506 [INFO]  
========== start: fit model
2024-04-08 00:23:13,506 [WARNING]  Already bound, ignoring bind()
2024-04-08 00:23:13,510 [INFO]  Epoch[0] Batch [0-3]	Speed: 27545.03 samples/sec	cross-entropy=6.906827	epss-accuracy=2.250000
2024-04-08 00:23:13,511 [INFO]  Epoch[0] Train-cross-entropy=10.176826
2024-04-08 00:23:13,511 [INFO]  Epoch[0] Train-epss-accuracy=3.000000
2024-04-08 00:23:13,511 [INFO]  Epoch[0] Time cost=0.004
2024-04-08 00:23:13,513 [INFO]  Saved checkpoint to "./imputer_model/29_echocardiogram/imputer_model_epss/model-0000.params"
2024-04-08 00:23:13,513 [INFO]  Epoch[0] Validation-cross-entropy=3.037543
2024-04-08 00:23:13,513 [INFO]  Epoch[0] Validation-epss-accuracy=0.000000
2024-04-08 00:23:13,516 [INFO]  Epoch[1] Batch [0-3]	Speed: 23486.54 samples/sec	cross-entropy=2.503449	epss-accuracy=2.250000
2024-04-08 00:23:13,517 [INFO]  Epoch[1] Train-cross-entropy=2.507432
2024-04-08 00:23:13,517 [INFO]  Epoch[1] Train-epss-accuracy=3.000000
2024-04-08 00:23:13,517 [INFO]  Epoch[1] Time cost=0.004
2024-04-08 00:23:13,519 [INFO]  Saved checkpoint to "./imputer_model/29_echocardiogram/imputer_model_epss/model-0001.params"
2024-04-08 00:23:13,519 [INFO]  Epoch[1] Validation-cross-entropy=0.958208
2024-04-08 00:23:13,519 [INFO]  Epoch[1] Validation-epss-accuracy=0.000000
2024-04-08 00:23:13,522 [INFO]  Epoch[2] Batch [0-3]	Speed: 27669.95 samples/sec	cross-entropy=0.678338	epss-accuracy=2.250000
2024-04-08 00:23:13,523 [INFO]  Epoch[2] Train-cross-entropy=0.722082
2024-04-08 00:23:13,523 [INFO]  Epoch[2] Train-epss-accuracy=3.000000
2024-04-08 00:23:13,523 [INFO]  Epoch[2] Time cost=0.004
2024-04-08 00:23:13,524 [INFO]  Saved checkpoint to "./imputer_model/29_echocardiogram/imputer_model_epss/model-0002.params"
2024-04-08 00:23:13,525 [INFO]  Epoch[2] Validation-cross-entropy=0.591455
2024-04-08 00:23:13,525 [INFO]  Epoch[2] Validation-epss-accuracy=0.000000
2024-04-08 00:23:13,527 [INFO]  Epoch[3] Batch [0-3]	Speed: 28272.24 samples/sec	cross-entropy=0.454654	epss-accuracy=2.250000
2024-04-08 00:23:13,529 [INFO]  Epoch[3] Train-cross-entropy=0.624877
2024-04-08 00:23:13,529 [INFO]  Epoch[3] Train-epss-accuracy=3.000000
2024-04-08 00:23:13,529 [INFO]  Epoch[3] Time cost=0.004
2024-04-08 00:23:13,530 [INFO]  Saved checkpoint to "./imputer_model/29_echocardiogram/imputer_model_epss/model-0003.params"
2024-04-08 00:23:13,530 [INFO]  Epoch[3] Validation-cross-entropy=1.017231
2024-04-08 00:23:13,530 [INFO]  Epoch[3] Validation-epss-accuracy=0.000000
2024-04-08 00:23:13,533 [INFO]  Epoch[4] Batch [0-3]	Speed: 28228.63 samples/sec	cross-entropy=0.580823	epss-accuracy=2.250000
2024-04-08 00:23:13,534 [INFO]  Epoch[4] Train-cross-entropy=0.367161
2024-04-08 00:23:13,534 [INFO]  Epoch[4] Train-epss-accuracy=3.000000
2024-04-08 00:23:13,534 [INFO]  Epoch[4] Time cost=0.004
2024-04-08 00:23:13,535 [INFO]  Saved checkpoint to "./imputer_model/29_echocardiogram/imputer_model_epss/model-0004.params"
2024-04-08 00:23:13,536 [INFO]  Epoch[4] Validation-cross-entropy=0.334963
2024-04-08 00:23:13,536 [INFO]  Epoch[4] Validation-epss-accuracy=0.000000
2024-04-08 00:23:13,536 [INFO]  
========== done (0.029944419860839844 s) fit model
2024-04-08 00:23:18,234 [INFO]  
========== start: fit model
2024-04-08 00:23:18,234 [WARNING]  Already bound, ignoring bind()
2024-04-08 00:23:18,239 [INFO]  Epoch[0] Batch [0-3]	Speed: 21573.79 samples/sec	cross-entropy=15.588659	epss-accuracy=3.250000
2024-04-08 00:23:18,240 [INFO]  Epoch[0] Train-cross-entropy=12.806912
2024-04-08 00:23:18,240 [INFO]  Epoch[0] Train-epss-accuracy=4.000000
2024-04-08 00:23:18,240 [INFO]  Epoch[0] Time cost=0.005
2024-04-08 00:23:18,242 [INFO]  Saved checkpoint to "./imputer_model/29_echocardiogram/imputer_model_epss/model-0000.params"
2024-04-08 00:23:18,243 [INFO]  Epoch[0] Validation-cross-entropy=18.513819
2024-04-08 00:23:18,243 [INFO]  Epoch[0] Validation-epss-accuracy=0.000000
2024-04-08 00:23:18,246 [INFO]  Epoch[1] Batch [0-3]	Speed: 21431.40 samples/sec	cross-entropy=7.949711	epss-accuracy=3.250000
2024-04-08 00:23:18,247 [INFO]  Epoch[1] Train-cross-entropy=6.787904
2024-04-08 00:23:18,247 [INFO]  Epoch[1] Train-epss-accuracy=4.000000
2024-04-08 00:23:18,247 [INFO]  Epoch[1] Time cost=0.004
2024-04-08 00:23:18,248 [INFO]  Saved checkpoint to "./imputer_model/29_echocardiogram/imputer_model_epss/model-0001.params"
2024-04-08 00:23:18,249 [INFO]  Epoch[1] Validation-cross-entropy=8.158481
2024-04-08 00:23:18,249 [INFO]  Epoch[1] Validation-epss-accuracy=0.000000
2024-04-08 00:23:18,252 [INFO]  Epoch[2] Batch [0-3]	Speed: 20528.87 samples/sec	cross-entropy=3.913947	epss-accuracy=3.250000
2024-04-08 00:23:18,254 [INFO]  Epoch[2] Train-cross-entropy=2.435706
2024-04-08 00:23:18,254 [INFO]  Epoch[2] Train-epss-accuracy=4.000000
2024-04-08 00:23:18,254 [INFO]  Epoch[2] Time cost=0.005
2024-04-08 00:23:18,256 [INFO]  Saved checkpoint to "./imputer_model/29_echocardiogram/imputer_model_epss/model-0002.params"
2024-04-08 00:23:18,256 [INFO]  Epoch[2] Validation-cross-entropy=3.274077
2024-04-08 00:23:18,256 [INFO]  Epoch[2] Validation-epss-accuracy=0.000000
2024-04-08 00:23:18,259 [INFO]  Epoch[3] Batch [0-3]	Speed: 20899.68 samples/sec	cross-entropy=1.494803	epss-accuracy=3.250000
2024-04-08 00:23:18,261 [INFO]  Epoch[3] Train-cross-entropy=0.712916
2024-04-08 00:23:18,261 [INFO]  Epoch[3] Train-epss-accuracy=4.000000
2024-04-08 00:23:18,261 [INFO]  Epoch[3] Time cost=0.005
2024-04-08 00:23:18,263 [INFO]  Saved checkpoint to "./imputer_model/29_echocardiogram/imputer_model_epss/model-0003.params"
2024-04-08 00:23:18,264 [INFO]  Epoch[3] Validation-cross-entropy=0.724813
2024-04-08 00:23:18,264 [INFO]  Epoch[3] Validation-epss-accuracy=0.000000
2024-04-08 00:23:18,269 [INFO]  Epoch[4] Batch [0-3]	Speed: 15462.87 samples/sec	cross-entropy=0.515577	epss-accuracy=3.250000
2024-04-08 00:23:18,297 [INFO]  Epoch[4] Train-cross-entropy=0.354625
2024-04-08 00:23:18,297 [INFO]  Epoch[4] Train-epss-accuracy=4.000000
2024-04-08 00:23:18,297 [INFO]  Epoch[4] Time cost=0.033
2024-04-08 00:23:18,299 [INFO]  Saved checkpoint to "./imputer_model/29_echocardiogram/imputer_model_epss/model-0004.params"
2024-04-08 00:23:18,299 [INFO]  Epoch[4] Validation-cross-entropy=0.351673
2024-04-08 00:23:18,299 [INFO]  Epoch[4] Validation-epss-accuracy=0.000000
2024-04-08 00:23:18,299 [INFO]  
========== done (0.06563377380371094 s) fit model
2024-04-08 00:23:23,481 [INFO]  
========== start: fit model
2024-04-08 00:23:23,481 [WARNING]  Already bound, ignoring bind()
2024-04-08 00:23:23,694 [INFO]  Epoch[0] Batch [0-3]	Speed: 24675.40 samples/sec	cross-entropy=11.356607	epss-accuracy=1.750000
2024-04-08 00:23:23,695 [INFO]  Epoch[0] Train-cross-entropy=8.457278
2024-04-08 00:23:23,695 [INFO]  Epoch[0] Train-epss-accuracy=3.500000
2024-04-08 00:23:23,695 [INFO]  Epoch[0] Time cost=0.214
2024-04-08 00:23:23,697 [INFO]  Saved checkpoint to "./imputer_model/29_echocardiogram/imputer_model_epss/model-0000.params"
2024-04-08 00:23:23,697 [INFO]  Epoch[0] Validation-cross-entropy=0.119422
2024-04-08 00:23:23,697 [INFO]  Epoch[0] Validation-epss-accuracy=0.000000
2024-04-08 00:23:23,713 [INFO]  Epoch[1] Batch [0-3]	Speed: 3153.56 samples/sec	cross-entropy=3.147230	epss-accuracy=1.750000
2024-04-08 00:23:23,716 [INFO]  Epoch[1] Train-cross-entropy=2.207666
2024-04-08 00:23:23,716 [INFO]  Epoch[1] Train-epss-accuracy=3.500000
2024-04-08 00:23:23,716 [INFO]  Epoch[1] Time cost=0.018
2024-04-08 00:23:23,717 [INFO]  Saved checkpoint to "./imputer_model/29_echocardiogram/imputer_model_epss/model-0001.params"
2024-04-08 00:23:23,718 [INFO]  Epoch[1] Validation-cross-entropy=1.585432
2024-04-08 00:23:23,718 [INFO]  Epoch[1] Validation-epss-accuracy=0.000000
2024-04-08 00:23:23,806 [INFO]  Epoch[2] Batch [0-3]	Speed: 554.43 samples/sec	cross-entropy=1.658550	epss-accuracy=1.750000
2024-04-08 00:23:23,807 [INFO]  Epoch[2] Train-cross-entropy=1.044656
2024-04-08 00:23:23,808 [INFO]  Epoch[2] Train-epss-accuracy=3.500000
2024-04-08 00:23:23,808 [INFO]  Epoch[2] Time cost=0.089
2024-04-08 00:23:23,809 [INFO]  Saved checkpoint to "./imputer_model/29_echocardiogram/imputer_model_epss/model-0002.params"
2024-04-08 00:23:23,816 [INFO]  Epoch[2] Validation-cross-entropy=1.750025
2024-04-08 00:23:23,816 [INFO]  Epoch[2] Validation-epss-accuracy=0.000000
2024-04-08 00:23:23,924 [INFO]  Epoch[3] Batch [0-3]	Speed: 450.38 samples/sec	cross-entropy=0.932841	epss-accuracy=1.750000
2024-04-08 00:23:23,926 [INFO]  Epoch[3] Train-cross-entropy=0.633426
2024-04-08 00:23:23,926 [INFO]  Epoch[3] Train-epss-accuracy=3.500000
2024-04-08 00:23:23,926 [INFO]  Epoch[3] Time cost=0.110
2024-04-08 00:23:23,928 [INFO]  Saved checkpoint to "./imputer_model/29_echocardiogram/imputer_model_epss/model-0003.params"
2024-04-08 00:23:23,929 [INFO]  Epoch[3] Validation-cross-entropy=0.759559
2024-04-08 00:23:23,929 [INFO]  Epoch[3] Validation-epss-accuracy=0.000000
2024-04-08 00:23:23,933 [INFO]  Epoch[4] Batch [0-3]	Speed: 18124.47 samples/sec	cross-entropy=0.424854	epss-accuracy=1.750000
2024-04-08 00:23:23,943 [INFO]  Epoch[4] Train-cross-entropy=0.531926
2024-04-08 00:23:23,943 [INFO]  Epoch[4] Train-epss-accuracy=3.500000
2024-04-08 00:23:23,943 [INFO]  Epoch[4] Time cost=0.014
2024-04-08 00:23:23,945 [INFO]  Saved checkpoint to "./imputer_model/29_echocardiogram/imputer_model_epss/model-0004.params"
2024-04-08 00:23:23,946 [INFO]  Epoch[4] Validation-cross-entropy=0.245747
2024-04-08 00:23:23,946 [INFO]  Epoch[4] Validation-epss-accuracy=0.000000
2024-04-08 00:23:23,946 [INFO]  
========== done (0.4649932384490967 s) fit model
2024-04-08 00:23:27,702 [INFO]  
========== start: fit model
2024-04-08 00:23:27,702 [WARNING]  Already bound, ignoring bind()
2024-04-08 00:23:27,932 [INFO]  Epoch[0] Batch [0-3]	Speed: 514.57 samples/sec	cross-entropy=15.933678	epss-accuracy=3.000000
2024-04-08 00:23:27,934 [INFO]  Epoch[0] Train-cross-entropy=14.894123
2024-04-08 00:23:27,934 [INFO]  Epoch[0] Train-epss-accuracy=4.000000
2024-04-08 00:23:27,934 [INFO]  Epoch[0] Time cost=0.230
2024-04-08 00:23:27,936 [INFO]  Saved checkpoint to "./imputer_model/29_echocardiogram/imputer_model_epss/model-0000.params"
2024-04-08 00:23:27,937 [INFO]  Epoch[0] Validation-cross-entropy=2.624570
2024-04-08 00:23:27,937 [INFO]  Epoch[0] Validation-epss-accuracy=0.000000
2024-04-08 00:23:27,942 [INFO]  Epoch[1] Batch [0-3]	Speed: 13973.25 samples/sec	cross-entropy=4.771186	epss-accuracy=3.000000
2024-04-08 00:23:27,944 [INFO]  Epoch[1] Train-cross-entropy=8.484387
2024-04-08 00:23:27,944 [INFO]  Epoch[1] Train-epss-accuracy=4.000000
2024-04-08 00:23:27,944 [INFO]  Epoch[1] Time cost=0.007
2024-04-08 00:23:27,946 [INFO]  Saved checkpoint to "./imputer_model/29_echocardiogram/imputer_model_epss/model-0001.params"
2024-04-08 00:23:27,947 [INFO]  Epoch[1] Validation-cross-entropy=2.917748
2024-04-08 00:23:27,947 [INFO]  Epoch[1] Validation-epss-accuracy=0.000000
2024-04-08 00:23:27,951 [INFO]  Epoch[2] Batch [0-3]	Speed: 15293.72 samples/sec	cross-entropy=2.379282	epss-accuracy=3.000000
2024-04-08 00:23:27,954 [INFO]  Epoch[2] Train-cross-entropy=3.411346
2024-04-08 00:23:27,954 [INFO]  Epoch[2] Train-epss-accuracy=4.000000
2024-04-08 00:23:27,954 [INFO]  Epoch[2] Time cost=0.007
2024-04-08 00:23:27,956 [INFO]  Saved checkpoint to "./imputer_model/29_echocardiogram/imputer_model_epss/model-0002.params"
2024-04-08 00:23:27,956 [INFO]  Epoch[2] Validation-cross-entropy=1.749742
2024-04-08 00:23:27,956 [INFO]  Epoch[2] Validation-epss-accuracy=0.000000
2024-04-08 00:23:27,965 [INFO]  Epoch[3] Batch [0-3]	Speed: 6599.36 samples/sec	cross-entropy=0.884638	epss-accuracy=3.000000
2024-04-08 00:23:28,021 [INFO]  Epoch[3] Train-cross-entropy=1.237178
2024-04-08 00:23:28,021 [INFO]  Epoch[3] Train-epss-accuracy=4.000000
2024-04-08 00:23:28,021 [INFO]  Epoch[3] Time cost=0.064
2024-04-08 00:23:28,022 [INFO]  Saved checkpoint to "./imputer_model/29_echocardiogram/imputer_model_epss/model-0003.params"
2024-04-08 00:23:28,023 [INFO]  Epoch[3] Validation-cross-entropy=0.680218
2024-04-08 00:23:28,023 [INFO]  Epoch[3] Validation-epss-accuracy=0.000000
2024-04-08 00:23:28,025 [INFO]  Epoch[4] Batch [0-3]	Speed: 28157.57 samples/sec	cross-entropy=0.425872	epss-accuracy=3.000000
2024-04-08 00:23:28,026 [INFO]  Epoch[4] Train-cross-entropy=0.829469
2024-04-08 00:23:28,027 [INFO]  Epoch[4] Train-epss-accuracy=4.000000
2024-04-08 00:23:28,027 [INFO]  Epoch[4] Time cost=0.004
2024-04-08 00:23:28,028 [INFO]  Saved checkpoint to "./imputer_model/29_echocardiogram/imputer_model_epss/model-0004.params"
2024-04-08 00:23:28,029 [INFO]  Epoch[4] Validation-cross-entropy=0.692031
2024-04-08 00:23:28,029 [INFO]  Epoch[4] Validation-epss-accuracy=0.000000
2024-04-08 00:23:28,029 [INFO]  
========== done (0.32700538635253906 s) fit model
2024-04-08 00:23:31,790 [INFO]  
========== start: fit model
2024-04-08 00:23:31,790 [WARNING]  Already bound, ignoring bind()
2024-04-08 00:23:31,802 [INFO]  Epoch[0] Batch [0-3]	Speed: 18950.17 samples/sec	cross-entropy=14.890022	epss-accuracy=0.000000
2024-04-08 00:23:31,808 [INFO]  Epoch[0] Train-cross-entropy=4.093476
2024-04-08 00:23:31,808 [INFO]  Epoch[0] Train-epss-accuracy=0.000000
2024-04-08 00:23:31,808 [INFO]  Epoch[0] Time cost=0.017
2024-04-08 00:23:31,809 [INFO]  Saved checkpoint to "./imputer_model/29_echocardiogram/imputer_model_epss/model-0000.params"
2024-04-08 00:23:31,811 [INFO]  Epoch[0] Validation-cross-entropy=2.910619
2024-04-08 00:23:31,811 [INFO]  Epoch[0] Validation-epss-accuracy=0.000000
2024-04-08 00:23:31,837 [INFO]  Epoch[1] Batch [0-3]	Speed: 12978.76 samples/sec	cross-entropy=5.748854	epss-accuracy=0.000000
2024-04-08 00:23:31,847 [INFO]  Epoch[1] Train-cross-entropy=1.365746
2024-04-08 00:23:31,847 [INFO]  Epoch[1] Train-epss-accuracy=0.000000
2024-04-08 00:23:31,847 [INFO]  Epoch[1] Time cost=0.037
2024-04-08 00:23:31,850 [INFO]  Saved checkpoint to "./imputer_model/29_echocardiogram/imputer_model_epss/model-0001.params"
2024-04-08 00:23:31,850 [INFO]  Epoch[1] Validation-cross-entropy=0.367528
2024-04-08 00:23:31,850 [INFO]  Epoch[1] Validation-epss-accuracy=0.000000
2024-04-08 00:23:31,855 [INFO]  Epoch[2] Batch [0-3]	Speed: 15119.15 samples/sec	cross-entropy=2.151592	epss-accuracy=0.000000
2024-04-08 00:23:31,860 [INFO]  Epoch[2] Train-cross-entropy=0.585196
2024-04-08 00:23:31,860 [INFO]  Epoch[2] Train-epss-accuracy=0.000000
2024-04-08 00:23:31,860 [INFO]  Epoch[2] Time cost=0.010
2024-04-08 00:23:31,864 [INFO]  Saved checkpoint to "./imputer_model/29_echocardiogram/imputer_model_epss/model-0002.params"
2024-04-08 00:23:31,979 [INFO]  Epoch[2] Validation-cross-entropy=0.232137
2024-04-08 00:23:31,979 [INFO]  Epoch[2] Validation-epss-accuracy=0.000000
2024-04-08 00:23:32,019 [INFO]  Epoch[3] Batch [0-3]	Speed: 14116.29 samples/sec	cross-entropy=0.871810	epss-accuracy=0.000000
2024-04-08 00:23:32,021 [INFO]  Epoch[3] Train-cross-entropy=1.045712
2024-04-08 00:23:32,021 [INFO]  Epoch[3] Train-epss-accuracy=0.000000
2024-04-08 00:23:32,021 [INFO]  Epoch[3] Time cost=0.042
2024-04-08 00:23:32,023 [INFO]  Saved checkpoint to "./imputer_model/29_echocardiogram/imputer_model_epss/model-0003.params"
2024-04-08 00:23:32,023 [INFO]  Epoch[3] Validation-cross-entropy=0.220423
2024-04-08 00:23:32,023 [INFO]  Epoch[3] Validation-epss-accuracy=0.000000
2024-04-08 00:23:32,026 [INFO]  Epoch[4] Batch [0-3]	Speed: 28520.55 samples/sec	cross-entropy=0.598550	epss-accuracy=0.000000
2024-04-08 00:23:32,027 [INFO]  Epoch[4] Train-cross-entropy=0.795711
2024-04-08 00:23:32,027 [INFO]  Epoch[4] Train-epss-accuracy=0.000000
2024-04-08 00:23:32,027 [INFO]  Epoch[4] Time cost=0.004
2024-04-08 00:23:32,032 [INFO]  Saved checkpoint to "./imputer_model/29_echocardiogram/imputer_model_epss/model-0004.params"
2024-04-08 00:23:32,037 [INFO]  Epoch[4] Validation-cross-entropy=0.138030
2024-04-08 00:23:32,037 [INFO]  Epoch[4] Validation-epss-accuracy=0.000000
2024-04-08 00:23:32,037 [INFO]  
========== done (0.24669480323791504 s) fit model
2024-04-08 00:23:36,696 [INFO]  
========== start: fit model
2024-04-08 00:23:36,697 [WARNING]  Already bound, ignoring bind()
2024-04-08 00:23:36,750 [INFO]  Epoch[0] Batch [0-3]	Speed: 18290.78 samples/sec	cross-entropy=11.592155	epss-accuracy=0.000000
2024-04-08 00:23:36,752 [INFO]  Epoch[0] Train-cross-entropy=3.521431
2024-04-08 00:23:36,752 [INFO]  Epoch[0] Train-epss-accuracy=0.000000
2024-04-08 00:23:36,752 [INFO]  Epoch[0] Time cost=0.054
2024-04-08 00:23:36,753 [INFO]  Saved checkpoint to "./imputer_model/29_echocardiogram/imputer_model_epss/model-0000.params"
2024-04-08 00:23:36,754 [INFO]  Epoch[0] Validation-cross-entropy=6.644552
2024-04-08 00:23:36,754 [INFO]  Epoch[0] Validation-epss-accuracy=0.000000
2024-04-08 00:23:36,758 [INFO]  Epoch[1] Batch [0-3]	Speed: 18236.10 samples/sec	cross-entropy=3.240675	epss-accuracy=0.000000
2024-04-08 00:23:36,759 [INFO]  Epoch[1] Train-cross-entropy=1.479743
2024-04-08 00:23:36,759 [INFO]  Epoch[1] Train-epss-accuracy=0.000000
2024-04-08 00:23:36,759 [INFO]  Epoch[1] Time cost=0.005
2024-04-08 00:23:36,761 [INFO]  Saved checkpoint to "./imputer_model/29_echocardiogram/imputer_model_epss/model-0001.params"
2024-04-08 00:23:36,762 [INFO]  Epoch[1] Validation-cross-entropy=1.292257
2024-04-08 00:23:36,762 [INFO]  Epoch[1] Validation-epss-accuracy=0.000000
2024-04-08 00:23:36,784 [INFO]  Epoch[2] Batch [0-3]	Speed: 20260.30 samples/sec	cross-entropy=0.800874	epss-accuracy=0.000000
2024-04-08 00:23:36,786 [INFO]  Epoch[2] Train-cross-entropy=0.695959
2024-04-08 00:23:36,786 [INFO]  Epoch[2] Train-epss-accuracy=0.000000
2024-04-08 00:23:36,786 [INFO]  Epoch[2] Time cost=0.024
2024-04-08 00:23:36,788 [INFO]  Saved checkpoint to "./imputer_model/29_echocardiogram/imputer_model_epss/model-0002.params"
2024-04-08 00:23:36,788 [INFO]  Epoch[2] Validation-cross-entropy=1.021103
2024-04-08 00:23:36,788 [INFO]  Epoch[2] Validation-epss-accuracy=0.000000
2024-04-08 00:23:36,791 [INFO]  Epoch[3] Batch [0-3]	Speed: 21964.50 samples/sec	cross-entropy=0.732139	epss-accuracy=0.000000
2024-04-08 00:23:36,793 [INFO]  Epoch[3] Train-cross-entropy=0.527628
2024-04-08 00:23:36,793 [INFO]  Epoch[3] Train-epss-accuracy=0.000000
2024-04-08 00:23:36,793 [INFO]  Epoch[3] Time cost=0.005
2024-04-08 00:23:36,794 [INFO]  Saved checkpoint to "./imputer_model/29_echocardiogram/imputer_model_epss/model-0003.params"
2024-04-08 00:23:36,795 [INFO]  Epoch[3] Validation-cross-entropy=0.401738
2024-04-08 00:23:36,795 [INFO]  Epoch[3] Validation-epss-accuracy=0.000000
2024-04-08 00:23:36,798 [INFO]  Epoch[4] Batch [0-3]	Speed: 21873.81 samples/sec	cross-entropy=0.745942	epss-accuracy=0.000000
2024-04-08 00:23:36,800 [INFO]  Epoch[4] Train-cross-entropy=0.337743
2024-04-08 00:23:36,800 [INFO]  Epoch[4] Train-epss-accuracy=0.000000
2024-04-08 00:23:36,800 [INFO]  Epoch[4] Time cost=0.005
2024-04-08 00:23:36,801 [INFO]  Saved checkpoint to "./imputer_model/29_echocardiogram/imputer_model_epss/model-0004.params"
2024-04-08 00:23:36,802 [INFO]  Epoch[4] Validation-cross-entropy=0.131739
2024-04-08 00:23:36,802 [INFO]  Epoch[4] Validation-epss-accuracy=0.000000
2024-04-08 00:23:36,802 [INFO]  
========== done (0.1054232120513916 s) fit model
2024-04-08 00:23:40,919 [INFO]  
========== start: fit model
2024-04-08 00:23:40,920 [WARNING]  Already bound, ignoring bind()
2024-04-08 00:23:41,077 [INFO]  Epoch[0] Batch [0-3]	Speed: 1144.34 samples/sec	cross-entropy=11.766655	epss-accuracy=2.750000
2024-04-08 00:23:41,079 [INFO]  Epoch[0] Train-cross-entropy=8.626948
2024-04-08 00:23:41,079 [INFO]  Epoch[0] Train-epss-accuracy=2.000000
2024-04-08 00:23:41,079 [INFO]  Epoch[0] Time cost=0.159
2024-04-08 00:23:41,081 [INFO]  Saved checkpoint to "./imputer_model/29_echocardiogram/imputer_model_epss/model-0000.params"
2024-04-08 00:23:41,159 [INFO]  Epoch[0] Validation-cross-entropy=10.663608
2024-04-08 00:23:41,160 [INFO]  Epoch[0] Validation-epss-accuracy=0.000000
2024-04-08 00:23:41,208 [INFO]  Epoch[1] Batch [0-3]	Speed: 7454.33 samples/sec	cross-entropy=4.808972	epss-accuracy=2.750000
2024-04-08 00:23:41,210 [INFO]  Epoch[1] Train-cross-entropy=2.914031
2024-04-08 00:23:41,210 [INFO]  Epoch[1] Train-epss-accuracy=2.000000
2024-04-08 00:23:41,210 [INFO]  Epoch[1] Time cost=0.051
2024-04-08 00:23:41,212 [INFO]  Saved checkpoint to "./imputer_model/29_echocardiogram/imputer_model_epss/model-0001.params"
2024-04-08 00:23:41,213 [INFO]  Epoch[1] Validation-cross-entropy=4.866302
2024-04-08 00:23:41,213 [INFO]  Epoch[1] Validation-epss-accuracy=0.000000
2024-04-08 00:23:41,217 [INFO]  Epoch[2] Batch [0-3]	Speed: 14223.00 samples/sec	cross-entropy=1.685303	epss-accuracy=2.750000
2024-04-08 00:23:41,220 [INFO]  Epoch[2] Train-cross-entropy=0.861508
2024-04-08 00:23:41,220 [INFO]  Epoch[2] Train-epss-accuracy=2.000000
2024-04-08 00:23:41,220 [INFO]  Epoch[2] Time cost=0.007
2024-04-08 00:23:41,221 [INFO]  Saved checkpoint to "./imputer_model/29_echocardiogram/imputer_model_epss/model-0002.params"
2024-04-08 00:23:41,222 [INFO]  Epoch[2] Validation-cross-entropy=0.235455
2024-04-08 00:23:41,222 [INFO]  Epoch[2] Validation-epss-accuracy=0.000000
2024-04-08 00:23:41,227 [INFO]  Epoch[3] Batch [0-3]	Speed: 14005.33 samples/sec	cross-entropy=0.694494	epss-accuracy=2.750000
2024-04-08 00:23:41,229 [INFO]  Epoch[3] Train-cross-entropy=0.715838
2024-04-08 00:23:41,229 [INFO]  Epoch[3] Train-epss-accuracy=2.000000
2024-04-08 00:23:41,229 [INFO]  Epoch[3] Time cost=0.007
2024-04-08 00:23:41,231 [INFO]  Saved checkpoint to "./imputer_model/29_echocardiogram/imputer_model_epss/model-0003.params"
2024-04-08 00:23:41,232 [INFO]  Epoch[3] Validation-cross-entropy=0.620411
2024-04-08 00:23:41,232 [INFO]  Epoch[3] Validation-epss-accuracy=0.000000
2024-04-08 00:23:41,237 [INFO]  Epoch[4] Batch [0-3]	Speed: 14836.15 samples/sec	cross-entropy=0.648089	epss-accuracy=2.750000
2024-04-08 00:23:41,239 [INFO]  Epoch[4] Train-cross-entropy=0.601815
2024-04-08 00:23:41,239 [INFO]  Epoch[4] Train-epss-accuracy=2.000000
2024-04-08 00:23:41,239 [INFO]  Epoch[4] Time cost=0.007
2024-04-08 00:23:41,241 [INFO]  Saved checkpoint to "./imputer_model/29_echocardiogram/imputer_model_epss/model-0004.params"
2024-04-08 00:23:41,243 [INFO]  Epoch[4] Validation-cross-entropy=0.434028
2024-04-08 00:23:41,243 [INFO]  Epoch[4] Validation-epss-accuracy=0.000000
2024-04-08 00:23:41,243 [INFO]  
========== done (0.32334470748901367 s) fit model
2024-04-08 00:23:44,822 [INFO]  
========== start: fit model
2024-04-08 00:23:44,822 [WARNING]  Already bound, ignoring bind()
2024-04-08 00:23:45,202 [INFO]  Epoch[0] Batch [0-3]	Speed: 19003.83 samples/sec	cross-entropy=16.385502	epss-accuracy=0.000000
2024-04-08 00:23:45,204 [INFO]  Epoch[0] Train-cross-entropy=19.770317
2024-04-08 00:23:45,204 [INFO]  Epoch[0] Train-epss-accuracy=0.000000
2024-04-08 00:23:45,204 [INFO]  Epoch[0] Time cost=0.381
2024-04-08 00:23:45,206 [INFO]  Saved checkpoint to "./imputer_model/29_echocardiogram/imputer_model_epss/model-0000.params"
2024-04-08 00:23:45,206 [INFO]  Epoch[0] Validation-cross-entropy=13.119129
2024-04-08 00:23:45,206 [INFO]  Epoch[0] Validation-epss-accuracy=0.000000
2024-04-08 00:23:45,245 [INFO]  Epoch[1] Batch [0-3]	Speed: 1268.71 samples/sec	cross-entropy=7.513808	epss-accuracy=0.000000
2024-04-08 00:23:45,247 [INFO]  Epoch[1] Train-cross-entropy=9.343641
2024-04-08 00:23:45,247 [INFO]  Epoch[1] Train-epss-accuracy=0.000000
2024-04-08 00:23:45,247 [INFO]  Epoch[1] Time cost=0.040
2024-04-08 00:23:45,249 [INFO]  Saved checkpoint to "./imputer_model/29_echocardiogram/imputer_model_epss/model-0001.params"
2024-04-08 00:23:45,249 [INFO]  Epoch[1] Validation-cross-entropy=5.781882
2024-04-08 00:23:45,249 [INFO]  Epoch[1] Validation-epss-accuracy=0.000000
2024-04-08 00:23:45,252 [INFO]  Epoch[2] Batch [0-3]	Speed: 21546.08 samples/sec	cross-entropy=3.296868	epss-accuracy=0.000000
2024-04-08 00:23:45,254 [INFO]  Epoch[2] Train-cross-entropy=3.426932
2024-04-08 00:23:45,254 [INFO]  Epoch[2] Train-epss-accuracy=0.000000
2024-04-08 00:23:45,254 [INFO]  Epoch[2] Time cost=0.005
2024-04-08 00:23:45,258 [INFO]  Saved checkpoint to "./imputer_model/29_echocardiogram/imputer_model_epss/model-0002.params"
2024-04-08 00:23:45,292 [INFO]  Epoch[2] Validation-cross-entropy=1.706261
2024-04-08 00:23:45,292 [INFO]  Epoch[2] Validation-epss-accuracy=0.000000
2024-04-08 00:23:45,337 [INFO]  Epoch[3] Batch [0-3]	Speed: 1176.87 samples/sec	cross-entropy=1.457236	epss-accuracy=0.000000
2024-04-08 00:23:45,339 [INFO]  Epoch[3] Train-cross-entropy=1.100626
2024-04-08 00:23:45,339 [INFO]  Epoch[3] Train-epss-accuracy=0.000000
2024-04-08 00:23:45,339 [INFO]  Epoch[3] Time cost=0.046
2024-04-08 00:23:45,341 [INFO]  Saved checkpoint to "./imputer_model/29_echocardiogram/imputer_model_epss/model-0003.params"
2024-04-08 00:23:45,344 [INFO]  Epoch[3] Validation-cross-entropy=0.407715
2024-04-08 00:23:45,344 [INFO]  Epoch[3] Validation-epss-accuracy=0.000000
2024-04-08 00:23:45,348 [INFO]  Epoch[4] Batch [0-3]	Speed: 15097.61 samples/sec	cross-entropy=0.895269	epss-accuracy=0.000000
2024-04-08 00:23:45,351 [INFO]  Epoch[4] Train-cross-entropy=0.419692
2024-04-08 00:23:45,351 [INFO]  Epoch[4] Train-epss-accuracy=0.000000
2024-04-08 00:23:45,351 [INFO]  Epoch[4] Time cost=0.007
2024-04-08 00:23:45,353 [INFO]  Saved checkpoint to "./imputer_model/29_echocardiogram/imputer_model_epss/model-0004.params"
2024-04-08 00:23:45,354 [INFO]  Epoch[4] Validation-cross-entropy=0.305979
2024-04-08 00:23:45,354 [INFO]  Epoch[4] Validation-epss-accuracy=0.000000
2024-04-08 00:23:45,354 [INFO]  
========== done (0.5323026180267334 s) fit model
2024-04-08 00:23:50,343 [INFO]  
========== start: fit model
2024-04-08 00:23:50,343 [WARNING]  Already bound, ignoring bind()
2024-04-08 00:23:50,348 [INFO]  Epoch[0] Batch [0-3]	Speed: 23021.91 samples/sec	cross-entropy=18.137983	epss-accuracy=3.500000
2024-04-08 00:23:50,349 [INFO]  Epoch[0] Train-cross-entropy=13.631263
2024-04-08 00:23:50,349 [INFO]  Epoch[0] Train-epss-accuracy=1.500000
2024-04-08 00:23:50,349 [INFO]  Epoch[0] Time cost=0.005
2024-04-08 00:23:50,351 [INFO]  Saved checkpoint to "./imputer_model/29_echocardiogram/imputer_model_epss/model-0000.params"
2024-04-08 00:23:50,351 [INFO]  Epoch[0] Validation-cross-entropy=7.249506
2024-04-08 00:23:50,351 [INFO]  Epoch[0] Validation-epss-accuracy=0.000000
2024-04-08 00:23:50,354 [INFO]  Epoch[1] Batch [0-3]	Speed: 24420.98 samples/sec	cross-entropy=7.283337	epss-accuracy=3.500000
2024-04-08 00:23:50,355 [INFO]  Epoch[1] Train-cross-entropy=5.640229
2024-04-08 00:23:50,355 [INFO]  Epoch[1] Train-epss-accuracy=1.500000
2024-04-08 00:23:50,355 [INFO]  Epoch[1] Time cost=0.004
2024-04-08 00:23:50,356 [INFO]  Saved checkpoint to "./imputer_model/29_echocardiogram/imputer_model_epss/model-0001.params"
2024-04-08 00:23:50,357 [INFO]  Epoch[1] Validation-cross-entropy=2.782917
2024-04-08 00:23:50,357 [INFO]  Epoch[1] Validation-epss-accuracy=0.000000
2024-04-08 00:23:50,461 [INFO]  Epoch[2] Batch [0-3]	Speed: 566.40 samples/sec	cross-entropy=3.431519	epss-accuracy=3.500000
2024-04-08 00:23:50,471 [INFO]  Epoch[2] Train-cross-entropy=2.512403
2024-04-08 00:23:50,471 [INFO]  Epoch[2] Train-epss-accuracy=1.500000
2024-04-08 00:23:50,471 [INFO]  Epoch[2] Time cost=0.114
2024-04-08 00:23:50,473 [INFO]  Saved checkpoint to "./imputer_model/29_echocardiogram/imputer_model_epss/model-0002.params"
2024-04-08 00:23:50,490 [INFO]  Epoch[2] Validation-cross-entropy=0.951493
2024-04-08 00:23:50,490 [INFO]  Epoch[2] Validation-epss-accuracy=0.000000
2024-04-08 00:23:50,502 [INFO]  Epoch[3] Batch [0-3]	Speed: 15115.74 samples/sec	cross-entropy=1.551496	epss-accuracy=3.500000
2024-04-08 00:23:50,508 [INFO]  Epoch[3] Train-cross-entropy=0.831146
2024-04-08 00:23:50,508 [INFO]  Epoch[3] Train-epss-accuracy=1.500000
2024-04-08 00:23:50,508 [INFO]  Epoch[3] Time cost=0.018
2024-04-08 00:23:50,510 [INFO]  Saved checkpoint to "./imputer_model/29_echocardiogram/imputer_model_epss/model-0003.params"
2024-04-08 00:23:50,519 [INFO]  Epoch[3] Validation-cross-entropy=0.403433
2024-04-08 00:23:50,519 [INFO]  Epoch[3] Validation-epss-accuracy=0.000000
2024-04-08 00:23:50,544 [INFO]  Epoch[4] Batch [0-3]	Speed: 15359.06 samples/sec	cross-entropy=0.781027	epss-accuracy=3.500000
2024-04-08 00:23:50,546 [INFO]  Epoch[4] Train-cross-entropy=0.359149
2024-04-08 00:23:50,546 [INFO]  Epoch[4] Train-epss-accuracy=1.500000
2024-04-08 00:23:50,546 [INFO]  Epoch[4] Time cost=0.027
2024-04-08 00:23:50,547 [INFO]  Saved checkpoint to "./imputer_model/29_echocardiogram/imputer_model_epss/model-0004.params"
2024-04-08 00:23:50,548 [INFO]  Epoch[4] Validation-cross-entropy=0.212536
2024-04-08 00:23:50,548 [INFO]  Epoch[4] Validation-epss-accuracy=0.000000
2024-04-08 00:23:50,548 [INFO]  
========== done (0.20489168167114258 s) fit model
2024-04-08 00:23:55,587 [INFO]  
========== start: fit model
2024-04-08 00:23:55,587 [WARNING]  Already bound, ignoring bind()
2024-04-08 00:23:55,601 [INFO]  Epoch[0] Batch [0-3]	Speed: 20804.65 samples/sec	cross-entropy=13.268052	epss-accuracy=0.000000
2024-04-08 00:23:55,603 [INFO]  Epoch[0] Train-cross-entropy=6.185835
2024-04-08 00:23:55,603 [INFO]  Epoch[0] Train-epss-accuracy=0.000000
2024-04-08 00:23:55,603 [INFO]  Epoch[0] Time cost=0.015
2024-04-08 00:23:55,604 [INFO]  Saved checkpoint to "./imputer_model/29_echocardiogram/imputer_model_epss/model-0000.params"
2024-04-08 00:23:55,605 [INFO]  Epoch[0] Validation-cross-entropy=3.444513
2024-04-08 00:23:55,605 [INFO]  Epoch[0] Validation-epss-accuracy=0.000000
2024-04-08 00:23:55,664 [INFO]  Epoch[1] Batch [0-3]	Speed: 825.55 samples/sec	cross-entropy=5.205633	epss-accuracy=0.000000
2024-04-08 00:23:55,666 [INFO]  Epoch[1] Train-cross-entropy=2.129984
2024-04-08 00:23:55,666 [INFO]  Epoch[1] Train-epss-accuracy=0.000000
2024-04-08 00:23:55,667 [INFO]  Epoch[1] Time cost=0.062
2024-04-08 00:23:55,668 [INFO]  Saved checkpoint to "./imputer_model/29_echocardiogram/imputer_model_epss/model-0001.params"
2024-04-08 00:23:55,669 [INFO]  Epoch[1] Validation-cross-entropy=1.660996
2024-04-08 00:23:55,669 [INFO]  Epoch[1] Validation-epss-accuracy=0.000000
2024-04-08 00:23:55,673 [INFO]  Epoch[2] Batch [0-3]	Speed: 15380.18 samples/sec	cross-entropy=1.905848	epss-accuracy=0.000000
2024-04-08 00:23:55,675 [INFO]  Epoch[2] Train-cross-entropy=0.606446
2024-04-08 00:23:55,675 [INFO]  Epoch[2] Train-epss-accuracy=0.000000
2024-04-08 00:23:55,675 [INFO]  Epoch[2] Time cost=0.006
2024-04-08 00:23:55,676 [INFO]  Saved checkpoint to "./imputer_model/29_echocardiogram/imputer_model_epss/model-0002.params"
2024-04-08 00:23:55,677 [INFO]  Epoch[2] Validation-cross-entropy=0.382227
2024-04-08 00:23:55,677 [INFO]  Epoch[2] Validation-epss-accuracy=0.000000
2024-04-08 00:23:55,679 [INFO]  Epoch[3] Batch [0-3]	Speed: 23981.73 samples/sec	cross-entropy=0.748360	epss-accuracy=0.000000
2024-04-08 00:23:55,681 [INFO]  Epoch[3] Train-cross-entropy=0.300328
2024-04-08 00:23:55,681 [INFO]  Epoch[3] Train-epss-accuracy=0.000000
2024-04-08 00:23:55,681 [INFO]  Epoch[3] Time cost=0.005
2024-04-08 00:23:55,683 [INFO]  Saved checkpoint to "./imputer_model/29_echocardiogram/imputer_model_epss/model-0003.params"
2024-04-08 00:23:55,683 [INFO]  Epoch[3] Validation-cross-entropy=0.345884
2024-04-08 00:23:55,683 [INFO]  Epoch[3] Validation-epss-accuracy=0.000000
2024-04-08 00:23:55,688 [INFO]  Epoch[4] Batch [0-3]	Speed: 15269.37 samples/sec	cross-entropy=0.489536	epss-accuracy=0.000000
2024-04-08 00:23:55,689 [INFO]  Epoch[4] Train-cross-entropy=0.340538
2024-04-08 00:23:55,689 [INFO]  Epoch[4] Train-epss-accuracy=0.000000
2024-04-08 00:23:55,689 [INFO]  Epoch[4] Time cost=0.006
2024-04-08 00:23:55,691 [INFO]  Saved checkpoint to "./imputer_model/29_echocardiogram/imputer_model_epss/model-0004.params"
2024-04-08 00:23:55,691 [INFO]  Epoch[4] Validation-cross-entropy=0.354599
2024-04-08 00:23:55,691 [INFO]  Epoch[4] Validation-epss-accuracy=0.000000
2024-04-08 00:23:55,691 [INFO]  
========== done (0.1047065258026123 s) fit model
