2024-03-24 17:38:18,131 [INFO]  
========== start: fit model
2024-03-24 17:38:18,132 [WARNING]  Already bound, ignoring bind()
2024-03-24 17:38:18,139 [INFO]  Epoch[0] Batch [0-7]	Speed: 21206.30 samples/sec	cross-entropy=9.231174	restecg-accuracy=0.000000
2024-03-24 17:38:18,144 [INFO]  Epoch[0] Train-cross-entropy=2.418727
2024-03-24 17:38:18,144 [INFO]  Epoch[0] Train-restecg-accuracy=0.000000
2024-03-24 17:38:18,144 [INFO]  Epoch[0] Time cost=0.011
2024-03-24 17:38:18,145 [INFO]  Saved checkpoint to "./imputer_model/2_heart/imputer_model_restecg/model-0000.params"
2024-03-24 17:38:18,146 [INFO]  Epoch[0] Validation-cross-entropy=0.911226
2024-03-24 17:38:18,146 [INFO]  Epoch[0] Validation-restecg-accuracy=0.000000
2024-03-24 17:38:18,158 [INFO]  Epoch[1] Batch [0-7]	Speed: 10338.76 samples/sec	cross-entropy=1.749020	restecg-accuracy=0.000000
2024-03-24 17:38:18,187 [INFO]  Epoch[1] Train-cross-entropy=1.070669
2024-03-24 17:38:18,187 [INFO]  Epoch[1] Train-restecg-accuracy=0.000000
2024-03-24 17:38:18,187 [INFO]  Epoch[1] Time cost=0.040
2024-03-24 17:38:18,188 [INFO]  Saved checkpoint to "./imputer_model/2_heart/imputer_model_restecg/model-0001.params"
2024-03-24 17:38:18,194 [INFO]  Epoch[1] Validation-cross-entropy=3.204562
2024-03-24 17:38:18,194 [INFO]  Epoch[1] Validation-restecg-accuracy=0.000000
2024-03-24 17:38:18,207 [INFO]  Epoch[2] Batch [0-7]	Speed: 9406.91 samples/sec	cross-entropy=0.837965	restecg-accuracy=0.000000
2024-03-24 17:38:18,213 [INFO]  Epoch[2] Train-cross-entropy=0.435556
2024-03-24 17:38:18,213 [INFO]  Epoch[2] Train-restecg-accuracy=0.000000
2024-03-24 17:38:18,213 [INFO]  Epoch[2] Time cost=0.020
2024-03-24 17:38:18,215 [INFO]  Saved checkpoint to "./imputer_model/2_heart/imputer_model_restecg/model-0002.params"
2024-03-24 17:38:18,220 [INFO]  Epoch[2] Validation-cross-entropy=0.886516
2024-03-24 17:38:18,220 [INFO]  Epoch[2] Validation-restecg-accuracy=0.000000
2024-03-24 17:38:18,229 [INFO]  Epoch[3] Batch [0-7]	Speed: 14469.80 samples/sec	cross-entropy=0.388984	restecg-accuracy=0.000000
2024-03-24 17:38:18,245 [INFO]  Epoch[3] Train-cross-entropy=0.237202
2024-03-24 17:38:18,245 [INFO]  Epoch[3] Train-restecg-accuracy=0.000000
2024-03-24 17:38:18,245 [INFO]  Epoch[3] Time cost=0.025
2024-03-24 17:38:18,246 [INFO]  Saved checkpoint to "./imputer_model/2_heart/imputer_model_restecg/model-0003.params"
2024-03-24 17:38:18,247 [INFO]  Epoch[3] Validation-cross-entropy=0.315449
2024-03-24 17:38:18,247 [INFO]  Epoch[3] Validation-restecg-accuracy=0.000000
2024-03-24 17:38:18,257 [INFO]  Epoch[4] Batch [0-7]	Speed: 20856.99 samples/sec	cross-entropy=0.246478	restecg-accuracy=0.000000
2024-03-24 17:38:18,262 [INFO]  Epoch[4] Train-cross-entropy=0.133302
2024-03-24 17:38:18,262 [INFO]  Epoch[4] Train-restecg-accuracy=0.000000
2024-03-24 17:38:18,262 [INFO]  Epoch[4] Time cost=0.015
2024-03-24 17:38:18,264 [INFO]  Saved checkpoint to "./imputer_model/2_heart/imputer_model_restecg/model-0004.params"
2024-03-24 17:38:18,264 [INFO]  Epoch[4] Validation-cross-entropy=0.300767
2024-03-24 17:38:18,264 [INFO]  Epoch[4] Validation-restecg-accuracy=0.000000
2024-03-24 17:38:18,265 [INFO]  
========== done (0.13309669494628906 s) fit model
2024-03-24 17:38:21,803 [INFO]  
========== start: fit model
2024-03-24 17:38:21,803 [WARNING]  Already bound, ignoring bind()
2024-03-24 17:38:21,809 [INFO]  Epoch[0] Batch [0-7]	Speed: 28865.80 samples/sec	cross-entropy=21.789021	restecg-accuracy=2.875000
2024-03-24 17:38:21,815 [INFO]  Epoch[0] Train-cross-entropy=7.025751
2024-03-24 17:38:21,815 [INFO]  Epoch[0] Train-restecg-accuracy=3.666667
2024-03-24 17:38:21,815 [INFO]  Epoch[0] Time cost=0.010
2024-03-24 17:38:21,818 [INFO]  Saved checkpoint to "./imputer_model/2_heart/imputer_model_restecg/model-0000.params"
2024-03-24 17:38:21,819 [INFO]  Epoch[0] Validation-cross-entropy=2.134089
2024-03-24 17:38:21,819 [INFO]  Epoch[0] Validation-restecg-accuracy=0.000000
2024-03-24 17:38:21,828 [INFO]  Epoch[1] Batch [0-7]	Speed: 13930.02 samples/sec	cross-entropy=1.855063	restecg-accuracy=2.875000
2024-03-24 17:38:21,835 [INFO]  Epoch[1] Train-cross-entropy=0.918174
2024-03-24 17:38:21,835 [INFO]  Epoch[1] Train-restecg-accuracy=3.666667
2024-03-24 17:38:21,836 [INFO]  Epoch[1] Time cost=0.016
2024-03-24 17:38:21,838 [INFO]  Saved checkpoint to "./imputer_model/2_heart/imputer_model_restecg/model-0001.params"
2024-03-24 17:38:21,839 [INFO]  Epoch[1] Validation-cross-entropy=1.453989
2024-03-24 17:38:21,839 [INFO]  Epoch[1] Validation-restecg-accuracy=0.000000
2024-03-24 17:38:21,849 [INFO]  Epoch[2] Batch [0-7]	Speed: 14503.30 samples/sec	cross-entropy=0.859923	restecg-accuracy=2.875000
2024-03-24 17:38:21,855 [INFO]  Epoch[2] Train-cross-entropy=0.557395
2024-03-24 17:38:21,856 [INFO]  Epoch[2] Train-restecg-accuracy=3.666667
2024-03-24 17:38:21,856 [INFO]  Epoch[2] Time cost=0.016
2024-03-24 17:38:21,858 [INFO]  Saved checkpoint to "./imputer_model/2_heart/imputer_model_restecg/model-0002.params"
2024-03-24 17:38:21,859 [INFO]  Epoch[2] Validation-cross-entropy=0.421579
2024-03-24 17:38:21,859 [INFO]  Epoch[2] Validation-restecg-accuracy=0.000000
2024-03-24 17:38:21,869 [INFO]  Epoch[3] Batch [0-7]	Speed: 14434.67 samples/sec	cross-entropy=0.402673	restecg-accuracy=2.875000
2024-03-24 17:38:21,875 [INFO]  Epoch[3] Train-cross-entropy=0.189325
2024-03-24 17:38:21,876 [INFO]  Epoch[3] Train-restecg-accuracy=3.666667
2024-03-24 17:38:21,876 [INFO]  Epoch[3] Time cost=0.016
2024-03-24 17:38:21,878 [INFO]  Saved checkpoint to "./imputer_model/2_heart/imputer_model_restecg/model-0003.params"
2024-03-24 17:38:21,879 [INFO]  Epoch[3] Validation-cross-entropy=0.101158
2024-03-24 17:38:21,880 [INFO]  Epoch[3] Validation-restecg-accuracy=0.000000
2024-03-24 17:38:21,889 [INFO]  Epoch[4] Batch [0-7]	Speed: 14631.14 samples/sec	cross-entropy=0.207961	restecg-accuracy=2.875000
2024-03-24 17:38:21,895 [INFO]  Epoch[4] Train-cross-entropy=0.125382
2024-03-24 17:38:21,896 [INFO]  Epoch[4] Train-restecg-accuracy=3.666667
2024-03-24 17:38:21,896 [INFO]  Epoch[4] Time cost=0.016
2024-03-24 17:38:21,898 [INFO]  Saved checkpoint to "./imputer_model/2_heart/imputer_model_restecg/model-0004.params"
2024-03-24 17:38:21,899 [INFO]  Epoch[4] Validation-cross-entropy=0.105467
2024-03-24 17:38:21,899 [INFO]  Epoch[4] Validation-restecg-accuracy=0.000000
2024-03-24 17:38:21,900 [INFO]  
========== done (0.0963900089263916 s) fit model
2024-03-24 17:38:25,725 [INFO]  
========== start: fit model
2024-03-24 17:38:25,725 [WARNING]  Already bound, ignoring bind()
2024-03-24 17:38:25,736 [INFO]  Epoch[0] Batch [0-7]	Speed: 12661.03 samples/sec	cross-entropy=11.168731	restecg-accuracy=2.625000
2024-03-24 17:38:25,741 [INFO]  Epoch[0] Train-cross-entropy=2.382185
2024-03-24 17:38:25,741 [INFO]  Epoch[0] Train-restecg-accuracy=3.833333
2024-03-24 17:38:25,741 [INFO]  Epoch[0] Time cost=0.015
2024-03-24 17:38:25,743 [INFO]  Saved checkpoint to "./imputer_model/2_heart/imputer_model_restecg/model-0000.params"
2024-03-24 17:38:25,743 [INFO]  Epoch[0] Validation-cross-entropy=0.674016
2024-03-24 17:38:25,743 [INFO]  Epoch[0] Validation-restecg-accuracy=0.000000
2024-03-24 17:38:25,749 [INFO]  Epoch[1] Batch [0-7]	Speed: 21747.24 samples/sec	cross-entropy=0.720125	restecg-accuracy=2.625000
2024-03-24 17:38:25,754 [INFO]  Epoch[1] Train-cross-entropy=1.446060
2024-03-24 17:38:25,754 [INFO]  Epoch[1] Train-restecg-accuracy=3.833333
2024-03-24 17:38:25,754 [INFO]  Epoch[1] Time cost=0.011
2024-03-24 17:38:25,756 [INFO]  Saved checkpoint to "./imputer_model/2_heart/imputer_model_restecg/model-0001.params"
2024-03-24 17:38:25,758 [INFO]  Epoch[1] Validation-cross-entropy=1.201317
2024-03-24 17:38:25,758 [INFO]  Epoch[1] Validation-restecg-accuracy=0.000000
2024-03-24 17:38:25,764 [INFO]  Epoch[2] Batch [0-7]	Speed: 23329.46 samples/sec	cross-entropy=0.688838	restecg-accuracy=2.625000
2024-03-24 17:38:25,769 [INFO]  Epoch[2] Train-cross-entropy=0.238694
2024-03-24 17:38:25,769 [INFO]  Epoch[2] Train-restecg-accuracy=3.833333
2024-03-24 17:38:25,769 [INFO]  Epoch[2] Time cost=0.010
2024-03-24 17:38:25,770 [INFO]  Saved checkpoint to "./imputer_model/2_heart/imputer_model_restecg/model-0002.params"
2024-03-24 17:38:25,770 [INFO]  Epoch[2] Validation-cross-entropy=0.303898
2024-03-24 17:38:25,771 [INFO]  Epoch[2] Validation-restecg-accuracy=0.000000
2024-03-24 17:38:25,803 [INFO]  Epoch[3] Batch [0-7]	Speed: 3597.94 samples/sec	cross-entropy=0.348011	restecg-accuracy=2.625000
2024-03-24 17:38:25,811 [INFO]  Epoch[3] Train-cross-entropy=0.192214
2024-03-24 17:38:25,811 [INFO]  Epoch[3] Train-restecg-accuracy=3.833333
2024-03-24 17:38:25,811 [INFO]  Epoch[3] Time cost=0.040
2024-03-24 17:38:25,812 [INFO]  Saved checkpoint to "./imputer_model/2_heart/imputer_model_restecg/model-0003.params"
2024-03-24 17:38:25,813 [INFO]  Epoch[3] Validation-cross-entropy=0.241448
2024-03-24 17:38:25,813 [INFO]  Epoch[3] Validation-restecg-accuracy=0.000000
2024-03-24 17:38:25,820 [INFO]  Epoch[4] Batch [0-7]	Speed: 18035.17 samples/sec	cross-entropy=0.120374	restecg-accuracy=2.625000
2024-03-24 17:38:25,826 [INFO]  Epoch[4] Train-cross-entropy=0.146280
2024-03-24 17:38:25,827 [INFO]  Epoch[4] Train-restecg-accuracy=3.833333
2024-03-24 17:38:25,827 [INFO]  Epoch[4] Time cost=0.014
2024-03-24 17:38:25,828 [INFO]  Saved checkpoint to "./imputer_model/2_heart/imputer_model_restecg/model-0004.params"
2024-03-24 17:38:25,828 [INFO]  Epoch[4] Validation-cross-entropy=0.170192
2024-03-24 17:38:25,828 [INFO]  Epoch[4] Validation-restecg-accuracy=0.000000
2024-03-24 17:38:25,828 [INFO]  
========== done (0.10327720642089844 s) fit model
2024-03-24 17:38:29,049 [INFO]  
========== start: fit model
2024-03-24 17:38:29,049 [WARNING]  Already bound, ignoring bind()
2024-03-24 17:38:29,070 [INFO]  Epoch[0] Batch [0-7]	Speed: 14703.96 samples/sec	cross-entropy=17.070846	restecg-accuracy=4.000000
2024-03-24 17:38:29,077 [INFO]  Epoch[0] Train-cross-entropy=6.257841
2024-03-24 17:38:29,077 [INFO]  Epoch[0] Train-restecg-accuracy=3.833333
2024-03-24 17:38:29,077 [INFO]  Epoch[0] Time cost=0.026
2024-03-24 17:38:29,078 [INFO]  Saved checkpoint to "./imputer_model/2_heart/imputer_model_restecg/model-0000.params"
2024-03-24 17:38:29,079 [INFO]  Epoch[0] Validation-cross-entropy=4.103687
2024-03-24 17:38:29,079 [INFO]  Epoch[0] Validation-restecg-accuracy=0.000000
2024-03-24 17:38:29,085 [INFO]  Epoch[1] Batch [0-7]	Speed: 20183.12 samples/sec	cross-entropy=1.265984	restecg-accuracy=4.000000
2024-03-24 17:38:29,090 [INFO]  Epoch[1] Train-cross-entropy=0.637150
2024-03-24 17:38:29,090 [INFO]  Epoch[1] Train-restecg-accuracy=3.833333
2024-03-24 17:38:29,090 [INFO]  Epoch[1] Time cost=0.011
2024-03-24 17:38:29,091 [INFO]  Saved checkpoint to "./imputer_model/2_heart/imputer_model_restecg/model-0001.params"
2024-03-24 17:38:29,092 [INFO]  Epoch[1] Validation-cross-entropy=0.467001
2024-03-24 17:38:29,092 [INFO]  Epoch[1] Validation-restecg-accuracy=0.000000
2024-03-24 17:38:29,098 [INFO]  Epoch[2] Batch [0-7]	Speed: 21062.73 samples/sec	cross-entropy=0.691998	restecg-accuracy=4.000000
2024-03-24 17:38:29,103 [INFO]  Epoch[2] Train-cross-entropy=0.565205
2024-03-24 17:38:29,103 [INFO]  Epoch[2] Train-restecg-accuracy=3.833333
2024-03-24 17:38:29,103 [INFO]  Epoch[2] Time cost=0.011
2024-03-24 17:38:29,104 [INFO]  Saved checkpoint to "./imputer_model/2_heart/imputer_model_restecg/model-0002.params"
2024-03-24 17:38:29,107 [INFO]  Epoch[2] Validation-cross-entropy=0.561276
2024-03-24 17:38:29,107 [INFO]  Epoch[2] Validation-restecg-accuracy=0.000000
2024-03-24 17:38:29,117 [INFO]  Epoch[3] Batch [0-7]	Speed: 12670.93 samples/sec	cross-entropy=0.246109	restecg-accuracy=4.000000
2024-03-24 17:38:29,126 [INFO]  Epoch[3] Train-cross-entropy=0.173535
2024-03-24 17:38:29,126 [INFO]  Epoch[3] Train-restecg-accuracy=3.833333
2024-03-24 17:38:29,126 [INFO]  Epoch[3] Time cost=0.019
2024-03-24 17:38:29,128 [INFO]  Saved checkpoint to "./imputer_model/2_heart/imputer_model_restecg/model-0003.params"
2024-03-24 17:38:29,129 [INFO]  Epoch[3] Validation-cross-entropy=0.727086
2024-03-24 17:38:29,129 [INFO]  Epoch[3] Validation-restecg-accuracy=0.000000
2024-03-24 17:38:29,141 [INFO]  Epoch[4] Batch [0-7]	Speed: 10019.45 samples/sec	cross-entropy=0.140093	restecg-accuracy=4.000000
2024-03-24 17:38:29,147 [INFO]  Epoch[4] Train-cross-entropy=0.115213
2024-03-24 17:38:29,147 [INFO]  Epoch[4] Train-restecg-accuracy=3.833333
2024-03-24 17:38:29,147 [INFO]  Epoch[4] Time cost=0.019
2024-03-24 17:38:29,149 [INFO]  Saved checkpoint to "./imputer_model/2_heart/imputer_model_restecg/model-0004.params"
2024-03-24 17:38:29,150 [INFO]  Epoch[4] Validation-cross-entropy=0.470273
2024-03-24 17:38:29,150 [INFO]  Epoch[4] Validation-restecg-accuracy=0.000000
2024-03-24 17:38:29,150 [INFO]  
========== done (0.10091543197631836 s) fit model
2024-03-24 17:38:32,800 [INFO]  
========== start: fit model
2024-03-24 17:38:32,800 [WARNING]  Already bound, ignoring bind()
2024-03-24 17:38:32,806 [INFO]  Epoch[0] Batch [0-7]	Speed: 28605.65 samples/sec	cross-entropy=12.001027	restecg-accuracy=4.125000
2024-03-24 17:38:32,809 [INFO]  Epoch[0] Train-cross-entropy=3.776096
2024-03-24 17:38:32,810 [INFO]  Epoch[0] Train-restecg-accuracy=3.000000
2024-03-24 17:38:32,810 [INFO]  Epoch[0] Time cost=0.009
2024-03-24 17:38:32,811 [INFO]  Saved checkpoint to "./imputer_model/2_heart/imputer_model_restecg/model-0000.params"
2024-03-24 17:38:32,813 [INFO]  Epoch[0] Validation-cross-entropy=1.306663
2024-03-24 17:38:32,813 [INFO]  Epoch[0] Validation-restecg-accuracy=0.000000
2024-03-24 17:38:32,843 [INFO]  Epoch[1] Batch [0-7]	Speed: 3847.86 samples/sec	cross-entropy=1.102060	restecg-accuracy=4.125000
2024-03-24 17:38:32,849 [INFO]  Epoch[1] Train-cross-entropy=0.884257
2024-03-24 17:38:32,850 [INFO]  Epoch[1] Train-restecg-accuracy=3.000000
2024-03-24 17:38:32,850 [INFO]  Epoch[1] Time cost=0.037
2024-03-24 17:38:32,852 [INFO]  Saved checkpoint to "./imputer_model/2_heart/imputer_model_restecg/model-0001.params"
2024-03-24 17:38:32,853 [INFO]  Epoch[1] Validation-cross-entropy=0.488621
2024-03-24 17:38:32,853 [INFO]  Epoch[1] Validation-restecg-accuracy=0.000000
2024-03-24 17:38:32,862 [INFO]  Epoch[2] Batch [0-7]	Speed: 15234.21 samples/sec	cross-entropy=0.660425	restecg-accuracy=4.125000
2024-03-24 17:38:32,868 [INFO]  Epoch[2] Train-cross-entropy=0.532521
2024-03-24 17:38:32,869 [INFO]  Epoch[2] Train-restecg-accuracy=3.000000
2024-03-24 17:38:32,869 [INFO]  Epoch[2] Time cost=0.016
2024-03-24 17:38:32,871 [INFO]  Saved checkpoint to "./imputer_model/2_heart/imputer_model_restecg/model-0002.params"
2024-03-24 17:38:32,872 [INFO]  Epoch[2] Validation-cross-entropy=0.178435
2024-03-24 17:38:32,872 [INFO]  Epoch[2] Validation-restecg-accuracy=0.000000
2024-03-24 17:38:32,881 [INFO]  Epoch[3] Batch [0-7]	Speed: 14677.31 samples/sec	cross-entropy=0.195145	restecg-accuracy=4.125000
2024-03-24 17:38:32,888 [INFO]  Epoch[3] Train-cross-entropy=0.135182
2024-03-24 17:38:32,888 [INFO]  Epoch[3] Train-restecg-accuracy=3.000000
2024-03-24 17:38:32,889 [INFO]  Epoch[3] Time cost=0.016
2024-03-24 17:38:32,891 [INFO]  Saved checkpoint to "./imputer_model/2_heart/imputer_model_restecg/model-0003.params"
2024-03-24 17:38:32,892 [INFO]  Epoch[3] Validation-cross-entropy=0.126929
2024-03-24 17:38:32,892 [INFO]  Epoch[3] Validation-restecg-accuracy=0.000000
2024-03-24 17:38:32,904 [INFO]  Epoch[4] Batch [0-7]	Speed: 11263.66 samples/sec	cross-entropy=0.137981	restecg-accuracy=4.125000
2024-03-24 17:38:32,911 [INFO]  Epoch[4] Train-cross-entropy=0.094703
2024-03-24 17:38:32,911 [INFO]  Epoch[4] Train-restecg-accuracy=3.000000
2024-03-24 17:38:32,911 [INFO]  Epoch[4] Time cost=0.019
2024-03-24 17:38:32,913 [INFO]  Saved checkpoint to "./imputer_model/2_heart/imputer_model_restecg/model-0004.params"
2024-03-24 17:38:32,914 [INFO]  Epoch[4] Validation-cross-entropy=0.083520
2024-03-24 17:38:32,915 [INFO]  Epoch[4] Validation-restecg-accuracy=0.000000
2024-03-24 17:38:32,915 [INFO]  
========== done (0.11487603187561035 s) fit model
2024-03-24 17:38:36,111 [INFO]  
========== start: fit model
2024-03-24 17:38:36,112 [WARNING]  Already bound, ignoring bind()
2024-03-24 17:38:36,137 [INFO]  Epoch[0] Batch [0-7]	Speed: 9744.28 samples/sec	cross-entropy=24.875381	restecg-accuracy=3.875000
2024-03-24 17:38:36,142 [INFO]  Epoch[0] Train-cross-entropy=12.296441
2024-03-24 17:38:36,142 [INFO]  Epoch[0] Train-restecg-accuracy=2.666667
2024-03-24 17:38:36,143 [INFO]  Epoch[0] Time cost=0.030
2024-03-24 17:38:36,144 [INFO]  Saved checkpoint to "./imputer_model/2_heart/imputer_model_restecg/model-0000.params"
2024-03-24 17:38:36,145 [INFO]  Epoch[0] Validation-cross-entropy=4.849429
2024-03-24 17:38:36,145 [INFO]  Epoch[0] Validation-restecg-accuracy=0.000000
2024-03-24 17:38:36,161 [INFO]  Epoch[1] Batch [0-7]	Speed: 7675.98 samples/sec	cross-entropy=3.514391	restecg-accuracy=3.875000
2024-03-24 17:38:36,166 [INFO]  Epoch[1] Train-cross-entropy=1.338177
2024-03-24 17:38:36,166 [INFO]  Epoch[1] Train-restecg-accuracy=2.666667
2024-03-24 17:38:36,167 [INFO]  Epoch[1] Time cost=0.021
2024-03-24 17:38:36,168 [INFO]  Saved checkpoint to "./imputer_model/2_heart/imputer_model_restecg/model-0001.params"
2024-03-24 17:38:36,169 [INFO]  Epoch[1] Validation-cross-entropy=2.096341
2024-03-24 17:38:36,169 [INFO]  Epoch[1] Validation-restecg-accuracy=0.000000
2024-03-24 17:38:36,173 [INFO]  Epoch[2] Batch [0-7]	Speed: 28417.04 samples/sec	cross-entropy=0.871344	restecg-accuracy=3.875000
2024-03-24 17:38:36,177 [INFO]  Epoch[2] Train-cross-entropy=0.938639
2024-03-24 17:38:36,177 [INFO]  Epoch[2] Train-restecg-accuracy=2.666667
2024-03-24 17:38:36,177 [INFO]  Epoch[2] Time cost=0.008
2024-03-24 17:38:36,178 [INFO]  Saved checkpoint to "./imputer_model/2_heart/imputer_model_restecg/model-0002.params"
2024-03-24 17:38:36,179 [INFO]  Epoch[2] Validation-cross-entropy=1.576963
2024-03-24 17:38:36,179 [INFO]  Epoch[2] Validation-restecg-accuracy=0.000000
2024-03-24 17:38:36,185 [INFO]  Epoch[3] Batch [0-7]	Speed: 21003.40 samples/sec	cross-entropy=0.635023	restecg-accuracy=3.875000
2024-03-24 17:38:36,192 [INFO]  Epoch[3] Train-cross-entropy=0.488178
2024-03-24 17:38:36,192 [INFO]  Epoch[3] Train-restecg-accuracy=2.666667
2024-03-24 17:38:36,192 [INFO]  Epoch[3] Time cost=0.013
2024-03-24 17:38:36,193 [INFO]  Saved checkpoint to "./imputer_model/2_heart/imputer_model_restecg/model-0003.params"
2024-03-24 17:38:36,194 [INFO]  Epoch[3] Validation-cross-entropy=0.728180
2024-03-24 17:38:36,195 [INFO]  Epoch[3] Validation-restecg-accuracy=0.000000
2024-03-24 17:38:36,204 [INFO]  Epoch[4] Batch [0-7]	Speed: 14529.77 samples/sec	cross-entropy=0.256780	restecg-accuracy=3.875000
2024-03-24 17:38:36,211 [INFO]  Epoch[4] Train-cross-entropy=0.247686
2024-03-24 17:38:36,211 [INFO]  Epoch[4] Train-restecg-accuracy=2.666667
2024-03-24 17:38:36,211 [INFO]  Epoch[4] Time cost=0.017
2024-03-24 17:38:36,214 [INFO]  Saved checkpoint to "./imputer_model/2_heart/imputer_model_restecg/model-0004.params"
2024-03-24 17:38:36,215 [INFO]  Epoch[4] Validation-cross-entropy=0.231587
2024-03-24 17:38:36,215 [INFO]  Epoch[4] Validation-restecg-accuracy=0.000000
2024-03-24 17:38:36,216 [INFO]  
========== done (0.10417699813842773 s) fit model
2024-03-24 17:38:39,327 [INFO]  
========== start: fit model
2024-03-24 17:38:39,327 [WARNING]  Already bound, ignoring bind()
2024-03-24 17:38:39,345 [INFO]  Epoch[0] Batch [0-7]	Speed: 7830.28 samples/sec	cross-entropy=16.217922	restecg-accuracy=0.000000
2024-03-24 17:38:39,358 [INFO]  Epoch[0] Train-cross-entropy=8.111114
2024-03-24 17:38:39,358 [INFO]  Epoch[0] Train-restecg-accuracy=0.000000
2024-03-24 17:38:39,358 [INFO]  Epoch[0] Time cost=0.030
2024-03-24 17:38:39,360 [INFO]  Saved checkpoint to "./imputer_model/2_heart/imputer_model_restecg/model-0000.params"
2024-03-24 17:38:39,363 [INFO]  Epoch[0] Validation-cross-entropy=5.311849
2024-03-24 17:38:39,363 [INFO]  Epoch[0] Validation-restecg-accuracy=0.000000
2024-03-24 17:38:39,372 [INFO]  Epoch[1] Batch [0-7]	Speed: 13954.02 samples/sec	cross-entropy=2.351566	restecg-accuracy=0.000000
2024-03-24 17:38:39,379 [INFO]  Epoch[1] Train-cross-entropy=1.429863
2024-03-24 17:38:39,379 [INFO]  Epoch[1] Train-restecg-accuracy=0.000000
2024-03-24 17:38:39,379 [INFO]  Epoch[1] Time cost=0.016
2024-03-24 17:38:39,381 [INFO]  Saved checkpoint to "./imputer_model/2_heart/imputer_model_restecg/model-0001.params"
2024-03-24 17:38:39,382 [INFO]  Epoch[1] Validation-cross-entropy=0.667468
2024-03-24 17:38:39,382 [INFO]  Epoch[1] Validation-restecg-accuracy=0.000000
2024-03-24 17:38:39,391 [INFO]  Epoch[2] Batch [0-7]	Speed: 14379.44 samples/sec	cross-entropy=0.977538	restecg-accuracy=0.000000
2024-03-24 17:38:39,398 [INFO]  Epoch[2] Train-cross-entropy=0.981640
2024-03-24 17:38:39,398 [INFO]  Epoch[2] Train-restecg-accuracy=0.000000
2024-03-24 17:38:39,398 [INFO]  Epoch[2] Time cost=0.016
2024-03-24 17:38:39,400 [INFO]  Saved checkpoint to "./imputer_model/2_heart/imputer_model_restecg/model-0002.params"
2024-03-24 17:38:39,401 [INFO]  Epoch[2] Validation-cross-entropy=0.844869
2024-03-24 17:38:39,401 [INFO]  Epoch[2] Validation-restecg-accuracy=0.000000
2024-03-24 17:38:39,410 [INFO]  Epoch[3] Batch [0-7]	Speed: 14392.22 samples/sec	cross-entropy=0.484224	restecg-accuracy=0.000000
2024-03-24 17:38:39,417 [INFO]  Epoch[3] Train-cross-entropy=0.400910
2024-03-24 17:38:39,417 [INFO]  Epoch[3] Train-restecg-accuracy=0.000000
2024-03-24 17:38:39,417 [INFO]  Epoch[3] Time cost=0.016
2024-03-24 17:38:39,419 [INFO]  Saved checkpoint to "./imputer_model/2_heart/imputer_model_restecg/model-0003.params"
2024-03-24 17:38:39,420 [INFO]  Epoch[3] Validation-cross-entropy=0.181971
2024-03-24 17:38:39,420 [INFO]  Epoch[3] Validation-restecg-accuracy=0.000000
2024-03-24 17:38:39,429 [INFO]  Epoch[4] Batch [0-7]	Speed: 14420.50 samples/sec	cross-entropy=0.218154	restecg-accuracy=0.000000
2024-03-24 17:38:39,436 [INFO]  Epoch[4] Train-cross-entropy=0.221000
2024-03-24 17:38:39,436 [INFO]  Epoch[4] Train-restecg-accuracy=0.000000
2024-03-24 17:38:39,436 [INFO]  Epoch[4] Time cost=0.016
2024-03-24 17:38:39,438 [INFO]  Saved checkpoint to "./imputer_model/2_heart/imputer_model_restecg/model-0004.params"
2024-03-24 17:38:39,439 [INFO]  Epoch[4] Validation-cross-entropy=0.121822
2024-03-24 17:38:39,439 [INFO]  Epoch[4] Validation-restecg-accuracy=0.000000
2024-03-24 17:38:39,439 [INFO]  
========== done (0.11216521263122559 s) fit model
2024-03-24 17:38:42,737 [INFO]  
========== start: fit model
2024-03-24 17:38:42,738 [WARNING]  Already bound, ignoring bind()
2024-03-24 17:38:42,749 [INFO]  Epoch[0] Batch [0-7]	Speed: 12774.99 samples/sec	cross-entropy=9.587409	restecg-accuracy=2.750000
2024-03-24 17:38:42,755 [INFO]  Epoch[0] Train-cross-entropy=3.738488
2024-03-24 17:38:42,755 [INFO]  Epoch[0] Train-restecg-accuracy=4.333333
2024-03-24 17:38:42,755 [INFO]  Epoch[0] Time cost=0.016
2024-03-24 17:38:42,757 [INFO]  Saved checkpoint to "./imputer_model/2_heart/imputer_model_restecg/model-0000.params"
2024-03-24 17:38:42,758 [INFO]  Epoch[0] Validation-cross-entropy=2.820561
2024-03-24 17:38:42,758 [INFO]  Epoch[0] Validation-restecg-accuracy=0.000000
2024-03-24 17:38:42,764 [INFO]  Epoch[1] Batch [0-7]	Speed: 20749.21 samples/sec	cross-entropy=1.721284	restecg-accuracy=2.750000
2024-03-24 17:38:42,773 [INFO]  Epoch[1] Train-cross-entropy=0.787584
2024-03-24 17:38:42,773 [INFO]  Epoch[1] Train-restecg-accuracy=4.333333
2024-03-24 17:38:42,773 [INFO]  Epoch[1] Time cost=0.016
2024-03-24 17:38:42,775 [INFO]  Saved checkpoint to "./imputer_model/2_heart/imputer_model_restecg/model-0001.params"
2024-03-24 17:38:42,775 [INFO]  Epoch[1] Validation-cross-entropy=1.359664
2024-03-24 17:38:42,775 [INFO]  Epoch[1] Validation-restecg-accuracy=0.000000
2024-03-24 17:38:42,781 [INFO]  Epoch[2] Batch [0-7]	Speed: 24318.58 samples/sec	cross-entropy=1.029118	restecg-accuracy=2.750000
2024-03-24 17:38:42,785 [INFO]  Epoch[2] Train-cross-entropy=0.324492
2024-03-24 17:38:42,785 [INFO]  Epoch[2] Train-restecg-accuracy=4.333333
2024-03-24 17:38:42,785 [INFO]  Epoch[2] Time cost=0.010
2024-03-24 17:38:42,791 [INFO]  Saved checkpoint to "./imputer_model/2_heart/imputer_model_restecg/model-0002.params"
2024-03-24 17:38:42,797 [INFO]  Epoch[2] Validation-cross-entropy=0.366490
2024-03-24 17:38:42,797 [INFO]  Epoch[2] Validation-restecg-accuracy=0.000000
2024-03-24 17:38:42,815 [INFO]  Epoch[3] Batch [0-7]	Speed: 6727.61 samples/sec	cross-entropy=0.303752	restecg-accuracy=2.750000
2024-03-24 17:38:42,818 [INFO]  Epoch[3] Train-cross-entropy=0.164139
2024-03-24 17:38:42,818 [INFO]  Epoch[3] Train-restecg-accuracy=4.333333
2024-03-24 17:38:42,818 [INFO]  Epoch[3] Time cost=0.021
2024-03-24 17:38:42,820 [INFO]  Saved checkpoint to "./imputer_model/2_heart/imputer_model_restecg/model-0003.params"
2024-03-24 17:38:42,820 [INFO]  Epoch[3] Validation-cross-entropy=0.140607
2024-03-24 17:38:42,820 [INFO]  Epoch[3] Validation-restecg-accuracy=0.000000
2024-03-24 17:38:42,825 [INFO]  Epoch[4] Batch [0-7]	Speed: 25664.45 samples/sec	cross-entropy=0.148756	restecg-accuracy=2.750000
2024-03-24 17:38:42,833 [INFO]  Epoch[4] Train-cross-entropy=0.057378
2024-03-24 17:38:42,833 [INFO]  Epoch[4] Train-restecg-accuracy=4.333333
2024-03-24 17:38:42,833 [INFO]  Epoch[4] Time cost=0.013
2024-03-24 17:38:42,835 [INFO]  Saved checkpoint to "./imputer_model/2_heart/imputer_model_restecg/model-0004.params"
2024-03-24 17:38:42,835 [INFO]  Epoch[4] Validation-cross-entropy=0.062980
2024-03-24 17:38:42,835 [INFO]  Epoch[4] Validation-restecg-accuracy=0.000000
2024-03-24 17:38:42,835 [INFO]  
========== done (0.09784626960754395 s) fit model
2024-03-24 17:38:46,161 [INFO]  
========== start: fit model
2024-03-24 17:38:46,162 [WARNING]  Already bound, ignoring bind()
2024-03-24 17:38:46,178 [INFO]  Epoch[0] Batch [0-7]	Speed: 8920.83 samples/sec	cross-entropy=13.993857	restecg-accuracy=3.875000
2024-03-24 17:38:46,185 [INFO]  Epoch[0] Train-cross-entropy=4.964114
2024-03-24 17:38:46,185 [INFO]  Epoch[0] Train-restecg-accuracy=1.833333
2024-03-24 17:38:46,185 [INFO]  Epoch[0] Time cost=0.023
2024-03-24 17:38:46,188 [INFO]  Saved checkpoint to "./imputer_model/2_heart/imputer_model_restecg/model-0000.params"
2024-03-24 17:38:46,189 [INFO]  Epoch[0] Validation-cross-entropy=4.056753
2024-03-24 17:38:46,189 [INFO]  Epoch[0] Validation-restecg-accuracy=0.000000
2024-03-24 17:38:46,199 [INFO]  Epoch[1] Batch [0-7]	Speed: 13208.18 samples/sec	cross-entropy=1.424808	restecg-accuracy=3.875000
2024-03-24 17:38:46,216 [INFO]  Epoch[1] Train-cross-entropy=1.417451
2024-03-24 17:38:46,216 [INFO]  Epoch[1] Train-restecg-accuracy=1.833333
2024-03-24 17:38:46,216 [INFO]  Epoch[1] Time cost=0.027
2024-03-24 17:38:46,217 [INFO]  Saved checkpoint to "./imputer_model/2_heart/imputer_model_restecg/model-0001.params"
2024-03-24 17:38:46,218 [INFO]  Epoch[1] Validation-cross-entropy=0.969079
2024-03-24 17:38:46,219 [INFO]  Epoch[1] Validation-restecg-accuracy=0.000000
2024-03-24 17:38:46,229 [INFO]  Epoch[2] Batch [0-7]	Speed: 12647.73 samples/sec	cross-entropy=0.997111	restecg-accuracy=3.875000
2024-03-24 17:38:46,297 [INFO]  Epoch[2] Train-cross-entropy=0.639689
2024-03-24 17:38:46,297 [INFO]  Epoch[2] Train-restecg-accuracy=1.833333
2024-03-24 17:38:46,298 [INFO]  Epoch[2] Time cost=0.079
2024-03-24 17:38:46,300 [INFO]  Saved checkpoint to "./imputer_model/2_heart/imputer_model_restecg/model-0002.params"
2024-03-24 17:38:46,301 [INFO]  Epoch[2] Validation-cross-entropy=1.327386
2024-03-24 17:38:46,301 [INFO]  Epoch[2] Validation-restecg-accuracy=0.000000
2024-03-24 17:38:46,311 [INFO]  Epoch[3] Batch [0-7]	Speed: 20447.55 samples/sec	cross-entropy=0.350095	restecg-accuracy=3.875000
2024-03-24 17:38:46,316 [INFO]  Epoch[3] Train-cross-entropy=0.291944
2024-03-24 17:38:46,316 [INFO]  Epoch[3] Train-restecg-accuracy=1.833333
2024-03-24 17:38:46,316 [INFO]  Epoch[3] Time cost=0.015
2024-03-24 17:38:46,318 [INFO]  Saved checkpoint to "./imputer_model/2_heart/imputer_model_restecg/model-0003.params"
2024-03-24 17:38:46,319 [INFO]  Epoch[3] Validation-cross-entropy=0.859152
2024-03-24 17:38:46,319 [INFO]  Epoch[3] Validation-restecg-accuracy=0.000000
2024-03-24 17:38:46,366 [INFO]  Epoch[4] Batch [0-7]	Speed: 2425.04 samples/sec	cross-entropy=0.209041	restecg-accuracy=3.875000
2024-03-24 17:38:46,373 [INFO]  Epoch[4] Train-cross-entropy=0.115343
2024-03-24 17:38:46,373 [INFO]  Epoch[4] Train-restecg-accuracy=1.833333
2024-03-24 17:38:46,373 [INFO]  Epoch[4] Time cost=0.054
2024-03-24 17:38:46,375 [INFO]  Saved checkpoint to "./imputer_model/2_heart/imputer_model_restecg/model-0004.params"
2024-03-24 17:38:46,376 [INFO]  Epoch[4] Validation-cross-entropy=0.807697
2024-03-24 17:38:46,376 [INFO]  Epoch[4] Validation-restecg-accuracy=0.000000
2024-03-24 17:38:46,376 [INFO]  
========== done (0.21429705619812012 s) fit model
2024-03-24 17:38:49,733 [INFO]  
========== start: fit model
2024-03-24 17:38:49,733 [WARNING]  Already bound, ignoring bind()
2024-03-24 17:38:49,745 [INFO]  Epoch[0] Batch [0-7]	Speed: 13279.49 samples/sec	cross-entropy=9.017400	restecg-accuracy=3.750000
2024-03-24 17:38:49,751 [INFO]  Epoch[0] Train-cross-entropy=2.457987
2024-03-24 17:38:49,751 [INFO]  Epoch[0] Train-restecg-accuracy=4.000000
2024-03-24 17:38:49,751 [INFO]  Epoch[0] Time cost=0.018
2024-03-24 17:38:49,754 [INFO]  Saved checkpoint to "./imputer_model/2_heart/imputer_model_restecg/model-0000.params"
2024-03-24 17:38:49,755 [INFO]  Epoch[0] Validation-cross-entropy=1.038001
2024-03-24 17:38:49,755 [INFO]  Epoch[0] Validation-restecg-accuracy=0.000000
2024-03-24 17:38:49,761 [INFO]  Epoch[1] Batch [0-7]	Speed: 21586.35 samples/sec	cross-entropy=0.758771	restecg-accuracy=3.750000
2024-03-24 17:38:49,766 [INFO]  Epoch[1] Train-cross-entropy=0.870929
2024-03-24 17:38:49,766 [INFO]  Epoch[1] Train-restecg-accuracy=4.000000
2024-03-24 17:38:49,766 [INFO]  Epoch[1] Time cost=0.011
2024-03-24 17:38:49,768 [INFO]  Saved checkpoint to "./imputer_model/2_heart/imputer_model_restecg/model-0001.params"
2024-03-24 17:38:49,769 [INFO]  Epoch[1] Validation-cross-entropy=1.847385
2024-03-24 17:38:49,770 [INFO]  Epoch[1] Validation-restecg-accuracy=0.000000
2024-03-24 17:38:49,776 [INFO]  Epoch[2] Batch [0-7]	Speed: 21920.77 samples/sec	cross-entropy=0.587966	restecg-accuracy=3.750000
2024-03-24 17:38:49,780 [INFO]  Epoch[2] Train-cross-entropy=0.303257
2024-03-24 17:38:49,781 [INFO]  Epoch[2] Train-restecg-accuracy=4.000000
2024-03-24 17:38:49,781 [INFO]  Epoch[2] Time cost=0.011
2024-03-24 17:38:49,783 [INFO]  Saved checkpoint to "./imputer_model/2_heart/imputer_model_restecg/model-0002.params"
2024-03-24 17:38:49,784 [INFO]  Epoch[2] Validation-cross-entropy=0.561240
2024-03-24 17:38:49,784 [INFO]  Epoch[2] Validation-restecg-accuracy=0.000000
2024-03-24 17:38:49,791 [INFO]  Epoch[3] Batch [0-7]	Speed: 22286.84 samples/sec	cross-entropy=0.240980	restecg-accuracy=3.750000
2024-03-24 17:38:49,795 [INFO]  Epoch[3] Train-cross-entropy=0.166381
2024-03-24 17:38:49,795 [INFO]  Epoch[3] Train-restecg-accuracy=4.000000
2024-03-24 17:38:49,795 [INFO]  Epoch[3] Time cost=0.011
2024-03-24 17:38:49,798 [INFO]  Saved checkpoint to "./imputer_model/2_heart/imputer_model_restecg/model-0003.params"
2024-03-24 17:38:49,799 [INFO]  Epoch[3] Validation-cross-entropy=0.489519
2024-03-24 17:38:49,799 [INFO]  Epoch[3] Validation-restecg-accuracy=0.000000
2024-03-24 17:38:49,805 [INFO]  Epoch[4] Batch [0-7]	Speed: 22558.68 samples/sec	cross-entropy=0.137245	restecg-accuracy=3.750000
2024-03-24 17:38:49,810 [INFO]  Epoch[4] Train-cross-entropy=0.083511
2024-03-24 17:38:49,810 [INFO]  Epoch[4] Train-restecg-accuracy=4.000000
2024-03-24 17:38:49,810 [INFO]  Epoch[4] Time cost=0.011
2024-03-24 17:38:49,812 [INFO]  Saved checkpoint to "./imputer_model/2_heart/imputer_model_restecg/model-0004.params"
2024-03-24 17:38:49,813 [INFO]  Epoch[4] Validation-cross-entropy=0.467054
2024-03-24 17:38:49,814 [INFO]  Epoch[4] Validation-restecg-accuracy=0.000000
2024-03-24 17:38:49,814 [INFO]  
========== done (0.08101630210876465 s) fit model
2024-03-24 17:38:52,923 [INFO]  
========== start: fit model
2024-03-24 17:38:52,923 [WARNING]  Already bound, ignoring bind()
2024-03-24 17:38:52,937 [INFO]  Epoch[0] Batch [0-7]	Speed: 12786.12 samples/sec	cross-entropy=21.440769	restecg-accuracy=0.000000
2024-03-24 17:38:52,944 [INFO]  Epoch[0] Train-cross-entropy=6.981027
2024-03-24 17:38:52,944 [INFO]  Epoch[0] Train-restecg-accuracy=0.000000
2024-03-24 17:38:52,944 [INFO]  Epoch[0] Time cost=0.020
2024-03-24 17:38:52,946 [INFO]  Saved checkpoint to "./imputer_model/2_heart/imputer_model_restecg/model-0000.params"
2024-03-24 17:38:52,948 [INFO]  Epoch[0] Validation-cross-entropy=11.061841
2024-03-24 17:38:52,948 [INFO]  Epoch[0] Validation-restecg-accuracy=0.000000
2024-03-24 17:38:52,958 [INFO]  Epoch[1] Batch [0-7]	Speed: 13373.25 samples/sec	cross-entropy=3.011183	restecg-accuracy=0.000000
2024-03-24 17:38:52,966 [INFO]  Epoch[1] Train-cross-entropy=0.910821
2024-03-24 17:38:52,966 [INFO]  Epoch[1] Train-restecg-accuracy=0.000000
2024-03-24 17:38:52,967 [INFO]  Epoch[1] Time cost=0.019
2024-03-24 17:38:52,969 [INFO]  Saved checkpoint to "./imputer_model/2_heart/imputer_model_restecg/model-0001.params"
2024-03-24 17:38:52,971 [INFO]  Epoch[1] Validation-cross-entropy=0.620639
2024-03-24 17:38:52,971 [INFO]  Epoch[1] Validation-restecg-accuracy=0.000000
2024-03-24 17:38:52,981 [INFO]  Epoch[2] Batch [0-7]	Speed: 13110.49 samples/sec	cross-entropy=0.758704	restecg-accuracy=0.000000
2024-03-24 17:38:52,988 [INFO]  Epoch[2] Train-cross-entropy=0.482345
2024-03-24 17:38:52,988 [INFO]  Epoch[2] Train-restecg-accuracy=0.000000
2024-03-24 17:38:52,988 [INFO]  Epoch[2] Time cost=0.018
2024-03-24 17:38:52,990 [INFO]  Saved checkpoint to "./imputer_model/2_heart/imputer_model_restecg/model-0002.params"
2024-03-24 17:38:52,992 [INFO]  Epoch[2] Validation-cross-entropy=0.569636
2024-03-24 17:38:52,992 [INFO]  Epoch[2] Validation-restecg-accuracy=0.000000
2024-03-24 17:38:53,001 [INFO]  Epoch[3] Batch [0-7]	Speed: 13934.15 samples/sec	cross-entropy=0.442358	restecg-accuracy=0.000000
2024-03-24 17:38:53,009 [INFO]  Epoch[3] Train-cross-entropy=0.200123
2024-03-24 17:38:53,009 [INFO]  Epoch[3] Train-restecg-accuracy=0.000000
2024-03-24 17:38:53,009 [INFO]  Epoch[3] Time cost=0.017
2024-03-24 17:38:53,011 [INFO]  Saved checkpoint to "./imputer_model/2_heart/imputer_model_restecg/model-0003.params"
2024-03-24 17:38:53,012 [INFO]  Epoch[3] Validation-cross-entropy=0.115607
2024-03-24 17:38:53,012 [INFO]  Epoch[3] Validation-restecg-accuracy=0.000000
2024-03-24 17:38:53,022 [INFO]  Epoch[4] Batch [0-7]	Speed: 13821.82 samples/sec	cross-entropy=0.171793	restecg-accuracy=0.000000
2024-03-24 17:38:53,029 [INFO]  Epoch[4] Train-cross-entropy=0.090616
2024-03-24 17:38:53,029 [INFO]  Epoch[4] Train-restecg-accuracy=0.000000
2024-03-24 17:38:53,029 [INFO]  Epoch[4] Time cost=0.017
2024-03-24 17:38:53,031 [INFO]  Saved checkpoint to "./imputer_model/2_heart/imputer_model_restecg/model-0004.params"
2024-03-24 17:38:53,032 [INFO]  Epoch[4] Validation-cross-entropy=0.148956
2024-03-24 17:38:53,032 [INFO]  Epoch[4] Validation-restecg-accuracy=0.000000
2024-03-24 17:38:53,032 [INFO]  
========== done (0.10957956314086914 s) fit model
2024-03-24 17:38:56,003 [INFO]  
========== start: fit model
2024-03-24 17:38:56,003 [WARNING]  Already bound, ignoring bind()
2024-03-24 17:38:56,011 [INFO]  Epoch[0] Batch [0-7]	Speed: 20420.89 samples/sec	cross-entropy=12.094838	restecg-accuracy=3.875000
2024-03-24 17:38:56,015 [INFO]  Epoch[0] Train-cross-entropy=4.121498
2024-03-24 17:38:56,016 [INFO]  Epoch[0] Train-restecg-accuracy=2.500000
2024-03-24 17:38:56,016 [INFO]  Epoch[0] Time cost=0.012
2024-03-24 17:38:56,017 [INFO]  Saved checkpoint to "./imputer_model/2_heart/imputer_model_restecg/model-0000.params"
2024-03-24 17:38:56,018 [INFO]  Epoch[0] Validation-cross-entropy=2.023698
2024-03-24 17:38:56,018 [INFO]  Epoch[0] Validation-restecg-accuracy=0.000000
2024-03-24 17:38:56,025 [INFO]  Epoch[1] Batch [0-7]	Speed: 20615.35 samples/sec	cross-entropy=0.931689	restecg-accuracy=3.875000
2024-03-24 17:38:56,030 [INFO]  Epoch[1] Train-cross-entropy=1.139945
2024-03-24 17:38:56,030 [INFO]  Epoch[1] Train-restecg-accuracy=2.500000
2024-03-24 17:38:56,030 [INFO]  Epoch[1] Time cost=0.012
2024-03-24 17:38:56,034 [INFO]  Saved checkpoint to "./imputer_model/2_heart/imputer_model_restecg/model-0001.params"
2024-03-24 17:38:56,036 [INFO]  Epoch[1] Validation-cross-entropy=1.049084
2024-03-24 17:38:56,036 [INFO]  Epoch[1] Validation-restecg-accuracy=0.000000
2024-03-24 17:38:56,048 [INFO]  Epoch[2] Batch [0-7]	Speed: 11651.42 samples/sec	cross-entropy=0.780387	restecg-accuracy=3.875000
2024-03-24 17:38:56,055 [INFO]  Epoch[2] Train-cross-entropy=0.393131
2024-03-24 17:38:56,055 [INFO]  Epoch[2] Train-restecg-accuracy=2.500000
2024-03-24 17:38:56,055 [INFO]  Epoch[2] Time cost=0.018
2024-03-24 17:38:56,056 [INFO]  Saved checkpoint to "./imputer_model/2_heart/imputer_model_restecg/model-0002.params"
2024-03-24 17:38:56,057 [INFO]  Epoch[2] Validation-cross-entropy=0.328398
2024-03-24 17:38:56,057 [INFO]  Epoch[2] Validation-restecg-accuracy=0.000000
2024-03-24 17:38:56,064 [INFO]  Epoch[3] Batch [0-7]	Speed: 20640.72 samples/sec	cross-entropy=0.258868	restecg-accuracy=3.875000
2024-03-24 17:38:56,068 [INFO]  Epoch[3] Train-cross-entropy=0.187786
2024-03-24 17:38:56,068 [INFO]  Epoch[3] Train-restecg-accuracy=2.500000
2024-03-24 17:38:56,068 [INFO]  Epoch[3] Time cost=0.011
2024-03-24 17:38:56,069 [INFO]  Saved checkpoint to "./imputer_model/2_heart/imputer_model_restecg/model-0003.params"
2024-03-24 17:38:56,070 [INFO]  Epoch[3] Validation-cross-entropy=0.407968
2024-03-24 17:38:56,070 [INFO]  Epoch[3] Validation-restecg-accuracy=0.000000
2024-03-24 17:38:56,076 [INFO]  Epoch[4] Batch [0-7]	Speed: 24367.78 samples/sec	cross-entropy=0.146479	restecg-accuracy=3.875000
2024-03-24 17:38:56,080 [INFO]  Epoch[4] Train-cross-entropy=0.085426
2024-03-24 17:38:56,080 [INFO]  Epoch[4] Train-restecg-accuracy=2.500000
2024-03-24 17:38:56,080 [INFO]  Epoch[4] Time cost=0.009
2024-03-24 17:38:56,081 [INFO]  Saved checkpoint to "./imputer_model/2_heart/imputer_model_restecg/model-0004.params"
2024-03-24 17:38:56,082 [INFO]  Epoch[4] Validation-cross-entropy=0.210269
2024-03-24 17:38:56,082 [INFO]  Epoch[4] Validation-restecg-accuracy=0.000000
2024-03-24 17:38:56,082 [INFO]  
========== done (0.07898545265197754 s) fit model
2024-03-24 17:38:58,632 [INFO]  
========== start: fit model
2024-03-24 17:38:58,632 [WARNING]  Already bound, ignoring bind()
2024-03-24 17:38:58,640 [INFO]  Epoch[0] Batch [0-7]	Speed: 21023.14 samples/sec	cross-entropy=12.981796	restecg-accuracy=3.500000
2024-03-24 17:38:58,644 [INFO]  Epoch[0] Train-cross-entropy=3.988428
2024-03-24 17:38:58,644 [INFO]  Epoch[0] Train-restecg-accuracy=3.666667
2024-03-24 17:38:58,644 [INFO]  Epoch[0] Time cost=0.011
2024-03-24 17:38:58,645 [INFO]  Saved checkpoint to "./imputer_model/2_heart/imputer_model_restecg/model-0000.params"
2024-03-24 17:38:58,646 [INFO]  Epoch[0] Validation-cross-entropy=3.550299
2024-03-24 17:38:58,646 [INFO]  Epoch[0] Validation-restecg-accuracy=0.500000
2024-03-24 17:38:58,651 [INFO]  Epoch[1] Batch [0-7]	Speed: 25761.56 samples/sec	cross-entropy=1.563620	restecg-accuracy=3.500000
2024-03-24 17:38:58,655 [INFO]  Epoch[1] Train-cross-entropy=1.002634
2024-03-24 17:38:58,655 [INFO]  Epoch[1] Train-restecg-accuracy=3.666667
2024-03-24 17:38:58,655 [INFO]  Epoch[1] Time cost=0.009
2024-03-24 17:38:58,656 [INFO]  Saved checkpoint to "./imputer_model/2_heart/imputer_model_restecg/model-0001.params"
2024-03-24 17:38:58,657 [INFO]  Epoch[1] Validation-cross-entropy=0.671651
2024-03-24 17:38:58,657 [INFO]  Epoch[1] Validation-restecg-accuracy=0.500000
2024-03-24 17:38:58,661 [INFO]  Epoch[2] Batch [0-7]	Speed: 28621.34 samples/sec	cross-entropy=0.956095	restecg-accuracy=3.500000
2024-03-24 17:38:58,665 [INFO]  Epoch[2] Train-cross-entropy=0.521172
2024-03-24 17:38:58,665 [INFO]  Epoch[2] Train-restecg-accuracy=3.666667
2024-03-24 17:38:58,665 [INFO]  Epoch[2] Time cost=0.008
2024-03-24 17:38:58,666 [INFO]  Saved checkpoint to "./imputer_model/2_heart/imputer_model_restecg/model-0002.params"
2024-03-24 17:38:58,667 [INFO]  Epoch[2] Validation-cross-entropy=0.366417
2024-03-24 17:38:58,667 [INFO]  Epoch[2] Validation-restecg-accuracy=0.500000
2024-03-24 17:38:58,672 [INFO]  Epoch[3] Batch [0-7]	Speed: 28357.00 samples/sec	cross-entropy=0.382462	restecg-accuracy=3.500000
2024-03-24 17:38:58,675 [INFO]  Epoch[3] Train-cross-entropy=0.173494
2024-03-24 17:38:58,675 [INFO]  Epoch[3] Train-restecg-accuracy=3.666667
2024-03-24 17:38:58,675 [INFO]  Epoch[3] Time cost=0.008
2024-03-24 17:38:58,677 [INFO]  Saved checkpoint to "./imputer_model/2_heart/imputer_model_restecg/model-0003.params"
2024-03-24 17:38:58,677 [INFO]  Epoch[3] Validation-cross-entropy=0.410096
2024-03-24 17:38:58,677 [INFO]  Epoch[3] Validation-restecg-accuracy=0.500000
2024-03-24 17:38:58,682 [INFO]  Epoch[4] Batch [0-7]	Speed: 28511.90 samples/sec	cross-entropy=0.213735	restecg-accuracy=3.500000
2024-03-24 17:38:58,685 [INFO]  Epoch[4] Train-cross-entropy=0.089028
2024-03-24 17:38:58,685 [INFO]  Epoch[4] Train-restecg-accuracy=3.666667
2024-03-24 17:38:58,685 [INFO]  Epoch[4] Time cost=0.008
2024-03-24 17:38:58,687 [INFO]  Saved checkpoint to "./imputer_model/2_heart/imputer_model_restecg/model-0004.params"
2024-03-24 17:38:58,687 [INFO]  Epoch[4] Validation-cross-entropy=0.188344
2024-03-24 17:38:58,687 [INFO]  Epoch[4] Validation-restecg-accuracy=0.500000
2024-03-24 17:38:58,687 [INFO]  
========== done (0.05537748336791992 s) fit model
2024-03-24 17:39:01,128 [INFO]  
========== start: fit model
2024-03-24 17:39:01,128 [WARNING]  Already bound, ignoring bind()
2024-03-24 17:39:01,135 [INFO]  Epoch[0] Batch [0-7]	Speed: 23513.97 samples/sec	cross-entropy=10.609396	restecg-accuracy=3.250000
2024-03-24 17:39:01,139 [INFO]  Epoch[0] Train-cross-entropy=2.909705
2024-03-24 17:39:01,139 [INFO]  Epoch[0] Train-restecg-accuracy=3.000000
2024-03-24 17:39:01,139 [INFO]  Epoch[0] Time cost=0.010
2024-03-24 17:39:01,140 [INFO]  Saved checkpoint to "./imputer_model/2_heart/imputer_model_restecg/model-0000.params"
2024-03-24 17:39:01,141 [INFO]  Epoch[0] Validation-cross-entropy=0.782698
2024-03-24 17:39:01,141 [INFO]  Epoch[0] Validation-restecg-accuracy=0.000000
2024-03-24 17:39:01,147 [INFO]  Epoch[1] Batch [0-7]	Speed: 23672.75 samples/sec	cross-entropy=0.783886	restecg-accuracy=3.250000
2024-03-24 17:39:01,151 [INFO]  Epoch[1] Train-cross-entropy=1.029220
2024-03-24 17:39:01,151 [INFO]  Epoch[1] Train-restecg-accuracy=3.000000
2024-03-24 17:39:01,151 [INFO]  Epoch[1] Time cost=0.010
2024-03-24 17:39:01,152 [INFO]  Saved checkpoint to "./imputer_model/2_heart/imputer_model_restecg/model-0001.params"
2024-03-24 17:39:01,153 [INFO]  Epoch[1] Validation-cross-entropy=1.123534
2024-03-24 17:39:01,153 [INFO]  Epoch[1] Validation-restecg-accuracy=0.000000
2024-03-24 17:39:01,158 [INFO]  Epoch[2] Batch [0-7]	Speed: 24163.47 samples/sec	cross-entropy=0.580722	restecg-accuracy=3.250000
2024-03-24 17:39:01,167 [INFO]  Epoch[2] Train-cross-entropy=0.273487
2024-03-24 17:39:01,167 [INFO]  Epoch[2] Train-restecg-accuracy=3.000000
2024-03-24 17:39:01,167 [INFO]  Epoch[2] Time cost=0.014
2024-03-24 17:39:01,171 [INFO]  Saved checkpoint to "./imputer_model/2_heart/imputer_model_restecg/model-0002.params"
2024-03-24 17:39:01,173 [INFO]  Epoch[2] Validation-cross-entropy=0.089485
2024-03-24 17:39:01,173 [INFO]  Epoch[2] Validation-restecg-accuracy=0.000000
2024-03-24 17:39:01,182 [INFO]  Epoch[3] Batch [0-7]	Speed: 14881.43 samples/sec	cross-entropy=0.162417	restecg-accuracy=3.250000
2024-03-24 17:39:01,187 [INFO]  Epoch[3] Train-cross-entropy=0.132578
2024-03-24 17:39:01,187 [INFO]  Epoch[3] Train-restecg-accuracy=3.000000
2024-03-24 17:39:01,188 [INFO]  Epoch[3] Time cost=0.014
2024-03-24 17:39:01,189 [INFO]  Saved checkpoint to "./imputer_model/2_heart/imputer_model_restecg/model-0003.params"
2024-03-24 17:39:01,190 [INFO]  Epoch[3] Validation-cross-entropy=0.096820
2024-03-24 17:39:01,190 [INFO]  Epoch[3] Validation-restecg-accuracy=0.000000
2024-03-24 17:39:01,196 [INFO]  Epoch[4] Batch [0-7]	Speed: 22556.52 samples/sec	cross-entropy=0.090120	restecg-accuracy=3.250000
2024-03-24 17:39:01,200 [INFO]  Epoch[4] Train-cross-entropy=0.071464
2024-03-24 17:39:01,200 [INFO]  Epoch[4] Train-restecg-accuracy=3.000000
2024-03-24 17:39:01,200 [INFO]  Epoch[4] Time cost=0.010
2024-03-24 17:39:01,201 [INFO]  Saved checkpoint to "./imputer_model/2_heart/imputer_model_restecg/model-0004.params"
2024-03-24 17:39:01,202 [INFO]  Epoch[4] Validation-cross-entropy=0.071006
2024-03-24 17:39:01,202 [INFO]  Epoch[4] Validation-restecg-accuracy=0.000000
2024-03-24 17:39:01,202 [INFO]  
========== done (0.07439112663269043 s) fit model
2024-03-24 17:39:03,826 [INFO]  
========== start: fit model
2024-03-24 17:39:03,826 [WARNING]  Already bound, ignoring bind()
2024-03-24 17:39:03,833 [INFO]  Epoch[0] Batch [0-7]	Speed: 21377.11 samples/sec	cross-entropy=7.220910	restecg-accuracy=3.250000
2024-03-24 17:39:03,838 [INFO]  Epoch[0] Train-cross-entropy=2.071395
2024-03-24 17:39:03,838 [INFO]  Epoch[0] Train-restecg-accuracy=3.166667
2024-03-24 17:39:03,838 [INFO]  Epoch[0] Time cost=0.011
2024-03-24 17:39:03,839 [INFO]  Saved checkpoint to "./imputer_model/2_heart/imputer_model_restecg/model-0000.params"
2024-03-24 17:39:03,840 [INFO]  Epoch[0] Validation-cross-entropy=0.977525
2024-03-24 17:39:03,840 [INFO]  Epoch[0] Validation-restecg-accuracy=0.000000
2024-03-24 17:39:03,848 [INFO]  Epoch[1] Batch [0-7]	Speed: 16988.97 samples/sec	cross-entropy=1.641224	restecg-accuracy=3.250000
2024-03-24 17:39:03,854 [INFO]  Epoch[1] Train-cross-entropy=0.889701
2024-03-24 17:39:03,854 [INFO]  Epoch[1] Train-restecg-accuracy=3.166667
2024-03-24 17:39:03,854 [INFO]  Epoch[1] Time cost=0.014
2024-03-24 17:39:03,856 [INFO]  Saved checkpoint to "./imputer_model/2_heart/imputer_model_restecg/model-0001.params"
2024-03-24 17:39:03,857 [INFO]  Epoch[1] Validation-cross-entropy=1.214075
2024-03-24 17:39:03,857 [INFO]  Epoch[1] Validation-restecg-accuracy=0.000000
2024-03-24 17:39:03,863 [INFO]  Epoch[2] Batch [0-7]	Speed: 21488.59 samples/sec	cross-entropy=0.569039	restecg-accuracy=3.250000
2024-03-24 17:39:03,866 [INFO]  Epoch[2] Train-cross-entropy=0.261167
2024-03-24 17:39:03,866 [INFO]  Epoch[2] Train-restecg-accuracy=3.166667
2024-03-24 17:39:03,866 [INFO]  Epoch[2] Time cost=0.010
2024-03-24 17:39:03,868 [INFO]  Saved checkpoint to "./imputer_model/2_heart/imputer_model_restecg/model-0002.params"
2024-03-24 17:39:03,868 [INFO]  Epoch[2] Validation-cross-entropy=0.450884
2024-03-24 17:39:03,868 [INFO]  Epoch[2] Validation-restecg-accuracy=0.000000
2024-03-24 17:39:03,873 [INFO]  Epoch[3] Batch [0-7]	Speed: 28413.60 samples/sec	cross-entropy=0.257842	restecg-accuracy=3.250000
2024-03-24 17:39:03,877 [INFO]  Epoch[3] Train-cross-entropy=0.170872
2024-03-24 17:39:03,877 [INFO]  Epoch[3] Train-restecg-accuracy=3.166667
2024-03-24 17:39:03,877 [INFO]  Epoch[3] Time cost=0.008
2024-03-24 17:39:03,878 [INFO]  Saved checkpoint to "./imputer_model/2_heart/imputer_model_restecg/model-0003.params"
2024-03-24 17:39:03,879 [INFO]  Epoch[3] Validation-cross-entropy=0.093057
2024-03-24 17:39:03,879 [INFO]  Epoch[3] Validation-restecg-accuracy=0.000000
2024-03-24 17:39:03,883 [INFO]  Epoch[4] Batch [0-7]	Speed: 28602.17 samples/sec	cross-entropy=0.123245	restecg-accuracy=3.250000
2024-03-24 17:39:03,887 [INFO]  Epoch[4] Train-cross-entropy=0.095619
2024-03-24 17:39:03,887 [INFO]  Epoch[4] Train-restecg-accuracy=3.166667
2024-03-24 17:39:03,887 [INFO]  Epoch[4] Time cost=0.008
2024-03-24 17:39:03,888 [INFO]  Saved checkpoint to "./imputer_model/2_heart/imputer_model_restecg/model-0004.params"
2024-03-24 17:39:03,889 [INFO]  Epoch[4] Validation-cross-entropy=0.093541
2024-03-24 17:39:03,889 [INFO]  Epoch[4] Validation-restecg-accuracy=0.000000
2024-03-24 17:39:03,889 [INFO]  
========== done (0.06282925605773926 s) fit model
2024-03-24 17:39:06,307 [INFO]  
========== start: fit model
2024-03-24 17:39:06,307 [WARNING]  Already bound, ignoring bind()
2024-03-24 17:39:06,314 [INFO]  Epoch[0] Batch [0-7]	Speed: 22682.86 samples/sec	cross-entropy=9.709735	restecg-accuracy=3.375000
2024-03-24 17:39:06,318 [INFO]  Epoch[0] Train-cross-entropy=3.023004
2024-03-24 17:39:06,319 [INFO]  Epoch[0] Train-restecg-accuracy=3.333333
2024-03-24 17:39:06,319 [INFO]  Epoch[0] Time cost=0.010
2024-03-24 17:39:06,320 [INFO]  Saved checkpoint to "./imputer_model/2_heart/imputer_model_restecg/model-0000.params"
2024-03-24 17:39:06,321 [INFO]  Epoch[0] Validation-cross-entropy=0.875110
2024-03-24 17:39:06,321 [INFO]  Epoch[0] Validation-restecg-accuracy=0.000000
2024-03-24 17:39:06,326 [INFO]  Epoch[1] Batch [0-7]	Speed: 23558.78 samples/sec	cross-entropy=1.419707	restecg-accuracy=3.375000
2024-03-24 17:39:06,330 [INFO]  Epoch[1] Train-cross-entropy=1.919489
2024-03-24 17:39:06,330 [INFO]  Epoch[1] Train-restecg-accuracy=3.333333
2024-03-24 17:39:06,330 [INFO]  Epoch[1] Time cost=0.010
2024-03-24 17:39:06,332 [INFO]  Saved checkpoint to "./imputer_model/2_heart/imputer_model_restecg/model-0001.params"
2024-03-24 17:39:06,333 [INFO]  Epoch[1] Validation-cross-entropy=0.631961
2024-03-24 17:39:06,333 [INFO]  Epoch[1] Validation-restecg-accuracy=0.000000
2024-03-24 17:39:06,342 [INFO]  Epoch[2] Batch [0-7]	Speed: 12939.68 samples/sec	cross-entropy=0.798194	restecg-accuracy=3.375000
2024-03-24 17:39:06,352 [INFO]  Epoch[2] Train-cross-entropy=0.317204
2024-03-24 17:39:06,352 [INFO]  Epoch[2] Train-restecg-accuracy=3.333333
2024-03-24 17:39:06,352 [INFO]  Epoch[2] Time cost=0.020
2024-03-24 17:39:06,355 [INFO]  Saved checkpoint to "./imputer_model/2_heart/imputer_model_restecg/model-0002.params"
2024-03-24 17:39:06,356 [INFO]  Epoch[2] Validation-cross-entropy=0.286135
2024-03-24 17:39:06,356 [INFO]  Epoch[2] Validation-restecg-accuracy=0.000000
2024-03-24 17:39:06,364 [INFO]  Epoch[3] Batch [0-7]	Speed: 16681.89 samples/sec	cross-entropy=0.271290	restecg-accuracy=3.375000
2024-03-24 17:39:06,369 [INFO]  Epoch[3] Train-cross-entropy=0.215518
2024-03-24 17:39:06,369 [INFO]  Epoch[3] Train-restecg-accuracy=3.333333
2024-03-24 17:39:06,369 [INFO]  Epoch[3] Time cost=0.013
2024-03-24 17:39:06,370 [INFO]  Saved checkpoint to "./imputer_model/2_heart/imputer_model_restecg/model-0003.params"
2024-03-24 17:39:06,371 [INFO]  Epoch[3] Validation-cross-entropy=0.152888
2024-03-24 17:39:06,371 [INFO]  Epoch[3] Validation-restecg-accuracy=0.000000
2024-03-24 17:39:06,377 [INFO]  Epoch[4] Batch [0-7]	Speed: 25110.22 samples/sec	cross-entropy=0.151769	restecg-accuracy=3.375000
2024-03-24 17:39:06,381 [INFO]  Epoch[4] Train-cross-entropy=0.192996
2024-03-24 17:39:06,381 [INFO]  Epoch[4] Train-restecg-accuracy=3.333333
2024-03-24 17:39:06,381 [INFO]  Epoch[4] Time cost=0.009
2024-03-24 17:39:06,382 [INFO]  Saved checkpoint to "./imputer_model/2_heart/imputer_model_restecg/model-0004.params"
2024-03-24 17:39:06,383 [INFO]  Epoch[4] Validation-cross-entropy=0.110611
2024-03-24 17:39:06,383 [INFO]  Epoch[4] Validation-restecg-accuracy=0.000000
2024-03-24 17:39:06,383 [INFO]  
========== done (0.07555580139160156 s) fit model
2024-03-24 17:39:08,803 [INFO]  
========== start: fit model
2024-03-24 17:39:08,803 [WARNING]  Already bound, ignoring bind()
2024-03-24 17:39:08,815 [INFO]  Epoch[0] Batch [0-7]	Speed: 13643.18 samples/sec	cross-entropy=5.872307	restecg-accuracy=0.000000
2024-03-24 17:39:08,824 [INFO]  Epoch[0] Train-cross-entropy=1.633756
2024-03-24 17:39:08,824 [INFO]  Epoch[0] Train-restecg-accuracy=0.000000
2024-03-24 17:39:08,825 [INFO]  Epoch[0] Time cost=0.020
2024-03-24 17:39:08,826 [INFO]  Saved checkpoint to "./imputer_model/2_heart/imputer_model_restecg/model-0000.params"
2024-03-24 17:39:08,828 [INFO]  Epoch[0] Validation-cross-entropy=0.628004
2024-03-24 17:39:08,828 [INFO]  Epoch[0] Validation-restecg-accuracy=0.000000
2024-03-24 17:39:08,858 [INFO]  Epoch[1] Batch [0-7]	Speed: 20539.64 samples/sec	cross-entropy=1.035233	restecg-accuracy=0.000000
2024-03-24 17:39:08,862 [INFO]  Epoch[1] Train-cross-entropy=0.696790
2024-03-24 17:39:08,862 [INFO]  Epoch[1] Train-restecg-accuracy=0.000000
2024-03-24 17:39:08,862 [INFO]  Epoch[1] Time cost=0.034
2024-03-24 17:39:08,864 [INFO]  Saved checkpoint to "./imputer_model/2_heart/imputer_model_restecg/model-0001.params"
2024-03-24 17:39:08,865 [INFO]  Epoch[1] Validation-cross-entropy=0.383813
2024-03-24 17:39:08,865 [INFO]  Epoch[1] Validation-restecg-accuracy=0.000000
2024-03-24 17:39:08,871 [INFO]  Epoch[2] Batch [0-7]	Speed: 21965.87 samples/sec	cross-entropy=0.524547	restecg-accuracy=0.000000
2024-03-24 17:39:08,875 [INFO]  Epoch[2] Train-cross-entropy=0.277933
2024-03-24 17:39:08,875 [INFO]  Epoch[2] Train-restecg-accuracy=0.000000
2024-03-24 17:39:08,876 [INFO]  Epoch[2] Time cost=0.011
2024-03-24 17:39:08,877 [INFO]  Saved checkpoint to "./imputer_model/2_heart/imputer_model_restecg/model-0002.params"
2024-03-24 17:39:08,878 [INFO]  Epoch[2] Validation-cross-entropy=0.183271
2024-03-24 17:39:08,878 [INFO]  Epoch[2] Validation-restecg-accuracy=0.000000
2024-03-24 17:39:08,884 [INFO]  Epoch[3] Batch [0-7]	Speed: 21510.24 samples/sec	cross-entropy=0.147831	restecg-accuracy=0.000000
2024-03-24 17:39:08,889 [INFO]  Epoch[3] Train-cross-entropy=0.125478
2024-03-24 17:39:08,889 [INFO]  Epoch[3] Train-restecg-accuracy=0.000000
2024-03-24 17:39:08,889 [INFO]  Epoch[3] Time cost=0.011
2024-03-24 17:39:08,890 [INFO]  Saved checkpoint to "./imputer_model/2_heart/imputer_model_restecg/model-0003.params"
2024-03-24 17:39:08,891 [INFO]  Epoch[3] Validation-cross-entropy=0.072414
2024-03-24 17:39:08,891 [INFO]  Epoch[3] Validation-restecg-accuracy=0.000000
2024-03-24 17:39:08,897 [INFO]  Epoch[4] Batch [0-7]	Speed: 21670.99 samples/sec	cross-entropy=0.074736	restecg-accuracy=0.000000
2024-03-24 17:39:08,902 [INFO]  Epoch[4] Train-cross-entropy=0.072375
2024-03-24 17:39:08,902 [INFO]  Epoch[4] Train-restecg-accuracy=0.000000
2024-03-24 17:39:08,902 [INFO]  Epoch[4] Time cost=0.011
2024-03-24 17:39:08,903 [INFO]  Saved checkpoint to "./imputer_model/2_heart/imputer_model_restecg/model-0004.params"
2024-03-24 17:39:08,904 [INFO]  Epoch[4] Validation-cross-entropy=0.087681
2024-03-24 17:39:08,904 [INFO]  Epoch[4] Validation-restecg-accuracy=0.000000
2024-03-24 17:39:08,904 [INFO]  
========== done (0.10163092613220215 s) fit model
2024-03-24 17:39:12,434 [INFO]  
========== start: fit model
2024-03-24 17:39:12,434 [WARNING]  Already bound, ignoring bind()
2024-03-24 17:39:12,443 [INFO]  Epoch[0] Batch [0-7]	Speed: 17342.07 samples/sec	cross-entropy=16.633433	restecg-accuracy=0.000000
2024-03-24 17:39:12,451 [INFO]  Epoch[0] Train-cross-entropy=3.879827
2024-03-24 17:39:12,451 [INFO]  Epoch[0] Train-restecg-accuracy=0.000000
2024-03-24 17:39:12,451 [INFO]  Epoch[0] Time cost=0.016
2024-03-24 17:39:12,453 [INFO]  Saved checkpoint to "./imputer_model/2_heart/imputer_model_restecg/model-0000.params"
2024-03-24 17:39:12,454 [INFO]  Epoch[0] Validation-cross-entropy=1.871117
2024-03-24 17:39:12,454 [INFO]  Epoch[0] Validation-restecg-accuracy=0.000000
2024-03-24 17:39:12,463 [INFO]  Epoch[1] Batch [0-7]	Speed: 14246.87 samples/sec	cross-entropy=1.160408	restecg-accuracy=0.000000
2024-03-24 17:39:12,470 [INFO]  Epoch[1] Train-cross-entropy=1.442972
2024-03-24 17:39:12,471 [INFO]  Epoch[1] Train-restecg-accuracy=0.000000
2024-03-24 17:39:12,471 [INFO]  Epoch[1] Time cost=0.016
2024-03-24 17:39:12,473 [INFO]  Saved checkpoint to "./imputer_model/2_heart/imputer_model_restecg/model-0001.params"
2024-03-24 17:39:12,474 [INFO]  Epoch[1] Validation-cross-entropy=1.138399
2024-03-24 17:39:12,474 [INFO]  Epoch[1] Validation-restecg-accuracy=0.000000
2024-03-24 17:39:12,483 [INFO]  Epoch[2] Batch [0-7]	Speed: 14247.30 samples/sec	cross-entropy=0.848503	restecg-accuracy=0.000000
2024-03-24 17:39:12,490 [INFO]  Epoch[2] Train-cross-entropy=0.467001
2024-03-24 17:39:12,490 [INFO]  Epoch[2] Train-restecg-accuracy=0.000000
2024-03-24 17:39:12,490 [INFO]  Epoch[2] Time cost=0.016
2024-03-24 17:39:12,492 [INFO]  Saved checkpoint to "./imputer_model/2_heart/imputer_model_restecg/model-0002.params"
2024-03-24 17:39:12,493 [INFO]  Epoch[2] Validation-cross-entropy=0.236143
2024-03-24 17:39:12,493 [INFO]  Epoch[2] Validation-restecg-accuracy=0.000000
2024-03-24 17:39:12,504 [INFO]  Epoch[3] Batch [0-7]	Speed: 11493.21 samples/sec	cross-entropy=0.309093	restecg-accuracy=0.000000
2024-03-24 17:39:12,512 [INFO]  Epoch[3] Train-cross-entropy=0.183751
2024-03-24 17:39:12,512 [INFO]  Epoch[3] Train-restecg-accuracy=0.000000
2024-03-24 17:39:12,512 [INFO]  Epoch[3] Time cost=0.019
2024-03-24 17:39:12,515 [INFO]  Saved checkpoint to "./imputer_model/2_heart/imputer_model_restecg/model-0003.params"
2024-03-24 17:39:12,515 [INFO]  Epoch[3] Validation-cross-entropy=0.262841
2024-03-24 17:39:12,516 [INFO]  Epoch[3] Validation-restecg-accuracy=0.000000
2024-03-24 17:39:12,525 [INFO]  Epoch[4] Batch [0-7]	Speed: 14166.95 samples/sec	cross-entropy=0.191633	restecg-accuracy=0.000000
2024-03-24 17:39:12,532 [INFO]  Epoch[4] Train-cross-entropy=0.135183
2024-03-24 17:39:12,532 [INFO]  Epoch[4] Train-restecg-accuracy=0.000000
2024-03-24 17:39:12,532 [INFO]  Epoch[4] Time cost=0.016
2024-03-24 17:39:12,534 [INFO]  Saved checkpoint to "./imputer_model/2_heart/imputer_model_restecg/model-0004.params"
2024-03-24 17:39:12,535 [INFO]  Epoch[4] Validation-cross-entropy=0.138456
2024-03-24 17:39:12,535 [INFO]  Epoch[4] Validation-restecg-accuracy=0.000000
2024-03-24 17:39:12,535 [INFO]  
========== done (0.10167050361633301 s) fit model
2024-03-24 17:39:17,076 [INFO]  
========== start: fit model
2024-03-24 17:39:17,076 [WARNING]  Already bound, ignoring bind()
2024-03-24 17:39:17,084 [INFO]  Epoch[0] Batch [0-7]	Speed: 21317.94 samples/sec	cross-entropy=17.332450	restecg-accuracy=3.625000
2024-03-24 17:39:17,089 [INFO]  Epoch[0] Train-cross-entropy=7.402005
2024-03-24 17:39:17,089 [INFO]  Epoch[0] Train-restecg-accuracy=3.000000
2024-03-24 17:39:17,089 [INFO]  Epoch[0] Time cost=0.011
2024-03-24 17:39:17,090 [INFO]  Saved checkpoint to "./imputer_model/2_heart/imputer_model_restecg/model-0000.params"
2024-03-24 17:39:17,091 [INFO]  Epoch[0] Validation-cross-entropy=3.904139
2024-03-24 17:39:17,091 [INFO]  Epoch[0] Validation-restecg-accuracy=0.000000
2024-03-24 17:39:17,095 [INFO]  Epoch[1] Batch [0-7]	Speed: 28353.58 samples/sec	cross-entropy=1.189193	restecg-accuracy=3.625000
2024-03-24 17:39:17,099 [INFO]  Epoch[1] Train-cross-entropy=0.529810
2024-03-24 17:39:17,099 [INFO]  Epoch[1] Train-restecg-accuracy=3.000000
2024-03-24 17:39:17,099 [INFO]  Epoch[1] Time cost=0.008
2024-03-24 17:39:17,100 [INFO]  Saved checkpoint to "./imputer_model/2_heart/imputer_model_restecg/model-0001.params"
2024-03-24 17:39:17,101 [INFO]  Epoch[1] Validation-cross-entropy=1.038002
2024-03-24 17:39:17,101 [INFO]  Epoch[1] Validation-restecg-accuracy=0.000000
2024-03-24 17:39:17,106 [INFO]  Epoch[2] Batch [0-7]	Speed: 28429.08 samples/sec	cross-entropy=0.686268	restecg-accuracy=3.625000
2024-03-24 17:39:17,115 [INFO]  Epoch[2] Train-cross-entropy=0.426524
2024-03-24 17:39:17,115 [INFO]  Epoch[2] Train-restecg-accuracy=3.000000
2024-03-24 17:39:17,115 [INFO]  Epoch[2] Time cost=0.014
2024-03-24 17:39:17,117 [INFO]  Saved checkpoint to "./imputer_model/2_heart/imputer_model_restecg/model-0002.params"
2024-03-24 17:39:17,118 [INFO]  Epoch[2] Validation-cross-entropy=0.187381
2024-03-24 17:39:17,118 [INFO]  Epoch[2] Validation-restecg-accuracy=0.000000
2024-03-24 17:39:17,127 [INFO]  Epoch[3] Batch [0-7]	Speed: 14484.97 samples/sec	cross-entropy=0.214273	restecg-accuracy=3.625000
2024-03-24 17:39:17,133 [INFO]  Epoch[3] Train-cross-entropy=0.164010
2024-03-24 17:39:17,134 [INFO]  Epoch[3] Train-restecg-accuracy=3.000000
2024-03-24 17:39:17,134 [INFO]  Epoch[3] Time cost=0.016
2024-03-24 17:39:17,136 [INFO]  Saved checkpoint to "./imputer_model/2_heart/imputer_model_restecg/model-0003.params"
2024-03-24 17:39:17,137 [INFO]  Epoch[3] Validation-cross-entropy=0.112445
2024-03-24 17:39:17,137 [INFO]  Epoch[3] Validation-restecg-accuracy=0.000000
2024-03-24 17:39:17,146 [INFO]  Epoch[4] Batch [0-7]	Speed: 14515.85 samples/sec	cross-entropy=0.110131	restecg-accuracy=3.625000
2024-03-24 17:39:17,153 [INFO]  Epoch[4] Train-cross-entropy=0.102833
2024-03-24 17:39:17,153 [INFO]  Epoch[4] Train-restecg-accuracy=3.000000
2024-03-24 17:39:17,153 [INFO]  Epoch[4] Time cost=0.016
2024-03-24 17:39:17,154 [INFO]  Saved checkpoint to "./imputer_model/2_heart/imputer_model_restecg/model-0004.params"
2024-03-24 17:39:17,155 [INFO]  Epoch[4] Validation-cross-entropy=0.063634
2024-03-24 17:39:17,155 [INFO]  Epoch[4] Validation-restecg-accuracy=0.000000
2024-03-24 17:39:17,156 [INFO]  
========== done (0.07940459251403809 s) fit model
2024-03-24 17:39:21,452 [INFO]  
========== start: fit model
2024-03-24 17:39:21,452 [WARNING]  Already bound, ignoring bind()
2024-03-24 17:39:21,518 [INFO]  Epoch[0] Batch [0-7]	Speed: 21604.21 samples/sec	cross-entropy=13.859614	restecg-accuracy=0.000000
2024-03-24 17:39:21,628 [INFO]  Epoch[0] Train-cross-entropy=4.523268
2024-03-24 17:39:21,628 [INFO]  Epoch[0] Train-restecg-accuracy=0.000000
2024-03-24 17:39:21,628 [INFO]  Epoch[0] Time cost=0.175
2024-03-24 17:39:21,630 [INFO]  Saved checkpoint to "./imputer_model/2_heart/imputer_model_restecg/model-0000.params"
2024-03-24 17:39:21,631 [INFO]  Epoch[0] Validation-cross-entropy=2.421288
2024-03-24 17:39:21,631 [INFO]  Epoch[0] Validation-restecg-accuracy=0.000000
2024-03-24 17:39:21,640 [INFO]  Epoch[1] Batch [0-7]	Speed: 15266.39 samples/sec	cross-entropy=1.692931	restecg-accuracy=0.000000
2024-03-24 17:39:21,646 [INFO]  Epoch[1] Train-cross-entropy=1.075958
2024-03-24 17:39:21,646 [INFO]  Epoch[1] Train-restecg-accuracy=0.000000
2024-03-24 17:39:21,647 [INFO]  Epoch[1] Time cost=0.016
2024-03-24 17:39:21,649 [INFO]  Saved checkpoint to "./imputer_model/2_heart/imputer_model_restecg/model-0001.params"
2024-03-24 17:39:21,650 [INFO]  Epoch[1] Validation-cross-entropy=1.019233
2024-03-24 17:39:21,650 [INFO]  Epoch[1] Validation-restecg-accuracy=0.000000
2024-03-24 17:39:21,659 [INFO]  Epoch[2] Batch [0-7]	Speed: 15194.30 samples/sec	cross-entropy=0.812782	restecg-accuracy=0.000000
2024-03-24 17:39:21,666 [INFO]  Epoch[2] Train-cross-entropy=0.500983
2024-03-24 17:39:21,666 [INFO]  Epoch[2] Train-restecg-accuracy=0.000000
2024-03-24 17:39:21,666 [INFO]  Epoch[2] Time cost=0.016
2024-03-24 17:39:21,668 [INFO]  Saved checkpoint to "./imputer_model/2_heart/imputer_model_restecg/model-0002.params"
2024-03-24 17:39:21,669 [INFO]  Epoch[2] Validation-cross-entropy=0.429868
2024-03-24 17:39:21,670 [INFO]  Epoch[2] Validation-restecg-accuracy=0.000000
2024-03-24 17:39:21,679 [INFO]  Epoch[3] Batch [0-7]	Speed: 14638.44 samples/sec	cross-entropy=0.236244	restecg-accuracy=0.000000
2024-03-24 17:39:21,686 [INFO]  Epoch[3] Train-cross-entropy=0.228133
2024-03-24 17:39:21,686 [INFO]  Epoch[3] Train-restecg-accuracy=0.000000
2024-03-24 17:39:21,686 [INFO]  Epoch[3] Time cost=0.016
2024-03-24 17:39:21,688 [INFO]  Saved checkpoint to "./imputer_model/2_heart/imputer_model_restecg/model-0003.params"
2024-03-24 17:39:21,689 [INFO]  Epoch[3] Validation-cross-entropy=0.167947
2024-03-24 17:39:21,690 [INFO]  Epoch[3] Validation-restecg-accuracy=0.000000
2024-03-24 17:39:21,699 [INFO]  Epoch[4] Batch [0-7]	Speed: 14674.56 samples/sec	cross-entropy=0.131483	restecg-accuracy=0.000000
2024-03-24 17:39:21,719 [INFO]  Epoch[4] Train-cross-entropy=0.113042
2024-03-24 17:39:21,720 [INFO]  Epoch[4] Train-restecg-accuracy=0.000000
2024-03-24 17:39:21,720 [INFO]  Epoch[4] Time cost=0.030
2024-03-24 17:39:21,722 [INFO]  Saved checkpoint to "./imputer_model/2_heart/imputer_model_restecg/model-0004.params"
2024-03-24 17:39:21,723 [INFO]  Epoch[4] Validation-cross-entropy=0.082973
2024-03-24 17:39:21,723 [INFO]  Epoch[4] Validation-restecg-accuracy=0.000000
2024-03-24 17:39:21,723 [INFO]  
========== done (0.2717580795288086 s) fit model
2024-03-24 17:39:25,923 [INFO]  
========== start: fit model
2024-03-24 17:39:25,923 [WARNING]  Already bound, ignoring bind()
2024-03-24 17:39:25,943 [INFO]  Epoch[0] Batch [0-7]	Speed: 10902.39 samples/sec	cross-entropy=5.419979	restecg-accuracy=3.625000
2024-03-24 17:39:25,952 [INFO]  Epoch[0] Train-cross-entropy=0.669398
2024-03-24 17:39:25,952 [INFO]  Epoch[0] Train-restecg-accuracy=3.333333
2024-03-24 17:39:25,952 [INFO]  Epoch[0] Time cost=0.028
2024-03-24 17:39:25,955 [INFO]  Saved checkpoint to "./imputer_model/2_heart/imputer_model_restecg/model-0000.params"
2024-03-24 17:39:25,961 [INFO]  Epoch[0] Validation-cross-entropy=0.523769
2024-03-24 17:39:25,962 [INFO]  Epoch[0] Validation-restecg-accuracy=0.000000
2024-03-24 17:39:26,047 [INFO]  Epoch[1] Batch [0-7]	Speed: 19699.83 samples/sec	cross-entropy=0.781298	restecg-accuracy=3.625000
2024-03-24 17:39:26,055 [INFO]  Epoch[1] Train-cross-entropy=0.546275
2024-03-24 17:39:26,055 [INFO]  Epoch[1] Train-restecg-accuracy=3.333333
2024-03-24 17:39:26,056 [INFO]  Epoch[1] Time cost=0.080
2024-03-24 17:39:26,059 [INFO]  Saved checkpoint to "./imputer_model/2_heart/imputer_model_restecg/model-0001.params"
2024-03-24 17:39:26,060 [INFO]  Epoch[1] Validation-cross-entropy=0.175824
2024-03-24 17:39:26,060 [INFO]  Epoch[1] Validation-restecg-accuracy=0.000000
2024-03-24 17:39:26,103 [INFO]  Epoch[2] Batch [0-7]	Speed: 2766.76 samples/sec	cross-entropy=0.227161	restecg-accuracy=3.625000
2024-03-24 17:39:26,112 [INFO]  Epoch[2] Train-cross-entropy=0.253119
2024-03-24 17:39:26,112 [INFO]  Epoch[2] Train-restecg-accuracy=3.333333
2024-03-24 17:39:26,112 [INFO]  Epoch[2] Time cost=0.051
2024-03-24 17:39:26,114 [INFO]  Saved checkpoint to "./imputer_model/2_heart/imputer_model_restecg/model-0002.params"
2024-03-24 17:39:26,116 [INFO]  Epoch[2] Validation-cross-entropy=0.138152
2024-03-24 17:39:26,116 [INFO]  Epoch[2] Validation-restecg-accuracy=0.000000
2024-03-24 17:39:26,127 [INFO]  Epoch[3] Batch [0-7]	Speed: 11848.62 samples/sec	cross-entropy=0.120318	restecg-accuracy=3.625000
2024-03-24 17:39:26,136 [INFO]  Epoch[3] Train-cross-entropy=0.102499
2024-03-24 17:39:26,137 [INFO]  Epoch[3] Train-restecg-accuracy=3.333333
2024-03-24 17:39:26,137 [INFO]  Epoch[3] Time cost=0.020
2024-03-24 17:39:26,139 [INFO]  Saved checkpoint to "./imputer_model/2_heart/imputer_model_restecg/model-0003.params"
2024-03-24 17:39:26,141 [INFO]  Epoch[3] Validation-cross-entropy=0.089063
2024-03-24 17:39:26,141 [INFO]  Epoch[3] Validation-restecg-accuracy=0.000000
2024-03-24 17:39:26,153 [INFO]  Epoch[4] Batch [0-7]	Speed: 11185.08 samples/sec	cross-entropy=0.074076	restecg-accuracy=3.625000
2024-03-24 17:39:26,162 [INFO]  Epoch[4] Train-cross-entropy=0.087447
2024-03-24 17:39:26,162 [INFO]  Epoch[4] Train-restecg-accuracy=3.333333
2024-03-24 17:39:26,163 [INFO]  Epoch[4] Time cost=0.021
2024-03-24 17:39:26,166 [INFO]  Saved checkpoint to "./imputer_model/2_heart/imputer_model_restecg/model-0004.params"
2024-03-24 17:39:26,167 [INFO]  Epoch[4] Validation-cross-entropy=0.097548
2024-03-24 17:39:26,168 [INFO]  Epoch[4] Validation-restecg-accuracy=0.000000
2024-03-24 17:39:26,168 [INFO]  
========== done (0.24472856521606445 s) fit model
2024-03-24 17:39:30,158 [INFO]  
========== start: fit model
2024-03-24 17:39:30,158 [WARNING]  Already bound, ignoring bind()
2024-03-24 17:39:30,190 [INFO]  Epoch[0] Batch [0-7]	Speed: 23565.87 samples/sec	cross-entropy=21.641308	restecg-accuracy=3.250000
2024-03-24 17:39:30,194 [INFO]  Epoch[0] Train-cross-entropy=7.213407
2024-03-24 17:39:30,194 [INFO]  Epoch[0] Train-restecg-accuracy=3.500000
2024-03-24 17:39:30,194 [INFO]  Epoch[0] Time cost=0.035
2024-03-24 17:39:30,196 [INFO]  Saved checkpoint to "./imputer_model/2_heart/imputer_model_restecg/model-0000.params"
2024-03-24 17:39:30,197 [INFO]  Epoch[0] Validation-cross-entropy=7.765656
2024-03-24 17:39:30,197 [INFO]  Epoch[0] Validation-restecg-accuracy=0.000000
2024-03-24 17:39:30,207 [INFO]  Epoch[1] Batch [0-7]	Speed: 14124.78 samples/sec	cross-entropy=2.195066	restecg-accuracy=3.250000
2024-03-24 17:39:30,214 [INFO]  Epoch[1] Train-cross-entropy=0.990418
2024-03-24 17:39:30,214 [INFO]  Epoch[1] Train-restecg-accuracy=3.500000
2024-03-24 17:39:30,214 [INFO]  Epoch[1] Time cost=0.017
2024-03-24 17:39:30,216 [INFO]  Saved checkpoint to "./imputer_model/2_heart/imputer_model_restecg/model-0001.params"
2024-03-24 17:39:30,217 [INFO]  Epoch[1] Validation-cross-entropy=1.608766
2024-03-24 17:39:30,217 [INFO]  Epoch[1] Validation-restecg-accuracy=0.000000
2024-03-24 17:39:30,226 [INFO]  Epoch[2] Batch [0-7]	Speed: 14147.75 samples/sec	cross-entropy=0.907514	restecg-accuracy=3.250000
2024-03-24 17:39:30,233 [INFO]  Epoch[2] Train-cross-entropy=0.694879
2024-03-24 17:39:30,233 [INFO]  Epoch[2] Train-restecg-accuracy=3.500000
2024-03-24 17:39:30,234 [INFO]  Epoch[2] Time cost=0.016
2024-03-24 17:39:30,235 [INFO]  Saved checkpoint to "./imputer_model/2_heart/imputer_model_restecg/model-0002.params"
2024-03-24 17:39:30,236 [INFO]  Epoch[2] Validation-cross-entropy=0.511114
2024-03-24 17:39:30,237 [INFO]  Epoch[2] Validation-restecg-accuracy=0.000000
2024-03-24 17:39:30,246 [INFO]  Epoch[3] Batch [0-7]	Speed: 13624.19 samples/sec	cross-entropy=0.432844	restecg-accuracy=3.250000
2024-03-24 17:39:30,253 [INFO]  Epoch[3] Train-cross-entropy=0.264230
2024-03-24 17:39:30,253 [INFO]  Epoch[3] Train-restecg-accuracy=3.500000
2024-03-24 17:39:30,253 [INFO]  Epoch[3] Time cost=0.016
2024-03-24 17:39:30,255 [INFO]  Saved checkpoint to "./imputer_model/2_heart/imputer_model_restecg/model-0003.params"
2024-03-24 17:39:30,256 [INFO]  Epoch[3] Validation-cross-entropy=0.319551
2024-03-24 17:39:30,256 [INFO]  Epoch[3] Validation-restecg-accuracy=0.000000
2024-03-24 17:39:30,265 [INFO]  Epoch[4] Batch [0-7]	Speed: 14404.58 samples/sec	cross-entropy=0.230554	restecg-accuracy=3.250000
2024-03-24 17:39:30,272 [INFO]  Epoch[4] Train-cross-entropy=0.165810
2024-03-24 17:39:30,272 [INFO]  Epoch[4] Train-restecg-accuracy=3.500000
2024-03-24 17:39:30,272 [INFO]  Epoch[4] Time cost=0.016
2024-03-24 17:39:30,274 [INFO]  Saved checkpoint to "./imputer_model/2_heart/imputer_model_restecg/model-0004.params"
2024-03-24 17:39:30,275 [INFO]  Epoch[4] Validation-cross-entropy=0.321659
2024-03-24 17:39:30,275 [INFO]  Epoch[4] Validation-restecg-accuracy=0.000000
2024-03-24 17:39:30,275 [INFO]  
========== done (0.11718130111694336 s) fit model
2024-03-24 17:39:34,611 [INFO]  
========== start: fit model
2024-03-24 17:39:34,612 [WARNING]  Already bound, ignoring bind()
2024-03-24 17:39:34,624 [INFO]  Epoch[0] Batch [0-7]	Speed: 13994.34 samples/sec	cross-entropy=11.796466	restecg-accuracy=3.500000
2024-03-24 17:39:34,630 [INFO]  Epoch[0] Train-cross-entropy=2.988856
2024-03-24 17:39:34,631 [INFO]  Epoch[0] Train-restecg-accuracy=3.000000
2024-03-24 17:39:34,631 [INFO]  Epoch[0] Time cost=0.018
2024-03-24 17:39:34,632 [INFO]  Saved checkpoint to "./imputer_model/2_heart/imputer_model_restecg/model-0000.params"
2024-03-24 17:39:34,633 [INFO]  Epoch[0] Validation-cross-entropy=1.118490
2024-03-24 17:39:34,633 [INFO]  Epoch[0] Validation-restecg-accuracy=0.000000
2024-03-24 17:39:34,642 [INFO]  Epoch[1] Batch [0-7]	Speed: 14329.00 samples/sec	cross-entropy=1.163663	restecg-accuracy=3.500000
2024-03-24 17:39:34,649 [INFO]  Epoch[1] Train-cross-entropy=1.356227
2024-03-24 17:39:34,649 [INFO]  Epoch[1] Train-restecg-accuracy=3.000000
2024-03-24 17:39:34,649 [INFO]  Epoch[1] Time cost=0.016
2024-03-24 17:39:34,651 [INFO]  Saved checkpoint to "./imputer_model/2_heart/imputer_model_restecg/model-0001.params"
2024-03-24 17:39:34,651 [INFO]  Epoch[1] Validation-cross-entropy=1.420154
2024-03-24 17:39:34,652 [INFO]  Epoch[1] Validation-restecg-accuracy=0.000000
2024-03-24 17:39:34,663 [INFO]  Epoch[2] Batch [0-7]	Speed: 10844.00 samples/sec	cross-entropy=0.625866	restecg-accuracy=3.500000
2024-03-24 17:39:34,671 [INFO]  Epoch[2] Train-cross-entropy=0.342983
2024-03-24 17:39:34,671 [INFO]  Epoch[2] Train-restecg-accuracy=3.000000
2024-03-24 17:39:34,671 [INFO]  Epoch[2] Time cost=0.019
2024-03-24 17:39:34,673 [INFO]  Saved checkpoint to "./imputer_model/2_heart/imputer_model_restecg/model-0002.params"
2024-03-24 17:39:34,673 [INFO]  Epoch[2] Validation-cross-entropy=0.212540
2024-03-24 17:39:34,673 [INFO]  Epoch[2] Validation-restecg-accuracy=0.000000
2024-03-24 17:39:34,682 [INFO]  Epoch[3] Batch [0-7]	Speed: 14576.66 samples/sec	cross-entropy=0.226185	restecg-accuracy=3.500000
2024-03-24 17:39:34,689 [INFO]  Epoch[3] Train-cross-entropy=0.198146
2024-03-24 17:39:34,689 [INFO]  Epoch[3] Train-restecg-accuracy=3.000000
2024-03-24 17:39:34,689 [INFO]  Epoch[3] Time cost=0.016
2024-03-24 17:39:34,691 [INFO]  Saved checkpoint to "./imputer_model/2_heart/imputer_model_restecg/model-0003.params"
2024-03-24 17:39:34,691 [INFO]  Epoch[3] Validation-cross-entropy=0.106135
2024-03-24 17:39:34,691 [INFO]  Epoch[3] Validation-restecg-accuracy=0.000000
2024-03-24 17:39:34,701 [INFO]  Epoch[4] Batch [0-7]	Speed: 14346.07 samples/sec	cross-entropy=0.090423	restecg-accuracy=3.500000
2024-03-24 17:39:34,707 [INFO]  Epoch[4] Train-cross-entropy=0.103311
2024-03-24 17:39:34,707 [INFO]  Epoch[4] Train-restecg-accuracy=3.000000
2024-03-24 17:39:34,707 [INFO]  Epoch[4] Time cost=0.016
2024-03-24 17:39:34,709 [INFO]  Saved checkpoint to "./imputer_model/2_heart/imputer_model_restecg/model-0004.params"
2024-03-24 17:39:34,710 [INFO]  Epoch[4] Validation-cross-entropy=0.095672
2024-03-24 17:39:34,710 [INFO]  Epoch[4] Validation-restecg-accuracy=0.000000
2024-03-24 17:39:34,710 [INFO]  
========== done (0.0981905460357666 s) fit model
2024-03-24 17:39:38,836 [INFO]  
========== start: fit model
2024-03-24 17:39:38,836 [WARNING]  Already bound, ignoring bind()
2024-03-24 17:39:38,848 [INFO]  Epoch[0] Batch [0-7]	Speed: 14173.79 samples/sec	cross-entropy=10.504422	restecg-accuracy=3.750000
2024-03-24 17:39:38,855 [INFO]  Epoch[0] Train-cross-entropy=2.493363
2024-03-24 17:39:38,855 [INFO]  Epoch[0] Train-restecg-accuracy=3.166667
2024-03-24 17:39:38,856 [INFO]  Epoch[0] Time cost=0.018
2024-03-24 17:39:38,858 [INFO]  Saved checkpoint to "./imputer_model/2_heart/imputer_model_restecg/model-0000.params"
2024-03-24 17:39:38,859 [INFO]  Epoch[0] Validation-cross-entropy=1.028868
2024-03-24 17:39:38,859 [INFO]  Epoch[0] Validation-restecg-accuracy=0.000000
2024-03-24 17:39:38,868 [INFO]  Epoch[1] Batch [0-7]	Speed: 14201.65 samples/sec	cross-entropy=0.694940	restecg-accuracy=3.750000
2024-03-24 17:39:38,875 [INFO]  Epoch[1] Train-cross-entropy=1.249110
2024-03-24 17:39:38,876 [INFO]  Epoch[1] Train-restecg-accuracy=3.166667
2024-03-24 17:39:38,876 [INFO]  Epoch[1] Time cost=0.016
2024-03-24 17:39:38,878 [INFO]  Saved checkpoint to "./imputer_model/2_heart/imputer_model_restecg/model-0001.params"
2024-03-24 17:39:38,879 [INFO]  Epoch[1] Validation-cross-entropy=0.479641
2024-03-24 17:39:38,880 [INFO]  Epoch[1] Validation-restecg-accuracy=0.000000
2024-03-24 17:39:38,889 [INFO]  Epoch[2] Batch [0-7]	Speed: 14011.04 samples/sec	cross-entropy=0.558179	restecg-accuracy=3.750000
2024-03-24 17:39:38,896 [INFO]  Epoch[2] Train-cross-entropy=0.481307
2024-03-24 17:39:38,896 [INFO]  Epoch[2] Train-restecg-accuracy=3.166667
2024-03-24 17:39:38,896 [INFO]  Epoch[2] Time cost=0.017
2024-03-24 17:39:38,899 [INFO]  Saved checkpoint to "./imputer_model/2_heart/imputer_model_restecg/model-0002.params"
2024-03-24 17:39:38,900 [INFO]  Epoch[2] Validation-cross-entropy=0.221169
2024-03-24 17:39:38,900 [INFO]  Epoch[2] Validation-restecg-accuracy=0.000000
2024-03-24 17:39:38,909 [INFO]  Epoch[3] Batch [0-7]	Speed: 14310.67 samples/sec	cross-entropy=0.227396	restecg-accuracy=3.750000
2024-03-24 17:39:38,916 [INFO]  Epoch[3] Train-cross-entropy=0.219565
2024-03-24 17:39:38,917 [INFO]  Epoch[3] Train-restecg-accuracy=3.166667
2024-03-24 17:39:38,917 [INFO]  Epoch[3] Time cost=0.016
2024-03-24 17:39:38,919 [INFO]  Saved checkpoint to "./imputer_model/2_heart/imputer_model_restecg/model-0003.params"
2024-03-24 17:39:38,920 [INFO]  Epoch[3] Validation-cross-entropy=0.118392
2024-03-24 17:39:38,920 [INFO]  Epoch[3] Validation-restecg-accuracy=0.000000
2024-03-24 17:39:38,929 [INFO]  Epoch[4] Batch [0-7]	Speed: 14386.49 samples/sec	cross-entropy=0.100334	restecg-accuracy=3.750000
2024-03-24 17:39:38,936 [INFO]  Epoch[4] Train-cross-entropy=0.132292
2024-03-24 17:39:38,936 [INFO]  Epoch[4] Train-restecg-accuracy=3.166667
2024-03-24 17:39:38,937 [INFO]  Epoch[4] Time cost=0.016
2024-03-24 17:39:38,939 [INFO]  Saved checkpoint to "./imputer_model/2_heart/imputer_model_restecg/model-0004.params"
2024-03-24 17:39:38,940 [INFO]  Epoch[4] Validation-cross-entropy=0.068000
2024-03-24 17:39:38,940 [INFO]  Epoch[4] Validation-restecg-accuracy=0.000000
2024-03-24 17:39:38,940 [INFO]  
========== done (0.1040949821472168 s) fit model
2024-03-24 17:39:43,645 [INFO]  
========== start: fit model
2024-03-24 17:39:43,645 [WARNING]  Already bound, ignoring bind()
2024-03-24 17:39:43,667 [INFO]  Epoch[0] Batch [0-7]	Speed: 8465.40 samples/sec	cross-entropy=5.461710	restecg-accuracy=3.625000
2024-03-24 17:39:43,677 [INFO]  Epoch[0] Train-cross-entropy=0.671764
2024-03-24 17:39:43,677 [INFO]  Epoch[0] Train-restecg-accuracy=3.000000
2024-03-24 17:39:43,678 [INFO]  Epoch[0] Time cost=0.032
2024-03-24 17:39:43,679 [INFO]  Saved checkpoint to "./imputer_model/2_heart/imputer_model_restecg/model-0000.params"
2024-03-24 17:39:43,680 [INFO]  Epoch[0] Validation-cross-entropy=0.296701
2024-03-24 17:39:43,680 [INFO]  Epoch[0] Validation-restecg-accuracy=0.000000
2024-03-24 17:39:43,687 [INFO]  Epoch[1] Batch [0-7]	Speed: 20069.30 samples/sec	cross-entropy=0.772278	restecg-accuracy=3.625000
2024-03-24 17:39:43,691 [INFO]  Epoch[1] Train-cross-entropy=0.592487
2024-03-24 17:39:43,691 [INFO]  Epoch[1] Train-restecg-accuracy=3.000000
2024-03-24 17:39:43,691 [INFO]  Epoch[1] Time cost=0.011
2024-03-24 17:39:43,692 [INFO]  Saved checkpoint to "./imputer_model/2_heart/imputer_model_restecg/model-0001.params"
2024-03-24 17:39:43,697 [INFO]  Epoch[1] Validation-cross-entropy=0.369197
2024-03-24 17:39:43,697 [INFO]  Epoch[1] Validation-restecg-accuracy=0.000000
2024-03-24 17:39:43,709 [INFO]  Epoch[2] Batch [0-7]	Speed: 10638.93 samples/sec	cross-entropy=0.232694	restecg-accuracy=3.625000
2024-03-24 17:39:43,720 [INFO]  Epoch[2] Train-cross-entropy=0.166909
2024-03-24 17:39:43,720 [INFO]  Epoch[2] Train-restecg-accuracy=3.000000
2024-03-24 17:39:43,720 [INFO]  Epoch[2] Time cost=0.023
2024-03-24 17:39:43,721 [INFO]  Saved checkpoint to "./imputer_model/2_heart/imputer_model_restecg/model-0002.params"
2024-03-24 17:39:43,724 [INFO]  Epoch[2] Validation-cross-entropy=0.357562
2024-03-24 17:39:43,725 [INFO]  Epoch[2] Validation-restecg-accuracy=0.000000
2024-03-24 17:39:43,734 [INFO]  Epoch[3] Batch [0-7]	Speed: 14523.03 samples/sec	cross-entropy=0.125839	restecg-accuracy=3.625000
2024-03-24 17:39:43,741 [INFO]  Epoch[3] Train-cross-entropy=0.086306
2024-03-24 17:39:43,741 [INFO]  Epoch[3] Train-restecg-accuracy=3.000000
2024-03-24 17:39:43,741 [INFO]  Epoch[3] Time cost=0.016
2024-03-24 17:39:43,743 [INFO]  Saved checkpoint to "./imputer_model/2_heart/imputer_model_restecg/model-0003.params"
2024-03-24 17:39:43,745 [INFO]  Epoch[3] Validation-cross-entropy=0.033655
2024-03-24 17:39:43,745 [INFO]  Epoch[3] Validation-restecg-accuracy=0.000000
2024-03-24 17:39:43,754 [INFO]  Epoch[4] Batch [0-7]	Speed: 14702.12 samples/sec	cross-entropy=0.077127	restecg-accuracy=3.625000
2024-03-24 17:39:43,761 [INFO]  Epoch[4] Train-cross-entropy=0.072795
2024-03-24 17:39:43,761 [INFO]  Epoch[4] Train-restecg-accuracy=3.000000
2024-03-24 17:39:43,761 [INFO]  Epoch[4] Time cost=0.016
2024-03-24 17:39:43,763 [INFO]  Saved checkpoint to "./imputer_model/2_heart/imputer_model_restecg/model-0004.params"
2024-03-24 17:39:43,764 [INFO]  Epoch[4] Validation-cross-entropy=0.028107
2024-03-24 17:39:43,765 [INFO]  Epoch[4] Validation-restecg-accuracy=0.000000
2024-03-24 17:39:43,765 [INFO]  
========== done (0.12002253532409668 s) fit model
2024-03-24 17:39:48,573 [INFO]  
========== start: fit model
2024-03-24 17:39:48,573 [WARNING]  Already bound, ignoring bind()
2024-03-24 17:39:48,585 [INFO]  Epoch[0] Batch [0-7]	Speed: 13599.74 samples/sec	cross-entropy=13.664104	restecg-accuracy=0.000000
2024-03-24 17:39:48,592 [INFO]  Epoch[0] Train-cross-entropy=3.483499
2024-03-24 17:39:48,592 [INFO]  Epoch[0] Train-restecg-accuracy=0.000000
2024-03-24 17:39:48,592 [INFO]  Epoch[0] Time cost=0.018
2024-03-24 17:39:48,593 [INFO]  Saved checkpoint to "./imputer_model/2_heart/imputer_model_restecg/model-0000.params"
2024-03-24 17:39:48,595 [INFO]  Epoch[0] Validation-cross-entropy=1.676498
2024-03-24 17:39:48,595 [INFO]  Epoch[0] Validation-restecg-accuracy=0.000000
2024-03-24 17:39:48,607 [INFO]  Epoch[1] Batch [0-7]	Speed: 10019.24 samples/sec	cross-entropy=1.126595	restecg-accuracy=0.000000
2024-03-24 17:39:48,615 [INFO]  Epoch[1] Train-cross-entropy=1.776622
2024-03-24 17:39:48,615 [INFO]  Epoch[1] Train-restecg-accuracy=0.000000
2024-03-24 17:39:48,615 [INFO]  Epoch[1] Time cost=0.020
2024-03-24 17:39:48,617 [INFO]  Saved checkpoint to "./imputer_model/2_heart/imputer_model_restecg/model-0001.params"
2024-03-24 17:39:48,618 [INFO]  Epoch[1] Validation-cross-entropy=1.911287
2024-03-24 17:39:48,618 [INFO]  Epoch[1] Validation-restecg-accuracy=0.000000
2024-03-24 17:39:48,628 [INFO]  Epoch[2] Batch [0-7]	Speed: 13859.74 samples/sec	cross-entropy=0.767430	restecg-accuracy=0.000000
2024-03-24 17:39:48,635 [INFO]  Epoch[2] Train-cross-entropy=0.498389
2024-03-24 17:39:48,635 [INFO]  Epoch[2] Train-restecg-accuracy=0.000000
2024-03-24 17:39:48,635 [INFO]  Epoch[2] Time cost=0.016
2024-03-24 17:39:48,636 [INFO]  Saved checkpoint to "./imputer_model/2_heart/imputer_model_restecg/model-0002.params"
2024-03-24 17:39:48,638 [INFO]  Epoch[2] Validation-cross-entropy=0.553710
2024-03-24 17:39:48,638 [INFO]  Epoch[2] Validation-restecg-accuracy=0.000000
2024-03-24 17:39:48,647 [INFO]  Epoch[3] Batch [0-7]	Speed: 14304.57 samples/sec	cross-entropy=0.281665	restecg-accuracy=0.000000
2024-03-24 17:39:48,654 [INFO]  Epoch[3] Train-cross-entropy=0.282541
2024-03-24 17:39:48,654 [INFO]  Epoch[3] Train-restecg-accuracy=0.000000
2024-03-24 17:39:48,654 [INFO]  Epoch[3] Time cost=0.016
2024-03-24 17:39:48,656 [INFO]  Saved checkpoint to "./imputer_model/2_heart/imputer_model_restecg/model-0003.params"
2024-03-24 17:39:48,657 [INFO]  Epoch[3] Validation-cross-entropy=0.550417
2024-03-24 17:39:48,657 [INFO]  Epoch[3] Validation-restecg-accuracy=0.000000
2024-03-24 17:39:48,666 [INFO]  Epoch[4] Batch [0-7]	Speed: 14365.81 samples/sec	cross-entropy=0.147226	restecg-accuracy=0.000000
2024-03-24 17:39:48,673 [INFO]  Epoch[4] Train-cross-entropy=0.182924
2024-03-24 17:39:48,673 [INFO]  Epoch[4] Train-restecg-accuracy=0.000000
2024-03-24 17:39:48,673 [INFO]  Epoch[4] Time cost=0.016
2024-03-24 17:39:48,675 [INFO]  Saved checkpoint to "./imputer_model/2_heart/imputer_model_restecg/model-0004.params"
2024-03-24 17:39:48,676 [INFO]  Epoch[4] Validation-cross-entropy=0.490688
2024-03-24 17:39:48,676 [INFO]  Epoch[4] Validation-restecg-accuracy=0.000000
2024-03-24 17:39:48,676 [INFO]  
========== done (0.10366678237915039 s) fit model
2024-03-24 17:39:53,108 [INFO]  
========== start: fit model
2024-03-24 17:39:53,108 [WARNING]  Already bound, ignoring bind()
2024-03-24 17:39:53,116 [INFO]  Epoch[0] Batch [0-7]	Speed: 21672.99 samples/sec	cross-entropy=5.291265	restecg-accuracy=0.000000
2024-03-24 17:39:53,120 [INFO]  Epoch[0] Train-cross-entropy=0.710234
2024-03-24 17:39:53,120 [INFO]  Epoch[0] Train-restecg-accuracy=0.000000
2024-03-24 17:39:53,120 [INFO]  Epoch[0] Time cost=0.011
2024-03-24 17:39:53,122 [INFO]  Saved checkpoint to "./imputer_model/2_heart/imputer_model_restecg/model-0000.params"
2024-03-24 17:39:53,123 [INFO]  Epoch[0] Validation-cross-entropy=1.407483
2024-03-24 17:39:53,123 [INFO]  Epoch[0] Validation-restecg-accuracy=0.000000
2024-03-24 17:39:53,129 [INFO]  Epoch[1] Batch [0-7]	Speed: 21353.79 samples/sec	cross-entropy=1.146523	restecg-accuracy=0.000000
2024-03-24 17:39:53,134 [INFO]  Epoch[1] Train-cross-entropy=0.577958
2024-03-24 17:39:53,134 [INFO]  Epoch[1] Train-restecg-accuracy=0.000000
2024-03-24 17:39:53,134 [INFO]  Epoch[1] Time cost=0.011
2024-03-24 17:39:53,135 [INFO]  Saved checkpoint to "./imputer_model/2_heart/imputer_model_restecg/model-0001.params"
2024-03-24 17:39:53,136 [INFO]  Epoch[1] Validation-cross-entropy=0.253450
2024-03-24 17:39:53,136 [INFO]  Epoch[1] Validation-restecg-accuracy=0.000000
2024-03-24 17:39:53,142 [INFO]  Epoch[2] Batch [0-7]	Speed: 21034.44 samples/sec	cross-entropy=0.263833	restecg-accuracy=0.000000
2024-03-24 17:39:53,147 [INFO]  Epoch[2] Train-cross-entropy=0.221736
2024-03-24 17:39:53,147 [INFO]  Epoch[2] Train-restecg-accuracy=0.000000
2024-03-24 17:39:53,147 [INFO]  Epoch[2] Time cost=0.011
2024-03-24 17:39:53,148 [INFO]  Saved checkpoint to "./imputer_model/2_heart/imputer_model_restecg/model-0002.params"
2024-03-24 17:39:53,149 [INFO]  Epoch[2] Validation-cross-entropy=0.175220
2024-03-24 17:39:53,149 [INFO]  Epoch[2] Validation-restecg-accuracy=0.000000
2024-03-24 17:39:53,155 [INFO]  Epoch[3] Batch [0-7]	Speed: 22186.84 samples/sec	cross-entropy=0.106593	restecg-accuracy=0.000000
2024-03-24 17:39:53,160 [INFO]  Epoch[3] Train-cross-entropy=0.089339
2024-03-24 17:39:53,160 [INFO]  Epoch[3] Train-restecg-accuracy=0.000000
2024-03-24 17:39:53,160 [INFO]  Epoch[3] Time cost=0.011
2024-03-24 17:39:53,161 [INFO]  Saved checkpoint to "./imputer_model/2_heart/imputer_model_restecg/model-0003.params"
2024-03-24 17:39:53,162 [INFO]  Epoch[3] Validation-cross-entropy=0.064329
2024-03-24 17:39:53,162 [INFO]  Epoch[3] Validation-restecg-accuracy=0.000000
2024-03-24 17:39:53,169 [INFO]  Epoch[4] Batch [0-7]	Speed: 21682.99 samples/sec	cross-entropy=0.072243	restecg-accuracy=0.000000
2024-03-24 17:39:53,173 [INFO]  Epoch[4] Train-cross-entropy=0.042486
2024-03-24 17:39:53,173 [INFO]  Epoch[4] Train-restecg-accuracy=0.000000
2024-03-24 17:39:53,173 [INFO]  Epoch[4] Time cost=0.011
2024-03-24 17:39:53,175 [INFO]  Saved checkpoint to "./imputer_model/2_heart/imputer_model_restecg/model-0004.params"
2024-03-24 17:39:53,176 [INFO]  Epoch[4] Validation-cross-entropy=0.075108
2024-03-24 17:39:53,176 [INFO]  Epoch[4] Validation-restecg-accuracy=0.000000
2024-03-24 17:39:53,176 [INFO]  
========== done (0.06774330139160156 s) fit model
2024-03-24 17:39:57,671 [INFO]  
========== start: fit model
2024-03-24 17:39:57,671 [WARNING]  Already bound, ignoring bind()
2024-03-24 17:39:57,691 [INFO]  Epoch[0] Batch [0-7]	Speed: 8150.07 samples/sec	cross-entropy=15.131368	restecg-accuracy=0.000000
2024-03-24 17:39:57,700 [INFO]  Epoch[0] Train-cross-entropy=6.474709
2024-03-24 17:39:57,700 [INFO]  Epoch[0] Train-restecg-accuracy=0.000000
2024-03-24 17:39:57,700 [INFO]  Epoch[0] Time cost=0.028
2024-03-24 17:39:57,703 [INFO]  Saved checkpoint to "./imputer_model/2_heart/imputer_model_restecg/model-0000.params"
2024-03-24 17:39:57,703 [INFO]  Epoch[0] Validation-cross-entropy=2.201877
2024-03-24 17:39:57,704 [INFO]  Epoch[0] Validation-restecg-accuracy=0.000000
2024-03-24 17:39:57,713 [INFO]  Epoch[1] Batch [0-7]	Speed: 14179.78 samples/sec	cross-entropy=1.891764	restecg-accuracy=0.000000
2024-03-24 17:39:57,720 [INFO]  Epoch[1] Train-cross-entropy=1.033095
2024-03-24 17:39:57,720 [INFO]  Epoch[1] Train-restecg-accuracy=0.000000
2024-03-24 17:39:57,720 [INFO]  Epoch[1] Time cost=0.016
2024-03-24 17:39:57,722 [INFO]  Saved checkpoint to "./imputer_model/2_heart/imputer_model_restecg/model-0001.params"
2024-03-24 17:39:57,723 [INFO]  Epoch[1] Validation-cross-entropy=0.909163
2024-03-24 17:39:57,723 [INFO]  Epoch[1] Validation-restecg-accuracy=0.000000
2024-03-24 17:39:57,733 [INFO]  Epoch[2] Batch [0-7]	Speed: 14205.08 samples/sec	cross-entropy=0.848928	restecg-accuracy=0.000000
2024-03-24 17:39:57,740 [INFO]  Epoch[2] Train-cross-entropy=0.484297
2024-03-24 17:39:57,740 [INFO]  Epoch[2] Train-restecg-accuracy=0.000000
2024-03-24 17:39:57,740 [INFO]  Epoch[2] Time cost=0.016
2024-03-24 17:39:57,742 [INFO]  Saved checkpoint to "./imputer_model/2_heart/imputer_model_restecg/model-0002.params"
2024-03-24 17:39:57,764 [INFO]  Epoch[2] Validation-cross-entropy=0.168352
2024-03-24 17:39:57,764 [INFO]  Epoch[2] Validation-restecg-accuracy=0.000000
2024-03-24 17:39:57,775 [INFO]  Epoch[3] Batch [0-7]	Speed: 15248.05 samples/sec	cross-entropy=0.330969	restecg-accuracy=0.000000
2024-03-24 17:39:57,782 [INFO]  Epoch[3] Train-cross-entropy=0.219482
2024-03-24 17:39:57,782 [INFO]  Epoch[3] Train-restecg-accuracy=0.000000
2024-03-24 17:39:57,782 [INFO]  Epoch[3] Time cost=0.018
2024-03-24 17:39:57,784 [INFO]  Saved checkpoint to "./imputer_model/2_heart/imputer_model_restecg/model-0003.params"
2024-03-24 17:39:57,785 [INFO]  Epoch[3] Validation-cross-entropy=0.136380
2024-03-24 17:39:57,785 [INFO]  Epoch[3] Validation-restecg-accuracy=0.000000
2024-03-24 17:39:57,794 [INFO]  Epoch[4] Batch [0-7]	Speed: 15232.73 samples/sec	cross-entropy=0.139957	restecg-accuracy=0.000000
2024-03-24 17:39:57,801 [INFO]  Epoch[4] Train-cross-entropy=0.119710
2024-03-24 17:39:57,801 [INFO]  Epoch[4] Train-restecg-accuracy=0.000000
2024-03-24 17:39:57,801 [INFO]  Epoch[4] Time cost=0.015
2024-03-24 17:39:57,803 [INFO]  Saved checkpoint to "./imputer_model/2_heart/imputer_model_restecg/model-0004.params"
2024-03-24 17:39:57,805 [INFO]  Epoch[4] Validation-cross-entropy=0.098965
2024-03-24 17:39:57,805 [INFO]  Epoch[4] Validation-restecg-accuracy=0.000000
2024-03-24 17:39:57,805 [INFO]  
========== done (0.13425922393798828 s) fit model
2024-03-24 17:40:01,708 [INFO]  
========== start: fit model
2024-03-24 17:40:01,708 [WARNING]  Already bound, ignoring bind()
2024-03-24 17:40:01,746 [INFO]  Epoch[0] Batch [0-7]	Speed: 15017.01 samples/sec	cross-entropy=22.034723	restecg-accuracy=0.000000
2024-03-24 17:40:01,753 [INFO]  Epoch[0] Train-cross-entropy=7.416684
2024-03-24 17:40:01,753 [INFO]  Epoch[0] Train-restecg-accuracy=0.000000
2024-03-24 17:40:01,753 [INFO]  Epoch[0] Time cost=0.043
2024-03-24 17:40:01,754 [INFO]  Saved checkpoint to "./imputer_model/2_heart/imputer_model_restecg/model-0000.params"
2024-03-24 17:40:01,755 [INFO]  Epoch[0] Validation-cross-entropy=5.363948
2024-03-24 17:40:01,755 [INFO]  Epoch[0] Validation-restecg-accuracy=0.000000
2024-03-24 17:40:01,763 [INFO]  Epoch[1] Batch [0-7]	Speed: 15134.09 samples/sec	cross-entropy=2.289977	restecg-accuracy=0.000000
2024-03-24 17:40:01,774 [INFO]  Epoch[1] Train-cross-entropy=0.747928
2024-03-24 17:40:01,774 [INFO]  Epoch[1] Train-restecg-accuracy=0.000000
2024-03-24 17:40:01,774 [INFO]  Epoch[1] Time cost=0.019
2024-03-24 17:40:01,775 [INFO]  Saved checkpoint to "./imputer_model/2_heart/imputer_model_restecg/model-0001.params"
2024-03-24 17:40:01,776 [INFO]  Epoch[1] Validation-cross-entropy=0.848378
2024-03-24 17:40:01,776 [INFO]  Epoch[1] Validation-restecg-accuracy=0.000000
2024-03-24 17:40:01,785 [INFO]  Epoch[2] Batch [0-7]	Speed: 14257.68 samples/sec	cross-entropy=0.769433	restecg-accuracy=0.000000
2024-03-24 17:40:01,792 [INFO]  Epoch[2] Train-cross-entropy=0.618326
2024-03-24 17:40:01,792 [INFO]  Epoch[2] Train-restecg-accuracy=0.000000
2024-03-24 17:40:01,792 [INFO]  Epoch[2] Time cost=0.016
2024-03-24 17:40:01,793 [INFO]  Saved checkpoint to "./imputer_model/2_heart/imputer_model_restecg/model-0002.params"
2024-03-24 17:40:01,795 [INFO]  Epoch[2] Validation-cross-entropy=0.725953
2024-03-24 17:40:01,795 [INFO]  Epoch[2] Validation-restecg-accuracy=0.000000
2024-03-24 17:40:01,805 [INFO]  Epoch[3] Batch [0-7]	Speed: 14072.32 samples/sec	cross-entropy=0.329954	restecg-accuracy=0.000000
2024-03-24 17:40:01,812 [INFO]  Epoch[3] Train-cross-entropy=0.323045
2024-03-24 17:40:01,812 [INFO]  Epoch[3] Train-restecg-accuracy=0.000000
2024-03-24 17:40:01,812 [INFO]  Epoch[3] Time cost=0.016
2024-03-24 17:40:01,813 [INFO]  Saved checkpoint to "./imputer_model/2_heart/imputer_model_restecg/model-0003.params"
2024-03-24 17:40:01,814 [INFO]  Epoch[3] Validation-cross-entropy=0.184231
2024-03-24 17:40:01,814 [INFO]  Epoch[3] Validation-restecg-accuracy=0.000000
2024-03-24 17:40:01,823 [INFO]  Epoch[4] Batch [0-7]	Speed: 14602.03 samples/sec	cross-entropy=0.152987	restecg-accuracy=0.000000
2024-03-24 17:40:01,830 [INFO]  Epoch[4] Train-cross-entropy=0.193093
2024-03-24 17:40:01,830 [INFO]  Epoch[4] Train-restecg-accuracy=0.000000
2024-03-24 17:40:01,830 [INFO]  Epoch[4] Time cost=0.016
2024-03-24 17:40:01,832 [INFO]  Saved checkpoint to "./imputer_model/2_heart/imputer_model_restecg/model-0004.params"
2024-03-24 17:40:01,832 [INFO]  Epoch[4] Validation-cross-entropy=0.147402
2024-03-24 17:40:01,832 [INFO]  Epoch[4] Validation-restecg-accuracy=0.000000
2024-03-24 17:40:01,832 [INFO]  
========== done (0.12405610084533691 s) fit model
2024-03-24 17:40:06,613 [INFO]  
========== start: fit model
2024-03-24 17:40:06,613 [WARNING]  Already bound, ignoring bind()
2024-03-24 17:40:06,766 [INFO]  Epoch[0] Batch [0-7]	Speed: 12512.31 samples/sec	cross-entropy=13.909311	restecg-accuracy=0.000000
2024-03-24 17:40:06,776 [INFO]  Epoch[0] Train-cross-entropy=4.646835
2024-03-24 17:40:06,776 [INFO]  Epoch[0] Train-restecg-accuracy=0.000000
2024-03-24 17:40:06,776 [INFO]  Epoch[0] Time cost=0.162
2024-03-24 17:40:06,779 [INFO]  Saved checkpoint to "./imputer_model/2_heart/imputer_model_restecg/model-0000.params"
2024-03-24 17:40:06,780 [INFO]  Epoch[0] Validation-cross-entropy=3.057110
2024-03-24 17:40:06,780 [INFO]  Epoch[0] Validation-restecg-accuracy=0.000000
2024-03-24 17:40:06,791 [INFO]  Epoch[1] Batch [0-7]	Speed: 12598.89 samples/sec	cross-entropy=0.815518	restecg-accuracy=0.000000
2024-03-24 17:40:06,807 [INFO]  Epoch[1] Train-cross-entropy=0.926147
2024-03-24 17:40:06,807 [INFO]  Epoch[1] Train-restecg-accuracy=0.000000
2024-03-24 17:40:06,807 [INFO]  Epoch[1] Time cost=0.027
2024-03-24 17:40:06,809 [INFO]  Saved checkpoint to "./imputer_model/2_heart/imputer_model_restecg/model-0001.params"
2024-03-24 17:40:06,811 [INFO]  Epoch[1] Validation-cross-entropy=0.666174
2024-03-24 17:40:06,811 [INFO]  Epoch[1] Validation-restecg-accuracy=0.000000
2024-03-24 17:40:06,820 [INFO]  Epoch[2] Batch [0-7]	Speed: 15133.60 samples/sec	cross-entropy=0.900195	restecg-accuracy=0.000000
2024-03-24 17:40:06,826 [INFO]  Epoch[2] Train-cross-entropy=0.333534
2024-03-24 17:40:06,826 [INFO]  Epoch[2] Train-restecg-accuracy=0.000000
2024-03-24 17:40:06,827 [INFO]  Epoch[2] Time cost=0.016
2024-03-24 17:40:06,829 [INFO]  Saved checkpoint to "./imputer_model/2_heart/imputer_model_restecg/model-0002.params"
2024-03-24 17:40:06,830 [INFO]  Epoch[2] Validation-cross-entropy=0.120227
2024-03-24 17:40:06,830 [INFO]  Epoch[2] Validation-restecg-accuracy=0.000000
2024-03-24 17:40:06,839 [INFO]  Epoch[3] Batch [0-7]	Speed: 14584.81 samples/sec	cross-entropy=0.186762	restecg-accuracy=0.000000
2024-03-24 17:40:06,846 [INFO]  Epoch[3] Train-cross-entropy=0.218310
2024-03-24 17:40:06,846 [INFO]  Epoch[3] Train-restecg-accuracy=0.000000
2024-03-24 17:40:06,846 [INFO]  Epoch[3] Time cost=0.016
2024-03-24 17:40:06,848 [INFO]  Saved checkpoint to "./imputer_model/2_heart/imputer_model_restecg/model-0003.params"
2024-03-24 17:40:06,850 [INFO]  Epoch[3] Validation-cross-entropy=0.290844
2024-03-24 17:40:06,850 [INFO]  Epoch[3] Validation-restecg-accuracy=0.000000
2024-03-24 17:40:06,859 [INFO]  Epoch[4] Batch [0-7]	Speed: 14440.00 samples/sec	cross-entropy=0.140464	restecg-accuracy=0.000000
2024-03-24 17:40:06,866 [INFO]  Epoch[4] Train-cross-entropy=0.096163
2024-03-24 17:40:06,866 [INFO]  Epoch[4] Train-restecg-accuracy=0.000000
2024-03-24 17:40:06,866 [INFO]  Epoch[4] Time cost=0.016
2024-03-24 17:40:06,869 [INFO]  Saved checkpoint to "./imputer_model/2_heart/imputer_model_restecg/model-0004.params"
2024-03-24 17:40:06,870 [INFO]  Epoch[4] Validation-cross-entropy=0.040461
2024-03-24 17:40:06,870 [INFO]  Epoch[4] Validation-restecg-accuracy=0.000000
2024-03-24 17:40:06,870 [INFO]  
========== done (0.2575089931488037 s) fit model
