2024-04-08 10:28:19,874 [INFO]  
========== start: fit model
2024-04-08 10:28:19,874 [WARNING]  Already bound, ignoring bind()
2024-04-08 10:28:19,913 [INFO]  Epoch[0] Batch [0-48]	Speed: 20879.49 samples/sec	cross-entropy=3.227153	SMOKE-accuracy=3.102041
2024-04-08 10:28:19,938 [INFO]  Epoch[0] Train-cross-entropy=0.221376
2024-04-08 10:28:19,938 [INFO]  Epoch[0] Train-SMOKE-accuracy=2.826087
2024-04-08 10:28:19,938 [INFO]  Epoch[0] Time cost=0.063
2024-04-08 10:28:19,939 [INFO]  Saved checkpoint to "./imputer_model/20_obesity/imputer_model_SMOKE/model-0000.params"
2024-04-08 10:28:19,942 [INFO]  Epoch[0] Validation-cross-entropy=0.394322
2024-04-08 10:28:19,942 [INFO]  Epoch[0] Validation-SMOKE-accuracy=0.000000
2024-04-08 10:28:19,969 [INFO]  Epoch[1] Batch [0-48]	Speed: 29728.17 samples/sec	cross-entropy=0.361802	SMOKE-accuracy=3.102041
2024-04-08 10:28:19,994 [INFO]  Epoch[1] Train-cross-entropy=0.098356
2024-04-08 10:28:19,994 [INFO]  Epoch[1] Train-SMOKE-accuracy=2.826087
2024-04-08 10:28:19,994 [INFO]  Epoch[1] Time cost=0.052
2024-04-08 10:28:19,995 [INFO]  Saved checkpoint to "./imputer_model/20_obesity/imputer_model_SMOKE/model-0001.params"
2024-04-08 10:28:19,998 [INFO]  Epoch[1] Validation-cross-entropy=0.170182
2024-04-08 10:28:19,998 [INFO]  Epoch[1] Validation-SMOKE-accuracy=0.000000
2024-04-08 10:28:20,025 [INFO]  Epoch[2] Batch [0-48]	Speed: 29692.55 samples/sec	cross-entropy=0.150829	SMOKE-accuracy=3.102041
2024-04-08 10:28:20,050 [INFO]  Epoch[2] Train-cross-entropy=0.038377
2024-04-08 10:28:20,050 [INFO]  Epoch[2] Train-SMOKE-accuracy=2.826087
2024-04-08 10:28:20,050 [INFO]  Epoch[2] Time cost=0.052
2024-04-08 10:28:20,051 [INFO]  Saved checkpoint to "./imputer_model/20_obesity/imputer_model_SMOKE/model-0002.params"
2024-04-08 10:28:20,054 [INFO]  Epoch[2] Validation-cross-entropy=0.062470
2024-04-08 10:28:20,054 [INFO]  Epoch[2] Validation-SMOKE-accuracy=0.000000
2024-04-08 10:28:20,085 [INFO]  Epoch[3] Batch [0-48]	Speed: 25094.85 samples/sec	cross-entropy=0.045548	SMOKE-accuracy=3.102041
2024-04-08 10:28:20,131 [INFO]  Epoch[3] Train-cross-entropy=0.016677
2024-04-08 10:28:20,131 [INFO]  Epoch[3] Train-SMOKE-accuracy=2.826087
2024-04-08 10:28:20,131 [INFO]  Epoch[3] Time cost=0.077
2024-04-08 10:28:20,134 [INFO]  Saved checkpoint to "./imputer_model/20_obesity/imputer_model_SMOKE/model-0003.params"
2024-04-08 10:28:20,212 [INFO]  Epoch[3] Validation-cross-entropy=0.031913
2024-04-08 10:28:20,212 [INFO]  Epoch[3] Validation-SMOKE-accuracy=0.000000
2024-04-08 10:28:20,247 [INFO]  Epoch[4] Batch [0-48]	Speed: 22601.28 samples/sec	cross-entropy=0.014708	SMOKE-accuracy=3.102041
2024-04-08 10:28:20,294 [INFO]  Epoch[4] Train-cross-entropy=0.011778
2024-04-08 10:28:20,294 [INFO]  Epoch[4] Train-SMOKE-accuracy=2.826087
2024-04-08 10:28:20,294 [INFO]  Epoch[4] Time cost=0.082
2024-04-08 10:28:20,296 [INFO]  Saved checkpoint to "./imputer_model/20_obesity/imputer_model_SMOKE/model-0004.params"
2024-04-08 10:28:20,301 [INFO]  Epoch[4] Validation-cross-entropy=0.025901
2024-04-08 10:28:20,302 [INFO]  Epoch[4] Validation-SMOKE-accuracy=0.000000
2024-04-08 10:28:20,302 [INFO]  
========== done (0.42781877517700195 s) fit model
2024-04-08 10:28:38,943 [INFO]  
========== start: fit model
2024-04-08 10:28:38,943 [WARNING]  Already bound, ignoring bind()
2024-04-08 10:28:39,012 [INFO]  Epoch[0] Batch [0-48]	Speed: 12915.49 samples/sec	cross-entropy=3.321826	SMOKE-accuracy=0.000000
2024-04-08 10:28:39,039 [INFO]  Epoch[0] Train-cross-entropy=0.135236
2024-04-08 10:28:39,039 [INFO]  Epoch[0] Train-SMOKE-accuracy=0.000000
2024-04-08 10:28:39,039 [INFO]  Epoch[0] Time cost=0.095
2024-04-08 10:28:39,041 [INFO]  Saved checkpoint to "./imputer_model/20_obesity/imputer_model_SMOKE/model-0000.params"
2024-04-08 10:28:39,055 [INFO]  Epoch[0] Validation-cross-entropy=0.061304
2024-04-08 10:28:39,055 [INFO]  Epoch[0] Validation-SMOKE-accuracy=0.000000
2024-04-08 10:28:39,091 [INFO]  Epoch[1] Batch [0-48]	Speed: 22095.12 samples/sec	cross-entropy=0.071340	SMOKE-accuracy=0.000000
2024-04-08 10:28:39,125 [INFO]  Epoch[1] Train-cross-entropy=0.043487
2024-04-08 10:28:39,125 [INFO]  Epoch[1] Train-SMOKE-accuracy=0.000000
2024-04-08 10:28:39,125 [INFO]  Epoch[1] Time cost=0.070
2024-04-08 10:28:39,127 [INFO]  Saved checkpoint to "./imputer_model/20_obesity/imputer_model_SMOKE/model-0001.params"
2024-04-08 10:28:39,130 [INFO]  Epoch[1] Validation-cross-entropy=0.022109
2024-04-08 10:28:39,130 [INFO]  Epoch[1] Validation-SMOKE-accuracy=0.000000
2024-04-08 10:28:39,737 [INFO]  Epoch[2] Batch [0-48]	Speed: 1266.81 samples/sec	cross-entropy=0.030546	SMOKE-accuracy=0.000000
2024-04-08 10:28:39,789 [INFO]  Epoch[2] Train-cross-entropy=0.024615
2024-04-08 10:28:39,789 [INFO]  Epoch[2] Train-SMOKE-accuracy=0.000000
2024-04-08 10:28:39,789 [INFO]  Epoch[2] Time cost=0.659
2024-04-08 10:28:39,790 [INFO]  Saved checkpoint to "./imputer_model/20_obesity/imputer_model_SMOKE/model-0002.params"
2024-04-08 10:28:39,796 [INFO]  Epoch[2] Validation-cross-entropy=0.017101
2024-04-08 10:28:39,796 [INFO]  Epoch[2] Validation-SMOKE-accuracy=0.000000
2024-04-08 10:28:39,885 [INFO]  Epoch[3] Batch [0-48]	Speed: 8914.69 samples/sec	cross-entropy=0.019970	SMOKE-accuracy=0.000000
2024-04-08 10:28:39,930 [INFO]  Epoch[3] Train-cross-entropy=0.016852
2024-04-08 10:28:39,930 [INFO]  Epoch[3] Train-SMOKE-accuracy=0.000000
2024-04-08 10:28:39,930 [INFO]  Epoch[3] Time cost=0.134
2024-04-08 10:28:39,932 [INFO]  Saved checkpoint to "./imputer_model/20_obesity/imputer_model_SMOKE/model-0003.params"
2024-04-08 10:28:39,935 [INFO]  Epoch[3] Validation-cross-entropy=0.012876
2024-04-08 10:28:39,935 [INFO]  Epoch[3] Validation-SMOKE-accuracy=0.000000
2024-04-08 10:28:39,995 [INFO]  Epoch[4] Batch [0-48]	Speed: 13110.35 samples/sec	cross-entropy=0.014424	SMOKE-accuracy=0.000000
2024-04-08 10:28:40,633 [INFO]  Epoch[4] Train-cross-entropy=0.013646
2024-04-08 10:28:40,633 [INFO]  Epoch[4] Train-SMOKE-accuracy=0.000000
2024-04-08 10:28:40,633 [INFO]  Epoch[4] Time cost=0.698
2024-04-08 10:28:40,635 [INFO]  Saved checkpoint to "./imputer_model/20_obesity/imputer_model_SMOKE/model-0004.params"
2024-04-08 10:28:40,638 [INFO]  Epoch[4] Validation-cross-entropy=0.008801
2024-04-08 10:28:40,638 [INFO]  Epoch[4] Validation-SMOKE-accuracy=0.000000
2024-04-08 10:28:40,638 [INFO]  
========== done (1.6952226161956787 s) fit model
2024-04-08 10:28:59,768 [INFO]  
========== start: fit model
2024-04-08 10:28:59,768 [WARNING]  Already bound, ignoring bind()
2024-04-08 10:28:59,893 [INFO]  Epoch[0] Batch [0-48]	Speed: 6940.20 samples/sec	cross-entropy=4.188795	SMOKE-accuracy=2.897959
2024-04-08 10:28:59,935 [INFO]  Epoch[0] Train-cross-entropy=0.134606
2024-04-08 10:28:59,935 [INFO]  Epoch[0] Train-SMOKE-accuracy=2.956522
2024-04-08 10:28:59,935 [INFO]  Epoch[0] Time cost=0.165
2024-04-08 10:28:59,937 [INFO]  Saved checkpoint to "./imputer_model/20_obesity/imputer_model_SMOKE/model-0000.params"
2024-04-08 10:28:59,940 [INFO]  Epoch[0] Validation-cross-entropy=0.098555
2024-04-08 10:28:59,940 [INFO]  Epoch[0] Validation-SMOKE-accuracy=0.000000
2024-04-08 10:29:00,037 [INFO]  Epoch[1] Batch [0-48]	Speed: 8097.91 samples/sec	cross-entropy=0.056477	SMOKE-accuracy=2.897959
2024-04-08 10:29:00,085 [INFO]  Epoch[1] Train-cross-entropy=0.049523
2024-04-08 10:29:00,085 [INFO]  Epoch[1] Train-SMOKE-accuracy=2.956522
2024-04-08 10:29:00,085 [INFO]  Epoch[1] Time cost=0.145
2024-04-08 10:29:00,087 [INFO]  Saved checkpoint to "./imputer_model/20_obesity/imputer_model_SMOKE/model-0001.params"
2024-04-08 10:29:00,091 [INFO]  Epoch[1] Validation-cross-entropy=0.045598
2024-04-08 10:29:00,092 [INFO]  Epoch[1] Validation-SMOKE-accuracy=0.000000
2024-04-08 10:29:00,144 [INFO]  Epoch[2] Batch [0-48]	Speed: 14979.73 samples/sec	cross-entropy=0.027918	SMOKE-accuracy=2.897959
2024-04-08 10:29:00,193 [INFO]  Epoch[2] Train-cross-entropy=0.024676
2024-04-08 10:29:00,193 [INFO]  Epoch[2] Train-SMOKE-accuracy=2.956522
2024-04-08 10:29:00,193 [INFO]  Epoch[2] Time cost=0.102
2024-04-08 10:29:00,195 [INFO]  Saved checkpoint to "./imputer_model/20_obesity/imputer_model_SMOKE/model-0002.params"
2024-04-08 10:29:00,200 [INFO]  Epoch[2] Validation-cross-entropy=0.027511
2024-04-08 10:29:00,200 [INFO]  Epoch[2] Validation-SMOKE-accuracy=0.000000
2024-04-08 10:29:00,253 [INFO]  Epoch[3] Batch [0-48]	Speed: 14844.43 samples/sec	cross-entropy=0.017545	SMOKE-accuracy=2.897959
2024-04-08 10:29:00,302 [INFO]  Epoch[3] Train-cross-entropy=0.014190
2024-04-08 10:29:00,302 [INFO]  Epoch[3] Train-SMOKE-accuracy=2.956522
2024-04-08 10:29:00,302 [INFO]  Epoch[3] Time cost=0.102
2024-04-08 10:29:00,304 [INFO]  Saved checkpoint to "./imputer_model/20_obesity/imputer_model_SMOKE/model-0003.params"
2024-04-08 10:29:00,308 [INFO]  Epoch[3] Validation-cross-entropy=0.017833
2024-04-08 10:29:00,308 [INFO]  Epoch[3] Validation-SMOKE-accuracy=0.000000
2024-04-08 10:29:00,364 [INFO]  Epoch[4] Batch [0-48]	Speed: 14226.33 samples/sec	cross-entropy=0.012835	SMOKE-accuracy=2.897959
2024-04-08 10:29:00,416 [INFO]  Epoch[4] Train-cross-entropy=0.009872
2024-04-08 10:29:00,417 [INFO]  Epoch[4] Train-SMOKE-accuracy=2.956522
2024-04-08 10:29:00,417 [INFO]  Epoch[4] Time cost=0.108
2024-04-08 10:29:00,419 [INFO]  Saved checkpoint to "./imputer_model/20_obesity/imputer_model_SMOKE/model-0004.params"
2024-04-08 10:29:00,424 [INFO]  Epoch[4] Validation-cross-entropy=0.013082
2024-04-08 10:29:00,424 [INFO]  Epoch[4] Validation-SMOKE-accuracy=0.000000
2024-04-08 10:29:00,424 [INFO]  
========== done (0.6555111408233643 s) fit model
2024-04-08 10:29:19,422 [INFO]  
========== start: fit model
2024-04-08 10:29:19,422 [WARNING]  Already bound, ignoring bind()
2024-04-08 10:29:19,491 [INFO]  Epoch[0] Batch [0-48]	Speed: 11480.31 samples/sec	cross-entropy=1.799628	SMOKE-accuracy=0.000000
2024-04-08 10:29:20,081 [INFO]  Epoch[0] Train-cross-entropy=0.090480
2024-04-08 10:29:20,081 [INFO]  Epoch[0] Train-SMOKE-accuracy=0.000000
2024-04-08 10:29:20,081 [INFO]  Epoch[0] Time cost=0.658
2024-04-08 10:29:20,083 [INFO]  Saved checkpoint to "./imputer_model/20_obesity/imputer_model_SMOKE/model-0000.params"
2024-04-08 10:29:20,098 [INFO]  Epoch[0] Validation-cross-entropy=0.034859
2024-04-08 10:29:20,098 [INFO]  Epoch[0] Validation-SMOKE-accuracy=0.000000
2024-04-08 10:29:20,142 [INFO]  Epoch[1] Batch [0-48]	Speed: 17887.15 samples/sec	cross-entropy=0.070027	SMOKE-accuracy=0.000000
2024-04-08 10:29:20,187 [INFO]  Epoch[1] Train-cross-entropy=0.031848
2024-04-08 10:29:20,187 [INFO]  Epoch[1] Train-SMOKE-accuracy=0.000000
2024-04-08 10:29:20,187 [INFO]  Epoch[1] Time cost=0.089
2024-04-08 10:29:20,188 [INFO]  Saved checkpoint to "./imputer_model/20_obesity/imputer_model_SMOKE/model-0001.params"
2024-04-08 10:29:20,194 [INFO]  Epoch[1] Validation-cross-entropy=0.014930
2024-04-08 10:29:20,194 [INFO]  Epoch[1] Validation-SMOKE-accuracy=0.000000
2024-04-08 10:29:20,234 [INFO]  Epoch[2] Batch [0-48]	Speed: 19569.31 samples/sec	cross-entropy=0.022842	SMOKE-accuracy=0.000000
2024-04-08 10:29:20,290 [INFO]  Epoch[2] Train-cross-entropy=0.013817
2024-04-08 10:29:20,290 [INFO]  Epoch[2] Train-SMOKE-accuracy=0.000000
2024-04-08 10:29:20,290 [INFO]  Epoch[2] Time cost=0.097
2024-04-08 10:29:20,292 [INFO]  Saved checkpoint to "./imputer_model/20_obesity/imputer_model_SMOKE/model-0002.params"
2024-04-08 10:29:20,295 [INFO]  Epoch[2] Validation-cross-entropy=0.008926
2024-04-08 10:29:20,296 [INFO]  Epoch[2] Validation-SMOKE-accuracy=0.000000
2024-04-08 10:29:20,331 [INFO]  Epoch[3] Batch [0-48]	Speed: 22318.32 samples/sec	cross-entropy=0.013154	SMOKE-accuracy=0.000000
2024-04-08 10:29:20,385 [INFO]  Epoch[3] Train-cross-entropy=0.010490
2024-04-08 10:29:20,385 [INFO]  Epoch[3] Train-SMOKE-accuracy=0.000000
2024-04-08 10:29:20,385 [INFO]  Epoch[3] Time cost=0.090
2024-04-08 10:29:20,387 [INFO]  Saved checkpoint to "./imputer_model/20_obesity/imputer_model_SMOKE/model-0003.params"
2024-04-08 10:29:20,390 [INFO]  Epoch[3] Validation-cross-entropy=0.006712
2024-04-08 10:29:20,390 [INFO]  Epoch[3] Validation-SMOKE-accuracy=0.000000
2024-04-08 10:29:20,429 [INFO]  Epoch[4] Batch [0-48]	Speed: 20074.07 samples/sec	cross-entropy=0.009599	SMOKE-accuracy=0.000000
2024-04-08 10:29:20,464 [INFO]  Epoch[4] Train-cross-entropy=0.008363
2024-04-08 10:29:20,464 [INFO]  Epoch[4] Train-SMOKE-accuracy=0.000000
2024-04-08 10:29:20,464 [INFO]  Epoch[4] Time cost=0.074
2024-04-08 10:29:20,466 [INFO]  Saved checkpoint to "./imputer_model/20_obesity/imputer_model_SMOKE/model-0004.params"
2024-04-08 10:29:20,469 [INFO]  Epoch[4] Validation-cross-entropy=0.006097
2024-04-08 10:29:20,469 [INFO]  Epoch[4] Validation-SMOKE-accuracy=0.000000
2024-04-08 10:29:20,469 [INFO]  
========== done (1.0470335483551025 s) fit model
2024-04-08 10:29:38,841 [INFO]  
========== start: fit model
2024-04-08 10:29:38,842 [WARNING]  Already bound, ignoring bind()
2024-04-08 10:29:39,029 [INFO]  Epoch[0] Batch [0-48]	Speed: 16431.72 samples/sec	cross-entropy=3.566167	SMOKE-accuracy=2.795918
2024-04-08 10:29:39,080 [INFO]  Epoch[0] Train-cross-entropy=0.126293
2024-04-08 10:29:39,080 [INFO]  Epoch[0] Train-SMOKE-accuracy=2.913043
2024-04-08 10:29:39,080 [INFO]  Epoch[0] Time cost=0.237
2024-04-08 10:29:39,083 [INFO]  Saved checkpoint to "./imputer_model/20_obesity/imputer_model_SMOKE/model-0000.params"
2024-04-08 10:29:39,086 [INFO]  Epoch[0] Validation-cross-entropy=0.060582
2024-04-08 10:29:39,086 [INFO]  Epoch[0] Validation-SMOKE-accuracy=0.000000
2024-04-08 10:29:39,138 [INFO]  Epoch[1] Batch [0-48]	Speed: 15316.85 samples/sec	cross-entropy=0.037460	SMOKE-accuracy=2.795918
2024-04-08 10:29:39,188 [INFO]  Epoch[1] Train-cross-entropy=0.029272
2024-04-08 10:29:39,188 [INFO]  Epoch[1] Train-SMOKE-accuracy=2.913043
2024-04-08 10:29:39,188 [INFO]  Epoch[1] Time cost=0.102
2024-04-08 10:29:39,191 [INFO]  Saved checkpoint to "./imputer_model/20_obesity/imputer_model_SMOKE/model-0001.params"
2024-04-08 10:29:39,195 [INFO]  Epoch[1] Validation-cross-entropy=0.030553
2024-04-08 10:29:39,196 [INFO]  Epoch[1] Validation-SMOKE-accuracy=0.000000
2024-04-08 10:29:39,249 [INFO]  Epoch[2] Batch [0-48]	Speed: 14789.63 samples/sec	cross-entropy=0.021962	SMOKE-accuracy=2.795918
2024-04-08 10:29:39,299 [INFO]  Epoch[2] Train-cross-entropy=0.020066
2024-04-08 10:29:39,299 [INFO]  Epoch[2] Train-SMOKE-accuracy=2.913043
2024-04-08 10:29:39,299 [INFO]  Epoch[2] Time cost=0.104
2024-04-08 10:29:39,302 [INFO]  Saved checkpoint to "./imputer_model/20_obesity/imputer_model_SMOKE/model-0002.params"
2024-04-08 10:29:39,307 [INFO]  Epoch[2] Validation-cross-entropy=0.025891
2024-04-08 10:29:39,307 [INFO]  Epoch[2] Validation-SMOKE-accuracy=0.000000
2024-04-08 10:29:39,360 [INFO]  Epoch[3] Batch [0-48]	Speed: 14775.99 samples/sec	cross-entropy=0.015849	SMOKE-accuracy=2.795918
2024-04-08 10:29:39,410 [INFO]  Epoch[3] Train-cross-entropy=0.016280
2024-04-08 10:29:39,411 [INFO]  Epoch[3] Train-SMOKE-accuracy=2.913043
2024-04-08 10:29:39,411 [INFO]  Epoch[3] Time cost=0.104
2024-04-08 10:29:39,413 [INFO]  Saved checkpoint to "./imputer_model/20_obesity/imputer_model_SMOKE/model-0003.params"
2024-04-08 10:29:39,418 [INFO]  Epoch[3] Validation-cross-entropy=0.023726
2024-04-08 10:29:39,418 [INFO]  Epoch[3] Validation-SMOKE-accuracy=0.000000
2024-04-08 10:29:39,472 [INFO]  Epoch[4] Batch [0-48]	Speed: 14525.40 samples/sec	cross-entropy=0.012706	SMOKE-accuracy=2.795918
2024-04-08 10:29:39,523 [INFO]  Epoch[4] Train-cross-entropy=0.014734
2024-04-08 10:29:39,523 [INFO]  Epoch[4] Train-SMOKE-accuracy=2.913043
2024-04-08 10:29:39,523 [INFO]  Epoch[4] Time cost=0.104
2024-04-08 10:29:39,525 [INFO]  Saved checkpoint to "./imputer_model/20_obesity/imputer_model_SMOKE/model-0004.params"
2024-04-08 10:29:39,529 [INFO]  Epoch[4] Validation-cross-entropy=0.023982
2024-04-08 10:29:39,529 [INFO]  Epoch[4] Validation-SMOKE-accuracy=0.000000
2024-04-08 10:29:39,529 [INFO]  
========== done (0.6879324913024902 s) fit model
2024-04-08 10:29:57,592 [INFO]  
========== start: fit model
2024-04-08 10:29:57,592 [WARNING]  Already bound, ignoring bind()
2024-04-08 10:29:57,684 [INFO]  Epoch[0] Batch [0-48]	Speed: 8741.24 samples/sec	cross-entropy=10.994572	SMOKE-accuracy=0.000000
2024-04-08 10:29:57,748 [INFO]  Epoch[0] Train-cross-entropy=0.200845
2024-04-08 10:29:57,748 [INFO]  Epoch[0] Train-SMOKE-accuracy=0.000000
2024-04-08 10:29:57,748 [INFO]  Epoch[0] Time cost=0.156
2024-04-08 10:29:57,750 [INFO]  Saved checkpoint to "./imputer_model/20_obesity/imputer_model_SMOKE/model-0000.params"
2024-04-08 10:29:57,755 [INFO]  Epoch[0] Validation-cross-entropy=0.090594
2024-04-08 10:29:57,755 [INFO]  Epoch[0] Validation-SMOKE-accuracy=0.000000
2024-04-08 10:29:57,813 [INFO]  Epoch[1] Batch [0-48]	Speed: 13575.86 samples/sec	cross-entropy=0.082692	SMOKE-accuracy=0.000000
2024-04-08 10:29:57,862 [INFO]  Epoch[1] Train-cross-entropy=0.065212
2024-04-08 10:29:57,862 [INFO]  Epoch[1] Train-SMOKE-accuracy=0.000000
2024-04-08 10:29:57,862 [INFO]  Epoch[1] Time cost=0.107
2024-04-08 10:29:57,864 [INFO]  Saved checkpoint to "./imputer_model/20_obesity/imputer_model_SMOKE/model-0001.params"
2024-04-08 10:29:57,868 [INFO]  Epoch[1] Validation-cross-entropy=0.045594
2024-04-08 10:29:57,868 [INFO]  Epoch[1] Validation-SMOKE-accuracy=0.000000
2024-04-08 10:29:57,923 [INFO]  Epoch[2] Batch [0-48]	Speed: 14264.38 samples/sec	cross-entropy=0.045006	SMOKE-accuracy=0.000000
2024-04-08 10:29:58,000 [INFO]  Epoch[2] Train-cross-entropy=0.030456
2024-04-08 10:29:58,001 [INFO]  Epoch[2] Train-SMOKE-accuracy=0.000000
2024-04-08 10:29:58,001 [INFO]  Epoch[2] Time cost=0.132
2024-04-08 10:29:58,003 [INFO]  Saved checkpoint to "./imputer_model/20_obesity/imputer_model_SMOKE/model-0002.params"
2024-04-08 10:29:58,007 [INFO]  Epoch[2] Validation-cross-entropy=0.024111
2024-04-08 10:29:58,007 [INFO]  Epoch[2] Validation-SMOKE-accuracy=0.000000
2024-04-08 10:29:58,057 [INFO]  Epoch[3] Batch [0-48]	Speed: 15382.09 samples/sec	cross-entropy=0.025376	SMOKE-accuracy=0.000000
2024-04-08 10:29:58,107 [INFO]  Epoch[3] Train-cross-entropy=0.016100
2024-04-08 10:29:58,107 [INFO]  Epoch[3] Train-SMOKE-accuracy=0.000000
2024-04-08 10:29:58,107 [INFO]  Epoch[3] Time cost=0.100
2024-04-08 10:29:58,109 [INFO]  Saved checkpoint to "./imputer_model/20_obesity/imputer_model_SMOKE/model-0003.params"
2024-04-08 10:29:58,114 [INFO]  Epoch[3] Validation-cross-entropy=0.013876
2024-04-08 10:29:58,114 [INFO]  Epoch[3] Validation-SMOKE-accuracy=0.000000
2024-04-08 10:29:58,167 [INFO]  Epoch[4] Batch [0-48]	Speed: 14861.75 samples/sec	cross-entropy=0.015496	SMOKE-accuracy=0.000000
2024-04-08 10:29:58,216 [INFO]  Epoch[4] Train-cross-entropy=0.010341
2024-04-08 10:29:58,217 [INFO]  Epoch[4] Train-SMOKE-accuracy=0.000000
2024-04-08 10:29:58,219 [INFO]  Epoch[4] Time cost=0.105
2024-04-08 10:29:58,221 [INFO]  Saved checkpoint to "./imputer_model/20_obesity/imputer_model_SMOKE/model-0004.params"
2024-04-08 10:29:58,241 [INFO]  Epoch[4] Validation-cross-entropy=0.011775
2024-04-08 10:29:58,241 [INFO]  Epoch[4] Validation-SMOKE-accuracy=0.000000
2024-04-08 10:29:58,241 [INFO]  
========== done (0.6496882438659668 s) fit model
2024-04-08 10:30:16,229 [INFO]  
========== start: fit model
2024-04-08 10:30:16,229 [WARNING]  Already bound, ignoring bind()
2024-04-08 10:30:16,267 [INFO]  Epoch[0] Batch [0-48]	Speed: 22772.73 samples/sec	cross-entropy=2.933860	SMOKE-accuracy=2.877551
2024-04-08 10:30:16,309 [INFO]  Epoch[0] Train-cross-entropy=0.140086
2024-04-08 10:30:16,310 [INFO]  Epoch[0] Train-SMOKE-accuracy=3.065217
2024-04-08 10:30:16,310 [INFO]  Epoch[0] Time cost=0.079
2024-04-08 10:30:16,311 [INFO]  Saved checkpoint to "./imputer_model/20_obesity/imputer_model_SMOKE/model-0000.params"
2024-04-08 10:30:16,315 [INFO]  Epoch[0] Validation-cross-entropy=0.085548
2024-04-08 10:30:16,315 [INFO]  Epoch[0] Validation-SMOKE-accuracy=0.000000
2024-04-08 10:30:16,351 [INFO]  Epoch[1] Batch [0-48]	Speed: 22049.45 samples/sec	cross-entropy=0.053723	SMOKE-accuracy=2.877551
2024-04-08 10:30:16,392 [INFO]  Epoch[1] Train-cross-entropy=0.036236
2024-04-08 10:30:16,393 [INFO]  Epoch[1] Train-SMOKE-accuracy=3.065217
2024-04-08 10:30:16,393 [INFO]  Epoch[1] Time cost=0.078
2024-04-08 10:30:16,395 [INFO]  Saved checkpoint to "./imputer_model/20_obesity/imputer_model_SMOKE/model-0001.params"
2024-04-08 10:30:16,400 [INFO]  Epoch[1] Validation-cross-entropy=0.030610
2024-04-08 10:30:16,400 [INFO]  Epoch[1] Validation-SMOKE-accuracy=0.000000
2024-04-08 10:30:16,454 [INFO]  Epoch[2] Batch [0-48]	Speed: 14490.96 samples/sec	cross-entropy=0.027912	SMOKE-accuracy=2.877551
2024-04-08 10:30:16,504 [INFO]  Epoch[2] Train-cross-entropy=0.027733
2024-04-08 10:30:16,504 [INFO]  Epoch[2] Train-SMOKE-accuracy=3.065217
2024-04-08 10:30:16,504 [INFO]  Epoch[2] Time cost=0.104
2024-04-08 10:30:16,506 [INFO]  Saved checkpoint to "./imputer_model/20_obesity/imputer_model_SMOKE/model-0002.params"
2024-04-08 10:30:16,510 [INFO]  Epoch[2] Validation-cross-entropy=0.017207
2024-04-08 10:30:16,510 [INFO]  Epoch[2] Validation-SMOKE-accuracy=0.000000
2024-04-08 10:30:16,563 [INFO]  Epoch[3] Batch [0-48]	Speed: 14949.56 samples/sec	cross-entropy=0.015693	SMOKE-accuracy=2.877551
2024-04-08 10:30:16,612 [INFO]  Epoch[3] Train-cross-entropy=0.020752
2024-04-08 10:30:16,612 [INFO]  Epoch[3] Train-SMOKE-accuracy=3.065217
2024-04-08 10:30:16,612 [INFO]  Epoch[3] Time cost=0.102
2024-04-08 10:30:16,614 [INFO]  Saved checkpoint to "./imputer_model/20_obesity/imputer_model_SMOKE/model-0003.params"
2024-04-08 10:30:16,619 [INFO]  Epoch[3] Validation-cross-entropy=0.010102
2024-04-08 10:30:16,619 [INFO]  Epoch[3] Validation-SMOKE-accuracy=0.000000
2024-04-08 10:30:16,833 [INFO]  Epoch[4] Batch [0-48]	Speed: 3599.53 samples/sec	cross-entropy=0.010997	SMOKE-accuracy=2.877551
2024-04-08 10:30:16,882 [INFO]  Epoch[4] Train-cross-entropy=0.017934
2024-04-08 10:30:16,882 [INFO]  Epoch[4] Train-SMOKE-accuracy=3.065217
2024-04-08 10:30:16,882 [INFO]  Epoch[4] Time cost=0.264
2024-04-08 10:30:16,884 [INFO]  Saved checkpoint to "./imputer_model/20_obesity/imputer_model_SMOKE/model-0004.params"
2024-04-08 10:30:16,889 [INFO]  Epoch[4] Validation-cross-entropy=0.007190
2024-04-08 10:30:16,889 [INFO]  Epoch[4] Validation-SMOKE-accuracy=0.000000
2024-04-08 10:30:16,889 [INFO]  
========== done (0.6599936485290527 s) fit model
2024-04-08 10:30:37,257 [INFO]  
========== start: fit model
2024-04-08 10:30:37,257 [WARNING]  Already bound, ignoring bind()
2024-04-08 10:30:37,537 [INFO]  Epoch[0] Batch [0-48]	Speed: 11757.54 samples/sec	cross-entropy=3.448684	SMOKE-accuracy=2.510204
2024-04-08 10:30:37,621 [INFO]  Epoch[0] Train-cross-entropy=0.111466
2024-04-08 10:30:37,621 [INFO]  Epoch[0] Train-SMOKE-accuracy=3.173913
2024-04-08 10:30:37,621 [INFO]  Epoch[0] Time cost=0.363
2024-04-08 10:30:37,623 [INFO]  Saved checkpoint to "./imputer_model/20_obesity/imputer_model_SMOKE/model-0000.params"
2024-04-08 10:30:37,635 [INFO]  Epoch[0] Validation-cross-entropy=0.066805
2024-04-08 10:30:37,635 [INFO]  Epoch[0] Validation-SMOKE-accuracy=0.000000
2024-04-08 10:30:37,671 [INFO]  Epoch[1] Batch [0-48]	Speed: 21977.84 samples/sec	cross-entropy=0.065000	SMOKE-accuracy=2.510204
2024-04-08 10:30:37,747 [INFO]  Epoch[1] Train-cross-entropy=0.034708
2024-04-08 10:30:37,747 [INFO]  Epoch[1] Train-SMOKE-accuracy=3.173913
2024-04-08 10:30:37,747 [INFO]  Epoch[1] Time cost=0.111
2024-04-08 10:30:37,748 [INFO]  Saved checkpoint to "./imputer_model/20_obesity/imputer_model_SMOKE/model-0001.params"
2024-04-08 10:30:37,752 [INFO]  Epoch[1] Validation-cross-entropy=0.038223
2024-04-08 10:30:37,752 [INFO]  Epoch[1] Validation-SMOKE-accuracy=0.000000
2024-04-08 10:30:37,788 [INFO]  Epoch[2] Batch [0-48]	Speed: 21804.52 samples/sec	cross-entropy=0.029527	SMOKE-accuracy=2.510204
2024-04-08 10:30:37,825 [INFO]  Epoch[2] Train-cross-entropy=0.020963
2024-04-08 10:30:37,825 [INFO]  Epoch[2] Train-SMOKE-accuracy=3.173913
2024-04-08 10:30:37,825 [INFO]  Epoch[2] Time cost=0.074
2024-04-08 10:30:37,827 [INFO]  Saved checkpoint to "./imputer_model/20_obesity/imputer_model_SMOKE/model-0002.params"
2024-04-08 10:30:37,831 [INFO]  Epoch[2] Validation-cross-entropy=0.022531
2024-04-08 10:30:37,831 [INFO]  Epoch[2] Validation-SMOKE-accuracy=0.000000
2024-04-08 10:30:37,926 [INFO]  Epoch[3] Batch [0-48]	Speed: 8142.32 samples/sec	cross-entropy=0.016410	SMOKE-accuracy=2.510204
2024-04-08 10:30:37,955 [INFO]  Epoch[3] Train-cross-entropy=0.015933
2024-04-08 10:30:37,955 [INFO]  Epoch[3] Train-SMOKE-accuracy=3.173913
2024-04-08 10:30:37,955 [INFO]  Epoch[3] Time cost=0.124
2024-04-08 10:30:37,957 [INFO]  Saved checkpoint to "./imputer_model/20_obesity/imputer_model_SMOKE/model-0003.params"
2024-04-08 10:30:37,961 [INFO]  Epoch[3] Validation-cross-entropy=0.022141
2024-04-08 10:30:37,961 [INFO]  Epoch[3] Validation-SMOKE-accuracy=0.000000
2024-04-08 10:30:38,014 [INFO]  Epoch[4] Batch [0-48]	Speed: 15007.78 samples/sec	cross-entropy=0.012393	SMOKE-accuracy=2.510204
2024-04-08 10:30:38,062 [INFO]  Epoch[4] Train-cross-entropy=0.011843
2024-04-08 10:30:38,063 [INFO]  Epoch[4] Train-SMOKE-accuracy=3.173913
2024-04-08 10:30:38,063 [INFO]  Epoch[4] Time cost=0.102
2024-04-08 10:30:38,066 [INFO]  Saved checkpoint to "./imputer_model/20_obesity/imputer_model_SMOKE/model-0004.params"
2024-04-08 10:30:38,070 [INFO]  Epoch[4] Validation-cross-entropy=0.019699
2024-04-08 10:30:38,070 [INFO]  Epoch[4] Validation-SMOKE-accuracy=0.000000
2024-04-08 10:30:38,071 [INFO]  
========== done (0.8141467571258545 s) fit model
2024-04-08 10:30:56,857 [INFO]  
========== start: fit model
2024-04-08 10:30:56,857 [WARNING]  Already bound, ignoring bind()
2024-04-08 10:30:57,380 [INFO]  Epoch[0] Batch [0-48]	Speed: 1595.08 samples/sec	cross-entropy=1.025776	SMOKE-accuracy=0.000000
2024-04-08 10:30:57,406 [INFO]  Epoch[0] Train-cross-entropy=0.090037
2024-04-08 10:30:57,406 [INFO]  Epoch[0] Train-SMOKE-accuracy=0.000000
2024-04-08 10:30:57,406 [INFO]  Epoch[0] Time cost=0.547
2024-04-08 10:30:57,408 [INFO]  Saved checkpoint to "./imputer_model/20_obesity/imputer_model_SMOKE/model-0000.params"
2024-04-08 10:30:57,411 [INFO]  Epoch[0] Validation-cross-entropy=0.045702
2024-04-08 10:30:57,411 [INFO]  Epoch[0] Validation-SMOKE-accuracy=0.000000
2024-04-08 10:30:57,487 [INFO]  Epoch[1] Batch [0-48]	Speed: 10216.29 samples/sec	cross-entropy=0.047252	SMOKE-accuracy=0.000000
2024-04-08 10:30:57,536 [INFO]  Epoch[1] Train-cross-entropy=0.040072
2024-04-08 10:30:57,536 [INFO]  Epoch[1] Train-SMOKE-accuracy=0.000000
2024-04-08 10:30:57,536 [INFO]  Epoch[1] Time cost=0.125
2024-04-08 10:30:57,538 [INFO]  Saved checkpoint to "./imputer_model/20_obesity/imputer_model_SMOKE/model-0001.params"
2024-04-08 10:30:57,543 [INFO]  Epoch[1] Validation-cross-entropy=0.038275
2024-04-08 10:30:57,543 [INFO]  Epoch[1] Validation-SMOKE-accuracy=0.000000
2024-04-08 10:30:57,588 [INFO]  Epoch[2] Batch [0-48]	Speed: 17448.25 samples/sec	cross-entropy=0.026813	SMOKE-accuracy=0.000000
2024-04-08 10:30:57,623 [INFO]  Epoch[2] Train-cross-entropy=0.029489
2024-04-08 10:30:57,623 [INFO]  Epoch[2] Train-SMOKE-accuracy=0.000000
2024-04-08 10:30:57,623 [INFO]  Epoch[2] Time cost=0.080
2024-04-08 10:30:57,626 [INFO]  Saved checkpoint to "./imputer_model/20_obesity/imputer_model_SMOKE/model-0002.params"
2024-04-08 10:30:57,634 [INFO]  Epoch[2] Validation-cross-entropy=0.028858
2024-04-08 10:30:57,634 [INFO]  Epoch[2] Validation-SMOKE-accuracy=0.000000
2024-04-08 10:30:57,693 [INFO]  Epoch[3] Batch [0-48]	Speed: 13260.87 samples/sec	cross-entropy=0.017633	SMOKE-accuracy=0.000000
2024-04-08 10:30:57,719 [INFO]  Epoch[3] Train-cross-entropy=0.038992
2024-04-08 10:30:57,719 [INFO]  Epoch[3] Train-SMOKE-accuracy=0.000000
2024-04-08 10:30:57,720 [INFO]  Epoch[3] Time cost=0.085
2024-04-08 10:30:57,721 [INFO]  Saved checkpoint to "./imputer_model/20_obesity/imputer_model_SMOKE/model-0003.params"
2024-04-08 10:30:57,724 [INFO]  Epoch[3] Validation-cross-entropy=0.033095
2024-04-08 10:30:57,724 [INFO]  Epoch[3] Validation-SMOKE-accuracy=0.000000
2024-04-08 10:30:57,782 [INFO]  Epoch[4] Batch [0-48]	Speed: 13398.49 samples/sec	cross-entropy=0.016270	SMOKE-accuracy=0.000000
2024-04-08 10:30:57,815 [INFO]  Epoch[4] Train-cross-entropy=0.051989
2024-04-08 10:30:57,815 [INFO]  Epoch[4] Train-SMOKE-accuracy=0.000000
2024-04-08 10:30:57,815 [INFO]  Epoch[4] Time cost=0.091
2024-04-08 10:30:57,817 [INFO]  Saved checkpoint to "./imputer_model/20_obesity/imputer_model_SMOKE/model-0004.params"
2024-04-08 10:30:57,926 [INFO]  Epoch[4] Validation-cross-entropy=0.041463
2024-04-08 10:30:57,926 [INFO]  Epoch[4] Validation-SMOKE-accuracy=0.000000
2024-04-08 10:30:57,926 [INFO]  
========== done (1.0691215991973877 s) fit model
2024-04-08 10:31:17,990 [INFO]  
========== start: fit model
2024-04-08 10:31:17,990 [WARNING]  Already bound, ignoring bind()
2024-04-08 10:31:18,075 [INFO]  Epoch[0] Batch [0-48]	Speed: 28651.96 samples/sec	cross-entropy=1.274634	SMOKE-accuracy=0.000000
2024-04-08 10:31:18,119 [INFO]  Epoch[0] Train-cross-entropy=0.093845
2024-04-08 10:31:18,119 [INFO]  Epoch[0] Train-SMOKE-accuracy=0.000000
2024-04-08 10:31:18,119 [INFO]  Epoch[0] Time cost=0.128
2024-04-08 10:31:18,121 [INFO]  Saved checkpoint to "./imputer_model/20_obesity/imputer_model_SMOKE/model-0000.params"
2024-04-08 10:31:18,124 [INFO]  Epoch[0] Validation-cross-entropy=0.340558
2024-04-08 10:31:18,125 [INFO]  Epoch[0] Validation-SMOKE-accuracy=0.000000
2024-04-08 10:31:18,162 [INFO]  Epoch[1] Batch [0-48]	Speed: 20916.78 samples/sec	cross-entropy=0.120682	SMOKE-accuracy=0.000000
2024-04-08 10:31:18,346 [INFO]  Epoch[1] Train-cross-entropy=0.045707
2024-04-08 10:31:18,346 [INFO]  Epoch[1] Train-SMOKE-accuracy=0.000000
2024-04-08 10:31:18,346 [INFO]  Epoch[1] Time cost=0.222
2024-04-08 10:31:18,349 [INFO]  Saved checkpoint to "./imputer_model/20_obesity/imputer_model_SMOKE/model-0001.params"
2024-04-08 10:31:18,353 [INFO]  Epoch[1] Validation-cross-entropy=0.070546
2024-04-08 10:31:18,354 [INFO]  Epoch[1] Validation-SMOKE-accuracy=0.000000
2024-04-08 10:31:18,408 [INFO]  Epoch[2] Batch [0-48]	Speed: 14598.21 samples/sec	cross-entropy=0.020995	SMOKE-accuracy=0.000000
2024-04-08 10:31:18,478 [INFO]  Epoch[2] Train-cross-entropy=0.021330
2024-04-08 10:31:18,479 [INFO]  Epoch[2] Train-SMOKE-accuracy=0.000000
2024-04-08 10:31:18,479 [INFO]  Epoch[2] Time cost=0.125
2024-04-08 10:31:18,481 [INFO]  Saved checkpoint to "./imputer_model/20_obesity/imputer_model_SMOKE/model-0002.params"
2024-04-08 10:31:18,486 [INFO]  Epoch[2] Validation-cross-entropy=0.036199
2024-04-08 10:31:18,486 [INFO]  Epoch[2] Validation-SMOKE-accuracy=0.000000
2024-04-08 10:31:18,540 [INFO]  Epoch[3] Batch [0-48]	Speed: 14704.03 samples/sec	cross-entropy=0.013431	SMOKE-accuracy=0.000000
2024-04-08 10:31:18,601 [INFO]  Epoch[3] Train-cross-entropy=0.015961
2024-04-08 10:31:18,602 [INFO]  Epoch[3] Train-SMOKE-accuracy=0.000000
2024-04-08 10:31:18,602 [INFO]  Epoch[3] Time cost=0.115
2024-04-08 10:31:18,603 [INFO]  Saved checkpoint to "./imputer_model/20_obesity/imputer_model_SMOKE/model-0003.params"
2024-04-08 10:31:18,608 [INFO]  Epoch[3] Validation-cross-entropy=0.022481
2024-04-08 10:31:18,608 [INFO]  Epoch[3] Validation-SMOKE-accuracy=0.000000
2024-04-08 10:31:18,721 [INFO]  Epoch[4] Batch [0-48]	Speed: 6892.40 samples/sec	cross-entropy=0.011197	SMOKE-accuracy=0.000000
2024-04-08 10:31:19,081 [INFO]  Epoch[4] Train-cross-entropy=0.011993
2024-04-08 10:31:19,081 [INFO]  Epoch[4] Train-SMOKE-accuracy=0.000000
2024-04-08 10:31:19,082 [INFO]  Epoch[4] Time cost=0.474
2024-04-08 10:31:19,084 [INFO]  Saved checkpoint to "./imputer_model/20_obesity/imputer_model_SMOKE/model-0004.params"
2024-04-08 10:31:19,089 [INFO]  Epoch[4] Validation-cross-entropy=0.016657
2024-04-08 10:31:19,089 [INFO]  Epoch[4] Validation-SMOKE-accuracy=0.000000
2024-04-08 10:31:19,089 [INFO]  
========== done (1.0990080833435059 s) fit model
2024-04-08 10:31:38,468 [INFO]  
========== start: fit model
2024-04-08 10:31:38,468 [WARNING]  Already bound, ignoring bind()
2024-04-08 10:31:38,520 [INFO]  Epoch[0] Batch [0-48]	Speed: 17855.72 samples/sec	cross-entropy=5.858952	SMOKE-accuracy=0.000000
2024-04-08 10:31:38,607 [INFO]  Epoch[0] Train-cross-entropy=0.142098
2024-04-08 10:31:38,607 [INFO]  Epoch[0] Train-SMOKE-accuracy=0.000000
2024-04-08 10:31:38,607 [INFO]  Epoch[0] Time cost=0.138
2024-04-08 10:31:38,609 [INFO]  Saved checkpoint to "./imputer_model/20_obesity/imputer_model_SMOKE/model-0000.params"
2024-04-08 10:31:38,611 [INFO]  Epoch[0] Validation-cross-entropy=0.107654
2024-04-08 10:31:38,611 [INFO]  Epoch[0] Validation-SMOKE-accuracy=0.000000
2024-04-08 10:31:38,639 [INFO]  Epoch[1] Batch [0-48]	Speed: 29087.92 samples/sec	cross-entropy=0.061767	SMOKE-accuracy=0.000000
2024-04-08 10:31:38,697 [INFO]  Epoch[1] Train-cross-entropy=0.042477
2024-04-08 10:31:38,697 [INFO]  Epoch[1] Train-SMOKE-accuracy=0.000000
2024-04-08 10:31:38,697 [INFO]  Epoch[1] Time cost=0.086
2024-04-08 10:31:38,699 [INFO]  Saved checkpoint to "./imputer_model/20_obesity/imputer_model_SMOKE/model-0001.params"
2024-04-08 10:31:38,703 [INFO]  Epoch[1] Validation-cross-entropy=0.055791
2024-04-08 10:31:38,703 [INFO]  Epoch[1] Validation-SMOKE-accuracy=0.000000
2024-04-08 10:31:38,770 [INFO]  Epoch[2] Batch [0-48]	Speed: 11515.23 samples/sec	cross-entropy=0.029740	SMOKE-accuracy=0.000000
2024-04-08 10:31:38,827 [INFO]  Epoch[2] Train-cross-entropy=0.024152
2024-04-08 10:31:38,827 [INFO]  Epoch[2] Train-SMOKE-accuracy=0.000000
2024-04-08 10:31:38,827 [INFO]  Epoch[2] Time cost=0.124
2024-04-08 10:31:38,829 [INFO]  Saved checkpoint to "./imputer_model/20_obesity/imputer_model_SMOKE/model-0002.params"
2024-04-08 10:31:38,835 [INFO]  Epoch[2] Validation-cross-entropy=0.034935
2024-04-08 10:31:38,835 [INFO]  Epoch[2] Validation-SMOKE-accuracy=0.000000
2024-04-08 10:31:38,893 [INFO]  Epoch[3] Batch [0-48]	Speed: 13628.01 samples/sec	cross-entropy=0.019278	SMOKE-accuracy=0.000000
2024-04-08 10:31:38,943 [INFO]  Epoch[3] Train-cross-entropy=0.017453
2024-04-08 10:31:38,943 [INFO]  Epoch[3] Train-SMOKE-accuracy=0.000000
2024-04-08 10:31:38,943 [INFO]  Epoch[3] Time cost=0.107
2024-04-08 10:31:38,945 [INFO]  Saved checkpoint to "./imputer_model/20_obesity/imputer_model_SMOKE/model-0003.params"
2024-04-08 10:31:38,950 [INFO]  Epoch[3] Validation-cross-entropy=0.027217
2024-04-08 10:31:38,950 [INFO]  Epoch[3] Validation-SMOKE-accuracy=0.000000
2024-04-08 10:31:39,007 [INFO]  Epoch[4] Batch [0-48]	Speed: 13805.57 samples/sec	cross-entropy=0.016129	SMOKE-accuracy=0.000000
2024-04-08 10:31:39,058 [INFO]  Epoch[4] Train-cross-entropy=0.015158
2024-04-08 10:31:39,058 [INFO]  Epoch[4] Train-SMOKE-accuracy=0.000000
2024-04-08 10:31:39,058 [INFO]  Epoch[4] Time cost=0.108
2024-04-08 10:31:39,059 [INFO]  Saved checkpoint to "./imputer_model/20_obesity/imputer_model_SMOKE/model-0004.params"
2024-04-08 10:31:39,064 [INFO]  Epoch[4] Validation-cross-entropy=0.021311
2024-04-08 10:31:39,064 [INFO]  Epoch[4] Validation-SMOKE-accuracy=0.000000
2024-04-08 10:31:39,064 [INFO]  
========== done (0.5962316989898682 s) fit model
2024-04-08 10:31:58,099 [INFO]  
========== start: fit model
2024-04-08 10:31:58,100 [WARNING]  Already bound, ignoring bind()
2024-04-08 10:31:58,277 [INFO]  Epoch[0] Batch [0-48]	Speed: 4702.99 samples/sec	cross-entropy=2.970780	SMOKE-accuracy=2.959184
2024-04-08 10:31:58,304 [INFO]  Epoch[0] Train-cross-entropy=0.107878
2024-04-08 10:31:58,304 [INFO]  Epoch[0] Train-SMOKE-accuracy=2.717391
2024-04-08 10:31:58,304 [INFO]  Epoch[0] Time cost=0.203
2024-04-08 10:31:58,305 [INFO]  Saved checkpoint to "./imputer_model/20_obesity/imputer_model_SMOKE/model-0000.params"
2024-04-08 10:31:58,309 [INFO]  Epoch[0] Validation-cross-entropy=0.065713
2024-04-08 10:31:58,309 [INFO]  Epoch[0] Validation-SMOKE-accuracy=0.000000
2024-04-08 10:31:58,385 [INFO]  Epoch[1] Batch [0-48]	Speed: 10220.30 samples/sec	cross-entropy=0.055134	SMOKE-accuracy=2.959184
2024-04-08 10:31:58,422 [INFO]  Epoch[1] Train-cross-entropy=0.033117
2024-04-08 10:31:58,422 [INFO]  Epoch[1] Train-SMOKE-accuracy=2.717391
2024-04-08 10:31:58,422 [INFO]  Epoch[1] Time cost=0.114
2024-04-08 10:31:58,424 [INFO]  Saved checkpoint to "./imputer_model/20_obesity/imputer_model_SMOKE/model-0001.params"
2024-04-08 10:31:58,428 [INFO]  Epoch[1] Validation-cross-entropy=0.043300
2024-04-08 10:31:58,428 [INFO]  Epoch[1] Validation-SMOKE-accuracy=0.000000
2024-04-08 10:31:58,484 [INFO]  Epoch[2] Batch [0-48]	Speed: 13967.13 samples/sec	cross-entropy=0.023217	SMOKE-accuracy=2.959184
2024-04-08 10:31:58,930 [INFO]  Epoch[2] Train-cross-entropy=0.016276
2024-04-08 10:31:58,930 [INFO]  Epoch[2] Train-SMOKE-accuracy=2.717391
2024-04-08 10:31:58,930 [INFO]  Epoch[2] Time cost=0.502
2024-04-08 10:31:58,933 [INFO]  Saved checkpoint to "./imputer_model/20_obesity/imputer_model_SMOKE/model-0002.params"
2024-04-08 10:31:58,938 [INFO]  Epoch[2] Validation-cross-entropy=0.029223
2024-04-08 10:31:58,939 [INFO]  Epoch[2] Validation-SMOKE-accuracy=0.000000
2024-04-08 10:31:58,992 [INFO]  Epoch[3] Batch [0-48]	Speed: 14841.42 samples/sec	cross-entropy=0.012397	SMOKE-accuracy=2.959184
2024-04-08 10:31:59,043 [INFO]  Epoch[3] Train-cross-entropy=0.012596
2024-04-08 10:31:59,043 [INFO]  Epoch[3] Train-SMOKE-accuracy=2.717391
2024-04-08 10:31:59,043 [INFO]  Epoch[3] Time cost=0.105
2024-04-08 10:31:59,048 [INFO]  Saved checkpoint to "./imputer_model/20_obesity/imputer_model_SMOKE/model-0003.params"
2024-04-08 10:31:59,195 [INFO]  Epoch[3] Validation-cross-entropy=0.024821
2024-04-08 10:31:59,195 [INFO]  Epoch[3] Validation-SMOKE-accuracy=0.000000
2024-04-08 10:31:59,253 [INFO]  Epoch[4] Batch [0-48]	Speed: 13354.50 samples/sec	cross-entropy=0.008570	SMOKE-accuracy=2.959184
2024-04-08 10:31:59,309 [INFO]  Epoch[4] Train-cross-entropy=0.011697
2024-04-08 10:31:59,310 [INFO]  Epoch[4] Train-SMOKE-accuracy=2.717391
2024-04-08 10:31:59,310 [INFO]  Epoch[4] Time cost=0.115
2024-04-08 10:31:59,312 [INFO]  Saved checkpoint to "./imputer_model/20_obesity/imputer_model_SMOKE/model-0004.params"
2024-04-08 10:31:59,322 [INFO]  Epoch[4] Validation-cross-entropy=0.023700
2024-04-08 10:31:59,322 [INFO]  Epoch[4] Validation-SMOKE-accuracy=0.000000
2024-04-08 10:31:59,323 [INFO]  
========== done (1.2231550216674805 s) fit model
2024-04-08 10:32:18,109 [INFO]  
========== start: fit model
2024-04-08 10:32:18,109 [WARNING]  Already bound, ignoring bind()
2024-04-08 10:32:18,171 [INFO]  Epoch[0] Batch [0-48]	Speed: 16111.44 samples/sec	cross-entropy=2.446061	SMOKE-accuracy=0.000000
2024-04-08 10:32:18,207 [INFO]  Epoch[0] Train-cross-entropy=0.066500
2024-04-08 10:32:18,207 [INFO]  Epoch[0] Train-SMOKE-accuracy=0.000000
2024-04-08 10:32:18,207 [INFO]  Epoch[0] Time cost=0.098
2024-04-08 10:32:18,209 [INFO]  Saved checkpoint to "./imputer_model/20_obesity/imputer_model_SMOKE/model-0000.params"
2024-04-08 10:32:18,215 [INFO]  Epoch[0] Validation-cross-entropy=0.059740
2024-04-08 10:32:18,215 [INFO]  Epoch[0] Validation-SMOKE-accuracy=0.000000
2024-04-08 10:32:18,254 [INFO]  Epoch[1] Batch [0-48]	Speed: 20407.52 samples/sec	cross-entropy=0.048342	SMOKE-accuracy=0.000000
2024-04-08 10:32:18,292 [INFO]  Epoch[1] Train-cross-entropy=0.030656
2024-04-08 10:32:18,292 [INFO]  Epoch[1] Train-SMOKE-accuracy=0.000000
2024-04-08 10:32:18,292 [INFO]  Epoch[1] Time cost=0.077
2024-04-08 10:32:18,294 [INFO]  Saved checkpoint to "./imputer_model/20_obesity/imputer_model_SMOKE/model-0001.params"
2024-04-08 10:32:18,438 [INFO]  Epoch[1] Validation-cross-entropy=0.024586
2024-04-08 10:32:18,438 [INFO]  Epoch[1] Validation-SMOKE-accuracy=0.000000
2024-04-08 10:32:18,491 [INFO]  Epoch[2] Batch [0-48]	Speed: 15092.30 samples/sec	cross-entropy=0.017675	SMOKE-accuracy=0.000000
2024-04-08 10:32:18,540 [INFO]  Epoch[2] Train-cross-entropy=0.014390
2024-04-08 10:32:18,540 [INFO]  Epoch[2] Train-SMOKE-accuracy=0.000000
2024-04-08 10:32:18,540 [INFO]  Epoch[2] Time cost=0.102
2024-04-08 10:32:18,542 [INFO]  Saved checkpoint to "./imputer_model/20_obesity/imputer_model_SMOKE/model-0002.params"
2024-04-08 10:32:18,547 [INFO]  Epoch[2] Validation-cross-entropy=0.016099
2024-04-08 10:32:18,547 [INFO]  Epoch[2] Validation-SMOKE-accuracy=0.000000
2024-04-08 10:32:18,600 [INFO]  Epoch[3] Batch [0-48]	Speed: 14732.20 samples/sec	cross-entropy=0.012357	SMOKE-accuracy=0.000000
2024-04-08 10:32:18,650 [INFO]  Epoch[3] Train-cross-entropy=0.012122
2024-04-08 10:32:18,650 [INFO]  Epoch[3] Train-SMOKE-accuracy=0.000000
2024-04-08 10:32:18,650 [INFO]  Epoch[3] Time cost=0.103
2024-04-08 10:32:18,652 [INFO]  Saved checkpoint to "./imputer_model/20_obesity/imputer_model_SMOKE/model-0003.params"
2024-04-08 10:32:18,656 [INFO]  Epoch[3] Validation-cross-entropy=0.012839
2024-04-08 10:32:18,656 [INFO]  Epoch[3] Validation-SMOKE-accuracy=0.000000
2024-04-08 10:32:18,709 [INFO]  Epoch[4] Batch [0-48]	Speed: 14861.75 samples/sec	cross-entropy=0.010314	SMOKE-accuracy=0.000000
2024-04-08 10:32:19,033 [INFO]  Epoch[4] Train-cross-entropy=0.010682
2024-04-08 10:32:19,034 [INFO]  Epoch[4] Train-SMOKE-accuracy=0.000000
2024-04-08 10:32:19,034 [INFO]  Epoch[4] Time cost=0.377
2024-04-08 10:32:19,036 [INFO]  Saved checkpoint to "./imputer_model/20_obesity/imputer_model_SMOKE/model-0004.params"
2024-04-08 10:32:19,039 [INFO]  Epoch[4] Validation-cross-entropy=0.012091
2024-04-08 10:32:19,040 [INFO]  Epoch[4] Validation-SMOKE-accuracy=0.000000
2024-04-08 10:32:19,040 [INFO]  
========== done (0.9310758113861084 s) fit model
2024-04-08 10:32:36,952 [INFO]  
========== start: fit model
2024-04-08 10:32:36,952 [WARNING]  Already bound, ignoring bind()
2024-04-08 10:32:37,349 [INFO]  Epoch[0] Batch [0-48]	Speed: 11316.80 samples/sec	cross-entropy=4.387657	SMOKE-accuracy=2.734694
2024-04-08 10:32:37,399 [INFO]  Epoch[0] Train-cross-entropy=0.213208
2024-04-08 10:32:37,400 [INFO]  Epoch[0] Train-SMOKE-accuracy=2.869565
2024-04-08 10:32:37,400 [INFO]  Epoch[0] Time cost=0.447
2024-04-08 10:32:37,402 [INFO]  Saved checkpoint to "./imputer_model/20_obesity/imputer_model_SMOKE/model-0000.params"
2024-04-08 10:32:37,408 [INFO]  Epoch[0] Validation-cross-entropy=0.054395
2024-04-08 10:32:37,408 [INFO]  Epoch[0] Validation-SMOKE-accuracy=0.000000
2024-04-08 10:32:37,462 [INFO]  Epoch[1] Batch [0-48]	Speed: 14709.20 samples/sec	cross-entropy=0.043376	SMOKE-accuracy=2.734694
2024-04-08 10:32:37,512 [INFO]  Epoch[1] Train-cross-entropy=0.024215
2024-04-08 10:32:37,512 [INFO]  Epoch[1] Train-SMOKE-accuracy=2.869565
2024-04-08 10:32:37,513 [INFO]  Epoch[1] Time cost=0.104
2024-04-08 10:32:37,515 [INFO]  Saved checkpoint to "./imputer_model/20_obesity/imputer_model_SMOKE/model-0001.params"
2024-04-08 10:32:37,520 [INFO]  Epoch[1] Validation-cross-entropy=0.014581
2024-04-08 10:32:37,520 [INFO]  Epoch[1] Validation-SMOKE-accuracy=0.000000
2024-04-08 10:32:37,583 [INFO]  Epoch[2] Batch [0-48]	Speed: 12550.75 samples/sec	cross-entropy=0.019869	SMOKE-accuracy=2.734694
2024-04-08 10:32:37,633 [INFO]  Epoch[2] Train-cross-entropy=0.014357
2024-04-08 10:32:37,633 [INFO]  Epoch[2] Train-SMOKE-accuracy=2.869565
2024-04-08 10:32:37,633 [INFO]  Epoch[2] Time cost=0.113
2024-04-08 10:32:37,636 [INFO]  Saved checkpoint to "./imputer_model/20_obesity/imputer_model_SMOKE/model-0002.params"
2024-04-08 10:32:37,641 [INFO]  Epoch[2] Validation-cross-entropy=0.010750
2024-04-08 10:32:37,641 [INFO]  Epoch[2] Validation-SMOKE-accuracy=0.000000
2024-04-08 10:32:37,695 [INFO]  Epoch[3] Batch [0-48]	Speed: 14686.13 samples/sec	cross-entropy=0.013356	SMOKE-accuracy=2.734694
2024-04-08 10:32:37,747 [INFO]  Epoch[3] Train-cross-entropy=0.010908
2024-04-08 10:32:37,748 [INFO]  Epoch[3] Train-SMOKE-accuracy=2.869565
2024-04-08 10:32:37,748 [INFO]  Epoch[3] Time cost=0.107
2024-04-08 10:32:37,750 [INFO]  Saved checkpoint to "./imputer_model/20_obesity/imputer_model_SMOKE/model-0003.params"
2024-04-08 10:32:37,761 [INFO]  Epoch[3] Validation-cross-entropy=0.009317
2024-04-08 10:32:37,761 [INFO]  Epoch[3] Validation-SMOKE-accuracy=0.000000
2024-04-08 10:32:37,820 [INFO]  Epoch[4] Batch [0-48]	Speed: 13319.55 samples/sec	cross-entropy=0.010338	SMOKE-accuracy=2.734694
2024-04-08 10:32:37,874 [INFO]  Epoch[4] Train-cross-entropy=0.008863
2024-04-08 10:32:37,875 [INFO]  Epoch[4] Train-SMOKE-accuracy=2.869565
2024-04-08 10:32:37,875 [INFO]  Epoch[4] Time cost=0.114
2024-04-08 10:32:37,878 [INFO]  Saved checkpoint to "./imputer_model/20_obesity/imputer_model_SMOKE/model-0004.params"
2024-04-08 10:32:37,882 [INFO]  Epoch[4] Validation-cross-entropy=0.007864
2024-04-08 10:32:37,882 [INFO]  Epoch[4] Validation-SMOKE-accuracy=0.000000
2024-04-08 10:32:37,882 [INFO]  
========== done (0.9307777881622314 s) fit model
2024-04-08 10:32:56,589 [INFO]  
========== start: fit model
2024-04-08 10:32:56,590 [WARNING]  Already bound, ignoring bind()
2024-04-08 10:32:56,828 [INFO]  Epoch[0] Batch [0-48]	Speed: 3355.81 samples/sec	cross-entropy=7.005900	SMOKE-accuracy=2.673469
2024-04-08 10:32:57,193 [INFO]  Epoch[0] Train-cross-entropy=0.177102
2024-04-08 10:32:57,194 [INFO]  Epoch[0] Train-SMOKE-accuracy=3.000000
2024-04-08 10:32:57,194 [INFO]  Epoch[0] Time cost=0.603
2024-04-08 10:32:57,195 [INFO]  Saved checkpoint to "./imputer_model/20_obesity/imputer_model_SMOKE/model-0000.params"
2024-04-08 10:32:57,200 [INFO]  Epoch[0] Validation-cross-entropy=0.036297
2024-04-08 10:32:57,200 [INFO]  Epoch[0] Validation-SMOKE-accuracy=0.000000
2024-04-08 10:32:57,262 [INFO]  Epoch[1] Batch [0-48]	Speed: 12685.94 samples/sec	cross-entropy=0.047362	SMOKE-accuracy=2.673469
2024-04-08 10:32:57,308 [INFO]  Epoch[1] Train-cross-entropy=0.034731
2024-04-08 10:32:57,308 [INFO]  Epoch[1] Train-SMOKE-accuracy=3.000000
2024-04-08 10:32:57,308 [INFO]  Epoch[1] Time cost=0.108
2024-04-08 10:32:57,310 [INFO]  Saved checkpoint to "./imputer_model/20_obesity/imputer_model_SMOKE/model-0001.params"
2024-04-08 10:32:57,330 [INFO]  Epoch[1] Validation-cross-entropy=0.022679
2024-04-08 10:32:57,330 [INFO]  Epoch[1] Validation-SMOKE-accuracy=0.000000
2024-04-08 10:32:57,366 [INFO]  Epoch[2] Batch [0-48]	Speed: 21841.19 samples/sec	cross-entropy=0.025066	SMOKE-accuracy=2.673469
2024-04-08 10:32:57,432 [INFO]  Epoch[2] Train-cross-entropy=0.021451
2024-04-08 10:32:57,432 [INFO]  Epoch[2] Train-SMOKE-accuracy=3.000000
2024-04-08 10:32:57,432 [INFO]  Epoch[2] Time cost=0.103
2024-04-08 10:32:57,434 [INFO]  Saved checkpoint to "./imputer_model/20_obesity/imputer_model_SMOKE/model-0002.params"
2024-04-08 10:32:57,437 [INFO]  Epoch[2] Validation-cross-entropy=0.014158
2024-04-08 10:32:57,438 [INFO]  Epoch[2] Validation-SMOKE-accuracy=0.000000
2024-04-08 10:32:57,473 [INFO]  Epoch[3] Batch [0-48]	Speed: 22003.96 samples/sec	cross-entropy=0.017504	SMOKE-accuracy=2.673469
2024-04-08 10:32:57,502 [INFO]  Epoch[3] Train-cross-entropy=0.015987
2024-04-08 10:32:57,502 [INFO]  Epoch[3] Train-SMOKE-accuracy=3.000000
2024-04-08 10:32:57,502 [INFO]  Epoch[3] Time cost=0.065
2024-04-08 10:32:57,504 [INFO]  Saved checkpoint to "./imputer_model/20_obesity/imputer_model_SMOKE/model-0003.params"
2024-04-08 10:32:57,525 [INFO]  Epoch[3] Validation-cross-entropy=0.010731
2024-04-08 10:32:57,525 [INFO]  Epoch[3] Validation-SMOKE-accuracy=0.000000
2024-04-08 10:32:57,561 [INFO]  Epoch[4] Batch [0-48]	Speed: 22349.44 samples/sec	cross-entropy=0.013701	SMOKE-accuracy=2.673469
2024-04-08 10:32:57,598 [INFO]  Epoch[4] Train-cross-entropy=0.012886
2024-04-08 10:32:57,598 [INFO]  Epoch[4] Train-SMOKE-accuracy=3.000000
2024-04-08 10:32:57,598 [INFO]  Epoch[4] Time cost=0.073
2024-04-08 10:32:57,600 [INFO]  Saved checkpoint to "./imputer_model/20_obesity/imputer_model_SMOKE/model-0004.params"
2024-04-08 10:32:57,605 [INFO]  Epoch[4] Validation-cross-entropy=0.010117
2024-04-08 10:32:57,605 [INFO]  Epoch[4] Validation-SMOKE-accuracy=0.000000
2024-04-08 10:32:57,605 [INFO]  
========== done (1.0155372619628906 s) fit model
2024-04-08 10:33:16,745 [INFO]  
========== start: fit model
2024-04-08 10:33:16,745 [WARNING]  Already bound, ignoring bind()
2024-04-08 10:33:16,846 [INFO]  Epoch[0] Batch [0-48]	Speed: 7768.32 samples/sec	cross-entropy=6.974532	SMOKE-accuracy=0.000000
2024-04-08 10:33:16,884 [INFO]  Epoch[0] Train-cross-entropy=0.162461
2024-04-08 10:33:16,884 [INFO]  Epoch[0] Train-SMOKE-accuracy=0.000000
2024-04-08 10:33:16,884 [INFO]  Epoch[0] Time cost=0.138
2024-04-08 10:33:16,886 [INFO]  Saved checkpoint to "./imputer_model/20_obesity/imputer_model_SMOKE/model-0000.params"
2024-04-08 10:33:16,890 [INFO]  Epoch[0] Validation-cross-entropy=0.133319
2024-04-08 10:33:16,890 [INFO]  Epoch[0] Validation-SMOKE-accuracy=0.000000
2024-04-08 10:33:16,949 [INFO]  Epoch[1] Batch [0-48]	Speed: 13306.94 samples/sec	cross-entropy=0.105831	SMOKE-accuracy=0.000000
2024-04-08 10:33:16,985 [INFO]  Epoch[1] Train-cross-entropy=0.057618
2024-04-08 10:33:16,985 [INFO]  Epoch[1] Train-SMOKE-accuracy=0.000000
2024-04-08 10:33:16,985 [INFO]  Epoch[1] Time cost=0.095
2024-04-08 10:33:16,987 [INFO]  Saved checkpoint to "./imputer_model/20_obesity/imputer_model_SMOKE/model-0001.params"
2024-04-08 10:33:16,990 [INFO]  Epoch[1] Validation-cross-entropy=0.104025
2024-04-08 10:33:16,990 [INFO]  Epoch[1] Validation-SMOKE-accuracy=0.000000
2024-04-08 10:33:17,237 [INFO]  Epoch[2] Batch [0-48]	Speed: 3128.82 samples/sec	cross-entropy=0.061481	SMOKE-accuracy=0.000000
2024-04-08 10:33:17,694 [INFO]  Epoch[2] Train-cross-entropy=0.027994
2024-04-08 10:33:17,694 [INFO]  Epoch[2] Train-SMOKE-accuracy=0.000000
2024-04-08 10:33:17,695 [INFO]  Epoch[2] Time cost=0.704
2024-04-08 10:33:17,697 [INFO]  Saved checkpoint to "./imputer_model/20_obesity/imputer_model_SMOKE/model-0002.params"
2024-04-08 10:33:17,704 [INFO]  Epoch[2] Validation-cross-entropy=0.059744
2024-04-08 10:33:17,704 [INFO]  Epoch[2] Validation-SMOKE-accuracy=0.000000
2024-04-08 10:33:17,757 [INFO]  Epoch[3] Batch [0-48]	Speed: 15085.38 samples/sec	cross-entropy=0.032278	SMOKE-accuracy=0.000000
2024-04-08 10:33:17,834 [INFO]  Epoch[3] Train-cross-entropy=0.015542
2024-04-08 10:33:17,834 [INFO]  Epoch[3] Train-SMOKE-accuracy=0.000000
2024-04-08 10:33:17,834 [INFO]  Epoch[3] Time cost=0.130
2024-04-08 10:33:17,836 [INFO]  Saved checkpoint to "./imputer_model/20_obesity/imputer_model_SMOKE/model-0003.params"
2024-04-08 10:33:17,841 [INFO]  Epoch[3] Validation-cross-entropy=0.035456
2024-04-08 10:33:17,841 [INFO]  Epoch[3] Validation-SMOKE-accuracy=0.000000
2024-04-08 10:33:17,930 [INFO]  Epoch[4] Batch [0-48]	Speed: 8791.99 samples/sec	cross-entropy=0.020002	SMOKE-accuracy=0.000000
2024-04-08 10:33:17,974 [INFO]  Epoch[4] Train-cross-entropy=0.011743
2024-04-08 10:33:17,974 [INFO]  Epoch[4] Train-SMOKE-accuracy=0.000000
2024-04-08 10:33:17,974 [INFO]  Epoch[4] Time cost=0.133
2024-04-08 10:33:17,976 [INFO]  Saved checkpoint to "./imputer_model/20_obesity/imputer_model_SMOKE/model-0004.params"
2024-04-08 10:33:17,981 [INFO]  Epoch[4] Validation-cross-entropy=0.027587
2024-04-08 10:33:17,981 [INFO]  Epoch[4] Validation-SMOKE-accuracy=0.000000
2024-04-08 10:33:17,981 [INFO]  
========== done (1.2358496189117432 s) fit model
2024-04-08 10:33:36,888 [INFO]  
========== start: fit model
2024-04-08 10:33:36,888 [WARNING]  Already bound, ignoring bind()
2024-04-08 10:33:36,940 [INFO]  Epoch[0] Batch [0-48]	Speed: 15515.16 samples/sec	cross-entropy=3.538868	SMOKE-accuracy=0.000000
2024-04-08 10:33:36,980 [INFO]  Epoch[0] Train-cross-entropy=0.365031
2024-04-08 10:33:36,980 [INFO]  Epoch[0] Train-SMOKE-accuracy=0.000000
2024-04-08 10:33:36,980 [INFO]  Epoch[0] Time cost=0.092
2024-04-08 10:33:36,983 [INFO]  Saved checkpoint to "./imputer_model/20_obesity/imputer_model_SMOKE/model-0000.params"
2024-04-08 10:33:36,987 [INFO]  Epoch[0] Validation-cross-entropy=0.039966
2024-04-08 10:33:36,987 [INFO]  Epoch[0] Validation-SMOKE-accuracy=0.000000
2024-04-08 10:33:37,025 [INFO]  Epoch[1] Batch [0-48]	Speed: 20648.35 samples/sec	cross-entropy=0.130285	SMOKE-accuracy=0.000000
2024-04-08 10:33:37,075 [INFO]  Epoch[1] Train-cross-entropy=0.060439
2024-04-08 10:33:37,075 [INFO]  Epoch[1] Train-SMOKE-accuracy=0.000000
2024-04-08 10:33:37,075 [INFO]  Epoch[1] Time cost=0.088
2024-04-08 10:33:37,077 [INFO]  Saved checkpoint to "./imputer_model/20_obesity/imputer_model_SMOKE/model-0001.params"
2024-04-08 10:33:37,082 [INFO]  Epoch[1] Validation-cross-entropy=0.013324
2024-04-08 10:33:37,083 [INFO]  Epoch[1] Validation-SMOKE-accuracy=0.000000
2024-04-08 10:33:37,136 [INFO]  Epoch[2] Batch [0-48]	Speed: 14655.72 samples/sec	cross-entropy=0.022657	SMOKE-accuracy=0.000000
2024-04-08 10:33:37,187 [INFO]  Epoch[2] Train-cross-entropy=0.025302
2024-04-08 10:33:37,187 [INFO]  Epoch[2] Train-SMOKE-accuracy=0.000000
2024-04-08 10:33:37,188 [INFO]  Epoch[2] Time cost=0.105
2024-04-08 10:33:37,190 [INFO]  Saved checkpoint to "./imputer_model/20_obesity/imputer_model_SMOKE/model-0002.params"
2024-04-08 10:33:37,195 [INFO]  Epoch[2] Validation-cross-entropy=0.006135
2024-04-08 10:33:37,196 [INFO]  Epoch[2] Validation-SMOKE-accuracy=0.000000
2024-04-08 10:33:37,248 [INFO]  Epoch[3] Batch [0-48]	Speed: 15001.91 samples/sec	cross-entropy=0.014765	SMOKE-accuracy=0.000000
2024-04-08 10:33:37,282 [INFO]  Epoch[3] Train-cross-entropy=0.015792
2024-04-08 10:33:37,282 [INFO]  Epoch[3] Train-SMOKE-accuracy=0.000000
2024-04-08 10:33:37,283 [INFO]  Epoch[3] Time cost=0.087
2024-04-08 10:33:37,286 [INFO]  Saved checkpoint to "./imputer_model/20_obesity/imputer_model_SMOKE/model-0003.params"
2024-04-08 10:33:37,834 [INFO]  Epoch[3] Validation-cross-entropy=0.005469
2024-04-08 10:33:37,834 [INFO]  Epoch[3] Validation-SMOKE-accuracy=0.000000
2024-04-08 10:33:37,899 [INFO]  Epoch[4] Batch [0-48]	Speed: 12154.60 samples/sec	cross-entropy=0.013165	SMOKE-accuracy=0.000000
2024-04-08 10:33:37,972 [INFO]  Epoch[4] Train-cross-entropy=0.011696
2024-04-08 10:33:37,972 [INFO]  Epoch[4] Train-SMOKE-accuracy=0.000000
2024-04-08 10:33:37,972 [INFO]  Epoch[4] Time cost=0.138
2024-04-08 10:33:37,973 [INFO]  Saved checkpoint to "./imputer_model/20_obesity/imputer_model_SMOKE/model-0004.params"
2024-04-08 10:33:37,979 [INFO]  Epoch[4] Validation-cross-entropy=0.005425
2024-04-08 10:33:37,979 [INFO]  Epoch[4] Validation-SMOKE-accuracy=0.000000
2024-04-08 10:33:37,979 [INFO]  
========== done (1.0913565158843994 s) fit model
2024-04-08 10:33:55,161 [INFO]  
========== start: fit model
2024-04-08 10:33:55,162 [WARNING]  Already bound, ignoring bind()
2024-04-08 10:33:55,249 [INFO]  Epoch[0] Batch [0-48]	Speed: 10579.64 samples/sec	cross-entropy=11.431407	SMOKE-accuracy=0.000000
2024-04-08 10:33:55,304 [INFO]  Epoch[0] Train-cross-entropy=0.191095
2024-04-08 10:33:55,304 [INFO]  Epoch[0] Train-SMOKE-accuracy=0.000000
2024-04-08 10:33:55,304 [INFO]  Epoch[0] Time cost=0.142
2024-04-08 10:33:55,307 [INFO]  Saved checkpoint to "./imputer_model/20_obesity/imputer_model_SMOKE/model-0000.params"
2024-04-08 10:33:55,311 [INFO]  Epoch[0] Validation-cross-entropy=0.206509
2024-04-08 10:33:55,311 [INFO]  Epoch[0] Validation-SMOKE-accuracy=0.000000
2024-04-08 10:33:55,350 [INFO]  Epoch[1] Batch [0-48]	Speed: 20722.87 samples/sec	cross-entropy=0.070714	SMOKE-accuracy=0.000000
2024-04-08 10:33:55,386 [INFO]  Epoch[1] Train-cross-entropy=0.034657
2024-04-08 10:33:55,386 [INFO]  Epoch[1] Train-SMOKE-accuracy=0.000000
2024-04-08 10:33:55,386 [INFO]  Epoch[1] Time cost=0.075
2024-04-08 10:33:55,388 [INFO]  Saved checkpoint to "./imputer_model/20_obesity/imputer_model_SMOKE/model-0001.params"
2024-04-08 10:33:55,392 [INFO]  Epoch[1] Validation-cross-entropy=0.097840
2024-04-08 10:33:55,392 [INFO]  Epoch[1] Validation-SMOKE-accuracy=0.000000
2024-04-08 10:33:55,492 [INFO]  Epoch[2] Batch [0-48]	Speed: 7790.49 samples/sec	cross-entropy=0.038301	SMOKE-accuracy=0.000000
2024-04-08 10:33:55,517 [INFO]  Epoch[2] Train-cross-entropy=0.023550
2024-04-08 10:33:55,517 [INFO]  Epoch[2] Train-SMOKE-accuracy=0.000000
2024-04-08 10:33:55,517 [INFO]  Epoch[2] Time cost=0.125
2024-04-08 10:33:55,519 [INFO]  Saved checkpoint to "./imputer_model/20_obesity/imputer_model_SMOKE/model-0002.params"
2024-04-08 10:33:55,521 [INFO]  Epoch[2] Validation-cross-entropy=0.066361
2024-04-08 10:33:55,521 [INFO]  Epoch[2] Validation-SMOKE-accuracy=0.000000
2024-04-08 10:33:55,562 [INFO]  Epoch[3] Batch [0-48]	Speed: 19131.37 samples/sec	cross-entropy=0.025208	SMOKE-accuracy=0.000000
2024-04-08 10:33:55,619 [INFO]  Epoch[3] Train-cross-entropy=0.015868
2024-04-08 10:33:55,619 [INFO]  Epoch[3] Train-SMOKE-accuracy=0.000000
2024-04-08 10:33:55,619 [INFO]  Epoch[3] Time cost=0.098
2024-04-08 10:33:55,621 [INFO]  Saved checkpoint to "./imputer_model/20_obesity/imputer_model_SMOKE/model-0003.params"
2024-04-08 10:33:55,625 [INFO]  Epoch[3] Validation-cross-entropy=0.046738
2024-04-08 10:33:55,625 [INFO]  Epoch[3] Validation-SMOKE-accuracy=0.000000
2024-04-08 10:33:55,688 [INFO]  Epoch[4] Batch [0-48]	Speed: 12329.44 samples/sec	cross-entropy=0.017065	SMOKE-accuracy=0.000000
2024-04-08 10:33:55,737 [INFO]  Epoch[4] Train-cross-entropy=0.011345
2024-04-08 10:33:55,737 [INFO]  Epoch[4] Train-SMOKE-accuracy=0.000000
2024-04-08 10:33:55,738 [INFO]  Epoch[4] Time cost=0.113
2024-04-08 10:33:55,740 [INFO]  Saved checkpoint to "./imputer_model/20_obesity/imputer_model_SMOKE/model-0004.params"
2024-04-08 10:33:55,743 [INFO]  Epoch[4] Validation-cross-entropy=0.036545
2024-04-08 10:33:55,743 [INFO]  Epoch[4] Validation-SMOKE-accuracy=0.000000
2024-04-08 10:33:55,744 [INFO]  
========== done (0.5821897983551025 s) fit model
2024-04-08 10:34:16,041 [INFO]  
========== start: fit model
2024-04-08 10:34:16,041 [WARNING]  Already bound, ignoring bind()
2024-04-08 10:34:16,106 [INFO]  Epoch[0] Batch [0-48]	Speed: 12562.99 samples/sec	cross-entropy=10.287316	SMOKE-accuracy=0.000000
2024-04-08 10:34:16,157 [INFO]  Epoch[0] Train-cross-entropy=0.234847
2024-04-08 10:34:16,157 [INFO]  Epoch[0] Train-SMOKE-accuracy=0.000000
2024-04-08 10:34:16,157 [INFO]  Epoch[0] Time cost=0.115
2024-04-08 10:34:16,160 [INFO]  Saved checkpoint to "./imputer_model/20_obesity/imputer_model_SMOKE/model-0000.params"
2024-04-08 10:34:16,165 [INFO]  Epoch[0] Validation-cross-entropy=0.041278
2024-04-08 10:34:16,165 [INFO]  Epoch[0] Validation-SMOKE-accuracy=0.000000
2024-04-08 10:34:16,220 [INFO]  Epoch[1] Batch [0-48]	Speed: 14453.32 samples/sec	cross-entropy=0.067956	SMOKE-accuracy=0.000000
2024-04-08 10:34:16,270 [INFO]  Epoch[1] Train-cross-entropy=0.038076
2024-04-08 10:34:16,271 [INFO]  Epoch[1] Train-SMOKE-accuracy=0.000000
2024-04-08 10:34:16,271 [INFO]  Epoch[1] Time cost=0.106
2024-04-08 10:34:16,273 [INFO]  Saved checkpoint to "./imputer_model/20_obesity/imputer_model_SMOKE/model-0001.params"
2024-04-08 10:34:16,278 [INFO]  Epoch[1] Validation-cross-entropy=0.031437
2024-04-08 10:34:16,279 [INFO]  Epoch[1] Validation-SMOKE-accuracy=0.000000
2024-04-08 10:34:16,336 [INFO]  Epoch[2] Batch [0-48]	Speed: 13696.50 samples/sec	cross-entropy=0.034701	SMOKE-accuracy=0.000000
2024-04-08 10:34:16,388 [INFO]  Epoch[2] Train-cross-entropy=0.020411
2024-04-08 10:34:16,388 [INFO]  Epoch[2] Train-SMOKE-accuracy=0.000000
2024-04-08 10:34:16,388 [INFO]  Epoch[2] Time cost=0.110
2024-04-08 10:34:16,391 [INFO]  Saved checkpoint to "./imputer_model/20_obesity/imputer_model_SMOKE/model-0002.params"
2024-04-08 10:34:16,396 [INFO]  Epoch[2] Validation-cross-entropy=0.024569
2024-04-08 10:34:16,396 [INFO]  Epoch[2] Validation-SMOKE-accuracy=0.000000
2024-04-08 10:34:16,453 [INFO]  Epoch[3] Batch [0-48]	Speed: 13874.96 samples/sec	cross-entropy=0.023815	SMOKE-accuracy=0.000000
2024-04-08 10:34:16,504 [INFO]  Epoch[3] Train-cross-entropy=0.014294
2024-04-08 10:34:16,504 [INFO]  Epoch[3] Train-SMOKE-accuracy=0.000000
2024-04-08 10:34:16,504 [INFO]  Epoch[3] Time cost=0.108
2024-04-08 10:34:16,507 [INFO]  Saved checkpoint to "./imputer_model/20_obesity/imputer_model_SMOKE/model-0003.params"
2024-04-08 10:34:16,512 [INFO]  Epoch[3] Validation-cross-entropy=0.019409
2024-04-08 10:34:16,512 [INFO]  Epoch[3] Validation-SMOKE-accuracy=0.000000
2024-04-08 10:34:16,566 [INFO]  Epoch[4] Batch [0-48]	Speed: 14509.50 samples/sec	cross-entropy=0.018094	SMOKE-accuracy=0.000000
2024-04-08 10:34:16,617 [INFO]  Epoch[4] Train-cross-entropy=0.011734
2024-04-08 10:34:16,618 [INFO]  Epoch[4] Train-SMOKE-accuracy=0.000000
2024-04-08 10:34:16,618 [INFO]  Epoch[4] Time cost=0.105
2024-04-08 10:34:16,620 [INFO]  Saved checkpoint to "./imputer_model/20_obesity/imputer_model_SMOKE/model-0004.params"
2024-04-08 10:34:16,628 [INFO]  Epoch[4] Validation-cross-entropy=0.016644
2024-04-08 10:34:16,628 [INFO]  Epoch[4] Validation-SMOKE-accuracy=0.000000
2024-04-08 10:34:16,628 [INFO]  
========== done (0.586906909942627 s) fit model
2024-04-08 10:34:34,118 [INFO]  
========== start: fit model
2024-04-08 10:34:34,118 [WARNING]  Already bound, ignoring bind()
2024-04-08 10:34:34,240 [INFO]  Epoch[0] Batch [0-48]	Speed: 8672.45 samples/sec	cross-entropy=6.174443	SMOKE-accuracy=2.734694
2024-04-08 10:34:34,495 [INFO]  Epoch[0] Train-cross-entropy=0.110389
2024-04-08 10:34:34,495 [INFO]  Epoch[0] Train-SMOKE-accuracy=3.173913
2024-04-08 10:34:34,495 [INFO]  Epoch[0] Time cost=0.376
2024-04-08 10:34:34,498 [INFO]  Saved checkpoint to "./imputer_model/20_obesity/imputer_model_SMOKE/model-0000.params"
2024-04-08 10:34:34,501 [INFO]  Epoch[0] Validation-cross-entropy=0.071324
2024-04-08 10:34:34,502 [INFO]  Epoch[0] Validation-SMOKE-accuracy=0.000000
2024-04-08 10:34:34,585 [INFO]  Epoch[1] Batch [0-48]	Speed: 9339.21 samples/sec	cross-entropy=0.079822	SMOKE-accuracy=2.734694
2024-04-08 10:34:34,837 [INFO]  Epoch[1] Train-cross-entropy=0.033168
2024-04-08 10:34:34,837 [INFO]  Epoch[1] Train-SMOKE-accuracy=3.173913
2024-04-08 10:34:34,837 [INFO]  Epoch[1] Time cost=0.335
2024-04-08 10:34:34,838 [INFO]  Saved checkpoint to "./imputer_model/20_obesity/imputer_model_SMOKE/model-0001.params"
2024-04-08 10:34:34,842 [INFO]  Epoch[1] Validation-cross-entropy=0.038955
2024-04-08 10:34:34,842 [INFO]  Epoch[1] Validation-SMOKE-accuracy=0.000000
2024-04-08 10:34:34,877 [INFO]  Epoch[2] Batch [0-48]	Speed: 22436.93 samples/sec	cross-entropy=0.032080	SMOKE-accuracy=2.734694
2024-04-08 10:34:34,953 [INFO]  Epoch[2] Train-cross-entropy=0.019054
2024-04-08 10:34:34,954 [INFO]  Epoch[2] Train-SMOKE-accuracy=3.173913
2024-04-08 10:34:34,954 [INFO]  Epoch[2] Time cost=0.112
2024-04-08 10:34:34,955 [INFO]  Saved checkpoint to "./imputer_model/20_obesity/imputer_model_SMOKE/model-0002.params"
2024-04-08 10:34:34,959 [INFO]  Epoch[2] Validation-cross-entropy=0.021382
2024-04-08 10:34:34,959 [INFO]  Epoch[2] Validation-SMOKE-accuracy=0.000000
2024-04-08 10:34:34,999 [INFO]  Epoch[3] Batch [0-48]	Speed: 19433.65 samples/sec	cross-entropy=0.020196	SMOKE-accuracy=2.734694
2024-04-08 10:34:35,036 [INFO]  Epoch[3] Train-cross-entropy=0.013851
2024-04-08 10:34:35,036 [INFO]  Epoch[3] Train-SMOKE-accuracy=3.173913
2024-04-08 10:34:35,036 [INFO]  Epoch[3] Time cost=0.077
2024-04-08 10:34:35,038 [INFO]  Saved checkpoint to "./imputer_model/20_obesity/imputer_model_SMOKE/model-0003.params"
2024-04-08 10:34:35,041 [INFO]  Epoch[3] Validation-cross-entropy=0.014507
2024-04-08 10:34:35,041 [INFO]  Epoch[3] Validation-SMOKE-accuracy=0.000000
2024-04-08 10:34:35,088 [INFO]  Epoch[4] Batch [0-48]	Speed: 17044.51 samples/sec	cross-entropy=0.015774	SMOKE-accuracy=2.734694
2024-04-08 10:34:35,117 [INFO]  Epoch[4] Train-cross-entropy=0.011077
2024-04-08 10:34:35,117 [INFO]  Epoch[4] Train-SMOKE-accuracy=3.173913
2024-04-08 10:34:35,117 [INFO]  Epoch[4] Time cost=0.076
2024-04-08 10:34:35,120 [INFO]  Saved checkpoint to "./imputer_model/20_obesity/imputer_model_SMOKE/model-0004.params"
2024-04-08 10:34:35,123 [INFO]  Epoch[4] Validation-cross-entropy=0.010828
2024-04-08 10:34:35,123 [INFO]  Epoch[4] Validation-SMOKE-accuracy=0.000000
2024-04-08 10:34:35,123 [INFO]  
========== done (1.0048332214355469 s) fit model
2024-04-08 10:34:52,992 [INFO]  
========== start: fit model
2024-04-08 10:34:52,993 [WARNING]  Already bound, ignoring bind()
2024-04-08 10:34:53,033 [INFO]  Epoch[0] Batch [0-48]	Speed: 19879.81 samples/sec	cross-entropy=6.828300	SMOKE-accuracy=2.857143
2024-04-08 10:34:53,072 [INFO]  Epoch[0] Train-cross-entropy=0.372004
2024-04-08 10:34:53,072 [INFO]  Epoch[0] Train-SMOKE-accuracy=2.934783
2024-04-08 10:34:53,073 [INFO]  Epoch[0] Time cost=0.079
2024-04-08 10:34:53,074 [INFO]  Saved checkpoint to "./imputer_model/20_obesity/imputer_model_SMOKE/model-0000.params"
2024-04-08 10:34:53,079 [INFO]  Epoch[0] Validation-cross-entropy=0.337144
2024-04-08 10:34:53,079 [INFO]  Epoch[0] Validation-SMOKE-accuracy=0.000000
2024-04-08 10:34:53,131 [INFO]  Epoch[1] Batch [0-48]	Speed: 15334.50 samples/sec	cross-entropy=0.059610	SMOKE-accuracy=2.857143
2024-04-08 10:34:53,191 [INFO]  Epoch[1] Train-cross-entropy=0.060646
2024-04-08 10:34:53,192 [INFO]  Epoch[1] Train-SMOKE-accuracy=2.934783
2024-04-08 10:34:53,192 [INFO]  Epoch[1] Time cost=0.113
2024-04-08 10:34:53,194 [INFO]  Saved checkpoint to "./imputer_model/20_obesity/imputer_model_SMOKE/model-0001.params"
2024-04-08 10:34:53,199 [INFO]  Epoch[1] Validation-cross-entropy=0.190114
2024-04-08 10:34:53,199 [INFO]  Epoch[1] Validation-SMOKE-accuracy=0.000000
2024-04-08 10:34:53,251 [INFO]  Epoch[2] Batch [0-48]	Speed: 15341.36 samples/sec	cross-entropy=0.028805	SMOKE-accuracy=2.857143
2024-04-08 10:34:53,300 [INFO]  Epoch[2] Train-cross-entropy=0.022107
2024-04-08 10:34:53,300 [INFO]  Epoch[2] Train-SMOKE-accuracy=2.934783
2024-04-08 10:34:53,300 [INFO]  Epoch[2] Time cost=0.101
2024-04-08 10:34:53,303 [INFO]  Saved checkpoint to "./imputer_model/20_obesity/imputer_model_SMOKE/model-0002.params"
2024-04-08 10:34:53,307 [INFO]  Epoch[2] Validation-cross-entropy=0.140860
2024-04-08 10:34:53,308 [INFO]  Epoch[2] Validation-SMOKE-accuracy=0.000000
2024-04-08 10:34:53,380 [INFO]  Epoch[3] Batch [0-48]	Speed: 10792.89 samples/sec	cross-entropy=0.018114	SMOKE-accuracy=2.857143
2024-04-08 10:34:53,421 [INFO]  Epoch[3] Train-cross-entropy=0.016178
2024-04-08 10:34:53,421 [INFO]  Epoch[3] Train-SMOKE-accuracy=2.934783
2024-04-08 10:34:53,422 [INFO]  Epoch[3] Time cost=0.114
2024-04-08 10:34:53,425 [INFO]  Saved checkpoint to "./imputer_model/20_obesity/imputer_model_SMOKE/model-0003.params"
2024-04-08 10:34:53,446 [INFO]  Epoch[3] Validation-cross-entropy=0.119292
2024-04-08 10:34:53,446 [INFO]  Epoch[3] Validation-SMOKE-accuracy=0.000000
2024-04-08 10:34:53,510 [INFO]  Epoch[4] Batch [0-48]	Speed: 12208.41 samples/sec	cross-entropy=0.012995	SMOKE-accuracy=2.857143
2024-04-08 10:34:53,559 [INFO]  Epoch[4] Train-cross-entropy=0.012395
2024-04-08 10:34:53,559 [INFO]  Epoch[4] Train-SMOKE-accuracy=2.934783
2024-04-08 10:34:53,559 [INFO]  Epoch[4] Time cost=0.113
2024-04-08 10:34:53,561 [INFO]  Saved checkpoint to "./imputer_model/20_obesity/imputer_model_SMOKE/model-0004.params"
2024-04-08 10:34:53,566 [INFO]  Epoch[4] Validation-cross-entropy=0.106992
2024-04-08 10:34:53,566 [INFO]  Epoch[4] Validation-SMOKE-accuracy=0.000000
2024-04-08 10:34:53,566 [INFO]  
========== done (0.5732874870300293 s) fit model
2024-04-08 10:35:13,802 [INFO]  
========== start: fit model
2024-04-08 10:35:13,802 [WARNING]  Already bound, ignoring bind()
2024-04-08 10:35:14,056 [INFO]  Epoch[0] Batch [0-48]	Speed: 3084.72 samples/sec	cross-entropy=2.771384	SMOKE-accuracy=0.000000
2024-04-08 10:35:14,106 [INFO]  Epoch[0] Train-cross-entropy=0.073398
2024-04-08 10:35:14,106 [INFO]  Epoch[0] Train-SMOKE-accuracy=0.000000
2024-04-08 10:35:14,106 [INFO]  Epoch[0] Time cost=0.303
2024-04-08 10:35:14,108 [INFO]  Saved checkpoint to "./imputer_model/20_obesity/imputer_model_SMOKE/model-0000.params"
2024-04-08 10:35:14,113 [INFO]  Epoch[0] Validation-cross-entropy=0.018380
2024-04-08 10:35:14,113 [INFO]  Epoch[0] Validation-SMOKE-accuracy=0.000000
2024-04-08 10:35:14,172 [INFO]  Epoch[1] Batch [0-48]	Speed: 13175.55 samples/sec	cross-entropy=0.026404	SMOKE-accuracy=0.000000
2024-04-08 10:35:14,229 [INFO]  Epoch[1] Train-cross-entropy=0.022979
2024-04-08 10:35:14,230 [INFO]  Epoch[1] Train-SMOKE-accuracy=0.000000
2024-04-08 10:35:14,230 [INFO]  Epoch[1] Time cost=0.117
2024-04-08 10:35:14,232 [INFO]  Saved checkpoint to "./imputer_model/20_obesity/imputer_model_SMOKE/model-0001.params"
2024-04-08 10:35:14,245 [INFO]  Epoch[1] Validation-cross-entropy=0.014504
2024-04-08 10:35:14,246 [INFO]  Epoch[1] Validation-SMOKE-accuracy=0.000000
2024-04-08 10:35:14,304 [INFO]  Epoch[2] Batch [0-48]	Speed: 13425.02 samples/sec	cross-entropy=0.017892	SMOKE-accuracy=0.000000
2024-04-08 10:35:14,365 [INFO]  Epoch[2] Train-cross-entropy=0.016288
2024-04-08 10:35:14,365 [INFO]  Epoch[2] Train-SMOKE-accuracy=0.000000
2024-04-08 10:35:14,365 [INFO]  Epoch[2] Time cost=0.119
2024-04-08 10:35:14,367 [INFO]  Saved checkpoint to "./imputer_model/20_obesity/imputer_model_SMOKE/model-0002.params"
2024-04-08 10:35:14,371 [INFO]  Epoch[2] Validation-cross-entropy=0.011532
2024-04-08 10:35:14,371 [INFO]  Epoch[2] Validation-SMOKE-accuracy=0.000000
2024-04-08 10:35:14,424 [INFO]  Epoch[3] Batch [0-48]	Speed: 14785.15 samples/sec	cross-entropy=0.012919	SMOKE-accuracy=0.000000
2024-04-08 10:35:14,474 [INFO]  Epoch[3] Train-cross-entropy=0.015493
2024-04-08 10:35:14,474 [INFO]  Epoch[3] Train-SMOKE-accuracy=0.000000
2024-04-08 10:35:14,474 [INFO]  Epoch[3] Time cost=0.103
2024-04-08 10:35:14,476 [INFO]  Saved checkpoint to "./imputer_model/20_obesity/imputer_model_SMOKE/model-0003.params"
2024-04-08 10:35:14,481 [INFO]  Epoch[3] Validation-cross-entropy=0.010590
2024-04-08 10:35:14,481 [INFO]  Epoch[3] Validation-SMOKE-accuracy=0.000000
2024-04-08 10:35:14,535 [INFO]  Epoch[4] Batch [0-48]	Speed: 14720.82 samples/sec	cross-entropy=0.010304	SMOKE-accuracy=0.000000
2024-04-08 10:35:14,584 [INFO]  Epoch[4] Train-cross-entropy=0.013779
2024-04-08 10:35:14,584 [INFO]  Epoch[4] Train-SMOKE-accuracy=0.000000
2024-04-08 10:35:14,585 [INFO]  Epoch[4] Time cost=0.103
2024-04-08 10:35:14,587 [INFO]  Saved checkpoint to "./imputer_model/20_obesity/imputer_model_SMOKE/model-0004.params"
2024-04-08 10:35:14,592 [INFO]  Epoch[4] Validation-cross-entropy=0.010371
2024-04-08 10:35:14,592 [INFO]  Epoch[4] Validation-SMOKE-accuracy=0.000000
2024-04-08 10:35:14,592 [INFO]  
========== done (0.7898006439208984 s) fit model
2024-04-08 10:35:34,303 [INFO]  
========== start: fit model
2024-04-08 10:35:34,303 [WARNING]  Already bound, ignoring bind()
2024-04-08 10:35:34,369 [INFO]  Epoch[0] Batch [0-48]	Speed: 14676.02 samples/sec	cross-entropy=2.467699	SMOKE-accuracy=0.000000
2024-04-08 10:35:34,418 [INFO]  Epoch[0] Train-cross-entropy=0.125113
2024-04-08 10:35:34,418 [INFO]  Epoch[0] Train-SMOKE-accuracy=0.000000
2024-04-08 10:35:34,418 [INFO]  Epoch[0] Time cost=0.114
2024-04-08 10:35:34,421 [INFO]  Saved checkpoint to "./imputer_model/20_obesity/imputer_model_SMOKE/model-0000.params"
2024-04-08 10:35:34,426 [INFO]  Epoch[0] Validation-cross-entropy=0.098994
2024-04-08 10:35:34,426 [INFO]  Epoch[0] Validation-SMOKE-accuracy=0.000000
2024-04-08 10:35:34,480 [INFO]  Epoch[1] Batch [0-48]	Speed: 14531.95 samples/sec	cross-entropy=0.042730	SMOKE-accuracy=0.000000
2024-04-08 10:35:34,532 [INFO]  Epoch[1] Train-cross-entropy=0.029671
2024-04-08 10:35:34,532 [INFO]  Epoch[1] Train-SMOKE-accuracy=0.000000
2024-04-08 10:35:34,532 [INFO]  Epoch[1] Time cost=0.106
2024-04-08 10:35:34,534 [INFO]  Saved checkpoint to "./imputer_model/20_obesity/imputer_model_SMOKE/model-0001.params"
2024-04-08 10:35:34,539 [INFO]  Epoch[1] Validation-cross-entropy=0.048735
2024-04-08 10:35:34,539 [INFO]  Epoch[1] Validation-SMOKE-accuracy=0.000000
2024-04-08 10:35:34,594 [INFO]  Epoch[2] Batch [0-48]	Speed: 14368.09 samples/sec	cross-entropy=0.020015	SMOKE-accuracy=0.000000
2024-04-08 10:35:34,645 [INFO]  Epoch[2] Train-cross-entropy=0.016203
2024-04-08 10:35:34,645 [INFO]  Epoch[2] Train-SMOKE-accuracy=0.000000
2024-04-08 10:35:34,645 [INFO]  Epoch[2] Time cost=0.106
2024-04-08 10:35:34,648 [INFO]  Saved checkpoint to "./imputer_model/20_obesity/imputer_model_SMOKE/model-0002.params"
2024-04-08 10:35:34,652 [INFO]  Epoch[2] Validation-cross-entropy=0.035328
2024-04-08 10:35:34,653 [INFO]  Epoch[2] Validation-SMOKE-accuracy=0.000000
2024-04-08 10:35:34,716 [INFO]  Epoch[3] Batch [0-48]	Speed: 12630.37 samples/sec	cross-entropy=0.013463	SMOKE-accuracy=0.000000
2024-04-08 10:35:34,767 [INFO]  Epoch[3] Train-cross-entropy=0.013126
2024-04-08 10:35:34,767 [INFO]  Epoch[3] Train-SMOKE-accuracy=0.000000
2024-04-08 10:35:34,767 [INFO]  Epoch[3] Time cost=0.114
2024-04-08 10:35:34,770 [INFO]  Saved checkpoint to "./imputer_model/20_obesity/imputer_model_SMOKE/model-0003.params"
2024-04-08 10:35:34,775 [INFO]  Epoch[3] Validation-cross-entropy=0.025790
2024-04-08 10:35:34,775 [INFO]  Epoch[3] Validation-SMOKE-accuracy=0.000000
2024-04-08 10:35:34,831 [INFO]  Epoch[4] Batch [0-48]	Speed: 13999.12 samples/sec	cross-entropy=0.011214	SMOKE-accuracy=0.000000
2024-04-08 10:35:34,890 [INFO]  Epoch[4] Train-cross-entropy=0.011873
2024-04-08 10:35:34,890 [INFO]  Epoch[4] Train-SMOKE-accuracy=0.000000
2024-04-08 10:35:34,890 [INFO]  Epoch[4] Time cost=0.115
2024-04-08 10:35:34,892 [INFO]  Saved checkpoint to "./imputer_model/20_obesity/imputer_model_SMOKE/model-0004.params"
2024-04-08 10:35:34,897 [INFO]  Epoch[4] Validation-cross-entropy=0.021065
2024-04-08 10:35:34,897 [INFO]  Epoch[4] Validation-SMOKE-accuracy=0.000000
2024-04-08 10:35:34,897 [INFO]  
========== done (0.5939023494720459 s) fit model
2024-04-08 10:35:53,132 [INFO]  
========== start: fit model
2024-04-08 10:35:53,132 [WARNING]  Already bound, ignoring bind()
2024-04-08 10:35:53,184 [INFO]  Epoch[0] Batch [0-48]	Speed: 17652.49 samples/sec	cross-entropy=3.199501	SMOKE-accuracy=2.693878
2024-04-08 10:35:53,226 [INFO]  Epoch[0] Train-cross-entropy=0.092705
2024-04-08 10:35:53,226 [INFO]  Epoch[0] Train-SMOKE-accuracy=3.000000
2024-04-08 10:35:53,226 [INFO]  Epoch[0] Time cost=0.093
2024-04-08 10:35:53,229 [INFO]  Saved checkpoint to "./imputer_model/20_obesity/imputer_model_SMOKE/model-0000.params"
2024-04-08 10:35:53,335 [INFO]  Epoch[0] Validation-cross-entropy=0.064333
2024-04-08 10:35:53,335 [INFO]  Epoch[0] Validation-SMOKE-accuracy=0.000000
2024-04-08 10:35:53,362 [INFO]  Epoch[1] Batch [0-48]	Speed: 29067.45 samples/sec	cross-entropy=0.046383	SMOKE-accuracy=2.693878
2024-04-08 10:35:53,388 [INFO]  Epoch[1] Train-cross-entropy=0.022814
2024-04-08 10:35:53,388 [INFO]  Epoch[1] Train-SMOKE-accuracy=3.000000
2024-04-08 10:35:53,388 [INFO]  Epoch[1] Time cost=0.053
2024-04-08 10:35:53,389 [INFO]  Saved checkpoint to "./imputer_model/20_obesity/imputer_model_SMOKE/model-0001.params"
2024-04-08 10:35:53,449 [INFO]  Epoch[1] Validation-cross-entropy=0.027876
2024-04-08 10:35:53,450 [INFO]  Epoch[1] Validation-SMOKE-accuracy=0.000000
2024-04-08 10:35:53,515 [INFO]  Epoch[2] Batch [0-48]	Speed: 11890.17 samples/sec	cross-entropy=0.021397	SMOKE-accuracy=2.693878
2024-04-08 10:35:53,546 [INFO]  Epoch[2] Train-cross-entropy=0.013592
2024-04-08 10:35:53,546 [INFO]  Epoch[2] Train-SMOKE-accuracy=3.000000
2024-04-08 10:35:53,546 [INFO]  Epoch[2] Time cost=0.097
2024-04-08 10:35:53,550 [INFO]  Saved checkpoint to "./imputer_model/20_obesity/imputer_model_SMOKE/model-0002.params"
2024-04-08 10:35:53,561 [INFO]  Epoch[2] Validation-cross-entropy=0.018707
2024-04-08 10:35:53,562 [INFO]  Epoch[2] Validation-SMOKE-accuracy=0.000000
2024-04-08 10:35:53,598 [INFO]  Epoch[3] Batch [0-48]	Speed: 21270.22 samples/sec	cross-entropy=0.012709	SMOKE-accuracy=2.693878
2024-04-08 10:35:53,940 [INFO]  Epoch[3] Train-cross-entropy=0.010418
2024-04-08 10:35:53,940 [INFO]  Epoch[3] Train-SMOKE-accuracy=3.000000
2024-04-08 10:35:53,940 [INFO]  Epoch[3] Time cost=0.379
2024-04-08 10:35:53,942 [INFO]  Saved checkpoint to "./imputer_model/20_obesity/imputer_model_SMOKE/model-0003.params"
2024-04-08 10:35:53,948 [INFO]  Epoch[3] Validation-cross-entropy=0.018256
2024-04-08 10:35:53,949 [INFO]  Epoch[3] Validation-SMOKE-accuracy=0.000000
2024-04-08 10:35:54,058 [INFO]  Epoch[4] Batch [0-48]	Speed: 7089.53 samples/sec	cross-entropy=0.009552	SMOKE-accuracy=2.693878
2024-04-08 10:35:54,395 [INFO]  Epoch[4] Train-cross-entropy=0.008379
2024-04-08 10:35:54,395 [INFO]  Epoch[4] Train-SMOKE-accuracy=3.000000
2024-04-08 10:35:54,395 [INFO]  Epoch[4] Time cost=0.446
2024-04-08 10:35:54,396 [INFO]  Saved checkpoint to "./imputer_model/20_obesity/imputer_model_SMOKE/model-0004.params"
2024-04-08 10:35:54,399 [INFO]  Epoch[4] Validation-cross-entropy=0.017263
2024-04-08 10:35:54,399 [INFO]  Epoch[4] Validation-SMOKE-accuracy=0.000000
2024-04-08 10:35:54,399 [INFO]  
========== done (1.2671806812286377 s) fit model
2024-04-08 10:36:13,277 [INFO]  
========== start: fit model
2024-04-08 10:36:13,277 [WARNING]  Already bound, ignoring bind()
2024-04-08 10:36:13,317 [INFO]  Epoch[0] Batch [0-48]	Speed: 20355.68 samples/sec	cross-entropy=9.101330	SMOKE-accuracy=0.000000
2024-04-08 10:36:13,346 [INFO]  Epoch[0] Train-cross-entropy=0.144710
2024-04-08 10:36:13,347 [INFO]  Epoch[0] Train-SMOKE-accuracy=0.000000
2024-04-08 10:36:13,347 [INFO]  Epoch[0] Time cost=0.069
2024-04-08 10:36:13,349 [INFO]  Saved checkpoint to "./imputer_model/20_obesity/imputer_model_SMOKE/model-0000.params"
2024-04-08 10:36:13,359 [INFO]  Epoch[0] Validation-cross-entropy=0.071344
2024-04-08 10:36:13,359 [INFO]  Epoch[0] Validation-SMOKE-accuracy=0.000000
2024-04-08 10:36:13,420 [INFO]  Epoch[1] Batch [0-48]	Speed: 12888.25 samples/sec	cross-entropy=0.092731	SMOKE-accuracy=0.000000
2024-04-08 10:36:13,445 [INFO]  Epoch[1] Train-cross-entropy=0.048662
2024-04-08 10:36:13,445 [INFO]  Epoch[1] Train-SMOKE-accuracy=0.000000
2024-04-08 10:36:13,445 [INFO]  Epoch[1] Time cost=0.086
2024-04-08 10:36:13,446 [INFO]  Saved checkpoint to "./imputer_model/20_obesity/imputer_model_SMOKE/model-0001.params"
2024-04-08 10:36:13,449 [INFO]  Epoch[1] Validation-cross-entropy=0.034174
2024-04-08 10:36:13,449 [INFO]  Epoch[1] Validation-SMOKE-accuracy=0.000000
2024-04-08 10:36:13,485 [INFO]  Epoch[2] Batch [0-48]	Speed: 21935.93 samples/sec	cross-entropy=0.038068	SMOKE-accuracy=0.000000
2024-04-08 10:36:13,532 [INFO]  Epoch[2] Train-cross-entropy=0.024418
2024-04-08 10:36:13,532 [INFO]  Epoch[2] Train-SMOKE-accuracy=0.000000
2024-04-08 10:36:13,532 [INFO]  Epoch[2] Time cost=0.083
2024-04-08 10:36:13,535 [INFO]  Saved checkpoint to "./imputer_model/20_obesity/imputer_model_SMOKE/model-0002.params"
2024-04-08 10:36:13,558 [INFO]  Epoch[2] Validation-cross-entropy=0.019146
2024-04-08 10:36:13,558 [INFO]  Epoch[2] Validation-SMOKE-accuracy=0.000000
2024-04-08 10:36:13,594 [INFO]  Epoch[3] Batch [0-48]	Speed: 22257.87 samples/sec	cross-entropy=0.020080	SMOKE-accuracy=0.000000
2024-04-08 10:36:13,638 [INFO]  Epoch[3] Train-cross-entropy=0.015591
2024-04-08 10:36:13,638 [INFO]  Epoch[3] Train-SMOKE-accuracy=0.000000
2024-04-08 10:36:13,639 [INFO]  Epoch[3] Time cost=0.080
2024-04-08 10:36:13,640 [INFO]  Saved checkpoint to "./imputer_model/20_obesity/imputer_model_SMOKE/model-0003.params"
2024-04-08 10:36:13,643 [INFO]  Epoch[3] Validation-cross-entropy=0.011968
2024-04-08 10:36:13,643 [INFO]  Epoch[3] Validation-SMOKE-accuracy=0.000000
2024-04-08 10:36:13,670 [INFO]  Epoch[4] Batch [0-48]	Speed: 28815.49 samples/sec	cross-entropy=0.014288	SMOKE-accuracy=0.000000
2024-04-08 10:36:13,697 [INFO]  Epoch[4] Train-cross-entropy=0.011710
2024-04-08 10:36:13,697 [INFO]  Epoch[4] Train-SMOKE-accuracy=0.000000
2024-04-08 10:36:13,697 [INFO]  Epoch[4] Time cost=0.055
2024-04-08 10:36:13,702 [INFO]  Saved checkpoint to "./imputer_model/20_obesity/imputer_model_SMOKE/model-0004.params"
2024-04-08 10:36:14,181 [INFO]  Epoch[4] Validation-cross-entropy=0.009726
2024-04-08 10:36:14,181 [INFO]  Epoch[4] Validation-SMOKE-accuracy=0.000000
2024-04-08 10:36:14,181 [INFO]  
========== done (0.9045393466949463 s) fit model
2024-04-08 10:36:33,233 [INFO]  
========== start: fit model
2024-04-08 10:36:33,233 [WARNING]  Already bound, ignoring bind()
2024-04-08 10:36:33,365 [INFO]  Epoch[0] Batch [0-48]	Speed: 14647.19 samples/sec	cross-entropy=8.224425	SMOKE-accuracy=2.612245
2024-04-08 10:36:33,444 [INFO]  Epoch[0] Train-cross-entropy=0.082145
2024-04-08 10:36:33,444 [INFO]  Epoch[0] Train-SMOKE-accuracy=3.304348
2024-04-08 10:36:33,444 [INFO]  Epoch[0] Time cost=0.211
2024-04-08 10:36:33,446 [INFO]  Saved checkpoint to "./imputer_model/20_obesity/imputer_model_SMOKE/model-0000.params"
2024-04-08 10:36:33,450 [INFO]  Epoch[0] Validation-cross-entropy=0.021877
2024-04-08 10:36:33,450 [INFO]  Epoch[0] Validation-SMOKE-accuracy=0.000000
2024-04-08 10:36:33,502 [INFO]  Epoch[1] Batch [0-48]	Speed: 14864.84 samples/sec	cross-entropy=0.053876	SMOKE-accuracy=2.612245
2024-04-08 10:36:33,539 [INFO]  Epoch[1] Train-cross-entropy=0.034691
2024-04-08 10:36:33,539 [INFO]  Epoch[1] Train-SMOKE-accuracy=3.304348
2024-04-08 10:36:33,539 [INFO]  Epoch[1] Time cost=0.090
2024-04-08 10:36:33,541 [INFO]  Saved checkpoint to "./imputer_model/20_obesity/imputer_model_SMOKE/model-0001.params"
2024-04-08 10:36:33,544 [INFO]  Epoch[1] Validation-cross-entropy=0.015450
2024-04-08 10:36:33,544 [INFO]  Epoch[1] Validation-SMOKE-accuracy=0.000000
2024-04-08 10:36:34,007 [INFO]  Epoch[2] Batch [0-48]	Speed: 1659.72 samples/sec	cross-entropy=0.031527	SMOKE-accuracy=2.612245
2024-04-08 10:36:34,296 [INFO]  Epoch[2] Train-cross-entropy=0.022376
2024-04-08 10:36:34,296 [INFO]  Epoch[2] Train-SMOKE-accuracy=3.304348
2024-04-08 10:36:34,296 [INFO]  Epoch[2] Time cost=0.752
2024-04-08 10:36:34,299 [INFO]  Saved checkpoint to "./imputer_model/20_obesity/imputer_model_SMOKE/model-0002.params"
2024-04-08 10:36:34,304 [INFO]  Epoch[2] Validation-cross-entropy=0.014019
2024-04-08 10:36:34,304 [INFO]  Epoch[2] Validation-SMOKE-accuracy=0.000000
2024-04-08 10:36:34,356 [INFO]  Epoch[3] Batch [0-48]	Speed: 15076.55 samples/sec	cross-entropy=0.020252	SMOKE-accuracy=2.612245
2024-04-08 10:36:34,406 [INFO]  Epoch[3] Train-cross-entropy=0.016989
2024-04-08 10:36:34,406 [INFO]  Epoch[3] Train-SMOKE-accuracy=3.304348
2024-04-08 10:36:34,407 [INFO]  Epoch[3] Time cost=0.102
2024-04-08 10:36:34,409 [INFO]  Saved checkpoint to "./imputer_model/20_obesity/imputer_model_SMOKE/model-0003.params"
2024-04-08 10:36:34,414 [INFO]  Epoch[3] Validation-cross-entropy=0.016178
2024-04-08 10:36:34,414 [INFO]  Epoch[3] Validation-SMOKE-accuracy=0.000000
2024-04-08 10:36:34,468 [INFO]  Epoch[4] Batch [0-48]	Speed: 14654.26 samples/sec	cross-entropy=0.014845	SMOKE-accuracy=2.612245
2024-04-08 10:36:34,518 [INFO]  Epoch[4] Train-cross-entropy=0.014333
2024-04-08 10:36:34,518 [INFO]  Epoch[4] Train-SMOKE-accuracy=3.304348
2024-04-08 10:36:34,518 [INFO]  Epoch[4] Time cost=0.104
2024-04-08 10:36:34,521 [INFO]  Saved checkpoint to "./imputer_model/20_obesity/imputer_model_SMOKE/model-0004.params"
2024-04-08 10:36:34,525 [INFO]  Epoch[4] Validation-cross-entropy=0.019314
2024-04-08 10:36:34,526 [INFO]  Epoch[4] Validation-SMOKE-accuracy=0.000000
2024-04-08 10:36:34,526 [INFO]  
========== done (1.2931222915649414 s) fit model
2024-04-08 10:36:53,929 [INFO]  
========== start: fit model
2024-04-08 10:36:53,929 [WARNING]  Already bound, ignoring bind()
2024-04-08 10:36:54,099 [INFO]  Epoch[0] Batch [0-48]	Speed: 5481.02 samples/sec	cross-entropy=2.055340	SMOKE-accuracy=2.795918
2024-04-08 10:36:54,126 [INFO]  Epoch[0] Train-cross-entropy=0.080438
2024-04-08 10:36:54,126 [INFO]  Epoch[0] Train-SMOKE-accuracy=3.195652
2024-04-08 10:36:54,126 [INFO]  Epoch[0] Time cost=0.196
2024-04-08 10:36:54,128 [INFO]  Saved checkpoint to "./imputer_model/20_obesity/imputer_model_SMOKE/model-0000.params"
2024-04-08 10:36:54,131 [INFO]  Epoch[0] Validation-cross-entropy=0.077781
2024-04-08 10:36:54,131 [INFO]  Epoch[0] Validation-SMOKE-accuracy=0.000000
2024-04-08 10:36:54,216 [INFO]  Epoch[1] Batch [0-48]	Speed: 9051.39 samples/sec	cross-entropy=0.038842	SMOKE-accuracy=2.795918
2024-04-08 10:36:54,258 [INFO]  Epoch[1] Train-cross-entropy=0.033224
2024-04-08 10:36:54,258 [INFO]  Epoch[1] Train-SMOKE-accuracy=3.195652
2024-04-08 10:36:54,258 [INFO]  Epoch[1] Time cost=0.127
2024-04-08 10:36:54,260 [INFO]  Saved checkpoint to "./imputer_model/20_obesity/imputer_model_SMOKE/model-0001.params"
2024-04-08 10:36:54,263 [INFO]  Epoch[1] Validation-cross-entropy=0.048734
2024-04-08 10:36:54,263 [INFO]  Epoch[1] Validation-SMOKE-accuracy=0.000000
2024-04-08 10:36:54,319 [INFO]  Epoch[2] Batch [0-48]	Speed: 14039.08 samples/sec	cross-entropy=0.019927	SMOKE-accuracy=2.795918
2024-04-08 10:36:54,354 [INFO]  Epoch[2] Train-cross-entropy=0.019581
2024-04-08 10:36:54,354 [INFO]  Epoch[2] Train-SMOKE-accuracy=3.195652
2024-04-08 10:36:54,354 [INFO]  Epoch[2] Time cost=0.090
2024-04-08 10:36:54,355 [INFO]  Saved checkpoint to "./imputer_model/20_obesity/imputer_model_SMOKE/model-0002.params"
2024-04-08 10:36:54,359 [INFO]  Epoch[2] Validation-cross-entropy=0.027082
2024-04-08 10:36:54,359 [INFO]  Epoch[2] Validation-SMOKE-accuracy=0.000000
2024-04-08 10:36:54,396 [INFO]  Epoch[3] Batch [0-48]	Speed: 21215.58 samples/sec	cross-entropy=0.012882	SMOKE-accuracy=2.795918
2024-04-08 10:36:54,431 [INFO]  Epoch[3] Train-cross-entropy=0.014989
2024-04-08 10:36:54,431 [INFO]  Epoch[3] Train-SMOKE-accuracy=3.195652
2024-04-08 10:36:54,431 [INFO]  Epoch[3] Time cost=0.072
2024-04-08 10:36:54,432 [INFO]  Saved checkpoint to "./imputer_model/20_obesity/imputer_model_SMOKE/model-0003.params"
2024-04-08 10:36:54,436 [INFO]  Epoch[3] Validation-cross-entropy=0.020144
2024-04-08 10:36:54,436 [INFO]  Epoch[3] Validation-SMOKE-accuracy=0.000000
2024-04-08 10:36:54,513 [INFO]  Epoch[4] Batch [0-48]	Speed: 11379.17 samples/sec	cross-entropy=0.010443	SMOKE-accuracy=2.795918
2024-04-08 10:36:54,567 [INFO]  Epoch[4] Train-cross-entropy=0.013362
2024-04-08 10:36:54,567 [INFO]  Epoch[4] Train-SMOKE-accuracy=3.195652
2024-04-08 10:36:54,567 [INFO]  Epoch[4] Time cost=0.132
2024-04-08 10:36:54,570 [INFO]  Saved checkpoint to "./imputer_model/20_obesity/imputer_model_SMOKE/model-0004.params"
2024-04-08 10:36:54,574 [INFO]  Epoch[4] Validation-cross-entropy=0.020913
2024-04-08 10:36:54,575 [INFO]  Epoch[4] Validation-SMOKE-accuracy=0.000000
2024-04-08 10:36:54,575 [INFO]  
========== done (0.6455512046813965 s) fit model
2024-04-08 10:37:15,034 [INFO]  
========== start: fit model
2024-04-08 10:37:15,034 [WARNING]  Already bound, ignoring bind()
2024-04-08 10:37:15,127 [INFO]  Epoch[0] Batch [0-48]	Speed: 13186.34 samples/sec	cross-entropy=1.854964	SMOKE-accuracy=0.000000
2024-04-08 10:37:15,153 [INFO]  Epoch[0] Train-cross-entropy=0.052502
2024-04-08 10:37:15,153 [INFO]  Epoch[0] Train-SMOKE-accuracy=0.000000
2024-04-08 10:37:15,153 [INFO]  Epoch[0] Time cost=0.118
2024-04-08 10:37:15,154 [INFO]  Saved checkpoint to "./imputer_model/20_obesity/imputer_model_SMOKE/model-0000.params"
2024-04-08 10:37:15,157 [INFO]  Epoch[0] Validation-cross-entropy=0.145377
2024-04-08 10:37:15,157 [INFO]  Epoch[0] Validation-SMOKE-accuracy=0.000000
2024-04-08 10:37:15,210 [INFO]  Epoch[1] Batch [0-48]	Speed: 14831.37 samples/sec	cross-entropy=0.037933	SMOKE-accuracy=0.000000
2024-04-08 10:37:15,243 [INFO]  Epoch[1] Train-cross-entropy=0.032398
2024-04-08 10:37:15,243 [INFO]  Epoch[1] Train-SMOKE-accuracy=0.000000
2024-04-08 10:37:15,243 [INFO]  Epoch[1] Time cost=0.086
2024-04-08 10:37:15,244 [INFO]  Saved checkpoint to "./imputer_model/20_obesity/imputer_model_SMOKE/model-0001.params"
2024-04-08 10:37:15,248 [INFO]  Epoch[1] Validation-cross-entropy=0.128716
2024-04-08 10:37:15,248 [INFO]  Epoch[1] Validation-SMOKE-accuracy=0.000000
2024-04-08 10:37:15,622 [INFO]  Epoch[2] Batch [0-48]	Speed: 2059.74 samples/sec	cross-entropy=0.027180	SMOKE-accuracy=0.000000
2024-04-08 10:37:15,652 [INFO]  Epoch[2] Train-cross-entropy=0.021478
2024-04-08 10:37:15,652 [INFO]  Epoch[2] Train-SMOKE-accuracy=0.000000
2024-04-08 10:37:15,652 [INFO]  Epoch[2] Time cost=0.404
2024-04-08 10:37:15,654 [INFO]  Saved checkpoint to "./imputer_model/20_obesity/imputer_model_SMOKE/model-0002.params"
2024-04-08 10:37:15,658 [INFO]  Epoch[2] Validation-cross-entropy=0.043618
2024-04-08 10:37:15,658 [INFO]  Epoch[2] Validation-SMOKE-accuracy=0.000000
2024-04-08 10:37:15,719 [INFO]  Epoch[3] Batch [0-48]	Speed: 12861.39 samples/sec	cross-entropy=0.016002	SMOKE-accuracy=0.000000
2024-04-08 10:37:15,751 [INFO]  Epoch[3] Train-cross-entropy=0.016690
2024-04-08 10:37:15,751 [INFO]  Epoch[3] Train-SMOKE-accuracy=0.000000
2024-04-08 10:37:15,751 [INFO]  Epoch[3] Time cost=0.093
2024-04-08 10:37:15,753 [INFO]  Saved checkpoint to "./imputer_model/20_obesity/imputer_model_SMOKE/model-0003.params"
2024-04-08 10:37:15,759 [INFO]  Epoch[3] Validation-cross-entropy=0.086269
2024-04-08 10:37:15,759 [INFO]  Epoch[3] Validation-SMOKE-accuracy=0.000000
2024-04-08 10:37:15,790 [INFO]  Epoch[4] Batch [0-48]	Speed: 25137.35 samples/sec	cross-entropy=0.013719	SMOKE-accuracy=0.000000
2024-04-08 10:37:15,819 [INFO]  Epoch[4] Train-cross-entropy=0.014521
2024-04-08 10:37:15,819 [INFO]  Epoch[4] Train-SMOKE-accuracy=0.000000
2024-04-08 10:37:15,820 [INFO]  Epoch[4] Time cost=0.061
2024-04-08 10:37:15,822 [INFO]  Saved checkpoint to "./imputer_model/20_obesity/imputer_model_SMOKE/model-0004.params"
2024-04-08 10:37:15,825 [INFO]  Epoch[4] Validation-cross-entropy=0.029351
2024-04-08 10:37:15,825 [INFO]  Epoch[4] Validation-SMOKE-accuracy=0.000000
2024-04-08 10:37:15,826 [INFO]  
========== done (0.7916486263275146 s) fit model
2024-04-08 10:37:35,551 [INFO]  
========== start: fit model
2024-04-08 10:37:35,551 [WARNING]  Already bound, ignoring bind()
2024-04-08 10:37:35,583 [INFO]  Epoch[0] Batch [0-48]	Speed: 25481.15 samples/sec	cross-entropy=6.317113	SMOKE-accuracy=0.000000
2024-04-08 10:37:35,626 [INFO]  Epoch[0] Train-cross-entropy=0.479886
2024-04-08 10:37:35,627 [INFO]  Epoch[0] Train-SMOKE-accuracy=0.000000
2024-04-08 10:37:35,627 [INFO]  Epoch[0] Time cost=0.075
2024-04-08 10:37:35,628 [INFO]  Saved checkpoint to "./imputer_model/20_obesity/imputer_model_SMOKE/model-0000.params"
2024-04-08 10:37:35,631 [INFO]  Epoch[0] Validation-cross-entropy=0.322581
2024-04-08 10:37:35,631 [INFO]  Epoch[0] Validation-SMOKE-accuracy=0.000000
2024-04-08 10:37:36,074 [INFO]  Epoch[1] Batch [0-48]	Speed: 1736.03 samples/sec	cross-entropy=0.088368	SMOKE-accuracy=0.000000
2024-04-08 10:37:36,195 [INFO]  Epoch[1] Train-cross-entropy=0.034632
2024-04-08 10:37:36,195 [INFO]  Epoch[1] Train-SMOKE-accuracy=0.000000
2024-04-08 10:37:36,195 [INFO]  Epoch[1] Time cost=0.565
2024-04-08 10:37:36,197 [INFO]  Saved checkpoint to "./imputer_model/20_obesity/imputer_model_SMOKE/model-0001.params"
2024-04-08 10:37:36,201 [INFO]  Epoch[1] Validation-cross-entropy=0.158580
2024-04-08 10:37:36,202 [INFO]  Epoch[1] Validation-SMOKE-accuracy=0.000000
2024-04-08 10:37:36,255 [INFO]  Epoch[2] Batch [0-48]	Speed: 14788.75 samples/sec	cross-entropy=0.033516	SMOKE-accuracy=0.000000
2024-04-08 10:37:36,302 [INFO]  Epoch[2] Train-cross-entropy=0.020902
2024-04-08 10:37:36,302 [INFO]  Epoch[2] Train-SMOKE-accuracy=0.000000
2024-04-08 10:37:36,302 [INFO]  Epoch[2] Time cost=0.101
2024-04-08 10:37:36,304 [INFO]  Saved checkpoint to "./imputer_model/20_obesity/imputer_model_SMOKE/model-0002.params"
2024-04-08 10:37:36,312 [INFO]  Epoch[2] Validation-cross-entropy=0.076571
2024-04-08 10:37:36,312 [INFO]  Epoch[2] Validation-SMOKE-accuracy=0.000000
2024-04-08 10:37:36,361 [INFO]  Epoch[3] Batch [0-48]	Speed: 15938.45 samples/sec	cross-entropy=0.018003	SMOKE-accuracy=0.000000
2024-04-08 10:37:36,411 [INFO]  Epoch[3] Train-cross-entropy=0.014197
2024-04-08 10:37:36,411 [INFO]  Epoch[3] Train-SMOKE-accuracy=0.000000
2024-04-08 10:37:36,411 [INFO]  Epoch[3] Time cost=0.100
2024-04-08 10:37:36,413 [INFO]  Saved checkpoint to "./imputer_model/20_obesity/imputer_model_SMOKE/model-0003.params"
2024-04-08 10:37:36,418 [INFO]  Epoch[3] Validation-cross-entropy=0.046146
2024-04-08 10:37:36,418 [INFO]  Epoch[3] Validation-SMOKE-accuracy=0.000000
2024-04-08 10:37:36,470 [INFO]  Epoch[4] Batch [0-48]	Speed: 14957.26 samples/sec	cross-entropy=0.012411	SMOKE-accuracy=0.000000
2024-04-08 10:37:36,520 [INFO]  Epoch[4] Train-cross-entropy=0.010255
2024-04-08 10:37:36,520 [INFO]  Epoch[4] Train-SMOKE-accuracy=0.000000
2024-04-08 10:37:36,520 [INFO]  Epoch[4] Time cost=0.102
2024-04-08 10:37:36,521 [INFO]  Saved checkpoint to "./imputer_model/20_obesity/imputer_model_SMOKE/model-0004.params"
2024-04-08 10:37:36,526 [INFO]  Epoch[4] Validation-cross-entropy=0.034279
2024-04-08 10:37:36,526 [INFO]  Epoch[4] Validation-SMOKE-accuracy=0.000000
2024-04-08 10:37:36,526 [INFO]  
========== done (0.9749643802642822 s) fit model
2024-04-08 10:37:55,816 [INFO]  
========== start: fit model
2024-04-08 10:37:55,817 [WARNING]  Already bound, ignoring bind()
2024-04-08 10:37:55,872 [INFO]  Epoch[0] Batch [0-48]	Speed: 17396.70 samples/sec	cross-entropy=3.999480	SMOKE-accuracy=0.000000
2024-04-08 10:37:55,930 [INFO]  Epoch[0] Train-cross-entropy=0.071159
2024-04-08 10:37:55,930 [INFO]  Epoch[0] Train-SMOKE-accuracy=0.000000
2024-04-08 10:37:55,930 [INFO]  Epoch[0] Time cost=0.113
2024-04-08 10:37:55,933 [INFO]  Saved checkpoint to "./imputer_model/20_obesity/imputer_model_SMOKE/model-0000.params"
2024-04-08 10:37:55,936 [INFO]  Epoch[0] Validation-cross-entropy=0.040501
2024-04-08 10:37:55,937 [INFO]  Epoch[0] Validation-SMOKE-accuracy=0.000000
2024-04-08 10:37:56,022 [INFO]  Epoch[1] Batch [0-48]	Speed: 9065.04 samples/sec	cross-entropy=0.050421	SMOKE-accuracy=0.000000
2024-04-08 10:37:56,141 [INFO]  Epoch[1] Train-cross-entropy=0.032368
2024-04-08 10:37:56,141 [INFO]  Epoch[1] Train-SMOKE-accuracy=0.000000
2024-04-08 10:37:56,141 [INFO]  Epoch[1] Time cost=0.205
2024-04-08 10:37:56,143 [INFO]  Saved checkpoint to "./imputer_model/20_obesity/imputer_model_SMOKE/model-0001.params"
2024-04-08 10:37:56,150 [INFO]  Epoch[1] Validation-cross-entropy=0.017770
2024-04-08 10:37:56,150 [INFO]  Epoch[1] Validation-SMOKE-accuracy=0.000000
2024-04-08 10:37:56,210 [INFO]  Epoch[2] Batch [0-48]	Speed: 13312.28 samples/sec	cross-entropy=0.027356	SMOKE-accuracy=0.000000
2024-04-08 10:37:56,267 [INFO]  Epoch[2] Train-cross-entropy=0.022679
2024-04-08 10:37:56,267 [INFO]  Epoch[2] Train-SMOKE-accuracy=0.000000
2024-04-08 10:37:56,267 [INFO]  Epoch[2] Time cost=0.116
2024-04-08 10:37:56,269 [INFO]  Saved checkpoint to "./imputer_model/20_obesity/imputer_model_SMOKE/model-0002.params"
2024-04-08 10:37:56,280 [INFO]  Epoch[2] Validation-cross-entropy=0.011107
2024-04-08 10:37:56,280 [INFO]  Epoch[2] Validation-SMOKE-accuracy=0.000000
2024-04-08 10:37:56,332 [INFO]  Epoch[3] Batch [0-48]	Speed: 15093.08 samples/sec	cross-entropy=0.023707	SMOKE-accuracy=0.000000
2024-04-08 10:37:56,474 [INFO]  Epoch[3] Train-cross-entropy=0.017675
2024-04-08 10:37:56,475 [INFO]  Epoch[3] Train-SMOKE-accuracy=0.000000
2024-04-08 10:37:56,475 [INFO]  Epoch[3] Time cost=0.195
2024-04-08 10:37:56,476 [INFO]  Saved checkpoint to "./imputer_model/20_obesity/imputer_model_SMOKE/model-0003.params"
2024-04-08 10:37:56,482 [INFO]  Epoch[3] Validation-cross-entropy=0.009718
2024-04-08 10:37:56,482 [INFO]  Epoch[3] Validation-SMOKE-accuracy=0.000000
2024-04-08 10:37:56,640 [INFO]  Epoch[4] Batch [0-48]	Speed: 4888.79 samples/sec	cross-entropy=0.021814	SMOKE-accuracy=0.000000
2024-04-08 10:37:56,701 [INFO]  Epoch[4] Train-cross-entropy=0.013831
2024-04-08 10:37:56,701 [INFO]  Epoch[4] Train-SMOKE-accuracy=0.000000
2024-04-08 10:37:56,701 [INFO]  Epoch[4] Time cost=0.219
2024-04-08 10:37:56,703 [INFO]  Saved checkpoint to "./imputer_model/20_obesity/imputer_model_SMOKE/model-0004.params"
2024-04-08 10:37:56,708 [INFO]  Epoch[4] Validation-cross-entropy=0.009274
2024-04-08 10:37:56,708 [INFO]  Epoch[4] Validation-SMOKE-accuracy=0.000000
2024-04-08 10:37:56,708 [INFO]  
========== done (0.8918030261993408 s) fit model
