2024-03-19 16:06:08,951 [INFO]  
========== start: fit model
2024-03-19 16:06:08,951 [WARNING]  Already bound, ignoring bind()
2024-03-19 16:06:08,958 [INFO]  Epoch[0] Batch [0-7]	Speed: 21114.80 samples/sec	cross-entropy=11.045622	thalach-accuracy=4.125000
2024-03-19 16:06:08,963 [INFO]  Epoch[0] Train-cross-entropy=5.204642
2024-03-19 16:06:08,963 [INFO]  Epoch[0] Train-thalach-accuracy=3.333333
2024-03-19 16:06:08,963 [INFO]  Epoch[0] Time cost=0.011
2024-03-19 16:06:08,964 [INFO]  Saved checkpoint to "./imputer_model/imputer_model_thalach/model-0000.params"
2024-03-19 16:06:08,965 [INFO]  Epoch[0] Validation-cross-entropy=3.021133
2024-03-19 16:06:08,965 [INFO]  Epoch[0] Validation-thalach-accuracy=0.000000
2024-03-19 16:06:08,970 [INFO]  Epoch[1] Batch [0-7]	Speed: 24991.33 samples/sec	cross-entropy=1.694864	thalach-accuracy=4.125000
2024-03-19 16:06:08,974 [INFO]  Epoch[1] Train-cross-entropy=0.654461
2024-03-19 16:06:08,974 [INFO]  Epoch[1] Train-thalach-accuracy=3.333333
2024-03-19 16:06:08,974 [INFO]  Epoch[1] Time cost=0.009
2024-03-19 16:06:08,975 [INFO]  Saved checkpoint to "./imputer_model/imputer_model_thalach/model-0001.params"
2024-03-19 16:06:08,975 [INFO]  Epoch[1] Validation-cross-entropy=0.715298
2024-03-19 16:06:08,976 [INFO]  Epoch[1] Validation-thalach-accuracy=0.000000
2024-03-19 16:06:08,980 [INFO]  Epoch[2] Batch [0-7]	Speed: 29450.32 samples/sec	cross-entropy=0.583543	thalach-accuracy=4.125000
2024-03-19 16:06:08,983 [INFO]  Epoch[2] Train-cross-entropy=0.449991
2024-03-19 16:06:08,983 [INFO]  Epoch[2] Train-thalach-accuracy=3.333333
2024-03-19 16:06:08,984 [INFO]  Epoch[2] Time cost=0.008
2024-03-19 16:06:08,985 [INFO]  Saved checkpoint to "./imputer_model/imputer_model_thalach/model-0002.params"
2024-03-19 16:06:08,985 [INFO]  Epoch[2] Validation-cross-entropy=0.414739
2024-03-19 16:06:08,985 [INFO]  Epoch[2] Validation-thalach-accuracy=0.000000
2024-03-19 16:06:08,990 [INFO]  Epoch[3] Batch [0-7]	Speed: 29279.61 samples/sec	cross-entropy=0.303314	thalach-accuracy=4.125000
2024-03-19 16:06:08,993 [INFO]  Epoch[3] Train-cross-entropy=0.252278
2024-03-19 16:06:08,993 [INFO]  Epoch[3] Train-thalach-accuracy=3.333333
2024-03-19 16:06:08,993 [INFO]  Epoch[3] Time cost=0.008
2024-03-19 16:06:08,995 [INFO]  Saved checkpoint to "./imputer_model/imputer_model_thalach/model-0003.params"
2024-03-19 16:06:08,995 [INFO]  Epoch[3] Validation-cross-entropy=0.239109
2024-03-19 16:06:08,995 [INFO]  Epoch[3] Validation-thalach-accuracy=0.000000
2024-03-19 16:06:09,000 [INFO]  Epoch[4] Batch [0-7]	Speed: 29613.70 samples/sec	cross-entropy=0.168537	thalach-accuracy=4.125000
2024-03-19 16:06:09,003 [INFO]  Epoch[4] Train-cross-entropy=0.217673
2024-03-19 16:06:09,003 [INFO]  Epoch[4] Train-thalach-accuracy=3.333333
2024-03-19 16:06:09,003 [INFO]  Epoch[4] Time cost=0.008
2024-03-19 16:06:09,005 [INFO]  Saved checkpoint to "./imputer_model/imputer_model_thalach/model-0004.params"
2024-03-19 16:06:09,005 [INFO]  Epoch[4] Validation-cross-entropy=0.203978
2024-03-19 16:06:09,005 [INFO]  Epoch[4] Validation-thalach-accuracy=0.000000
2024-03-19 16:06:09,005 [INFO]  
========== done (0.054769277572631836 s) fit model
2024-03-19 16:06:11,746 [INFO]  
========== start: fit model
2024-03-19 16:06:11,746 [WARNING]  Already bound, ignoring bind()
2024-03-19 16:06:11,752 [INFO]  Epoch[0] Batch [0-7]	Speed: 27932.10 samples/sec	cross-entropy=16.743558	thalach-accuracy=0.000000
2024-03-19 16:06:11,755 [INFO]  Epoch[0] Train-cross-entropy=6.455186
2024-03-19 16:06:11,755 [INFO]  Epoch[0] Train-thalach-accuracy=0.000000
2024-03-19 16:06:11,756 [INFO]  Epoch[0] Time cost=0.009
2024-03-19 16:06:11,757 [INFO]  Saved checkpoint to "./imputer_model/imputer_model_thalach/model-0000.params"
2024-03-19 16:06:11,757 [INFO]  Epoch[0] Validation-cross-entropy=5.627337
2024-03-19 16:06:11,758 [INFO]  Epoch[0] Validation-thalach-accuracy=0.000000
2024-03-19 16:06:11,763 [INFO]  Epoch[1] Batch [0-7]	Speed: 26287.75 samples/sec	cross-entropy=3.164296	thalach-accuracy=0.000000
2024-03-19 16:06:11,766 [INFO]  Epoch[1] Train-cross-entropy=1.027072
2024-03-19 16:06:11,766 [INFO]  Epoch[1] Train-thalach-accuracy=0.000000
2024-03-19 16:06:11,766 [INFO]  Epoch[1] Time cost=0.008
2024-03-19 16:06:11,767 [INFO]  Saved checkpoint to "./imputer_model/imputer_model_thalach/model-0001.params"
2024-03-19 16:06:11,768 [INFO]  Epoch[1] Validation-cross-entropy=1.527746
2024-03-19 16:06:11,768 [INFO]  Epoch[1] Validation-thalach-accuracy=0.000000
2024-03-19 16:06:11,773 [INFO]  Epoch[2] Batch [0-7]	Speed: 28651.02 samples/sec	cross-entropy=0.896581	thalach-accuracy=0.000000
2024-03-19 16:06:11,776 [INFO]  Epoch[2] Train-cross-entropy=1.099886
2024-03-19 16:06:11,776 [INFO]  Epoch[2] Train-thalach-accuracy=0.000000
2024-03-19 16:06:11,776 [INFO]  Epoch[2] Time cost=0.008
2024-03-19 16:06:11,777 [INFO]  Saved checkpoint to "./imputer_model/imputer_model_thalach/model-0002.params"
2024-03-19 16:06:11,778 [INFO]  Epoch[2] Validation-cross-entropy=0.527530
2024-03-19 16:06:11,778 [INFO]  Epoch[2] Validation-thalach-accuracy=0.000000
2024-03-19 16:06:11,783 [INFO]  Epoch[3] Batch [0-7]	Speed: 28680.75 samples/sec	cross-entropy=0.643790	thalach-accuracy=0.000000
2024-03-19 16:06:11,786 [INFO]  Epoch[3] Train-cross-entropy=0.424577
2024-03-19 16:06:11,786 [INFO]  Epoch[3] Train-thalach-accuracy=0.000000
2024-03-19 16:06:11,786 [INFO]  Epoch[3] Time cost=0.008
2024-03-19 16:06:11,788 [INFO]  Saved checkpoint to "./imputer_model/imputer_model_thalach/model-0003.params"
2024-03-19 16:06:11,788 [INFO]  Epoch[3] Validation-cross-entropy=0.413042
2024-03-19 16:06:11,788 [INFO]  Epoch[3] Validation-thalach-accuracy=0.000000
2024-03-19 16:06:11,793 [INFO]  Epoch[4] Batch [0-7]	Speed: 29226.78 samples/sec	cross-entropy=0.312092	thalach-accuracy=0.000000
2024-03-19 16:06:11,796 [INFO]  Epoch[4] Train-cross-entropy=0.222720
2024-03-19 16:06:11,796 [INFO]  Epoch[4] Train-thalach-accuracy=0.000000
2024-03-19 16:06:11,796 [INFO]  Epoch[4] Time cost=0.008
2024-03-19 16:06:11,797 [INFO]  Saved checkpoint to "./imputer_model/imputer_model_thalach/model-0004.params"
2024-03-19 16:06:11,798 [INFO]  Epoch[4] Validation-cross-entropy=0.377542
2024-03-19 16:06:11,798 [INFO]  Epoch[4] Validation-thalach-accuracy=0.000000
2024-03-19 16:06:11,798 [INFO]  
========== done (0.0526423454284668 s) fit model
2024-03-19 16:06:14,711 [INFO]  
========== start: fit model
2024-03-19 16:06:14,711 [WARNING]  Already bound, ignoring bind()
2024-03-19 16:06:14,718 [INFO]  Epoch[0] Batch [0-7]	Speed: 22623.87 samples/sec	cross-entropy=16.203083	thalach-accuracy=3.875000
2024-03-19 16:06:14,722 [INFO]  Epoch[0] Train-cross-entropy=10.212304
2024-03-19 16:06:14,722 [INFO]  Epoch[0] Train-thalach-accuracy=4.000000
2024-03-19 16:06:14,722 [INFO]  Epoch[0] Time cost=0.011
2024-03-19 16:06:14,724 [INFO]  Saved checkpoint to "./imputer_model/imputer_model_thalach/model-0000.params"
2024-03-19 16:06:14,725 [INFO]  Epoch[0] Validation-cross-entropy=1.829194
2024-03-19 16:06:14,725 [INFO]  Epoch[0] Validation-thalach-accuracy=0.000000
2024-03-19 16:06:14,730 [INFO]  Epoch[1] Batch [0-7]	Speed: 25988.16 samples/sec	cross-entropy=3.157429	thalach-accuracy=3.875000
2024-03-19 16:06:14,734 [INFO]  Epoch[1] Train-cross-entropy=1.613615
2024-03-19 16:06:14,734 [INFO]  Epoch[1] Train-thalach-accuracy=4.000000
2024-03-19 16:06:14,734 [INFO]  Epoch[1] Time cost=0.009
2024-03-19 16:06:14,735 [INFO]  Saved checkpoint to "./imputer_model/imputer_model_thalach/model-0001.params"
2024-03-19 16:06:14,736 [INFO]  Epoch[1] Validation-cross-entropy=0.268991
2024-03-19 16:06:14,736 [INFO]  Epoch[1] Validation-thalach-accuracy=0.000000
2024-03-19 16:06:14,741 [INFO]  Epoch[2] Batch [0-7]	Speed: 24899.93 samples/sec	cross-entropy=0.792037	thalach-accuracy=3.875000
2024-03-19 16:06:14,745 [INFO]  Epoch[2] Train-cross-entropy=0.637907
2024-03-19 16:06:14,745 [INFO]  Epoch[2] Train-thalach-accuracy=4.000000
2024-03-19 16:06:14,745 [INFO]  Epoch[2] Time cost=0.009
2024-03-19 16:06:14,746 [INFO]  Saved checkpoint to "./imputer_model/imputer_model_thalach/model-0002.params"
2024-03-19 16:06:14,747 [INFO]  Epoch[2] Validation-cross-entropy=0.479559
2024-03-19 16:06:14,747 [INFO]  Epoch[2] Validation-thalach-accuracy=0.000000
2024-03-19 16:06:14,752 [INFO]  Epoch[3] Batch [0-7]	Speed: 28772.10 samples/sec	cross-entropy=0.515205	thalach-accuracy=3.875000
2024-03-19 16:06:14,755 [INFO]  Epoch[3] Train-cross-entropy=0.334458
2024-03-19 16:06:14,755 [INFO]  Epoch[3] Train-thalach-accuracy=4.000000
2024-03-19 16:06:14,755 [INFO]  Epoch[3] Time cost=0.008
2024-03-19 16:06:14,757 [INFO]  Saved checkpoint to "./imputer_model/imputer_model_thalach/model-0003.params"
2024-03-19 16:06:14,757 [INFO]  Epoch[3] Validation-cross-entropy=0.192820
2024-03-19 16:06:14,757 [INFO]  Epoch[3] Validation-thalach-accuracy=0.000000
2024-03-19 16:06:14,762 [INFO]  Epoch[4] Batch [0-7]	Speed: 29114.47 samples/sec	cross-entropy=0.257138	thalach-accuracy=3.875000
2024-03-19 16:06:14,765 [INFO]  Epoch[4] Train-cross-entropy=0.193701
2024-03-19 16:06:14,765 [INFO]  Epoch[4] Train-thalach-accuracy=4.000000
2024-03-19 16:06:14,766 [INFO]  Epoch[4] Time cost=0.008
2024-03-19 16:06:14,767 [INFO]  Saved checkpoint to "./imputer_model/imputer_model_thalach/model-0004.params"
2024-03-19 16:06:14,767 [INFO]  Epoch[4] Validation-cross-entropy=0.134818
2024-03-19 16:06:14,767 [INFO]  Epoch[4] Validation-thalach-accuracy=0.000000
2024-03-19 16:06:14,767 [INFO]  
========== done (0.05664777755737305 s) fit model
2024-03-19 16:06:17,372 [INFO]  
========== start: fit model
2024-03-19 16:06:17,372 [WARNING]  Already bound, ignoring bind()
2024-03-19 16:06:17,379 [INFO]  Epoch[0] Batch [0-7]	Speed: 26892.72 samples/sec	cross-entropy=16.086631	thalach-accuracy=0.000000
2024-03-19 16:06:17,382 [INFO]  Epoch[0] Train-cross-entropy=6.627975
2024-03-19 16:06:17,382 [INFO]  Epoch[0] Train-thalach-accuracy=0.000000
2024-03-19 16:06:17,382 [INFO]  Epoch[0] Time cost=0.009
2024-03-19 16:06:17,384 [INFO]  Saved checkpoint to "./imputer_model/imputer_model_thalach/model-0000.params"
2024-03-19 16:06:17,384 [INFO]  Epoch[0] Validation-cross-entropy=2.755641
2024-03-19 16:06:17,384 [INFO]  Epoch[0] Validation-thalach-accuracy=0.000000
2024-03-19 16:06:17,389 [INFO]  Epoch[1] Batch [0-7]	Speed: 28853.39 samples/sec	cross-entropy=2.869828	thalach-accuracy=0.000000
2024-03-19 16:06:17,392 [INFO]  Epoch[1] Train-cross-entropy=0.722885
2024-03-19 16:06:17,392 [INFO]  Epoch[1] Train-thalach-accuracy=0.000000
2024-03-19 16:06:17,392 [INFO]  Epoch[1] Time cost=0.008
2024-03-19 16:06:17,393 [INFO]  Saved checkpoint to "./imputer_model/imputer_model_thalach/model-0001.params"
2024-03-19 16:06:17,394 [INFO]  Epoch[1] Validation-cross-entropy=0.967020
2024-03-19 16:06:17,394 [INFO]  Epoch[1] Validation-thalach-accuracy=0.000000
2024-03-19 16:06:17,399 [INFO]  Epoch[2] Batch [0-7]	Speed: 27730.94 samples/sec	cross-entropy=0.786135	thalach-accuracy=0.000000
2024-03-19 16:06:17,402 [INFO]  Epoch[2] Train-cross-entropy=0.577198
2024-03-19 16:06:17,402 [INFO]  Epoch[2] Train-thalach-accuracy=0.000000
2024-03-19 16:06:17,402 [INFO]  Epoch[2] Time cost=0.008
2024-03-19 16:06:17,403 [INFO]  Saved checkpoint to "./imputer_model/imputer_model_thalach/model-0002.params"
2024-03-19 16:06:17,404 [INFO]  Epoch[2] Validation-cross-entropy=0.330722
2024-03-19 16:06:17,404 [INFO]  Epoch[2] Validation-thalach-accuracy=0.000000
2024-03-19 16:06:17,408 [INFO]  Epoch[3] Batch [0-7]	Speed: 29230.42 samples/sec	cross-entropy=0.388420	thalach-accuracy=0.000000
2024-03-19 16:06:17,412 [INFO]  Epoch[3] Train-cross-entropy=0.315568
2024-03-19 16:06:17,412 [INFO]  Epoch[3] Train-thalach-accuracy=0.000000
2024-03-19 16:06:17,412 [INFO]  Epoch[3] Time cost=0.008
2024-03-19 16:06:17,413 [INFO]  Saved checkpoint to "./imputer_model/imputer_model_thalach/model-0003.params"
2024-03-19 16:06:17,414 [INFO]  Epoch[3] Validation-cross-entropy=0.323249
2024-03-19 16:06:17,414 [INFO]  Epoch[3] Validation-thalach-accuracy=0.000000
2024-03-19 16:06:17,418 [INFO]  Epoch[4] Batch [0-7]	Speed: 29593.17 samples/sec	cross-entropy=0.201168	thalach-accuracy=0.000000
2024-03-19 16:06:17,421 [INFO]  Epoch[4] Train-cross-entropy=0.187284
2024-03-19 16:06:17,421 [INFO]  Epoch[4] Train-thalach-accuracy=0.000000
2024-03-19 16:06:17,422 [INFO]  Epoch[4] Time cost=0.008
2024-03-19 16:06:17,423 [INFO]  Saved checkpoint to "./imputer_model/imputer_model_thalach/model-0004.params"
2024-03-19 16:06:17,423 [INFO]  Epoch[4] Validation-cross-entropy=0.241875
2024-03-19 16:06:17,423 [INFO]  Epoch[4] Validation-thalach-accuracy=0.000000
2024-03-19 16:06:17,423 [INFO]  
========== done (0.05088067054748535 s) fit model
2024-03-19 16:06:19,899 [INFO]  
========== start: fit model
2024-03-19 16:06:19,899 [WARNING]  Already bound, ignoring bind()
2024-03-19 16:06:19,905 [INFO]  Epoch[0] Batch [0-7]	Speed: 27930.44 samples/sec	cross-entropy=15.348361	thalach-accuracy=4.000000
2024-03-19 16:06:19,909 [INFO]  Epoch[0] Train-cross-entropy=5.410758
2024-03-19 16:06:19,909 [INFO]  Epoch[0] Train-thalach-accuracy=4.333333
2024-03-19 16:06:19,909 [INFO]  Epoch[0] Time cost=0.009
2024-03-19 16:06:19,911 [INFO]  Saved checkpoint to "./imputer_model/imputer_model_thalach/model-0000.params"
2024-03-19 16:06:19,911 [INFO]  Epoch[0] Validation-cross-entropy=3.077989
2024-03-19 16:06:19,912 [INFO]  Epoch[0] Validation-thalach-accuracy=0.000000
2024-03-19 16:06:19,917 [INFO]  Epoch[1] Batch [0-7]	Speed: 26994.72 samples/sec	cross-entropy=2.572311	thalach-accuracy=4.000000
2024-03-19 16:06:19,920 [INFO]  Epoch[1] Train-cross-entropy=0.990259
2024-03-19 16:06:19,920 [INFO]  Epoch[1] Train-thalach-accuracy=4.333333
2024-03-19 16:06:19,920 [INFO]  Epoch[1] Time cost=0.009
2024-03-19 16:06:19,921 [INFO]  Saved checkpoint to "./imputer_model/imputer_model_thalach/model-0001.params"
2024-03-19 16:06:19,922 [INFO]  Epoch[1] Validation-cross-entropy=0.606095
2024-03-19 16:06:19,922 [INFO]  Epoch[1] Validation-thalach-accuracy=0.000000
2024-03-19 16:06:19,927 [INFO]  Epoch[2] Batch [0-7]	Speed: 28865.80 samples/sec	cross-entropy=0.744858	thalach-accuracy=4.000000
2024-03-19 16:06:19,930 [INFO]  Epoch[2] Train-cross-entropy=0.621520
2024-03-19 16:06:19,930 [INFO]  Epoch[2] Train-thalach-accuracy=4.333333
2024-03-19 16:06:19,930 [INFO]  Epoch[2] Time cost=0.008
2024-03-19 16:06:19,931 [INFO]  Saved checkpoint to "./imputer_model/imputer_model_thalach/model-0002.params"
2024-03-19 16:06:19,932 [INFO]  Epoch[2] Validation-cross-entropy=0.274160
2024-03-19 16:06:19,932 [INFO]  Epoch[2] Validation-thalach-accuracy=0.000000
2024-03-19 16:06:19,937 [INFO]  Epoch[3] Batch [0-7]	Speed: 28844.53 samples/sec	cross-entropy=0.485419	thalach-accuracy=4.000000
2024-03-19 16:06:19,940 [INFO]  Epoch[3] Train-cross-entropy=0.326464
2024-03-19 16:06:19,940 [INFO]  Epoch[3] Train-thalach-accuracy=4.333333
2024-03-19 16:06:19,940 [INFO]  Epoch[3] Time cost=0.008
2024-03-19 16:06:19,941 [INFO]  Saved checkpoint to "./imputer_model/imputer_model_thalach/model-0003.params"
2024-03-19 16:06:19,942 [INFO]  Epoch[3] Validation-cross-entropy=0.217010
2024-03-19 16:06:19,942 [INFO]  Epoch[3] Validation-thalach-accuracy=0.000000
2024-03-19 16:06:19,947 [INFO]  Epoch[4] Batch [0-7]	Speed: 28159.82 samples/sec	cross-entropy=0.273900	thalach-accuracy=4.000000
2024-03-19 16:06:19,950 [INFO]  Epoch[4] Train-cross-entropy=0.179207
2024-03-19 16:06:19,950 [INFO]  Epoch[4] Train-thalach-accuracy=4.333333
2024-03-19 16:06:19,950 [INFO]  Epoch[4] Time cost=0.008
2024-03-19 16:06:19,952 [INFO]  Saved checkpoint to "./imputer_model/imputer_model_thalach/model-0004.params"
2024-03-19 16:06:19,952 [INFO]  Epoch[4] Validation-cross-entropy=0.186240
2024-03-19 16:06:19,952 [INFO]  Epoch[4] Validation-thalach-accuracy=0.000000
2024-03-19 16:06:19,952 [INFO]  
========== done (0.05302238464355469 s) fit model
2024-03-19 16:06:22,399 [INFO]  
========== start: fit model
2024-03-19 16:06:22,399 [WARNING]  Already bound, ignoring bind()
2024-03-19 16:06:22,409 [INFO]  Epoch[0] Batch [0-7]	Speed: 13615.50 samples/sec	cross-entropy=7.521988	thalach-accuracy=3.125000
2024-03-19 16:06:22,419 [INFO]  Epoch[0] Train-cross-entropy=2.912913
2024-03-19 16:06:22,420 [INFO]  Epoch[0] Train-thalach-accuracy=3.166667
2024-03-19 16:06:22,420 [INFO]  Epoch[0] Time cost=0.020
2024-03-19 16:06:22,423 [INFO]  Saved checkpoint to "./imputer_model/imputer_model_thalach/model-0000.params"
2024-03-19 16:06:22,424 [INFO]  Epoch[0] Validation-cross-entropy=2.003259
2024-03-19 16:06:22,424 [INFO]  Epoch[0] Validation-thalach-accuracy=0.000000
2024-03-19 16:06:22,433 [INFO]  Epoch[1] Batch [0-7]	Speed: 15414.16 samples/sec	cross-entropy=1.552818	thalach-accuracy=3.125000
2024-03-19 16:06:22,437 [INFO]  Epoch[1] Train-cross-entropy=0.906710
2024-03-19 16:06:22,437 [INFO]  Epoch[1] Train-thalach-accuracy=3.166667
2024-03-19 16:06:22,437 [INFO]  Epoch[1] Time cost=0.013
2024-03-19 16:06:22,439 [INFO]  Saved checkpoint to "./imputer_model/imputer_model_thalach/model-0001.params"
2024-03-19 16:06:22,440 [INFO]  Epoch[1] Validation-cross-entropy=3.348978
2024-03-19 16:06:22,440 [INFO]  Epoch[1] Validation-thalach-accuracy=0.000000
2024-03-19 16:06:22,445 [INFO]  Epoch[2] Batch [0-7]	Speed: 24470.60 samples/sec	cross-entropy=0.786103	thalach-accuracy=3.125000
2024-03-19 16:06:22,449 [INFO]  Epoch[2] Train-cross-entropy=0.516512
2024-03-19 16:06:22,449 [INFO]  Epoch[2] Train-thalach-accuracy=3.166667
2024-03-19 16:06:22,449 [INFO]  Epoch[2] Time cost=0.009
2024-03-19 16:06:22,451 [INFO]  Saved checkpoint to "./imputer_model/imputer_model_thalach/model-0002.params"
2024-03-19 16:06:22,452 [INFO]  Epoch[2] Validation-cross-entropy=1.351186
2024-03-19 16:06:22,452 [INFO]  Epoch[2] Validation-thalach-accuracy=0.000000
2024-03-19 16:06:22,457 [INFO]  Epoch[3] Batch [0-7]	Speed: 25192.37 samples/sec	cross-entropy=0.340165	thalach-accuracy=3.125000
2024-03-19 16:06:22,461 [INFO]  Epoch[3] Train-cross-entropy=0.264863
2024-03-19 16:06:22,461 [INFO]  Epoch[3] Train-thalach-accuracy=3.166667
2024-03-19 16:06:22,461 [INFO]  Epoch[3] Time cost=0.009
2024-03-19 16:06:22,462 [INFO]  Saved checkpoint to "./imputer_model/imputer_model_thalach/model-0003.params"
2024-03-19 16:06:22,463 [INFO]  Epoch[3] Validation-cross-entropy=0.625936
2024-03-19 16:06:22,463 [INFO]  Epoch[3] Validation-thalach-accuracy=0.000000
2024-03-19 16:06:22,468 [INFO]  Epoch[4] Batch [0-7]	Speed: 25164.03 samples/sec	cross-entropy=0.202458	thalach-accuracy=3.125000
2024-03-19 16:06:22,472 [INFO]  Epoch[4] Train-cross-entropy=0.164232
2024-03-19 16:06:22,472 [INFO]  Epoch[4] Train-thalach-accuracy=3.166667
2024-03-19 16:06:22,472 [INFO]  Epoch[4] Time cost=0.009
2024-03-19 16:06:22,473 [INFO]  Saved checkpoint to "./imputer_model/imputer_model_thalach/model-0004.params"
2024-03-19 16:06:22,474 [INFO]  Epoch[4] Validation-cross-entropy=0.468161
2024-03-19 16:06:22,474 [INFO]  Epoch[4] Validation-thalach-accuracy=0.000000
2024-03-19 16:06:22,474 [INFO]  
========== done (0.07492256164550781 s) fit model
2024-03-19 16:06:24,970 [INFO]  
========== start: fit model
2024-03-19 16:06:24,971 [WARNING]  Already bound, ignoring bind()
2024-03-19 16:06:24,980 [INFO]  Epoch[0] Batch [0-7]	Speed: 15823.30 samples/sec	cross-entropy=21.295861	thalach-accuracy=3.500000
2024-03-19 16:06:24,990 [INFO]  Epoch[0] Train-cross-entropy=8.809433
2024-03-19 16:06:24,990 [INFO]  Epoch[0] Train-thalach-accuracy=2.500000
2024-03-19 16:06:24,990 [INFO]  Epoch[0] Time cost=0.018
2024-03-19 16:06:24,993 [INFO]  Saved checkpoint to "./imputer_model/imputer_model_thalach/model-0000.params"
2024-03-19 16:06:24,995 [INFO]  Epoch[0] Validation-cross-entropy=9.832304
2024-03-19 16:06:24,995 [INFO]  Epoch[0] Validation-thalach-accuracy=0.000000
2024-03-19 16:06:25,004 [INFO]  Epoch[1] Batch [0-7]	Speed: 15434.93 samples/sec	cross-entropy=2.832155	thalach-accuracy=3.500000
2024-03-19 16:06:25,009 [INFO]  Epoch[1] Train-cross-entropy=1.559240
2024-03-19 16:06:25,009 [INFO]  Epoch[1] Train-thalach-accuracy=2.500000
2024-03-19 16:06:25,009 [INFO]  Epoch[1] Time cost=0.013
2024-03-19 16:06:25,010 [INFO]  Saved checkpoint to "./imputer_model/imputer_model_thalach/model-0001.params"
2024-03-19 16:06:25,011 [INFO]  Epoch[1] Validation-cross-entropy=1.045163
2024-03-19 16:06:25,011 [INFO]  Epoch[1] Validation-thalach-accuracy=0.000000
2024-03-19 16:06:25,016 [INFO]  Epoch[2] Batch [0-7]	Speed: 25146.52 samples/sec	cross-entropy=0.905698	thalach-accuracy=3.500000
2024-03-19 16:06:25,020 [INFO]  Epoch[2] Train-cross-entropy=0.536885
2024-03-19 16:06:25,020 [INFO]  Epoch[2] Train-thalach-accuracy=2.500000
2024-03-19 16:06:25,020 [INFO]  Epoch[2] Time cost=0.009
2024-03-19 16:06:25,021 [INFO]  Saved checkpoint to "./imputer_model/imputer_model_thalach/model-0002.params"
2024-03-19 16:06:25,022 [INFO]  Epoch[2] Validation-cross-entropy=0.687831
2024-03-19 16:06:25,022 [INFO]  Epoch[2] Validation-thalach-accuracy=0.000000
2024-03-19 16:06:25,026 [INFO]  Epoch[3] Batch [0-7]	Speed: 29065.84 samples/sec	cross-entropy=0.527315	thalach-accuracy=3.500000
2024-03-19 16:06:25,030 [INFO]  Epoch[3] Train-cross-entropy=0.359844
2024-03-19 16:06:25,030 [INFO]  Epoch[3] Train-thalach-accuracy=2.500000
2024-03-19 16:06:25,030 [INFO]  Epoch[3] Time cost=0.008
2024-03-19 16:06:25,031 [INFO]  Saved checkpoint to "./imputer_model/imputer_model_thalach/model-0003.params"
2024-03-19 16:06:25,032 [INFO]  Epoch[3] Validation-cross-entropy=0.279354
2024-03-19 16:06:25,032 [INFO]  Epoch[3] Validation-thalach-accuracy=0.000000
2024-03-19 16:06:25,037 [INFO]  Epoch[4] Batch [0-7]	Speed: 29217.69 samples/sec	cross-entropy=0.308610	thalach-accuracy=3.500000
2024-03-19 16:06:25,040 [INFO]  Epoch[4] Train-cross-entropy=0.211479
2024-03-19 16:06:25,040 [INFO]  Epoch[4] Train-thalach-accuracy=2.500000
2024-03-19 16:06:25,040 [INFO]  Epoch[4] Time cost=0.008
2024-03-19 16:06:25,041 [INFO]  Saved checkpoint to "./imputer_model/imputer_model_thalach/model-0004.params"
2024-03-19 16:06:25,042 [INFO]  Epoch[4] Validation-cross-entropy=0.111473
2024-03-19 16:06:25,042 [INFO]  Epoch[4] Validation-thalach-accuracy=0.000000
2024-03-19 16:06:25,042 [INFO]  
========== done (0.07150697708129883 s) fit model
2024-03-19 16:06:27,504 [INFO]  
========== start: fit model
2024-03-19 16:06:27,504 [WARNING]  Already bound, ignoring bind()
2024-03-19 16:06:27,512 [INFO]  Epoch[0] Batch [0-7]	Speed: 21232.18 samples/sec	cross-entropy=17.886382	thalach-accuracy=3.625000
2024-03-19 16:06:27,516 [INFO]  Epoch[0] Train-cross-entropy=9.021202
2024-03-19 16:06:27,516 [INFO]  Epoch[0] Train-thalach-accuracy=3.333333
2024-03-19 16:06:27,516 [INFO]  Epoch[0] Time cost=0.011
2024-03-19 16:06:27,518 [INFO]  Saved checkpoint to "./imputer_model/imputer_model_thalach/model-0000.params"
2024-03-19 16:06:27,518 [INFO]  Epoch[0] Validation-cross-entropy=4.409536
2024-03-19 16:06:27,518 [INFO]  Epoch[0] Validation-thalach-accuracy=0.000000
2024-03-19 16:06:27,523 [INFO]  Epoch[1] Batch [0-7]	Speed: 26606.37 samples/sec	cross-entropy=3.185694	thalach-accuracy=3.625000
2024-03-19 16:06:27,527 [INFO]  Epoch[1] Train-cross-entropy=2.064434
2024-03-19 16:06:27,527 [INFO]  Epoch[1] Train-thalach-accuracy=3.333333
2024-03-19 16:06:27,527 [INFO]  Epoch[1] Time cost=0.009
2024-03-19 16:06:27,528 [INFO]  Saved checkpoint to "./imputer_model/imputer_model_thalach/model-0001.params"
2024-03-19 16:06:27,529 [INFO]  Epoch[1] Validation-cross-entropy=0.727248
2024-03-19 16:06:27,529 [INFO]  Epoch[1] Validation-thalach-accuracy=0.000000
2024-03-19 16:06:27,534 [INFO]  Epoch[2] Batch [0-7]	Speed: 28958.33 samples/sec	cross-entropy=1.381319	thalach-accuracy=3.625000
2024-03-19 16:06:27,537 [INFO]  Epoch[2] Train-cross-entropy=0.733704
2024-03-19 16:06:27,537 [INFO]  Epoch[2] Train-thalach-accuracy=3.333333
2024-03-19 16:06:27,537 [INFO]  Epoch[2] Time cost=0.008
2024-03-19 16:06:27,538 [INFO]  Saved checkpoint to "./imputer_model/imputer_model_thalach/model-0002.params"
2024-03-19 16:06:27,539 [INFO]  Epoch[2] Validation-cross-entropy=0.343046
2024-03-19 16:06:27,539 [INFO]  Epoch[2] Validation-thalach-accuracy=0.000000
2024-03-19 16:06:27,544 [INFO]  Epoch[3] Batch [0-7]	Speed: 29112.67 samples/sec	cross-entropy=0.528404	thalach-accuracy=3.625000
2024-03-19 16:06:27,547 [INFO]  Epoch[3] Train-cross-entropy=0.476317
2024-03-19 16:06:27,547 [INFO]  Epoch[3] Train-thalach-accuracy=3.333333
2024-03-19 16:06:27,547 [INFO]  Epoch[3] Time cost=0.008
2024-03-19 16:06:27,549 [INFO]  Saved checkpoint to "./imputer_model/imputer_model_thalach/model-0003.params"
2024-03-19 16:06:27,549 [INFO]  Epoch[3] Validation-cross-entropy=0.340135
2024-03-19 16:06:27,549 [INFO]  Epoch[3] Validation-thalach-accuracy=0.000000
2024-03-19 16:06:27,554 [INFO]  Epoch[4] Batch [0-7]	Speed: 28908.43 samples/sec	cross-entropy=0.327208	thalach-accuracy=3.625000
2024-03-19 16:06:27,557 [INFO]  Epoch[4] Train-cross-entropy=0.270168
2024-03-19 16:06:27,557 [INFO]  Epoch[4] Train-thalach-accuracy=3.333333
2024-03-19 16:06:27,557 [INFO]  Epoch[4] Time cost=0.008
2024-03-19 16:06:27,559 [INFO]  Saved checkpoint to "./imputer_model/imputer_model_thalach/model-0004.params"
2024-03-19 16:06:27,559 [INFO]  Epoch[4] Validation-cross-entropy=0.193486
2024-03-19 16:06:27,559 [INFO]  Epoch[4] Validation-thalach-accuracy=0.000000
2024-03-19 16:06:27,559 [INFO]  
========== done (0.05516791343688965 s) fit model
2024-03-19 16:06:29,927 [INFO]  
========== start: fit model
2024-03-19 16:06:29,927 [WARNING]  Already bound, ignoring bind()
2024-03-19 16:06:29,933 [INFO]  Epoch[0] Batch [0-7]	Speed: 25668.65 samples/sec	cross-entropy=6.781343	thalach-accuracy=4.000000
2024-03-19 16:06:29,937 [INFO]  Epoch[0] Train-cross-entropy=2.965971
2024-03-19 16:06:29,937 [INFO]  Epoch[0] Train-thalach-accuracy=3.500000
2024-03-19 16:06:29,937 [INFO]  Epoch[0] Time cost=0.009
2024-03-19 16:06:29,938 [INFO]  Saved checkpoint to "./imputer_model/imputer_model_thalach/model-0000.params"
2024-03-19 16:06:29,939 [INFO]  Epoch[0] Validation-cross-entropy=0.765982
2024-03-19 16:06:29,939 [INFO]  Epoch[0] Validation-thalach-accuracy=0.000000
2024-03-19 16:06:29,944 [INFO]  Epoch[1] Batch [0-7]	Speed: 28823.29 samples/sec	cross-entropy=0.980185	thalach-accuracy=4.000000
2024-03-19 16:06:29,948 [INFO]  Epoch[1] Train-cross-entropy=1.027689
2024-03-19 16:06:29,948 [INFO]  Epoch[1] Train-thalach-accuracy=3.500000
2024-03-19 16:06:29,948 [INFO]  Epoch[1] Time cost=0.008
2024-03-19 16:06:29,949 [INFO]  Saved checkpoint to "./imputer_model/imputer_model_thalach/model-0001.params"
2024-03-19 16:06:29,950 [INFO]  Epoch[1] Validation-cross-entropy=0.417786
2024-03-19 16:06:29,950 [INFO]  Epoch[1] Validation-thalach-accuracy=0.000000
2024-03-19 16:06:29,954 [INFO]  Epoch[2] Batch [0-7]	Speed: 28887.10 samples/sec	cross-entropy=0.555242	thalach-accuracy=4.000000
2024-03-19 16:06:29,958 [INFO]  Epoch[2] Train-cross-entropy=0.551925
2024-03-19 16:06:29,958 [INFO]  Epoch[2] Train-thalach-accuracy=3.500000
2024-03-19 16:06:29,958 [INFO]  Epoch[2] Time cost=0.008
2024-03-19 16:06:29,959 [INFO]  Saved checkpoint to "./imputer_model/imputer_model_thalach/model-0002.params"
2024-03-19 16:06:29,960 [INFO]  Epoch[2] Validation-cross-entropy=0.310137
2024-03-19 16:06:29,960 [INFO]  Epoch[2] Validation-thalach-accuracy=0.000000
2024-03-19 16:06:29,965 [INFO]  Epoch[3] Batch [0-7]	Speed: 29010.19 samples/sec	cross-entropy=0.248507	thalach-accuracy=4.000000
2024-03-19 16:06:29,968 [INFO]  Epoch[3] Train-cross-entropy=0.233015
2024-03-19 16:06:29,968 [INFO]  Epoch[3] Train-thalach-accuracy=3.500000
2024-03-19 16:06:29,968 [INFO]  Epoch[3] Time cost=0.008
2024-03-19 16:06:29,970 [INFO]  Saved checkpoint to "./imputer_model/imputer_model_thalach/model-0003.params"
2024-03-19 16:06:29,970 [INFO]  Epoch[3] Validation-cross-entropy=0.268666
2024-03-19 16:06:29,971 [INFO]  Epoch[3] Validation-thalach-accuracy=0.000000
2024-03-19 16:06:29,975 [INFO]  Epoch[4] Batch [0-7]	Speed: 29221.33 samples/sec	cross-entropy=0.151318	thalach-accuracy=4.000000
2024-03-19 16:06:29,979 [INFO]  Epoch[4] Train-cross-entropy=0.122438
2024-03-19 16:06:29,979 [INFO]  Epoch[4] Train-thalach-accuracy=3.500000
2024-03-19 16:06:29,979 [INFO]  Epoch[4] Time cost=0.008
2024-03-19 16:06:29,980 [INFO]  Saved checkpoint to "./imputer_model/imputer_model_thalach/model-0004.params"
2024-03-19 16:06:29,981 [INFO]  Epoch[4] Validation-cross-entropy=0.174326
2024-03-19 16:06:29,981 [INFO]  Epoch[4] Validation-thalach-accuracy=0.000000
2024-03-19 16:06:29,981 [INFO]  
========== done (0.05402207374572754 s) fit model
2024-03-19 16:06:32,483 [INFO]  
========== start: fit model
2024-03-19 16:06:32,483 [WARNING]  Already bound, ignoring bind()
2024-03-19 16:06:32,490 [INFO]  Epoch[0] Batch [0-7]	Speed: 21766.38 samples/sec	cross-entropy=10.661818	thalach-accuracy=4.750000
2024-03-19 16:06:32,494 [INFO]  Epoch[0] Train-cross-entropy=4.101685
2024-03-19 16:06:32,494 [INFO]  Epoch[0] Train-thalach-accuracy=2.166667
2024-03-19 16:06:32,494 [INFO]  Epoch[0] Time cost=0.010
2024-03-19 16:06:32,495 [INFO]  Saved checkpoint to "./imputer_model/imputer_model_thalach/model-0000.params"
2024-03-19 16:06:32,496 [INFO]  Epoch[0] Validation-cross-entropy=2.156370
2024-03-19 16:06:32,496 [INFO]  Epoch[0] Validation-thalach-accuracy=0.000000
2024-03-19 16:06:32,501 [INFO]  Epoch[1] Batch [0-7]	Speed: 24951.51 samples/sec	cross-entropy=1.256877	thalach-accuracy=4.750000
2024-03-19 16:06:32,505 [INFO]  Epoch[1] Train-cross-entropy=0.872807
2024-03-19 16:06:32,505 [INFO]  Epoch[1] Train-thalach-accuracy=2.166667
2024-03-19 16:06:32,505 [INFO]  Epoch[1] Time cost=0.009
2024-03-19 16:06:32,506 [INFO]  Saved checkpoint to "./imputer_model/imputer_model_thalach/model-0001.params"
2024-03-19 16:06:32,506 [INFO]  Epoch[1] Validation-cross-entropy=1.184737
2024-03-19 16:06:32,506 [INFO]  Epoch[1] Validation-thalach-accuracy=0.000000
2024-03-19 16:06:32,511 [INFO]  Epoch[2] Batch [0-7]	Speed: 29303.35 samples/sec	cross-entropy=0.874614	thalach-accuracy=4.750000
2024-03-19 16:06:32,514 [INFO]  Epoch[2] Train-cross-entropy=0.347106
2024-03-19 16:06:32,514 [INFO]  Epoch[2] Train-thalach-accuracy=2.166667
2024-03-19 16:06:32,514 [INFO]  Epoch[2] Time cost=0.008
2024-03-19 16:06:32,516 [INFO]  Saved checkpoint to "./imputer_model/imputer_model_thalach/model-0002.params"
2024-03-19 16:06:32,516 [INFO]  Epoch[2] Validation-cross-entropy=0.313484
2024-03-19 16:06:32,516 [INFO]  Epoch[2] Validation-thalach-accuracy=0.000000
2024-03-19 16:06:32,521 [INFO]  Epoch[3] Batch [0-7]	Speed: 29327.13 samples/sec	cross-entropy=0.359250	thalach-accuracy=4.750000
2024-03-19 16:06:32,524 [INFO]  Epoch[3] Train-cross-entropy=0.218230
2024-03-19 16:06:32,524 [INFO]  Epoch[3] Train-thalach-accuracy=2.166667
2024-03-19 16:06:32,524 [INFO]  Epoch[3] Time cost=0.008
2024-03-19 16:06:32,525 [INFO]  Saved checkpoint to "./imputer_model/imputer_model_thalach/model-0003.params"
2024-03-19 16:06:32,526 [INFO]  Epoch[3] Validation-cross-entropy=0.230930
2024-03-19 16:06:32,526 [INFO]  Epoch[3] Validation-thalach-accuracy=0.000000
2024-03-19 16:06:32,530 [INFO]  Epoch[4] Batch [0-7]	Speed: 28779.15 samples/sec	cross-entropy=0.171353	thalach-accuracy=4.750000
2024-03-19 16:06:32,534 [INFO]  Epoch[4] Train-cross-entropy=0.147756
2024-03-19 16:06:32,534 [INFO]  Epoch[4] Train-thalach-accuracy=2.166667
2024-03-19 16:06:32,534 [INFO]  Epoch[4] Time cost=0.008
2024-03-19 16:06:32,535 [INFO]  Saved checkpoint to "./imputer_model/imputer_model_thalach/model-0004.params"
2024-03-19 16:06:32,536 [INFO]  Epoch[4] Validation-cross-entropy=0.176068
2024-03-19 16:06:32,536 [INFO]  Epoch[4] Validation-thalach-accuracy=0.000000
2024-03-19 16:06:32,536 [INFO]  
========== done (0.05281805992126465 s) fit model
2024-03-19 16:06:35,082 [INFO]  
========== start: fit model
2024-03-19 16:06:35,082 [WARNING]  Already bound, ignoring bind()
2024-03-19 16:06:35,089 [INFO]  Epoch[0] Batch [0-7]	Speed: 21838.22 samples/sec	cross-entropy=13.959543	thalach-accuracy=0.000000
2024-03-19 16:06:35,094 [INFO]  Epoch[0] Train-cross-entropy=6.367798
2024-03-19 16:06:35,094 [INFO]  Epoch[0] Train-thalach-accuracy=0.000000
2024-03-19 16:06:35,094 [INFO]  Epoch[0] Time cost=0.011
2024-03-19 16:06:35,095 [INFO]  Saved checkpoint to "./imputer_model/imputer_model_thalach/model-0000.params"
2024-03-19 16:06:35,095 [INFO]  Epoch[0] Validation-cross-entropy=6.043545
2024-03-19 16:06:35,095 [INFO]  Epoch[0] Validation-thalach-accuracy=0.000000
2024-03-19 16:06:35,101 [INFO]  Epoch[1] Batch [0-7]	Speed: 24582.00 samples/sec	cross-entropy=2.234021	thalach-accuracy=0.000000
2024-03-19 16:06:35,105 [INFO]  Epoch[1] Train-cross-entropy=1.292143
2024-03-19 16:06:35,105 [INFO]  Epoch[1] Train-thalach-accuracy=0.000000
2024-03-19 16:06:35,105 [INFO]  Epoch[1] Time cost=0.009
2024-03-19 16:06:35,106 [INFO]  Saved checkpoint to "./imputer_model/imputer_model_thalach/model-0001.params"
2024-03-19 16:06:35,107 [INFO]  Epoch[1] Validation-cross-entropy=1.272817
2024-03-19 16:06:35,107 [INFO]  Epoch[1] Validation-thalach-accuracy=0.000000
2024-03-19 16:06:35,112 [INFO]  Epoch[2] Batch [0-7]	Speed: 25249.24 samples/sec	cross-entropy=0.679824	thalach-accuracy=0.000000
2024-03-19 16:06:35,116 [INFO]  Epoch[2] Train-cross-entropy=0.781611
2024-03-19 16:06:35,116 [INFO]  Epoch[2] Train-thalach-accuracy=0.000000
2024-03-19 16:06:35,116 [INFO]  Epoch[2] Time cost=0.010
2024-03-19 16:06:35,120 [INFO]  Saved checkpoint to "./imputer_model/imputer_model_thalach/model-0002.params"
2024-03-19 16:06:35,125 [INFO]  Epoch[2] Validation-cross-entropy=1.068970
2024-03-19 16:06:35,125 [INFO]  Epoch[2] Validation-thalach-accuracy=0.000000
2024-03-19 16:06:35,136 [INFO]  Epoch[3] Batch [0-7]	Speed: 12808.78 samples/sec	cross-entropy=0.488007	thalach-accuracy=0.000000
2024-03-19 16:06:35,141 [INFO]  Epoch[3] Train-cross-entropy=0.389106
2024-03-19 16:06:35,141 [INFO]  Epoch[3] Train-thalach-accuracy=0.000000
2024-03-19 16:06:35,141 [INFO]  Epoch[3] Time cost=0.016
2024-03-19 16:06:35,143 [INFO]  Saved checkpoint to "./imputer_model/imputer_model_thalach/model-0003.params"
2024-03-19 16:06:35,144 [INFO]  Epoch[3] Validation-cross-entropy=0.828773
2024-03-19 16:06:35,144 [INFO]  Epoch[3] Validation-thalach-accuracy=0.000000
2024-03-19 16:06:35,149 [INFO]  Epoch[4] Batch [0-7]	Speed: 25387.05 samples/sec	cross-entropy=0.278930	thalach-accuracy=0.000000
2024-03-19 16:06:35,155 [INFO]  Epoch[4] Train-cross-entropy=0.225766
2024-03-19 16:06:35,155 [INFO]  Epoch[4] Train-thalach-accuracy=0.000000
2024-03-19 16:06:35,155 [INFO]  Epoch[4] Time cost=0.011
2024-03-19 16:06:35,158 [INFO]  Saved checkpoint to "./imputer_model/imputer_model_thalach/model-0004.params"
2024-03-19 16:06:35,160 [INFO]  Epoch[4] Validation-cross-entropy=0.641280
2024-03-19 16:06:35,160 [INFO]  Epoch[4] Validation-thalach-accuracy=0.000000
2024-03-19 16:06:35,160 [INFO]  
========== done (0.07796335220336914 s) fit model
2024-03-19 16:06:37,755 [INFO]  
========== start: fit model
2024-03-19 16:06:37,755 [WARNING]  Already bound, ignoring bind()
2024-03-19 16:06:37,762 [INFO]  Epoch[0] Batch [0-7]	Speed: 22398.42 samples/sec	cross-entropy=13.860600	thalach-accuracy=4.375000
2024-03-19 16:06:37,766 [INFO]  Epoch[0] Train-cross-entropy=5.427260
2024-03-19 16:06:37,766 [INFO]  Epoch[0] Train-thalach-accuracy=1.833333
2024-03-19 16:06:37,766 [INFO]  Epoch[0] Time cost=0.010
2024-03-19 16:06:37,768 [INFO]  Saved checkpoint to "./imputer_model/imputer_model_thalach/model-0000.params"
2024-03-19 16:06:37,769 [INFO]  Epoch[0] Validation-cross-entropy=7.065990
2024-03-19 16:06:37,769 [INFO]  Epoch[0] Validation-thalach-accuracy=0.000000
2024-03-19 16:06:37,774 [INFO]  Epoch[1] Batch [0-7]	Speed: 24499.95 samples/sec	cross-entropy=2.214263	thalach-accuracy=4.375000
2024-03-19 16:06:37,778 [INFO]  Epoch[1] Train-cross-entropy=1.251181
2024-03-19 16:06:37,778 [INFO]  Epoch[1] Train-thalach-accuracy=1.833333
2024-03-19 16:06:37,778 [INFO]  Epoch[1] Time cost=0.009
2024-03-19 16:06:37,779 [INFO]  Saved checkpoint to "./imputer_model/imputer_model_thalach/model-0001.params"
2024-03-19 16:06:37,780 [INFO]  Epoch[1] Validation-cross-entropy=2.482136
2024-03-19 16:06:37,780 [INFO]  Epoch[1] Validation-thalach-accuracy=0.000000
2024-03-19 16:06:37,787 [INFO]  Epoch[2] Batch [0-7]	Speed: 21310.20 samples/sec	cross-entropy=0.825657	thalach-accuracy=4.375000
2024-03-19 16:06:37,791 [INFO]  Epoch[2] Train-cross-entropy=0.699858
2024-03-19 16:06:37,791 [INFO]  Epoch[2] Train-thalach-accuracy=1.833333
2024-03-19 16:06:37,791 [INFO]  Epoch[2] Time cost=0.010
2024-03-19 16:06:37,792 [INFO]  Saved checkpoint to "./imputer_model/imputer_model_thalach/model-0002.params"
2024-03-19 16:06:37,793 [INFO]  Epoch[2] Validation-cross-entropy=0.936981
2024-03-19 16:06:37,793 [INFO]  Epoch[2] Validation-thalach-accuracy=0.000000
2024-03-19 16:06:37,798 [INFO]  Epoch[3] Batch [0-7]	Speed: 25106.20 samples/sec	cross-entropy=0.543662	thalach-accuracy=4.375000
2024-03-19 16:06:37,803 [INFO]  Epoch[3] Train-cross-entropy=0.407460
2024-03-19 16:06:37,803 [INFO]  Epoch[3] Train-thalach-accuracy=1.833333
2024-03-19 16:06:37,803 [INFO]  Epoch[3] Time cost=0.010
2024-03-19 16:06:37,804 [INFO]  Saved checkpoint to "./imputer_model/imputer_model_thalach/model-0003.params"
2024-03-19 16:06:37,805 [INFO]  Epoch[3] Validation-cross-entropy=0.969476
2024-03-19 16:06:37,805 [INFO]  Epoch[3] Validation-thalach-accuracy=0.000000
2024-03-19 16:06:37,810 [INFO]  Epoch[4] Batch [0-7]	Speed: 24707.41 samples/sec	cross-entropy=0.295523	thalach-accuracy=4.375000
2024-03-19 16:06:37,814 [INFO]  Epoch[4] Train-cross-entropy=0.225491
2024-03-19 16:06:37,814 [INFO]  Epoch[4] Train-thalach-accuracy=1.833333
2024-03-19 16:06:37,814 [INFO]  Epoch[4] Time cost=0.009
2024-03-19 16:06:37,815 [INFO]  Saved checkpoint to "./imputer_model/imputer_model_thalach/model-0004.params"
2024-03-19 16:06:37,816 [INFO]  Epoch[4] Validation-cross-entropy=1.900379
2024-03-19 16:06:37,816 [INFO]  Epoch[4] Validation-thalach-accuracy=0.000000
2024-03-19 16:06:37,816 [INFO]  
========== done (0.061086416244506836 s) fit model
2024-03-19 16:06:40,358 [INFO]  
========== start: fit model
2024-03-19 16:06:40,358 [WARNING]  Already bound, ignoring bind()
2024-03-19 16:06:40,368 [INFO]  Epoch[0] Batch [0-7]	Speed: 17233.91 samples/sec	cross-entropy=19.245363	thalach-accuracy=0.000000
2024-03-19 16:06:40,372 [INFO]  Epoch[0] Train-cross-entropy=7.465028
2024-03-19 16:06:40,372 [INFO]  Epoch[0] Train-thalach-accuracy=0.000000
2024-03-19 16:06:40,372 [INFO]  Epoch[0] Time cost=0.013
2024-03-19 16:06:40,375 [INFO]  Saved checkpoint to "./imputer_model/imputer_model_thalach/model-0000.params"
2024-03-19 16:06:40,376 [INFO]  Epoch[0] Validation-cross-entropy=6.229452
2024-03-19 16:06:40,376 [INFO]  Epoch[0] Validation-thalach-accuracy=0.000000
2024-03-19 16:06:40,385 [INFO]  Epoch[1] Batch [0-7]	Speed: 15944.68 samples/sec	cross-entropy=3.024297	thalach-accuracy=0.000000
2024-03-19 16:06:40,390 [INFO]  Epoch[1] Train-cross-entropy=1.172730
2024-03-19 16:06:40,390 [INFO]  Epoch[1] Train-thalach-accuracy=0.000000
2024-03-19 16:06:40,390 [INFO]  Epoch[1] Time cost=0.013
2024-03-19 16:06:40,391 [INFO]  Saved checkpoint to "./imputer_model/imputer_model_thalach/model-0001.params"
2024-03-19 16:06:40,392 [INFO]  Epoch[1] Validation-cross-entropy=1.074009
2024-03-19 16:06:40,392 [INFO]  Epoch[1] Validation-thalach-accuracy=0.000000
2024-03-19 16:06:40,399 [INFO]  Epoch[2] Batch [0-7]	Speed: 20029.93 samples/sec	cross-entropy=1.149289	thalach-accuracy=0.000000
2024-03-19 16:06:40,403 [INFO]  Epoch[2] Train-cross-entropy=0.692599
2024-03-19 16:06:40,404 [INFO]  Epoch[2] Train-thalach-accuracy=0.000000
2024-03-19 16:06:40,404 [INFO]  Epoch[2] Time cost=0.011
2024-03-19 16:06:40,405 [INFO]  Saved checkpoint to "./imputer_model/imputer_model_thalach/model-0002.params"
2024-03-19 16:06:40,406 [INFO]  Epoch[2] Validation-cross-entropy=0.797927
2024-03-19 16:06:40,406 [INFO]  Epoch[2] Validation-thalach-accuracy=0.000000
2024-03-19 16:06:40,412 [INFO]  Epoch[3] Batch [0-7]	Speed: 21660.00 samples/sec	cross-entropy=0.717046	thalach-accuracy=0.000000
2024-03-19 16:06:40,416 [INFO]  Epoch[3] Train-cross-entropy=0.334978
2024-03-19 16:06:40,416 [INFO]  Epoch[3] Train-thalach-accuracy=0.000000
2024-03-19 16:06:40,416 [INFO]  Epoch[3] Time cost=0.010
2024-03-19 16:06:40,417 [INFO]  Saved checkpoint to "./imputer_model/imputer_model_thalach/model-0003.params"
2024-03-19 16:06:40,418 [INFO]  Epoch[3] Validation-cross-entropy=0.428735
2024-03-19 16:06:40,418 [INFO]  Epoch[3] Validation-thalach-accuracy=0.000000
2024-03-19 16:06:40,423 [INFO]  Epoch[4] Batch [0-7]	Speed: 29157.85 samples/sec	cross-entropy=0.388071	thalach-accuracy=0.000000
2024-03-19 16:06:40,426 [INFO]  Epoch[4] Train-cross-entropy=0.193521
2024-03-19 16:06:40,426 [INFO]  Epoch[4] Train-thalach-accuracy=0.000000
2024-03-19 16:06:40,426 [INFO]  Epoch[4] Time cost=0.008
2024-03-19 16:06:40,427 [INFO]  Saved checkpoint to "./imputer_model/imputer_model_thalach/model-0004.params"
2024-03-19 16:06:40,428 [INFO]  Epoch[4] Validation-cross-entropy=0.288369
2024-03-19 16:06:40,428 [INFO]  Epoch[4] Validation-thalach-accuracy=0.000000
2024-03-19 16:06:40,428 [INFO]  
========== done (0.07001852989196777 s) fit model
2024-03-19 16:06:43,008 [INFO]  
========== start: fit model
2024-03-19 16:06:43,009 [WARNING]  Already bound, ignoring bind()
2024-03-19 16:06:43,015 [INFO]  Epoch[0] Batch [0-7]	Speed: 22794.02 samples/sec	cross-entropy=9.412975	thalach-accuracy=3.375000
2024-03-19 16:06:43,020 [INFO]  Epoch[0] Train-cross-entropy=4.032554
2024-03-19 16:06:43,020 [INFO]  Epoch[0] Train-thalach-accuracy=4.666667
2024-03-19 16:06:43,021 [INFO]  Epoch[0] Time cost=0.011
2024-03-19 16:06:43,024 [INFO]  Saved checkpoint to "./imputer_model/imputer_model_thalach/model-0000.params"
2024-03-19 16:06:43,026 [INFO]  Epoch[0] Validation-cross-entropy=2.505815
2024-03-19 16:06:43,027 [INFO]  Epoch[0] Validation-thalach-accuracy=0.000000
2024-03-19 16:06:43,039 [INFO]  Epoch[1] Batch [0-7]	Speed: 10773.37 samples/sec	cross-entropy=1.439304	thalach-accuracy=3.375000
2024-03-19 16:06:43,045 [INFO]  Epoch[1] Train-cross-entropy=1.089481
2024-03-19 16:06:43,045 [INFO]  Epoch[1] Train-thalach-accuracy=4.666667
2024-03-19 16:06:43,045 [INFO]  Epoch[1] Time cost=0.019
2024-03-19 16:06:43,048 [INFO]  Saved checkpoint to "./imputer_model/imputer_model_thalach/model-0001.params"
2024-03-19 16:06:43,049 [INFO]  Epoch[1] Validation-cross-entropy=0.995552
2024-03-19 16:06:43,049 [INFO]  Epoch[1] Validation-thalach-accuracy=0.000000
2024-03-19 16:06:43,054 [INFO]  Epoch[2] Batch [0-7]	Speed: 23687.07 samples/sec	cross-entropy=0.696496	thalach-accuracy=3.375000
2024-03-19 16:06:43,059 [INFO]  Epoch[2] Train-cross-entropy=0.454271
2024-03-19 16:06:43,059 [INFO]  Epoch[2] Train-thalach-accuracy=4.666667
2024-03-19 16:06:43,059 [INFO]  Epoch[2] Time cost=0.010
2024-03-19 16:06:43,060 [INFO]  Saved checkpoint to "./imputer_model/imputer_model_thalach/model-0002.params"
2024-03-19 16:06:43,061 [INFO]  Epoch[2] Validation-cross-entropy=0.516038
2024-03-19 16:06:43,061 [INFO]  Epoch[2] Validation-thalach-accuracy=0.000000
2024-03-19 16:06:43,065 [INFO]  Epoch[3] Batch [0-7]	Speed: 28530.95 samples/sec	cross-entropy=0.290010	thalach-accuracy=3.375000
2024-03-19 16:06:43,069 [INFO]  Epoch[3] Train-cross-entropy=0.246479
2024-03-19 16:06:43,069 [INFO]  Epoch[3] Train-thalach-accuracy=4.666667
2024-03-19 16:06:43,069 [INFO]  Epoch[3] Time cost=0.008
2024-03-19 16:06:43,070 [INFO]  Saved checkpoint to "./imputer_model/imputer_model_thalach/model-0003.params"
2024-03-19 16:06:43,071 [INFO]  Epoch[3] Validation-cross-entropy=0.233057
2024-03-19 16:06:43,071 [INFO]  Epoch[3] Validation-thalach-accuracy=0.000000
2024-03-19 16:06:43,077 [INFO]  Epoch[4] Batch [0-7]	Speed: 23532.81 samples/sec	cross-entropy=0.138046	thalach-accuracy=3.375000
2024-03-19 16:06:43,081 [INFO]  Epoch[4] Train-cross-entropy=0.176946
2024-03-19 16:06:43,081 [INFO]  Epoch[4] Train-thalach-accuracy=4.666667
2024-03-19 16:06:43,081 [INFO]  Epoch[4] Time cost=0.010
2024-03-19 16:06:43,083 [INFO]  Saved checkpoint to "./imputer_model/imputer_model_thalach/model-0004.params"
2024-03-19 16:06:43,084 [INFO]  Epoch[4] Validation-cross-entropy=0.130888
2024-03-19 16:06:43,084 [INFO]  Epoch[4] Validation-thalach-accuracy=0.000000
2024-03-19 16:06:43,084 [INFO]  
========== done (0.0753018856048584 s) fit model
2024-03-19 16:06:45,633 [INFO]  
========== start: fit model
2024-03-19 16:06:45,633 [WARNING]  Already bound, ignoring bind()
2024-03-19 16:06:45,644 [INFO]  Epoch[0] Batch [0-7]	Speed: 19645.45 samples/sec	cross-entropy=11.560744	thalach-accuracy=3.125000
2024-03-19 16:06:45,649 [INFO]  Epoch[0] Train-cross-entropy=4.215220
2024-03-19 16:06:45,649 [INFO]  Epoch[0] Train-thalach-accuracy=4.833333
2024-03-19 16:06:45,649 [INFO]  Epoch[0] Time cost=0.015
2024-03-19 16:06:45,650 [INFO]  Saved checkpoint to "./imputer_model/imputer_model_thalach/model-0000.params"
2024-03-19 16:06:45,651 [INFO]  Epoch[0] Validation-cross-entropy=0.614435
2024-03-19 16:06:45,651 [INFO]  Epoch[0] Validation-thalach-accuracy=0.000000
2024-03-19 16:06:45,658 [INFO]  Epoch[1] Batch [0-7]	Speed: 21798.70 samples/sec	cross-entropy=1.167975	thalach-accuracy=3.125000
2024-03-19 16:06:45,662 [INFO]  Epoch[1] Train-cross-entropy=0.610080
2024-03-19 16:06:45,662 [INFO]  Epoch[1] Train-thalach-accuracy=4.833333
2024-03-19 16:06:45,662 [INFO]  Epoch[1] Time cost=0.011
2024-03-19 16:06:45,664 [INFO]  Saved checkpoint to "./imputer_model/imputer_model_thalach/model-0001.params"
2024-03-19 16:06:45,665 [INFO]  Epoch[1] Validation-cross-entropy=0.478851
2024-03-19 16:06:45,665 [INFO]  Epoch[1] Validation-thalach-accuracy=0.000000
2024-03-19 16:06:45,671 [INFO]  Epoch[2] Batch [0-7]	Speed: 21858.55 samples/sec	cross-entropy=0.643435	thalach-accuracy=3.125000
2024-03-19 16:06:45,675 [INFO]  Epoch[2] Train-cross-entropy=0.454811
2024-03-19 16:06:45,675 [INFO]  Epoch[2] Train-thalach-accuracy=4.833333
2024-03-19 16:06:45,675 [INFO]  Epoch[2] Time cost=0.011
2024-03-19 16:06:45,677 [INFO]  Saved checkpoint to "./imputer_model/imputer_model_thalach/model-0002.params"
2024-03-19 16:06:45,678 [INFO]  Epoch[2] Validation-cross-entropy=0.210842
2024-03-19 16:06:45,678 [INFO]  Epoch[2] Validation-thalach-accuracy=0.000000
2024-03-19 16:06:45,684 [INFO]  Epoch[3] Batch [0-7]	Speed: 21947.40 samples/sec	cross-entropy=0.319972	thalach-accuracy=3.125000
2024-03-19 16:06:45,688 [INFO]  Epoch[3] Train-cross-entropy=0.196022
2024-03-19 16:06:45,689 [INFO]  Epoch[3] Train-thalach-accuracy=4.833333
2024-03-19 16:06:45,689 [INFO]  Epoch[3] Time cost=0.011
2024-03-19 16:06:45,690 [INFO]  Saved checkpoint to "./imputer_model/imputer_model_thalach/model-0003.params"
2024-03-19 16:06:45,691 [INFO]  Epoch[3] Validation-cross-entropy=0.257740
2024-03-19 16:06:45,691 [INFO]  Epoch[3] Validation-thalach-accuracy=0.000000
2024-03-19 16:06:45,697 [INFO]  Epoch[4] Batch [0-7]	Speed: 22080.47 samples/sec	cross-entropy=0.197356	thalach-accuracy=3.125000
2024-03-19 16:06:45,702 [INFO]  Epoch[4] Train-cross-entropy=0.146783
2024-03-19 16:06:45,702 [INFO]  Epoch[4] Train-thalach-accuracy=4.833333
2024-03-19 16:06:45,702 [INFO]  Epoch[4] Time cost=0.011
2024-03-19 16:06:45,703 [INFO]  Saved checkpoint to "./imputer_model/imputer_model_thalach/model-0004.params"
2024-03-19 16:06:45,704 [INFO]  Epoch[4] Validation-cross-entropy=0.180653
2024-03-19 16:06:45,704 [INFO]  Epoch[4] Validation-thalach-accuracy=0.000000
2024-03-19 16:06:45,704 [INFO]  
========== done (0.07129693031311035 s) fit model
2024-03-19 16:06:48,185 [INFO]  
========== start: fit model
2024-03-19 16:06:48,185 [WARNING]  Already bound, ignoring bind()
2024-03-19 16:06:48,192 [INFO]  Epoch[0] Batch [0-7]	Speed: 23518.68 samples/sec	cross-entropy=15.261184	thalach-accuracy=4.625000
2024-03-19 16:06:48,196 [INFO]  Epoch[0] Train-cross-entropy=11.061502
2024-03-19 16:06:48,196 [INFO]  Epoch[0] Train-thalach-accuracy=2.666667
2024-03-19 16:06:48,196 [INFO]  Epoch[0] Time cost=0.010
2024-03-19 16:06:48,197 [INFO]  Saved checkpoint to "./imputer_model/imputer_model_thalach/model-0000.params"
2024-03-19 16:06:48,198 [INFO]  Epoch[0] Validation-cross-entropy=11.059566
2024-03-19 16:06:48,198 [INFO]  Epoch[0] Validation-thalach-accuracy=0.000000
2024-03-19 16:06:48,203 [INFO]  Epoch[1] Batch [0-7]	Speed: 28032.11 samples/sec	cross-entropy=3.108795	thalach-accuracy=4.625000
2024-03-19 16:06:48,207 [INFO]  Epoch[1] Train-cross-entropy=1.615819
2024-03-19 16:06:48,207 [INFO]  Epoch[1] Train-thalach-accuracy=2.666667
2024-03-19 16:06:48,207 [INFO]  Epoch[1] Time cost=0.009
2024-03-19 16:06:48,208 [INFO]  Saved checkpoint to "./imputer_model/imputer_model_thalach/model-0001.params"
2024-03-19 16:06:48,209 [INFO]  Epoch[1] Validation-cross-entropy=2.261633
2024-03-19 16:06:48,209 [INFO]  Epoch[1] Validation-thalach-accuracy=0.000000
2024-03-19 16:06:48,214 [INFO]  Epoch[2] Batch [0-7]	Speed: 27300.64 samples/sec	cross-entropy=1.047800	thalach-accuracy=4.625000
2024-03-19 16:06:48,217 [INFO]  Epoch[2] Train-cross-entropy=0.603886
2024-03-19 16:06:48,217 [INFO]  Epoch[2] Train-thalach-accuracy=2.666667
2024-03-19 16:06:48,217 [INFO]  Epoch[2] Time cost=0.008
2024-03-19 16:06:48,219 [INFO]  Saved checkpoint to "./imputer_model/imputer_model_thalach/model-0002.params"
2024-03-19 16:06:48,219 [INFO]  Epoch[2] Validation-cross-entropy=0.443456
2024-03-19 16:06:48,219 [INFO]  Epoch[2] Validation-thalach-accuracy=0.000000
2024-03-19 16:06:48,224 [INFO]  Epoch[3] Batch [0-7]	Speed: 29089.23 samples/sec	cross-entropy=0.522654	thalach-accuracy=4.625000
2024-03-19 16:06:48,227 [INFO]  Epoch[3] Train-cross-entropy=0.361303
2024-03-19 16:06:48,227 [INFO]  Epoch[3] Train-thalach-accuracy=2.666667
2024-03-19 16:06:48,227 [INFO]  Epoch[3] Time cost=0.008
2024-03-19 16:06:48,229 [INFO]  Saved checkpoint to "./imputer_model/imputer_model_thalach/model-0003.params"
2024-03-19 16:06:48,229 [INFO]  Epoch[3] Validation-cross-entropy=0.335807
2024-03-19 16:06:48,229 [INFO]  Epoch[3] Validation-thalach-accuracy=0.000000
2024-03-19 16:06:48,234 [INFO]  Epoch[4] Batch [0-7]	Speed: 28680.75 samples/sec	cross-entropy=0.234364	thalach-accuracy=4.625000
2024-03-19 16:06:48,237 [INFO]  Epoch[4] Train-cross-entropy=0.174270
2024-03-19 16:06:48,238 [INFO]  Epoch[4] Train-thalach-accuracy=2.666667
2024-03-19 16:06:48,238 [INFO]  Epoch[4] Time cost=0.008
2024-03-19 16:06:48,239 [INFO]  Saved checkpoint to "./imputer_model/imputer_model_thalach/model-0004.params"
2024-03-19 16:06:48,240 [INFO]  Epoch[4] Validation-cross-entropy=0.297728
2024-03-19 16:06:48,240 [INFO]  Epoch[4] Validation-thalach-accuracy=0.000000
2024-03-19 16:06:48,240 [INFO]  
========== done (0.05491185188293457 s) fit model
2024-03-19 16:06:50,736 [INFO]  
========== start: fit model
2024-03-19 16:06:50,736 [WARNING]  Already bound, ignoring bind()
2024-03-19 16:06:50,743 [INFO]  Epoch[0] Batch [0-7]	Speed: 21899.31 samples/sec	cross-entropy=10.324174	thalach-accuracy=3.625000
2024-03-19 16:06:50,747 [INFO]  Epoch[0] Train-cross-entropy=3.111825
2024-03-19 16:06:50,747 [INFO]  Epoch[0] Train-thalach-accuracy=3.500000
2024-03-19 16:06:50,747 [INFO]  Epoch[0] Time cost=0.011
2024-03-19 16:06:50,749 [INFO]  Saved checkpoint to "./imputer_model/imputer_model_thalach/model-0000.params"
2024-03-19 16:06:50,750 [INFO]  Epoch[0] Validation-cross-entropy=2.015271
2024-03-19 16:06:50,750 [INFO]  Epoch[0] Validation-thalach-accuracy=0.000000
2024-03-19 16:06:50,755 [INFO]  Epoch[1] Batch [0-7]	Speed: 26340.81 samples/sec	cross-entropy=1.569349	thalach-accuracy=3.625000
2024-03-19 16:06:50,758 [INFO]  Epoch[1] Train-cross-entropy=1.203330
2024-03-19 16:06:50,758 [INFO]  Epoch[1] Train-thalach-accuracy=3.500000
2024-03-19 16:06:50,758 [INFO]  Epoch[1] Time cost=0.009
2024-03-19 16:06:50,760 [INFO]  Saved checkpoint to "./imputer_model/imputer_model_thalach/model-0001.params"
2024-03-19 16:06:50,760 [INFO]  Epoch[1] Validation-cross-entropy=0.715796
2024-03-19 16:06:50,760 [INFO]  Epoch[1] Validation-thalach-accuracy=0.000000
2024-03-19 16:06:50,765 [INFO]  Epoch[2] Batch [0-7]	Speed: 28856.94 samples/sec	cross-entropy=0.597230	thalach-accuracy=3.625000
2024-03-19 16:06:50,768 [INFO]  Epoch[2] Train-cross-entropy=0.556106
2024-03-19 16:06:50,768 [INFO]  Epoch[2] Train-thalach-accuracy=3.500000
2024-03-19 16:06:50,768 [INFO]  Epoch[2] Time cost=0.008
2024-03-19 16:06:50,770 [INFO]  Saved checkpoint to "./imputer_model/imputer_model_thalach/model-0002.params"
2024-03-19 16:06:50,770 [INFO]  Epoch[2] Validation-cross-entropy=0.408798
2024-03-19 16:06:50,771 [INFO]  Epoch[2] Validation-thalach-accuracy=0.000000
2024-03-19 16:06:50,775 [INFO]  Epoch[3] Batch [0-7]	Speed: 28915.55 samples/sec	cross-entropy=0.363738	thalach-accuracy=3.625000
2024-03-19 16:06:50,778 [INFO]  Epoch[3] Train-cross-entropy=0.257238
2024-03-19 16:06:50,779 [INFO]  Epoch[3] Train-thalach-accuracy=3.500000
2024-03-19 16:06:50,779 [INFO]  Epoch[3] Time cost=0.008
2024-03-19 16:06:50,780 [INFO]  Saved checkpoint to "./imputer_model/imputer_model_thalach/model-0003.params"
2024-03-19 16:06:50,780 [INFO]  Epoch[3] Validation-cross-entropy=0.175495
2024-03-19 16:06:50,780 [INFO]  Epoch[3] Validation-thalach-accuracy=0.000000
2024-03-19 16:06:50,785 [INFO]  Epoch[4] Batch [0-7]	Speed: 29232.24 samples/sec	cross-entropy=0.223867	thalach-accuracy=3.625000
2024-03-19 16:06:50,788 [INFO]  Epoch[4] Train-cross-entropy=0.149893
2024-03-19 16:06:50,788 [INFO]  Epoch[4] Train-thalach-accuracy=3.500000
2024-03-19 16:06:50,788 [INFO]  Epoch[4] Time cost=0.008
2024-03-19 16:06:50,790 [INFO]  Saved checkpoint to "./imputer_model/imputer_model_thalach/model-0004.params"
2024-03-19 16:06:50,791 [INFO]  Epoch[4] Validation-cross-entropy=0.111181
2024-03-19 16:06:50,791 [INFO]  Epoch[4] Validation-thalach-accuracy=0.000000
2024-03-19 16:06:50,791 [INFO]  
========== done (0.05496406555175781 s) fit model
2024-03-19 16:06:53,416 [INFO]  
========== start: fit model
2024-03-19 16:06:53,417 [WARNING]  Already bound, ignoring bind()
2024-03-19 16:06:53,424 [INFO]  Epoch[0] Batch [0-7]	Speed: 22003.94 samples/sec	cross-entropy=18.201219	thalach-accuracy=0.000000
2024-03-19 16:06:53,428 [INFO]  Epoch[0] Train-cross-entropy=6.001712
2024-03-19 16:06:53,428 [INFO]  Epoch[0] Train-thalach-accuracy=0.000000
2024-03-19 16:06:53,428 [INFO]  Epoch[0] Time cost=0.010
2024-03-19 16:06:53,429 [INFO]  Saved checkpoint to "./imputer_model/imputer_model_thalach/model-0000.params"
2024-03-19 16:06:53,430 [INFO]  Epoch[0] Validation-cross-entropy=3.376610
2024-03-19 16:06:53,430 [INFO]  Epoch[0] Validation-thalach-accuracy=0.000000
2024-03-19 16:06:53,436 [INFO]  Epoch[1] Batch [0-7]	Speed: 22926.41 samples/sec	cross-entropy=4.031384	thalach-accuracy=0.000000
2024-03-19 16:06:53,440 [INFO]  Epoch[1] Train-cross-entropy=1.184404
2024-03-19 16:06:53,440 [INFO]  Epoch[1] Train-thalach-accuracy=0.000000
2024-03-19 16:06:53,440 [INFO]  Epoch[1] Time cost=0.010
2024-03-19 16:06:53,441 [INFO]  Saved checkpoint to "./imputer_model/imputer_model_thalach/model-0001.params"
2024-03-19 16:06:53,442 [INFO]  Epoch[1] Validation-cross-entropy=1.079499
2024-03-19 16:06:53,442 [INFO]  Epoch[1] Validation-thalach-accuracy=0.000000
2024-03-19 16:06:53,447 [INFO]  Epoch[2] Batch [0-7]	Speed: 24663.31 samples/sec	cross-entropy=1.188492	thalach-accuracy=0.000000
2024-03-19 16:06:53,451 [INFO]  Epoch[2] Train-cross-entropy=0.701946
2024-03-19 16:06:53,451 [INFO]  Epoch[2] Train-thalach-accuracy=0.000000
2024-03-19 16:06:53,451 [INFO]  Epoch[2] Time cost=0.009
2024-03-19 16:06:53,452 [INFO]  Saved checkpoint to "./imputer_model/imputer_model_thalach/model-0002.params"
2024-03-19 16:06:53,453 [INFO]  Epoch[2] Validation-cross-entropy=0.693445
2024-03-19 16:06:53,453 [INFO]  Epoch[2] Validation-thalach-accuracy=0.000000
2024-03-19 16:06:53,458 [INFO]  Epoch[3] Batch [0-7]	Speed: 25315.91 samples/sec	cross-entropy=0.601462	thalach-accuracy=0.000000
2024-03-19 16:06:53,462 [INFO]  Epoch[3] Train-cross-entropy=0.521584
2024-03-19 16:06:53,463 [INFO]  Epoch[3] Train-thalach-accuracy=0.000000
2024-03-19 16:06:53,463 [INFO]  Epoch[3] Time cost=0.009
2024-03-19 16:06:53,464 [INFO]  Saved checkpoint to "./imputer_model/imputer_model_thalach/model-0003.params"
2024-03-19 16:06:53,465 [INFO]  Epoch[3] Validation-cross-entropy=0.318032
2024-03-19 16:06:53,465 [INFO]  Epoch[3] Validation-thalach-accuracy=0.000000
2024-03-19 16:06:53,470 [INFO]  Epoch[4] Batch [0-7]	Speed: 24686.64 samples/sec	cross-entropy=0.341412	thalach-accuracy=0.000000
2024-03-19 16:06:53,474 [INFO]  Epoch[4] Train-cross-entropy=0.220952
2024-03-19 16:06:53,474 [INFO]  Epoch[4] Train-thalach-accuracy=0.000000
2024-03-19 16:06:53,474 [INFO]  Epoch[4] Time cost=0.009
2024-03-19 16:06:53,475 [INFO]  Saved checkpoint to "./imputer_model/imputer_model_thalach/model-0004.params"
2024-03-19 16:06:53,476 [INFO]  Epoch[4] Validation-cross-entropy=0.226019
2024-03-19 16:06:53,476 [INFO]  Epoch[4] Validation-thalach-accuracy=0.000000
2024-03-19 16:06:53,476 [INFO]  
========== done (0.05925107002258301 s) fit model
2024-03-19 16:06:55,996 [INFO]  
========== start: fit model
2024-03-19 16:06:55,996 [WARNING]  Already bound, ignoring bind()
2024-03-19 16:06:56,003 [INFO]  Epoch[0] Batch [0-7]	Speed: 23696.63 samples/sec	cross-entropy=8.956162	thalach-accuracy=4.375000
2024-03-19 16:06:56,007 [INFO]  Epoch[0] Train-cross-entropy=1.740821
2024-03-19 16:06:56,007 [INFO]  Epoch[0] Train-thalach-accuracy=3.000000
2024-03-19 16:06:56,007 [INFO]  Epoch[0] Time cost=0.010
2024-03-19 16:06:56,009 [INFO]  Saved checkpoint to "./imputer_model/imputer_model_thalach/model-0000.params"
2024-03-19 16:06:56,009 [INFO]  Epoch[0] Validation-cross-entropy=2.128346
2024-03-19 16:06:56,010 [INFO]  Epoch[0] Validation-thalach-accuracy=0.000000
2024-03-19 16:06:56,015 [INFO]  Epoch[1] Batch [0-7]	Speed: 26420.81 samples/sec	cross-entropy=1.200250	thalach-accuracy=4.375000
2024-03-19 16:06:56,018 [INFO]  Epoch[1] Train-cross-entropy=0.672728
2024-03-19 16:06:56,018 [INFO]  Epoch[1] Train-thalach-accuracy=3.000000
2024-03-19 16:06:56,019 [INFO]  Epoch[1] Time cost=0.009
2024-03-19 16:06:56,020 [INFO]  Saved checkpoint to "./imputer_model/imputer_model_thalach/model-0001.params"
2024-03-19 16:06:56,021 [INFO]  Epoch[1] Validation-cross-entropy=0.888261
2024-03-19 16:06:56,021 [INFO]  Epoch[1] Validation-thalach-accuracy=0.000000
2024-03-19 16:06:56,025 [INFO]  Epoch[2] Batch [0-7]	Speed: 29087.43 samples/sec	cross-entropy=0.519828	thalach-accuracy=4.375000
2024-03-19 16:06:56,029 [INFO]  Epoch[2] Train-cross-entropy=0.389839
2024-03-19 16:06:56,029 [INFO]  Epoch[2] Train-thalach-accuracy=3.000000
2024-03-19 16:06:56,029 [INFO]  Epoch[2] Time cost=0.008
2024-03-19 16:06:56,030 [INFO]  Saved checkpoint to "./imputer_model/imputer_model_thalach/model-0002.params"
2024-03-19 16:06:56,031 [INFO]  Epoch[2] Validation-cross-entropy=0.853640
2024-03-19 16:06:56,031 [INFO]  Epoch[2] Validation-thalach-accuracy=0.000000
2024-03-19 16:06:56,035 [INFO]  Epoch[3] Batch [0-7]	Speed: 28990.50 samples/sec	cross-entropy=0.224675	thalach-accuracy=4.375000
2024-03-19 16:06:56,039 [INFO]  Epoch[3] Train-cross-entropy=0.178157
2024-03-19 16:06:56,039 [INFO]  Epoch[3] Train-thalach-accuracy=3.000000
2024-03-19 16:06:56,039 [INFO]  Epoch[3] Time cost=0.008
2024-03-19 16:06:56,040 [INFO]  Saved checkpoint to "./imputer_model/imputer_model_thalach/model-0003.params"
2024-03-19 16:06:56,041 [INFO]  Epoch[3] Validation-cross-entropy=0.548005
2024-03-19 16:06:56,041 [INFO]  Epoch[3] Validation-thalach-accuracy=0.000000
2024-03-19 16:06:56,045 [INFO]  Epoch[4] Batch [0-7]	Speed: 28976.19 samples/sec	cross-entropy=0.164015	thalach-accuracy=4.375000
2024-03-19 16:06:56,049 [INFO]  Epoch[4] Train-cross-entropy=0.100822
2024-03-19 16:06:56,049 [INFO]  Epoch[4] Train-thalach-accuracy=3.000000
2024-03-19 16:06:56,049 [INFO]  Epoch[4] Time cost=0.008
2024-03-19 16:06:56,050 [INFO]  Saved checkpoint to "./imputer_model/imputer_model_thalach/model-0004.params"
2024-03-19 16:06:56,051 [INFO]  Epoch[4] Validation-cross-entropy=0.317394
2024-03-19 16:06:56,051 [INFO]  Epoch[4] Validation-thalach-accuracy=0.000000
2024-03-19 16:06:56,051 [INFO]  
========== done (0.05481529235839844 s) fit model
2024-03-19 16:06:58,509 [INFO]  
========== start: fit model
2024-03-19 16:06:58,509 [WARNING]  Already bound, ignoring bind()
2024-03-19 16:06:58,515 [INFO]  Epoch[0] Batch [0-7]	Speed: 28263.16 samples/sec	cross-entropy=15.832429	thalach-accuracy=3.625000
2024-03-19 16:06:58,518 [INFO]  Epoch[0] Train-cross-entropy=7.577307
2024-03-19 16:06:58,518 [INFO]  Epoch[0] Train-thalach-accuracy=4.833333
2024-03-19 16:06:58,518 [INFO]  Epoch[0] Time cost=0.009
2024-03-19 16:06:58,519 [INFO]  Saved checkpoint to "./imputer_model/imputer_model_thalach/model-0000.params"
2024-03-19 16:06:58,520 [INFO]  Epoch[0] Validation-cross-entropy=3.469836
2024-03-19 16:06:58,520 [INFO]  Epoch[0] Validation-thalach-accuracy=0.000000
2024-03-19 16:06:58,524 [INFO]  Epoch[1] Batch [0-7]	Speed: 28310.86 samples/sec	cross-entropy=2.239592	thalach-accuracy=3.625000
2024-03-19 16:06:58,528 [INFO]  Epoch[1] Train-cross-entropy=0.952760
2024-03-19 16:06:58,528 [INFO]  Epoch[1] Train-thalach-accuracy=4.833333
2024-03-19 16:06:58,528 [INFO]  Epoch[1] Time cost=0.008
2024-03-19 16:06:58,529 [INFO]  Saved checkpoint to "./imputer_model/imputer_model_thalach/model-0001.params"
2024-03-19 16:06:58,530 [INFO]  Epoch[1] Validation-cross-entropy=1.364918
2024-03-19 16:06:58,530 [INFO]  Epoch[1] Validation-thalach-accuracy=0.000000
2024-03-19 16:06:58,535 [INFO]  Epoch[2] Batch [0-7]	Speed: 27973.68 samples/sec	cross-entropy=0.627904	thalach-accuracy=3.625000
2024-03-19 16:06:58,538 [INFO]  Epoch[2] Train-cross-entropy=0.493352
2024-03-19 16:06:58,538 [INFO]  Epoch[2] Train-thalach-accuracy=4.833333
2024-03-19 16:06:58,538 [INFO]  Epoch[2] Time cost=0.008
2024-03-19 16:06:58,539 [INFO]  Saved checkpoint to "./imputer_model/imputer_model_thalach/model-0002.params"
2024-03-19 16:06:58,540 [INFO]  Epoch[2] Validation-cross-entropy=0.834878
2024-03-19 16:06:58,540 [INFO]  Epoch[2] Validation-thalach-accuracy=0.000000
2024-03-19 16:06:58,544 [INFO]  Epoch[3] Batch [0-7]	Speed: 28765.05 samples/sec	cross-entropy=0.335575	thalach-accuracy=3.625000
2024-03-19 16:06:58,548 [INFO]  Epoch[3] Train-cross-entropy=0.216276
2024-03-19 16:06:58,548 [INFO]  Epoch[3] Train-thalach-accuracy=4.833333
2024-03-19 16:06:58,548 [INFO]  Epoch[3] Time cost=0.008
2024-03-19 16:06:58,549 [INFO]  Saved checkpoint to "./imputer_model/imputer_model_thalach/model-0003.params"
2024-03-19 16:06:58,550 [INFO]  Epoch[3] Validation-cross-entropy=0.309000
2024-03-19 16:06:58,550 [INFO]  Epoch[3] Validation-thalach-accuracy=0.000000
2024-03-19 16:06:58,554 [INFO]  Epoch[4] Batch [0-7]	Speed: 29194.09 samples/sec	cross-entropy=0.153402	thalach-accuracy=3.625000
2024-03-19 16:06:58,558 [INFO]  Epoch[4] Train-cross-entropy=0.136752
2024-03-19 16:06:58,558 [INFO]  Epoch[4] Train-thalach-accuracy=4.833333
2024-03-19 16:06:58,558 [INFO]  Epoch[4] Time cost=0.008
2024-03-19 16:06:58,559 [INFO]  Saved checkpoint to "./imputer_model/imputer_model_thalach/model-0004.params"
2024-03-19 16:06:58,559 [INFO]  Epoch[4] Validation-cross-entropy=0.227967
2024-03-19 16:06:58,559 [INFO]  Epoch[4] Validation-thalach-accuracy=0.000000
2024-03-19 16:06:58,559 [INFO]  
========== done (0.05089139938354492 s) fit model
2024-03-19 16:07:01,028 [INFO]  
========== start: fit model
2024-03-19 16:07:01,028 [WARNING]  Already bound, ignoring bind()
2024-03-19 16:07:01,046 [INFO]  Epoch[0] Batch [0-7]	Speed: 9516.48 samples/sec	cross-entropy=10.514179	thalach-accuracy=4.125000
2024-03-19 16:07:01,053 [INFO]  Epoch[0] Train-cross-entropy=9.355144
2024-03-19 16:07:01,053 [INFO]  Epoch[0] Train-thalach-accuracy=3.500000
2024-03-19 16:07:01,053 [INFO]  Epoch[0] Time cost=0.024
2024-03-19 16:07:01,056 [INFO]  Saved checkpoint to "./imputer_model/imputer_model_thalach/model-0000.params"
2024-03-19 16:07:01,057 [INFO]  Epoch[0] Validation-cross-entropy=3.290529
2024-03-19 16:07:01,057 [INFO]  Epoch[0] Validation-thalach-accuracy=0.000000
2024-03-19 16:07:01,063 [INFO]  Epoch[1] Batch [0-7]	Speed: 22336.65 samples/sec	cross-entropy=1.733070	thalach-accuracy=4.125000
2024-03-19 16:07:01,068 [INFO]  Epoch[1] Train-cross-entropy=2.258513
2024-03-19 16:07:01,068 [INFO]  Epoch[1] Train-thalach-accuracy=3.500000
2024-03-19 16:07:01,068 [INFO]  Epoch[1] Time cost=0.011
2024-03-19 16:07:01,079 [INFO]  Saved checkpoint to "./imputer_model/imputer_model_thalach/model-0001.params"
2024-03-19 16:07:01,080 [INFO]  Epoch[1] Validation-cross-entropy=0.920850
2024-03-19 16:07:01,080 [INFO]  Epoch[1] Validation-thalach-accuracy=0.000000
2024-03-19 16:07:01,086 [INFO]  Epoch[2] Batch [0-7]	Speed: 23187.82 samples/sec	cross-entropy=0.725820	thalach-accuracy=4.125000
2024-03-19 16:07:01,090 [INFO]  Epoch[2] Train-cross-entropy=0.665716
2024-03-19 16:07:01,090 [INFO]  Epoch[2] Train-thalach-accuracy=3.500000
2024-03-19 16:07:01,090 [INFO]  Epoch[2] Time cost=0.010
2024-03-19 16:07:01,115 [INFO]  Saved checkpoint to "./imputer_model/imputer_model_thalach/model-0002.params"
2024-03-19 16:07:01,117 [INFO]  Epoch[2] Validation-cross-entropy=0.449809
2024-03-19 16:07:01,117 [INFO]  Epoch[2] Validation-thalach-accuracy=0.000000
2024-03-19 16:07:01,126 [INFO]  Epoch[3] Batch [0-7]	Speed: 13698.08 samples/sec	cross-entropy=0.433243	thalach-accuracy=4.125000
2024-03-19 16:07:01,133 [INFO]  Epoch[3] Train-cross-entropy=0.285009
2024-03-19 16:07:01,133 [INFO]  Epoch[3] Train-thalach-accuracy=3.500000
2024-03-19 16:07:01,133 [INFO]  Epoch[3] Time cost=0.016
2024-03-19 16:07:01,135 [INFO]  Saved checkpoint to "./imputer_model/imputer_model_thalach/model-0003.params"
2024-03-19 16:07:01,136 [INFO]  Epoch[3] Validation-cross-entropy=0.400393
2024-03-19 16:07:01,136 [INFO]  Epoch[3] Validation-thalach-accuracy=0.000000
2024-03-19 16:07:01,142 [INFO]  Epoch[4] Batch [0-7]	Speed: 21287.99 samples/sec	cross-entropy=0.207039	thalach-accuracy=4.125000
2024-03-19 16:07:01,146 [INFO]  Epoch[4] Train-cross-entropy=0.147771
2024-03-19 16:07:01,146 [INFO]  Epoch[4] Train-thalach-accuracy=3.500000
2024-03-19 16:07:01,146 [INFO]  Epoch[4] Time cost=0.010
2024-03-19 16:07:01,147 [INFO]  Saved checkpoint to "./imputer_model/imputer_model_thalach/model-0004.params"
2024-03-19 16:07:01,148 [INFO]  Epoch[4] Validation-cross-entropy=0.273978
2024-03-19 16:07:01,148 [INFO]  Epoch[4] Validation-thalach-accuracy=0.000000
2024-03-19 16:07:01,148 [INFO]  
========== done (0.12004876136779785 s) fit model
2024-03-19 16:07:03,511 [INFO]  
========== start: fit model
2024-03-19 16:07:03,511 [WARNING]  Already bound, ignoring bind()
2024-03-19 16:07:03,520 [INFO]  Epoch[0] Batch [0-7]	Speed: 14537.87 samples/sec	cross-entropy=18.947810	thalach-accuracy=3.875000
2024-03-19 16:07:03,530 [INFO]  Epoch[0] Train-cross-entropy=5.974464
2024-03-19 16:07:03,530 [INFO]  Epoch[0] Train-thalach-accuracy=4.000000
2024-03-19 16:07:03,530 [INFO]  Epoch[0] Time cost=0.019
2024-03-19 16:07:03,533 [INFO]  Saved checkpoint to "./imputer_model/imputer_model_thalach/model-0000.params"
2024-03-19 16:07:03,534 [INFO]  Epoch[0] Validation-cross-entropy=3.751846
2024-03-19 16:07:03,534 [INFO]  Epoch[0] Validation-thalach-accuracy=0.000000
2024-03-19 16:07:03,542 [INFO]  Epoch[1] Batch [0-7]	Speed: 16991.43 samples/sec	cross-entropy=2.877510	thalach-accuracy=3.875000
2024-03-19 16:07:03,546 [INFO]  Epoch[1] Train-cross-entropy=1.544149
2024-03-19 16:07:03,546 [INFO]  Epoch[1] Train-thalach-accuracy=4.000000
2024-03-19 16:07:03,546 [INFO]  Epoch[1] Time cost=0.012
2024-03-19 16:07:03,548 [INFO]  Saved checkpoint to "./imputer_model/imputer_model_thalach/model-0001.params"
2024-03-19 16:07:03,549 [INFO]  Epoch[1] Validation-cross-entropy=0.966946
2024-03-19 16:07:03,549 [INFO]  Epoch[1] Validation-thalach-accuracy=0.000000
2024-03-19 16:07:03,554 [INFO]  Epoch[2] Batch [0-7]	Speed: 27844.35 samples/sec	cross-entropy=0.697866	thalach-accuracy=3.875000
2024-03-19 16:07:03,557 [INFO]  Epoch[2] Train-cross-entropy=0.728456
2024-03-19 16:07:03,557 [INFO]  Epoch[2] Train-thalach-accuracy=4.000000
2024-03-19 16:07:03,557 [INFO]  Epoch[2] Time cost=0.008
2024-03-19 16:07:03,559 [INFO]  Saved checkpoint to "./imputer_model/imputer_model_thalach/model-0002.params"
2024-03-19 16:07:03,559 [INFO]  Epoch[2] Validation-cross-entropy=0.760269
2024-03-19 16:07:03,559 [INFO]  Epoch[2] Validation-thalach-accuracy=0.000000
2024-03-19 16:07:03,564 [INFO]  Epoch[3] Batch [0-7]	Speed: 29235.88 samples/sec	cross-entropy=0.570355	thalach-accuracy=3.875000
2024-03-19 16:07:03,567 [INFO]  Epoch[3] Train-cross-entropy=0.350512
2024-03-19 16:07:03,567 [INFO]  Epoch[3] Train-thalach-accuracy=4.000000
2024-03-19 16:07:03,567 [INFO]  Epoch[3] Time cost=0.008
2024-03-19 16:07:03,569 [INFO]  Saved checkpoint to "./imputer_model/imputer_model_thalach/model-0003.params"
2024-03-19 16:07:03,570 [INFO]  Epoch[3] Validation-cross-entropy=0.388592
2024-03-19 16:07:03,570 [INFO]  Epoch[3] Validation-thalach-accuracy=0.000000
2024-03-19 16:07:03,574 [INFO]  Epoch[4] Batch [0-7]	Speed: 29190.46 samples/sec	cross-entropy=0.317068	thalach-accuracy=3.875000
2024-03-19 16:07:03,578 [INFO]  Epoch[4] Train-cross-entropy=0.217047
2024-03-19 16:07:03,578 [INFO]  Epoch[4] Train-thalach-accuracy=4.000000
2024-03-19 16:07:03,578 [INFO]  Epoch[4] Time cost=0.008
2024-03-19 16:07:03,579 [INFO]  Saved checkpoint to "./imputer_model/imputer_model_thalach/model-0004.params"
2024-03-19 16:07:03,580 [INFO]  Epoch[4] Validation-cross-entropy=0.351570
2024-03-19 16:07:03,580 [INFO]  Epoch[4] Validation-thalach-accuracy=0.000000
2024-03-19 16:07:03,580 [INFO]  
========== done (0.06948995590209961 s) fit model
2024-03-19 16:07:06,025 [INFO]  
========== start: fit model
2024-03-19 16:07:06,025 [WARNING]  Already bound, ignoring bind()
2024-03-19 16:07:06,039 [INFO]  Epoch[0] Batch [0-7]	Speed: 10695.86 samples/sec	cross-entropy=14.218488	thalach-accuracy=3.500000
2024-03-19 16:07:06,045 [INFO]  Epoch[0] Train-cross-entropy=8.165364
2024-03-19 16:07:06,045 [INFO]  Epoch[0] Train-thalach-accuracy=4.833333
2024-03-19 16:07:06,045 [INFO]  Epoch[0] Time cost=0.019
2024-03-19 16:07:06,048 [INFO]  Saved checkpoint to "./imputer_model/imputer_model_thalach/model-0000.params"
2024-03-19 16:07:06,049 [INFO]  Epoch[0] Validation-cross-entropy=0.898359
2024-03-19 16:07:06,049 [INFO]  Epoch[0] Validation-thalach-accuracy=0.000000
2024-03-19 16:07:06,054 [INFO]  Epoch[1] Batch [0-7]	Speed: 25345.96 samples/sec	cross-entropy=2.696416	thalach-accuracy=3.500000
2024-03-19 16:07:06,059 [INFO]  Epoch[1] Train-cross-entropy=1.651036
2024-03-19 16:07:06,059 [INFO]  Epoch[1] Train-thalach-accuracy=4.833333
2024-03-19 16:07:06,059 [INFO]  Epoch[1] Time cost=0.010
2024-03-19 16:07:06,060 [INFO]  Saved checkpoint to "./imputer_model/imputer_model_thalach/model-0001.params"
2024-03-19 16:07:06,061 [INFO]  Epoch[1] Validation-cross-entropy=0.519820
2024-03-19 16:07:06,061 [INFO]  Epoch[1] Validation-thalach-accuracy=0.000000
2024-03-19 16:07:06,066 [INFO]  Epoch[2] Batch [0-7]	Speed: 26610.89 samples/sec	cross-entropy=0.716562	thalach-accuracy=3.500000
2024-03-19 16:07:06,070 [INFO]  Epoch[2] Train-cross-entropy=0.458016
2024-03-19 16:07:06,070 [INFO]  Epoch[2] Train-thalach-accuracy=4.833333
2024-03-19 16:07:06,070 [INFO]  Epoch[2] Time cost=0.009
2024-03-19 16:07:06,221 [INFO]  Saved checkpoint to "./imputer_model/imputer_model_thalach/model-0002.params"
2024-03-19 16:07:06,223 [INFO]  Epoch[2] Validation-cross-entropy=0.451936
2024-03-19 16:07:06,224 [INFO]  Epoch[2] Validation-thalach-accuracy=0.000000
2024-03-19 16:07:06,238 [INFO]  Epoch[3] Batch [0-7]	Speed: 9474.07 samples/sec	cross-entropy=0.525865	thalach-accuracy=3.500000
2024-03-19 16:07:06,245 [INFO]  Epoch[3] Train-cross-entropy=0.263692
2024-03-19 16:07:06,245 [INFO]  Epoch[3] Train-thalach-accuracy=4.833333
2024-03-19 16:07:06,245 [INFO]  Epoch[3] Time cost=0.022
2024-03-19 16:07:06,248 [INFO]  Saved checkpoint to "./imputer_model/imputer_model_thalach/model-0003.params"
2024-03-19 16:07:06,249 [INFO]  Epoch[3] Validation-cross-entropy=0.313214
2024-03-19 16:07:06,249 [INFO]  Epoch[3] Validation-thalach-accuracy=0.000000
2024-03-19 16:07:06,256 [INFO]  Epoch[4] Batch [0-7]	Speed: 18902.38 samples/sec	cross-entropy=0.247973	thalach-accuracy=3.500000
2024-03-19 16:07:06,261 [INFO]  Epoch[4] Train-cross-entropy=0.156641
2024-03-19 16:07:06,261 [INFO]  Epoch[4] Train-thalach-accuracy=4.833333
2024-03-19 16:07:06,261 [INFO]  Epoch[4] Time cost=0.012
2024-03-19 16:07:06,263 [INFO]  Saved checkpoint to "./imputer_model/imputer_model_thalach/model-0004.params"
2024-03-19 16:07:06,264 [INFO]  Epoch[4] Validation-cross-entropy=0.217085
2024-03-19 16:07:06,264 [INFO]  Epoch[4] Validation-thalach-accuracy=0.000000
2024-03-19 16:07:06,264 [INFO]  
========== done (0.2389233112335205 s) fit model
2024-03-19 16:07:08,825 [INFO]  
========== start: fit model
2024-03-19 16:07:08,825 [WARNING]  Already bound, ignoring bind()
2024-03-19 16:07:08,836 [INFO]  Epoch[0] Batch [0-7]	Speed: 11424.17 samples/sec	cross-entropy=9.559979	thalach-accuracy=3.500000
2024-03-19 16:07:08,846 [INFO]  Epoch[0] Train-cross-entropy=3.538691
2024-03-19 16:07:08,846 [INFO]  Epoch[0] Train-thalach-accuracy=3.500000
2024-03-19 16:07:08,846 [INFO]  Epoch[0] Time cost=0.020
2024-03-19 16:07:08,848 [INFO]  Saved checkpoint to "./imputer_model/imputer_model_thalach/model-0000.params"
2024-03-19 16:07:08,849 [INFO]  Epoch[0] Validation-cross-entropy=1.816895
2024-03-19 16:07:08,849 [INFO]  Epoch[0] Validation-thalach-accuracy=0.000000
2024-03-19 16:07:08,857 [INFO]  Epoch[1] Batch [0-7]	Speed: 16129.72 samples/sec	cross-entropy=1.137337	thalach-accuracy=3.500000
2024-03-19 16:07:08,861 [INFO]  Epoch[1] Train-cross-entropy=1.178769
2024-03-19 16:07:08,861 [INFO]  Epoch[1] Train-thalach-accuracy=3.500000
2024-03-19 16:07:08,861 [INFO]  Epoch[1] Time cost=0.013
2024-03-19 16:07:08,863 [INFO]  Saved checkpoint to "./imputer_model/imputer_model_thalach/model-0001.params"
2024-03-19 16:07:08,863 [INFO]  Epoch[1] Validation-cross-entropy=1.030138
2024-03-19 16:07:08,863 [INFO]  Epoch[1] Validation-thalach-accuracy=0.000000
2024-03-19 16:07:08,869 [INFO]  Epoch[2] Batch [0-7]	Speed: 23983.36 samples/sec	cross-entropy=0.776111	thalach-accuracy=3.500000
2024-03-19 16:07:08,873 [INFO]  Epoch[2] Train-cross-entropy=0.589566
2024-03-19 16:07:08,873 [INFO]  Epoch[2] Train-thalach-accuracy=3.500000
2024-03-19 16:07:08,873 [INFO]  Epoch[2] Time cost=0.009
2024-03-19 16:07:08,874 [INFO]  Saved checkpoint to "./imputer_model/imputer_model_thalach/model-0002.params"
2024-03-19 16:07:08,875 [INFO]  Epoch[2] Validation-cross-entropy=0.619959
2024-03-19 16:07:08,875 [INFO]  Epoch[2] Validation-thalach-accuracy=0.000000
2024-03-19 16:07:08,880 [INFO]  Epoch[3] Batch [0-7]	Speed: 24760.81 samples/sec	cross-entropy=0.272846	thalach-accuracy=3.500000
2024-03-19 16:07:08,884 [INFO]  Epoch[3] Train-cross-entropy=0.225390
2024-03-19 16:07:08,884 [INFO]  Epoch[3] Train-thalach-accuracy=3.500000
2024-03-19 16:07:08,884 [INFO]  Epoch[3] Time cost=0.009
2024-03-19 16:07:08,885 [INFO]  Saved checkpoint to "./imputer_model/imputer_model_thalach/model-0003.params"
2024-03-19 16:07:08,886 [INFO]  Epoch[3] Validation-cross-entropy=0.258774
2024-03-19 16:07:08,886 [INFO]  Epoch[3] Validation-thalach-accuracy=0.000000
2024-03-19 16:07:08,891 [INFO]  Epoch[4] Batch [0-7]	Speed: 24885.42 samples/sec	cross-entropy=0.164701	thalach-accuracy=3.500000
2024-03-19 16:07:08,895 [INFO]  Epoch[4] Train-cross-entropy=0.149006
2024-03-19 16:07:08,895 [INFO]  Epoch[4] Train-thalach-accuracy=3.500000
2024-03-19 16:07:08,895 [INFO]  Epoch[4] Time cost=0.009
2024-03-19 16:07:08,896 [INFO]  Saved checkpoint to "./imputer_model/imputer_model_thalach/model-0004.params"
2024-03-19 16:07:08,897 [INFO]  Epoch[4] Validation-cross-entropy=0.191907
2024-03-19 16:07:08,897 [INFO]  Epoch[4] Validation-thalach-accuracy=0.000000
2024-03-19 16:07:08,897 [INFO]  
========== done (0.07236456871032715 s) fit model
2024-03-19 16:07:11,422 [INFO]  
========== start: fit model
2024-03-19 16:07:11,422 [WARNING]  Already bound, ignoring bind()
2024-03-19 16:07:11,428 [INFO]  Epoch[0] Batch [0-7]	Speed: 27461.83 samples/sec	cross-entropy=13.407937	thalach-accuracy=0.000000
2024-03-19 16:07:11,432 [INFO]  Epoch[0] Train-cross-entropy=3.980176
2024-03-19 16:07:11,432 [INFO]  Epoch[0] Train-thalach-accuracy=0.000000
2024-03-19 16:07:11,432 [INFO]  Epoch[0] Time cost=0.009
2024-03-19 16:07:11,433 [INFO]  Saved checkpoint to "./imputer_model/imputer_model_thalach/model-0000.params"
2024-03-19 16:07:11,434 [INFO]  Epoch[0] Validation-cross-entropy=2.564177
2024-03-19 16:07:11,434 [INFO]  Epoch[0] Validation-thalach-accuracy=0.000000
2024-03-19 16:07:11,439 [INFO]  Epoch[1] Batch [0-7]	Speed: 25024.61 samples/sec	cross-entropy=2.242300	thalach-accuracy=0.000000
2024-03-19 16:07:11,443 [INFO]  Epoch[1] Train-cross-entropy=0.918767
2024-03-19 16:07:11,443 [INFO]  Epoch[1] Train-thalach-accuracy=0.000000
2024-03-19 16:07:11,443 [INFO]  Epoch[1] Time cost=0.009
2024-03-19 16:07:11,444 [INFO]  Saved checkpoint to "./imputer_model/imputer_model_thalach/model-0001.params"
2024-03-19 16:07:11,445 [INFO]  Epoch[1] Validation-cross-entropy=0.442198
2024-03-19 16:07:11,445 [INFO]  Epoch[1] Validation-thalach-accuracy=0.000000
2024-03-19 16:07:11,450 [INFO]  Epoch[2] Batch [0-7]	Speed: 28906.65 samples/sec	cross-entropy=0.965035	thalach-accuracy=0.000000
2024-03-19 16:07:11,453 [INFO]  Epoch[2] Train-cross-entropy=0.494455
2024-03-19 16:07:11,453 [INFO]  Epoch[2] Train-thalach-accuracy=0.000000
2024-03-19 16:07:11,453 [INFO]  Epoch[2] Time cost=0.008
2024-03-19 16:07:11,491 [INFO]  Saved checkpoint to "./imputer_model/imputer_model_thalach/model-0002.params"
2024-03-19 16:07:11,493 [INFO]  Epoch[2] Validation-cross-entropy=0.321058
2024-03-19 16:07:11,494 [INFO]  Epoch[2] Validation-thalach-accuracy=0.000000
2024-03-19 16:07:11,507 [INFO]  Epoch[3] Batch [0-7]	Speed: 9562.39 samples/sec	cross-entropy=0.473548	thalach-accuracy=0.000000
2024-03-19 16:07:11,514 [INFO]  Epoch[3] Train-cross-entropy=0.240089
2024-03-19 16:07:11,514 [INFO]  Epoch[3] Train-thalach-accuracy=0.000000
2024-03-19 16:07:11,514 [INFO]  Epoch[3] Time cost=0.021
2024-03-19 16:07:11,527 [INFO]  Saved checkpoint to "./imputer_model/imputer_model_thalach/model-0003.params"
2024-03-19 16:07:11,528 [INFO]  Epoch[3] Validation-cross-entropy=0.145060
2024-03-19 16:07:11,528 [INFO]  Epoch[3] Validation-thalach-accuracy=0.000000
2024-03-19 16:07:11,537 [INFO]  Epoch[4] Batch [0-7]	Speed: 15626.96 samples/sec	cross-entropy=0.280753	thalach-accuracy=0.000000
2024-03-19 16:07:11,541 [INFO]  Epoch[4] Train-cross-entropy=0.134941
2024-03-19 16:07:11,541 [INFO]  Epoch[4] Train-thalach-accuracy=0.000000
2024-03-19 16:07:11,541 [INFO]  Epoch[4] Time cost=0.013
2024-03-19 16:07:11,543 [INFO]  Saved checkpoint to "./imputer_model/imputer_model_thalach/model-0004.params"
2024-03-19 16:07:11,544 [INFO]  Epoch[4] Validation-cross-entropy=0.082838
2024-03-19 16:07:11,544 [INFO]  Epoch[4] Validation-thalach-accuracy=0.000000
2024-03-19 16:07:11,544 [INFO]  
========== done (0.12185454368591309 s) fit model
2024-03-19 16:07:14,103 [INFO]  
========== start: fit model
2024-03-19 16:07:14,103 [WARNING]  Already bound, ignoring bind()
2024-03-19 16:07:14,114 [INFO]  Epoch[0] Batch [0-7]	Speed: 13336.80 samples/sec	cross-entropy=12.829997	thalach-accuracy=0.000000
2024-03-19 16:07:14,124 [INFO]  Epoch[0] Train-cross-entropy=4.771801
2024-03-19 16:07:14,124 [INFO]  Epoch[0] Train-thalach-accuracy=0.000000
2024-03-19 16:07:14,124 [INFO]  Epoch[0] Time cost=0.020
2024-03-19 16:07:14,126 [INFO]  Saved checkpoint to "./imputer_model/imputer_model_thalach/model-0000.params"
2024-03-19 16:07:14,128 [INFO]  Epoch[0] Validation-cross-entropy=3.131770
2024-03-19 16:07:14,128 [INFO]  Epoch[0] Validation-thalach-accuracy=0.000000
2024-03-19 16:07:14,136 [INFO]  Epoch[1] Batch [0-7]	Speed: 15922.52 samples/sec	cross-entropy=1.645670	thalach-accuracy=0.000000
2024-03-19 16:07:14,141 [INFO]  Epoch[1] Train-cross-entropy=0.681199
2024-03-19 16:07:14,141 [INFO]  Epoch[1] Train-thalach-accuracy=0.000000
2024-03-19 16:07:14,141 [INFO]  Epoch[1] Time cost=0.013
2024-03-19 16:07:14,143 [INFO]  Saved checkpoint to "./imputer_model/imputer_model_thalach/model-0001.params"
2024-03-19 16:07:14,144 [INFO]  Epoch[1] Validation-cross-entropy=0.581299
2024-03-19 16:07:14,144 [INFO]  Epoch[1] Validation-thalach-accuracy=0.000000
2024-03-19 16:07:14,156 [INFO]  Epoch[2] Batch [0-7]	Speed: 10977.54 samples/sec	cross-entropy=0.622434	thalach-accuracy=0.000000
2024-03-19 16:07:14,163 [INFO]  Epoch[2] Train-cross-entropy=0.484383
2024-03-19 16:07:14,163 [INFO]  Epoch[2] Train-thalach-accuracy=0.000000
2024-03-19 16:07:14,163 [INFO]  Epoch[2] Time cost=0.018
2024-03-19 16:07:14,165 [INFO]  Saved checkpoint to "./imputer_model/imputer_model_thalach/model-0002.params"
2024-03-19 16:07:14,166 [INFO]  Epoch[2] Validation-cross-entropy=0.373215
2024-03-19 16:07:14,166 [INFO]  Epoch[2] Validation-thalach-accuracy=0.000000
2024-03-19 16:07:14,172 [INFO]  Epoch[3] Batch [0-7]	Speed: 23268.22 samples/sec	cross-entropy=0.290737	thalach-accuracy=0.000000
2024-03-19 16:07:14,176 [INFO]  Epoch[3] Train-cross-entropy=0.181335
2024-03-19 16:07:14,176 [INFO]  Epoch[3] Train-thalach-accuracy=0.000000
2024-03-19 16:07:14,176 [INFO]  Epoch[3] Time cost=0.010
2024-03-19 16:07:14,178 [INFO]  Saved checkpoint to "./imputer_model/imputer_model_thalach/model-0003.params"
2024-03-19 16:07:14,178 [INFO]  Epoch[3] Validation-cross-entropy=0.270239
2024-03-19 16:07:14,178 [INFO]  Epoch[3] Validation-thalach-accuracy=0.000000
2024-03-19 16:07:14,183 [INFO]  Epoch[4] Batch [0-7]	Speed: 28401.57 samples/sec	cross-entropy=0.183593	thalach-accuracy=0.000000
2024-03-19 16:07:14,186 [INFO]  Epoch[4] Train-cross-entropy=0.112449
2024-03-19 16:07:14,186 [INFO]  Epoch[4] Train-thalach-accuracy=0.000000
2024-03-19 16:07:14,187 [INFO]  Epoch[4] Time cost=0.008
2024-03-19 16:07:14,188 [INFO]  Saved checkpoint to "./imputer_model/imputer_model_thalach/model-0004.params"
2024-03-19 16:07:14,188 [INFO]  Epoch[4] Validation-cross-entropy=0.231341
2024-03-19 16:07:14,189 [INFO]  Epoch[4] Validation-thalach-accuracy=0.000000
2024-03-19 16:07:14,189 [INFO]  
========== done (0.08547258377075195 s) fit model
2024-03-19 16:07:16,620 [INFO]  
========== start: fit model
2024-03-19 16:07:16,620 [WARNING]  Already bound, ignoring bind()
2024-03-19 16:07:16,633 [INFO]  Epoch[0] Batch [0-7]	Speed: 10957.32 samples/sec	cross-entropy=11.652008	thalach-accuracy=3.000000
2024-03-19 16:07:16,642 [INFO]  Epoch[0] Train-cross-entropy=2.214649
2024-03-19 16:07:16,642 [INFO]  Epoch[0] Train-thalach-accuracy=5.500000
2024-03-19 16:07:16,642 [INFO]  Epoch[0] Time cost=0.021
2024-03-19 16:07:16,645 [INFO]  Saved checkpoint to "./imputer_model/imputer_model_thalach/model-0000.params"
2024-03-19 16:07:16,646 [INFO]  Epoch[0] Validation-cross-entropy=6.615486
2024-03-19 16:07:16,646 [INFO]  Epoch[0] Validation-thalach-accuracy=0.000000
2024-03-19 16:07:16,654 [INFO]  Epoch[1] Batch [0-7]	Speed: 16853.66 samples/sec	cross-entropy=1.288304	thalach-accuracy=3.000000
2024-03-19 16:07:16,659 [INFO]  Epoch[1] Train-cross-entropy=0.886656
2024-03-19 16:07:16,659 [INFO]  Epoch[1] Train-thalach-accuracy=5.500000
2024-03-19 16:07:16,659 [INFO]  Epoch[1] Time cost=0.013
2024-03-19 16:07:16,661 [INFO]  Saved checkpoint to "./imputer_model/imputer_model_thalach/model-0001.params"
2024-03-19 16:07:16,661 [INFO]  Epoch[1] Validation-cross-entropy=1.931322
2024-03-19 16:07:16,662 [INFO]  Epoch[1] Validation-thalach-accuracy=0.000000
2024-03-19 16:07:16,666 [INFO]  Epoch[2] Batch [0-7]	Speed: 28501.52 samples/sec	cross-entropy=0.708366	thalach-accuracy=3.000000
2024-03-19 16:07:16,670 [INFO]  Epoch[2] Train-cross-entropy=0.340275
2024-03-19 16:07:16,670 [INFO]  Epoch[2] Train-thalach-accuracy=5.500000
2024-03-19 16:07:16,670 [INFO]  Epoch[2] Time cost=0.008
2024-03-19 16:07:16,671 [INFO]  Saved checkpoint to "./imputer_model/imputer_model_thalach/model-0002.params"
2024-03-19 16:07:16,672 [INFO]  Epoch[2] Validation-cross-entropy=1.017861
2024-03-19 16:07:16,672 [INFO]  Epoch[2] Validation-thalach-accuracy=0.000000
2024-03-19 16:07:16,677 [INFO]  Epoch[3] Batch [0-7]	Speed: 28132.83 samples/sec	cross-entropy=0.346932	thalach-accuracy=3.000000
2024-03-19 16:07:16,680 [INFO]  Epoch[3] Train-cross-entropy=0.177095
2024-03-19 16:07:16,680 [INFO]  Epoch[3] Train-thalach-accuracy=5.500000
2024-03-19 16:07:16,680 [INFO]  Epoch[3] Time cost=0.008
2024-03-19 16:07:16,682 [INFO]  Saved checkpoint to "./imputer_model/imputer_model_thalach/model-0003.params"
2024-03-19 16:07:16,682 [INFO]  Epoch[3] Validation-cross-entropy=1.684455
2024-03-19 16:07:16,682 [INFO]  Epoch[3] Validation-thalach-accuracy=0.000000
2024-03-19 16:07:16,687 [INFO]  Epoch[4] Batch [0-7]	Speed: 28726.35 samples/sec	cross-entropy=0.191533	thalach-accuracy=3.000000
2024-03-19 16:07:16,691 [INFO]  Epoch[4] Train-cross-entropy=0.128769
2024-03-19 16:07:16,691 [INFO]  Epoch[4] Train-thalach-accuracy=5.500000
2024-03-19 16:07:16,691 [INFO]  Epoch[4] Time cost=0.008
2024-03-19 16:07:16,692 [INFO]  Saved checkpoint to "./imputer_model/imputer_model_thalach/model-0004.params"
2024-03-19 16:07:16,693 [INFO]  Epoch[4] Validation-cross-entropy=1.352662
2024-03-19 16:07:16,693 [INFO]  Epoch[4] Validation-thalach-accuracy=0.000000
2024-03-19 16:07:16,693 [INFO]  
========== done (0.0726478099822998 s) fit model
2024-03-19 16:07:19,129 [INFO]  
========== start: fit model
2024-03-19 16:07:19,129 [WARNING]  Already bound, ignoring bind()
2024-03-19 16:07:19,135 [INFO]  Epoch[0] Batch [0-7]	Speed: 27716.21 samples/sec	cross-entropy=13.900564	thalach-accuracy=3.250000
2024-03-19 16:07:19,139 [INFO]  Epoch[0] Train-cross-entropy=4.935051
2024-03-19 16:07:19,139 [INFO]  Epoch[0] Train-thalach-accuracy=5.166667
2024-03-19 16:07:19,139 [INFO]  Epoch[0] Time cost=0.009
2024-03-19 16:07:19,140 [INFO]  Saved checkpoint to "./imputer_model/imputer_model_thalach/model-0000.params"
2024-03-19 16:07:19,141 [INFO]  Epoch[0] Validation-cross-entropy=1.288330
2024-03-19 16:07:19,141 [INFO]  Epoch[0] Validation-thalach-accuracy=0.000000
2024-03-19 16:07:19,146 [INFO]  Epoch[1] Batch [0-7]	Speed: 26465.47 samples/sec	cross-entropy=1.848070	thalach-accuracy=3.250000
2024-03-19 16:07:19,150 [INFO]  Epoch[1] Train-cross-entropy=0.870283
2024-03-19 16:07:19,150 [INFO]  Epoch[1] Train-thalach-accuracy=5.166667
2024-03-19 16:07:19,150 [INFO]  Epoch[1] Time cost=0.009
2024-03-19 16:07:19,151 [INFO]  Saved checkpoint to "./imputer_model/imputer_model_thalach/model-0001.params"
2024-03-19 16:07:19,152 [INFO]  Epoch[1] Validation-cross-entropy=0.718574
2024-03-19 16:07:19,152 [INFO]  Epoch[1] Validation-thalach-accuracy=0.000000
2024-03-19 16:07:19,156 [INFO]  Epoch[2] Batch [0-7]	Speed: 29328.97 samples/sec	cross-entropy=0.523049	thalach-accuracy=3.250000
2024-03-19 16:07:19,159 [INFO]  Epoch[2] Train-cross-entropy=0.426701
2024-03-19 16:07:19,160 [INFO]  Epoch[2] Train-thalach-accuracy=5.166667
2024-03-19 16:07:19,160 [INFO]  Epoch[2] Time cost=0.008
2024-03-19 16:07:19,164 [INFO]  Saved checkpoint to "./imputer_model/imputer_model_thalach/model-0002.params"
2024-03-19 16:07:19,164 [INFO]  Epoch[2] Validation-cross-entropy=0.463185
2024-03-19 16:07:19,164 [INFO]  Epoch[2] Validation-thalach-accuracy=0.000000
2024-03-19 16:07:19,169 [INFO]  Epoch[3] Batch [0-7]	Speed: 29010.19 samples/sec	cross-entropy=0.333288	thalach-accuracy=3.250000
2024-03-19 16:07:19,172 [INFO]  Epoch[3] Train-cross-entropy=0.181090
2024-03-19 16:07:19,172 [INFO]  Epoch[3] Train-thalach-accuracy=5.166667
2024-03-19 16:07:19,172 [INFO]  Epoch[3] Time cost=0.008
2024-03-19 16:07:19,174 [INFO]  Saved checkpoint to "./imputer_model/imputer_model_thalach/model-0003.params"
2024-03-19 16:07:19,175 [INFO]  Epoch[3] Validation-cross-entropy=0.248518
2024-03-19 16:07:19,175 [INFO]  Epoch[3] Validation-thalach-accuracy=0.000000
2024-03-19 16:07:19,179 [INFO]  Epoch[4] Batch [0-7]	Speed: 28890.65 samples/sec	cross-entropy=0.133122	thalach-accuracy=3.250000
2024-03-19 16:07:19,183 [INFO]  Epoch[4] Train-cross-entropy=0.098372
2024-03-19 16:07:19,183 [INFO]  Epoch[4] Train-thalach-accuracy=5.166667
2024-03-19 16:07:19,183 [INFO]  Epoch[4] Time cost=0.008
2024-03-19 16:07:19,184 [INFO]  Saved checkpoint to "./imputer_model/imputer_model_thalach/model-0004.params"
2024-03-19 16:07:19,185 [INFO]  Epoch[4] Validation-cross-entropy=0.177760
2024-03-19 16:07:19,185 [INFO]  Epoch[4] Validation-thalach-accuracy=0.000000
2024-03-19 16:07:19,185 [INFO]  
========== done (0.05578446388244629 s) fit model
2024-03-19 16:07:21,624 [INFO]  
========== start: fit model
2024-03-19 16:07:21,624 [WARNING]  Already bound, ignoring bind()
2024-03-19 16:07:21,636 [INFO]  Epoch[0] Batch [0-7]	Speed: 11532.43 samples/sec	cross-entropy=10.554629	thalach-accuracy=4.375000
2024-03-19 16:07:21,645 [INFO]  Epoch[0] Train-cross-entropy=3.364387
2024-03-19 16:07:21,645 [INFO]  Epoch[0] Train-thalach-accuracy=3.166667
2024-03-19 16:07:21,645 [INFO]  Epoch[0] Time cost=0.020
2024-03-19 16:07:21,647 [INFO]  Saved checkpoint to "./imputer_model/imputer_model_thalach/model-0000.params"
2024-03-19 16:07:21,649 [INFO]  Epoch[0] Validation-cross-entropy=2.457253
2024-03-19 16:07:21,649 [INFO]  Epoch[0] Validation-thalach-accuracy=0.000000
2024-03-19 16:07:21,658 [INFO]  Epoch[1] Batch [0-7]	Speed: 13897.87 samples/sec	cross-entropy=1.082863	thalach-accuracy=4.375000
2024-03-19 16:07:21,669 [INFO]  Epoch[1] Train-cross-entropy=0.950750
2024-03-19 16:07:21,669 [INFO]  Epoch[1] Train-thalach-accuracy=3.166667
2024-03-19 16:07:21,669 [INFO]  Epoch[1] Time cost=0.020
2024-03-19 16:07:21,673 [INFO]  Saved checkpoint to "./imputer_model/imputer_model_thalach/model-0001.params"
2024-03-19 16:07:21,675 [INFO]  Epoch[1] Validation-cross-entropy=0.287236
2024-03-19 16:07:21,675 [INFO]  Epoch[1] Validation-thalach-accuracy=0.000000
2024-03-19 16:07:21,683 [INFO]  Epoch[2] Batch [0-7]	Speed: 15249.04 samples/sec	cross-entropy=0.591620	thalach-accuracy=4.375000
2024-03-19 16:07:21,688 [INFO]  Epoch[2] Train-cross-entropy=0.526288
2024-03-19 16:07:21,688 [INFO]  Epoch[2] Train-thalach-accuracy=3.166667
2024-03-19 16:07:21,688 [INFO]  Epoch[2] Time cost=0.013
2024-03-19 16:07:21,690 [INFO]  Saved checkpoint to "./imputer_model/imputer_model_thalach/model-0002.params"
2024-03-19 16:07:21,690 [INFO]  Epoch[2] Validation-cross-entropy=0.385883
2024-03-19 16:07:21,691 [INFO]  Epoch[2] Validation-thalach-accuracy=0.000000
2024-03-19 16:07:21,696 [INFO]  Epoch[3] Batch [0-7]	Speed: 23991.93 samples/sec	cross-entropy=0.186963	thalach-accuracy=4.375000
2024-03-19 16:07:21,699 [INFO]  Epoch[3] Train-cross-entropy=0.197477
2024-03-19 16:07:21,700 [INFO]  Epoch[3] Train-thalach-accuracy=3.166667
2024-03-19 16:07:21,700 [INFO]  Epoch[3] Time cost=0.009
2024-03-19 16:07:21,701 [INFO]  Saved checkpoint to "./imputer_model/imputer_model_thalach/model-0003.params"
2024-03-19 16:07:21,702 [INFO]  Epoch[3] Validation-cross-entropy=0.111549
2024-03-19 16:07:21,702 [INFO]  Epoch[3] Validation-thalach-accuracy=0.000000
2024-03-19 16:07:21,706 [INFO]  Epoch[4] Batch [0-7]	Speed: 28089.10 samples/sec	cross-entropy=0.109862	thalach-accuracy=4.375000
2024-03-19 16:07:21,710 [INFO]  Epoch[4] Train-cross-entropy=0.115665
2024-03-19 16:07:21,710 [INFO]  Epoch[4] Train-thalach-accuracy=3.166667
2024-03-19 16:07:21,710 [INFO]  Epoch[4] Time cost=0.008
2024-03-19 16:07:21,711 [INFO]  Saved checkpoint to "./imputer_model/imputer_model_thalach/model-0004.params"
2024-03-19 16:07:21,712 [INFO]  Epoch[4] Validation-cross-entropy=0.126080
2024-03-19 16:07:21,712 [INFO]  Epoch[4] Validation-thalach-accuracy=0.000000
2024-03-19 16:07:21,712 [INFO]  
========== done (0.08805537223815918 s) fit model
2024-03-19 16:07:24,282 [INFO]  
========== start: fit model
2024-03-19 16:07:24,283 [WARNING]  Already bound, ignoring bind()
2024-03-19 16:07:24,290 [INFO]  Epoch[0] Batch [0-7]	Speed: 21669.99 samples/sec	cross-entropy=9.317451	thalach-accuracy=4.125000
2024-03-19 16:07:24,294 [INFO]  Epoch[0] Train-cross-entropy=4.283696
2024-03-19 16:07:24,294 [INFO]  Epoch[0] Train-thalach-accuracy=3.000000
2024-03-19 16:07:24,294 [INFO]  Epoch[0] Time cost=0.011
2024-03-19 16:07:24,295 [INFO]  Saved checkpoint to "./imputer_model/imputer_model_thalach/model-0000.params"
2024-03-19 16:07:24,296 [INFO]  Epoch[0] Validation-cross-entropy=1.472439
2024-03-19 16:07:24,296 [INFO]  Epoch[0] Validation-thalach-accuracy=0.000000
2024-03-19 16:07:24,305 [INFO]  Epoch[1] Batch [0-7]	Speed: 13750.21 samples/sec	cross-entropy=1.475986	thalach-accuracy=4.125000
2024-03-19 16:07:24,314 [INFO]  Epoch[1] Train-cross-entropy=0.463924
2024-03-19 16:07:24,314 [INFO]  Epoch[1] Train-thalach-accuracy=3.000000
2024-03-19 16:07:24,314 [INFO]  Epoch[1] Time cost=0.018
2024-03-19 16:07:24,317 [INFO]  Saved checkpoint to "./imputer_model/imputer_model_thalach/model-0001.params"
2024-03-19 16:07:24,318 [INFO]  Epoch[1] Validation-cross-entropy=1.011641
2024-03-19 16:07:24,318 [INFO]  Epoch[1] Validation-thalach-accuracy=0.000000
2024-03-19 16:07:24,325 [INFO]  Epoch[2] Batch [0-7]	Speed: 19535.97 samples/sec	cross-entropy=0.645691	thalach-accuracy=4.125000
2024-03-19 16:07:24,330 [INFO]  Epoch[2] Train-cross-entropy=0.450473
2024-03-19 16:07:24,330 [INFO]  Epoch[2] Train-thalach-accuracy=3.000000
2024-03-19 16:07:24,330 [INFO]  Epoch[2] Time cost=0.012
2024-03-19 16:07:24,332 [INFO]  Saved checkpoint to "./imputer_model/imputer_model_thalach/model-0002.params"
2024-03-19 16:07:24,333 [INFO]  Epoch[2] Validation-cross-entropy=0.670324
2024-03-19 16:07:24,333 [INFO]  Epoch[2] Validation-thalach-accuracy=0.000000
2024-03-19 16:07:24,337 [INFO]  Epoch[3] Batch [0-7]	Speed: 29174.14 samples/sec	cross-entropy=0.333019	thalach-accuracy=4.125000
2024-03-19 16:07:24,341 [INFO]  Epoch[3] Train-cross-entropy=0.183615
2024-03-19 16:07:24,341 [INFO]  Epoch[3] Train-thalach-accuracy=3.000000
2024-03-19 16:07:24,341 [INFO]  Epoch[3] Time cost=0.008
2024-03-19 16:07:24,342 [INFO]  Saved checkpoint to "./imputer_model/imputer_model_thalach/model-0003.params"
2024-03-19 16:07:24,343 [INFO]  Epoch[3] Validation-cross-entropy=0.344036
2024-03-19 16:07:24,343 [INFO]  Epoch[3] Validation-thalach-accuracy=0.000000
2024-03-19 16:07:24,347 [INFO]  Epoch[4] Batch [0-7]	Speed: 29255.90 samples/sec	cross-entropy=0.203290	thalach-accuracy=4.125000
2024-03-19 16:07:24,351 [INFO]  Epoch[4] Train-cross-entropy=0.113740
2024-03-19 16:07:24,351 [INFO]  Epoch[4] Train-thalach-accuracy=3.000000
2024-03-19 16:07:24,351 [INFO]  Epoch[4] Time cost=0.008
2024-03-19 16:07:24,352 [INFO]  Saved checkpoint to "./imputer_model/imputer_model_thalach/model-0004.params"
2024-03-19 16:07:24,353 [INFO]  Epoch[4] Validation-cross-entropy=0.231457
2024-03-19 16:07:24,353 [INFO]  Epoch[4] Validation-thalach-accuracy=0.000000
2024-03-19 16:07:24,353 [INFO]  
========== done (0.0703284740447998 s) fit model
